Train on 1459 samples, validate on 163 samples
Epoch 1/30

  20/1459 [..............................] - ETA: 32s - loss: 0.6934 - acc: 0.4500
 520/1459 [=========>....................] - ETA: 0s - loss: 0.4331 - acc: 0.7981 
1000/1459 [===================>..........] - ETA: 0s - loss: 0.2792 - acc: 0.8790
1459/1459 [==============================] - 1s 445us/step - loss: 0.2158 - acc: 0.9075 - val_loss: 0.0999 - val_acc: 0.9632
Epoch 2/30

  20/1459 [..............................] - ETA: 0s - loss: 0.0115 - acc: 1.0000
 500/1459 [=========>....................] - ETA: 0s - loss: 0.0542 - acc: 0.9820
 960/1459 [==================>...........] - ETA: 0s - loss: 0.0513 - acc: 0.9812
1440/1459 [============================>.] - ETA: 0s - loss: 0.0478 - acc: 0.9840
1459/1459 [==============================] - 0s 113us/step - loss: 0.0472 - acc: 0.9842 - val_loss: 0.0973 - val_acc: 0.9755
Epoch 3/30

  20/1459 [..............................] - ETA: 0s - loss: 0.0135 - acc: 1.0000
 520/1459 [=========>....................] - ETA: 0s - loss: 0.0202 - acc: 0.9962
1020/1459 [===================>..........] - ETA: 0s - loss: 0.0158 - acc: 0.9971
1459/1459 [==============================] - 0s 108us/step - loss: 0.0190 - acc: 0.9952 - val_loss: 0.0942 - val_acc: 0.9755
Epoch 4/30

  20/1459 [..............................] - ETA: 0s - loss: 0.0087 - acc: 1.0000
 440/1459 [========>.....................] - ETA: 0s - loss: 0.0092 - acc: 1.0000
 940/1459 [==================>...........] - ETA: 0s - loss: 0.0089 - acc: 0.9979
1420/1459 [============================>.] - ETA: 0s - loss: 0.0103 - acc: 0.9979
1459/1459 [==============================] - 0s 114us/step - loss: 0.0102 - acc: 0.9979 - val_loss: 0.0911 - val_acc: 0.9755
Epoch 5/30

  20/1459 [..............................] - ETA: 0s - loss: 0.0058 - acc: 1.0000
 500/1459 [=========>....................] - ETA: 0s - loss: 0.0060 - acc: 0.9980
1000/1459 [===================>..........] - ETA: 0s - loss: 0.0071 - acc: 0.9980
1459/1459 [==============================] - 0s 107us/step - loss: 0.0062 - acc: 0.9986 - val_loss: 0.0894 - val_acc: 0.9755
Epoch 6/30

  20/1459 [..............................] - ETA: 0s - loss: 0.0052 - acc: 1.0000
 500/1459 [=========>....................] - ETA: 0s - loss: 0.0101 - acc: 0.9960
1000/1459 [===================>..........] - ETA: 0s - loss: 0.0081 - acc: 0.9970
1440/1459 [============================>.] - ETA: 0s - loss: 0.0064 - acc: 0.9979
1459/1459 [==============================] - 0s 111us/step - loss: 0.0064 - acc: 0.9979 - val_loss: 0.0886 - val_acc: 0.9755
Epoch 7/30

  20/1459 [..............................] - ETA: 0s - loss: 0.0018 - acc: 1.0000
 520/1459 [=========>....................] - ETA: 0s - loss: 0.0020 - acc: 1.0000
 980/1459 [===================>..........] - ETA: 0s - loss: 0.0017 - acc: 1.0000
1459/1459 [==============================] - 0s 108us/step - loss: 0.0032 - acc: 0.9993 - val_loss: 0.0880 - val_acc: 0.9755
Epoch 8/30

  20/1459 [..............................] - ETA: 0s - loss: 6.6305e-04 - acc: 1.0000
 500/1459 [=========>....................] - ETA: 0s - loss: 0.0022 - acc: 1.0000    
1000/1459 [===================>..........] - ETA: 0s - loss: 0.0021 - acc: 1.0000
1459/1459 [==============================] - 0s 108us/step - loss: 0.0019 - acc: 1.0000 - val_loss: 0.0910 - val_acc: 0.9755
Epoch 9/30

  20/1459 [..............................] - ETA: 0s - loss: 0.0010 - acc: 1.0000
 520/1459 [=========>....................] - ETA: 0s - loss: 0.0017 - acc: 1.0000
1000/1459 [===================>..........] - ETA: 0s - loss: 0.0014 - acc: 1.0000
1459/1459 [==============================] - 0s 106us/step - loss: 0.0014 - acc: 1.0000 - val_loss: 0.0919 - val_acc: 0.9755
Epoch 10/30

  20/1459 [..............................] - ETA: 0s - loss: 4.9934e-04 - acc: 1.0000
 520/1459 [=========>....................] - ETA: 0s - loss: 6.9286e-04 - acc: 1.0000
1020/1459 [===================>..........] - ETA: 0s - loss: 8.8596e-04 - acc: 1.0000
1459/1459 [==============================] - 0s 106us/step - loss: 7.8300e-04 - acc: 1.0000 - val_loss: 0.0940 - val_acc: 0.9755
Epoch 11/30

  20/1459 [..............................] - ETA: 0s - loss: 8.1416e-04 - acc: 1.0000
 540/1459 [==========>...................] - ETA: 0s - loss: 5.7516e-04 - acc: 1.0000
1020/1459 [===================>..........] - ETA: 0s - loss: 6.5843e-04 - acc: 1.0000
1459/1459 [==============================] - 0s 105us/step - loss: 6.1686e-04 - acc: 1.0000 - val_loss: 0.0955 - val_acc: 0.9755
Epoch 12/30

  20/1459 [..............................] - ETA: 0s - loss: 4.4225e-04 - acc: 1.0000
 500/1459 [=========>....................] - ETA: 0s - loss: 4.8302e-04 - acc: 1.0000
 980/1459 [===================>..........] - ETA: 0s - loss: 5.4677e-04 - acc: 1.0000
1459/1459 [==============================] - 0s 110us/step - loss: 5.1174e-04 - acc: 1.0000 - val_loss: 0.0959 - val_acc: 0.9755
Epoch 13/30

  20/1459 [..............................] - ETA: 0s - loss: 6.4728e-04 - acc: 1.0000
 500/1459 [=========>....................] - ETA: 0s - loss: 5.1504e-04 - acc: 1.0000
1000/1459 [===================>..........] - ETA: 0s - loss: 4.4081e-04 - acc: 1.0000
1459/1459 [==============================] - 0s 106us/step - loss: 4.4189e-04 - acc: 1.0000 - val_loss: 0.0974 - val_acc: 0.9755
Epoch 14/30

  20/1459 [..............................] - ETA: 0s - loss: 5.2452e-04 - acc: 1.0000
 520/1459 [=========>....................] - ETA: 0s - loss: 3.7666e-04 - acc: 1.0000
1020/1459 [===================>..........] - ETA: 0s - loss: 3.4325e-04 - acc: 1.0000
1459/1459 [==============================] - 0s 107us/step - loss: 3.8709e-04 - acc: 1.0000 - val_loss: 0.0982 - val_acc: 0.9755
Epoch 15/30

  20/1459 [..............................] - ETA: 0s - loss: 5.5505e-04 - acc: 1.0000
 500/1459 [=========>....................] - ETA: 0s - loss: 3.7263e-04 - acc: 1.0000
1000/1459 [===================>..........] - ETA: 0s - loss: 3.4197e-04 - acc: 1.0000
1459/1459 [==============================] - 0s 108us/step - loss: 3.3824e-04 - acc: 1.0000 - val_loss: 0.0988 - val_acc: 0.9755
Epoch 16/30

  20/1459 [..............................] - ETA: 0s - loss: 2.0842e-04 - acc: 1.0000
 520/1459 [=========>....................] - ETA: 0s - loss: 2.3985e-04 - acc: 1.0000
1000/1459 [===================>..........] - ETA: 0s - loss: 2.7429e-04 - acc: 1.0000
1459/1459 [==============================] - 0s 107us/step - loss: 2.9942e-04 - acc: 1.0000 - val_loss: 0.1003 - val_acc: 0.9755
Epoch 17/30

  20/1459 [..............................] - ETA: 0s - loss: 2.6864e-04 - acc: 1.0000
 520/1459 [=========>....................] - ETA: 0s - loss: 2.8152e-04 - acc: 1.0000
1000/1459 [===================>..........] - ETA: 0s - loss: 2.9896e-04 - acc: 1.0000
1459/1459 [==============================] - 0s 109us/step - loss: 2.6576e-04 - acc: 1.0000 - val_loss: 0.1010 - val_acc: 0.9755
Epoch 18/30

  20/1459 [..............................] - ETA: 0s - loss: 1.3550e-04 - acc: 1.0000
 500/1459 [=========>....................] - ETA: 0s - loss: 2.0374e-04 - acc: 1.0000
 980/1459 [===================>..........] - ETA: 0s - loss: 2.0133e-04 - acc: 1.0000
1459/1459 [==============================] - 0s 107us/step - loss: 2.3881e-04 - acc: 1.0000 - val_loss: 0.1010 - val_acc: 0.9755
acc: 97.55%
Train on 1459 samples, validate on 163 samples
Epoch 1/30

  20/1459 [..............................] - ETA: 38s - loss: 0.7104 - acc: 0.4500
 460/1459 [========>.....................] - ETA: 1s - loss: 0.4042 - acc: 0.8217 
 900/1459 [=================>............] - ETA: 0s - loss: 0.2666 - acc: 0.8922
1300/1459 [=========================>....] - ETA: 0s - loss: 0.2113 - acc: 0.9162
1459/1459 [==============================] - 1s 536us/step - loss: 0.1972 - acc: 0.9212 - val_loss: 0.1032 - val_acc: 0.9509
Epoch 2/30

  20/1459 [..............................] - ETA: 0s - loss: 0.0362 - acc: 1.0000
 500/1459 [=========>....................] - ETA: 0s - loss: 0.0349 - acc: 0.9920
1000/1459 [===================>..........] - ETA: 0s - loss: 0.0362 - acc: 0.9920
1459/1459 [==============================] - 0s 108us/step - loss: 0.0458 - acc: 0.9883 - val_loss: 0.1032 - val_acc: 0.9509
Epoch 3/30

  20/1459 [..............................] - ETA: 0s - loss: 0.0293 - acc: 1.0000
 480/1459 [========>.....................] - ETA: 0s - loss: 0.0247 - acc: 0.9958
 980/1459 [===================>..........] - ETA: 0s - loss: 0.0232 - acc: 0.9939
1459/1459 [==============================] - 0s 110us/step - loss: 0.0207 - acc: 0.9945 - val_loss: 0.0721 - val_acc: 0.9693
Epoch 4/30

  20/1459 [..............................] - ETA: 0s - loss: 0.1698 - acc: 0.9500
 500/1459 [=========>....................] - ETA: 0s - loss: 0.0192 - acc: 0.9960
 900/1459 [=================>............] - ETA: 0s - loss: 0.0162 - acc: 0.9967
1300/1459 [=========================>....] - ETA: 0s - loss: 0.0128 - acc: 0.9977
1459/1459 [==============================] - 0s 121us/step - loss: 0.0117 - acc: 0.9979 - val_loss: 0.0835 - val_acc: 0.9693
Epoch 5/30

  20/1459 [..............................] - ETA: 0s - loss: 0.0100 - acc: 1.0000
 520/1459 [=========>....................] - ETA: 0s - loss: 0.0029 - acc: 1.0000
1020/1459 [===================>..........] - ETA: 0s - loss: 0.0064 - acc: 0.9980
1459/1459 [==============================] - 0s 106us/step - loss: 0.0062 - acc: 0.9986 - val_loss: 0.0865 - val_acc: 0.9693
Epoch 6/30

  20/1459 [..............................] - ETA: 0s - loss: 0.0018 - acc: 1.0000
 520/1459 [=========>....................] - ETA: 0s - loss: 0.0044 - acc: 0.9981
1020/1459 [===================>..........] - ETA: 0s - loss: 0.0039 - acc: 0.9990
1459/1459 [==============================] - 0s 107us/step - loss: 0.0035 - acc: 0.9993 - val_loss: 0.0731 - val_acc: 0.9816
Epoch 7/30

  20/1459 [..............................] - ETA: 0s - loss: 0.0019 - acc: 1.0000
 520/1459 [=========>....................] - ETA: 0s - loss: 0.0013 - acc: 1.0000
1020/1459 [===================>..........] - ETA: 0s - loss: 0.0015 - acc: 1.0000
1459/1459 [==============================] - 0s 107us/step - loss: 0.0022 - acc: 0.9993 - val_loss: 0.0648 - val_acc: 0.9755
Epoch 8/30

  20/1459 [..............................] - ETA: 0s - loss: 0.0021 - acc: 1.0000
 500/1459 [=========>....................] - ETA: 0s - loss: 0.0021 - acc: 1.0000
 980/1459 [===================>..........] - ETA: 0s - loss: 0.0015 - acc: 1.0000
1459/1459 [==============================] - 0s 109us/step - loss: 0.0019 - acc: 1.0000 - val_loss: 0.0671 - val_acc: 0.9755
Epoch 9/30

  20/1459 [..............................] - ETA: 0s - loss: 0.0010 - acc: 1.0000
 500/1459 [=========>....................] - ETA: 0s - loss: 0.0019 - acc: 1.0000
1000/1459 [===================>..........] - ETA: 0s - loss: 0.0013 - acc: 1.0000
1440/1459 [============================>.] - ETA: 0s - loss: 0.0013 - acc: 1.0000
1459/1459 [==============================] - 0s 111us/step - loss: 0.0013 - acc: 1.0000 - val_loss: 0.0777 - val_acc: 0.9755
Epoch 10/30

  20/1459 [..............................] - ETA: 0s - loss: 9.8347e-04 - acc: 1.0000
 520/1459 [=========>....................] - ETA: 0s - loss: 7.6698e-04 - acc: 1.0000
 920/1459 [=================>............] - ETA: 0s - loss: 0.0012 - acc: 1.0000    
1360/1459 [==========================>...] - ETA: 0s - loss: 0.0011 - acc: 1.0000
1459/1459 [==============================] - 0s 115us/step - loss: 0.0010 - acc: 1.0000 - val_loss: 0.0734 - val_acc: 0.9755
Epoch 11/30

  20/1459 [..............................] - ETA: 0s - loss: 5.3756e-04 - acc: 1.0000
 420/1459 [=======>......................] - ETA: 0s - loss: 4.9803e-04 - acc: 1.0000
 840/1459 [================>.............] - ETA: 0s - loss: 5.3427e-04 - acc: 1.0000
1300/1459 [=========================>....] - ETA: 0s - loss: 5.4453e-04 - acc: 1.0000
1459/1459 [==============================] - 0s 120us/step - loss: 5.7621e-04 - acc: 1.0000 - val_loss: 0.0752 - val_acc: 0.9755
Epoch 12/30

  20/1459 [..............................] - ETA: 0s - loss: 3.3736e-04 - acc: 1.0000
 500/1459 [=========>....................] - ETA: 0s - loss: 3.7820e-04 - acc: 1.0000
1000/1459 [===================>..........] - ETA: 0s - loss: 4.5504e-04 - acc: 1.0000
1459/1459 [==============================] - 0s 107us/step - loss: 4.7572e-04 - acc: 1.0000 - val_loss: 0.0764 - val_acc: 0.9755
Epoch 13/30

  20/1459 [..............................] - ETA: 0s - loss: 4.1676e-04 - acc: 1.0000
 520/1459 [=========>....................] - ETA: 0s - loss: 4.0993e-04 - acc: 1.0000
1000/1459 [===================>..........] - ETA: 0s - loss: 4.3230e-04 - acc: 1.0000
1459/1459 [==============================] - 0s 107us/step - loss: 4.0874e-04 - acc: 1.0000 - val_loss: 0.0767 - val_acc: 0.9755
Epoch 14/30

  20/1459 [..............................] - ETA: 0s - loss: 1.6684e-04 - acc: 1.0000
 500/1459 [=========>....................] - ETA: 0s - loss: 3.8130e-04 - acc: 1.0000
1000/1459 [===================>..........] - ETA: 0s - loss: 3.7776e-04 - acc: 1.0000
1459/1459 [==============================] - 0s 109us/step - loss: 3.5582e-04 - acc: 1.0000 - val_loss: 0.0770 - val_acc: 0.9755
Epoch 15/30

  20/1459 [..............................] - ETA: 0s - loss: 9.6202e-04 - acc: 1.0000
 500/1459 [=========>....................] - ETA: 0s - loss: 3.3977e-04 - acc: 1.0000
1000/1459 [===================>..........] - ETA: 0s - loss: 2.9192e-04 - acc: 1.0000
1459/1459 [==============================] - 0s 105us/step - loss: 3.1256e-04 - acc: 1.0000 - val_loss: 0.0773 - val_acc: 0.9755
Epoch 16/30

  20/1459 [..............................] - ETA: 0s - loss: 1.6971e-04 - acc: 1.0000
 520/1459 [=========>....................] - ETA: 0s - loss: 2.6335e-04 - acc: 1.0000
1020/1459 [===================>..........] - ETA: 0s - loss: 2.7844e-04 - acc: 1.0000
1459/1459 [==============================] - 0s 105us/step - loss: 2.7871e-04 - acc: 1.0000 - val_loss: 0.0782 - val_acc: 0.9755
Epoch 17/30

  20/1459 [..............................] - ETA: 0s - loss: 8.4276e-05 - acc: 1.0000
 520/1459 [=========>....................] - ETA: 0s - loss: 2.5945e-04 - acc: 1.0000
1000/1459 [===================>..........] - ETA: 0s - loss: 2.5241e-04 - acc: 1.0000
1459/1459 [==============================] - 0s 107us/step - loss: 2.4889e-04 - acc: 1.0000 - val_loss: 0.0787 - val_acc: 0.9755
Epoch 18/30

  20/1459 [..............................] - ETA: 0s - loss: 3.1579e-04 - acc: 1.0000
 500/1459 [=========>....................] - ETA: 0s - loss: 1.9981e-04 - acc: 1.0000
1000/1459 [===================>..........] - ETA: 0s - loss: 2.2550e-04 - acc: 1.0000
1459/1459 [==============================] - 0s 106us/step - loss: 2.2568e-04 - acc: 1.0000 - val_loss: 0.0787 - val_acc: 0.9755
Epoch 19/30

  20/1459 [..............................] - ETA: 0s - loss: 2.5031e-04 - acc: 1.0000
 520/1459 [=========>....................] - ETA: 0s - loss: 2.1165e-04 - acc: 1.0000
1040/1459 [====================>.........] - ETA: 0s - loss: 2.1344e-04 - acc: 1.0000
1459/1459 [==============================] - 0s 103us/step - loss: 2.0344e-04 - acc: 1.0000 - val_loss: 0.0787 - val_acc: 0.9755
Epoch 20/30

  20/1459 [..............................] - ETA: 0s - loss: 1.6920e-04 - acc: 1.0000
 520/1459 [=========>....................] - ETA: 0s - loss: 1.9160e-04 - acc: 1.0000
1040/1459 [====================>.........] - ETA: 0s - loss: 1.8884e-04 - acc: 1.0000
1459/1459 [==============================] - 0s 104us/step - loss: 1.8423e-04 - acc: 1.0000 - val_loss: 0.0793 - val_acc: 0.9755
Epoch 21/30

  20/1459 [..............................] - ETA: 0s - loss: 9.8717e-05 - acc: 1.0000
 500/1459 [=========>....................] - ETA: 0s - loss: 1.6804e-04 - acc: 1.0000
 980/1459 [===================>..........] - ETA: 0s - loss: 1.5843e-04 - acc: 1.0000
1459/1459 [==============================] - 0s 108us/step - loss: 1.6742e-04 - acc: 1.0000 - val_loss: 0.0794 - val_acc: 0.9755
Epoch 22/30

  20/1459 [..............................] - ETA: 0s - loss: 1.5488e-04 - acc: 1.0000
 500/1459 [=========>....................] - ETA: 0s - loss: 1.3801e-04 - acc: 1.0000
1000/1459 [===================>..........] - ETA: 0s - loss: 1.4900e-04 - acc: 1.0000
1459/1459 [==============================] - 0s 108us/step - loss: 1.5394e-04 - acc: 1.0000 - val_loss: 0.0798 - val_acc: 0.9755
acc: 98.16%
Train on 1459 samples, validate on 163 samples
Epoch 1/30

  20/1459 [..............................] - ETA: 42s - loss: 0.6906 - acc: 0.5500
 520/1459 [=========>....................] - ETA: 1s - loss: 0.4472 - acc: 0.8058 
1020/1459 [===================>..........] - ETA: 0s - loss: 0.2819 - acc: 0.8863
1459/1459 [==============================] - 1s 555us/step - loss: 0.2229 - acc: 0.9109 - val_loss: 0.0963 - val_acc: 0.9693
Epoch 2/30

  20/1459 [..............................] - ETA: 0s - loss: 0.0224 - acc: 1.0000
 500/1459 [=========>....................] - ETA: 0s - loss: 0.0351 - acc: 0.9900
 980/1459 [===================>..........] - ETA: 0s - loss: 0.0348 - acc: 0.9918
1440/1459 [============================>.] - ETA: 0s - loss: 0.0373 - acc: 0.9882
1459/1459 [==============================] - 0s 111us/step - loss: 0.0428 - acc: 0.9870 - val_loss: 0.0855 - val_acc: 0.9816
Epoch 3/30

  20/1459 [..............................] - ETA: 0s - loss: 0.0161 - acc: 1.0000
 520/1459 [=========>....................] - ETA: 0s - loss: 0.0274 - acc: 0.9942
1020/1459 [===================>..........] - ETA: 0s - loss: 0.0214 - acc: 0.9951
1459/1459 [==============================] - 0s 108us/step - loss: 0.0176 - acc: 0.9966 - val_loss: 0.0896 - val_acc: 0.9755
Epoch 4/30

  20/1459 [..............................] - ETA: 0s - loss: 0.0046 - acc: 1.0000
 520/1459 [=========>....................] - ETA: 0s - loss: 0.0073 - acc: 0.9981
1000/1459 [===================>..........] - ETA: 0s - loss: 0.0073 - acc: 0.9990
1459/1459 [==============================] - 0s 108us/step - loss: 0.0082 - acc: 0.9986 - val_loss: 0.0765 - val_acc: 0.9877
Epoch 5/30

  20/1459 [..............................] - ETA: 0s - loss: 0.0039 - acc: 1.0000
 520/1459 [=========>....................] - ETA: 0s - loss: 0.0057 - acc: 0.9981
1020/1459 [===================>..........] - ETA: 0s - loss: 0.0050 - acc: 0.9990
1459/1459 [==============================] - 0s 109us/step - loss: 0.0064 - acc: 0.9986 - val_loss: 0.0813 - val_acc: 0.9877
Epoch 6/30

  20/1459 [..............................] - ETA: 0s - loss: 0.0035 - acc: 1.0000
 500/1459 [=========>....................] - ETA: 0s - loss: 0.0026 - acc: 1.0000
1000/1459 [===================>..........] - ETA: 0s - loss: 0.0029 - acc: 1.0000
1459/1459 [==============================] - 0s 107us/step - loss: 0.0030 - acc: 1.0000 - val_loss: 0.0818 - val_acc: 0.9877
Epoch 7/30

  20/1459 [..............................] - ETA: 0s - loss: 9.6788e-04 - acc: 1.0000
 520/1459 [=========>....................] - ETA: 0s - loss: 0.0016 - acc: 1.0000    
1020/1459 [===================>..........] - ETA: 0s - loss: 0.0014 - acc: 1.0000
1459/1459 [==============================] - 0s 108us/step - loss: 0.0023 - acc: 0.9993 - val_loss: 0.0817 - val_acc: 0.9877
Epoch 8/30

  20/1459 [..............................] - ETA: 0s - loss: 4.7897e-04 - acc: 1.0000
 480/1459 [========>.....................] - ETA: 0s - loss: 0.0023 - acc: 1.0000    
 980/1459 [===================>..........] - ETA: 0s - loss: 0.0016 - acc: 1.0000
1459/1459 [==============================] - 0s 109us/step - loss: 0.0015 - acc: 1.0000 - val_loss: 0.0867 - val_acc: 0.9877
Epoch 9/30

  20/1459 [..............................] - ETA: 0s - loss: 8.8333e-04 - acc: 1.0000
 520/1459 [=========>....................] - ETA: 0s - loss: 0.0016 - acc: 1.0000    
1020/1459 [===================>..........] - ETA: 0s - loss: 0.0015 - acc: 1.0000
1459/1459 [==============================] - 0s 107us/step - loss: 0.0013 - acc: 1.0000 - val_loss: 0.0885 - val_acc: 0.9877
Epoch 10/30

  20/1459 [..............................] - ETA: 0s - loss: 5.6171e-04 - acc: 1.0000
 520/1459 [=========>....................] - ETA: 0s - loss: 0.0012 - acc: 1.0000    
1020/1459 [===================>..........] - ETA: 0s - loss: 0.0011 - acc: 1.0000
1459/1459 [==============================] - 0s 106us/step - loss: 9.2683e-04 - acc: 1.0000 - val_loss: 0.0885 - val_acc: 0.9877
Epoch 11/30

  20/1459 [..............................] - ETA: 0s - loss: 3.4000e-04 - acc: 1.0000
 520/1459 [=========>....................] - ETA: 0s - loss: 4.7051e-04 - acc: 1.0000
1020/1459 [===================>..........] - ETA: 0s - loss: 5.7229e-04 - acc: 1.0000
1459/1459 [==============================] - 0s 107us/step - loss: 5.9903e-04 - acc: 1.0000 - val_loss: 0.0897 - val_acc: 0.9877
Epoch 12/30

  20/1459 [..............................] - ETA: 0s - loss: 3.8837e-04 - acc: 1.0000
 500/1459 [=========>....................] - ETA: 0s - loss: 5.4083e-04 - acc: 1.0000
 980/1459 [===================>..........] - ETA: 0s - loss: 5.2243e-04 - acc: 1.0000
1459/1459 [==============================] - 0s 108us/step - loss: 4.9896e-04 - acc: 1.0000 - val_loss: 0.0907 - val_acc: 0.9877
Epoch 13/30

  20/1459 [..............................] - ETA: 0s - loss: 6.4854e-04 - acc: 1.0000
 480/1459 [========>.....................] - ETA: 0s - loss: 4.6244e-04 - acc: 1.0000
 980/1459 [===================>..........] - ETA: 0s - loss: 4.3595e-04 - acc: 1.0000
1459/1459 [==============================] - 0s 108us/step - loss: 4.2857e-04 - acc: 1.0000 - val_loss: 0.0917 - val_acc: 0.9877
Epoch 14/30

  20/1459 [..............................] - ETA: 0s - loss: 4.9084e-04 - acc: 1.0000
 520/1459 [=========>....................] - ETA: 0s - loss: 3.7839e-04 - acc: 1.0000
1020/1459 [===================>..........] - ETA: 0s - loss: 3.9857e-04 - acc: 1.0000
1459/1459 [==============================] - 0s 105us/step - loss: 3.7473e-04 - acc: 1.0000 - val_loss: 0.0923 - val_acc: 0.9877
Epoch 15/30

  20/1459 [..............................] - ETA: 0s - loss: 2.1465e-04 - acc: 1.0000
 520/1459 [=========>....................] - ETA: 0s - loss: 3.6292e-04 - acc: 1.0000
1020/1459 [===================>..........] - ETA: 0s - loss: 3.5661e-04 - acc: 1.0000
1459/1459 [==============================] - 0s 106us/step - loss: 3.2805e-04 - acc: 1.0000 - val_loss: 0.0933 - val_acc: 0.9877
Epoch 16/30

  20/1459 [..............................] - ETA: 0s - loss: 1.2886e-04 - acc: 1.0000
 500/1459 [=========>....................] - ETA: 0s - loss: 2.7165e-04 - acc: 1.0000
 980/1459 [===================>..........] - ETA: 0s - loss: 2.7827e-04 - acc: 1.0000
1459/1459 [==============================] - 0s 109us/step - loss: 2.9094e-04 - acc: 1.0000 - val_loss: 0.0941 - val_acc: 0.9877
Epoch 17/30

  20/1459 [..............................] - ETA: 0s - loss: 5.3491e-04 - acc: 1.0000
 500/1459 [=========>....................] - ETA: 0s - loss: 2.7493e-04 - acc: 1.0000
 980/1459 [===================>..........] - ETA: 0s - loss: 2.5552e-04 - acc: 1.0000
1459/1459 [==============================] - 0s 109us/step - loss: 2.6181e-04 - acc: 1.0000 - val_loss: 0.0945 - val_acc: 0.9877
Epoch 18/30

  20/1459 [..............................] - ETA: 0s - loss: 1.4064e-04 - acc: 1.0000
 500/1459 [=========>....................] - ETA: 0s - loss: 2.2579e-04 - acc: 1.0000
1000/1459 [===================>..........] - ETA: 0s - loss: 2.4390e-04 - acc: 1.0000
1459/1459 [==============================] - 0s 105us/step - loss: 2.3438e-04 - acc: 1.0000 - val_loss: 0.0954 - val_acc: 0.9877
Epoch 19/30

  20/1459 [..............................] - ETA: 0s - loss: 8.4613e-05 - acc: 1.0000
 520/1459 [=========>....................] - ETA: 0s - loss: 1.9225e-04 - acc: 1.0000
1020/1459 [===================>..........] - ETA: 0s - loss: 2.3104e-04 - acc: 1.0000
1459/1459 [==============================] - 0s 106us/step - loss: 2.1284e-04 - acc: 1.0000 - val_loss: 0.0959 - val_acc: 0.9877
Epoch 20/30

  20/1459 [..............................] - ETA: 0s - loss: 8.9542e-05 - acc: 1.0000
 520/1459 [=========>....................] - ETA: 0s - loss: 2.0017e-04 - acc: 1.0000
1000/1459 [===================>..........] - ETA: 0s - loss: 2.1249e-04 - acc: 1.0000
1459/1459 [==============================] - 0s 107us/step - loss: 1.9299e-04 - acc: 1.0000 - val_loss: 0.0962 - val_acc: 0.9877
acc: 98.77%
Train on 1460 samples, validate on 162 samples
Epoch 1/30

  20/1460 [..............................] - ETA: 51s - loss: 0.6872 - acc: 0.5500
 500/1460 [=========>....................] - ETA: 1s - loss: 0.4196 - acc: 0.8220 
1000/1460 [===================>..........] - ETA: 0s - loss: 0.2570 - acc: 0.8960
1460/1460 [==============================] - 1s 651us/step - loss: 0.2024 - acc: 0.9199 - val_loss: 0.0608 - val_acc: 0.9815
Epoch 2/30

  20/1460 [..............................] - ETA: 0s - loss: 0.0213 - acc: 1.0000
 480/1460 [========>.....................] - ETA: 0s - loss: 0.0545 - acc: 0.9833
 940/1460 [==================>...........] - ETA: 0s - loss: 0.0460 - acc: 0.9872
1400/1460 [===========================>..] - ETA: 0s - loss: 0.0464 - acc: 0.9864
1460/1460 [==============================] - 0s 115us/step - loss: 0.0500 - acc: 0.9856 - val_loss: 0.0538 - val_acc: 0.9691
Epoch 3/30

  20/1460 [..............................] - ETA: 0s - loss: 0.0204 - acc: 1.0000
 500/1460 [=========>....................] - ETA: 0s - loss: 0.0184 - acc: 0.9960
 980/1460 [===================>..........] - ETA: 0s - loss: 0.0182 - acc: 0.9959
1460/1460 [==============================] - 0s 109us/step - loss: 0.0194 - acc: 0.9952 - val_loss: 0.0459 - val_acc: 0.9877
Epoch 4/30

  20/1460 [..............................] - ETA: 0s - loss: 0.0200 - acc: 1.0000
 480/1460 [========>.....................] - ETA: 0s - loss: 0.0089 - acc: 1.0000
 960/1460 [==================>...........] - ETA: 0s - loss: 0.0131 - acc: 0.9979
1420/1460 [============================>.] - ETA: 0s - loss: 0.0113 - acc: 0.9986
1460/1460 [==============================] - 0s 112us/step - loss: 0.0111 - acc: 0.9986 - val_loss: 0.0360 - val_acc: 0.9753
Epoch 5/30

  20/1460 [..............................] - ETA: 0s - loss: 0.0029 - acc: 1.0000
 520/1460 [=========>....................] - ETA: 0s - loss: 0.0067 - acc: 0.9981
 980/1460 [===================>..........] - ETA: 0s - loss: 0.0054 - acc: 0.9990
1460/1460 [==============================] - 0s 111us/step - loss: 0.0056 - acc: 0.9986 - val_loss: 0.0309 - val_acc: 0.9877
Epoch 6/30

  20/1460 [..............................] - ETA: 0s - loss: 0.0015 - acc: 1.0000
 480/1460 [========>.....................] - ETA: 0s - loss: 0.0028 - acc: 1.0000
 940/1460 [==================>...........] - ETA: 0s - loss: 0.0028 - acc: 1.0000
1400/1460 [===========================>..] - ETA: 0s - loss: 0.0029 - acc: 1.0000
1460/1460 [==============================] - 0s 113us/step - loss: 0.0029 - acc: 1.0000 - val_loss: 0.0320 - val_acc: 0.9753
Epoch 7/30

  20/1460 [..............................] - ETA: 0s - loss: 0.0016 - acc: 1.0000
 500/1460 [=========>....................] - ETA: 0s - loss: 0.0018 - acc: 1.0000
 960/1460 [==================>...........] - ETA: 0s - loss: 0.0017 - acc: 1.0000
1400/1460 [===========================>..] - ETA: 0s - loss: 0.0020 - acc: 1.0000
1460/1460 [==============================] - 0s 114us/step - loss: 0.0020 - acc: 1.0000 - val_loss: 0.0304 - val_acc: 0.9815
Epoch 8/30

  20/1460 [..............................] - ETA: 0s - loss: 0.0014 - acc: 1.0000
 480/1460 [========>.....................] - ETA: 0s - loss: 0.0013 - acc: 1.0000
 940/1460 [==================>...........] - ETA: 0s - loss: 0.0012 - acc: 1.0000
1400/1460 [===========================>..] - ETA: 0s - loss: 0.0013 - acc: 1.0000
1460/1460 [==============================] - 0s 114us/step - loss: 0.0013 - acc: 1.0000 - val_loss: 0.0275 - val_acc: 0.9815
Epoch 9/30

  20/1460 [..............................] - ETA: 0s - loss: 0.0015 - acc: 1.0000
 520/1460 [=========>....................] - ETA: 0s - loss: 8.6546e-04 - acc: 1.0000
1000/1460 [===================>..........] - ETA: 0s - loss: 8.3915e-04 - acc: 1.0000
1460/1460 [==============================] - 0s 107us/step - loss: 8.7637e-04 - acc: 1.0000 - val_loss: 0.0267 - val_acc: 0.9815
Epoch 10/30

  20/1460 [..............................] - ETA: 0s - loss: 7.0006e-04 - acc: 1.0000
 500/1460 [=========>....................] - ETA: 0s - loss: 8.0393e-04 - acc: 1.0000
 980/1460 [===================>..........] - ETA: 0s - loss: 7.5817e-04 - acc: 1.0000
1460/1460 [==============================] - 0s 110us/step - loss: 7.0208e-04 - acc: 1.0000 - val_loss: 0.0261 - val_acc: 0.9815
Epoch 11/30

  20/1460 [..............................] - ETA: 0s - loss: 9.8393e-04 - acc: 1.0000
 500/1460 [=========>....................] - ETA: 0s - loss: 5.2605e-04 - acc: 1.0000
 940/1460 [==================>...........] - ETA: 0s - loss: 5.1262e-04 - acc: 1.0000
1420/1460 [============================>.] - ETA: 0s - loss: 5.7737e-04 - acc: 1.0000
1460/1460 [==============================] - 0s 114us/step - loss: 5.8910e-04 - acc: 1.0000 - val_loss: 0.0250 - val_acc: 0.9815
Epoch 12/30

  20/1460 [..............................] - ETA: 0s - loss: 6.8033e-04 - acc: 1.0000
 500/1460 [=========>....................] - ETA: 0s - loss: 5.4121e-04 - acc: 1.0000
 980/1460 [===================>..........] - ETA: 0s - loss: 5.1221e-04 - acc: 1.0000
1440/1460 [============================>.] - ETA: 0s - loss: 4.9990e-04 - acc: 1.0000
1460/1460 [==============================] - 0s 112us/step - loss: 4.9812e-04 - acc: 1.0000 - val_loss: 0.0245 - val_acc: 0.9815
Epoch 13/30

  20/1460 [..............................] - ETA: 0s - loss: 4.0479e-04 - acc: 1.0000
 500/1460 [=========>....................] - ETA: 0s - loss: 5.3902e-04 - acc: 1.0000
 980/1460 [===================>..........] - ETA: 0s - loss: 4.8465e-04 - acc: 1.0000
1460/1460 [==============================] - 0s 110us/step - loss: 4.2885e-04 - acc: 1.0000 - val_loss: 0.0244 - val_acc: 0.9815
Epoch 14/30

  20/1460 [..............................] - ETA: 0s - loss: 3.7110e-04 - acc: 1.0000
 520/1460 [=========>....................] - ETA: 0s - loss: 3.6911e-04 - acc: 1.0000
1000/1460 [===================>..........] - ETA: 0s - loss: 4.0955e-04 - acc: 1.0000
1460/1460 [==============================] - 0s 108us/step - loss: 3.7449e-04 - acc: 1.0000 - val_loss: 0.0239 - val_acc: 0.9815
Epoch 15/30

  20/1460 [..............................] - ETA: 0s - loss: 2.9666e-04 - acc: 1.0000
 480/1460 [========>.....................] - ETA: 0s - loss: 3.9202e-04 - acc: 1.0000
 940/1460 [==================>...........] - ETA: 0s - loss: 3.4109e-04 - acc: 1.0000
1420/1460 [============================>.] - ETA: 0s - loss: 3.2581e-04 - acc: 1.0000
1460/1460 [==============================] - 0s 113us/step - loss: 3.3008e-04 - acc: 1.0000 - val_loss: 0.0236 - val_acc: 0.9877
Epoch 16/30

  20/1460 [..............................] - ETA: 0s - loss: 1.8589e-04 - acc: 1.0000
 480/1460 [========>.....................] - ETA: 0s - loss: 2.6929e-04 - acc: 1.0000
 940/1460 [==================>...........] - ETA: 0s - loss: 3.0492e-04 - acc: 1.0000
1400/1460 [===========================>..] - ETA: 0s - loss: 2.9642e-04 - acc: 1.0000
1460/1460 [==============================] - 0s 113us/step - loss: 2.9498e-04 - acc: 1.0000 - val_loss: 0.0231 - val_acc: 0.9877
Epoch 17/30

  20/1460 [..............................] - ETA: 0s - loss: 6.4655e-05 - acc: 1.0000
 500/1460 [=========>....................] - ETA: 0s - loss: 3.1827e-04 - acc: 1.0000
 980/1460 [===================>..........] - ETA: 0s - loss: 2.5208e-04 - acc: 1.0000
1460/1460 [==============================] - 0s 110us/step - loss: 2.6250e-04 - acc: 1.0000 - val_loss: 0.0228 - val_acc: 0.9877
Epoch 18/30

  20/1460 [..............................] - ETA: 0s - loss: 5.3644e-04 - acc: 1.0000
 500/1460 [=========>....................] - ETA: 0s - loss: 2.1513e-04 - acc: 1.0000
 980/1460 [===================>..........] - ETA: 0s - loss: 2.3740e-04 - acc: 1.0000
1460/1460 [==============================] - 0s 109us/step - loss: 2.3535e-04 - acc: 1.0000 - val_loss: 0.0229 - val_acc: 0.9877
Epoch 19/30

  20/1460 [..............................] - ETA: 0s - loss: 6.0305e-04 - acc: 1.0000
 500/1460 [=========>....................] - ETA: 0s - loss: 2.3853e-04 - acc: 1.0000
 940/1460 [==================>...........] - ETA: 0s - loss: 2.4029e-04 - acc: 1.0000
1420/1460 [============================>.] - ETA: 0s - loss: 2.1799e-04 - acc: 1.0000
1460/1460 [==============================] - 0s 114us/step - loss: 2.1540e-04 - acc: 1.0000 - val_loss: 0.0225 - val_acc: 0.9877
acc: 98.77%
Train on 1460 samples, validate on 162 samples
Epoch 1/30

  20/1460 [..............................] - ETA: 56s - loss: 0.7080 - acc: 0.3500
 440/1460 [========>.....................] - ETA: 1s - loss: 0.4503 - acc: 0.7955 
 880/1460 [=================>............] - ETA: 0s - loss: 0.2886 - acc: 0.8795
1320/1460 [==========================>...] - ETA: 0s - loss: 0.2322 - acc: 0.9053
1460/1460 [==============================] - 1s 722us/step - loss: 0.2176 - acc: 0.9123 - val_loss: 0.0718 - val_acc: 0.9877
Epoch 2/30

  20/1460 [..............................] - ETA: 0s - loss: 0.0920 - acc: 0.9500
 480/1460 [========>.....................] - ETA: 0s - loss: 0.0558 - acc: 0.9833
 880/1460 [=================>............] - ETA: 0s - loss: 0.0484 - acc: 0.9875
1320/1460 [==========================>...] - ETA: 0s - loss: 0.0485 - acc: 0.9871
1460/1460 [==============================] - 0s 120us/step - loss: 0.0469 - acc: 0.9877 - val_loss: 0.0636 - val_acc: 0.9815
Epoch 3/30

  20/1460 [..............................] - ETA: 0s - loss: 0.0177 - acc: 1.0000
 520/1460 [=========>....................] - ETA: 0s - loss: 0.0178 - acc: 0.9981
1020/1460 [===================>..........] - ETA: 0s - loss: 0.0193 - acc: 0.9980
1460/1460 [==============================] - 0s 111us/step - loss: 0.0191 - acc: 0.9973 - val_loss: 0.0569 - val_acc: 0.9753
Epoch 4/30

  20/1460 [..............................] - ETA: 0s - loss: 0.0033 - acc: 1.0000
 480/1460 [========>.....................] - ETA: 0s - loss: 0.0085 - acc: 0.9979
 920/1460 [=================>............] - ETA: 0s - loss: 0.0081 - acc: 0.9978
1340/1460 [==========================>...] - ETA: 0s - loss: 0.0081 - acc: 0.9985
1460/1460 [==============================] - 0s 125us/step - loss: 0.0097 - acc: 0.9979 - val_loss: 0.0426 - val_acc: 0.9753
Epoch 5/30

  20/1460 [..............................] - ETA: 0s - loss: 0.0055 - acc: 1.0000
 420/1460 [=======>......................] - ETA: 0s - loss: 0.0066 - acc: 1.0000
 820/1460 [===============>..............] - ETA: 0s - loss: 0.0049 - acc: 1.0000
1240/1460 [========================>.....] - ETA: 0s - loss: 0.0070 - acc: 0.9984
1460/1460 [==============================] - 0s 129us/step - loss: 0.0071 - acc: 0.9986 - val_loss: 0.0629 - val_acc: 0.9815
Epoch 6/30

  20/1460 [..............................] - ETA: 0s - loss: 0.0023 - acc: 1.0000
 500/1460 [=========>....................] - ETA: 0s - loss: 0.0050 - acc: 1.0000
 980/1460 [===================>..........] - ETA: 0s - loss: 0.0038 - acc: 1.0000
1460/1460 [==============================] - 0s 110us/step - loss: 0.0033 - acc: 1.0000 - val_loss: 0.0432 - val_acc: 0.9753
Epoch 7/30

  20/1460 [..............................] - ETA: 0s - loss: 0.0016 - acc: 1.0000
 500/1460 [=========>....................] - ETA: 0s - loss: 0.0037 - acc: 0.9980
 960/1460 [==================>...........] - ETA: 0s - loss: 0.0030 - acc: 0.9990
1440/1460 [============================>.] - ETA: 0s - loss: 0.0025 - acc: 0.9993
1460/1460 [==============================] - 0s 111us/step - loss: 0.0025 - acc: 0.9993 - val_loss: 0.0472 - val_acc: 0.9753
Epoch 8/30

  20/1460 [..............................] - ETA: 0s - loss: 0.0013 - acc: 1.0000
 500/1460 [=========>....................] - ETA: 0s - loss: 0.0013 - acc: 1.0000
 960/1460 [==================>...........] - ETA: 0s - loss: 0.0021 - acc: 0.9990
1420/1460 [============================>.] - ETA: 0s - loss: 0.0020 - acc: 0.9993
1460/1460 [==============================] - 0s 111us/step - loss: 0.0020 - acc: 0.9993 - val_loss: 0.0474 - val_acc: 0.9753
Epoch 9/30

  20/1460 [..............................] - ETA: 0s - loss: 0.0017 - acc: 1.0000
 500/1460 [=========>....................] - ETA: 0s - loss: 0.0010 - acc: 1.0000
 980/1460 [===================>..........] - ETA: 0s - loss: 0.0010 - acc: 1.0000
1460/1460 [==============================] - 0s 109us/step - loss: 0.0015 - acc: 0.9993 - val_loss: 0.0507 - val_acc: 0.9753
Epoch 10/30

  20/1460 [..............................] - ETA: 0s - loss: 0.0011 - acc: 1.0000
 520/1460 [=========>....................] - ETA: 0s - loss: 0.0014 - acc: 1.0000
1000/1460 [===================>..........] - ETA: 0s - loss: 0.0012 - acc: 1.0000
1460/1460 [==============================] - 0s 110us/step - loss: 0.0012 - acc: 1.0000 - val_loss: 0.0433 - val_acc: 0.9753
Epoch 11/30

  20/1460 [..............................] - ETA: 0s - loss: 3.0912e-04 - acc: 1.0000
 440/1460 [========>.....................] - ETA: 0s - loss: 7.6705e-04 - acc: 1.0000
 880/1460 [=================>............] - ETA: 0s - loss: 6.6190e-04 - acc: 1.0000
1340/1460 [==========================>...] - ETA: 0s - loss: 6.5850e-04 - acc: 1.0000
1460/1460 [==============================] - 0s 118us/step - loss: 6.6611e-04 - acc: 1.0000 - val_loss: 0.0435 - val_acc: 0.9753
Epoch 12/30

  20/1460 [..............................] - ETA: 0s - loss: 7.9799e-04 - acc: 1.0000
 500/1460 [=========>....................] - ETA: 0s - loss: 5.2299e-04 - acc: 1.0000
 980/1460 [===================>..........] - ETA: 0s - loss: 5.6402e-04 - acc: 1.0000
1460/1460 [==============================] - 0s 111us/step - loss: 5.3415e-04 - acc: 1.0000 - val_loss: 0.0452 - val_acc: 0.9753
Epoch 13/30

  20/1460 [..............................] - ETA: 0s - loss: 6.4672e-04 - acc: 1.0000
 500/1460 [=========>....................] - ETA: 0s - loss: 4.4694e-04 - acc: 1.0000
 960/1460 [==================>...........] - ETA: 0s - loss: 4.4609e-04 - acc: 1.0000
1440/1460 [============================>.] - ETA: 0s - loss: 4.5345e-04 - acc: 1.0000
1460/1460 [==============================] - 0s 110us/step - loss: 4.5315e-04 - acc: 1.0000 - val_loss: 0.0463 - val_acc: 0.9753
Epoch 14/30

  20/1460 [..............................] - ETA: 0s - loss: 6.0811e-04 - acc: 1.0000
 480/1460 [========>.....................] - ETA: 0s - loss: 4.5656e-04 - acc: 1.0000
 940/1460 [==================>...........] - ETA: 0s - loss: 4.3104e-04 - acc: 1.0000
1400/1460 [===========================>..] - ETA: 0s - loss: 3.9982e-04 - acc: 1.0000
1460/1460 [==============================] - 0s 114us/step - loss: 3.9736e-04 - acc: 1.0000 - val_loss: 0.0461 - val_acc: 0.9753
Epoch 15/30

  20/1460 [..............................] - ETA: 0s - loss: 5.0013e-04 - acc: 1.0000
 500/1460 [=========>....................] - ETA: 0s - loss: 3.0703e-04 - acc: 1.0000
 960/1460 [==================>...........] - ETA: 0s - loss: 3.4734e-04 - acc: 1.0000
1440/1460 [============================>.] - ETA: 0s - loss: 3.5321e-04 - acc: 1.0000
1460/1460 [==============================] - 0s 111us/step - loss: 3.5161e-04 - acc: 1.0000 - val_loss: 0.0476 - val_acc: 0.9753
Epoch 16/30

  20/1460 [..............................] - ETA: 0s - loss: 1.2670e-04 - acc: 1.0000
 500/1460 [=========>....................] - ETA: 0s - loss: 3.1021e-04 - acc: 1.0000
 980/1460 [===================>..........] - ETA: 0s - loss: 3.0010e-04 - acc: 1.0000
1460/1460 [==============================] - 0s 110us/step - loss: 3.1167e-04 - acc: 1.0000 - val_loss: 0.0479 - val_acc: 0.9753
Epoch 17/30

  20/1460 [..............................] - ETA: 0s - loss: 3.5346e-04 - acc: 1.0000
 480/1460 [========>.....................] - ETA: 0s - loss: 3.4978e-04 - acc: 1.0000
 940/1460 [==================>...........] - ETA: 0s - loss: 3.0008e-04 - acc: 1.0000
1420/1460 [============================>.] - ETA: 0s - loss: 2.8007e-04 - acc: 1.0000
1460/1460 [==============================] - 0s 112us/step - loss: 2.7767e-04 - acc: 1.0000 - val_loss: 0.0479 - val_acc: 0.9753
acc: 98.77%
Train on 1460 samples, validate on 162 samples
Epoch 1/30

  20/1460 [..............................] - ETA: 1:04 - loss: 0.7163 - acc: 0.3500
 480/1460 [========>.....................] - ETA: 1s - loss: 0.4572 - acc: 0.7729  
 940/1460 [==================>...........] - ETA: 0s - loss: 0.2859 - acc: 0.8734
1440/1460 [============================>.] - ETA: 0s - loss: 0.2235 - acc: 0.9049
1460/1460 [==============================] - 1s 797us/step - loss: 0.2208 - acc: 0.9062 - val_loss: 0.0525 - val_acc: 0.9815
Epoch 2/30

  20/1460 [..............................] - ETA: 0s - loss: 0.0746 - acc: 0.9500
 500/1460 [=========>....................] - ETA: 0s - loss: 0.0461 - acc: 0.9920
 980/1460 [===================>..........] - ETA: 0s - loss: 0.0526 - acc: 0.9847
1440/1460 [============================>.] - ETA: 0s - loss: 0.0513 - acc: 0.9875
1460/1460 [==============================] - 0s 112us/step - loss: 0.0509 - acc: 0.9877 - val_loss: 0.0573 - val_acc: 0.9877
Epoch 3/30

  20/1460 [..............................] - ETA: 0s - loss: 0.0168 - acc: 1.0000
 480/1460 [========>.....................] - ETA: 0s - loss: 0.0268 - acc: 0.9958
 960/1460 [==================>...........] - ETA: 0s - loss: 0.0208 - acc: 0.9969
1420/1460 [============================>.] - ETA: 0s - loss: 0.0180 - acc: 0.9979
1460/1460 [==============================] - 0s 112us/step - loss: 0.0178 - acc: 0.9979 - val_loss: 0.0511 - val_acc: 0.9877
Epoch 4/30

  20/1460 [..............................] - ETA: 0s - loss: 0.0081 - acc: 1.0000
 460/1460 [========>.....................] - ETA: 0s - loss: 0.0067 - acc: 1.0000
 940/1460 [==================>...........] - ETA: 0s - loss: 0.0055 - acc: 1.0000
1420/1460 [============================>.] - ETA: 0s - loss: 0.0099 - acc: 0.9979
1460/1460 [==============================] - 0s 112us/step - loss: 0.0098 - acc: 0.9979 - val_loss: 0.0588 - val_acc: 0.9815
Epoch 5/30

  20/1460 [..............................] - ETA: 0s - loss: 0.0064 - acc: 1.0000
 520/1460 [=========>....................] - ETA: 0s - loss: 0.0091 - acc: 0.9981
1000/1460 [===================>..........] - ETA: 0s - loss: 0.0123 - acc: 0.9960
1460/1460 [==============================] - 0s 107us/step - loss: 0.0103 - acc: 0.9973 - val_loss: 0.0468 - val_acc: 0.9877
Epoch 6/30

  20/1460 [..............................] - ETA: 0s - loss: 0.0013 - acc: 1.0000
 480/1460 [========>.....................] - ETA: 0s - loss: 0.0034 - acc: 1.0000
 980/1460 [===================>..........] - ETA: 0s - loss: 0.0032 - acc: 1.0000
1460/1460 [==============================] - 0s 111us/step - loss: 0.0040 - acc: 0.9993 - val_loss: 0.0477 - val_acc: 0.9877
Epoch 7/30

  20/1460 [..............................] - ETA: 0s - loss: 0.0012 - acc: 1.0000
 480/1460 [========>.....................] - ETA: 0s - loss: 0.0016 - acc: 1.0000
 960/1460 [==================>...........] - ETA: 0s - loss: 0.0018 - acc: 1.0000
1420/1460 [============================>.] - ETA: 0s - loss: 0.0017 - acc: 1.0000
1460/1460 [==============================] - 0s 112us/step - loss: 0.0023 - acc: 0.9993 - val_loss: 0.0437 - val_acc: 0.9877
Epoch 8/30

  20/1460 [..............................] - ETA: 0s - loss: 0.0010 - acc: 1.0000
 480/1460 [========>.....................] - ETA: 0s - loss: 0.0025 - acc: 1.0000
 940/1460 [==================>...........] - ETA: 0s - loss: 0.0026 - acc: 1.0000
1400/1460 [===========================>..] - ETA: 0s - loss: 0.0022 - acc: 1.0000
1460/1460 [==============================] - 0s 115us/step - loss: 0.0022 - acc: 1.0000 - val_loss: 0.0452 - val_acc: 0.9877
Epoch 9/30

  20/1460 [..............................] - ETA: 0s - loss: 5.9792e-04 - acc: 1.0000
 500/1460 [=========>....................] - ETA: 0s - loss: 9.2759e-04 - acc: 1.0000
1000/1460 [===================>..........] - ETA: 0s - loss: 0.0012 - acc: 1.0000    
1460/1460 [==============================] - 0s 108us/step - loss: 0.0011 - acc: 1.0000 - val_loss: 0.0454 - val_acc: 0.9877
Epoch 10/30

  20/1460 [..............................] - ETA: 0s - loss: 0.0012 - acc: 1.0000
 520/1460 [=========>....................] - ETA: 0s - loss: 7.6966e-04 - acc: 1.0000
1000/1460 [===================>..........] - ETA: 0s - loss: 8.4620e-04 - acc: 1.0000
1460/1460 [==============================] - 0s 108us/step - loss: 8.6276e-04 - acc: 1.0000 - val_loss: 0.0473 - val_acc: 0.9877
Epoch 11/30

  20/1460 [..............................] - ETA: 0s - loss: 9.8058e-04 - acc: 1.0000
 480/1460 [========>.....................] - ETA: 0s - loss: 6.2750e-04 - acc: 1.0000
 960/1460 [==================>...........] - ETA: 0s - loss: 6.9719e-04 - acc: 1.0000
1440/1460 [============================>.] - ETA: 0s - loss: 6.7918e-04 - acc: 1.0000
1460/1460 [==============================] - 0s 112us/step - loss: 6.7225e-04 - acc: 1.0000 - val_loss: 0.0465 - val_acc: 0.9877
Epoch 12/30

  20/1460 [..............................] - ETA: 0s - loss: 5.4109e-04 - acc: 1.0000
 500/1460 [=========>....................] - ETA: 0s - loss: 4.9075e-04 - acc: 1.0000
 960/1460 [==================>...........] - ETA: 0s - loss: 4.6823e-04 - acc: 1.0000
1420/1460 [============================>.] - ETA: 0s - loss: 5.4127e-04 - acc: 1.0000
1460/1460 [==============================] - 0s 113us/step - loss: 5.8537e-04 - acc: 1.0000 - val_loss: 0.0469 - val_acc: 0.9877
Epoch 13/30

  20/1460 [..............................] - ETA: 0s - loss: 6.7943e-04 - acc: 1.0000
 480/1460 [========>.....................] - ETA: 0s - loss: 4.7026e-04 - acc: 1.0000
 960/1460 [==================>...........] - ETA: 0s - loss: 5.0381e-04 - acc: 1.0000
1440/1460 [============================>.] - ETA: 0s - loss: 4.7625e-04 - acc: 1.0000
1460/1460 [==============================] - 0s 110us/step - loss: 4.7891e-04 - acc: 1.0000 - val_loss: 0.0482 - val_acc: 0.9877
Epoch 14/30

  20/1460 [..............................] - ETA: 0s - loss: 1.4329e-04 - acc: 1.0000
 500/1460 [=========>....................] - ETA: 0s - loss: 4.3102e-04 - acc: 1.0000
1000/1460 [===================>..........] - ETA: 0s - loss: 4.3481e-04 - acc: 1.0000
1460/1460 [==============================] - 0s 108us/step - loss: 4.1336e-04 - acc: 1.0000 - val_loss: 0.0489 - val_acc: 0.9877
Epoch 15/30

  20/1460 [..............................] - ETA: 0s - loss: 1.2020e-04 - acc: 1.0000
 500/1460 [=========>....................] - ETA: 0s - loss: 2.8610e-04 - acc: 1.0000
 940/1460 [==================>...........] - ETA: 0s - loss: 2.8071e-04 - acc: 1.0000
1400/1460 [===========================>..] - ETA: 0s - loss: 3.5034e-04 - acc: 1.0000
1460/1460 [==============================] - 0s 113us/step - loss: 3.5692e-04 - acc: 1.0000 - val_loss: 0.0497 - val_acc: 0.9877
Epoch 16/30

  20/1460 [..............................] - ETA: 0s - loss: 2.3087e-04 - acc: 1.0000
 500/1460 [=========>....................] - ETA: 0s - loss: 3.7237e-04 - acc: 1.0000
 980/1460 [===================>..........] - ETA: 0s - loss: 3.2270e-04 - acc: 1.0000
1460/1460 [==============================] - 0s 111us/step - loss: 3.1950e-04 - acc: 1.0000 - val_loss: 0.0507 - val_acc: 0.9877
Epoch 17/30

  20/1460 [..............................] - ETA: 0s - loss: 2.7295e-04 - acc: 1.0000
 500/1460 [=========>....................] - ETA: 0s - loss: 3.1255e-04 - acc: 1.0000
 980/1460 [===================>..........] - ETA: 0s - loss: 2.9122e-04 - acc: 1.0000
1460/1460 [==============================] - 0s 111us/step - loss: 2.7940e-04 - acc: 1.0000 - val_loss: 0.0512 - val_acc: 0.9877
Epoch 18/30

  20/1460 [..............................] - ETA: 0s - loss: 3.9141e-04 - acc: 1.0000
 520/1460 [=========>....................] - ETA: 0s - loss: 2.7808e-04 - acc: 1.0000
1020/1460 [===================>..........] - ETA: 0s - loss: 2.4686e-04 - acc: 1.0000
1460/1460 [==============================] - 0s 107us/step - loss: 2.5102e-04 - acc: 1.0000 - val_loss: 0.0519 - val_acc: 0.9877
acc: 98.77%
Train on 1460 samples, validate on 162 samples
Epoch 1/30

  20/1460 [..............................] - ETA: 1:11 - loss: 0.7397 - acc: 0.3500
 500/1460 [=========>....................] - ETA: 2s - loss: 0.4741 - acc: 0.7920  
 980/1460 [===================>..........] - ETA: 0s - loss: 0.2902 - acc: 0.8857
1460/1460 [==============================] - 1s 876us/step - loss: 0.2263 - acc: 0.9123 - val_loss: 0.0845 - val_acc: 0.9815
Epoch 2/30

  20/1460 [..............................] - ETA: 0s - loss: 0.0138 - acc: 1.0000
 480/1460 [========>.....................] - ETA: 0s - loss: 0.0463 - acc: 0.9896
 940/1460 [==================>...........] - ETA: 0s - loss: 0.0455 - acc: 0.9883
1400/1460 [===========================>..] - ETA: 0s - loss: 0.0482 - acc: 0.9879
1460/1460 [==============================] - 0s 115us/step - loss: 0.0471 - acc: 0.9884 - val_loss: 0.0763 - val_acc: 0.9877
Epoch 3/30

  20/1460 [..............................] - ETA: 0s - loss: 0.0108 - acc: 1.0000
 500/1460 [=========>....................] - ETA: 0s - loss: 0.0194 - acc: 0.9960
 980/1460 [===================>..........] - ETA: 0s - loss: 0.0176 - acc: 0.9980
1460/1460 [==============================] - 0s 110us/step - loss: 0.0144 - acc: 0.9986 - val_loss: 0.0735 - val_acc: 0.9877
Epoch 4/30

  20/1460 [..............................] - ETA: 0s - loss: 0.0051 - acc: 1.0000
 520/1460 [=========>....................] - ETA: 0s - loss: 0.0079 - acc: 0.9981
1000/1460 [===================>..........] - ETA: 0s - loss: 0.0073 - acc: 0.9990
1460/1460 [==============================] - 0s 108us/step - loss: 0.0066 - acc: 0.9993 - val_loss: 0.0825 - val_acc: 0.9877
Epoch 5/30

  20/1460 [..............................] - ETA: 0s - loss: 0.0033 - acc: 1.0000
 500/1460 [=========>....................] - ETA: 0s - loss: 0.0024 - acc: 1.0000
 960/1460 [==================>...........] - ETA: 0s - loss: 0.0027 - acc: 1.0000
1420/1460 [============================>.] - ETA: 0s - loss: 0.0041 - acc: 0.9993
1460/1460 [==============================] - 0s 112us/step - loss: 0.0040 - acc: 0.9993 - val_loss: 0.0861 - val_acc: 0.9877
Epoch 6/30

  20/1460 [..............................] - ETA: 0s - loss: 0.0013 - acc: 1.0000
 500/1460 [=========>....................] - ETA: 0s - loss: 0.0019 - acc: 1.0000
 960/1460 [==================>...........] - ETA: 0s - loss: 0.0026 - acc: 1.0000
1400/1460 [===========================>..] - ETA: 0s - loss: 0.0024 - acc: 1.0000
1460/1460 [==============================] - 0s 115us/step - loss: 0.0024 - acc: 1.0000 - val_loss: 0.0882 - val_acc: 0.9877
Epoch 7/30

  20/1460 [..............................] - ETA: 0s - loss: 0.0013 - acc: 1.0000
 480/1460 [========>.....................] - ETA: 0s - loss: 0.0016 - acc: 1.0000
 940/1460 [==================>...........] - ETA: 0s - loss: 0.0016 - acc: 1.0000
1420/1460 [============================>.] - ETA: 0s - loss: 0.0015 - acc: 1.0000
1460/1460 [==============================] - 0s 113us/step - loss: 0.0015 - acc: 1.0000 - val_loss: 0.0914 - val_acc: 0.9877
Epoch 8/30

  20/1460 [..............................] - ETA: 0s - loss: 4.0635e-04 - acc: 1.0000
 500/1460 [=========>....................] - ETA: 0s - loss: 9.2710e-04 - acc: 1.0000
1000/1460 [===================>..........] - ETA: 0s - loss: 0.0010 - acc: 1.0000    
1460/1460 [==============================] - 0s 108us/step - loss: 0.0011 - acc: 1.0000 - val_loss: 0.0920 - val_acc: 0.9877
Epoch 9/30

  20/1460 [..............................] - ETA: 0s - loss: 7.5962e-04 - acc: 1.0000
 520/1460 [=========>....................] - ETA: 0s - loss: 9.0064e-04 - acc: 1.0000
1000/1460 [===================>..........] - ETA: 0s - loss: 8.8753e-04 - acc: 1.0000
1460/1460 [==============================] - 0s 109us/step - loss: 8.3051e-04 - acc: 1.0000 - val_loss: 0.0943 - val_acc: 0.9877
Epoch 10/30

  20/1460 [..............................] - ETA: 0s - loss: 3.0891e-04 - acc: 1.0000
 500/1460 [=========>....................] - ETA: 0s - loss: 6.6242e-04 - acc: 1.0000
 980/1460 [===================>..........] - ETA: 0s - loss: 6.9019e-04 - acc: 1.0000
1460/1460 [==============================] - 0s 112us/step - loss: 6.8027e-04 - acc: 1.0000 - val_loss: 0.0949 - val_acc: 0.9877
Epoch 11/30

  20/1460 [..............................] - ETA: 0s - loss: 3.1873e-04 - acc: 1.0000
 500/1460 [=========>....................] - ETA: 0s - loss: 5.9148e-04 - acc: 1.0000
 940/1460 [==================>...........] - ETA: 0s - loss: 5.7370e-04 - acc: 1.0000
1380/1460 [===========================>..] - ETA: 0s - loss: 5.4648e-04 - acc: 1.0000
1460/1460 [==============================] - 0s 117us/step - loss: 5.6640e-04 - acc: 1.0000 - val_loss: 0.0972 - val_acc: 0.9877
Epoch 12/30

  20/1460 [..............................] - ETA: 0s - loss: 3.9165e-04 - acc: 1.0000
 500/1460 [=========>....................] - ETA: 0s - loss: 4.6162e-04 - acc: 1.0000
 980/1460 [===================>..........] - ETA: 0s - loss: 4.7614e-04 - acc: 1.0000
1440/1460 [============================>.] - ETA: 0s - loss: 4.7914e-04 - acc: 1.0000
1460/1460 [==============================] - 0s 111us/step - loss: 4.7643e-04 - acc: 1.0000 - val_loss: 0.0983 - val_acc: 0.9877
Epoch 13/30

  20/1460 [..............................] - ETA: 0s - loss: 3.1680e-04 - acc: 1.0000
 500/1460 [=========>....................] - ETA: 0s - loss: 4.1635e-04 - acc: 1.0000
 980/1460 [===================>..........] - ETA: 0s - loss: 3.6704e-04 - acc: 1.0000
1440/1460 [============================>.] - ETA: 0s - loss: 4.1393e-04 - acc: 1.0000
1460/1460 [==============================] - 0s 110us/step - loss: 4.1431e-04 - acc: 1.0000 - val_loss: 0.0996 - val_acc: 0.9877
Epoch 14/30

  20/1460 [..............................] - ETA: 0s - loss: 6.0308e-04 - acc: 1.0000
 480/1460 [========>.....................] - ETA: 0s - loss: 3.8911e-04 - acc: 1.0000
 940/1460 [==================>...........] - ETA: 0s - loss: 3.4523e-04 - acc: 1.0000
1380/1460 [===========================>..] - ETA: 0s - loss: 3.6844e-04 - acc: 1.0000
1460/1460 [==============================] - 0s 117us/step - loss: 3.6009e-04 - acc: 1.0000 - val_loss: 0.1011 - val_acc: 0.9877
Epoch 15/30

  20/1460 [..............................] - ETA: 0s - loss: 1.7267e-04 - acc: 1.0000
 480/1460 [========>.....................] - ETA: 0s - loss: 3.3799e-04 - acc: 1.0000
 920/1460 [=================>............] - ETA: 0s - loss: 3.0859e-04 - acc: 1.0000
1380/1460 [===========================>..] - ETA: 0s - loss: 3.2125e-04 - acc: 1.0000
1460/1460 [==============================] - 0s 116us/step - loss: 3.1656e-04 - acc: 1.0000 - val_loss: 0.1020 - val_acc: 0.9877
Epoch 16/30

  20/1460 [..............................] - ETA: 0s - loss: 1.0255e-04 - acc: 1.0000
 480/1460 [========>.....................] - ETA: 0s - loss: 3.1826e-04 - acc: 1.0000
 960/1460 [==================>...........] - ETA: 0s - loss: 2.9847e-04 - acc: 1.0000
1420/1460 [============================>.] - ETA: 0s - loss: 2.8394e-04 - acc: 1.0000
1460/1460 [==============================] - 0s 113us/step - loss: 2.7887e-04 - acc: 1.0000 - val_loss: 0.1031 - val_acc: 0.9877
Epoch 17/30

  20/1460 [..............................] - ETA: 0s - loss: 1.8429e-04 - acc: 1.0000
 460/1460 [========>.....................] - ETA: 0s - loss: 2.4214e-04 - acc: 1.0000
 920/1460 [=================>............] - ETA: 0s - loss: 2.2024e-04 - acc: 1.0000
1400/1460 [===========================>..] - ETA: 0s - loss: 2.4777e-04 - acc: 1.0000
1460/1460 [==============================] - 0s 113us/step - loss: 2.5257e-04 - acc: 1.0000 - val_loss: 0.1040 - val_acc: 0.9877
Epoch 18/30

  20/1460 [..............................] - ETA: 0s - loss: 4.3524e-04 - acc: 1.0000
 480/1460 [========>.....................] - ETA: 0s - loss: 2.1753e-04 - acc: 1.0000
 920/1460 [=================>............] - ETA: 0s - loss: 2.3503e-04 - acc: 1.0000
1380/1460 [===========================>..] - ETA: 0s - loss: 2.2553e-04 - acc: 1.0000
1460/1460 [==============================] - 0s 117us/step - loss: 2.2488e-04 - acc: 1.0000 - val_loss: 0.1050 - val_acc: 0.9877
acc: 98.77%
Train on 1460 samples, validate on 162 samples
Epoch 1/30

  20/1460 [..............................] - ETA: 1:20 - loss: 0.7071 - acc: 0.6000
 480/1460 [========>.....................] - ETA: 2s - loss: 0.4315 - acc: 0.8063  
 960/1460 [==================>...........] - ETA: 0s - loss: 0.2848 - acc: 0.8844
1420/1460 [============================>.] - ETA: 0s - loss: 0.2160 - acc: 0.9134
1460/1460 [==============================] - 1s 964us/step - loss: 0.2110 - acc: 0.9158 - val_loss: 0.0591 - val_acc: 0.9938
Epoch 2/30

  20/1460 [..............................] - ETA: 0s - loss: 0.0244 - acc: 1.0000
 480/1460 [========>.....................] - ETA: 0s - loss: 0.0368 - acc: 0.9875
 940/1460 [==================>...........] - ETA: 0s - loss: 0.0513 - acc: 0.9819
1420/1460 [============================>.] - ETA: 0s - loss: 0.0490 - acc: 0.9824
1460/1460 [==============================] - 0s 114us/step - loss: 0.0480 - acc: 0.9829 - val_loss: 0.0670 - val_acc: 0.9815
Epoch 3/30

  20/1460 [..............................] - ETA: 0s - loss: 0.0088 - acc: 1.0000
 460/1460 [========>.....................] - ETA: 0s - loss: 0.0265 - acc: 0.9935
 920/1460 [=================>............] - ETA: 0s - loss: 0.0218 - acc: 0.9957
1380/1460 [===========================>..] - ETA: 0s - loss: 0.0204 - acc: 0.9964
1460/1460 [==============================] - 0s 115us/step - loss: 0.0203 - acc: 0.9966 - val_loss: 0.0630 - val_acc: 0.9815
Epoch 4/30

  20/1460 [..............................] - ETA: 0s - loss: 0.0035 - acc: 1.0000
 460/1460 [========>.....................] - ETA: 0s - loss: 0.0113 - acc: 0.9978
 940/1460 [==================>...........] - ETA: 0s - loss: 0.0098 - acc: 0.9979
1420/1460 [============================>.] - ETA: 0s - loss: 0.0107 - acc: 0.9979
1460/1460 [==============================] - 0s 112us/step - loss: 0.0105 - acc: 0.9979 - val_loss: 0.0642 - val_acc: 0.9815
Epoch 5/30

  20/1460 [..............................] - ETA: 0s - loss: 0.0057 - acc: 1.0000
 480/1460 [========>.....................] - ETA: 0s - loss: 0.0061 - acc: 1.0000
 960/1460 [==================>...........] - ETA: 0s - loss: 0.0067 - acc: 0.9990
1440/1460 [============================>.] - ETA: 0s - loss: 0.0067 - acc: 0.9986
1460/1460 [==============================] - 0s 112us/step - loss: 0.0067 - acc: 0.9986 - val_loss: 0.0635 - val_acc: 0.9877
Epoch 6/30

  20/1460 [..............................] - ETA: 0s - loss: 0.0024 - acc: 1.0000
 480/1460 [========>.....................] - ETA: 0s - loss: 0.0037 - acc: 1.0000
 940/1460 [==================>...........] - ETA: 0s - loss: 0.0030 - acc: 1.0000
1400/1460 [===========================>..] - ETA: 0s - loss: 0.0038 - acc: 0.9993
1460/1460 [==============================] - 0s 115us/step - loss: 0.0047 - acc: 0.9986 - val_loss: 0.0699 - val_acc: 0.9877
Epoch 7/30

  20/1460 [..............................] - ETA: 0s - loss: 0.0014 - acc: 1.0000
 480/1460 [========>.....................] - ETA: 0s - loss: 0.0040 - acc: 1.0000
 960/1460 [==================>...........] - ETA: 0s - loss: 0.0032 - acc: 1.0000
1420/1460 [============================>.] - ETA: 0s - loss: 0.0026 - acc: 1.0000
1460/1460 [==============================] - 0s 111us/step - loss: 0.0026 - acc: 1.0000 - val_loss: 0.0645 - val_acc: 0.9877
Epoch 8/30

  20/1460 [..............................] - ETA: 0s - loss: 0.0036 - acc: 1.0000
 480/1460 [========>.....................] - ETA: 0s - loss: 0.0021 - acc: 1.0000
 940/1460 [==================>...........] - ETA: 0s - loss: 0.0017 - acc: 1.0000
1440/1460 [============================>.] - ETA: 0s - loss: 0.0017 - acc: 1.0000
1460/1460 [==============================] - 0s 112us/step - loss: 0.0017 - acc: 1.0000 - val_loss: 0.0621 - val_acc: 0.9877
Epoch 9/30

  20/1460 [..............................] - ETA: 0s - loss: 0.0021 - acc: 1.0000
 480/1460 [========>.....................] - ETA: 0s - loss: 0.0012 - acc: 1.0000
 940/1460 [==================>...........] - ETA: 0s - loss: 9.6250e-04 - acc: 1.0000
1380/1460 [===========================>..] - ETA: 0s - loss: 0.0010 - acc: 1.0000    
1460/1460 [==============================] - 0s 115us/step - loss: 9.9963e-04 - acc: 1.0000 - val_loss: 0.0629 - val_acc: 0.9877
Epoch 10/30

  20/1460 [..............................] - ETA: 0s - loss: 6.4183e-04 - acc: 1.0000
 480/1460 [========>.....................] - ETA: 0s - loss: 7.8758e-04 - acc: 1.0000
 940/1460 [==================>...........] - ETA: 0s - loss: 7.4420e-04 - acc: 1.0000
1360/1460 [==========================>...] - ETA: 0s - loss: 7.3962e-04 - acc: 1.0000
1460/1460 [==============================] - 0s 116us/step - loss: 7.4481e-04 - acc: 1.0000 - val_loss: 0.0638 - val_acc: 0.9877
Epoch 11/30

  20/1460 [..............................] - ETA: 0s - loss: 3.1421e-04 - acc: 1.0000
 460/1460 [========>.....................] - ETA: 0s - loss: 6.8975e-04 - acc: 1.0000
 900/1460 [=================>............] - ETA: 0s - loss: 5.9052e-04 - acc: 1.0000
1360/1460 [==========================>...] - ETA: 0s - loss: 5.9637e-04 - acc: 1.0000
1460/1460 [==============================] - 0s 119us/step - loss: 6.0948e-04 - acc: 1.0000 - val_loss: 0.0642 - val_acc: 0.9877
Epoch 12/30

  20/1460 [..............................] - ETA: 0s - loss: 9.6581e-04 - acc: 1.0000
 480/1460 [========>.....................] - ETA: 0s - loss: 4.7061e-04 - acc: 1.0000
 920/1460 [=================>............] - ETA: 0s - loss: 5.0681e-04 - acc: 1.0000
1380/1460 [===========================>..] - ETA: 0s - loss: 5.2403e-04 - acc: 1.0000
1460/1460 [==============================] - 0s 116us/step - loss: 5.2590e-04 - acc: 1.0000 - val_loss: 0.0655 - val_acc: 0.9877
Epoch 13/30

  20/1460 [..............................] - ETA: 0s - loss: 7.7861e-04 - acc: 1.0000
 480/1460 [========>.....................] - ETA: 0s - loss: 4.4055e-04 - acc: 1.0000
 940/1460 [==================>...........] - ETA: 0s - loss: 4.5459e-04 - acc: 1.0000
1400/1460 [===========================>..] - ETA: 0s - loss: 4.5548e-04 - acc: 1.0000
1460/1460 [==============================] - 0s 114us/step - loss: 4.5356e-04 - acc: 1.0000 - val_loss: 0.0665 - val_acc: 0.9877
Epoch 14/30

  20/1460 [..............................] - ETA: 0s - loss: 2.0971e-04 - acc: 1.0000
 480/1460 [========>.....................] - ETA: 0s - loss: 3.5954e-04 - acc: 1.0000
 920/1460 [=================>............] - ETA: 0s - loss: 3.6951e-04 - acc: 1.0000
1380/1460 [===========================>..] - ETA: 0s - loss: 3.9711e-04 - acc: 1.0000
1460/1460 [==============================] - 0s 117us/step - loss: 3.9220e-04 - acc: 1.0000 - val_loss: 0.0667 - val_acc: 0.9877
Epoch 15/30

  20/1460 [..............................] - ETA: 0s - loss: 1.9515e-04 - acc: 1.0000
 460/1460 [========>.....................] - ETA: 0s - loss: 2.6935e-04 - acc: 1.0000
 920/1460 [=================>............] - ETA: 0s - loss: 3.4597e-04 - acc: 1.0000
1380/1460 [===========================>..] - ETA: 0s - loss: 3.4087e-04 - acc: 1.0000
1460/1460 [==============================] - 0s 118us/step - loss: 3.4782e-04 - acc: 1.0000 - val_loss: 0.0674 - val_acc: 0.9877
Epoch 16/30

  20/1460 [..............................] - ETA: 0s - loss: 3.8047e-04 - acc: 1.0000
 440/1460 [========>.....................] - ETA: 0s - loss: 3.7106e-04 - acc: 1.0000
 900/1460 [=================>............] - ETA: 0s - loss: 3.3766e-04 - acc: 1.0000
1380/1460 [===========================>..] - ETA: 0s - loss: 3.1172e-04 - acc: 1.0000
1460/1460 [==============================] - 0s 116us/step - loss: 3.1109e-04 - acc: 1.0000 - val_loss: 0.0677 - val_acc: 0.9877
Epoch 17/30

  20/1460 [..............................] - ETA: 0s - loss: 3.4287e-04 - acc: 1.0000
 500/1460 [=========>....................] - ETA: 0s - loss: 3.0393e-04 - acc: 1.0000
 980/1460 [===================>..........] - ETA: 0s - loss: 2.9420e-04 - acc: 1.0000
1460/1460 [==============================] - 0s 111us/step - loss: 2.7490e-04 - acc: 1.0000 - val_loss: 0.0684 - val_acc: 0.9877
acc: 99.38%
Train on 1460 samples, validate on 162 samples
Epoch 1/30

  20/1460 [..............................] - ETA: 1:28 - loss: 0.6939 - acc: 0.6500
 480/1460 [========>.....................] - ETA: 2s - loss: 0.4002 - acc: 0.8271  
 940/1460 [==================>...........] - ETA: 0s - loss: 0.2660 - acc: 0.8968
1380/1460 [===========================>..] - ETA: 0s - loss: 0.2165 - acc: 0.9181
1460/1460 [==============================] - 2s 1ms/step - loss: 0.2101 - acc: 0.9205 - val_loss: 0.1068 - val_acc: 0.9691
Epoch 2/30

  20/1460 [..............................] - ETA: 0s - loss: 0.0291 - acc: 1.0000
 440/1460 [========>.....................] - ETA: 0s - loss: 0.0348 - acc: 0.9955
 900/1460 [=================>............] - ETA: 0s - loss: 0.0367 - acc: 0.9933
1360/1460 [==========================>...] - ETA: 0s - loss: 0.0441 - acc: 0.9904
1460/1460 [==============================] - 0s 119us/step - loss: 0.0437 - acc: 0.9897 - val_loss: 0.0921 - val_acc: 0.9568
Epoch 3/30

  20/1460 [..............................] - ETA: 0s - loss: 0.0112 - acc: 1.0000
 460/1460 [========>.....................] - ETA: 0s - loss: 0.0235 - acc: 0.9957
 900/1460 [=================>............] - ETA: 0s - loss: 0.0191 - acc: 0.9967
1340/1460 [==========================>...] - ETA: 0s - loss: 0.0207 - acc: 0.9955
1460/1460 [==============================] - 0s 118us/step - loss: 0.0196 - acc: 0.9959 - val_loss: 0.0720 - val_acc: 0.9691
Epoch 4/30

  20/1460 [..............................] - ETA: 0s - loss: 0.0065 - acc: 1.0000
 480/1460 [========>.....................] - ETA: 0s - loss: 0.0087 - acc: 1.0000
 900/1460 [=================>............] - ETA: 0s - loss: 0.0088 - acc: 1.0000
1300/1460 [=========================>....] - ETA: 0s - loss: 0.0116 - acc: 0.9985
1460/1460 [==============================] - 0s 124us/step - loss: 0.0111 - acc: 0.9986 - val_loss: 0.0950 - val_acc: 0.9630
Epoch 5/30

  20/1460 [..............................] - ETA: 0s - loss: 0.0035 - acc: 1.0000
 400/1460 [=======>......................] - ETA: 0s - loss: 0.0066 - acc: 0.9975
 820/1460 [===============>..............] - ETA: 0s - loss: 0.0078 - acc: 0.9963
1300/1460 [=========================>....] - ETA: 0s - loss: 0.0065 - acc: 0.9977
1460/1460 [==============================] - 0s 122us/step - loss: 0.0061 - acc: 0.9979 - val_loss: 0.0849 - val_acc: 0.9691
Epoch 6/30

  20/1460 [..............................] - ETA: 0s - loss: 9.4088e-04 - acc: 1.0000
 480/1460 [========>.....................] - ETA: 0s - loss: 0.0064 - acc: 0.9979    
 940/1460 [==================>...........] - ETA: 0s - loss: 0.0053 - acc: 0.9989
1380/1460 [===========================>..] - ETA: 0s - loss: 0.0043 - acc: 0.9993
1460/1460 [==============================] - 0s 117us/step - loss: 0.0041 - acc: 0.9993 - val_loss: 0.0830 - val_acc: 0.9691
Epoch 7/30

  20/1460 [..............................] - ETA: 0s - loss: 0.0016 - acc: 1.0000
 460/1460 [========>.....................] - ETA: 0s - loss: 0.0029 - acc: 1.0000
 900/1460 [=================>............] - ETA: 0s - loss: 0.0028 - acc: 1.0000
1360/1460 [==========================>...] - ETA: 0s - loss: 0.0023 - acc: 1.0000
1460/1460 [==============================] - 0s 119us/step - loss: 0.0023 - acc: 1.0000 - val_loss: 0.0827 - val_acc: 0.9691
Epoch 8/30

  20/1460 [..............................] - ETA: 0s - loss: 0.0017 - acc: 1.0000
 460/1460 [========>.....................] - ETA: 0s - loss: 0.0018 - acc: 1.0000
 900/1460 [=================>............] - ETA: 0s - loss: 0.0016 - acc: 1.0000
1360/1460 [==========================>...] - ETA: 0s - loss: 0.0016 - acc: 1.0000
1460/1460 [==============================] - 0s 117us/step - loss: 0.0015 - acc: 1.0000 - val_loss: 0.0879 - val_acc: 0.9691
Epoch 9/30

  20/1460 [..............................] - ETA: 0s - loss: 0.0013 - acc: 1.0000
 480/1460 [========>.....................] - ETA: 0s - loss: 0.0011 - acc: 1.0000
 960/1460 [==================>...........] - ETA: 0s - loss: 0.0010 - acc: 1.0000
1440/1460 [============================>.] - ETA: 0s - loss: 9.5860e-04 - acc: 1.0000
1460/1460 [==============================] - 0s 113us/step - loss: 9.5403e-04 - acc: 1.0000 - val_loss: 0.0891 - val_acc: 0.9691
Epoch 10/30

  20/1460 [..............................] - ETA: 0s - loss: 5.2676e-04 - acc: 1.0000
 500/1460 [=========>....................] - ETA: 0s - loss: 7.2656e-04 - acc: 1.0000
 940/1460 [==================>...........] - ETA: 0s - loss: 7.2256e-04 - acc: 1.0000
1380/1460 [===========================>..] - ETA: 0s - loss: 7.1221e-04 - acc: 1.0000
1460/1460 [==============================] - 0s 117us/step - loss: 7.2025e-04 - acc: 1.0000 - val_loss: 0.0912 - val_acc: 0.9691
Epoch 11/30

  20/1460 [..............................] - ETA: 0s - loss: 4.3343e-04 - acc: 1.0000
 480/1460 [========>.....................] - ETA: 0s - loss: 6.3355e-04 - acc: 1.0000
 920/1460 [=================>............] - ETA: 0s - loss: 6.0217e-04 - acc: 1.0000
1360/1460 [==========================>...] - ETA: 0s - loss: 5.9261e-04 - acc: 1.0000
1460/1460 [==============================] - 0s 117us/step - loss: 5.9433e-04 - acc: 1.0000 - val_loss: 0.0914 - val_acc: 0.9691
Epoch 12/30

  20/1460 [..............................] - ETA: 0s - loss: 0.0017 - acc: 1.0000
 460/1460 [========>.....................] - ETA: 0s - loss: 5.7682e-04 - acc: 1.0000
 920/1460 [=================>............] - ETA: 0s - loss: 5.1580e-04 - acc: 1.0000
1380/1460 [===========================>..] - ETA: 0s - loss: 4.9658e-04 - acc: 1.0000
1460/1460 [==============================] - 0s 117us/step - loss: 5.0258e-04 - acc: 1.0000 - val_loss: 0.0925 - val_acc: 0.9691
Epoch 13/30

  20/1460 [..............................] - ETA: 0s - loss: 2.8086e-04 - acc: 1.0000
 480/1460 [========>.....................] - ETA: 0s - loss: 4.2754e-04 - acc: 1.0000
 900/1460 [=================>............] - ETA: 0s - loss: 4.2835e-04 - acc: 1.0000
1360/1460 [==========================>...] - ETA: 0s - loss: 4.4926e-04 - acc: 1.0000
1460/1460 [==============================] - 0s 117us/step - loss: 4.4034e-04 - acc: 1.0000 - val_loss: 0.0935 - val_acc: 0.9691
Epoch 14/30

  20/1460 [..............................] - ETA: 0s - loss: 3.0327e-04 - acc: 1.0000
 480/1460 [========>.....................] - ETA: 0s - loss: 4.0179e-04 - acc: 1.0000
 920/1460 [=================>............] - ETA: 0s - loss: 3.9054e-04 - acc: 1.0000
1380/1460 [===========================>..] - ETA: 0s - loss: 3.8700e-04 - acc: 1.0000
1460/1460 [==============================] - 0s 116us/step - loss: 3.8418e-04 - acc: 1.0000 - val_loss: 0.0939 - val_acc: 0.9691
Epoch 15/30

  20/1460 [..............................] - ETA: 0s - loss: 5.2921e-04 - acc: 1.0000
 460/1460 [========>.....................] - ETA: 0s - loss: 3.1262e-04 - acc: 1.0000
 920/1460 [=================>............] - ETA: 0s - loss: 3.3168e-04 - acc: 1.0000
1360/1460 [==========================>...] - ETA: 0s - loss: 3.2910e-04 - acc: 1.0000
1460/1460 [==============================] - 0s 117us/step - loss: 3.3570e-04 - acc: 1.0000 - val_loss: 0.0944 - val_acc: 0.9691
Epoch 16/30

  20/1460 [..............................] - ETA: 0s - loss: 2.8343e-04 - acc: 1.0000
 480/1460 [========>.....................] - ETA: 0s - loss: 2.5971e-04 - acc: 1.0000
 940/1460 [==================>...........] - ETA: 0s - loss: 3.0207e-04 - acc: 1.0000
1380/1460 [===========================>..] - ETA: 0s - loss: 2.9400e-04 - acc: 1.0000
1460/1460 [==============================] - 0s 117us/step - loss: 2.9759e-04 - acc: 1.0000 - val_loss: 0.0959 - val_acc: 0.9691
Epoch 17/30

  20/1460 [..............................] - ETA: 0s - loss: 8.1432e-05 - acc: 1.0000
 480/1460 [========>.....................] - ETA: 0s - loss: 2.5112e-04 - acc: 1.0000
 900/1460 [=================>............] - ETA: 0s - loss: 2.6563e-04 - acc: 1.0000
1360/1460 [==========================>...] - ETA: 0s - loss: 2.7231e-04 - acc: 1.0000
1460/1460 [==============================] - 0s 117us/step - loss: 2.6717e-04 - acc: 1.0000 - val_loss: 0.0966 - val_acc: 0.9691
acc: 96.91%
Train on 1461 samples, validate on 161 samples
Epoch 1/30

  20/1461 [..............................] - ETA: 1:43 - loss: 0.6966 - acc: 0.4500
 480/1461 [========>.....................] - ETA: 3s - loss: 0.4250 - acc: 0.8167  
 940/1461 [==================>...........] - ETA: 0s - loss: 0.2774 - acc: 0.8936
1380/1461 [===========================>..] - ETA: 0s - loss: 0.2079 - acc: 0.9225
1461/1461 [==============================] - 2s 1ms/step - loss: 0.2021 - acc: 0.9240 - val_loss: 0.0821 - val_acc: 0.9627
Epoch 2/30

  20/1461 [..............................] - ETA: 0s - loss: 0.1584 - acc: 0.9500
 460/1461 [========>.....................] - ETA: 0s - loss: 0.0422 - acc: 0.9891
 920/1461 [=================>............] - ETA: 0s - loss: 0.0545 - acc: 0.9848
1380/1461 [===========================>..] - ETA: 0s - loss: 0.0557 - acc: 0.9833
1461/1461 [==============================] - 0s 121us/step - loss: 0.0533 - acc: 0.9843 - val_loss: 0.0447 - val_acc: 0.9876
Epoch 3/30

  20/1461 [..............................] - ETA: 0s - loss: 0.0172 - acc: 1.0000
 480/1461 [========>.....................] - ETA: 0s - loss: 0.0167 - acc: 0.9979
 940/1461 [==================>...........] - ETA: 0s - loss: 0.0247 - acc: 0.9947
1400/1461 [===========================>..] - ETA: 0s - loss: 0.0216 - acc: 0.9957
1461/1461 [==============================] - 0s 116us/step - loss: 0.0209 - acc: 0.9959 - val_loss: 0.0336 - val_acc: 0.9876
Epoch 4/30

  20/1461 [..............................] - ETA: 0s - loss: 0.0043 - acc: 1.0000
 480/1461 [========>.....................] - ETA: 0s - loss: 0.0058 - acc: 1.0000
 920/1461 [=================>............] - ETA: 0s - loss: 0.0077 - acc: 0.9989
1340/1461 [==========================>...] - ETA: 0s - loss: 0.0096 - acc: 0.9978
1461/1461 [==============================] - 0s 122us/step - loss: 0.0092 - acc: 0.9979 - val_loss: 0.0356 - val_acc: 0.9814
Epoch 5/30

  20/1461 [..............................] - ETA: 0s - loss: 0.0025 - acc: 1.0000
 460/1461 [========>.....................] - ETA: 0s - loss: 0.0064 - acc: 0.9978
 900/1461 [=================>............] - ETA: 0s - loss: 0.0056 - acc: 0.9989
1340/1461 [==========================>...] - ETA: 0s - loss: 0.0060 - acc: 0.9985
1461/1461 [==============================] - 0s 122us/step - loss: 0.0060 - acc: 0.9986 - val_loss: 0.0248 - val_acc: 0.9938
Epoch 6/30

  20/1461 [..............................] - ETA: 0s - loss: 0.0016 - acc: 1.0000
 480/1461 [========>.....................] - ETA: 0s - loss: 0.0025 - acc: 1.0000
 920/1461 [=================>............] - ETA: 0s - loss: 0.0045 - acc: 0.9989
1360/1461 [==========================>...] - ETA: 0s - loss: 0.0038 - acc: 0.9993
1461/1461 [==============================] - 0s 121us/step - loss: 0.0036 - acc: 0.9993 - val_loss: 0.0241 - val_acc: 0.9938
Epoch 7/30

  20/1461 [..............................] - ETA: 0s - loss: 9.0928e-04 - acc: 1.0000
 460/1461 [========>.....................] - ETA: 0s - loss: 0.0017 - acc: 1.0000    
 920/1461 [=================>............] - ETA: 0s - loss: 0.0015 - acc: 1.0000
1380/1461 [===========================>..] - ETA: 0s - loss: 0.0017 - acc: 1.0000
1461/1461 [==============================] - 0s 118us/step - loss: 0.0017 - acc: 1.0000 - val_loss: 0.0243 - val_acc: 0.9938
Epoch 8/30

  20/1461 [..............................] - ETA: 0s - loss: 0.0015 - acc: 1.0000
 480/1461 [========>.....................] - ETA: 0s - loss: 0.0016 - acc: 1.0000
 920/1461 [=================>............] - ETA: 0s - loss: 0.0013 - acc: 1.0000
1380/1461 [===========================>..] - ETA: 0s - loss: 0.0012 - acc: 1.0000
1461/1461 [==============================] - 0s 119us/step - loss: 0.0012 - acc: 1.0000 - val_loss: 0.0253 - val_acc: 0.9938
Epoch 9/30

  20/1461 [..............................] - ETA: 0s - loss: 5.2354e-04 - acc: 1.0000
 460/1461 [========>.....................] - ETA: 0s - loss: 9.1322e-04 - acc: 1.0000
 900/1461 [=================>............] - ETA: 0s - loss: 9.8676e-04 - acc: 1.0000
1360/1461 [==========================>...] - ETA: 0s - loss: 9.2606e-04 - acc: 1.0000
1461/1461 [==============================] - 0s 120us/step - loss: 8.9646e-04 - acc: 1.0000 - val_loss: 0.0259 - val_acc: 0.9938
Epoch 10/30

  20/1461 [..............................] - ETA: 0s - loss: 7.7613e-04 - acc: 1.0000
 460/1461 [========>.....................] - ETA: 0s - loss: 7.1184e-04 - acc: 1.0000
 920/1461 [=================>............] - ETA: 0s - loss: 6.3765e-04 - acc: 1.0000
1380/1461 [===========================>..] - ETA: 0s - loss: 7.3801e-04 - acc: 1.0000
1461/1461 [==============================] - 0s 118us/step - loss: 7.2887e-04 - acc: 1.0000 - val_loss: 0.0265 - val_acc: 0.9938
Epoch 11/30

  20/1461 [..............................] - ETA: 0s - loss: 5.1009e-04 - acc: 1.0000
 480/1461 [========>.....................] - ETA: 0s - loss: 5.9849e-04 - acc: 1.0000
 940/1461 [==================>...........] - ETA: 0s - loss: 5.3551e-04 - acc: 1.0000
1400/1461 [===========================>..] - ETA: 0s - loss: 6.1293e-04 - acc: 1.0000
1461/1461 [==============================] - 0s 115us/step - loss: 6.1117e-04 - acc: 1.0000 - val_loss: 0.0268 - val_acc: 0.9938
Epoch 12/30

  20/1461 [..............................] - ETA: 0s - loss: 1.4131e-04 - acc: 1.0000
 460/1461 [========>.....................] - ETA: 0s - loss: 5.2795e-04 - acc: 1.0000
 900/1461 [=================>............] - ETA: 0s - loss: 5.0070e-04 - acc: 1.0000
1340/1461 [==========================>...] - ETA: 0s - loss: 5.3018e-04 - acc: 1.0000
1461/1461 [==============================] - 0s 121us/step - loss: 5.2342e-04 - acc: 1.0000 - val_loss: 0.0292 - val_acc: 0.9938
Epoch 13/30

  20/1461 [..............................] - ETA: 0s - loss: 1.1226e-04 - acc: 1.0000
 460/1461 [========>.....................] - ETA: 0s - loss: 4.7614e-04 - acc: 1.0000
 900/1461 [=================>............] - ETA: 0s - loss: 4.2336e-04 - acc: 1.0000
1340/1461 [==========================>...] - ETA: 0s - loss: 4.3322e-04 - acc: 1.0000
1461/1461 [==============================] - 0s 121us/step - loss: 4.4527e-04 - acc: 1.0000 - val_loss: 0.0283 - val_acc: 0.9938
Epoch 14/30

  20/1461 [..............................] - ETA: 0s - loss: 2.7123e-04 - acc: 1.0000
 460/1461 [========>.....................] - ETA: 0s - loss: 4.1894e-04 - acc: 1.0000
 920/1461 [=================>............] - ETA: 0s - loss: 3.4170e-04 - acc: 1.0000
1380/1461 [===========================>..] - ETA: 0s - loss: 3.8970e-04 - acc: 1.0000
1461/1461 [==============================] - 0s 119us/step - loss: 3.8537e-04 - acc: 1.0000 - val_loss: 0.0284 - val_acc: 0.9938
Epoch 15/30

  20/1461 [..............................] - ETA: 0s - loss: 4.1925e-04 - acc: 1.0000
 480/1461 [========>.....................] - ETA: 0s - loss: 3.3153e-04 - acc: 1.0000
 940/1461 [==================>...........] - ETA: 0s - loss: 3.1946e-04 - acc: 1.0000
1400/1461 [===========================>..] - ETA: 0s - loss: 3.4361e-04 - acc: 1.0000
1461/1461 [==============================] - 0s 116us/step - loss: 3.3958e-04 - acc: 1.0000 - val_loss: 0.0286 - val_acc: 0.9938
Epoch 16/30

  20/1461 [..............................] - ETA: 0s - loss: 1.1028e-04 - acc: 1.0000
 460/1461 [========>.....................] - ETA: 0s - loss: 3.3831e-04 - acc: 1.0000
 900/1461 [=================>............] - ETA: 0s - loss: 3.2236e-04 - acc: 1.0000
1360/1461 [==========================>...] - ETA: 0s - loss: 2.9989e-04 - acc: 1.0000
1461/1461 [==============================] - 0s 121us/step - loss: 2.9897e-04 - acc: 1.0000 - val_loss: 0.0290 - val_acc: 0.9938
Epoch 17/30

  20/1461 [..............................] - ETA: 0s - loss: 3.2184e-04 - acc: 1.0000
 480/1461 [========>.....................] - ETA: 0s - loss: 3.2487e-04 - acc: 1.0000
 920/1461 [=================>............] - ETA: 0s - loss: 2.7624e-04 - acc: 1.0000
1380/1461 [===========================>..] - ETA: 0s - loss: 2.7164e-04 - acc: 1.0000
1461/1461 [==============================] - 0s 120us/step - loss: 2.6864e-04 - acc: 1.0000 - val_loss: 0.0291 - val_acc: 0.9938
Epoch 18/30

  20/1461 [..............................] - ETA: 0s - loss: 3.1179e-04 - acc: 1.0000
 480/1461 [========>.....................] - ETA: 0s - loss: 2.6758e-04 - acc: 1.0000
 940/1461 [==================>...........] - ETA: 0s - loss: 2.5625e-04 - acc: 1.0000
1400/1461 [===========================>..] - ETA: 0s - loss: 2.4768e-04 - acc: 1.0000
1461/1461 [==============================] - 0s 116us/step - loss: 2.4157e-04 - acc: 1.0000 - val_loss: 0.0293 - val_acc: 0.9938
Epoch 19/30

  20/1461 [..............................] - ETA: 0s - loss: 1.4425e-04 - acc: 1.0000
 480/1461 [========>.....................] - ETA: 0s - loss: 2.1924e-04 - acc: 1.0000
 940/1461 [==================>...........] - ETA: 0s - loss: 2.1324e-04 - acc: 1.0000
1400/1461 [===========================>..] - ETA: 0s - loss: 2.1895e-04 - acc: 1.0000
1461/1461 [==============================] - 0s 115us/step - loss: 2.1732e-04 - acc: 1.0000 - val_loss: 0.0294 - val_acc: 0.9938
Epoch 20/30

  20/1461 [..............................] - ETA: 0s - loss: 7.6723e-05 - acc: 1.0000
 460/1461 [========>.....................] - ETA: 0s - loss: 2.2660e-04 - acc: 1.0000
 900/1461 [=================>............] - ETA: 0s - loss: 2.0239e-04 - acc: 1.0000
1340/1461 [==========================>...] - ETA: 0s - loss: 1.9854e-04 - acc: 1.0000
1461/1461 [==============================] - 0s 121us/step - loss: 1.9907e-04 - acc: 1.0000 - val_loss: 0.0292 - val_acc: 0.9938
Epoch 21/30

  20/1461 [..............................] - ETA: 0s - loss: 6.9041e-05 - acc: 1.0000
 480/1461 [========>.....................] - ETA: 0s - loss: 1.7085e-04 - acc: 1.0000
 920/1461 [=================>............] - ETA: 0s - loss: 1.9017e-04 - acc: 1.0000
1360/1461 [==========================>...] - ETA: 0s - loss: 1.8080e-04 - acc: 1.0000
1461/1461 [==============================] - 0s 119us/step - loss: 1.7959e-04 - acc: 1.0000 - val_loss: 0.0294 - val_acc: 0.9938
acc: 99.38%
Accuracy: 98.52% (+/- 0.74%)
