Train on 1459 samples, validate on 163 samples
Epoch 1/30

  10/1459 [..............................] - ETA: 1:03 - loss: 0.6978 - acc: 0.5000
 280/1459 [====>.........................] - ETA: 2s - loss: 0.4455 - acc: 0.8071  
 540/1459 [==========>...................] - ETA: 0s - loss: 0.3098 - acc: 0.8796
 790/1459 [===============>..............] - ETA: 0s - loss: 0.2374 - acc: 0.9114
1030/1459 [====================>.........] - ETA: 0s - loss: 0.2067 - acc: 0.9223
1300/1459 [=========================>....] - ETA: 0s - loss: 0.1830 - acc: 0.9323
1459/1459 [==============================] - 1s 540us/step - loss: 0.1719 - acc: 0.9369 - val_loss: 0.1173 - val_acc: 0.9571
Epoch 2/30

  10/1459 [..............................] - ETA: 0s - loss: 0.1498 - acc: 0.9000
 220/1459 [===>..........................] - ETA: 0s - loss: 0.0748 - acc: 0.9727
 470/1459 [========>.....................] - ETA: 0s - loss: 0.0849 - acc: 0.9723
 720/1459 [=============>................] - ETA: 0s - loss: 0.0764 - acc: 0.9750
 970/1459 [==================>...........] - ETA: 0s - loss: 0.0896 - acc: 0.9711
1230/1459 [========================>.....] - ETA: 0s - loss: 0.0863 - acc: 0.9691
1430/1459 [============================>.] - ETA: 0s - loss: 0.1051 - acc: 0.9671
1459/1459 [==============================] - 0s 222us/step - loss: 0.1057 - acc: 0.9664 - val_loss: 0.1672 - val_acc: 0.9509
Epoch 3/30

  10/1459 [..............................] - ETA: 0s - loss: 0.0148 - acc: 1.0000
 270/1459 [====>.........................] - ETA: 0s - loss: 0.0366 - acc: 0.9926
 530/1459 [=========>....................] - ETA: 0s - loss: 0.0533 - acc: 0.9868
 800/1459 [===============>..............] - ETA: 0s - loss: 0.0670 - acc: 0.9800
1060/1459 [====================>.........] - ETA: 0s - loss: 0.0625 - acc: 0.9802
1320/1459 [==========================>...] - ETA: 0s - loss: 0.0704 - acc: 0.9773
1459/1459 [==============================] - 0s 201us/step - loss: 0.0801 - acc: 0.9753 - val_loss: 0.2121 - val_acc: 0.9202
acc: 95.71%
Train on 1459 samples, validate on 163 samples
Epoch 1/30

  10/1459 [..............................] - ETA: 1:14 - loss: 0.6705 - acc: 0.7000
 240/1459 [===>..........................] - ETA: 2s - loss: 0.5293 - acc: 0.7458  
 480/1459 [========>.....................] - ETA: 1s - loss: 0.3462 - acc: 0.8437
 730/1459 [==============>...............] - ETA: 0s - loss: 0.2688 - acc: 0.8849
 990/1459 [===================>..........] - ETA: 0s - loss: 0.2313 - acc: 0.9051
1240/1459 [========================>.....] - ETA: 0s - loss: 0.2214 - acc: 0.9113
1430/1459 [============================>.] - ETA: 0s - loss: 0.2008 - acc: 0.9210
1459/1459 [==============================] - 1s 612us/step - loss: 0.1978 - acc: 0.9225 - val_loss: 0.2105 - val_acc: 0.9264
Epoch 2/30

  10/1459 [..............................] - ETA: 0s - loss: 0.0065 - acc: 1.0000
 270/1459 [====>.........................] - ETA: 0s - loss: 0.0833 - acc: 0.9741
 530/1459 [=========>....................] - ETA: 0s - loss: 0.0771 - acc: 0.9755
 750/1459 [==============>...............] - ETA: 0s - loss: 0.0764 - acc: 0.9760
1010/1459 [===================>..........] - ETA: 0s - loss: 0.0821 - acc: 0.9683
1270/1459 [=========================>....] - ETA: 0s - loss: 0.0801 - acc: 0.9677
1459/1459 [==============================] - 0s 209us/step - loss: 0.0809 - acc: 0.9678 - val_loss: 0.1090 - val_acc: 0.9509
Epoch 3/30

  10/1459 [..............................] - ETA: 0s - loss: 0.0831 - acc: 0.9000
 260/1459 [====>.........................] - ETA: 0s - loss: 0.0992 - acc: 0.9577
 500/1459 [=========>....................] - ETA: 0s - loss: 0.0976 - acc: 0.9640
 740/1459 [==============>...............] - ETA: 0s - loss: 0.0792 - acc: 0.9716
 990/1459 [===================>..........] - ETA: 0s - loss: 0.0746 - acc: 0.9717
1240/1459 [========================>.....] - ETA: 0s - loss: 0.0733 - acc: 0.9734
1459/1459 [==============================] - 0s 214us/step - loss: 0.0695 - acc: 0.9767 - val_loss: 0.1626 - val_acc: 0.9202
Epoch 4/30

  10/1459 [..............................] - ETA: 0s - loss: 0.0090 - acc: 1.0000
 230/1459 [===>..........................] - ETA: 0s - loss: 0.1077 - acc: 0.9696
 490/1459 [=========>....................] - ETA: 0s - loss: 0.1139 - acc: 0.9673
 750/1459 [==============>...............] - ETA: 0s - loss: 0.0934 - acc: 0.9720
1010/1459 [===================>..........] - ETA: 0s - loss: 0.0837 - acc: 0.9723
1260/1459 [========================>.....] - ETA: 0s - loss: 0.0791 - acc: 0.9746
1459/1459 [==============================] - 0s 209us/step - loss: 0.0827 - acc: 0.9726 - val_loss: 0.2071 - val_acc: 0.9448
acc: 95.09%
Train on 1459 samples, validate on 163 samples
Epoch 1/30

  10/1459 [..............................] - ETA: 1:26 - loss: 0.6634 - acc: 0.6000
 250/1459 [====>.........................] - ETA: 3s - loss: 0.4375 - acc: 0.8040  
 490/1459 [=========>....................] - ETA: 1s - loss: 0.2805 - acc: 0.8816
 740/1459 [==============>...............] - ETA: 0s - loss: 0.2360 - acc: 0.9054
 980/1459 [===================>..........] - ETA: 0s - loss: 0.2033 - acc: 0.9194
1210/1459 [=======================>......] - ETA: 0s - loss: 0.1919 - acc: 0.9264
1440/1459 [============================>.] - ETA: 0s - loss: 0.1816 - acc: 0.9333
1459/1459 [==============================] - 1s 682us/step - loss: 0.1814 - acc: 0.9335 - val_loss: 0.1589 - val_acc: 0.9509
Epoch 2/30

  10/1459 [..............................] - ETA: 0s - loss: 0.0964 - acc: 1.0000
 260/1459 [====>.........................] - ETA: 0s - loss: 0.0828 - acc: 0.9692
 480/1459 [========>.....................] - ETA: 0s - loss: 0.0840 - acc: 0.9729
 730/1459 [==============>...............] - ETA: 0s - loss: 0.0895 - acc: 0.9726
 980/1459 [===================>..........] - ETA: 0s - loss: 0.0854 - acc: 0.9714
1240/1459 [========================>.....] - ETA: 0s - loss: 0.0885 - acc: 0.9694
1459/1459 [==============================] - 0s 213us/step - loss: 0.0936 - acc: 0.9650 - val_loss: 0.1791 - val_acc: 0.9264
Epoch 3/30

  10/1459 [..............................] - ETA: 0s - loss: 0.2151 - acc: 0.9000
 220/1459 [===>..........................] - ETA: 0s - loss: 0.1040 - acc: 0.9636
 470/1459 [========>.....................] - ETA: 0s - loss: 0.0963 - acc: 0.9617
 700/1459 [=============>................] - ETA: 0s - loss: 0.0935 - acc: 0.9629
 940/1459 [==================>...........] - ETA: 0s - loss: 0.0984 - acc: 0.9638
1160/1459 [======================>.......] - ETA: 0s - loss: 0.0889 - acc: 0.9672
1390/1459 [===========================>..] - ETA: 0s - loss: 0.0900 - acc: 0.9655
1459/1459 [==============================] - 0s 228us/step - loss: 0.0922 - acc: 0.9657 - val_loss: 0.1279 - val_acc: 0.9755
Epoch 4/30

  10/1459 [..............................] - ETA: 0s - loss: 0.0151 - acc: 1.0000
 250/1459 [====>.........................] - ETA: 0s - loss: 0.0472 - acc: 0.9840
 500/1459 [=========>....................] - ETA: 0s - loss: 0.0489 - acc: 0.9840
 760/1459 [==============>...............] - ETA: 0s - loss: 0.0634 - acc: 0.9776
 980/1459 [===================>..........] - ETA: 0s - loss: 0.0758 - acc: 0.9714
1240/1459 [========================>.....] - ETA: 0s - loss: 0.0915 - acc: 0.9677
1459/1459 [==============================] - 0s 212us/step - loss: 0.0932 - acc: 0.9685 - val_loss: 0.1344 - val_acc: 0.9448
Epoch 5/30

  10/1459 [..............................] - ETA: 0s - loss: 0.0601 - acc: 1.0000
 260/1459 [====>.........................] - ETA: 0s - loss: 0.0597 - acc: 0.9808
 510/1459 [=========>....................] - ETA: 0s - loss: 0.0711 - acc: 0.9725
 730/1459 [==============>...............] - ETA: 0s - loss: 0.0641 - acc: 0.9753
 970/1459 [==================>...........] - ETA: 0s - loss: 0.0704 - acc: 0.9722
1230/1459 [========================>.....] - ETA: 0s - loss: 0.0775 - acc: 0.9699
1459/1459 [==============================] - 0s 213us/step - loss: 0.0732 - acc: 0.9719 - val_loss: 0.1872 - val_acc: 0.9509
acc: 97.55%
Train on 1460 samples, validate on 162 samples
Epoch 1/30

  10/1460 [..............................] - ETA: 1:45 - loss: 0.6758 - acc: 0.8000
 270/1460 [====>.........................] - ETA: 3s - loss: 0.3444 - acc: 0.8593  
 500/1460 [=========>....................] - ETA: 1s - loss: 0.2365 - acc: 0.9080
 730/1460 [==============>...............] - ETA: 0s - loss: 0.1854 - acc: 0.9288
 970/1460 [==================>...........] - ETA: 0s - loss: 0.1648 - acc: 0.9392
1220/1460 [========================>.....] - ETA: 0s - loss: 0.1577 - acc: 0.9434
1460/1460 [==============================] - 1s 777us/step - loss: 0.1551 - acc: 0.9452 - val_loss: 0.1527 - val_acc: 0.9444
Epoch 2/30

  10/1460 [..............................] - ETA: 0s - loss: 0.2364 - acc: 1.0000
 240/1460 [===>..........................] - ETA: 0s - loss: 0.0945 - acc: 0.9750
 490/1460 [=========>....................] - ETA: 0s - loss: 0.0980 - acc: 0.9714
 720/1460 [=============>................] - ETA: 0s - loss: 0.1076 - acc: 0.9639
 960/1460 [==================>...........] - ETA: 0s - loss: 0.0965 - acc: 0.9687
1210/1460 [=======================>......] - ETA: 0s - loss: 0.0975 - acc: 0.9678
1460/1460 [==============================] - 0s 214us/step - loss: 0.0979 - acc: 0.9692 - val_loss: 0.1331 - val_acc: 0.9691
Epoch 3/30

  10/1460 [..............................] - ETA: 0s - loss: 0.0161 - acc: 1.0000
 260/1460 [====>.........................] - ETA: 0s - loss: 0.0678 - acc: 0.9769
 450/1460 [========>.....................] - ETA: 0s - loss: 0.0770 - acc: 0.9711
 690/1460 [=============>................] - ETA: 0s - loss: 0.0834 - acc: 0.9696
 910/1460 [=================>............] - ETA: 0s - loss: 0.0865 - acc: 0.9692
1150/1460 [======================>.......] - ETA: 0s - loss: 0.0961 - acc: 0.9678
1400/1460 [===========================>..] - ETA: 0s - loss: 0.0937 - acc: 0.9700
1460/1460 [==============================] - 0s 231us/step - loss: 0.0957 - acc: 0.9699 - val_loss: 0.1628 - val_acc: 0.9383
Epoch 4/30

  10/1460 [..............................] - ETA: 0s - loss: 0.0139 - acc: 1.0000
 240/1460 [===>..........................] - ETA: 0s - loss: 0.1787 - acc: 0.9417
 480/1460 [========>.....................] - ETA: 0s - loss: 0.1182 - acc: 0.9625
 740/1460 [==============>...............] - ETA: 0s - loss: 0.1027 - acc: 0.9703
1000/1460 [===================>..........] - ETA: 0s - loss: 0.0850 - acc: 0.9740
1220/1460 [========================>.....] - ETA: 0s - loss: 0.0875 - acc: 0.9730
1460/1460 [==============================] - 0s 215us/step - loss: 0.0769 - acc: 0.9767 - val_loss: 0.1090 - val_acc: 0.9691
acc: 96.91%
Train on 1460 samples, validate on 162 samples
Epoch 1/30

  10/1460 [..............................] - ETA: 1:55 - loss: 0.6898 - acc: 0.6000
 260/1460 [====>.........................] - ETA: 3s - loss: 0.5701 - acc: 0.7346  
 500/1460 [=========>....................] - ETA: 1s - loss: 0.3926 - acc: 0.8220
 740/1460 [==============>...............] - ETA: 0s - loss: 0.3055 - acc: 0.8676
 980/1460 [===================>..........] - ETA: 0s - loss: 0.2632 - acc: 0.8878
1230/1460 [========================>.....] - ETA: 0s - loss: 0.2424 - acc: 0.8984
1460/1460 [==============================] - 1s 820us/step - loss: 0.2275 - acc: 0.9062 - val_loss: 0.1076 - val_acc: 0.9568
Epoch 2/30

  10/1460 [..............................] - ETA: 0s - loss: 0.0361 - acc: 1.0000
 240/1460 [===>..........................] - ETA: 0s - loss: 0.0595 - acc: 0.9792
 470/1460 [========>.....................] - ETA: 0s - loss: 0.0638 - acc: 0.9830
 720/1460 [=============>................] - ETA: 0s - loss: 0.0634 - acc: 0.9833
 960/1460 [==================>...........] - ETA: 0s - loss: 0.0769 - acc: 0.9771
1170/1460 [=======================>......] - ETA: 0s - loss: 0.0799 - acc: 0.9744
1400/1460 [===========================>..] - ETA: 0s - loss: 0.0802 - acc: 0.9729
1460/1460 [==============================] - 0s 225us/step - loss: 0.0832 - acc: 0.9726 - val_loss: 0.1179 - val_acc: 0.9506
Epoch 3/30

  10/1460 [..............................] - ETA: 0s - loss: 0.5849 - acc: 0.9000
 250/1460 [====>.........................] - ETA: 0s - loss: 0.1020 - acc: 0.9720
 500/1460 [=========>....................] - ETA: 0s - loss: 0.0781 - acc: 0.9720
 730/1460 [==============>...............] - ETA: 0s - loss: 0.0833 - acc: 0.9740
 980/1460 [===================>..........] - ETA: 0s - loss: 0.0807 - acc: 0.9755
1230/1460 [========================>.....] - ETA: 0s - loss: 0.0855 - acc: 0.9740
1460/1460 [==============================] - 0s 212us/step - loss: 0.0859 - acc: 0.9753 - val_loss: 0.0677 - val_acc: 0.9753
Epoch 4/30

  10/1460 [..............................] - ETA: 0s - loss: 0.0034 - acc: 1.0000
 270/1460 [====>.........................] - ETA: 0s - loss: 0.0985 - acc: 0.9519
 470/1460 [========>.....................] - ETA: 0s - loss: 0.0867 - acc: 0.9638
 710/1460 [=============>................] - ETA: 0s - loss: 0.0810 - acc: 0.9676
 950/1460 [==================>...........] - ETA: 0s - loss: 0.0865 - acc: 0.9663
1160/1460 [======================>.......] - ETA: 0s - loss: 0.0905 - acc: 0.9664
1380/1460 [===========================>..] - ETA: 0s - loss: 0.0915 - acc: 0.9659
1460/1460 [==============================] - 0s 230us/step - loss: 0.0949 - acc: 0.9644 - val_loss: 0.0474 - val_acc: 0.9877
Epoch 5/30

  10/1460 [..............................] - ETA: 0s - loss: 0.0073 - acc: 1.0000
 250/1460 [====>.........................] - ETA: 0s - loss: 0.0705 - acc: 0.9800
 500/1460 [=========>....................] - ETA: 0s - loss: 0.0723 - acc: 0.9820
 740/1460 [==============>...............] - ETA: 0s - loss: 0.0749 - acc: 0.9730
 960/1460 [==================>...........] - ETA: 0s - loss: 0.0734 - acc: 0.9719
1160/1460 [======================>.......] - ETA: 0s - loss: 0.0776 - acc: 0.9724
1400/1460 [===========================>..] - ETA: 0s - loss: 0.0847 - acc: 0.9707
1460/1460 [==============================] - 0s 226us/step - loss: 0.0815 - acc: 0.9719 - val_loss: 0.0938 - val_acc: 0.9753
Epoch 6/30

  10/1460 [..............................] - ETA: 0s - loss: 0.0018 - acc: 1.0000
 260/1460 [====>.........................] - ETA: 0s - loss: 0.0813 - acc: 0.9769
 510/1460 [=========>....................] - ETA: 0s - loss: 0.0706 - acc: 0.9765
 750/1460 [==============>...............] - ETA: 0s - loss: 0.0599 - acc: 0.9800
 970/1460 [==================>...........] - ETA: 0s - loss: 0.0630 - acc: 0.9784
1210/1460 [=======================>......] - ETA: 0s - loss: 0.0585 - acc: 0.9785
1450/1460 [============================>.] - ETA: 0s - loss: 0.0588 - acc: 0.9800
1460/1460 [==============================] - 0s 216us/step - loss: 0.0584 - acc: 0.9801 - val_loss: 0.0474 - val_acc: 0.9815
acc: 98.77%
Train on 1460 samples, validate on 162 samples
Epoch 1/30

  10/1460 [..............................] - ETA: 2:21 - loss: 0.6983 - acc: 0.6000
 250/1460 [====>.........................] - ETA: 4s - loss: 0.5490 - acc: 0.7320  
 460/1460 [========>.....................] - ETA: 2s - loss: 0.4057 - acc: 0.8065
 650/1460 [============>.................] - ETA: 1s - loss: 0.3099 - acc: 0.8538
 870/1460 [================>.............] - ETA: 0s - loss: 0.2594 - acc: 0.8782
1090/1460 [=====================>........] - ETA: 0s - loss: 0.2270 - acc: 0.8991
1300/1460 [=========================>....] - ETA: 0s - loss: 0.2128 - acc: 0.9054
1460/1460 [==============================] - 1s 979us/step - loss: 0.2069 - acc: 0.9103 - val_loss: 0.1348 - val_acc: 0.9506
Epoch 2/30

  10/1460 [..............................] - ETA: 0s - loss: 0.0935 - acc: 0.9000
 250/1460 [====>.........................] - ETA: 0s - loss: 0.1224 - acc: 0.9560
 490/1460 [=========>....................] - ETA: 0s - loss: 0.1180 - acc: 0.9551
 730/1460 [==============>...............] - ETA: 0s - loss: 0.1434 - acc: 0.9438
 970/1460 [==================>...........] - ETA: 0s - loss: 0.1322 - acc: 0.9485
1180/1460 [=======================>......] - ETA: 0s - loss: 0.1256 - acc: 0.9517
1420/1460 [============================>.] - ETA: 0s - loss: 0.1112 - acc: 0.9577
1460/1460 [==============================] - 0s 224us/step - loss: 0.1124 - acc: 0.9582 - val_loss: 0.1237 - val_acc: 0.9691
Epoch 3/30

  10/1460 [..............................] - ETA: 0s - loss: 0.0713 - acc: 1.0000
 260/1460 [====>.........................] - ETA: 0s - loss: 0.0845 - acc: 0.9731
 500/1460 [=========>....................] - ETA: 0s - loss: 0.0735 - acc: 0.9780
 730/1460 [==============>...............] - ETA: 0s - loss: 0.0702 - acc: 0.9822
 970/1460 [==================>...........] - ETA: 0s - loss: 0.0698 - acc: 0.9814
1210/1460 [=======================>......] - ETA: 0s - loss: 0.0699 - acc: 0.9785
1450/1460 [============================>.] - ETA: 0s - loss: 0.0808 - acc: 0.9766
1460/1460 [==============================] - 0s 218us/step - loss: 0.0807 - acc: 0.9767 - val_loss: 0.1671 - val_acc: 0.9444
Epoch 4/30

  10/1460 [..............................] - ETA: 0s - loss: 0.0174 - acc: 1.0000
 260/1460 [====>.........................] - ETA: 0s - loss: 0.0586 - acc: 0.9846
 470/1460 [========>.....................] - ETA: 0s - loss: 0.0591 - acc: 0.9830
 700/1460 [=============>................] - ETA: 0s - loss: 0.0536 - acc: 0.9843
 950/1460 [==================>...........] - ETA: 0s - loss: 0.0502 - acc: 0.9842
1190/1460 [=======================>......] - ETA: 0s - loss: 0.0511 - acc: 0.9840
1420/1460 [============================>.] - ETA: 0s - loss: 0.0504 - acc: 0.9824
1460/1460 [==============================] - 0s 228us/step - loss: 0.0499 - acc: 0.9822 - val_loss: 0.1032 - val_acc: 0.9691
acc: 96.91%
Train on 1460 samples, validate on 162 samples
Epoch 1/30

  10/1460 [..............................] - ETA: 2:28 - loss: 0.7413 - acc: 0.3000
 240/1460 [===>..........................] - ETA: 5s - loss: 0.5647 - acc: 0.7167  
 460/1460 [========>.....................] - ETA: 2s - loss: 0.4077 - acc: 0.8174
 630/1460 [===========>..................] - ETA: 1s - loss: 0.3301 - acc: 0.8587
 850/1460 [================>.............] - ETA: 0s - loss: 0.2694 - acc: 0.8894
1080/1460 [=====================>........] - ETA: 0s - loss: 0.2354 - acc: 0.9065
1300/1460 [=========================>....] - ETA: 0s - loss: 0.2206 - acc: 0.9131
1460/1460 [==============================] - 1s 1ms/step - loss: 0.2130 - acc: 0.9164 - val_loss: 0.2029 - val_acc: 0.9444
Epoch 2/30

  10/1460 [..............................] - ETA: 0s - loss: 0.0877 - acc: 0.9000
 240/1460 [===>..........................] - ETA: 0s - loss: 0.1047 - acc: 0.9625
 440/1460 [========>.....................] - ETA: 0s - loss: 0.1050 - acc: 0.9682
 660/1460 [============>.................] - ETA: 0s - loss: 0.1068 - acc: 0.9697
 900/1460 [=================>............] - ETA: 0s - loss: 0.0941 - acc: 0.9733
1130/1460 [======================>.......] - ETA: 0s - loss: 0.1089 - acc: 0.9681
1350/1460 [==========================>...] - ETA: 0s - loss: 0.1009 - acc: 0.9704
1460/1460 [==============================] - 0s 234us/step - loss: 0.0979 - acc: 0.9699 - val_loss: 0.1414 - val_acc: 0.9506
Epoch 3/30

  10/1460 [..............................] - ETA: 0s - loss: 0.0350 - acc: 1.0000
 210/1460 [===>..........................] - ETA: 0s - loss: 0.0842 - acc: 0.9762
 440/1460 [========>.....................] - ETA: 0s - loss: 0.0815 - acc: 0.9727
 670/1460 [============>.................] - ETA: 0s - loss: 0.1015 - acc: 0.9657
 900/1460 [=================>............] - ETA: 0s - loss: 0.0911 - acc: 0.9678
1090/1460 [=====================>........] - ETA: 0s - loss: 0.0902 - acc: 0.9679
1320/1460 [==========================>...] - ETA: 0s - loss: 0.0866 - acc: 0.9705
1460/1460 [==============================] - 0s 240us/step - loss: 0.0832 - acc: 0.9712 - val_loss: 0.0848 - val_acc: 0.9691
Epoch 4/30

  10/1460 [..............................] - ETA: 0s - loss: 0.0066 - acc: 1.0000
 250/1460 [====>.........................] - ETA: 0s - loss: 0.0271 - acc: 0.9960
 480/1460 [========>.....................] - ETA: 0s - loss: 0.0444 - acc: 0.9854
 700/1460 [=============>................] - ETA: 0s - loss: 0.0419 - acc: 0.9843
 910/1460 [=================>............] - ETA: 0s - loss: 0.0365 - acc: 0.9868
1140/1460 [======================>.......] - ETA: 0s - loss: 0.0563 - acc: 0.9833
1370/1460 [===========================>..] - ETA: 0s - loss: 0.0591 - acc: 0.9818
1460/1460 [==============================] - 0s 234us/step - loss: 0.0582 - acc: 0.9822 - val_loss: 0.1433 - val_acc: 0.9691
Epoch 5/30

  10/1460 [..............................] - ETA: 0s - loss: 0.0012 - acc: 1.0000
 230/1460 [===>..........................] - ETA: 0s - loss: 0.0468 - acc: 0.9739
 440/1460 [========>.....................] - ETA: 0s - loss: 0.0524 - acc: 0.9750
 660/1460 [============>.................] - ETA: 0s - loss: 0.0686 - acc: 0.9773
 900/1460 [=================>............] - ETA: 0s - loss: 0.0661 - acc: 0.9778
1140/1460 [======================>.......] - ETA: 0s - loss: 0.0585 - acc: 0.9807
1370/1460 [===========================>..] - ETA: 0s - loss: 0.0730 - acc: 0.9781
1460/1460 [==============================] - 0s 235us/step - loss: 0.0696 - acc: 0.9795 - val_loss: 0.1219 - val_acc: 0.9568
acc: 96.91%
Train on 1460 samples, validate on 162 samples
Epoch 1/30

  10/1460 [..............................] - ETA: 2:43 - loss: 0.6741 - acc: 0.5000
 180/1460 [==>...........................] - ETA: 8s - loss: 0.5613 - acc: 0.7222  
 350/1460 [======>.......................] - ETA: 3s - loss: 0.4225 - acc: 0.8057
 550/1460 [==========>...................] - ETA: 2s - loss: 0.3411 - acc: 0.8473
 750/1460 [==============>...............] - ETA: 1s - loss: 0.2817 - acc: 0.8773
 990/1460 [===================>..........] - ETA: 0s - loss: 0.2522 - acc: 0.8949
1230/1460 [========================>.....] - ETA: 0s - loss: 0.2269 - acc: 0.9041
1440/1460 [============================>.] - ETA: 0s - loss: 0.2015 - acc: 0.9160
1460/1460 [==============================] - 2s 1ms/step - loss: 0.1995 - acc: 0.9164 - val_loss: 0.0849 - val_acc: 0.9753
Epoch 2/30

  10/1460 [..............................] - ETA: 0s - loss: 0.0140 - acc: 1.0000
 230/1460 [===>..........................] - ETA: 0s - loss: 0.0812 - acc: 0.9826
 470/1460 [========>.....................] - ETA: 0s - loss: 0.0742 - acc: 0.9745
 700/1460 [=============>................] - ETA: 0s - loss: 0.0814 - acc: 0.9743
 940/1460 [==================>...........] - ETA: 0s - loss: 0.0886 - acc: 0.9723
1140/1460 [======================>.......] - ETA: 0s - loss: 0.0867 - acc: 0.9719
1370/1460 [===========================>..] - ETA: 0s - loss: 0.0941 - acc: 0.9693
1460/1460 [==============================] - 0s 232us/step - loss: 0.0995 - acc: 0.9678 - val_loss: 0.0950 - val_acc: 0.9691
Epoch 3/30

  10/1460 [..............................] - ETA: 0s - loss: 0.0289 - acc: 1.0000
 250/1460 [====>.........................] - ETA: 0s - loss: 0.0677 - acc: 0.9800
 500/1460 [=========>....................] - ETA: 0s - loss: 0.0723 - acc: 0.9800
 720/1460 [=============>................] - ETA: 0s - loss: 0.0687 - acc: 0.9806
 960/1460 [==================>...........] - ETA: 0s - loss: 0.0762 - acc: 0.9771
1200/1460 [=======================>......] - ETA: 0s - loss: 0.0843 - acc: 0.9742
1430/1460 [============================>.] - ETA: 0s - loss: 0.1037 - acc: 0.9671
1460/1460 [==============================] - 0s 222us/step - loss: 0.1075 - acc: 0.9658 - val_loss: 0.1183 - val_acc: 0.9630
acc: 97.53%
Train on 1460 samples, validate on 162 samples
Epoch 1/30

  10/1460 [..............................] - ETA: 2:59 - loss: 0.7087 - acc: 0.4000
 250/1460 [====>.........................] - ETA: 6s - loss: 0.3769 - acc: 0.8240  
 470/1460 [========>.....................] - ETA: 2s - loss: 0.2773 - acc: 0.8745
 700/1460 [=============>................] - ETA: 1s - loss: 0.2509 - acc: 0.8943
 910/1460 [=================>............] - ETA: 0s - loss: 0.2350 - acc: 0.9022
1100/1460 [=====================>........] - ETA: 0s - loss: 0.2193 - acc: 0.9082
1270/1460 [=========================>....] - ETA: 0s - loss: 0.1989 - acc: 0.9173
1450/1460 [============================>.] - ETA: 0s - loss: 0.1964 - acc: 0.9186
1460/1460 [==============================] - 2s 1ms/step - loss: 0.1952 - acc: 0.9192 - val_loss: 0.1189 - val_acc: 0.9506
Epoch 2/30

  10/1460 [..............................] - ETA: 0s - loss: 0.1375 - acc: 0.9000
 190/1460 [==>...........................] - ETA: 0s - loss: 0.0984 - acc: 0.9579
 370/1460 [======>.......................] - ETA: 0s - loss: 0.0738 - acc: 0.9703
 570/1460 [==========>...................] - ETA: 0s - loss: 0.0887 - acc: 0.9684
 770/1460 [==============>...............] - ETA: 0s - loss: 0.0921 - acc: 0.9675
 960/1460 [==================>...........] - ETA: 0s - loss: 0.1051 - acc: 0.9677
1140/1460 [======================>.......] - ETA: 0s - loss: 0.1111 - acc: 0.9658
1330/1460 [==========================>...] - ETA: 0s - loss: 0.1095 - acc: 0.9654
1460/1460 [==============================] - 0s 279us/step - loss: 0.1045 - acc: 0.9671 - val_loss: 0.0802 - val_acc: 0.9691
Epoch 3/30

  10/1460 [..............................] - ETA: 0s - loss: 0.0098 - acc: 1.0000
 220/1460 [===>..........................] - ETA: 0s - loss: 0.0644 - acc: 0.9818
 450/1460 [========>.....................] - ETA: 0s - loss: 0.0769 - acc: 0.9711
 680/1460 [============>.................] - ETA: 0s - loss: 0.0762 - acc: 0.9735
 890/1460 [=================>............] - ETA: 0s - loss: 0.0728 - acc: 0.9742
1110/1460 [=====================>........] - ETA: 0s - loss: 0.0713 - acc: 0.9748
1340/1460 [==========================>...] - ETA: 0s - loss: 0.0764 - acc: 0.9731
1460/1460 [==============================] - 0s 234us/step - loss: 0.0744 - acc: 0.9733 - val_loss: 0.0875 - val_acc: 0.9630
Epoch 4/30

  10/1460 [..............................] - ETA: 0s - loss: 0.0076 - acc: 1.0000
 230/1460 [===>..........................] - ETA: 0s - loss: 0.0348 - acc: 0.9870
 430/1460 [=======>......................] - ETA: 0s - loss: 0.0431 - acc: 0.9860
 650/1460 [============>.................] - ETA: 0s - loss: 0.0588 - acc: 0.9846
 880/1460 [=================>............] - ETA: 0s - loss: 0.0635 - acc: 0.9818
1110/1460 [=====================>........] - ETA: 0s - loss: 0.0619 - acc: 0.9811
1350/1460 [==========================>...] - ETA: 0s - loss: 0.0597 - acc: 0.9800
1460/1460 [==============================] - 0s 239us/step - loss: 0.0664 - acc: 0.9795 - val_loss: 0.0719 - val_acc: 0.9815
Epoch 5/30

  10/1460 [..............................] - ETA: 0s - loss: 0.0020 - acc: 1.0000
 220/1460 [===>..........................] - ETA: 0s - loss: 0.0493 - acc: 0.9909
 460/1460 [========>.....................] - ETA: 0s - loss: 0.0420 - acc: 0.9870
 700/1460 [=============>................] - ETA: 0s - loss: 0.0410 - acc: 0.9857
 940/1460 [==================>...........] - ETA: 0s - loss: 0.0630 - acc: 0.9840
1130/1460 [======================>.......] - ETA: 0s - loss: 0.0764 - acc: 0.9770
1330/1460 [==========================>...] - ETA: 0s - loss: 0.0765 - acc: 0.9759
1460/1460 [==============================] - 0s 238us/step - loss: 0.0759 - acc: 0.9760 - val_loss: 0.1628 - val_acc: 0.9691
Epoch 6/30

  10/1460 [..............................] - ETA: 0s - loss: 0.0308 - acc: 1.0000
 240/1460 [===>..........................] - ETA: 0s - loss: 0.0834 - acc: 0.9875
 460/1460 [========>.....................] - ETA: 0s - loss: 0.0535 - acc: 0.9891
 650/1460 [============>.................] - ETA: 0s - loss: 0.0633 - acc: 0.9862
 880/1460 [=================>............] - ETA: 0s - loss: 0.0567 - acc: 0.9864
1100/1460 [=====================>........] - ETA: 0s - loss: 0.0635 - acc: 0.9845
1340/1460 [==========================>...] - ETA: 0s - loss: 0.0647 - acc: 0.9843
1460/1460 [==============================] - 0s 236us/step - loss: 0.0674 - acc: 0.9815 - val_loss: 0.1195 - val_acc: 0.9753
acc: 98.15%
Train on 1461 samples, validate on 161 samples
Epoch 1/30

  10/1461 [..............................] - ETA: 3:17 - loss: 0.7129 - acc: 0.4000
 230/1461 [===>..........................] - ETA: 7s - loss: 0.4514 - acc: 0.8087  
 430/1461 [=======>......................] - ETA: 3s - loss: 0.3129 - acc: 0.8721
 640/1461 [============>.................] - ETA: 1s - loss: 0.2399 - acc: 0.9062
 880/1461 [=================>............] - ETA: 1s - loss: 0.1965 - acc: 0.9250
1110/1461 [=====================>........] - ETA: 0s - loss: 0.1861 - acc: 0.9315
1330/1461 [==========================>...] - ETA: 0s - loss: 0.1880 - acc: 0.9278
1461/1461 [==============================] - 2s 1ms/step - loss: 0.1892 - acc: 0.9281 - val_loss: 0.1231 - val_acc: 0.9689
Epoch 2/30

  10/1461 [..............................] - ETA: 0s - loss: 0.0256 - acc: 1.0000
 240/1461 [===>..........................] - ETA: 0s - loss: 0.1101 - acc: 0.9708
 470/1461 [========>.....................] - ETA: 0s - loss: 0.1220 - acc: 0.9638
 700/1461 [=============>................] - ETA: 0s - loss: 0.1114 - acc: 0.9600
 900/1461 [=================>............] - ETA: 0s - loss: 0.1049 - acc: 0.9644
1140/1461 [======================>.......] - ETA: 0s - loss: 0.1129 - acc: 0.9614
1380/1461 [===========================>..] - ETA: 0s - loss: 0.1015 - acc: 0.9645
1461/1461 [==============================] - 0s 230us/step - loss: 0.1006 - acc: 0.9644 - val_loss: 0.0626 - val_acc: 0.9814
Epoch 3/30

  10/1461 [..............................] - ETA: 0s - loss: 0.0375 - acc: 1.0000
 250/1461 [====>.........................] - ETA: 0s - loss: 0.0421 - acc: 0.9840
 450/1461 [========>.....................] - ETA: 0s - loss: 0.0810 - acc: 0.9756
 670/1461 [============>.................] - ETA: 0s - loss: 0.1051 - acc: 0.9672
 910/1461 [=================>............] - ETA: 0s - loss: 0.0932 - acc: 0.9692
1140/1461 [======================>.......] - ETA: 0s - loss: 0.0886 - acc: 0.9711
1370/1461 [===========================>..] - ETA: 0s - loss: 0.0913 - acc: 0.9686
1461/1461 [==============================] - 0s 237us/step - loss: 0.0898 - acc: 0.9692 - val_loss: 0.0768 - val_acc: 0.9752
Epoch 4/30

  10/1461 [..............................] - ETA: 0s - loss: 0.0064 - acc: 1.0000
 240/1461 [===>..........................] - ETA: 0s - loss: 0.0780 - acc: 0.9708
 470/1461 [========>.....................] - ETA: 0s - loss: 0.0692 - acc: 0.9745
 710/1461 [=============>................] - ETA: 0s - loss: 0.0664 - acc: 0.9746
 950/1461 [==================>...........] - ETA: 0s - loss: 0.0742 - acc: 0.9716
1170/1461 [=======================>......] - ETA: 0s - loss: 0.0792 - acc: 0.9718
1380/1461 [===========================>..] - ETA: 0s - loss: 0.0850 - acc: 0.9732
1461/1461 [==============================] - 0s 230us/step - loss: 0.0848 - acc: 0.9726 - val_loss: 0.0797 - val_acc: 0.9814
acc: 98.14%
Accuracy: 97.17% (+/- 1.07%)
