Train on 1297 samples, validate on 325 samples
Epoch 1/30

 100/1297 [=>............................] - ETA: 5s - loss: 0.6926 - acc: 0.5800
1297/1297 [==============================] - 1s 409us/step - loss: 0.3501 - acc: 0.8512 - val_loss: 0.1439 - val_acc: 0.9538
Epoch 2/30

 100/1297 [=>............................] - ETA: 0s - loss: 0.0892 - acc: 0.9800
1297/1297 [==============================] - 0s 27us/step - loss: 0.0649 - acc: 0.9823 - val_loss: 0.1170 - val_acc: 0.9508
Epoch 3/30

 100/1297 [=>............................] - ETA: 0s - loss: 0.0197 - acc: 1.0000
1297/1297 [==============================] - 0s 28us/step - loss: 0.0270 - acc: 0.9915 - val_loss: 0.1127 - val_acc: 0.9508
Epoch 4/30

 100/1297 [=>............................] - ETA: 0s - loss: 0.0095 - acc: 1.0000
1297/1297 [==============================] - 0s 27us/step - loss: 0.0120 - acc: 0.9977 - val_loss: 0.1144 - val_acc: 0.9538
Epoch 5/30

 100/1297 [=>............................] - ETA: 0s - loss: 0.0034 - acc: 1.0000
1297/1297 [==============================] - 0s 27us/step - loss: 0.0070 - acc: 0.9985 - val_loss: 0.1165 - val_acc: 0.9569
Epoch 6/30

 100/1297 [=>............................] - ETA: 0s - loss: 0.0045 - acc: 1.0000
1297/1297 [==============================] - 0s 27us/step - loss: 0.0047 - acc: 0.9992 - val_loss: 0.1207 - val_acc: 0.9569
Epoch 7/30

 100/1297 [=>............................] - ETA: 0s - loss: 0.0027 - acc: 1.0000
1297/1297 [==============================] - 0s 28us/step - loss: 0.0031 - acc: 1.0000 - val_loss: 0.1203 - val_acc: 0.9569
Epoch 8/30

 100/1297 [=>............................] - ETA: 0s - loss: 0.0020 - acc: 1.0000
1297/1297 [==============================] - 0s 28us/step - loss: 0.0024 - acc: 1.0000 - val_loss: 0.1210 - val_acc: 0.9600
Epoch 9/30

 100/1297 [=>............................] - ETA: 0s - loss: 0.0015 - acc: 1.0000
1297/1297 [==============================] - 0s 27us/step - loss: 0.0019 - acc: 1.0000 - val_loss: 0.1215 - val_acc: 0.9600
Epoch 10/30

 100/1297 [=>............................] - ETA: 0s - loss: 0.0012 - acc: 1.0000
1297/1297 [==============================] - 0s 27us/step - loss: 0.0015 - acc: 1.0000 - val_loss: 0.1249 - val_acc: 0.9569
Epoch 11/30

 100/1297 [=>............................] - ETA: 0s - loss: 0.0022 - acc: 1.0000
1297/1297 [==============================] - 0s 28us/step - loss: 0.0013 - acc: 1.0000 - val_loss: 0.1255 - val_acc: 0.9600
Epoch 12/30

 100/1297 [=>............................] - ETA: 0s - loss: 0.0010 - acc: 1.0000
1297/1297 [==============================] - 0s 27us/step - loss: 0.0011 - acc: 1.0000 - val_loss: 0.1275 - val_acc: 0.9569
Epoch 13/30

 100/1297 [=>............................] - ETA: 0s - loss: 0.0015 - acc: 1.0000
1297/1297 [==============================] - 0s 26us/step - loss: 9.6720e-04 - acc: 1.0000 - val_loss: 0.1264 - val_acc: 0.9569
Epoch 14/30

 100/1297 [=>............................] - ETA: 0s - loss: 8.7973e-04 - acc: 1.0000
1297/1297 [==============================] - 0s 29us/step - loss: 8.5460e-04 - acc: 1.0000 - val_loss: 0.1283 - val_acc: 0.9600
Epoch 15/30

 100/1297 [=>............................] - ETA: 0s - loss: 7.2191e-04 - acc: 1.0000
1297/1297 [==============================] - 0s 30us/step - loss: 7.4001e-04 - acc: 1.0000 - val_loss: 0.1302 - val_acc: 0.9569
Epoch 16/30

 100/1297 [=>............................] - ETA: 0s - loss: 6.0126e-04 - acc: 1.0000
1297/1297 [==============================] - 0s 27us/step - loss: 6.6374e-04 - acc: 1.0000 - val_loss: 0.1305 - val_acc: 0.9569
Epoch 17/30

 100/1297 [=>............................] - ETA: 0s - loss: 6.6058e-04 - acc: 1.0000
1297/1297 [==============================] - 0s 28us/step - loss: 5.9959e-04 - acc: 1.0000 - val_loss: 0.1312 - val_acc: 0.9569
Epoch 18/30

 100/1297 [=>............................] - ETA: 0s - loss: 3.6257e-04 - acc: 1.0000
1297/1297 [==============================] - 0s 27us/step - loss: 5.5248e-04 - acc: 1.0000 - val_loss: 0.1323 - val_acc: 0.9569
Epoch 19/30

 100/1297 [=>............................] - ETA: 0s - loss: 7.0398e-04 - acc: 1.0000
1297/1297 [==============================] - 0s 28us/step - loss: 5.0274e-04 - acc: 1.0000 - val_loss: 0.1332 - val_acc: 0.9569
Epoch 20/30

 100/1297 [=>............................] - ETA: 0s - loss: 4.6040e-04 - acc: 1.0000
1297/1297 [==============================] - 0s 27us/step - loss: 4.6203e-04 - acc: 1.0000 - val_loss: 0.1339 - val_acc: 0.9569
Epoch 21/30

 100/1297 [=>............................] - ETA: 0s - loss: 6.3903e-04 - acc: 1.0000
1297/1297 [==============================] - 0s 27us/step - loss: 4.2980e-04 - acc: 1.0000 - val_loss: 0.1344 - val_acc: 0.9569
Epoch 22/30

 100/1297 [=>............................] - ETA: 0s - loss: 3.5936e-04 - acc: 1.0000
1297/1297 [==============================] - 0s 28us/step - loss: 3.9657e-04 - acc: 1.0000 - val_loss: 0.1344 - val_acc: 0.9569
Epoch 23/30

 100/1297 [=>............................] - ETA: 0s - loss: 4.5974e-04 - acc: 1.0000
1297/1297 [==============================] - 0s 28us/step - loss: 3.7089e-04 - acc: 1.0000 - val_loss: 0.1353 - val_acc: 0.9569
Epoch 24/30

 100/1297 [=>............................] - ETA: 0s - loss: 6.8788e-04 - acc: 1.0000
1297/1297 [==============================] - 0s 27us/step - loss: 3.4410e-04 - acc: 1.0000 - val_loss: 0.1359 - val_acc: 0.9569
acc: 96.00%
Train on 1297 samples, validate on 325 samples
Epoch 1/30

 100/1297 [=>............................] - ETA: 5s - loss: 0.7021 - acc: 0.5300
1297/1297 [==============================] - 1s 456us/step - loss: 0.3365 - acc: 0.8612 - val_loss: 0.1176 - val_acc: 0.9600
Epoch 2/30

 100/1297 [=>............................] - ETA: 0s - loss: 0.0598 - acc: 0.9900
1297/1297 [==============================] - 0s 27us/step - loss: 0.0650 - acc: 0.9776 - val_loss: 0.0977 - val_acc: 0.9723
Epoch 3/30

 100/1297 [=>............................] - ETA: 0s - loss: 0.0477 - acc: 0.9800
1297/1297 [==============================] - 0s 27us/step - loss: 0.0256 - acc: 0.9931 - val_loss: 0.0888 - val_acc: 0.9785
Epoch 4/30

 100/1297 [=>............................] - ETA: 0s - loss: 0.0119 - acc: 1.0000
1297/1297 [==============================] - 0s 26us/step - loss: 0.0113 - acc: 0.9992 - val_loss: 0.0864 - val_acc: 0.9785
Epoch 5/30

 100/1297 [=>............................] - ETA: 0s - loss: 0.0041 - acc: 1.0000
1297/1297 [==============================] - 0s 27us/step - loss: 0.0065 - acc: 0.9992 - val_loss: 0.0833 - val_acc: 0.9815
Epoch 6/30

 100/1297 [=>............................] - ETA: 0s - loss: 0.0030 - acc: 1.0000
1297/1297 [==============================] - 0s 27us/step - loss: 0.0040 - acc: 0.9992 - val_loss: 0.0828 - val_acc: 0.9815
Epoch 7/30

 100/1297 [=>............................] - ETA: 0s - loss: 0.0021 - acc: 1.0000
1297/1297 [==============================] - 0s 26us/step - loss: 0.0030 - acc: 1.0000 - val_loss: 0.0812 - val_acc: 0.9785
Epoch 8/30

 100/1297 [=>............................] - ETA: 0s - loss: 0.0021 - acc: 1.0000
1297/1297 [==============================] - 0s 29us/step - loss: 0.0024 - acc: 1.0000 - val_loss: 0.0812 - val_acc: 0.9785
Epoch 9/30

 100/1297 [=>............................] - ETA: 0s - loss: 0.0017 - acc: 1.0000
1297/1297 [==============================] - 0s 27us/step - loss: 0.0017 - acc: 1.0000 - val_loss: 0.0836 - val_acc: 0.9785
Epoch 10/30

 100/1297 [=>............................] - ETA: 0s - loss: 0.0031 - acc: 1.0000
1297/1297 [==============================] - 0s 28us/step - loss: 0.0014 - acc: 1.0000 - val_loss: 0.0823 - val_acc: 0.9785
Epoch 11/30

 100/1297 [=>............................] - ETA: 0s - loss: 0.0010 - acc: 1.0000
1297/1297 [==============================] - 0s 28us/step - loss: 0.0011 - acc: 1.0000 - val_loss: 0.0823 - val_acc: 0.9785
Epoch 12/30

 100/1297 [=>............................] - ETA: 0s - loss: 0.0011 - acc: 1.0000
1297/1297 [==============================] - 0s 28us/step - loss: 9.8286e-04 - acc: 1.0000 - val_loss: 0.0820 - val_acc: 0.9785
Epoch 13/30

 100/1297 [=>............................] - ETA: 0s - loss: 8.5289e-04 - acc: 1.0000
1297/1297 [==============================] - 0s 28us/step - loss: 8.4653e-04 - acc: 1.0000 - val_loss: 0.0819 - val_acc: 0.9785
Epoch 14/30

 100/1297 [=>............................] - ETA: 0s - loss: 4.7728e-04 - acc: 1.0000
1297/1297 [==============================] - 0s 30us/step - loss: 7.3953e-04 - acc: 1.0000 - val_loss: 0.0820 - val_acc: 0.9785
Epoch 15/30

 100/1297 [=>............................] - ETA: 0s - loss: 6.1117e-04 - acc: 1.0000
1297/1297 [==============================] - 0s 27us/step - loss: 6.6150e-04 - acc: 1.0000 - val_loss: 0.0821 - val_acc: 0.9785
Epoch 16/30

 100/1297 [=>............................] - ETA: 0s - loss: 4.4124e-04 - acc: 1.0000
1297/1297 [==============================] - 0s 29us/step - loss: 5.9736e-04 - acc: 1.0000 - val_loss: 0.0826 - val_acc: 0.9785
Epoch 17/30

 100/1297 [=>............................] - ETA: 0s - loss: 2.8075e-04 - acc: 1.0000
1297/1297 [==============================] - 0s 27us/step - loss: 5.3101e-04 - acc: 1.0000 - val_loss: 0.0820 - val_acc: 0.9785
Epoch 18/30

 100/1297 [=>............................] - ETA: 0s - loss: 2.1677e-04 - acc: 1.0000
1297/1297 [==============================] - 0s 28us/step - loss: 4.8518e-04 - acc: 1.0000 - val_loss: 0.0825 - val_acc: 0.9785
Epoch 19/30

 100/1297 [=>............................] - ETA: 0s - loss: 4.1827e-04 - acc: 1.0000
1297/1297 [==============================] - 0s 28us/step - loss: 4.4849e-04 - acc: 1.0000 - val_loss: 0.0831 - val_acc: 0.9785
Epoch 20/30

 100/1297 [=>............................] - ETA: 0s - loss: 5.4225e-04 - acc: 1.0000
1297/1297 [==============================] - 0s 30us/step - loss: 4.0733e-04 - acc: 1.0000 - val_loss: 0.0827 - val_acc: 0.9785
Epoch 21/30

 100/1297 [=>............................] - ETA: 0s - loss: 4.4897e-04 - acc: 1.0000
1297/1297 [==============================] - 0s 26us/step - loss: 3.7712e-04 - acc: 1.0000 - val_loss: 0.0828 - val_acc: 0.9785
acc: 98.15%
Train on 1297 samples, validate on 325 samples
Epoch 1/30

 100/1297 [=>............................] - ETA: 7s - loss: 0.6983 - acc: 0.4800
1297/1297 [==============================] - 1s 534us/step - loss: 0.3405 - acc: 0.8628 - val_loss: 0.0840 - val_acc: 0.9815
Epoch 2/30

 100/1297 [=>............................] - ETA: 0s - loss: 0.1276 - acc: 0.9400
1297/1297 [==============================] - 0s 29us/step - loss: 0.0756 - acc: 0.9730 - val_loss: 0.0559 - val_acc: 0.9815
Epoch 3/30

 100/1297 [=>............................] - ETA: 0s - loss: 0.0220 - acc: 1.0000
1297/1297 [==============================] - 0s 28us/step - loss: 0.0307 - acc: 0.9931 - val_loss: 0.0542 - val_acc: 0.9815
Epoch 4/30

 100/1297 [=>............................] - ETA: 0s - loss: 0.0138 - acc: 1.0000
1297/1297 [==============================] - 0s 29us/step - loss: 0.0159 - acc: 0.9977 - val_loss: 0.0496 - val_acc: 0.9785
Epoch 5/30

 100/1297 [=>............................] - ETA: 0s - loss: 0.0098 - acc: 1.0000
1297/1297 [==============================] - 0s 29us/step - loss: 0.0090 - acc: 0.9992 - val_loss: 0.0542 - val_acc: 0.9815
Epoch 6/30

 100/1297 [=>............................] - ETA: 0s - loss: 0.0061 - acc: 1.0000
1297/1297 [==============================] - 0s 28us/step - loss: 0.0057 - acc: 0.9992 - val_loss: 0.0492 - val_acc: 0.9815
Epoch 7/30

 100/1297 [=>............................] - ETA: 0s - loss: 0.0037 - acc: 1.0000
1297/1297 [==============================] - 0s 28us/step - loss: 0.0040 - acc: 0.9992 - val_loss: 0.0521 - val_acc: 0.9846
Epoch 8/30

 100/1297 [=>............................] - ETA: 0s - loss: 0.0018 - acc: 1.0000
1297/1297 [==============================] - 0s 28us/step - loss: 0.0030 - acc: 1.0000 - val_loss: 0.0513 - val_acc: 0.9815
Epoch 9/30

 100/1297 [=>............................] - ETA: 0s - loss: 0.0022 - acc: 1.0000
1297/1297 [==============================] - 0s 28us/step - loss: 0.0023 - acc: 1.0000 - val_loss: 0.0509 - val_acc: 0.9815
Epoch 10/30

 100/1297 [=>............................] - ETA: 0s - loss: 0.0018 - acc: 1.0000
1297/1297 [==============================] - 0s 27us/step - loss: 0.0019 - acc: 1.0000 - val_loss: 0.0529 - val_acc: 0.9815
Epoch 11/30

 100/1297 [=>............................] - ETA: 0s - loss: 0.0011 - acc: 1.0000
1297/1297 [==============================] - 0s 30us/step - loss: 0.0015 - acc: 1.0000 - val_loss: 0.0534 - val_acc: 0.9815
Epoch 12/30

 100/1297 [=>............................] - ETA: 0s - loss: 5.3813e-04 - acc: 1.0000
1297/1297 [==============================] - 0s 27us/step - loss: 0.0013 - acc: 1.0000 - val_loss: 0.0545 - val_acc: 0.9846
Epoch 13/30

 100/1297 [=>............................] - ETA: 0s - loss: 0.0013 - acc: 1.0000
1297/1297 [==============================] - 0s 27us/step - loss: 0.0011 - acc: 1.0000 - val_loss: 0.0540 - val_acc: 0.9815
Epoch 14/30

 100/1297 [=>............................] - ETA: 0s - loss: 8.2272e-04 - acc: 1.0000
1297/1297 [==============================] - 0s 26us/step - loss: 9.5990e-04 - acc: 1.0000 - val_loss: 0.0554 - val_acc: 0.9815
Epoch 15/30

 100/1297 [=>............................] - ETA: 0s - loss: 0.0010 - acc: 1.0000
1297/1297 [==============================] - 0s 27us/step - loss: 8.5179e-04 - acc: 1.0000 - val_loss: 0.0554 - val_acc: 0.9815
Epoch 16/30

 100/1297 [=>............................] - ETA: 0s - loss: 4.9624e-04 - acc: 1.0000
1297/1297 [==============================] - 0s 27us/step - loss: 7.6131e-04 - acc: 1.0000 - val_loss: 0.0554 - val_acc: 0.9815
Epoch 17/30

 100/1297 [=>............................] - ETA: 0s - loss: 7.3353e-04 - acc: 1.0000
1297/1297 [==============================] - 0s 26us/step - loss: 6.7852e-04 - acc: 1.0000 - val_loss: 0.0558 - val_acc: 0.9846
Epoch 18/30

 100/1297 [=>............................] - ETA: 0s - loss: 5.6279e-04 - acc: 1.0000
1297/1297 [==============================] - 0s 27us/step - loss: 6.1173e-04 - acc: 1.0000 - val_loss: 0.0561 - val_acc: 0.9846
Epoch 19/30

 100/1297 [=>............................] - ETA: 0s - loss: 0.0012 - acc: 1.0000
1297/1297 [==============================] - 0s 27us/step - loss: 5.5254e-04 - acc: 1.0000 - val_loss: 0.0562 - val_acc: 0.9846
Epoch 20/30

 100/1297 [=>............................] - ETA: 0s - loss: 4.3647e-04 - acc: 1.0000
1297/1297 [==============================] - 0s 27us/step - loss: 5.0812e-04 - acc: 1.0000 - val_loss: 0.0566 - val_acc: 0.9846
Epoch 21/30

 100/1297 [=>............................] - ETA: 0s - loss: 8.9771e-04 - acc: 1.0000
1297/1297 [==============================] - 0s 30us/step - loss: 4.7008e-04 - acc: 1.0000 - val_loss: 0.0570 - val_acc: 0.9846
Epoch 22/30

 100/1297 [=>............................] - ETA: 0s - loss: 3.5473e-04 - acc: 1.0000
1297/1297 [==============================] - 0s 28us/step - loss: 4.3457e-04 - acc: 1.0000 - val_loss: 0.0574 - val_acc: 0.9846
Epoch 23/30

 100/1297 [=>............................] - ETA: 0s - loss: 4.4097e-04 - acc: 1.0000
1297/1297 [==============================] - 0s 28us/step - loss: 4.0977e-04 - acc: 1.0000 - val_loss: 0.0574 - val_acc: 0.9846
acc: 98.46%
Train on 1298 samples, validate on 324 samples
Epoch 1/30

 100/1298 [=>............................] - ETA: 8s - loss: 0.7067 - acc: 0.5300
1298/1298 [==============================] - 1s 639us/step - loss: 0.3844 - acc: 0.8467 - val_loss: 0.1067 - val_acc: 0.9753
Epoch 2/30

 100/1298 [=>............................] - ETA: 0s - loss: 0.0982 - acc: 0.9800
1298/1298 [==============================] - 0s 28us/step - loss: 0.0739 - acc: 0.9753 - val_loss: 0.0816 - val_acc: 0.9722
Epoch 3/30

 100/1298 [=>............................] - ETA: 0s - loss: 0.0325 - acc: 0.9900
1298/1298 [==============================] - 0s 27us/step - loss: 0.0293 - acc: 0.9923 - val_loss: 0.0887 - val_acc: 0.9691
Epoch 4/30

 100/1298 [=>............................] - ETA: 0s - loss: 0.0158 - acc: 1.0000
1298/1298 [==============================] - 0s 28us/step - loss: 0.0136 - acc: 0.9977 - val_loss: 0.0847 - val_acc: 0.9722
Epoch 5/30

 100/1298 [=>............................] - ETA: 0s - loss: 0.0047 - acc: 1.0000
1298/1298 [==============================] - 0s 28us/step - loss: 0.0066 - acc: 0.9992 - val_loss: 0.0846 - val_acc: 0.9722
Epoch 6/30

 100/1298 [=>............................] - ETA: 0s - loss: 0.0043 - acc: 1.0000
1298/1298 [==============================] - 0s 30us/step - loss: 0.0041 - acc: 1.0000 - val_loss: 0.0847 - val_acc: 0.9753
Epoch 7/30

 100/1298 [=>............................] - ETA: 0s - loss: 0.0038 - acc: 1.0000
1298/1298 [==============================] - 0s 28us/step - loss: 0.0029 - acc: 1.0000 - val_loss: 0.0865 - val_acc: 0.9753
Epoch 8/30

 100/1298 [=>............................] - ETA: 0s - loss: 0.0019 - acc: 1.0000
1298/1298 [==============================] - 0s 29us/step - loss: 0.0021 - acc: 1.0000 - val_loss: 0.0884 - val_acc: 0.9753
Epoch 9/30

 100/1298 [=>............................] - ETA: 0s - loss: 0.0020 - acc: 1.0000
1298/1298 [==============================] - 0s 28us/step - loss: 0.0017 - acc: 1.0000 - val_loss: 0.0900 - val_acc: 0.9722
Epoch 10/30

 100/1298 [=>............................] - ETA: 0s - loss: 9.3000e-04 - acc: 1.0000
1298/1298 [==============================] - 0s 28us/step - loss: 0.0014 - acc: 1.0000 - val_loss: 0.0913 - val_acc: 0.9722
Epoch 11/30

 100/1298 [=>............................] - ETA: 0s - loss: 0.0015 - acc: 1.0000
1298/1298 [==============================] - 0s 29us/step - loss: 0.0012 - acc: 1.0000 - val_loss: 0.0919 - val_acc: 0.9722
Epoch 12/30

 100/1298 [=>............................] - ETA: 0s - loss: 8.7901e-04 - acc: 1.0000
1298/1298 [==============================] - 0s 28us/step - loss: 0.0010 - acc: 1.0000 - val_loss: 0.0930 - val_acc: 0.9722
Epoch 13/30

 100/1298 [=>............................] - ETA: 0s - loss: 7.1124e-04 - acc: 1.0000
1298/1298 [==============================] - 0s 29us/step - loss: 9.0420e-04 - acc: 1.0000 - val_loss: 0.0941 - val_acc: 0.9722
Epoch 14/30

 100/1298 [=>............................] - ETA: 0s - loss: 8.9991e-04 - acc: 1.0000
1298/1298 [==============================] - 0s 29us/step - loss: 7.9902e-04 - acc: 1.0000 - val_loss: 0.0950 - val_acc: 0.9722
Epoch 15/30

 100/1298 [=>............................] - ETA: 0s - loss: 5.5807e-04 - acc: 1.0000
1298/1298 [==============================] - 0s 28us/step - loss: 7.1077e-04 - acc: 1.0000 - val_loss: 0.0955 - val_acc: 0.9722
Epoch 16/30

 100/1298 [=>............................] - ETA: 0s - loss: 5.0968e-04 - acc: 1.0000
1298/1298 [==============================] - 0s 28us/step - loss: 6.3995e-04 - acc: 1.0000 - val_loss: 0.0960 - val_acc: 0.9722
Epoch 17/30

 100/1298 [=>............................] - ETA: 0s - loss: 6.4668e-04 - acc: 1.0000
1298/1298 [==============================] - 0s 28us/step - loss: 5.8205e-04 - acc: 1.0000 - val_loss: 0.0969 - val_acc: 0.9722
acc: 97.53%
Train on 1299 samples, validate on 323 samples
Epoch 1/30

 100/1299 [=>............................] - ETA: 10s - loss: 0.6993 - acc: 0.4800
1299/1299 [==============================] - 1s 743us/step - loss: 0.3358 - acc: 0.8553 - val_loss: 0.0868 - val_acc: 0.9783
Epoch 2/30

 100/1299 [=>............................] - ETA: 0s - loss: 0.1240 - acc: 0.9600
1299/1299 [==============================] - 0s 30us/step - loss: 0.0685 - acc: 0.9761 - val_loss: 0.0669 - val_acc: 0.9783
Epoch 3/30

 100/1299 [=>............................] - ETA: 0s - loss: 0.0250 - acc: 0.9800
1299/1299 [==============================] - 0s 31us/step - loss: 0.0295 - acc: 0.9915 - val_loss: 0.0670 - val_acc: 0.9783
Epoch 4/30

 100/1299 [=>............................] - ETA: 0s - loss: 0.0271 - acc: 0.9800
1299/1299 [==============================] - 0s 30us/step - loss: 0.0139 - acc: 0.9969 - val_loss: 0.0677 - val_acc: 0.9783
Epoch 5/30

 100/1299 [=>............................] - ETA: 0s - loss: 0.0078 - acc: 1.0000
1299/1299 [==============================] - 0s 29us/step - loss: 0.0078 - acc: 0.9985 - val_loss: 0.0584 - val_acc: 0.9814
Epoch 6/30

 100/1299 [=>............................] - ETA: 0s - loss: 0.0057 - acc: 1.0000
1299/1299 [==============================] - 0s 28us/step - loss: 0.0050 - acc: 1.0000 - val_loss: 0.0554 - val_acc: 0.9814
Epoch 7/30

 100/1299 [=>............................] - ETA: 0s - loss: 0.0031 - acc: 1.0000
1299/1299 [==============================] - 0s 29us/step - loss: 0.0032 - acc: 1.0000 - val_loss: 0.0568 - val_acc: 0.9814
Epoch 8/30

 100/1299 [=>............................] - ETA: 0s - loss: 0.0022 - acc: 1.0000
1299/1299 [==============================] - 0s 30us/step - loss: 0.0023 - acc: 1.0000 - val_loss: 0.0584 - val_acc: 0.9814
Epoch 9/30

 100/1299 [=>............................] - ETA: 0s - loss: 9.9328e-04 - acc: 1.0000
1299/1299 [==============================] - 0s 29us/step - loss: 0.0018 - acc: 1.0000 - val_loss: 0.0581 - val_acc: 0.9814
Epoch 10/30

 100/1299 [=>............................] - ETA: 0s - loss: 0.0020 - acc: 1.0000
1299/1299 [==============================] - 0s 30us/step - loss: 0.0015 - acc: 1.0000 - val_loss: 0.0592 - val_acc: 0.9814
Epoch 11/30

 100/1299 [=>............................] - ETA: 0s - loss: 0.0018 - acc: 1.0000
1299/1299 [==============================] - 0s 29us/step - loss: 0.0012 - acc: 1.0000 - val_loss: 0.0589 - val_acc: 0.9814
Epoch 12/30

 100/1299 [=>............................] - ETA: 0s - loss: 0.0010 - acc: 1.0000
1299/1299 [==============================] - 0s 28us/step - loss: 0.0011 - acc: 1.0000 - val_loss: 0.0595 - val_acc: 0.9814
Epoch 13/30

 100/1299 [=>............................] - ETA: 0s - loss: 6.7528e-04 - acc: 1.0000
1299/1299 [==============================] - 0s 29us/step - loss: 9.3936e-04 - acc: 1.0000 - val_loss: 0.0597 - val_acc: 0.9814
Epoch 14/30

 100/1299 [=>............................] - ETA: 0s - loss: 9.9040e-04 - acc: 1.0000
1299/1299 [==============================] - 0s 29us/step - loss: 8.3802e-04 - acc: 1.0000 - val_loss: 0.0598 - val_acc: 0.9814
Epoch 15/30

 100/1299 [=>............................] - ETA: 0s - loss: 5.5894e-04 - acc: 1.0000
1299/1299 [==============================] - 0s 30us/step - loss: 7.4550e-04 - acc: 1.0000 - val_loss: 0.0601 - val_acc: 0.9814
Epoch 16/30

 100/1299 [=>............................] - ETA: 0s - loss: 0.0011 - acc: 1.0000
1299/1299 [==============================] - 0s 34us/step - loss: 6.7671e-04 - acc: 1.0000 - val_loss: 0.0606 - val_acc: 0.9814
Epoch 17/30

 100/1299 [=>............................] - ETA: 0s - loss: 4.1643e-04 - acc: 1.0000
1299/1299 [==============================] - 0s 31us/step - loss: 6.0974e-04 - acc: 1.0000 - val_loss: 0.0607 - val_acc: 0.9814
Epoch 18/30

 100/1299 [=>............................] - ETA: 0s - loss: 5.3639e-04 - acc: 1.0000
1299/1299 [==============================] - 0s 31us/step - loss: 5.5181e-04 - acc: 1.0000 - val_loss: 0.0613 - val_acc: 0.9814
Epoch 19/30

 100/1299 [=>............................] - ETA: 0s - loss: 5.7502e-04 - acc: 1.0000
1299/1299 [==============================] - 0s 32us/step - loss: 5.0771e-04 - acc: 1.0000 - val_loss: 0.0616 - val_acc: 0.9814
Epoch 20/30

 100/1299 [=>............................] - ETA: 0s - loss: 3.8719e-04 - acc: 1.0000
1299/1299 [==============================] - 0s 34us/step - loss: 4.6733e-04 - acc: 1.0000 - val_loss: 0.0619 - val_acc: 0.9814
Epoch 21/30

 100/1299 [=>............................] - ETA: 0s - loss: 4.3171e-04 - acc: 1.0000
1299/1299 [==============================] - 0s 32us/step - loss: 4.2913e-04 - acc: 1.0000 - val_loss: 0.0622 - val_acc: 0.9814
acc: 98.14%
Accuracy: 97.66% (+/- 0.88%)
