Train on 1459 samples, validate on 163 samples
Epoch 1/30

  20/1459 [..............................] - ETA: 40s - loss: 0.7282 - acc: 0.3500
 400/1459 [=======>......................] - ETA: 1s - loss: 0.4165 - acc: 0.8050 
 780/1459 [===============>..............] - ETA: 0s - loss: 0.2668 - acc: 0.8833
1160/1459 [======================>.......] - ETA: 0s - loss: 0.2132 - acc: 0.9086
1459/1459 [==============================] - 1s 568us/step - loss: 0.1920 - acc: 0.9191 - val_loss: 0.1041 - val_acc: 0.9509
Epoch 2/30

  20/1459 [..............................] - ETA: 0s - loss: 0.0273 - acc: 1.0000
 380/1459 [======>.......................] - ETA: 0s - loss: 0.0588 - acc: 0.9816
 760/1459 [==============>...............] - ETA: 0s - loss: 0.0702 - acc: 0.9789
1140/1459 [======================>.......] - ETA: 0s - loss: 0.0760 - acc: 0.9763
1459/1459 [==============================] - 0s 143us/step - loss: 0.0700 - acc: 0.9794 - val_loss: 0.0964 - val_acc: 0.9693
Epoch 3/30

  20/1459 [..............................] - ETA: 0s - loss: 0.0432 - acc: 1.0000
 380/1459 [======>.......................] - ETA: 0s - loss: 0.0456 - acc: 0.9868
 800/1459 [===============>..............] - ETA: 0s - loss: 0.0419 - acc: 0.9850
1180/1459 [=======================>......] - ETA: 0s - loss: 0.0542 - acc: 0.9814
1459/1459 [==============================] - 0s 150us/step - loss: 0.0531 - acc: 0.9829 - val_loss: 0.1696 - val_acc: 0.9509
Epoch 4/30

  20/1459 [..............................] - ETA: 0s - loss: 0.0307 - acc: 1.0000
 380/1459 [======>.......................] - ETA: 0s - loss: 0.0693 - acc: 0.9763
 700/1459 [=============>................] - ETA: 0s - loss: 0.0605 - acc: 0.9771
1000/1459 [===================>..........] - ETA: 0s - loss: 0.0495 - acc: 0.9820
1340/1459 [==========================>...] - ETA: 0s - loss: 0.0528 - acc: 0.9813
1459/1459 [==============================] - 0s 165us/step - loss: 0.0526 - acc: 0.9808 - val_loss: 0.1712 - val_acc: 0.9571
Epoch 5/30

  20/1459 [..............................] - ETA: 0s - loss: 0.0641 - acc: 0.9500
 320/1459 [=====>........................] - ETA: 0s - loss: 0.0870 - acc: 0.9781
 640/1459 [============>.................] - ETA: 0s - loss: 0.0655 - acc: 0.9859
1020/1459 [===================>..........] - ETA: 0s - loss: 0.0588 - acc: 0.9853
1400/1459 [===========================>..] - ETA: 0s - loss: 0.0591 - acc: 0.9829
1459/1459 [==============================] - 0s 152us/step - loss: 0.0574 - acc: 0.9836 - val_loss: 0.1520 - val_acc: 0.9632
Epoch 6/30

  20/1459 [..............................] - ETA: 0s - loss: 0.0276 - acc: 1.0000
 400/1459 [=======>......................] - ETA: 0s - loss: 0.0552 - acc: 0.9825
 740/1459 [==============>...............] - ETA: 0s - loss: 0.0516 - acc: 0.9838
1060/1459 [====================>.........] - ETA: 0s - loss: 0.0458 - acc: 0.9858
1400/1459 [===========================>..] - ETA: 0s - loss: 0.0386 - acc: 0.9886
1459/1459 [==============================] - 0s 152us/step - loss: 0.0382 - acc: 0.9890 - val_loss: 0.1654 - val_acc: 0.9693
Epoch 7/30

  20/1459 [..............................] - ETA: 0s - loss: 0.0036 - acc: 1.0000
 320/1459 [=====>........................] - ETA: 0s - loss: 0.0086 - acc: 1.0000
 620/1459 [===========>..................] - ETA: 0s - loss: 0.0168 - acc: 0.9952
 940/1459 [==================>...........] - ETA: 0s - loss: 0.0228 - acc: 0.9947
1280/1459 [=========================>....] - ETA: 0s - loss: 0.0283 - acc: 0.9930
1459/1459 [==============================] - 0s 165us/step - loss: 0.0300 - acc: 0.9931 - val_loss: 0.1524 - val_acc: 0.9571
Epoch 8/30

  20/1459 [..............................] - ETA: 0s - loss: 0.0010 - acc: 1.0000
 320/1459 [=====>........................] - ETA: 0s - loss: 0.0086 - acc: 1.0000
 600/1459 [===========>..................] - ETA: 0s - loss: 0.0088 - acc: 0.9983
 920/1459 [=================>............] - ETA: 0s - loss: 0.0147 - acc: 0.9978
1240/1459 [========================>.....] - ETA: 0s - loss: 0.0191 - acc: 0.9952
1459/1459 [==============================] - 0s 174us/step - loss: 0.0191 - acc: 0.9945 - val_loss: 0.1432 - val_acc: 0.9509
Epoch 9/30

  20/1459 [..............................] - ETA: 0s - loss: 0.0026 - acc: 1.0000
 340/1459 [=====>........................] - ETA: 0s - loss: 0.0131 - acc: 0.9971
 620/1459 [===========>..................] - ETA: 0s - loss: 0.0113 - acc: 0.9968
 940/1459 [==================>...........] - ETA: 0s - loss: 0.0092 - acc: 0.9979
1280/1459 [=========================>....] - ETA: 0s - loss: 0.0099 - acc: 0.9977
1459/1459 [==============================] - 0s 167us/step - loss: 0.0171 - acc: 0.9945 - val_loss: 0.1161 - val_acc: 0.9632
Epoch 10/30

  20/1459 [..............................] - ETA: 0s - loss: 0.0017 - acc: 1.0000
 320/1459 [=====>........................] - ETA: 0s - loss: 0.0229 - acc: 0.9906
 640/1459 [============>.................] - ETA: 0s - loss: 0.0260 - acc: 0.9922
 940/1459 [==================>...........] - ETA: 0s - loss: 0.0234 - acc: 0.9936
1260/1459 [========================>.....] - ETA: 0s - loss: 0.0233 - acc: 0.9937
1459/1459 [==============================] - 0s 170us/step - loss: 0.0234 - acc: 0.9925 - val_loss: 0.1247 - val_acc: 0.9571
Epoch 11/30

  20/1459 [..............................] - ETA: 0s - loss: 0.0016 - acc: 1.0000
 340/1459 [=====>........................] - ETA: 0s - loss: 0.0210 - acc: 0.9971
 660/1459 [============>.................] - ETA: 0s - loss: 0.0161 - acc: 0.9970
1000/1459 [===================>..........] - ETA: 0s - loss: 0.0180 - acc: 0.9940
1320/1459 [==========================>...] - ETA: 0s - loss: 0.0196 - acc: 0.9939
1459/1459 [==============================] - 0s 167us/step - loss: 0.0238 - acc: 0.9931 - val_loss: 0.0886 - val_acc: 0.9693
Epoch 12/30

  20/1459 [..............................] - ETA: 0s - loss: 0.0013 - acc: 1.0000
 340/1459 [=====>........................] - ETA: 0s - loss: 0.0128 - acc: 0.9971
 660/1459 [============>.................] - ETA: 0s - loss: 0.0208 - acc: 0.9955
1000/1459 [===================>..........] - ETA: 0s - loss: 0.0156 - acc: 0.9970
1340/1459 [==========================>...] - ETA: 0s - loss: 0.0234 - acc: 0.9955
1459/1459 [==============================] - 0s 160us/step - loss: 0.0219 - acc: 0.9959 - val_loss: 0.1165 - val_acc: 0.9632
acc: 96.93%
Train on 1459 samples, validate on 163 samples
Epoch 1/30

  20/1459 [..............................] - ETA: 57s - loss: 0.7131 - acc: 0.3500
 360/1459 [======>.......................] - ETA: 2s - loss: 0.3649 - acc: 0.8167 
 660/1459 [============>.................] - ETA: 1s - loss: 0.2537 - acc: 0.8773
 980/1459 [===================>..........] - ETA: 0s - loss: 0.2069 - acc: 0.9051
1300/1459 [=========================>....] - ETA: 0s - loss: 0.1742 - acc: 0.9231
1459/1459 [==============================] - 1s 774us/step - loss: 0.1639 - acc: 0.9294 - val_loss: 0.1311 - val_acc: 0.9693
Epoch 2/30

  20/1459 [..............................] - ETA: 0s - loss: 0.0225 - acc: 1.0000
 360/1459 [======>.......................] - ETA: 0s - loss: 0.0563 - acc: 0.9861
 700/1459 [=============>................] - ETA: 0s - loss: 0.0529 - acc: 0.9843
1040/1459 [====================>.........] - ETA: 0s - loss: 0.0660 - acc: 0.9817
1340/1459 [==========================>...] - ETA: 0s - loss: 0.0695 - acc: 0.9791
1459/1459 [==============================] - 0s 161us/step - loss: 0.0675 - acc: 0.9801 - val_loss: 0.1225 - val_acc: 0.9509
Epoch 3/30

  20/1459 [..............................] - ETA: 0s - loss: 0.0495 - acc: 1.0000
 360/1459 [======>.......................] - ETA: 0s - loss: 0.0495 - acc: 0.9806
 680/1459 [============>.................] - ETA: 0s - loss: 0.0411 - acc: 0.9824
1020/1459 [===================>..........] - ETA: 0s - loss: 0.0466 - acc: 0.9814
1320/1459 [==========================>...] - ETA: 0s - loss: 0.0466 - acc: 0.9818
1459/1459 [==============================] - 0s 167us/step - loss: 0.0464 - acc: 0.9815 - val_loss: 0.1426 - val_acc: 0.9509
Epoch 4/30

  20/1459 [..............................] - ETA: 0s - loss: 0.0137 - acc: 1.0000
 340/1459 [=====>........................] - ETA: 0s - loss: 0.0427 - acc: 0.9882
 620/1459 [===========>..................] - ETA: 0s - loss: 0.0354 - acc: 0.9871
 940/1459 [==================>...........] - ETA: 0s - loss: 0.0311 - acc: 0.9894
1260/1459 [========================>.....] - ETA: 0s - loss: 0.0451 - acc: 0.9841
1459/1459 [==============================] - 0s 170us/step - loss: 0.0448 - acc: 0.9849 - val_loss: 0.1773 - val_acc: 0.9509
Epoch 5/30

  20/1459 [..............................] - ETA: 0s - loss: 0.0068 - acc: 1.0000
 360/1459 [======>.......................] - ETA: 0s - loss: 0.0464 - acc: 0.9806
 660/1459 [============>.................] - ETA: 0s - loss: 0.0495 - acc: 0.9773
1000/1459 [===================>..........] - ETA: 0s - loss: 0.0555 - acc: 0.9780
1300/1459 [=========================>....] - ETA: 0s - loss: 0.0550 - acc: 0.9785
1459/1459 [==============================] - 0s 165us/step - loss: 0.0553 - acc: 0.9788 - val_loss: 0.1712 - val_acc: 0.9325
Epoch 6/30

  20/1459 [..............................] - ETA: 0s - loss: 0.0107 - acc: 1.0000
 360/1459 [======>.......................] - ETA: 0s - loss: 0.0326 - acc: 0.9889
 680/1459 [============>.................] - ETA: 0s - loss: 0.0335 - acc: 0.9897
1000/1459 [===================>..........] - ETA: 0s - loss: 0.0447 - acc: 0.9850
1320/1459 [==========================>...] - ETA: 0s - loss: 0.0531 - acc: 0.9818
1459/1459 [==============================] - 0s 165us/step - loss: 0.0566 - acc: 0.9801 - val_loss: 0.2354 - val_acc: 0.9448
Epoch 7/30

  20/1459 [..............................] - ETA: 0s - loss: 0.0736 - acc: 0.9500
 340/1459 [=====>........................] - ETA: 0s - loss: 0.0451 - acc: 0.9853
 660/1459 [============>.................] - ETA: 0s - loss: 0.0398 - acc: 0.9879
 960/1459 [==================>...........] - ETA: 0s - loss: 0.0398 - acc: 0.9885
1300/1459 [=========================>....] - ETA: 0s - loss: 0.0421 - acc: 0.9877
1459/1459 [==============================] - 0s 166us/step - loss: 0.0434 - acc: 0.9870 - val_loss: 0.1789 - val_acc: 0.9509
Epoch 8/30

  20/1459 [..............................] - ETA: 0s - loss: 0.0289 - acc: 1.0000
 340/1459 [=====>........................] - ETA: 0s - loss: 0.0405 - acc: 0.9853
 640/1459 [============>.................] - ETA: 0s - loss: 0.0422 - acc: 0.9828
 960/1459 [==================>...........] - ETA: 0s - loss: 0.0449 - acc: 0.9823
1300/1459 [=========================>....] - ETA: 0s - loss: 0.0559 - acc: 0.9823
1459/1459 [==============================] - 0s 167us/step - loss: 0.0590 - acc: 0.9815 - val_loss: 0.1576 - val_acc: 0.9448
Epoch 9/30

  20/1459 [..............................] - ETA: 0s - loss: 0.0105 - acc: 1.0000
 340/1459 [=====>........................] - ETA: 0s - loss: 0.0299 - acc: 0.9912
 640/1459 [============>.................] - ETA: 0s - loss: 0.0210 - acc: 0.9953
 960/1459 [==================>...........] - ETA: 0s - loss: 0.0381 - acc: 0.9875
1240/1459 [========================>.....] - ETA: 0s - loss: 0.0502 - acc: 0.9839
1459/1459 [==============================] - 0s 174us/step - loss: 0.0525 - acc: 0.9829 - val_loss: 0.1335 - val_acc: 0.9693
Epoch 10/30

  20/1459 [..............................] - ETA: 0s - loss: 0.0099 - acc: 1.0000
 320/1459 [=====>........................] - ETA: 0s - loss: 0.0214 - acc: 0.9937
 640/1459 [============>.................] - ETA: 0s - loss: 0.0291 - acc: 0.9891
 960/1459 [==================>...........] - ETA: 0s - loss: 0.0373 - acc: 0.9865
1280/1459 [=========================>....] - ETA: 0s - loss: 0.0485 - acc: 0.9836
1459/1459 [==============================] - 0s 167us/step - loss: 0.0475 - acc: 0.9842 - val_loss: 0.2094 - val_acc: 0.9387
Epoch 11/30

  20/1459 [..............................] - ETA: 0s - loss: 0.0010 - acc: 1.0000
 360/1459 [======>.......................] - ETA: 0s - loss: 0.0446 - acc: 0.9861
 700/1459 [=============>................] - ETA: 0s - loss: 0.0416 - acc: 0.9871
1040/1459 [====================>.........] - ETA: 0s - loss: 0.0407 - acc: 0.9875
1360/1459 [==========================>...] - ETA: 0s - loss: 0.0384 - acc: 0.9882
1459/1459 [==============================] - 0s 160us/step - loss: 0.0392 - acc: 0.9877 - val_loss: 0.1706 - val_acc: 0.9509
Epoch 12/30

  20/1459 [..............................] - ETA: 0s - loss: 0.0718 - acc: 0.9500
 340/1459 [=====>........................] - ETA: 0s - loss: 0.0649 - acc: 0.9853
 660/1459 [============>.................] - ETA: 0s - loss: 0.0484 - acc: 0.9879
 920/1459 [=================>............] - ETA: 0s - loss: 0.0401 - acc: 0.9902
1240/1459 [========================>.....] - ETA: 0s - loss: 0.0408 - acc: 0.9895
1459/1459 [==============================] - 0s 176us/step - loss: 0.0447 - acc: 0.9877 - val_loss: 0.1856 - val_acc: 0.9448
Epoch 13/30

  20/1459 [..............................] - ETA: 0s - loss: 6.0546e-04 - acc: 1.0000
 300/1459 [=====>........................] - ETA: 0s - loss: 0.0198 - acc: 0.9900    
 600/1459 [===========>..................] - ETA: 0s - loss: 0.0126 - acc: 0.9950
 920/1459 [=================>............] - ETA: 0s - loss: 0.0211 - acc: 0.9913
1240/1459 [========================>.....] - ETA: 0s - loss: 0.0317 - acc: 0.9887
1459/1459 [==============================] - 0s 168us/step - loss: 0.0284 - acc: 0.9904 - val_loss: 0.2106 - val_acc: 0.9448
Epoch 14/30

  20/1459 [..............................] - ETA: 0s - loss: 0.0057 - acc: 1.0000
 340/1459 [=====>........................] - ETA: 0s - loss: 0.0213 - acc: 0.9912
 660/1459 [============>.................] - ETA: 0s - loss: 0.0415 - acc: 0.9864
1000/1459 [===================>..........] - ETA: 0s - loss: 0.0375 - acc: 0.9880
1320/1459 [==========================>...] - ETA: 0s - loss: 0.0359 - acc: 0.9894
1459/1459 [==============================] - 0s 164us/step - loss: 0.0329 - acc: 0.9904 - val_loss: 0.2290 - val_acc: 0.9448
Epoch 15/30

  20/1459 [..............................] - ETA: 0s - loss: 5.5129e-04 - acc: 1.0000
 340/1459 [=====>........................] - ETA: 0s - loss: 0.0336 - acc: 0.9882    
 660/1459 [============>.................] - ETA: 0s - loss: 0.0267 - acc: 0.9909
 960/1459 [==================>...........] - ETA: 0s - loss: 0.0254 - acc: 0.9896
1280/1459 [=========================>....] - ETA: 0s - loss: 0.0305 - acc: 0.9906
1459/1459 [==============================] - 0s 169us/step - loss: 0.0297 - acc: 0.9911 - val_loss: 0.2463 - val_acc: 0.9264
Epoch 16/30

  20/1459 [..............................] - ETA: 0s - loss: 0.0229 - acc: 1.0000
 320/1459 [=====>........................] - ETA: 0s - loss: 0.0170 - acc: 0.9937
 620/1459 [===========>..................] - ETA: 0s - loss: 0.0176 - acc: 0.9935
 960/1459 [==================>...........] - ETA: 0s - loss: 0.0179 - acc: 0.9937
1280/1459 [=========================>....] - ETA: 0s - loss: 0.0254 - acc: 0.9930
1459/1459 [==============================] - 0s 168us/step - loss: 0.0252 - acc: 0.9925 - val_loss: 0.2591 - val_acc: 0.9202
Epoch 17/30

  20/1459 [..............................] - ETA: 0s - loss: 7.3787e-04 - acc: 1.0000
 340/1459 [=====>........................] - ETA: 0s - loss: 0.0323 - acc: 0.9912    
 640/1459 [============>.................] - ETA: 0s - loss: 0.0316 - acc: 0.9891
 960/1459 [==================>...........] - ETA: 0s - loss: 0.0243 - acc: 0.9917
1280/1459 [=========================>....] - ETA: 0s - loss: 0.0242 - acc: 0.9914
1459/1459 [==============================] - 0s 175us/step - loss: 0.0262 - acc: 0.9911 - val_loss: 0.2329 - val_acc: 0.9202
Epoch 18/30

  20/1459 [..............................] - ETA: 0s - loss: 0.0011 - acc: 1.0000
 340/1459 [=====>........................] - ETA: 0s - loss: 0.0167 - acc: 0.9971
 660/1459 [============>.................] - ETA: 0s - loss: 0.0256 - acc: 0.9939
 980/1459 [===================>..........] - ETA: 0s - loss: 0.0324 - acc: 0.9918
1300/1459 [=========================>....] - ETA: 0s - loss: 0.0273 - acc: 0.9923
1459/1459 [==============================] - 0s 167us/step - loss: 0.0262 - acc: 0.9925 - val_loss: 0.2000 - val_acc: 0.9448
Epoch 19/30

  20/1459 [..............................] - ETA: 0s - loss: 0.0495 - acc: 0.9500
 320/1459 [=====>........................] - ETA: 0s - loss: 0.0090 - acc: 0.9937
 620/1459 [===========>..................] - ETA: 0s - loss: 0.0132 - acc: 0.9935
 940/1459 [==================>...........] - ETA: 0s - loss: 0.0185 - acc: 0.9915
1280/1459 [=========================>....] - ETA: 0s - loss: 0.0269 - acc: 0.9891
1459/1459 [==============================] - 0s 167us/step - loss: 0.0247 - acc: 0.9904 - val_loss: 0.2305 - val_acc: 0.9509
acc: 96.93%
Train on 1459 samples, validate on 163 samples
Epoch 1/30

  20/1459 [..............................] - ETA: 1:07 - loss: 0.6920 - acc: 0.5000
 360/1459 [======>.......................] - ETA: 3s - loss: 0.3971 - acc: 0.8278  
 720/1459 [=============>................] - ETA: 1s - loss: 0.2552 - acc: 0.8944
1100/1459 [=====================>........] - ETA: 0s - loss: 0.1952 - acc: 0.9200
1459/1459 [==============================] - 1s 842us/step - loss: 0.1760 - acc: 0.9294 - val_loss: 0.1374 - val_acc: 0.9509
Epoch 2/30

  20/1459 [..............................] - ETA: 0s - loss: 0.0389 - acc: 1.0000
 380/1459 [======>.......................] - ETA: 0s - loss: 0.0785 - acc: 0.9789
 780/1459 [===============>..............] - ETA: 0s - loss: 0.0798 - acc: 0.9769
1140/1459 [======================>.......] - ETA: 0s - loss: 0.0678 - acc: 0.9798
1459/1459 [==============================] - 0s 145us/step - loss: 0.0710 - acc: 0.9788 - val_loss: 0.1530 - val_acc: 0.9571
Epoch 3/30

  20/1459 [..............................] - ETA: 0s - loss: 0.0396 - acc: 1.0000
 380/1459 [======>.......................] - ETA: 0s - loss: 0.0419 - acc: 0.9921
 760/1459 [==============>...............] - ETA: 0s - loss: 0.0522 - acc: 0.9842
1140/1459 [======================>.......] - ETA: 0s - loss: 0.0500 - acc: 0.9851
1459/1459 [==============================] - 0s 143us/step - loss: 0.0511 - acc: 0.9842 - val_loss: 0.1851 - val_acc: 0.9571
Epoch 4/30

  20/1459 [..............................] - ETA: 0s - loss: 0.0147 - acc: 1.0000
 340/1459 [=====>........................] - ETA: 0s - loss: 0.0363 - acc: 0.9824
 720/1459 [=============>................] - ETA: 0s - loss: 0.0339 - acc: 0.9833
1060/1459 [====================>.........] - ETA: 0s - loss: 0.0416 - acc: 0.9840
1400/1459 [===========================>..] - ETA: 0s - loss: 0.0529 - acc: 0.9807
1459/1459 [==============================] - 0s 153us/step - loss: 0.0547 - acc: 0.9808 - val_loss: 0.1392 - val_acc: 0.9448
Epoch 5/30

  20/1459 [..............................] - ETA: 0s - loss: 0.0159 - acc: 1.0000
 420/1459 [=======>......................] - ETA: 0s - loss: 0.0455 - acc: 0.9833
 800/1459 [===============>..............] - ETA: 0s - loss: 0.0479 - acc: 0.9812
1160/1459 [======================>.......] - ETA: 0s - loss: 0.0497 - acc: 0.9819
1459/1459 [==============================] - 0s 138us/step - loss: 0.0499 - acc: 0.9829 - val_loss: 0.1776 - val_acc: 0.9325
Epoch 6/30

  20/1459 [..............................] - ETA: 0s - loss: 0.0077 - acc: 1.0000
 400/1459 [=======>......................] - ETA: 0s - loss: 0.0649 - acc: 0.9850
 760/1459 [==============>...............] - ETA: 0s - loss: 0.0500 - acc: 0.9868
1120/1459 [======================>.......] - ETA: 0s - loss: 0.0678 - acc: 0.9821
1459/1459 [==============================] - 0s 143us/step - loss: 0.0580 - acc: 0.9842 - val_loss: 0.1146 - val_acc: 0.9509
Epoch 7/30

  20/1459 [..............................] - ETA: 0s - loss: 0.0782 - acc: 0.9500
 380/1459 [======>.......................] - ETA: 0s - loss: 0.0382 - acc: 0.9895
 740/1459 [==============>...............] - ETA: 0s - loss: 0.0484 - acc: 0.9811
1100/1459 [=====================>........] - ETA: 0s - loss: 0.0398 - acc: 0.9855
1459/1459 [==============================] - 0s 146us/step - loss: 0.0392 - acc: 0.9870 - val_loss: 0.1425 - val_acc: 0.9509
Epoch 8/30

  20/1459 [..............................] - ETA: 0s - loss: 0.0125 - acc: 1.0000
 380/1459 [======>.......................] - ETA: 0s - loss: 0.0256 - acc: 0.9921
 760/1459 [==============>...............] - ETA: 0s - loss: 0.0189 - acc: 0.9947
1140/1459 [======================>.......] - ETA: 0s - loss: 0.0235 - acc: 0.9921
1459/1459 [==============================] - 0s 139us/step - loss: 0.0326 - acc: 0.9904 - val_loss: 0.1168 - val_acc: 0.9632
Epoch 9/30

  20/1459 [..............................] - ETA: 0s - loss: 0.0487 - acc: 1.0000
 400/1459 [=======>......................] - ETA: 0s - loss: 0.0400 - acc: 0.9875
 780/1459 [===============>..............] - ETA: 0s - loss: 0.0352 - acc: 0.9910
1140/1459 [======================>.......] - ETA: 0s - loss: 0.0472 - acc: 0.9842
1459/1459 [==============================] - 0s 143us/step - loss: 0.0512 - acc: 0.9842 - val_loss: 0.1090 - val_acc: 0.9448
Epoch 10/30

  20/1459 [..............................] - ETA: 0s - loss: 0.0811 - acc: 0.9500
 360/1459 [======>.......................] - ETA: 0s - loss: 0.0217 - acc: 0.9917
 740/1459 [==============>...............] - ETA: 0s - loss: 0.0421 - acc: 0.9851
1120/1459 [======================>.......] - ETA: 0s - loss: 0.0390 - acc: 0.9857
1459/1459 [==============================] - 0s 148us/step - loss: 0.0402 - acc: 0.9849 - val_loss: 0.1520 - val_acc: 0.9571
Epoch 11/30

  20/1459 [..............................] - ETA: 0s - loss: 0.0045 - acc: 1.0000
 400/1459 [=======>......................] - ETA: 0s - loss: 0.0221 - acc: 0.9900
 780/1459 [===============>..............] - ETA: 0s - loss: 0.0391 - acc: 0.9897
1160/1459 [======================>.......] - ETA: 0s - loss: 0.0450 - acc: 0.9862
1459/1459 [==============================] - 0s 137us/step - loss: 0.0467 - acc: 0.9863 - val_loss: 0.1634 - val_acc: 0.9448
Epoch 12/30

  20/1459 [..............................] - ETA: 0s - loss: 0.0300 - acc: 1.0000
 360/1459 [======>.......................] - ETA: 0s - loss: 0.0192 - acc: 0.9889
 680/1459 [============>.................] - ETA: 0s - loss: 0.0361 - acc: 0.9868
1020/1459 [===================>..........] - ETA: 0s - loss: 0.0434 - acc: 0.9833
1360/1459 [==========================>...] - ETA: 0s - loss: 0.0486 - acc: 0.9809
1459/1459 [==============================] - 0s 160us/step - loss: 0.0543 - acc: 0.9794 - val_loss: 0.1510 - val_acc: 0.9387
Epoch 13/30

  20/1459 [..............................] - ETA: 0s - loss: 0.1939 - acc: 0.9000
 340/1459 [=====>........................] - ETA: 0s - loss: 0.0637 - acc: 0.9706
 640/1459 [============>.................] - ETA: 0s - loss: 0.0642 - acc: 0.9734
 940/1459 [==================>...........] - ETA: 0s - loss: 0.0528 - acc: 0.9777
1260/1459 [========================>.....] - ETA: 0s - loss: 0.0495 - acc: 0.9778
1459/1459 [==============================] - 0s 170us/step - loss: 0.0479 - acc: 0.9788 - val_loss: 0.1361 - val_acc: 0.9571
Epoch 14/30

  20/1459 [..............................] - ETA: 0s - loss: 0.0029 - acc: 1.0000
 420/1459 [=======>......................] - ETA: 0s - loss: 0.0584 - acc: 0.9833
 760/1459 [==============>...............] - ETA: 0s - loss: 0.0532 - acc: 0.9829
1140/1459 [======================>.......] - ETA: 0s - loss: 0.0450 - acc: 0.9851
1440/1459 [============================>.] - ETA: 0s - loss: 0.0418 - acc: 0.9847
1459/1459 [==============================] - 0s 152us/step - loss: 0.0413 - acc: 0.9849 - val_loss: 0.1096 - val_acc: 0.9693
Epoch 15/30

  20/1459 [..............................] - ETA: 0s - loss: 0.0017 - acc: 1.0000
 320/1459 [=====>........................] - ETA: 0s - loss: 0.0343 - acc: 0.9875
 620/1459 [===========>..................] - ETA: 0s - loss: 0.0417 - acc: 0.9839
 940/1459 [==================>...........] - ETA: 0s - loss: 0.0379 - acc: 0.9862
1280/1459 [=========================>....] - ETA: 0s - loss: 0.0447 - acc: 0.9836
1459/1459 [==============================] - 0s 168us/step - loss: 0.0546 - acc: 0.9822 - val_loss: 0.0699 - val_acc: 0.9632
Epoch 16/30

  20/1459 [..............................] - ETA: 0s - loss: 6.5295e-04 - acc: 1.0000
 340/1459 [=====>........................] - ETA: 0s - loss: 0.0276 - acc: 0.9882    
 640/1459 [============>.................] - ETA: 0s - loss: 0.0248 - acc: 0.9922
 940/1459 [==================>...........] - ETA: 0s - loss: 0.0264 - acc: 0.9904
1260/1459 [========================>.....] - ETA: 0s - loss: 0.0293 - acc: 0.9897
1459/1459 [==============================] - 0s 173us/step - loss: 0.0265 - acc: 0.9904 - val_loss: 0.1090 - val_acc: 0.9693
Epoch 17/30

  20/1459 [..............................] - ETA: 0s - loss: 0.0087 - acc: 1.0000
 340/1459 [=====>........................] - ETA: 0s - loss: 0.0289 - acc: 0.9882
 620/1459 [===========>..................] - ETA: 0s - loss: 0.0201 - acc: 0.9935
 940/1459 [==================>...........] - ETA: 0s - loss: 0.0240 - acc: 0.9915
1240/1459 [========================>.....] - ETA: 0s - loss: 0.0242 - acc: 0.9903
1459/1459 [==============================] - 0s 175us/step - loss: 0.0223 - acc: 0.9918 - val_loss: 0.1445 - val_acc: 0.9509
Epoch 18/30

  20/1459 [..............................] - ETA: 0s - loss: 0.0191 - acc: 1.0000
 340/1459 [=====>........................] - ETA: 0s - loss: 0.0182 - acc: 0.9941
 680/1459 [============>.................] - ETA: 0s - loss: 0.0111 - acc: 0.9971
1000/1459 [===================>..........] - ETA: 0s - loss: 0.0120 - acc: 0.9970
1280/1459 [=========================>....] - ETA: 0s - loss: 0.0098 - acc: 0.9977
1459/1459 [==============================] - 0s 171us/step - loss: 0.0098 - acc: 0.9979 - val_loss: 0.0842 - val_acc: 0.9816
Epoch 19/30

  20/1459 [..............................] - ETA: 0s - loss: 5.3886e-04 - acc: 1.0000
 340/1459 [=====>........................] - ETA: 0s - loss: 0.0041 - acc: 0.9971    
 640/1459 [============>.................] - ETA: 0s - loss: 0.0050 - acc: 0.9984
 940/1459 [==================>...........] - ETA: 0s - loss: 0.0049 - acc: 0.9989
1240/1459 [========================>.....] - ETA: 0s - loss: 0.0070 - acc: 0.9984
1459/1459 [==============================] - 0s 173us/step - loss: 0.0067 - acc: 0.9986 - val_loss: 0.0825 - val_acc: 0.9816
Epoch 20/30

  20/1459 [..............................] - ETA: 0s - loss: 0.0038 - acc: 1.0000
 340/1459 [=====>........................] - ETA: 0s - loss: 0.0101 - acc: 0.9941
 640/1459 [============>.................] - ETA: 0s - loss: 0.0071 - acc: 0.9969
 960/1459 [==================>...........] - ETA: 0s - loss: 0.0057 - acc: 0.9979
1280/1459 [=========================>....] - ETA: 0s - loss: 0.0051 - acc: 0.9984
1459/1459 [==============================] - 0s 169us/step - loss: 0.0052 - acc: 0.9986 - val_loss: 0.0792 - val_acc: 0.9755
Epoch 21/30

  20/1459 [..............................] - ETA: 0s - loss: 5.0902e-04 - acc: 1.0000
 340/1459 [=====>........................] - ETA: 0s - loss: 0.0018 - acc: 1.0000    
 660/1459 [============>.................] - ETA: 0s - loss: 0.0081 - acc: 0.9985
 980/1459 [===================>..........] - ETA: 0s - loss: 0.0063 - acc: 0.9990
1280/1459 [=========================>....] - ETA: 0s - loss: 0.0054 - acc: 0.9992
1459/1459 [==============================] - 0s 168us/step - loss: 0.0051 - acc: 0.9993 - val_loss: 0.0737 - val_acc: 0.9755
Epoch 22/30

  20/1459 [..............................] - ETA: 0s - loss: 2.3673e-04 - acc: 1.0000
 340/1459 [=====>........................] - ETA: 0s - loss: 0.0013 - acc: 1.0000    
 640/1459 [============>.................] - ETA: 0s - loss: 0.0016 - acc: 1.0000
 960/1459 [==================>...........] - ETA: 0s - loss: 0.0017 - acc: 1.0000
1260/1459 [========================>.....] - ETA: 0s - loss: 0.0017 - acc: 1.0000
1459/1459 [==============================] - 0s 170us/step - loss: 0.0047 - acc: 0.9993 - val_loss: 0.0785 - val_acc: 0.9755
Epoch 23/30

  20/1459 [..............................] - ETA: 0s - loss: 2.0501e-04 - acc: 1.0000
 340/1459 [=====>........................] - ETA: 0s - loss: 0.0018 - acc: 1.0000    
 680/1459 [============>.................] - ETA: 0s - loss: 0.0018 - acc: 1.0000
 980/1459 [===================>..........] - ETA: 0s - loss: 0.0061 - acc: 0.9990
1280/1459 [=========================>....] - ETA: 0s - loss: 0.0053 - acc: 0.9992
1459/1459 [==============================] - 0s 167us/step - loss: 0.0055 - acc: 0.9993 - val_loss: 0.0676 - val_acc: 0.9755
Epoch 24/30

  20/1459 [..............................] - ETA: 0s - loss: 0.0023 - acc: 1.0000
 340/1459 [=====>........................] - ETA: 0s - loss: 7.5384e-04 - acc: 1.0000
 660/1459 [============>.................] - ETA: 0s - loss: 0.0014 - acc: 1.0000    
 980/1459 [===================>..........] - ETA: 0s - loss: 0.0016 - acc: 1.0000
1300/1459 [=========================>....] - ETA: 0s - loss: 0.0057 - acc: 0.9992
1459/1459 [==============================] - 0s 168us/step - loss: 0.0052 - acc: 0.9993 - val_loss: 0.0704 - val_acc: 0.9755
Epoch 25/30

  20/1459 [..............................] - ETA: 0s - loss: 8.9407e-04 - acc: 1.0000
 340/1459 [=====>........................] - ETA: 0s - loss: 0.0023 - acc: 1.0000    
 640/1459 [============>.................] - ETA: 0s - loss: 0.0019 - acc: 1.0000
 940/1459 [==================>...........] - ETA: 0s - loss: 0.0017 - acc: 1.0000
1280/1459 [=========================>....] - ETA: 0s - loss: 0.0015 - acc: 1.0000
1459/1459 [==============================] - 0s 172us/step - loss: 0.0047 - acc: 0.9993 - val_loss: 0.0693 - val_acc: 0.9755
Epoch 26/30

  20/1459 [..............................] - ETA: 0s - loss: 0.0061 - acc: 1.0000
 320/1459 [=====>........................] - ETA: 0s - loss: 0.0029 - acc: 1.0000
 640/1459 [============>.................] - ETA: 0s - loss: 0.0095 - acc: 0.9984
 960/1459 [==================>...........] - ETA: 0s - loss: 0.0075 - acc: 0.9990
1300/1459 [=========================>....] - ETA: 0s - loss: 0.0058 - acc: 0.9992
1459/1459 [==============================] - 0s 165us/step - loss: 0.0052 - acc: 0.9993 - val_loss: 0.0786 - val_acc: 0.9755
Epoch 27/30

  20/1459 [..............................] - ETA: 0s - loss: 8.8311e-05 - acc: 1.0000
 320/1459 [=====>........................] - ETA: 0s - loss: 6.4309e-04 - acc: 1.0000
 640/1459 [============>.................] - ETA: 0s - loss: 0.0116 - acc: 0.9984    
 940/1459 [==================>...........] - ETA: 0s - loss: 0.0090 - acc: 0.9989
1240/1459 [========================>.....] - ETA: 0s - loss: 0.0071 - acc: 0.9992
1459/1459 [==============================] - 0s 174us/step - loss: 0.0061 - acc: 0.9993 - val_loss: 0.0910 - val_acc: 0.9755
Epoch 28/30

  20/1459 [..............................] - ETA: 0s - loss: 3.0015e-04 - acc: 1.0000
 340/1459 [=====>........................] - ETA: 0s - loss: 0.0015 - acc: 1.0000    
 660/1459 [============>.................] - ETA: 0s - loss: 0.0101 - acc: 0.9985
 960/1459 [==================>...........] - ETA: 0s - loss: 0.0080 - acc: 0.9990
1260/1459 [========================>.....] - ETA: 0s - loss: 0.0064 - acc: 0.9992
1459/1459 [==============================] - 0s 172us/step - loss: 0.0057 - acc: 0.9993 - val_loss: 0.0919 - val_acc: 0.9755
acc: 98.16%
Train on 1460 samples, validate on 162 samples
Epoch 1/30

  20/1460 [..............................] - ETA: 1:18 - loss: 0.6812 - acc: 0.6500
 320/1460 [=====>........................] - ETA: 4s - loss: 0.4595 - acc: 0.8094  
 600/1460 [===========>..................] - ETA: 1s - loss: 0.3178 - acc: 0.8767
 900/1460 [=================>............] - ETA: 0s - loss: 0.2525 - acc: 0.9011
1200/1460 [=======================>......] - ETA: 0s - loss: 0.2112 - acc: 0.9183
1460/1460 [==============================] - 1s 997us/step - loss: 0.1880 - acc: 0.9295 - val_loss: 0.1104 - val_acc: 0.9630
Epoch 2/30

  20/1460 [..............................] - ETA: 0s - loss: 0.0182 - acc: 1.0000
 340/1460 [=====>........................] - ETA: 0s - loss: 0.0914 - acc: 0.9765
 660/1460 [============>.................] - ETA: 0s - loss: 0.0812 - acc: 0.9758
 960/1460 [==================>...........] - ETA: 0s - loss: 0.0824 - acc: 0.9760
1280/1460 [=========================>....] - ETA: 0s - loss: 0.0820 - acc: 0.9773
1460/1460 [==============================] - 0s 168us/step - loss: 0.0748 - acc: 0.9801 - val_loss: 0.0729 - val_acc: 0.9753
Epoch 3/30

  20/1460 [..............................] - ETA: 0s - loss: 0.0058 - acc: 1.0000
 340/1460 [=====>........................] - ETA: 0s - loss: 0.0385 - acc: 0.9882
 660/1460 [============>.................] - ETA: 0s - loss: 0.0433 - acc: 0.9848
 940/1460 [==================>...........] - ETA: 0s - loss: 0.0462 - acc: 0.9840
1240/1460 [========================>.....] - ETA: 0s - loss: 0.0429 - acc: 0.9863
1460/1460 [==============================] - 0s 174us/step - loss: 0.0500 - acc: 0.9822 - val_loss: 0.0959 - val_acc: 0.9630
Epoch 4/30

  20/1460 [..............................] - ETA: 0s - loss: 0.0078 - acc: 1.0000
 260/1460 [====>.........................] - ETA: 0s - loss: 0.0347 - acc: 0.9885
 580/1460 [==========>...................] - ETA: 0s - loss: 0.0533 - acc: 0.9845
 900/1460 [=================>............] - ETA: 0s - loss: 0.0614 - acc: 0.9811
1240/1460 [========================>.....] - ETA: 0s - loss: 0.0506 - acc: 0.9855
1460/1460 [==============================] - 0s 172us/step - loss: 0.0526 - acc: 0.9842 - val_loss: 0.1052 - val_acc: 0.9753
Epoch 5/30

  20/1460 [..............................] - ETA: 0s - loss: 0.0209 - acc: 1.0000
 320/1460 [=====>........................] - ETA: 0s - loss: 0.0301 - acc: 0.9906
 640/1460 [============>.................] - ETA: 0s - loss: 0.0300 - acc: 0.9891
 960/1460 [==================>...........] - ETA: 0s - loss: 0.0381 - acc: 0.9875
1260/1460 [========================>.....] - ETA: 0s - loss: 0.0464 - acc: 0.9849
1460/1460 [==============================] - 0s 171us/step - loss: 0.0453 - acc: 0.9849 - val_loss: 0.1517 - val_acc: 0.9568
Epoch 6/30

  20/1460 [..............................] - ETA: 0s - loss: 0.0449 - acc: 1.0000
 340/1460 [=====>........................] - ETA: 0s - loss: 0.0403 - acc: 0.9912
 640/1460 [============>.................] - ETA: 0s - loss: 0.0290 - acc: 0.9937
 960/1460 [==================>...........] - ETA: 0s - loss: 0.0427 - acc: 0.9875
1280/1460 [=========================>....] - ETA: 0s - loss: 0.0466 - acc: 0.9852
1460/1460 [==============================] - 0s 166us/step - loss: 0.0453 - acc: 0.9856 - val_loss: 0.0908 - val_acc: 0.9691
Epoch 7/30

  20/1460 [..............................] - ETA: 0s - loss: 0.0089 - acc: 1.0000
 340/1460 [=====>........................] - ETA: 0s - loss: 0.0574 - acc: 0.9824
 660/1460 [============>.................] - ETA: 0s - loss: 0.0560 - acc: 0.9773
1000/1460 [===================>..........] - ETA: 0s - loss: 0.0599 - acc: 0.9810
1340/1460 [==========================>...] - ETA: 0s - loss: 0.0566 - acc: 0.9821
1460/1460 [==============================] - 0s 164us/step - loss: 0.0582 - acc: 0.9829 - val_loss: 0.1307 - val_acc: 0.9383
Epoch 8/30

  20/1460 [..............................] - ETA: 0s - loss: 9.5203e-04 - acc: 1.0000
 300/1460 [=====>........................] - ETA: 0s - loss: 0.0487 - acc: 0.9833    
 600/1460 [===========>..................] - ETA: 0s - loss: 0.0686 - acc: 0.9800
 920/1460 [=================>............] - ETA: 0s - loss: 0.0779 - acc: 0.9761
1240/1460 [========================>.....] - ETA: 0s - loss: 0.0638 - acc: 0.9798
1460/1460 [==============================] - 0s 173us/step - loss: 0.0662 - acc: 0.9788 - val_loss: 0.1291 - val_acc: 0.9568
Epoch 9/30

  20/1460 [..............................] - ETA: 0s - loss: 0.0253 - acc: 1.0000
 340/1460 [=====>........................] - ETA: 0s - loss: 0.0474 - acc: 0.9882
 640/1460 [============>.................] - ETA: 0s - loss: 0.0479 - acc: 0.9859
 960/1460 [==================>...........] - ETA: 0s - loss: 0.0511 - acc: 0.9854
1260/1460 [========================>.....] - ETA: 0s - loss: 0.0494 - acc: 0.9857
1460/1460 [==============================] - 0s 169us/step - loss: 0.0453 - acc: 0.9870 - val_loss: 0.1424 - val_acc: 0.9630
Epoch 10/30

  20/1460 [..............................] - ETA: 0s - loss: 0.0126 - acc: 1.0000
 320/1460 [=====>........................] - ETA: 0s - loss: 0.0203 - acc: 0.9969
 640/1460 [============>.................] - ETA: 0s - loss: 0.0348 - acc: 0.9891
 960/1460 [==================>...........] - ETA: 0s - loss: 0.0278 - acc: 0.9927
1260/1460 [========================>.....] - ETA: 0s - loss: 0.0338 - acc: 0.9905
1460/1460 [==============================] - 0s 168us/step - loss: 0.0364 - acc: 0.9897 - val_loss: 0.0817 - val_acc: 0.9630
Epoch 11/30

  20/1460 [..............................] - ETA: 0s - loss: 0.0042 - acc: 1.0000
 340/1460 [=====>........................] - ETA: 0s - loss: 0.0450 - acc: 0.9882
 680/1460 [============>.................] - ETA: 0s - loss: 0.0293 - acc: 0.9912
1000/1460 [===================>..........] - ETA: 0s - loss: 0.0318 - acc: 0.9910
1300/1460 [=========================>....] - ETA: 0s - loss: 0.0303 - acc: 0.9900
1460/1460 [==============================] - 0s 168us/step - loss: 0.0341 - acc: 0.9884 - val_loss: 0.0615 - val_acc: 0.9630
Epoch 12/30

  20/1460 [..............................] - ETA: 0s - loss: 0.0098 - acc: 1.0000
 340/1460 [=====>........................] - ETA: 0s - loss: 0.0172 - acc: 0.9912
 640/1460 [============>.................] - ETA: 0s - loss: 0.0486 - acc: 0.9875
 960/1460 [==================>...........] - ETA: 0s - loss: 0.0366 - acc: 0.9906
1280/1460 [=========================>....] - ETA: 0s - loss: 0.0296 - acc: 0.9930
1460/1460 [==============================] - 0s 167us/step - loss: 0.0274 - acc: 0.9938 - val_loss: 0.0698 - val_acc: 0.9753
Epoch 13/30

  20/1460 [..............................] - ETA: 0s - loss: 0.0031 - acc: 1.0000
 340/1460 [=====>........................] - ETA: 0s - loss: 0.0229 - acc: 0.9912
 660/1460 [============>.................] - ETA: 0s - loss: 0.0180 - acc: 0.9939
 980/1460 [===================>..........] - ETA: 0s - loss: 0.0144 - acc: 0.9959
1280/1460 [=========================>....] - ETA: 0s - loss: 0.0215 - acc: 0.9953
1460/1460 [==============================] - 0s 168us/step - loss: 0.0194 - acc: 0.9959 - val_loss: 0.0773 - val_acc: 0.9691
Epoch 14/30

  20/1460 [..............................] - ETA: 0s - loss: 4.5578e-04 - acc: 1.0000
 360/1460 [======>.......................] - ETA: 0s - loss: 0.0190 - acc: 0.9944    
 700/1460 [=============>................] - ETA: 0s - loss: 0.0147 - acc: 0.9957
1020/1460 [===================>..........] - ETA: 0s - loss: 0.0172 - acc: 0.9951
1340/1460 [==========================>...] - ETA: 0s - loss: 0.0145 - acc: 0.9963
1460/1460 [==============================] - 0s 164us/step - loss: 0.0136 - acc: 0.9966 - val_loss: 0.0553 - val_acc: 0.9877
Epoch 15/30

  20/1460 [..............................] - ETA: 0s - loss: 0.0043 - acc: 1.0000
 340/1460 [=====>........................] - ETA: 0s - loss: 0.0206 - acc: 0.9941
 680/1460 [============>.................] - ETA: 0s - loss: 0.0134 - acc: 0.9956
 980/1460 [===================>..........] - ETA: 0s - loss: 0.0105 - acc: 0.9969
1300/1460 [=========================>....] - ETA: 0s - loss: 0.0129 - acc: 0.9969
1460/1460 [==============================] - 0s 165us/step - loss: 0.0123 - acc: 0.9973 - val_loss: 0.0487 - val_acc: 0.9753
Epoch 16/30

  20/1460 [..............................] - ETA: 0s - loss: 5.0943e-04 - acc: 1.0000
 340/1460 [=====>........................] - ETA: 0s - loss: 0.0185 - acc: 0.9971    
 680/1460 [============>.................] - ETA: 0s - loss: 0.0114 - acc: 0.9985
 980/1460 [===================>..........] - ETA: 0s - loss: 0.0088 - acc: 0.9990
1300/1460 [=========================>....] - ETA: 0s - loss: 0.0096 - acc: 0.9985
1460/1460 [==============================] - 0s 167us/step - loss: 0.0109 - acc: 0.9973 - val_loss: 0.0774 - val_acc: 0.9691
Epoch 17/30

  20/1460 [..............................] - ETA: 0s - loss: 0.0105 - acc: 1.0000
 340/1460 [=====>........................] - ETA: 0s - loss: 0.0039 - acc: 1.0000
 640/1460 [============>.................] - ETA: 0s - loss: 0.0043 - acc: 1.0000
 940/1460 [==================>...........] - ETA: 0s - loss: 0.0106 - acc: 0.9989
1240/1460 [========================>.....] - ETA: 0s - loss: 0.0105 - acc: 0.9984
1460/1460 [==============================] - 0s 172us/step - loss: 0.0099 - acc: 0.9986 - val_loss: 0.0730 - val_acc: 0.9630
Epoch 18/30

  20/1460 [..............................] - ETA: 0s - loss: 9.4931e-04 - acc: 1.0000
 340/1460 [=====>........................] - ETA: 0s - loss: 0.0023 - acc: 1.0000    
 640/1460 [============>.................] - ETA: 0s - loss: 0.0086 - acc: 0.9984
 960/1460 [==================>...........] - ETA: 0s - loss: 0.0103 - acc: 0.9969
1280/1460 [=========================>....] - ETA: 0s - loss: 0.0086 - acc: 0.9977
1460/1460 [==============================] - 0s 169us/step - loss: 0.0082 - acc: 0.9979 - val_loss: 0.0523 - val_acc: 0.9877
Epoch 19/30

  20/1460 [..............................] - ETA: 0s - loss: 0.0023 - acc: 1.0000
 360/1460 [======>.......................] - ETA: 0s - loss: 0.0015 - acc: 1.0000
 680/1460 [============>.................] - ETA: 0s - loss: 0.0104 - acc: 0.9971
 980/1460 [===================>..........] - ETA: 0s - loss: 0.0086 - acc: 0.9969
1320/1460 [==========================>...] - ETA: 0s - loss: 0.0080 - acc: 0.9977
1460/1460 [==============================] - 0s 166us/step - loss: 0.0089 - acc: 0.9973 - val_loss: 0.0686 - val_acc: 0.9753
Epoch 20/30

  20/1460 [..............................] - ETA: 0s - loss: 0.0012 - acc: 1.0000
 340/1460 [=====>........................] - ETA: 0s - loss: 0.0073 - acc: 0.9941
 660/1460 [============>.................] - ETA: 0s - loss: 0.0116 - acc: 0.9955
 940/1460 [==================>...........] - ETA: 0s - loss: 0.0088 - acc: 0.9968
1200/1460 [=======================>......] - ETA: 0s - loss: 0.0073 - acc: 0.9975
1460/1460 [==============================] - 0s 188us/step - loss: 0.0070 - acc: 0.9973 - val_loss: 0.0516 - val_acc: 0.9753
Epoch 21/30

  20/1460 [..............................] - ETA: 0s - loss: 0.0042 - acc: 1.0000
 320/1460 [=====>........................] - ETA: 0s - loss: 0.0026 - acc: 1.0000
 580/1460 [==========>...................] - ETA: 0s - loss: 0.0021 - acc: 1.0000
 840/1460 [================>.............] - ETA: 0s - loss: 0.0086 - acc: 0.9988
1060/1460 [====================>.........] - ETA: 0s - loss: 0.0071 - acc: 0.9991
1300/1460 [=========================>....] - ETA: 0s - loss: 0.0064 - acc: 0.9992
1460/1460 [==============================] - 0s 213us/step - loss: 0.0066 - acc: 0.9986 - val_loss: 0.0524 - val_acc: 0.9753
Epoch 22/30

  20/1460 [..............................] - ETA: 0s - loss: 5.1092e-04 - acc: 1.0000
 260/1460 [====>.........................] - ETA: 0s - loss: 0.0015 - acc: 1.0000    
 520/1460 [=========>....................] - ETA: 0s - loss: 0.0089 - acc: 0.9962
 780/1460 [===============>..............] - ETA: 0s - loss: 0.0068 - acc: 0.9974
1020/1460 [===================>..........] - ETA: 0s - loss: 0.0055 - acc: 0.9980
1280/1460 [=========================>....] - ETA: 0s - loss: 0.0057 - acc: 0.9977
1460/1460 [==============================] - 0s 208us/step - loss: 0.0051 - acc: 0.9979 - val_loss: 0.0515 - val_acc: 0.9753
Epoch 23/30

  20/1460 [..............................] - ETA: 0s - loss: 0.0080 - acc: 1.0000
 280/1460 [====>.........................] - ETA: 0s - loss: 0.0037 - acc: 1.0000
 540/1460 [==========>...................] - ETA: 0s - loss: 0.0022 - acc: 1.0000
 800/1460 [===============>..............] - ETA: 0s - loss: 0.0017 - acc: 1.0000
1020/1460 [===================>..........] - ETA: 0s - loss: 0.0053 - acc: 0.9990
1220/1460 [========================>.....] - ETA: 0s - loss: 0.0060 - acc: 0.9992
1300/1460 [=========================>....] - ETA: 0s - loss: 0.0057 - acc: 0.9992
1400/1460 [===========================>..] - ETA: 0s - loss: 0.0053 - acc: 0.9993
1460/1460 [==============================] - 0s 287us/step - loss: 0.0052 - acc: 0.9993 - val_loss: 0.0493 - val_acc: 0.9753
Epoch 24/30

  20/1460 [..............................] - ETA: 0s - loss: 0.0017 - acc: 1.0000
 220/1460 [===>..........................] - ETA: 0s - loss: 0.0011 - acc: 1.0000
 460/1460 [========>.....................] - ETA: 0s - loss: 0.0017 - acc: 1.0000
 700/1460 [=============>................] - ETA: 0s - loss: 0.0017 - acc: 1.0000
 980/1460 [===================>..........] - ETA: 0s - loss: 0.0024 - acc: 0.9990
1300/1460 [=========================>....] - ETA: 0s - loss: 0.0048 - acc: 0.9985
1460/1460 [==============================] - 0s 217us/step - loss: 0.0044 - acc: 0.9986 - val_loss: 0.0492 - val_acc: 0.9753
acc: 98.77%
Train on 1460 samples, validate on 162 samples
Epoch 1/30

  20/1460 [..............................] - ETA: 1:23 - loss: 0.6851 - acc: 0.5000
 240/1460 [===>..........................] - ETA: 6s - loss: 0.5203 - acc: 0.7708  
 500/1460 [=========>....................] - ETA: 2s - loss: 0.3287 - acc: 0.8620
 780/1460 [===============>..............] - ETA: 1s - loss: 0.2542 - acc: 0.8936
1060/1460 [====================>.........] - ETA: 0s - loss: 0.2330 - acc: 0.9057
1280/1460 [=========================>....] - ETA: 0s - loss: 0.2112 - acc: 0.9148
1460/1460 [==============================] - 2s 1ms/step - loss: 0.2012 - acc: 0.9192 - val_loss: 0.0970 - val_acc: 0.9630
Epoch 2/30

  20/1460 [..............................] - ETA: 0s - loss: 0.0218 - acc: 1.0000
 240/1460 [===>..........................] - ETA: 0s - loss: 0.0876 - acc: 0.9792
 500/1460 [=========>....................] - ETA: 0s - loss: 0.0742 - acc: 0.9820
 680/1460 [============>.................] - ETA: 0s - loss: 0.0686 - acc: 0.9824
 960/1460 [==================>...........] - ETA: 0s - loss: 0.0788 - acc: 0.9760
1280/1460 [=========================>....] - ETA: 0s - loss: 0.0768 - acc: 0.9758
1460/1460 [==============================] - 0s 211us/step - loss: 0.0786 - acc: 0.9747 - val_loss: 0.1229 - val_acc: 0.9691
Epoch 3/30

  20/1460 [..............................] - ETA: 0s - loss: 0.0267 - acc: 1.0000
 320/1460 [=====>........................] - ETA: 0s - loss: 0.0759 - acc: 0.9750
 640/1460 [============>.................] - ETA: 0s - loss: 0.0575 - acc: 0.9797
 960/1460 [==================>...........] - ETA: 0s - loss: 0.0470 - acc: 0.9833
1280/1460 [=========================>....] - ETA: 0s - loss: 0.0507 - acc: 0.9820
1460/1460 [==============================] - 0s 170us/step - loss: 0.0621 - acc: 0.9795 - val_loss: 0.1590 - val_acc: 0.9568
Epoch 4/30

  20/1460 [..............................] - ETA: 0s - loss: 0.0211 - acc: 1.0000
 340/1460 [=====>........................] - ETA: 0s - loss: 0.0501 - acc: 0.9824
 640/1460 [============>.................] - ETA: 0s - loss: 0.0729 - acc: 0.9719
 960/1460 [==================>...........] - ETA: 0s - loss: 0.0570 - acc: 0.9802
1280/1460 [=========================>....] - ETA: 0s - loss: 0.0606 - acc: 0.9797
1460/1460 [==============================] - 0s 167us/step - loss: 0.0622 - acc: 0.9795 - val_loss: 0.0556 - val_acc: 0.9753
Epoch 5/30

  20/1460 [..............................] - ETA: 0s - loss: 0.0412 - acc: 0.9500
 360/1460 [======>.......................] - ETA: 0s - loss: 0.0269 - acc: 0.9861
 700/1460 [=============>................] - ETA: 0s - loss: 0.0510 - acc: 0.9857
1020/1460 [===================>..........] - ETA: 0s - loss: 0.0550 - acc: 0.9824
1360/1460 [==========================>...] - ETA: 0s - loss: 0.0467 - acc: 0.9853
1460/1460 [==============================] - 0s 163us/step - loss: 0.0442 - acc: 0.9863 - val_loss: 0.1396 - val_acc: 0.9568
Epoch 6/30

  20/1460 [..............................] - ETA: 0s - loss: 0.0128 - acc: 1.0000
 300/1460 [=====>........................] - ETA: 0s - loss: 0.0434 - acc: 0.9867
 440/1460 [========>.....................] - ETA: 0s - loss: 0.0408 - acc: 0.9864
 600/1460 [===========>..................] - ETA: 0s - loss: 0.0346 - acc: 0.9883
 760/1460 [==============>...............] - ETA: 0s - loss: 0.0324 - acc: 0.9882
 940/1460 [==================>...........] - ETA: 0s - loss: 0.0408 - acc: 0.9872
1080/1460 [=====================>........] - ETA: 0s - loss: 0.0436 - acc: 0.9870
1220/1460 [========================>.....] - ETA: 0s - loss: 0.0413 - acc: 0.9877
1400/1460 [===========================>..] - ETA: 0s - loss: 0.0398 - acc: 0.9886
1460/1460 [==============================] - 0s 306us/step - loss: 0.0401 - acc: 0.9884 - val_loss: 0.1038 - val_acc: 0.9506
Epoch 7/30

  20/1460 [..............................] - ETA: 0s - loss: 0.0073 - acc: 1.0000
 220/1460 [===>..........................] - ETA: 0s - loss: 0.0253 - acc: 0.9955
 420/1460 [=======>......................] - ETA: 0s - loss: 0.0387 - acc: 0.9929
 600/1460 [===========>..................] - ETA: 0s - loss: 0.0402 - acc: 0.9917
 820/1460 [===============>..............] - ETA: 0s - loss: 0.0376 - acc: 0.9890
1100/1460 [=====================>........] - ETA: 0s - loss: 0.0335 - acc: 0.9891
1360/1460 [==========================>...] - ETA: 0s - loss: 0.0301 - acc: 0.9904
1460/1460 [==============================] - 0s 240us/step - loss: 0.0289 - acc: 0.9904 - val_loss: 0.1179 - val_acc: 0.9630
Epoch 8/30

  20/1460 [..............................] - ETA: 0s - loss: 0.0046 - acc: 1.0000
 320/1460 [=====>........................] - ETA: 0s - loss: 0.0221 - acc: 0.9875
 560/1460 [==========>...................] - ETA: 0s - loss: 0.0159 - acc: 0.9929
 820/1460 [===============>..............] - ETA: 0s - loss: 0.0304 - acc: 0.9927
1120/1460 [======================>.......] - ETA: 0s - loss: 0.0287 - acc: 0.9937
1400/1460 [===========================>..] - ETA: 0s - loss: 0.0295 - acc: 0.9936
1460/1460 [==============================] - 0s 194us/step - loss: 0.0327 - acc: 0.9918 - val_loss: 0.0648 - val_acc: 0.9630
Epoch 9/30

  20/1460 [..............................] - ETA: 0s - loss: 0.0016 - acc: 1.0000
 320/1460 [=====>........................] - ETA: 0s - loss: 0.0277 - acc: 0.9937
 640/1460 [============>.................] - ETA: 0s - loss: 0.0253 - acc: 0.9891
 960/1460 [==================>...........] - ETA: 0s - loss: 0.0224 - acc: 0.9906
1200/1460 [=======================>......] - ETA: 0s - loss: 0.0250 - acc: 0.9900
1460/1460 [==============================] - 0s 177us/step - loss: 0.0309 - acc: 0.9904 - val_loss: 0.1000 - val_acc: 0.9568
Epoch 10/30

  20/1460 [..............................] - ETA: 0s - loss: 0.0036 - acc: 1.0000
 360/1460 [======>.......................] - ETA: 0s - loss: 0.0140 - acc: 0.9972
 680/1460 [============>.................] - ETA: 0s - loss: 0.0347 - acc: 0.9926
1000/1460 [===================>..........] - ETA: 0s - loss: 0.0279 - acc: 0.9940
1340/1460 [==========================>...] - ETA: 0s - loss: 0.0275 - acc: 0.9948
1460/1460 [==============================] - 0s 161us/step - loss: 0.0257 - acc: 0.9952 - val_loss: 0.0953 - val_acc: 0.9630
Epoch 11/30

  20/1460 [..............................] - ETA: 0s - loss: 0.0070 - acc: 1.0000
 340/1460 [=====>........................] - ETA: 0s - loss: 0.0059 - acc: 1.0000
 640/1460 [============>.................] - ETA: 0s - loss: 0.0228 - acc: 0.9969
 960/1460 [==================>...........] - ETA: 0s - loss: 0.0205 - acc: 0.9958
1280/1460 [=========================>....] - ETA: 0s - loss: 0.0267 - acc: 0.9930
1460/1460 [==============================] - 0s 169us/step - loss: 0.0251 - acc: 0.9938 - val_loss: 0.1365 - val_acc: 0.9630
Epoch 12/30

  20/1460 [..............................] - ETA: 0s - loss: 0.0012 - acc: 1.0000
 360/1460 [======>.......................] - ETA: 0s - loss: 0.0189 - acc: 0.9944
 700/1460 [=============>................] - ETA: 0s - loss: 0.0293 - acc: 0.9943
1020/1460 [===================>..........] - ETA: 0s - loss: 0.0271 - acc: 0.9951
1340/1460 [==========================>...] - ETA: 0s - loss: 0.0224 - acc: 0.9955
1460/1460 [==============================] - 0s 164us/step - loss: 0.0290 - acc: 0.9932 - val_loss: 0.0928 - val_acc: 0.9815
Epoch 13/30

  20/1460 [..............................] - ETA: 0s - loss: 0.0021 - acc: 1.0000
 360/1460 [======>.......................] - ETA: 0s - loss: 0.0274 - acc: 0.9944
 680/1460 [============>.................] - ETA: 0s - loss: 0.0207 - acc: 0.9956
1000/1460 [===================>..........] - ETA: 0s - loss: 0.0275 - acc: 0.9950
1320/1460 [==========================>...] - ETA: 0s - loss: 0.0318 - acc: 0.9932
1460/1460 [==============================] - 0s 163us/step - loss: 0.0321 - acc: 0.9932 - val_loss: 0.1121 - val_acc: 0.9753
Epoch 14/30

  20/1460 [..............................] - ETA: 0s - loss: 0.0279 - acc: 1.0000
 360/1460 [======>.......................] - ETA: 0s - loss: 0.0428 - acc: 0.9889
 680/1460 [============>.................] - ETA: 0s - loss: 0.0327 - acc: 0.9912
1000/1460 [===================>..........] - ETA: 0s - loss: 0.0338 - acc: 0.9880
1320/1460 [==========================>...] - ETA: 0s - loss: 0.0339 - acc: 0.9894
1460/1460 [==============================] - 0s 164us/step - loss: 0.0328 - acc: 0.9897 - val_loss: 0.1261 - val_acc: 0.9691
Epoch 15/30

  20/1460 [..............................] - ETA: 0s - loss: 0.0031 - acc: 1.0000
 360/1460 [======>.......................] - ETA: 0s - loss: 0.0296 - acc: 0.9917
 680/1460 [============>.................] - ETA: 0s - loss: 0.0291 - acc: 0.9941
1020/1460 [===================>..........] - ETA: 0s - loss: 0.0240 - acc: 0.9931
1360/1460 [==========================>...] - ETA: 0s - loss: 0.0263 - acc: 0.9919
1460/1460 [==============================] - 0s 157us/step - loss: 0.0267 - acc: 0.9911 - val_loss: 0.1866 - val_acc: 0.9568
Epoch 16/30

  20/1460 [..............................] - ETA: 0s - loss: 0.1453 - acc: 0.9500
 340/1460 [=====>........................] - ETA: 0s - loss: 0.0360 - acc: 0.9912
 680/1460 [============>.................] - ETA: 0s - loss: 0.0264 - acc: 0.9941
1020/1460 [===================>..........] - ETA: 0s - loss: 0.0202 - acc: 0.9951
1340/1460 [==========================>...] - ETA: 0s - loss: 0.0253 - acc: 0.9933
1460/1460 [==============================] - 0s 163us/step - loss: 0.0308 - acc: 0.9925 - val_loss: 0.1336 - val_acc: 0.9691
Epoch 17/30

  20/1460 [..............................] - ETA: 0s - loss: 0.0011 - acc: 1.0000
 340/1460 [=====>........................] - ETA: 0s - loss: 0.0389 - acc: 0.9882
 660/1460 [============>.................] - ETA: 0s - loss: 0.0285 - acc: 0.9924
 980/1460 [===================>..........] - ETA: 0s - loss: 0.0392 - acc: 0.9898
1300/1460 [=========================>....] - ETA: 0s - loss: 0.0416 - acc: 0.9885
1460/1460 [==============================] - 0s 166us/step - loss: 0.0390 - acc: 0.9890 - val_loss: 0.1351 - val_acc: 0.9691
Epoch 18/30

  20/1460 [..............................] - ETA: 0s - loss: 0.0264 - acc: 1.0000
 360/1460 [======>.......................] - ETA: 0s - loss: 0.0460 - acc: 0.9861
 720/1460 [=============>................] - ETA: 0s - loss: 0.0430 - acc: 0.9875
1060/1460 [====================>.........] - ETA: 0s - loss: 0.0386 - acc: 0.9887
1380/1460 [===========================>..] - ETA: 0s - loss: 0.0351 - acc: 0.9891
1460/1460 [==============================] - 0s 158us/step - loss: 0.0341 - acc: 0.9890 - val_loss: 0.1494 - val_acc: 0.9753
Epoch 19/30

  20/1460 [..............................] - ETA: 0s - loss: 0.0129 - acc: 1.0000
 380/1460 [======>.......................] - ETA: 0s - loss: 0.0195 - acc: 0.9947
 700/1460 [=============>................] - ETA: 0s - loss: 0.0291 - acc: 0.9900
1040/1460 [====================>.........] - ETA: 0s - loss: 0.0414 - acc: 0.9875
1360/1460 [==========================>...] - ETA: 0s - loss: 0.0543 - acc: 0.9831
1460/1460 [==============================] - 0s 158us/step - loss: 0.0542 - acc: 0.9829 - val_loss: 0.1215 - val_acc: 0.9630
Epoch 20/30

  20/1460 [..............................] - ETA: 0s - loss: 0.0032 - acc: 1.0000
 380/1460 [======>.......................] - ETA: 0s - loss: 0.0640 - acc: 0.9711
 700/1460 [=============>................] - ETA: 0s - loss: 0.0546 - acc: 0.9757
1020/1460 [===================>..........] - ETA: 0s - loss: 0.0643 - acc: 0.9765
1360/1460 [==========================>...] - ETA: 0s - loss: 0.0675 - acc: 0.9779
1460/1460 [==============================] - 0s 155us/step - loss: 0.0753 - acc: 0.9774 - val_loss: 0.1156 - val_acc: 0.9753
Epoch 21/30

  20/1460 [..............................] - ETA: 0s - loss: 5.3253e-04 - acc: 1.0000
 360/1460 [======>.......................] - ETA: 0s - loss: 0.0695 - acc: 0.9778    
 720/1460 [=============>................] - ETA: 0s - loss: 0.0557 - acc: 0.9792
1080/1460 [=====================>........] - ETA: 0s - loss: 0.0771 - acc: 0.9722
1420/1460 [============================>.] - ETA: 0s - loss: 0.0757 - acc: 0.9746
1460/1460 [==============================] - 0s 154us/step - loss: 0.0759 - acc: 0.9733 - val_loss: 0.1443 - val_acc: 0.9568
Epoch 22/30

  20/1460 [..............................] - ETA: 0s - loss: 0.0043 - acc: 1.0000
 360/1460 [======>.......................] - ETA: 0s - loss: 0.0243 - acc: 0.9889
 700/1460 [=============>................] - ETA: 0s - loss: 0.0394 - acc: 0.9871
1040/1460 [====================>.........] - ETA: 0s - loss: 0.0497 - acc: 0.9837
1380/1460 [===========================>..] - ETA: 0s - loss: 0.0470 - acc: 0.9841
1460/1460 [==============================] - 0s 158us/step - loss: 0.0553 - acc: 0.9808 - val_loss: 0.0692 - val_acc: 0.9815
acc: 98.15%
Train on 1460 samples, validate on 162 samples
Epoch 1/30

  20/1460 [..............................] - ETA: 1:32 - loss: 0.6993 - acc: 0.4000
 360/1460 [======>.......................] - ETA: 4s - loss: 0.4109 - acc: 0.7806  
 700/1460 [=============>................] - ETA: 1s - loss: 0.2669 - acc: 0.8700
1040/1460 [====================>.........] - ETA: 0s - loss: 0.2207 - acc: 0.8981
1380/1460 [===========================>..] - ETA: 0s - loss: 0.1916 - acc: 0.9130
1460/1460 [==============================] - 2s 1ms/step - loss: 0.1888 - acc: 0.9137 - val_loss: 0.1006 - val_acc: 0.9630
Epoch 2/30

  20/1460 [..............................] - ETA: 0s - loss: 0.0930 - acc: 0.9500
 300/1460 [=====>........................] - ETA: 0s - loss: 0.0795 - acc: 0.9833
 620/1460 [===========>..................] - ETA: 0s - loss: 0.0866 - acc: 0.9726
 960/1460 [==================>...........] - ETA: 0s - loss: 0.0894 - acc: 0.9677
1300/1460 [=========================>....] - ETA: 0s - loss: 0.0855 - acc: 0.9692
1460/1460 [==============================] - 0s 165us/step - loss: 0.0793 - acc: 0.9719 - val_loss: 0.0621 - val_acc: 0.9753
Epoch 3/30

  20/1460 [..............................] - ETA: 0s - loss: 0.0108 - acc: 1.0000
 360/1460 [======>.......................] - ETA: 0s - loss: 0.0547 - acc: 0.9889
 700/1460 [=============>................] - ETA: 0s - loss: 0.0483 - acc: 0.9871
1000/1460 [===================>..........] - ETA: 0s - loss: 0.0505 - acc: 0.9850
1340/1460 [==========================>...] - ETA: 0s - loss: 0.0573 - acc: 0.9821
1460/1460 [==============================] - 0s 159us/step - loss: 0.0565 - acc: 0.9822 - val_loss: 0.0734 - val_acc: 0.9753
Epoch 4/30

  20/1460 [..............................] - ETA: 0s - loss: 0.0020 - acc: 1.0000
 360/1460 [======>.......................] - ETA: 0s - loss: 0.0159 - acc: 0.9944
 680/1460 [============>.................] - ETA: 0s - loss: 0.0407 - acc: 0.9897
1060/1460 [====================>.........] - ETA: 0s - loss: 0.0441 - acc: 0.9877
1400/1460 [===========================>..] - ETA: 0s - loss: 0.0409 - acc: 0.9879
1460/1460 [==============================] - 0s 153us/step - loss: 0.0416 - acc: 0.9877 - val_loss: 0.1153 - val_acc: 0.9630
Epoch 5/30

  20/1460 [..............................] - ETA: 0s - loss: 0.0034 - acc: 1.0000
 360/1460 [======>.......................] - ETA: 0s - loss: 0.0546 - acc: 0.9861
 680/1460 [============>.................] - ETA: 0s - loss: 0.0434 - acc: 0.9882
1020/1460 [===================>..........] - ETA: 0s - loss: 0.0412 - acc: 0.9892
1360/1460 [==========================>...] - ETA: 0s - loss: 0.0398 - acc: 0.9897
1460/1460 [==============================] - 0s 160us/step - loss: 0.0406 - acc: 0.9884 - val_loss: 0.0939 - val_acc: 0.9815
Epoch 6/30

  20/1460 [..............................] - ETA: 0s - loss: 0.0033 - acc: 1.0000
 340/1460 [=====>........................] - ETA: 0s - loss: 0.0266 - acc: 0.9971
 660/1460 [============>.................] - ETA: 0s - loss: 0.0328 - acc: 0.9909
 980/1460 [===================>..........] - ETA: 0s - loss: 0.0358 - acc: 0.9898
1280/1460 [=========================>....] - ETA: 0s - loss: 0.0352 - acc: 0.9898
1460/1460 [==============================] - 0s 166us/step - loss: 0.0396 - acc: 0.9877 - val_loss: 0.0832 - val_acc: 0.9691
Epoch 7/30

  20/1460 [..............................] - ETA: 0s - loss: 0.1931 - acc: 0.9500
 340/1460 [=====>........................] - ETA: 0s - loss: 0.0292 - acc: 0.9912
 620/1460 [===========>..................] - ETA: 0s - loss: 0.0421 - acc: 0.9887
 840/1460 [================>.............] - ETA: 0s - loss: 0.0371 - acc: 0.9917
1020/1460 [===================>..........] - ETA: 0s - loss: 0.0438 - acc: 0.9882
1360/1460 [==========================>...] - ETA: 0s - loss: 0.0402 - acc: 0.9875
1460/1460 [==============================] - 0s 196us/step - loss: 0.0424 - acc: 0.9870 - val_loss: 0.1059 - val_acc: 0.9691
Epoch 8/30

  20/1460 [..............................] - ETA: 0s - loss: 0.0220 - acc: 1.0000
 320/1460 [=====>........................] - ETA: 0s - loss: 0.0357 - acc: 0.9906
 620/1460 [===========>..................] - ETA: 0s - loss: 0.0349 - acc: 0.9903
 960/1460 [==================>...........] - ETA: 0s - loss: 0.0285 - acc: 0.9927
1300/1460 [=========================>....] - ETA: 0s - loss: 0.0311 - acc: 0.9923
1460/1460 [==============================] - 0s 167us/step - loss: 0.0302 - acc: 0.9925 - val_loss: 0.1712 - val_acc: 0.9506
Epoch 9/30

  20/1460 [..............................] - ETA: 0s - loss: 0.0049 - acc: 1.0000
 300/1460 [=====>........................] - ETA: 0s - loss: 0.0188 - acc: 0.9933
 540/1460 [==========>...................] - ETA: 0s - loss: 0.0155 - acc: 0.9944
 840/1460 [================>.............] - ETA: 0s - loss: 0.0248 - acc: 0.9905
1140/1460 [======================>.......] - ETA: 0s - loss: 0.0302 - acc: 0.9868
1460/1460 [==============================] - 0s 185us/step - loss: 0.0311 - acc: 0.9870 - val_loss: 0.0992 - val_acc: 0.9691
Epoch 10/30

  20/1460 [..............................] - ETA: 0s - loss: 0.0103 - acc: 1.0000
 340/1460 [=====>........................] - ETA: 0s - loss: 0.0259 - acc: 0.9912
 660/1460 [============>.................] - ETA: 0s - loss: 0.0213 - acc: 0.9939
 980/1460 [===================>..........] - ETA: 0s - loss: 0.0352 - acc: 0.9878
1360/1460 [==========================>...] - ETA: 0s - loss: 0.0440 - acc: 0.9831
1460/1460 [==============================] - 0s 159us/step - loss: 0.0447 - acc: 0.9829 - val_loss: 0.1267 - val_acc: 0.9630
Epoch 11/30

  20/1460 [..............................] - ETA: 0s - loss: 0.0142 - acc: 1.0000
 360/1460 [======>.......................] - ETA: 0s - loss: 0.0412 - acc: 0.9861
 680/1460 [============>.................] - ETA: 0s - loss: 0.0458 - acc: 0.9853
1040/1460 [====================>.........] - ETA: 0s - loss: 0.0539 - acc: 0.9837
1400/1460 [===========================>..] - ETA: 0s - loss: 0.0542 - acc: 0.9829
1460/1460 [==============================] - 0s 155us/step - loss: 0.0531 - acc: 0.9836 - val_loss: 0.1494 - val_acc: 0.9691
Epoch 12/30

  20/1460 [..............................] - ETA: 0s - loss: 0.0985 - acc: 0.9500
 380/1460 [======>.......................] - ETA: 0s - loss: 0.0311 - acc: 0.9921
 720/1460 [=============>................] - ETA: 0s - loss: 0.0348 - acc: 0.9889
 960/1460 [==================>...........] - ETA: 0s - loss: 0.0421 - acc: 0.9854
1260/1460 [========================>.....] - ETA: 0s - loss: 0.0444 - acc: 0.9849
1460/1460 [==============================] - 0s 171us/step - loss: 0.0484 - acc: 0.9829 - val_loss: 0.1702 - val_acc: 0.9568
Epoch 13/30

  20/1460 [..............................] - ETA: 0s - loss: 0.0029 - acc: 1.0000
 360/1460 [======>.......................] - ETA: 0s - loss: 0.0389 - acc: 0.9889
 700/1460 [=============>................] - ETA: 0s - loss: 0.0354 - acc: 0.9914
 980/1460 [===================>..........] - ETA: 0s - loss: 0.0398 - acc: 0.9878
1300/1460 [=========================>....] - ETA: 0s - loss: 0.0395 - acc: 0.9869
1460/1460 [==============================] - 0s 171us/step - loss: 0.0431 - acc: 0.9849 - val_loss: 0.1252 - val_acc: 0.9691
Epoch 14/30

  20/1460 [..............................] - ETA: 0s - loss: 0.0411 - acc: 0.9500
 320/1460 [=====>........................] - ETA: 0s - loss: 0.0193 - acc: 0.9937
 600/1460 [===========>..................] - ETA: 0s - loss: 0.0387 - acc: 0.9900
 960/1460 [==================>...........] - ETA: 0s - loss: 0.0357 - acc: 0.9906
1280/1460 [=========================>....] - ETA: 0s - loss: 0.0541 - acc: 0.9852
1460/1460 [==============================] - 0s 172us/step - loss: 0.0503 - acc: 0.9856 - val_loss: 0.0796 - val_acc: 0.9815
Epoch 15/30

  20/1460 [..............................] - ETA: 0s - loss: 0.0035 - acc: 1.0000
 300/1460 [=====>........................] - ETA: 0s - loss: 0.0305 - acc: 0.9900
 600/1460 [===========>..................] - ETA: 0s - loss: 0.0351 - acc: 0.9850
 940/1460 [==================>...........] - ETA: 0s - loss: 0.0465 - acc: 0.9809
1280/1460 [=========================>....] - ETA: 0s - loss: 0.0519 - acc: 0.9797
1460/1460 [==============================] - 0s 168us/step - loss: 0.0489 - acc: 0.9808 - val_loss: 0.0960 - val_acc: 0.9630
acc: 98.15%
Train on 1460 samples, validate on 162 samples
Epoch 1/30

  20/1460 [..............................] - ETA: 1:49 - loss: 0.7213 - acc: 0.4000
 280/1460 [====>.........................] - ETA: 6s - loss: 0.5223 - acc: 0.7179  
 540/1460 [==========>...................] - ETA: 2s - loss: 0.3557 - acc: 0.8278
 780/1460 [===============>..............] - ETA: 1s - loss: 0.3014 - acc: 0.8590
1040/1460 [====================>.........] - ETA: 0s - loss: 0.2570 - acc: 0.8856
1360/1460 [==========================>...] - ETA: 0s - loss: 0.2138 - acc: 0.9059
1460/1460 [==============================] - 2s 1ms/step - loss: 0.2093 - acc: 0.9096 - val_loss: 0.0885 - val_acc: 0.9753
Epoch 2/30

  20/1460 [..............................] - ETA: 0s - loss: 0.0178 - acc: 1.0000
 320/1460 [=====>........................] - ETA: 0s - loss: 0.0654 - acc: 0.9844
 600/1460 [===========>..................] - ETA: 0s - loss: 0.0685 - acc: 0.9817
 880/1460 [=================>............] - ETA: 0s - loss: 0.0703 - acc: 0.9773
1140/1460 [======================>.......] - ETA: 0s - loss: 0.0765 - acc: 0.9763
1400/1460 [===========================>..] - ETA: 0s - loss: 0.0833 - acc: 0.9736
1460/1460 [==============================] - 0s 203us/step - loss: 0.0809 - acc: 0.9747 - val_loss: 0.0787 - val_acc: 0.9815
Epoch 3/30

  20/1460 [..............................] - ETA: 0s - loss: 0.0257 - acc: 1.0000
 240/1460 [===>..........................] - ETA: 0s - loss: 0.0668 - acc: 0.9750
 500/1460 [=========>....................] - ETA: 0s - loss: 0.0581 - acc: 0.9780
 720/1460 [=============>................] - ETA: 0s - loss: 0.0590 - acc: 0.9806
1000/1460 [===================>..........] - ETA: 0s - loss: 0.0600 - acc: 0.9810
1280/1460 [=========================>....] - ETA: 0s - loss: 0.0541 - acc: 0.9828
1460/1460 [==============================] - 0s 209us/step - loss: 0.0551 - acc: 0.9822 - val_loss: 0.1183 - val_acc: 0.9815
Epoch 4/30

  20/1460 [..............................] - ETA: 0s - loss: 0.0059 - acc: 1.0000
 300/1460 [=====>........................] - ETA: 0s - loss: 0.0244 - acc: 0.9933
 600/1460 [===========>..................] - ETA: 0s - loss: 0.0461 - acc: 0.9850
 880/1460 [=================>............] - ETA: 0s - loss: 0.0399 - acc: 0.9886
1200/1460 [=======================>......] - ETA: 0s - loss: 0.0382 - acc: 0.9892
1460/1460 [==============================] - 0s 183us/step - loss: 0.0410 - acc: 0.9890 - val_loss: 0.1035 - val_acc: 0.9815
Epoch 5/30

  20/1460 [..............................] - ETA: 0s - loss: 0.0121 - acc: 1.0000
 320/1460 [=====>........................] - ETA: 0s - loss: 0.0228 - acc: 0.9937
 640/1460 [============>.................] - ETA: 0s - loss: 0.0268 - acc: 0.9922
 940/1460 [==================>...........] - ETA: 0s - loss: 0.0349 - acc: 0.9904
1200/1460 [=======================>......] - ETA: 0s - loss: 0.0364 - acc: 0.9900
1460/1460 [==============================] - 0s 180us/step - loss: 0.0380 - acc: 0.9897 - val_loss: 0.1095 - val_acc: 0.9815
Epoch 6/30

  20/1460 [..............................] - ETA: 0s - loss: 7.1925e-04 - acc: 1.0000
 300/1460 [=====>........................] - ETA: 0s - loss: 0.0349 - acc: 0.9867    
 560/1460 [==========>...................] - ETA: 0s - loss: 0.0392 - acc: 0.9857
 840/1460 [================>.............] - ETA: 0s - loss: 0.0401 - acc: 0.9857
1140/1460 [======================>.......] - ETA: 0s - loss: 0.0357 - acc: 0.9868
1440/1460 [============================>.] - ETA: 0s - loss: 0.0358 - acc: 0.9868
1460/1460 [==============================] - 0s 192us/step - loss: 0.0354 - acc: 0.9870 - val_loss: 0.0859 - val_acc: 0.9753
Epoch 7/30

  20/1460 [..............................] - ETA: 0s - loss: 0.0172 - acc: 1.0000
 320/1460 [=====>........................] - ETA: 0s - loss: 0.0303 - acc: 0.9937
 600/1460 [===========>..................] - ETA: 0s - loss: 0.0250 - acc: 0.9950
 880/1460 [=================>............] - ETA: 0s - loss: 0.0263 - acc: 0.9943
1140/1460 [======================>.......] - ETA: 0s - loss: 0.0317 - acc: 0.9930
1420/1460 [============================>.] - ETA: 0s - loss: 0.0288 - acc: 0.9944
1460/1460 [==============================] - 0s 192us/step - loss: 0.0287 - acc: 0.9945 - val_loss: 0.0936 - val_acc: 0.9753
Epoch 8/30

  20/1460 [..............................] - ETA: 0s - loss: 0.0030 - acc: 1.0000
 280/1460 [====>.........................] - ETA: 0s - loss: 0.0193 - acc: 0.9929
 560/1460 [==========>...................] - ETA: 0s - loss: 0.0316 - acc: 0.9893
 820/1460 [===============>..............] - ETA: 0s - loss: 0.0287 - acc: 0.9915
1100/1460 [=====================>........] - ETA: 0s - loss: 0.0349 - acc: 0.9891
1380/1460 [===========================>..] - ETA: 0s - loss: 0.0324 - acc: 0.9906
1460/1460 [==============================] - 0s 201us/step - loss: 0.0334 - acc: 0.9897 - val_loss: 0.1017 - val_acc: 0.9691
Epoch 9/30

  20/1460 [..............................] - ETA: 0s - loss: 0.0031 - acc: 1.0000
 300/1460 [=====>........................] - ETA: 0s - loss: 0.0177 - acc: 0.9933
 560/1460 [==========>...................] - ETA: 0s - loss: 0.0259 - acc: 0.9911
 820/1460 [===============>..............] - ETA: 0s - loss: 0.0243 - acc: 0.9915
1020/1460 [===================>..........] - ETA: 0s - loss: 0.0277 - acc: 0.9892
1260/1460 [========================>.....] - ETA: 0s - loss: 0.0345 - acc: 0.9881
1460/1460 [==============================] - 0s 218us/step - loss: 0.0341 - acc: 0.9877 - val_loss: 0.1142 - val_acc: 0.9630
Epoch 10/30

  20/1460 [..............................] - ETA: 0s - loss: 0.0494 - acc: 0.9500
 260/1460 [====>.........................] - ETA: 0s - loss: 0.0393 - acc: 0.9846
 520/1460 [=========>....................] - ETA: 0s - loss: 0.0445 - acc: 0.9846
 780/1460 [===============>..............] - ETA: 0s - loss: 0.0404 - acc: 0.9872
1040/1460 [====================>.........] - ETA: 0s - loss: 0.0337 - acc: 0.9904
1300/1460 [=========================>....] - ETA: 0s - loss: 0.0344 - acc: 0.9892
1460/1460 [==============================] - 0s 210us/step - loss: 0.0320 - acc: 0.9904 - val_loss: 0.1002 - val_acc: 0.9815
Epoch 11/30

  20/1460 [..............................] - ETA: 0s - loss: 0.0086 - acc: 1.0000
 280/1460 [====>.........................] - ETA: 0s - loss: 0.0194 - acc: 0.9893
 560/1460 [==========>...................] - ETA: 0s - loss: 0.0250 - acc: 0.9875
 840/1460 [================>.............] - ETA: 0s - loss: 0.0326 - acc: 0.9857
1100/1460 [=====================>........] - ETA: 0s - loss: 0.0345 - acc: 0.9845
1340/1460 [==========================>...] - ETA: 0s - loss: 0.0326 - acc: 0.9851
1460/1460 [==============================] - 0s 201us/step - loss: 0.0330 - acc: 0.9856 - val_loss: 0.1195 - val_acc: 0.9815
Epoch 12/30

  20/1460 [..............................] - ETA: 0s - loss: 0.0109 - acc: 1.0000
 260/1460 [====>.........................] - ETA: 0s - loss: 0.0231 - acc: 0.9923
 540/1460 [==========>...................] - ETA: 0s - loss: 0.0305 - acc: 0.9852
 840/1460 [================>.............] - ETA: 0s - loss: 0.0321 - acc: 0.9869
1140/1460 [======================>.......] - ETA: 0s - loss: 0.0448 - acc: 0.9860
1400/1460 [===========================>..] - ETA: 0s - loss: 0.0437 - acc: 0.9857
1460/1460 [==============================] - 0s 193us/step - loss: 0.0443 - acc: 0.9856 - val_loss: 0.1904 - val_acc: 0.9630
acc: 98.15%
Train on 1460 samples, validate on 162 samples
Epoch 1/30

  20/1460 [..............................] - ETA: 2:06 - loss: 0.7037 - acc: 0.4500
 300/1460 [=====>........................] - ETA: 6s - loss: 0.4998 - acc: 0.7600  
 580/1460 [==========>...................] - ETA: 2s - loss: 0.3466 - acc: 0.8500
 880/1460 [=================>............] - ETA: 1s - loss: 0.2590 - acc: 0.8909
1160/1460 [======================>.......] - ETA: 0s - loss: 0.2143 - acc: 0.9103
1440/1460 [============================>.] - ETA: 0s - loss: 0.2001 - acc: 0.9160
1460/1460 [==============================] - 2s 2ms/step - loss: 0.1994 - acc: 0.9158 - val_loss: 0.0962 - val_acc: 0.9753
Epoch 2/30

  20/1460 [..............................] - ETA: 0s - loss: 0.1510 - acc: 0.9000
 280/1460 [====>.........................] - ETA: 0s - loss: 0.0964 - acc: 0.9643
 560/1460 [==========>...................] - ETA: 0s - loss: 0.0850 - acc: 0.9679
 840/1460 [================>.............] - ETA: 0s - loss: 0.0726 - acc: 0.9750
1100/1460 [=====================>........] - ETA: 0s - loss: 0.0676 - acc: 0.9755
1360/1460 [==========================>...] - ETA: 0s - loss: 0.0696 - acc: 0.9735
1460/1460 [==============================] - 0s 199us/step - loss: 0.0669 - acc: 0.9740 - val_loss: 0.0909 - val_acc: 0.9815
Epoch 3/30

  20/1460 [..............................] - ETA: 0s - loss: 0.0742 - acc: 0.9500
 300/1460 [=====>........................] - ETA: 0s - loss: 0.1011 - acc: 0.9600
 580/1460 [==========>...................] - ETA: 0s - loss: 0.0961 - acc: 0.9690
 860/1460 [================>.............] - ETA: 0s - loss: 0.0865 - acc: 0.9709
1140/1460 [======================>.......] - ETA: 0s - loss: 0.0811 - acc: 0.9719
1400/1460 [===========================>..] - ETA: 0s - loss: 0.0766 - acc: 0.9729
1460/1460 [==============================] - 0s 193us/step - loss: 0.0744 - acc: 0.9733 - val_loss: 0.0747 - val_acc: 0.9753
Epoch 4/30

  20/1460 [..............................] - ETA: 0s - loss: 0.0102 - acc: 1.0000
 300/1460 [=====>........................] - ETA: 0s - loss: 0.0349 - acc: 0.9900
 580/1460 [==========>...................] - ETA: 0s - loss: 0.0366 - acc: 0.9914
 840/1460 [================>.............] - ETA: 0s - loss: 0.0396 - acc: 0.9893
1080/1460 [=====================>........] - ETA: 0s - loss: 0.0475 - acc: 0.9852
1340/1460 [==========================>...] - ETA: 0s - loss: 0.0511 - acc: 0.9836
1460/1460 [==============================] - 0s 198us/step - loss: 0.0524 - acc: 0.9842 - val_loss: 0.1389 - val_acc: 0.9568
Epoch 5/30

  20/1460 [..............................] - ETA: 0s - loss: 0.0312 - acc: 1.0000
 280/1460 [====>.........................] - ETA: 0s - loss: 0.0547 - acc: 0.9786
 560/1460 [==========>...................] - ETA: 0s - loss: 0.0595 - acc: 0.9804
 800/1460 [===============>..............] - ETA: 0s - loss: 0.0643 - acc: 0.9775
1060/1460 [====================>.........] - ETA: 0s - loss: 0.0592 - acc: 0.9792
1320/1460 [==========================>...] - ETA: 0s - loss: 0.0578 - acc: 0.9788
1460/1460 [==============================] - 0s 205us/step - loss: 0.0594 - acc: 0.9795 - val_loss: 0.1647 - val_acc: 0.9568
Epoch 6/30

  20/1460 [..............................] - ETA: 0s - loss: 0.0079 - acc: 1.0000
 280/1460 [====>.........................] - ETA: 0s - loss: 0.0235 - acc: 0.9893
 580/1460 [==========>...................] - ETA: 0s - loss: 0.0529 - acc: 0.9793
 860/1460 [================>.............] - ETA: 0s - loss: 0.0503 - acc: 0.9814
1140/1460 [======================>.......] - ETA: 0s - loss: 0.0572 - acc: 0.9798
1380/1460 [===========================>..] - ETA: 0s - loss: 0.0576 - acc: 0.9783
1460/1460 [==============================] - 0s 202us/step - loss: 0.0606 - acc: 0.9781 - val_loss: 0.1733 - val_acc: 0.9691
Epoch 7/30

  20/1460 [..............................] - ETA: 0s - loss: 0.1574 - acc: 0.9500
 260/1460 [====>.........................] - ETA: 0s - loss: 0.0312 - acc: 0.9885
 560/1460 [==========>...................] - ETA: 0s - loss: 0.0263 - acc: 0.9893
 820/1460 [===============>..............] - ETA: 0s - loss: 0.0378 - acc: 0.9866
1120/1460 [======================>.......] - ETA: 0s - loss: 0.0488 - acc: 0.9839
1400/1460 [===========================>..] - ETA: 0s - loss: 0.0529 - acc: 0.9814
1460/1460 [==============================] - 0s 193us/step - loss: 0.0514 - acc: 0.9822 - val_loss: 0.1492 - val_acc: 0.9630
Epoch 8/30

  20/1460 [..............................] - ETA: 0s - loss: 0.0457 - acc: 1.0000
 320/1460 [=====>........................] - ETA: 0s - loss: 0.0371 - acc: 0.9937
 600/1460 [===========>..................] - ETA: 0s - loss: 0.0325 - acc: 0.9933
 860/1460 [================>.............] - ETA: 0s - loss: 0.0507 - acc: 0.9837
1160/1460 [======================>.......] - ETA: 0s - loss: 0.0475 - acc: 0.9862
1440/1460 [============================>.] - ETA: 0s - loss: 0.0431 - acc: 0.9861
1460/1460 [==============================] - 0s 186us/step - loss: 0.0426 - acc: 0.9863 - val_loss: 0.1763 - val_acc: 0.9568
Epoch 9/30

  20/1460 [..............................] - ETA: 0s - loss: 0.0034 - acc: 1.0000
 300/1460 [=====>........................] - ETA: 0s - loss: 0.0103 - acc: 0.9967
 600/1460 [===========>..................] - ETA: 0s - loss: 0.0137 - acc: 0.9967
 900/1460 [=================>............] - ETA: 0s - loss: 0.0287 - acc: 0.9911
1200/1460 [=======================>......] - ETA: 0s - loss: 0.0358 - acc: 0.9892
1460/1460 [==============================] - 0s 179us/step - loss: 0.0351 - acc: 0.9890 - val_loss: 0.1824 - val_acc: 0.9753
Epoch 10/30

  20/1460 [..............................] - ETA: 0s - loss: 0.0039 - acc: 1.0000
 320/1460 [=====>........................] - ETA: 0s - loss: 0.0390 - acc: 0.9844
 600/1460 [===========>..................] - ETA: 0s - loss: 0.0314 - acc: 0.9883
 900/1460 [=================>............] - ETA: 0s - loss: 0.0253 - acc: 0.9922
1200/1460 [=======================>......] - ETA: 0s - loss: 0.0377 - acc: 0.9892
1460/1460 [==============================] - 0s 180us/step - loss: 0.0329 - acc: 0.9911 - val_loss: 0.1437 - val_acc: 0.9691
Epoch 11/30

  20/1460 [..............................] - ETA: 0s - loss: 0.0071 - acc: 1.0000
 320/1460 [=====>........................] - ETA: 0s - loss: 0.0295 - acc: 0.9937
 600/1460 [===========>..................] - ETA: 0s - loss: 0.0239 - acc: 0.9950
 880/1460 [=================>............] - ETA: 0s - loss: 0.0248 - acc: 0.9943
1020/1460 [===================>..........] - ETA: 0s - loss: 0.0248 - acc: 0.9941
1300/1460 [=========================>....] - ETA: 0s - loss: 0.0300 - acc: 0.9908
1460/1460 [==============================] - 0s 204us/step - loss: 0.0292 - acc: 0.9911 - val_loss: 0.1302 - val_acc: 0.9691
Epoch 12/30

  20/1460 [..............................] - ETA: 0s - loss: 0.0354 - acc: 1.0000
 320/1460 [=====>........................] - ETA: 0s - loss: 0.0352 - acc: 0.9875
 600/1460 [===========>..................] - ETA: 0s - loss: 0.0259 - acc: 0.9900
 880/1460 [=================>............] - ETA: 0s - loss: 0.0249 - acc: 0.9898
1160/1460 [======================>.......] - ETA: 0s - loss: 0.0228 - acc: 0.9914
1460/1460 [==============================] - 0s 186us/step - loss: 0.0271 - acc: 0.9918 - val_loss: 0.1571 - val_acc: 0.9753
acc: 98.15%
Train on 1460 samples, validate on 162 samples
Epoch 1/30

  20/1460 [..............................] - ETA: 1:54 - loss: 0.6800 - acc: 0.6000
 320/1460 [=====>........................] - ETA: 5s - loss: 0.4607 - acc: 0.8094  
 640/1460 [============>.................] - ETA: 2s - loss: 0.3044 - acc: 0.8797
 900/1460 [=================>............] - ETA: 1s - loss: 0.2350 - acc: 0.9078
1120/1460 [======================>.......] - ETA: 0s - loss: 0.2088 - acc: 0.9179
1420/1460 [============================>.] - ETA: 0s - loss: 0.2037 - acc: 0.9211
1460/1460 [==============================] - 2s 1ms/step - loss: 0.2006 - acc: 0.9226 - val_loss: 0.0718 - val_acc: 0.9815
Epoch 2/30

  20/1460 [..............................] - ETA: 0s - loss: 0.0889 - acc: 0.9500
 320/1460 [=====>........................] - ETA: 0s - loss: 0.0815 - acc: 0.9781
 600/1460 [===========>..................] - ETA: 0s - loss: 0.0686 - acc: 0.9783
 840/1460 [================>.............] - ETA: 0s - loss: 0.0682 - acc: 0.9786
1100/1460 [=====================>........] - ETA: 0s - loss: 0.0712 - acc: 0.9755
1360/1460 [==========================>...] - ETA: 0s - loss: 0.0701 - acc: 0.9765
1460/1460 [==============================] - 0s 197us/step - loss: 0.0734 - acc: 0.9740 - val_loss: 0.1422 - val_acc: 0.9568
Epoch 3/30

  20/1460 [..............................] - ETA: 0s - loss: 0.0182 - acc: 1.0000
 300/1460 [=====>........................] - ETA: 0s - loss: 0.0465 - acc: 0.9900
 560/1460 [==========>...................] - ETA: 0s - loss: 0.0448 - acc: 0.9911
 820/1460 [===============>..............] - ETA: 0s - loss: 0.0545 - acc: 0.9890
1040/1460 [====================>.........] - ETA: 0s - loss: 0.0524 - acc: 0.9885
1240/1460 [========================>.....] - ETA: 0s - loss: 0.0519 - acc: 0.9871
1460/1460 [==============================] - 0s 216us/step - loss: 0.0518 - acc: 0.9856 - val_loss: 0.1044 - val_acc: 0.9568
Epoch 4/30

  20/1460 [..............................] - ETA: 0s - loss: 0.1160 - acc: 0.9500
 320/1460 [=====>........................] - ETA: 0s - loss: 0.0360 - acc: 0.9844
 620/1460 [===========>..................] - ETA: 0s - loss: 0.0481 - acc: 0.9855
 900/1460 [=================>............] - ETA: 0s - loss: 0.0451 - acc: 0.9856
1180/1460 [=======================>......] - ETA: 0s - loss: 0.0501 - acc: 0.9847
1460/1460 [==============================] - 0s 185us/step - loss: 0.0477 - acc: 0.9856 - val_loss: 0.1073 - val_acc: 0.9753
Epoch 5/30

  20/1460 [..............................] - ETA: 0s - loss: 0.0053 - acc: 1.0000
 320/1460 [=====>........................] - ETA: 0s - loss: 0.0225 - acc: 0.9906
 560/1460 [==========>...................] - ETA: 0s - loss: 0.0248 - acc: 0.9857
 780/1460 [===============>..............] - ETA: 0s - loss: 0.0334 - acc: 0.9859
1080/1460 [=====================>........] - ETA: 0s - loss: 0.0271 - acc: 0.9898
1380/1460 [===========================>..] - ETA: 0s - loss: 0.0318 - acc: 0.9884
1460/1460 [==============================] - 0s 195us/step - loss: 0.0346 - acc: 0.9884 - val_loss: 0.1387 - val_acc: 0.9506
Epoch 6/30

  20/1460 [..............................] - ETA: 0s - loss: 0.0047 - acc: 1.0000
 280/1460 [====>.........................] - ETA: 0s - loss: 0.0202 - acc: 0.9964
 580/1460 [==========>...................] - ETA: 0s - loss: 0.0270 - acc: 0.9914
 900/1460 [=================>............] - ETA: 0s - loss: 0.0334 - acc: 0.9900
1220/1460 [========================>.....] - ETA: 0s - loss: 0.0360 - acc: 0.9893
1460/1460 [==============================] - 0s 185us/step - loss: 0.0382 - acc: 0.9890 - val_loss: 0.1485 - val_acc: 0.9691
Epoch 7/30

  20/1460 [..............................] - ETA: 0s - loss: 0.0011 - acc: 1.0000
 340/1460 [=====>........................] - ETA: 0s - loss: 0.0170 - acc: 0.9971
 620/1460 [===========>..................] - ETA: 0s - loss: 0.0162 - acc: 0.9984
 920/1460 [=================>............] - ETA: 0s - loss: 0.0420 - acc: 0.9902
1220/1460 [========================>.....] - ETA: 0s - loss: 0.0455 - acc: 0.9885
1460/1460 [==============================] - 0s 176us/step - loss: 0.0439 - acc: 0.9890 - val_loss: 0.0888 - val_acc: 0.9753
Epoch 8/30

  20/1460 [..............................] - ETA: 0s - loss: 0.0566 - acc: 0.9500
 320/1460 [=====>........................] - ETA: 0s - loss: 0.0298 - acc: 0.9875
 600/1460 [===========>..................] - ETA: 0s - loss: 0.0326 - acc: 0.9883
 900/1460 [=================>............] - ETA: 0s - loss: 0.0294 - acc: 0.9900
1200/1460 [=======================>......] - ETA: 0s - loss: 0.0297 - acc: 0.9908
1460/1460 [==============================] - 0s 178us/step - loss: 0.0356 - acc: 0.9897 - val_loss: 0.1464 - val_acc: 0.9630
Epoch 9/30

  20/1460 [..............................] - ETA: 0s - loss: 6.5590e-04 - acc: 1.0000
 340/1460 [=====>........................] - ETA: 0s - loss: 0.0590 - acc: 0.9912    
 680/1460 [============>.................] - ETA: 0s - loss: 0.0417 - acc: 0.9926
1020/1460 [===================>..........] - ETA: 0s - loss: 0.0381 - acc: 0.9922
1340/1460 [==========================>...] - ETA: 0s - loss: 0.0427 - acc: 0.9888
1460/1460 [==============================] - 0s 164us/step - loss: 0.0402 - acc: 0.9897 - val_loss: 0.1546 - val_acc: 0.9630
Epoch 10/30

  20/1460 [..............................] - ETA: 0s - loss: 0.0033 - acc: 1.0000
 340/1460 [=====>........................] - ETA: 0s - loss: 0.0113 - acc: 1.0000
 640/1460 [============>.................] - ETA: 0s - loss: 0.0208 - acc: 0.9937
 960/1460 [==================>...........] - ETA: 0s - loss: 0.0288 - acc: 0.9917
1280/1460 [=========================>....] - ETA: 0s - loss: 0.0316 - acc: 0.9914
1460/1460 [==============================] - 0s 172us/step - loss: 0.0300 - acc: 0.9918 - val_loss: 0.1465 - val_acc: 0.9691
Epoch 11/30

  20/1460 [..............................] - ETA: 0s - loss: 0.0067 - acc: 1.0000
 340/1460 [=====>........................] - ETA: 0s - loss: 0.0411 - acc: 0.9882
 640/1460 [============>.................] - ETA: 0s - loss: 0.0285 - acc: 0.9937
 900/1460 [=================>............] - ETA: 0s - loss: 0.0239 - acc: 0.9944
1220/1460 [========================>.....] - ETA: 0s - loss: 0.0262 - acc: 0.9926
1460/1460 [==============================] - 0s 177us/step - loss: 0.0273 - acc: 0.9925 - val_loss: 0.1894 - val_acc: 0.9630
acc: 98.15%
Train on 1461 samples, validate on 161 samples
Epoch 1/30

  20/1461 [..............................] - ETA: 2:22 - loss: 0.6395 - acc: 0.7500
 320/1461 [=====>........................] - ETA: 7s - loss: 0.5362 - acc: 0.7844  
 620/1461 [===========>..................] - ETA: 2s - loss: 0.3402 - acc: 0.8726
 920/1461 [=================>............] - ETA: 1s - loss: 0.2793 - acc: 0.8967
1200/1461 [=======================>......] - ETA: 0s - loss: 0.2395 - acc: 0.9117
1461/1461 [==============================] - 2s 2ms/step - loss: 0.2216 - acc: 0.9199 - val_loss: 0.0528 - val_acc: 0.9876
Epoch 2/30

  20/1461 [..............................] - ETA: 0s - loss: 0.0811 - acc: 0.9500
 320/1461 [=====>........................] - ETA: 0s - loss: 0.0760 - acc: 0.9719
 600/1461 [===========>..................] - ETA: 0s - loss: 0.0764 - acc: 0.9767
 880/1461 [=================>............] - ETA: 0s - loss: 0.0720 - acc: 0.9795
1160/1461 [======================>.......] - ETA: 0s - loss: 0.0785 - acc: 0.9767
1440/1461 [============================>.] - ETA: 0s - loss: 0.0739 - acc: 0.9778
1461/1461 [==============================] - 0s 192us/step - loss: 0.0745 - acc: 0.9774 - val_loss: 0.0668 - val_acc: 0.9689
Epoch 3/30

  20/1461 [..............................] - ETA: 0s - loss: 0.1311 - acc: 0.9500
 300/1461 [=====>........................] - ETA: 0s - loss: 0.0470 - acc: 0.9767
 580/1461 [==========>...................] - ETA: 0s - loss: 0.0699 - acc: 0.9724
 860/1461 [================>.............] - ETA: 0s - loss: 0.0698 - acc: 0.9744
1140/1461 [======================>.......] - ETA: 0s - loss: 0.0624 - acc: 0.9781
1420/1461 [============================>.] - ETA: 0s - loss: 0.0617 - acc: 0.9782
1461/1461 [==============================] - 0s 192us/step - loss: 0.0662 - acc: 0.9774 - val_loss: 0.0380 - val_acc: 0.9938
Epoch 4/30

  20/1461 [..............................] - ETA: 0s - loss: 0.0087 - acc: 1.0000
 280/1461 [====>.........................] - ETA: 0s - loss: 0.0451 - acc: 0.9929
 580/1461 [==========>...................] - ETA: 0s - loss: 0.0491 - acc: 0.9897
 840/1461 [================>.............] - ETA: 0s - loss: 0.0430 - acc: 0.9881
1100/1461 [=====================>........] - ETA: 0s - loss: 0.0511 - acc: 0.9873
1380/1461 [===========================>..] - ETA: 0s - loss: 0.0511 - acc: 0.9862
1461/1461 [==============================] - 0s 195us/step - loss: 0.0551 - acc: 0.9843 - val_loss: 0.0353 - val_acc: 0.9814
Epoch 5/30

  20/1461 [..............................] - ETA: 0s - loss: 0.0029 - acc: 1.0000
 300/1461 [=====>........................] - ETA: 0s - loss: 0.0471 - acc: 0.9933
 580/1461 [==========>...................] - ETA: 0s - loss: 0.0456 - acc: 0.9931
 880/1461 [=================>............] - ETA: 0s - loss: 0.0498 - acc: 0.9898
1160/1461 [======================>.......] - ETA: 0s - loss: 0.0516 - acc: 0.9853
1440/1461 [============================>.] - ETA: 0s - loss: 0.0474 - acc: 0.9875
1461/1461 [==============================] - 0s 189us/step - loss: 0.0472 - acc: 0.9877 - val_loss: 0.0206 - val_acc: 1.0000
Epoch 6/30

  20/1461 [..............................] - ETA: 0s - loss: 0.0226 - acc: 1.0000
 300/1461 [=====>........................] - ETA: 0s - loss: 0.0303 - acc: 0.9900
 600/1461 [===========>..................] - ETA: 0s - loss: 0.0363 - acc: 0.9883
 880/1461 [=================>............] - ETA: 0s - loss: 0.0341 - acc: 0.9898
1160/1461 [======================>.......] - ETA: 0s - loss: 0.0393 - acc: 0.9871
1460/1461 [============================>.] - ETA: 0s - loss: 0.0463 - acc: 0.9870
1461/1461 [==============================] - 0s 186us/step - loss: 0.0463 - acc: 0.9870 - val_loss: 0.0377 - val_acc: 0.9876
Epoch 7/30

  20/1461 [..............................] - ETA: 0s - loss: 0.0018 - acc: 1.0000
 320/1461 [=====>........................] - ETA: 0s - loss: 0.0095 - acc: 1.0000
 600/1461 [===========>..................] - ETA: 0s - loss: 0.0139 - acc: 0.9983
 900/1461 [=================>............] - ETA: 0s - loss: 0.0203 - acc: 0.9944
1180/1461 [=======================>......] - ETA: 0s - loss: 0.0272 - acc: 0.9915
1461/1461 [==============================] - 0s 183us/step - loss: 0.0320 - acc: 0.9911 - val_loss: 0.0552 - val_acc: 0.9814
Epoch 8/30

  20/1461 [..............................] - ETA: 0s - loss: 0.0671 - acc: 0.9500
 320/1461 [=====>........................] - ETA: 0s - loss: 0.0515 - acc: 0.9844
 620/1461 [===========>..................] - ETA: 0s - loss: 0.0395 - acc: 0.9887
 920/1461 [=================>............] - ETA: 0s - loss: 0.0360 - acc: 0.9880
1220/1461 [========================>.....] - ETA: 0s - loss: 0.0315 - acc: 0.9893
1461/1461 [==============================] - 0s 182us/step - loss: 0.0325 - acc: 0.9897 - val_loss: 0.0539 - val_acc: 0.9814
Epoch 9/30

  20/1461 [..............................] - ETA: 0s - loss: 0.0188 - acc: 1.0000
 320/1461 [=====>........................] - ETA: 0s - loss: 0.0204 - acc: 0.9969
 620/1461 [===========>..................] - ETA: 0s - loss: 0.0397 - acc: 0.9871
 900/1461 [=================>............] - ETA: 0s - loss: 0.0333 - acc: 0.9889
1220/1461 [========================>.....] - ETA: 0s - loss: 0.0360 - acc: 0.9885
1461/1461 [==============================] - 0s 180us/step - loss: 0.0324 - acc: 0.9897 - val_loss: 0.0584 - val_acc: 0.9814
Epoch 10/30

  20/1461 [..............................] - ETA: 0s - loss: 0.0054 - acc: 1.0000
 280/1461 [====>.........................] - ETA: 0s - loss: 0.0442 - acc: 0.9929
 560/1461 [==========>...................] - ETA: 0s - loss: 0.0360 - acc: 0.9911
 840/1461 [================>.............] - ETA: 0s - loss: 0.0304 - acc: 0.9917
1140/1461 [======================>.......] - ETA: 0s - loss: 0.0328 - acc: 0.9904
1420/1461 [============================>.] - ETA: 0s - loss: 0.0397 - acc: 0.9887
1461/1461 [==============================] - 0s 190us/step - loss: 0.0405 - acc: 0.9884 - val_loss: 0.0201 - val_acc: 1.0000
Epoch 11/30

  20/1461 [..............................] - ETA: 0s - loss: 0.0180 - acc: 1.0000
 320/1461 [=====>........................] - ETA: 0s - loss: 0.0536 - acc: 0.9906
 580/1461 [==========>...................] - ETA: 0s - loss: 0.0434 - acc: 0.9914
 840/1461 [================>.............] - ETA: 0s - loss: 0.0391 - acc: 0.9905
1120/1461 [=====================>........] - ETA: 0s - loss: 0.0458 - acc: 0.9884
1420/1461 [============================>.] - ETA: 0s - loss: 0.0447 - acc: 0.9887
1461/1461 [==============================] - 0s 193us/step - loss: 0.0436 - acc: 0.9890 - val_loss: 0.1157 - val_acc: 0.9627
Epoch 12/30

  20/1461 [..............................] - ETA: 0s - loss: 0.0031 - acc: 1.0000
 340/1461 [=====>........................] - ETA: 0s - loss: 0.0306 - acc: 0.9941
 640/1461 [============>.................] - ETA: 0s - loss: 0.0354 - acc: 0.9922
 940/1461 [==================>...........] - ETA: 0s - loss: 0.0404 - acc: 0.9904
1200/1461 [=======================>......] - ETA: 0s - loss: 0.0635 - acc: 0.9842
1461/1461 [==============================] - 0s 187us/step - loss: 0.0581 - acc: 0.9856 - val_loss: 0.0591 - val_acc: 0.9876
Epoch 13/30

  20/1461 [..............................] - ETA: 0s - loss: 0.0873 - acc: 0.9500
 300/1461 [=====>........................] - ETA: 0s - loss: 0.0740 - acc: 0.9733
 600/1461 [===========>..................] - ETA: 0s - loss: 0.0623 - acc: 0.9783
 880/1461 [=================>............] - ETA: 0s - loss: 0.0594 - acc: 0.9795
1180/1461 [=======================>......] - ETA: 0s - loss: 0.0645 - acc: 0.9788
1461/1461 [==============================] - 0s 189us/step - loss: 0.0576 - acc: 0.9822 - val_loss: 0.0604 - val_acc: 0.9876
Epoch 14/30

  20/1461 [..............................] - ETA: 0s - loss: 0.0835 - acc: 0.9500
 320/1461 [=====>........................] - ETA: 0s - loss: 0.0339 - acc: 0.9906
 620/1461 [===========>..................] - ETA: 0s - loss: 0.0334 - acc: 0.9887
 920/1461 [=================>............] - ETA: 0s - loss: 0.0474 - acc: 0.9859
1220/1461 [========================>.....] - ETA: 0s - loss: 0.0468 - acc: 0.9844
1461/1461 [==============================] - 0s 184us/step - loss: 0.0511 - acc: 0.9829 - val_loss: 0.0296 - val_acc: 0.9938
Epoch 15/30

  20/1461 [..............................] - ETA: 0s - loss: 0.1154 - acc: 0.9500
 340/1461 [=====>........................] - ETA: 0s - loss: 0.0320 - acc: 0.9853
 640/1461 [============>.................] - ETA: 0s - loss: 0.0320 - acc: 0.9859
 920/1461 [=================>............] - ETA: 0s - loss: 0.0266 - acc: 0.9880
1220/1461 [========================>.....] - ETA: 0s - loss: 0.0487 - acc: 0.9844
1461/1461 [==============================] - 0s 181us/step - loss: 0.0504 - acc: 0.9843 - val_loss: 0.1013 - val_acc: 0.9565
acc: 100.00%
Accuracy: 98.15% (+/- 0.82%)
