Train on 1459 samples, validate on 163 samples
Epoch 1/30

  20/1459 [..............................] - ETA: 38s - loss: 0.7388 - acc: 0.4000
 460/1459 [========>.....................] - ETA: 1s - loss: 0.3933 - acc: 0.8109 
 900/1459 [=================>............] - ETA: 0s - loss: 0.2513 - acc: 0.8856
1340/1459 [==========================>...] - ETA: 0s - loss: 0.1972 - acc: 0.9127
1459/1459 [==============================] - 1s 546us/step - loss: 0.1862 - acc: 0.9178 - val_loss: 0.1078 - val_acc: 0.9632
Epoch 2/30

  20/1459 [..............................] - ETA: 0s - loss: 0.0352 - acc: 1.0000
 300/1459 [=====>........................] - ETA: 0s - loss: 0.0409 - acc: 0.9967
 560/1459 [==========>...................] - ETA: 0s - loss: 0.0486 - acc: 0.9911
 840/1459 [================>.............] - ETA: 0s - loss: 0.0446 - acc: 0.9905
1140/1459 [======================>.......] - ETA: 0s - loss: 0.0411 - acc: 0.9895
1459/1459 [==============================] - 0s 185us/step - loss: 0.0384 - acc: 0.9897 - val_loss: 0.1194 - val_acc: 0.9448
Epoch 3/30

  20/1459 [..............................] - ETA: 0s - loss: 0.0194 - acc: 1.0000
 400/1459 [=======>......................] - ETA: 0s - loss: 0.0343 - acc: 0.9925
 780/1459 [===============>..............] - ETA: 0s - loss: 0.0272 - acc: 0.9936
1120/1459 [======================>.......] - ETA: 0s - loss: 0.0232 - acc: 0.9937
1459/1459 [==============================] - 0s 142us/step - loss: 0.0202 - acc: 0.9945 - val_loss: 0.1171 - val_acc: 0.9571
Epoch 4/30

  20/1459 [..............................] - ETA: 0s - loss: 0.0017 - acc: 1.0000
 400/1459 [=======>......................] - ETA: 0s - loss: 0.0091 - acc: 0.9975
 720/1459 [=============>................] - ETA: 0s - loss: 0.0116 - acc: 0.9972
1000/1459 [===================>..........] - ETA: 0s - loss: 0.0107 - acc: 0.9980
1280/1459 [=========================>....] - ETA: 0s - loss: 0.0103 - acc: 0.9977
1459/1459 [==============================] - 0s 173us/step - loss: 0.0128 - acc: 0.9959 - val_loss: 0.1145 - val_acc: 0.9632
Epoch 5/30

  20/1459 [..............................] - ETA: 0s - loss: 0.0067 - acc: 1.0000
 280/1459 [====>.........................] - ETA: 0s - loss: 0.0226 - acc: 0.9929
 540/1459 [==========>...................] - ETA: 0s - loss: 0.0164 - acc: 0.9944
 780/1459 [===============>..............] - ETA: 0s - loss: 0.0121 - acc: 0.9962
1060/1459 [====================>.........] - ETA: 0s - loss: 0.0097 - acc: 0.9972
1320/1459 [==========================>...] - ETA: 0s - loss: 0.0082 - acc: 0.9977
1459/1459 [==============================] - 0s 204us/step - loss: 0.0075 - acc: 0.9979 - val_loss: 0.1164 - val_acc: 0.9693
Epoch 6/30

  20/1459 [..............................] - ETA: 0s - loss: 6.2152e-04 - acc: 1.0000
 300/1459 [=====>........................] - ETA: 0s - loss: 0.0083 - acc: 0.9967    
 560/1459 [==========>...................] - ETA: 0s - loss: 0.0051 - acc: 0.9982
 840/1459 [================>.............] - ETA: 0s - loss: 0.0041 - acc: 0.9988
1120/1459 [======================>.......] - ETA: 0s - loss: 0.0050 - acc: 0.9982
1400/1459 [===========================>..] - ETA: 0s - loss: 0.0054 - acc: 0.9979
1459/1459 [==============================] - 0s 192us/step - loss: 0.0077 - acc: 0.9973 - val_loss: 0.1273 - val_acc: 0.9632
Epoch 7/30

  20/1459 [..............................] - ETA: 0s - loss: 0.0013 - acc: 1.0000
 300/1459 [=====>........................] - ETA: 0s - loss: 0.0065 - acc: 1.0000
 580/1459 [==========>...................] - ETA: 0s - loss: 0.0049 - acc: 1.0000
 840/1459 [================>.............] - ETA: 0s - loss: 0.0040 - acc: 1.0000
1080/1459 [=====================>........] - ETA: 0s - loss: 0.0035 - acc: 1.0000
1340/1459 [==========================>...] - ETA: 0s - loss: 0.0040 - acc: 0.9993
1459/1459 [==============================] - 0s 202us/step - loss: 0.0037 - acc: 0.9993 - val_loss: 0.1019 - val_acc: 0.9755
Epoch 8/30

  20/1459 [..............................] - ETA: 0s - loss: 0.0011 - acc: 1.0000
 280/1459 [====>.........................] - ETA: 0s - loss: 8.7934e-04 - acc: 1.0000
 540/1459 [==========>...................] - ETA: 0s - loss: 0.0010 - acc: 1.0000    
 820/1459 [===============>..............] - ETA: 0s - loss: 0.0010 - acc: 1.0000
1060/1459 [====================>.........] - ETA: 0s - loss: 0.0032 - acc: 0.9991
1320/1459 [==========================>...] - ETA: 0s - loss: 0.0034 - acc: 0.9992
1459/1459 [==============================] - 0s 205us/step - loss: 0.0034 - acc: 0.9993 - val_loss: 0.1110 - val_acc: 0.9693
Epoch 9/30

  20/1459 [..............................] - ETA: 0s - loss: 6.5195e-04 - acc: 1.0000
 300/1459 [=====>........................] - ETA: 0s - loss: 0.0011 - acc: 1.0000    
 580/1459 [==========>...................] - ETA: 0s - loss: 0.0013 - acc: 1.0000
 840/1459 [================>.............] - ETA: 0s - loss: 0.0013 - acc: 1.0000
1100/1459 [=====================>........] - ETA: 0s - loss: 0.0026 - acc: 0.9991
1380/1459 [===========================>..] - ETA: 0s - loss: 0.0025 - acc: 0.9993
1459/1459 [==============================] - 0s 197us/step - loss: 0.0024 - acc: 0.9993 - val_loss: 0.1077 - val_acc: 0.9693
Epoch 10/30

  20/1459 [..............................] - ETA: 0s - loss: 0.0012 - acc: 1.0000
 280/1459 [====>.........................] - ETA: 0s - loss: 0.0039 - acc: 0.9964
 540/1459 [==========>...................] - ETA: 0s - loss: 0.0025 - acc: 0.9981
 820/1459 [===============>..............] - ETA: 0s - loss: 0.0019 - acc: 0.9988
1080/1459 [=====================>........] - ETA: 0s - loss: 0.0016 - acc: 0.9991
1340/1459 [==========================>...] - ETA: 0s - loss: 0.0014 - acc: 0.9993
1459/1459 [==============================] - 0s 203us/step - loss: 0.0013 - acc: 0.9993 - val_loss: 0.1142 - val_acc: 0.9693
Epoch 11/30

  20/1459 [..............................] - ETA: 0s - loss: 6.7770e-04 - acc: 1.0000
 300/1459 [=====>........................] - ETA: 0s - loss: 6.2829e-04 - acc: 1.0000
 580/1459 [==========>...................] - ETA: 0s - loss: 0.0023 - acc: 0.9983    
 880/1459 [=================>............] - ETA: 0s - loss: 0.0018 - acc: 0.9989
1140/1459 [======================>.......] - ETA: 0s - loss: 0.0016 - acc: 0.9991
1420/1459 [============================>.] - ETA: 0s - loss: 0.0014 - acc: 0.9993
1459/1459 [==============================] - 0s 189us/step - loss: 0.0014 - acc: 0.9993 - val_loss: 0.1112 - val_acc: 0.9693
Epoch 12/30

  20/1459 [..............................] - ETA: 0s - loss: 1.5242e-04 - acc: 1.0000
 300/1459 [=====>........................] - ETA: 0s - loss: 4.1612e-04 - acc: 1.0000
 560/1459 [==========>...................] - ETA: 0s - loss: 4.0465e-04 - acc: 1.0000
 840/1459 [================>.............] - ETA: 0s - loss: 4.0379e-04 - acc: 1.0000
1100/1459 [=====================>........] - ETA: 0s - loss: 5.1837e-04 - acc: 1.0000
1380/1459 [===========================>..] - ETA: 0s - loss: 8.4605e-04 - acc: 1.0000
1459/1459 [==============================] - 0s 196us/step - loss: 8.1379e-04 - acc: 1.0000 - val_loss: 0.1101 - val_acc: 0.9693
Epoch 13/30

  20/1459 [..............................] - ETA: 0s - loss: 4.1688e-04 - acc: 1.0000
 300/1459 [=====>........................] - ETA: 0s - loss: 0.0010 - acc: 1.0000    
 560/1459 [==========>...................] - ETA: 0s - loss: 7.8075e-04 - acc: 1.0000
 800/1459 [===============>..............] - ETA: 0s - loss: 6.9869e-04 - acc: 1.0000
1080/1459 [=====================>........] - ETA: 0s - loss: 8.3559e-04 - acc: 1.0000
1360/1459 [==========================>...] - ETA: 0s - loss: 7.2496e-04 - acc: 1.0000
1459/1459 [==============================] - 0s 196us/step - loss: 6.9287e-04 - acc: 1.0000 - val_loss: 0.1128 - val_acc: 0.9693
Epoch 14/30

  20/1459 [..............................] - ETA: 0s - loss: 8.2482e-04 - acc: 1.0000
 280/1459 [====>.........................] - ETA: 0s - loss: 3.0046e-04 - acc: 1.0000
 560/1459 [==========>...................] - ETA: 0s - loss: 3.3152e-04 - acc: 1.0000
 820/1459 [===============>..............] - ETA: 0s - loss: 6.4559e-04 - acc: 1.0000
1080/1459 [=====================>........] - ETA: 0s - loss: 5.9449e-04 - acc: 1.0000
1340/1459 [==========================>...] - ETA: 0s - loss: 5.2103e-04 - acc: 1.0000
1459/1459 [==============================] - 0s 202us/step - loss: 4.9416e-04 - acc: 1.0000 - val_loss: 0.1135 - val_acc: 0.9693
Epoch 15/30

  20/1459 [..............................] - ETA: 0s - loss: 6.1440e-04 - acc: 1.0000
 260/1459 [====>.........................] - ETA: 0s - loss: 2.8277e-04 - acc: 1.0000
 500/1459 [=========>....................] - ETA: 0s - loss: 2.9757e-04 - acc: 1.0000
 760/1459 [==============>...............] - ETA: 0s - loss: 3.6513e-04 - acc: 1.0000
1020/1459 [===================>..........] - ETA: 0s - loss: 4.6167e-04 - acc: 1.0000
1260/1459 [========================>.....] - ETA: 0s - loss: 4.0813e-04 - acc: 1.0000
1459/1459 [==============================] - 0s 221us/step - loss: 3.6851e-04 - acc: 1.0000 - val_loss: 0.1135 - val_acc: 0.9693
Epoch 16/30

  20/1459 [..............................] - ETA: 0s - loss: 1.6278e-04 - acc: 1.0000
 260/1459 [====>.........................] - ETA: 0s - loss: 6.8208e-04 - acc: 1.0000
 520/1459 [=========>....................] - ETA: 0s - loss: 4.4748e-04 - acc: 1.0000
 760/1459 [==============>...............] - ETA: 0s - loss: 3.7123e-04 - acc: 1.0000
1000/1459 [===================>..........] - ETA: 0s - loss: 3.1743e-04 - acc: 1.0000
1240/1459 [========================>.....] - ETA: 0s - loss: 2.9008e-04 - acc: 1.0000
1459/1459 [==============================] - 0s 222us/step - loss: 3.0173e-04 - acc: 1.0000 - val_loss: 0.1152 - val_acc: 0.9693
Epoch 17/30

  20/1459 [..............................] - ETA: 0s - loss: 1.3774e-04 - acc: 1.0000
 260/1459 [====>.........................] - ETA: 0s - loss: 3.1179e-04 - acc: 1.0000
 520/1459 [=========>....................] - ETA: 0s - loss: 2.0862e-04 - acc: 1.0000
 760/1459 [==============>...............] - ETA: 0s - loss: 1.9381e-04 - acc: 1.0000
1000/1459 [===================>..........] - ETA: 0s - loss: 1.8274e-04 - acc: 1.0000
1220/1459 [========================>.....] - ETA: 0s - loss: 2.6414e-04 - acc: 1.0000
1459/1459 [==============================] - 0s 228us/step - loss: 2.5461e-04 - acc: 1.0000 - val_loss: 0.1151 - val_acc: 0.9693
acc: 97.55%
Train on 1459 samples, validate on 163 samples
Epoch 1/30

  20/1459 [..............................] - ETA: 45s - loss: 0.6862 - acc: 0.5000
 420/1459 [=======>......................] - ETA: 1s - loss: 0.3882 - acc: 0.8143 
 820/1459 [===============>..............] - ETA: 0s - loss: 0.2453 - acc: 0.8902
1220/1459 [========================>.....] - ETA: 0s - loss: 0.1975 - acc: 0.9156
1459/1459 [==============================] - 1s 616us/step - loss: 0.1763 - acc: 0.9260 - val_loss: 0.1123 - val_acc: 0.9632
Epoch 2/30

  20/1459 [..............................] - ETA: 0s - loss: 0.0126 - acc: 1.0000
 380/1459 [======>.......................] - ETA: 0s - loss: 0.0356 - acc: 0.9947
 760/1459 [==============>...............] - ETA: 0s - loss: 0.0377 - acc: 0.9908
1140/1459 [======================>.......] - ETA: 0s - loss: 0.0329 - acc: 0.9930
1459/1459 [==============================] - 0s 142us/step - loss: 0.0408 - acc: 0.9904 - val_loss: 0.0947 - val_acc: 0.9693
Epoch 3/30

  20/1459 [..............................] - ETA: 0s - loss: 0.0083 - acc: 1.0000
 400/1459 [=======>......................] - ETA: 0s - loss: 0.0290 - acc: 0.9925
 760/1459 [==============>...............] - ETA: 0s - loss: 0.0222 - acc: 0.9947
1120/1459 [======================>.......] - ETA: 0s - loss: 0.0207 - acc: 0.9955
1459/1459 [==============================] - 0s 146us/step - loss: 0.0196 - acc: 0.9952 - val_loss: 0.0866 - val_acc: 0.9693
Epoch 4/30

  20/1459 [..............................] - ETA: 0s - loss: 0.0058 - acc: 1.0000
 340/1459 [=====>........................] - ETA: 0s - loss: 0.0077 - acc: 0.9971
 700/1459 [=============>................] - ETA: 0s - loss: 0.0061 - acc: 0.9986
1080/1459 [=====================>........] - ETA: 0s - loss: 0.0085 - acc: 0.9972
1459/1459 [==============================] - 0s 148us/step - loss: 0.0099 - acc: 0.9973 - val_loss: 0.0761 - val_acc: 0.9693
Epoch 5/30

  20/1459 [..............................] - ETA: 0s - loss: 0.0026 - acc: 1.0000
 360/1459 [======>.......................] - ETA: 0s - loss: 0.0030 - acc: 1.0000
 720/1459 [=============>................] - ETA: 0s - loss: 0.0027 - acc: 1.0000
1060/1459 [====================>.........] - ETA: 0s - loss: 0.0057 - acc: 0.9991
1420/1459 [============================>.] - ETA: 0s - loss: 0.0072 - acc: 0.9986
1459/1459 [==============================] - 0s 152us/step - loss: 0.0070 - acc: 0.9986 - val_loss: 0.0646 - val_acc: 0.9693
Epoch 6/30

  20/1459 [..............................] - ETA: 0s - loss: 0.0112 - acc: 1.0000
 340/1459 [=====>........................] - ETA: 0s - loss: 0.0122 - acc: 0.9971
 700/1459 [=============>................] - ETA: 0s - loss: 0.0083 - acc: 0.9986
1060/1459 [====================>.........] - ETA: 0s - loss: 0.0062 - acc: 0.9991
1360/1459 [==========================>...] - ETA: 0s - loss: 0.0060 - acc: 0.9993
1459/1459 [==============================] - 0s 162us/step - loss: 0.0057 - acc: 0.9993 - val_loss: 0.0638 - val_acc: 0.9693
Epoch 7/30

  20/1459 [..............................] - ETA: 0s - loss: 0.0012 - acc: 1.0000
 360/1459 [======>.......................] - ETA: 0s - loss: 0.0096 - acc: 0.9944
 740/1459 [==============>...............] - ETA: 0s - loss: 0.0065 - acc: 0.9973
1040/1459 [====================>.........] - ETA: 0s - loss: 0.0049 - acc: 0.9981
1360/1459 [==========================>...] - ETA: 0s - loss: 0.0044 - acc: 0.9985
1459/1459 [==============================] - 0s 159us/step - loss: 0.0042 - acc: 0.9986 - val_loss: 0.0608 - val_acc: 0.9755
Epoch 8/30

  20/1459 [..............................] - ETA: 0s - loss: 0.0060 - acc: 1.0000
 400/1459 [=======>......................] - ETA: 0s - loss: 8.7439e-04 - acc: 1.0000
 740/1459 [==============>...............] - ETA: 0s - loss: 0.0016 - acc: 1.0000    
1100/1459 [=====================>........] - ETA: 0s - loss: 0.0016 - acc: 1.0000
1459/1459 [==============================] - 0s 146us/step - loss: 0.0026 - acc: 0.9993 - val_loss: 0.0677 - val_acc: 0.9755
Epoch 9/30

  20/1459 [..............................] - ETA: 0s - loss: 2.3405e-04 - acc: 1.0000
 380/1459 [======>.......................] - ETA: 0s - loss: 9.9764e-04 - acc: 1.0000
 760/1459 [==============>...............] - ETA: 0s - loss: 8.0082e-04 - acc: 1.0000
1120/1459 [======================>.......] - ETA: 0s - loss: 8.1261e-04 - acc: 1.0000
1459/1459 [==============================] - 0s 145us/step - loss: 0.0032 - acc: 0.9986 - val_loss: 0.0861 - val_acc: 0.9632
Epoch 10/30

  20/1459 [..............................] - ETA: 0s - loss: 0.0126 - acc: 1.0000
 400/1459 [=======>......................] - ETA: 0s - loss: 0.0032 - acc: 1.0000
 780/1459 [===============>..............] - ETA: 0s - loss: 0.0026 - acc: 1.0000
1160/1459 [======================>.......] - ETA: 0s - loss: 0.0034 - acc: 0.9991
1459/1459 [==============================] - 0s 139us/step - loss: 0.0031 - acc: 0.9993 - val_loss: 0.0785 - val_acc: 0.9693
Epoch 11/30

  20/1459 [..............................] - ETA: 0s - loss: 3.8151e-04 - acc: 1.0000
 400/1459 [=======>......................] - ETA: 0s - loss: 0.0036 - acc: 1.0000    
 780/1459 [===============>..............] - ETA: 0s - loss: 0.0033 - acc: 0.9987
1160/1459 [======================>.......] - ETA: 0s - loss: 0.0025 - acc: 0.9991
1459/1459 [==============================] - 0s 138us/step - loss: 0.0023 - acc: 0.9993 - val_loss: 0.0763 - val_acc: 0.9693
Epoch 12/30

  20/1459 [..............................] - ETA: 0s - loss: 5.0335e-04 - acc: 1.0000
 400/1459 [=======>......................] - ETA: 0s - loss: 6.0841e-04 - acc: 1.0000
 780/1459 [===============>..............] - ETA: 0s - loss: 5.8929e-04 - acc: 1.0000
1140/1459 [======================>.......] - ETA: 0s - loss: 0.0027 - acc: 0.9991    
1459/1459 [==============================] - 0s 141us/step - loss: 0.0024 - acc: 0.9993 - val_loss: 0.0856 - val_acc: 0.9693
Epoch 13/30

  20/1459 [..............................] - ETA: 0s - loss: 0.0010 - acc: 1.0000
 340/1459 [=====>........................] - ETA: 0s - loss: 6.3003e-04 - acc: 1.0000
 580/1459 [==========>...................] - ETA: 0s - loss: 5.2715e-04 - acc: 1.0000
 860/1459 [================>.............] - ETA: 0s - loss: 5.4547e-04 - acc: 1.0000
1120/1459 [======================>.......] - ETA: 0s - loss: 0.0012 - acc: 1.0000    
1380/1459 [===========================>..] - ETA: 0s - loss: 0.0013 - acc: 1.0000
1459/1459 [==============================] - 0s 199us/step - loss: 0.0013 - acc: 1.0000 - val_loss: 0.0833 - val_acc: 0.9693
Epoch 14/30

  20/1459 [..............................] - ETA: 0s - loss: 4.0060e-04 - acc: 1.0000
 260/1459 [====>.........................] - ETA: 0s - loss: 3.6777e-04 - acc: 1.0000
 580/1459 [==========>...................] - ETA: 0s - loss: 4.1138e-04 - acc: 1.0000
 960/1459 [==================>...........] - ETA: 0s - loss: 0.0019 - acc: 0.9990    
1320/1459 [==========================>...] - ETA: 0s - loss: 0.0018 - acc: 0.9992
1459/1459 [==============================] - 0s 159us/step - loss: 0.0017 - acc: 0.9993 - val_loss: 0.0915 - val_acc: 0.9693
Epoch 15/30

  20/1459 [..............................] - ETA: 0s - loss: 0.0031 - acc: 1.0000
 380/1459 [======>.......................] - ETA: 0s - loss: 5.6998e-04 - acc: 1.0000
 740/1459 [==============>...............] - ETA: 0s - loss: 0.0025 - acc: 0.9986    
1120/1459 [======================>.......] - ETA: 0s - loss: 0.0021 - acc: 0.9991
1459/1459 [==============================] - 0s 145us/step - loss: 0.0018 - acc: 0.9993 - val_loss: 0.0996 - val_acc: 0.9693
Epoch 16/30

  20/1459 [..............................] - ETA: 0s - loss: 0.0016 - acc: 1.0000
 400/1459 [=======>......................] - ETA: 0s - loss: 4.1157e-04 - acc: 1.0000
 680/1459 [============>.................] - ETA: 0s - loss: 3.8542e-04 - acc: 1.0000
 940/1459 [==================>...........] - ETA: 0s - loss: 0.0020 - acc: 0.9989    
1200/1459 [=======================>......] - ETA: 0s - loss: 0.0019 - acc: 0.9992
1459/1459 [==============================] - 0s 186us/step - loss: 0.0021 - acc: 0.9993 - val_loss: 0.0964 - val_acc: 0.9693
Epoch 17/30

  20/1459 [..............................] - ETA: 0s - loss: 6.1537e-04 - acc: 1.0000
 280/1459 [====>.........................] - ETA: 0s - loss: 0.0034 - acc: 0.9964    
 540/1459 [==========>...................] - ETA: 0s - loss: 0.0020 - acc: 0.9981
 800/1459 [===============>..............] - ETA: 0s - loss: 0.0016 - acc: 0.9987
1060/1459 [====================>.........] - ETA: 0s - loss: 0.0013 - acc: 0.9991
1320/1459 [==========================>...] - ETA: 0s - loss: 0.0012 - acc: 0.9992
1459/1459 [==============================] - 0s 206us/step - loss: 0.0011 - acc: 0.9993 - val_loss: 0.0928 - val_acc: 0.9693
acc: 97.55%
Train on 1459 samples, validate on 163 samples
Epoch 1/30

  20/1459 [..............................] - ETA: 1:24 - loss: 0.6982 - acc: 0.4500
 300/1459 [=====>........................] - ETA: 4s - loss: 0.4684 - acc: 0.7767  
 540/1459 [==========>...................] - ETA: 2s - loss: 0.3303 - acc: 0.8611
 800/1459 [===============>..............] - ETA: 1s - loss: 0.2714 - acc: 0.8925
1060/1459 [====================>.........] - ETA: 0s - loss: 0.2197 - acc: 0.9151
1320/1459 [==========================>...] - ETA: 0s - loss: 0.1986 - acc: 0.9235
1459/1459 [==============================] - 2s 1ms/step - loss: 0.1841 - acc: 0.9287 - val_loss: 0.0917 - val_acc: 0.9693
Epoch 2/30

  20/1459 [..............................] - ETA: 0s - loss: 0.1718 - acc: 0.9500
 260/1459 [====>.........................] - ETA: 0s - loss: 0.0560 - acc: 0.9846
 500/1459 [=========>....................] - ETA: 0s - loss: 0.0426 - acc: 0.9900
 780/1459 [===============>..............] - ETA: 0s - loss: 0.0377 - acc: 0.9923
1040/1459 [====================>.........] - ETA: 0s - loss: 0.0380 - acc: 0.9904
1360/1459 [==========================>...] - ETA: 0s - loss: 0.0410 - acc: 0.9868
1459/1459 [==============================] - 0s 193us/step - loss: 0.0391 - acc: 0.9877 - val_loss: 0.1026 - val_acc: 0.9632
Epoch 3/30

  20/1459 [..............................] - ETA: 0s - loss: 0.0099 - acc: 1.0000
 420/1459 [=======>......................] - ETA: 0s - loss: 0.0352 - acc: 0.9929
 820/1459 [===============>..............] - ETA: 0s - loss: 0.0256 - acc: 0.9939
1220/1459 [========================>.....] - ETA: 0s - loss: 0.0196 - acc: 0.9959
1459/1459 [==============================] - 0s 134us/step - loss: 0.0185 - acc: 0.9959 - val_loss: 0.0880 - val_acc: 0.9755
Epoch 4/30

  20/1459 [..............................] - ETA: 0s - loss: 0.0057 - acc: 1.0000
 400/1459 [=======>......................] - ETA: 0s - loss: 0.0054 - acc: 1.0000
 780/1459 [===============>..............] - ETA: 0s - loss: 0.0038 - acc: 1.0000
1200/1459 [=======================>......] - ETA: 0s - loss: 0.0106 - acc: 0.9975
1459/1459 [==============================] - 0s 138us/step - loss: 0.0098 - acc: 0.9979 - val_loss: 0.0684 - val_acc: 0.9755
Epoch 5/30

  20/1459 [..............................] - ETA: 0s - loss: 0.0011 - acc: 1.0000
 400/1459 [=======>......................] - ETA: 0s - loss: 0.0086 - acc: 0.9975
 820/1459 [===============>..............] - ETA: 0s - loss: 0.0059 - acc: 0.9988
1160/1459 [======================>.......] - ETA: 0s - loss: 0.0047 - acc: 0.9991
1459/1459 [==============================] - 0s 139us/step - loss: 0.0054 - acc: 0.9986 - val_loss: 0.0782 - val_acc: 0.9816
Epoch 6/30

  20/1459 [..............................] - ETA: 0s - loss: 0.0011 - acc: 1.0000
 380/1459 [======>.......................] - ETA: 0s - loss: 0.0038 - acc: 0.9974
 660/1459 [============>.................] - ETA: 0s - loss: 0.0028 - acc: 0.9985
1000/1459 [===================>..........] - ETA: 0s - loss: 0.0055 - acc: 0.9980
1300/1459 [=========================>....] - ETA: 0s - loss: 0.0068 - acc: 0.9977
1459/1459 [==============================] - 0s 165us/step - loss: 0.0064 - acc: 0.9979 - val_loss: 0.0703 - val_acc: 0.9816
Epoch 7/30

  20/1459 [..............................] - ETA: 0s - loss: 0.0028 - acc: 1.0000
 360/1459 [======>.......................] - ETA: 0s - loss: 0.0019 - acc: 1.0000
 660/1459 [============>.................] - ETA: 0s - loss: 0.0031 - acc: 0.9985
 940/1459 [==================>...........] - ETA: 0s - loss: 0.0069 - acc: 0.9979
1200/1459 [=======================>......] - ETA: 0s - loss: 0.0058 - acc: 0.9983
1459/1459 [==============================] - 0s 184us/step - loss: 0.0052 - acc: 0.9986 - val_loss: 0.0803 - val_acc: 0.9816
Epoch 8/30

  20/1459 [..............................] - ETA: 0s - loss: 6.5675e-04 - acc: 1.0000
 300/1459 [=====>........................] - ETA: 0s - loss: 0.0014 - acc: 1.0000    
 560/1459 [==========>...................] - ETA: 0s - loss: 0.0033 - acc: 0.9982
 860/1459 [================>.............] - ETA: 0s - loss: 0.0029 - acc: 0.9988
1180/1459 [=======================>......] - ETA: 0s - loss: 0.0024 - acc: 0.9992
1459/1459 [==============================] - 0s 179us/step - loss: 0.0047 - acc: 0.9986 - val_loss: 0.0752 - val_acc: 0.9816
Epoch 9/30

  20/1459 [..............................] - ETA: 0s - loss: 0.0014 - acc: 1.0000
 280/1459 [====>.........................] - ETA: 0s - loss: 0.0017 - acc: 1.0000
 560/1459 [==========>...................] - ETA: 0s - loss: 0.0014 - acc: 1.0000
 920/1459 [=================>............] - ETA: 0s - loss: 0.0011 - acc: 1.0000
1320/1459 [==========================>...] - ETA: 0s - loss: 0.0041 - acc: 0.9992
1459/1459 [==============================] - 0s 161us/step - loss: 0.0047 - acc: 0.9986 - val_loss: 0.0700 - val_acc: 0.9816
Epoch 10/30

  20/1459 [..............................] - ETA: 0s - loss: 0.0029 - acc: 1.0000
 420/1459 [=======>......................] - ETA: 0s - loss: 0.0029 - acc: 1.0000
 800/1459 [===============>..............] - ETA: 0s - loss: 0.0019 - acc: 1.0000
1200/1459 [=======================>......] - ETA: 0s - loss: 0.0047 - acc: 0.9992
1459/1459 [==============================] - 0s 135us/step - loss: 0.0047 - acc: 0.9986 - val_loss: 0.0741 - val_acc: 0.9755
Epoch 11/30

  20/1459 [..............................] - ETA: 0s - loss: 0.0708 - acc: 0.9500
 420/1459 [=======>......................] - ETA: 0s - loss: 0.0055 - acc: 0.9976
 800/1459 [===============>..............] - ETA: 0s - loss: 0.0036 - acc: 0.9987
1200/1459 [=======================>......] - ETA: 0s - loss: 0.0028 - acc: 0.9992
1459/1459 [==============================] - 0s 136us/step - loss: 0.0024 - acc: 0.9993 - val_loss: 0.0747 - val_acc: 0.9816
Epoch 12/30

  20/1459 [..............................] - ETA: 0s - loss: 2.1402e-04 - acc: 1.0000
 380/1459 [======>.......................] - ETA: 0s - loss: 4.3841e-04 - acc: 1.0000
 760/1459 [==============>...............] - ETA: 0s - loss: 0.0014 - acc: 0.9987    
1140/1459 [======================>.......] - ETA: 0s - loss: 0.0044 - acc: 0.9982
1459/1459 [==============================] - 0s 140us/step - loss: 0.0038 - acc: 0.9986 - val_loss: 0.0663 - val_acc: 0.9755
Epoch 13/30

  20/1459 [..............................] - ETA: 0s - loss: 0.0060 - acc: 1.0000
 400/1459 [=======>......................] - ETA: 0s - loss: 0.0014 - acc: 1.0000
 800/1459 [===============>..............] - ETA: 0s - loss: 0.0011 - acc: 1.0000
1200/1459 [=======================>......] - ETA: 0s - loss: 0.0026 - acc: 0.9992
1459/1459 [==============================] - 0s 133us/step - loss: 0.0024 - acc: 0.9993 - val_loss: 0.0738 - val_acc: 0.9816
Epoch 14/30

  20/1459 [..............................] - ETA: 0s - loss: 0.0016 - acc: 1.0000
 420/1459 [=======>......................] - ETA: 0s - loss: 6.6382e-04 - acc: 1.0000
 840/1459 [================>.............] - ETA: 0s - loss: 0.0023 - acc: 0.9988    
1240/1459 [========================>.....] - ETA: 0s - loss: 0.0017 - acc: 0.9992
1459/1459 [==============================] - 0s 130us/step - loss: 0.0015 - acc: 0.9993 - val_loss: 0.0836 - val_acc: 0.9693
Epoch 15/30

  20/1459 [..............................] - ETA: 0s - loss: 3.2095e-04 - acc: 1.0000
 380/1459 [======>.......................] - ETA: 0s - loss: 4.2356e-04 - acc: 1.0000
 700/1459 [=============>................] - ETA: 0s - loss: 3.9365e-04 - acc: 1.0000
1040/1459 [====================>.........] - ETA: 0s - loss: 0.0024 - acc: 0.9990    
1240/1459 [========================>.....] - ETA: 0s - loss: 0.0022 - acc: 0.9992
1400/1459 [===========================>..] - ETA: 0s - loss: 0.0020 - acc: 0.9993
1459/1459 [==============================] - 0s 198us/step - loss: 0.0019 - acc: 0.9993 - val_loss: 0.0799 - val_acc: 0.9693
acc: 98.16%
Train on 1460 samples, validate on 162 samples
Epoch 1/30

  20/1460 [..............................] - ETA: 1:15 - loss: 0.7011 - acc: 0.5000
 320/1460 [=====>........................] - ETA: 3s - loss: 0.4871 - acc: 0.7719  
 620/1460 [===========>..................] - ETA: 1s - loss: 0.3276 - acc: 0.8581
 920/1460 [=================>............] - ETA: 0s - loss: 0.2520 - acc: 0.8924
1200/1460 [=======================>......] - ETA: 0s - loss: 0.2172 - acc: 0.9092
1460/1460 [==============================] - 1s 984us/step - loss: 0.1942 - acc: 0.9199 - val_loss: 0.0904 - val_acc: 0.9630
Epoch 2/30

  20/1460 [..............................] - ETA: 0s - loss: 0.0311 - acc: 1.0000
 300/1460 [=====>........................] - ETA: 0s - loss: 0.0525 - acc: 0.9833
 580/1460 [==========>...................] - ETA: 0s - loss: 0.0438 - acc: 0.9862
 880/1460 [=================>............] - ETA: 0s - loss: 0.0500 - acc: 0.9841
1180/1460 [=======================>......] - ETA: 0s - loss: 0.0505 - acc: 0.9831
1460/1460 [==============================] - 0s 184us/step - loss: 0.0493 - acc: 0.9849 - val_loss: 0.0856 - val_acc: 0.9630
Epoch 3/30

  20/1460 [..............................] - ETA: 0s - loss: 0.0361 - acc: 1.0000
 320/1460 [=====>........................] - ETA: 0s - loss: 0.0320 - acc: 0.9906
 620/1460 [===========>..................] - ETA: 0s - loss: 0.0245 - acc: 0.9952
 920/1460 [=================>............] - ETA: 0s - loss: 0.0215 - acc: 0.9957
1220/1460 [========================>.....] - ETA: 0s - loss: 0.0187 - acc: 0.9959
1460/1460 [==============================] - 0s 184us/step - loss: 0.0167 - acc: 0.9966 - val_loss: 0.0546 - val_acc: 0.9815
Epoch 4/30

  20/1460 [..............................] - ETA: 0s - loss: 0.0036 - acc: 1.0000
 320/1460 [=====>........................] - ETA: 0s - loss: 0.0027 - acc: 1.0000
 620/1460 [===========>..................] - ETA: 0s - loss: 0.0108 - acc: 0.9968
 900/1460 [=================>............] - ETA: 0s - loss: 0.0117 - acc: 0.9967
1180/1460 [=======================>......] - ETA: 0s - loss: 0.0112 - acc: 0.9966
1460/1460 [==============================] - 0s 184us/step - loss: 0.0108 - acc: 0.9973 - val_loss: 0.0561 - val_acc: 0.9753
Epoch 5/30

  20/1460 [..............................] - ETA: 0s - loss: 0.0094 - acc: 1.0000
 320/1460 [=====>........................] - ETA: 0s - loss: 0.0032 - acc: 1.0000
 600/1460 [===========>..................] - ETA: 0s - loss: 0.0060 - acc: 1.0000
 900/1460 [=================>............] - ETA: 0s - loss: 0.0071 - acc: 0.9989
1200/1460 [=======================>......] - ETA: 0s - loss: 0.0061 - acc: 0.9992
1460/1460 [==============================] - 0s 182us/step - loss: 0.0076 - acc: 0.9986 - val_loss: 0.0655 - val_acc: 0.9815
Epoch 6/30

  20/1460 [..............................] - ETA: 0s - loss: 0.0147 - acc: 1.0000
 280/1460 [====>.........................] - ETA: 0s - loss: 0.0077 - acc: 0.9964
 580/1460 [==========>...................] - ETA: 0s - loss: 0.0056 - acc: 0.9983
 880/1460 [=================>............] - ETA: 0s - loss: 0.0043 - acc: 0.9989
1180/1460 [=======================>......] - ETA: 0s - loss: 0.0039 - acc: 0.9992
1460/1460 [==============================] - 0s 188us/step - loss: 0.0034 - acc: 0.9993 - val_loss: 0.0547 - val_acc: 0.9815
Epoch 7/30

  20/1460 [..............................] - ETA: 0s - loss: 8.4374e-04 - acc: 1.0000
 320/1460 [=====>........................] - ETA: 0s - loss: 8.0710e-04 - acc: 1.0000
 600/1460 [===========>..................] - ETA: 0s - loss: 0.0024 - acc: 1.0000    
 900/1460 [=================>............] - ETA: 0s - loss: 0.0030 - acc: 0.9989
1180/1460 [=======================>......] - ETA: 0s - loss: 0.0026 - acc: 0.9992
1460/1460 [==============================] - 0s 183us/step - loss: 0.0024 - acc: 0.9993 - val_loss: 0.0552 - val_acc: 0.9815
Epoch 8/30

  20/1460 [..............................] - ETA: 0s - loss: 2.2741e-04 - acc: 1.0000
 320/1460 [=====>........................] - ETA: 0s - loss: 7.2804e-04 - acc: 1.0000
 620/1460 [===========>..................] - ETA: 0s - loss: 7.8220e-04 - acc: 1.0000
 920/1460 [=================>............] - ETA: 0s - loss: 0.0013 - acc: 1.0000    
1200/1460 [=======================>......] - ETA: 0s - loss: 0.0012 - acc: 1.0000
1460/1460 [==============================] - 0s 180us/step - loss: 0.0011 - acc: 1.0000 - val_loss: 0.0574 - val_acc: 0.9815
Epoch 9/30

  20/1460 [..............................] - ETA: 0s - loss: 1.3584e-04 - acc: 1.0000
 300/1460 [=====>........................] - ETA: 0s - loss: 9.2954e-04 - acc: 1.0000
 620/1460 [===========>..................] - ETA: 0s - loss: 7.3901e-04 - acc: 1.0000
 920/1460 [=================>............] - ETA: 0s - loss: 8.0031e-04 - acc: 1.0000
1180/1460 [=======================>......] - ETA: 0s - loss: 7.0522e-04 - acc: 1.0000
1460/1460 [==============================] - 0s 187us/step - loss: 6.7769e-04 - acc: 1.0000 - val_loss: 0.0543 - val_acc: 0.9815
Epoch 10/30

  20/1460 [..............................] - ETA: 0s - loss: 1.4529e-04 - acc: 1.0000
 300/1460 [=====>........................] - ETA: 0s - loss: 4.8369e-04 - acc: 1.0000
 580/1460 [==========>...................] - ETA: 0s - loss: 4.3027e-04 - acc: 1.0000
 860/1460 [================>.............] - ETA: 0s - loss: 5.7020e-04 - acc: 1.0000
1160/1460 [======================>.......] - ETA: 0s - loss: 5.2245e-04 - acc: 1.0000
1440/1460 [============================>.] - ETA: 0s - loss: 5.5023e-04 - acc: 1.0000
1460/1460 [==============================] - 0s 192us/step - loss: 5.4642e-04 - acc: 1.0000 - val_loss: 0.0563 - val_acc: 0.9815
Epoch 11/30

  20/1460 [..............................] - ETA: 0s - loss: 2.3800e-04 - acc: 1.0000
 300/1460 [=====>........................] - ETA: 0s - loss: 2.9606e-04 - acc: 1.0000
 560/1460 [==========>...................] - ETA: 0s - loss: 4.0690e-04 - acc: 1.0000
 800/1460 [===============>..............] - ETA: 0s - loss: 3.9318e-04 - acc: 1.0000
1080/1460 [=====================>........] - ETA: 0s - loss: 3.8516e-04 - acc: 1.0000
1320/1460 [==========================>...] - ETA: 0s - loss: 4.3711e-04 - acc: 1.0000
1460/1460 [==============================] - 0s 204us/step - loss: 4.1252e-04 - acc: 1.0000 - val_loss: 0.0551 - val_acc: 0.9815
Epoch 12/30

  20/1460 [..............................] - ETA: 0s - loss: 2.5564e-04 - acc: 1.0000
 320/1460 [=====>........................] - ETA: 0s - loss: 2.4416e-04 - acc: 1.0000
 600/1460 [===========>..................] - ETA: 0s - loss: 3.8217e-04 - acc: 1.0000
 880/1460 [=================>............] - ETA: 0s - loss: 3.7825e-04 - acc: 1.0000
1180/1460 [=======================>......] - ETA: 0s - loss: 3.3532e-04 - acc: 1.0000
1440/1460 [============================>.] - ETA: 0s - loss: 3.3035e-04 - acc: 1.0000
1460/1460 [==============================] - 0s 190us/step - loss: 3.2887e-04 - acc: 1.0000 - val_loss: 0.0544 - val_acc: 0.9815
Epoch 13/30

  20/1460 [..............................] - ETA: 0s - loss: 1.9231e-04 - acc: 1.0000
 320/1460 [=====>........................] - ETA: 0s - loss: 2.3925e-04 - acc: 1.0000
 600/1460 [===========>..................] - ETA: 0s - loss: 3.1298e-04 - acc: 1.0000
 880/1460 [=================>............] - ETA: 0s - loss: 2.7166e-04 - acc: 1.0000
1180/1460 [=======================>......] - ETA: 0s - loss: 2.6089e-04 - acc: 1.0000
1460/1460 [==============================] - 0s 183us/step - loss: 2.8247e-04 - acc: 1.0000 - val_loss: 0.0541 - val_acc: 0.9815
acc: 98.15%
Train on 1460 samples, validate on 162 samples
Epoch 1/30

  20/1460 [..............................] - ETA: 1:40 - loss: 0.7365 - acc: 0.3500
 360/1460 [======>.......................] - ETA: 4s - loss: 0.4562 - acc: 0.7889  
 720/1460 [=============>................] - ETA: 1s - loss: 0.2950 - acc: 0.8764
1080/1460 [=====================>........] - ETA: 0s - loss: 0.2106 - acc: 0.9148
1440/1460 [============================>.] - ETA: 0s - loss: 0.1785 - acc: 0.9299
1460/1460 [==============================] - 2s 1ms/step - loss: 0.1772 - acc: 0.9301 - val_loss: 0.0644 - val_acc: 0.9753
Epoch 2/30

  20/1460 [..............................] - ETA: 0s - loss: 0.0116 - acc: 1.0000
 380/1460 [======>.......................] - ETA: 0s - loss: 0.0544 - acc: 0.9868
 740/1460 [==============>...............] - ETA: 0s - loss: 0.0547 - acc: 0.9865
1080/1460 [=====================>........] - ETA: 0s - loss: 0.0500 - acc: 0.9852
1440/1460 [============================>.] - ETA: 0s - loss: 0.0485 - acc: 0.9875
1460/1460 [==============================] - 0s 150us/step - loss: 0.0480 - acc: 0.9877 - val_loss: 0.0726 - val_acc: 0.9753
Epoch 3/30

  20/1460 [..............................] - ETA: 0s - loss: 0.0047 - acc: 1.0000
 380/1460 [======>.......................] - ETA: 0s - loss: 0.0121 - acc: 1.0000
 720/1460 [=============>................] - ETA: 0s - loss: 0.0177 - acc: 0.9972
1060/1460 [====================>.........] - ETA: 0s - loss: 0.0145 - acc: 0.9981
1420/1460 [============================>.] - ETA: 0s - loss: 0.0166 - acc: 0.9972
1460/1460 [==============================] - 0s 152us/step - loss: 0.0167 - acc: 0.9973 - val_loss: 0.0665 - val_acc: 0.9815
Epoch 4/30

  20/1460 [..............................] - ETA: 0s - loss: 0.0030 - acc: 1.0000
 400/1460 [=======>......................] - ETA: 0s - loss: 0.0040 - acc: 1.0000
 760/1460 [==============>...............] - ETA: 0s - loss: 0.0032 - acc: 1.0000
1140/1460 [======================>.......] - ETA: 0s - loss: 0.0069 - acc: 0.9982
1460/1460 [==============================] - 0s 146us/step - loss: 0.0088 - acc: 0.9979 - val_loss: 0.0645 - val_acc: 0.9753
Epoch 5/30

  20/1460 [..............................] - ETA: 0s - loss: 0.0117 - acc: 1.0000
 380/1460 [======>.......................] - ETA: 0s - loss: 0.0214 - acc: 0.9974
 720/1460 [=============>................] - ETA: 0s - loss: 0.0170 - acc: 0.9972
1080/1460 [=====================>........] - ETA: 0s - loss: 0.0159 - acc: 0.9972
1460/1460 [==============================] - 0s 147us/step - loss: 0.0130 - acc: 0.9979 - val_loss: 0.0428 - val_acc: 0.9815
Epoch 6/30

  20/1460 [..............................] - ETA: 0s - loss: 0.0039 - acc: 1.0000
 340/1460 [=====>........................] - ETA: 0s - loss: 0.0060 - acc: 0.9971
 660/1460 [============>.................] - ETA: 0s - loss: 0.0041 - acc: 0.9985
 960/1460 [==================>...........] - ETA: 0s - loss: 0.0033 - acc: 0.9990
1320/1460 [==========================>...] - ETA: 0s - loss: 0.0045 - acc: 0.9985
1460/1460 [==============================] - 0s 162us/step - loss: 0.0055 - acc: 0.9979 - val_loss: 0.0637 - val_acc: 0.9815
Epoch 7/30

  20/1460 [..............................] - ETA: 0s - loss: 0.0026 - acc: 1.0000
 360/1460 [======>.......................] - ETA: 0s - loss: 0.0059 - acc: 1.0000
 680/1460 [============>.................] - ETA: 0s - loss: 0.0054 - acc: 0.9985
 980/1460 [===================>..........] - ETA: 0s - loss: 0.0045 - acc: 0.9990
1280/1460 [=========================>....] - ETA: 0s - loss: 0.0037 - acc: 0.9992
1460/1460 [==============================] - 0s 165us/step - loss: 0.0033 - acc: 0.9993 - val_loss: 0.0507 - val_acc: 0.9815
Epoch 8/30

  20/1460 [..............................] - ETA: 0s - loss: 6.3435e-04 - acc: 1.0000
 360/1460 [======>.......................] - ETA: 0s - loss: 7.2355e-04 - acc: 1.0000
 720/1460 [=============>................] - ETA: 0s - loss: 0.0020 - acc: 0.9986    
1080/1460 [=====================>........] - ETA: 0s - loss: 0.0024 - acc: 0.9991
1440/1460 [============================>.] - ETA: 0s - loss: 0.0039 - acc: 0.9986
1460/1460 [==============================] - 0s 150us/step - loss: 0.0039 - acc: 0.9986 - val_loss: 0.0780 - val_acc: 0.9753
Epoch 9/30

  20/1460 [..............................] - ETA: 0s - loss: 4.2345e-04 - acc: 1.0000
 380/1460 [======>.......................] - ETA: 0s - loss: 0.0013 - acc: 1.0000    
 740/1460 [==============>...............] - ETA: 0s - loss: 0.0037 - acc: 0.9986
1100/1460 [=====================>........] - ETA: 0s - loss: 0.0044 - acc: 0.9982
1440/1460 [============================>.] - ETA: 0s - loss: 0.0044 - acc: 0.9979
1460/1460 [==============================] - 0s 145us/step - loss: 0.0043 - acc: 0.9979 - val_loss: 0.0645 - val_acc: 0.9815
Epoch 10/30

  20/1460 [..............................] - ETA: 0s - loss: 6.0691e-04 - acc: 1.0000
 320/1460 [=====>........................] - ETA: 0s - loss: 8.8160e-04 - acc: 1.0000
 600/1460 [===========>..................] - ETA: 0s - loss: 0.0061 - acc: 0.9983    
 900/1460 [=================>............] - ETA: 0s - loss: 0.0046 - acc: 0.9989
1180/1460 [=======================>......] - ETA: 0s - loss: 0.0037 - acc: 0.9992
1460/1460 [==============================] - 0s 181us/step - loss: 0.0036 - acc: 0.9993 - val_loss: 0.0563 - val_acc: 0.9815
Epoch 11/30

  20/1460 [..............................] - ETA: 0s - loss: 0.0010 - acc: 1.0000
 280/1460 [====>.........................] - ETA: 0s - loss: 6.4838e-04 - acc: 1.0000
 540/1460 [==========>...................] - ETA: 0s - loss: 0.0011 - acc: 1.0000    
 820/1460 [===============>..............] - ETA: 0s - loss: 0.0012 - acc: 1.0000
1100/1460 [=====================>........] - ETA: 0s - loss: 0.0025 - acc: 0.9991
1380/1460 [===========================>..] - ETA: 0s - loss: 0.0034 - acc: 0.9986
1460/1460 [==============================] - 0s 196us/step - loss: 0.0032 - acc: 0.9986 - val_loss: 0.0608 - val_acc: 0.9815
Epoch 12/30

  20/1460 [..............................] - ETA: 0s - loss: 4.2706e-04 - acc: 1.0000
 280/1460 [====>.........................] - ETA: 0s - loss: 0.0020 - acc: 1.0000    
 580/1460 [==========>...................] - ETA: 0s - loss: 0.0015 - acc: 1.0000
 880/1460 [=================>............] - ETA: 0s - loss: 0.0027 - acc: 0.9989
1140/1460 [======================>.......] - ETA: 0s - loss: 0.0026 - acc: 0.9991
1360/1460 [==========================>...] - ETA: 0s - loss: 0.0023 - acc: 0.9993
1460/1460 [==============================] - 0s 199us/step - loss: 0.0022 - acc: 0.9993 - val_loss: 0.0555 - val_acc: 0.9815
Epoch 13/30

  20/1460 [..............................] - ETA: 0s - loss: 6.7169e-04 - acc: 1.0000
 260/1460 [====>.........................] - ETA: 0s - loss: 0.0083 - acc: 0.9962    
 540/1460 [==========>...................] - ETA: 0s - loss: 0.0066 - acc: 0.9981
 820/1460 [===============>..............] - ETA: 0s - loss: 0.0046 - acc: 0.9988
1080/1460 [=====================>........] - ETA: 0s - loss: 0.0036 - acc: 0.9991
1340/1460 [==========================>...] - ETA: 0s - loss: 0.0032 - acc: 0.9993
1460/1460 [==============================] - 0s 208us/step - loss: 0.0029 - acc: 0.9993 - val_loss: 0.0548 - val_acc: 0.9815
acc: 98.15%
Train on 1460 samples, validate on 162 samples
Epoch 1/30

  20/1460 [..............................] - ETA: 1:52 - loss: 0.6944 - acc: 0.5000
 300/1460 [=====>........................] - ETA: 6s - loss: 0.5030 - acc: 0.7700  
 580/1460 [==========>...................] - ETA: 2s - loss: 0.3536 - acc: 0.8552
 880/1460 [=================>............] - ETA: 1s - loss: 0.2679 - acc: 0.8920
1180/1460 [=======================>......] - ETA: 0s - loss: 0.2214 - acc: 0.9127
1460/1460 [==============================] - 2s 1ms/step - loss: 0.1938 - acc: 0.9240 - val_loss: 0.0534 - val_acc: 0.9877
Epoch 2/30

  20/1460 [..............................] - ETA: 0s - loss: 0.0277 - acc: 1.0000
 260/1460 [====>.........................] - ETA: 0s - loss: 0.0383 - acc: 0.9962
 480/1460 [========>.....................] - ETA: 0s - loss: 0.0428 - acc: 0.9854
 760/1460 [==============>...............] - ETA: 0s - loss: 0.0357 - acc: 0.9895
1040/1460 [====================>.........] - ETA: 0s - loss: 0.0392 - acc: 0.9894
1300/1460 [=========================>....] - ETA: 0s - loss: 0.0423 - acc: 0.9892
1460/1460 [==============================] - 0s 208us/step - loss: 0.0415 - acc: 0.9897 - val_loss: 0.0612 - val_acc: 0.9753
Epoch 3/30

  20/1460 [..............................] - ETA: 0s - loss: 0.0145 - acc: 1.0000
 300/1460 [=====>........................] - ETA: 0s - loss: 0.0110 - acc: 1.0000
 560/1460 [==========>...................] - ETA: 0s - loss: 0.0145 - acc: 0.9982
 840/1460 [================>.............] - ETA: 0s - loss: 0.0131 - acc: 0.9988
1100/1460 [=====================>........] - ETA: 0s - loss: 0.0164 - acc: 0.9982
1340/1460 [==========================>...] - ETA: 0s - loss: 0.0167 - acc: 0.9978
1460/1460 [==============================] - 0s 202us/step - loss: 0.0195 - acc: 0.9966 - val_loss: 0.0337 - val_acc: 0.9877
Epoch 4/30

  20/1460 [..............................] - ETA: 0s - loss: 0.0073 - acc: 1.0000
 260/1460 [====>.........................] - ETA: 0s - loss: 0.0249 - acc: 0.9962
 540/1460 [==========>...................] - ETA: 0s - loss: 0.0176 - acc: 0.9981
 820/1460 [===============>..............] - ETA: 0s - loss: 0.0138 - acc: 0.9988
1100/1460 [=====================>........] - ETA: 0s - loss: 0.0140 - acc: 0.9982
1360/1460 [==========================>...] - ETA: 0s - loss: 0.0141 - acc: 0.9978
1460/1460 [==============================] - 0s 200us/step - loss: 0.0139 - acc: 0.9979 - val_loss: 0.0452 - val_acc: 0.9815
Epoch 5/30

  20/1460 [..............................] - ETA: 0s - loss: 0.0036 - acc: 1.0000
 300/1460 [=====>........................] - ETA: 0s - loss: 0.0035 - acc: 1.0000
 580/1460 [==========>...................] - ETA: 0s - loss: 0.0046 - acc: 0.9983
 880/1460 [=================>............] - ETA: 0s - loss: 0.0076 - acc: 0.9977
1160/1460 [======================>.......] - ETA: 0s - loss: 0.0091 - acc: 0.9974
1440/1460 [============================>.] - ETA: 0s - loss: 0.0084 - acc: 0.9979
1460/1460 [==============================] - 0s 189us/step - loss: 0.0083 - acc: 0.9979 - val_loss: 0.0485 - val_acc: 0.9815
Epoch 6/30

  20/1460 [..............................] - ETA: 0s - loss: 0.0015 - acc: 1.0000
 300/1460 [=====>........................] - ETA: 0s - loss: 0.0021 - acc: 1.0000
 580/1460 [==========>...................] - ETA: 0s - loss: 0.0070 - acc: 0.9966
 860/1460 [================>.............] - ETA: 0s - loss: 0.0056 - acc: 0.9977
1140/1460 [======================>.......] - ETA: 0s - loss: 0.0067 - acc: 0.9974
1420/1460 [============================>.] - ETA: 0s - loss: 0.0062 - acc: 0.9979
1460/1460 [==============================] - 0s 190us/step - loss: 0.0061 - acc: 0.9979 - val_loss: 0.0683 - val_acc: 0.9815
Epoch 7/30

  20/1460 [..............................] - ETA: 0s - loss: 9.4734e-04 - acc: 1.0000
 260/1460 [====>.........................] - ETA: 0s - loss: 0.0046 - acc: 1.0000    
 480/1460 [========>.....................] - ETA: 0s - loss: 0.0035 - acc: 1.0000
 720/1460 [=============>................] - ETA: 0s - loss: 0.0029 - acc: 1.0000
 980/1460 [===================>..........] - ETA: 0s - loss: 0.0024 - acc: 1.0000
1220/1460 [========================>.....] - ETA: 0s - loss: 0.0035 - acc: 0.9992
1460/1460 [==============================] - 0s 221us/step - loss: 0.0046 - acc: 0.9986 - val_loss: 0.0541 - val_acc: 0.9815
Epoch 8/30

  20/1460 [..............................] - ETA: 0s - loss: 0.0014 - acc: 1.0000
 280/1460 [====>.........................] - ETA: 0s - loss: 0.0059 - acc: 0.9964
 560/1460 [==========>...................] - ETA: 0s - loss: 0.0046 - acc: 0.9982
 840/1460 [================>.............] - ETA: 0s - loss: 0.0035 - acc: 0.9988
1120/1460 [======================>.......] - ETA: 0s - loss: 0.0066 - acc: 0.9973
1380/1460 [===========================>..] - ETA: 0s - loss: 0.0063 - acc: 0.9978
1460/1460 [==============================] - 0s 199us/step - loss: 0.0062 - acc: 0.9979 - val_loss: 0.0596 - val_acc: 0.9753
Epoch 9/30

  20/1460 [..............................] - ETA: 0s - loss: 0.0097 - acc: 1.0000
 300/1460 [=====>........................] - ETA: 0s - loss: 0.0018 - acc: 1.0000
 580/1460 [==========>...................] - ETA: 0s - loss: 0.0015 - acc: 1.0000
 820/1460 [===============>..............] - ETA: 0s - loss: 0.0022 - acc: 1.0000
1080/1460 [=====================>........] - ETA: 0s - loss: 0.0019 - acc: 1.0000
1320/1460 [==========================>...] - ETA: 0s - loss: 0.0062 - acc: 0.9985
1460/1460 [==============================] - 0s 207us/step - loss: 0.0062 - acc: 0.9986 - val_loss: 0.0925 - val_acc: 0.9815
Epoch 10/30

  20/1460 [..............................] - ETA: 0s - loss: 0.0055 - acc: 1.0000
 260/1460 [====>.........................] - ETA: 0s - loss: 0.0054 - acc: 1.0000
 480/1460 [========>.....................] - ETA: 0s - loss: 0.0035 - acc: 1.0000
 760/1460 [==============>...............] - ETA: 0s - loss: 0.0040 - acc: 0.9987
1040/1460 [====================>.........] - ETA: 0s - loss: 0.0070 - acc: 0.9981
1280/1460 [=========================>....] - ETA: 0s - loss: 0.0060 - acc: 0.9984
1460/1460 [==============================] - 0s 212us/step - loss: 0.0054 - acc: 0.9986 - val_loss: 0.0705 - val_acc: 0.9815
Epoch 11/30

  20/1460 [..............................] - ETA: 0s - loss: 4.3551e-04 - acc: 1.0000
 320/1460 [=====>........................] - ETA: 0s - loss: 7.2362e-04 - acc: 1.0000
 560/1460 [==========>...................] - ETA: 0s - loss: 7.9476e-04 - acc: 1.0000
 800/1460 [===============>..............] - ETA: 0s - loss: 9.9088e-04 - acc: 1.0000
1020/1460 [===================>..........] - ETA: 0s - loss: 0.0032 - acc: 0.9990    
1260/1460 [========================>.....] - ETA: 0s - loss: 0.0028 - acc: 0.9992
1460/1460 [==============================] - 0s 216us/step - loss: 0.0045 - acc: 0.9979 - val_loss: 0.0660 - val_acc: 0.9815
acc: 98.77%
Train on 1460 samples, validate on 162 samples
Epoch 1/30

  20/1460 [..............................] - ETA: 1:39 - loss: 0.6873 - acc: 0.4500
 260/1460 [====>.........................] - ETA: 6s - loss: 0.5605 - acc: 0.6962  
 480/1460 [========>.....................] - ETA: 3s - loss: 0.4169 - acc: 0.8125
 700/1460 [=============>................] - ETA: 1s - loss: 0.3215 - acc: 0.8629
 920/1460 [=================>............] - ETA: 0s - loss: 0.2689 - acc: 0.8859
1160/1460 [======================>.......] - ETA: 0s - loss: 0.2317 - acc: 0.9026
1400/1460 [===========================>..] - ETA: 0s - loss: 0.2071 - acc: 0.9143
1460/1460 [==============================] - 2s 1ms/step - loss: 0.2020 - acc: 0.9164 - val_loss: 0.0847 - val_acc: 0.9815
Epoch 2/30

  20/1460 [..............................] - ETA: 0s - loss: 0.0549 - acc: 0.9500
 240/1460 [===>..........................] - ETA: 0s - loss: 0.0367 - acc: 0.9917
 480/1460 [========>.....................] - ETA: 0s - loss: 0.0303 - acc: 0.9937
 720/1460 [=============>................] - ETA: 0s - loss: 0.0364 - acc: 0.9903
 960/1460 [==================>...........] - ETA: 0s - loss: 0.0342 - acc: 0.9896
1200/1460 [=======================>......] - ETA: 0s - loss: 0.0403 - acc: 0.9875
1460/1460 [==============================] - 0s 223us/step - loss: 0.0395 - acc: 0.9884 - val_loss: 0.0831 - val_acc: 0.9815
Epoch 3/30

  20/1460 [..............................] - ETA: 0s - loss: 0.0130 - acc: 1.0000
 260/1460 [====>.........................] - ETA: 0s - loss: 0.0214 - acc: 0.9923
 440/1460 [========>.....................] - ETA: 0s - loss: 0.0172 - acc: 0.9955
 660/1460 [============>.................] - ETA: 0s - loss: 0.0154 - acc: 0.9970
 880/1460 [=================>............] - ETA: 0s - loss: 0.0142 - acc: 0.9977
1120/1460 [======================>.......] - ETA: 0s - loss: 0.0134 - acc: 0.9973
1360/1460 [==========================>...] - ETA: 0s - loss: 0.0138 - acc: 0.9978
1460/1460 [==============================] - 0s 245us/step - loss: 0.0137 - acc: 0.9979 - val_loss: 0.0778 - val_acc: 0.9877
Epoch 4/30

  20/1460 [..............................] - ETA: 0s - loss: 0.0025 - acc: 1.0000
 260/1460 [====>.........................] - ETA: 0s - loss: 0.0150 - acc: 0.9962
 500/1460 [=========>....................] - ETA: 0s - loss: 0.0107 - acc: 0.9980
 740/1460 [==============>...............] - ETA: 0s - loss: 0.0084 - acc: 0.9986
1000/1460 [===================>..........] - ETA: 0s - loss: 0.0069 - acc: 0.9990
1240/1460 [========================>.....] - ETA: 0s - loss: 0.0061 - acc: 0.9992
1460/1460 [==============================] - 0s 226us/step - loss: 0.0060 - acc: 0.9993 - val_loss: 0.0844 - val_acc: 0.9877
Epoch 5/30

  20/1460 [..............................] - ETA: 0s - loss: 0.0012 - acc: 1.0000
 260/1460 [====>.........................] - ETA: 0s - loss: 0.0016 - acc: 1.0000
 500/1460 [=========>....................] - ETA: 0s - loss: 0.0016 - acc: 1.0000
 760/1460 [==============>...............] - ETA: 0s - loss: 0.0015 - acc: 1.0000
1020/1460 [===================>..........] - ETA: 0s - loss: 0.0016 - acc: 1.0000
1280/1460 [=========================>....] - ETA: 0s - loss: 0.0026 - acc: 0.9992
1460/1460 [==============================] - 0s 215us/step - loss: 0.0027 - acc: 0.9993 - val_loss: 0.0881 - val_acc: 0.9877
Epoch 6/30

  20/1460 [..............................] - ETA: 0s - loss: 0.0015 - acc: 1.0000
 280/1460 [====>.........................] - ETA: 0s - loss: 0.0010 - acc: 1.0000
 540/1460 [==========>...................] - ETA: 0s - loss: 0.0011 - acc: 1.0000
 800/1460 [===============>..............] - ETA: 0s - loss: 0.0010 - acc: 1.0000
1040/1460 [====================>.........] - ETA: 0s - loss: 0.0010 - acc: 1.0000
1300/1460 [=========================>....] - ETA: 0s - loss: 0.0019 - acc: 0.9992
1460/1460 [==============================] - 0s 210us/step - loss: 0.0019 - acc: 0.9993 - val_loss: 0.0838 - val_acc: 0.9877
Epoch 7/30

  20/1460 [..............................] - ETA: 0s - loss: 2.1964e-04 - acc: 1.0000
 280/1460 [====>.........................] - ETA: 0s - loss: 0.0012 - acc: 1.0000    
 540/1460 [==========>...................] - ETA: 0s - loss: 0.0011 - acc: 1.0000
 780/1460 [===============>..............] - ETA: 0s - loss: 0.0020 - acc: 0.9987
1040/1460 [====================>.........] - ETA: 0s - loss: 0.0018 - acc: 0.9990
1300/1460 [=========================>....] - ETA: 0s - loss: 0.0017 - acc: 0.9992
1460/1460 [==============================] - 0s 211us/step - loss: 0.0015 - acc: 0.9993 - val_loss: 0.0929 - val_acc: 0.9877
Epoch 8/30

  20/1460 [..............................] - ETA: 0s - loss: 9.4268e-04 - acc: 1.0000
 260/1460 [====>.........................] - ETA: 0s - loss: 6.6618e-04 - acc: 1.0000
 520/1460 [=========>....................] - ETA: 0s - loss: 7.1781e-04 - acc: 1.0000
 780/1460 [===============>..............] - ETA: 0s - loss: 0.0015 - acc: 1.0000    
1020/1460 [===================>..........] - ETA: 0s - loss: 0.0013 - acc: 1.0000
1260/1460 [========================>.....] - ETA: 0s - loss: 0.0012 - acc: 1.0000
1460/1460 [==============================] - 0s 217us/step - loss: 0.0011 - acc: 1.0000 - val_loss: 0.0914 - val_acc: 0.9877
Epoch 9/30

  20/1460 [..............................] - ETA: 0s - loss: 5.3379e-04 - acc: 1.0000
 280/1460 [====>.........................] - ETA: 0s - loss: 5.2562e-04 - acc: 1.0000
 520/1460 [=========>....................] - ETA: 0s - loss: 5.2059e-04 - acc: 1.0000
 780/1460 [===============>..............] - ETA: 0s - loss: 5.3333e-04 - acc: 1.0000
1040/1460 [====================>.........] - ETA: 0s - loss: 5.1711e-04 - acc: 1.0000
1300/1460 [=========================>....] - ETA: 0s - loss: 4.8751e-04 - acc: 1.0000
1460/1460 [==============================] - 0s 209us/step - loss: 7.4115e-04 - acc: 1.0000 - val_loss: 0.0936 - val_acc: 0.9877
Epoch 10/30

  20/1460 [..............................] - ETA: 0s - loss: 0.0019 - acc: 1.0000
 260/1460 [====>.........................] - ETA: 0s - loss: 0.0012 - acc: 1.0000
 520/1460 [=========>....................] - ETA: 0s - loss: 7.8667e-04 - acc: 1.0000
 780/1460 [===============>..............] - ETA: 0s - loss: 6.7437e-04 - acc: 1.0000
1020/1460 [===================>..........] - ETA: 0s - loss: 6.0517e-04 - acc: 1.0000
1280/1460 [=========================>....] - ETA: 0s - loss: 5.6792e-04 - acc: 1.0000
1460/1460 [==============================] - 0s 212us/step - loss: 5.5680e-04 - acc: 1.0000 - val_loss: 0.0950 - val_acc: 0.9877
Epoch 11/30

  20/1460 [..............................] - ETA: 0s - loss: 2.2846e-04 - acc: 1.0000
 280/1460 [====>.........................] - ETA: 0s - loss: 9.9936e-04 - acc: 1.0000
 540/1460 [==========>...................] - ETA: 0s - loss: 6.6915e-04 - acc: 1.0000
 780/1460 [===============>..............] - ETA: 0s - loss: 5.3335e-04 - acc: 1.0000
1040/1460 [====================>.........] - ETA: 0s - loss: 5.0235e-04 - acc: 1.0000
1300/1460 [=========================>....] - ETA: 0s - loss: 4.5914e-04 - acc: 1.0000
1460/1460 [==============================] - 0s 207us/step - loss: 4.4224e-04 - acc: 1.0000 - val_loss: 0.0969 - val_acc: 0.9877
Epoch 12/30

  20/1460 [..............................] - ETA: 0s - loss: 2.5213e-04 - acc: 1.0000
 300/1460 [=====>........................] - ETA: 0s - loss: 2.7129e-04 - acc: 1.0000
 560/1460 [==========>...................] - ETA: 0s - loss: 2.5657e-04 - acc: 1.0000
 840/1460 [================>.............] - ETA: 0s - loss: 2.5233e-04 - acc: 1.0000
1100/1460 [=====================>........] - ETA: 0s - loss: 3.9705e-04 - acc: 1.0000
1380/1460 [===========================>..] - ETA: 0s - loss: 3.6484e-04 - acc: 1.0000
1460/1460 [==============================] - 0s 194us/step - loss: 3.5493e-04 - acc: 1.0000 - val_loss: 0.0992 - val_acc: 0.9877
Epoch 13/30

  20/1460 [..............................] - ETA: 0s - loss: 2.4288e-04 - acc: 1.0000
 300/1460 [=====>........................] - ETA: 0s - loss: 1.4513e-04 - acc: 1.0000
 560/1460 [==========>...................] - ETA: 0s - loss: 2.2248e-04 - acc: 1.0000
 840/1460 [================>.............] - ETA: 0s - loss: 2.1544e-04 - acc: 1.0000
1120/1460 [======================>.......] - ETA: 0s - loss: 3.1984e-04 - acc: 1.0000
1400/1460 [===========================>..] - ETA: 0s - loss: 3.0286e-04 - acc: 1.0000
1460/1460 [==============================] - 0s 197us/step - loss: 2.9785e-04 - acc: 1.0000 - val_loss: 0.1000 - val_acc: 0.9877
acc: 98.77%
Train on 1460 samples, validate on 162 samples
Epoch 1/30

  20/1460 [..............................] - ETA: 1:46 - loss: 0.7104 - acc: 0.3500
 400/1460 [=======>......................] - ETA: 4s - loss: 0.4525 - acc: 0.7875  
 800/1460 [===============>..............] - ETA: 1s - loss: 0.2881 - acc: 0.8750
1200/1460 [=======================>......] - ETA: 0s - loss: 0.2201 - acc: 0.9067
1460/1460 [==============================] - 2s 1ms/step - loss: 0.1957 - acc: 0.9178 - val_loss: 0.0859 - val_acc: 0.9691
Epoch 2/30

  20/1460 [..............................] - ETA: 0s - loss: 0.0184 - acc: 1.0000
 420/1460 [=======>......................] - ETA: 0s - loss: 0.0439 - acc: 0.9905
 800/1460 [===============>..............] - ETA: 0s - loss: 0.0376 - acc: 0.9912
1180/1460 [=======================>......] - ETA: 0s - loss: 0.0363 - acc: 0.9907
1460/1460 [==============================] - 0s 137us/step - loss: 0.0428 - acc: 0.9884 - val_loss: 0.0898 - val_acc: 0.9753
Epoch 3/30

  20/1460 [..............................] - ETA: 0s - loss: 0.1236 - acc: 0.9500
 380/1460 [======>.......................] - ETA: 0s - loss: 0.0246 - acc: 0.9947
 760/1460 [==============>...............] - ETA: 0s - loss: 0.0226 - acc: 0.9961
1140/1460 [======================>.......] - ETA: 0s - loss: 0.0222 - acc: 0.9956
1460/1460 [==============================] - 0s 141us/step - loss: 0.0210 - acc: 0.9959 - val_loss: 0.0622 - val_acc: 0.9877
Epoch 4/30

  20/1460 [..............................] - ETA: 0s - loss: 0.0085 - acc: 1.0000
 400/1460 [=======>......................] - ETA: 0s - loss: 0.0148 - acc: 0.9975
 780/1460 [===============>..............] - ETA: 0s - loss: 0.0146 - acc: 0.9974
1180/1460 [=======================>......] - ETA: 0s - loss: 0.0161 - acc: 0.9966
1460/1460 [==============================] - 0s 140us/step - loss: 0.0144 - acc: 0.9973 - val_loss: 0.0627 - val_acc: 0.9877
Epoch 5/30

  20/1460 [..............................] - ETA: 0s - loss: 0.0032 - acc: 1.0000
 380/1460 [======>.......................] - ETA: 0s - loss: 0.0035 - acc: 1.0000
 740/1460 [==============>...............] - ETA: 0s - loss: 0.0033 - acc: 1.0000
1100/1460 [=====================>........] - ETA: 0s - loss: 0.0099 - acc: 0.9973
1460/1460 [==============================] - 0s 149us/step - loss: 0.0090 - acc: 0.9979 - val_loss: 0.0776 - val_acc: 0.9877
Epoch 6/30

  20/1460 [..............................] - ETA: 0s - loss: 0.0041 - acc: 1.0000
 380/1460 [======>.......................] - ETA: 0s - loss: 0.0026 - acc: 1.0000
 740/1460 [==============>...............] - ETA: 0s - loss: 0.0039 - acc: 1.0000
1100/1460 [=====================>........] - ETA: 0s - loss: 0.0083 - acc: 0.9982
1460/1460 [==============================] - 0s 149us/step - loss: 0.0073 - acc: 0.9986 - val_loss: 0.0761 - val_acc: 0.9815
Epoch 7/30

  20/1460 [..............................] - ETA: 0s - loss: 6.8844e-04 - acc: 1.0000
 380/1460 [======>.......................] - ETA: 0s - loss: 0.0152 - acc: 0.9947    
 740/1460 [==============>...............] - ETA: 0s - loss: 0.0089 - acc: 0.9973
1120/1460 [======================>.......] - ETA: 0s - loss: 0.0075 - acc: 0.9982
1440/1460 [============================>.] - ETA: 0s - loss: 0.0061 - acc: 0.9986
1460/1460 [==============================] - 0s 152us/step - loss: 0.0061 - acc: 0.9986 - val_loss: 0.0695 - val_acc: 0.9815
Epoch 8/30

  20/1460 [..............................] - ETA: 0s - loss: 0.0015 - acc: 1.0000
 300/1460 [=====>........................] - ETA: 0s - loss: 8.6577e-04 - acc: 1.0000
 560/1460 [==========>...................] - ETA: 0s - loss: 0.0017 - acc: 1.0000    
 840/1460 [================>.............] - ETA: 0s - loss: 0.0028 - acc: 0.9988
1080/1460 [=====================>........] - ETA: 0s - loss: 0.0026 - acc: 0.9991
1360/1460 [==========================>...] - ETA: 0s - loss: 0.0034 - acc: 0.9985
1460/1460 [==============================] - 0s 202us/step - loss: 0.0033 - acc: 0.9986 - val_loss: 0.0778 - val_acc: 0.9877
Epoch 9/30

  20/1460 [..............................] - ETA: 0s - loss: 0.0017 - acc: 1.0000
 280/1460 [====>.........................] - ETA: 0s - loss: 0.0012 - acc: 1.0000
 540/1460 [==========>...................] - ETA: 0s - loss: 0.0014 - acc: 1.0000
 800/1460 [===============>..............] - ETA: 0s - loss: 0.0022 - acc: 1.0000
1080/1460 [=====================>........] - ETA: 0s - loss: 0.0032 - acc: 0.9991
1400/1460 [===========================>..] - ETA: 0s - loss: 0.0029 - acc: 0.9993
1460/1460 [==============================] - 0s 190us/step - loss: 0.0028 - acc: 0.9993 - val_loss: 0.0778 - val_acc: 0.9877
Epoch 10/30

  20/1460 [..............................] - ETA: 0s - loss: 9.6191e-04 - acc: 1.0000
 380/1460 [======>.......................] - ETA: 0s - loss: 0.0019 - acc: 1.0000    
 740/1460 [==============>...............] - ETA: 0s - loss: 0.0019 - acc: 1.0000
1100/1460 [=====================>........] - ETA: 0s - loss: 0.0015 - acc: 1.0000
1380/1460 [===========================>..] - ETA: 0s - loss: 0.0013 - acc: 1.0000
1460/1460 [==============================] - 0s 159us/step - loss: 0.0014 - acc: 1.0000 - val_loss: 0.0770 - val_acc: 0.9877
Epoch 11/30

  20/1460 [..............................] - ETA: 0s - loss: 2.5223e-04 - acc: 1.0000
 280/1460 [====>.........................] - ETA: 0s - loss: 0.0016 - acc: 1.0000    
 540/1460 [==========>...................] - ETA: 0s - loss: 0.0011 - acc: 1.0000
 800/1460 [===============>..............] - ETA: 0s - loss: 0.0010 - acc: 1.0000
1060/1460 [====================>.........] - ETA: 0s - loss: 8.6234e-04 - acc: 1.0000
1320/1460 [==========================>...] - ETA: 0s - loss: 0.0016 - acc: 0.9992    
1460/1460 [==============================] - 0s 204us/step - loss: 0.0017 - acc: 0.9993 - val_loss: 0.0812 - val_acc: 0.9877
Epoch 12/30

  20/1460 [..............................] - ETA: 0s - loss: 7.9897e-04 - acc: 1.0000
 280/1460 [====>.........................] - ETA: 0s - loss: 0.0036 - acc: 1.0000    
 540/1460 [==========>...................] - ETA: 0s - loss: 0.0021 - acc: 1.0000
 800/1460 [===============>..............] - ETA: 0s - loss: 0.0016 - acc: 1.0000
1060/1460 [====================>.........] - ETA: 0s - loss: 0.0013 - acc: 1.0000
1320/1460 [==========================>...] - ETA: 0s - loss: 0.0013 - acc: 1.0000
1460/1460 [==============================] - 0s 202us/step - loss: 0.0012 - acc: 1.0000 - val_loss: 0.0781 - val_acc: 0.9877
Epoch 13/30

  20/1460 [..............................] - ETA: 0s - loss: 4.4180e-04 - acc: 1.0000
 280/1460 [====>.........................] - ETA: 0s - loss: 0.0022 - acc: 1.0000    
 540/1460 [==========>...................] - ETA: 0s - loss: 0.0021 - acc: 1.0000
 800/1460 [===============>..............] - ETA: 0s - loss: 0.0015 - acc: 1.0000
1040/1460 [====================>.........] - ETA: 0s - loss: 0.0014 - acc: 1.0000
1320/1460 [==========================>...] - ETA: 0s - loss: 0.0012 - acc: 1.0000
1460/1460 [==============================] - 0s 209us/step - loss: 0.0012 - acc: 1.0000 - val_loss: 0.0803 - val_acc: 0.9877
acc: 98.77%
Train on 1460 samples, validate on 162 samples
Epoch 1/30

  20/1460 [..............................] - ETA: 2:23 - loss: 0.7117 - acc: 0.4500
 300/1460 [=====>........................] - ETA: 7s - loss: 0.4648 - acc: 0.7533  
 560/1460 [==========>...................] - ETA: 3s - loss: 0.3225 - acc: 0.8500
 820/1460 [===============>..............] - ETA: 1s - loss: 0.2610 - acc: 0.8768
1060/1460 [====================>.........] - ETA: 0s - loss: 0.2201 - acc: 0.8991
1320/1460 [==========================>...] - ETA: 0s - loss: 0.1953 - acc: 0.9121
1460/1460 [==============================] - 2s 2ms/step - loss: 0.1819 - acc: 0.9185 - val_loss: 0.0904 - val_acc: 0.9691
Epoch 2/30

  20/1460 [..............................] - ETA: 0s - loss: 0.0112 - acc: 1.0000
 300/1460 [=====>........................] - ETA: 0s - loss: 0.0529 - acc: 0.9867
 600/1460 [===========>..................] - ETA: 0s - loss: 0.0585 - acc: 0.9833
 880/1460 [=================>............] - ETA: 0s - loss: 0.0508 - acc: 0.9841
1140/1460 [======================>.......] - ETA: 0s - loss: 0.0510 - acc: 0.9842
1420/1460 [============================>.] - ETA: 0s - loss: 0.0467 - acc: 0.9859
1460/1460 [==============================] - 0s 192us/step - loss: 0.0465 - acc: 0.9856 - val_loss: 0.0818 - val_acc: 0.9691
Epoch 3/30

  20/1460 [..............................] - ETA: 0s - loss: 0.0082 - acc: 1.0000
 300/1460 [=====>........................] - ETA: 0s - loss: 0.0244 - acc: 0.9967
 580/1460 [==========>...................] - ETA: 0s - loss: 0.0312 - acc: 0.9931
 860/1460 [================>.............] - ETA: 0s - loss: 0.0277 - acc: 0.9930
1140/1460 [======================>.......] - ETA: 0s - loss: 0.0250 - acc: 0.9930
1420/1460 [============================>.] - ETA: 0s - loss: 0.0218 - acc: 0.9944
1460/1460 [==============================] - 0s 190us/step - loss: 0.0214 - acc: 0.9945 - val_loss: 0.0656 - val_acc: 0.9753
Epoch 4/30

  20/1460 [..............................] - ETA: 0s - loss: 0.0031 - acc: 1.0000
 300/1460 [=====>........................] - ETA: 0s - loss: 0.0184 - acc: 0.9933
 580/1460 [==========>...................] - ETA: 0s - loss: 0.0121 - acc: 0.9966
 860/1460 [================>.............] - ETA: 0s - loss: 0.0106 - acc: 0.9977
1160/1460 [======================>.......] - ETA: 0s - loss: 0.0112 - acc: 0.9974
1440/1460 [============================>.] - ETA: 0s - loss: 0.0113 - acc: 0.9972
1460/1460 [==============================] - 0s 192us/step - loss: 0.0112 - acc: 0.9973 - val_loss: 0.0601 - val_acc: 0.9691
Epoch 5/30

  20/1460 [..............................] - ETA: 0s - loss: 0.0022 - acc: 1.0000
 320/1460 [=====>........................] - ETA: 0s - loss: 0.0100 - acc: 0.9969
 620/1460 [===========>..................] - ETA: 0s - loss: 0.0070 - acc: 0.9984
 900/1460 [=================>............] - ETA: 0s - loss: 0.0056 - acc: 0.9989
1180/1460 [=======================>......] - ETA: 0s - loss: 0.0089 - acc: 0.9975
1460/1460 [==============================] - 0s 185us/step - loss: 0.0083 - acc: 0.9979 - val_loss: 0.0654 - val_acc: 0.9691
Epoch 6/30

  20/1460 [..............................] - ETA: 0s - loss: 0.0037 - acc: 1.0000
 300/1460 [=====>........................] - ETA: 0s - loss: 0.0106 - acc: 0.9933
 640/1460 [============>.................] - ETA: 0s - loss: 0.0062 - acc: 0.9969
1000/1460 [===================>..........] - ETA: 0s - loss: 0.0056 - acc: 0.9970
1380/1460 [===========================>..] - ETA: 0s - loss: 0.0047 - acc: 0.9978
1460/1460 [==============================] - 0s 156us/step - loss: 0.0045 - acc: 0.9979 - val_loss: 0.0618 - val_acc: 0.9691
Epoch 7/30

  20/1460 [..............................] - ETA: 0s - loss: 0.0548 - acc: 0.9500
 400/1460 [=======>......................] - ETA: 0s - loss: 0.0044 - acc: 0.9975
 780/1460 [===============>..............] - ETA: 0s - loss: 0.0030 - acc: 0.9987
1020/1460 [===================>..........] - ETA: 0s - loss: 0.0049 - acc: 0.9980
1260/1460 [========================>.....] - ETA: 0s - loss: 0.0043 - acc: 0.9984
1460/1460 [==============================] - 0s 172us/step - loss: 0.0039 - acc: 0.9986 - val_loss: 0.0594 - val_acc: 0.9691
Epoch 8/30

  20/1460 [..............................] - ETA: 0s - loss: 8.5513e-04 - acc: 1.0000
 400/1460 [=======>......................] - ETA: 0s - loss: 0.0015 - acc: 1.0000    
 760/1460 [==============>...............] - ETA: 0s - loss: 0.0015 - acc: 1.0000
1120/1460 [======================>.......] - ETA: 0s - loss: 0.0029 - acc: 0.9982
1460/1460 [==============================] - 0s 144us/step - loss: 0.0029 - acc: 0.9986 - val_loss: 0.0628 - val_acc: 0.9691
Epoch 9/30

  20/1460 [..............................] - ETA: 0s - loss: 1.5821e-04 - acc: 1.0000
 400/1460 [=======>......................] - ETA: 0s - loss: 0.0012 - acc: 1.0000    
 800/1460 [===============>..............] - ETA: 0s - loss: 0.0018 - acc: 1.0000
1180/1460 [=======================>......] - ETA: 0s - loss: 0.0017 - acc: 1.0000
1460/1460 [==============================] - 0s 135us/step - loss: 0.0021 - acc: 0.9993 - val_loss: 0.0558 - val_acc: 0.9691
Epoch 10/30

  20/1460 [..............................] - ETA: 0s - loss: 7.4985e-04 - acc: 1.0000
 400/1460 [=======>......................] - ETA: 0s - loss: 0.0016 - acc: 1.0000    
 780/1460 [===============>..............] - ETA: 0s - loss: 0.0015 - acc: 1.0000
1160/1460 [======================>.......] - ETA: 0s - loss: 0.0013 - acc: 1.0000
1460/1460 [==============================] - 0s 141us/step - loss: 0.0014 - acc: 1.0000 - val_loss: 0.0565 - val_acc: 0.9691
Epoch 11/30

  20/1460 [..............................] - ETA: 0s - loss: 9.1439e-05 - acc: 1.0000
 400/1460 [=======>......................] - ETA: 0s - loss: 5.6066e-04 - acc: 1.0000
 780/1460 [===============>..............] - ETA: 0s - loss: 0.0011 - acc: 1.0000    
1160/1460 [======================>.......] - ETA: 0s - loss: 9.2892e-04 - acc: 1.0000
1460/1460 [==============================] - 0s 138us/step - loss: 8.4191e-04 - acc: 1.0000 - val_loss: 0.0566 - val_acc: 0.9691
Epoch 12/30

  20/1460 [..............................] - ETA: 0s - loss: 2.6347e-04 - acc: 1.0000
 380/1460 [======>.......................] - ETA: 0s - loss: 3.5826e-04 - acc: 1.0000
 760/1460 [==============>...............] - ETA: 0s - loss: 5.6083e-04 - acc: 1.0000
1140/1460 [======================>.......] - ETA: 0s - loss: 6.0153e-04 - acc: 1.0000
1460/1460 [==============================] - 0s 140us/step - loss: 5.5762e-04 - acc: 1.0000 - val_loss: 0.0544 - val_acc: 0.9691
Epoch 13/30

  20/1460 [..............................] - ETA: 0s - loss: 9.2723e-05 - acc: 1.0000
 420/1460 [=======>......................] - ETA: 0s - loss: 4.9767e-04 - acc: 1.0000
 800/1460 [===============>..............] - ETA: 0s - loss: 4.2393e-04 - acc: 1.0000
1180/1460 [=======================>......] - ETA: 0s - loss: 4.6602e-04 - acc: 1.0000
1460/1460 [==============================] - 0s 138us/step - loss: 4.2072e-04 - acc: 1.0000 - val_loss: 0.0567 - val_acc: 0.9691
acc: 97.53%
Train on 1461 samples, validate on 161 samples
Epoch 1/30

  20/1461 [..............................] - ETA: 2:35 - loss: 0.6934 - acc: 0.6500
 320/1461 [=====>........................] - ETA: 7s - loss: 0.4599 - acc: 0.7687  
 580/1461 [==========>...................] - ETA: 3s - loss: 0.3258 - acc: 0.8517
 860/1461 [================>.............] - ETA: 1s - loss: 0.2541 - acc: 0.8895
1140/1461 [======================>.......] - ETA: 0s - loss: 0.2229 - acc: 0.9061
1420/1461 [============================>.] - ETA: 0s - loss: 0.1902 - acc: 0.9218
1461/1461 [==============================] - 3s 2ms/step - loss: 0.1892 - acc: 0.9227 - val_loss: 0.0479 - val_acc: 0.9876
Epoch 2/30

  20/1461 [..............................] - ETA: 0s - loss: 0.0409 - acc: 1.0000
 280/1461 [====>.........................] - ETA: 0s - loss: 0.0304 - acc: 1.0000
 500/1461 [=========>....................] - ETA: 0s - loss: 0.0492 - acc: 0.9900
 740/1461 [==============>...............] - ETA: 0s - loss: 0.0402 - acc: 0.9919
 980/1461 [===================>..........] - ETA: 0s - loss: 0.0418 - acc: 0.9898
1220/1461 [========================>.....] - ETA: 0s - loss: 0.0429 - acc: 0.9893
1461/1461 [==============================] - 0s 222us/step - loss: 0.0441 - acc: 0.9890 - val_loss: 0.0289 - val_acc: 0.9876
Epoch 3/30

  20/1461 [..............................] - ETA: 0s - loss: 0.0095 - acc: 1.0000
 300/1461 [=====>........................] - ETA: 0s - loss: 0.0092 - acc: 1.0000
 580/1461 [==========>...................] - ETA: 0s - loss: 0.0200 - acc: 0.9948
 860/1461 [================>.............] - ETA: 0s - loss: 0.0225 - acc: 0.9919
1140/1461 [======================>.......] - ETA: 0s - loss: 0.0234 - acc: 0.9921
1420/1461 [============================>.] - ETA: 0s - loss: 0.0206 - acc: 0.9937
1461/1461 [==============================] - 0s 198us/step - loss: 0.0202 - acc: 0.9938 - val_loss: 0.0179 - val_acc: 0.9938
Epoch 4/30

  20/1461 [..............................] - ETA: 0s - loss: 0.0020 - acc: 1.0000
 300/1461 [=====>........................] - ETA: 0s - loss: 0.0163 - acc: 0.9933
 560/1461 [==========>...................] - ETA: 0s - loss: 0.0136 - acc: 0.9946
 840/1461 [================>.............] - ETA: 0s - loss: 0.0174 - acc: 0.9952
1120/1461 [=====================>........] - ETA: 0s - loss: 0.0141 - acc: 0.9964
1400/1461 [===========================>..] - ETA: 0s - loss: 0.0144 - acc: 0.9964
1461/1461 [==============================] - 0s 198us/step - loss: 0.0141 - acc: 0.9966 - val_loss: 0.0226 - val_acc: 0.9938
Epoch 5/30

  20/1461 [..............................] - ETA: 0s - loss: 0.0160 - acc: 1.0000
 300/1461 [=====>........................] - ETA: 0s - loss: 0.0139 - acc: 0.9933
 580/1461 [==========>...................] - ETA: 0s - loss: 0.0170 - acc: 0.9948
 860/1461 [================>.............] - ETA: 0s - loss: 0.0139 - acc: 0.9953
1140/1461 [======================>.......] - ETA: 0s - loss: 0.0130 - acc: 0.9965
1420/1461 [============================>.] - ETA: 0s - loss: 0.0112 - acc: 0.9972
1461/1461 [==============================] - 0s 198us/step - loss: 0.0110 - acc: 0.9973 - val_loss: 0.0380 - val_acc: 0.9938
Epoch 6/30

  20/1461 [..............................] - ETA: 0s - loss: 0.0032 - acc: 1.0000
 300/1461 [=====>........................] - ETA: 0s - loss: 0.0103 - acc: 0.9967
 580/1461 [==========>...................] - ETA: 0s - loss: 0.0090 - acc: 0.9983
 840/1461 [================>.............] - ETA: 0s - loss: 0.0070 - acc: 0.9988
1120/1461 [=====================>........] - ETA: 0s - loss: 0.0084 - acc: 0.9982
1380/1461 [===========================>..] - ETA: 0s - loss: 0.0071 - acc: 0.9986
1461/1461 [==============================] - 0s 200us/step - loss: 0.0069 - acc: 0.9986 - val_loss: 0.0279 - val_acc: 0.9938
Epoch 7/30

  20/1461 [..............................] - ETA: 0s - loss: 0.0013 - acc: 1.0000
 260/1461 [====>.........................] - ETA: 0s - loss: 0.0015 - acc: 1.0000
 480/1461 [========>.....................] - ETA: 0s - loss: 0.0039 - acc: 0.9979
 720/1461 [=============>................] - ETA: 0s - loss: 0.0085 - acc: 0.9958
 960/1461 [==================>...........] - ETA: 0s - loss: 0.0081 - acc: 0.9969
1180/1461 [=======================>......] - ETA: 0s - loss: 0.0071 - acc: 0.9975
1400/1461 [===========================>..] - ETA: 0s - loss: 0.0063 - acc: 0.9979
1461/1461 [==============================] - 0s 233us/step - loss: 0.0061 - acc: 0.9979 - val_loss: 0.0249 - val_acc: 0.9938
Epoch 8/30

  20/1461 [..............................] - ETA: 0s - loss: 0.0864 - acc: 0.9500
 260/1461 [====>.........................] - ETA: 0s - loss: 0.0075 - acc: 0.9962
 520/1461 [=========>....................] - ETA: 0s - loss: 0.0044 - acc: 0.9981
 760/1461 [==============>...............] - ETA: 0s - loss: 0.0077 - acc: 0.9961
1000/1461 [===================>..........] - ETA: 0s - loss: 0.0063 - acc: 0.9970
1260/1461 [========================>.....] - ETA: 0s - loss: 0.0056 - acc: 0.9976
1461/1461 [==============================] - 0s 226us/step - loss: 0.0051 - acc: 0.9979 - val_loss: 0.0313 - val_acc: 0.9938
Epoch 9/30

  20/1461 [..............................] - ETA: 0s - loss: 9.6324e-04 - acc: 1.0000
 260/1461 [====>.........................] - ETA: 0s - loss: 0.0082 - acc: 0.9962    
 520/1461 [=========>....................] - ETA: 0s - loss: 0.0056 - acc: 0.9981
 740/1461 [==============>...............] - ETA: 0s - loss: 0.0056 - acc: 0.9973
 980/1461 [===================>..........] - ETA: 0s - loss: 0.0046 - acc: 0.9980
1240/1461 [========================>.....] - ETA: 0s - loss: 0.0040 - acc: 0.9984
1461/1461 [==============================] - 0s 224us/step - loss: 0.0036 - acc: 0.9986 - val_loss: 0.0308 - val_acc: 0.9938
Epoch 10/30

  20/1461 [..............................] - ETA: 0s - loss: 2.6568e-04 - acc: 1.0000
 260/1461 [====>.........................] - ETA: 0s - loss: 7.1440e-04 - acc: 1.0000
 500/1461 [=========>....................] - ETA: 0s - loss: 0.0025 - acc: 0.9980    
 740/1461 [==============>...............] - ETA: 0s - loss: 0.0021 - acc: 0.9986
 980/1461 [===================>..........] - ETA: 0s - loss: 0.0022 - acc: 0.9990
1200/1461 [=======================>......] - ETA: 0s - loss: 0.0020 - acc: 0.9992
1420/1461 [============================>.] - ETA: 0s - loss: 0.0018 - acc: 0.9993
1461/1461 [==============================] - 0s 231us/step - loss: 0.0018 - acc: 0.9993 - val_loss: 0.0303 - val_acc: 0.9938
Epoch 11/30

  20/1461 [..............................] - ETA: 0s - loss: 8.7301e-04 - acc: 1.0000
 260/1461 [====>.........................] - ETA: 0s - loss: 0.0013 - acc: 1.0000    
 480/1461 [========>.....................] - ETA: 0s - loss: 9.4013e-04 - acc: 1.0000
 700/1461 [=============>................] - ETA: 0s - loss: 7.7928e-04 - acc: 1.0000
 920/1461 [=================>............] - ETA: 0s - loss: 7.1222e-04 - acc: 1.0000
1160/1461 [======================>.......] - ETA: 0s - loss: 6.5757e-04 - acc: 1.0000
1380/1461 [===========================>..] - ETA: 0s - loss: 0.0011 - acc: 1.0000    
1461/1461 [==============================] - 0s 240us/step - loss: 0.0011 - acc: 1.0000 - val_loss: 0.0316 - val_acc: 0.9938
Epoch 12/30

  20/1461 [..............................] - ETA: 0s - loss: 2.5469e-04 - acc: 1.0000
 280/1461 [====>.........................] - ETA: 0s - loss: 0.0012 - acc: 1.0000    
 540/1461 [==========>...................] - ETA: 0s - loss: 9.0091e-04 - acc: 1.0000
 800/1461 [===============>..............] - ETA: 0s - loss: 0.0021 - acc: 0.9987    
1040/1461 [====================>.........] - ETA: 0s - loss: 0.0017 - acc: 0.9990
1300/1461 [=========================>....] - ETA: 0s - loss: 0.0015 - acc: 0.9992
1461/1461 [==============================] - 0s 217us/step - loss: 0.0016 - acc: 0.9993 - val_loss: 0.0317 - val_acc: 0.9938
Epoch 13/30

  20/1461 [..............................] - ETA: 0s - loss: 1.5256e-04 - acc: 1.0000
 280/1461 [====>.........................] - ETA: 0s - loss: 3.6584e-04 - acc: 1.0000
 540/1461 [==========>...................] - ETA: 0s - loss: 0.0018 - acc: 1.0000    
 800/1461 [===============>..............] - ETA: 0s - loss: 0.0014 - acc: 1.0000
1040/1461 [====================>.........] - ETA: 0s - loss: 0.0012 - acc: 1.0000
1280/1461 [=========================>....] - ETA: 0s - loss: 0.0013 - acc: 1.0000
1461/1461 [==============================] - 0s 219us/step - loss: 0.0012 - acc: 1.0000 - val_loss: 0.0307 - val_acc: 0.9938
acc: 99.38%
Accuracy: 98.28% (+/- 0.60%)
