Train on 1459 samples, validate on 163 samples
Epoch 1/30

  50/1459 [>.............................] - ETA: 13s - loss: 0.7196 - acc: 0.3400
 950/1459 [==================>...........] - ETA: 0s - loss: 0.6339 - acc: 0.6874 
1459/1459 [==============================] - 1s 428us/step - loss: 0.5866 - acc: 0.7711 - val_loss: 0.4490 - val_acc: 0.9387
Epoch 2/30

  50/1459 [>.............................] - ETA: 0s - loss: 0.4038 - acc: 0.9800
1000/1459 [===================>..........] - ETA: 0s - loss: 0.3461 - acc: 0.9720
1459/1459 [==============================] - 0s 57us/step - loss: 0.3115 - acc: 0.9746 - val_loss: 0.2411 - val_acc: 0.9387
Epoch 3/30

  50/1459 [>.............................] - ETA: 0s - loss: 0.2086 - acc: 0.9800
1000/1459 [===================>..........] - ETA: 0s - loss: 0.1622 - acc: 0.9760
1459/1459 [==============================] - 0s 59us/step - loss: 0.1497 - acc: 0.9767 - val_loss: 0.1560 - val_acc: 0.9509
Epoch 4/30

  50/1459 [>.............................] - ETA: 0s - loss: 0.0908 - acc: 1.0000
1150/1459 [======================>.......] - ETA: 0s - loss: 0.0952 - acc: 0.9800
1459/1459 [==============================] - 0s 53us/step - loss: 0.0955 - acc: 0.9808 - val_loss: 0.1320 - val_acc: 0.9509
Epoch 5/30

  50/1459 [>.............................] - ETA: 0s - loss: 0.0772 - acc: 1.0000
1150/1459 [======================>.......] - ETA: 0s - loss: 0.0731 - acc: 0.9826
1459/1459 [==============================] - 0s 53us/step - loss: 0.0708 - acc: 0.9842 - val_loss: 0.1184 - val_acc: 0.9571
Epoch 6/30

  50/1459 [>.............................] - ETA: 0s - loss: 0.0422 - acc: 1.0000
1100/1459 [=====================>........] - ETA: 0s - loss: 0.0581 - acc: 0.9882
1459/1459 [==============================] - 0s 52us/step - loss: 0.0563 - acc: 0.9890 - val_loss: 0.1110 - val_acc: 0.9632
Epoch 7/30

  50/1459 [>.............................] - ETA: 0s - loss: 0.0601 - acc: 0.9800
1100/1459 [=====================>........] - ETA: 0s - loss: 0.0503 - acc: 0.9918
1459/1459 [==============================] - 0s 51us/step - loss: 0.0463 - acc: 0.9918 - val_loss: 0.1083 - val_acc: 0.9632
Epoch 8/30

  50/1459 [>.............................] - ETA: 0s - loss: 0.0531 - acc: 0.9800
1150/1459 [======================>.......] - ETA: 0s - loss: 0.0417 - acc: 0.9939
1459/1459 [==============================] - 0s 50us/step - loss: 0.0389 - acc: 0.9952 - val_loss: 0.1052 - val_acc: 0.9632
acc: 96.32%
Train on 1459 samples, validate on 163 samples
Epoch 1/30

  50/1459 [>.............................] - ETA: 16s - loss: 0.7013 - acc: 0.5400
1050/1459 [====================>.........] - ETA: 0s - loss: 0.6123 - acc: 0.7438 
1459/1459 [==============================] - 1s 495us/step - loss: 0.5826 - acc: 0.7855 - val_loss: 0.4558 - val_acc: 0.9080
Epoch 2/30

  50/1459 [>.............................] - ETA: 0s - loss: 0.4412 - acc: 0.9400
1150/1459 [======================>.......] - ETA: 0s - loss: 0.3412 - acc: 0.9661
1459/1459 [==============================] - 0s 49us/step - loss: 0.3146 - acc: 0.9698 - val_loss: 0.2476 - val_acc: 0.9571
Epoch 3/30

  50/1459 [>.............................] - ETA: 0s - loss: 0.1494 - acc: 1.0000
1100/1459 [=====================>........] - ETA: 0s - loss: 0.1555 - acc: 0.9764
1459/1459 [==============================] - 0s 53us/step - loss: 0.1479 - acc: 0.9767 - val_loss: 0.1614 - val_acc: 0.9632
Epoch 4/30

  50/1459 [>.............................] - ETA: 0s - loss: 0.1204 - acc: 0.9800
1100/1459 [=====================>........] - ETA: 0s - loss: 0.0929 - acc: 0.9818
1459/1459 [==============================] - 0s 53us/step - loss: 0.0931 - acc: 0.9808 - val_loss: 0.1325 - val_acc: 0.9632
Epoch 5/30

  50/1459 [>.............................] - ETA: 0s - loss: 0.1001 - acc: 0.9800
1050/1459 [====================>.........] - ETA: 0s - loss: 0.0748 - acc: 0.9857
1459/1459 [==============================] - 0s 52us/step - loss: 0.0701 - acc: 0.9883 - val_loss: 0.1205 - val_acc: 0.9632
acc: 96.32%
Train on 1459 samples, validate on 163 samples
Epoch 1/30

  50/1459 [>.............................] - ETA: 18s - loss: 0.6757 - acc: 0.6000
1050/1459 [====================>.........] - ETA: 0s - loss: 0.6199 - acc: 0.6943 
1459/1459 [==============================] - 1s 563us/step - loss: 0.5869 - acc: 0.7587 - val_loss: 0.4588 - val_acc: 0.9080
Epoch 2/30

  50/1459 [>.............................] - ETA: 0s - loss: 0.4275 - acc: 0.9800
 900/1459 [=================>............] - ETA: 0s - loss: 0.3605 - acc: 0.9733
1459/1459 [==============================] - 0s 64us/step - loss: 0.3212 - acc: 0.9692 - val_loss: 0.2332 - val_acc: 0.9509
Epoch 3/30

  50/1459 [>.............................] - ETA: 0s - loss: 0.1968 - acc: 1.0000
 950/1459 [==================>...........] - ETA: 0s - loss: 0.1681 - acc: 0.9768
1459/1459 [==============================] - 0s 61us/step - loss: 0.1574 - acc: 0.9726 - val_loss: 0.1464 - val_acc: 0.9693
Epoch 4/30

  50/1459 [>.............................] - ETA: 0s - loss: 0.1087 - acc: 0.9600
1000/1459 [===================>..........] - ETA: 0s - loss: 0.1073 - acc: 0.9700
1459/1459 [==============================] - 0s 59us/step - loss: 0.0987 - acc: 0.9774 - val_loss: 0.1162 - val_acc: 0.9755
Epoch 5/30

  50/1459 [>.............................] - ETA: 0s - loss: 0.1040 - acc: 0.9600
1000/1459 [===================>..........] - ETA: 0s - loss: 0.0787 - acc: 0.9800
1459/1459 [==============================] - 0s 58us/step - loss: 0.0733 - acc: 0.9822 - val_loss: 0.1009 - val_acc: 0.9755
Epoch 6/30

  50/1459 [>.............................] - ETA: 0s - loss: 0.0579 - acc: 1.0000
 900/1459 [=================>............] - ETA: 0s - loss: 0.0592 - acc: 0.9844
1459/1459 [==============================] - 0s 59us/step - loss: 0.0580 - acc: 0.9863 - val_loss: 0.0936 - val_acc: 0.9755
acc: 97.55%
Train on 1460 samples, validate on 162 samples
Epoch 1/30

  50/1460 [>.............................] - ETA: 21s - loss: 0.7016 - acc: 0.4200
1100/1460 [=====================>........] - ETA: 0s - loss: 0.6298 - acc: 0.7091 
1460/1460 [==============================] - 1s 636us/step - loss: 0.5996 - acc: 0.7658 - val_loss: 0.4524 - val_acc: 0.9506
Epoch 2/30

  50/1460 [>.............................] - ETA: 0s - loss: 0.4495 - acc: 0.9600
 850/1460 [================>.............] - ETA: 0s - loss: 0.3830 - acc: 0.9753
1460/1460 [==============================] - 0s 59us/step - loss: 0.3323 - acc: 0.9726 - val_loss: 0.2200 - val_acc: 0.9691
Epoch 3/30

  50/1460 [>.............................] - ETA: 0s - loss: 0.1991 - acc: 1.0000
 950/1460 [==================>...........] - ETA: 0s - loss: 0.1737 - acc: 0.9726
1460/1460 [==============================] - 0s 59us/step - loss: 0.1609 - acc: 0.9719 - val_loss: 0.1294 - val_acc: 0.9691
Epoch 4/30

  50/1460 [>.............................] - ETA: 0s - loss: 0.1677 - acc: 0.9400
1050/1460 [====================>.........] - ETA: 0s - loss: 0.1101 - acc: 0.9781
1460/1460 [==============================] - 0s 55us/step - loss: 0.1019 - acc: 0.9788 - val_loss: 0.1028 - val_acc: 0.9630
acc: 96.91%
Train on 1460 samples, validate on 162 samples
Epoch 1/30

  50/1460 [>.............................] - ETA: 26s - loss: 0.6791 - acc: 0.6200
1050/1460 [====================>.........] - ETA: 0s - loss: 0.6253 - acc: 0.7162 
1460/1460 [==============================] - 1s 750us/step - loss: 0.5931 - acc: 0.7740 - val_loss: 0.4637 - val_acc: 0.9568
Epoch 2/30

  50/1460 [>.............................] - ETA: 0s - loss: 0.4694 - acc: 0.9000
1050/1460 [====================>.........] - ETA: 0s - loss: 0.3538 - acc: 0.9676
1460/1460 [==============================] - 0s 55us/step - loss: 0.3246 - acc: 0.9664 - val_loss: 0.2219 - val_acc: 0.9815
Epoch 3/30

  50/1460 [>.............................] - ETA: 0s - loss: 0.2236 - acc: 0.9800
1100/1460 [=====================>........] - ETA: 0s - loss: 0.1668 - acc: 0.9727
1460/1460 [==============================] - 0s 51us/step - loss: 0.1580 - acc: 0.9726 - val_loss: 0.1268 - val_acc: 0.9815
Epoch 4/30

  50/1460 [>.............................] - ETA: 0s - loss: 0.1141 - acc: 0.9800
 950/1460 [==================>...........] - ETA: 0s - loss: 0.1049 - acc: 0.9768
1460/1460 [==============================] - 0s 59us/step - loss: 0.1000 - acc: 0.9767 - val_loss: 0.0937 - val_acc: 0.9815
acc: 98.15%
Train on 1460 samples, validate on 162 samples
Epoch 1/30

  50/1460 [>.............................] - ETA: 27s - loss: 0.7118 - acc: 0.4800
1100/1460 [=====================>........] - ETA: 0s - loss: 0.6146 - acc: 0.7682 
1460/1460 [==============================] - 1s 781us/step - loss: 0.5848 - acc: 0.8062 - val_loss: 0.4523 - val_acc: 0.9506
Epoch 2/30

  50/1460 [>.............................] - ETA: 0s - loss: 0.4046 - acc: 0.9800
 900/1460 [=================>............] - ETA: 0s - loss: 0.3663 - acc: 0.9600
1460/1460 [==============================] - 0s 61us/step - loss: 0.3182 - acc: 0.9671 - val_loss: 0.2036 - val_acc: 0.9753
Epoch 3/30

  50/1460 [>.............................] - ETA: 0s - loss: 0.2162 - acc: 0.9600
 900/1460 [=================>............] - ETA: 0s - loss: 0.1619 - acc: 0.9844
1460/1460 [==============================] - 0s 61us/step - loss: 0.1554 - acc: 0.9767 - val_loss: 0.1086 - val_acc: 0.9753
Epoch 4/30

  50/1460 [>.............................] - ETA: 0s - loss: 0.1012 - acc: 0.9800
1000/1460 [===================>..........] - ETA: 0s - loss: 0.1020 - acc: 0.9810
1460/1460 [==============================] - 0s 57us/step - loss: 0.0985 - acc: 0.9795 - val_loss: 0.0798 - val_acc: 0.9753
Epoch 5/30

  50/1460 [>.............................] - ETA: 0s - loss: 0.0695 - acc: 1.0000
1100/1460 [=====================>........] - ETA: 0s - loss: 0.0760 - acc: 0.9809
1460/1460 [==============================] - 0s 53us/step - loss: 0.0739 - acc: 0.9822 - val_loss: 0.0699 - val_acc: 0.9753
acc: 97.53%
Train on 1460 samples, validate on 162 samples
Epoch 1/30

  50/1460 [>.............................] - ETA: 31s - loss: 0.6999 - acc: 0.4000
1100/1460 [=====================>........] - ETA: 0s - loss: 0.6211 - acc: 0.7118 
1460/1460 [==============================] - 1s 888us/step - loss: 0.5915 - acc: 0.7651 - val_loss: 0.4431 - val_acc: 0.9630
Epoch 2/30

  50/1460 [>.............................] - ETA: 0s - loss: 0.4310 - acc: 0.9800
1050/1460 [====================>.........] - ETA: 0s - loss: 0.3531 - acc: 0.9638
1460/1460 [==============================] - 0s 54us/step - loss: 0.3237 - acc: 0.9658 - val_loss: 0.2119 - val_acc: 0.9753
Epoch 3/30

  50/1460 [>.............................] - ETA: 0s - loss: 0.2017 - acc: 1.0000
1050/1460 [====================>.........] - ETA: 0s - loss: 0.1615 - acc: 0.9790
1460/1460 [==============================] - 0s 54us/step - loss: 0.1554 - acc: 0.9760 - val_loss: 0.1195 - val_acc: 0.9753
Epoch 4/30

  50/1460 [>.............................] - ETA: 0s - loss: 0.0945 - acc: 0.9800
1050/1460 [====================>.........] - ETA: 0s - loss: 0.0987 - acc: 0.9838
1460/1460 [==============================] - 0s 52us/step - loss: 0.0975 - acc: 0.9822 - val_loss: 0.0941 - val_acc: 0.9753
acc: 97.53%
Train on 1460 samples, validate on 162 samples
Epoch 1/30

  50/1460 [>.............................] - ETA: 35s - loss: 0.7121 - acc: 0.3600
 950/1460 [==================>...........] - ETA: 0s - loss: 0.6267 - acc: 0.7189 
1460/1460 [==============================] - 1s 1ms/step - loss: 0.5810 - acc: 0.7938 - val_loss: 0.4321 - val_acc: 0.9691
Epoch 2/30

  50/1460 [>.............................] - ETA: 0s - loss: 0.4234 - acc: 0.9800
1000/1460 [===================>..........] - ETA: 0s - loss: 0.3393 - acc: 0.9620
1460/1460 [==============================] - 0s 62us/step - loss: 0.3074 - acc: 0.9637 - val_loss: 0.1973 - val_acc: 0.9815
Epoch 3/30

  50/1460 [>.............................] - ETA: 0s - loss: 0.1827 - acc: 0.9800
 950/1460 [==================>...........] - ETA: 0s - loss: 0.1547 - acc: 0.9811
1460/1460 [==============================] - 0s 65us/step - loss: 0.1503 - acc: 0.9760 - val_loss: 0.1150 - val_acc: 0.9815
Epoch 4/30

  50/1460 [>.............................] - ETA: 0s - loss: 0.0943 - acc: 1.0000
 850/1460 [================>.............] - ETA: 0s - loss: 0.1014 - acc: 0.9776
1460/1460 [==============================] - 0s 67us/step - loss: 0.0975 - acc: 0.9760 - val_loss: 0.0921 - val_acc: 0.9815
acc: 98.15%
Train on 1460 samples, validate on 162 samples
Epoch 1/30

  50/1460 [>.............................] - ETA: 36s - loss: 0.6854 - acc: 0.4800
1150/1460 [======================>.......] - ETA: 0s - loss: 0.6029 - acc: 0.7748 
1460/1460 [==============================] - 2s 1ms/step - loss: 0.5787 - acc: 0.8082 - val_loss: 0.4323 - val_acc: 0.9568
Epoch 2/30

  50/1460 [>.............................] - ETA: 0s - loss: 0.4075 - acc: 0.9800
1050/1460 [====================>.........] - ETA: 0s - loss: 0.3353 - acc: 0.9676
1460/1460 [==============================] - 0s 55us/step - loss: 0.3097 - acc: 0.9658 - val_loss: 0.2066 - val_acc: 0.9630
Epoch 3/30

  50/1460 [>.............................] - ETA: 0s - loss: 0.1869 - acc: 0.9800
1050/1460 [====================>.........] - ETA: 0s - loss: 0.1597 - acc: 0.9762
1460/1460 [==============================] - 0s 53us/step - loss: 0.1515 - acc: 0.9788 - val_loss: 0.1259 - val_acc: 0.9691
Epoch 4/30

  50/1460 [>.............................] - ETA: 0s - loss: 0.1021 - acc: 0.9800
1100/1460 [=====================>........] - ETA: 0s - loss: 0.0993 - acc: 0.9791
1460/1460 [==============================] - 0s 55us/step - loss: 0.0962 - acc: 0.9801 - val_loss: 0.1001 - val_acc: 0.9691
Epoch 5/30

  50/1460 [>.............................] - ETA: 0s - loss: 0.0632 - acc: 1.0000
 900/1460 [=================>............] - ETA: 0s - loss: 0.0751 - acc: 0.9800
1460/1460 [==============================] - 0s 63us/step - loss: 0.0713 - acc: 0.9829 - val_loss: 0.0893 - val_acc: 0.9630
acc: 96.91%
Train on 1461 samples, validate on 161 samples
Epoch 1/30

  50/1461 [>.............................] - ETA: 44s - loss: 0.6859 - acc: 0.5800
 850/1461 [================>.............] - ETA: 1s - loss: 0.6377 - acc: 0.6929 
1461/1461 [==============================] - 2s 1ms/step - loss: 0.5870 - acc: 0.7926 - val_loss: 0.4433 - val_acc: 0.9503
Epoch 2/30

  50/1461 [>.............................] - ETA: 0s - loss: 0.4236 - acc: 0.9600
 850/1461 [================>.............] - ETA: 0s - loss: 0.3627 - acc: 0.9682
1461/1461 [==============================] - 0s 69us/step - loss: 0.3163 - acc: 0.9713 - val_loss: 0.1895 - val_acc: 0.9814
Epoch 3/30

  50/1461 [>.............................] - ETA: 0s - loss: 0.2034 - acc: 0.9600
 750/1461 [==============>...............] - ETA: 0s - loss: 0.1806 - acc: 0.9693
1461/1461 [==============================] - 0s 74us/step - loss: 0.1528 - acc: 0.9740 - val_loss: 0.0990 - val_acc: 0.9876
Epoch 4/30

  50/1461 [>.............................] - ETA: 0s - loss: 0.0696 - acc: 1.0000
 850/1461 [================>.............] - ETA: 0s - loss: 0.1090 - acc: 0.9741
1461/1461 [==============================] - 0s 70us/step - loss: 0.0982 - acc: 0.9781 - val_loss: 0.0701 - val_acc: 0.9876
Epoch 5/30

  50/1461 [>.............................] - ETA: 0s - loss: 0.0692 - acc: 0.9800
 750/1461 [==============>...............] - ETA: 0s - loss: 0.0883 - acc: 0.9733
1300/1461 [=========================>....] - ETA: 0s - loss: 0.0770 - acc: 0.9785
1461/1461 [==============================] - 0s 88us/step - loss: 0.0746 - acc: 0.9795 - val_loss: 0.0579 - val_acc: 0.9876
acc: 98.76%
Accuracy: 97.41% (+/- 0.76%)
