Train on 810 samples, validate on 812 samples
Epoch 1/30

100/810 [==>...........................] - ETA: 5s - loss: 0.6977 - acc: 0.4500
810/810 [==============================] - 1s 1ms/step - loss: 0.4120 - acc: 0.8136 - val_loss: 0.1385 - val_acc: 0.9495
Epoch 2/30

100/810 [==>...........................] - ETA: 0s - loss: 0.1251 - acc: 0.9600
810/810 [==============================] - 0s 76us/step - loss: 0.0639 - acc: 0.9802 - val_loss: 0.1262 - val_acc: 0.9631
Epoch 3/30

100/810 [==>...........................] - ETA: 0s - loss: 0.0292 - acc: 0.9900
810/810 [==============================] - 0s 72us/step - loss: 0.0238 - acc: 0.9926 - val_loss: 0.1308 - val_acc: 0.9569
Epoch 4/30

100/810 [==>...........................] - ETA: 0s - loss: 0.0045 - acc: 1.0000
810/810 [==============================] - 0s 67us/step - loss: 0.0104 - acc: 0.9988 - val_loss: 0.1295 - val_acc: 0.9544
Epoch 5/30

100/810 [==>...........................] - ETA: 0s - loss: 0.0047 - acc: 1.0000
810/810 [==============================] - 0s 73us/step - loss: 0.0081 - acc: 0.9963 - val_loss: 0.1305 - val_acc: 0.9569
Epoch 6/30

100/810 [==>...........................] - ETA: 0s - loss: 0.0011 - acc: 1.0000
810/810 [==============================] - 0s 71us/step - loss: 0.0057 - acc: 0.9988 - val_loss: 0.1317 - val_acc: 0.9594
Epoch 7/30

100/810 [==>...........................] - ETA: 0s - loss: 9.1427e-04 - acc: 1.0000
810/810 [==============================] - 0s 72us/step - loss: 0.0044 - acc: 0.9988 - val_loss: 0.1367 - val_acc: 0.9569
Epoch 8/30

100/810 [==>...........................] - ETA: 0s - loss: 0.0020 - acc: 1.0000
810/810 [==============================] - 0s 70us/step - loss: 0.0040 - acc: 0.9988 - val_loss: 0.1399 - val_acc: 0.9557
Epoch 9/30

100/810 [==>...........................] - ETA: 0s - loss: 0.0043 - acc: 1.0000
810/810 [==============================] - 0s 73us/step - loss: 0.0028 - acc: 0.9988 - val_loss: 0.1414 - val_acc: 0.9544
Epoch 10/30

100/810 [==>...........................] - ETA: 0s - loss: 0.0011 - acc: 1.0000
810/810 [==============================] - 0s 73us/step - loss: 0.0035 - acc: 0.9988 - val_loss: 0.1444 - val_acc: 0.9544
acc: 96.31%
Train on 812 samples, validate on 810 samples
Epoch 1/30

100/812 [==>...........................] - ETA: 6s - loss: 0.6930 - acc: 0.4900
812/812 [==============================] - 1s 1ms/step - loss: 0.3239 - acc: 0.8350 - val_loss: 0.0743 - val_acc: 0.9802
Epoch 2/30

100/812 [==>...........................] - ETA: 0s - loss: 0.0787 - acc: 0.9800
812/812 [==============================] - 0s 45us/step - loss: 0.0591 - acc: 0.9889 - val_loss: 0.0629 - val_acc: 0.9753
Epoch 3/30

100/812 [==>...........................] - ETA: 0s - loss: 0.0096 - acc: 1.0000
812/812 [==============================] - 0s 45us/step - loss: 0.0158 - acc: 0.9975 - val_loss: 0.0713 - val_acc: 0.9778
Epoch 4/30

100/812 [==>...........................] - ETA: 0s - loss: 0.0045 - acc: 1.0000
812/812 [==============================] - 0s 43us/step - loss: 0.0062 - acc: 0.9988 - val_loss: 0.0764 - val_acc: 0.9815
Epoch 5/30

100/812 [==>...........................] - ETA: 0s - loss: 0.0224 - acc: 0.9900
812/812 [==============================] - 0s 44us/step - loss: 0.0048 - acc: 0.9988 - val_loss: 0.0770 - val_acc: 0.9827
Epoch 6/30

100/812 [==>...........................] - ETA: 0s - loss: 8.2207e-04 - acc: 1.0000
812/812 [==============================] - 0s 46us/step - loss: 0.0053 - acc: 0.9988 - val_loss: 0.0792 - val_acc: 0.9827
Epoch 7/30

100/812 [==>...........................] - ETA: 0s - loss: 0.0013 - acc: 1.0000
812/812 [==============================] - 0s 44us/step - loss: 0.0036 - acc: 0.9988 - val_loss: 0.0829 - val_acc: 0.9827
Epoch 8/30

100/812 [==>...........................] - ETA: 0s - loss: 0.0013 - acc: 1.0000
812/812 [==============================] - 0s 47us/step - loss: 0.0022 - acc: 0.9988 - val_loss: 0.0838 - val_acc: 0.9815
Epoch 9/30

100/812 [==>...........................] - ETA: 0s - loss: 0.0066 - acc: 1.0000
812/812 [==============================] - 0s 48us/step - loss: 0.0015 - acc: 1.0000 - val_loss: 0.0833 - val_acc: 0.9802
Epoch 10/30

100/812 [==>...........................] - ETA: 0s - loss: 4.8420e-04 - acc: 1.0000
812/812 [==============================] - 0s 51us/step - loss: 0.0024 - acc: 0.9988 - val_loss: 0.0851 - val_acc: 0.9802
Epoch 11/30

100/812 [==>...........................] - ETA: 0s - loss: 4.6432e-04 - acc: 1.0000
812/812 [==============================] - 0s 45us/step - loss: 0.0012 - acc: 1.0000 - val_loss: 0.0894 - val_acc: 0.9802
Epoch 12/30

100/812 [==>...........................] - ETA: 0s - loss: 4.5556e-04 - acc: 1.0000
812/812 [==============================] - 0s 44us/step - loss: 0.0011 - acc: 1.0000 - val_loss: 0.0893 - val_acc: 0.9802
Epoch 13/30

100/812 [==>...........................] - ETA: 0s - loss: 9.7401e-04 - acc: 1.0000
812/812 [==============================] - 0s 46us/step - loss: 7.1430e-04 - acc: 1.0000 - val_loss: 0.0891 - val_acc: 0.9802
acc: 98.27%
Accuracy: 97.29% (+/- 0.98%)
