Train on 810 samples, validate on 812 samples
Epoch 1/30

 10/810 [..............................] - ETA: 36s - loss: 0.6989 - acc: 0.4000
250/810 [========>.....................] - ETA: 1s - loss: 0.4958 - acc: 0.7360 
470/810 [================>.............] - ETA: 0s - loss: 0.3478 - acc: 0.8383
720/810 [=========================>....] - ETA: 0s - loss: 0.2680 - acc: 0.8806
810/810 [==============================] - 1s 879us/step - loss: 0.2436 - acc: 0.8926 - val_loss: 0.1053 - val_acc: 0.9631
Epoch 2/30

 10/810 [..............................] - ETA: 0s - loss: 0.0261 - acc: 1.0000
280/810 [=========>....................] - ETA: 0s - loss: 0.0421 - acc: 0.9893
550/810 [===================>..........] - ETA: 0s - loss: 0.0473 - acc: 0.9891
800/810 [============================>.] - ETA: 0s - loss: 0.0454 - acc: 0.9862
810/810 [==============================] - 0s 245us/step - loss: 0.0450 - acc: 0.9864 - val_loss: 0.1005 - val_acc: 0.9618
Epoch 3/30

 10/810 [..............................] - ETA: 0s - loss: 0.0266 - acc: 1.0000
260/810 [========>.....................] - ETA: 0s - loss: 0.0218 - acc: 0.9962
520/810 [==================>...........] - ETA: 0s - loss: 0.0150 - acc: 0.9981
770/810 [===========================>..] - ETA: 0s - loss: 0.0184 - acc: 0.9961
810/810 [==============================] - 0s 245us/step - loss: 0.0180 - acc: 0.9963 - val_loss: 0.1157 - val_acc: 0.9557
acc: 96.31%
Train on 812 samples, validate on 810 samples
Epoch 1/30

 10/812 [..............................] - ETA: 41s - loss: 0.6918 - acc: 0.7000
270/812 [========>.....................] - ETA: 1s - loss: 0.5237 - acc: 0.7111 
500/812 [=================>............] - ETA: 0s - loss: 0.3772 - acc: 0.8200
760/812 [===========================>..] - ETA: 0s - loss: 0.2883 - acc: 0.8684
812/812 [==============================] - 1s 958us/step - loss: 0.2778 - acc: 0.8744 - val_loss: 0.0785 - val_acc: 0.9790
Epoch 2/30

 10/812 [..............................] - ETA: 0s - loss: 0.0443 - acc: 1.0000
230/812 [=======>......................] - ETA: 0s - loss: 0.0625 - acc: 0.9826
490/812 [=================>............] - ETA: 0s - loss: 0.0610 - acc: 0.9816
730/812 [=========================>....] - ETA: 0s - loss: 0.0594 - acc: 0.9822
812/812 [==============================] - 0s 257us/step - loss: 0.0603 - acc: 0.9828 - val_loss: 0.0748 - val_acc: 0.9790
Epoch 3/30

 10/812 [..............................] - ETA: 0s - loss: 0.0320 - acc: 1.0000
260/812 [========>.....................] - ETA: 0s - loss: 0.0288 - acc: 0.9962
490/812 [=================>............] - ETA: 0s - loss: 0.0248 - acc: 0.9959
740/812 [==========================>...] - ETA: 0s - loss: 0.0218 - acc: 0.9959
812/812 [==============================] - 0s 254us/step - loss: 0.0214 - acc: 0.9963 - val_loss: 0.0540 - val_acc: 0.9815
Epoch 4/30

 10/812 [..............................] - ETA: 0s - loss: 0.0044 - acc: 1.0000
250/812 [========>.....................] - ETA: 0s - loss: 0.0098 - acc: 1.0000
490/812 [=================>............] - ETA: 0s - loss: 0.0094 - acc: 1.0000
710/812 [=========================>....] - ETA: 0s - loss: 0.0080 - acc: 1.0000
812/812 [==============================] - 0s 256us/step - loss: 0.0076 - acc: 1.0000 - val_loss: 0.0514 - val_acc: 0.9827
Epoch 5/30

 10/812 [..............................] - ETA: 0s - loss: 0.0051 - acc: 1.0000
270/812 [========>.....................] - ETA: 0s - loss: 0.0030 - acc: 1.0000
520/812 [==================>...........] - ETA: 0s - loss: 0.0031 - acc: 1.0000
770/812 [===========================>..] - ETA: 0s - loss: 0.0038 - acc: 1.0000
812/812 [==============================] - 0s 248us/step - loss: 0.0037 - acc: 1.0000 - val_loss: 0.0539 - val_acc: 0.9840
Epoch 6/30

 10/812 [..............................] - ETA: 0s - loss: 0.0031 - acc: 1.0000
270/812 [========>.....................] - ETA: 0s - loss: 0.0031 - acc: 1.0000
520/812 [==================>...........] - ETA: 0s - loss: 0.0029 - acc: 1.0000
770/812 [===========================>..] - ETA: 0s - loss: 0.0027 - acc: 1.0000
812/812 [==============================] - 0s 246us/step - loss: 0.0027 - acc: 1.0000 - val_loss: 0.0566 - val_acc: 0.9827
Epoch 7/30

 10/812 [..............................] - ETA: 0s - loss: 0.0011 - acc: 1.0000
230/812 [=======>......................] - ETA: 0s - loss: 0.0012 - acc: 1.0000
480/812 [================>.............] - ETA: 0s - loss: 0.0016 - acc: 1.0000
740/812 [==========================>...] - ETA: 0s - loss: 0.0016 - acc: 1.0000
812/812 [==============================] - 0s 254us/step - loss: 0.0016 - acc: 1.0000 - val_loss: 0.0576 - val_acc: 0.9827
acc: 98.40%
Accuracy: 97.35% (+/- 1.04%)
