Train on 1459 samples, validate on 163 samples
Epoch 1/30

 100/1459 [=>............................] - ETA: 6s - loss: 0.7002 - acc: 0.5200
1459/1459 [==============================] - 1s 363us/step - loss: 0.6364 - acc: 0.7450 - val_loss: 0.5640 - val_acc: 0.9325
Epoch 2/30

 100/1459 [=>............................] - ETA: 0s - loss: 0.5472 - acc: 0.9100
1459/1459 [==============================] - 0s 29us/step - loss: 0.4778 - acc: 0.9609 - val_loss: 0.4102 - val_acc: 0.9632
Epoch 3/30

 100/1459 [=>............................] - ETA: 0s - loss: 0.4016 - acc: 0.9500
1459/1459 [==============================] - 0s 29us/step - loss: 0.3157 - acc: 0.9740 - val_loss: 0.2724 - val_acc: 0.9571
Epoch 4/30

 100/1459 [=>............................] - ETA: 0s - loss: 0.2171 - acc: 1.0000
1459/1459 [==============================] - 0s 26us/step - loss: 0.1988 - acc: 0.9767 - val_loss: 0.1902 - val_acc: 0.9571
acc: 96.32%
Train on 1459 samples, validate on 163 samples
Epoch 1/30

 100/1459 [=>............................] - ETA: 6s - loss: 0.7031 - acc: 0.4900
1459/1459 [==============================] - 1s 417us/step - loss: 0.6256 - acc: 0.7457 - val_loss: 0.5589 - val_acc: 0.8589
Epoch 2/30

 100/1459 [=>............................] - ETA: 0s - loss: 0.5449 - acc: 0.8800
1459/1459 [==============================] - 0s 27us/step - loss: 0.4619 - acc: 0.9445 - val_loss: 0.4003 - val_acc: 0.9448
Epoch 3/30

 100/1459 [=>............................] - ETA: 0s - loss: 0.3689 - acc: 0.9500
1459/1459 [==============================] - 0s 27us/step - loss: 0.2983 - acc: 0.9685 - val_loss: 0.2651 - val_acc: 0.9571
Epoch 4/30

 100/1459 [=>............................] - ETA: 0s - loss: 0.2177 - acc: 0.9600
1459/1459 [==============================] - 0s 28us/step - loss: 0.1855 - acc: 0.9740 - val_loss: 0.1914 - val_acc: 0.9509
Epoch 5/30

 100/1459 [=>............................] - ETA: 0s - loss: 0.1805 - acc: 0.9600
1459/1459 [==============================] - 0s 30us/step - loss: 0.1264 - acc: 0.9746 - val_loss: 0.1544 - val_acc: 0.9571
Epoch 6/30

 100/1459 [=>............................] - ETA: 0s - loss: 0.1173 - acc: 0.9800
1459/1459 [==============================] - 0s 26us/step - loss: 0.0960 - acc: 0.9788 - val_loss: 0.1358 - val_acc: 0.9571
Epoch 7/30

 100/1459 [=>............................] - ETA: 0s - loss: 0.0825 - acc: 0.9700
1459/1459 [==============================] - 0s 26us/step - loss: 0.0788 - acc: 0.9836 - val_loss: 0.1273 - val_acc: 0.9571
acc: 95.71%
Train on 1459 samples, validate on 163 samples
Epoch 1/30

 100/1459 [=>............................] - ETA: 8s - loss: 0.6963 - acc: 0.5100
1459/1459 [==============================] - 1s 499us/step - loss: 0.6398 - acc: 0.6902 - val_loss: 0.5775 - val_acc: 0.8221
Epoch 2/30

 100/1459 [=>............................] - ETA: 0s - loss: 0.5810 - acc: 0.8100
1459/1459 [==============================] - 0s 32us/step - loss: 0.4882 - acc: 0.9143 - val_loss: 0.4257 - val_acc: 0.9448
Epoch 3/30

 100/1459 [=>............................] - ETA: 0s - loss: 0.3906 - acc: 0.9800
1459/1459 [==============================] - 0s 29us/step - loss: 0.3295 - acc: 0.9650 - val_loss: 0.2786 - val_acc: 0.9693
Epoch 4/30

 100/1459 [=>............................] - ETA: 0s - loss: 0.2288 - acc: 0.9600
1459/1459 [==============================] - 0s 27us/step - loss: 0.2059 - acc: 0.9746 - val_loss: 0.1873 - val_acc: 0.9632
Epoch 5/30

 100/1459 [=>............................] - ETA: 0s - loss: 0.1400 - acc: 1.0000
1459/1459 [==============================] - 0s 27us/step - loss: 0.1383 - acc: 0.9760 - val_loss: 0.1433 - val_acc: 0.9693
acc: 96.93%
Train on 1460 samples, validate on 162 samples
Epoch 1/30

 100/1460 [=>............................] - ETA: 9s - loss: 0.7004 - acc: 0.4500
1460/1460 [==============================] - 1s 560us/step - loss: 0.6352 - acc: 0.7055 - val_loss: 0.5523 - val_acc: 0.8827
Epoch 2/30

 100/1460 [=>............................] - ETA: 0s - loss: 0.5270 - acc: 0.9600
1460/1460 [==============================] - 0s 27us/step - loss: 0.4792 - acc: 0.9493 - val_loss: 0.3888 - val_acc: 0.9630
Epoch 3/30

 100/1460 [=>............................] - ETA: 0s - loss: 0.3868 - acc: 0.9600
1460/1460 [==============================] - 0s 27us/step - loss: 0.3127 - acc: 0.9719 - val_loss: 0.2460 - val_acc: 0.9691
Epoch 4/30

 100/1460 [=>............................] - ETA: 0s - loss: 0.2248 - acc: 0.9700
1460/1460 [==============================] - 0s 27us/step - loss: 0.1951 - acc: 0.9753 - val_loss: 0.1623 - val_acc: 0.9630
Epoch 5/30

 100/1460 [=>............................] - ETA: 0s - loss: 0.1349 - acc: 0.9900
1460/1460 [==============================] - 0s 28us/step - loss: 0.1326 - acc: 0.9801 - val_loss: 0.1228 - val_acc: 0.9691
acc: 96.91%
Train on 1460 samples, validate on 162 samples
Epoch 1/30

 100/1460 [=>............................] - ETA: 10s - loss: 0.7015 - acc: 0.5200
1460/1460 [==============================] - 1s 632us/step - loss: 0.6326 - acc: 0.6993 - val_loss: 0.5474 - val_acc: 0.9012
Epoch 2/30

 100/1460 [=>............................] - ETA: 0s - loss: 0.5351 - acc: 0.9200
1460/1460 [==============================] - 0s 27us/step - loss: 0.4637 - acc: 0.9418 - val_loss: 0.3824 - val_acc: 0.9753
Epoch 3/30

 100/1460 [=>............................] - ETA: 0s - loss: 0.3589 - acc: 0.9700
1460/1460 [==============================] - 0s 27us/step - loss: 0.2971 - acc: 0.9692 - val_loss: 0.2388 - val_acc: 0.9815
Epoch 4/30

 100/1460 [=>............................] - ETA: 0s - loss: 0.2286 - acc: 0.9600
1460/1460 [==============================] - 0s 28us/step - loss: 0.1850 - acc: 0.9719 - val_loss: 0.1547 - val_acc: 0.9877
Epoch 5/30

 100/1460 [=>............................] - ETA: 0s - loss: 0.1408 - acc: 0.9700
1460/1460 [==============================] - 0s 32us/step - loss: 0.1273 - acc: 0.9760 - val_loss: 0.1140 - val_acc: 0.9877
Epoch 6/30

 100/1460 [=>............................] - ETA: 0s - loss: 0.0917 - acc: 0.9900
1460/1460 [==============================] - 0s 29us/step - loss: 0.0974 - acc: 0.9808 - val_loss: 0.0936 - val_acc: 0.9877
acc: 98.77%
Train on 1460 samples, validate on 162 samples
Epoch 1/30

 100/1460 [=>............................] - ETA: 12s - loss: 0.7269 - acc: 0.3600
1460/1460 [==============================] - 1s 729us/step - loss: 0.6452 - acc: 0.6801 - val_loss: 0.5654 - val_acc: 0.8580
Epoch 2/30

 100/1460 [=>............................] - ETA: 0s - loss: 0.5560 - acc: 0.9100
1460/1460 [==============================] - 0s 29us/step - loss: 0.4828 - acc: 0.9370 - val_loss: 0.4040 - val_acc: 0.9568
Epoch 3/30

 100/1460 [=>............................] - ETA: 0s - loss: 0.3820 - acc: 0.9800
1460/1460 [==============================] - 0s 28us/step - loss: 0.3235 - acc: 0.9692 - val_loss: 0.2553 - val_acc: 0.9691
Epoch 4/30

 100/1460 [=>............................] - ETA: 0s - loss: 0.2687 - acc: 0.9600
1460/1460 [==============================] - 0s 29us/step - loss: 0.2057 - acc: 0.9712 - val_loss: 0.1638 - val_acc: 0.9753
Epoch 5/30

 100/1460 [=>............................] - ETA: 0s - loss: 0.2048 - acc: 0.9500
1460/1460 [==============================] - 0s 27us/step - loss: 0.1403 - acc: 0.9726 - val_loss: 0.1171 - val_acc: 0.9753
Epoch 6/30

 100/1460 [=>............................] - ETA: 0s - loss: 0.0789 - acc: 1.0000
1460/1460 [==============================] - 0s 30us/step - loss: 0.1060 - acc: 0.9788 - val_loss: 0.0927 - val_acc: 0.9753
acc: 97.53%
Train on 1460 samples, validate on 162 samples
Epoch 1/30

 100/1460 [=>............................] - ETA: 13s - loss: 0.6948 - acc: 0.5400
1460/1460 [==============================] - 1s 803us/step - loss: 0.6337 - acc: 0.7219 - val_loss: 0.5496 - val_acc: 0.9321
Epoch 2/30

 100/1460 [=>............................] - ETA: 0s - loss: 0.5644 - acc: 0.9000
1460/1460 [==============================] - 0s 29us/step - loss: 0.4774 - acc: 0.9534 - val_loss: 0.3902 - val_acc: 0.9815
Epoch 3/30

 100/1460 [=>............................] - ETA: 0s - loss: 0.3848 - acc: 1.0000
1460/1460 [==============================] - 0s 29us/step - loss: 0.3177 - acc: 0.9733 - val_loss: 0.2468 - val_acc: 0.9630
Epoch 4/30

 100/1460 [=>............................] - ETA: 0s - loss: 0.2407 - acc: 0.9700
1460/1460 [==============================] - 0s 28us/step - loss: 0.2008 - acc: 0.9740 - val_loss: 0.1633 - val_acc: 0.9630
acc: 98.15%
Train on 1460 samples, validate on 162 samples
Epoch 1/30

 100/1460 [=>............................] - ETA: 14s - loss: 0.6926 - acc: 0.5200
1460/1460 [==============================] - 1s 871us/step - loss: 0.6328 - acc: 0.7253 - val_loss: 0.5563 - val_acc: 0.8580
Epoch 2/30

 100/1460 [=>............................] - ETA: 0s - loss: 0.5437 - acc: 0.9100
1460/1460 [==============================] - 0s 29us/step - loss: 0.4773 - acc: 0.9308 - val_loss: 0.3914 - val_acc: 0.9815
Epoch 3/30

 100/1460 [=>............................] - ETA: 0s - loss: 0.3834 - acc: 0.9600
1460/1460 [==============================] - 0s 32us/step - loss: 0.3163 - acc: 0.9719 - val_loss: 0.2438 - val_acc: 0.9691
Epoch 4/30

 100/1460 [=>............................] - ETA: 0s - loss: 0.2213 - acc: 0.9700
1460/1460 [==============================] - 0s 28us/step - loss: 0.1978 - acc: 0.9699 - val_loss: 0.1642 - val_acc: 0.9691
acc: 98.15%
Train on 1460 samples, validate on 162 samples
Epoch 1/30

 100/1460 [=>............................] - ETA: 16s - loss: 0.6928 - acc: 0.4700
1460/1460 [==============================] - 1s 958us/step - loss: 0.6350 - acc: 0.6842 - val_loss: 0.5647 - val_acc: 0.8642
Epoch 2/30

 100/1460 [=>............................] - ETA: 0s - loss: 0.5612 - acc: 0.8800
1460/1460 [==============================] - 0s 34us/step - loss: 0.4844 - acc: 0.9281 - val_loss: 0.4129 - val_acc: 0.9568
Epoch 3/30

 100/1460 [=>............................] - ETA: 0s - loss: 0.3886 - acc: 0.9700
1460/1460 [==============================] - 0s 29us/step - loss: 0.3308 - acc: 0.9699 - val_loss: 0.2672 - val_acc: 0.9568
Epoch 4/30

 100/1460 [=>............................] - ETA: 0s - loss: 0.2685 - acc: 0.9700
1460/1460 [==============================] - 0s 28us/step - loss: 0.2100 - acc: 0.9767 - val_loss: 0.1777 - val_acc: 0.9630
Epoch 5/30

 100/1460 [=>............................] - ETA: 0s - loss: 0.1418 - acc: 0.9900
1460/1460 [==============================] - 0s 28us/step - loss: 0.1425 - acc: 0.9774 - val_loss: 0.1349 - val_acc: 0.9630
Epoch 6/30

 100/1460 [=>............................] - ETA: 0s - loss: 0.1200 - acc: 0.9700
1460/1460 [==============================] - 0s 27us/step - loss: 0.1070 - acc: 0.9801 - val_loss: 0.1140 - val_acc: 0.9630
acc: 96.30%
Train on 1461 samples, validate on 161 samples
Epoch 1/30

 100/1461 [=>............................] - ETA: 18s - loss: 0.7193 - acc: 0.4000
1461/1461 [==============================] - 2s 1ms/step - loss: 0.6296 - acc: 0.7413 - val_loss: 0.5379 - val_acc: 0.9068
Epoch 2/30

 100/1461 [=>............................] - ETA: 0s - loss: 0.5320 - acc: 0.9100
1461/1461 [==============================] - 0s 31us/step - loss: 0.4566 - acc: 0.9514 - val_loss: 0.3589 - val_acc: 0.9876
Epoch 3/30

 100/1461 [=>............................] - ETA: 0s - loss: 0.3704 - acc: 0.9700
1461/1461 [==============================] - 0s 31us/step - loss: 0.2948 - acc: 0.9719 - val_loss: 0.2170 - val_acc: 0.9814
Epoch 4/30

 100/1461 [=>............................] - ETA: 0s - loss: 0.2115 - acc: 0.9800
1461/1461 [==============================] - 0s 31us/step - loss: 0.1884 - acc: 0.9740 - val_loss: 0.1362 - val_acc: 0.9814
acc: 98.76%
Accuracy: 97.35% (+/- 1.03%)
