Train on 1297 samples, validate on 325 samples
Epoch 1/30

  10/1297 [..............................] - ETA: 59s - loss: 0.7463 - acc: 0.4000
 260/1297 [=====>........................] - ETA: 2s - loss: 0.6567 - acc: 0.6615 
 530/1297 [===========>..................] - ETA: 0s - loss: 0.5809 - acc: 0.7830
 790/1297 [=================>............] - ETA: 0s - loss: 0.4985 - acc: 0.8443
1050/1297 [=======================>......] - ETA: 0s - loss: 0.4397 - acc: 0.8686
1280/1297 [============================>.] - ETA: 0s - loss: 0.3919 - acc: 0.8852
1297/1297 [==============================] - 1s 611us/step - loss: 0.3887 - acc: 0.8867 - val_loss: 0.1802 - val_acc: 0.9508
Epoch 2/30

  10/1297 [..............................] - ETA: 0s - loss: 0.2212 - acc: 0.9000
 260/1297 [=====>........................] - ETA: 0s - loss: 0.1047 - acc: 0.9885
 520/1297 [===========>..................] - ETA: 0s - loss: 0.1146 - acc: 0.9712
 780/1297 [=================>............] - ETA: 0s - loss: 0.0999 - acc: 0.9756
1020/1297 [======================>.......] - ETA: 0s - loss: 0.0950 - acc: 0.9765
1280/1297 [============================>.] - ETA: 0s - loss: 0.0926 - acc: 0.9766
1297/1297 [==============================] - 0s 215us/step - loss: 0.0919 - acc: 0.9769 - val_loss: 0.1201 - val_acc: 0.9538
Epoch 3/30

  10/1297 [..............................] - ETA: 0s - loss: 0.1277 - acc: 0.9000
 280/1297 [=====>........................] - ETA: 0s - loss: 0.0547 - acc: 0.9964
 550/1297 [===========>..................] - ETA: 0s - loss: 0.0534 - acc: 0.9945
 790/1297 [=================>............] - ETA: 0s - loss: 0.0457 - acc: 0.9962
1030/1297 [======================>.......] - ETA: 0s - loss: 0.0497 - acc: 0.9932
1250/1297 [===========================>..] - ETA: 0s - loss: 0.0507 - acc: 0.9928
1297/1297 [==============================] - 0s 218us/step - loss: 0.0509 - acc: 0.9931 - val_loss: 0.1049 - val_acc: 0.9508
Epoch 4/30

  10/1297 [..............................] - ETA: 0s - loss: 0.0746 - acc: 1.0000
 260/1297 [=====>........................] - ETA: 0s - loss: 0.0408 - acc: 0.9923
 520/1297 [===========>..................] - ETA: 0s - loss: 0.0351 - acc: 0.9942
 760/1297 [================>.............] - ETA: 0s - loss: 0.0400 - acc: 0.9921
1020/1297 [======================>.......] - ETA: 0s - loss: 0.0366 - acc: 0.9931
1280/1297 [============================>.] - ETA: 0s - loss: 0.0334 - acc: 0.9945
1297/1297 [==============================] - 0s 211us/step - loss: 0.0337 - acc: 0.9946 - val_loss: 0.1009 - val_acc: 0.9538
Epoch 5/30

  10/1297 [..............................] - ETA: 0s - loss: 0.0154 - acc: 1.0000
 260/1297 [=====>........................] - ETA: 0s - loss: 0.0163 - acc: 1.0000
 500/1297 [==========>...................] - ETA: 0s - loss: 0.0211 - acc: 0.9980
 740/1297 [================>.............] - ETA: 0s - loss: 0.0201 - acc: 0.9986
 980/1297 [=====================>........] - ETA: 0s - loss: 0.0249 - acc: 0.9959
1210/1297 [==========================>...] - ETA: 0s - loss: 0.0246 - acc: 0.9959
1297/1297 [==============================] - 0s 226us/step - loss: 0.0238 - acc: 0.9961 - val_loss: 0.0959 - val_acc: 0.9600
Epoch 6/30

  10/1297 [..............................] - ETA: 0s - loss: 0.0041 - acc: 1.0000
 240/1297 [====>.........................] - ETA: 0s - loss: 0.0129 - acc: 1.0000
 490/1297 [==========>...................] - ETA: 0s - loss: 0.0116 - acc: 1.0000
 730/1297 [===============>..............] - ETA: 0s - loss: 0.0131 - acc: 0.9986
 970/1297 [=====================>........] - ETA: 0s - loss: 0.0140 - acc: 0.9990
1210/1297 [==========================>...] - ETA: 0s - loss: 0.0165 - acc: 0.9975
1297/1297 [==============================] - 0s 224us/step - loss: 0.0164 - acc: 0.9977 - val_loss: 0.0999 - val_acc: 0.9477
Epoch 7/30

  10/1297 [..............................] - ETA: 0s - loss: 0.0256 - acc: 1.0000
 250/1297 [====>.........................] - ETA: 0s - loss: 0.0099 - acc: 1.0000
 490/1297 [==========>...................] - ETA: 0s - loss: 0.0090 - acc: 1.0000
 730/1297 [===============>..............] - ETA: 0s - loss: 0.0103 - acc: 0.9986
 990/1297 [=====================>........] - ETA: 0s - loss: 0.0114 - acc: 0.9980
1240/1297 [===========================>..] - ETA: 0s - loss: 0.0119 - acc: 0.9984
1297/1297 [==============================] - 0s 219us/step - loss: 0.0119 - acc: 0.9985 - val_loss: 0.0975 - val_acc: 0.9569
Epoch 8/30

  10/1297 [..............................] - ETA: 0s - loss: 0.0168 - acc: 1.0000
 270/1297 [=====>........................] - ETA: 0s - loss: 0.0139 - acc: 0.9963
 520/1297 [===========>..................] - ETA: 0s - loss: 0.0104 - acc: 0.9981
 780/1297 [=================>............] - ETA: 0s - loss: 0.0090 - acc: 0.9987
1040/1297 [=======================>......] - ETA: 0s - loss: 0.0096 - acc: 0.9981
1290/1297 [============================>.] - ETA: 0s - loss: 0.0093 - acc: 0.9984
1297/1297 [==============================] - 0s 210us/step - loss: 0.0093 - acc: 0.9985 - val_loss: 0.0947 - val_acc: 0.9600
Epoch 9/30

  10/1297 [..............................] - ETA: 0s - loss: 0.0106 - acc: 1.0000
 270/1297 [=====>........................] - ETA: 0s - loss: 0.0097 - acc: 1.0000
 530/1297 [===========>..................] - ETA: 0s - loss: 0.0078 - acc: 1.0000
 760/1297 [================>.............] - ETA: 0s - loss: 0.0077 - acc: 1.0000
1000/1297 [======================>.......] - ETA: 0s - loss: 0.0068 - acc: 1.0000
1240/1297 [===========================>..] - ETA: 0s - loss: 0.0068 - acc: 1.0000
1297/1297 [==============================] - 0s 220us/step - loss: 0.0067 - acc: 1.0000 - val_loss: 0.0982 - val_acc: 0.9569
Epoch 10/30

  10/1297 [..............................] - ETA: 0s - loss: 0.0026 - acc: 1.0000
 270/1297 [=====>........................] - ETA: 0s - loss: 0.0046 - acc: 1.0000
 530/1297 [===========>..................] - ETA: 0s - loss: 0.0054 - acc: 1.0000
 780/1297 [=================>............] - ETA: 0s - loss: 0.0048 - acc: 1.0000
1010/1297 [======================>.......] - ETA: 0s - loss: 0.0053 - acc: 1.0000
1240/1297 [===========================>..] - ETA: 0s - loss: 0.0052 - acc: 1.0000
1297/1297 [==============================] - 0s 222us/step - loss: 0.0052 - acc: 1.0000 - val_loss: 0.1026 - val_acc: 0.9538
Epoch 11/30

  10/1297 [..............................] - ETA: 0s - loss: 0.0053 - acc: 1.0000
 240/1297 [====>.........................] - ETA: 0s - loss: 0.0043 - acc: 1.0000
 480/1297 [==========>...................] - ETA: 0s - loss: 0.0053 - acc: 1.0000
 700/1297 [===============>..............] - ETA: 0s - loss: 0.0048 - acc: 1.0000
 940/1297 [====================>.........] - ETA: 0s - loss: 0.0046 - acc: 1.0000
1180/1297 [==========================>...] - ETA: 0s - loss: 0.0045 - acc: 1.0000
1297/1297 [==============================] - 0s 231us/step - loss: 0.0043 - acc: 1.0000 - val_loss: 0.1005 - val_acc: 0.9600
Epoch 12/30

  10/1297 [..............................] - ETA: 0s - loss: 0.0089 - acc: 1.0000
 240/1297 [====>.........................] - ETA: 0s - loss: 0.0032 - acc: 1.0000
 480/1297 [==========>...................] - ETA: 0s - loss: 0.0039 - acc: 1.0000
 730/1297 [===============>..............] - ETA: 0s - loss: 0.0035 - acc: 1.0000
 990/1297 [=====================>........] - ETA: 0s - loss: 0.0035 - acc: 1.0000
1250/1297 [===========================>..] - ETA: 0s - loss: 0.0033 - acc: 1.0000
1297/1297 [==============================] - 0s 218us/step - loss: 0.0033 - acc: 1.0000 - val_loss: 0.0995 - val_acc: 0.9600
Epoch 13/30

  10/1297 [..............................] - ETA: 0s - loss: 0.0027 - acc: 1.0000
 250/1297 [====>.........................] - ETA: 0s - loss: 0.0026 - acc: 1.0000
 510/1297 [==========>...................] - ETA: 0s - loss: 0.0032 - acc: 1.0000
 770/1297 [================>.............] - ETA: 0s - loss: 0.0033 - acc: 1.0000
1020/1297 [======================>.......] - ETA: 0s - loss: 0.0030 - acc: 1.0000
1280/1297 [============================>.] - ETA: 0s - loss: 0.0027 - acc: 1.0000
1297/1297 [==============================] - 0s 210us/step - loss: 0.0027 - acc: 1.0000 - val_loss: 0.0989 - val_acc: 0.9600
Epoch 14/30

  10/1297 [..............................] - ETA: 0s - loss: 0.0042 - acc: 1.0000
 260/1297 [=====>........................] - ETA: 0s - loss: 0.0020 - acc: 1.0000
 520/1297 [===========>..................] - ETA: 0s - loss: 0.0020 - acc: 1.0000
 760/1297 [================>.............] - ETA: 0s - loss: 0.0021 - acc: 1.0000
1020/1297 [======================>.......] - ETA: 0s - loss: 0.0020 - acc: 1.0000
1270/1297 [============================>.] - ETA: 0s - loss: 0.0023 - acc: 1.0000
1297/1297 [==============================] - 0s 213us/step - loss: 0.0023 - acc: 1.0000 - val_loss: 0.1005 - val_acc: 0.9600
Epoch 15/30

  10/1297 [..............................] - ETA: 0s - loss: 0.0012 - acc: 1.0000
 270/1297 [=====>........................] - ETA: 0s - loss: 0.0015 - acc: 1.0000
 530/1297 [===========>..................] - ETA: 0s - loss: 0.0016 - acc: 1.0000
 790/1297 [=================>............] - ETA: 0s - loss: 0.0017 - acc: 1.0000
1050/1297 [=======================>......] - ETA: 0s - loss: 0.0017 - acc: 1.0000
1297/1297 [==============================] - 0s 209us/step - loss: 0.0019 - acc: 1.0000 - val_loss: 0.1008 - val_acc: 0.9600
Epoch 16/30

  10/1297 [..............................] - ETA: 0s - loss: 0.0027 - acc: 1.0000
 270/1297 [=====>........................] - ETA: 0s - loss: 0.0018 - acc: 1.0000
 520/1297 [===========>..................] - ETA: 0s - loss: 0.0016 - acc: 1.0000
 780/1297 [=================>............] - ETA: 0s - loss: 0.0016 - acc: 1.0000
1030/1297 [======================>.......] - ETA: 0s - loss: 0.0017 - acc: 1.0000
1280/1297 [============================>.] - ETA: 0s - loss: 0.0017 - acc: 1.0000
1297/1297 [==============================] - 0s 211us/step - loss: 0.0016 - acc: 1.0000 - val_loss: 0.1010 - val_acc: 0.9600
Epoch 17/30

  10/1297 [..............................] - ETA: 0s - loss: 0.0012 - acc: 1.0000
 220/1297 [====>.........................] - ETA: 0s - loss: 0.0013 - acc: 1.0000
 440/1297 [=========>....................] - ETA: 0s - loss: 0.0014 - acc: 1.0000
 670/1297 [==============>...............] - ETA: 0s - loss: 0.0015 - acc: 1.0000
 900/1297 [===================>..........] - ETA: 0s - loss: 0.0015 - acc: 1.0000
1110/1297 [========================>.....] - ETA: 0s - loss: 0.0015 - acc: 1.0000
1297/1297 [==============================] - 0s 248us/step - loss: 0.0014 - acc: 1.0000 - val_loss: 0.1025 - val_acc: 0.9600
Epoch 18/30

  10/1297 [..............................] - ETA: 0s - loss: 4.8312e-04 - acc: 1.0000
 240/1297 [====>.........................] - ETA: 0s - loss: 0.0016 - acc: 1.0000    
 470/1297 [=========>....................] - ETA: 0s - loss: 0.0014 - acc: 1.0000
 700/1297 [===============>..............] - ETA: 0s - loss: 0.0014 - acc: 1.0000
 930/1297 [====================>.........] - ETA: 0s - loss: 0.0013 - acc: 1.0000
1170/1297 [==========================>...] - ETA: 0s - loss: 0.0013 - acc: 1.0000
1297/1297 [==============================] - 0s 230us/step - loss: 0.0013 - acc: 1.0000 - val_loss: 0.1010 - val_acc: 0.9631
Epoch 19/30

  10/1297 [..............................] - ETA: 0s - loss: 0.0019 - acc: 1.0000
 240/1297 [====>.........................] - ETA: 0s - loss: 7.7771e-04 - acc: 1.0000
 440/1297 [=========>....................] - ETA: 0s - loss: 8.9965e-04 - acc: 1.0000
 680/1297 [==============>...............] - ETA: 0s - loss: 0.0011 - acc: 1.0000    
 910/1297 [====================>.........] - ETA: 0s - loss: 0.0011 - acc: 1.0000
1140/1297 [=========================>....] - ETA: 0s - loss: 0.0012 - acc: 1.0000
1297/1297 [==============================] - 0s 236us/step - loss: 0.0011 - acc: 1.0000 - val_loss: 0.1013 - val_acc: 0.9662
Epoch 20/30

  10/1297 [..............................] - ETA: 0s - loss: 2.0790e-04 - acc: 1.0000
 240/1297 [====>.........................] - ETA: 0s - loss: 7.5617e-04 - acc: 1.0000
 450/1297 [=========>....................] - ETA: 0s - loss: 7.6311e-04 - acc: 1.0000
 680/1297 [==============>...............] - ETA: 0s - loss: 8.3163e-04 - acc: 1.0000
 910/1297 [====================>.........] - ETA: 0s - loss: 9.2872e-04 - acc: 1.0000
1150/1297 [=========================>....] - ETA: 0s - loss: 9.5307e-04 - acc: 1.0000
1297/1297 [==============================] - 0s 234us/step - loss: 9.8280e-04 - acc: 1.0000 - val_loss: 0.1037 - val_acc: 0.9631
Epoch 21/30

  10/1297 [..............................] - ETA: 0s - loss: 1.9652e-04 - acc: 1.0000
 250/1297 [====>.........................] - ETA: 0s - loss: 7.9109e-04 - acc: 1.0000
 430/1297 [========>.....................] - ETA: 0s - loss: 7.3510e-04 - acc: 1.0000
 660/1297 [==============>...............] - ETA: 0s - loss: 7.7160e-04 - acc: 1.0000
 890/1297 [===================>..........] - ETA: 0s - loss: 7.2318e-04 - acc: 1.0000
1130/1297 [=========================>....] - ETA: 0s - loss: 8.9431e-04 - acc: 1.0000
1297/1297 [==============================] - 0s 240us/step - loss: 8.7147e-04 - acc: 1.0000 - val_loss: 0.1014 - val_acc: 0.9662
Epoch 22/30

  10/1297 [..............................] - ETA: 0s - loss: 2.2920e-04 - acc: 1.0000
 250/1297 [====>.........................] - ETA: 0s - loss: 7.4177e-04 - acc: 1.0000
 480/1297 [==========>...................] - ETA: 0s - loss: 7.2833e-04 - acc: 1.0000
 720/1297 [===============>..............] - ETA: 0s - loss: 7.1268e-04 - acc: 1.0000
 960/1297 [=====================>........] - ETA: 0s - loss: 8.1164e-04 - acc: 1.0000
1200/1297 [==========================>...] - ETA: 0s - loss: 7.7962e-04 - acc: 1.0000
1297/1297 [==============================] - 0s 227us/step - loss: 7.7553e-04 - acc: 1.0000 - val_loss: 0.1037 - val_acc: 0.9631
Epoch 23/30

  10/1297 [..............................] - ETA: 0s - loss: 6.9479e-04 - acc: 1.0000
 250/1297 [====>.........................] - ETA: 0s - loss: 7.6390e-04 - acc: 1.0000
 480/1297 [==========>...................] - ETA: 0s - loss: 6.7533e-04 - acc: 1.0000
 700/1297 [===============>..............] - ETA: 0s - loss: 7.2749e-04 - acc: 1.0000
 920/1297 [====================>.........] - ETA: 0s - loss: 6.8623e-04 - acc: 1.0000
1150/1297 [=========================>....] - ETA: 0s - loss: 6.9279e-04 - acc: 1.0000
1297/1297 [==============================] - 0s 236us/step - loss: 6.9244e-04 - acc: 1.0000 - val_loss: 0.1039 - val_acc: 0.9662
Epoch 24/30

  10/1297 [..............................] - ETA: 0s - loss: 9.8098e-04 - acc: 1.0000
 200/1297 [===>..........................] - ETA: 0s - loss: 6.1772e-04 - acc: 1.0000
 400/1297 [========>.....................] - ETA: 0s - loss: 6.5378e-04 - acc: 1.0000
 600/1297 [============>.................] - ETA: 0s - loss: 6.6224e-04 - acc: 1.0000
 800/1297 [=================>............] - ETA: 0s - loss: 6.3185e-04 - acc: 1.0000
1000/1297 [======================>.......] - ETA: 0s - loss: 6.6552e-04 - acc: 1.0000
1210/1297 [==========================>...] - ETA: 0s - loss: 6.3438e-04 - acc: 1.0000
1297/1297 [==============================] - 0s 267us/step - loss: 6.2300e-04 - acc: 1.0000 - val_loss: 0.1050 - val_acc: 0.9662
Epoch 25/30

  10/1297 [..............................] - ETA: 0s - loss: 0.0011 - acc: 1.0000
 230/1297 [====>.........................] - ETA: 0s - loss: 6.3500e-04 - acc: 1.0000
 460/1297 [=========>....................] - ETA: 0s - loss: 6.6164e-04 - acc: 1.0000
 690/1297 [==============>...............] - ETA: 0s - loss: 6.0109e-04 - acc: 1.0000
 930/1297 [====================>.........] - ETA: 0s - loss: 5.5011e-04 - acc: 1.0000
1150/1297 [=========================>....] - ETA: 0s - loss: 5.5687e-04 - acc: 1.0000
1297/1297 [==============================] - 0s 235us/step - loss: 5.5986e-04 - acc: 1.0000 - val_loss: 0.1054 - val_acc: 0.9662
Epoch 26/30

  10/1297 [..............................] - ETA: 0s - loss: 2.2341e-04 - acc: 1.0000
 250/1297 [====>.........................] - ETA: 0s - loss: 4.9753e-04 - acc: 1.0000
 490/1297 [==========>...................] - ETA: 0s - loss: 4.4953e-04 - acc: 1.0000
 730/1297 [===============>..............] - ETA: 0s - loss: 4.5715e-04 - acc: 1.0000
 940/1297 [====================>.........] - ETA: 0s - loss: 4.5986e-04 - acc: 1.0000
1160/1297 [=========================>....] - ETA: 0s - loss: 4.5532e-04 - acc: 1.0000
1297/1297 [==============================] - 0s 236us/step - loss: 5.0943e-04 - acc: 1.0000 - val_loss: 0.1043 - val_acc: 0.9662
Epoch 27/30

  10/1297 [..............................] - ETA: 0s - loss: 2.2321e-04 - acc: 1.0000
 240/1297 [====>.........................] - ETA: 0s - loss: 3.1634e-04 - acc: 1.0000
 460/1297 [=========>....................] - ETA: 0s - loss: 3.6384e-04 - acc: 1.0000
 650/1297 [==============>...............] - ETA: 0s - loss: 3.9215e-04 - acc: 1.0000
 880/1297 [===================>..........] - ETA: 0s - loss: 3.9434e-04 - acc: 1.0000
1110/1297 [========================>.....] - ETA: 0s - loss: 4.1179e-04 - acc: 1.0000
1297/1297 [==============================] - 0s 246us/step - loss: 4.6075e-04 - acc: 1.0000 - val_loss: 0.1058 - val_acc: 0.9662
Epoch 28/30

  10/1297 [..............................] - ETA: 0s - loss: 4.5782e-04 - acc: 1.0000
 230/1297 [====>.........................] - ETA: 0s - loss: 3.7888e-04 - acc: 1.0000
 410/1297 [========>.....................] - ETA: 0s - loss: 3.8633e-04 - acc: 1.0000
 630/1297 [=============>................] - ETA: 0s - loss: 3.6335e-04 - acc: 1.0000
 860/1297 [==================>...........] - ETA: 0s - loss: 3.9613e-04 - acc: 1.0000
1070/1297 [=======================>......] - ETA: 0s - loss: 3.9692e-04 - acc: 1.0000
1220/1297 [===========================>..] - ETA: 0s - loss: 4.1456e-04 - acc: 1.0000
1297/1297 [==============================] - 0s 268us/step - loss: 4.1754e-04 - acc: 1.0000 - val_loss: 0.1064 - val_acc: 0.9662
Epoch 29/30

  10/1297 [..............................] - ETA: 0s - loss: 1.9222e-04 - acc: 1.0000
 190/1297 [===>..........................] - ETA: 0s - loss: 3.1453e-04 - acc: 1.0000
 440/1297 [=========>....................] - ETA: 0s - loss: 4.0763e-04 - acc: 1.0000
 680/1297 [==============>...............] - ETA: 0s - loss: 3.8022e-04 - acc: 1.0000
 930/1297 [====================>.........] - ETA: 0s - loss: 3.8229e-04 - acc: 1.0000
1010/1297 [======================>.......] - ETA: 0s - loss: 3.7486e-04 - acc: 1.0000
1220/1297 [===========================>..] - ETA: 0s - loss: 3.8650e-04 - acc: 1.0000
1297/1297 [==============================] - 0s 267us/step - loss: 3.7817e-04 - acc: 1.0000 - val_loss: 0.1068 - val_acc: 0.9662
Epoch 30/30

  10/1297 [..............................] - ETA: 0s - loss: 1.1414e-04 - acc: 1.0000
 120/1297 [=>............................] - ETA: 0s - loss: 3.9203e-04 - acc: 1.0000
 300/1297 [=====>........................] - ETA: 0s - loss: 2.9367e-04 - acc: 1.0000
 430/1297 [========>.....................] - ETA: 0s - loss: 3.3423e-04 - acc: 1.0000
 570/1297 [============>.................] - ETA: 0s - loss: 3.5304e-04 - acc: 1.0000
 790/1297 [=================>............] - ETA: 0s - loss: 3.6737e-04 - acc: 1.0000
1050/1297 [=======================>......] - ETA: 0s - loss: 3.6045e-04 - acc: 1.0000
1297/1297 [==============================] - 0s 293us/step - loss: 3.4482e-04 - acc: 1.0000 - val_loss: 0.1074 - val_acc: 0.9662
acc: 96.62%
Train on 1297 samples, validate on 325 samples
Epoch 1/30

  10/1297 [..............................] - ETA: 1:06 - loss: 0.6555 - acc: 0.8000
 230/1297 [====>.........................] - ETA: 2s - loss: 0.6545 - acc: 0.6217  
 450/1297 [=========>....................] - ETA: 1s - loss: 0.6116 - acc: 0.6978
 690/1297 [==============>...............] - ETA: 0s - loss: 0.5481 - acc: 0.7725
 920/1297 [====================>.........] - ETA: 0s - loss: 0.4875 - acc: 0.8239
1170/1297 [==========================>...] - ETA: 0s - loss: 0.4324 - acc: 0.8556
1297/1297 [==============================] - 1s 683us/step - loss: 0.4062 - acc: 0.8666 - val_loss: 0.1643 - val_acc: 0.9723
Epoch 2/30

  10/1297 [..............................] - ETA: 0s - loss: 0.1850 - acc: 0.9000
 260/1297 [=====>........................] - ETA: 0s - loss: 0.1252 - acc: 0.9846
 520/1297 [===========>..................] - ETA: 0s - loss: 0.1082 - acc: 0.9885
 770/1297 [================>.............] - ETA: 0s - loss: 0.1076 - acc: 0.9805
1000/1297 [======================>.......] - ETA: 0s - loss: 0.1043 - acc: 0.9790
1260/1297 [============================>.] - ETA: 0s - loss: 0.0982 - acc: 0.9810
1297/1297 [==============================] - 0s 216us/step - loss: 0.0971 - acc: 0.9807 - val_loss: 0.0959 - val_acc: 0.9692
Epoch 3/30

  10/1297 [..............................] - ETA: 0s - loss: 0.0390 - acc: 1.0000
 260/1297 [=====>........................] - ETA: 0s - loss: 0.0753 - acc: 0.9769
 530/1297 [===========>..................] - ETA: 0s - loss: 0.0704 - acc: 0.9792
 740/1297 [================>.............] - ETA: 0s - loss: 0.0651 - acc: 0.9824
 970/1297 [=====================>........] - ETA: 0s - loss: 0.0599 - acc: 0.9835
1200/1297 [==========================>...] - ETA: 0s - loss: 0.0554 - acc: 0.9850
1297/1297 [==============================] - 0s 228us/step - loss: 0.0546 - acc: 0.9854 - val_loss: 0.0823 - val_acc: 0.9723
Epoch 4/30

  10/1297 [..............................] - ETA: 0s - loss: 0.0138 - acc: 1.0000
 250/1297 [====>.........................] - ETA: 0s - loss: 0.0322 - acc: 0.9920
 470/1297 [=========>....................] - ETA: 0s - loss: 0.0301 - acc: 0.9957
 710/1297 [===============>..............] - ETA: 0s - loss: 0.0310 - acc: 0.9944
 950/1297 [====================>.........] - ETA: 0s - loss: 0.0333 - acc: 0.9937
1190/1297 [==========================>...] - ETA: 0s - loss: 0.0358 - acc: 0.9924
1297/1297 [==============================] - 0s 229us/step - loss: 0.0346 - acc: 0.9923 - val_loss: 0.0757 - val_acc: 0.9754
Epoch 5/30

  10/1297 [..............................] - ETA: 0s - loss: 0.0084 - acc: 1.0000
 210/1297 [===>..........................] - ETA: 0s - loss: 0.0178 - acc: 1.0000
 440/1297 [=========>....................] - ETA: 0s - loss: 0.0177 - acc: 1.0000
 680/1297 [==============>...............] - ETA: 0s - loss: 0.0188 - acc: 0.9985
 910/1297 [====================>.........] - ETA: 0s - loss: 0.0236 - acc: 0.9967
1140/1297 [=========================>....] - ETA: 0s - loss: 0.0240 - acc: 0.9965
1297/1297 [==============================] - 0s 242us/step - loss: 0.0232 - acc: 0.9969 - val_loss: 0.0754 - val_acc: 0.9723
Epoch 6/30

  10/1297 [..............................] - ETA: 0s - loss: 0.0449 - acc: 1.0000
 250/1297 [====>.........................] - ETA: 0s - loss: 0.0166 - acc: 1.0000
 490/1297 [==========>...................] - ETA: 0s - loss: 0.0156 - acc: 1.0000
 730/1297 [===============>..............] - ETA: 0s - loss: 0.0141 - acc: 1.0000
 970/1297 [=====================>........] - ETA: 0s - loss: 0.0155 - acc: 0.9990
1170/1297 [==========================>...] - ETA: 0s - loss: 0.0159 - acc: 0.9991
1297/1297 [==============================] - 0s 237us/step - loss: 0.0159 - acc: 0.9992 - val_loss: 0.0750 - val_acc: 0.9754
Epoch 7/30

  10/1297 [..............................] - ETA: 0s - loss: 0.0034 - acc: 1.0000
 270/1297 [=====>........................] - ETA: 0s - loss: 0.0077 - acc: 1.0000
 530/1297 [===========>..................] - ETA: 0s - loss: 0.0085 - acc: 1.0000
 790/1297 [=================>............] - ETA: 0s - loss: 0.0114 - acc: 0.9987
1030/1297 [======================>.......] - ETA: 0s - loss: 0.0121 - acc: 0.9981
1290/1297 [============================>.] - ETA: 0s - loss: 0.0123 - acc: 0.9984
1297/1297 [==============================] - 0s 208us/step - loss: 0.0123 - acc: 0.9985 - val_loss: 0.0751 - val_acc: 0.9785
Epoch 8/30

  10/1297 [..............................] - ETA: 0s - loss: 0.0022 - acc: 1.0000
 270/1297 [=====>........................] - ETA: 0s - loss: 0.0052 - acc: 1.0000
 530/1297 [===========>..................] - ETA: 0s - loss: 0.0069 - acc: 1.0000
 760/1297 [================>.............] - ETA: 0s - loss: 0.0071 - acc: 1.0000
 960/1297 [=====================>........] - ETA: 0s - loss: 0.0074 - acc: 1.0000
1210/1297 [==========================>...] - ETA: 0s - loss: 0.0086 - acc: 0.9983
1297/1297 [==============================] - 0s 223us/step - loss: 0.0086 - acc: 0.9985 - val_loss: 0.0749 - val_acc: 0.9785
Epoch 9/30

  10/1297 [..............................] - ETA: 0s - loss: 0.0025 - acc: 1.0000
 260/1297 [=====>........................] - ETA: 0s - loss: 0.0066 - acc: 1.0000
 510/1297 [==========>...................] - ETA: 0s - loss: 0.0065 - acc: 1.0000
 750/1297 [================>.............] - ETA: 0s - loss: 0.0069 - acc: 1.0000
1010/1297 [======================>.......] - ETA: 0s - loss: 0.0066 - acc: 1.0000
1270/1297 [============================>.] - ETA: 0s - loss: 0.0071 - acc: 0.9992
1297/1297 [==============================] - 0s 213us/step - loss: 0.0071 - acc: 0.9992 - val_loss: 0.0752 - val_acc: 0.9754
Epoch 10/30

  10/1297 [..............................] - ETA: 0s - loss: 0.0017 - acc: 1.0000
 280/1297 [=====>........................] - ETA: 0s - loss: 0.0044 - acc: 1.0000
 500/1297 [==========>...................] - ETA: 0s - loss: 0.0045 - acc: 1.0000
 750/1297 [================>.............] - ETA: 0s - loss: 0.0047 - acc: 1.0000
 990/1297 [=====================>........] - ETA: 0s - loss: 0.0048 - acc: 1.0000
1240/1297 [===========================>..] - ETA: 0s - loss: 0.0055 - acc: 1.0000
1297/1297 [==============================] - 0s 221us/step - loss: 0.0054 - acc: 1.0000 - val_loss: 0.0763 - val_acc: 0.9785
Epoch 11/30

  10/1297 [..............................] - ETA: 0s - loss: 7.2014e-04 - acc: 1.0000
 230/1297 [====>.........................] - ETA: 0s - loss: 0.0063 - acc: 1.0000    
 470/1297 [=========>....................] - ETA: 0s - loss: 0.0050 - acc: 1.0000
 720/1297 [===============>..............] - ETA: 0s - loss: 0.0046 - acc: 1.0000
 960/1297 [=====================>........] - ETA: 0s - loss: 0.0046 - acc: 1.0000
1200/1297 [==========================>...] - ETA: 0s - loss: 0.0046 - acc: 1.0000
1297/1297 [==============================] - 0s 226us/step - loss: 0.0046 - acc: 1.0000 - val_loss: 0.0758 - val_acc: 0.9754
Epoch 12/30

  10/1297 [..............................] - ETA: 0s - loss: 0.0025 - acc: 1.0000
 240/1297 [====>.........................] - ETA: 0s - loss: 0.0037 - acc: 1.0000
 490/1297 [==========>...................] - ETA: 0s - loss: 0.0034 - acc: 1.0000
 750/1297 [================>.............] - ETA: 0s - loss: 0.0037 - acc: 1.0000
1010/1297 [======================>.......] - ETA: 0s - loss: 0.0034 - acc: 1.0000
1250/1297 [===========================>..] - ETA: 0s - loss: 0.0034 - acc: 1.0000
1297/1297 [==============================] - 0s 218us/step - loss: 0.0033 - acc: 1.0000 - val_loss: 0.0773 - val_acc: 0.9723
Epoch 13/30

  10/1297 [..............................] - ETA: 0s - loss: 0.0047 - acc: 1.0000
 250/1297 [====>.........................] - ETA: 0s - loss: 0.0024 - acc: 1.0000
 490/1297 [==========>...................] - ETA: 0s - loss: 0.0025 - acc: 1.0000
 730/1297 [===============>..............] - ETA: 0s - loss: 0.0023 - acc: 1.0000
 940/1297 [====================>.........] - ETA: 0s - loss: 0.0029 - acc: 1.0000
1150/1297 [=========================>....] - ETA: 0s - loss: 0.0029 - acc: 1.0000
1297/1297 [==============================] - 0s 234us/step - loss: 0.0028 - acc: 1.0000 - val_loss: 0.0768 - val_acc: 0.9754
Epoch 14/30

  10/1297 [..............................] - ETA: 0s - loss: 0.0046 - acc: 1.0000
 260/1297 [=====>........................] - ETA: 0s - loss: 0.0028 - acc: 1.0000
 510/1297 [==========>...................] - ETA: 0s - loss: 0.0026 - acc: 1.0000
 760/1297 [================>.............] - ETA: 0s - loss: 0.0022 - acc: 1.0000
 980/1297 [=====================>........] - ETA: 0s - loss: 0.0025 - acc: 1.0000
1230/1297 [===========================>..] - ETA: 0s - loss: 0.0024 - acc: 1.0000
1297/1297 [==============================] - 0s 221us/step - loss: 0.0023 - acc: 1.0000 - val_loss: 0.0771 - val_acc: 0.9754
Epoch 15/30

  10/1297 [..............................] - ETA: 0s - loss: 0.0024 - acc: 1.0000
 270/1297 [=====>........................] - ETA: 0s - loss: 0.0025 - acc: 1.0000
 530/1297 [===========>..................] - ETA: 0s - loss: 0.0021 - acc: 1.0000
 750/1297 [================>.............] - ETA: 0s - loss: 0.0020 - acc: 1.0000
 990/1297 [=====================>........] - ETA: 0s - loss: 0.0019 - acc: 1.0000
1230/1297 [===========================>..] - ETA: 0s - loss: 0.0019 - acc: 1.0000
1297/1297 [==============================] - 0s 224us/step - loss: 0.0020 - acc: 1.0000 - val_loss: 0.0774 - val_acc: 0.9754
Epoch 16/30

  10/1297 [..............................] - ETA: 0s - loss: 0.0010 - acc: 1.0000
 250/1297 [====>.........................] - ETA: 0s - loss: 0.0017 - acc: 1.0000
 450/1297 [=========>....................] - ETA: 0s - loss: 0.0017 - acc: 1.0000
 600/1297 [============>.................] - ETA: 0s - loss: 0.0019 - acc: 1.0000
 820/1297 [=================>............] - ETA: 0s - loss: 0.0018 - acc: 1.0000
1030/1297 [======================>.......] - ETA: 0s - loss: 0.0018 - acc: 1.0000
1260/1297 [============================>.] - ETA: 0s - loss: 0.0017 - acc: 1.0000
1297/1297 [==============================] - 0s 260us/step - loss: 0.0017 - acc: 1.0000 - val_loss: 0.0780 - val_acc: 0.9785
Epoch 17/30

  10/1297 [..............................] - ETA: 0s - loss: 8.9981e-04 - acc: 1.0000
 240/1297 [====>.........................] - ETA: 0s - loss: 0.0014 - acc: 1.0000    
 470/1297 [=========>....................] - ETA: 0s - loss: 0.0013 - acc: 1.0000
 600/1297 [============>.................] - ETA: 0s - loss: 0.0012 - acc: 1.0000
 810/1297 [=================>............] - ETA: 0s - loss: 0.0013 - acc: 1.0000
 950/1297 [====================>.........] - ETA: 0s - loss: 0.0013 - acc: 1.0000
1110/1297 [========================>.....] - ETA: 0s - loss: 0.0013 - acc: 1.0000
1230/1297 [===========================>..] - ETA: 0s - loss: 0.0014 - acc: 1.0000
1297/1297 [==============================] - 0s 309us/step - loss: 0.0015 - acc: 1.0000 - val_loss: 0.0786 - val_acc: 0.9754
Epoch 18/30

  10/1297 [..............................] - ETA: 0s - loss: 0.0011 - acc: 1.0000
 200/1297 [===>..........................] - ETA: 0s - loss: 0.0015 - acc: 1.0000
 390/1297 [========>.....................] - ETA: 0s - loss: 0.0016 - acc: 1.0000
 610/1297 [=============>................] - ETA: 0s - loss: 0.0014 - acc: 1.0000
 830/1297 [==================>...........] - ETA: 0s - loss: 0.0013 - acc: 1.0000
1010/1297 [======================>.......] - ETA: 0s - loss: 0.0013 - acc: 1.0000
1210/1297 [==========================>...] - ETA: 0s - loss: 0.0013 - acc: 1.0000
1297/1297 [==============================] - 0s 270us/step - loss: 0.0013 - acc: 1.0000 - val_loss: 0.0784 - val_acc: 0.9754
Epoch 19/30

  10/1297 [..............................] - ETA: 0s - loss: 6.6040e-04 - acc: 1.0000
 230/1297 [====>.........................] - ETA: 0s - loss: 0.0011 - acc: 1.0000    
 430/1297 [========>.....................] - ETA: 0s - loss: 0.0012 - acc: 1.0000
 660/1297 [==============>...............] - ETA: 0s - loss: 0.0010 - acc: 1.0000
 850/1297 [==================>...........] - ETA: 0s - loss: 0.0010 - acc: 1.0000
1070/1297 [=======================>......] - ETA: 0s - loss: 0.0011 - acc: 1.0000
1260/1297 [============================>.] - ETA: 0s - loss: 0.0012 - acc: 1.0000
1297/1297 [==============================] - 0s 262us/step - loss: 0.0011 - acc: 1.0000 - val_loss: 0.0792 - val_acc: 0.9785
Epoch 20/30

  10/1297 [..............................] - ETA: 0s - loss: 0.0013 - acc: 1.0000
 260/1297 [=====>........................] - ETA: 0s - loss: 9.9638e-04 - acc: 1.0000
 470/1297 [=========>....................] - ETA: 0s - loss: 9.8579e-04 - acc: 1.0000
 680/1297 [==============>...............] - ETA: 0s - loss: 9.2175e-04 - acc: 1.0000
 900/1297 [===================>..........] - ETA: 0s - loss: 9.5052e-04 - acc: 1.0000
1140/1297 [=========================>....] - ETA: 0s - loss: 9.9729e-04 - acc: 1.0000
1297/1297 [==============================] - 0s 244us/step - loss: 9.8944e-04 - acc: 1.0000 - val_loss: 0.0798 - val_acc: 0.9785
Epoch 21/30

  10/1297 [..............................] - ETA: 0s - loss: 5.2701e-04 - acc: 1.0000
 240/1297 [====>.........................] - ETA: 0s - loss: 6.6012e-04 - acc: 1.0000
 480/1297 [==========>...................] - ETA: 0s - loss: 8.1333e-04 - acc: 1.0000
 690/1297 [==============>...............] - ETA: 0s - loss: 8.5933e-04 - acc: 1.0000
 900/1297 [===================>..........] - ETA: 0s - loss: 8.7767e-04 - acc: 1.0000
1130/1297 [=========================>....] - ETA: 0s - loss: 8.4917e-04 - acc: 1.0000
1297/1297 [==============================] - 0s 243us/step - loss: 8.8401e-04 - acc: 1.0000 - val_loss: 0.0806 - val_acc: 0.9785
Epoch 22/30

  10/1297 [..............................] - ETA: 0s - loss: 8.4349e-04 - acc: 1.0000
 230/1297 [====>.........................] - ETA: 0s - loss: 6.4316e-04 - acc: 1.0000
 470/1297 [=========>....................] - ETA: 0s - loss: 6.7648e-04 - acc: 1.0000
 680/1297 [==============>...............] - ETA: 0s - loss: 7.1416e-04 - acc: 1.0000
 890/1297 [===================>..........] - ETA: 0s - loss: 6.9184e-04 - acc: 1.0000
1120/1297 [========================>.....] - ETA: 0s - loss: 7.7533e-04 - acc: 1.0000
1297/1297 [==============================] - 0s 245us/step - loss: 8.0288e-04 - acc: 1.0000 - val_loss: 0.0801 - val_acc: 0.9785
Epoch 23/30

  10/1297 [..............................] - ETA: 0s - loss: 0.0012 - acc: 1.0000
 260/1297 [=====>........................] - ETA: 0s - loss: 7.2100e-04 - acc: 1.0000
 500/1297 [==========>...................] - ETA: 0s - loss: 7.1895e-04 - acc: 1.0000
 740/1297 [================>.............] - ETA: 0s - loss: 6.8174e-04 - acc: 1.0000
 980/1297 [=====================>........] - ETA: 0s - loss: 6.8684e-04 - acc: 1.0000
1200/1297 [==========================>...] - ETA: 0s - loss: 7.0301e-04 - acc: 1.0000
1297/1297 [==============================] - 0s 226us/step - loss: 7.0247e-04 - acc: 1.0000 - val_loss: 0.0817 - val_acc: 0.9785
acc: 97.85%
Train on 1297 samples, validate on 325 samples
Epoch 1/30

  10/1297 [..............................] - ETA: 1:29 - loss: 0.7146 - acc: 0.6000
 190/1297 [===>..........................] - ETA: 4s - loss: 0.6576 - acc: 0.6316  
 380/1297 [=======>......................] - ETA: 1s - loss: 0.6151 - acc: 0.6947
 560/1297 [===========>..................] - ETA: 1s - loss: 0.5797 - acc: 0.7482
 740/1297 [================>.............] - ETA: 0s - loss: 0.5335 - acc: 0.7973
 950/1297 [====================>.........] - ETA: 0s - loss: 0.4752 - acc: 0.8379
1160/1297 [=========================>....] - ETA: 0s - loss: 0.4312 - acc: 0.8578
1297/1297 [==============================] - 1s 884us/step - loss: 0.4061 - acc: 0.8674 - val_loss: 0.1561 - val_acc: 0.9815
Epoch 2/30

  10/1297 [..............................] - ETA: 0s - loss: 0.1432 - acc: 1.0000
 230/1297 [====>.........................] - ETA: 0s - loss: 0.1427 - acc: 0.9652
 460/1297 [=========>....................] - ETA: 0s - loss: 0.1327 - acc: 0.9739
 680/1297 [==============>...............] - ETA: 0s - loss: 0.1219 - acc: 0.9750
 910/1297 [====================>.........] - ETA: 0s - loss: 0.1171 - acc: 0.9747
1130/1297 [=========================>....] - ETA: 0s - loss: 0.1104 - acc: 0.9743
1297/1297 [==============================] - 0s 238us/step - loss: 0.1055 - acc: 0.9746 - val_loss: 0.0795 - val_acc: 0.9815
Epoch 3/30

  10/1297 [..............................] - ETA: 0s - loss: 0.0348 - acc: 1.0000
 250/1297 [====>.........................] - ETA: 0s - loss: 0.0449 - acc: 1.0000
 480/1297 [==========>...................] - ETA: 0s - loss: 0.0442 - acc: 1.0000
 730/1297 [===============>..............] - ETA: 0s - loss: 0.0610 - acc: 0.9890
 970/1297 [=====================>........] - ETA: 0s - loss: 0.0569 - acc: 0.9907
1220/1297 [===========================>..] - ETA: 0s - loss: 0.0602 - acc: 0.9877
1297/1297 [==============================] - 0s 225us/step - loss: 0.0594 - acc: 0.9877 - val_loss: 0.0605 - val_acc: 0.9846
Epoch 4/30

  10/1297 [..............................] - ETA: 0s - loss: 0.0152 - acc: 1.0000
 260/1297 [=====>........................] - ETA: 0s - loss: 0.0352 - acc: 0.9962
 510/1297 [==========>...................] - ETA: 0s - loss: 0.0467 - acc: 0.9902
 760/1297 [================>.............] - ETA: 0s - loss: 0.0424 - acc: 0.9921
 990/1297 [=====================>........] - ETA: 0s - loss: 0.0377 - acc: 0.9939
1240/1297 [===========================>..] - ETA: 0s - loss: 0.0380 - acc: 0.9935
1297/1297 [==============================] - 0s 226us/step - loss: 0.0380 - acc: 0.9938 - val_loss: 0.0551 - val_acc: 0.9815
Epoch 5/30

  10/1297 [..............................] - ETA: 0s - loss: 0.0335 - acc: 1.0000
 210/1297 [===>..........................] - ETA: 0s - loss: 0.0269 - acc: 0.9952
 430/1297 [========>.....................] - ETA: 0s - loss: 0.0262 - acc: 0.9953
 640/1297 [=============>................] - ETA: 0s - loss: 0.0333 - acc: 0.9937
 860/1297 [==================>...........] - ETA: 0s - loss: 0.0286 - acc: 0.9953
1000/1297 [======================>.......] - ETA: 0s - loss: 0.0273 - acc: 0.9960
1210/1297 [==========================>...] - ETA: 0s - loss: 0.0264 - acc: 0.9967
1297/1297 [==============================] - 0s 269us/step - loss: 0.0257 - acc: 0.9969 - val_loss: 0.0518 - val_acc: 0.9785
Epoch 6/30

  10/1297 [..............................] - ETA: 0s - loss: 0.0914 - acc: 0.9000
 220/1297 [====>.........................] - ETA: 0s - loss: 0.0216 - acc: 0.9909
 410/1297 [========>.....................] - ETA: 0s - loss: 0.0197 - acc: 0.9927
 600/1297 [============>.................] - ETA: 0s - loss: 0.0182 - acc: 0.9950
 780/1297 [=================>............] - ETA: 0s - loss: 0.0180 - acc: 0.9962
 970/1297 [=====================>........] - ETA: 0s - loss: 0.0200 - acc: 0.9959
1150/1297 [=========================>....] - ETA: 0s - loss: 0.0183 - acc: 0.9965
1297/1297 [==============================] - 0s 298us/step - loss: 0.0180 - acc: 0.9969 - val_loss: 0.0537 - val_acc: 0.9754
Epoch 7/30

  10/1297 [..............................] - ETA: 0s - loss: 0.0204 - acc: 1.0000
 160/1297 [==>...........................] - ETA: 0s - loss: 0.0101 - acc: 1.0000
 330/1297 [======>.......................] - ETA: 0s - loss: 0.0106 - acc: 1.0000
 520/1297 [===========>..................] - ETA: 0s - loss: 0.0106 - acc: 1.0000
 710/1297 [===============>..............] - ETA: 0s - loss: 0.0129 - acc: 0.9972
 880/1297 [===================>..........] - ETA: 0s - loss: 0.0123 - acc: 0.9977
1040/1297 [=======================>......] - ETA: 0s - loss: 0.0118 - acc: 0.9981
1270/1297 [============================>.] - ETA: 0s - loss: 0.0133 - acc: 0.9976
1297/1297 [==============================] - 0s 295us/step - loss: 0.0133 - acc: 0.9977 - val_loss: 0.0539 - val_acc: 0.9754
Epoch 8/30

  10/1297 [..............................] - ETA: 0s - loss: 0.0050 - acc: 1.0000
 190/1297 [===>..........................] - ETA: 0s - loss: 0.0079 - acc: 1.0000
 360/1297 [=======>......................] - ETA: 0s - loss: 0.0096 - acc: 1.0000
 520/1297 [===========>..................] - ETA: 0s - loss: 0.0100 - acc: 1.0000
 610/1297 [=============>................] - ETA: 0s - loss: 0.0098 - acc: 1.0000
 690/1297 [==============>...............] - ETA: 0s - loss: 0.0101 - acc: 1.0000
 810/1297 [=================>............] - ETA: 0s - loss: 0.0121 - acc: 0.9988
 940/1297 [====================>.........] - ETA: 0s - loss: 0.0112 - acc: 0.9989
1100/1297 [========================>.....] - ETA: 0s - loss: 0.0110 - acc: 0.9991
1250/1297 [===========================>..] - ETA: 0s - loss: 0.0104 - acc: 0.9992
1297/1297 [==============================] - 1s 386us/step - loss: 0.0104 - acc: 0.9992 - val_loss: 0.0502 - val_acc: 0.9754
Epoch 9/30

  10/1297 [..............................] - ETA: 0s - loss: 0.0020 - acc: 1.0000
 230/1297 [====>.........................] - ETA: 0s - loss: 0.0104 - acc: 1.0000
 440/1297 [=========>....................] - ETA: 0s - loss: 0.0083 - acc: 1.0000
 640/1297 [=============>................] - ETA: 0s - loss: 0.0078 - acc: 1.0000
 810/1297 [=================>............] - ETA: 0s - loss: 0.0078 - acc: 1.0000
1010/1297 [======================>.......] - ETA: 0s - loss: 0.0072 - acc: 1.0000
1190/1297 [==========================>...] - ETA: 0s - loss: 0.0075 - acc: 1.0000
1297/1297 [==============================] - 0s 274us/step - loss: 0.0073 - acc: 1.0000 - val_loss: 0.0524 - val_acc: 0.9785
Epoch 10/30

  10/1297 [..............................] - ETA: 0s - loss: 0.0074 - acc: 1.0000
 210/1297 [===>..........................] - ETA: 0s - loss: 0.0089 - acc: 0.9952
 410/1297 [========>.....................] - ETA: 0s - loss: 0.0071 - acc: 0.9976
 610/1297 [=============>................] - ETA: 0s - loss: 0.0064 - acc: 0.9984
 810/1297 [=================>............] - ETA: 0s - loss: 0.0063 - acc: 0.9988
 990/1297 [=====================>........] - ETA: 0s - loss: 0.0064 - acc: 0.9990
1200/1297 [==========================>...] - ETA: 0s - loss: 0.0061 - acc: 0.9992
1297/1297 [==============================] - 0s 271us/step - loss: 0.0063 - acc: 0.9992 - val_loss: 0.0493 - val_acc: 0.9785
Epoch 11/30

  10/1297 [..............................] - ETA: 0s - loss: 0.0036 - acc: 1.0000
 220/1297 [====>.........................] - ETA: 0s - loss: 0.0074 - acc: 1.0000
 450/1297 [=========>....................] - ETA: 0s - loss: 0.0057 - acc: 1.0000
 690/1297 [==============>...............] - ETA: 0s - loss: 0.0052 - acc: 1.0000
 930/1297 [====================>.........] - ETA: 0s - loss: 0.0048 - acc: 1.0000
1170/1297 [==========================>...] - ETA: 0s - loss: 0.0045 - acc: 1.0000
1297/1297 [==============================] - 0s 239us/step - loss: 0.0046 - acc: 1.0000 - val_loss: 0.0454 - val_acc: 0.9785
Epoch 12/30

  10/1297 [..............................] - ETA: 0s - loss: 0.0012 - acc: 1.0000
 210/1297 [===>..........................] - ETA: 0s - loss: 0.0029 - acc: 1.0000
 420/1297 [========>.....................] - ETA: 0s - loss: 0.0033 - acc: 1.0000
 620/1297 [=============>................] - ETA: 0s - loss: 0.0033 - acc: 1.0000
 830/1297 [==================>...........] - ETA: 0s - loss: 0.0034 - acc: 1.0000
1040/1297 [=======================>......] - ETA: 0s - loss: 0.0039 - acc: 1.0000
1270/1297 [============================>.] - ETA: 0s - loss: 0.0040 - acc: 1.0000
1297/1297 [==============================] - 0s 256us/step - loss: 0.0039 - acc: 1.0000 - val_loss: 0.0526 - val_acc: 0.9754
Epoch 13/30

  10/1297 [..............................] - ETA: 0s - loss: 0.0050 - acc: 1.0000
 250/1297 [====>.........................] - ETA: 0s - loss: 0.0037 - acc: 1.0000
 490/1297 [==========>...................] - ETA: 0s - loss: 0.0037 - acc: 1.0000
 740/1297 [================>.............] - ETA: 0s - loss: 0.0034 - acc: 1.0000
 990/1297 [=====================>........] - ETA: 0s - loss: 0.0032 - acc: 1.0000
1210/1297 [==========================>...] - ETA: 0s - loss: 0.0030 - acc: 1.0000
1297/1297 [==============================] - 0s 227us/step - loss: 0.0032 - acc: 1.0000 - val_loss: 0.0491 - val_acc: 0.9785
Epoch 14/30

  10/1297 [..............................] - ETA: 0s - loss: 0.0046 - acc: 1.0000
 250/1297 [====>.........................] - ETA: 0s - loss: 0.0025 - acc: 1.0000
 480/1297 [==========>...................] - ETA: 0s - loss: 0.0022 - acc: 1.0000
 730/1297 [===============>..............] - ETA: 0s - loss: 0.0026 - acc: 1.0000
 970/1297 [=====================>........] - ETA: 0s - loss: 0.0026 - acc: 1.0000
1220/1297 [===========================>..] - ETA: 0s - loss: 0.0026 - acc: 1.0000
1297/1297 [==============================] - 0s 224us/step - loss: 0.0026 - acc: 1.0000 - val_loss: 0.0494 - val_acc: 0.9785
Epoch 15/30

  10/1297 [..............................] - ETA: 0s - loss: 0.0054 - acc: 1.0000
 250/1297 [====>.........................] - ETA: 0s - loss: 0.0022 - acc: 1.0000
 470/1297 [=========>....................] - ETA: 0s - loss: 0.0020 - acc: 1.0000
 650/1297 [==============>...............] - ETA: 0s - loss: 0.0019 - acc: 1.0000
 890/1297 [===================>..........] - ETA: 0s - loss: 0.0019 - acc: 1.0000
1130/1297 [=========================>....] - ETA: 0s - loss: 0.0022 - acc: 1.0000
1297/1297 [==============================] - 0s 238us/step - loss: 0.0022 - acc: 1.0000 - val_loss: 0.0503 - val_acc: 0.9754
Epoch 16/30

  10/1297 [..............................] - ETA: 0s - loss: 0.0025 - acc: 1.0000
 250/1297 [====>.........................] - ETA: 0s - loss: 0.0020 - acc: 1.0000
 480/1297 [==========>...................] - ETA: 0s - loss: 0.0021 - acc: 1.0000
 720/1297 [===============>..............] - ETA: 0s - loss: 0.0020 - acc: 1.0000
 950/1297 [====================>.........] - ETA: 0s - loss: 0.0019 - acc: 1.0000
1190/1297 [==========================>...] - ETA: 0s - loss: 0.0019 - acc: 1.0000
1297/1297 [==============================] - 0s 228us/step - loss: 0.0019 - acc: 1.0000 - val_loss: 0.0481 - val_acc: 0.9785
Epoch 17/30

  10/1297 [..............................] - ETA: 0s - loss: 0.0016 - acc: 1.0000
 260/1297 [=====>........................] - ETA: 0s - loss: 0.0020 - acc: 1.0000
 500/1297 [==========>...................] - ETA: 0s - loss: 0.0017 - acc: 1.0000
 750/1297 [================>.............] - ETA: 0s - loss: 0.0017 - acc: 1.0000
1000/1297 [======================>.......] - ETA: 0s - loss: 0.0017 - acc: 1.0000
1240/1297 [===========================>..] - ETA: 0s - loss: 0.0017 - acc: 1.0000
1297/1297 [==============================] - 0s 221us/step - loss: 0.0016 - acc: 1.0000 - val_loss: 0.0476 - val_acc: 0.9785
Epoch 18/30

  10/1297 [..............................] - ETA: 0s - loss: 7.5240e-04 - acc: 1.0000
 260/1297 [=====>........................] - ETA: 0s - loss: 0.0020 - acc: 1.0000    
 500/1297 [==========>...................] - ETA: 0s - loss: 0.0015 - acc: 1.0000
 720/1297 [===============>..............] - ETA: 0s - loss: 0.0014 - acc: 1.0000
 950/1297 [====================>.........] - ETA: 0s - loss: 0.0014 - acc: 1.0000
1190/1297 [==========================>...] - ETA: 0s - loss: 0.0014 - acc: 1.0000
1297/1297 [==============================] - 0s 227us/step - loss: 0.0014 - acc: 1.0000 - val_loss: 0.0493 - val_acc: 0.9785
Epoch 19/30

  10/1297 [..............................] - ETA: 0s - loss: 0.0011 - acc: 1.0000
 240/1297 [====>.........................] - ETA: 0s - loss: 0.0015 - acc: 1.0000
 460/1297 [=========>....................] - ETA: 0s - loss: 0.0014 - acc: 1.0000
 680/1297 [==============>...............] - ETA: 0s - loss: 0.0015 - acc: 1.0000
 920/1297 [====================>.........] - ETA: 0s - loss: 0.0014 - acc: 1.0000
1170/1297 [==========================>...] - ETA: 0s - loss: 0.0013 - acc: 1.0000
1297/1297 [==============================] - 0s 231us/step - loss: 0.0013 - acc: 1.0000 - val_loss: 0.0476 - val_acc: 0.9785
acc: 98.46%
Train on 1298 samples, validate on 324 samples
Epoch 1/30

  10/1298 [..............................] - ETA: 1:31 - loss: 0.7132 - acc: 0.5000
 260/1298 [=====>........................] - ETA: 3s - loss: 0.6516 - acc: 0.6269  
 500/1298 [==========>...................] - ETA: 1s - loss: 0.5848 - acc: 0.7260
 730/1298 [===============>..............] - ETA: 0s - loss: 0.5271 - acc: 0.7863
 980/1298 [=====================>........] - ETA: 0s - loss: 0.4662 - acc: 0.8316
1210/1298 [==========================>...] - ETA: 0s - loss: 0.4179 - acc: 0.8570
1298/1298 [==============================] - 1s 831us/step - loss: 0.4005 - acc: 0.8644 - val_loss: 0.1432 - val_acc: 0.9784
Epoch 2/30

  10/1298 [..............................] - ETA: 0s - loss: 0.3607 - acc: 0.8000
 250/1298 [====>.........................] - ETA: 0s - loss: 0.1252 - acc: 0.9800
 490/1298 [==========>...................] - ETA: 0s - loss: 0.1126 - acc: 0.9816
 740/1298 [================>.............] - ETA: 0s - loss: 0.1073 - acc: 0.9797
 990/1298 [=====================>........] - ETA: 0s - loss: 0.1016 - acc: 0.9788
1250/1298 [===========================>..] - ETA: 0s - loss: 0.0990 - acc: 0.9752
1298/1298 [==============================] - 0s 218us/step - loss: 0.0992 - acc: 0.9753 - val_loss: 0.0881 - val_acc: 0.9753
Epoch 3/30

  10/1298 [..............................] - ETA: 0s - loss: 0.0475 - acc: 1.0000
 250/1298 [====>.........................] - ETA: 0s - loss: 0.0633 - acc: 0.9800
 510/1298 [==========>...................] - ETA: 0s - loss: 0.0597 - acc: 0.9863
 760/1298 [================>.............] - ETA: 0s - loss: 0.0570 - acc: 0.9842
1010/1298 [======================>.......] - ETA: 0s - loss: 0.0540 - acc: 0.9851
1250/1298 [===========================>..] - ETA: 0s - loss: 0.0529 - acc: 0.9856
1298/1298 [==============================] - 0s 219us/step - loss: 0.0524 - acc: 0.9854 - val_loss: 0.0821 - val_acc: 0.9815
Epoch 4/30

  10/1298 [..............................] - ETA: 0s - loss: 0.0109 - acc: 1.0000
 260/1298 [=====>........................] - ETA: 0s - loss: 0.0326 - acc: 0.9962
 510/1298 [==========>...................] - ETA: 0s - loss: 0.0401 - acc: 0.9941
 760/1298 [================>.............] - ETA: 0s - loss: 0.0364 - acc: 0.9961
1010/1298 [======================>.......] - ETA: 0s - loss: 0.0353 - acc: 0.9950
1240/1298 [===========================>..] - ETA: 0s - loss: 0.0338 - acc: 0.9952
1298/1298 [==============================] - 0s 221us/step - loss: 0.0335 - acc: 0.9954 - val_loss: 0.0752 - val_acc: 0.9815
Epoch 5/30

  10/1298 [..............................] - ETA: 0s - loss: 0.0438 - acc: 1.0000
 260/1298 [=====>........................] - ETA: 0s - loss: 0.0208 - acc: 1.0000
 510/1298 [==========>...................] - ETA: 0s - loss: 0.0261 - acc: 0.9961
 750/1298 [================>.............] - ETA: 0s - loss: 0.0237 - acc: 0.9973
 990/1298 [=====================>........] - ETA: 0s - loss: 0.0238 - acc: 0.9980
1240/1298 [===========================>..] - ETA: 0s - loss: 0.0222 - acc: 0.9976
1298/1298 [==============================] - 0s 222us/step - loss: 0.0216 - acc: 0.9977 - val_loss: 0.0712 - val_acc: 0.9815
Epoch 6/30

  10/1298 [..............................] - ETA: 0s - loss: 0.0453 - acc: 1.0000
 260/1298 [=====>........................] - ETA: 0s - loss: 0.0161 - acc: 1.0000
 490/1298 [==========>...................] - ETA: 0s - loss: 0.0141 - acc: 1.0000
 730/1298 [===============>..............] - ETA: 0s - loss: 0.0160 - acc: 0.9986
 970/1298 [=====================>........] - ETA: 0s - loss: 0.0162 - acc: 0.9990
1210/1298 [==========================>...] - ETA: 0s - loss: 0.0155 - acc: 0.9992
1298/1298 [==============================] - 0s 227us/step - loss: 0.0153 - acc: 0.9992 - val_loss: 0.0709 - val_acc: 0.9846
Epoch 7/30

  10/1298 [..............................] - ETA: 0s - loss: 0.0058 - acc: 1.0000
 250/1298 [====>.........................] - ETA: 0s - loss: 0.0090 - acc: 1.0000
 490/1298 [==========>...................] - ETA: 0s - loss: 0.0103 - acc: 1.0000
 740/1298 [================>.............] - ETA: 0s - loss: 0.0096 - acc: 1.0000
 980/1298 [=====================>........] - ETA: 0s - loss: 0.0113 - acc: 0.9990
1230/1298 [===========================>..] - ETA: 0s - loss: 0.0106 - acc: 0.9992
1298/1298 [==============================] - 0s 221us/step - loss: 0.0106 - acc: 0.9992 - val_loss: 0.0731 - val_acc: 0.9846
Epoch 8/30

  10/1298 [..............................] - ETA: 0s - loss: 0.0090 - acc: 1.0000
 260/1298 [=====>........................] - ETA: 0s - loss: 0.0075 - acc: 1.0000
 500/1298 [==========>...................] - ETA: 0s - loss: 0.0072 - acc: 1.0000
 750/1298 [================>.............] - ETA: 0s - loss: 0.0070 - acc: 1.0000
 990/1298 [=====================>........] - ETA: 0s - loss: 0.0068 - acc: 1.0000
1230/1298 [===========================>..] - ETA: 0s - loss: 0.0070 - acc: 1.0000
1298/1298 [==============================] - 0s 224us/step - loss: 0.0078 - acc: 0.9992 - val_loss: 0.0735 - val_acc: 0.9846
Epoch 9/30

  10/1298 [..............................] - ETA: 0s - loss: 0.0087 - acc: 1.0000
 240/1298 [====>.........................] - ETA: 0s - loss: 0.0057 - acc: 1.0000
 480/1298 [==========>...................] - ETA: 0s - loss: 0.0071 - acc: 1.0000
 720/1298 [===============>..............] - ETA: 0s - loss: 0.0061 - acc: 1.0000
 960/1298 [=====================>........] - ETA: 0s - loss: 0.0062 - acc: 1.0000
1210/1298 [==========================>...] - ETA: 0s - loss: 0.0058 - acc: 1.0000
1298/1298 [==============================] - 0s 223us/step - loss: 0.0058 - acc: 1.0000 - val_loss: 0.0749 - val_acc: 0.9846
Epoch 10/30

  10/1298 [..............................] - ETA: 0s - loss: 0.0104 - acc: 1.0000
 250/1298 [====>.........................] - ETA: 0s - loss: 0.0035 - acc: 1.0000
 500/1298 [==========>...................] - ETA: 0s - loss: 0.0041 - acc: 1.0000
 740/1298 [================>.............] - ETA: 0s - loss: 0.0039 - acc: 1.0000
 990/1298 [=====================>........] - ETA: 0s - loss: 0.0039 - acc: 1.0000
1220/1298 [===========================>..] - ETA: 0s - loss: 0.0048 - acc: 0.9992
1298/1298 [==============================] - 0s 222us/step - loss: 0.0048 - acc: 0.9992 - val_loss: 0.0745 - val_acc: 0.9846
Epoch 11/30

  10/1298 [..............................] - ETA: 0s - loss: 0.0032 - acc: 1.0000
 250/1298 [====>.........................] - ETA: 0s - loss: 0.0047 - acc: 1.0000
 490/1298 [==========>...................] - ETA: 0s - loss: 0.0043 - acc: 1.0000
 730/1298 [===============>..............] - ETA: 0s - loss: 0.0039 - acc: 1.0000
 970/1298 [=====================>........] - ETA: 0s - loss: 0.0039 - acc: 1.0000
1210/1298 [==========================>...] - ETA: 0s - loss: 0.0039 - acc: 1.0000
1298/1298 [==============================] - 0s 226us/step - loss: 0.0038 - acc: 1.0000 - val_loss: 0.0758 - val_acc: 0.9846
Epoch 12/30

  10/1298 [..............................] - ETA: 0s - loss: 0.0015 - acc: 1.0000
 250/1298 [====>.........................] - ETA: 0s - loss: 0.0025 - acc: 1.0000
 500/1298 [==========>...................] - ETA: 0s - loss: 0.0028 - acc: 1.0000
 750/1298 [================>.............] - ETA: 0s - loss: 0.0028 - acc: 1.0000
1000/1298 [======================>.......] - ETA: 0s - loss: 0.0031 - acc: 1.0000
1250/1298 [===========================>..] - ETA: 0s - loss: 0.0031 - acc: 1.0000
1298/1298 [==============================] - 0s 219us/step - loss: 0.0030 - acc: 1.0000 - val_loss: 0.0768 - val_acc: 0.9846
Epoch 13/30

  10/1298 [..............................] - ETA: 0s - loss: 0.0029 - acc: 1.0000
 260/1298 [=====>........................] - ETA: 0s - loss: 0.0024 - acc: 1.0000
 490/1298 [==========>...................] - ETA: 0s - loss: 0.0022 - acc: 1.0000
 720/1298 [===============>..............] - ETA: 0s - loss: 0.0024 - acc: 1.0000
 950/1298 [====================>.........] - ETA: 0s - loss: 0.0026 - acc: 1.0000
1190/1298 [==========================>...] - ETA: 0s - loss: 0.0026 - acc: 1.0000
1298/1298 [==============================] - 0s 229us/step - loss: 0.0025 - acc: 1.0000 - val_loss: 0.0789 - val_acc: 0.9846
Epoch 14/30

  10/1298 [..............................] - ETA: 0s - loss: 0.0018 - acc: 1.0000
 250/1298 [====>.........................] - ETA: 0s - loss: 0.0017 - acc: 1.0000
 490/1298 [==========>...................] - ETA: 0s - loss: 0.0018 - acc: 1.0000
 740/1298 [================>.............] - ETA: 0s - loss: 0.0020 - acc: 1.0000
 980/1298 [=====================>........] - ETA: 0s - loss: 0.0021 - acc: 1.0000
1220/1298 [===========================>..] - ETA: 0s - loss: 0.0020 - acc: 1.0000
1298/1298 [==============================] - 0s 223us/step - loss: 0.0022 - acc: 1.0000 - val_loss: 0.0800 - val_acc: 0.9846
Epoch 15/30

  10/1298 [..............................] - ETA: 0s - loss: 0.0016 - acc: 1.0000
 250/1298 [====>.........................] - ETA: 0s - loss: 0.0015 - acc: 1.0000
 490/1298 [==========>...................] - ETA: 0s - loss: 0.0016 - acc: 1.0000
 730/1298 [===============>..............] - ETA: 0s - loss: 0.0018 - acc: 1.0000
 950/1298 [====================>.........] - ETA: 0s - loss: 0.0018 - acc: 1.0000
1180/1298 [==========================>...] - ETA: 0s - loss: 0.0018 - acc: 1.0000
1298/1298 [==============================] - 0s 230us/step - loss: 0.0018 - acc: 1.0000 - val_loss: 0.0820 - val_acc: 0.9846
Epoch 16/30

  10/1298 [..............................] - ETA: 0s - loss: 0.0029 - acc: 1.0000
 250/1298 [====>.........................] - ETA: 0s - loss: 0.0021 - acc: 1.0000
 480/1298 [==========>...................] - ETA: 0s - loss: 0.0020 - acc: 1.0000
 720/1298 [===============>..............] - ETA: 0s - loss: 0.0018 - acc: 1.0000
 950/1298 [====================>.........] - ETA: 0s - loss: 0.0016 - acc: 1.0000
1190/1298 [==========================>...] - ETA: 0s - loss: 0.0016 - acc: 1.0000
1298/1298 [==============================] - 0s 229us/step - loss: 0.0016 - acc: 1.0000 - val_loss: 0.0829 - val_acc: 0.9846
Epoch 17/30

  10/1298 [..............................] - ETA: 0s - loss: 0.0027 - acc: 1.0000
 110/1298 [=>............................] - ETA: 0s - loss: 0.0019 - acc: 1.0000
 300/1298 [=====>........................] - ETA: 0s - loss: 0.0014 - acc: 1.0000
 550/1298 [===========>..................] - ETA: 0s - loss: 0.0015 - acc: 1.0000
 800/1298 [=================>............] - ETA: 0s - loss: 0.0015 - acc: 1.0000
1010/1298 [======================>.......] - ETA: 0s - loss: 0.0015 - acc: 1.0000
1230/1298 [===========================>..] - ETA: 0s - loss: 0.0014 - acc: 1.0000
1298/1298 [==============================] - 0s 264us/step - loss: 0.0014 - acc: 1.0000 - val_loss: 0.0836 - val_acc: 0.9846
Epoch 18/30

  10/1298 [..............................] - ETA: 0s - loss: 9.4391e-04 - acc: 1.0000
 250/1298 [====>.........................] - ETA: 0s - loss: 0.0012 - acc: 1.0000    
 480/1298 [==========>...................] - ETA: 0s - loss: 0.0011 - acc: 1.0000
 730/1298 [===============>..............] - ETA: 0s - loss: 0.0012 - acc: 1.0000
 970/1298 [=====================>........] - ETA: 0s - loss: 0.0012 - acc: 1.0000
1200/1298 [==========================>...] - ETA: 0s - loss: 0.0012 - acc: 1.0000
1298/1298 [==============================] - 0s 228us/step - loss: 0.0012 - acc: 1.0000 - val_loss: 0.0847 - val_acc: 0.9846
Epoch 19/30

  10/1298 [..............................] - ETA: 0s - loss: 0.0011 - acc: 1.0000
 250/1298 [====>.........................] - ETA: 0s - loss: 0.0012 - acc: 1.0000
 500/1298 [==========>...................] - ETA: 0s - loss: 0.0011 - acc: 1.0000
 750/1298 [================>.............] - ETA: 0s - loss: 0.0010 - acc: 1.0000
1000/1298 [======================>.......] - ETA: 0s - loss: 0.0010 - acc: 1.0000
1190/1298 [==========================>...] - ETA: 0s - loss: 9.9234e-04 - acc: 1.0000
1298/1298 [==============================] - 0s 228us/step - loss: 0.0011 - acc: 1.0000 - val_loss: 0.0860 - val_acc: 0.9846
Epoch 20/30

  10/1298 [..............................] - ETA: 0s - loss: 3.5239e-04 - acc: 1.0000
 250/1298 [====>.........................] - ETA: 0s - loss: 9.1802e-04 - acc: 1.0000
 500/1298 [==========>...................] - ETA: 0s - loss: 8.6578e-04 - acc: 1.0000
 730/1298 [===============>..............] - ETA: 0s - loss: 8.9432e-04 - acc: 1.0000
 970/1298 [=====================>........] - ETA: 0s - loss: 9.1776e-04 - acc: 1.0000
1210/1298 [==========================>...] - ETA: 0s - loss: 9.0907e-04 - acc: 1.0000
1298/1298 [==============================] - 0s 226us/step - loss: 9.2068e-04 - acc: 1.0000 - val_loss: 0.0864 - val_acc: 0.9846
Epoch 21/30

  10/1298 [..............................] - ETA: 0s - loss: 3.9815e-04 - acc: 1.0000
 250/1298 [====>.........................] - ETA: 0s - loss: 7.3104e-04 - acc: 1.0000
 480/1298 [==========>...................] - ETA: 0s - loss: 8.3759e-04 - acc: 1.0000
 720/1298 [===============>..............] - ETA: 0s - loss: 8.2994e-04 - acc: 1.0000
 960/1298 [=====================>........] - ETA: 0s - loss: 8.1758e-04 - acc: 1.0000
1210/1298 [==========================>...] - ETA: 0s - loss: 8.1927e-04 - acc: 1.0000
1298/1298 [==============================] - 0s 225us/step - loss: 8.1888e-04 - acc: 1.0000 - val_loss: 0.0868 - val_acc: 0.9846
Epoch 22/30

  10/1298 [..............................] - ETA: 0s - loss: 9.8068e-04 - acc: 1.0000
 260/1298 [=====>........................] - ETA: 0s - loss: 8.9355e-04 - acc: 1.0000
 510/1298 [==========>...................] - ETA: 0s - loss: 7.9176e-04 - acc: 1.0000
 750/1298 [================>.............] - ETA: 0s - loss: 7.9812e-04 - acc: 1.0000
 990/1298 [=====================>........] - ETA: 0s - loss: 7.7843e-04 - acc: 1.0000
1220/1298 [===========================>..] - ETA: 0s - loss: 7.4190e-04 - acc: 1.0000
1298/1298 [==============================] - 0s 222us/step - loss: 7.3294e-04 - acc: 1.0000 - val_loss: 0.0878 - val_acc: 0.9846
acc: 98.46%
Train on 1299 samples, validate on 323 samples
Epoch 1/30

  10/1299 [..............................] - ETA: 1:45 - loss: 0.7177 - acc: 0.5000
 260/1299 [=====>........................] - ETA: 3s - loss: 0.6433 - acc: 0.6923  
 510/1299 [==========>...................] - ETA: 1s - loss: 0.5899 - acc: 0.7686
 750/1299 [================>.............] - ETA: 0s - loss: 0.5194 - acc: 0.8400
 990/1299 [=====================>........] - ETA: 0s - loss: 0.4626 - acc: 0.8667
1230/1299 [===========================>..] - ETA: 0s - loss: 0.4110 - acc: 0.8854
1299/1299 [==============================] - 1s 916us/step - loss: 0.3986 - acc: 0.8899 - val_loss: 0.1398 - val_acc: 0.9690
Epoch 2/30

  10/1299 [..............................] - ETA: 0s - loss: 0.1298 - acc: 1.0000
 260/1299 [=====>........................] - ETA: 0s - loss: 0.1120 - acc: 0.9846
 500/1299 [==========>...................] - ETA: 0s - loss: 0.1108 - acc: 0.9760
 750/1299 [================>.............] - ETA: 0s - loss: 0.1099 - acc: 0.9733
1000/1299 [======================>.......] - ETA: 0s - loss: 0.1045 - acc: 0.9740
1250/1299 [===========================>..] - ETA: 0s - loss: 0.1005 - acc: 0.9760
1299/1299 [==============================] - 0s 218us/step - loss: 0.1020 - acc: 0.9738 - val_loss: 0.0745 - val_acc: 0.9721
Epoch 3/30

  10/1299 [..............................] - ETA: 0s - loss: 0.0257 - acc: 1.0000
 260/1299 [=====>........................] - ETA: 0s - loss: 0.0876 - acc: 0.9769
 520/1299 [===========>..................] - ETA: 0s - loss: 0.0704 - acc: 0.9808
 750/1299 [================>.............] - ETA: 0s - loss: 0.0614 - acc: 0.9853
1000/1299 [======================>.......] - ETA: 0s - loss: 0.0573 - acc: 0.9870
1240/1299 [===========================>..] - ETA: 0s - loss: 0.0588 - acc: 0.9863
1299/1299 [==============================] - 0s 220us/step - loss: 0.0571 - acc: 0.9869 - val_loss: 0.0664 - val_acc: 0.9721
Epoch 4/30

  10/1299 [..............................] - ETA: 0s - loss: 0.0598 - acc: 1.0000
 250/1299 [====>.........................] - ETA: 0s - loss: 0.0688 - acc: 0.9800
 500/1299 [==========>...................] - ETA: 0s - loss: 0.0518 - acc: 0.9860
 730/1299 [===============>..............] - ETA: 0s - loss: 0.0451 - acc: 0.9904
 970/1299 [=====================>........] - ETA: 0s - loss: 0.0406 - acc: 0.9928
1210/1299 [==========================>...] - ETA: 0s - loss: 0.0376 - acc: 0.9942
1299/1299 [==============================] - 0s 223us/step - loss: 0.0387 - acc: 0.9938 - val_loss: 0.0569 - val_acc: 0.9752
Epoch 5/30

  10/1299 [..............................] - ETA: 0s - loss: 0.0103 - acc: 1.0000
 250/1299 [====>.........................] - ETA: 0s - loss: 0.0265 - acc: 0.9960
 500/1299 [==========>...................] - ETA: 0s - loss: 0.0303 - acc: 0.9940
 740/1299 [================>.............] - ETA: 0s - loss: 0.0298 - acc: 0.9932
 990/1299 [=====================>........] - ETA: 0s - loss: 0.0305 - acc: 0.9939
1230/1299 [===========================>..] - ETA: 0s - loss: 0.0280 - acc: 0.9951
1299/1299 [==============================] - 0s 221us/step - loss: 0.0274 - acc: 0.9954 - val_loss: 0.0544 - val_acc: 0.9814
Epoch 6/30

  10/1299 [..............................] - ETA: 0s - loss: 0.1233 - acc: 0.9000
 240/1299 [====>.........................] - ETA: 0s - loss: 0.0223 - acc: 0.9917
 480/1299 [==========>...................] - ETA: 0s - loss: 0.0190 - acc: 0.9937
 720/1299 [===============>..............] - ETA: 0s - loss: 0.0183 - acc: 0.9958
 950/1299 [====================>.........] - ETA: 0s - loss: 0.0179 - acc: 0.9968
1150/1299 [=========================>....] - ETA: 0s - loss: 0.0193 - acc: 0.9957
1299/1299 [==============================] - 0s 239us/step - loss: 0.0186 - acc: 0.9962 - val_loss: 0.0588 - val_acc: 0.9752
Epoch 7/30

  10/1299 [..............................] - ETA: 0s - loss: 0.0093 - acc: 1.0000
 190/1299 [===>..........................] - ETA: 0s - loss: 0.0087 - acc: 1.0000
 400/1299 [========>.....................] - ETA: 0s - loss: 0.0187 - acc: 0.9950
 630/1299 [=============>................] - ETA: 0s - loss: 0.0176 - acc: 0.9952
 880/1299 [===================>..........] - ETA: 0s - loss: 0.0164 - acc: 0.9966
1120/1299 [========================>.....] - ETA: 0s - loss: 0.0150 - acc: 0.9973
1299/1299 [==============================] - 0s 241us/step - loss: 0.0147 - acc: 0.9977 - val_loss: 0.0531 - val_acc: 0.9814
Epoch 8/30

  10/1299 [..............................] - ETA: 0s - loss: 0.0161 - acc: 1.0000
 240/1299 [====>.........................] - ETA: 0s - loss: 0.0108 - acc: 1.0000
 490/1299 [==========>...................] - ETA: 0s - loss: 0.0107 - acc: 0.9980
 720/1299 [===============>..............] - ETA: 0s - loss: 0.0112 - acc: 0.9972
 960/1299 [=====================>........] - ETA: 0s - loss: 0.0107 - acc: 0.9979
1190/1299 [==========================>...] - ETA: 0s - loss: 0.0102 - acc: 0.9983
1299/1299 [==============================] - 0s 231us/step - loss: 0.0101 - acc: 0.9985 - val_loss: 0.0562 - val_acc: 0.9783
Epoch 9/30

  10/1299 [..............................] - ETA: 0s - loss: 0.0091 - acc: 1.0000
 230/1299 [====>.........................] - ETA: 0s - loss: 0.0084 - acc: 1.0000
 470/1299 [=========>....................] - ETA: 0s - loss: 0.0071 - acc: 1.0000
 710/1299 [===============>..............] - ETA: 0s - loss: 0.0068 - acc: 1.0000
 960/1299 [=====================>........] - ETA: 0s - loss: 0.0067 - acc: 1.0000
1200/1299 [==========================>...] - ETA: 0s - loss: 0.0068 - acc: 1.0000
1299/1299 [==============================] - 0s 226us/step - loss: 0.0075 - acc: 0.9992 - val_loss: 0.0521 - val_acc: 0.9814
Epoch 10/30

  10/1299 [..............................] - ETA: 0s - loss: 0.0047 - acc: 1.0000
 260/1299 [=====>........................] - ETA: 0s - loss: 0.0089 - acc: 1.0000
 510/1299 [==========>...................] - ETA: 0s - loss: 0.0079 - acc: 1.0000
 750/1299 [================>.............] - ETA: 0s - loss: 0.0075 - acc: 1.0000
 990/1299 [=====================>........] - ETA: 0s - loss: 0.0071 - acc: 1.0000
1220/1299 [===========================>..] - ETA: 0s - loss: 0.0067 - acc: 1.0000
1299/1299 [==============================] - 0s 226us/step - loss: 0.0065 - acc: 1.0000 - val_loss: 0.0517 - val_acc: 0.9814
Epoch 11/30

  10/1299 [..............................] - ETA: 0s - loss: 0.0040 - acc: 1.0000
 250/1299 [====>.........................] - ETA: 0s - loss: 0.0032 - acc: 1.0000
 480/1299 [==========>...................] - ETA: 0s - loss: 0.0036 - acc: 1.0000
 710/1299 [===============>..............] - ETA: 0s - loss: 0.0037 - acc: 1.0000
 950/1299 [====================>.........] - ETA: 0s - loss: 0.0041 - acc: 1.0000
1180/1299 [==========================>...] - ETA: 0s - loss: 0.0049 - acc: 1.0000
1299/1299 [==============================] - 0s 230us/step - loss: 0.0048 - acc: 1.0000 - val_loss: 0.0533 - val_acc: 0.9814
Epoch 12/30

  10/1299 [..............................] - ETA: 0s - loss: 0.0016 - acc: 1.0000
 260/1299 [=====>........................] - ETA: 0s - loss: 0.0046 - acc: 1.0000
 500/1299 [==========>...................] - ETA: 0s - loss: 0.0039 - acc: 1.0000
 750/1299 [================>.............] - ETA: 0s - loss: 0.0043 - acc: 1.0000
 990/1299 [=====================>........] - ETA: 0s - loss: 0.0040 - acc: 1.0000
1240/1299 [===========================>..] - ETA: 0s - loss: 0.0040 - acc: 1.0000
1299/1299 [==============================] - 0s 222us/step - loss: 0.0039 - acc: 1.0000 - val_loss: 0.0549 - val_acc: 0.9814
Epoch 13/30

  10/1299 [..............................] - ETA: 0s - loss: 0.0027 - acc: 1.0000
 250/1299 [====>.........................] - ETA: 0s - loss: 0.0035 - acc: 1.0000
 490/1299 [==========>...................] - ETA: 0s - loss: 0.0031 - acc: 1.0000
 730/1299 [===============>..............] - ETA: 0s - loss: 0.0033 - acc: 1.0000
 970/1299 [=====================>........] - ETA: 0s - loss: 0.0032 - acc: 1.0000
1210/1299 [==========================>...] - ETA: 0s - loss: 0.0031 - acc: 1.0000
1299/1299 [==============================] - 0s 229us/step - loss: 0.0032 - acc: 1.0000 - val_loss: 0.0542 - val_acc: 0.9814
Epoch 14/30

  10/1299 [..............................] - ETA: 0s - loss: 0.0060 - acc: 1.0000
 240/1299 [====>.........................] - ETA: 0s - loss: 0.0020 - acc: 1.0000
 480/1299 [==========>...................] - ETA: 0s - loss: 0.0026 - acc: 1.0000
 730/1299 [===============>..............] - ETA: 0s - loss: 0.0027 - acc: 1.0000
 970/1299 [=====================>........] - ETA: 0s - loss: 0.0028 - acc: 1.0000
1220/1299 [===========================>..] - ETA: 0s - loss: 0.0027 - acc: 1.0000
1299/1299 [==============================] - 0s 221us/step - loss: 0.0027 - acc: 1.0000 - val_loss: 0.0552 - val_acc: 0.9814
Epoch 15/30

  10/1299 [..............................] - ETA: 0s - loss: 8.5810e-04 - acc: 1.0000
 260/1299 [=====>........................] - ETA: 0s - loss: 0.0018 - acc: 1.0000    
 500/1299 [==========>...................] - ETA: 0s - loss: 0.0019 - acc: 1.0000
 740/1299 [================>.............] - ETA: 0s - loss: 0.0018 - acc: 1.0000
 970/1299 [=====================>........] - ETA: 0s - loss: 0.0021 - acc: 1.0000
1190/1299 [==========================>...] - ETA: 0s - loss: 0.0022 - acc: 1.0000
1299/1299 [==============================] - 0s 231us/step - loss: 0.0023 - acc: 1.0000 - val_loss: 0.0550 - val_acc: 0.9814
Epoch 16/30

  10/1299 [..............................] - ETA: 0s - loss: 3.7842e-04 - acc: 1.0000
 240/1299 [====>.........................] - ETA: 0s - loss: 0.0016 - acc: 1.0000    
 480/1299 [==========>...................] - ETA: 0s - loss: 0.0018 - acc: 1.0000
 710/1299 [===============>..............] - ETA: 0s - loss: 0.0017 - acc: 1.0000
 950/1299 [====================>.........] - ETA: 0s - loss: 0.0019 - acc: 1.0000
1180/1299 [==========================>...] - ETA: 0s - loss: 0.0019 - acc: 1.0000
1299/1299 [==============================] - 0s 231us/step - loss: 0.0019 - acc: 1.0000 - val_loss: 0.0545 - val_acc: 0.9814
Epoch 17/30

  10/1299 [..............................] - ETA: 0s - loss: 7.0701e-04 - acc: 1.0000
 260/1299 [=====>........................] - ETA: 0s - loss: 0.0011 - acc: 1.0000    
 510/1299 [==========>...................] - ETA: 0s - loss: 0.0012 - acc: 1.0000
 740/1299 [================>.............] - ETA: 0s - loss: 0.0014 - acc: 1.0000
 980/1299 [=====================>........] - ETA: 0s - loss: 0.0015 - acc: 1.0000
1220/1299 [===========================>..] - ETA: 0s - loss: 0.0016 - acc: 1.0000
1299/1299 [==============================] - 0s 225us/step - loss: 0.0017 - acc: 1.0000 - val_loss: 0.0547 - val_acc: 0.9814
Epoch 18/30

  10/1299 [..............................] - ETA: 0s - loss: 0.0015 - acc: 1.0000
 250/1299 [====>.........................] - ETA: 0s - loss: 0.0012 - acc: 1.0000
 490/1299 [==========>...................] - ETA: 0s - loss: 0.0015 - acc: 1.0000
 730/1299 [===============>..............] - ETA: 0s - loss: 0.0013 - acc: 1.0000
 960/1299 [=====================>........] - ETA: 0s - loss: 0.0013 - acc: 1.0000
1190/1299 [==========================>...] - ETA: 0s - loss: 0.0013 - acc: 1.0000
1299/1299 [==============================] - 0s 231us/step - loss: 0.0015 - acc: 1.0000 - val_loss: 0.0553 - val_acc: 0.9814
Epoch 19/30

  10/1299 [..............................] - ETA: 0s - loss: 0.0022 - acc: 1.0000
 250/1299 [====>.........................] - ETA: 0s - loss: 0.0014 - acc: 1.0000
 500/1299 [==========>...................] - ETA: 0s - loss: 0.0012 - acc: 1.0000
 750/1299 [================>.............] - ETA: 0s - loss: 0.0012 - acc: 1.0000
 990/1299 [=====================>........] - ETA: 0s - loss: 0.0013 - acc: 1.0000
1230/1299 [===========================>..] - ETA: 0s - loss: 0.0013 - acc: 1.0000
1299/1299 [==============================] - 0s 222us/step - loss: 0.0013 - acc: 1.0000 - val_loss: 0.0565 - val_acc: 0.9814
Epoch 20/30

  10/1299 [..............................] - ETA: 0s - loss: 0.0016 - acc: 1.0000
 250/1299 [====>.........................] - ETA: 0s - loss: 9.9739e-04 - acc: 1.0000
 480/1299 [==========>...................] - ETA: 0s - loss: 9.8875e-04 - acc: 1.0000
 720/1299 [===============>..............] - ETA: 0s - loss: 9.9493e-04 - acc: 1.0000
 950/1299 [====================>.........] - ETA: 0s - loss: 0.0011 - acc: 1.0000    
1180/1299 [==========================>...] - ETA: 0s - loss: 0.0011 - acc: 1.0000
1299/1299 [==============================] - 0s 231us/step - loss: 0.0011 - acc: 1.0000 - val_loss: 0.0570 - val_acc: 0.9814
Epoch 21/30

  10/1299 [..............................] - ETA: 0s - loss: 3.9343e-04 - acc: 1.0000
 250/1299 [====>.........................] - ETA: 0s - loss: 9.4022e-04 - acc: 1.0000
 480/1299 [==========>...................] - ETA: 0s - loss: 9.9510e-04 - acc: 1.0000
 710/1299 [===============>..............] - ETA: 0s - loss: 9.0077e-04 - acc: 1.0000
 960/1299 [=====================>........] - ETA: 0s - loss: 9.0675e-04 - acc: 1.0000
1200/1299 [==========================>...] - ETA: 0s - loss: 9.8258e-04 - acc: 1.0000
1299/1299 [==============================] - 0s 227us/step - loss: 0.0010 - acc: 1.0000 - val_loss: 0.0567 - val_acc: 0.9814
acc: 98.14%
Accuracy: 97.90% (+/- 0.68%)
