Train on 1297 samples, validate on 325 samples
Epoch 1/30

  50/1297 [>.............................] - ETA: 11s - loss: 0.7056 - acc: 0.4600
1100/1297 [========================>.....] - ETA: 0s - loss: 0.2376 - acc: 0.8973 
1297/1297 [==============================] - 1s 452us/step - loss: 0.2174 - acc: 0.9098 - val_loss: 0.1399 - val_acc: 0.9508
Epoch 2/30

  50/1297 [>.............................] - ETA: 0s - loss: 0.0293 - acc: 0.9800
1200/1297 [==========================>...] - ETA: 0s - loss: 0.0549 - acc: 0.9825
1297/1297 [==============================] - 0s 48us/step - loss: 0.0523 - acc: 0.9830 - val_loss: 0.1194 - val_acc: 0.9569
Epoch 3/30

  50/1297 [>.............................] - ETA: 0s - loss: 0.0108 - acc: 1.0000
1200/1297 [==========================>...] - ETA: 0s - loss: 0.0305 - acc: 0.9908
1297/1297 [==============================] - 0s 48us/step - loss: 0.0322 - acc: 0.9907 - val_loss: 0.1432 - val_acc: 0.9569
Epoch 4/30

  50/1297 [>.............................] - ETA: 0s - loss: 0.0829 - acc: 0.9400
1150/1297 [=========================>....] - ETA: 0s - loss: 0.0217 - acc: 0.9904
1297/1297 [==============================] - 0s 49us/step - loss: 0.0239 - acc: 0.9900 - val_loss: 0.1702 - val_acc: 0.9477
acc: 95.69%
Train on 1297 samples, validate on 325 samples
Epoch 1/30

  50/1297 [>.............................] - ETA: 13s - loss: 0.6933 - acc: 0.5000
1250/1297 [===========================>..] - ETA: 0s - loss: 0.2548 - acc: 0.8896 
1297/1297 [==============================] - 1s 507us/step - loss: 0.2499 - acc: 0.8928 - val_loss: 0.1277 - val_acc: 0.9538
Epoch 2/30

  50/1297 [>.............................] - ETA: 0s - loss: 0.0731 - acc: 0.9600
1150/1297 [=========================>....] - ETA: 0s - loss: 0.0501 - acc: 0.9861
1297/1297 [==============================] - 0s 50us/step - loss: 0.0571 - acc: 0.9830 - val_loss: 0.1426 - val_acc: 0.9538
Epoch 3/30

  50/1297 [>.............................] - ETA: 0s - loss: 0.0042 - acc: 1.0000
1050/1297 [=======================>......] - ETA: 0s - loss: 0.0318 - acc: 0.9914
1297/1297 [==============================] - 0s 53us/step - loss: 0.0284 - acc: 0.9931 - val_loss: 0.1305 - val_acc: 0.9631
Epoch 4/30

  50/1297 [>.............................] - ETA: 0s - loss: 0.0051 - acc: 1.0000
1150/1297 [=========================>....] - ETA: 0s - loss: 0.0174 - acc: 0.9957
1297/1297 [==============================] - 0s 50us/step - loss: 0.0184 - acc: 0.9938 - val_loss: 0.0994 - val_acc: 0.9662
Epoch 5/30

  50/1297 [>.............................] - ETA: 0s - loss: 0.0076 - acc: 1.0000
1200/1297 [==========================>...] - ETA: 0s - loss: 0.0125 - acc: 0.9983
1297/1297 [==============================] - 0s 48us/step - loss: 0.0120 - acc: 0.9985 - val_loss: 0.0899 - val_acc: 0.9723
Epoch 6/30

  50/1297 [>.............................] - ETA: 0s - loss: 0.0019 - acc: 1.0000
1150/1297 [=========================>....] - ETA: 0s - loss: 0.0135 - acc: 0.9965
1297/1297 [==============================] - 0s 50us/step - loss: 0.0126 - acc: 0.9969 - val_loss: 0.0923 - val_acc: 0.9692
Epoch 7/30

  50/1297 [>.............................] - ETA: 0s - loss: 0.0076 - acc: 1.0000
1050/1297 [=======================>......] - ETA: 0s - loss: 0.0085 - acc: 0.9990
1297/1297 [==============================] - 0s 53us/step - loss: 0.0135 - acc: 0.9985 - val_loss: 0.0952 - val_acc: 0.9723
acc: 97.23%
Train on 1297 samples, validate on 325 samples
Epoch 1/30

  50/1297 [>.............................] - ETA: 16s - loss: 0.7017 - acc: 0.4400
1200/1297 [==========================>...] - ETA: 0s - loss: 0.2574 - acc: 0.8942 
1297/1297 [==============================] - 1s 619us/step - loss: 0.2474 - acc: 0.8990 - val_loss: 0.1011 - val_acc: 0.9754
Epoch 2/30

  50/1297 [>.............................] - ETA: 0s - loss: 0.0105 - acc: 1.0000
1100/1297 [========================>.....] - ETA: 0s - loss: 0.0486 - acc: 0.9827
1297/1297 [==============================] - 0s 51us/step - loss: 0.0504 - acc: 0.9823 - val_loss: 0.0829 - val_acc: 0.9785
Epoch 3/30

  50/1297 [>.............................] - ETA: 0s - loss: 0.0734 - acc: 0.9600
1150/1297 [=========================>....] - ETA: 0s - loss: 0.0323 - acc: 0.9896
1297/1297 [==============================] - 0s 51us/step - loss: 0.0336 - acc: 0.9884 - val_loss: 0.0722 - val_acc: 0.9846
Epoch 4/30

  50/1297 [>.............................] - ETA: 0s - loss: 0.0094 - acc: 1.0000
1050/1297 [=======================>......] - ETA: 0s - loss: 0.0232 - acc: 0.9962
1297/1297 [==============================] - 0s 53us/step - loss: 0.0208 - acc: 0.9969 - val_loss: 0.0657 - val_acc: 0.9785
Epoch 5/30

  50/1297 [>.............................] - ETA: 0s - loss: 0.0042 - acc: 1.0000
1200/1297 [==========================>...] - ETA: 0s - loss: 0.0129 - acc: 0.9967
1297/1297 [==============================] - 0s 49us/step - loss: 0.0125 - acc: 0.9969 - val_loss: 0.0733 - val_acc: 0.9754
acc: 98.46%
Train on 1298 samples, validate on 324 samples
Epoch 1/30

  50/1298 [>.............................] - ETA: 17s - loss: 0.7242 - acc: 0.4400
1250/1298 [===========================>..] - ETA: 0s - loss: 0.2215 - acc: 0.9016 
1298/1298 [==============================] - 1s 651us/step - loss: 0.2170 - acc: 0.9037 - val_loss: 0.0763 - val_acc: 0.9784
Epoch 2/30

  50/1298 [>.............................] - ETA: 0s - loss: 0.0442 - acc: 0.9800
1100/1298 [========================>.....] - ETA: 0s - loss: 0.0545 - acc: 0.9800
1298/1298 [==============================] - 0s 53us/step - loss: 0.0529 - acc: 0.9800 - val_loss: 0.1207 - val_acc: 0.9691
Epoch 3/30

  50/1298 [>.............................] - ETA: 0s - loss: 0.0161 - acc: 1.0000
1200/1298 [==========================>...] - ETA: 0s - loss: 0.0208 - acc: 0.9958
1298/1298 [==============================] - 0s 48us/step - loss: 0.0208 - acc: 0.9961 - val_loss: 0.0777 - val_acc: 0.9846
Epoch 4/30

  50/1298 [>.............................] - ETA: 0s - loss: 0.0070 - acc: 1.0000
1200/1298 [==========================>...] - ETA: 0s - loss: 0.0137 - acc: 0.9975
1298/1298 [==============================] - 0s 48us/step - loss: 0.0130 - acc: 0.9977 - val_loss: 0.0950 - val_acc: 0.9753
Epoch 5/30

  50/1298 [>.............................] - ETA: 0s - loss: 0.0030 - acc: 1.0000
1150/1298 [=========================>....] - ETA: 0s - loss: 0.0056 - acc: 0.9983
1298/1298 [==============================] - 0s 50us/step - loss: 0.0051 - acc: 0.9985 - val_loss: 0.0916 - val_acc: 0.9784
acc: 98.46%
Train on 1299 samples, validate on 323 samples
Epoch 1/30

  50/1299 [>.............................] - ETA: 21s - loss: 0.6870 - acc: 0.5200
1150/1299 [=========================>....] - ETA: 0s - loss: 0.2535 - acc: 0.8930 
1299/1299 [==============================] - 1s 794us/step - loss: 0.2339 - acc: 0.9007 - val_loss: 0.0778 - val_acc: 0.9721
Epoch 2/30

  50/1299 [>.............................] - ETA: 0s - loss: 0.0736 - acc: 0.9600
1150/1299 [=========================>....] - ETA: 0s - loss: 0.0640 - acc: 0.9826
1299/1299 [==============================] - 0s 50us/step - loss: 0.0622 - acc: 0.9823 - val_loss: 0.0609 - val_acc: 0.9814
Epoch 3/30

  50/1299 [>.............................] - ETA: 0s - loss: 0.0299 - acc: 1.0000
1100/1299 [========================>.....] - ETA: 0s - loss: 0.0318 - acc: 0.9909
1299/1299 [==============================] - 0s 51us/step - loss: 0.0340 - acc: 0.9908 - val_loss: 0.0526 - val_acc: 0.9783
Epoch 4/30

  50/1299 [>.............................] - ETA: 0s - loss: 0.0069 - acc: 1.0000
1150/1299 [=========================>....] - ETA: 0s - loss: 0.0233 - acc: 0.9965
1299/1299 [==============================] - 0s 50us/step - loss: 0.0235 - acc: 0.9962 - val_loss: 0.0708 - val_acc: 0.9721
acc: 98.14%
Accuracy: 97.60% (+/- 1.05%)
