Train on 1505 samples, validate on 117 samples
Epoch 1/30

 100/1505 [>.............................] - ETA: 6s - loss: 0.6999 - acc: 0.5500
1505/1505 [==============================] - 1s 387us/step - loss: 0.2856 - acc: 0.8904 - val_loss: 0.0838 - val_acc: 0.9573
Epoch 2/30

 100/1505 [>.............................] - ETA: 0s - loss: 0.0418 - acc: 0.9900
1505/1505 [==============================] - 0s 27us/step - loss: 0.0564 - acc: 0.9781 - val_loss: 0.0638 - val_acc: 0.9744
Epoch 3/30

 100/1505 [>.............................] - ETA: 0s - loss: 0.0161 - acc: 1.0000
1505/1505 [==============================] - 0s 27us/step - loss: 0.0240 - acc: 0.9934 - val_loss: 0.0404 - val_acc: 0.9744
Epoch 4/30

 100/1505 [>.............................] - ETA: 0s - loss: 0.0167 - acc: 0.9900
1505/1505 [==============================] - 0s 32us/step - loss: 0.0130 - acc: 0.9967 - val_loss: 0.0541 - val_acc: 0.9744
Epoch 5/30

 100/1505 [>.............................] - ETA: 0s - loss: 0.0052 - acc: 1.0000
1505/1505 [==============================] - 0s 27us/step - loss: 0.0085 - acc: 0.9973 - val_loss: 0.0571 - val_acc: 0.9744
Epoch 6/30

 100/1505 [>.............................] - ETA: 0s - loss: 0.0045 - acc: 1.0000
1505/1505 [==============================] - 0s 28us/step - loss: 0.0062 - acc: 0.9987 - val_loss: 0.0685 - val_acc: 0.9744
Epoch 7/30

 100/1505 [>.............................] - ETA: 0s - loss: 0.0076 - acc: 1.0000
1505/1505 [==============================] - 0s 27us/step - loss: 0.0044 - acc: 0.9993 - val_loss: 0.0712 - val_acc: 0.9658
Epoch 8/30

 100/1505 [>.............................] - ETA: 0s - loss: 0.0050 - acc: 1.0000
1505/1505 [==============================] - 0s 29us/step - loss: 0.0039 - acc: 0.9993 - val_loss: 0.0658 - val_acc: 0.9658
Epoch 9/30

 100/1505 [>.............................] - ETA: 0s - loss: 0.0012 - acc: 1.0000
1505/1505 [==============================] - 0s 28us/step - loss: 0.0056 - acc: 0.9987 - val_loss: 0.0739 - val_acc: 0.9658
Epoch 10/30

 100/1505 [>.............................] - ETA: 0s - loss: 6.1430e-04 - acc: 1.0000
1505/1505 [==============================] - 0s 32us/step - loss: 0.0032 - acc: 0.9987 - val_loss: 0.0775 - val_acc: 0.9744
Epoch 11/30

 100/1505 [>.............................] - ETA: 0s - loss: 0.0013 - acc: 1.0000
1505/1505 [==============================] - 0s 28us/step - loss: 0.0030 - acc: 0.9987 - val_loss: 0.1041 - val_acc: 0.9744
Epoch 12/30

 100/1505 [>.............................] - ETA: 0s - loss: 0.0015 - acc: 1.0000
1505/1505 [==============================] - 0s 27us/step - loss: 0.0035 - acc: 0.9993 - val_loss: 0.0846 - val_acc: 0.9744
Epoch 13/30

 100/1505 [>.............................] - ETA: 0s - loss: 0.0013 - acc: 1.0000
1505/1505 [==============================] - 0s 28us/step - loss: 0.0043 - acc: 0.9987 - val_loss: 0.0797 - val_acc: 0.9744
Epoch 14/30

 100/1505 [>.............................] - ETA: 0s - loss: 0.0014 - acc: 1.0000
1505/1505 [==============================] - 0s 26us/step - loss: 0.0035 - acc: 0.9987 - val_loss: 0.0929 - val_acc: 0.9744
Epoch 15/30

 100/1505 [>.............................] - ETA: 0s - loss: 0.0022 - acc: 1.0000
1505/1505 [==============================] - 0s 26us/step - loss: 0.0029 - acc: 0.9987 - val_loss: 0.0818 - val_acc: 0.9744
Epoch 16/30

 100/1505 [>.............................] - ETA: 0s - loss: 9.9212e-04 - acc: 1.0000
1505/1505 [==============================] - 0s 29us/step - loss: 0.0040 - acc: 0.9993 - val_loss: 0.0796 - val_acc: 0.9744
Epoch 17/30

 100/1505 [>.............................] - ETA: 0s - loss: 0.0024 - acc: 1.0000
1505/1505 [==============================] - 0s 27us/step - loss: 0.0052 - acc: 0.9980 - val_loss: 0.0623 - val_acc: 0.9658
Epoch 18/30

 100/1505 [>.............................] - ETA: 0s - loss: 0.0032 - acc: 1.0000
1505/1505 [==============================] - 0s 26us/step - loss: 0.0047 - acc: 0.9987 - val_loss: 0.0743 - val_acc: 0.9658
acc: 97.44%
Train on 1505 samples, validate on 117 samples
Epoch 1/30

 100/1505 [>.............................] - ETA: 7s - loss: 0.6927 - acc: 0.5200
1505/1505 [==============================] - 1s 410us/step - loss: 0.2784 - acc: 0.8877 - val_loss: 0.1507 - val_acc: 0.9487
Epoch 2/30

 100/1505 [>.............................] - ETA: 0s - loss: 0.0565 - acc: 0.9800
1505/1505 [==============================] - 0s 28us/step - loss: 0.0487 - acc: 0.9847 - val_loss: 0.1284 - val_acc: 0.9658
Epoch 3/30

 100/1505 [>.............................] - ETA: 0s - loss: 0.0264 - acc: 0.9900
1505/1505 [==============================] - 0s 28us/step - loss: 0.0241 - acc: 0.9947 - val_loss: 0.1315 - val_acc: 0.9573
Epoch 4/30

 100/1505 [>.............................] - ETA: 0s - loss: 0.0053 - acc: 1.0000
1505/1505 [==============================] - 0s 28us/step - loss: 0.0156 - acc: 0.9967 - val_loss: 0.1011 - val_acc: 0.9658
Epoch 5/30

 100/1505 [>.............................] - ETA: 0s - loss: 0.0279 - acc: 0.9900
1505/1505 [==============================] - 0s 31us/step - loss: 0.0084 - acc: 0.9980 - val_loss: 0.0989 - val_acc: 0.9573
Epoch 6/30

 100/1505 [>.............................] - ETA: 0s - loss: 0.0031 - acc: 1.0000
1505/1505 [==============================] - 0s 27us/step - loss: 0.0089 - acc: 0.9980 - val_loss: 0.1131 - val_acc: 0.9573
Epoch 7/30

 100/1505 [>.............................] - ETA: 0s - loss: 0.0019 - acc: 1.0000
1505/1505 [==============================] - 0s 29us/step - loss: 0.0058 - acc: 0.9987 - val_loss: 0.1172 - val_acc: 0.9573
Epoch 8/30

 100/1505 [>.............................] - ETA: 0s - loss: 0.0014 - acc: 1.0000
1505/1505 [==============================] - 0s 28us/step - loss: 0.0046 - acc: 0.9987 - val_loss: 0.1189 - val_acc: 0.9658
Epoch 9/30

 100/1505 [>.............................] - ETA: 0s - loss: 0.0015 - acc: 1.0000
1505/1505 [==============================] - 0s 27us/step - loss: 0.0041 - acc: 0.9987 - val_loss: 0.1148 - val_acc: 0.9658
Epoch 10/30

 100/1505 [>.............................] - ETA: 0s - loss: 0.0041 - acc: 1.0000
1505/1505 [==============================] - 0s 30us/step - loss: 0.0036 - acc: 0.9987 - val_loss: 0.1171 - val_acc: 0.9573
Epoch 11/30

 100/1505 [>.............................] - ETA: 0s - loss: 0.0018 - acc: 1.0000
1505/1505 [==============================] - 0s 33us/step - loss: 0.0029 - acc: 0.9993 - val_loss: 0.1221 - val_acc: 0.9658
Epoch 12/30

 100/1505 [>.............................] - ETA: 0s - loss: 7.2128e-04 - acc: 1.0000
1505/1505 [==============================] - 0s 27us/step - loss: 0.0032 - acc: 0.9987 - val_loss: 0.1253 - val_acc: 0.9658
Epoch 13/30

 100/1505 [>.............................] - ETA: 0s - loss: 9.4667e-04 - acc: 1.0000
1505/1505 [==============================] - 0s 27us/step - loss: 0.0028 - acc: 0.9987 - val_loss: 0.1210 - val_acc: 0.9658
Epoch 14/30

 100/1505 [>.............................] - ETA: 0s - loss: 6.2326e-04 - acc: 1.0000
1505/1505 [==============================] - 0s 27us/step - loss: 0.0027 - acc: 0.9987 - val_loss: 0.1215 - val_acc: 0.9573
Epoch 15/30

 100/1505 [>.............................] - ETA: 0s - loss: 4.8266e-04 - acc: 1.0000
1505/1505 [==============================] - 0s 27us/step - loss: 0.0025 - acc: 0.9987 - val_loss: 0.1213 - val_acc: 0.9573
Epoch 16/30

 100/1505 [>.............................] - ETA: 0s - loss: 0.0029 - acc: 1.0000
1505/1505 [==============================] - 0s 29us/step - loss: 0.0023 - acc: 0.9993 - val_loss: 0.1170 - val_acc: 0.9658
Epoch 17/30

 100/1505 [>.............................] - ETA: 0s - loss: 0.0011 - acc: 1.0000
1505/1505 [==============================] - 0s 28us/step - loss: 0.0022 - acc: 0.9993 - val_loss: 0.1006 - val_acc: 0.9658
Epoch 18/30

 100/1505 [>.............................] - ETA: 0s - loss: 0.0010 - acc: 1.0000
1505/1505 [==============================] - 0s 28us/step - loss: 0.0032 - acc: 0.9993 - val_loss: 0.0951 - val_acc: 0.9658
acc: 96.58%
Train on 1505 samples, validate on 117 samples
Epoch 1/30

 100/1505 [>.............................] - ETA: 8s - loss: 0.7044 - acc: 0.4000
1505/1505 [==============================] - 1s 481us/step - loss: 0.2495 - acc: 0.8957 - val_loss: 0.1744 - val_acc: 0.9316
Epoch 2/30

 100/1505 [>.............................] - ETA: 0s - loss: 0.0259 - acc: 0.9900
1505/1505 [==============================] - 0s 30us/step - loss: 0.0448 - acc: 0.9867 - val_loss: 0.1479 - val_acc: 0.9402
Epoch 3/30

 100/1505 [>.............................] - ETA: 0s - loss: 0.0565 - acc: 0.9900
1505/1505 [==============================] - 0s 28us/step - loss: 0.0231 - acc: 0.9947 - val_loss: 0.1301 - val_acc: 0.9402
Epoch 4/30

 100/1505 [>.............................] - ETA: 0s - loss: 0.0056 - acc: 1.0000
1505/1505 [==============================] - 0s 28us/step - loss: 0.0149 - acc: 0.9967 - val_loss: 0.1181 - val_acc: 0.9573
Epoch 5/30

 100/1505 [>.............................] - ETA: 0s - loss: 0.0098 - acc: 1.0000
1505/1505 [==============================] - 0s 27us/step - loss: 0.0095 - acc: 0.9980 - val_loss: 0.1139 - val_acc: 0.9573
Epoch 6/30

 100/1505 [>.............................] - ETA: 0s - loss: 0.0033 - acc: 1.0000
1505/1505 [==============================] - 0s 27us/step - loss: 0.0063 - acc: 0.9980 - val_loss: 0.1242 - val_acc: 0.9573
Epoch 7/30

 100/1505 [>.............................] - ETA: 0s - loss: 0.0018 - acc: 1.0000
1505/1505 [==============================] - 0s 27us/step - loss: 0.0071 - acc: 0.9987 - val_loss: 0.1160 - val_acc: 0.9573
Epoch 8/30

 100/1505 [>.............................] - ETA: 0s - loss: 0.0030 - acc: 1.0000
1505/1505 [==============================] - 0s 27us/step - loss: 0.0059 - acc: 0.9980 - val_loss: 0.1250 - val_acc: 0.9573
Epoch 9/30

 100/1505 [>.............................] - ETA: 0s - loss: 0.0011 - acc: 1.0000
1505/1505 [==============================] - 0s 31us/step - loss: 0.0064 - acc: 0.9987 - val_loss: 0.1117 - val_acc: 0.9573
Epoch 10/30

 100/1505 [>.............................] - ETA: 0s - loss: 0.0023 - acc: 1.0000
1505/1505 [==============================] - 0s 27us/step - loss: 0.0060 - acc: 0.9987 - val_loss: 0.1230 - val_acc: 0.9658
Epoch 11/30

 100/1505 [>.............................] - ETA: 0s - loss: 0.0047 - acc: 1.0000
1505/1505 [==============================] - 0s 27us/step - loss: 0.0066 - acc: 0.9980 - val_loss: 0.1216 - val_acc: 0.9658
Epoch 12/30

 100/1505 [>.............................] - ETA: 0s - loss: 8.9311e-04 - acc: 1.0000
1505/1505 [==============================] - 0s 28us/step - loss: 0.0069 - acc: 0.9973 - val_loss: 0.1222 - val_acc: 0.9658
Epoch 13/30

 100/1505 [>.............................] - ETA: 0s - loss: 6.2946e-04 - acc: 1.0000
1505/1505 [==============================] - 0s 28us/step - loss: 0.0049 - acc: 0.9987 - val_loss: 0.1351 - val_acc: 0.9573
Epoch 14/30

 100/1505 [>.............................] - ETA: 0s - loss: 0.0014 - acc: 1.0000
1505/1505 [==============================] - 0s 29us/step - loss: 0.0054 - acc: 0.9987 - val_loss: 0.1268 - val_acc: 0.9573
Epoch 15/30

 100/1505 [>.............................] - ETA: 0s - loss: 0.0026 - acc: 1.0000
1505/1505 [==============================] - 0s 30us/step - loss: 0.0040 - acc: 0.9993 - val_loss: 0.1123 - val_acc: 0.9658
Epoch 16/30

 100/1505 [>.............................] - ETA: 0s - loss: 6.3092e-04 - acc: 1.0000
1505/1505 [==============================] - 0s 29us/step - loss: 0.0035 - acc: 0.9993 - val_loss: 0.0994 - val_acc: 0.9658
Epoch 17/30

 100/1505 [>.............................] - ETA: 0s - loss: 0.0017 - acc: 1.0000
1505/1505 [==============================] - 0s 28us/step - loss: 0.0041 - acc: 0.9993 - val_loss: 0.0926 - val_acc: 0.9744
Epoch 18/30

 100/1505 [>.............................] - ETA: 0s - loss: 7.3597e-04 - acc: 1.0000
1505/1505 [==============================] - 0s 28us/step - loss: 0.0034 - acc: 0.9993 - val_loss: 0.0883 - val_acc: 0.9744
Epoch 19/30

 100/1505 [>.............................] - ETA: 0s - loss: 7.4190e-04 - acc: 1.0000
1505/1505 [==============================] - 0s 28us/step - loss: 0.0039 - acc: 0.9993 - val_loss: 0.1046 - val_acc: 0.9658
Epoch 20/30

 100/1505 [>.............................] - ETA: 0s - loss: 3.1742e-04 - acc: 1.0000
1505/1505 [==============================] - 0s 28us/step - loss: 0.0041 - acc: 0.9987 - val_loss: 0.1141 - val_acc: 0.9658
Epoch 21/30

 100/1505 [>.............................] - ETA: 0s - loss: 0.0028 - acc: 1.0000
1200/1505 [======================>.......] - ETA: 0s - loss: 0.0039 - acc: 0.9992
1505/1505 [==============================] - 0s 44us/step - loss: 0.0039 - acc: 0.9993 - val_loss: 0.1048 - val_acc: 0.9658
Epoch 22/30

 100/1505 [>.............................] - ETA: 0s - loss: 0.0310 - acc: 0.9800
1505/1505 [==============================] - 0s 28us/step - loss: 0.0030 - acc: 0.9987 - val_loss: 0.1076 - val_acc: 0.9658
Epoch 23/30

 100/1505 [>.............................] - ETA: 0s - loss: 9.5644e-04 - acc: 1.0000
1505/1505 [==============================] - 0s 28us/step - loss: 0.0055 - acc: 0.9987 - val_loss: 0.1052 - val_acc: 0.9658
Epoch 24/30

 100/1505 [>.............................] - ETA: 0s - loss: 0.0296 - acc: 0.9900
1505/1505 [==============================] - 0s 27us/step - loss: 0.0057 - acc: 0.9987 - val_loss: 0.1100 - val_acc: 0.9658
Epoch 25/30

 100/1505 [>.............................] - ETA: 0s - loss: 6.0888e-04 - acc: 1.0000
1505/1505 [==============================] - 0s 30us/step - loss: 0.0039 - acc: 0.9987 - val_loss: 0.0977 - val_acc: 0.9573
Epoch 26/30

 100/1505 [>.............................] - ETA: 0s - loss: 3.2186e-04 - acc: 1.0000
1505/1505 [==============================] - 0s 38us/step - loss: 0.0041 - acc: 0.9987 - val_loss: 0.0881 - val_acc: 0.9658
Epoch 27/30

 100/1505 [>.............................] - ETA: 0s - loss: 0.0017 - acc: 1.0000
1505/1505 [==============================] - 0s 33us/step - loss: 0.0044 - acc: 0.9987 - val_loss: 0.0939 - val_acc: 0.9658
Epoch 28/30

 100/1505 [>.............................] - ETA: 0s - loss: 5.5760e-04 - acc: 1.0000
1505/1505 [==============================] - 0s 33us/step - loss: 0.0071 - acc: 0.9987 - val_loss: 0.0941 - val_acc: 0.9658
Epoch 29/30

 100/1505 [>.............................] - ETA: 0s - loss: 4.9291e-04 - acc: 1.0000
1505/1505 [==============================] - 0s 31us/step - loss: 0.0053 - acc: 0.9987 - val_loss: 0.1018 - val_acc: 0.9658
Epoch 30/30

 100/1505 [>.............................] - ETA: 0s - loss: 0.0259 - acc: 0.9900
1505/1505 [==============================] - 0s 30us/step - loss: 0.0051 - acc: 0.9987 - val_loss: 0.1033 - val_acc: 0.9658
acc: 96.58%
Train on 1506 samples, validate on 116 samples
Epoch 1/30

 100/1506 [>.............................] - ETA: 10s - loss: 0.6726 - acc: 0.6600
1506/1506 [==============================] - 1s 572us/step - loss: 0.2444 - acc: 0.8964 - val_loss: 0.0751 - val_acc: 0.9741
Epoch 2/30

 100/1506 [>.............................] - ETA: 0s - loss: 0.1013 - acc: 0.9700
1506/1506 [==============================] - 0s 29us/step - loss: 0.0668 - acc: 0.9801 - val_loss: 0.0513 - val_acc: 0.9741
Epoch 3/30

 100/1506 [>.............................] - ETA: 0s - loss: 0.0209 - acc: 1.0000
1506/1506 [==============================] - 0s 28us/step - loss: 0.0262 - acc: 0.9934 - val_loss: 0.0326 - val_acc: 0.9741
Epoch 4/30

 100/1506 [>.............................] - ETA: 0s - loss: 0.0301 - acc: 0.9900
1506/1506 [==============================] - 0s 30us/step - loss: 0.0162 - acc: 0.9954 - val_loss: 0.0194 - val_acc: 0.9914
Epoch 5/30

 100/1506 [>.............................] - ETA: 0s - loss: 0.0239 - acc: 0.9900
1506/1506 [==============================] - 0s 30us/step - loss: 0.0093 - acc: 0.9980 - val_loss: 0.0196 - val_acc: 0.9914
Epoch 6/30

 100/1506 [>.............................] - ETA: 0s - loss: 0.0014 - acc: 1.0000
1506/1506 [==============================] - 0s 29us/step - loss: 0.0066 - acc: 0.9980 - val_loss: 0.0142 - val_acc: 1.0000
Epoch 7/30

 100/1506 [>.............................] - ETA: 0s - loss: 0.0020 - acc: 1.0000
1506/1506 [==============================] - 0s 29us/step - loss: 0.0056 - acc: 0.9980 - val_loss: 0.0193 - val_acc: 1.0000
Epoch 8/30

 100/1506 [>.............................] - ETA: 0s - loss: 0.0012 - acc: 1.0000
1506/1506 [==============================] - 0s 29us/step - loss: 0.0045 - acc: 0.9993 - val_loss: 0.0246 - val_acc: 0.9828
Epoch 9/30

 100/1506 [>.............................] - ETA: 0s - loss: 0.0011 - acc: 1.0000
1506/1506 [==============================] - 0s 30us/step - loss: 0.0048 - acc: 0.9987 - val_loss: 0.0224 - val_acc: 1.0000
Epoch 10/30

 100/1506 [>.............................] - ETA: 0s - loss: 0.0011 - acc: 1.0000
1506/1506 [==============================] - 0s 28us/step - loss: 0.0031 - acc: 0.9987 - val_loss: 0.0237 - val_acc: 0.9828
Epoch 11/30

 100/1506 [>.............................] - ETA: 0s - loss: 8.2802e-04 - acc: 1.0000
1506/1506 [==============================] - 0s 28us/step - loss: 0.0036 - acc: 0.9993 - val_loss: 0.0228 - val_acc: 0.9914
Epoch 12/30

 100/1506 [>.............................] - ETA: 0s - loss: 9.2471e-04 - acc: 1.0000
1506/1506 [==============================] - 0s 28us/step - loss: 0.0021 - acc: 0.9993 - val_loss: 0.0202 - val_acc: 0.9914
Epoch 13/30

 100/1506 [>.............................] - ETA: 0s - loss: 6.1429e-04 - acc: 1.0000
1506/1506 [==============================] - 0s 28us/step - loss: 0.0037 - acc: 0.9993 - val_loss: 0.0212 - val_acc: 0.9914
Epoch 14/30

 100/1506 [>.............................] - ETA: 0s - loss: 3.2310e-04 - acc: 1.0000
1506/1506 [==============================] - 0s 28us/step - loss: 0.0027 - acc: 0.9993 - val_loss: 0.0275 - val_acc: 0.9828
Epoch 15/30

 100/1506 [>.............................] - ETA: 0s - loss: 7.7936e-04 - acc: 1.0000
1506/1506 [==============================] - 0s 32us/step - loss: 0.0034 - acc: 0.9993 - val_loss: 0.0260 - val_acc: 0.9914
Epoch 16/30

 100/1506 [>.............................] - ETA: 0s - loss: 3.5673e-04 - acc: 1.0000
1506/1506 [==============================] - 0s 29us/step - loss: 0.0024 - acc: 0.9993 - val_loss: 0.0305 - val_acc: 0.9914
Epoch 17/30

 100/1506 [>.............................] - ETA: 0s - loss: 9.3074e-04 - acc: 1.0000
1506/1506 [==============================] - 0s 29us/step - loss: 0.0030 - acc: 0.9993 - val_loss: 0.0293 - val_acc: 0.9828
Epoch 18/30

 100/1506 [>.............................] - ETA: 0s - loss: 6.2174e-04 - acc: 1.0000
1506/1506 [==============================] - 0s 31us/step - loss: 0.0021 - acc: 0.9993 - val_loss: 0.0310 - val_acc: 0.9828
Epoch 19/30

 100/1506 [>.............................] - ETA: 0s - loss: 0.0016 - acc: 1.0000
1506/1506 [==============================] - 0s 29us/step - loss: 0.0032 - acc: 0.9993 - val_loss: 0.0441 - val_acc: 0.9828
Epoch 20/30

 100/1506 [>.............................] - ETA: 0s - loss: 3.5746e-04 - acc: 1.0000
1506/1506 [==============================] - 0s 30us/step - loss: 0.0035 - acc: 0.9993 - val_loss: 0.0418 - val_acc: 0.9828
Epoch 21/30

 100/1506 [>.............................] - ETA: 0s - loss: 0.0010 - acc: 1.0000
1506/1506 [==============================] - 0s 30us/step - loss: 0.0027 - acc: 0.9993 - val_loss: 0.0333 - val_acc: 0.9828
Epoch 22/30

 100/1506 [>.............................] - ETA: 0s - loss: 5.3377e-04 - acc: 1.0000
1506/1506 [==============================] - 0s 28us/step - loss: 0.0038 - acc: 0.9993 - val_loss: 0.0380 - val_acc: 0.9828
acc: 100.00%
Train on 1506 samples, validate on 116 samples
Epoch 1/30

 100/1506 [>.............................] - ETA: 11s - loss: 0.6899 - acc: 0.5700
1506/1506 [==============================] - 1s 621us/step - loss: 0.3254 - acc: 0.8599 - val_loss: 0.1468 - val_acc: 0.9397
Epoch 2/30

 100/1506 [>.............................] - ETA: 0s - loss: 0.0447 - acc: 0.9800
1506/1506 [==============================] - 0s 29us/step - loss: 0.0501 - acc: 0.9827 - val_loss: 0.1549 - val_acc: 0.9397
Epoch 3/30

 100/1506 [>.............................] - ETA: 0s - loss: 0.0075 - acc: 1.0000
1506/1506 [==============================] - 0s 32us/step - loss: 0.0266 - acc: 0.9927 - val_loss: 0.1372 - val_acc: 0.9483
Epoch 4/30

 100/1506 [>.............................] - ETA: 0s - loss: 0.0058 - acc: 1.0000
1506/1506 [==============================] - 0s 30us/step - loss: 0.0156 - acc: 0.9947 - val_loss: 0.1506 - val_acc: 0.9397
Epoch 5/30

 100/1506 [>.............................] - ETA: 0s - loss: 0.0027 - acc: 1.0000
1506/1506 [==============================] - 0s 29us/step - loss: 0.0086 - acc: 0.9973 - val_loss: 0.1414 - val_acc: 0.9397
Epoch 6/30

 100/1506 [>.............................] - ETA: 0s - loss: 0.0026 - acc: 1.0000
1506/1506 [==============================] - 0s 30us/step - loss: 0.0076 - acc: 0.9980 - val_loss: 0.1162 - val_acc: 0.9397
Epoch 7/30

 100/1506 [>.............................] - ETA: 0s - loss: 0.0031 - acc: 1.0000
1506/1506 [==============================] - 0s 30us/step - loss: 0.0055 - acc: 0.9993 - val_loss: 0.1260 - val_acc: 0.9310
Epoch 8/30

 100/1506 [>.............................] - ETA: 0s - loss: 0.0018 - acc: 1.0000
1506/1506 [==============================] - 0s 29us/step - loss: 0.0046 - acc: 0.9993 - val_loss: 0.1441 - val_acc: 0.9310
Epoch 9/30

 100/1506 [>.............................] - ETA: 0s - loss: 0.0015 - acc: 1.0000
1506/1506 [==============================] - 0s 29us/step - loss: 0.0038 - acc: 0.9993 - val_loss: 0.1282 - val_acc: 0.9483
Epoch 10/30

 100/1506 [>.............................] - ETA: 0s - loss: 0.0014 - acc: 1.0000
1506/1506 [==============================] - 0s 29us/step - loss: 0.0038 - acc: 0.9993 - val_loss: 0.1318 - val_acc: 0.9483
Epoch 11/30

 100/1506 [>.............................] - ETA: 0s - loss: 0.0018 - acc: 1.0000
1506/1506 [==============================] - 0s 30us/step - loss: 0.0031 - acc: 0.9993 - val_loss: 0.1306 - val_acc: 0.9483
Epoch 12/30

 100/1506 [>.............................] - ETA: 0s - loss: 8.2470e-04 - acc: 1.0000
1506/1506 [==============================] - 0s 30us/step - loss: 0.0031 - acc: 0.9993 - val_loss: 0.1294 - val_acc: 0.9483
Epoch 13/30

 100/1506 [>.............................] - ETA: 0s - loss: 0.0011 - acc: 1.0000
1506/1506 [==============================] - 0s 29us/step - loss: 0.0030 - acc: 0.9993 - val_loss: 0.1360 - val_acc: 0.9483
Epoch 14/30

 100/1506 [>.............................] - ETA: 0s - loss: 0.0281 - acc: 0.9900
1506/1506 [==============================] - 0s 28us/step - loss: 0.0030 - acc: 0.9993 - val_loss: 0.1389 - val_acc: 0.9483
Epoch 15/30

 100/1506 [>.............................] - ETA: 0s - loss: 0.0010 - acc: 1.0000
1506/1506 [==============================] - 0s 29us/step - loss: 0.0029 - acc: 0.9993 - val_loss: 0.1397 - val_acc: 0.9483
Epoch 16/30

 100/1506 [>.............................] - ETA: 0s - loss: 0.0015 - acc: 1.0000
1506/1506 [==============================] - 0s 28us/step - loss: 0.0026 - acc: 0.9993 - val_loss: 0.1387 - val_acc: 0.9483
Epoch 17/30

 100/1506 [>.............................] - ETA: 0s - loss: 0.0036 - acc: 1.0000
1506/1506 [==============================] - 0s 27us/step - loss: 0.0024 - acc: 0.9993 - val_loss: 0.1411 - val_acc: 0.9483
Epoch 18/30

 100/1506 [>.............................] - ETA: 0s - loss: 7.9228e-04 - acc: 1.0000
1506/1506 [==============================] - 0s 31us/step - loss: 0.0022 - acc: 0.9993 - val_loss: 0.1437 - val_acc: 0.9483
Epoch 19/30

 100/1506 [>.............................] - ETA: 0s - loss: 9.4653e-04 - acc: 1.0000
1506/1506 [==============================] - 0s 28us/step - loss: 0.0019 - acc: 0.9993 - val_loss: 0.1459 - val_acc: 0.9483
Epoch 20/30

 100/1506 [>.............................] - ETA: 0s - loss: 9.3405e-04 - acc: 1.0000
1506/1506 [==============================] - 0s 28us/step - loss: 0.0018 - acc: 0.9993 - val_loss: 0.1413 - val_acc: 0.9483
Epoch 21/30

 100/1506 [>.............................] - ETA: 0s - loss: 0.0014 - acc: 1.0000
1506/1506 [==============================] - 0s 30us/step - loss: 0.0020 - acc: 0.9993 - val_loss: 0.1348 - val_acc: 0.9483
Epoch 22/30

 100/1506 [>.............................] - ETA: 0s - loss: 5.4954e-04 - acc: 1.0000
1506/1506 [==============================] - 0s 28us/step - loss: 0.0012 - acc: 0.9993 - val_loss: 0.1392 - val_acc: 0.9483
Epoch 23/30

 100/1506 [>.............................] - ETA: 0s - loss: 2.7416e-04 - acc: 1.0000
1506/1506 [==============================] - 0s 30us/step - loss: 0.0018 - acc: 0.9993 - val_loss: 0.1518 - val_acc: 0.9483
Epoch 24/30

 100/1506 [>.............................] - ETA: 0s - loss: 2.6418e-04 - acc: 1.0000
1506/1506 [==============================] - 0s 29us/step - loss: 0.0017 - acc: 0.9993 - val_loss: 0.1439 - val_acc: 0.9483
Epoch 25/30

 100/1506 [>.............................] - ETA: 0s - loss: 2.3853e-04 - acc: 1.0000
1506/1506 [==============================] - 0s 32us/step - loss: 0.0015 - acc: 0.9993 - val_loss: 0.1459 - val_acc: 0.9483
acc: 94.83%
Train on 1506 samples, validate on 116 samples
Epoch 1/30

 100/1506 [>.............................] - ETA: 12s - loss: 0.6965 - acc: 0.5100
1506/1506 [==============================] - 1s 716us/step - loss: 0.2240 - acc: 0.9044 - val_loss: 0.1155 - val_acc: 0.9828
Epoch 2/30

 100/1506 [>.............................] - ETA: 0s - loss: 0.0471 - acc: 0.9800
1506/1506 [==============================] - 0s 31us/step - loss: 0.0425 - acc: 0.9847 - val_loss: 0.1076 - val_acc: 0.9828
Epoch 3/30

 100/1506 [>.............................] - ETA: 0s - loss: 0.0358 - acc: 0.9900
1506/1506 [==============================] - 0s 29us/step - loss: 0.0258 - acc: 0.9934 - val_loss: 0.1049 - val_acc: 0.9741
Epoch 4/30

 100/1506 [>.............................] - ETA: 0s - loss: 0.0066 - acc: 1.0000
1506/1506 [==============================] - 0s 28us/step - loss: 0.0122 - acc: 0.9967 - val_loss: 0.0974 - val_acc: 0.9741
Epoch 5/30

 100/1506 [>.............................] - ETA: 0s - loss: 0.0121 - acc: 0.9900
1506/1506 [==============================] - 0s 30us/step - loss: 0.0069 - acc: 0.9980 - val_loss: 0.0984 - val_acc: 0.9741
Epoch 6/30

 100/1506 [>.............................] - ETA: 0s - loss: 0.0023 - acc: 1.0000
1506/1506 [==============================] - 0s 29us/step - loss: 0.0049 - acc: 0.9980 - val_loss: 0.1012 - val_acc: 0.9741
Epoch 7/30

 100/1506 [>.............................] - ETA: 0s - loss: 0.0010 - acc: 1.0000
1506/1506 [==============================] - 0s 29us/step - loss: 0.0033 - acc: 0.9993 - val_loss: 0.0913 - val_acc: 0.9655
Epoch 8/30

 100/1506 [>.............................] - ETA: 0s - loss: 7.3826e-04 - acc: 1.0000
1506/1506 [==============================] - 0s 28us/step - loss: 0.0049 - acc: 0.9987 - val_loss: 0.0897 - val_acc: 0.9741
Epoch 9/30

 100/1506 [>.............................] - ETA: 0s - loss: 0.0014 - acc: 1.0000
1506/1506 [==============================] - 0s 28us/step - loss: 0.0039 - acc: 0.9987 - val_loss: 0.0952 - val_acc: 0.9741
Epoch 10/30

 100/1506 [>.............................] - ETA: 0s - loss: 8.1764e-04 - acc: 1.0000
1506/1506 [==============================] - 0s 28us/step - loss: 0.0031 - acc: 0.9987 - val_loss: 0.0783 - val_acc: 0.9741
Epoch 11/30

 100/1506 [>.............................] - ETA: 0s - loss: 0.0012 - acc: 1.0000
1506/1506 [==============================] - 0s 32us/step - loss: 0.0045 - acc: 0.9987 - val_loss: 0.1103 - val_acc: 0.9655
Epoch 12/30

 100/1506 [>.............................] - ETA: 0s - loss: 0.0014 - acc: 1.0000
1506/1506 [==============================] - 0s 29us/step - loss: 0.0035 - acc: 0.9987 - val_loss: 0.1281 - val_acc: 0.9655
Epoch 13/30

 100/1506 [>.............................] - ETA: 0s - loss: 4.9461e-04 - acc: 1.0000
1506/1506 [==============================] - 0s 28us/step - loss: 0.0040 - acc: 0.9987 - val_loss: 0.1125 - val_acc: 0.9741
Epoch 14/30

 100/1506 [>.............................] - ETA: 0s - loss: 0.0015 - acc: 1.0000
1506/1506 [==============================] - 0s 30us/step - loss: 0.0027 - acc: 0.9993 - val_loss: 0.1013 - val_acc: 0.9741
Epoch 15/30

 100/1506 [>.............................] - ETA: 0s - loss: 4.0759e-04 - acc: 1.0000
1506/1506 [==============================] - 0s 28us/step - loss: 0.0023 - acc: 0.9993 - val_loss: 0.1075 - val_acc: 0.9741
Epoch 16/30

 100/1506 [>.............................] - ETA: 0s - loss: 4.4273e-04 - acc: 1.0000
1506/1506 [==============================] - 0s 30us/step - loss: 0.0026 - acc: 0.9993 - val_loss: 0.1107 - val_acc: 0.9741
Epoch 17/30

 100/1506 [>.............................] - ETA: 0s - loss: 0.0087 - acc: 1.0000
1506/1506 [==============================] - 0s 30us/step - loss: 0.0014 - acc: 1.0000 - val_loss: 0.1268 - val_acc: 0.9741
acc: 98.28%
Train on 1506 samples, validate on 116 samples
Epoch 1/30

 100/1506 [>.............................] - ETA: 14s - loss: 0.7019 - acc: 0.5200
1506/1506 [==============================] - 1s 771us/step - loss: 0.2946 - acc: 0.8738 - val_loss: 0.0420 - val_acc: 0.9914
Epoch 2/30

 100/1506 [>.............................] - ETA: 0s - loss: 0.0663 - acc: 0.9800
1506/1506 [==============================] - 0s 31us/step - loss: 0.0564 - acc: 0.9814 - val_loss: 0.0213 - val_acc: 0.9914
Epoch 3/30

 100/1506 [>.............................] - ETA: 0s - loss: 0.0217 - acc: 0.9900
1506/1506 [==============================] - 0s 30us/step - loss: 0.0256 - acc: 0.9914 - val_loss: 0.0150 - val_acc: 1.0000
Epoch 4/30

 100/1506 [>.............................] - ETA: 0s - loss: 0.0049 - acc: 1.0000
1506/1506 [==============================] - 0s 29us/step - loss: 0.0146 - acc: 0.9973 - val_loss: 0.0167 - val_acc: 1.0000
Epoch 5/30

 100/1506 [>.............................] - ETA: 0s - loss: 0.0028 - acc: 1.0000
1506/1506 [==============================] - 0s 29us/step - loss: 0.0109 - acc: 0.9980 - val_loss: 0.0141 - val_acc: 0.9914
Epoch 6/30

 100/1506 [>.............................] - ETA: 0s - loss: 0.0015 - acc: 1.0000
1506/1506 [==============================] - 0s 29us/step - loss: 0.0078 - acc: 0.9987 - val_loss: 0.0269 - val_acc: 0.9914
Epoch 7/30

 100/1506 [>.............................] - ETA: 0s - loss: 0.0072 - acc: 1.0000
1506/1506 [==============================] - 0s 30us/step - loss: 0.0086 - acc: 0.9973 - val_loss: 0.0217 - val_acc: 0.9914
Epoch 8/30

 100/1506 [>.............................] - ETA: 0s - loss: 0.0016 - acc: 1.0000
1506/1506 [==============================] - 0s 28us/step - loss: 0.0063 - acc: 0.9980 - val_loss: 0.0263 - val_acc: 0.9914
Epoch 9/30

 100/1506 [>.............................] - ETA: 0s - loss: 0.0041 - acc: 1.0000
1506/1506 [==============================] - 0s 30us/step - loss: 0.0056 - acc: 0.9987 - val_loss: 0.0188 - val_acc: 0.9914
Epoch 10/30

 100/1506 [>.............................] - ETA: 0s - loss: 0.0020 - acc: 1.0000
1506/1506 [==============================] - 0s 28us/step - loss: 0.0045 - acc: 0.9993 - val_loss: 0.0215 - val_acc: 0.9914
Epoch 11/30

 100/1506 [>.............................] - ETA: 0s - loss: 0.0028 - acc: 1.0000
1506/1506 [==============================] - 0s 28us/step - loss: 0.0044 - acc: 0.9987 - val_loss: 0.0216 - val_acc: 0.9914
Epoch 12/30

 100/1506 [>.............................] - ETA: 0s - loss: 0.0020 - acc: 1.0000
1506/1506 [==============================] - 0s 28us/step - loss: 0.0051 - acc: 0.9993 - val_loss: 0.0170 - val_acc: 0.9914
Epoch 13/30

 100/1506 [>.............................] - ETA: 0s - loss: 9.4264e-04 - acc: 1.0000
1506/1506 [==============================] - 0s 29us/step - loss: 0.0038 - acc: 0.9993 - val_loss: 0.0251 - val_acc: 0.9914
Epoch 14/30

 100/1506 [>.............................] - ETA: 0s - loss: 0.0036 - acc: 1.0000
1506/1506 [==============================] - 0s 28us/step - loss: 0.0034 - acc: 0.9993 - val_loss: 0.0245 - val_acc: 0.9914
Epoch 15/30

 100/1506 [>.............................] - ETA: 0s - loss: 9.0634e-04 - acc: 1.0000
1506/1506 [==============================] - 0s 28us/step - loss: 0.0029 - acc: 0.9993 - val_loss: 0.0214 - val_acc: 0.9914
Epoch 16/30

 100/1506 [>.............................] - ETA: 0s - loss: 0.0155 - acc: 0.9900
1506/1506 [==============================] - 0s 28us/step - loss: 0.0031 - acc: 0.9993 - val_loss: 0.0268 - val_acc: 0.9914
Epoch 17/30

 100/1506 [>.............................] - ETA: 0s - loss: 0.0057 - acc: 1.0000
1506/1506 [==============================] - 0s 29us/step - loss: 0.0054 - acc: 0.9987 - val_loss: 0.0300 - val_acc: 0.9914
Epoch 18/30

 100/1506 [>.............................] - ETA: 0s - loss: 0.0302 - acc: 0.9900
1506/1506 [==============================] - 0s 30us/step - loss: 0.0046 - acc: 0.9987 - val_loss: 0.0420 - val_acc: 0.9914
Epoch 19/30

 100/1506 [>.............................] - ETA: 0s - loss: 5.0710e-04 - acc: 1.0000
1506/1506 [==============================] - 0s 32us/step - loss: 0.0024 - acc: 0.9993 - val_loss: 0.0506 - val_acc: 0.9914
acc: 100.00%
Train on 1506 samples, validate on 116 samples
Epoch 1/30

 100/1506 [>.............................] - ETA: 15s - loss: 0.6844 - acc: 0.6000
1506/1506 [==============================] - 1s 853us/step - loss: 0.2853 - acc: 0.8818 - val_loss: 0.0485 - val_acc: 0.9828
Epoch 2/30

 100/1506 [>.............................] - ETA: 0s - loss: 0.1207 - acc: 0.9700
1506/1506 [==============================] - 0s 30us/step - loss: 0.0565 - acc: 0.9807 - val_loss: 0.0309 - val_acc: 0.9828
Epoch 3/30

 100/1506 [>.............................] - ETA: 0s - loss: 0.0140 - acc: 1.0000
1506/1506 [==============================] - 0s 30us/step - loss: 0.0283 - acc: 0.9954 - val_loss: 0.0422 - val_acc: 0.9828
Epoch 4/30

 100/1506 [>.............................] - ETA: 0s - loss: 0.0109 - acc: 1.0000
1506/1506 [==============================] - 0s 29us/step - loss: 0.0161 - acc: 0.9973 - val_loss: 0.0399 - val_acc: 0.9828
Epoch 5/30

 100/1506 [>.............................] - ETA: 0s - loss: 0.0035 - acc: 1.0000
1506/1506 [==============================] - 0s 30us/step - loss: 0.0109 - acc: 0.9980 - val_loss: 0.0514 - val_acc: 0.9828
Epoch 6/30

 100/1506 [>.............................] - ETA: 0s - loss: 0.0045 - acc: 1.0000
1506/1506 [==============================] - 0s 29us/step - loss: 0.0056 - acc: 0.9980 - val_loss: 0.0547 - val_acc: 0.9828
Epoch 7/30

 100/1506 [>.............................] - ETA: 0s - loss: 0.0024 - acc: 1.0000
1506/1506 [==============================] - 0s 30us/step - loss: 0.0044 - acc: 0.9987 - val_loss: 0.0564 - val_acc: 0.9828
Epoch 8/30

 100/1506 [>.............................] - ETA: 0s - loss: 9.3243e-04 - acc: 1.0000
1506/1506 [==============================] - 0s 31us/step - loss: 0.0033 - acc: 0.9987 - val_loss: 0.0696 - val_acc: 0.9655
Epoch 9/30

 100/1506 [>.............................] - ETA: 0s - loss: 0.0028 - acc: 1.0000
1506/1506 [==============================] - 0s 30us/step - loss: 0.0029 - acc: 0.9993 - val_loss: 0.0622 - val_acc: 0.9828
Epoch 10/30

 100/1506 [>.............................] - ETA: 0s - loss: 0.0080 - acc: 0.9900
1506/1506 [==============================] - 0s 31us/step - loss: 0.0039 - acc: 0.9987 - val_loss: 0.0611 - val_acc: 0.9828
Epoch 11/30

 100/1506 [>.............................] - ETA: 0s - loss: 0.0021 - acc: 1.0000
1506/1506 [==============================] - 0s 29us/step - loss: 0.0042 - acc: 0.9987 - val_loss: 0.0647 - val_acc: 0.9828
Epoch 12/30

 100/1506 [>.............................] - ETA: 0s - loss: 0.0025 - acc: 1.0000
1506/1506 [==============================] - 0s 30us/step - loss: 0.0045 - acc: 0.9987 - val_loss: 0.0718 - val_acc: 0.9828
Epoch 13/30

 100/1506 [>.............................] - ETA: 0s - loss: 0.0031 - acc: 1.0000
1506/1506 [==============================] - 0s 30us/step - loss: 0.0046 - acc: 0.9987 - val_loss: 0.0854 - val_acc: 0.9741
Epoch 14/30

 100/1506 [>.............................] - ETA: 0s - loss: 0.0013 - acc: 1.0000
1506/1506 [==============================] - 0s 28us/step - loss: 0.0050 - acc: 0.9980 - val_loss: 0.0908 - val_acc: 0.9569
Epoch 15/30

 100/1506 [>.............................] - ETA: 0s - loss: 0.0019 - acc: 1.0000
1506/1506 [==============================] - 0s 28us/step - loss: 0.0044 - acc: 0.9987 - val_loss: 0.0875 - val_acc: 0.9655
Epoch 16/30

 100/1506 [>.............................] - ETA: 0s - loss: 0.0012 - acc: 1.0000
1506/1506 [==============================] - 0s 28us/step - loss: 0.0037 - acc: 0.9987 - val_loss: 0.0890 - val_acc: 0.9569
Epoch 17/30

 100/1506 [>.............................] - ETA: 0s - loss: 5.3747e-04 - acc: 1.0000
1506/1506 [==============================] - 0s 28us/step - loss: 0.0029 - acc: 0.9993 - val_loss: 0.0871 - val_acc: 0.9741
acc: 98.28%
Train on 1506 samples, validate on 116 samples
Epoch 1/30

 100/1506 [>.............................] - ETA: 17s - loss: 0.7009 - acc: 0.4100
1506/1506 [==============================] - 1s 945us/step - loss: 0.3000 - acc: 0.8652 - val_loss: 0.0798 - val_acc: 0.9741
Epoch 2/30

 100/1506 [>.............................] - ETA: 0s - loss: 0.0759 - acc: 0.9700
1506/1506 [==============================] - 0s 31us/step - loss: 0.0606 - acc: 0.9781 - val_loss: 0.0667 - val_acc: 0.9741
Epoch 3/30

 100/1506 [>.............................] - ETA: 0s - loss: 0.0233 - acc: 0.9900
1506/1506 [==============================] - 0s 30us/step - loss: 0.0241 - acc: 0.9914 - val_loss: 0.0895 - val_acc: 0.9741
Epoch 4/30

 100/1506 [>.............................] - ETA: 0s - loss: 0.0059 - acc: 1.0000
1506/1506 [==============================] - 0s 29us/step - loss: 0.0127 - acc: 0.9973 - val_loss: 0.0807 - val_acc: 0.9741
Epoch 5/30

 100/1506 [>.............................] - ETA: 0s - loss: 0.0040 - acc: 1.0000
1506/1506 [==============================] - 0s 31us/step - loss: 0.0114 - acc: 0.9987 - val_loss: 0.0874 - val_acc: 0.9741
Epoch 6/30

 100/1506 [>.............................] - ETA: 0s - loss: 0.0407 - acc: 0.9900
1506/1506 [==============================] - 0s 28us/step - loss: 0.0074 - acc: 0.9987 - val_loss: 0.0794 - val_acc: 0.9741
Epoch 7/30

 100/1506 [>.............................] - ETA: 0s - loss: 0.0014 - acc: 1.0000
1506/1506 [==============================] - 0s 30us/step - loss: 0.0063 - acc: 0.9993 - val_loss: 0.0745 - val_acc: 0.9741
Epoch 8/30

 100/1506 [>.............................] - ETA: 0s - loss: 0.0023 - acc: 1.0000
1506/1506 [==============================] - 0s 30us/step - loss: 0.0040 - acc: 0.9993 - val_loss: 0.0749 - val_acc: 0.9741
Epoch 9/30

 100/1506 [>.............................] - ETA: 0s - loss: 0.0012 - acc: 1.0000
1506/1506 [==============================] - 0s 29us/step - loss: 0.0052 - acc: 0.9987 - val_loss: 0.0882 - val_acc: 0.9741
Epoch 10/30

 100/1506 [>.............................] - ETA: 0s - loss: 8.5243e-04 - acc: 1.0000
1506/1506 [==============================] - 0s 29us/step - loss: 0.0068 - acc: 0.9987 - val_loss: 0.0831 - val_acc: 0.9741
Epoch 11/30

 100/1506 [>.............................] - ETA: 0s - loss: 0.0025 - acc: 1.0000
1506/1506 [==============================] - 0s 31us/step - loss: 0.0070 - acc: 0.9987 - val_loss: 0.1031 - val_acc: 0.9741
Epoch 12/30

 100/1506 [>.............................] - ETA: 0s - loss: 0.0011 - acc: 1.0000
1506/1506 [==============================] - 0s 30us/step - loss: 0.0066 - acc: 0.9987 - val_loss: 0.1043 - val_acc: 0.9741
Epoch 13/30

 100/1506 [>.............................] - ETA: 0s - loss: 0.0010 - acc: 1.0000
1506/1506 [==============================] - 0s 30us/step - loss: 0.0056 - acc: 0.9987 - val_loss: 0.0850 - val_acc: 0.9741
Epoch 14/30

 100/1506 [>.............................] - ETA: 0s - loss: 0.0013 - acc: 1.0000
1506/1506 [==============================] - 0s 30us/step - loss: 0.0048 - acc: 0.9993 - val_loss: 0.0795 - val_acc: 0.9741
Epoch 15/30

 100/1506 [>.............................] - ETA: 0s - loss: 0.0021 - acc: 1.0000
1506/1506 [==============================] - 0s 30us/step - loss: 0.0042 - acc: 0.9987 - val_loss: 0.0856 - val_acc: 0.9741
Epoch 16/30

 100/1506 [>.............................] - ETA: 0s - loss: 0.0011 - acc: 1.0000
1506/1506 [==============================] - 0s 29us/step - loss: 0.0043 - acc: 0.9993 - val_loss: 0.0875 - val_acc: 0.9741
Epoch 17/30

 100/1506 [>.............................] - ETA: 0s - loss: 7.2728e-04 - acc: 1.0000
1506/1506 [==============================] - 0s 28us/step - loss: 0.0040 - acc: 0.9993 - val_loss: 0.0838 - val_acc: 0.9741
acc: 97.41%
Train on 1507 samples, validate on 115 samples
Epoch 1/30

 100/1507 [>.............................] - ETA: 19s - loss: 0.6908 - acc: 0.5200
1507/1507 [==============================] - 2s 1ms/step - loss: 0.2289 - acc: 0.8938 - val_loss: 0.0913 - val_acc: 0.9739
Epoch 2/30

 100/1507 [>.............................] - ETA: 0s - loss: 0.0444 - acc: 0.9900
1507/1507 [==============================] - 0s 32us/step - loss: 0.0487 - acc: 0.9867 - val_loss: 0.1385 - val_acc: 0.9739
Epoch 3/30

 100/1507 [>.............................] - ETA: 0s - loss: 0.0168 - acc: 1.0000
1507/1507 [==============================] - 0s 31us/step - loss: 0.0198 - acc: 0.9947 - val_loss: 0.1032 - val_acc: 0.9652
Epoch 4/30

 100/1507 [>.............................] - ETA: 0s - loss: 0.0527 - acc: 0.9900
1507/1507 [==============================] - 0s 29us/step - loss: 0.0120 - acc: 0.9967 - val_loss: 0.1325 - val_acc: 0.9652
Epoch 5/30

 100/1507 [>.............................] - ETA: 0s - loss: 0.0071 - acc: 1.0000
1507/1507 [==============================] - 0s 30us/step - loss: 0.0075 - acc: 0.9980 - val_loss: 0.0882 - val_acc: 0.9739
Epoch 6/30

 100/1507 [>.............................] - ETA: 0s - loss: 0.0014 - acc: 1.0000
1507/1507 [==============================] - 0s 31us/step - loss: 0.0045 - acc: 0.9987 - val_loss: 0.0890 - val_acc: 0.9739
Epoch 7/30

 100/1507 [>.............................] - ETA: 0s - loss: 0.0018 - acc: 1.0000
1507/1507 [==============================] - 0s 33us/step - loss: 0.0024 - acc: 0.9993 - val_loss: 0.0924 - val_acc: 0.9739
Epoch 8/30

 100/1507 [>.............................] - ETA: 0s - loss: 0.0015 - acc: 1.0000
1507/1507 [==============================] - 0s 30us/step - loss: 0.0015 - acc: 1.0000 - val_loss: 0.0954 - val_acc: 0.9739
Epoch 9/30

 100/1507 [>.............................] - ETA: 0s - loss: 7.0597e-04 - acc: 1.0000
1507/1507 [==============================] - 0s 32us/step - loss: 8.6904e-04 - acc: 1.0000 - val_loss: 0.0902 - val_acc: 0.9826
Epoch 10/30

 100/1507 [>.............................] - ETA: 0s - loss: 4.0798e-04 - acc: 1.0000
1507/1507 [==============================] - 0s 31us/step - loss: 6.8775e-04 - acc: 1.0000 - val_loss: 0.0861 - val_acc: 0.9826
Epoch 11/30

 100/1507 [>.............................] - ETA: 0s - loss: 3.6908e-04 - acc: 1.0000
1507/1507 [==============================] - 0s 30us/step - loss: 5.3162e-04 - acc: 1.0000 - val_loss: 0.0857 - val_acc: 0.9826
Epoch 12/30

 100/1507 [>.............................] - ETA: 0s - loss: 0.0016 - acc: 1.0000
1507/1507 [==============================] - 0s 30us/step - loss: 4.4164e-04 - acc: 1.0000 - val_loss: 0.0839 - val_acc: 0.9826
Epoch 13/30

 100/1507 [>.............................] - ETA: 0s - loss: 2.0294e-04 - acc: 1.0000
1507/1507 [==============================] - 0s 30us/step - loss: 3.9528e-04 - acc: 1.0000 - val_loss: 0.0819 - val_acc: 0.9826
Epoch 14/30

 100/1507 [>.............................] - ETA: 0s - loss: 2.2382e-04 - acc: 1.0000
1507/1507 [==============================] - 0s 30us/step - loss: 3.6553e-04 - acc: 1.0000 - val_loss: 0.0800 - val_acc: 0.9826
Epoch 15/30

 100/1507 [>.............................] - ETA: 0s - loss: 2.2120e-04 - acc: 1.0000
1507/1507 [==============================] - 0s 30us/step - loss: 3.1072e-04 - acc: 1.0000 - val_loss: 0.0805 - val_acc: 0.9826
Epoch 16/30

 100/1507 [>.............................] - ETA: 0s - loss: 1.5738e-04 - acc: 1.0000
1507/1507 [==============================] - 0s 32us/step - loss: 2.6911e-04 - acc: 1.0000 - val_loss: 0.0809 - val_acc: 0.9826
Epoch 17/30

 100/1507 [>.............................] - ETA: 0s - loss: 2.4913e-04 - acc: 1.0000
1507/1507 [==============================] - 0s 31us/step - loss: 2.3916e-04 - acc: 1.0000 - val_loss: 0.0808 - val_acc: 0.9826
Epoch 18/30

 100/1507 [>.............................] - ETA: 0s - loss: 3.7484e-04 - acc: 1.0000
1507/1507 [==============================] - 0s 31us/step - loss: 2.1620e-04 - acc: 1.0000 - val_loss: 0.0808 - val_acc: 0.9826
Epoch 19/30

 100/1507 [>.............................] - ETA: 0s - loss: 1.2546e-04 - acc: 1.0000
1507/1507 [==============================] - 0s 30us/step - loss: 1.9737e-04 - acc: 1.0000 - val_loss: 0.0809 - val_acc: 0.9826
Epoch 20/30

 100/1507 [>.............................] - ETA: 0s - loss: 7.6472e-05 - acc: 1.0000
1507/1507 [==============================] - 0s 31us/step - loss: 1.8358e-04 - acc: 1.0000 - val_loss: 0.0817 - val_acc: 0.9826
Epoch 21/30

 100/1507 [>.............................] - ETA: 0s - loss: 4.8062e-05 - acc: 1.0000
1507/1507 [==============================] - 0s 33us/step - loss: 1.6882e-04 - acc: 1.0000 - val_loss: 0.0822 - val_acc: 0.9826
Epoch 22/30

 100/1507 [>.............................] - ETA: 0s - loss: 1.6056e-04 - acc: 1.0000
1507/1507 [==============================] - 0s 30us/step - loss: 1.5607e-04 - acc: 1.0000 - val_loss: 0.0833 - val_acc: 0.9913
Epoch 23/30

 100/1507 [>.............................] - ETA: 0s - loss: 4.5708e-05 - acc: 1.0000
1507/1507 [==============================] - 0s 30us/step - loss: 1.4600e-04 - acc: 1.0000 - val_loss: 0.0834 - val_acc: 0.9913
Epoch 24/30

 100/1507 [>.............................] - ETA: 0s - loss: 8.5465e-05 - acc: 1.0000
1507/1507 [==============================] - 0s 31us/step - loss: 1.3721e-04 - acc: 1.0000 - val_loss: 0.0838 - val_acc: 0.9826
Epoch 25/30

 100/1507 [>.............................] - ETA: 0s - loss: 9.1173e-05 - acc: 1.0000
1507/1507 [==============================] - 0s 30us/step - loss: 1.2966e-04 - acc: 1.0000 - val_loss: 0.0843 - val_acc: 0.9826
Epoch 26/30

 100/1507 [>.............................] - ETA: 0s - loss: 5.4584e-05 - acc: 1.0000
1507/1507 [==============================] - 0s 29us/step - loss: 1.2228e-04 - acc: 1.0000 - val_loss: 0.0856 - val_acc: 0.9739
Epoch 27/30

 100/1507 [>.............................] - ETA: 0s - loss: 4.8161e-05 - acc: 1.0000
1507/1507 [==============================] - 0s 30us/step - loss: 1.1497e-04 - acc: 1.0000 - val_loss: 0.0868 - val_acc: 0.9739
Epoch 28/30

 100/1507 [>.............................] - ETA: 0s - loss: 5.6830e-05 - acc: 1.0000
1507/1507 [==============================] - 0s 30us/step - loss: 1.0901e-04 - acc: 1.0000 - val_loss: 0.0878 - val_acc: 0.9739
Epoch 29/30

 100/1507 [>.............................] - ETA: 0s - loss: 2.4839e-04 - acc: 1.0000
1507/1507 [==============================] - 0s 30us/step - loss: 1.0383e-04 - acc: 1.0000 - val_loss: 0.0885 - val_acc: 0.9739
Epoch 30/30

 100/1507 [>.............................] - ETA: 0s - loss: 1.9755e-04 - acc: 1.0000
1507/1507 [==============================] - 0s 30us/step - loss: 9.8807e-05 - acc: 1.0000 - val_loss: 0.0891 - val_acc: 0.9739
acc: 97.39%
Train on 1507 samples, validate on 115 samples
Epoch 1/30

 100/1507 [>.............................] - ETA: 20s - loss: 0.6955 - acc: 0.5500
1507/1507 [==============================] - 2s 1ms/step - loss: 0.2622 - acc: 0.8879 - val_loss: 0.1102 - val_acc: 0.9565
Epoch 2/30

 100/1507 [>.............................] - ETA: 0s - loss: 0.0759 - acc: 0.9600
1507/1507 [==============================] - 0s 31us/step - loss: 0.0468 - acc: 0.9827 - val_loss: 0.1277 - val_acc: 0.9565
Epoch 3/30

 100/1507 [>.............................] - ETA: 0s - loss: 0.0131 - acc: 1.0000
1507/1507 [==============================] - 0s 30us/step - loss: 0.0234 - acc: 0.9940 - val_loss: 0.1223 - val_acc: 0.9652
Epoch 4/30

 100/1507 [>.............................] - ETA: 0s - loss: 0.0058 - acc: 1.0000
1507/1507 [==============================] - 0s 29us/step - loss: 0.0110 - acc: 0.9973 - val_loss: 0.1089 - val_acc: 0.9739
Epoch 5/30

 100/1507 [>.............................] - ETA: 0s - loss: 0.0019 - acc: 1.0000
1507/1507 [==============================] - 0s 28us/step - loss: 0.0066 - acc: 0.9993 - val_loss: 0.1128 - val_acc: 0.9826
Epoch 6/30

 100/1507 [>.............................] - ETA: 0s - loss: 0.0022 - acc: 1.0000
1507/1507 [==============================] - 0s 28us/step - loss: 0.0048 - acc: 0.9993 - val_loss: 0.1264 - val_acc: 0.9739
Epoch 7/30

 100/1507 [>.............................] - ETA: 0s - loss: 0.0028 - acc: 1.0000
1507/1507 [==============================] - 0s 30us/step - loss: 0.0035 - acc: 0.9993 - val_loss: 0.1271 - val_acc: 0.9739
Epoch 8/30

 100/1507 [>.............................] - ETA: 0s - loss: 0.0013 - acc: 1.0000
1507/1507 [==============================] - 0s 30us/step - loss: 0.0035 - acc: 0.9993 - val_loss: 0.1350 - val_acc: 0.9739
Epoch 9/30

 100/1507 [>.............................] - ETA: 0s - loss: 0.0011 - acc: 1.0000
1507/1507 [==============================] - 0s 31us/step - loss: 0.0035 - acc: 0.9993 - val_loss: 0.1384 - val_acc: 0.9739
Epoch 10/30

 100/1507 [>.............................] - ETA: 0s - loss: 4.3509e-04 - acc: 1.0000
1507/1507 [==============================] - 0s 37us/step - loss: 0.0043 - acc: 0.9993 - val_loss: 0.1276 - val_acc: 0.9826
Epoch 11/30

 100/1507 [>.............................] - ETA: 0s - loss: 0.0014 - acc: 1.0000
1507/1507 [==============================] - 0s 36us/step - loss: 0.0034 - acc: 0.9993 - val_loss: 0.1334 - val_acc: 0.9826
Epoch 12/30

 100/1507 [>.............................] - ETA: 0s - loss: 8.7138e-04 - acc: 1.0000
1507/1507 [==============================] - 0s 35us/step - loss: 0.0029 - acc: 0.9993 - val_loss: 0.1370 - val_acc: 0.9739
Epoch 13/30

 100/1507 [>.............................] - ETA: 0s - loss: 3.7706e-04 - acc: 1.0000
1500/1507 [============================>.] - ETA: 0s - loss: 0.0024 - acc: 0.9993    
1507/1507 [==============================] - 0s 41us/step - loss: 0.0024 - acc: 0.9993 - val_loss: 0.1363 - val_acc: 0.9739
Epoch 14/30

 100/1507 [>.............................] - ETA: 0s - loss: 7.0147e-04 - acc: 1.0000
1507/1507 [==============================] - 0s 32us/step - loss: 0.0029 - acc: 0.9993 - val_loss: 0.1371 - val_acc: 0.9739
Epoch 15/30

 100/1507 [>.............................] - ETA: 0s - loss: 0.0011 - acc: 1.0000
1507/1507 [==============================] - 0s 36us/step - loss: 0.0028 - acc: 0.9993 - val_loss: 0.1380 - val_acc: 0.9739
Epoch 16/30

 100/1507 [>.............................] - ETA: 0s - loss: 3.9887e-04 - acc: 1.0000
1507/1507 [==============================] - 0s 30us/step - loss: 0.0023 - acc: 0.9993 - val_loss: 0.1300 - val_acc: 0.9652
Epoch 17/30

 100/1507 [>.............................] - ETA: 0s - loss: 0.0023 - acc: 1.0000
1507/1507 [==============================] - 0s 32us/step - loss: 0.0021 - acc: 0.9993 - val_loss: 0.1270 - val_acc: 0.9652
Epoch 18/30

 100/1507 [>.............................] - ETA: 0s - loss: 4.5172e-04 - acc: 1.0000
1507/1507 [==============================] - 0s 31us/step - loss: 0.0023 - acc: 0.9993 - val_loss: 0.1290 - val_acc: 0.9652
Epoch 19/30

 100/1507 [>.............................] - ETA: 0s - loss: 6.1720e-04 - acc: 1.0000
1507/1507 [==============================] - 0s 32us/step - loss: 0.0019 - acc: 0.9993 - val_loss: 0.1415 - val_acc: 0.9652
Epoch 20/30

 100/1507 [>.............................] - ETA: 0s - loss: 4.7059e-04 - acc: 1.0000
1507/1507 [==============================] - 0s 30us/step - loss: 0.0026 - acc: 0.9993 - val_loss: 0.1405 - val_acc: 0.9652
Epoch 21/30

 100/1507 [>.............................] - ETA: 0s - loss: 0.0011 - acc: 1.0000
1507/1507 [==============================] - 0s 28us/step - loss: 0.0023 - acc: 0.9993 - val_loss: 0.1402 - val_acc: 0.9652
acc: 98.26%
Train on 1507 samples, validate on 115 samples
Epoch 1/30

 100/1507 [>.............................] - ETA: 22s - loss: 0.6767 - acc: 0.4900
1507/1507 [==============================] - 2s 1ms/step - loss: 0.2580 - acc: 0.8905 - val_loss: 0.0632 - val_acc: 0.9739
Epoch 2/30

 100/1507 [>.............................] - ETA: 0s - loss: 0.0222 - acc: 1.0000
1507/1507 [==============================] - 0s 32us/step - loss: 0.0425 - acc: 0.9907 - val_loss: 0.0595 - val_acc: 0.9826
Epoch 3/30

 100/1507 [>.............................] - ETA: 0s - loss: 0.0063 - acc: 1.0000
1507/1507 [==============================] - 0s 34us/step - loss: 0.0200 - acc: 0.9967 - val_loss: 0.0595 - val_acc: 0.9652
Epoch 4/30

 100/1507 [>.............................] - ETA: 0s - loss: 0.0331 - acc: 0.9900
1507/1507 [==============================] - 0s 31us/step - loss: 0.0151 - acc: 0.9960 - val_loss: 0.0466 - val_acc: 0.9739
Epoch 5/30

 100/1507 [>.............................] - ETA: 0s - loss: 0.0027 - acc: 1.0000
1507/1507 [==============================] - 0s 31us/step - loss: 0.0136 - acc: 0.9967 - val_loss: 0.0474 - val_acc: 0.9739
Epoch 6/30

 100/1507 [>.............................] - ETA: 0s - loss: 0.0037 - acc: 1.0000
1507/1507 [==============================] - 0s 32us/step - loss: 0.0105 - acc: 0.9973 - val_loss: 0.0501 - val_acc: 0.9739
Epoch 7/30

 100/1507 [>.............................] - ETA: 0s - loss: 0.0017 - acc: 1.0000
1507/1507 [==============================] - 0s 31us/step - loss: 0.0080 - acc: 0.9973 - val_loss: 0.0499 - val_acc: 0.9739
Epoch 8/30

 100/1507 [>.............................] - ETA: 0s - loss: 0.0109 - acc: 0.9900
1507/1507 [==============================] - 0s 32us/step - loss: 0.0059 - acc: 0.9973 - val_loss: 0.0442 - val_acc: 0.9739
Epoch 9/30

 100/1507 [>.............................] - ETA: 0s - loss: 0.0061 - acc: 1.0000
1507/1507 [==============================] - 0s 31us/step - loss: 0.0082 - acc: 0.9980 - val_loss: 0.0565 - val_acc: 0.9739
Epoch 10/30

 100/1507 [>.............................] - ETA: 0s - loss: 0.0015 - acc: 1.0000
1507/1507 [==============================] - 0s 30us/step - loss: 0.0057 - acc: 0.9980 - val_loss: 0.0555 - val_acc: 0.9739
Epoch 11/30

 100/1507 [>.............................] - ETA: 0s - loss: 0.0012 - acc: 1.0000
1507/1507 [==============================] - 0s 34us/step - loss: 0.0056 - acc: 0.9987 - val_loss: 0.0573 - val_acc: 0.9739
Epoch 12/30

 100/1507 [>.............................] - ETA: 0s - loss: 7.3256e-04 - acc: 1.0000
1507/1507 [==============================] - 0s 37us/step - loss: 0.0049 - acc: 0.9987 - val_loss: 0.0687 - val_acc: 0.9739
Epoch 13/30

 100/1507 [>.............................] - ETA: 0s - loss: 0.0013 - acc: 1.0000
1507/1507 [==============================] - 0s 35us/step - loss: 0.0043 - acc: 0.9987 - val_loss: 0.0696 - val_acc: 0.9739
Epoch 14/30

 100/1507 [>.............................] - ETA: 0s - loss: 0.0041 - acc: 1.0000
1507/1507 [==============================] - 0s 38us/step - loss: 0.0035 - acc: 0.9993 - val_loss: 0.0683 - val_acc: 0.9739
Epoch 15/30

 100/1507 [>.............................] - ETA: 0s - loss: 0.0028 - acc: 1.0000
1507/1507 [==============================] - 0s 36us/step - loss: 0.0027 - acc: 0.9993 - val_loss: 0.0634 - val_acc: 0.9826
Epoch 16/30

 100/1507 [>.............................] - ETA: 0s - loss: 6.1891e-04 - acc: 1.0000
1507/1507 [==============================] - 0s 33us/step - loss: 0.0028 - acc: 0.9993 - val_loss: 0.0674 - val_acc: 0.9826
Epoch 17/30

 100/1507 [>.............................] - ETA: 0s - loss: 0.0013 - acc: 1.0000
1507/1507 [==============================] - 0s 31us/step - loss: 0.0032 - acc: 0.9987 - val_loss: 0.0540 - val_acc: 0.9826
Epoch 18/30

 100/1507 [>.............................] - ETA: 0s - loss: 0.0016 - acc: 1.0000
1507/1507 [==============================] - 0s 31us/step - loss: 0.0028 - acc: 0.9993 - val_loss: 0.0523 - val_acc: 0.9826
acc: 98.26%
Train on 1507 samples, validate on 115 samples
Epoch 1/30

 100/1507 [>.............................] - ETA: 26s - loss: 0.6814 - acc: 0.6300
1507/1507 [==============================] - 2s 1ms/step - loss: 0.3624 - acc: 0.8480 - val_loss: 0.0606 - val_acc: 0.9739
Epoch 2/30

 100/1507 [>.............................] - ETA: 0s - loss: 0.0306 - acc: 1.0000
1507/1507 [==============================] - 0s 32us/step - loss: 0.0540 - acc: 0.9808 - val_loss: 0.0610 - val_acc: 0.9739
Epoch 3/30

 100/1507 [>.............................] - ETA: 0s - loss: 0.0114 - acc: 1.0000
1507/1507 [==============================] - 0s 31us/step - loss: 0.0253 - acc: 0.9934 - val_loss: 0.0543 - val_acc: 0.9739
Epoch 4/30

 100/1507 [>.............................] - ETA: 0s - loss: 0.0177 - acc: 0.9900
1507/1507 [==============================] - 0s 32us/step - loss: 0.0146 - acc: 0.9960 - val_loss: 0.0391 - val_acc: 0.9826
Epoch 5/30

 100/1507 [>.............................] - ETA: 0s - loss: 0.0044 - acc: 1.0000
1507/1507 [==============================] - 0s 30us/step - loss: 0.0088 - acc: 0.9980 - val_loss: 0.0366 - val_acc: 0.9913
Epoch 6/30

 100/1507 [>.............................] - ETA: 0s - loss: 0.0017 - acc: 1.0000
1507/1507 [==============================] - 0s 30us/step - loss: 0.0079 - acc: 0.9980 - val_loss: 0.0304 - val_acc: 0.9913
Epoch 7/30

 100/1507 [>.............................] - ETA: 0s - loss: 0.0032 - acc: 1.0000
1507/1507 [==============================] - 0s 36us/step - loss: 0.0065 - acc: 0.9980 - val_loss: 0.0298 - val_acc: 0.9913
Epoch 8/30

 100/1507 [>.............................] - ETA: 0s - loss: 0.0033 - acc: 1.0000
1507/1507 [==============================] - 0s 31us/step - loss: 0.0054 - acc: 0.9987 - val_loss: 0.0278 - val_acc: 0.9913
Epoch 9/30

 100/1507 [>.............................] - ETA: 0s - loss: 0.0142 - acc: 0.9900
1507/1507 [==============================] - 0s 34us/step - loss: 0.0056 - acc: 0.9987 - val_loss: 0.0274 - val_acc: 0.9913
Epoch 10/30

 100/1507 [>.............................] - ETA: 0s - loss: 0.0022 - acc: 1.0000
1507/1507 [==============================] - 0s 35us/step - loss: 0.0045 - acc: 0.9987 - val_loss: 0.0292 - val_acc: 0.9913
Epoch 11/30

 100/1507 [>.............................] - ETA: 0s - loss: 0.0012 - acc: 1.0000
1507/1507 [==============================] - 0s 32us/step - loss: 0.0046 - acc: 0.9987 - val_loss: 0.0289 - val_acc: 0.9913
Epoch 12/30

 100/1507 [>.............................] - ETA: 0s - loss: 0.0011 - acc: 1.0000
1507/1507 [==============================] - 0s 33us/step - loss: 0.0039 - acc: 0.9987 - val_loss: 0.0263 - val_acc: 0.9913
Epoch 13/30

 100/1507 [>.............................] - ETA: 0s - loss: 0.0016 - acc: 1.0000
1507/1507 [==============================] - 0s 33us/step - loss: 0.0033 - acc: 0.9987 - val_loss: 0.0253 - val_acc: 0.9913
Epoch 14/30

 100/1507 [>.............................] - ETA: 0s - loss: 0.0014 - acc: 1.0000
1507/1507 [==============================] - 0s 32us/step - loss: 0.0025 - acc: 0.9993 - val_loss: 0.0237 - val_acc: 0.9913
Epoch 15/30

 100/1507 [>.............................] - ETA: 0s - loss: 0.0011 - acc: 1.0000
1507/1507 [==============================] - 0s 32us/step - loss: 0.0028 - acc: 0.9993 - val_loss: 0.0250 - val_acc: 0.9826
Epoch 16/30

 100/1507 [>.............................] - ETA: 0s - loss: 0.0156 - acc: 0.9900
1507/1507 [==============================] - 0s 32us/step - loss: 0.0023 - acc: 0.9993 - val_loss: 0.0248 - val_acc: 0.9826
Epoch 17/30

 100/1507 [>.............................] - ETA: 0s - loss: 8.2124e-04 - acc: 1.0000
1507/1507 [==============================] - 0s 35us/step - loss: 0.0017 - acc: 0.9993 - val_loss: 0.0204 - val_acc: 0.9826
Epoch 18/30

 100/1507 [>.............................] - ETA: 0s - loss: 6.0583e-04 - acc: 1.0000
1507/1507 [==============================] - 0s 32us/step - loss: 0.0022 - acc: 0.9993 - val_loss: 0.0205 - val_acc: 0.9913
Epoch 19/30

 100/1507 [>.............................] - ETA: 0s - loss: 0.0013 - acc: 1.0000
1507/1507 [==============================] - 0s 32us/step - loss: 0.0019 - acc: 0.9993 - val_loss: 0.0176 - val_acc: 0.9913
Epoch 20/30

 100/1507 [>.............................] - ETA: 0s - loss: 7.1119e-04 - acc: 1.0000
1507/1507 [==============================] - 0s 32us/step - loss: 0.0014 - acc: 1.0000 - val_loss: 0.0152 - val_acc: 1.0000
Epoch 21/30

 100/1507 [>.............................] - ETA: 0s - loss: 8.8993e-04 - acc: 1.0000
1507/1507 [==============================] - 0s 35us/step - loss: 0.0020 - acc: 0.9993 - val_loss: 0.0136 - val_acc: 1.0000
Epoch 22/30

 100/1507 [>.............................] - ETA: 0s - loss: 3.1917e-04 - acc: 1.0000
1400/1507 [==========================>...] - ETA: 0s - loss: 0.0014 - acc: 0.9993    
1507/1507 [==============================] - 0s 41us/step - loss: 0.0013 - acc: 0.9993 - val_loss: 0.0155 - val_acc: 0.9913
Epoch 23/30

 100/1507 [>.............................] - ETA: 0s - loss: 3.1716e-04 - acc: 1.0000
1507/1507 [==============================] - 0s 33us/step - loss: 0.0011 - acc: 1.0000 - val_loss: 0.0157 - val_acc: 0.9913
Epoch 24/30

 100/1507 [>.............................] - ETA: 0s - loss: 3.9441e-04 - acc: 1.0000
1507/1507 [==============================] - 0s 30us/step - loss: 9.3730e-04 - acc: 1.0000 - val_loss: 0.0165 - val_acc: 0.9913
Epoch 25/30

 100/1507 [>.............................] - ETA: 0s - loss: 2.2424e-04 - acc: 1.0000
1507/1507 [==============================] - 0s 29us/step - loss: 8.2781e-04 - acc: 1.0000 - val_loss: 0.0179 - val_acc: 0.9913
Epoch 26/30

 100/1507 [>.............................] - ETA: 0s - loss: 0.0010 - acc: 1.0000
1507/1507 [==============================] - 0s 29us/step - loss: 7.8011e-04 - acc: 1.0000 - val_loss: 0.0185 - val_acc: 0.9913
Epoch 27/30

 100/1507 [>.............................] - ETA: 0s - loss: 4.1322e-04 - acc: 1.0000
1507/1507 [==============================] - 0s 35us/step - loss: 6.6192e-04 - acc: 1.0000 - val_loss: 0.0200 - val_acc: 0.9913
Epoch 28/30

 100/1507 [>.............................] - ETA: 0s - loss: 2.3447e-04 - acc: 1.0000
1507/1507 [==============================] - 0s 31us/step - loss: 6.2613e-04 - acc: 1.0000 - val_loss: 0.0203 - val_acc: 0.9913
Epoch 29/30

 100/1507 [>.............................] - ETA: 0s - loss: 0.0011 - acc: 1.0000
1507/1507 [==============================] - 0s 30us/step - loss: 6.1501e-04 - acc: 1.0000 - val_loss: 0.0210 - val_acc: 0.9913
Epoch 30/30

 100/1507 [>.............................] - ETA: 0s - loss: 4.1541e-04 - acc: 1.0000
1507/1507 [==============================] - 0s 29us/step - loss: 5.2319e-04 - acc: 1.0000 - val_loss: 0.0206 - val_acc: 0.9913
acc: 99.13%
Train on 1507 samples, validate on 115 samples
Epoch 1/30

 100/1507 [>.............................] - ETA: 25s - loss: 0.6994 - acc: 0.5500
1507/1507 [==============================] - 2s 1ms/step - loss: 0.2692 - acc: 0.8865 - val_loss: 0.0517 - val_acc: 0.9826
Epoch 2/30

 100/1507 [>.............................] - ETA: 0s - loss: 0.0867 - acc: 0.9700
1507/1507 [==============================] - 0s 33us/step - loss: 0.0594 - acc: 0.9808 - val_loss: 0.0458 - val_acc: 0.9913
Epoch 3/30

 100/1507 [>.............................] - ETA: 0s - loss: 0.0377 - acc: 0.9900
1507/1507 [==============================] - 0s 34us/step - loss: 0.0278 - acc: 0.9927 - val_loss: 0.0334 - val_acc: 0.9913
Epoch 4/30

 100/1507 [>.............................] - ETA: 0s - loss: 0.0107 - acc: 1.0000
1507/1507 [==============================] - 0s 31us/step - loss: 0.0165 - acc: 0.9960 - val_loss: 0.0259 - val_acc: 0.9826
Epoch 5/30

 100/1507 [>.............................] - ETA: 0s - loss: 0.0042 - acc: 1.0000
1507/1507 [==============================] - 0s 32us/step - loss: 0.0108 - acc: 0.9973 - val_loss: 0.0152 - val_acc: 0.9913
Epoch 6/30

 100/1507 [>.............................] - ETA: 0s - loss: 0.0131 - acc: 0.9900
1507/1507 [==============================] - 0s 31us/step - loss: 0.0089 - acc: 0.9973 - val_loss: 0.0246 - val_acc: 0.9913
Epoch 7/30

 100/1507 [>.............................] - ETA: 0s - loss: 0.0017 - acc: 1.0000
1507/1507 [==============================] - 0s 32us/step - loss: 0.0092 - acc: 0.9980 - val_loss: 0.0329 - val_acc: 0.9913
Epoch 8/30

 100/1507 [>.............................] - ETA: 0s - loss: 0.0022 - acc: 1.0000
1507/1507 [==============================] - 0s 31us/step - loss: 0.0066 - acc: 0.9980 - val_loss: 0.0286 - val_acc: 0.9913
Epoch 9/30

 100/1507 [>.............................] - ETA: 0s - loss: 0.0014 - acc: 1.0000
1507/1507 [==============================] - 0s 33us/step - loss: 0.0056 - acc: 0.9980 - val_loss: 0.0265 - val_acc: 0.9913
Epoch 10/30

 100/1507 [>.............................] - ETA: 0s - loss: 0.0014 - acc: 1.0000
1507/1507 [==============================] - 0s 31us/step - loss: 0.0045 - acc: 0.9987 - val_loss: 0.0279 - val_acc: 0.9913
Epoch 11/30

 100/1507 [>.............................] - ETA: 0s - loss: 5.0280e-04 - acc: 1.0000
1507/1507 [==============================] - 0s 32us/step - loss: 0.0044 - acc: 0.9993 - val_loss: 0.0257 - val_acc: 0.9826
Epoch 12/30

 100/1507 [>.............................] - ETA: 0s - loss: 5.9538e-04 - acc: 1.0000
1507/1507 [==============================] - 0s 31us/step - loss: 0.0042 - acc: 0.9987 - val_loss: 0.0251 - val_acc: 0.9913
Epoch 13/30

 100/1507 [>.............................] - ETA: 0s - loss: 0.0016 - acc: 1.0000
1507/1507 [==============================] - 0s 37us/step - loss: 0.0030 - acc: 0.9993 - val_loss: 0.0231 - val_acc: 0.9913
Epoch 14/30

 100/1507 [>.............................] - ETA: 0s - loss: 4.8858e-04 - acc: 1.0000
1507/1507 [==============================] - 0s 31us/step - loss: 0.0026 - acc: 0.9993 - val_loss: 0.0213 - val_acc: 0.9913
Epoch 15/30

 100/1507 [>.............................] - ETA: 0s - loss: 0.0018 - acc: 1.0000
1507/1507 [==============================] - 0s 31us/step - loss: 0.0030 - acc: 0.9987 - val_loss: 0.0191 - val_acc: 0.9913
Epoch 16/30

 100/1507 [>.............................] - ETA: 0s - loss: 0.0101 - acc: 0.9900
1507/1507 [==============================] - 0s 32us/step - loss: 0.0020 - acc: 0.9993 - val_loss: 0.0202 - val_acc: 0.9913
Epoch 17/30

 100/1507 [>.............................] - ETA: 0s - loss: 0.0021 - acc: 1.0000
1507/1507 [==============================] - 0s 30us/step - loss: 0.0018 - acc: 0.9993 - val_loss: 0.0207 - val_acc: 0.9913
Epoch 18/30

 100/1507 [>.............................] - ETA: 0s - loss: 9.8134e-04 - acc: 1.0000
1507/1507 [==============================] - 0s 36us/step - loss: 0.0017 - acc: 0.9993 - val_loss: 0.0213 - val_acc: 0.9826
acc: 99.13%
Accuracy: 97.97% (+/- 1.36%)
