Train on 810 samples, validate on 812 samples
Epoch 1/30

 20/810 [..............................] - ETA: 17s - loss: 0.7196 - acc: 0.4000
500/810 [=================>............] - ETA: 0s - loss: 0.6417 - acc: 0.6400 
810/810 [==============================] - 1s 736us/step - loss: 0.5907 - acc: 0.7506 - val_loss: 0.4564 - val_acc: 0.9532
Epoch 2/30

 20/810 [..............................] - ETA: 0s - loss: 0.4340 - acc: 1.0000
540/810 [===================>..........] - ETA: 0s - loss: 0.3328 - acc: 0.9796
810/810 [==============================] - 0s 126us/step - loss: 0.2991 - acc: 0.9802 - val_loss: 0.2278 - val_acc: 0.9569
Epoch 3/30

 20/810 [..............................] - ETA: 0s - loss: 0.1913 - acc: 1.0000
480/810 [================>.............] - ETA: 0s - loss: 0.1549 - acc: 0.9833
810/810 [==============================] - 0s 129us/step - loss: 0.1327 - acc: 0.9852 - val_loss: 0.1425 - val_acc: 0.9631
Epoch 4/30

 20/810 [..............................] - ETA: 0s - loss: 0.1197 - acc: 0.9500
520/810 [==================>...........] - ETA: 0s - loss: 0.0780 - acc: 0.9885
810/810 [==============================] - 0s 126us/step - loss: 0.0769 - acc: 0.9901 - val_loss: 0.1160 - val_acc: 0.9655
Epoch 5/30

 20/810 [..............................] - ETA: 0s - loss: 0.0678 - acc: 1.0000
460/810 [================>.............] - ETA: 0s - loss: 0.0613 - acc: 0.9935
810/810 [==============================] - 0s 135us/step - loss: 0.0543 - acc: 0.9951 - val_loss: 0.1065 - val_acc: 0.9643
Epoch 6/30

 20/810 [..............................] - ETA: 0s - loss: 0.0296 - acc: 1.0000
500/810 [=================>............] - ETA: 0s - loss: 0.0314 - acc: 0.9980
810/810 [==============================] - 0s 129us/step - loss: 0.0402 - acc: 0.9951 - val_loss: 0.1002 - val_acc: 0.9680
Epoch 7/30

 20/810 [..............................] - ETA: 0s - loss: 0.0216 - acc: 1.0000
440/810 [===============>..............] - ETA: 0s - loss: 0.0276 - acc: 0.9977
810/810 [==============================] - 0s 138us/step - loss: 0.0307 - acc: 0.9963 - val_loss: 0.1001 - val_acc: 0.9655
Epoch 8/30

 20/810 [..............................] - ETA: 0s - loss: 0.0235 - acc: 1.0000
540/810 [===================>..........] - ETA: 0s - loss: 0.0264 - acc: 0.9944
810/810 [==============================] - 0s 122us/step - loss: 0.0241 - acc: 0.9963 - val_loss: 0.0979 - val_acc: 0.9655
Epoch 9/30

 20/810 [..............................] - ETA: 0s - loss: 0.0197 - acc: 1.0000
520/810 [==================>...........] - ETA: 0s - loss: 0.0195 - acc: 0.9981
810/810 [==============================] - 0s 127us/step - loss: 0.0199 - acc: 0.9963 - val_loss: 0.0964 - val_acc: 0.9692
Epoch 10/30

 20/810 [..............................] - ETA: 0s - loss: 0.0420 - acc: 1.0000
520/810 [==================>...........] - ETA: 0s - loss: 0.0147 - acc: 1.0000
810/810 [==============================] - 0s 130us/step - loss: 0.0166 - acc: 0.9988 - val_loss: 0.0966 - val_acc: 0.9667
Epoch 11/30

 20/810 [..............................] - ETA: 0s - loss: 0.0084 - acc: 1.0000
520/810 [==================>...........] - ETA: 0s - loss: 0.0150 - acc: 0.9981
810/810 [==============================] - 0s 129us/step - loss: 0.0135 - acc: 0.9988 - val_loss: 0.0965 - val_acc: 0.9680
Epoch 12/30

 20/810 [..............................] - ETA: 0s - loss: 0.0054 - acc: 1.0000
460/810 [================>.............] - ETA: 0s - loss: 0.0108 - acc: 1.0000
810/810 [==============================] - 0s 139us/step - loss: 0.0112 - acc: 1.0000 - val_loss: 0.0969 - val_acc: 0.9680
Epoch 13/30

 20/810 [..............................] - ETA: 0s - loss: 0.0084 - acc: 1.0000
500/810 [=================>............] - ETA: 0s - loss: 0.0090 - acc: 0.9980
810/810 [==============================] - 0s 130us/step - loss: 0.0097 - acc: 0.9988 - val_loss: 0.0969 - val_acc: 0.9692
Epoch 14/30

 20/810 [..............................] - ETA: 0s - loss: 0.0102 - acc: 1.0000
520/810 [==================>...........] - ETA: 0s - loss: 0.0088 - acc: 1.0000
810/810 [==============================] - 0s 131us/step - loss: 0.0083 - acc: 1.0000 - val_loss: 0.0979 - val_acc: 0.9667
Epoch 15/30

 20/810 [..............................] - ETA: 0s - loss: 0.0145 - acc: 1.0000
520/810 [==================>...........] - ETA: 0s - loss: 0.0074 - acc: 1.0000
810/810 [==============================] - 0s 126us/step - loss: 0.0071 - acc: 1.0000 - val_loss: 0.0978 - val_acc: 0.9680
Epoch 16/30

 20/810 [..............................] - ETA: 0s - loss: 0.0067 - acc: 1.0000
500/810 [=================>............] - ETA: 0s - loss: 0.0060 - acc: 1.0000
810/810 [==============================] - 0s 136us/step - loss: 0.0064 - acc: 1.0000 - val_loss: 0.0980 - val_acc: 0.9692
Epoch 17/30

 20/810 [..............................] - ETA: 0s - loss: 0.0050 - acc: 1.0000
460/810 [================>.............] - ETA: 0s - loss: 0.0061 - acc: 1.0000
810/810 [==============================] - 0s 140us/step - loss: 0.0056 - acc: 1.0000 - val_loss: 0.0986 - val_acc: 0.9692
Epoch 18/30

 20/810 [..............................] - ETA: 0s - loss: 0.0054 - acc: 1.0000
480/810 [================>.............] - ETA: 0s - loss: 0.0049 - acc: 1.0000
810/810 [==============================] - 0s 136us/step - loss: 0.0049 - acc: 1.0000 - val_loss: 0.0999 - val_acc: 0.9692
Epoch 19/30

 20/810 [..............................] - ETA: 0s - loss: 0.0026 - acc: 1.0000
440/810 [===============>..............] - ETA: 0s - loss: 0.0037 - acc: 1.0000
810/810 [==============================] - 0s 140us/step - loss: 0.0045 - acc: 1.0000 - val_loss: 0.0999 - val_acc: 0.9692
Epoch 20/30

 20/810 [..............................] - ETA: 0s - loss: 0.0237 - acc: 1.0000
500/810 [=================>............] - ETA: 0s - loss: 0.0051 - acc: 1.0000
810/810 [==============================] - 0s 132us/step - loss: 0.0048 - acc: 1.0000 - val_loss: 0.1007 - val_acc: 0.9680
Epoch 21/30

 20/810 [..............................] - ETA: 0s - loss: 0.0018 - acc: 1.0000
460/810 [================>.............] - ETA: 0s - loss: 0.0034 - acc: 1.0000
810/810 [==============================] - 0s 140us/step - loss: 0.0036 - acc: 1.0000 - val_loss: 0.1014 - val_acc: 0.9692
Epoch 22/30

 20/810 [..............................] - ETA: 0s - loss: 0.0035 - acc: 1.0000
480/810 [================>.............] - ETA: 0s - loss: 0.0031 - acc: 1.0000
810/810 [==============================] - 0s 133us/step - loss: 0.0033 - acc: 1.0000 - val_loss: 0.1014 - val_acc: 0.9692
Epoch 23/30

 20/810 [..............................] - ETA: 0s - loss: 0.0025 - acc: 1.0000
500/810 [=================>............] - ETA: 0s - loss: 0.0030 - acc: 1.0000
810/810 [==============================] - 0s 139us/step - loss: 0.0030 - acc: 1.0000 - val_loss: 0.1016 - val_acc: 0.9692
Epoch 24/30

 20/810 [..............................] - ETA: 0s - loss: 0.0017 - acc: 1.0000
500/810 [=================>............] - ETA: 0s - loss: 0.0026 - acc: 1.0000
810/810 [==============================] - 0s 133us/step - loss: 0.0027 - acc: 1.0000 - val_loss: 0.1020 - val_acc: 0.9692
Epoch 25/30

 20/810 [..............................] - ETA: 0s - loss: 0.0013 - acc: 1.0000
500/810 [=================>............] - ETA: 0s - loss: 0.0022 - acc: 1.0000
810/810 [==============================] - 0s 140us/step - loss: 0.0025 - acc: 1.0000 - val_loss: 0.1028 - val_acc: 0.9680
acc: 96.92%
Train on 812 samples, validate on 810 samples
Epoch 1/30

 20/812 [..............................] - ETA: 21s - loss: 0.6790 - acc: 0.6000
440/812 [===============>..............] - ETA: 0s - loss: 0.6510 - acc: 0.6523 
812/812 [==============================] - 1s 866us/step - loss: 0.5990 - acc: 0.7377 - val_loss: 0.4627 - val_acc: 0.9210
Epoch 2/30

 20/812 [..............................] - ETA: 0s - loss: 0.4607 - acc: 0.8500
520/812 [==================>...........] - ETA: 0s - loss: 0.3645 - acc: 0.9519
812/812 [==============================] - 0s 130us/step - loss: 0.3278 - acc: 0.9581 - val_loss: 0.2133 - val_acc: 0.9790
Epoch 3/30

 20/812 [..............................] - ETA: 0s - loss: 0.2078 - acc: 0.9500
540/812 [==================>...........] - ETA: 0s - loss: 0.1647 - acc: 0.9833
812/812 [==============================] - 0s 123us/step - loss: 0.1561 - acc: 0.9766 - val_loss: 0.1186 - val_acc: 0.9765
Epoch 4/30

 20/812 [..............................] - ETA: 0s - loss: 0.1218 - acc: 1.0000
500/812 [=================>............] - ETA: 0s - loss: 0.0982 - acc: 0.9860
812/812 [==============================] - 0s 131us/step - loss: 0.0942 - acc: 0.9840 - val_loss: 0.0886 - val_acc: 0.9765
Epoch 5/30

 20/812 [..............................] - ETA: 0s - loss: 0.0861 - acc: 1.0000
440/812 [===============>..............] - ETA: 0s - loss: 0.0656 - acc: 0.9909
812/812 [==============================] - 0s 137us/step - loss: 0.0652 - acc: 0.9877 - val_loss: 0.0760 - val_acc: 0.9741
Epoch 6/30

 20/812 [..............................] - ETA: 0s - loss: 0.0865 - acc: 1.0000
500/812 [=================>............] - ETA: 0s - loss: 0.0474 - acc: 0.9960
812/812 [==============================] - 0s 131us/step - loss: 0.0483 - acc: 0.9951 - val_loss: 0.0693 - val_acc: 0.9790
Epoch 7/30

 20/812 [..............................] - ETA: 0s - loss: 0.0311 - acc: 1.0000
480/812 [================>.............] - ETA: 0s - loss: 0.0357 - acc: 0.9979
812/812 [==============================] - 0s 133us/step - loss: 0.0365 - acc: 0.9988 - val_loss: 0.0656 - val_acc: 0.9778
Epoch 8/30

 20/812 [..............................] - ETA: 0s - loss: 0.0181 - acc: 1.0000
540/812 [==================>...........] - ETA: 0s - loss: 0.0272 - acc: 1.0000
812/812 [==============================] - 0s 122us/step - loss: 0.0291 - acc: 0.9988 - val_loss: 0.0618 - val_acc: 0.9778
Epoch 9/30

 20/812 [..............................] - ETA: 0s - loss: 0.0158 - acc: 1.0000
520/812 [==================>...........] - ETA: 0s - loss: 0.0229 - acc: 0.9981
812/812 [==============================] - 0s 129us/step - loss: 0.0231 - acc: 0.9988 - val_loss: 0.0604 - val_acc: 0.9790
Epoch 10/30

 20/812 [..............................] - ETA: 0s - loss: 0.0218 - acc: 1.0000
520/812 [==================>...........] - ETA: 0s - loss: 0.0180 - acc: 1.0000
812/812 [==============================] - 0s 127us/step - loss: 0.0191 - acc: 0.9988 - val_loss: 0.0593 - val_acc: 0.9790
Epoch 11/30

 20/812 [..............................] - ETA: 0s - loss: 0.0564 - acc: 0.9500
520/812 [==================>...........] - ETA: 0s - loss: 0.0172 - acc: 0.9981
812/812 [==============================] - 0s 129us/step - loss: 0.0163 - acc: 0.9988 - val_loss: 0.0580 - val_acc: 0.9790
Epoch 12/30

 20/812 [..............................] - ETA: 0s - loss: 0.0070 - acc: 1.0000
460/812 [===============>..............] - ETA: 0s - loss: 0.0126 - acc: 1.0000
812/812 [==============================] - 0s 145us/step - loss: 0.0133 - acc: 1.0000 - val_loss: 0.0577 - val_acc: 0.9790
Epoch 13/30

 20/812 [..............................] - ETA: 0s - loss: 0.0098 - acc: 1.0000
420/812 [==============>...............] - ETA: 0s - loss: 0.0102 - acc: 1.0000
812/812 [==============================] - 0s 149us/step - loss: 0.0115 - acc: 0.9988 - val_loss: 0.0573 - val_acc: 0.9790
Epoch 14/30

 20/812 [..............................] - ETA: 0s - loss: 0.0171 - acc: 1.0000
420/812 [==============>...............] - ETA: 0s - loss: 0.0091 - acc: 1.0000
812/812 [==============================] - 0s 146us/step - loss: 0.0098 - acc: 1.0000 - val_loss: 0.0570 - val_acc: 0.9790
Epoch 15/30

 20/812 [..............................] - ETA: 0s - loss: 0.0059 - acc: 1.0000
460/812 [===============>..............] - ETA: 0s - loss: 0.0085 - acc: 1.0000
812/812 [==============================] - 0s 141us/step - loss: 0.0085 - acc: 1.0000 - val_loss: 0.0566 - val_acc: 0.9790
Epoch 16/30

 20/812 [..............................] - ETA: 0s - loss: 0.0066 - acc: 1.0000
460/812 [===============>..............] - ETA: 0s - loss: 0.0075 - acc: 1.0000
812/812 [==============================] - 0s 148us/step - loss: 0.0076 - acc: 1.0000 - val_loss: 0.0573 - val_acc: 0.9790
Epoch 17/30

 20/812 [..............................] - ETA: 0s - loss: 0.0042 - acc: 1.0000
480/812 [================>.............] - ETA: 0s - loss: 0.0059 - acc: 1.0000
812/812 [==============================] - 0s 141us/step - loss: 0.0065 - acc: 1.0000 - val_loss: 0.0570 - val_acc: 0.9802
Epoch 18/30

 20/812 [..............................] - ETA: 0s - loss: 0.0048 - acc: 1.0000
460/812 [===============>..............] - ETA: 0s - loss: 0.0063 - acc: 1.0000
812/812 [==============================] - 0s 151us/step - loss: 0.0058 - acc: 1.0000 - val_loss: 0.0570 - val_acc: 0.9802
Epoch 19/30

 20/812 [..............................] - ETA: 0s - loss: 0.0028 - acc: 1.0000
460/812 [===============>..............] - ETA: 0s - loss: 0.0044 - acc: 1.0000
812/812 [==============================] - 0s 141us/step - loss: 0.0052 - acc: 1.0000 - val_loss: 0.0573 - val_acc: 0.9802
Epoch 20/30

 20/812 [..............................] - ETA: 0s - loss: 0.0043 - acc: 1.0000
480/812 [================>.............] - ETA: 0s - loss: 0.0051 - acc: 1.0000
812/812 [==============================] - 0s 144us/step - loss: 0.0047 - acc: 1.0000 - val_loss: 0.0572 - val_acc: 0.9802
Epoch 21/30

 20/812 [..............................] - ETA: 0s - loss: 0.0055 - acc: 1.0000
480/812 [================>.............] - ETA: 0s - loss: 0.0040 - acc: 1.0000
812/812 [==============================] - 0s 137us/step - loss: 0.0043 - acc: 1.0000 - val_loss: 0.0577 - val_acc: 0.9790
Epoch 22/30

 20/812 [..............................] - ETA: 0s - loss: 0.0045 - acc: 1.0000
480/812 [================>.............] - ETA: 0s - loss: 0.0038 - acc: 1.0000
812/812 [==============================] - 0s 144us/step - loss: 0.0039 - acc: 1.0000 - val_loss: 0.0578 - val_acc: 0.9790
Epoch 23/30

 20/812 [..............................] - ETA: 0s - loss: 0.0046 - acc: 1.0000
480/812 [================>.............] - ETA: 0s - loss: 0.0032 - acc: 1.0000
812/812 [==============================] - 0s 142us/step - loss: 0.0035 - acc: 1.0000 - val_loss: 0.0581 - val_acc: 0.9790
Epoch 24/30

 20/812 [..............................] - ETA: 0s - loss: 0.0066 - acc: 1.0000
480/812 [================>.............] - ETA: 0s - loss: 0.0033 - acc: 1.0000
812/812 [==============================] - 0s 139us/step - loss: 0.0032 - acc: 1.0000 - val_loss: 0.0579 - val_acc: 0.9790
Epoch 25/30

 20/812 [..............................] - ETA: 0s - loss: 0.0034 - acc: 1.0000
400/812 [=============>................] - ETA: 0s - loss: 0.0024 - acc: 1.0000
812/812 [==============================] - 0s 150us/step - loss: 0.0030 - acc: 1.0000 - val_loss: 0.0582 - val_acc: 0.9790
Epoch 26/30

 20/812 [..............................] - ETA: 0s - loss: 0.0024 - acc: 1.0000
500/812 [=================>............] - ETA: 0s - loss: 0.0028 - acc: 1.0000
812/812 [==============================] - 0s 136us/step - loss: 0.0027 - acc: 1.0000 - val_loss: 0.0584 - val_acc: 0.9790
Epoch 27/30

 20/812 [..............................] - ETA: 0s - loss: 0.0023 - acc: 1.0000
460/812 [===============>..............] - ETA: 0s - loss: 0.0024 - acc: 1.0000
812/812 [==============================] - 0s 140us/step - loss: 0.0025 - acc: 1.0000 - val_loss: 0.0587 - val_acc: 0.9790
Epoch 28/30

 20/812 [..............................] - ETA: 0s - loss: 0.0033 - acc: 1.0000
500/812 [=================>............] - ETA: 0s - loss: 0.0024 - acc: 1.0000
812/812 [==============================] - 0s 139us/step - loss: 0.0024 - acc: 1.0000 - val_loss: 0.0589 - val_acc: 0.9790
Epoch 29/30

 20/812 [..............................] - ETA: 0s - loss: 0.0057 - acc: 1.0000
460/812 [===============>..............] - ETA: 0s - loss: 0.0023 - acc: 1.0000
812/812 [==============================] - 0s 153us/step - loss: 0.0022 - acc: 1.0000 - val_loss: 0.0590 - val_acc: 0.9790
Epoch 30/30

 20/812 [..............................] - ETA: 0s - loss: 0.0015 - acc: 1.0000
460/812 [===============>..............] - ETA: 0s - loss: 0.0020 - acc: 1.0000
812/812 [==============================] - 0s 142us/step - loss: 0.0020 - acc: 1.0000 - val_loss: 0.0593 - val_acc: 0.9790
acc: 97.90%
Accuracy: 97.41% (+/- 0.49%)
