Train on 810 samples, validate on 812 samples
Epoch 1/30

 20/810 [..............................] - ETA: 17s - loss: 0.6732 - acc: 0.5500
520/810 [==================>...........] - ETA: 0s - loss: 0.3346 - acc: 0.8538 
810/810 [==============================] - 1s 714us/step - loss: 0.2650 - acc: 0.8889 - val_loss: 0.1290 - val_acc: 0.9532
Epoch 2/30

 20/810 [..............................] - ETA: 0s - loss: 0.0110 - acc: 1.0000
520/810 [==================>...........] - ETA: 0s - loss: 0.0493 - acc: 0.9846
810/810 [==============================] - 0s 125us/step - loss: 0.0461 - acc: 0.9864 - val_loss: 0.1168 - val_acc: 0.9581
Epoch 3/30

 20/810 [..............................] - ETA: 0s - loss: 0.0044 - acc: 1.0000
520/810 [==================>...........] - ETA: 0s - loss: 0.0179 - acc: 0.9942
810/810 [==============================] - 0s 125us/step - loss: 0.0159 - acc: 0.9963 - val_loss: 0.1181 - val_acc: 0.9618
Epoch 4/30

 20/810 [..............................] - ETA: 0s - loss: 0.0144 - acc: 1.0000
540/810 [===================>..........] - ETA: 0s - loss: 0.0109 - acc: 0.9981
810/810 [==============================] - 0s 121us/step - loss: 0.0109 - acc: 0.9988 - val_loss: 0.1164 - val_acc: 0.9618
Epoch 5/30

 20/810 [..............................] - ETA: 0s - loss: 0.0020 - acc: 1.0000
560/810 [===================>..........] - ETA: 0s - loss: 0.0032 - acc: 1.0000
810/810 [==============================] - 0s 118us/step - loss: 0.0074 - acc: 0.9988 - val_loss: 0.1128 - val_acc: 0.9618
Epoch 6/30

 20/810 [..............................] - ETA: 0s - loss: 9.6395e-04 - acc: 1.0000
540/810 [===================>..........] - ETA: 0s - loss: 0.0051 - acc: 0.9981    
810/810 [==============================] - 0s 121us/step - loss: 0.0040 - acc: 0.9988 - val_loss: 0.1169 - val_acc: 0.9606
Epoch 7/30

 20/810 [..............................] - ETA: 0s - loss: 0.0016 - acc: 1.0000
520/810 [==================>...........] - ETA: 0s - loss: 0.0011 - acc: 1.0000
810/810 [==============================] - 0s 126us/step - loss: 0.0036 - acc: 0.9988 - val_loss: 0.1179 - val_acc: 0.9606
Epoch 8/30

 20/810 [..............................] - ETA: 0s - loss: 0.0043 - acc: 1.0000
520/810 [==================>...........] - ETA: 0s - loss: 0.0027 - acc: 1.0000
810/810 [==============================] - 0s 128us/step - loss: 0.0021 - acc: 1.0000 - val_loss: 0.1203 - val_acc: 0.9606
Epoch 9/30

 20/810 [..............................] - ETA: 0s - loss: 0.0017 - acc: 1.0000
500/810 [=================>............] - ETA: 0s - loss: 0.0054 - acc: 0.9980
810/810 [==============================] - 0s 129us/step - loss: 0.0044 - acc: 0.9988 - val_loss: 0.1182 - val_acc: 0.9618
Epoch 10/30

 20/810 [..............................] - ETA: 0s - loss: 4.5743e-04 - acc: 1.0000
520/810 [==================>...........] - ETA: 0s - loss: 0.0021 - acc: 1.0000    
810/810 [==============================] - 0s 126us/step - loss: 0.0018 - acc: 1.0000 - val_loss: 0.1227 - val_acc: 0.9618
Epoch 11/30

 20/810 [..............................] - ETA: 0s - loss: 2.3071e-04 - acc: 1.0000
540/810 [===================>..........] - ETA: 0s - loss: 4.9709e-04 - acc: 1.0000
810/810 [==============================] - 0s 120us/step - loss: 0.0013 - acc: 1.0000 - val_loss: 0.1266 - val_acc: 0.9631
Epoch 12/30

 20/810 [..............................] - ETA: 0s - loss: 3.4935e-04 - acc: 1.0000
540/810 [===================>..........] - ETA: 0s - loss: 9.2341e-04 - acc: 1.0000
810/810 [==============================] - 0s 120us/step - loss: 7.5839e-04 - acc: 1.0000 - val_loss: 0.1293 - val_acc: 0.9631
Epoch 13/30

 20/810 [..............................] - ETA: 0s - loss: 5.6579e-04 - acc: 1.0000
540/810 [===================>..........] - ETA: 0s - loss: 3.4910e-04 - acc: 1.0000
810/810 [==============================] - 0s 123us/step - loss: 5.1058e-04 - acc: 1.0000 - val_loss: 0.1299 - val_acc: 0.9631
Epoch 14/30

 20/810 [..............................] - ETA: 0s - loss: 2.6588e-04 - acc: 1.0000
500/810 [=================>............] - ETA: 0s - loss: 4.5764e-04 - acc: 1.0000
810/810 [==============================] - 0s 132us/step - loss: 4.0108e-04 - acc: 1.0000 - val_loss: 0.1303 - val_acc: 0.9631
Epoch 15/30

 20/810 [..............................] - ETA: 0s - loss: 1.0104e-04 - acc: 1.0000
500/810 [=================>............] - ETA: 0s - loss: 3.9253e-04 - acc: 1.0000
810/810 [==============================] - 0s 130us/step - loss: 3.4355e-04 - acc: 1.0000 - val_loss: 0.1313 - val_acc: 0.9631
Epoch 16/30

 20/810 [..............................] - ETA: 0s - loss: 2.3250e-04 - acc: 1.0000
500/810 [=================>............] - ETA: 0s - loss: 2.1102e-04 - acc: 1.0000
810/810 [==============================] - 0s 131us/step - loss: 2.9549e-04 - acc: 1.0000 - val_loss: 0.1322 - val_acc: 0.9643
Epoch 17/30

 20/810 [..............................] - ETA: 0s - loss: 2.1832e-04 - acc: 1.0000
520/810 [==================>...........] - ETA: 0s - loss: 2.0854e-04 - acc: 1.0000
810/810 [==============================] - 0s 126us/step - loss: 2.5197e-04 - acc: 1.0000 - val_loss: 0.1332 - val_acc: 0.9643
Epoch 18/30

 20/810 [..............................] - ETA: 0s - loss: 2.3465e-04 - acc: 1.0000
540/810 [===================>..........] - ETA: 0s - loss: 2.3868e-04 - acc: 1.0000
810/810 [==============================] - 0s 122us/step - loss: 2.2233e-04 - acc: 1.0000 - val_loss: 0.1341 - val_acc: 0.9643
Epoch 19/30

 20/810 [..............................] - ETA: 0s - loss: 1.2083e-04 - acc: 1.0000
540/810 [===================>..........] - ETA: 0s - loss: 1.6878e-04 - acc: 1.0000
810/810 [==============================] - 0s 121us/step - loss: 1.9842e-04 - acc: 1.0000 - val_loss: 0.1348 - val_acc: 0.9643
Epoch 20/30

 20/810 [..............................] - ETA: 0s - loss: 2.2246e-04 - acc: 1.0000
540/810 [===================>..........] - ETA: 0s - loss: 2.0094e-04 - acc: 1.0000
810/810 [==============================] - 0s 128us/step - loss: 1.7766e-04 - acc: 1.0000 - val_loss: 0.1352 - val_acc: 0.9643
Epoch 21/30

 20/810 [..............................] - ETA: 0s - loss: 1.0305e-04 - acc: 1.0000
520/810 [==================>...........] - ETA: 0s - loss: 1.7401e-04 - acc: 1.0000
810/810 [==============================] - 0s 128us/step - loss: 1.6257e-04 - acc: 1.0000 - val_loss: 0.1360 - val_acc: 0.9643
Epoch 22/30

 20/810 [..............................] - ETA: 0s - loss: 6.6445e-05 - acc: 1.0000
500/810 [=================>............] - ETA: 0s - loss: 1.5784e-04 - acc: 1.0000
810/810 [==============================] - 0s 131us/step - loss: 1.5000e-04 - acc: 1.0000 - val_loss: 0.1365 - val_acc: 0.9643
Epoch 23/30

 20/810 [..............................] - ETA: 0s - loss: 6.6146e-05 - acc: 1.0000
520/810 [==================>...........] - ETA: 0s - loss: 1.1382e-04 - acc: 1.0000
810/810 [==============================] - 0s 125us/step - loss: 1.3879e-04 - acc: 1.0000 - val_loss: 0.1373 - val_acc: 0.9643
Epoch 24/30

 20/810 [..............................] - ETA: 0s - loss: 7.3990e-05 - acc: 1.0000
520/810 [==================>...........] - ETA: 0s - loss: 1.0237e-04 - acc: 1.0000
810/810 [==============================] - 0s 124us/step - loss: 1.2776e-04 - acc: 1.0000 - val_loss: 0.1376 - val_acc: 0.9643
acc: 96.43%
Train on 812 samples, validate on 810 samples
Epoch 1/30

 20/812 [..............................] - ETA: 21s - loss: 0.7075 - acc: 0.4500
520/812 [==================>...........] - ETA: 0s - loss: 0.3738 - acc: 0.8327 
812/812 [==============================] - 1s 863us/step - loss: 0.2856 - acc: 0.8695 - val_loss: 0.0720 - val_acc: 0.9765
Epoch 2/30

 20/812 [..............................] - ETA: 0s - loss: 0.0264 - acc: 1.0000
520/812 [==================>...........] - ETA: 0s - loss: 0.0447 - acc: 0.9865
812/812 [==============================] - 0s 128us/step - loss: 0.0478 - acc: 0.9852 - val_loss: 0.0643 - val_acc: 0.9815
Epoch 3/30

 20/812 [..............................] - ETA: 0s - loss: 0.0237 - acc: 1.0000
520/812 [==================>...........] - ETA: 0s - loss: 0.0210 - acc: 0.9962
812/812 [==============================] - 0s 128us/step - loss: 0.0179 - acc: 0.9975 - val_loss: 0.0479 - val_acc: 0.9852
Epoch 4/30

 20/812 [..............................] - ETA: 0s - loss: 0.0042 - acc: 1.0000
520/812 [==================>...........] - ETA: 0s - loss: 0.0049 - acc: 1.0000
812/812 [==============================] - 0s 127us/step - loss: 0.0089 - acc: 0.9988 - val_loss: 0.0511 - val_acc: 0.9852
Epoch 5/30

 20/812 [..............................] - ETA: 0s - loss: 0.0041 - acc: 1.0000
500/812 [=================>............] - ETA: 0s - loss: 0.0040 - acc: 1.0000
812/812 [==============================] - 0s 133us/step - loss: 0.0055 - acc: 0.9988 - val_loss: 0.0535 - val_acc: 0.9815
Epoch 6/30

 20/812 [..............................] - ETA: 0s - loss: 0.0015 - acc: 1.0000
520/812 [==================>...........] - ETA: 0s - loss: 0.0021 - acc: 1.0000
812/812 [==============================] - 0s 123us/step - loss: 0.0032 - acc: 0.9988 - val_loss: 0.0543 - val_acc: 0.9815
Epoch 7/30

 20/812 [..............................] - ETA: 0s - loss: 0.0020 - acc: 1.0000
540/812 [==================>...........] - ETA: 0s - loss: 0.0018 - acc: 1.0000
812/812 [==============================] - 0s 123us/step - loss: 0.0022 - acc: 1.0000 - val_loss: 0.0540 - val_acc: 0.9827
Epoch 8/30

 20/812 [..............................] - ETA: 0s - loss: 5.2636e-04 - acc: 1.0000
520/812 [==================>...........] - ETA: 0s - loss: 0.0011 - acc: 1.0000    
812/812 [==============================] - 0s 123us/step - loss: 0.0014 - acc: 1.0000 - val_loss: 0.0538 - val_acc: 0.9827
Epoch 9/30

 20/812 [..............................] - ETA: 0s - loss: 0.0013 - acc: 1.0000
500/812 [=================>............] - ETA: 0s - loss: 0.0011 - acc: 1.0000
812/812 [==============================] - 0s 129us/step - loss: 9.3442e-04 - acc: 1.0000 - val_loss: 0.0544 - val_acc: 0.9827
Epoch 10/30

 20/812 [..............................] - ETA: 0s - loss: 5.1899e-04 - acc: 1.0000
520/812 [==================>...........] - ETA: 0s - loss: 8.1636e-04 - acc: 1.0000
812/812 [==============================] - 0s 132us/step - loss: 7.6480e-04 - acc: 1.0000 - val_loss: 0.0554 - val_acc: 0.9827
Epoch 11/30

 20/812 [..............................] - ETA: 0s - loss: 3.0662e-04 - acc: 1.0000
500/812 [=================>............] - ETA: 0s - loss: 6.7797e-04 - acc: 1.0000
812/812 [==============================] - 0s 132us/step - loss: 6.3782e-04 - acc: 1.0000 - val_loss: 0.0561 - val_acc: 0.9827
Epoch 12/30

 20/812 [..............................] - ETA: 0s - loss: 2.8536e-04 - acc: 1.0000
520/812 [==================>...........] - ETA: 0s - loss: 6.0982e-04 - acc: 1.0000
812/812 [==============================] - 0s 130us/step - loss: 5.4272e-04 - acc: 1.0000 - val_loss: 0.0568 - val_acc: 0.9827
acc: 98.52%
Accuracy: 97.47% (+/- 1.04%)
