Train on 1297 samples, validate on 325 samples
Epoch 1/30

  10/1297 [..............................] - ETA: 58s - loss: 0.7214 - acc: 0.4000
 260/1297 [=====>........................] - ETA: 2s - loss: 0.4939 - acc: 0.7885 
 510/1297 [==========>...................] - ETA: 0s - loss: 0.3241 - acc: 0.8745
 770/1297 [================>.............] - ETA: 0s - loss: 0.2403 - acc: 0.9078
1040/1297 [=======================>......] - ETA: 0s - loss: 0.2102 - acc: 0.9212
1297/1297 [==============================] - 1s 592us/step - loss: 0.1864 - acc: 0.9298 - val_loss: 0.1163 - val_acc: 0.9538
Epoch 2/30

  10/1297 [..............................] - ETA: 0s - loss: 0.0132 - acc: 1.0000
 260/1297 [=====>........................] - ETA: 0s - loss: 0.0552 - acc: 0.9885
 500/1297 [==========>...................] - ETA: 0s - loss: 0.0408 - acc: 0.9920
 740/1297 [================>.............] - ETA: 0s - loss: 0.0434 - acc: 0.9892
 990/1297 [=====================>........] - ETA: 0s - loss: 0.0435 - acc: 0.9889
1240/1297 [===========================>..] - ETA: 0s - loss: 0.0459 - acc: 0.9887
1297/1297 [==============================] - 0s 219us/step - loss: 0.0448 - acc: 0.9892 - val_loss: 0.1046 - val_acc: 0.9600
Epoch 3/30

  10/1297 [..............................] - ETA: 0s - loss: 0.0173 - acc: 1.0000
 260/1297 [=====>........................] - ETA: 0s - loss: 0.0396 - acc: 0.9923
 500/1297 [==========>...................] - ETA: 0s - loss: 0.0274 - acc: 0.9960
 740/1297 [================>.............] - ETA: 0s - loss: 0.0213 - acc: 0.9973
 990/1297 [=====================>........] - ETA: 0s - loss: 0.0210 - acc: 0.9970
1250/1297 [===========================>..] - ETA: 0s - loss: 0.0210 - acc: 0.9968
1297/1297 [==============================] - 0s 216us/step - loss: 0.0205 - acc: 0.9969 - val_loss: 0.1109 - val_acc: 0.9508
Epoch 4/30

  10/1297 [..............................] - ETA: 0s - loss: 0.0020 - acc: 1.0000
 260/1297 [=====>........................] - ETA: 0s - loss: 0.0048 - acc: 1.0000
 520/1297 [===========>..................] - ETA: 0s - loss: 0.0072 - acc: 0.9981
 770/1297 [================>.............] - ETA: 0s - loss: 0.0115 - acc: 0.9974
1030/1297 [======================>.......] - ETA: 0s - loss: 0.0095 - acc: 0.9981
1260/1297 [============================>.] - ETA: 0s - loss: 0.0106 - acc: 0.9976
1297/1297 [==============================] - 0s 214us/step - loss: 0.0106 - acc: 0.9977 - val_loss: 0.0991 - val_acc: 0.9631
Epoch 5/30

  10/1297 [..............................] - ETA: 0s - loss: 5.5662e-04 - acc: 1.0000
 250/1297 [====>.........................] - ETA: 0s - loss: 0.0129 - acc: 0.9960    
 500/1297 [==========>...................] - ETA: 0s - loss: 0.0130 - acc: 0.9960
 740/1297 [================>.............] - ETA: 0s - loss: 0.0120 - acc: 0.9959
 980/1297 [=====================>........] - ETA: 0s - loss: 0.0142 - acc: 0.9959
1220/1297 [===========================>..] - ETA: 0s - loss: 0.0120 - acc: 0.9967
1297/1297 [==============================] - 0s 227us/step - loss: 0.0115 - acc: 0.9969 - val_loss: 0.1007 - val_acc: 0.9631
Epoch 6/30

  10/1297 [..............................] - ETA: 0s - loss: 0.0017 - acc: 1.0000
 270/1297 [=====>........................] - ETA: 0s - loss: 0.0022 - acc: 1.0000
 470/1297 [=========>....................] - ETA: 0s - loss: 0.0045 - acc: 0.9979
 680/1297 [==============>...............] - ETA: 0s - loss: 0.0129 - acc: 0.9956
 910/1297 [====================>.........] - ETA: 0s - loss: 0.0104 - acc: 0.9967
1160/1297 [=========================>....] - ETA: 0s - loss: 0.0089 - acc: 0.9974
1297/1297 [==============================] - 0s 235us/step - loss: 0.0081 - acc: 0.9977 - val_loss: 0.1083 - val_acc: 0.9600
Epoch 7/30

  10/1297 [..............................] - ETA: 0s - loss: 0.0022 - acc: 1.0000
 260/1297 [=====>........................] - ETA: 0s - loss: 0.0014 - acc: 1.0000
 510/1297 [==========>...................] - ETA: 0s - loss: 0.0012 - acc: 1.0000
 760/1297 [================>.............] - ETA: 0s - loss: 0.0036 - acc: 0.9987
1000/1297 [======================>.......] - ETA: 0s - loss: 0.0045 - acc: 0.9980
1240/1297 [===========================>..] - ETA: 0s - loss: 0.0070 - acc: 0.9976
1297/1297 [==============================] - 0s 222us/step - loss: 0.0068 - acc: 0.9977 - val_loss: 0.1081 - val_acc: 0.9631
Epoch 8/30

  10/1297 [..............................] - ETA: 0s - loss: 8.3974e-04 - acc: 1.0000
 250/1297 [====>.........................] - ETA: 0s - loss: 0.0022 - acc: 1.0000    
 500/1297 [==========>...................] - ETA: 0s - loss: 0.0048 - acc: 0.9980
 750/1297 [================>.............] - ETA: 0s - loss: 0.0039 - acc: 0.9987
 980/1297 [=====================>........] - ETA: 0s - loss: 0.0033 - acc: 0.9990
1220/1297 [===========================>..] - ETA: 0s - loss: 0.0075 - acc: 0.9975
1297/1297 [==============================] - 0s 226us/step - loss: 0.0074 - acc: 0.9977 - val_loss: 0.1158 - val_acc: 0.9662
Epoch 9/30

  10/1297 [..............................] - ETA: 0s - loss: 0.0010 - acc: 1.0000
 240/1297 [====>.........................] - ETA: 0s - loss: 0.0178 - acc: 0.9917
 470/1297 [=========>....................] - ETA: 0s - loss: 0.0110 - acc: 0.9957
 720/1297 [===============>..............] - ETA: 0s - loss: 0.0080 - acc: 0.9972
 970/1297 [=====================>........] - ETA: 0s - loss: 0.0064 - acc: 0.9979
1210/1297 [==========================>...] - ETA: 0s - loss: 0.0074 - acc: 0.9975
1297/1297 [==============================] - 0s 225us/step - loss: 0.0072 - acc: 0.9977 - val_loss: 0.1175 - val_acc: 0.9662
Epoch 10/30

  10/1297 [..............................] - ETA: 0s - loss: 3.2785e-04 - acc: 1.0000
 260/1297 [=====>........................] - ETA: 0s - loss: 0.0142 - acc: 0.9962    
 500/1297 [==========>...................] - ETA: 0s - loss: 0.0081 - acc: 0.9980
 750/1297 [================>.............] - ETA: 0s - loss: 0.0103 - acc: 0.9973
 960/1297 [=====================>........] - ETA: 0s - loss: 0.0118 - acc: 0.9969
1170/1297 [==========================>...] - ETA: 0s - loss: 0.0101 - acc: 0.9974
1297/1297 [==============================] - 0s 234us/step - loss: 0.0092 - acc: 0.9977 - val_loss: 0.1248 - val_acc: 0.9600
Epoch 11/30

  10/1297 [..............................] - ETA: 0s - loss: 8.4493e-04 - acc: 1.0000
 240/1297 [====>.........................] - ETA: 0s - loss: 0.0098 - acc: 0.9958    
 490/1297 [==========>...................] - ETA: 0s - loss: 0.0063 - acc: 0.9980
 740/1297 [================>.............] - ETA: 0s - loss: 0.0068 - acc: 0.9973
 990/1297 [=====================>........] - ETA: 0s - loss: 0.0055 - acc: 0.9980
1240/1297 [===========================>..] - ETA: 0s - loss: 0.0063 - acc: 0.9976
1297/1297 [==============================] - 0s 220us/step - loss: 0.0061 - acc: 0.9977 - val_loss: 0.1193 - val_acc: 0.9631
Epoch 12/30

  10/1297 [..............................] - ETA: 0s - loss: 7.0889e-04 - acc: 1.0000
 260/1297 [=====>........................] - ETA: 0s - loss: 9.3841e-04 - acc: 1.0000
 490/1297 [==========>...................] - ETA: 0s - loss: 0.0010 - acc: 1.0000    
 730/1297 [===============>..............] - ETA: 0s - loss: 9.0838e-04 - acc: 1.0000
 950/1297 [====================>.........] - ETA: 0s - loss: 0.0061 - acc: 0.9989    
1160/1297 [=========================>....] - ETA: 0s - loss: 0.0066 - acc: 0.9983
1297/1297 [==============================] - 0s 236us/step - loss: 0.0070 - acc: 0.9977 - val_loss: 0.1254 - val_acc: 0.9631
Epoch 13/30

  10/1297 [..............................] - ETA: 0s - loss: 0.0076 - acc: 1.0000
 250/1297 [====>.........................] - ETA: 0s - loss: 0.0040 - acc: 1.0000
 490/1297 [==========>...................] - ETA: 0s - loss: 0.0039 - acc: 1.0000
 740/1297 [================>.............] - ETA: 0s - loss: 0.0032 - acc: 1.0000
 980/1297 [=====================>........] - ETA: 0s - loss: 0.0027 - acc: 1.0000
1220/1297 [===========================>..] - ETA: 0s - loss: 0.0023 - acc: 1.0000
1297/1297 [==============================] - 0s 222us/step - loss: 0.0057 - acc: 0.9992 - val_loss: 0.1328 - val_acc: 0.9600
Epoch 14/30

  10/1297 [..............................] - ETA: 0s - loss: 2.2662e-04 - acc: 1.0000
 260/1297 [=====>........................] - ETA: 0s - loss: 0.0132 - acc: 0.9962    
 500/1297 [==========>...................] - ETA: 0s - loss: 0.0078 - acc: 0.9980
 750/1297 [================>.............] - ETA: 0s - loss: 0.0066 - acc: 0.9987
1000/1297 [======================>.......] - ETA: 0s - loss: 0.0053 - acc: 0.9990
1260/1297 [============================>.] - ETA: 0s - loss: 0.0043 - acc: 0.9992
1297/1297 [==============================] - 0s 216us/step - loss: 0.0042 - acc: 0.9992 - val_loss: 0.1392 - val_acc: 0.9600
Epoch 15/30

  10/1297 [..............................] - ETA: 0s - loss: 8.3214e-04 - acc: 1.0000
 250/1297 [====>.........................] - ETA: 0s - loss: 0.0025 - acc: 1.0000    
 500/1297 [==========>...................] - ETA: 0s - loss: 0.0031 - acc: 0.9980
 750/1297 [================>.............] - ETA: 0s - loss: 0.0024 - acc: 0.9987
1000/1297 [======================>.......] - ETA: 0s - loss: 0.0020 - acc: 0.9990
1240/1297 [===========================>..] - ETA: 0s - loss: 0.0046 - acc: 0.9984
1297/1297 [==============================] - 0s 221us/step - loss: 0.0044 - acc: 0.9985 - val_loss: 0.1346 - val_acc: 0.9600
Epoch 16/30

  10/1297 [..............................] - ETA: 0s - loss: 1.9584e-04 - acc: 1.0000
 250/1297 [====>.........................] - ETA: 0s - loss: 0.0014 - acc: 1.0000    
 500/1297 [==========>...................] - ETA: 0s - loss: 0.0020 - acc: 1.0000
 750/1297 [================>.............] - ETA: 0s - loss: 0.0019 - acc: 1.0000
1000/1297 [======================>.......] - ETA: 0s - loss: 0.0049 - acc: 0.9990
1250/1297 [===========================>..] - ETA: 0s - loss: 0.0045 - acc: 0.9992
1297/1297 [==============================] - 0s 221us/step - loss: 0.0044 - acc: 0.9992 - val_loss: 0.1338 - val_acc: 0.9569
Epoch 17/30

  10/1297 [..............................] - ETA: 0s - loss: 3.6342e-04 - acc: 1.0000
 230/1297 [====>.........................] - ETA: 0s - loss: 6.5363e-04 - acc: 1.0000
 470/1297 [=========>....................] - ETA: 0s - loss: 0.0089 - acc: 0.9979    
 660/1297 [==============>...............] - ETA: 0s - loss: 0.0071 - acc: 0.9985
 870/1297 [===================>..........] - ETA: 0s - loss: 0.0059 - acc: 0.9989
1060/1297 [=======================>......] - ETA: 0s - loss: 0.0057 - acc: 0.9981
1290/1297 [============================>.] - ETA: 0s - loss: 0.0049 - acc: 0.9984
1297/1297 [==============================] - 0s 250us/step - loss: 0.0049 - acc: 0.9985 - val_loss: 0.1386 - val_acc: 0.9569
Epoch 18/30

  10/1297 [..............................] - ETA: 0s - loss: 0.0010 - acc: 1.0000
 240/1297 [====>.........................] - ETA: 0s - loss: 5.7265e-04 - acc: 1.0000
 480/1297 [==========>...................] - ETA: 0s - loss: 7.3985e-04 - acc: 1.0000
 730/1297 [===============>..............] - ETA: 0s - loss: 0.0013 - acc: 1.0000    
 970/1297 [=====================>........] - ETA: 0s - loss: 0.0011 - acc: 1.0000
1220/1297 [===========================>..] - ETA: 0s - loss: 0.0034 - acc: 0.9992
1297/1297 [==============================] - 0s 223us/step - loss: 0.0033 - acc: 0.9992 - val_loss: 0.1326 - val_acc: 0.9600
Epoch 19/30

  10/1297 [..............................] - ETA: 0s - loss: 4.7811e-04 - acc: 1.0000
 250/1297 [====>.........................] - ETA: 0s - loss: 0.0060 - acc: 0.9960    
 500/1297 [==========>...................] - ETA: 0s - loss: 0.0034 - acc: 0.9980
 750/1297 [================>.............] - ETA: 0s - loss: 0.0026 - acc: 0.9987
 990/1297 [=====================>........] - ETA: 0s - loss: 0.0023 - acc: 0.9990
1240/1297 [===========================>..] - ETA: 0s - loss: 0.0019 - acc: 0.9992
1297/1297 [==============================] - 0s 220us/step - loss: 0.0018 - acc: 0.9992 - val_loss: 0.1364 - val_acc: 0.9569
Epoch 20/30

  10/1297 [..............................] - ETA: 0s - loss: 4.4152e-04 - acc: 1.0000
 250/1297 [====>.........................] - ETA: 0s - loss: 0.0093 - acc: 0.9960    
 500/1297 [==========>...................] - ETA: 0s - loss: 0.0054 - acc: 0.9980
 750/1297 [================>.............] - ETA: 0s - loss: 0.0040 - acc: 0.9987
1000/1297 [======================>.......] - ETA: 0s - loss: 0.0031 - acc: 0.9990
1250/1297 [===========================>..] - ETA: 0s - loss: 0.0026 - acc: 0.9992
1297/1297 [==============================] - 0s 218us/step - loss: 0.0025 - acc: 0.9992 - val_loss: 0.1432 - val_acc: 0.9569
Epoch 21/30

  10/1297 [..............................] - ETA: 0s - loss: 2.5044e-05 - acc: 1.0000
 250/1297 [====>.........................] - ETA: 0s - loss: 4.1371e-04 - acc: 1.0000
 500/1297 [==========>...................] - ETA: 0s - loss: 0.0047 - acc: 0.9980    
 740/1297 [================>.............] - ETA: 0s - loss: 0.0038 - acc: 0.9986
 990/1297 [=====================>........] - ETA: 0s - loss: 0.0029 - acc: 0.9990
1240/1297 [===========================>..] - ETA: 0s - loss: 0.0025 - acc: 0.9992
1297/1297 [==============================] - 0s 218us/step - loss: 0.0024 - acc: 0.9992 - val_loss: 0.1391 - val_acc: 0.9538
Epoch 22/30

  10/1297 [..............................] - ETA: 0s - loss: 4.9347e-04 - acc: 1.0000
 260/1297 [=====>........................] - ETA: 0s - loss: 6.7643e-04 - acc: 1.0000
 500/1297 [==========>...................] - ETA: 0s - loss: 6.0561e-04 - acc: 1.0000
 750/1297 [================>.............] - ETA: 0s - loss: 0.0041 - acc: 0.9987    
1000/1297 [======================>.......] - ETA: 0s - loss: 0.0037 - acc: 0.9990
1240/1297 [===========================>..] - ETA: 0s - loss: 0.0031 - acc: 0.9992
1297/1297 [==============================] - 0s 220us/step - loss: 0.0030 - acc: 0.9992 - val_loss: 0.1433 - val_acc: 0.9538
Epoch 23/30

  10/1297 [..............................] - ETA: 0s - loss: 2.8335e-05 - acc: 1.0000
 240/1297 [====>.........................] - ETA: 0s - loss: 9.0112e-04 - acc: 1.0000
 470/1297 [=========>....................] - ETA: 0s - loss: 7.1936e-04 - acc: 1.0000
 700/1297 [===============>..............] - ETA: 0s - loss: 8.0397e-04 - acc: 1.0000
 920/1297 [====================>.........] - ETA: 0s - loss: 6.3358e-04 - acc: 1.0000
1140/1297 [=========================>....] - ETA: 0s - loss: 0.0034 - acc: 0.9991    
1297/1297 [==============================] - 0s 242us/step - loss: 0.0033 - acc: 0.9992 - val_loss: 0.1324 - val_acc: 0.9569
Epoch 24/30

  10/1297 [..............................] - ETA: 0s - loss: 5.9148e-05 - acc: 1.0000
 250/1297 [====>.........................] - ETA: 0s - loss: 7.1112e-04 - acc: 1.0000
 490/1297 [==========>...................] - ETA: 0s - loss: 5.6248e-04 - acc: 1.0000
 740/1297 [================>.............] - ETA: 0s - loss: 9.0729e-04 - acc: 1.0000
 990/1297 [=====================>........] - ETA: 0s - loss: 8.3040e-04 - acc: 1.0000
1240/1297 [===========================>..] - ETA: 0s - loss: 0.0043 - acc: 0.9992    
1297/1297 [==============================] - 0s 220us/step - loss: 0.0042 - acc: 0.9992 - val_loss: 0.1203 - val_acc: 0.9662
acc: 96.62%
Train on 1297 samples, validate on 325 samples
Epoch 1/30

  10/1297 [..............................] - ETA: 1:04 - loss: 0.7351 - acc: 0.4000
 260/1297 [=====>........................] - ETA: 2s - loss: 0.4658 - acc: 0.7731  
 500/1297 [==========>...................] - ETA: 0s - loss: 0.3467 - acc: 0.8400
 750/1297 [================>.............] - ETA: 0s - loss: 0.2549 - acc: 0.8853
1000/1297 [======================>.......] - ETA: 0s - loss: 0.2084 - acc: 0.9090
1250/1297 [===========================>..] - ETA: 0s - loss: 0.1903 - acc: 0.9192
1297/1297 [==============================] - 1s 659us/step - loss: 0.1860 - acc: 0.9214 - val_loss: 0.1106 - val_acc: 0.9569
Epoch 2/30

  10/1297 [..............................] - ETA: 0s - loss: 0.0254 - acc: 1.0000
 270/1297 [=====>........................] - ETA: 0s - loss: 0.0393 - acc: 0.9889
 530/1297 [===========>..................] - ETA: 0s - loss: 0.0410 - acc: 0.9849
 790/1297 [=================>............] - ETA: 0s - loss: 0.0451 - acc: 0.9835
1050/1297 [=======================>......] - ETA: 0s - loss: 0.0414 - acc: 0.9867
1297/1297 [==============================] - 0s 207us/step - loss: 0.0388 - acc: 0.9877 - val_loss: 0.0886 - val_acc: 0.9723
Epoch 3/30

  10/1297 [..............................] - ETA: 0s - loss: 0.0061 - acc: 1.0000
 260/1297 [=====>........................] - ETA: 0s - loss: 0.0269 - acc: 0.9923
 510/1297 [==========>...................] - ETA: 0s - loss: 0.0257 - acc: 0.9941
 760/1297 [================>.............] - ETA: 0s - loss: 0.0203 - acc: 0.9961
1020/1297 [======================>.......] - ETA: 0s - loss: 0.0166 - acc: 0.9971
1270/1297 [============================>.] - ETA: 0s - loss: 0.0172 - acc: 0.9961
1297/1297 [==============================] - 0s 216us/step - loss: 0.0169 - acc: 0.9961 - val_loss: 0.0811 - val_acc: 0.9723
Epoch 4/30

  10/1297 [..............................] - ETA: 0s - loss: 0.0029 - acc: 1.0000
 260/1297 [=====>........................] - ETA: 0s - loss: 0.0184 - acc: 0.9962
 500/1297 [==========>...................] - ETA: 0s - loss: 0.0136 - acc: 0.9980
 740/1297 [================>.............] - ETA: 0s - loss: 0.0104 - acc: 0.9986
 990/1297 [=====================>........] - ETA: 0s - loss: 0.0119 - acc: 0.9980
1240/1297 [===========================>..] - ETA: 0s - loss: 0.0104 - acc: 0.9984
1297/1297 [==============================] - 0s 219us/step - loss: 0.0101 - acc: 0.9985 - val_loss: 0.0802 - val_acc: 0.9754
Epoch 5/30

  10/1297 [..............................] - ETA: 0s - loss: 6.8021e-04 - acc: 1.0000
 260/1297 [=====>........................] - ETA: 0s - loss: 0.0149 - acc: 0.9962    
 510/1297 [==========>...................] - ETA: 0s - loss: 0.0121 - acc: 0.9961
 770/1297 [================>.............] - ETA: 0s - loss: 0.0091 - acc: 0.9974
1010/1297 [======================>.......] - ETA: 0s - loss: 0.0076 - acc: 0.9980
1260/1297 [============================>.] - ETA: 0s - loss: 0.0065 - acc: 0.9984
1297/1297 [==============================] - 0s 218us/step - loss: 0.0064 - acc: 0.9985 - val_loss: 0.0748 - val_acc: 0.9723
Epoch 6/30

  10/1297 [..............................] - ETA: 0s - loss: 0.0016 - acc: 1.0000
 250/1297 [====>.........................] - ETA: 0s - loss: 0.0014 - acc: 1.0000
 500/1297 [==========>...................] - ETA: 0s - loss: 0.0011 - acc: 1.0000
 740/1297 [================>.............] - ETA: 0s - loss: 0.0011 - acc: 1.0000
 980/1297 [=====================>........] - ETA: 0s - loss: 0.0010 - acc: 1.0000
1220/1297 [===========================>..] - ETA: 0s - loss: 0.0038 - acc: 0.9992
1297/1297 [==============================] - 0s 224us/step - loss: 0.0050 - acc: 0.9985 - val_loss: 0.0764 - val_acc: 0.9754
Epoch 7/30

  10/1297 [..............................] - ETA: 0s - loss: 0.0142 - acc: 1.0000
 270/1297 [=====>........................] - ETA: 0s - loss: 0.0027 - acc: 1.0000
 530/1297 [===========>..................] - ETA: 0s - loss: 0.0021 - acc: 1.0000
 780/1297 [=================>............] - ETA: 0s - loss: 0.0018 - acc: 1.0000
1030/1297 [======================>.......] - ETA: 0s - loss: 0.0050 - acc: 0.9990
1280/1297 [============================>.] - ETA: 0s - loss: 0.0054 - acc: 0.9984
1297/1297 [==============================] - 0s 213us/step - loss: 0.0054 - acc: 0.9985 - val_loss: 0.0725 - val_acc: 0.9723
Epoch 8/30

  10/1297 [..............................] - ETA: 0s - loss: 0.0023 - acc: 1.0000
 260/1297 [=====>........................] - ETA: 0s - loss: 0.0016 - acc: 1.0000
 500/1297 [==========>...................] - ETA: 0s - loss: 0.0015 - acc: 1.0000
 740/1297 [================>.............] - ETA: 0s - loss: 0.0012 - acc: 1.0000
 980/1297 [=====================>........] - ETA: 0s - loss: 0.0031 - acc: 0.9990
1230/1297 [===========================>..] - ETA: 0s - loss: 0.0031 - acc: 0.9992
1297/1297 [==============================] - 0s 223us/step - loss: 0.0052 - acc: 0.9985 - val_loss: 0.0741 - val_acc: 0.9692
Epoch 9/30

  10/1297 [..............................] - ETA: 0s - loss: 5.9797e-04 - acc: 1.0000
 260/1297 [=====>........................] - ETA: 0s - loss: 0.0079 - acc: 0.9962    
 500/1297 [==========>...................] - ETA: 0s - loss: 0.0050 - acc: 0.9980
 740/1297 [================>.............] - ETA: 0s - loss: 0.0058 - acc: 0.9973
 990/1297 [=====================>........] - ETA: 0s - loss: 0.0047 - acc: 0.9980
1240/1297 [===========================>..] - ETA: 0s - loss: 0.0044 - acc: 0.9984
1297/1297 [==============================] - 0s 217us/step - loss: 0.0042 - acc: 0.9985 - val_loss: 0.0851 - val_acc: 0.9692
Epoch 10/30

  10/1297 [..............................] - ETA: 0s - loss: 0.0012 - acc: 1.0000
 260/1297 [=====>........................] - ETA: 0s - loss: 7.0530e-04 - acc: 1.0000
 510/1297 [==========>...................] - ETA: 0s - loss: 0.0044 - acc: 0.9980    
 760/1297 [================>.............] - ETA: 0s - loss: 0.0034 - acc: 0.9987
1000/1297 [======================>.......] - ETA: 0s - loss: 0.0053 - acc: 0.9980
1240/1297 [===========================>..] - ETA: 0s - loss: 0.0052 - acc: 0.9984
1297/1297 [==============================] - 0s 218us/step - loss: 0.0050 - acc: 0.9985 - val_loss: 0.0848 - val_acc: 0.9692
Epoch 11/30

  10/1297 [..............................] - ETA: 0s - loss: 3.8698e-04 - acc: 1.0000
 250/1297 [====>.........................] - ETA: 0s - loss: 0.0026 - acc: 1.0000    
 490/1297 [==========>...................] - ETA: 0s - loss: 0.0018 - acc: 1.0000
 740/1297 [================>.............] - ETA: 0s - loss: 0.0016 - acc: 1.0000
 970/1297 [=====================>........] - ETA: 0s - loss: 0.0047 - acc: 0.9990
1210/1297 [==========================>...] - ETA: 0s - loss: 0.0042 - acc: 0.9992
1297/1297 [==============================] - 0s 224us/step - loss: 0.0040 - acc: 0.9992 - val_loss: 0.0892 - val_acc: 0.9723
Epoch 12/30

  10/1297 [..............................] - ETA: 0s - loss: 5.1549e-04 - acc: 1.0000
 260/1297 [=====>........................] - ETA: 0s - loss: 0.0140 - acc: 0.9962    
 510/1297 [==========>...................] - ETA: 0s - loss: 0.0089 - acc: 0.9980
 760/1297 [================>.............] - ETA: 0s - loss: 0.0066 - acc: 0.9987
1010/1297 [======================>.......] - ETA: 0s - loss: 0.0053 - acc: 0.9990
1260/1297 [============================>.] - ETA: 0s - loss: 0.0045 - acc: 0.9992
1297/1297 [==============================] - 0s 215us/step - loss: 0.0044 - acc: 0.9992 - val_loss: 0.0882 - val_acc: 0.9723
Epoch 13/30

  10/1297 [..............................] - ETA: 0s - loss: 2.0844e-04 - acc: 1.0000
 250/1297 [====>.........................] - ETA: 0s - loss: 0.0013 - acc: 1.0000    
 470/1297 [=========>....................] - ETA: 0s - loss: 9.6172e-04 - acc: 1.0000
 710/1297 [===============>..............] - ETA: 0s - loss: 8.3262e-04 - acc: 1.0000
 910/1297 [====================>.........] - ETA: 0s - loss: 0.0039 - acc: 0.9989    
1100/1297 [========================>.....] - ETA: 0s - loss: 0.0035 - acc: 0.9991
1297/1297 [==============================] - 0s 249us/step - loss: 0.0032 - acc: 0.9992 - val_loss: 0.0818 - val_acc: 0.9723
Epoch 14/30

  10/1297 [..............................] - ETA: 0s - loss: 0.0010 - acc: 1.0000
 250/1297 [====>.........................] - ETA: 0s - loss: 8.8516e-04 - acc: 1.0000
 490/1297 [==========>...................] - ETA: 0s - loss: 6.5294e-04 - acc: 1.0000
 750/1297 [================>.............] - ETA: 0s - loss: 5.7504e-04 - acc: 1.0000
1000/1297 [======================>.......] - ETA: 0s - loss: 5.6587e-04 - acc: 1.0000
1250/1297 [===========================>..] - ETA: 0s - loss: 0.0024 - acc: 0.9992    
1297/1297 [==============================] - 0s 219us/step - loss: 0.0024 - acc: 0.9992 - val_loss: 0.0836 - val_acc: 0.9662
Epoch 15/30

  10/1297 [..............................] - ETA: 0s - loss: 2.2303e-05 - acc: 1.0000
 260/1297 [=====>........................] - ETA: 0s - loss: 0.0024 - acc: 1.0000    
 510/1297 [==========>...................] - ETA: 0s - loss: 0.0015 - acc: 1.0000
 750/1297 [================>.............] - ETA: 0s - loss: 0.0012 - acc: 1.0000
 990/1297 [=====================>........] - ETA: 0s - loss: 0.0051 - acc: 0.9990
1230/1297 [===========================>..] - ETA: 0s - loss: 0.0045 - acc: 0.9992
1297/1297 [==============================] - 0s 222us/step - loss: 0.0043 - acc: 0.9992 - val_loss: 0.0843 - val_acc: 0.9692
Epoch 16/30

  10/1297 [..............................] - ETA: 0s - loss: 3.3248e-05 - acc: 1.0000
 260/1297 [=====>........................] - ETA: 0s - loss: 9.5008e-04 - acc: 1.0000
 500/1297 [==========>...................] - ETA: 0s - loss: 6.5040e-04 - acc: 1.0000
 750/1297 [================>.............] - ETA: 0s - loss: 6.7608e-04 - acc: 1.0000
 990/1297 [=====================>........] - ETA: 0s - loss: 6.3628e-04 - acc: 1.0000
1240/1297 [===========================>..] - ETA: 0s - loss: 0.0035 - acc: 0.9992    
1297/1297 [==============================] - 0s 220us/step - loss: 0.0034 - acc: 0.9992 - val_loss: 0.0779 - val_acc: 0.9692
Epoch 17/30

  10/1297 [..............................] - ETA: 0s - loss: 1.8307e-04 - acc: 1.0000
 260/1297 [=====>........................] - ETA: 0s - loss: 0.0012 - acc: 1.0000    
 510/1297 [==========>...................] - ETA: 0s - loss: 9.1235e-04 - acc: 1.0000
 760/1297 [================>.............] - ETA: 0s - loss: 0.0049 - acc: 0.9987    
1010/1297 [======================>.......] - ETA: 0s - loss: 0.0040 - acc: 0.9990
1250/1297 [===========================>..] - ETA: 0s - loss: 0.0034 - acc: 0.9992
1297/1297 [==============================] - 0s 218us/step - loss: 0.0033 - acc: 0.9992 - val_loss: 0.0724 - val_acc: 0.9692
Epoch 18/30

  10/1297 [..............................] - ETA: 0s - loss: 1.4735e-04 - acc: 1.0000
 250/1297 [====>.........................] - ETA: 0s - loss: 4.0943e-04 - acc: 1.0000
 490/1297 [==========>...................] - ETA: 0s - loss: 5.0804e-04 - acc: 1.0000
 740/1297 [================>.............] - ETA: 0s - loss: 0.0057 - acc: 0.9986    
 980/1297 [=====================>........] - ETA: 0s - loss: 0.0045 - acc: 0.9990
1230/1297 [===========================>..] - ETA: 0s - loss: 0.0038 - acc: 0.9992
1297/1297 [==============================] - 0s 220us/step - loss: 0.0036 - acc: 0.9992 - val_loss: 0.0784 - val_acc: 0.9692
Epoch 19/30

  10/1297 [..............................] - ETA: 0s - loss: 1.4044e-04 - acc: 1.0000
 240/1297 [====>.........................] - ETA: 0s - loss: 5.5723e-04 - acc: 1.0000
 490/1297 [==========>...................] - ETA: 0s - loss: 4.7940e-04 - acc: 1.0000
 740/1297 [================>.............] - ETA: 0s - loss: 0.0062 - acc: 0.9986    
 990/1297 [=====================>........] - ETA: 0s - loss: 0.0052 - acc: 0.9990
1240/1297 [===========================>..] - ETA: 0s - loss: 0.0042 - acc: 0.9992
1297/1297 [==============================] - 0s 217us/step - loss: 0.0041 - acc: 0.9992 - val_loss: 0.0852 - val_acc: 0.9723
Epoch 20/30

  10/1297 [..............................] - ETA: 0s - loss: 4.7285e-04 - acc: 1.0000
 260/1297 [=====>........................] - ETA: 0s - loss: 4.6349e-04 - acc: 1.0000
 500/1297 [==========>...................] - ETA: 0s - loss: 3.4647e-04 - acc: 1.0000
 740/1297 [================>.............] - ETA: 0s - loss: 3.2909e-04 - acc: 1.0000
 980/1297 [=====================>........] - ETA: 0s - loss: 0.0050 - acc: 0.9990    
1210/1297 [==========================>...] - ETA: 0s - loss: 0.0043 - acc: 0.9992
1297/1297 [==============================] - 0s 227us/step - loss: 0.0041 - acc: 0.9992 - val_loss: 0.0767 - val_acc: 0.9723
acc: 97.54%
Train on 1297 samples, validate on 325 samples
Epoch 1/30

  10/1297 [..............................] - ETA: 1:23 - loss: 0.6865 - acc: 0.5000
 220/1297 [====>.........................] - ETA: 3s - loss: 0.4530 - acc: 0.7500  
 440/1297 [=========>....................] - ETA: 1s - loss: 0.2820 - acc: 0.8659
 640/1297 [=============>................] - ETA: 0s - loss: 0.2389 - acc: 0.8922
 870/1297 [===================>..........] - ETA: 0s - loss: 0.1950 - acc: 0.9138
1120/1297 [========================>.....] - ETA: 0s - loss: 0.1665 - acc: 0.9295
1297/1297 [==============================] - 1s 792us/step - loss: 0.1608 - acc: 0.9306 - val_loss: 0.0771 - val_acc: 0.9754
Epoch 2/30

  10/1297 [..............................] - ETA: 0s - loss: 0.0332 - acc: 1.0000
 260/1297 [=====>........................] - ETA: 0s - loss: 0.0721 - acc: 0.9731
 510/1297 [==========>...................] - ETA: 0s - loss: 0.0548 - acc: 0.9843
 760/1297 [================>.............] - ETA: 0s - loss: 0.0446 - acc: 0.9882
1010/1297 [======================>.......] - ETA: 0s - loss: 0.0452 - acc: 0.9861
1230/1297 [===========================>..] - ETA: 0s - loss: 0.0456 - acc: 0.9854
1297/1297 [==============================] - 0s 222us/step - loss: 0.0473 - acc: 0.9838 - val_loss: 0.0793 - val_acc: 0.9723
Epoch 3/30

  10/1297 [..............................] - ETA: 0s - loss: 0.0048 - acc: 1.0000
 250/1297 [====>.........................] - ETA: 0s - loss: 0.0128 - acc: 1.0000
 500/1297 [==========>...................] - ETA: 0s - loss: 0.0252 - acc: 0.9940
 760/1297 [================>.............] - ETA: 0s - loss: 0.0196 - acc: 0.9961
1020/1297 [======================>.......] - ETA: 0s - loss: 0.0217 - acc: 0.9951
1280/1297 [============================>.] - ETA: 0s - loss: 0.0250 - acc: 0.9945
1297/1297 [==============================] - 0s 212us/step - loss: 0.0249 - acc: 0.9946 - val_loss: 0.0547 - val_acc: 0.9815
Epoch 4/30

  10/1297 [..............................] - ETA: 0s - loss: 0.0068 - acc: 1.0000
 270/1297 [=====>........................] - ETA: 0s - loss: 0.0077 - acc: 1.0000
 520/1297 [===========>..................] - ETA: 0s - loss: 0.0115 - acc: 0.9981
 770/1297 [================>.............] - ETA: 0s - loss: 0.0107 - acc: 0.9987
1010/1297 [======================>.......] - ETA: 0s - loss: 0.0122 - acc: 0.9980
1250/1297 [===========================>..] - ETA: 0s - loss: 0.0146 - acc: 0.9968
1297/1297 [==============================] - 0s 218us/step - loss: 0.0144 - acc: 0.9969 - val_loss: 0.0547 - val_acc: 0.9815
Epoch 5/30

  10/1297 [..............................] - ETA: 0s - loss: 0.0020 - acc: 1.0000
 260/1297 [=====>........................] - ETA: 0s - loss: 0.0077 - acc: 0.9962
 500/1297 [==========>...................] - ETA: 0s - loss: 0.0087 - acc: 0.9960
 750/1297 [================>.............] - ETA: 0s - loss: 0.0092 - acc: 0.9960
 990/1297 [=====================>........] - ETA: 0s - loss: 0.0114 - acc: 0.9960
1220/1297 [===========================>..] - ETA: 0s - loss: 0.0098 - acc: 0.9967
1297/1297 [==============================] - 0s 227us/step - loss: 0.0094 - acc: 0.9969 - val_loss: 0.0546 - val_acc: 0.9754
Epoch 6/30

  10/1297 [..............................] - ETA: 0s - loss: 0.0013 - acc: 1.0000
 240/1297 [====>.........................] - ETA: 0s - loss: 0.0146 - acc: 0.9958
 410/1297 [========>.....................] - ETA: 0s - loss: 0.0097 - acc: 0.9976
 600/1297 [============>.................] - ETA: 0s - loss: 0.0130 - acc: 0.9967
 810/1297 [=================>............] - ETA: 0s - loss: 0.0104 - acc: 0.9975
1050/1297 [=======================>......] - ETA: 0s - loss: 0.0094 - acc: 0.9981
1297/1297 [==============================] - 0s 250us/step - loss: 0.0079 - acc: 0.9985 - val_loss: 0.0612 - val_acc: 0.9754
Epoch 7/30

  10/1297 [..............................] - ETA: 0s - loss: 8.3913e-04 - acc: 1.0000
 260/1297 [=====>........................] - ETA: 0s - loss: 0.0013 - acc: 1.0000    
 510/1297 [==========>...................] - ETA: 0s - loss: 9.4926e-04 - acc: 1.0000
 750/1297 [================>.............] - ETA: 0s - loss: 0.0080 - acc: 0.9973    
1000/1297 [======================>.......] - ETA: 0s - loss: 0.0069 - acc: 0.9980
1240/1297 [===========================>..] - ETA: 0s - loss: 0.0059 - acc: 0.9984
1297/1297 [==============================] - 0s 222us/step - loss: 0.0057 - acc: 0.9985 - val_loss: 0.0649 - val_acc: 0.9723
Epoch 8/30

  10/1297 [..............................] - ETA: 0s - loss: 0.0011 - acc: 1.0000
 250/1297 [====>.........................] - ETA: 0s - loss: 9.6533e-04 - acc: 1.0000
 490/1297 [==========>...................] - ETA: 0s - loss: 0.0067 - acc: 0.9980    
 730/1297 [===============>..............] - ETA: 0s - loss: 0.0070 - acc: 0.9973
 980/1297 [=====================>........] - ETA: 0s - loss: 0.0061 - acc: 0.9980
1220/1297 [===========================>..] - ETA: 0s - loss: 0.0052 - acc: 0.9984
1297/1297 [==============================] - 0s 222us/step - loss: 0.0049 - acc: 0.9985 - val_loss: 0.0656 - val_acc: 0.9754
Epoch 9/30

  10/1297 [..............................] - ETA: 0s - loss: 3.6119e-04 - acc: 1.0000
 230/1297 [====>.........................] - ETA: 0s - loss: 8.0669e-04 - acc: 1.0000
 460/1297 [=========>....................] - ETA: 0s - loss: 7.1143e-04 - acc: 1.0000
 680/1297 [==============>...............] - ETA: 0s - loss: 0.0052 - acc: 0.9985    
 910/1297 [====================>.........] - ETA: 0s - loss: 0.0043 - acc: 0.9989
1120/1297 [========================>.....] - ETA: 0s - loss: 0.0038 - acc: 0.9991
1297/1297 [==============================] - 0s 242us/step - loss: 0.0048 - acc: 0.9985 - val_loss: 0.0678 - val_acc: 0.9785
Epoch 10/30

  10/1297 [..............................] - ETA: 0s - loss: 6.5510e-04 - acc: 1.0000
 250/1297 [====>.........................] - ETA: 0s - loss: 0.0065 - acc: 0.9960    
 490/1297 [==========>...................] - ETA: 0s - loss: 0.0064 - acc: 0.9959
 730/1297 [===============>..............] - ETA: 0s - loss: 0.0047 - acc: 0.9973
 970/1297 [=====================>........] - ETA: 0s - loss: 0.0039 - acc: 0.9979
1210/1297 [==========================>...] - ETA: 0s - loss: 0.0033 - acc: 0.9983
1297/1297 [==============================] - 0s 225us/step - loss: 0.0031 - acc: 0.9985 - val_loss: 0.0626 - val_acc: 0.9723
Epoch 11/30

  10/1297 [..............................] - ETA: 0s - loss: 2.8899e-04 - acc: 1.0000
 250/1297 [====>.........................] - ETA: 0s - loss: 4.2788e-04 - acc: 1.0000
 490/1297 [==========>...................] - ETA: 0s - loss: 0.0111 - acc: 0.9959    
 730/1297 [===============>..............] - ETA: 0s - loss: 0.0082 - acc: 0.9973
 970/1297 [=====================>........] - ETA: 0s - loss: 0.0066 - acc: 0.9979
1210/1297 [==========================>...] - ETA: 0s - loss: 0.0055 - acc: 0.9983
1297/1297 [==============================] - 0s 227us/step - loss: 0.0052 - acc: 0.9985 - val_loss: 0.0671 - val_acc: 0.9785
Epoch 12/30

  10/1297 [..............................] - ETA: 0s - loss: 3.1507e-04 - acc: 1.0000
 250/1297 [====>.........................] - ETA: 0s - loss: 7.3106e-04 - acc: 1.0000
 490/1297 [==========>...................] - ETA: 0s - loss: 6.7124e-04 - acc: 1.0000
 730/1297 [===============>..............] - ETA: 0s - loss: 0.0041 - acc: 0.9986    
 960/1297 [=====================>........] - ETA: 0s - loss: 0.0046 - acc: 0.9990
1050/1297 [=======================>......] - ETA: 0s - loss: 0.0043 - acc: 0.9990
1230/1297 [===========================>..] - ETA: 0s - loss: 0.0038 - acc: 0.9992
1297/1297 [==============================] - 0s 260us/step - loss: 0.0062 - acc: 0.9985 - val_loss: 0.0508 - val_acc: 0.9846
Epoch 13/30

  10/1297 [..............................] - ETA: 0s - loss: 5.4080e-04 - acc: 1.0000
 270/1297 [=====>........................] - ETA: 0s - loss: 0.0221 - acc: 0.9963    
 530/1297 [===========>..................] - ETA: 0s - loss: 0.0127 - acc: 0.9981
 790/1297 [=================>............] - ETA: 0s - loss: 0.0089 - acc: 0.9987
1040/1297 [=======================>......] - ETA: 0s - loss: 0.0072 - acc: 0.9990
1290/1297 [============================>.] - ETA: 0s - loss: 0.0080 - acc: 0.9984
1297/1297 [==============================] - 0s 213us/step - loss: 0.0080 - acc: 0.9985 - val_loss: 0.0534 - val_acc: 0.9785
Epoch 14/30

  10/1297 [..............................] - ETA: 0s - loss: 0.0065 - acc: 1.0000
 260/1297 [=====>........................] - ETA: 0s - loss: 0.0140 - acc: 0.9962
 500/1297 [==========>...................] - ETA: 0s - loss: 0.0094 - acc: 0.9980
 750/1297 [================>.............] - ETA: 0s - loss: 0.0071 - acc: 0.9987
1000/1297 [======================>.......] - ETA: 0s - loss: 0.0055 - acc: 0.9990
1240/1297 [===========================>..] - ETA: 0s - loss: 0.0047 - acc: 0.9992
1297/1297 [==============================] - 0s 221us/step - loss: 0.0045 - acc: 0.9992 - val_loss: 0.0690 - val_acc: 0.9785
Epoch 15/30

  10/1297 [..............................] - ETA: 0s - loss: 6.3989e-04 - acc: 1.0000
 250/1297 [====>.........................] - ETA: 0s - loss: 0.0114 - acc: 0.9960    
 490/1297 [==========>...................] - ETA: 0s - loss: 0.0066 - acc: 0.9980
 730/1297 [===============>..............] - ETA: 0s - loss: 0.0114 - acc: 0.9959
 970/1297 [=====================>........] - ETA: 0s - loss: 0.0089 - acc: 0.9969
1220/1297 [===========================>..] - ETA: 0s - loss: 0.0074 - acc: 0.9975
1297/1297 [==============================] - 0s 224us/step - loss: 0.0070 - acc: 0.9977 - val_loss: 0.0697 - val_acc: 0.9785
Epoch 16/30

  10/1297 [..............................] - ETA: 0s - loss: 5.0055e-04 - acc: 1.0000
 240/1297 [====>.........................] - ETA: 0s - loss: 0.0091 - acc: 0.9958    
 480/1297 [==========>...................] - ETA: 0s - loss: 0.0059 - acc: 0.9979
 710/1297 [===============>..............] - ETA: 0s - loss: 0.0047 - acc: 0.9986
 940/1297 [====================>.........] - ETA: 0s - loss: 0.0037 - acc: 0.9989
1180/1297 [==========================>...] - ETA: 0s - loss: 0.0052 - acc: 0.9983
1297/1297 [==============================] - 0s 233us/step - loss: 0.0050 - acc: 0.9985 - val_loss: 0.0610 - val_acc: 0.9815
Epoch 17/30

  10/1297 [..............................] - ETA: 0s - loss: 6.4426e-04 - acc: 1.0000
 240/1297 [====>.........................] - ETA: 0s - loss: 6.1473e-04 - acc: 1.0000
 480/1297 [==========>...................] - ETA: 0s - loss: 8.1583e-04 - acc: 1.0000
 710/1297 [===============>..............] - ETA: 0s - loss: 0.0053 - acc: 0.9986    
 930/1297 [====================>.........] - ETA: 0s - loss: 0.0067 - acc: 0.9978
1120/1297 [========================>.....] - ETA: 0s - loss: 0.0059 - acc: 0.9982
1297/1297 [==============================] - 0s 246us/step - loss: 0.0052 - acc: 0.9985 - val_loss: 0.0714 - val_acc: 0.9815
Epoch 18/30

  10/1297 [..............................] - ETA: 0s - loss: 1.3239e-04 - acc: 1.0000
 220/1297 [====>.........................] - ETA: 0s - loss: 2.5701e-04 - acc: 1.0000
 410/1297 [========>.....................] - ETA: 0s - loss: 6.8101e-04 - acc: 1.0000
 610/1297 [=============>................] - ETA: 0s - loss: 0.0055 - acc: 0.9984    
 830/1297 [==================>...........] - ETA: 0s - loss: 0.0042 - acc: 0.9988
1030/1297 [======================>.......] - ETA: 0s - loss: 0.0054 - acc: 0.9981
1240/1297 [===========================>..] - ETA: 0s - loss: 0.0051 - acc: 0.9984
1297/1297 [==============================] - 0s 258us/step - loss: 0.0050 - acc: 0.9985 - val_loss: 0.0677 - val_acc: 0.9815
Epoch 19/30

  10/1297 [..............................] - ETA: 0s - loss: 4.1217e-05 - acc: 1.0000
 250/1297 [====>.........................] - ETA: 0s - loss: 8.1454e-04 - acc: 1.0000
 470/1297 [=========>....................] - ETA: 0s - loss: 8.5974e-04 - acc: 1.0000
 710/1297 [===============>..............] - ETA: 0s - loss: 0.0047 - acc: 0.9986    
 950/1297 [====================>.........] - ETA: 0s - loss: 0.0040 - acc: 0.9989
1180/1297 [==========================>...] - ETA: 0s - loss: 0.0035 - acc: 0.9992
1297/1297 [==============================] - 0s 230us/step - loss: 0.0044 - acc: 0.9985 - val_loss: 0.0589 - val_acc: 0.9785
Epoch 20/30

  10/1297 [..............................] - ETA: 0s - loss: 3.7888e-04 - acc: 1.0000
 240/1297 [====>.........................] - ETA: 0s - loss: 0.0015 - acc: 1.0000    
 480/1297 [==========>...................] - ETA: 0s - loss: 0.0023 - acc: 1.0000
 720/1297 [===============>..............] - ETA: 0s - loss: 0.0023 - acc: 1.0000
 960/1297 [=====================>........] - ETA: 0s - loss: 0.0019 - acc: 1.0000
1200/1297 [==========================>...] - ETA: 0s - loss: 0.0052 - acc: 0.9992
1297/1297 [==============================] - 0s 229us/step - loss: 0.0048 - acc: 0.9992 - val_loss: 0.0795 - val_acc: 0.9815
Epoch 21/30

  10/1297 [..............................] - ETA: 0s - loss: 3.8188e-04 - acc: 1.0000
 210/1297 [===>..........................] - ETA: 0s - loss: 0.0037 - acc: 1.0000    
 440/1297 [=========>....................] - ETA: 0s - loss: 0.0074 - acc: 0.9977
 670/1297 [==============>...............] - ETA: 0s - loss: 0.0050 - acc: 0.9985
 900/1297 [===================>..........] - ETA: 0s - loss: 0.0042 - acc: 0.9989
1070/1297 [=======================>......] - ETA: 0s - loss: 0.0069 - acc: 0.9972
1290/1297 [============================>.] - ETA: 0s - loss: 0.0061 - acc: 0.9977
1297/1297 [==============================] - 0s 253us/step - loss: 0.0060 - acc: 0.9977 - val_loss: 0.0708 - val_acc: 0.9846
Epoch 22/30

  10/1297 [..............................] - ETA: 0s - loss: 2.6743e-04 - acc: 1.0000
 240/1297 [====>.........................] - ETA: 0s - loss: 0.0014 - acc: 1.0000    
 480/1297 [==========>...................] - ETA: 0s - loss: 0.0032 - acc: 0.9979
 700/1297 [===============>..............] - ETA: 0s - loss: 0.0025 - acc: 0.9986
 940/1297 [====================>.........] - ETA: 0s - loss: 0.0031 - acc: 0.9979
1170/1297 [==========================>...] - ETA: 0s - loss: 0.0031 - acc: 0.9983
1297/1297 [==============================] - 0s 233us/step - loss: 0.0029 - acc: 0.9985 - val_loss: 0.0728 - val_acc: 0.9785
Epoch 23/30

  10/1297 [..............................] - ETA: 0s - loss: 7.6012e-04 - acc: 1.0000
 240/1297 [====>.........................] - ETA: 0s - loss: 0.0046 - acc: 0.9958    
 470/1297 [=========>....................] - ETA: 0s - loss: 0.0062 - acc: 0.9957
 710/1297 [===============>..............] - ETA: 0s - loss: 0.0051 - acc: 0.9972
 950/1297 [====================>.........] - ETA: 0s - loss: 0.0042 - acc: 0.9979
1180/1297 [==========================>...] - ETA: 0s - loss: 0.0034 - acc: 0.9983
1297/1297 [==============================] - 0s 233us/step - loss: 0.0034 - acc: 0.9985 - val_loss: 0.0710 - val_acc: 0.9785
Epoch 24/30

  10/1297 [..............................] - ETA: 0s - loss: 1.7014e-04 - acc: 1.0000
 240/1297 [====>.........................] - ETA: 0s - loss: 5.8729e-04 - acc: 1.0000
 480/1297 [==========>...................] - ETA: 0s - loss: 0.0047 - acc: 0.9979    
 720/1297 [===============>..............] - ETA: 0s - loss: 0.0036 - acc: 0.9986
 960/1297 [=====================>........] - ETA: 0s - loss: 0.0039 - acc: 0.9990
1200/1297 [==========================>...] - ETA: 0s - loss: 0.0035 - acc: 0.9992
1297/1297 [==============================] - 0s 225us/step - loss: 0.0033 - acc: 0.9992 - val_loss: 0.0603 - val_acc: 0.9846
Epoch 25/30

  10/1297 [..............................] - ETA: 0s - loss: 1.2376e-04 - acc: 1.0000
 250/1297 [====>.........................] - ETA: 0s - loss: 6.4507e-04 - acc: 1.0000
 490/1297 [==========>...................] - ETA: 0s - loss: 4.6850e-04 - acc: 1.0000
 710/1297 [===============>..............] - ETA: 0s - loss: 0.0109 - acc: 0.9972    
 950/1297 [====================>.........] - ETA: 0s - loss: 0.0095 - acc: 0.9979
1180/1297 [==========================>...] - ETA: 0s - loss: 0.0095 - acc: 0.9966
1297/1297 [==============================] - 0s 232us/step - loss: 0.0089 - acc: 0.9969 - val_loss: 0.0539 - val_acc: 0.9846
Epoch 26/30

  10/1297 [..............................] - ETA: 0s - loss: 0.0010 - acc: 1.0000
 240/1297 [====>.........................] - ETA: 0s - loss: 0.0136 - acc: 0.9917
 480/1297 [==========>...................] - ETA: 0s - loss: 0.0206 - acc: 0.9917
 710/1297 [===============>..............] - ETA: 0s - loss: 0.0191 - acc: 0.9915
 950/1297 [====================>.........] - ETA: 0s - loss: 0.0252 - acc: 0.9916
1190/1297 [==========================>...] - ETA: 0s - loss: 0.0263 - acc: 0.9908
1297/1297 [==============================] - 0s 231us/step - loss: 0.0257 - acc: 0.9907 - val_loss: 0.0589 - val_acc: 0.9785
Epoch 27/30

  10/1297 [..............................] - ETA: 0s - loss: 0.0129 - acc: 1.0000
 250/1297 [====>.........................] - ETA: 0s - loss: 0.0525 - acc: 0.9880
 490/1297 [==========>...................] - ETA: 0s - loss: 0.0478 - acc: 0.9878
 710/1297 [===============>..............] - ETA: 0s - loss: 0.0498 - acc: 0.9859
 940/1297 [====================>.........] - ETA: 0s - loss: 0.0537 - acc: 0.9840
1170/1297 [==========================>...] - ETA: 0s - loss: 0.0483 - acc: 0.9855
1297/1297 [==============================] - 0s 232us/step - loss: 0.0471 - acc: 0.9861 - val_loss: 0.1274 - val_acc: 0.9538
Epoch 28/30

  10/1297 [..............................] - ETA: 0s - loss: 0.4635 - acc: 0.9000
 240/1297 [====>.........................] - ETA: 0s - loss: 0.0495 - acc: 0.9833
 480/1297 [==========>...................] - ETA: 0s - loss: 0.0386 - acc: 0.9854
 700/1297 [===============>..............] - ETA: 0s - loss: 0.0328 - acc: 0.9871
 940/1297 [====================>.........] - ETA: 0s - loss: 0.0320 - acc: 0.9872
1180/1297 [==========================>...] - ETA: 0s - loss: 0.0378 - acc: 0.9881
1297/1297 [==============================] - 0s 231us/step - loss: 0.0373 - acc: 0.9877 - val_loss: 0.1007 - val_acc: 0.9754
Epoch 29/30

  10/1297 [..............................] - ETA: 0s - loss: 0.0041 - acc: 1.0000
 250/1297 [====>.........................] - ETA: 0s - loss: 0.0058 - acc: 1.0000
 490/1297 [==========>...................] - ETA: 0s - loss: 0.0074 - acc: 0.9980
 730/1297 [===============>..............] - ETA: 0s - loss: 0.0075 - acc: 0.9986
 970/1297 [=====================>........] - ETA: 0s - loss: 0.0148 - acc: 0.9969
1200/1297 [==========================>...] - ETA: 0s - loss: 0.0196 - acc: 0.9950
1297/1297 [==============================] - 0s 229us/step - loss: 0.0185 - acc: 0.9954 - val_loss: 0.0840 - val_acc: 0.9723
Epoch 30/30

  10/1297 [..............................] - ETA: 0s - loss: 0.0042 - acc: 1.0000
 230/1297 [====>.........................] - ETA: 0s - loss: 0.0027 - acc: 1.0000
 430/1297 [========>.....................] - ETA: 0s - loss: 0.0049 - acc: 1.0000
 660/1297 [==============>...............] - ETA: 0s - loss: 0.0069 - acc: 0.9985
 890/1297 [===================>..........] - ETA: 0s - loss: 0.0119 - acc: 0.9966
1120/1297 [========================>.....] - ETA: 0s - loss: 0.0111 - acc: 0.9973
1297/1297 [==============================] - 0s 243us/step - loss: 0.0137 - acc: 0.9969 - val_loss: 0.1114 - val_acc: 0.9723
acc: 97.23%
Train on 1298 samples, validate on 324 samples
Epoch 1/30

  10/1298 [..............................] - ETA: 1:30 - loss: 0.6491 - acc: 0.7000
 270/1298 [=====>........................] - ETA: 2s - loss: 0.4622 - acc: 0.8037  
 520/1298 [===========>..................] - ETA: 1s - loss: 0.3038 - acc: 0.8827
 760/1298 [================>.............] - ETA: 0s - loss: 0.2410 - acc: 0.9079
1010/1298 [======================>.......] - ETA: 0s - loss: 0.2020 - acc: 0.9248
1260/1298 [============================>.] - ETA: 0s - loss: 0.1793 - acc: 0.9325
1298/1298 [==============================] - 1s 818us/step - loss: 0.1746 - acc: 0.9345 - val_loss: 0.0910 - val_acc: 0.9815
Epoch 2/30

  10/1298 [..............................] - ETA: 0s - loss: 0.0305 - acc: 1.0000
 250/1298 [====>.........................] - ETA: 0s - loss: 0.0255 - acc: 1.0000
 490/1298 [==========>...................] - ETA: 0s - loss: 0.0515 - acc: 0.9878
 740/1298 [================>.............] - ETA: 0s - loss: 0.0508 - acc: 0.9865
 990/1298 [=====================>........] - ETA: 0s - loss: 0.0455 - acc: 0.9879
1240/1298 [===========================>..] - ETA: 0s - loss: 0.0441 - acc: 0.9879
1298/1298 [==============================] - 0s 219us/step - loss: 0.0424 - acc: 0.9884 - val_loss: 0.0726 - val_acc: 0.9846
Epoch 3/30

  10/1298 [..............................] - ETA: 0s - loss: 0.0106 - acc: 1.0000
 260/1298 [=====>........................] - ETA: 0s - loss: 0.0094 - acc: 1.0000
 520/1298 [===========>..................] - ETA: 0s - loss: 0.0143 - acc: 0.9981
 760/1298 [================>.............] - ETA: 0s - loss: 0.0200 - acc: 0.9961
1010/1298 [======================>.......] - ETA: 0s - loss: 0.0168 - acc: 0.9970
1250/1298 [===========================>..] - ETA: 0s - loss: 0.0173 - acc: 0.9960
1298/1298 [==============================] - 0s 217us/step - loss: 0.0177 - acc: 0.9954 - val_loss: 0.0701 - val_acc: 0.9815
Epoch 4/30

  10/1298 [..............................] - ETA: 0s - loss: 0.0020 - acc: 1.0000
 260/1298 [=====>........................] - ETA: 0s - loss: 0.0068 - acc: 1.0000
 510/1298 [==========>...................] - ETA: 0s - loss: 0.0055 - acc: 1.0000
 750/1298 [================>.............] - ETA: 0s - loss: 0.0050 - acc: 1.0000
 990/1298 [=====================>........] - ETA: 0s - loss: 0.0095 - acc: 0.9980
1220/1298 [===========================>..] - ETA: 0s - loss: 0.0085 - acc: 0.9984
1298/1298 [==============================] - 0s 233us/step - loss: 0.0082 - acc: 0.9985 - val_loss: 0.0719 - val_acc: 0.9877
Epoch 5/30

  10/1298 [..............................] - ETA: 0s - loss: 0.0045 - acc: 1.0000
 250/1298 [====>.........................] - ETA: 0s - loss: 0.0024 - acc: 1.0000
 490/1298 [==========>...................] - ETA: 0s - loss: 0.0046 - acc: 0.9980
 720/1298 [===============>..............] - ETA: 0s - loss: 0.0039 - acc: 0.9986
 960/1298 [=====================>........] - ETA: 0s - loss: 0.0039 - acc: 0.9990
1190/1298 [==========================>...] - ETA: 0s - loss: 0.0035 - acc: 0.9992
1298/1298 [==============================] - 0s 228us/step - loss: 0.0033 - acc: 0.9992 - val_loss: 0.0771 - val_acc: 0.9846
Epoch 6/30

  10/1298 [..............................] - ETA: 0s - loss: 0.0011 - acc: 1.0000
 240/1298 [====>.........................] - ETA: 0s - loss: 8.7253e-04 - acc: 1.0000
 470/1298 [=========>....................] - ETA: 0s - loss: 8.7754e-04 - acc: 1.0000
 700/1298 [===============>..............] - ETA: 0s - loss: 0.0022 - acc: 0.9986    
 930/1298 [====================>.........] - ETA: 0s - loss: 0.0021 - acc: 0.9989
1110/1298 [========================>.....] - ETA: 0s - loss: 0.0019 - acc: 0.9991
1290/1298 [============================>.] - ETA: 0s - loss: 0.0018 - acc: 0.9992
1298/1298 [==============================] - 0s 259us/step - loss: 0.0018 - acc: 0.9992 - val_loss: 0.0781 - val_acc: 0.9846
Epoch 7/30

  10/1298 [..............................] - ETA: 0s - loss: 4.6836e-04 - acc: 1.0000
 220/1298 [====>.........................] - ETA: 0s - loss: 7.5113e-04 - acc: 1.0000
 460/1298 [=========>....................] - ETA: 0s - loss: 6.6400e-04 - acc: 1.0000
 700/1298 [===============>..............] - ETA: 0s - loss: 5.9086e-04 - acc: 1.0000
 940/1298 [====================>.........] - ETA: 0s - loss: 6.2207e-04 - acc: 1.0000
1180/1298 [==========================>...] - ETA: 0s - loss: 0.0021 - acc: 0.9992    
1298/1298 [==============================] - 0s 231us/step - loss: 0.0020 - acc: 0.9992 - val_loss: 0.0802 - val_acc: 0.9877
Epoch 8/30

  10/1298 [..............................] - ETA: 0s - loss: 3.4436e-04 - acc: 1.0000
 240/1298 [====>.........................] - ETA: 0s - loss: 0.0015 - acc: 1.0000    
 470/1298 [=========>....................] - ETA: 0s - loss: 0.0011 - acc: 1.0000
 670/1298 [==============>...............] - ETA: 0s - loss: 9.2305e-04 - acc: 1.0000
 890/1298 [===================>..........] - ETA: 0s - loss: 0.0016 - acc: 1.0000    
1070/1298 [=======================>......] - ETA: 0s - loss: 0.0014 - acc: 1.0000
1280/1298 [============================>.] - ETA: 0s - loss: 0.0013 - acc: 1.0000
1298/1298 [==============================] - 0s 258us/step - loss: 0.0013 - acc: 1.0000 - val_loss: 0.0829 - val_acc: 0.9877
Epoch 9/30

  10/1298 [..............................] - ETA: 0s - loss: 2.6172e-04 - acc: 1.0000
 240/1298 [====>.........................] - ETA: 0s - loss: 4.9146e-04 - acc: 1.0000
 470/1298 [=========>....................] - ETA: 0s - loss: 4.6797e-04 - acc: 1.0000
 690/1298 [==============>...............] - ETA: 0s - loss: 3.9541e-04 - acc: 1.0000
 930/1298 [====================>.........] - ETA: 0s - loss: 9.5578e-04 - acc: 1.0000
1170/1298 [==========================>...] - ETA: 0s - loss: 8.3536e-04 - acc: 1.0000
1298/1298 [==============================] - 0s 235us/step - loss: 9.2270e-04 - acc: 1.0000 - val_loss: 0.0830 - val_acc: 0.9877
Epoch 10/30

  10/1298 [..............................] - ETA: 0s - loss: 5.8900e-04 - acc: 1.0000
 250/1298 [====>.........................] - ETA: 0s - loss: 4.4100e-04 - acc: 1.0000
 480/1298 [==========>...................] - ETA: 0s - loss: 3.3892e-04 - acc: 1.0000
 710/1298 [===============>..............] - ETA: 0s - loss: 3.1902e-04 - acc: 1.0000
 940/1298 [====================>.........] - ETA: 0s - loss: 3.0468e-04 - acc: 1.0000
1170/1298 [==========================>...] - ETA: 0s - loss: 3.0131e-04 - acc: 1.0000
1298/1298 [==============================] - 0s 236us/step - loss: 9.2302e-04 - acc: 0.9992 - val_loss: 0.0833 - val_acc: 0.9877
Epoch 11/30

  10/1298 [..............................] - ETA: 0s - loss: 3.3619e-04 - acc: 1.0000
 240/1298 [====>.........................] - ETA: 0s - loss: 0.0016 - acc: 1.0000    
 460/1298 [=========>....................] - ETA: 0s - loss: 0.0011 - acc: 1.0000
 690/1298 [==============>...............] - ETA: 0s - loss: 8.5666e-04 - acc: 1.0000
 930/1298 [====================>.........] - ETA: 0s - loss: 0.0017 - acc: 0.9989    
1170/1298 [==========================>...] - ETA: 0s - loss: 0.0018 - acc: 0.9991
1298/1298 [==============================] - 0s 232us/step - loss: 0.0017 - acc: 0.9992 - val_loss: 0.0844 - val_acc: 0.9846
Epoch 12/30

  10/1298 [..............................] - ETA: 0s - loss: 1.4667e-04 - acc: 1.0000
 250/1298 [====>.........................] - ETA: 0s - loss: 4.2456e-04 - acc: 1.0000
 490/1298 [==========>...................] - ETA: 0s - loss: 3.8036e-04 - acc: 1.0000
 730/1298 [===============>..............] - ETA: 0s - loss: 9.4760e-04 - acc: 1.0000
 960/1298 [=====================>........] - ETA: 0s - loss: 8.9336e-04 - acc: 1.0000
1200/1298 [==========================>...] - ETA: 0s - loss: 8.9464e-04 - acc: 1.0000
1298/1298 [==============================] - 0s 230us/step - loss: 8.5150e-04 - acc: 1.0000 - val_loss: 0.0847 - val_acc: 0.9846
Epoch 13/30

  10/1298 [..............................] - ETA: 0s - loss: 2.5575e-04 - acc: 1.0000
 240/1298 [====>.........................] - ETA: 0s - loss: 3.0515e-04 - acc: 1.0000
 470/1298 [=========>....................] - ETA: 0s - loss: 2.6023e-04 - acc: 1.0000
 700/1298 [===============>..............] - ETA: 0s - loss: 2.5548e-04 - acc: 1.0000
 930/1298 [====================>.........] - ETA: 0s - loss: 2.6538e-04 - acc: 1.0000
1160/1298 [=========================>....] - ETA: 0s - loss: 2.5564e-04 - acc: 1.0000
1298/1298 [==============================] - 0s 237us/step - loss: 4.4870e-04 - acc: 1.0000 - val_loss: 0.0860 - val_acc: 0.9846
Epoch 14/30

  10/1298 [..............................] - ETA: 0s - loss: 1.3696e-04 - acc: 1.0000
 250/1298 [====>.........................] - ETA: 0s - loss: 3.1858e-04 - acc: 1.0000
 490/1298 [==========>...................] - ETA: 0s - loss: 3.4409e-04 - acc: 1.0000
 730/1298 [===============>..............] - ETA: 0s - loss: 3.8623e-04 - acc: 1.0000
 960/1298 [=====================>........] - ETA: 0s - loss: 3.3955e-04 - acc: 1.0000
1190/1298 [==========================>...] - ETA: 0s - loss: 3.2845e-04 - acc: 1.0000
1298/1298 [==============================] - 0s 231us/step - loss: 3.1747e-04 - acc: 1.0000 - val_loss: 0.0894 - val_acc: 0.9846
Epoch 15/30

  10/1298 [..............................] - ETA: 0s - loss: 1.6669e-04 - acc: 1.0000
 240/1298 [====>.........................] - ETA: 0s - loss: 1.8049e-04 - acc: 1.0000
 480/1298 [==========>...................] - ETA: 0s - loss: 1.7824e-04 - acc: 1.0000
 710/1298 [===============>..............] - ETA: 0s - loss: 1.7004e-04 - acc: 1.0000
 940/1298 [====================>.........] - ETA: 0s - loss: 1.5568e-04 - acc: 1.0000
1170/1298 [==========================>...] - ETA: 0s - loss: 2.1001e-04 - acc: 1.0000
1298/1298 [==============================] - 0s 234us/step - loss: 2.0389e-04 - acc: 1.0000 - val_loss: 0.0907 - val_acc: 0.9846
Epoch 16/30

  10/1298 [..............................] - ETA: 0s - loss: 1.3702e-04 - acc: 1.0000
 240/1298 [====>.........................] - ETA: 0s - loss: 1.4174e-04 - acc: 1.0000
 480/1298 [==========>...................] - ETA: 0s - loss: 1.4948e-04 - acc: 1.0000
 710/1298 [===============>..............] - ETA: 0s - loss: 1.4596e-04 - acc: 1.0000
 950/1298 [====================>.........] - ETA: 0s - loss: 1.9261e-04 - acc: 1.0000
1190/1298 [==========================>...] - ETA: 0s - loss: 1.7163e-04 - acc: 1.0000
1298/1298 [==============================] - 0s 229us/step - loss: 1.6877e-04 - acc: 1.0000 - val_loss: 0.0916 - val_acc: 0.9846
Epoch 17/30

  10/1298 [..............................] - ETA: 0s - loss: 4.6827e-04 - acc: 1.0000
 250/1298 [====>.........................] - ETA: 0s - loss: 1.1398e-04 - acc: 1.0000
 490/1298 [==========>...................] - ETA: 0s - loss: 2.0930e-04 - acc: 1.0000
 710/1298 [===============>..............] - ETA: 0s - loss: 1.6495e-04 - acc: 1.0000
 940/1298 [====================>.........] - ETA: 0s - loss: 1.4855e-04 - acc: 1.0000
1170/1298 [==========================>...] - ETA: 0s - loss: 1.4352e-04 - acc: 1.0000
1298/1298 [==============================] - 0s 234us/step - loss: 1.4136e-04 - acc: 1.0000 - val_loss: 0.0925 - val_acc: 0.9846
Epoch 18/30

  10/1298 [..............................] - ETA: 0s - loss: 1.0138e-04 - acc: 1.0000
 240/1298 [====>.........................] - ETA: 0s - loss: 7.2495e-05 - acc: 1.0000
 450/1298 [=========>....................] - ETA: 0s - loss: 1.6824e-04 - acc: 1.0000
 670/1298 [==============>...............] - ETA: 0s - loss: 1.3731e-04 - acc: 1.0000
 900/1298 [===================>..........] - ETA: 0s - loss: 1.3149e-04 - acc: 1.0000
1140/1298 [=========================>....] - ETA: 0s - loss: 1.2410e-04 - acc: 1.0000
1298/1298 [==============================] - 0s 237us/step - loss: 1.2272e-04 - acc: 1.0000 - val_loss: 0.0932 - val_acc: 0.9846
Epoch 19/30

  10/1298 [..............................] - ETA: 0s - loss: 7.5580e-05 - acc: 1.0000
 250/1298 [====>.........................] - ETA: 0s - loss: 6.2506e-05 - acc: 1.0000
 490/1298 [==========>...................] - ETA: 0s - loss: 1.5293e-04 - acc: 1.0000
 710/1298 [===============>..............] - ETA: 0s - loss: 1.2713e-04 - acc: 1.0000
 940/1298 [====================>.........] - ETA: 0s - loss: 1.1678e-04 - acc: 1.0000
1160/1298 [=========================>....] - ETA: 0s - loss: 1.1109e-04 - acc: 1.0000
1298/1298 [==============================] - 0s 238us/step - loss: 1.0740e-04 - acc: 1.0000 - val_loss: 0.0936 - val_acc: 0.9846
Epoch 20/30

  10/1298 [..............................] - ETA: 0s - loss: 6.5824e-05 - acc: 1.0000
 240/1298 [====>.........................] - ETA: 0s - loss: 5.9837e-05 - acc: 1.0000
 470/1298 [=========>....................] - ETA: 0s - loss: 6.2732e-05 - acc: 1.0000
 700/1298 [===============>..............] - ETA: 0s - loss: 6.5615e-05 - acc: 1.0000
 930/1298 [====================>.........] - ETA: 0s - loss: 7.0904e-05 - acc: 1.0000
1160/1298 [=========================>....] - ETA: 0s - loss: 9.9527e-05 - acc: 1.0000
1298/1298 [==============================] - 0s 234us/step - loss: 9.4836e-05 - acc: 1.0000 - val_loss: 0.0941 - val_acc: 0.9846
Epoch 21/30

  10/1298 [..............................] - ETA: 0s - loss: 1.4119e-04 - acc: 1.0000
 250/1298 [====>.........................] - ETA: 0s - loss: 7.7377e-05 - acc: 1.0000
 490/1298 [==========>...................] - ETA: 0s - loss: 7.5396e-05 - acc: 1.0000
 730/1298 [===============>..............] - ETA: 0s - loss: 1.1325e-04 - acc: 1.0000
 970/1298 [=====================>........] - ETA: 0s - loss: 9.8496e-05 - acc: 1.0000
1200/1298 [==========================>...] - ETA: 0s - loss: 8.7835e-05 - acc: 1.0000
1298/1298 [==============================] - 0s 229us/step - loss: 8.4906e-05 - acc: 1.0000 - val_loss: 0.0946 - val_acc: 0.9846
Epoch 22/30

  10/1298 [..............................] - ETA: 0s - loss: 2.5406e-05 - acc: 1.0000
 240/1298 [====>.........................] - ETA: 0s - loss: 5.3756e-05 - acc: 1.0000
 470/1298 [=========>....................] - ETA: 0s - loss: 5.6961e-05 - acc: 1.0000
 700/1298 [===============>..............] - ETA: 0s - loss: 5.2822e-05 - acc: 1.0000
 920/1298 [====================>.........] - ETA: 0s - loss: 5.3057e-05 - acc: 1.0000
1140/1298 [=========================>....] - ETA: 0s - loss: 5.2108e-05 - acc: 1.0000
1298/1298 [==============================] - 0s 240us/step - loss: 7.6091e-05 - acc: 1.0000 - val_loss: 0.0953 - val_acc: 0.9846
Epoch 23/30

  10/1298 [..............................] - ETA: 0s - loss: 5.0457e-05 - acc: 1.0000
 220/1298 [====>.........................] - ETA: 0s - loss: 3.7482e-05 - acc: 1.0000
 460/1298 [=========>....................] - ETA: 0s - loss: 4.2181e-05 - acc: 1.0000
 700/1298 [===============>..............] - ETA: 0s - loss: 8.5709e-05 - acc: 1.0000
 940/1298 [====================>.........] - ETA: 0s - loss: 7.7606e-05 - acc: 1.0000
1170/1298 [==========================>...] - ETA: 0s - loss: 6.9917e-05 - acc: 1.0000
1298/1298 [==============================] - 0s 233us/step - loss: 6.7971e-05 - acc: 1.0000 - val_loss: 0.0958 - val_acc: 0.9846
acc: 98.77%
Train on 1299 samples, validate on 323 samples
Epoch 1/30

  10/1299 [..............................] - ETA: 1:41 - loss: 0.6963 - acc: 0.5000
 260/1299 [=====>........................] - ETA: 3s - loss: 0.4259 - acc: 0.8038  
 500/1299 [==========>...................] - ETA: 1s - loss: 0.2725 - acc: 0.8840
 750/1299 [================>.............] - ETA: 0s - loss: 0.2086 - acc: 0.9133
1000/1299 [======================>.......] - ETA: 0s - loss: 0.1957 - acc: 0.9210
1250/1299 [===========================>..] - ETA: 0s - loss: 0.1816 - acc: 0.9272
1299/1299 [==============================] - 1s 893us/step - loss: 0.1802 - acc: 0.9284 - val_loss: 0.0798 - val_acc: 0.9752
Epoch 2/30

  10/1299 [..............................] - ETA: 0s - loss: 0.0328 - acc: 1.0000
 250/1299 [====>.........................] - ETA: 0s - loss: 0.0510 - acc: 0.9920
 500/1299 [==========>...................] - ETA: 0s - loss: 0.0466 - acc: 0.9900
 720/1299 [===============>..............] - ETA: 0s - loss: 0.0412 - acc: 0.9903
 960/1299 [=====================>........] - ETA: 0s - loss: 0.0435 - acc: 0.9885
1190/1299 [==========================>...] - ETA: 0s - loss: 0.0451 - acc: 0.9874
1299/1299 [==============================] - 0s 227us/step - loss: 0.0476 - acc: 0.9846 - val_loss: 0.0644 - val_acc: 0.9814
Epoch 3/30

  10/1299 [..............................] - ETA: 0s - loss: 0.0083 - acc: 1.0000
 250/1299 [====>.........................] - ETA: 0s - loss: 0.0169 - acc: 0.9960
 500/1299 [==========>...................] - ETA: 0s - loss: 0.0183 - acc: 0.9960
 750/1299 [================>.............] - ETA: 0s - loss: 0.0242 - acc: 0.9947
1000/1299 [======================>.......] - ETA: 0s - loss: 0.0296 - acc: 0.9920
1250/1299 [===========================>..] - ETA: 0s - loss: 0.0269 - acc: 0.9928
1299/1299 [==============================] - 0s 218us/step - loss: 0.0277 - acc: 0.9923 - val_loss: 0.0618 - val_acc: 0.9783
Epoch 4/30

  10/1299 [..............................] - ETA: 0s - loss: 0.0139 - acc: 1.0000
 260/1299 [=====>........................] - ETA: 0s - loss: 0.0158 - acc: 0.9962
 500/1299 [==========>...................] - ETA: 0s - loss: 0.0170 - acc: 0.9960
 750/1299 [================>.............] - ETA: 0s - loss: 0.0177 - acc: 0.9960
 990/1299 [=====================>........] - ETA: 0s - loss: 0.0157 - acc: 0.9970
1230/1299 [===========================>..] - ETA: 0s - loss: 0.0148 - acc: 0.9976
1299/1299 [==============================] - 0s 220us/step - loss: 0.0142 - acc: 0.9977 - val_loss: 0.0506 - val_acc: 0.9814
Epoch 5/30

  10/1299 [..............................] - ETA: 0s - loss: 0.0013 - acc: 1.0000
 250/1299 [====>.........................] - ETA: 0s - loss: 0.0165 - acc: 0.9920
 500/1299 [==========>...................] - ETA: 0s - loss: 0.0171 - acc: 0.9940
 740/1299 [================>.............] - ETA: 0s - loss: 0.0134 - acc: 0.9959
 970/1299 [=====================>........] - ETA: 0s - loss: 0.0110 - acc: 0.9969
1220/1299 [===========================>..] - ETA: 0s - loss: 0.0096 - acc: 0.9975
1299/1299 [==============================] - 0s 221us/step - loss: 0.0103 - acc: 0.9969 - val_loss: 0.0573 - val_acc: 0.9814
Epoch 6/30

  10/1299 [..............................] - ETA: 0s - loss: 2.8811e-04 - acc: 1.0000
 260/1299 [=====>........................] - ETA: 0s - loss: 0.0052 - acc: 0.9962    
 500/1299 [==========>...................] - ETA: 0s - loss: 0.0055 - acc: 0.9960
 740/1299 [================>.............] - ETA: 0s - loss: 0.0053 - acc: 0.9973
 980/1299 [=====================>........] - ETA: 0s - loss: 0.0076 - acc: 0.9969
1210/1299 [==========================>...] - ETA: 0s - loss: 0.0080 - acc: 0.9967
1299/1299 [==============================] - 0s 229us/step - loss: 0.0077 - acc: 0.9969 - val_loss: 0.0537 - val_acc: 0.9845
Epoch 7/30

  10/1299 [..............................] - ETA: 0s - loss: 4.9247e-04 - acc: 1.0000
 240/1299 [====>.........................] - ETA: 0s - loss: 0.0022 - acc: 1.0000    
 450/1299 [=========>....................] - ETA: 0s - loss: 0.0039 - acc: 0.9978
 680/1299 [==============>...............] - ETA: 0s - loss: 0.0051 - acc: 0.9971
 910/1299 [====================>.........] - ETA: 0s - loss: 0.0049 - acc: 0.9978
1130/1299 [=========================>....] - ETA: 0s - loss: 0.0065 - acc: 0.9973
1299/1299 [==============================] - 0s 239us/step - loss: 0.0061 - acc: 0.9977 - val_loss: 0.0656 - val_acc: 0.9783
Epoch 8/30

  10/1299 [..............................] - ETA: 0s - loss: 9.7206e-04 - acc: 1.0000
 250/1299 [====>.........................] - ETA: 0s - loss: 0.0023 - acc: 1.0000    
 490/1299 [==========>...................] - ETA: 0s - loss: 0.0018 - acc: 1.0000
 720/1299 [===============>..............] - ETA: 0s - loss: 0.0045 - acc: 0.9986
 960/1299 [=====================>........] - ETA: 0s - loss: 0.0063 - acc: 0.9979
1200/1299 [==========================>...] - ETA: 0s - loss: 0.0067 - acc: 0.9983
1299/1299 [==============================] - 0s 228us/step - loss: 0.0064 - acc: 0.9985 - val_loss: 0.0623 - val_acc: 0.9814
Epoch 9/30

  10/1299 [..............................] - ETA: 0s - loss: 8.6943e-04 - acc: 1.0000
 240/1299 [====>.........................] - ETA: 0s - loss: 0.0015 - acc: 1.0000    
 470/1299 [=========>....................] - ETA: 0s - loss: 0.0023 - acc: 1.0000
 700/1299 [===============>..............] - ETA: 0s - loss: 0.0020 - acc: 1.0000
 940/1299 [====================>.........] - ETA: 0s - loss: 0.0018 - acc: 1.0000
1160/1299 [=========================>....] - ETA: 0s - loss: 0.0016 - acc: 1.0000
1299/1299 [==============================] - 0s 236us/step - loss: 0.0031 - acc: 0.9992 - val_loss: 0.0589 - val_acc: 0.9845
Epoch 10/30

  10/1299 [..............................] - ETA: 0s - loss: 5.0854e-04 - acc: 1.0000
 240/1299 [====>.........................] - ETA: 0s - loss: 0.0024 - acc: 1.0000    
 470/1299 [=========>....................] - ETA: 0s - loss: 0.0018 - acc: 1.0000
 710/1299 [===============>..............] - ETA: 0s - loss: 0.0014 - acc: 1.0000
 950/1299 [====================>.........] - ETA: 0s - loss: 0.0013 - acc: 1.0000
1190/1299 [==========================>...] - ETA: 0s - loss: 0.0033 - acc: 0.9983
1299/1299 [==============================] - 0s 230us/step - loss: 0.0032 - acc: 0.9985 - val_loss: 0.0653 - val_acc: 0.9814
Epoch 11/30

  10/1299 [..............................] - ETA: 0s - loss: 0.0033 - acc: 1.0000
 250/1299 [====>.........................] - ETA: 0s - loss: 0.0037 - acc: 1.0000
 490/1299 [==========>...................] - ETA: 0s - loss: 0.0024 - acc: 1.0000
 720/1299 [===============>..............] - ETA: 0s - loss: 0.0029 - acc: 0.9986
 950/1299 [====================>.........] - ETA: 0s - loss: 0.0025 - acc: 0.9989
1180/1299 [==========================>...] - ETA: 0s - loss: 0.0023 - acc: 0.9992
1299/1299 [==============================] - 0s 234us/step - loss: 0.0022 - acc: 0.9992 - val_loss: 0.0594 - val_acc: 0.9845
Epoch 12/30

  10/1299 [..............................] - ETA: 0s - loss: 9.8728e-04 - acc: 1.0000
 240/1299 [====>.........................] - ETA: 0s - loss: 0.0105 - acc: 0.9917    
 460/1299 [=========>....................] - ETA: 0s - loss: 0.0061 - acc: 0.9957
 690/1299 [==============>...............] - ETA: 0s - loss: 0.0043 - acc: 0.9971
 920/1299 [====================>.........] - ETA: 0s - loss: 0.0034 - acc: 0.9978
1160/1299 [=========================>....] - ETA: 0s - loss: 0.0028 - acc: 0.9983
1299/1299 [==============================] - 0s 234us/step - loss: 0.0031 - acc: 0.9977 - val_loss: 0.0610 - val_acc: 0.9845
Epoch 13/30

  10/1299 [..............................] - ETA: 0s - loss: 7.7762e-05 - acc: 1.0000
 240/1299 [====>.........................] - ETA: 0s - loss: 0.0017 - acc: 1.0000    
 480/1299 [==========>...................] - ETA: 0s - loss: 0.0011 - acc: 1.0000
 720/1299 [===============>..............] - ETA: 0s - loss: 0.0032 - acc: 0.9986
 960/1299 [=====================>........] - ETA: 0s - loss: 0.0026 - acc: 0.9990
1190/1299 [==========================>...] - ETA: 0s - loss: 0.0023 - acc: 0.9992
1299/1299 [==============================] - 0s 232us/step - loss: 0.0022 - acc: 0.9992 - val_loss: 0.0650 - val_acc: 0.9814
Epoch 14/30

  10/1299 [..............................] - ETA: 0s - loss: 3.4396e-04 - acc: 1.0000
 240/1299 [====>.........................] - ETA: 0s - loss: 7.9991e-04 - acc: 1.0000
 450/1299 [=========>....................] - ETA: 0s - loss: 5.9401e-04 - acc: 1.0000
 680/1299 [==============>...............] - ETA: 0s - loss: 7.6047e-04 - acc: 1.0000
 900/1299 [===================>..........] - ETA: 0s - loss: 6.9787e-04 - acc: 1.0000
1120/1299 [========================>.....] - ETA: 0s - loss: 6.4037e-04 - acc: 1.0000
1299/1299 [==============================] - 0s 241us/step - loss: 0.0021 - acc: 0.9992 - val_loss: 0.0666 - val_acc: 0.9814
Epoch 15/30

  10/1299 [..............................] - ETA: 0s - loss: 6.7063e-04 - acc: 1.0000
 240/1299 [====>.........................] - ETA: 0s - loss: 0.0031 - acc: 1.0000    
 480/1299 [==========>...................] - ETA: 0s - loss: 0.0021 - acc: 1.0000
 720/1299 [===============>..............] - ETA: 0s - loss: 0.0035 - acc: 0.9986
 960/1299 [=====================>........] - ETA: 0s - loss: 0.0030 - acc: 0.9990
1200/1299 [==========================>...] - ETA: 0s - loss: 0.0026 - acc: 0.9992
1299/1299 [==============================] - 0s 228us/step - loss: 0.0025 - acc: 0.9992 - val_loss: 0.0708 - val_acc: 0.9814
Epoch 16/30

  10/1299 [..............................] - ETA: 0s - loss: 1.5762e-04 - acc: 1.0000
 230/1299 [====>.........................] - ETA: 0s - loss: 3.9799e-04 - acc: 1.0000
 450/1299 [=========>....................] - ETA: 0s - loss: 3.4468e-04 - acc: 1.0000
 680/1299 [==============>...............] - ETA: 0s - loss: 0.0021 - acc: 0.9985    
 910/1299 [====================>.........] - ETA: 0s - loss: 0.0017 - acc: 0.9989
1140/1299 [=========================>....] - ETA: 0s - loss: 0.0015 - acc: 0.9991
1299/1299 [==============================] - 0s 238us/step - loss: 0.0016 - acc: 0.9992 - val_loss: 0.0711 - val_acc: 0.9814
Epoch 17/30

  10/1299 [..............................] - ETA: 0s - loss: 7.3388e-04 - acc: 1.0000
 240/1299 [====>.........................] - ETA: 0s - loss: 2.3334e-04 - acc: 1.0000
 470/1299 [=========>....................] - ETA: 0s - loss: 0.0026 - acc: 0.9979    
 710/1299 [===============>..............] - ETA: 0s - loss: 0.0023 - acc: 0.9986
 950/1299 [====================>.........] - ETA: 0s - loss: 0.0019 - acc: 0.9989
1180/1299 [==========================>...] - ETA: 0s - loss: 0.0016 - acc: 0.9992
1299/1299 [==============================] - 0s 230us/step - loss: 0.0015 - acc: 0.9992 - val_loss: 0.0724 - val_acc: 0.9814
Epoch 18/30

  10/1299 [..............................] - ETA: 0s - loss: 2.3167e-04 - acc: 1.0000
 250/1299 [====>.........................] - ETA: 0s - loss: 3.3070e-04 - acc: 1.0000
 480/1299 [==========>...................] - ETA: 0s - loss: 2.7006e-04 - acc: 1.0000
 710/1299 [===============>..............] - ETA: 0s - loss: 2.2747e-04 - acc: 1.0000
 930/1299 [====================>.........] - ETA: 0s - loss: 9.5627e-04 - acc: 1.0000
1160/1299 [=========================>....] - ETA: 0s - loss: 9.5501e-04 - acc: 1.0000
1299/1299 [==============================] - 0s 233us/step - loss: 9.2516e-04 - acc: 1.0000 - val_loss: 0.0713 - val_acc: 0.9814
Epoch 19/30

  10/1299 [..............................] - ETA: 0s - loss: 0.0023 - acc: 1.0000
 240/1299 [====>.........................] - ETA: 0s - loss: 2.6186e-04 - acc: 1.0000
 470/1299 [=========>....................] - ETA: 0s - loss: 3.0464e-04 - acc: 1.0000
 700/1299 [===============>..............] - ETA: 0s - loss: 2.7125e-04 - acc: 1.0000
 930/1299 [====================>.........] - ETA: 0s - loss: 2.7107e-04 - acc: 1.0000
1160/1299 [=========================>....] - ETA: 0s - loss: 4.8310e-04 - acc: 1.0000
1299/1299 [==============================] - 0s 237us/step - loss: 4.4562e-04 - acc: 1.0000 - val_loss: 0.0722 - val_acc: 0.9814
Epoch 20/30

  10/1299 [..............................] - ETA: 0s - loss: 4.0581e-05 - acc: 1.0000
 250/1299 [====>.........................] - ETA: 0s - loss: 2.2829e-04 - acc: 1.0000
 490/1299 [==========>...................] - ETA: 0s - loss: 2.6994e-04 - acc: 1.0000
 720/1299 [===============>..............] - ETA: 0s - loss: 4.1845e-04 - acc: 1.0000
 950/1299 [====================>.........] - ETA: 0s - loss: 3.9464e-04 - acc: 1.0000
1180/1299 [==========================>...] - ETA: 0s - loss: 3.4720e-04 - acc: 1.0000
1299/1299 [==============================] - 0s 232us/step - loss: 3.2201e-04 - acc: 1.0000 - val_loss: 0.0730 - val_acc: 0.9814
Epoch 21/30

  10/1299 [..............................] - ETA: 0s - loss: 1.0885e-04 - acc: 1.0000
 230/1299 [====>.........................] - ETA: 0s - loss: 1.7018e-04 - acc: 1.0000
 460/1299 [=========>....................] - ETA: 0s - loss: 1.3901e-04 - acc: 1.0000
 690/1299 [==============>...............] - ETA: 0s - loss: 1.3105e-04 - acc: 1.0000
 920/1299 [====================>.........] - ETA: 0s - loss: 1.7369e-04 - acc: 1.0000
1130/1299 [=========================>....] - ETA: 0s - loss: 1.6140e-04 - acc: 1.0000
1299/1299 [==============================] - 0s 245us/step - loss: 2.6037e-04 - acc: 1.0000 - val_loss: 0.0748 - val_acc: 0.9814
Epoch 22/30

  10/1299 [..............................] - ETA: 0s - loss: 1.8981e-04 - acc: 1.0000
 250/1299 [====>.........................] - ETA: 0s - loss: 1.9756e-04 - acc: 1.0000
 480/1299 [==========>...................] - ETA: 0s - loss: 1.6076e-04 - acc: 1.0000
 710/1299 [===============>..............] - ETA: 0s - loss: 2.8454e-04 - acc: 1.0000
 950/1299 [====================>.........] - ETA: 0s - loss: 2.5808e-04 - acc: 1.0000
1170/1299 [==========================>...] - ETA: 0s - loss: 2.2418e-04 - acc: 1.0000
1299/1299 [==============================] - 0s 236us/step - loss: 2.1413e-04 - acc: 1.0000 - val_loss: 0.0776 - val_acc: 0.9814
acc: 98.45%
Accuracy: 97.72% (+/- 0.79%)
