Train on 1459 samples, validate on 163 samples
Epoch 1/30

  20/1459 [..............................] - ETA: 32s - loss: 0.7060 - acc: 0.4500
 540/1459 [==========>...................] - ETA: 0s - loss: 0.6201 - acc: 0.6963 
1080/1459 [=====================>........] - ETA: 0s - loss: 0.5345 - acc: 0.7954
1459/1459 [==============================] - 1s 443us/step - loss: 0.4705 - acc: 0.8396 - val_loss: 0.2519 - val_acc: 0.9571
Epoch 2/30

  20/1459 [..............................] - ETA: 0s - loss: 0.2445 - acc: 0.9500
 500/1459 [=========>....................] - ETA: 0s - loss: 0.1841 - acc: 0.9760
1000/1459 [===================>..........] - ETA: 0s - loss: 0.1498 - acc: 0.9770
1459/1459 [==============================] - 0s 106us/step - loss: 0.1361 - acc: 0.9760 - val_loss: 0.1221 - val_acc: 0.9693
Epoch 3/30

  20/1459 [..............................] - ETA: 0s - loss: 0.1674 - acc: 0.9500
 540/1459 [==========>...................] - ETA: 0s - loss: 0.0882 - acc: 0.9778
1020/1459 [===================>..........] - ETA: 0s - loss: 0.0756 - acc: 0.9853
1459/1459 [==============================] - 0s 107us/step - loss: 0.0722 - acc: 0.9842 - val_loss: 0.1047 - val_acc: 0.9571
Epoch 4/30

  20/1459 [..............................] - ETA: 0s - loss: 0.1924 - acc: 0.9500
 520/1459 [=========>....................] - ETA: 0s - loss: 0.0480 - acc: 0.9962
1020/1459 [===================>..........] - ETA: 0s - loss: 0.0488 - acc: 0.9931
1459/1459 [==============================] - 0s 105us/step - loss: 0.0489 - acc: 0.9918 - val_loss: 0.0995 - val_acc: 0.9632
Epoch 5/30

  20/1459 [..............................] - ETA: 0s - loss: 0.0506 - acc: 1.0000
 500/1459 [=========>....................] - ETA: 0s - loss: 0.0318 - acc: 0.9980
 940/1459 [==================>...........] - ETA: 0s - loss: 0.0352 - acc: 0.9957
1400/1459 [===========================>..] - ETA: 0s - loss: 0.0364 - acc: 0.9943
1459/1459 [==============================] - 0s 114us/step - loss: 0.0358 - acc: 0.9945 - val_loss: 0.0935 - val_acc: 0.9755
Epoch 6/30

  20/1459 [..............................] - ETA: 0s - loss: 0.0118 - acc: 1.0000
 500/1459 [=========>....................] - ETA: 0s - loss: 0.0252 - acc: 0.9980
1000/1459 [===================>..........] - ETA: 0s - loss: 0.0308 - acc: 0.9950
1459/1459 [==============================] - 0s 106us/step - loss: 0.0277 - acc: 0.9966 - val_loss: 0.0923 - val_acc: 0.9755
Epoch 7/30

  20/1459 [..............................] - ETA: 0s - loss: 0.0202 - acc: 1.0000
 540/1459 [==========>...................] - ETA: 0s - loss: 0.0165 - acc: 1.0000
1020/1459 [===================>..........] - ETA: 0s - loss: 0.0178 - acc: 0.9990
1459/1459 [==============================] - 0s 104us/step - loss: 0.0215 - acc: 0.9973 - val_loss: 0.0934 - val_acc: 0.9693
Epoch 8/30

  20/1459 [..............................] - ETA: 0s - loss: 0.0188 - acc: 1.0000
 520/1459 [=========>....................] - ETA: 0s - loss: 0.0138 - acc: 1.0000
1020/1459 [===================>..........] - ETA: 0s - loss: 0.0172 - acc: 0.9980
1459/1459 [==============================] - 0s 106us/step - loss: 0.0166 - acc: 0.9979 - val_loss: 0.0935 - val_acc: 0.9755
Epoch 9/30

  20/1459 [..............................] - ETA: 0s - loss: 0.0094 - acc: 1.0000
 520/1459 [=========>....................] - ETA: 0s - loss: 0.0117 - acc: 1.0000
1020/1459 [===================>..........] - ETA: 0s - loss: 0.0126 - acc: 0.9971
1459/1459 [==============================] - 0s 107us/step - loss: 0.0134 - acc: 0.9973 - val_loss: 0.0930 - val_acc: 0.9755
Epoch 10/30

  20/1459 [..............................] - ETA: 0s - loss: 0.0081 - acc: 1.0000
 500/1459 [=========>....................] - ETA: 0s - loss: 0.0084 - acc: 1.0000
 980/1459 [===================>..........] - ETA: 0s - loss: 0.0106 - acc: 0.9980
1459/1459 [==============================] - 0s 108us/step - loss: 0.0108 - acc: 0.9986 - val_loss: 0.0934 - val_acc: 0.9755
Epoch 11/30

  20/1459 [..............................] - ETA: 0s - loss: 0.0119 - acc: 1.0000
 520/1459 [=========>....................] - ETA: 0s - loss: 0.0086 - acc: 1.0000
 980/1459 [===================>..........] - ETA: 0s - loss: 0.0081 - acc: 1.0000
1459/1459 [==============================] - 0s 109us/step - loss: 0.0087 - acc: 0.9993 - val_loss: 0.0941 - val_acc: 0.9755
Epoch 12/30

  20/1459 [..............................] - ETA: 0s - loss: 0.0045 - acc: 1.0000
 520/1459 [=========>....................] - ETA: 0s - loss: 0.0076 - acc: 0.9981
1000/1459 [===================>..........] - ETA: 0s - loss: 0.0071 - acc: 0.9990
1459/1459 [==============================] - 0s 108us/step - loss: 0.0073 - acc: 0.9986 - val_loss: 0.0922 - val_acc: 0.9755
Epoch 13/30

  20/1459 [..............................] - ETA: 0s - loss: 0.0038 - acc: 1.0000
 480/1459 [========>.....................] - ETA: 0s - loss: 0.0053 - acc: 1.0000
 960/1459 [==================>...........] - ETA: 0s - loss: 0.0057 - acc: 1.0000
1440/1459 [============================>.] - ETA: 0s - loss: 0.0061 - acc: 1.0000
1459/1459 [==============================] - 0s 112us/step - loss: 0.0061 - acc: 1.0000 - val_loss: 0.0930 - val_acc: 0.9755
Epoch 14/30

  20/1459 [..............................] - ETA: 0s - loss: 0.0064 - acc: 1.0000
 500/1459 [=========>....................] - ETA: 0s - loss: 0.0048 - acc: 1.0000
1000/1459 [===================>..........] - ETA: 0s - loss: 0.0048 - acc: 1.0000
1459/1459 [==============================] - 0s 107us/step - loss: 0.0051 - acc: 1.0000 - val_loss: 0.0924 - val_acc: 0.9755
Epoch 15/30

  20/1459 [..............................] - ETA: 0s - loss: 0.0059 - acc: 1.0000
 520/1459 [=========>....................] - ETA: 0s - loss: 0.0048 - acc: 1.0000
1020/1459 [===================>..........] - ETA: 0s - loss: 0.0045 - acc: 1.0000
1459/1459 [==============================] - 0s 106us/step - loss: 0.0043 - acc: 1.0000 - val_loss: 0.0930 - val_acc: 0.9755
Epoch 16/30

  20/1459 [..............................] - ETA: 0s - loss: 0.0025 - acc: 1.0000
 520/1459 [=========>....................] - ETA: 0s - loss: 0.0041 - acc: 1.0000
1000/1459 [===================>..........] - ETA: 0s - loss: 0.0041 - acc: 1.0000
1459/1459 [==============================] - 0s 107us/step - loss: 0.0039 - acc: 1.0000 - val_loss: 0.0945 - val_acc: 0.9755
Epoch 17/30

  20/1459 [..............................] - ETA: 0s - loss: 0.0041 - acc: 1.0000
 520/1459 [=========>....................] - ETA: 0s - loss: 0.0029 - acc: 1.0000
1020/1459 [===================>..........] - ETA: 0s - loss: 0.0033 - acc: 1.0000
1459/1459 [==============================] - 0s 109us/step - loss: 0.0033 - acc: 1.0000 - val_loss: 0.0951 - val_acc: 0.9755
Epoch 18/30

  20/1459 [..............................] - ETA: 0s - loss: 0.0029 - acc: 1.0000
 480/1459 [========>.....................] - ETA: 0s - loss: 0.0023 - acc: 1.0000
 960/1459 [==================>...........] - ETA: 0s - loss: 0.0024 - acc: 1.0000
1459/1459 [==============================] - 0s 109us/step - loss: 0.0029 - acc: 1.0000 - val_loss: 0.0953 - val_acc: 0.9755
Epoch 19/30

  20/1459 [..............................] - ETA: 0s - loss: 9.3095e-04 - acc: 1.0000
 520/1459 [=========>....................] - ETA: 0s - loss: 0.0021 - acc: 1.0000    
1020/1459 [===================>..........] - ETA: 0s - loss: 0.0024 - acc: 1.0000
1459/1459 [==============================] - 0s 105us/step - loss: 0.0026 - acc: 1.0000 - val_loss: 0.0951 - val_acc: 0.9755
Epoch 20/30

  20/1459 [..............................] - ETA: 0s - loss: 0.0013 - acc: 1.0000
 520/1459 [=========>....................] - ETA: 0s - loss: 0.0023 - acc: 1.0000
1000/1459 [===================>..........] - ETA: 0s - loss: 0.0024 - acc: 1.0000
1459/1459 [==============================] - 0s 108us/step - loss: 0.0023 - acc: 1.0000 - val_loss: 0.0966 - val_acc: 0.9755
Epoch 21/30

  20/1459 [..............................] - ETA: 0s - loss: 0.0013 - acc: 1.0000
 500/1459 [=========>....................] - ETA: 0s - loss: 0.0024 - acc: 1.0000
 980/1459 [===================>..........] - ETA: 0s - loss: 0.0022 - acc: 1.0000
1459/1459 [==============================] - 0s 108us/step - loss: 0.0021 - acc: 1.0000 - val_loss: 0.0961 - val_acc: 0.9755
acc: 97.55%
Train on 1459 samples, validate on 163 samples
Epoch 1/30

  20/1459 [..............................] - ETA: 38s - loss: 0.6878 - acc: 0.5000
 520/1459 [=========>....................] - ETA: 1s - loss: 0.6355 - acc: 0.6577 
1000/1459 [===================>..........] - ETA: 0s - loss: 0.5618 - acc: 0.7790
1459/1459 [==============================] - 1s 512us/step - loss: 0.4881 - acc: 0.8321 - val_loss: 0.2867 - val_acc: 0.9325
Epoch 2/30

  20/1459 [..............................] - ETA: 0s - loss: 0.2720 - acc: 0.9000
 500/1459 [=========>....................] - ETA: 0s - loss: 0.1877 - acc: 0.9800
1020/1459 [===================>..........] - ETA: 0s - loss: 0.1550 - acc: 0.9814
1459/1459 [==============================] - 0s 106us/step - loss: 0.1454 - acc: 0.9760 - val_loss: 0.1472 - val_acc: 0.9387
Epoch 3/30

  20/1459 [..............................] - ETA: 0s - loss: 0.0698 - acc: 1.0000
 500/1459 [=========>....................] - ETA: 0s - loss: 0.0858 - acc: 0.9880
 980/1459 [===================>..........] - ETA: 0s - loss: 0.0724 - acc: 0.9888
1459/1459 [==============================] - 0s 109us/step - loss: 0.0757 - acc: 0.9849 - val_loss: 0.1216 - val_acc: 0.9571
Epoch 4/30

  20/1459 [..............................] - ETA: 0s - loss: 0.0446 - acc: 1.0000
 520/1459 [=========>....................] - ETA: 0s - loss: 0.0589 - acc: 0.9865
1020/1459 [===================>..........] - ETA: 0s - loss: 0.0509 - acc: 0.9892
1459/1459 [==============================] - 0s 108us/step - loss: 0.0514 - acc: 0.9890 - val_loss: 0.1062 - val_acc: 0.9571
Epoch 5/30

  20/1459 [..............................] - ETA: 0s - loss: 0.0267 - acc: 1.0000
 500/1459 [=========>....................] - ETA: 0s - loss: 0.0375 - acc: 0.9940
 980/1459 [===================>..........] - ETA: 0s - loss: 0.0406 - acc: 0.9918
1459/1459 [==============================] - 0s 108us/step - loss: 0.0379 - acc: 0.9931 - val_loss: 0.0944 - val_acc: 0.9632
Epoch 6/30

  20/1459 [..............................] - ETA: 0s - loss: 0.0655 - acc: 1.0000
 500/1459 [=========>....................] - ETA: 0s - loss: 0.0372 - acc: 0.9920
1000/1459 [===================>..........] - ETA: 0s - loss: 0.0304 - acc: 0.9950
1459/1459 [==============================] - 0s 105us/step - loss: 0.0280 - acc: 0.9959 - val_loss: 0.0913 - val_acc: 0.9632
Epoch 7/30

  20/1459 [..............................] - ETA: 0s - loss: 0.0287 - acc: 1.0000
 520/1459 [=========>....................] - ETA: 0s - loss: 0.0188 - acc: 0.9981
 980/1459 [===================>..........] - ETA: 0s - loss: 0.0186 - acc: 0.9969
1459/1459 [==============================] - 0s 109us/step - loss: 0.0224 - acc: 0.9959 - val_loss: 0.0855 - val_acc: 0.9571
Epoch 8/30

  20/1459 [..............................] - ETA: 0s - loss: 0.0075 - acc: 1.0000
 520/1459 [=========>....................] - ETA: 0s - loss: 0.0166 - acc: 1.0000
1000/1459 [===================>..........] - ETA: 0s - loss: 0.0175 - acc: 0.9990
1459/1459 [==============================] - 0s 107us/step - loss: 0.0168 - acc: 0.9986 - val_loss: 0.0832 - val_acc: 0.9632
Epoch 9/30

  20/1459 [..............................] - ETA: 0s - loss: 0.0141 - acc: 1.0000
 500/1459 [=========>....................] - ETA: 0s - loss: 0.0155 - acc: 0.9980
 980/1459 [===================>..........] - ETA: 0s - loss: 0.0138 - acc: 0.9980
1459/1459 [==============================] - 0s 109us/step - loss: 0.0134 - acc: 0.9986 - val_loss: 0.0816 - val_acc: 0.9571
Epoch 10/30

  20/1459 [..............................] - ETA: 0s - loss: 0.0482 - acc: 0.9500
 520/1459 [=========>....................] - ETA: 0s - loss: 0.0121 - acc: 0.9962
1000/1459 [===================>..........] - ETA: 0s - loss: 0.0103 - acc: 0.9980
1440/1459 [============================>.] - ETA: 0s - loss: 0.0106 - acc: 0.9979
1459/1459 [==============================] - 0s 110us/step - loss: 0.0107 - acc: 0.9979 - val_loss: 0.0807 - val_acc: 0.9571
Epoch 11/30

  20/1459 [..............................] - ETA: 0s - loss: 0.0092 - acc: 1.0000
 460/1459 [========>.....................] - ETA: 0s - loss: 0.0102 - acc: 0.9978
 860/1459 [================>.............] - ETA: 0s - loss: 0.0094 - acc: 0.9988
1260/1459 [========================>.....] - ETA: 0s - loss: 0.0085 - acc: 0.9992
1459/1459 [==============================] - 0s 129us/step - loss: 0.0088 - acc: 0.9993 - val_loss: 0.0799 - val_acc: 0.9571
Epoch 12/30

  20/1459 [..............................] - ETA: 0s - loss: 0.0067 - acc: 1.0000
 400/1459 [=======>......................] - ETA: 0s - loss: 0.0062 - acc: 1.0000
 800/1459 [===============>..............] - ETA: 0s - loss: 0.0075 - acc: 0.9987
1220/1459 [========================>.....] - ETA: 0s - loss: 0.0069 - acc: 0.9992
1459/1459 [==============================] - 0s 133us/step - loss: 0.0073 - acc: 0.9986 - val_loss: 0.0781 - val_acc: 0.9571
Epoch 13/30

  20/1459 [..............................] - ETA: 0s - loss: 0.0046 - acc: 1.0000
 420/1459 [=======>......................] - ETA: 0s - loss: 0.0066 - acc: 1.0000
 860/1459 [================>.............] - ETA: 0s - loss: 0.0064 - acc: 1.0000
1360/1459 [==========================>...] - ETA: 0s - loss: 0.0062 - acc: 1.0000
1459/1459 [==============================] - 0s 117us/step - loss: 0.0060 - acc: 1.0000 - val_loss: 0.0791 - val_acc: 0.9509
Epoch 14/30

  20/1459 [..............................] - ETA: 0s - loss: 0.0027 - acc: 1.0000
 520/1459 [=========>....................] - ETA: 0s - loss: 0.0049 - acc: 1.0000
1020/1459 [===================>..........] - ETA: 0s - loss: 0.0055 - acc: 1.0000
1459/1459 [==============================] - 0s 109us/step - loss: 0.0051 - acc: 1.0000 - val_loss: 0.0785 - val_acc: 0.9571
Epoch 15/30

  20/1459 [..............................] - ETA: 0s - loss: 0.0045 - acc: 1.0000
 440/1459 [========>.....................] - ETA: 0s - loss: 0.0038 - acc: 1.0000
 880/1459 [=================>............] - ETA: 0s - loss: 0.0044 - acc: 1.0000
1340/1459 [==========================>...] - ETA: 0s - loss: 0.0047 - acc: 1.0000
1459/1459 [==============================] - 0s 120us/step - loss: 0.0045 - acc: 1.0000 - val_loss: 0.0795 - val_acc: 0.9571
Epoch 16/30

  20/1459 [..............................] - ETA: 0s - loss: 0.0152 - acc: 1.0000
 500/1459 [=========>....................] - ETA: 0s - loss: 0.0044 - acc: 1.0000
 960/1459 [==================>...........] - ETA: 0s - loss: 0.0037 - acc: 1.0000
1420/1459 [============================>.] - ETA: 0s - loss: 0.0038 - acc: 1.0000
1459/1459 [==============================] - 0s 114us/step - loss: 0.0038 - acc: 1.0000 - val_loss: 0.0788 - val_acc: 0.9571
Epoch 17/30

  20/1459 [..............................] - ETA: 0s - loss: 0.0018 - acc: 1.0000
 500/1459 [=========>....................] - ETA: 0s - loss: 0.0039 - acc: 1.0000
 980/1459 [===================>..........] - ETA: 0s - loss: 0.0034 - acc: 1.0000
1459/1459 [==============================] - 0s 109us/step - loss: 0.0034 - acc: 1.0000 - val_loss: 0.0800 - val_acc: 0.9571
Epoch 18/30

  20/1459 [..............................] - ETA: 0s - loss: 0.0017 - acc: 1.0000
 480/1459 [========>.....................] - ETA: 0s - loss: 0.0027 - acc: 1.0000
 960/1459 [==================>...........] - ETA: 0s - loss: 0.0025 - acc: 1.0000
1459/1459 [==============================] - 0s 111us/step - loss: 0.0030 - acc: 1.0000 - val_loss: 0.0780 - val_acc: 0.9632
Epoch 19/30

  20/1459 [..............................] - ETA: 0s - loss: 8.3191e-04 - acc: 1.0000
 500/1459 [=========>....................] - ETA: 0s - loss: 0.0024 - acc: 1.0000    
 980/1459 [===================>..........] - ETA: 0s - loss: 0.0026 - acc: 1.0000
1440/1459 [============================>.] - ETA: 0s - loss: 0.0026 - acc: 1.0000
1459/1459 [==============================] - 0s 111us/step - loss: 0.0026 - acc: 1.0000 - val_loss: 0.0786 - val_acc: 0.9632
Epoch 20/30

  20/1459 [..............................] - ETA: 0s - loss: 0.0037 - acc: 1.0000
 520/1459 [=========>....................] - ETA: 0s - loss: 0.0024 - acc: 1.0000
1000/1459 [===================>..........] - ETA: 0s - loss: 0.0024 - acc: 1.0000
1459/1459 [==============================] - 0s 107us/step - loss: 0.0023 - acc: 1.0000 - val_loss: 0.0787 - val_acc: 0.9632
Epoch 21/30

  20/1459 [..............................] - ETA: 0s - loss: 6.5926e-04 - acc: 1.0000
 500/1459 [=========>....................] - ETA: 0s - loss: 0.0017 - acc: 1.0000    
 980/1459 [===================>..........] - ETA: 0s - loss: 0.0019 - acc: 1.0000
1459/1459 [==============================] - 0s 110us/step - loss: 0.0021 - acc: 1.0000 - val_loss: 0.0789 - val_acc: 0.9632
Epoch 22/30

  20/1459 [..............................] - ETA: 0s - loss: 8.6276e-04 - acc: 1.0000
 500/1459 [=========>....................] - ETA: 0s - loss: 0.0019 - acc: 1.0000    
 980/1459 [===================>..........] - ETA: 0s - loss: 0.0020 - acc: 1.0000
1459/1459 [==============================] - 0s 110us/step - loss: 0.0019 - acc: 1.0000 - val_loss: 0.0798 - val_acc: 0.9632
Epoch 23/30

  20/1459 [..............................] - ETA: 0s - loss: 4.3121e-04 - acc: 1.0000
 500/1459 [=========>....................] - ETA: 0s - loss: 0.0013 - acc: 1.0000    
 980/1459 [===================>..........] - ETA: 0s - loss: 0.0015 - acc: 1.0000
1459/1459 [==============================] - 0s 110us/step - loss: 0.0017 - acc: 1.0000 - val_loss: 0.0797 - val_acc: 0.9632
Epoch 24/30

  20/1459 [..............................] - ETA: 0s - loss: 0.0023 - acc: 1.0000
 480/1459 [========>.....................] - ETA: 0s - loss: 0.0017 - acc: 1.0000
 920/1459 [=================>............] - ETA: 0s - loss: 0.0016 - acc: 1.0000
1360/1459 [==========================>...] - ETA: 0s - loss: 0.0016 - acc: 1.0000
1459/1459 [==============================] - 0s 117us/step - loss: 0.0015 - acc: 1.0000 - val_loss: 0.0792 - val_acc: 0.9632
Epoch 25/30

  20/1459 [..............................] - ETA: 0s - loss: 3.6340e-04 - acc: 1.0000
 480/1459 [========>.....................] - ETA: 0s - loss: 0.0015 - acc: 1.0000    
 960/1459 [==================>...........] - ETA: 0s - loss: 0.0015 - acc: 1.0000
1440/1459 [============================>.] - ETA: 0s - loss: 0.0014 - acc: 1.0000
1459/1459 [==============================] - 0s 111us/step - loss: 0.0014 - acc: 1.0000 - val_loss: 0.0801 - val_acc: 0.9632
Epoch 26/30

  20/1459 [..............................] - ETA: 0s - loss: 0.0016 - acc: 1.0000
 500/1459 [=========>....................] - ETA: 0s - loss: 0.0010 - acc: 1.0000
 980/1459 [===================>..........] - ETA: 0s - loss: 0.0014 - acc: 1.0000
1459/1459 [==============================] - 0s 109us/step - loss: 0.0013 - acc: 1.0000 - val_loss: 0.0810 - val_acc: 0.9632
Epoch 27/30

  20/1459 [..............................] - ETA: 0s - loss: 9.8296e-04 - acc: 1.0000
 500/1459 [=========>....................] - ETA: 0s - loss: 0.0012 - acc: 1.0000    
 980/1459 [===================>..........] - ETA: 0s - loss: 0.0012 - acc: 1.0000
1459/1459 [==============================] - 0s 109us/step - loss: 0.0012 - acc: 1.0000 - val_loss: 0.0810 - val_acc: 0.9571
Epoch 28/30

  20/1459 [..............................] - ETA: 0s - loss: 5.2262e-04 - acc: 1.0000
 500/1459 [=========>....................] - ETA: 0s - loss: 8.5976e-04 - acc: 1.0000
 960/1459 [==================>...........] - ETA: 0s - loss: 9.8852e-04 - acc: 1.0000
1420/1459 [============================>.] - ETA: 0s - loss: 0.0010 - acc: 1.0000    
1459/1459 [==============================] - 0s 112us/step - loss: 0.0011 - acc: 1.0000 - val_loss: 0.0809 - val_acc: 0.9632
Epoch 29/30

  20/1459 [..............................] - ETA: 0s - loss: 7.3983e-04 - acc: 1.0000
 500/1459 [=========>....................] - ETA: 0s - loss: 9.3554e-04 - acc: 1.0000
1000/1459 [===================>..........] - ETA: 0s - loss: 0.0010 - acc: 1.0000    
1459/1459 [==============================] - 0s 108us/step - loss: 0.0010 - acc: 1.0000 - val_loss: 0.0807 - val_acc: 0.9571
Epoch 30/30

  20/1459 [..............................] - ETA: 0s - loss: 0.0011 - acc: 1.0000
 460/1459 [========>.....................] - ETA: 0s - loss: 9.5922e-04 - acc: 1.0000
 920/1459 [=================>............] - ETA: 0s - loss: 8.6129e-04 - acc: 1.0000
1380/1459 [===========================>..] - ETA: 0s - loss: 9.4380e-04 - acc: 1.0000
1459/1459 [==============================] - 0s 116us/step - loss: 9.4309e-04 - acc: 1.0000 - val_loss: 0.0804 - val_acc: 0.9632
acc: 96.32%
Train on 1459 samples, validate on 163 samples
Epoch 1/30

  20/1459 [..............................] - ETA: 43s - loss: 0.6690 - acc: 0.6000
 500/1459 [=========>....................] - ETA: 1s - loss: 0.6152 - acc: 0.7060 
 980/1459 [===================>..........] - ETA: 0s - loss: 0.5417 - acc: 0.7867
1459/1459 [==============================] - 1s 564us/step - loss: 0.4601 - acc: 0.8424 - val_loss: 0.2331 - val_acc: 0.9755
Epoch 2/30

  20/1459 [..............................] - ETA: 0s - loss: 0.2107 - acc: 0.9500
 500/1459 [=========>....................] - ETA: 0s - loss: 0.1652 - acc: 0.9740
1000/1459 [===================>..........] - ETA: 0s - loss: 0.1476 - acc: 0.9720
1459/1459 [==============================] - 0s 106us/step - loss: 0.1356 - acc: 0.9719 - val_loss: 0.1125 - val_acc: 0.9755
Epoch 3/30

  20/1459 [..............................] - ETA: 0s - loss: 0.0621 - acc: 1.0000
 520/1459 [=========>....................] - ETA: 0s - loss: 0.0603 - acc: 0.9904
 980/1459 [===================>..........] - ETA: 0s - loss: 0.0624 - acc: 0.9888
1459/1459 [==============================] - 0s 110us/step - loss: 0.0728 - acc: 0.9815 - val_loss: 0.0884 - val_acc: 0.9755
Epoch 4/30

  20/1459 [..............................] - ETA: 0s - loss: 0.0320 - acc: 1.0000
 520/1459 [=========>....................] - ETA: 0s - loss: 0.0469 - acc: 0.9923
1000/1459 [===================>..........] - ETA: 0s - loss: 0.0450 - acc: 0.9920
1459/1459 [==============================] - 0s 107us/step - loss: 0.0481 - acc: 0.9883 - val_loss: 0.0813 - val_acc: 0.9755
Epoch 5/30

  20/1459 [..............................] - ETA: 0s - loss: 0.0155 - acc: 1.0000
 480/1459 [========>.....................] - ETA: 0s - loss: 0.0430 - acc: 0.9875
 940/1459 [==================>...........] - ETA: 0s - loss: 0.0345 - acc: 0.9936
1420/1459 [============================>.] - ETA: 0s - loss: 0.0341 - acc: 0.9937
1459/1459 [==============================] - 0s 113us/step - loss: 0.0340 - acc: 0.9938 - val_loss: 0.0756 - val_acc: 0.9816
Epoch 6/30

  20/1459 [..............................] - ETA: 0s - loss: 0.0114 - acc: 1.0000
 500/1459 [=========>....................] - ETA: 0s - loss: 0.0259 - acc: 0.9940
 960/1459 [==================>...........] - ETA: 0s - loss: 0.0252 - acc: 0.9969
1440/1459 [============================>.] - ETA: 0s - loss: 0.0252 - acc: 0.9965
1459/1459 [==============================] - 0s 113us/step - loss: 0.0252 - acc: 0.9966 - val_loss: 0.0743 - val_acc: 0.9816
Epoch 7/30

  20/1459 [..............................] - ETA: 0s - loss: 0.0121 - acc: 1.0000
 520/1459 [=========>....................] - ETA: 0s - loss: 0.0183 - acc: 0.9981
 960/1459 [==================>...........] - ETA: 0s - loss: 0.0183 - acc: 0.9979
1420/1459 [============================>.] - ETA: 0s - loss: 0.0189 - acc: 0.9972
1459/1459 [==============================] - 0s 114us/step - loss: 0.0189 - acc: 0.9973 - val_loss: 0.0720 - val_acc: 0.9816
Epoch 8/30

  20/1459 [..............................] - ETA: 0s - loss: 0.0056 - acc: 1.0000
 480/1459 [========>.....................] - ETA: 0s - loss: 0.0138 - acc: 0.9979
 960/1459 [==================>...........] - ETA: 0s - loss: 0.0152 - acc: 0.9990
1440/1459 [============================>.] - ETA: 0s - loss: 0.0144 - acc: 0.9986
1459/1459 [==============================] - 0s 111us/step - loss: 0.0144 - acc: 0.9986 - val_loss: 0.0718 - val_acc: 0.9816
Epoch 9/30

  20/1459 [..............................] - ETA: 0s - loss: 0.0854 - acc: 0.9500
 500/1459 [=========>....................] - ETA: 0s - loss: 0.0136 - acc: 0.9980
 980/1459 [===================>..........] - ETA: 0s - loss: 0.0114 - acc: 0.9990
1440/1459 [============================>.] - ETA: 0s - loss: 0.0116 - acc: 0.9986
1459/1459 [==============================] - 0s 111us/step - loss: 0.0116 - acc: 0.9986 - val_loss: 0.0727 - val_acc: 0.9816
Epoch 10/30

  20/1459 [..............................] - ETA: 0s - loss: 0.0366 - acc: 1.0000
 520/1459 [=========>....................] - ETA: 0s - loss: 0.0128 - acc: 0.9981
1020/1459 [===================>..........] - ETA: 0s - loss: 0.0108 - acc: 0.9990
1459/1459 [==============================] - 0s 107us/step - loss: 0.0099 - acc: 0.9993 - val_loss: 0.0722 - val_acc: 0.9816
Epoch 11/30

  20/1459 [..............................] - ETA: 0s - loss: 0.0053 - acc: 1.0000
 500/1459 [=========>....................] - ETA: 0s - loss: 0.0097 - acc: 0.9980
 980/1459 [===================>..........] - ETA: 0s - loss: 0.0079 - acc: 0.9990
1459/1459 [==============================] - 0s 110us/step - loss: 0.0076 - acc: 0.9993 - val_loss: 0.0721 - val_acc: 0.9816
Epoch 12/30

  20/1459 [..............................] - ETA: 0s - loss: 0.0050 - acc: 1.0000
 500/1459 [=========>....................] - ETA: 0s - loss: 0.0070 - acc: 1.0000
 960/1459 [==================>...........] - ETA: 0s - loss: 0.0061 - acc: 1.0000
1420/1459 [============================>.] - ETA: 0s - loss: 0.0062 - acc: 0.9993
1459/1459 [==============================] - 0s 113us/step - loss: 0.0062 - acc: 0.9993 - val_loss: 0.0739 - val_acc: 0.9816
Epoch 13/30

  20/1459 [..............................] - ETA: 0s - loss: 0.0038 - acc: 1.0000
 480/1459 [========>.....................] - ETA: 0s - loss: 0.0050 - acc: 1.0000
 940/1459 [==================>...........] - ETA: 0s - loss: 0.0051 - acc: 1.0000
1420/1459 [============================>.] - ETA: 0s - loss: 0.0054 - acc: 1.0000
1459/1459 [==============================] - 0s 113us/step - loss: 0.0053 - acc: 1.0000 - val_loss: 0.0738 - val_acc: 0.9816
Epoch 14/30

  20/1459 [..............................] - ETA: 0s - loss: 0.0166 - acc: 1.0000
 500/1459 [=========>....................] - ETA: 0s - loss: 0.0040 - acc: 1.0000
 980/1459 [===================>..........] - ETA: 0s - loss: 0.0040 - acc: 1.0000
1459/1459 [==============================] - 0s 110us/step - loss: 0.0045 - acc: 1.0000 - val_loss: 0.0749 - val_acc: 0.9816
Epoch 15/30

  20/1459 [..............................] - ETA: 0s - loss: 0.0037 - acc: 1.0000
 500/1459 [=========>....................] - ETA: 0s - loss: 0.0041 - acc: 1.0000
 920/1459 [=================>............] - ETA: 0s - loss: 0.0037 - acc: 1.0000
1380/1459 [===========================>..] - ETA: 0s - loss: 0.0035 - acc: 1.0000
1459/1459 [==============================] - 0s 116us/step - loss: 0.0039 - acc: 1.0000 - val_loss: 0.0766 - val_acc: 0.9816
Epoch 16/30

  20/1459 [..............................] - ETA: 0s - loss: 0.0029 - acc: 1.0000
 460/1459 [========>.....................] - ETA: 0s - loss: 0.0032 - acc: 1.0000
 900/1459 [=================>............] - ETA: 0s - loss: 0.0032 - acc: 1.0000
1320/1459 [==========================>...] - ETA: 0s - loss: 0.0035 - acc: 1.0000
1459/1459 [==============================] - 0s 119us/step - loss: 0.0034 - acc: 1.0000 - val_loss: 0.0759 - val_acc: 0.9816
Epoch 17/30

  20/1459 [..............................] - ETA: 0s - loss: 0.0035 - acc: 1.0000
 460/1459 [========>.....................] - ETA: 0s - loss: 0.0029 - acc: 1.0000
 900/1459 [=================>............] - ETA: 0s - loss: 0.0028 - acc: 1.0000
1340/1459 [==========================>...] - ETA: 0s - loss: 0.0030 - acc: 1.0000
1459/1459 [==============================] - 0s 120us/step - loss: 0.0029 - acc: 1.0000 - val_loss: 0.0768 - val_acc: 0.9816
Epoch 18/30

  20/1459 [..............................] - ETA: 0s - loss: 0.0032 - acc: 1.0000
 460/1459 [========>.....................] - ETA: 0s - loss: 0.0021 - acc: 1.0000
 920/1459 [=================>............] - ETA: 0s - loss: 0.0022 - acc: 1.0000
1380/1459 [===========================>..] - ETA: 0s - loss: 0.0028 - acc: 1.0000
1459/1459 [==============================] - 0s 117us/step - loss: 0.0027 - acc: 1.0000 - val_loss: 0.0774 - val_acc: 0.9816
Epoch 19/30

  20/1459 [..............................] - ETA: 0s - loss: 0.0011 - acc: 1.0000
 500/1459 [=========>....................] - ETA: 0s - loss: 0.0022 - acc: 1.0000
 960/1459 [==================>...........] - ETA: 0s - loss: 0.0020 - acc: 1.0000
1440/1459 [============================>.] - ETA: 0s - loss: 0.0023 - acc: 1.0000
1459/1459 [==============================] - 0s 112us/step - loss: 0.0023 - acc: 1.0000 - val_loss: 0.0786 - val_acc: 0.9816
Epoch 20/30

  20/1459 [..............................] - ETA: 0s - loss: 0.0016 - acc: 1.0000
 480/1459 [========>.....................] - ETA: 0s - loss: 0.0023 - acc: 1.0000
 920/1459 [=================>............] - ETA: 0s - loss: 0.0022 - acc: 1.0000
1340/1459 [==========================>...] - ETA: 0s - loss: 0.0021 - acc: 1.0000
1459/1459 [==============================] - 0s 119us/step - loss: 0.0021 - acc: 1.0000 - val_loss: 0.0793 - val_acc: 0.9816
Epoch 21/30

  20/1459 [..............................] - ETA: 0s - loss: 0.0032 - acc: 1.0000
 460/1459 [========>.....................] - ETA: 0s - loss: 0.0020 - acc: 1.0000
 880/1459 [=================>............] - ETA: 0s - loss: 0.0020 - acc: 1.0000
1320/1459 [==========================>...] - ETA: 0s - loss: 0.0019 - acc: 1.0000
1459/1459 [==============================] - 0s 120us/step - loss: 0.0019 - acc: 1.0000 - val_loss: 0.0808 - val_acc: 0.9816
acc: 98.16%
Train on 1460 samples, validate on 162 samples
Epoch 1/30

  20/1460 [..............................] - ETA: 51s - loss: 0.6954 - acc: 0.6000
 520/1460 [=========>....................] - ETA: 1s - loss: 0.6227 - acc: 0.7019 
 980/1460 [===================>..........] - ETA: 0s - loss: 0.5442 - acc: 0.8071
1460/1460 [==============================] - 1s 656us/step - loss: 0.4560 - acc: 0.8616 - val_loss: 0.2086 - val_acc: 0.9691
Epoch 2/30

  20/1460 [..............................] - ETA: 0s - loss: 0.1831 - acc: 1.0000
 500/1460 [=========>....................] - ETA: 0s - loss: 0.1625 - acc: 0.9800
 960/1460 [==================>...........] - ETA: 0s - loss: 0.1497 - acc: 0.9740
1440/1460 [============================>.] - ETA: 0s - loss: 0.1333 - acc: 0.9722
1460/1460 [==============================] - 0s 110us/step - loss: 0.1321 - acc: 0.9726 - val_loss: 0.0930 - val_acc: 0.9691
Epoch 3/30

  20/1460 [..............................] - ETA: 0s - loss: 0.1245 - acc: 0.9500
 520/1460 [=========>....................] - ETA: 0s - loss: 0.0876 - acc: 0.9769
1040/1460 [====================>.........] - ETA: 0s - loss: 0.0789 - acc: 0.9798
1460/1460 [==============================] - 0s 104us/step - loss: 0.0721 - acc: 0.9829 - val_loss: 0.0715 - val_acc: 0.9691
Epoch 4/30

  20/1460 [..............................] - ETA: 0s - loss: 0.0404 - acc: 1.0000
 520/1460 [=========>....................] - ETA: 0s - loss: 0.0502 - acc: 0.9904
1020/1460 [===================>..........] - ETA: 0s - loss: 0.0524 - acc: 0.9873
1460/1460 [==============================] - 0s 105us/step - loss: 0.0499 - acc: 0.9877 - val_loss: 0.0630 - val_acc: 0.9753
Epoch 5/30

  20/1460 [..............................] - ETA: 0s - loss: 0.0226 - acc: 1.0000
 500/1460 [=========>....................] - ETA: 0s - loss: 0.0439 - acc: 0.9920
1000/1460 [===================>..........] - ETA: 0s - loss: 0.0383 - acc: 0.9940
1460/1460 [==============================] - 0s 108us/step - loss: 0.0359 - acc: 0.9945 - val_loss: 0.0556 - val_acc: 0.9753
Epoch 6/30

  20/1460 [..............................] - ETA: 0s - loss: 0.0157 - acc: 1.0000
 500/1460 [=========>....................] - ETA: 0s - loss: 0.0255 - acc: 0.9980
 980/1460 [===================>..........] - ETA: 0s - loss: 0.0257 - acc: 0.9969
1460/1460 [==============================] - 0s 111us/step - loss: 0.0280 - acc: 0.9959 - val_loss: 0.0514 - val_acc: 0.9753
Epoch 7/30

  20/1460 [..............................] - ETA: 0s - loss: 0.0155 - acc: 1.0000
 500/1460 [=========>....................] - ETA: 0s - loss: 0.0200 - acc: 1.0000
 980/1460 [===================>..........] - ETA: 0s - loss: 0.0211 - acc: 0.9990
1460/1460 [==============================] - 0s 108us/step - loss: 0.0210 - acc: 0.9986 - val_loss: 0.0494 - val_acc: 0.9753
Epoch 8/30

  20/1460 [..............................] - ETA: 0s - loss: 0.0075 - acc: 1.0000
 520/1460 [=========>....................] - ETA: 0s - loss: 0.0173 - acc: 0.9981
1020/1460 [===================>..........] - ETA: 0s - loss: 0.0160 - acc: 0.9980
1460/1460 [==============================] - 0s 104us/step - loss: 0.0169 - acc: 0.9979 - val_loss: 0.0462 - val_acc: 0.9753
Epoch 9/30

  20/1460 [..............................] - ETA: 0s - loss: 0.0101 - acc: 1.0000
 520/1460 [=========>....................] - ETA: 0s - loss: 0.0101 - acc: 1.0000
1000/1460 [===================>..........] - ETA: 0s - loss: 0.0123 - acc: 0.9990
1460/1460 [==============================] - 0s 107us/step - loss: 0.0133 - acc: 0.9979 - val_loss: 0.0464 - val_acc: 0.9753
Epoch 10/30

  20/1460 [..............................] - ETA: 0s - loss: 0.0090 - acc: 1.0000
 500/1460 [=========>....................] - ETA: 0s - loss: 0.0133 - acc: 0.9980
 980/1460 [===================>..........] - ETA: 0s - loss: 0.0114 - acc: 0.9990
1460/1460 [==============================] - 0s 111us/step - loss: 0.0104 - acc: 0.9993 - val_loss: 0.0429 - val_acc: 0.9753
Epoch 11/30

  20/1460 [..............................] - ETA: 0s - loss: 0.0039 - acc: 1.0000
 480/1460 [========>.....................] - ETA: 0s - loss: 0.0076 - acc: 1.0000
 960/1460 [==================>...........] - ETA: 0s - loss: 0.0087 - acc: 0.9990
1420/1460 [============================>.] - ETA: 0s - loss: 0.0093 - acc: 0.9986
1460/1460 [==============================] - 0s 114us/step - loss: 0.0091 - acc: 0.9986 - val_loss: 0.0437 - val_acc: 0.9877
Epoch 12/30

  20/1460 [..............................] - ETA: 0s - loss: 0.0060 - acc: 1.0000
 500/1460 [=========>....................] - ETA: 0s - loss: 0.0069 - acc: 1.0000
1000/1460 [===================>..........] - ETA: 0s - loss: 0.0072 - acc: 0.9990
1460/1460 [==============================] - 0s 108us/step - loss: 0.0076 - acc: 0.9986 - val_loss: 0.0427 - val_acc: 0.9815
Epoch 13/30

  20/1460 [..............................] - ETA: 0s - loss: 0.0087 - acc: 1.0000
 500/1460 [=========>....................] - ETA: 0s - loss: 0.0072 - acc: 1.0000
 960/1460 [==================>...........] - ETA: 0s - loss: 0.0064 - acc: 1.0000
1380/1460 [===========================>..] - ETA: 0s - loss: 0.0059 - acc: 1.0000
1460/1460 [==============================] - 0s 117us/step - loss: 0.0059 - acc: 1.0000 - val_loss: 0.0402 - val_acc: 0.9753
Epoch 14/30

  20/1460 [..............................] - ETA: 0s - loss: 0.0045 - acc: 1.0000
 460/1460 [========>.....................] - ETA: 0s - loss: 0.0040 - acc: 1.0000
 900/1460 [=================>............] - ETA: 0s - loss: 0.0047 - acc: 0.9989
1320/1460 [==========================>...] - ETA: 0s - loss: 0.0052 - acc: 0.9985
1460/1460 [==============================] - 0s 124us/step - loss: 0.0054 - acc: 0.9986 - val_loss: 0.0413 - val_acc: 0.9877
Epoch 15/30

  20/1460 [..............................] - ETA: 0s - loss: 0.0065 - acc: 1.0000
 460/1460 [========>.....................] - ETA: 0s - loss: 0.0047 - acc: 1.0000
 880/1460 [=================>............] - ETA: 0s - loss: 0.0048 - acc: 1.0000
1300/1460 [=========================>....] - ETA: 0s - loss: 0.0047 - acc: 1.0000
1460/1460 [==============================] - 0s 121us/step - loss: 0.0045 - acc: 1.0000 - val_loss: 0.0395 - val_acc: 0.9877
Epoch 16/30

  20/1460 [..............................] - ETA: 0s - loss: 0.0017 - acc: 1.0000
 480/1460 [========>.....................] - ETA: 0s - loss: 0.0036 - acc: 1.0000
 960/1460 [==================>...........] - ETA: 0s - loss: 0.0043 - acc: 1.0000
1460/1460 [==============================] - 0s 110us/step - loss: 0.0039 - acc: 1.0000 - val_loss: 0.0397 - val_acc: 0.9877
Epoch 17/30

  20/1460 [..............................] - ETA: 0s - loss: 0.0112 - acc: 1.0000
 500/1460 [=========>....................] - ETA: 0s - loss: 0.0037 - acc: 1.0000
1000/1460 [===================>..........] - ETA: 0s - loss: 0.0035 - acc: 1.0000
1460/1460 [==============================] - 0s 108us/step - loss: 0.0033 - acc: 1.0000 - val_loss: 0.0386 - val_acc: 0.9815
Epoch 18/30

  20/1460 [..............................] - ETA: 0s - loss: 0.0026 - acc: 1.0000
 500/1460 [=========>....................] - ETA: 0s - loss: 0.0032 - acc: 1.0000
 940/1460 [==================>...........] - ETA: 0s - loss: 0.0029 - acc: 1.0000
1420/1460 [============================>.] - ETA: 0s - loss: 0.0030 - acc: 1.0000
1460/1460 [==============================] - 0s 113us/step - loss: 0.0030 - acc: 1.0000 - val_loss: 0.0376 - val_acc: 0.9877
Epoch 19/30

  20/1460 [..............................] - ETA: 0s - loss: 0.0030 - acc: 1.0000
 460/1460 [========>.....................] - ETA: 0s - loss: 0.0032 - acc: 1.0000
 940/1460 [==================>...........] - ETA: 0s - loss: 0.0026 - acc: 1.0000
1360/1460 [==========================>...] - ETA: 0s - loss: 0.0027 - acc: 1.0000
1460/1460 [==============================] - 0s 116us/step - loss: 0.0026 - acc: 1.0000 - val_loss: 0.0371 - val_acc: 0.9877
Epoch 20/30

  20/1460 [..............................] - ETA: 0s - loss: 0.0016 - acc: 1.0000
 480/1460 [========>.....................] - ETA: 0s - loss: 0.0023 - acc: 1.0000
 960/1460 [==================>...........] - ETA: 0s - loss: 0.0022 - acc: 1.0000
1440/1460 [============================>.] - ETA: 0s - loss: 0.0024 - acc: 1.0000
1460/1460 [==============================] - 0s 111us/step - loss: 0.0024 - acc: 1.0000 - val_loss: 0.0374 - val_acc: 0.9877
Epoch 21/30

  20/1460 [..............................] - ETA: 0s - loss: 8.1683e-04 - acc: 1.0000
 520/1460 [=========>....................] - ETA: 0s - loss: 0.0022 - acc: 1.0000    
1000/1460 [===================>..........] - ETA: 0s - loss: 0.0022 - acc: 1.0000
1460/1460 [==============================] - 0s 108us/step - loss: 0.0021 - acc: 1.0000 - val_loss: 0.0361 - val_acc: 0.9877
Epoch 22/30

  20/1460 [..............................] - ETA: 0s - loss: 0.0017 - acc: 1.0000
 460/1460 [========>.....................] - ETA: 0s - loss: 0.0026 - acc: 1.0000
 900/1460 [=================>............] - ETA: 0s - loss: 0.0022 - acc: 1.0000
1320/1460 [==========================>...] - ETA: 0s - loss: 0.0019 - acc: 1.0000
1460/1460 [==============================] - 0s 121us/step - loss: 0.0019 - acc: 1.0000 - val_loss: 0.0353 - val_acc: 0.9877
Epoch 23/30

  20/1460 [..............................] - ETA: 0s - loss: 0.0012 - acc: 1.0000
 460/1460 [========>.....................] - ETA: 0s - loss: 0.0018 - acc: 1.0000
 940/1460 [==================>...........] - ETA: 0s - loss: 0.0017 - acc: 1.0000
1420/1460 [============================>.] - ETA: 0s - loss: 0.0017 - acc: 1.0000
1460/1460 [==============================] - 0s 115us/step - loss: 0.0017 - acc: 1.0000 - val_loss: 0.0355 - val_acc: 0.9877
Epoch 24/30

  20/1460 [..............................] - ETA: 0s - loss: 0.0029 - acc: 1.0000
 500/1460 [=========>....................] - ETA: 0s - loss: 0.0015 - acc: 1.0000
 960/1460 [==================>...........] - ETA: 0s - loss: 0.0015 - acc: 1.0000
1440/1460 [============================>.] - ETA: 0s - loss: 0.0016 - acc: 1.0000
1460/1460 [==============================] - 0s 111us/step - loss: 0.0016 - acc: 1.0000 - val_loss: 0.0351 - val_acc: 0.9877
Epoch 25/30

  20/1460 [..............................] - ETA: 0s - loss: 0.0016 - acc: 1.0000
 500/1460 [=========>....................] - ETA: 0s - loss: 0.0013 - acc: 1.0000
 980/1460 [===================>..........] - ETA: 0s - loss: 0.0013 - acc: 1.0000
1460/1460 [==============================] - 0s 109us/step - loss: 0.0014 - acc: 1.0000 - val_loss: 0.0346 - val_acc: 0.9877
Epoch 26/30

  20/1460 [..............................] - ETA: 0s - loss: 7.4005e-04 - acc: 1.0000
 500/1460 [=========>....................] - ETA: 0s - loss: 9.7932e-04 - acc: 1.0000
 980/1460 [===================>..........] - ETA: 0s - loss: 0.0012 - acc: 1.0000    
1460/1460 [==============================] - 0s 110us/step - loss: 0.0013 - acc: 1.0000 - val_loss: 0.0343 - val_acc: 0.9877
Epoch 27/30

  20/1460 [..............................] - ETA: 0s - loss: 5.3593e-04 - acc: 1.0000
 500/1460 [=========>....................] - ETA: 0s - loss: 0.0011 - acc: 1.0000    
 960/1460 [==================>...........] - ETA: 0s - loss: 0.0011 - acc: 1.0000
1400/1460 [===========================>..] - ETA: 0s - loss: 0.0012 - acc: 1.0000
1460/1460 [==============================] - 0s 113us/step - loss: 0.0012 - acc: 1.0000 - val_loss: 0.0341 - val_acc: 0.9877
acc: 98.77%
Train on 1460 samples, validate on 162 samples
Epoch 1/30

  20/1460 [..............................] - ETA: 56s - loss: 0.7091 - acc: 0.4000
 500/1460 [=========>....................] - ETA: 1s - loss: 0.6385 - acc: 0.6760 
 960/1460 [==================>...........] - ETA: 0s - loss: 0.5667 - acc: 0.7792
1440/1460 [============================>.] - ETA: 0s - loss: 0.4846 - acc: 0.8389
1460/1460 [==============================] - 1s 714us/step - loss: 0.4813 - acc: 0.8411 - val_loss: 0.2449 - val_acc: 0.9753
Epoch 2/30

  20/1460 [..............................] - ETA: 0s - loss: 0.2512 - acc: 0.9500
 420/1460 [=======>......................] - ETA: 0s - loss: 0.1926 - acc: 0.9738
 880/1460 [=================>............] - ETA: 0s - loss: 0.1693 - acc: 0.9761
1340/1460 [==========================>...] - ETA: 0s - loss: 0.1488 - acc: 0.9776
1460/1460 [==============================] - 0s 121us/step - loss: 0.1463 - acc: 0.9767 - val_loss: 0.0980 - val_acc: 0.9877
Epoch 3/30

  20/1460 [..............................] - ETA: 0s - loss: 0.1252 - acc: 0.9500
 480/1460 [========>.....................] - ETA: 0s - loss: 0.0916 - acc: 0.9771
 960/1460 [==================>...........] - ETA: 0s - loss: 0.0848 - acc: 0.9792
1440/1460 [============================>.] - ETA: 0s - loss: 0.0781 - acc: 0.9799
1460/1460 [==============================] - 0s 112us/step - loss: 0.0783 - acc: 0.9795 - val_loss: 0.0710 - val_acc: 0.9815
Epoch 4/30

  20/1460 [..............................] - ETA: 0s - loss: 0.0417 - acc: 1.0000
 500/1460 [=========>....................] - ETA: 0s - loss: 0.0627 - acc: 0.9820
 960/1460 [==================>...........] - ETA: 0s - loss: 0.0564 - acc: 0.9875
1420/1460 [============================>.] - ETA: 0s - loss: 0.0522 - acc: 0.9894
1460/1460 [==============================] - 0s 113us/step - loss: 0.0540 - acc: 0.9884 - val_loss: 0.0639 - val_acc: 0.9815
Epoch 5/30

  20/1460 [..............................] - ETA: 0s - loss: 0.0219 - acc: 1.0000
 440/1460 [========>.....................] - ETA: 0s - loss: 0.0373 - acc: 0.9932
 780/1460 [===============>..............] - ETA: 0s - loss: 0.0390 - acc: 0.9923
1200/1460 [=======================>......] - ETA: 0s - loss: 0.0421 - acc: 0.9917
1460/1460 [==============================] - 0s 135us/step - loss: 0.0395 - acc: 0.9925 - val_loss: 0.0617 - val_acc: 0.9815
Epoch 6/30

  20/1460 [..............................] - ETA: 0s - loss: 0.0288 - acc: 1.0000
 460/1460 [========>.....................] - ETA: 0s - loss: 0.0246 - acc: 1.0000
 920/1460 [=================>............] - ETA: 0s - loss: 0.0244 - acc: 0.9989
1380/1460 [===========================>..] - ETA: 0s - loss: 0.0284 - acc: 0.9971
1460/1460 [==============================] - 0s 116us/step - loss: 0.0298 - acc: 0.9966 - val_loss: 0.0603 - val_acc: 0.9753
Epoch 7/30

  20/1460 [..............................] - ETA: 0s - loss: 0.0200 - acc: 1.0000
 520/1460 [=========>....................] - ETA: 0s - loss: 0.0151 - acc: 0.9981
1020/1460 [===================>..........] - ETA: 0s - loss: 0.0233 - acc: 0.9961
1460/1460 [==============================] - 0s 107us/step - loss: 0.0223 - acc: 0.9973 - val_loss: 0.0531 - val_acc: 0.9815
Epoch 8/30

  20/1460 [..............................] - ETA: 0s - loss: 0.0105 - acc: 1.0000
 400/1460 [=======>......................] - ETA: 0s - loss: 0.0126 - acc: 1.0000
 880/1460 [=================>............] - ETA: 0s - loss: 0.0175 - acc: 0.9977
1340/1460 [==========================>...] - ETA: 0s - loss: 0.0171 - acc: 0.9978
1460/1460 [==============================] - 0s 120us/step - loss: 0.0180 - acc: 0.9973 - val_loss: 0.0547 - val_acc: 0.9753
Epoch 9/30

  20/1460 [..............................] - ETA: 0s - loss: 0.0149 - acc: 1.0000
 440/1460 [========>.....................] - ETA: 0s - loss: 0.0142 - acc: 0.9977
 880/1460 [=================>............] - ETA: 0s - loss: 0.0134 - acc: 0.9989
1320/1460 [==========================>...] - ETA: 0s - loss: 0.0142 - acc: 0.9985
1460/1460 [==============================] - 0s 122us/step - loss: 0.0139 - acc: 0.9986 - val_loss: 0.0527 - val_acc: 0.9753
Epoch 10/30

  20/1460 [..............................] - ETA: 0s - loss: 0.0154 - acc: 1.0000
 440/1460 [========>.....................] - ETA: 0s - loss: 0.0126 - acc: 0.9977
 880/1460 [=================>............] - ETA: 0s - loss: 0.0108 - acc: 0.9989
1320/1460 [==========================>...] - ETA: 0s - loss: 0.0121 - acc: 0.9985
1460/1460 [==============================] - 0s 124us/step - loss: 0.0114 - acc: 0.9986 - val_loss: 0.0523 - val_acc: 0.9753
Epoch 11/30

  20/1460 [..............................] - ETA: 0s - loss: 0.0041 - acc: 1.0000
 340/1460 [=====>........................] - ETA: 0s - loss: 0.0062 - acc: 1.0000
 720/1460 [=============>................] - ETA: 0s - loss: 0.0073 - acc: 1.0000
1180/1460 [=======================>......] - ETA: 0s - loss: 0.0083 - acc: 0.9992
1460/1460 [==============================] - 0s 132us/step - loss: 0.0092 - acc: 0.9986 - val_loss: 0.0544 - val_acc: 0.9753
Epoch 12/30

  20/1460 [..............................] - ETA: 0s - loss: 0.0026 - acc: 1.0000
 380/1460 [======>.......................] - ETA: 0s - loss: 0.0085 - acc: 1.0000
 800/1460 [===============>..............] - ETA: 0s - loss: 0.0083 - acc: 1.0000
1260/1460 [========================>.....] - ETA: 0s - loss: 0.0074 - acc: 1.0000
1460/1460 [==============================] - 0s 127us/step - loss: 0.0076 - acc: 1.0000 - val_loss: 0.0533 - val_acc: 0.9753
Epoch 13/30

  20/1460 [..............................] - ETA: 0s - loss: 0.0018 - acc: 1.0000
 460/1460 [========>.....................] - ETA: 0s - loss: 0.0059 - acc: 1.0000
 840/1460 [================>.............] - ETA: 0s - loss: 0.0071 - acc: 0.9988
1300/1460 [=========================>....] - ETA: 0s - loss: 0.0068 - acc: 0.9992
1460/1460 [==============================] - 0s 123us/step - loss: 0.0066 - acc: 0.9993 - val_loss: 0.0529 - val_acc: 0.9753
Epoch 14/30

  20/1460 [..............................] - ETA: 0s - loss: 0.0026 - acc: 1.0000
 460/1460 [========>.....................] - ETA: 0s - loss: 0.0058 - acc: 1.0000
 900/1460 [=================>............] - ETA: 0s - loss: 0.0051 - acc: 1.0000
1280/1460 [=========================>....] - ETA: 0s - loss: 0.0052 - acc: 1.0000
1460/1460 [==============================] - 0s 127us/step - loss: 0.0055 - acc: 1.0000 - val_loss: 0.0525 - val_acc: 0.9753
Epoch 15/30

  20/1460 [..............................] - ETA: 0s - loss: 0.0095 - acc: 1.0000
 500/1460 [=========>....................] - ETA: 0s - loss: 0.0057 - acc: 1.0000
 980/1460 [===================>..........] - ETA: 0s - loss: 0.0049 - acc: 1.0000
1440/1460 [============================>.] - ETA: 0s - loss: 0.0046 - acc: 1.0000
1460/1460 [==============================] - 0s 111us/step - loss: 0.0046 - acc: 1.0000 - val_loss: 0.0502 - val_acc: 0.9753
Epoch 16/30

  20/1460 [..............................] - ETA: 0s - loss: 0.0029 - acc: 1.0000
 300/1460 [=====>........................] - ETA: 0s - loss: 0.0032 - acc: 1.0000
 680/1460 [============>.................] - ETA: 0s - loss: 0.0037 - acc: 1.0000
1060/1460 [====================>.........] - ETA: 0s - loss: 0.0038 - acc: 1.0000
1440/1460 [============================>.] - ETA: 0s - loss: 0.0041 - acc: 1.0000
1460/1460 [==============================] - 0s 155us/step - loss: 0.0041 - acc: 1.0000 - val_loss: 0.0529 - val_acc: 0.9753
Epoch 17/30

  20/1460 [..............................] - ETA: 0s - loss: 0.0017 - acc: 1.0000
 460/1460 [========>.....................] - ETA: 0s - loss: 0.0035 - acc: 1.0000
 880/1460 [=================>............] - ETA: 0s - loss: 0.0033 - acc: 1.0000
1320/1460 [==========================>...] - ETA: 0s - loss: 0.0032 - acc: 1.0000
1460/1460 [==============================] - 0s 123us/step - loss: 0.0036 - acc: 1.0000 - val_loss: 0.0513 - val_acc: 0.9753
Epoch 18/30

  20/1460 [..............................] - ETA: 0s - loss: 0.0012 - acc: 1.0000
 400/1460 [=======>......................] - ETA: 0s - loss: 0.0027 - acc: 1.0000
 860/1460 [================>.............] - ETA: 0s - loss: 0.0036 - acc: 1.0000
1300/1460 [=========================>....] - ETA: 0s - loss: 0.0032 - acc: 1.0000
1460/1460 [==============================] - 0s 127us/step - loss: 0.0031 - acc: 1.0000 - val_loss: 0.0512 - val_acc: 0.9753
acc: 98.77%
Train on 1460 samples, validate on 162 samples
Epoch 1/30

  20/1460 [..............................] - ETA: 1:08 - loss: 0.6472 - acc: 0.7000
 520/1460 [=========>....................] - ETA: 1s - loss: 0.6054 - acc: 0.7346  
1000/1460 [===================>..........] - ETA: 0s - loss: 0.5289 - acc: 0.8140
1440/1460 [============================>.] - ETA: 0s - loss: 0.4560 - acc: 0.8597
1460/1460 [==============================] - 1s 831us/step - loss: 0.4537 - acc: 0.8610 - val_loss: 0.2150 - val_acc: 0.9691
Epoch 2/30

  20/1460 [..............................] - ETA: 0s - loss: 0.2019 - acc: 0.9500
 460/1460 [========>.....................] - ETA: 0s - loss: 0.1637 - acc: 0.9804
 900/1460 [=================>............] - ETA: 0s - loss: 0.1592 - acc: 0.9711
1340/1460 [==========================>...] - ETA: 0s - loss: 0.1443 - acc: 0.9724
1460/1460 [==============================] - 0s 118us/step - loss: 0.1387 - acc: 0.9726 - val_loss: 0.0837 - val_acc: 0.9877
Epoch 3/30

  20/1460 [..............................] - ETA: 0s - loss: 0.1394 - acc: 0.9500
 500/1460 [=========>....................] - ETA: 0s - loss: 0.0980 - acc: 0.9680
 840/1460 [================>.............] - ETA: 0s - loss: 0.0843 - acc: 0.9750
1260/1460 [========================>.....] - ETA: 0s - loss: 0.0750 - acc: 0.9786
1460/1460 [==============================] - 0s 131us/step - loss: 0.0747 - acc: 0.9801 - val_loss: 0.0585 - val_acc: 0.9877
Epoch 4/30

  20/1460 [..............................] - ETA: 0s - loss: 0.0765 - acc: 0.9500
 500/1460 [=========>....................] - ETA: 0s - loss: 0.0420 - acc: 0.9940
 980/1460 [===================>..........] - ETA: 0s - loss: 0.0499 - acc: 0.9867
1460/1460 [==============================] - 0s 109us/step - loss: 0.0511 - acc: 0.9863 - val_loss: 0.0557 - val_acc: 0.9815
Epoch 5/30

  20/1460 [..............................] - ETA: 0s - loss: 0.0731 - acc: 0.9500
 460/1460 [========>.....................] - ETA: 0s - loss: 0.0380 - acc: 0.9913
 840/1460 [================>.............] - ETA: 0s - loss: 0.0353 - acc: 0.9929
1220/1460 [========================>.....] - ETA: 0s - loss: 0.0350 - acc: 0.9934
1460/1460 [==============================] - 0s 131us/step - loss: 0.0378 - acc: 0.9925 - val_loss: 0.0472 - val_acc: 0.9815
Epoch 6/30

  20/1460 [..............................] - ETA: 0s - loss: 0.0146 - acc: 1.0000
 480/1460 [========>.....................] - ETA: 0s - loss: 0.0237 - acc: 1.0000
 920/1460 [=================>............] - ETA: 0s - loss: 0.0242 - acc: 0.9989
1340/1460 [==========================>...] - ETA: 0s - loss: 0.0278 - acc: 0.9963
1460/1460 [==============================] - 0s 119us/step - loss: 0.0279 - acc: 0.9959 - val_loss: 0.0488 - val_acc: 0.9753
Epoch 7/30

  20/1460 [..............................] - ETA: 0s - loss: 0.0221 - acc: 1.0000
 460/1460 [========>.....................] - ETA: 0s - loss: 0.0230 - acc: 0.9978
 940/1460 [==================>...........] - ETA: 0s - loss: 0.0191 - acc: 0.9989
1400/1460 [===========================>..] - ETA: 0s - loss: 0.0209 - acc: 0.9986
1460/1460 [==============================] - 0s 114us/step - loss: 0.0208 - acc: 0.9986 - val_loss: 0.0423 - val_acc: 0.9815
Epoch 8/30

  20/1460 [..............................] - ETA: 0s - loss: 0.0062 - acc: 1.0000
 480/1460 [========>.....................] - ETA: 0s - loss: 0.0131 - acc: 0.9979
 940/1460 [==================>...........] - ETA: 0s - loss: 0.0134 - acc: 0.9989
1420/1460 [============================>.] - ETA: 0s - loss: 0.0162 - acc: 0.9979
1460/1460 [==============================] - 0s 113us/step - loss: 0.0165 - acc: 0.9979 - val_loss: 0.0419 - val_acc: 0.9753
Epoch 9/30

  20/1460 [..............................] - ETA: 0s - loss: 0.0131 - acc: 1.0000
 500/1460 [=========>....................] - ETA: 0s - loss: 0.0113 - acc: 1.0000
 960/1460 [==================>...........] - ETA: 0s - loss: 0.0122 - acc: 0.9990
1280/1460 [=========================>....] - ETA: 0s - loss: 0.0134 - acc: 0.9984
1460/1460 [==============================] - 0s 123us/step - loss: 0.0133 - acc: 0.9986 - val_loss: 0.0408 - val_acc: 0.9753
Epoch 10/30

  20/1460 [..............................] - ETA: 0s - loss: 0.0032 - acc: 1.0000
 460/1460 [========>.....................] - ETA: 0s - loss: 0.0129 - acc: 0.9957
 920/1460 [=================>............] - ETA: 0s - loss: 0.0110 - acc: 0.9978
1380/1460 [===========================>..] - ETA: 0s - loss: 0.0106 - acc: 0.9986
1460/1460 [==============================] - 0s 116us/step - loss: 0.0103 - acc: 0.9986 - val_loss: 0.0399 - val_acc: 0.9815
Epoch 11/30

  20/1460 [..............................] - ETA: 0s - loss: 0.0044 - acc: 1.0000
 440/1460 [========>.....................] - ETA: 0s - loss: 0.0093 - acc: 0.9977
 880/1460 [=================>............] - ETA: 0s - loss: 0.0084 - acc: 0.9989
1340/1460 [==========================>...] - ETA: 0s - loss: 0.0092 - acc: 0.9985
1460/1460 [==============================] - 0s 119us/step - loss: 0.0089 - acc: 0.9986 - val_loss: 0.0420 - val_acc: 0.9815
Epoch 12/30

  20/1460 [..............................] - ETA: 0s - loss: 0.0034 - acc: 1.0000
 500/1460 [=========>....................] - ETA: 0s - loss: 0.0061 - acc: 1.0000
 960/1460 [==================>...........] - ETA: 0s - loss: 0.0070 - acc: 0.9990
1440/1460 [============================>.] - ETA: 0s - loss: 0.0074 - acc: 0.9993
1460/1460 [==============================] - 0s 111us/step - loss: 0.0073 - acc: 0.9993 - val_loss: 0.0409 - val_acc: 0.9753
Epoch 13/30

  20/1460 [..............................] - ETA: 0s - loss: 0.0041 - acc: 1.0000
 500/1460 [=========>....................] - ETA: 0s - loss: 0.0056 - acc: 1.0000
 980/1460 [===================>..........] - ETA: 0s - loss: 0.0065 - acc: 1.0000
1440/1460 [============================>.] - ETA: 0s - loss: 0.0061 - acc: 1.0000
1460/1460 [==============================] - 0s 112us/step - loss: 0.0061 - acc: 1.0000 - val_loss: 0.0415 - val_acc: 0.9753
Epoch 14/30

  20/1460 [..............................] - ETA: 0s - loss: 0.0040 - acc: 1.0000
 400/1460 [=======>......................] - ETA: 0s - loss: 0.0058 - acc: 1.0000
 860/1460 [================>.............] - ETA: 0s - loss: 0.0051 - acc: 1.0000
1300/1460 [=========================>....] - ETA: 0s - loss: 0.0051 - acc: 1.0000
1460/1460 [==============================] - 0s 122us/step - loss: 0.0051 - acc: 1.0000 - val_loss: 0.0373 - val_acc: 0.9815
Epoch 15/30

  20/1460 [..............................] - ETA: 0s - loss: 0.0055 - acc: 1.0000
 480/1460 [========>.....................] - ETA: 0s - loss: 0.0043 - acc: 1.0000
 880/1460 [=================>............] - ETA: 0s - loss: 0.0044 - acc: 1.0000
1340/1460 [==========================>...] - ETA: 0s - loss: 0.0041 - acc: 1.0000
1460/1460 [==============================] - 0s 119us/step - loss: 0.0045 - acc: 1.0000 - val_loss: 0.0390 - val_acc: 0.9815
Epoch 16/30

  20/1460 [..............................] - ETA: 0s - loss: 0.0044 - acc: 1.0000
 500/1460 [=========>....................] - ETA: 0s - loss: 0.0038 - acc: 1.0000
 980/1460 [===================>..........] - ETA: 0s - loss: 0.0036 - acc: 1.0000
1440/1460 [============================>.] - ETA: 0s - loss: 0.0038 - acc: 1.0000
1460/1460 [==============================] - 0s 113us/step - loss: 0.0038 - acc: 1.0000 - val_loss: 0.0415 - val_acc: 0.9753
Epoch 17/30

  20/1460 [..............................] - ETA: 0s - loss: 0.0044 - acc: 1.0000
 460/1460 [========>.....................] - ETA: 0s - loss: 0.0032 - acc: 1.0000
 940/1460 [==================>...........] - ETA: 0s - loss: 0.0035 - acc: 1.0000
1420/1460 [============================>.] - ETA: 0s - loss: 0.0033 - acc: 1.0000
1460/1460 [==============================] - 0s 114us/step - loss: 0.0034 - acc: 1.0000 - val_loss: 0.0424 - val_acc: 0.9753
Epoch 18/30

  20/1460 [..............................] - ETA: 0s - loss: 0.0044 - acc: 1.0000
 460/1460 [========>.....................] - ETA: 0s - loss: 0.0033 - acc: 1.0000
 860/1460 [================>.............] - ETA: 0s - loss: 0.0030 - acc: 1.0000
1320/1460 [==========================>...] - ETA: 0s - loss: 0.0029 - acc: 1.0000
1460/1460 [==============================] - 0s 119us/step - loss: 0.0029 - acc: 1.0000 - val_loss: 0.0401 - val_acc: 0.9815
acc: 98.77%
Train on 1460 samples, validate on 162 samples
Epoch 1/30

  20/1460 [..............................] - ETA: 1:18 - loss: 0.6639 - acc: 0.6500
 420/1460 [=======>......................] - ETA: 2s - loss: 0.6466 - acc: 0.6357  
 880/1460 [=================>............] - ETA: 0s - loss: 0.5791 - acc: 0.7761
1360/1460 [==========================>...] - ETA: 0s - loss: 0.4960 - acc: 0.8426
1460/1460 [==============================] - 1s 940us/step - loss: 0.4805 - acc: 0.8500 - val_loss: 0.2285 - val_acc: 0.9753
Epoch 2/30

  20/1460 [..............................] - ETA: 0s - loss: 0.2144 - acc: 1.0000
 500/1460 [=========>....................] - ETA: 0s - loss: 0.1856 - acc: 0.9760
 940/1460 [==================>...........] - ETA: 0s - loss: 0.1680 - acc: 0.9702
1400/1460 [===========================>..] - ETA: 0s - loss: 0.1450 - acc: 0.9729
1460/1460 [==============================] - 0s 118us/step - loss: 0.1431 - acc: 0.9726 - val_loss: 0.1007 - val_acc: 0.9815
Epoch 3/30

  20/1460 [..............................] - ETA: 0s - loss: 0.1087 - acc: 1.0000
 460/1460 [========>.....................] - ETA: 0s - loss: 0.0869 - acc: 0.9848
 940/1460 [==================>...........] - ETA: 0s - loss: 0.0816 - acc: 0.9798
1420/1460 [============================>.] - ETA: 0s - loss: 0.0759 - acc: 0.9817
1460/1460 [==============================] - 0s 112us/step - loss: 0.0753 - acc: 0.9822 - val_loss: 0.0804 - val_acc: 0.9815
Epoch 4/30

  20/1460 [..............................] - ETA: 0s - loss: 0.1084 - acc: 0.9500
 480/1460 [========>.....................] - ETA: 0s - loss: 0.0562 - acc: 0.9896
 940/1460 [==================>...........] - ETA: 0s - loss: 0.0506 - acc: 0.9894
1400/1460 [===========================>..] - ETA: 0s - loss: 0.0497 - acc: 0.9893
1460/1460 [==============================] - 0s 116us/step - loss: 0.0496 - acc: 0.9890 - val_loss: 0.0754 - val_acc: 0.9877
Epoch 5/30

  20/1460 [..............................] - ETA: 0s - loss: 0.0177 - acc: 1.0000
 500/1460 [=========>....................] - ETA: 0s - loss: 0.0338 - acc: 0.9960
 960/1460 [==================>...........] - ETA: 0s - loss: 0.0357 - acc: 0.9969
1420/1460 [============================>.] - ETA: 0s - loss: 0.0351 - acc: 0.9958
1460/1460 [==============================] - 0s 112us/step - loss: 0.0351 - acc: 0.9952 - val_loss: 0.0746 - val_acc: 0.9877
Epoch 6/30

  20/1460 [..............................] - ETA: 0s - loss: 0.0143 - acc: 1.0000
 500/1460 [=========>....................] - ETA: 0s - loss: 0.0235 - acc: 1.0000
 960/1460 [==================>...........] - ETA: 0s - loss: 0.0259 - acc: 0.9979
1400/1460 [===========================>..] - ETA: 0s - loss: 0.0244 - acc: 0.9979
1460/1460 [==============================] - 0s 114us/step - loss: 0.0252 - acc: 0.9973 - val_loss: 0.0746 - val_acc: 0.9815
Epoch 7/30

  20/1460 [..............................] - ETA: 0s - loss: 0.0106 - acc: 1.0000
 460/1460 [========>.....................] - ETA: 0s - loss: 0.0183 - acc: 1.0000
 920/1460 [=================>............] - ETA: 0s - loss: 0.0195 - acc: 0.9989
1380/1460 [===========================>..] - ETA: 0s - loss: 0.0197 - acc: 0.9986
1460/1460 [==============================] - 0s 118us/step - loss: 0.0193 - acc: 0.9986 - val_loss: 0.0747 - val_acc: 0.9815
Epoch 8/30

  20/1460 [..............................] - ETA: 0s - loss: 0.0179 - acc: 1.0000
 500/1460 [=========>....................] - ETA: 0s - loss: 0.0166 - acc: 0.9980
 960/1460 [==================>...........] - ETA: 0s - loss: 0.0156 - acc: 0.9990
1400/1460 [===========================>..] - ETA: 0s - loss: 0.0147 - acc: 0.9993
1460/1460 [==============================] - 0s 114us/step - loss: 0.0145 - acc: 0.9993 - val_loss: 0.0760 - val_acc: 0.9815
Epoch 9/30

  20/1460 [..............................] - ETA: 0s - loss: 0.0191 - acc: 1.0000
 480/1460 [========>.....................] - ETA: 0s - loss: 0.0124 - acc: 0.9979
 960/1460 [==================>...........] - ETA: 0s - loss: 0.0117 - acc: 0.9990
1420/1460 [============================>.] - ETA: 0s - loss: 0.0110 - acc: 0.9993
1460/1460 [==============================] - 0s 113us/step - loss: 0.0114 - acc: 0.9993 - val_loss: 0.0770 - val_acc: 0.9815
Epoch 10/30

  20/1460 [..............................] - ETA: 0s - loss: 0.0094 - acc: 1.0000
 480/1460 [========>.....................] - ETA: 0s - loss: 0.0106 - acc: 0.9979
 940/1460 [==================>...........] - ETA: 0s - loss: 0.0099 - acc: 0.9989
1380/1460 [===========================>..] - ETA: 0s - loss: 0.0093 - acc: 0.9993
1460/1460 [==============================] - 0s 116us/step - loss: 0.0092 - acc: 0.9993 - val_loss: 0.0754 - val_acc: 0.9815
Epoch 11/30

  20/1460 [..............................] - ETA: 0s - loss: 0.0106 - acc: 1.0000
 460/1460 [========>.....................] - ETA: 0s - loss: 0.0077 - acc: 1.0000
 920/1460 [=================>............] - ETA: 0s - loss: 0.0078 - acc: 0.9989
1380/1460 [===========================>..] - ETA: 0s - loss: 0.0075 - acc: 0.9993
1460/1460 [==============================] - 0s 117us/step - loss: 0.0075 - acc: 0.9993 - val_loss: 0.0772 - val_acc: 0.9815
Epoch 12/30

  20/1460 [..............................] - ETA: 0s - loss: 0.0199 - acc: 1.0000
 460/1460 [========>.....................] - ETA: 0s - loss: 0.0061 - acc: 1.0000
 900/1460 [=================>............] - ETA: 0s - loss: 0.0061 - acc: 1.0000
1340/1460 [==========================>...] - ETA: 0s - loss: 0.0063 - acc: 1.0000
1460/1460 [==============================] - 0s 118us/step - loss: 0.0062 - acc: 1.0000 - val_loss: 0.0783 - val_acc: 0.9815
Epoch 13/30

  20/1460 [..............................] - ETA: 0s - loss: 0.0082 - acc: 1.0000
 480/1460 [========>.....................] - ETA: 0s - loss: 0.0048 - acc: 1.0000
 960/1460 [==================>...........] - ETA: 0s - loss: 0.0048 - acc: 1.0000
1440/1460 [============================>.] - ETA: 0s - loss: 0.0052 - acc: 1.0000
1460/1460 [==============================] - 0s 111us/step - loss: 0.0052 - acc: 1.0000 - val_loss: 0.0784 - val_acc: 0.9815
Epoch 14/30

  20/1460 [..............................] - ETA: 0s - loss: 0.0039 - acc: 1.0000
 480/1460 [========>.....................] - ETA: 0s - loss: 0.0038 - acc: 1.0000
 940/1460 [==================>...........] - ETA: 0s - loss: 0.0041 - acc: 1.0000
1420/1460 [============================>.] - ETA: 0s - loss: 0.0044 - acc: 1.0000
1460/1460 [==============================] - 0s 115us/step - loss: 0.0044 - acc: 1.0000 - val_loss: 0.0793 - val_acc: 0.9815
Epoch 15/30

  20/1460 [..............................] - ETA: 0s - loss: 0.0025 - acc: 1.0000
 480/1460 [========>.....................] - ETA: 0s - loss: 0.0032 - acc: 1.0000
 920/1460 [=================>............] - ETA: 0s - loss: 0.0037 - acc: 1.0000
1380/1460 [===========================>..] - ETA: 0s - loss: 0.0039 - acc: 1.0000
1460/1460 [==============================] - 0s 116us/step - loss: 0.0039 - acc: 1.0000 - val_loss: 0.0795 - val_acc: 0.9877
Epoch 16/30

  20/1460 [..............................] - ETA: 0s - loss: 0.0143 - acc: 1.0000
 480/1460 [========>.....................] - ETA: 0s - loss: 0.0033 - acc: 1.0000
 940/1460 [==================>...........] - ETA: 0s - loss: 0.0032 - acc: 1.0000
1400/1460 [===========================>..] - ETA: 0s - loss: 0.0034 - acc: 1.0000
1460/1460 [==============================] - 0s 116us/step - loss: 0.0034 - acc: 1.0000 - val_loss: 0.0813 - val_acc: 0.9877
Epoch 17/30

  20/1460 [..............................] - ETA: 0s - loss: 0.0010 - acc: 1.0000
 480/1460 [========>.....................] - ETA: 0s - loss: 0.0025 - acc: 1.0000
 920/1460 [=================>............] - ETA: 0s - loss: 0.0027 - acc: 1.0000
1360/1460 [==========================>...] - ETA: 0s - loss: 0.0028 - acc: 1.0000
1460/1460 [==============================] - 0s 120us/step - loss: 0.0030 - acc: 1.0000 - val_loss: 0.0818 - val_acc: 0.9815
Epoch 18/30

  20/1460 [..............................] - ETA: 0s - loss: 0.0010 - acc: 1.0000
 460/1460 [========>.....................] - ETA: 0s - loss: 0.0027 - acc: 1.0000
 920/1460 [=================>............] - ETA: 0s - loss: 0.0026 - acc: 1.0000
1340/1460 [==========================>...] - ETA: 0s - loss: 0.0027 - acc: 1.0000
1460/1460 [==============================] - 0s 122us/step - loss: 0.0026 - acc: 1.0000 - val_loss: 0.0829 - val_acc: 0.9815
Epoch 19/30

  20/1460 [..............................] - ETA: 0s - loss: 0.0014 - acc: 1.0000
 460/1460 [========>.....................] - ETA: 0s - loss: 0.0020 - acc: 1.0000
 880/1460 [=================>............] - ETA: 0s - loss: 0.0022 - acc: 1.0000
1280/1460 [=========================>....] - ETA: 0s - loss: 0.0023 - acc: 1.0000
1460/1460 [==============================] - 0s 125us/step - loss: 0.0023 - acc: 1.0000 - val_loss: 0.0835 - val_acc: 0.9877
Epoch 20/30

  20/1460 [..............................] - ETA: 0s - loss: 0.0055 - acc: 1.0000
 460/1460 [========>.....................] - ETA: 0s - loss: 0.0022 - acc: 1.0000
 900/1460 [=================>............] - ETA: 0s - loss: 0.0022 - acc: 1.0000
1320/1460 [==========================>...] - ETA: 0s - loss: 0.0020 - acc: 1.0000
1460/1460 [==============================] - 0s 123us/step - loss: 0.0021 - acc: 1.0000 - val_loss: 0.0842 - val_acc: 0.9877
acc: 98.77%
Train on 1460 samples, validate on 162 samples
Epoch 1/30

  20/1460 [..............................] - ETA: 1:20 - loss: 0.7099 - acc: 0.4500
 500/1460 [=========>....................] - ETA: 2s - loss: 0.6287 - acc: 0.7160  
 940/1460 [==================>...........] - ETA: 0s - loss: 0.5573 - acc: 0.8128
1420/1460 [============================>.] - ETA: 0s - loss: 0.4771 - acc: 0.8641
1460/1460 [==============================] - 1s 968us/step - loss: 0.4720 - acc: 0.8664 - val_loss: 0.2241 - val_acc: 0.9753
Epoch 2/30

  20/1460 [..............................] - ETA: 0s - loss: 0.2536 - acc: 0.9500
 480/1460 [========>.....................] - ETA: 0s - loss: 0.1836 - acc: 0.9771
 960/1460 [==================>...........] - ETA: 0s - loss: 0.1559 - acc: 0.9760
1420/1460 [============================>.] - ETA: 0s - loss: 0.1420 - acc: 0.9761
1460/1460 [==============================] - 0s 113us/step - loss: 0.1408 - acc: 0.9760 - val_loss: 0.0980 - val_acc: 0.9815
Epoch 3/30

  20/1460 [..............................] - ETA: 0s - loss: 0.1161 - acc: 0.9500
 500/1460 [=========>....................] - ETA: 0s - loss: 0.0818 - acc: 0.9780
 980/1460 [===================>..........] - ETA: 0s - loss: 0.0739 - acc: 0.9816
1460/1460 [==============================] - 0s 112us/step - loss: 0.0740 - acc: 0.9808 - val_loss: 0.0759 - val_acc: 0.9815
Epoch 4/30

  20/1460 [..............................] - ETA: 0s - loss: 0.0627 - acc: 1.0000
 460/1460 [========>.....................] - ETA: 0s - loss: 0.0483 - acc: 0.9913
 900/1460 [=================>............] - ETA: 0s - loss: 0.0524 - acc: 0.9878
1360/1460 [==========================>...] - ETA: 0s - loss: 0.0502 - acc: 0.9890
1460/1460 [==============================] - 0s 117us/step - loss: 0.0504 - acc: 0.9890 - val_loss: 0.0708 - val_acc: 0.9815
Epoch 5/30

  20/1460 [..............................] - ETA: 0s - loss: 0.0489 - acc: 1.0000
 480/1460 [========>.....................] - ETA: 0s - loss: 0.0338 - acc: 0.9937
 920/1460 [=================>............] - ETA: 0s - loss: 0.0354 - acc: 0.9957
1280/1460 [=========================>....] - ETA: 0s - loss: 0.0332 - acc: 0.9961
1460/1460 [==============================] - 0s 125us/step - loss: 0.0367 - acc: 0.9945 - val_loss: 0.0677 - val_acc: 0.9815
Epoch 6/30

  20/1460 [..............................] - ETA: 0s - loss: 0.0233 - acc: 1.0000
 400/1460 [=======>......................] - ETA: 0s - loss: 0.0294 - acc: 0.9950
 800/1460 [===============>..............] - ETA: 0s - loss: 0.0270 - acc: 0.9962
1260/1460 [========================>.....] - ETA: 0s - loss: 0.0276 - acc: 0.9968
1460/1460 [==============================] - 0s 128us/step - loss: 0.0275 - acc: 0.9966 - val_loss: 0.0631 - val_acc: 0.9877
Epoch 7/30

  20/1460 [..............................] - ETA: 0s - loss: 0.0145 - acc: 1.0000
 420/1460 [=======>......................] - ETA: 0s - loss: 0.0209 - acc: 0.9952
 860/1460 [================>.............] - ETA: 0s - loss: 0.0216 - acc: 0.9965
1280/1460 [=========================>....] - ETA: 0s - loss: 0.0215 - acc: 0.9969
1460/1460 [==============================] - 0s 124us/step - loss: 0.0212 - acc: 0.9973 - val_loss: 0.0647 - val_acc: 0.9815
Epoch 8/30

  20/1460 [..............................] - ETA: 0s - loss: 0.0064 - acc: 1.0000
 480/1460 [========>.....................] - ETA: 0s - loss: 0.0158 - acc: 0.9979
 940/1460 [==================>...........] - ETA: 0s - loss: 0.0147 - acc: 0.9979
1380/1460 [===========================>..] - ETA: 0s - loss: 0.0166 - acc: 0.9971
1460/1460 [==============================] - 0s 117us/step - loss: 0.0168 - acc: 0.9973 - val_loss: 0.0639 - val_acc: 0.9877
Epoch 9/30

  20/1460 [..............................] - ETA: 0s - loss: 0.0158 - acc: 1.0000
 480/1460 [========>.....................] - ETA: 0s - loss: 0.0167 - acc: 0.9958
 920/1460 [=================>............] - ETA: 0s - loss: 0.0141 - acc: 0.9967
1380/1460 [===========================>..] - ETA: 0s - loss: 0.0137 - acc: 0.9978
1460/1460 [==============================] - 0s 116us/step - loss: 0.0133 - acc: 0.9979 - val_loss: 0.0635 - val_acc: 0.9877
Epoch 10/30

  20/1460 [..............................] - ETA: 0s - loss: 0.0058 - acc: 1.0000
 480/1460 [========>.....................] - ETA: 0s - loss: 0.0086 - acc: 1.0000
 940/1460 [==================>...........] - ETA: 0s - loss: 0.0088 - acc: 1.0000
1400/1460 [===========================>..] - ETA: 0s - loss: 0.0109 - acc: 0.9986
1460/1460 [==============================] - 0s 116us/step - loss: 0.0111 - acc: 0.9986 - val_loss: 0.0623 - val_acc: 0.9877
Epoch 11/30

  20/1460 [..............................] - ETA: 0s - loss: 0.0042 - acc: 1.0000
 480/1460 [========>.....................] - ETA: 0s - loss: 0.0087 - acc: 1.0000
 940/1460 [==================>...........] - ETA: 0s - loss: 0.0087 - acc: 0.9989
1380/1460 [===========================>..] - ETA: 0s - loss: 0.0090 - acc: 0.9986
1460/1460 [==============================] - 0s 116us/step - loss: 0.0092 - acc: 0.9986 - val_loss: 0.0628 - val_acc: 0.9877
Epoch 12/30

  20/1460 [..............................] - ETA: 0s - loss: 0.0030 - acc: 1.0000
 460/1460 [========>.....................] - ETA: 0s - loss: 0.0059 - acc: 1.0000
 920/1460 [=================>............] - ETA: 0s - loss: 0.0067 - acc: 0.9989
1400/1460 [===========================>..] - ETA: 0s - loss: 0.0075 - acc: 0.9986
1460/1460 [==============================] - 0s 115us/step - loss: 0.0074 - acc: 0.9986 - val_loss: 0.0621 - val_acc: 0.9877
Epoch 13/30

  20/1460 [..............................] - ETA: 0s - loss: 0.0038 - acc: 1.0000
 480/1460 [========>.....................] - ETA: 0s - loss: 0.0059 - acc: 1.0000
 940/1460 [==================>...........] - ETA: 0s - loss: 0.0056 - acc: 1.0000
1400/1460 [===========================>..] - ETA: 0s - loss: 0.0064 - acc: 0.9993
1460/1460 [==============================] - 0s 114us/step - loss: 0.0063 - acc: 0.9993 - val_loss: 0.0628 - val_acc: 0.9938
Epoch 14/30

  20/1460 [..............................] - ETA: 0s - loss: 0.0038 - acc: 1.0000
 480/1460 [========>.....................] - ETA: 0s - loss: 0.0051 - acc: 1.0000
 900/1460 [=================>............] - ETA: 0s - loss: 0.0054 - acc: 1.0000
1340/1460 [==========================>...] - ETA: 0s - loss: 0.0050 - acc: 1.0000
1460/1460 [==============================] - 0s 120us/step - loss: 0.0053 - acc: 1.0000 - val_loss: 0.0625 - val_acc: 0.9877
Epoch 15/30

  20/1460 [..............................] - ETA: 0s - loss: 0.0013 - acc: 1.0000
 460/1460 [========>.....................] - ETA: 0s - loss: 0.0037 - acc: 1.0000
 900/1460 [=================>............] - ETA: 0s - loss: 0.0041 - acc: 1.0000
1360/1460 [==========================>...] - ETA: 0s - loss: 0.0049 - acc: 1.0000
1460/1460 [==============================] - 0s 116us/step - loss: 0.0048 - acc: 1.0000 - val_loss: 0.0635 - val_acc: 0.9938
Epoch 16/30

  20/1460 [..............................] - ETA: 0s - loss: 0.0061 - acc: 1.0000
 480/1460 [========>.....................] - ETA: 0s - loss: 0.0041 - acc: 1.0000
 940/1460 [==================>...........] - ETA: 0s - loss: 0.0040 - acc: 1.0000
1400/1460 [===========================>..] - ETA: 0s - loss: 0.0041 - acc: 1.0000
1460/1460 [==============================] - 0s 115us/step - loss: 0.0040 - acc: 1.0000 - val_loss: 0.0638 - val_acc: 0.9938
Epoch 17/30

  20/1460 [..............................] - ETA: 0s - loss: 0.0048 - acc: 1.0000
 460/1460 [========>.....................] - ETA: 0s - loss: 0.0037 - acc: 1.0000
 900/1460 [=================>............] - ETA: 0s - loss: 0.0038 - acc: 1.0000
1340/1460 [==========================>...] - ETA: 0s - loss: 0.0036 - acc: 1.0000
1460/1460 [==============================] - 0s 120us/step - loss: 0.0036 - acc: 1.0000 - val_loss: 0.0639 - val_acc: 0.9938
Epoch 18/30

  20/1460 [..............................] - ETA: 0s - loss: 0.0024 - acc: 1.0000
 480/1460 [========>.....................] - ETA: 0s - loss: 0.0027 - acc: 1.0000
 940/1460 [==================>...........] - ETA: 0s - loss: 0.0026 - acc: 1.0000
1380/1460 [===========================>..] - ETA: 0s - loss: 0.0031 - acc: 1.0000
1460/1460 [==============================] - 0s 117us/step - loss: 0.0031 - acc: 1.0000 - val_loss: 0.0639 - val_acc: 0.9938
Epoch 19/30

  20/1460 [..............................] - ETA: 0s - loss: 0.0054 - acc: 1.0000
 460/1460 [========>.....................] - ETA: 0s - loss: 0.0025 - acc: 1.0000
 900/1460 [=================>............] - ETA: 0s - loss: 0.0028 - acc: 1.0000
1340/1460 [==========================>...] - ETA: 0s - loss: 0.0027 - acc: 1.0000
1460/1460 [==============================] - 0s 120us/step - loss: 0.0027 - acc: 1.0000 - val_loss: 0.0641 - val_acc: 0.9938
Epoch 20/30

  20/1460 [..............................] - ETA: 0s - loss: 4.3497e-04 - acc: 1.0000
 460/1460 [========>.....................] - ETA: 0s - loss: 0.0020 - acc: 1.0000    
 900/1460 [=================>............] - ETA: 0s - loss: 0.0024 - acc: 1.0000
1360/1460 [==========================>...] - ETA: 0s - loss: 0.0025 - acc: 1.0000
1460/1460 [==============================] - 0s 119us/step - loss: 0.0024 - acc: 1.0000 - val_loss: 0.0645 - val_acc: 0.9938
Epoch 21/30

  20/1460 [..............................] - ETA: 0s - loss: 0.0026 - acc: 1.0000
 480/1460 [========>.....................] - ETA: 0s - loss: 0.0020 - acc: 1.0000
 900/1460 [=================>............] - ETA: 0s - loss: 0.0020 - acc: 1.0000
1360/1460 [==========================>...] - ETA: 0s - loss: 0.0021 - acc: 1.0000
1460/1460 [==============================] - 0s 117us/step - loss: 0.0022 - acc: 1.0000 - val_loss: 0.0649 - val_acc: 0.9938
Epoch 22/30

  20/1460 [..............................] - ETA: 0s - loss: 0.0023 - acc: 1.0000
 500/1460 [=========>....................] - ETA: 0s - loss: 0.0018 - acc: 1.0000
 960/1460 [==================>...........] - ETA: 0s - loss: 0.0020 - acc: 1.0000
1420/1460 [============================>.] - ETA: 0s - loss: 0.0019 - acc: 1.0000
1460/1460 [==============================] - 0s 115us/step - loss: 0.0020 - acc: 1.0000 - val_loss: 0.0646 - val_acc: 0.9938
Epoch 23/30

  20/1460 [..............................] - ETA: 0s - loss: 0.0010 - acc: 1.0000
 460/1460 [========>.....................] - ETA: 0s - loss: 0.0020 - acc: 1.0000
 900/1460 [=================>............] - ETA: 0s - loss: 0.0018 - acc: 1.0000
1340/1460 [==========================>...] - ETA: 0s - loss: 0.0018 - acc: 1.0000
1460/1460 [==============================] - 0s 120us/step - loss: 0.0018 - acc: 1.0000 - val_loss: 0.0648 - val_acc: 0.9938
Epoch 24/30

  20/1460 [..............................] - ETA: 0s - loss: 0.0017 - acc: 1.0000
 460/1460 [========>.....................] - ETA: 0s - loss: 0.0014 - acc: 1.0000
 900/1460 [=================>............] - ETA: 0s - loss: 0.0015 - acc: 1.0000
1360/1460 [==========================>...] - ETA: 0s - loss: 0.0016 - acc: 1.0000
1460/1460 [==============================] - 0s 116us/step - loss: 0.0016 - acc: 1.0000 - val_loss: 0.0646 - val_acc: 0.9938
Epoch 25/30

  20/1460 [..............................] - ETA: 0s - loss: 0.0011 - acc: 1.0000
 480/1460 [========>.....................] - ETA: 0s - loss: 0.0014 - acc: 1.0000
 940/1460 [==================>...........] - ETA: 0s - loss: 0.0014 - acc: 1.0000
1400/1460 [===========================>..] - ETA: 0s - loss: 0.0015 - acc: 1.0000
1460/1460 [==============================] - 0s 116us/step - loss: 0.0015 - acc: 1.0000 - val_loss: 0.0656 - val_acc: 0.9938
Epoch 26/30

  20/1460 [..............................] - ETA: 0s - loss: 0.0013 - acc: 1.0000
 480/1460 [========>.....................] - ETA: 0s - loss: 0.0014 - acc: 1.0000
 920/1460 [=================>............] - ETA: 0s - loss: 0.0014 - acc: 1.0000
1380/1460 [===========================>..] - ETA: 0s - loss: 0.0013 - acc: 1.0000
1460/1460 [==============================] - 0s 116us/step - loss: 0.0013 - acc: 1.0000 - val_loss: 0.0653 - val_acc: 0.9938
Epoch 27/30

  20/1460 [..............................] - ETA: 0s - loss: 8.2152e-04 - acc: 1.0000
 460/1460 [========>.....................] - ETA: 0s - loss: 0.0012 - acc: 1.0000    
 920/1460 [=================>............] - ETA: 0s - loss: 0.0011 - acc: 1.0000
1380/1460 [===========================>..] - ETA: 0s - loss: 0.0012 - acc: 1.0000
1460/1460 [==============================] - 0s 117us/step - loss: 0.0012 - acc: 1.0000 - val_loss: 0.0668 - val_acc: 0.9877
Epoch 28/30

  20/1460 [..............................] - ETA: 0s - loss: 0.0023 - acc: 1.0000
 460/1460 [========>.....................] - ETA: 0s - loss: 0.0013 - acc: 1.0000
 920/1460 [=================>............] - ETA: 0s - loss: 0.0012 - acc: 1.0000
1380/1460 [===========================>..] - ETA: 0s - loss: 0.0011 - acc: 1.0000
1460/1460 [==============================] - 0s 117us/step - loss: 0.0011 - acc: 1.0000 - val_loss: 0.0661 - val_acc: 0.9938
Epoch 29/30

  20/1460 [..............................] - ETA: 0s - loss: 9.3588e-04 - acc: 1.0000
 480/1460 [========>.....................] - ETA: 0s - loss: 9.7414e-04 - acc: 1.0000
 940/1460 [==================>...........] - ETA: 0s - loss: 0.0011 - acc: 1.0000    
1140/1460 [======================>.......] - ETA: 0s - loss: 0.0011 - acc: 1.0000
1460/1460 [==============================] - 0s 140us/step - loss: 0.0010 - acc: 1.0000 - val_loss: 0.0664 - val_acc: 0.9877
acc: 99.38%
Train on 1460 samples, validate on 162 samples
Epoch 1/30

  20/1460 [..............................] - ETA: 1:27 - loss: 0.6778 - acc: 0.7000
 420/1460 [=======>......................] - ETA: 3s - loss: 0.6365 - acc: 0.6905  
 860/1460 [================>.............] - ETA: 0s - loss: 0.5733 - acc: 0.7744
1280/1460 [=========================>....] - ETA: 0s - loss: 0.5062 - acc: 0.8320
1460/1460 [==============================] - 2s 1ms/step - loss: 0.4769 - acc: 0.8500 - val_loss: 0.2321 - val_acc: 0.9691
Epoch 2/30

  20/1460 [..............................] - ETA: 0s - loss: 0.2276 - acc: 1.0000
 480/1460 [========>.....................] - ETA: 0s - loss: 0.1894 - acc: 0.9771
 940/1460 [==================>...........] - ETA: 0s - loss: 0.1577 - acc: 0.9809
1420/1460 [============================>.] - ETA: 0s - loss: 0.1440 - acc: 0.9761
1460/1460 [==============================] - 0s 115us/step - loss: 0.1434 - acc: 0.9760 - val_loss: 0.1010 - val_acc: 0.9630
Epoch 3/30

  20/1460 [..............................] - ETA: 0s - loss: 0.1090 - acc: 1.0000
 500/1460 [=========>....................] - ETA: 0s - loss: 0.0860 - acc: 0.9820
 960/1460 [==================>...........] - ETA: 0s - loss: 0.0758 - acc: 0.9833
1440/1460 [============================>.] - ETA: 0s - loss: 0.0770 - acc: 0.9806
1460/1460 [==============================] - 0s 112us/step - loss: 0.0763 - acc: 0.9808 - val_loss: 0.0849 - val_acc: 0.9630
Epoch 4/30

  20/1460 [..............................] - ETA: 0s - loss: 0.0324 - acc: 1.0000
 480/1460 [========>.....................] - ETA: 0s - loss: 0.0533 - acc: 0.9875
 940/1460 [==================>...........] - ETA: 0s - loss: 0.0513 - acc: 0.9894
1420/1460 [============================>.] - ETA: 0s - loss: 0.0517 - acc: 0.9880
1460/1460 [==============================] - 0s 113us/step - loss: 0.0530 - acc: 0.9870 - val_loss: 0.0785 - val_acc: 0.9753
Epoch 5/30

  20/1460 [..............................] - ETA: 0s - loss: 0.0957 - acc: 0.9500
 500/1460 [=========>....................] - ETA: 0s - loss: 0.0393 - acc: 0.9940
 980/1460 [===================>..........] - ETA: 0s - loss: 0.0376 - acc: 0.9949
1440/1460 [============================>.] - ETA: 0s - loss: 0.0391 - acc: 0.9937
1460/1460 [==============================] - 0s 112us/step - loss: 0.0389 - acc: 0.9938 - val_loss: 0.0779 - val_acc: 0.9691
Epoch 6/30

  20/1460 [..............................] - ETA: 0s - loss: 0.0175 - acc: 1.0000
 480/1460 [========>.....................] - ETA: 0s - loss: 0.0257 - acc: 0.9979
 960/1460 [==================>...........] - ETA: 0s - loss: 0.0298 - acc: 0.9969
1420/1460 [============================>.] - ETA: 0s - loss: 0.0297 - acc: 0.9965
1460/1460 [==============================] - 0s 114us/step - loss: 0.0294 - acc: 0.9966 - val_loss: 0.0784 - val_acc: 0.9753
Epoch 7/30

  20/1460 [..............................] - ETA: 0s - loss: 0.0340 - acc: 1.0000
 480/1460 [========>.....................] - ETA: 0s - loss: 0.0269 - acc: 0.9958
 900/1460 [=================>............] - ETA: 0s - loss: 0.0238 - acc: 0.9978
1360/1460 [==========================>...] - ETA: 0s - loss: 0.0226 - acc: 0.9978
1460/1460 [==============================] - 0s 121us/step - loss: 0.0233 - acc: 0.9973 - val_loss: 0.0757 - val_acc: 0.9691
Epoch 8/30

  20/1460 [..............................] - ETA: 0s - loss: 0.0083 - acc: 1.0000
 460/1460 [========>.....................] - ETA: 0s - loss: 0.0169 - acc: 0.9978
 920/1460 [=================>............] - ETA: 0s - loss: 0.0156 - acc: 0.9989
1380/1460 [===========================>..] - ETA: 0s - loss: 0.0180 - acc: 0.9978
1460/1460 [==============================] - 0s 116us/step - loss: 0.0180 - acc: 0.9979 - val_loss: 0.0786 - val_acc: 0.9753
Epoch 9/30

  20/1460 [..............................] - ETA: 0s - loss: 0.0256 - acc: 1.0000
 480/1460 [========>.....................] - ETA: 0s - loss: 0.0170 - acc: 0.9979
 960/1460 [==================>...........] - ETA: 0s - loss: 0.0158 - acc: 0.9969
1440/1460 [============================>.] - ETA: 0s - loss: 0.0148 - acc: 0.9979
1460/1460 [==============================] - 0s 112us/step - loss: 0.0148 - acc: 0.9979 - val_loss: 0.0748 - val_acc: 0.9753
Epoch 10/30

  20/1460 [..............................] - ETA: 0s - loss: 0.0033 - acc: 1.0000
 480/1460 [========>.....................] - ETA: 0s - loss: 0.0090 - acc: 1.0000
 920/1460 [=================>............] - ETA: 0s - loss: 0.0102 - acc: 0.9989
1360/1460 [==========================>...] - ETA: 0s - loss: 0.0122 - acc: 0.9978
1460/1460 [==============================] - 0s 118us/step - loss: 0.0122 - acc: 0.9979 - val_loss: 0.0773 - val_acc: 0.9753
Epoch 11/30

  20/1460 [..............................] - ETA: 0s - loss: 0.0052 - acc: 1.0000
 440/1460 [========>.....................] - ETA: 0s - loss: 0.0098 - acc: 1.0000
 880/1460 [=================>............] - ETA: 0s - loss: 0.0110 - acc: 0.9977
1300/1460 [=========================>....] - ETA: 0s - loss: 0.0100 - acc: 0.9977
1460/1460 [==============================] - 0s 124us/step - loss: 0.0100 - acc: 0.9979 - val_loss: 0.0805 - val_acc: 0.9753
Epoch 12/30

  20/1460 [..............................] - ETA: 0s - loss: 0.0081 - acc: 1.0000
 460/1460 [========>.....................] - ETA: 0s - loss: 0.0062 - acc: 1.0000
 900/1460 [=================>............] - ETA: 0s - loss: 0.0070 - acc: 1.0000
1340/1460 [==========================>...] - ETA: 0s - loss: 0.0082 - acc: 0.9993
1460/1460 [==============================] - 0s 119us/step - loss: 0.0081 - acc: 0.9993 - val_loss: 0.0788 - val_acc: 0.9753
Epoch 13/30

  20/1460 [..............................] - ETA: 0s - loss: 0.0058 - acc: 1.0000
 480/1460 [========>.....................] - ETA: 0s - loss: 0.0061 - acc: 1.0000
 960/1460 [==================>...........] - ETA: 0s - loss: 0.0059 - acc: 1.0000
1440/1460 [============================>.] - ETA: 0s - loss: 0.0067 - acc: 1.0000
1460/1460 [==============================] - 0s 112us/step - loss: 0.0067 - acc: 1.0000 - val_loss: 0.0795 - val_acc: 0.9753
Epoch 14/30

  20/1460 [..............................] - ETA: 0s - loss: 0.0076 - acc: 1.0000
 480/1460 [========>.....................] - ETA: 0s - loss: 0.0064 - acc: 1.0000
 940/1460 [==================>...........] - ETA: 0s - loss: 0.0061 - acc: 0.9989
1400/1460 [===========================>..] - ETA: 0s - loss: 0.0059 - acc: 0.9993
1460/1460 [==============================] - 0s 114us/step - loss: 0.0058 - acc: 0.9993 - val_loss: 0.0784 - val_acc: 0.9753
Epoch 15/30

  20/1460 [..............................] - ETA: 0s - loss: 0.0041 - acc: 1.0000
 460/1460 [========>.....................] - ETA: 0s - loss: 0.0062 - acc: 1.0000
 920/1460 [=================>............] - ETA: 0s - loss: 0.0053 - acc: 1.0000
1380/1460 [===========================>..] - ETA: 0s - loss: 0.0048 - acc: 1.0000
1460/1460 [==============================] - 0s 116us/step - loss: 0.0047 - acc: 1.0000 - val_loss: 0.0782 - val_acc: 0.9753
Epoch 16/30

  20/1460 [..............................] - ETA: 0s - loss: 0.0018 - acc: 1.0000
 460/1460 [========>.....................] - ETA: 0s - loss: 0.0048 - acc: 1.0000
 920/1460 [=================>............] - ETA: 0s - loss: 0.0045 - acc: 1.0000
1380/1460 [===========================>..] - ETA: 0s - loss: 0.0041 - acc: 1.0000
1460/1460 [==============================] - 0s 117us/step - loss: 0.0043 - acc: 1.0000 - val_loss: 0.0785 - val_acc: 0.9753
Epoch 17/30

  20/1460 [..............................] - ETA: 0s - loss: 0.0015 - acc: 1.0000
 480/1460 [========>.....................] - ETA: 0s - loss: 0.0042 - acc: 1.0000
 940/1460 [==================>...........] - ETA: 0s - loss: 0.0037 - acc: 1.0000
1400/1460 [===========================>..] - ETA: 0s - loss: 0.0037 - acc: 1.0000
1460/1460 [==============================] - 0s 116us/step - loss: 0.0037 - acc: 1.0000 - val_loss: 0.0797 - val_acc: 0.9753
Epoch 18/30

  20/1460 [..............................] - ETA: 0s - loss: 0.0019 - acc: 1.0000
 440/1460 [========>.....................] - ETA: 0s - loss: 0.0029 - acc: 1.0000
 920/1460 [=================>............] - ETA: 0s - loss: 0.0033 - acc: 1.0000
1380/1460 [===========================>..] - ETA: 0s - loss: 0.0032 - acc: 1.0000
1460/1460 [==============================] - 0s 115us/step - loss: 0.0032 - acc: 1.0000 - val_loss: 0.0788 - val_acc: 0.9753
Epoch 19/30

  20/1460 [..............................] - ETA: 0s - loss: 0.0025 - acc: 1.0000
 480/1460 [========>.....................] - ETA: 0s - loss: 0.0030 - acc: 1.0000
 940/1460 [==================>...........] - ETA: 0s - loss: 0.0029 - acc: 1.0000
1400/1460 [===========================>..] - ETA: 0s - loss: 0.0028 - acc: 1.0000
1460/1460 [==============================] - 0s 116us/step - loss: 0.0028 - acc: 1.0000 - val_loss: 0.0809 - val_acc: 0.9753
Epoch 20/30

  20/1460 [..............................] - ETA: 0s - loss: 0.0023 - acc: 1.0000
 460/1460 [========>.....................] - ETA: 0s - loss: 0.0027 - acc: 1.0000
 900/1460 [=================>............] - ETA: 0s - loss: 0.0027 - acc: 1.0000
1340/1460 [==========================>...] - ETA: 0s - loss: 0.0026 - acc: 1.0000
1460/1460 [==============================] - 0s 119us/step - loss: 0.0025 - acc: 1.0000 - val_loss: 0.0802 - val_acc: 0.9753
acc: 97.53%
Train on 1461 samples, validate on 161 samples
Epoch 1/30

  20/1461 [..............................] - ETA: 1:37 - loss: 0.6679 - acc: 0.6500
 460/1461 [========>.....................] - ETA: 3s - loss: 0.6433 - acc: 0.6913  
 900/1461 [=================>............] - ETA: 0s - loss: 0.5691 - acc: 0.8078
1340/1461 [==========================>...] - ETA: 0s - loss: 0.4963 - acc: 0.8582
1461/1461 [==============================] - 2s 1ms/step - loss: 0.4751 - acc: 0.8679 - val_loss: 0.2147 - val_acc: 0.9938
Epoch 2/30

  20/1461 [..............................] - ETA: 0s - loss: 0.1961 - acc: 1.0000
 480/1461 [========>.....................] - ETA: 0s - loss: 0.1914 - acc: 0.9687
 960/1461 [==================>...........] - ETA: 0s - loss: 0.1634 - acc: 0.9729
1420/1461 [============================>.] - ETA: 0s - loss: 0.1449 - acc: 0.9739
1461/1461 [==============================] - 0s 116us/step - loss: 0.1443 - acc: 0.9726 - val_loss: 0.0738 - val_acc: 0.9876
Epoch 3/30

  20/1461 [..............................] - ETA: 0s - loss: 0.1068 - acc: 0.9500
 480/1461 [========>.....................] - ETA: 0s - loss: 0.0878 - acc: 0.9771
 940/1461 [==================>...........] - ETA: 0s - loss: 0.0802 - acc: 0.9809
1380/1461 [===========================>..] - ETA: 0s - loss: 0.0761 - acc: 0.9833
1461/1461 [==============================] - 0s 118us/step - loss: 0.0768 - acc: 0.9836 - val_loss: 0.0483 - val_acc: 0.9938
Epoch 4/30

  20/1461 [..............................] - ETA: 0s - loss: 0.0446 - acc: 1.0000
 480/1461 [========>.....................] - ETA: 0s - loss: 0.0465 - acc: 0.9937
 940/1461 [==================>...........] - ETA: 0s - loss: 0.0513 - acc: 0.9926
1400/1461 [===========================>..] - ETA: 0s - loss: 0.0528 - acc: 0.9907
1461/1461 [==============================] - 0s 115us/step - loss: 0.0537 - acc: 0.9904 - val_loss: 0.0397 - val_acc: 0.9938
Epoch 5/30

  20/1461 [..............................] - ETA: 0s - loss: 0.0568 - acc: 1.0000
 460/1461 [========>.....................] - ETA: 0s - loss: 0.0418 - acc: 0.9978
 900/1461 [=================>............] - ETA: 0s - loss: 0.0383 - acc: 0.9944
1360/1461 [==========================>...] - ETA: 0s - loss: 0.0396 - acc: 0.9934
1461/1461 [==============================] - 0s 118us/step - loss: 0.0394 - acc: 0.9932 - val_loss: 0.0342 - val_acc: 0.9938
Epoch 6/30

  20/1461 [..............................] - ETA: 0s - loss: 0.0173 - acc: 1.0000
 460/1461 [========>.....................] - ETA: 0s - loss: 0.0310 - acc: 0.9957
 920/1461 [=================>............] - ETA: 0s - loss: 0.0288 - acc: 0.9967
1360/1461 [==========================>...] - ETA: 0s - loss: 0.0302 - acc: 0.9956
1461/1461 [==============================] - 0s 119us/step - loss: 0.0299 - acc: 0.9959 - val_loss: 0.0320 - val_acc: 0.9938
Epoch 7/30

  20/1461 [..............................] - ETA: 0s - loss: 0.0161 - acc: 1.0000
 460/1461 [========>.....................] - ETA: 0s - loss: 0.0282 - acc: 0.9935
 900/1461 [=================>............] - ETA: 0s - loss: 0.0231 - acc: 0.9967
1360/1461 [==========================>...] - ETA: 0s - loss: 0.0240 - acc: 0.9956
1461/1461 [==============================] - 0s 121us/step - loss: 0.0234 - acc: 0.9959 - val_loss: 0.0295 - val_acc: 0.9938
Epoch 8/30

  20/1461 [..............................] - ETA: 0s - loss: 0.0134 - acc: 1.0000
 480/1461 [========>.....................] - ETA: 0s - loss: 0.0183 - acc: 0.9979
 920/1461 [=================>............] - ETA: 0s - loss: 0.0211 - acc: 0.9957
1340/1461 [==========================>...] - ETA: 0s - loss: 0.0186 - acc: 0.9970
1461/1461 [==============================] - 0s 124us/step - loss: 0.0182 - acc: 0.9973 - val_loss: 0.0280 - val_acc: 0.9938
Epoch 9/30

  20/1461 [..............................] - ETA: 0s - loss: 0.0070 - acc: 1.0000
 400/1461 [=======>......................] - ETA: 0s - loss: 0.0101 - acc: 1.0000
 800/1461 [===============>..............] - ETA: 0s - loss: 0.0121 - acc: 0.9987
1240/1461 [========================>.....] - ETA: 0s - loss: 0.0147 - acc: 0.9968
1461/1461 [==============================] - 0s 132us/step - loss: 0.0149 - acc: 0.9973 - val_loss: 0.0271 - val_acc: 0.9938
Epoch 10/30

  20/1461 [..............................] - ETA: 0s - loss: 0.0155 - acc: 1.0000
 420/1461 [=======>......................] - ETA: 0s - loss: 0.0107 - acc: 1.0000
 840/1461 [================>.............] - ETA: 0s - loss: 0.0104 - acc: 1.0000
1260/1461 [========================>.....] - ETA: 0s - loss: 0.0106 - acc: 0.9992
1461/1461 [==============================] - 0s 129us/step - loss: 0.0115 - acc: 0.9986 - val_loss: 0.0257 - val_acc: 0.9938
Epoch 11/30

  20/1461 [..............................] - ETA: 0s - loss: 0.0045 - acc: 1.0000
 420/1461 [=======>......................] - ETA: 0s - loss: 0.0397 - acc: 0.9833
 860/1461 [================>.............] - ETA: 0s - loss: 0.0315 - acc: 0.9884
1320/1461 [==========================>...] - ETA: 0s - loss: 0.0246 - acc: 0.9924
1461/1461 [==============================] - 0s 124us/step - loss: 0.0239 - acc: 0.9932 - val_loss: 0.0251 - val_acc: 0.9876
Epoch 12/30

  20/1461 [..............................] - ETA: 0s - loss: 0.0198 - acc: 1.0000
 480/1461 [========>.....................] - ETA: 0s - loss: 0.0097 - acc: 1.0000
 940/1461 [==================>...........] - ETA: 0s - loss: 0.0086 - acc: 1.0000
1400/1461 [===========================>..] - ETA: 0s - loss: 0.0096 - acc: 0.9993
1461/1461 [==============================] - 0s 117us/step - loss: 0.0094 - acc: 0.9993 - val_loss: 0.0244 - val_acc: 0.9876
Epoch 13/30

  20/1461 [..............................] - ETA: 0s - loss: 0.0041 - acc: 1.0000
 480/1461 [========>.....................] - ETA: 0s - loss: 0.0090 - acc: 1.0000
 920/1461 [=================>............] - ETA: 0s - loss: 0.0084 - acc: 1.0000
1380/1461 [===========================>..] - ETA: 0s - loss: 0.0077 - acc: 1.0000
1461/1461 [==============================] - 0s 117us/step - loss: 0.0076 - acc: 1.0000 - val_loss: 0.0228 - val_acc: 0.9938
Epoch 14/30

  20/1461 [..............................] - ETA: 0s - loss: 0.0077 - acc: 1.0000
 480/1461 [========>.....................] - ETA: 0s - loss: 0.0055 - acc: 1.0000
 940/1461 [==================>...........] - ETA: 0s - loss: 0.0062 - acc: 0.9989
1400/1461 [===========================>..] - ETA: 0s - loss: 0.0061 - acc: 0.9993
1461/1461 [==============================] - 0s 116us/step - loss: 0.0064 - acc: 0.9993 - val_loss: 0.0222 - val_acc: 0.9938
Epoch 15/30

  20/1461 [..............................] - ETA: 0s - loss: 0.0064 - acc: 1.0000
 420/1461 [=======>......................] - ETA: 0s - loss: 0.0052 - acc: 1.0000
 820/1461 [===============>..............] - ETA: 0s - loss: 0.0060 - acc: 1.0000
1280/1461 [=========================>....] - ETA: 0s - loss: 0.0055 - acc: 1.0000
1461/1461 [==============================] - 0s 125us/step - loss: 0.0054 - acc: 1.0000 - val_loss: 0.0220 - val_acc: 0.9938
Epoch 16/30

  20/1461 [..............................] - ETA: 0s - loss: 0.0055 - acc: 1.0000
 440/1461 [========>.....................] - ETA: 0s - loss: 0.0036 - acc: 1.0000
 840/1461 [================>.............] - ETA: 0s - loss: 0.0047 - acc: 1.0000
1300/1461 [=========================>....] - ETA: 0s - loss: 0.0048 - acc: 1.0000
1461/1461 [==============================] - 0s 125us/step - loss: 0.0048 - acc: 1.0000 - val_loss: 0.0213 - val_acc: 0.9938
Epoch 17/30

  20/1461 [..............................] - ETA: 0s - loss: 0.0078 - acc: 1.0000
 440/1461 [========>.....................] - ETA: 0s - loss: 0.0038 - acc: 1.0000
 860/1461 [================>.............] - ETA: 0s - loss: 0.0037 - acc: 1.0000
1300/1461 [=========================>....] - ETA: 0s - loss: 0.0042 - acc: 1.0000
1461/1461 [==============================] - 0s 123us/step - loss: 0.0042 - acc: 1.0000 - val_loss: 0.0211 - val_acc: 0.9938
acc: 99.38%
Accuracy: 98.34% (+/- 0.91%)
