Train on 810 samples, validate on 812 samples
Epoch 1/30

 20/810 [..............................] - ETA: 25s - loss: 0.7067 - acc: 0.4500
340/810 [===========>..................] - ETA: 0s - loss: 0.5196 - acc: 0.7324 
680/810 [========================>.....] - ETA: 0s - loss: 0.3548 - acc: 0.8441
810/810 [==============================] - 1s 1ms/step - loss: 0.3102 - acc: 0.8667 - val_loss: 0.1244 - val_acc: 0.9594
Epoch 2/30

 20/810 [..............................] - ETA: 0s - loss: 0.0188 - acc: 1.0000
340/810 [===========>..................] - ETA: 0s - loss: 0.0457 - acc: 0.9941
680/810 [========================>.....] - ETA: 0s - loss: 0.0507 - acc: 0.9868
810/810 [==============================] - 0s 186us/step - loss: 0.0487 - acc: 0.9877 - val_loss: 0.1123 - val_acc: 0.9581
Epoch 3/30

 20/810 [..............................] - ETA: 0s - loss: 0.0073 - acc: 1.0000
380/810 [=============>................] - ETA: 0s - loss: 0.0155 - acc: 0.9974
740/810 [==========================>...] - ETA: 0s - loss: 0.0213 - acc: 0.9959
810/810 [==============================] - 0s 174us/step - loss: 0.0208 - acc: 0.9963 - val_loss: 0.1113 - val_acc: 0.9594
Epoch 4/30

 20/810 [..............................] - ETA: 0s - loss: 0.0214 - acc: 1.0000
380/810 [=============>................] - ETA: 0s - loss: 0.0133 - acc: 0.9974
720/810 [=========================>....] - ETA: 0s - loss: 0.0109 - acc: 0.9986
810/810 [==============================] - 0s 179us/step - loss: 0.0103 - acc: 0.9988 - val_loss: 0.1064 - val_acc: 0.9618
Epoch 5/30

 20/810 [..............................] - ETA: 0s - loss: 0.0060 - acc: 1.0000
380/810 [=============>................] - ETA: 0s - loss: 0.0041 - acc: 1.0000
760/810 [===========================>..] - ETA: 0s - loss: 0.0083 - acc: 0.9987
810/810 [==============================] - 0s 172us/step - loss: 0.0081 - acc: 0.9988 - val_loss: 0.1014 - val_acc: 0.9618
Epoch 6/30

 20/810 [..............................] - ETA: 0s - loss: 0.0205 - acc: 1.0000
380/810 [=============>................] - ETA: 0s - loss: 0.0040 - acc: 1.0000
740/810 [==========================>...] - ETA: 0s - loss: 0.0060 - acc: 0.9986
810/810 [==============================] - 0s 182us/step - loss: 0.0057 - acc: 0.9988 - val_loss: 0.1014 - val_acc: 0.9631
Epoch 7/30

 20/810 [..............................] - ETA: 0s - loss: 0.0021 - acc: 1.0000
380/810 [=============>................] - ETA: 0s - loss: 0.0034 - acc: 1.0000
760/810 [===========================>..] - ETA: 0s - loss: 0.0030 - acc: 1.0000
810/810 [==============================] - 0s 175us/step - loss: 0.0029 - acc: 1.0000 - val_loss: 0.1030 - val_acc: 0.9618
Epoch 8/30

 20/810 [..............................] - ETA: 0s - loss: 0.0011 - acc: 1.0000
400/810 [=============>................] - ETA: 0s - loss: 0.0021 - acc: 1.0000
780/810 [===========================>..] - ETA: 0s - loss: 0.0020 - acc: 1.0000
810/810 [==============================] - 0s 169us/step - loss: 0.0020 - acc: 1.0000 - val_loss: 0.1040 - val_acc: 0.9594
Epoch 9/30

 20/810 [..............................] - ETA: 0s - loss: 6.5864e-04 - acc: 1.0000
360/810 [============>.................] - ETA: 0s - loss: 0.0014 - acc: 1.0000    
720/810 [=========================>....] - ETA: 0s - loss: 0.0013 - acc: 1.0000
810/810 [==============================] - 0s 181us/step - loss: 0.0013 - acc: 1.0000 - val_loss: 0.1055 - val_acc: 0.9594
Epoch 10/30

 20/810 [..............................] - ETA: 0s - loss: 7.8544e-04 - acc: 1.0000
360/810 [============>.................] - ETA: 0s - loss: 0.0011 - acc: 1.0000    
740/810 [==========================>...] - ETA: 0s - loss: 0.0011 - acc: 1.0000
810/810 [==============================] - 0s 168us/step - loss: 0.0011 - acc: 1.0000 - val_loss: 0.1057 - val_acc: 0.9594
Epoch 11/30

 20/810 [..............................] - ETA: 0s - loss: 0.0012 - acc: 1.0000
400/810 [=============>................] - ETA: 0s - loss: 7.4598e-04 - acc: 1.0000
810/810 [==============================] - 0s 155us/step - loss: 8.9891e-04 - acc: 1.0000 - val_loss: 0.1068 - val_acc: 0.9606
Epoch 12/30

 20/810 [..............................] - ETA: 0s - loss: 0.0012 - acc: 1.0000
420/810 [==============>...............] - ETA: 0s - loss: 8.2973e-04 - acc: 1.0000
810/810 [==============================] - 0s 153us/step - loss: 7.7563e-04 - acc: 1.0000 - val_loss: 0.1078 - val_acc: 0.9594
Epoch 13/30

 20/810 [..............................] - ETA: 0s - loss: 1.8506e-04 - acc: 1.0000
440/810 [===============>..............] - ETA: 0s - loss: 6.2420e-04 - acc: 1.0000
810/810 [==============================] - 0s 160us/step - loss: 6.5590e-04 - acc: 1.0000 - val_loss: 0.1087 - val_acc: 0.9594
Epoch 14/30

 20/810 [..............................] - ETA: 0s - loss: 9.3112e-04 - acc: 1.0000
420/810 [==============>...............] - ETA: 0s - loss: 5.6610e-04 - acc: 1.0000
780/810 [===========================>..] - ETA: 0s - loss: 5.8142e-04 - acc: 1.0000
810/810 [==============================] - 0s 168us/step - loss: 5.7974e-04 - acc: 1.0000 - val_loss: 0.1094 - val_acc: 0.9606
Epoch 15/30

 20/810 [..............................] - ETA: 0s - loss: 2.0405e-04 - acc: 1.0000
380/810 [=============>................] - ETA: 0s - loss: 5.5203e-04 - acc: 1.0000
760/810 [===========================>..] - ETA: 0s - loss: 4.9860e-04 - acc: 1.0000
810/810 [==============================] - 0s 168us/step - loss: 5.0799e-04 - acc: 1.0000 - val_loss: 0.1096 - val_acc: 0.9606
Epoch 16/30

 20/810 [..............................] - ETA: 0s - loss: 2.4455e-04 - acc: 1.0000
380/810 [=============>................] - ETA: 0s - loss: 4.3426e-04 - acc: 1.0000
740/810 [==========================>...] - ETA: 0s - loss: 4.4771e-04 - acc: 1.0000
810/810 [==============================] - 0s 170us/step - loss: 4.4887e-04 - acc: 1.0000 - val_loss: 0.1107 - val_acc: 0.9618
Epoch 17/30

 20/810 [..............................] - ETA: 0s - loss: 5.4444e-04 - acc: 1.0000
440/810 [===============>..............] - ETA: 0s - loss: 3.5780e-04 - acc: 1.0000
810/810 [==============================] - 0s 157us/step - loss: 4.0839e-04 - acc: 1.0000 - val_loss: 0.1114 - val_acc: 0.9606
Epoch 18/30

 20/810 [..............................] - ETA: 0s - loss: 3.1208e-04 - acc: 1.0000
540/810 [===================>..........] - ETA: 0s - loss: 3.4157e-04 - acc: 1.0000
810/810 [==============================] - 0s 123us/step - loss: 3.6446e-04 - acc: 1.0000 - val_loss: 0.1119 - val_acc: 0.9606
Epoch 19/30

 20/810 [..............................] - ETA: 0s - loss: 4.6980e-04 - acc: 1.0000
540/810 [===================>..........] - ETA: 0s - loss: 3.1874e-04 - acc: 1.0000
810/810 [==============================] - 0s 123us/step - loss: 3.3249e-04 - acc: 1.0000 - val_loss: 0.1124 - val_acc: 0.9606
Epoch 20/30

 20/810 [..............................] - ETA: 0s - loss: 0.0011 - acc: 1.0000
480/810 [================>.............] - ETA: 0s - loss: 2.9406e-04 - acc: 1.0000
810/810 [==============================] - 0s 137us/step - loss: 3.0781e-04 - acc: 1.0000 - val_loss: 0.1128 - val_acc: 0.9606
Epoch 21/30

 20/810 [..............................] - ETA: 0s - loss: 1.4211e-04 - acc: 1.0000
520/810 [==================>...........] - ETA: 0s - loss: 2.5082e-04 - acc: 1.0000
810/810 [==============================] - 0s 129us/step - loss: 2.7957e-04 - acc: 1.0000 - val_loss: 0.1136 - val_acc: 0.9631
Epoch 22/30

 20/810 [..............................] - ETA: 0s - loss: 3.3195e-04 - acc: 1.0000
500/810 [=================>............] - ETA: 0s - loss: 2.5712e-04 - acc: 1.0000
810/810 [==============================] - 0s 131us/step - loss: 2.5424e-04 - acc: 1.0000 - val_loss: 0.1141 - val_acc: 0.9631
acc: 96.31%
Train on 812 samples, validate on 810 samples
Epoch 1/30

 20/812 [..............................] - ETA: 21s - loss: 0.6826 - acc: 0.5500
500/812 [=================>............] - ETA: 0s - loss: 0.4365 - acc: 0.8220 
812/812 [==============================] - 1s 878us/step - loss: 0.3185 - acc: 0.8768 - val_loss: 0.0827 - val_acc: 0.9753
Epoch 2/30

 20/812 [..............................] - ETA: 0s - loss: 0.0433 - acc: 1.0000
520/812 [==================>...........] - ETA: 0s - loss: 0.0595 - acc: 0.9865
812/812 [==============================] - 0s 126us/step - loss: 0.0552 - acc: 0.9877 - val_loss: 0.0704 - val_acc: 0.9728
Epoch 3/30

 20/812 [..............................] - ETA: 0s - loss: 0.0484 - acc: 0.9500
520/812 [==================>...........] - ETA: 0s - loss: 0.0200 - acc: 0.9962
812/812 [==============================] - 0s 125us/step - loss: 0.0246 - acc: 0.9938 - val_loss: 0.0640 - val_acc: 0.9802
Epoch 4/30

 20/812 [..............................] - ETA: 0s - loss: 0.0132 - acc: 1.0000
500/812 [=================>............] - ETA: 0s - loss: 0.0116 - acc: 1.0000
812/812 [==============================] - 0s 130us/step - loss: 0.0122 - acc: 0.9988 - val_loss: 0.0567 - val_acc: 0.9815
Epoch 5/30

 20/812 [..............................] - ETA: 0s - loss: 0.0047 - acc: 1.0000
500/812 [=================>............] - ETA: 0s - loss: 0.0067 - acc: 1.0000
812/812 [==============================] - 0s 132us/step - loss: 0.0059 - acc: 1.0000 - val_loss: 0.0587 - val_acc: 0.9827
Epoch 6/30

 20/812 [..............................] - ETA: 0s - loss: 0.0042 - acc: 1.0000
500/812 [=================>............] - ETA: 0s - loss: 0.0036 - acc: 1.0000
812/812 [==============================] - 0s 129us/step - loss: 0.0037 - acc: 1.0000 - val_loss: 0.0598 - val_acc: 0.9827
Epoch 7/30

 20/812 [..............................] - ETA: 0s - loss: 0.0027 - acc: 1.0000
500/812 [=================>............] - ETA: 0s - loss: 0.0024 - acc: 1.0000
812/812 [==============================] - 0s 139us/step - loss: 0.0024 - acc: 1.0000 - val_loss: 0.0605 - val_acc: 0.9827
Epoch 8/30

 20/812 [..............................] - ETA: 0s - loss: 0.0026 - acc: 1.0000
480/812 [================>.............] - ETA: 0s - loss: 0.0016 - acc: 1.0000
812/812 [==============================] - 0s 138us/step - loss: 0.0018 - acc: 1.0000 - val_loss: 0.0614 - val_acc: 0.9827
Epoch 9/30

 20/812 [..............................] - ETA: 0s - loss: 0.0018 - acc: 1.0000
420/812 [==============>...............] - ETA: 0s - loss: 0.0015 - acc: 1.0000
812/812 [==============================] - 0s 140us/step - loss: 0.0015 - acc: 1.0000 - val_loss: 0.0621 - val_acc: 0.9827
Epoch 10/30

 20/812 [..............................] - ETA: 0s - loss: 0.0016 - acc: 1.0000
500/812 [=================>............] - ETA: 0s - loss: 0.0013 - acc: 1.0000
812/812 [==============================] - 0s 134us/step - loss: 0.0012 - acc: 1.0000 - val_loss: 0.0634 - val_acc: 0.9827
Epoch 11/30

 20/812 [..............................] - ETA: 0s - loss: 5.8676e-04 - acc: 1.0000
500/812 [=================>............] - ETA: 0s - loss: 0.0011 - acc: 1.0000    
812/812 [==============================] - 0s 130us/step - loss: 0.0010 - acc: 1.0000 - val_loss: 0.0644 - val_acc: 0.9827
Epoch 12/30

 20/812 [..............................] - ETA: 0s - loss: 2.9469e-04 - acc: 1.0000
500/812 [=================>............] - ETA: 0s - loss: 8.9426e-04 - acc: 1.0000
812/812 [==============================] - 0s 130us/step - loss: 8.6123e-04 - acc: 1.0000 - val_loss: 0.0648 - val_acc: 0.9827
Epoch 13/30

 20/812 [..............................] - ETA: 0s - loss: 8.9984e-04 - acc: 1.0000
480/812 [================>.............] - ETA: 0s - loss: 7.3658e-04 - acc: 1.0000
812/812 [==============================] - 0s 132us/step - loss: 7.4580e-04 - acc: 1.0000 - val_loss: 0.0657 - val_acc: 0.9827
Epoch 14/30

 20/812 [..............................] - ETA: 0s - loss: 5.7025e-04 - acc: 1.0000
520/812 [==================>...........] - ETA: 0s - loss: 6.6323e-04 - acc: 1.0000
812/812 [==============================] - 0s 125us/step - loss: 6.5417e-04 - acc: 1.0000 - val_loss: 0.0660 - val_acc: 0.9827
Epoch 15/30

 20/812 [..............................] - ETA: 0s - loss: 4.2902e-04 - acc: 1.0000
540/812 [==================>...........] - ETA: 0s - loss: 6.3082e-04 - acc: 1.0000
812/812 [==============================] - 0s 123us/step - loss: 5.7679e-04 - acc: 1.0000 - val_loss: 0.0670 - val_acc: 0.9827
Epoch 16/30

 20/812 [..............................] - ETA: 0s - loss: 6.1903e-04 - acc: 1.0000
520/812 [==================>...........] - ETA: 0s - loss: 4.7712e-04 - acc: 1.0000
812/812 [==============================] - 0s 125us/step - loss: 5.2495e-04 - acc: 1.0000 - val_loss: 0.0676 - val_acc: 0.9815
Epoch 17/30

 20/812 [..............................] - ETA: 0s - loss: 3.4305e-04 - acc: 1.0000
520/812 [==================>...........] - ETA: 0s - loss: 4.6181e-04 - acc: 1.0000
812/812 [==============================] - 0s 131us/step - loss: 4.7759e-04 - acc: 1.0000 - val_loss: 0.0681 - val_acc: 0.9827
Epoch 18/30

 20/812 [..............................] - ETA: 0s - loss: 2.9948e-04 - acc: 1.0000
520/812 [==================>...........] - ETA: 0s - loss: 4.1606e-04 - acc: 1.0000
812/812 [==============================] - 0s 132us/step - loss: 4.1732e-04 - acc: 1.0000 - val_loss: 0.0684 - val_acc: 0.9827
Epoch 19/30

 20/812 [..............................] - ETA: 0s - loss: 1.9749e-04 - acc: 1.0000
500/812 [=================>............] - ETA: 0s - loss: 3.7771e-04 - acc: 1.0000
812/812 [==============================] - 0s 134us/step - loss: 3.7408e-04 - acc: 1.0000 - val_loss: 0.0689 - val_acc: 0.9815
Epoch 20/30

 20/812 [..............................] - ETA: 0s - loss: 1.8065e-04 - acc: 1.0000
480/812 [================>.............] - ETA: 0s - loss: 3.3351e-04 - acc: 1.0000
812/812 [==============================] - 0s 133us/step - loss: 3.4407e-04 - acc: 1.0000 - val_loss: 0.0693 - val_acc: 0.9815
Epoch 21/30

 20/812 [..............................] - ETA: 0s - loss: 1.2267e-04 - acc: 1.0000
520/812 [==================>...........] - ETA: 0s - loss: 2.9503e-04 - acc: 1.0000
812/812 [==============================] - 0s 125us/step - loss: 3.1650e-04 - acc: 1.0000 - val_loss: 0.0699 - val_acc: 0.9827
acc: 98.27%
Accuracy: 97.29% (+/- 0.98%)
