Train on 1459 samples, validate on 163 samples
Epoch 1/30

 100/1459 [=>............................] - ETA: 6s - loss: 0.6847 - acc: 0.5800
1459/1459 [==============================] - 1s 364us/step - loss: 0.3017 - acc: 0.8807 - val_loss: 0.1295 - val_acc: 0.9448
Epoch 2/30

 100/1459 [=>............................] - ETA: 0s - loss: 0.0877 - acc: 0.9700
1459/1459 [==============================] - 0s 26us/step - loss: 0.0537 - acc: 0.9836 - val_loss: 0.1157 - val_acc: 0.9632
Epoch 3/30

 100/1459 [=>............................] - ETA: 0s - loss: 0.0142 - acc: 1.0000
1459/1459 [==============================] - 0s 27us/step - loss: 0.0273 - acc: 0.9945 - val_loss: 0.1209 - val_acc: 0.9632
Epoch 4/30

 100/1459 [=>............................] - ETA: 0s - loss: 0.0053 - acc: 1.0000
1459/1459 [==============================] - 0s 29us/step - loss: 0.0146 - acc: 0.9966 - val_loss: 0.1226 - val_acc: 0.9632
Epoch 5/30

 100/1459 [=>............................] - ETA: 0s - loss: 0.0438 - acc: 0.9900
1459/1459 [==============================] - 0s 27us/step - loss: 0.0084 - acc: 0.9979 - val_loss: 0.1265 - val_acc: 0.9632
Epoch 6/30

 100/1459 [=>............................] - ETA: 0s - loss: 0.0101 - acc: 0.9900
1459/1459 [==============================] - 0s 26us/step - loss: 0.0077 - acc: 0.9979 - val_loss: 0.1267 - val_acc: 0.9632
Epoch 7/30

 100/1459 [=>............................] - ETA: 0s - loss: 0.0029 - acc: 1.0000
1459/1459 [==============================] - 0s 28us/step - loss: 0.0052 - acc: 0.9993 - val_loss: 0.1350 - val_acc: 0.9632
Epoch 8/30

 100/1459 [=>............................] - ETA: 0s - loss: 0.0053 - acc: 1.0000
1459/1459 [==============================] - 0s 27us/step - loss: 0.0052 - acc: 0.9993 - val_loss: 0.1280 - val_acc: 0.9632
Epoch 9/30

 100/1459 [=>............................] - ETA: 0s - loss: 6.2353e-04 - acc: 1.0000
1459/1459 [==============================] - 0s 27us/step - loss: 0.0042 - acc: 0.9993 - val_loss: 0.1308 - val_acc: 0.9632
Epoch 10/30

 100/1459 [=>............................] - ETA: 0s - loss: 0.0026 - acc: 1.0000
1459/1459 [==============================] - 0s 26us/step - loss: 0.0052 - acc: 0.9993 - val_loss: 0.1342 - val_acc: 0.9632
acc: 96.32%
Train on 1459 samples, validate on 163 samples
Epoch 1/30

 100/1459 [=>............................] - ETA: 6s - loss: 0.6853 - acc: 0.6300
1459/1459 [==============================] - 1s 413us/step - loss: 0.2569 - acc: 0.9034 - val_loss: 0.1124 - val_acc: 0.9632
Epoch 2/30

 100/1459 [=>............................] - ETA: 0s - loss: 0.0361 - acc: 0.9900
1459/1459 [==============================] - 0s 27us/step - loss: 0.0492 - acc: 0.9842 - val_loss: 0.0944 - val_acc: 0.9509
Epoch 3/30

 100/1459 [=>............................] - ETA: 0s - loss: 0.0491 - acc: 0.9800
1459/1459 [==============================] - 0s 26us/step - loss: 0.0203 - acc: 0.9931 - val_loss: 0.1057 - val_acc: 0.9571
Epoch 4/30

 100/1459 [=>............................] - ETA: 0s - loss: 0.0079 - acc: 1.0000
1459/1459 [==============================] - 0s 26us/step - loss: 0.0132 - acc: 0.9966 - val_loss: 0.1085 - val_acc: 0.9571
Epoch 5/30

 100/1459 [=>............................] - ETA: 0s - loss: 0.0032 - acc: 1.0000
1459/1459 [==============================] - 0s 26us/step - loss: 0.0090 - acc: 0.9986 - val_loss: 0.1106 - val_acc: 0.9632
Epoch 6/30

 100/1459 [=>............................] - ETA: 0s - loss: 0.0046 - acc: 1.0000
1459/1459 [==============================] - 0s 26us/step - loss: 0.0075 - acc: 0.9973 - val_loss: 0.1178 - val_acc: 0.9571
Epoch 7/30

 100/1459 [=>............................] - ETA: 0s - loss: 0.0020 - acc: 1.0000
1459/1459 [==============================] - 0s 26us/step - loss: 0.0051 - acc: 0.9993 - val_loss: 0.1123 - val_acc: 0.9632
Epoch 8/30

 100/1459 [=>............................] - ETA: 0s - loss: 0.0057 - acc: 1.0000
1459/1459 [==============================] - 0s 26us/step - loss: 0.0040 - acc: 0.9986 - val_loss: 0.1150 - val_acc: 0.9632
Epoch 9/30

 100/1459 [=>............................] - ETA: 0s - loss: 0.0020 - acc: 1.0000
1459/1459 [==============================] - 0s 28us/step - loss: 0.0035 - acc: 1.0000 - val_loss: 0.1170 - val_acc: 0.9632
Epoch 10/30

 100/1459 [=>............................] - ETA: 0s - loss: 0.0029 - acc: 1.0000
1459/1459 [==============================] - 0s 27us/step - loss: 0.0062 - acc: 0.9986 - val_loss: 0.1111 - val_acc: 0.9632
Epoch 11/30

 100/1459 [=>............................] - ETA: 0s - loss: 0.0056 - acc: 1.0000
1459/1459 [==============================] - 0s 28us/step - loss: 0.0050 - acc: 0.9993 - val_loss: 0.1069 - val_acc: 0.9632
Epoch 12/30

 100/1459 [=>............................] - ETA: 0s - loss: 0.0010 - acc: 1.0000
1459/1459 [==============================] - 0s 28us/step - loss: 0.0040 - acc: 0.9993 - val_loss: 0.1110 - val_acc: 0.9571
Epoch 13/30

 100/1459 [=>............................] - ETA: 0s - loss: 0.0014 - acc: 1.0000
1459/1459 [==============================] - 0s 28us/step - loss: 0.0035 - acc: 0.9993 - val_loss: 0.1106 - val_acc: 0.9571
Epoch 14/30

 100/1459 [=>............................] - ETA: 0s - loss: 8.1885e-04 - acc: 1.0000
1459/1459 [==============================] - 0s 29us/step - loss: 0.0024 - acc: 0.9993 - val_loss: 0.1135 - val_acc: 0.9571
Epoch 15/30

 100/1459 [=>............................] - ETA: 0s - loss: 0.0020 - acc: 1.0000
1459/1459 [==============================] - 0s 27us/step - loss: 0.0026 - acc: 0.9993 - val_loss: 0.1183 - val_acc: 0.9632
Epoch 16/30

 100/1459 [=>............................] - ETA: 0s - loss: 0.0096 - acc: 1.0000
1459/1459 [==============================] - 0s 27us/step - loss: 0.0015 - acc: 1.0000 - val_loss: 0.1275 - val_acc: 0.9632
Epoch 17/30

 100/1459 [=>............................] - ETA: 0s - loss: 5.3946e-04 - acc: 1.0000
1459/1459 [==============================] - 0s 28us/step - loss: 0.0050 - acc: 0.9993 - val_loss: 0.1318 - val_acc: 0.9571
acc: 96.32%
Train on 1459 samples, validate on 163 samples
Epoch 1/30

 100/1459 [=>............................] - ETA: 8s - loss: 0.7103 - acc: 0.3700
1459/1459 [==============================] - 1s 475us/step - loss: 0.2839 - acc: 0.8718 - val_loss: 0.1315 - val_acc: 0.9632
Epoch 2/30

 100/1459 [=>............................] - ETA: 0s - loss: 0.0395 - acc: 0.9800
1459/1459 [==============================] - 0s 27us/step - loss: 0.0593 - acc: 0.9794 - val_loss: 0.1178 - val_acc: 0.9509
Epoch 3/30

 100/1459 [=>............................] - ETA: 0s - loss: 0.0110 - acc: 1.0000
1459/1459 [==============================] - 0s 26us/step - loss: 0.0252 - acc: 0.9918 - val_loss: 0.0834 - val_acc: 0.9509
Epoch 4/30

 100/1459 [=>............................] - ETA: 0s - loss: 0.0199 - acc: 0.9900
1459/1459 [==============================] - 0s 27us/step - loss: 0.0124 - acc: 0.9979 - val_loss: 0.0705 - val_acc: 0.9693
Epoch 5/30

 100/1459 [=>............................] - ETA: 0s - loss: 0.0051 - acc: 1.0000
1459/1459 [==============================] - 0s 26us/step - loss: 0.0063 - acc: 0.9993 - val_loss: 0.0804 - val_acc: 0.9693
Epoch 6/30

 100/1459 [=>............................] - ETA: 0s - loss: 0.0024 - acc: 1.0000
1459/1459 [==============================] - 0s 29us/step - loss: 0.0032 - acc: 1.0000 - val_loss: 0.0827 - val_acc: 0.9693
Epoch 7/30

 100/1459 [=>............................] - ETA: 0s - loss: 0.0015 - acc: 1.0000
1459/1459 [==============================] - 0s 27us/step - loss: 0.0046 - acc: 0.9993 - val_loss: 0.0788 - val_acc: 0.9755
Epoch 8/30

 100/1459 [=>............................] - ETA: 0s - loss: 9.0559e-04 - acc: 1.0000
1459/1459 [==============================] - 0s 27us/step - loss: 0.0036 - acc: 0.9993 - val_loss: 0.0680 - val_acc: 0.9755
Epoch 9/30

 100/1459 [=>............................] - ETA: 0s - loss: 5.1033e-04 - acc: 1.0000
1459/1459 [==============================] - 0s 29us/step - loss: 0.0031 - acc: 0.9993 - val_loss: 0.0664 - val_acc: 0.9755
Epoch 10/30

 100/1459 [=>............................] - ETA: 0s - loss: 0.0013 - acc: 1.0000
1459/1459 [==============================] - 0s 28us/step - loss: 0.0034 - acc: 0.9993 - val_loss: 0.0645 - val_acc: 0.9755
Epoch 11/30

 100/1459 [=>............................] - ETA: 0s - loss: 5.1018e-04 - acc: 1.0000
1459/1459 [==============================] - 0s 28us/step - loss: 0.0031 - acc: 0.9993 - val_loss: 0.0605 - val_acc: 0.9755
Epoch 12/30

 100/1459 [=>............................] - ETA: 0s - loss: 0.0013 - acc: 1.0000
1459/1459 [==============================] - 0s 28us/step - loss: 0.0024 - acc: 0.9993 - val_loss: 0.0656 - val_acc: 0.9755
Epoch 13/30

 100/1459 [=>............................] - ETA: 0s - loss: 6.5175e-04 - acc: 1.0000
1459/1459 [==============================] - 0s 28us/step - loss: 0.0025 - acc: 0.9993 - val_loss: 0.0688 - val_acc: 0.9877
Epoch 14/30

 100/1459 [=>............................] - ETA: 0s - loss: 0.0234 - acc: 0.9900
1459/1459 [==============================] - 0s 27us/step - loss: 0.0028 - acc: 0.9993 - val_loss: 0.0660 - val_acc: 0.9877
Epoch 15/30

 100/1459 [=>............................] - ETA: 0s - loss: 0.0024 - acc: 1.0000
1459/1459 [==============================] - 0s 28us/step - loss: 0.0036 - acc: 0.9993 - val_loss: 0.0674 - val_acc: 0.9816
Epoch 16/30

 100/1459 [=>............................] - ETA: 0s - loss: 4.0660e-04 - acc: 1.0000
1459/1459 [==============================] - 0s 27us/step - loss: 0.0033 - acc: 0.9993 - val_loss: 0.0701 - val_acc: 0.9755
Epoch 17/30

 100/1459 [=>............................] - ETA: 0s - loss: 5.8393e-04 - acc: 1.0000
1459/1459 [==============================] - 0s 26us/step - loss: 0.0034 - acc: 0.9993 - val_loss: 0.0669 - val_acc: 0.9755
Epoch 18/30

 100/1459 [=>............................] - ETA: 0s - loss: 9.8458e-04 - acc: 1.0000
1459/1459 [==============================] - 0s 26us/step - loss: 0.0033 - acc: 0.9993 - val_loss: 0.0696 - val_acc: 0.9755
Epoch 19/30

 100/1459 [=>............................] - ETA: 0s - loss: 7.8429e-04 - acc: 1.0000
1459/1459 [==============================] - 0s 26us/step - loss: 0.0034 - acc: 0.9993 - val_loss: 0.0615 - val_acc: 0.9755
Epoch 20/30

 100/1459 [=>............................] - ETA: 0s - loss: 0.0028 - acc: 1.0000
1459/1459 [==============================] - 0s 26us/step - loss: 0.0031 - acc: 0.9993 - val_loss: 0.0574 - val_acc: 0.9816
Epoch 21/30

 100/1459 [=>............................] - ETA: 0s - loss: 8.7118e-04 - acc: 1.0000
1459/1459 [==============================] - 0s 27us/step - loss: 0.0031 - acc: 0.9993 - val_loss: 0.0616 - val_acc: 0.9816
acc: 98.77%
Train on 1460 samples, validate on 162 samples
Epoch 1/30

 100/1460 [=>............................] - ETA: 9s - loss: 0.7157 - acc: 0.4200
1460/1460 [==============================] - 1s 588us/step - loss: 0.2623 - acc: 0.8801 - val_loss: 0.0751 - val_acc: 0.9815
Epoch 2/30

 100/1460 [=>............................] - ETA: 0s - loss: 0.0663 - acc: 0.9700
1460/1460 [==============================] - 0s 28us/step - loss: 0.0381 - acc: 0.9884 - val_loss: 0.0529 - val_acc: 0.9753
Epoch 3/30

 100/1460 [=>............................] - ETA: 0s - loss: 0.0050 - acc: 1.0000
1460/1460 [==============================] - 0s 32us/step - loss: 0.0171 - acc: 0.9959 - val_loss: 0.0420 - val_acc: 0.9753
Epoch 4/30

 100/1460 [=>............................] - ETA: 0s - loss: 0.0041 - acc: 1.0000
1460/1460 [==============================] - 0s 30us/step - loss: 0.0122 - acc: 0.9979 - val_loss: 0.0520 - val_acc: 0.9691
Epoch 5/30

 100/1460 [=>............................] - ETA: 0s - loss: 0.0026 - acc: 1.0000
1460/1460 [==============================] - 0s 27us/step - loss: 0.0086 - acc: 0.9986 - val_loss: 0.0518 - val_acc: 0.9753
Epoch 6/30

 100/1460 [=>............................] - ETA: 0s - loss: 0.0028 - acc: 1.0000
1460/1460 [==============================] - 0s 27us/step - loss: 0.0061 - acc: 0.9986 - val_loss: 0.0529 - val_acc: 0.9753
Epoch 7/30

 100/1460 [=>............................] - ETA: 0s - loss: 0.0027 - acc: 1.0000
1460/1460 [==============================] - 0s 28us/step - loss: 0.0047 - acc: 0.9993 - val_loss: 0.0541 - val_acc: 0.9815
Epoch 8/30

 100/1460 [=>............................] - ETA: 0s - loss: 8.3591e-04 - acc: 1.0000
1460/1460 [==============================] - 0s 27us/step - loss: 0.0044 - acc: 0.9993 - val_loss: 0.0529 - val_acc: 0.9815
Epoch 9/30

 100/1460 [=>............................] - ETA: 0s - loss: 0.0013 - acc: 1.0000
1460/1460 [==============================] - 0s 28us/step - loss: 0.0032 - acc: 0.9993 - val_loss: 0.0490 - val_acc: 0.9815
acc: 98.15%
Train on 1460 samples, validate on 162 samples
Epoch 1/30

 100/1460 [=>............................] - ETA: 10s - loss: 0.7005 - acc: 0.4500
1460/1460 [==============================] - 1s 629us/step - loss: 0.3167 - acc: 0.8623 - val_loss: 0.0938 - val_acc: 0.9753
Epoch 2/30

 100/1460 [=>............................] - ETA: 0s - loss: 0.0425 - acc: 0.9800
1460/1460 [==============================] - 0s 27us/step - loss: 0.0570 - acc: 0.9795 - val_loss: 0.0982 - val_acc: 0.9630
Epoch 3/30

 100/1460 [=>............................] - ETA: 0s - loss: 0.0115 - acc: 1.0000
1460/1460 [==============================] - 0s 27us/step - loss: 0.0275 - acc: 0.9938 - val_loss: 0.0846 - val_acc: 0.9691
Epoch 4/30

 100/1460 [=>............................] - ETA: 0s - loss: 0.0078 - acc: 1.0000
1460/1460 [==============================] - 0s 27us/step - loss: 0.0146 - acc: 0.9966 - val_loss: 0.0805 - val_acc: 0.9691
Epoch 5/30

 100/1460 [=>............................] - ETA: 0s - loss: 0.0039 - acc: 1.0000
1460/1460 [==============================] - 0s 29us/step - loss: 0.0097 - acc: 0.9979 - val_loss: 0.0595 - val_acc: 0.9753
Epoch 6/30

 100/1460 [=>............................] - ETA: 0s - loss: 0.0032 - acc: 1.0000
1460/1460 [==============================] - 0s 28us/step - loss: 0.0054 - acc: 0.9986 - val_loss: 0.0495 - val_acc: 0.9815
Epoch 7/30

 100/1460 [=>............................] - ETA: 0s - loss: 0.0019 - acc: 1.0000
1460/1460 [==============================] - 0s 29us/step - loss: 0.0043 - acc: 0.9993 - val_loss: 0.0573 - val_acc: 0.9815
Epoch 8/30

 100/1460 [=>............................] - ETA: 0s - loss: 0.0017 - acc: 1.0000
1460/1460 [==============================] - 0s 30us/step - loss: 0.0031 - acc: 0.9993 - val_loss: 0.0634 - val_acc: 0.9815
Epoch 9/30

 100/1460 [=>............................] - ETA: 0s - loss: 0.0020 - acc: 1.0000
1460/1460 [==============================] - 0s 29us/step - loss: 0.0032 - acc: 0.9993 - val_loss: 0.0669 - val_acc: 0.9815
Epoch 10/30

 100/1460 [=>............................] - ETA: 0s - loss: 9.7072e-04 - acc: 1.0000
1460/1460 [==============================] - 0s 29us/step - loss: 0.0022 - acc: 1.0000 - val_loss: 0.0704 - val_acc: 0.9815
Epoch 11/30

 100/1460 [=>............................] - ETA: 0s - loss: 0.0015 - acc: 1.0000
1460/1460 [==============================] - 0s 28us/step - loss: 0.0033 - acc: 0.9993 - val_loss: 0.0713 - val_acc: 0.9815
Epoch 12/30

 100/1460 [=>............................] - ETA: 0s - loss: 5.9205e-04 - acc: 1.0000
1460/1460 [==============================] - 0s 28us/step - loss: 0.0031 - acc: 0.9993 - val_loss: 0.0761 - val_acc: 0.9753
Epoch 13/30

 100/1460 [=>............................] - ETA: 0s - loss: 6.3055e-04 - acc: 1.0000
1460/1460 [==============================] - 0s 27us/step - loss: 0.0028 - acc: 0.9993 - val_loss: 0.0759 - val_acc: 0.9753
Epoch 14/30

 100/1460 [=>............................] - ETA: 0s - loss: 0.0324 - acc: 0.9900
1460/1460 [==============================] - 0s 28us/step - loss: 0.0033 - acc: 0.9993 - val_loss: 0.0801 - val_acc: 0.9753
Epoch 15/30

 100/1460 [=>............................] - ETA: 0s - loss: 6.6151e-04 - acc: 1.0000
1460/1460 [==============================] - 0s 28us/step - loss: 0.0042 - acc: 0.9993 - val_loss: 0.0828 - val_acc: 0.9753
acc: 98.15%
Train on 1460 samples, validate on 162 samples
Epoch 1/30

 100/1460 [=>............................] - ETA: 14s - loss: 0.7096 - acc: 0.3900
1400/1460 [===========================>..] - ETA: 0s - loss: 0.3234 - acc: 0.8607 
1460/1460 [==============================] - 1s 847us/step - loss: 0.3156 - acc: 0.8644 - val_loss: 0.0907 - val_acc: 0.9691
Epoch 2/30

 100/1460 [=>............................] - ETA: 0s - loss: 0.0266 - acc: 1.0000
1460/1460 [==============================] - 0s 34us/step - loss: 0.0589 - acc: 0.9801 - val_loss: 0.0740 - val_acc: 0.9630
Epoch 3/30

 100/1460 [=>............................] - ETA: 0s - loss: 0.0109 - acc: 1.0000
1460/1460 [==============================] - 0s 35us/step - loss: 0.0278 - acc: 0.9918 - val_loss: 0.0600 - val_acc: 0.9753
Epoch 4/30

 100/1460 [=>............................] - ETA: 0s - loss: 0.0112 - acc: 1.0000
1460/1460 [==============================] - 0s 35us/step - loss: 0.0142 - acc: 0.9966 - val_loss: 0.0676 - val_acc: 0.9815
Epoch 5/30

 100/1460 [=>............................] - ETA: 0s - loss: 0.0039 - acc: 1.0000
1460/1460 [==============================] - 0s 30us/step - loss: 0.0087 - acc: 0.9979 - val_loss: 0.0764 - val_acc: 0.9815
Epoch 6/30

 100/1460 [=>............................] - ETA: 0s - loss: 0.0049 - acc: 1.0000
1460/1460 [==============================] - 0s 34us/step - loss: 0.0058 - acc: 0.9979 - val_loss: 0.0848 - val_acc: 0.9691
Epoch 7/30

 100/1460 [=>............................] - ETA: 0s - loss: 0.0017 - acc: 1.0000
1460/1460 [==============================] - 0s 36us/step - loss: 0.0039 - acc: 0.9993 - val_loss: 0.0782 - val_acc: 0.9691
Epoch 8/30

 100/1460 [=>............................] - ETA: 0s - loss: 0.0035 - acc: 1.0000
1460/1460 [==============================] - 0s 32us/step - loss: 0.0027 - acc: 1.0000 - val_loss: 0.0751 - val_acc: 0.9753
Epoch 9/30

 100/1460 [=>............................] - ETA: 0s - loss: 0.0014 - acc: 1.0000
1460/1460 [==============================] - 0s 31us/step - loss: 0.0020 - acc: 1.0000 - val_loss: 0.0747 - val_acc: 0.9753
Epoch 10/30

 100/1460 [=>............................] - ETA: 0s - loss: 0.0021 - acc: 1.0000
1460/1460 [==============================] - 0s 28us/step - loss: 0.0019 - acc: 0.9993 - val_loss: 0.0740 - val_acc: 0.9753
Epoch 11/30

 100/1460 [=>............................] - ETA: 0s - loss: 8.8520e-04 - acc: 1.0000
1460/1460 [==============================] - 0s 27us/step - loss: 0.0014 - acc: 1.0000 - val_loss: 0.0699 - val_acc: 0.9753
Epoch 12/30

 100/1460 [=>............................] - ETA: 0s - loss: 5.1515e-04 - acc: 1.0000
1460/1460 [==============================] - 0s 30us/step - loss: 0.0016 - acc: 0.9993 - val_loss: 0.0743 - val_acc: 0.9753
acc: 98.15%
Train on 1460 samples, validate on 162 samples
Epoch 1/30

 100/1460 [=>............................] - ETA: 14s - loss: 0.7005 - acc: 0.4900
1460/1460 [==============================] - 1s 861us/step - loss: 0.2430 - acc: 0.8945 - val_loss: 0.1024 - val_acc: 0.9568
Epoch 2/30

 100/1460 [=>............................] - ETA: 0s - loss: 0.0764 - acc: 0.9800
1460/1460 [==============================] - 0s 31us/step - loss: 0.0461 - acc: 0.9856 - val_loss: 0.0904 - val_acc: 0.9753
Epoch 3/30

 100/1460 [=>............................] - ETA: 0s - loss: 0.0255 - acc: 0.9900
1460/1460 [==============================] - 0s 32us/step - loss: 0.0209 - acc: 0.9959 - val_loss: 0.0768 - val_acc: 0.9815
Epoch 4/30

 100/1460 [=>............................] - ETA: 0s - loss: 0.0054 - acc: 1.0000
1460/1460 [==============================] - 0s 31us/step - loss: 0.0109 - acc: 0.9966 - val_loss: 0.0945 - val_acc: 0.9691
Epoch 5/30

 100/1460 [=>............................] - ETA: 0s - loss: 0.0044 - acc: 1.0000
1460/1460 [==============================] - 0s 29us/step - loss: 0.0053 - acc: 0.9993 - val_loss: 0.1033 - val_acc: 0.9753
Epoch 6/30

 100/1460 [=>............................] - ETA: 0s - loss: 0.0017 - acc: 1.0000
1460/1460 [==============================] - 0s 30us/step - loss: 0.0027 - acc: 1.0000 - val_loss: 0.1079 - val_acc: 0.9753
Epoch 7/30

 100/1460 [=>............................] - ETA: 0s - loss: 9.9621e-04 - acc: 1.0000
1460/1460 [==============================] - 0s 29us/step - loss: 0.0021 - acc: 0.9993 - val_loss: 0.1056 - val_acc: 0.9753
Epoch 8/30

 100/1460 [=>............................] - ETA: 0s - loss: 7.4842e-04 - acc: 1.0000
1460/1460 [==============================] - 0s 29us/step - loss: 0.0011 - acc: 1.0000 - val_loss: 0.1119 - val_acc: 0.9753
Epoch 9/30

 100/1460 [=>............................] - ETA: 0s - loss: 6.9877e-04 - acc: 1.0000
1460/1460 [==============================] - 0s 40us/step - loss: 9.6763e-04 - acc: 1.0000 - val_loss: 0.1108 - val_acc: 0.9753
Epoch 10/30

 100/1460 [=>............................] - ETA: 0s - loss: 4.2407e-04 - acc: 1.0000
1460/1460 [==============================] - 0s 41us/step - loss: 9.8001e-04 - acc: 1.0000 - val_loss: 0.1122 - val_acc: 0.9753
Epoch 11/30

 100/1460 [=>............................] - ETA: 0s - loss: 4.2721e-04 - acc: 1.0000
1460/1460 [==============================] - 0s 40us/step - loss: 7.4286e-04 - acc: 1.0000 - val_loss: 0.1117 - val_acc: 0.9753
acc: 98.15%
Train on 1460 samples, validate on 162 samples
Epoch 1/30

 100/1460 [=>............................] - ETA: 18s - loss: 0.6926 - acc: 0.5600
1460/1460 [==============================] - 2s 1ms/step - loss: 0.2983 - acc: 0.8678 - val_loss: 0.0889 - val_acc: 0.9691
Epoch 2/30

 100/1460 [=>............................] - ETA: 0s - loss: 0.0579 - acc: 0.9900
1460/1460 [==============================] - 0s 32us/step - loss: 0.0514 - acc: 0.9836 - val_loss: 0.0816 - val_acc: 0.9630
Epoch 3/30

 100/1460 [=>............................] - ETA: 0s - loss: 0.0066 - acc: 1.0000
1460/1460 [==============================] - 0s 41us/step - loss: 0.0208 - acc: 0.9932 - val_loss: 0.0649 - val_acc: 0.9815
Epoch 4/30

 100/1460 [=>............................] - ETA: 0s - loss: 0.0252 - acc: 0.9900
1460/1460 [==============================] - 0s 37us/step - loss: 0.0091 - acc: 0.9986 - val_loss: 0.0634 - val_acc: 0.9753
Epoch 5/30

 100/1460 [=>............................] - ETA: 0s - loss: 0.0044 - acc: 1.0000
1460/1460 [==============================] - 0s 32us/step - loss: 0.0059 - acc: 0.9986 - val_loss: 0.0697 - val_acc: 0.9815
Epoch 6/30

 100/1460 [=>............................] - ETA: 0s - loss: 0.0019 - acc: 1.0000
1460/1460 [==============================] - 0s 31us/step - loss: 0.0050 - acc: 0.9986 - val_loss: 0.0756 - val_acc: 0.9753
Epoch 7/30

 100/1460 [=>............................] - ETA: 0s - loss: 0.0010 - acc: 1.0000
1460/1460 [==============================] - 0s 31us/step - loss: 0.0036 - acc: 0.9986 - val_loss: 0.0729 - val_acc: 0.9815
Epoch 8/30

 100/1460 [=>............................] - ETA: 0s - loss: 0.0011 - acc: 1.0000
1460/1460 [==============================] - 0s 32us/step - loss: 0.0030 - acc: 0.9986 - val_loss: 0.0701 - val_acc: 0.9753
Epoch 9/30

 100/1460 [=>............................] - ETA: 0s - loss: 5.0618e-04 - acc: 1.0000
1460/1460 [==============================] - 0s 31us/step - loss: 0.0021 - acc: 0.9986 - val_loss: 0.0715 - val_acc: 0.9753
Epoch 10/30

 100/1460 [=>............................] - ETA: 0s - loss: 0.0081 - acc: 0.9900
1460/1460 [==============================] - 0s 32us/step - loss: 0.0019 - acc: 0.9993 - val_loss: 0.0690 - val_acc: 0.9691
Epoch 11/30

 100/1460 [=>............................] - ETA: 0s - loss: 4.6187e-04 - acc: 1.0000
1460/1460 [==============================] - 0s 31us/step - loss: 0.0019 - acc: 0.9993 - val_loss: 0.0707 - val_acc: 0.9753
Epoch 12/30

 100/1460 [=>............................] - ETA: 0s - loss: 6.2376e-04 - acc: 1.0000
1460/1460 [==============================] - 0s 31us/step - loss: 0.0015 - acc: 0.9993 - val_loss: 0.0709 - val_acc: 0.9753
Epoch 13/30

 100/1460 [=>............................] - ETA: 0s - loss: 5.5489e-04 - acc: 1.0000
1460/1460 [==============================] - 0s 33us/step - loss: 0.0013 - acc: 1.0000 - val_loss: 0.0710 - val_acc: 0.9753
acc: 98.15%
Train on 1460 samples, validate on 162 samples
Epoch 1/30

 100/1460 [=>............................] - ETA: 17s - loss: 0.6975 - acc: 0.4700
1460/1460 [==============================] - 1s 1ms/step - loss: 0.2802 - acc: 0.8719 - val_loss: 0.1285 - val_acc: 0.9506
Epoch 2/30

 100/1460 [=>............................] - ETA: 0s - loss: 0.0848 - acc: 0.9800
1460/1460 [==============================] - 0s 32us/step - loss: 0.0478 - acc: 0.9849 - val_loss: 0.1602 - val_acc: 0.9506
Epoch 3/30

 100/1460 [=>............................] - ETA: 0s - loss: 0.0778 - acc: 0.9900
1460/1460 [==============================] - 0s 31us/step - loss: 0.0220 - acc: 0.9938 - val_loss: 0.1539 - val_acc: 0.9506
Epoch 4/30

 100/1460 [=>............................] - ETA: 0s - loss: 0.0072 - acc: 1.0000
1460/1460 [==============================] - 0s 31us/step - loss: 0.0131 - acc: 0.9979 - val_loss: 0.1564 - val_acc: 0.9691
Epoch 5/30

 100/1460 [=>............................] - ETA: 0s - loss: 0.0042 - acc: 1.0000
1460/1460 [==============================] - 0s 28us/step - loss: 0.0078 - acc: 0.9973 - val_loss: 0.1531 - val_acc: 0.9630
Epoch 6/30

 100/1460 [=>............................] - ETA: 0s - loss: 0.0110 - acc: 0.9900
1460/1460 [==============================] - 0s 31us/step - loss: 0.0074 - acc: 0.9973 - val_loss: 0.1680 - val_acc: 0.9630
Epoch 7/30

 100/1460 [=>............................] - ETA: 0s - loss: 0.0023 - acc: 1.0000
1460/1460 [==============================] - 0s 29us/step - loss: 0.0059 - acc: 0.9979 - val_loss: 0.1665 - val_acc: 0.9630
Epoch 8/30

 100/1460 [=>............................] - ETA: 0s - loss: 0.0022 - acc: 1.0000
1460/1460 [==============================] - 0s 28us/step - loss: 0.0073 - acc: 0.9973 - val_loss: 0.1717 - val_acc: 0.9630
Epoch 9/30

 100/1460 [=>............................] - ETA: 0s - loss: 0.0016 - acc: 1.0000
1460/1460 [==============================] - 0s 30us/step - loss: 0.0054 - acc: 0.9979 - val_loss: 0.1748 - val_acc: 0.9630
Epoch 10/30

 100/1460 [=>............................] - ETA: 0s - loss: 0.0029 - acc: 1.0000
1460/1460 [==============================] - 0s 30us/step - loss: 0.0044 - acc: 0.9986 - val_loss: 0.1807 - val_acc: 0.9691
Epoch 11/30

 100/1460 [=>............................] - ETA: 0s - loss: 0.0013 - acc: 1.0000
1460/1460 [==============================] - 0s 29us/step - loss: 0.0034 - acc: 0.9986 - val_loss: 0.1779 - val_acc: 0.9691
Epoch 12/30

 100/1460 [=>............................] - ETA: 0s - loss: 5.9214e-04 - acc: 1.0000
1460/1460 [==============================] - 0s 35us/step - loss: 0.0031 - acc: 0.9993 - val_loss: 0.1851 - val_acc: 0.9630
acc: 96.91%
Train on 1461 samples, validate on 161 samples
Epoch 1/30

 100/1461 [=>............................] - ETA: 18s - loss: 0.6829 - acc: 0.6200
1461/1461 [==============================] - 2s 1ms/step - loss: 0.2409 - acc: 0.9035 - val_loss: 0.0403 - val_acc: 0.9876
Epoch 2/30

 100/1461 [=>............................] - ETA: 0s - loss: 0.1053 - acc: 0.9600
1461/1461 [==============================] - 0s 30us/step - loss: 0.0510 - acc: 0.9843 - val_loss: 0.0456 - val_acc: 0.9938
Epoch 3/30

 100/1461 [=>............................] - ETA: 0s - loss: 0.0338 - acc: 0.9900
1461/1461 [==============================] - 0s 29us/step - loss: 0.0216 - acc: 0.9952 - val_loss: 0.0424 - val_acc: 0.9938
Epoch 4/30

 100/1461 [=>............................] - ETA: 0s - loss: 0.0066 - acc: 1.0000
1461/1461 [==============================] - 0s 28us/step - loss: 0.0140 - acc: 0.9973 - val_loss: 0.0383 - val_acc: 0.9938
Epoch 5/30

 100/1461 [=>............................] - ETA: 0s - loss: 0.0114 - acc: 0.9900
1461/1461 [==============================] - 0s 29us/step - loss: 0.0087 - acc: 0.9979 - val_loss: 0.0399 - val_acc: 0.9938
Epoch 6/30

 100/1461 [=>............................] - ETA: 0s - loss: 0.0019 - acc: 1.0000
1461/1461 [==============================] - 0s 32us/step - loss: 0.0079 - acc: 0.9979 - val_loss: 0.0335 - val_acc: 0.9938
Epoch 7/30

 100/1461 [=>............................] - ETA: 0s - loss: 0.0263 - acc: 0.9900
1461/1461 [==============================] - 0s 28us/step - loss: 0.0071 - acc: 0.9979 - val_loss: 0.0257 - val_acc: 0.9938
Epoch 8/30

 100/1461 [=>............................] - ETA: 0s - loss: 0.0038 - acc: 1.0000
1461/1461 [==============================] - 0s 28us/step - loss: 0.0064 - acc: 0.9979 - val_loss: 0.0284 - val_acc: 0.9938
Epoch 9/30

 100/1461 [=>............................] - ETA: 0s - loss: 0.0015 - acc: 1.0000
1461/1461 [==============================] - 0s 28us/step - loss: 0.0069 - acc: 0.9979 - val_loss: 0.0305 - val_acc: 0.9938
Epoch 10/30

 100/1461 [=>............................] - ETA: 0s - loss: 0.0015 - acc: 1.0000
1461/1461 [==============================] - 0s 30us/step - loss: 0.0054 - acc: 0.9986 - val_loss: 0.0243 - val_acc: 0.9938
acc: 99.38%
Accuracy: 97.84% (+/- 0.96%)
