Train on 810 samples, validate on 812 samples
Epoch 1/30

 50/810 [>.............................] - ETA: 6s - loss: 0.7021 - acc: 0.4800
810/810 [==============================] - 1s 675us/step - loss: 0.6402 - acc: 0.6889 - val_loss: 0.5630 - val_acc: 0.8892
Epoch 2/30

 50/810 [>.............................] - ETA: 0s - loss: 0.5455 - acc: 0.9800
810/810 [==============================] - 0s 56us/step - loss: 0.4751 - acc: 0.9519 - val_loss: 0.4192 - val_acc: 0.9458
Epoch 3/30

 50/810 [>.............................] - ETA: 0s - loss: 0.3957 - acc: 0.9400
810/810 [==============================] - 0s 58us/step - loss: 0.3151 - acc: 0.9753 - val_loss: 0.2849 - val_acc: 0.9569
Epoch 4/30

 50/810 [>.............................] - ETA: 0s - loss: 0.2375 - acc: 1.0000
810/810 [==============================] - 0s 58us/step - loss: 0.1954 - acc: 0.9815 - val_loss: 0.1981 - val_acc: 0.9655
Epoch 5/30

 50/810 [>.............................] - ETA: 0s - loss: 0.1486 - acc: 1.0000
810/810 [==============================] - 0s 57us/step - loss: 0.1296 - acc: 0.9827 - val_loss: 0.1557 - val_acc: 0.9655
Epoch 6/30

 50/810 [>.............................] - ETA: 0s - loss: 0.0953 - acc: 1.0000
810/810 [==============================] - 0s 55us/step - loss: 0.0949 - acc: 0.9901 - val_loss: 0.1330 - val_acc: 0.9680
Epoch 7/30

 50/810 [>.............................] - ETA: 0s - loss: 0.0831 - acc: 1.0000
810/810 [==============================] - 0s 60us/step - loss: 0.0740 - acc: 0.9914 - val_loss: 0.1228 - val_acc: 0.9680
Epoch 8/30

 50/810 [>.............................] - ETA: 0s - loss: 0.0423 - acc: 1.0000
810/810 [==============================] - 0s 57us/step - loss: 0.0598 - acc: 0.9926 - val_loss: 0.1147 - val_acc: 0.9704
Epoch 9/30

 50/810 [>.............................] - ETA: 0s - loss: 0.0484 - acc: 1.0000
810/810 [==============================] - 0s 58us/step - loss: 0.0504 - acc: 0.9951 - val_loss: 0.1106 - val_acc: 0.9680
Epoch 10/30

 50/810 [>.............................] - ETA: 0s - loss: 0.0347 - acc: 1.0000
810/810 [==============================] - 0s 58us/step - loss: 0.0428 - acc: 0.9963 - val_loss: 0.1065 - val_acc: 0.9692
Epoch 11/30

 50/810 [>.............................] - ETA: 0s - loss: 0.0250 - acc: 1.0000
810/810 [==============================] - 0s 58us/step - loss: 0.0370 - acc: 0.9963 - val_loss: 0.1043 - val_acc: 0.9680
Epoch 12/30

 50/810 [>.............................] - ETA: 0s - loss: 0.0318 - acc: 1.0000
810/810 [==============================] - 0s 59us/step - loss: 0.0325 - acc: 0.9975 - val_loss: 0.1029 - val_acc: 0.9667
Epoch 13/30

 50/810 [>.............................] - ETA: 0s - loss: 0.0320 - acc: 1.0000
810/810 [==============================] - 0s 56us/step - loss: 0.0285 - acc: 0.9975 - val_loss: 0.1021 - val_acc: 0.9655
Epoch 14/30

 50/810 [>.............................] - ETA: 0s - loss: 0.0408 - acc: 1.0000
810/810 [==============================] - 0s 56us/step - loss: 0.0256 - acc: 0.9988 - val_loss: 0.1015 - val_acc: 0.9655
Epoch 15/30

 50/810 [>.............................] - ETA: 0s - loss: 0.0157 - acc: 1.0000
810/810 [==============================] - 0s 58us/step - loss: 0.0224 - acc: 0.9988 - val_loss: 0.1004 - val_acc: 0.9667
Epoch 16/30

 50/810 [>.............................] - ETA: 0s - loss: 0.0300 - acc: 1.0000
810/810 [==============================] - 0s 58us/step - loss: 0.0204 - acc: 0.9988 - val_loss: 0.0998 - val_acc: 0.9667
acc: 97.04%
Train on 812 samples, validate on 810 samples
Epoch 1/30

 50/812 [>.............................] - ETA: 7s - loss: 0.7187 - acc: 0.4000
812/812 [==============================] - 1s 776us/step - loss: 0.6420 - acc: 0.6810 - val_loss: 0.5516 - val_acc: 0.8753
Epoch 2/30

 50/812 [>.............................] - ETA: 0s - loss: 0.5406 - acc: 0.9400
812/812 [==============================] - 0s 59us/step - loss: 0.4862 - acc: 0.9347 - val_loss: 0.4047 - val_acc: 0.9568
Epoch 3/30

 50/812 [>.............................] - ETA: 0s - loss: 0.3816 - acc: 1.0000
812/812 [==============================] - 0s 61us/step - loss: 0.3356 - acc: 0.9631 - val_loss: 0.2640 - val_acc: 0.9790
Epoch 4/30

 50/812 [>.............................] - ETA: 0s - loss: 0.2362 - acc: 0.9800
812/812 [==============================] - 0s 57us/step - loss: 0.2186 - acc: 0.9704 - val_loss: 0.1746 - val_acc: 0.9815
Epoch 5/30

 50/812 [>.............................] - ETA: 0s - loss: 0.1525 - acc: 1.0000
812/812 [==============================] - 0s 59us/step - loss: 0.1513 - acc: 0.9766 - val_loss: 0.1294 - val_acc: 0.9790
Epoch 6/30

 50/812 [>.............................] - ETA: 0s - loss: 0.0978 - acc: 1.0000
812/812 [==============================] - 0s 57us/step - loss: 0.1127 - acc: 0.9803 - val_loss: 0.1052 - val_acc: 0.9778
Epoch 7/30

 50/812 [>.............................] - ETA: 0s - loss: 0.1253 - acc: 0.9400
812/812 [==============================] - 0s 56us/step - loss: 0.0897 - acc: 0.9840 - val_loss: 0.0914 - val_acc: 0.9790
Epoch 8/30

 50/812 [>.............................] - ETA: 0s - loss: 0.0686 - acc: 0.9800
812/812 [==============================] - 0s 57us/step - loss: 0.0726 - acc: 0.9901 - val_loss: 0.0837 - val_acc: 0.9765
Epoch 9/30

 50/812 [>.............................] - ETA: 0s - loss: 0.0415 - acc: 1.0000
812/812 [==============================] - 0s 57us/step - loss: 0.0607 - acc: 0.9926 - val_loss: 0.0772 - val_acc: 0.9778
Epoch 10/30

 50/812 [>.............................] - ETA: 0s - loss: 0.0440 - acc: 1.0000
812/812 [==============================] - 0s 64us/step - loss: 0.0516 - acc: 0.9926 - val_loss: 0.0731 - val_acc: 0.9753
Epoch 11/30

 50/812 [>.............................] - ETA: 0s - loss: 0.0408 - acc: 1.0000
812/812 [==============================] - 0s 58us/step - loss: 0.0442 - acc: 0.9963 - val_loss: 0.0708 - val_acc: 0.9753
Epoch 12/30

 50/812 [>.............................] - ETA: 0s - loss: 0.0488 - acc: 1.0000
812/812 [==============================] - 0s 58us/step - loss: 0.0382 - acc: 0.9975 - val_loss: 0.0687 - val_acc: 0.9753
acc: 98.15%
Accuracy: 97.60% (+/- 0.55%)
