Train on 810 samples, validate on 812 samples
Epoch 1/30

100/810 [==>...........................] - ETA: 3s - loss: 0.7225 - acc: 0.4300
810/810 [==============================] - 1s 676us/step - loss: 0.4245 - acc: 0.7778 - val_loss: 0.1520 - val_acc: 0.9446
Epoch 2/30

100/810 [==>...........................] - ETA: 0s - loss: 0.1061 - acc: 0.9700
810/810 [==============================] - 0s 34us/step - loss: 0.0637 - acc: 0.9790 - val_loss: 0.1428 - val_acc: 0.9507
Epoch 3/30

100/810 [==>...........................] - ETA: 0s - loss: 0.0463 - acc: 0.9900
810/810 [==============================] - 0s 36us/step - loss: 0.0295 - acc: 0.9951 - val_loss: 0.1779 - val_acc: 0.9507
Epoch 4/30

100/810 [==>...........................] - ETA: 0s - loss: 0.0119 - acc: 1.0000
810/810 [==============================] - 0s 34us/step - loss: 0.0192 - acc: 0.9951 - val_loss: 0.1669 - val_acc: 0.9495
Epoch 5/30

100/810 [==>...........................] - ETA: 0s - loss: 0.0021 - acc: 1.0000
810/810 [==============================] - 0s 35us/step - loss: 0.0088 - acc: 0.9988 - val_loss: 0.1693 - val_acc: 0.9520
Epoch 6/30

100/810 [==>...........................] - ETA: 0s - loss: 0.0042 - acc: 1.0000
810/810 [==============================] - 0s 37us/step - loss: 0.0116 - acc: 0.9988 - val_loss: 0.1721 - val_acc: 0.9507
Epoch 7/30

100/810 [==>...........................] - ETA: 0s - loss: 0.0017 - acc: 1.0000
810/810 [==============================] - 0s 39us/step - loss: 0.0058 - acc: 0.9988 - val_loss: 0.1729 - val_acc: 0.9483
acc: 95.20%
Train on 812 samples, validate on 810 samples
Epoch 1/30

100/812 [==>...........................] - ETA: 3s - loss: 0.7067 - acc: 0.4700
812/812 [==============================] - 1s 753us/step - loss: 0.3754 - acc: 0.8091 - val_loss: 0.0931 - val_acc: 0.9741
Epoch 2/30

100/812 [==>...........................] - ETA: 0s - loss: 0.0469 - acc: 0.9800
812/812 [==============================] - 0s 43us/step - loss: 0.0666 - acc: 0.9803 - val_loss: 0.0884 - val_acc: 0.9802
Epoch 3/30

100/812 [==>...........................] - ETA: 0s - loss: 0.0137 - acc: 1.0000
812/812 [==============================] - 0s 39us/step - loss: 0.0176 - acc: 0.9975 - val_loss: 0.0911 - val_acc: 0.9778
Epoch 4/30

100/812 [==>...........................] - ETA: 0s - loss: 0.0066 - acc: 1.0000
812/812 [==============================] - 0s 43us/step - loss: 0.0160 - acc: 0.9938 - val_loss: 0.0910 - val_acc: 0.9790
acc: 98.02%
Accuracy: 96.61% (+/- 1.41%)
