Train on 1459 samples, validate on 163 samples
Epoch 1/30

  50/1459 [>.............................] - ETA: 12s - loss: 0.6787 - acc: 0.5800
1200/1459 [=======================>......] - ETA: 0s - loss: 0.2652 - acc: 0.8858 
1459/1459 [==============================] - 1s 391us/step - loss: 0.2267 - acc: 0.9034 - val_loss: 0.1097 - val_acc: 0.9571
Epoch 2/30

  50/1459 [>.............................] - ETA: 0s - loss: 0.0266 - acc: 1.0000
1150/1459 [======================>.......] - ETA: 0s - loss: 0.0326 - acc: 0.9904
1459/1459 [==============================] - 0s 48us/step - loss: 0.0417 - acc: 0.9897 - val_loss: 0.0949 - val_acc: 0.9693
Epoch 3/30

  50/1459 [>.............................] - ETA: 0s - loss: 0.0207 - acc: 1.0000
1150/1459 [======================>.......] - ETA: 0s - loss: 0.0246 - acc: 0.9957
1459/1459 [==============================] - 0s 48us/step - loss: 0.0224 - acc: 0.9959 - val_loss: 0.1108 - val_acc: 0.9632
Epoch 4/30

  50/1459 [>.............................] - ETA: 0s - loss: 0.0689 - acc: 0.9800
1150/1459 [======================>.......] - ETA: 0s - loss: 0.0143 - acc: 0.9965
1459/1459 [==============================] - 0s 51us/step - loss: 0.0128 - acc: 0.9973 - val_loss: 0.1199 - val_acc: 0.9571
Epoch 5/30

  50/1459 [>.............................] - ETA: 0s - loss: 0.0030 - acc: 1.0000
1200/1459 [=======================>......] - ETA: 0s - loss: 0.0087 - acc: 0.9975
1459/1459 [==============================] - 0s 47us/step - loss: 0.0079 - acc: 0.9979 - val_loss: 0.1141 - val_acc: 0.9693
Epoch 6/30

  50/1459 [>.............................] - ETA: 0s - loss: 0.0042 - acc: 1.0000
1200/1459 [=======================>......] - ETA: 0s - loss: 0.0049 - acc: 0.9983
1459/1459 [==============================] - 0s 46us/step - loss: 0.0043 - acc: 0.9986 - val_loss: 0.1158 - val_acc: 0.9693
Epoch 7/30

  50/1459 [>.............................] - ETA: 0s - loss: 0.0014 - acc: 1.0000
 950/1459 [==================>...........] - ETA: 0s - loss: 0.0031 - acc: 0.9989
1459/1459 [==============================] - 0s 59us/step - loss: 0.0030 - acc: 0.9993 - val_loss: 0.1197 - val_acc: 0.9693
Epoch 8/30

  50/1459 [>.............................] - ETA: 0s - loss: 0.0020 - acc: 1.0000
1050/1459 [====================>.........] - ETA: 0s - loss: 0.0015 - acc: 1.0000
1459/1459 [==============================] - 0s 54us/step - loss: 0.0020 - acc: 0.9993 - val_loss: 0.1221 - val_acc: 0.9755
Epoch 9/30

  50/1459 [>.............................] - ETA: 0s - loss: 6.4696e-04 - acc: 1.0000
1150/1459 [======================>.......] - ETA: 0s - loss: 0.0017 - acc: 1.0000    
1459/1459 [==============================] - 0s 49us/step - loss: 0.0016 - acc: 1.0000 - val_loss: 0.1243 - val_acc: 0.9755
Epoch 10/30

  50/1459 [>.............................] - ETA: 0s - loss: 4.7695e-04 - acc: 1.0000
1200/1459 [=======================>......] - ETA: 0s - loss: 0.0014 - acc: 1.0000    
1459/1459 [==============================] - 0s 48us/step - loss: 0.0012 - acc: 1.0000 - val_loss: 0.1244 - val_acc: 0.9755
Epoch 11/30

  50/1459 [>.............................] - ETA: 0s - loss: 6.4903e-04 - acc: 1.0000
1150/1459 [======================>.......] - ETA: 0s - loss: 0.0010 - acc: 1.0000    
1459/1459 [==============================] - 0s 49us/step - loss: 9.5427e-04 - acc: 1.0000 - val_loss: 0.1252 - val_acc: 0.9755
Epoch 12/30

  50/1459 [>.............................] - ETA: 0s - loss: 8.0532e-04 - acc: 1.0000
1150/1459 [======================>.......] - ETA: 0s - loss: 6.0184e-04 - acc: 1.0000
1459/1459 [==============================] - 0s 49us/step - loss: 7.3866e-04 - acc: 1.0000 - val_loss: 0.1266 - val_acc: 0.9755
Epoch 13/30

  50/1459 [>.............................] - ETA: 0s - loss: 6.2934e-04 - acc: 1.0000
1200/1459 [=======================>......] - ETA: 0s - loss: 6.4578e-04 - acc: 1.0000
1459/1459 [==============================] - 0s 48us/step - loss: 6.0149e-04 - acc: 1.0000 - val_loss: 0.1271 - val_acc: 0.9755
Epoch 14/30

  50/1459 [>.............................] - ETA: 0s - loss: 5.2931e-04 - acc: 1.0000
1200/1459 [=======================>......] - ETA: 0s - loss: 5.0184e-04 - acc: 1.0000
1459/1459 [==============================] - 0s 46us/step - loss: 4.8884e-04 - acc: 1.0000 - val_loss: 0.1287 - val_acc: 0.9755
Epoch 15/30

  50/1459 [>.............................] - ETA: 0s - loss: 4.1263e-04 - acc: 1.0000
1200/1459 [=======================>......] - ETA: 0s - loss: 3.8826e-04 - acc: 1.0000
1459/1459 [==============================] - 0s 46us/step - loss: 4.2839e-04 - acc: 1.0000 - val_loss: 0.1291 - val_acc: 0.9755
Epoch 16/30

  50/1459 [>.............................] - ETA: 0s - loss: 3.2534e-04 - acc: 1.0000
1200/1459 [=======================>......] - ETA: 0s - loss: 3.8250e-04 - acc: 1.0000
1459/1459 [==============================] - 0s 48us/step - loss: 3.7703e-04 - acc: 1.0000 - val_loss: 0.1297 - val_acc: 0.9755
Epoch 17/30

  50/1459 [>.............................] - ETA: 0s - loss: 3.2870e-04 - acc: 1.0000
1250/1459 [========================>.....] - ETA: 0s - loss: 3.4553e-04 - acc: 1.0000
1459/1459 [==============================] - 0s 46us/step - loss: 3.3344e-04 - acc: 1.0000 - val_loss: 0.1304 - val_acc: 0.9755
Epoch 18/30

  50/1459 [>.............................] - ETA: 0s - loss: 2.6684e-04 - acc: 1.0000
1200/1459 [=======================>......] - ETA: 0s - loss: 3.3010e-04 - acc: 1.0000
1459/1459 [==============================] - 0s 47us/step - loss: 3.0809e-04 - acc: 1.0000 - val_loss: 0.1312 - val_acc: 0.9755
Epoch 19/30

  50/1459 [>.............................] - ETA: 0s - loss: 1.5332e-04 - acc: 1.0000
1200/1459 [=======================>......] - ETA: 0s - loss: 2.9553e-04 - acc: 1.0000
1459/1459 [==============================] - 0s 49us/step - loss: 2.7713e-04 - acc: 1.0000 - val_loss: 0.1315 - val_acc: 0.9755
Epoch 20/30

  50/1459 [>.............................] - ETA: 0s - loss: 1.8203e-04 - acc: 1.0000
1100/1459 [=====================>........] - ETA: 0s - loss: 2.7353e-04 - acc: 1.0000
1459/1459 [==============================] - 0s 51us/step - loss: 2.5236e-04 - acc: 1.0000 - val_loss: 0.1324 - val_acc: 0.9755
Epoch 21/30

  50/1459 [>.............................] - ETA: 0s - loss: 2.1887e-04 - acc: 1.0000
1150/1459 [======================>.......] - ETA: 0s - loss: 2.2536e-04 - acc: 1.0000
1459/1459 [==============================] - 0s 49us/step - loss: 2.3659e-04 - acc: 1.0000 - val_loss: 0.1329 - val_acc: 0.9755
Epoch 22/30

  50/1459 [>.............................] - ETA: 0s - loss: 9.8252e-05 - acc: 1.0000
1150/1459 [======================>.......] - ETA: 0s - loss: 2.3449e-04 - acc: 1.0000
1459/1459 [==============================] - 0s 50us/step - loss: 2.1446e-04 - acc: 1.0000 - val_loss: 0.1329 - val_acc: 0.9755
Epoch 23/30

  50/1459 [>.............................] - ETA: 0s - loss: 1.1164e-04 - acc: 1.0000
1200/1459 [=======================>......] - ETA: 0s - loss: 2.1096e-04 - acc: 1.0000
1459/1459 [==============================] - 0s 48us/step - loss: 1.9916e-04 - acc: 1.0000 - val_loss: 0.1328 - val_acc: 0.9755
Epoch 24/30

  50/1459 [>.............................] - ETA: 0s - loss: 2.2176e-04 - acc: 1.0000
1200/1459 [=======================>......] - ETA: 0s - loss: 1.9716e-04 - acc: 1.0000
1459/1459 [==============================] - 0s 48us/step - loss: 1.8575e-04 - acc: 1.0000 - val_loss: 0.1333 - val_acc: 0.9755
acc: 97.55%
Train on 1459 samples, validate on 163 samples
Epoch 1/30

  50/1459 [>.............................] - ETA: 14s - loss: 0.7154 - acc: 0.4000
1250/1459 [========================>.....] - ETA: 0s - loss: 0.2279 - acc: 0.9048 
1459/1459 [==============================] - 1s 431us/step - loss: 0.2063 - acc: 0.9164 - val_loss: 0.1247 - val_acc: 0.9632
Epoch 2/30

  50/1459 [>.............................] - ETA: 0s - loss: 0.0160 - acc: 1.0000
1250/1459 [========================>.....] - ETA: 0s - loss: 0.0436 - acc: 0.9888
1459/1459 [==============================] - 0s 46us/step - loss: 0.0416 - acc: 0.9890 - val_loss: 0.1098 - val_acc: 0.9571
Epoch 3/30

  50/1459 [>.............................] - ETA: 0s - loss: 0.0070 - acc: 1.0000
1250/1459 [========================>.....] - ETA: 0s - loss: 0.0184 - acc: 0.9952
1459/1459 [==============================] - 0s 48us/step - loss: 0.0171 - acc: 0.9959 - val_loss: 0.0973 - val_acc: 0.9755
Epoch 4/30

  50/1459 [>.............................] - ETA: 0s - loss: 0.0057 - acc: 1.0000
1200/1459 [=======================>......] - ETA: 0s - loss: 0.0073 - acc: 0.9983
1459/1459 [==============================] - 0s 47us/step - loss: 0.0086 - acc: 0.9979 - val_loss: 0.1060 - val_acc: 0.9755
Epoch 5/30

  50/1459 [>.............................] - ETA: 0s - loss: 0.0018 - acc: 1.0000
1200/1459 [=======================>......] - ETA: 0s - loss: 0.0041 - acc: 1.0000
1459/1459 [==============================] - 0s 47us/step - loss: 0.0049 - acc: 0.9993 - val_loss: 0.1104 - val_acc: 0.9693
Epoch 6/30

  50/1459 [>.............................] - ETA: 0s - loss: 0.0025 - acc: 1.0000
1200/1459 [=======================>......] - ETA: 0s - loss: 0.0022 - acc: 1.0000
1459/1459 [==============================] - 0s 47us/step - loss: 0.0036 - acc: 0.9993 - val_loss: 0.1034 - val_acc: 0.9693
Epoch 7/30

  50/1459 [>.............................] - ETA: 0s - loss: 0.0016 - acc: 1.0000
1250/1459 [========================>.....] - ETA: 0s - loss: 0.0021 - acc: 1.0000
1459/1459 [==============================] - 0s 47us/step - loss: 0.0028 - acc: 0.9993 - val_loss: 0.1032 - val_acc: 0.9755
Epoch 8/30

  50/1459 [>.............................] - ETA: 0s - loss: 0.0014 - acc: 1.0000
1200/1459 [=======================>......] - ETA: 0s - loss: 0.0026 - acc: 0.9992
1459/1459 [==============================] - 0s 48us/step - loss: 0.0025 - acc: 0.9993 - val_loss: 0.0949 - val_acc: 0.9755
Epoch 9/30

  50/1459 [>.............................] - ETA: 0s - loss: 0.0051 - acc: 1.0000
1200/1459 [=======================>......] - ETA: 0s - loss: 0.0013 - acc: 1.0000
1459/1459 [==============================] - 0s 46us/step - loss: 0.0015 - acc: 1.0000 - val_loss: 0.0989 - val_acc: 0.9755
Epoch 10/30

  50/1459 [>.............................] - ETA: 0s - loss: 6.0345e-04 - acc: 1.0000
1250/1459 [========================>.....] - ETA: 0s - loss: 9.5994e-04 - acc: 1.0000
1459/1459 [==============================] - 0s 45us/step - loss: 9.2736e-04 - acc: 1.0000 - val_loss: 0.0998 - val_acc: 0.9755
Epoch 11/30

  50/1459 [>.............................] - ETA: 0s - loss: 8.5194e-04 - acc: 1.0000
1250/1459 [========================>.....] - ETA: 0s - loss: 7.0221e-04 - acc: 1.0000
1459/1459 [==============================] - 0s 45us/step - loss: 6.6977e-04 - acc: 1.0000 - val_loss: 0.1017 - val_acc: 0.9755
Epoch 12/30

  50/1459 [>.............................] - ETA: 0s - loss: 3.9505e-04 - acc: 1.0000
1250/1459 [========================>.....] - ETA: 0s - loss: 4.8108e-04 - acc: 1.0000
1459/1459 [==============================] - 0s 45us/step - loss: 5.0949e-04 - acc: 1.0000 - val_loss: 0.1033 - val_acc: 0.9816
Epoch 13/30

  50/1459 [>.............................] - ETA: 0s - loss: 7.2709e-04 - acc: 1.0000
1250/1459 [========================>.....] - ETA: 0s - loss: 4.2562e-04 - acc: 1.0000
1459/1459 [==============================] - 0s 45us/step - loss: 4.1285e-04 - acc: 1.0000 - val_loss: 0.1038 - val_acc: 0.9877
Epoch 14/30

  50/1459 [>.............................] - ETA: 0s - loss: 1.5454e-04 - acc: 1.0000
1150/1459 [======================>.......] - ETA: 0s - loss: 3.5144e-04 - acc: 1.0000
1459/1459 [==============================] - 0s 48us/step - loss: 3.5470e-04 - acc: 1.0000 - val_loss: 0.1050 - val_acc: 0.9877
Epoch 15/30

  50/1459 [>.............................] - ETA: 0s - loss: 2.4581e-04 - acc: 1.0000
1200/1459 [=======================>......] - ETA: 0s - loss: 3.2804e-04 - acc: 1.0000
1459/1459 [==============================] - 0s 47us/step - loss: 3.1401e-04 - acc: 1.0000 - val_loss: 0.1055 - val_acc: 0.9877
Epoch 16/30

  50/1459 [>.............................] - ETA: 0s - loss: 2.0901e-04 - acc: 1.0000
1150/1459 [======================>.......] - ETA: 0s - loss: 2.9470e-04 - acc: 1.0000
1459/1459 [==============================] - 0s 48us/step - loss: 2.7657e-04 - acc: 1.0000 - val_loss: 0.1062 - val_acc: 0.9877
Epoch 17/30

  50/1459 [>.............................] - ETA: 0s - loss: 1.9247e-04 - acc: 1.0000
1200/1459 [=======================>......] - ETA: 0s - loss: 2.6494e-04 - acc: 1.0000
1459/1459 [==============================] - 0s 47us/step - loss: 2.4506e-04 - acc: 1.0000 - val_loss: 0.1073 - val_acc: 0.9877
Epoch 18/30

  50/1459 [>.............................] - ETA: 0s - loss: 1.9345e-04 - acc: 1.0000
1150/1459 [======================>.......] - ETA: 0s - loss: 2.3066e-04 - acc: 1.0000
1459/1459 [==============================] - 0s 48us/step - loss: 2.2386e-04 - acc: 1.0000 - val_loss: 0.1080 - val_acc: 0.9877
Epoch 19/30

  50/1459 [>.............................] - ETA: 0s - loss: 2.8673e-04 - acc: 1.0000
1200/1459 [=======================>......] - ETA: 0s - loss: 2.0851e-04 - acc: 1.0000
1459/1459 [==============================] - 0s 47us/step - loss: 2.0251e-04 - acc: 1.0000 - val_loss: 0.1086 - val_acc: 0.9877
Epoch 20/30

  50/1459 [>.............................] - ETA: 0s - loss: 7.4311e-05 - acc: 1.0000
1250/1459 [========================>.....] - ETA: 0s - loss: 1.8083e-04 - acc: 1.0000
1459/1459 [==============================] - 0s 45us/step - loss: 1.8071e-04 - acc: 1.0000 - val_loss: 0.1091 - val_acc: 0.9877
Epoch 21/30

  50/1459 [>.............................] - ETA: 0s - loss: 1.3984e-04 - acc: 1.0000
1200/1459 [=======================>......] - ETA: 0s - loss: 1.6303e-04 - acc: 1.0000
1459/1459 [==============================] - 0s 46us/step - loss: 1.6450e-04 - acc: 1.0000 - val_loss: 0.1095 - val_acc: 0.9877
Epoch 22/30

  50/1459 [>.............................] - ETA: 0s - loss: 9.7709e-05 - acc: 1.0000
1250/1459 [========================>.....] - ETA: 0s - loss: 1.5201e-04 - acc: 1.0000
1459/1459 [==============================] - 0s 46us/step - loss: 1.5101e-04 - acc: 1.0000 - val_loss: 0.1099 - val_acc: 0.9877
Epoch 23/30

  50/1459 [>.............................] - ETA: 0s - loss: 2.1602e-04 - acc: 1.0000
1250/1459 [========================>.....] - ETA: 0s - loss: 1.4068e-04 - acc: 1.0000
1459/1459 [==============================] - 0s 45us/step - loss: 1.4089e-04 - acc: 1.0000 - val_loss: 0.1107 - val_acc: 0.9877
Epoch 24/30

  50/1459 [>.............................] - ETA: 0s - loss: 1.6306e-04 - acc: 1.0000
1150/1459 [======================>.......] - ETA: 0s - loss: 1.3669e-04 - acc: 1.0000
1459/1459 [==============================] - 0s 49us/step - loss: 1.3428e-04 - acc: 1.0000 - val_loss: 0.1102 - val_acc: 0.9877
Epoch 25/30

  50/1459 [>.............................] - ETA: 0s - loss: 3.0626e-04 - acc: 1.0000
1200/1459 [=======================>......] - ETA: 0s - loss: 1.2816e-04 - acc: 1.0000
1459/1459 [==============================] - 0s 47us/step - loss: 1.2638e-04 - acc: 1.0000 - val_loss: 0.1118 - val_acc: 0.9877
Epoch 26/30

  50/1459 [>.............................] - ETA: 0s - loss: 8.2907e-05 - acc: 1.0000
1200/1459 [=======================>......] - ETA: 0s - loss: 1.2118e-04 - acc: 1.0000
1459/1459 [==============================] - 0s 47us/step - loss: 1.1513e-04 - acc: 1.0000 - val_loss: 0.1126 - val_acc: 0.9877
Epoch 27/30

  50/1459 [>.............................] - ETA: 0s - loss: 9.9028e-05 - acc: 1.0000
1150/1459 [======================>.......] - ETA: 0s - loss: 1.1089e-04 - acc: 1.0000
1459/1459 [==============================] - 0s 48us/step - loss: 1.0683e-04 - acc: 1.0000 - val_loss: 0.1132 - val_acc: 0.9877
Epoch 28/30

  50/1459 [>.............................] - ETA: 0s - loss: 1.3849e-04 - acc: 1.0000
1150/1459 [======================>.......] - ETA: 0s - loss: 1.0965e-04 - acc: 1.0000
1459/1459 [==============================] - 0s 48us/step - loss: 9.9898e-05 - acc: 1.0000 - val_loss: 0.1139 - val_acc: 0.9877
Epoch 29/30

  50/1459 [>.............................] - ETA: 0s - loss: 5.2428e-05 - acc: 1.0000
1200/1459 [=======================>......] - ETA: 0s - loss: 9.1208e-05 - acc: 1.0000
1459/1459 [==============================] - 0s 47us/step - loss: 9.3783e-05 - acc: 1.0000 - val_loss: 0.1146 - val_acc: 0.9877
acc: 98.77%
Train on 1459 samples, validate on 163 samples
Epoch 1/30

  50/1459 [>.............................] - ETA: 16s - loss: 0.6951 - acc: 0.4000
1250/1459 [========================>.....] - ETA: 0s - loss: 0.2539 - acc: 0.8920 
1459/1459 [==============================] - 1s 501us/step - loss: 0.2239 - acc: 0.9061 - val_loss: 0.0958 - val_acc: 0.9632
Epoch 2/30

  50/1459 [>.............................] - ETA: 0s - loss: 0.0158 - acc: 1.0000
1250/1459 [========================>.....] - ETA: 0s - loss: 0.0382 - acc: 0.9864
1459/1459 [==============================] - 0s 46us/step - loss: 0.0423 - acc: 0.9842 - val_loss: 0.0807 - val_acc: 0.9816
Epoch 3/30

  50/1459 [>.............................] - ETA: 0s - loss: 0.0178 - acc: 1.0000
1150/1459 [======================>.......] - ETA: 0s - loss: 0.0124 - acc: 0.9991
1459/1459 [==============================] - 0s 48us/step - loss: 0.0157 - acc: 0.9979 - val_loss: 0.0823 - val_acc: 0.9755
Epoch 4/30

  50/1459 [>.............................] - ETA: 0s - loss: 0.0052 - acc: 1.0000
1150/1459 [======================>.......] - ETA: 0s - loss: 0.0064 - acc: 1.0000
1459/1459 [==============================] - 0s 49us/step - loss: 0.0059 - acc: 1.0000 - val_loss: 0.0817 - val_acc: 0.9816
Epoch 5/30

  50/1459 [>.............................] - ETA: 0s - loss: 0.0035 - acc: 1.0000
1150/1459 [======================>.......] - ETA: 0s - loss: 0.0067 - acc: 0.9983
1459/1459 [==============================] - 0s 49us/step - loss: 0.0064 - acc: 0.9986 - val_loss: 0.0799 - val_acc: 0.9755
Epoch 6/30

  50/1459 [>.............................] - ETA: 0s - loss: 0.0029 - acc: 1.0000
1200/1459 [=======================>......] - ETA: 0s - loss: 0.0025 - acc: 1.0000
1459/1459 [==============================] - 0s 48us/step - loss: 0.0023 - acc: 1.0000 - val_loss: 0.0835 - val_acc: 0.9816
Epoch 7/30

  50/1459 [>.............................] - ETA: 0s - loss: 0.0024 - acc: 1.0000
1150/1459 [======================>.......] - ETA: 0s - loss: 0.0019 - acc: 1.0000
1459/1459 [==============================] - 0s 49us/step - loss: 0.0017 - acc: 1.0000 - val_loss: 0.0828 - val_acc: 0.9816
Epoch 8/30

  50/1459 [>.............................] - ETA: 0s - loss: 0.0011 - acc: 1.0000
1150/1459 [======================>.......] - ETA: 0s - loss: 0.0018 - acc: 0.9991
1459/1459 [==============================] - 0s 48us/step - loss: 0.0016 - acc: 0.9993 - val_loss: 0.0800 - val_acc: 0.9816
Epoch 9/30

  50/1459 [>.............................] - ETA: 0s - loss: 0.0012 - acc: 1.0000
1250/1459 [========================>.....] - ETA: 0s - loss: 7.7059e-04 - acc: 1.0000
1459/1459 [==============================] - 0s 46us/step - loss: 7.6292e-04 - acc: 1.0000 - val_loss: 0.0827 - val_acc: 0.9816
Epoch 10/30

  50/1459 [>.............................] - ETA: 0s - loss: 5.7586e-04 - acc: 1.0000
1150/1459 [======================>.......] - ETA: 0s - loss: 6.7971e-04 - acc: 1.0000
1459/1459 [==============================] - 0s 49us/step - loss: 6.2656e-04 - acc: 1.0000 - val_loss: 0.0833 - val_acc: 0.9816
Epoch 11/30

  50/1459 [>.............................] - ETA: 0s - loss: 3.9965e-04 - acc: 1.0000
1250/1459 [========================>.....] - ETA: 0s - loss: 4.9877e-04 - acc: 1.0000
1459/1459 [==============================] - 0s 45us/step - loss: 4.9759e-04 - acc: 1.0000 - val_loss: 0.0845 - val_acc: 0.9816
Epoch 12/30

  50/1459 [>.............................] - ETA: 0s - loss: 6.2474e-04 - acc: 1.0000
1250/1459 [========================>.....] - ETA: 0s - loss: 4.0749e-04 - acc: 1.0000
1459/1459 [==============================] - 0s 45us/step - loss: 4.2309e-04 - acc: 1.0000 - val_loss: 0.0854 - val_acc: 0.9816
Epoch 13/30

  50/1459 [>.............................] - ETA: 0s - loss: 3.1866e-04 - acc: 1.0000
1150/1459 [======================>.......] - ETA: 0s - loss: 3.6453e-04 - acc: 1.0000
1459/1459 [==============================] - 0s 48us/step - loss: 3.6629e-04 - acc: 1.0000 - val_loss: 0.0866 - val_acc: 0.9816
Epoch 14/30

  50/1459 [>.............................] - ETA: 0s - loss: 2.1358e-04 - acc: 1.0000
1150/1459 [======================>.......] - ETA: 0s - loss: 3.3853e-04 - acc: 1.0000
1459/1459 [==============================] - 0s 49us/step - loss: 3.2649e-04 - acc: 1.0000 - val_loss: 0.0874 - val_acc: 0.9816
Epoch 15/30

  50/1459 [>.............................] - ETA: 0s - loss: 1.4797e-04 - acc: 1.0000
1200/1459 [=======================>......] - ETA: 0s - loss: 2.7870e-04 - acc: 1.0000
1459/1459 [==============================] - 0s 47us/step - loss: 2.8685e-04 - acc: 1.0000 - val_loss: 0.0884 - val_acc: 0.9816
Epoch 16/30

  50/1459 [>.............................] - ETA: 0s - loss: 3.2994e-04 - acc: 1.0000
1150/1459 [======================>.......] - ETA: 0s - loss: 2.6891e-04 - acc: 1.0000
1459/1459 [==============================] - 0s 49us/step - loss: 2.5692e-04 - acc: 1.0000 - val_loss: 0.0889 - val_acc: 0.9816
Epoch 17/30

  50/1459 [>.............................] - ETA: 0s - loss: 2.4595e-04 - acc: 1.0000
1200/1459 [=======================>......] - ETA: 0s - loss: 2.4522e-04 - acc: 1.0000
1459/1459 [==============================] - 0s 48us/step - loss: 2.3184e-04 - acc: 1.0000 - val_loss: 0.0889 - val_acc: 0.9816
Epoch 18/30

  50/1459 [>.............................] - ETA: 0s - loss: 1.9836e-04 - acc: 1.0000
1150/1459 [======================>.......] - ETA: 0s - loss: 2.0610e-04 - acc: 1.0000
1459/1459 [==============================] - 0s 49us/step - loss: 2.1028e-04 - acc: 1.0000 - val_loss: 0.0900 - val_acc: 0.9816
acc: 98.16%
Train on 1460 samples, validate on 162 samples
Epoch 1/30

  50/1460 [>.............................] - ETA: 19s - loss: 0.6848 - acc: 0.5000
1200/1460 [=======================>......] - ETA: 0s - loss: 0.2471 - acc: 0.8925 
1460/1460 [==============================] - 1s 590us/step - loss: 0.2167 - acc: 0.9068 - val_loss: 0.0708 - val_acc: 0.9630
Epoch 2/30

  50/1460 [>.............................] - ETA: 0s - loss: 0.0284 - acc: 0.9800
1150/1460 [======================>.......] - ETA: 0s - loss: 0.0397 - acc: 0.9887
1460/1460 [==============================] - 0s 48us/step - loss: 0.0427 - acc: 0.9870 - val_loss: 0.0641 - val_acc: 0.9815
Epoch 3/30

  50/1460 [>.............................] - ETA: 0s - loss: 0.0204 - acc: 1.0000
1150/1460 [======================>.......] - ETA: 0s - loss: 0.0195 - acc: 0.9965
1460/1460 [==============================] - 0s 49us/step - loss: 0.0181 - acc: 0.9966 - val_loss: 0.0520 - val_acc: 0.9691
Epoch 4/30

  50/1460 [>.............................] - ETA: 0s - loss: 0.0050 - acc: 1.0000
1150/1460 [======================>.......] - ETA: 0s - loss: 0.0084 - acc: 0.9974
1460/1460 [==============================] - 0s 49us/step - loss: 0.0081 - acc: 0.9979 - val_loss: 0.0424 - val_acc: 0.9753
Epoch 5/30

  50/1460 [>.............................] - ETA: 0s - loss: 0.0039 - acc: 1.0000
1250/1460 [========================>.....] - ETA: 0s - loss: 0.0050 - acc: 0.9992
1460/1460 [==============================] - 0s 46us/step - loss: 0.0052 - acc: 0.9986 - val_loss: 0.0419 - val_acc: 0.9753
Epoch 6/30

  50/1460 [>.............................] - ETA: 0s - loss: 0.0016 - acc: 1.0000
1250/1460 [========================>.....] - ETA: 0s - loss: 0.0034 - acc: 0.9992
1460/1460 [==============================] - 0s 46us/step - loss: 0.0034 - acc: 0.9993 - val_loss: 0.0431 - val_acc: 0.9753
Epoch 7/30

  50/1460 [>.............................] - ETA: 0s - loss: 0.0076 - acc: 1.0000
1250/1460 [========================>.....] - ETA: 0s - loss: 0.0020 - acc: 1.0000
1460/1460 [==============================] - 0s 46us/step - loss: 0.0019 - acc: 1.0000 - val_loss: 0.0438 - val_acc: 0.9630
Epoch 8/30

  50/1460 [>.............................] - ETA: 0s - loss: 0.0037 - acc: 1.0000
1250/1460 [========================>.....] - ETA: 0s - loss: 0.0011 - acc: 1.0000
1460/1460 [==============================] - 0s 48us/step - loss: 0.0011 - acc: 1.0000 - val_loss: 0.0416 - val_acc: 0.9691
Epoch 9/30

  50/1460 [>.............................] - ETA: 0s - loss: 7.0190e-04 - acc: 1.0000
1150/1460 [======================>.......] - ETA: 0s - loss: 7.7958e-04 - acc: 1.0000
1460/1460 [==============================] - 0s 50us/step - loss: 8.6698e-04 - acc: 1.0000 - val_loss: 0.0407 - val_acc: 0.9691
Epoch 10/30

  50/1460 [>.............................] - ETA: 0s - loss: 0.0011 - acc: 1.0000
1200/1460 [=======================>......] - ETA: 0s - loss: 6.6315e-04 - acc: 1.0000
1460/1460 [==============================] - 0s 48us/step - loss: 7.0143e-04 - acc: 1.0000 - val_loss: 0.0406 - val_acc: 0.9691
Epoch 11/30

  50/1460 [>.............................] - ETA: 0s - loss: 4.0614e-04 - acc: 1.0000
1200/1460 [=======================>......] - ETA: 0s - loss: 6.2712e-04 - acc: 1.0000
1460/1460 [==============================] - 0s 48us/step - loss: 5.8144e-04 - acc: 1.0000 - val_loss: 0.0393 - val_acc: 0.9753
Epoch 12/30

  50/1460 [>.............................] - ETA: 0s - loss: 2.6630e-04 - acc: 1.0000
1200/1460 [=======================>......] - ETA: 0s - loss: 4.7235e-04 - acc: 1.0000
1460/1460 [==============================] - 0s 48us/step - loss: 4.8610e-04 - acc: 1.0000 - val_loss: 0.0389 - val_acc: 0.9753
Epoch 13/30

  50/1460 [>.............................] - ETA: 0s - loss: 2.2061e-04 - acc: 1.0000
1150/1460 [======================>.......] - ETA: 0s - loss: 3.8740e-04 - acc: 1.0000
1460/1460 [==============================] - 0s 49us/step - loss: 4.2126e-04 - acc: 1.0000 - val_loss: 0.0385 - val_acc: 0.9753
Epoch 14/30

  50/1460 [>.............................] - ETA: 0s - loss: 2.3506e-04 - acc: 1.0000
1200/1460 [=======================>......] - ETA: 0s - loss: 3.6459e-04 - acc: 1.0000
1460/1460 [==============================] - 0s 47us/step - loss: 3.6980e-04 - acc: 1.0000 - val_loss: 0.0387 - val_acc: 0.9753
Epoch 15/30

  50/1460 [>.............................] - ETA: 0s - loss: 2.8770e-04 - acc: 1.0000
1050/1460 [====================>.........] - ETA: 0s - loss: 3.1205e-04 - acc: 1.0000
1460/1460 [==============================] - 0s 54us/step - loss: 3.2324e-04 - acc: 1.0000 - val_loss: 0.0380 - val_acc: 0.9815
Epoch 16/30

  50/1460 [>.............................] - ETA: 0s - loss: 1.4155e-04 - acc: 1.0000
1050/1460 [====================>.........] - ETA: 0s - loss: 2.9881e-04 - acc: 1.0000
1460/1460 [==============================] - 0s 57us/step - loss: 2.8996e-04 - acc: 1.0000 - val_loss: 0.0380 - val_acc: 0.9815
Epoch 17/30

  50/1460 [>.............................] - ETA: 0s - loss: 7.6582e-04 - acc: 1.0000
1050/1460 [====================>.........] - ETA: 0s - loss: 2.7369e-04 - acc: 1.0000
1460/1460 [==============================] - 0s 55us/step - loss: 2.6562e-04 - acc: 1.0000 - val_loss: 0.0376 - val_acc: 0.9815
Epoch 18/30

  50/1460 [>.............................] - ETA: 0s - loss: 6.6948e-04 - acc: 1.0000
1000/1460 [===================>..........] - ETA: 0s - loss: 2.3856e-04 - acc: 1.0000
1460/1460 [==============================] - 0s 54us/step - loss: 2.3811e-04 - acc: 1.0000 - val_loss: 0.0374 - val_acc: 0.9815
acc: 98.15%
Train on 1460 samples, validate on 162 samples
Epoch 1/30

  50/1460 [>.............................] - ETA: 24s - loss: 0.7129 - acc: 0.4800
1200/1460 [=======================>......] - ETA: 0s - loss: 0.2692 - acc: 0.8833 
1460/1460 [==============================] - 1s 708us/step - loss: 0.2388 - acc: 0.8986 - val_loss: 0.0754 - val_acc: 0.9877
Epoch 2/30

  50/1460 [>.............................] - ETA: 0s - loss: 0.0200 - acc: 1.0000
1100/1460 [=====================>........] - ETA: 0s - loss: 0.0435 - acc: 0.9909
1460/1460 [==============================] - 0s 51us/step - loss: 0.0472 - acc: 0.9884 - val_loss: 0.0467 - val_acc: 0.9877
Epoch 3/30

  50/1460 [>.............................] - ETA: 0s - loss: 0.0140 - acc: 1.0000
1200/1460 [=======================>......] - ETA: 0s - loss: 0.0182 - acc: 0.9975
1460/1460 [==============================] - 0s 50us/step - loss: 0.0178 - acc: 0.9973 - val_loss: 0.0629 - val_acc: 0.9815
Epoch 4/30

  50/1460 [>.............................] - ETA: 0s - loss: 0.0063 - acc: 1.0000
1200/1460 [=======================>......] - ETA: 0s - loss: 0.0098 - acc: 0.9983
1460/1460 [==============================] - 0s 48us/step - loss: 0.0112 - acc: 0.9973 - val_loss: 0.0418 - val_acc: 0.9877
Epoch 5/30

  50/1460 [>.............................] - ETA: 0s - loss: 0.0150 - acc: 1.0000
1250/1460 [========================>.....] - ETA: 0s - loss: 0.0076 - acc: 0.9984
1460/1460 [==============================] - 0s 46us/step - loss: 0.0077 - acc: 0.9986 - val_loss: 0.0500 - val_acc: 0.9815
Epoch 6/30

  50/1460 [>.............................] - ETA: 0s - loss: 0.0069 - acc: 1.0000
1200/1460 [=======================>......] - ETA: 0s - loss: 0.0090 - acc: 0.9975
1460/1460 [==============================] - 0s 46us/step - loss: 0.0082 - acc: 0.9979 - val_loss: 0.0785 - val_acc: 0.9691
Epoch 7/30

  50/1460 [>.............................] - ETA: 0s - loss: 0.0060 - acc: 1.0000
1150/1460 [======================>.......] - ETA: 0s - loss: 0.0034 - acc: 1.0000
1460/1460 [==============================] - 0s 49us/step - loss: 0.0030 - acc: 1.0000 - val_loss: 0.0463 - val_acc: 0.9815
Epoch 8/30

  50/1460 [>.............................] - ETA: 0s - loss: 7.0707e-04 - acc: 1.0000
1050/1460 [====================>.........] - ETA: 0s - loss: 0.0021 - acc: 1.0000    
1460/1460 [==============================] - 0s 53us/step - loss: 0.0023 - acc: 1.0000 - val_loss: 0.0539 - val_acc: 0.9815
Epoch 9/30

  50/1460 [>.............................] - ETA: 0s - loss: 0.0014 - acc: 1.0000
1050/1460 [====================>.........] - ETA: 0s - loss: 0.0028 - acc: 0.9990
1460/1460 [==============================] - 0s 53us/step - loss: 0.0024 - acc: 0.9993 - val_loss: 0.0521 - val_acc: 0.9815
Epoch 10/30

  50/1460 [>.............................] - ETA: 0s - loss: 8.0314e-04 - acc: 1.0000
1100/1460 [=====================>........] - ETA: 0s - loss: 0.0013 - acc: 1.0000    
1460/1460 [==============================] - 0s 53us/step - loss: 0.0012 - acc: 1.0000 - val_loss: 0.0456 - val_acc: 0.9877
Epoch 11/30

  50/1460 [>.............................] - ETA: 0s - loss: 4.4500e-04 - acc: 1.0000
1150/1460 [======================>.......] - ETA: 0s - loss: 7.7664e-04 - acc: 1.0000
1460/1460 [==============================] - 0s 49us/step - loss: 7.4698e-04 - acc: 1.0000 - val_loss: 0.0474 - val_acc: 0.9877
Epoch 12/30

  50/1460 [>.............................] - ETA: 0s - loss: 5.6934e-04 - acc: 1.0000
1000/1460 [===================>..........] - ETA: 0s - loss: 5.5360e-04 - acc: 1.0000
1460/1460 [==============================] - 0s 54us/step - loss: 5.6542e-04 - acc: 1.0000 - val_loss: 0.0487 - val_acc: 0.9877
Epoch 13/30

  50/1460 [>.............................] - ETA: 0s - loss: 4.8337e-04 - acc: 1.0000
1050/1460 [====================>.........] - ETA: 0s - loss: 5.3408e-04 - acc: 1.0000
1460/1460 [==============================] - 0s 55us/step - loss: 4.8092e-04 - acc: 1.0000 - val_loss: 0.0483 - val_acc: 0.9877
Epoch 14/30

  50/1460 [>.............................] - ETA: 0s - loss: 3.9514e-04 - acc: 1.0000
1150/1460 [======================>.......] - ETA: 0s - loss: 3.8609e-04 - acc: 1.0000
1460/1460 [==============================] - 0s 50us/step - loss: 4.2077e-04 - acc: 1.0000 - val_loss: 0.0481 - val_acc: 0.9877
Epoch 15/30

  50/1460 [>.............................] - ETA: 0s - loss: 1.5840e-04 - acc: 1.0000
1200/1460 [=======================>......] - ETA: 0s - loss: 3.5018e-04 - acc: 1.0000
1460/1460 [==============================] - 0s 48us/step - loss: 3.7645e-04 - acc: 1.0000 - val_loss: 0.0491 - val_acc: 0.9877
Epoch 16/30

  50/1460 [>.............................] - ETA: 0s - loss: 0.0013 - acc: 1.0000
1150/1460 [======================>.......] - ETA: 0s - loss: 3.5957e-04 - acc: 1.0000
1460/1460 [==============================] - 0s 50us/step - loss: 3.3649e-04 - acc: 1.0000 - val_loss: 0.0491 - val_acc: 0.9877
Epoch 17/30

  50/1460 [>.............................] - ETA: 0s - loss: 1.8514e-04 - acc: 1.0000
1050/1460 [====================>.........] - ETA: 0s - loss: 3.2277e-04 - acc: 1.0000
1460/1460 [==============================] - 0s 55us/step - loss: 2.9632e-04 - acc: 1.0000 - val_loss: 0.0489 - val_acc: 0.9877
acc: 98.77%
Train on 1460 samples, validate on 162 samples
Epoch 1/30

  50/1460 [>.............................] - ETA: 29s - loss: 0.7109 - acc: 0.4600
 850/1460 [================>.............] - ETA: 0s - loss: 0.3633 - acc: 0.8365 
1460/1460 [==============================] - 1s 863us/step - loss: 0.2444 - acc: 0.8959 - val_loss: 0.0533 - val_acc: 0.9753
Epoch 2/30

  50/1460 [>.............................] - ETA: 0s - loss: 0.0243 - acc: 1.0000
1100/1460 [=====================>........] - ETA: 0s - loss: 0.0538 - acc: 0.9845
1460/1460 [==============================] - 0s 52us/step - loss: 0.0535 - acc: 0.9842 - val_loss: 0.0384 - val_acc: 0.9815
Epoch 3/30

  50/1460 [>.............................] - ETA: 0s - loss: 0.0072 - acc: 1.0000
1100/1460 [=====================>........] - ETA: 0s - loss: 0.0299 - acc: 0.9936
1460/1460 [==============================] - 0s 51us/step - loss: 0.0255 - acc: 0.9952 - val_loss: 0.0438 - val_acc: 0.9877
Epoch 4/30

  50/1460 [>.............................] - ETA: 0s - loss: 0.0114 - acc: 1.0000
1100/1460 [=====================>........] - ETA: 0s - loss: 0.0118 - acc: 0.9982
1460/1460 [==============================] - 0s 51us/step - loss: 0.0121 - acc: 0.9973 - val_loss: 0.0455 - val_acc: 0.9753
Epoch 5/30

  50/1460 [>.............................] - ETA: 0s - loss: 0.0054 - acc: 1.0000
1200/1460 [=======================>......] - ETA: 0s - loss: 0.0060 - acc: 0.9992
1460/1460 [==============================] - 0s 50us/step - loss: 0.0060 - acc: 0.9993 - val_loss: 0.0437 - val_acc: 0.9815
Epoch 6/30

  50/1460 [>.............................] - ETA: 0s - loss: 0.0033 - acc: 1.0000
 850/1460 [================>.............] - ETA: 0s - loss: 0.0035 - acc: 1.0000
1460/1460 [==============================] - 0s 61us/step - loss: 0.0030 - acc: 1.0000 - val_loss: 0.0363 - val_acc: 0.9877
Epoch 7/30

  50/1460 [>.............................] - ETA: 0s - loss: 0.0017 - acc: 1.0000
1100/1460 [=====================>........] - ETA: 0s - loss: 0.0018 - acc: 1.0000
1460/1460 [==============================] - 0s 53us/step - loss: 0.0030 - acc: 0.9993 - val_loss: 0.0400 - val_acc: 0.9877
Epoch 8/30

  50/1460 [>.............................] - ETA: 0s - loss: 0.0028 - acc: 1.0000
 800/1460 [===============>..............] - ETA: 0s - loss: 0.0023 - acc: 1.0000
1460/1460 [==============================] - 0s 67us/step - loss: 0.0020 - acc: 1.0000 - val_loss: 0.0353 - val_acc: 0.9877
Epoch 9/30

  50/1460 [>.............................] - ETA: 0s - loss: 5.1867e-04 - acc: 1.0000
 900/1460 [=================>............] - ETA: 0s - loss: 9.4074e-04 - acc: 1.0000
1460/1460 [==============================] - 0s 66us/step - loss: 0.0012 - acc: 1.0000 - val_loss: 0.0374 - val_acc: 0.9877
Epoch 10/30

  50/1460 [>.............................] - ETA: 0s - loss: 6.8351e-04 - acc: 1.0000
 950/1460 [==================>...........] - ETA: 0s - loss: 8.4471e-04 - acc: 1.0000
1460/1460 [==============================] - 0s 59us/step - loss: 8.5215e-04 - acc: 1.0000 - val_loss: 0.0391 - val_acc: 0.9877
Epoch 11/30

  50/1460 [>.............................] - ETA: 0s - loss: 2.7223e-04 - acc: 1.0000
 900/1460 [=================>............] - ETA: 0s - loss: 6.4242e-04 - acc: 1.0000
1460/1460 [==============================] - 0s 64us/step - loss: 6.8695e-04 - acc: 1.0000 - val_loss: 0.0402 - val_acc: 0.9877
Epoch 12/30

  50/1460 [>.............................] - ETA: 0s - loss: 0.0016 - acc: 1.0000
 850/1460 [================>.............] - ETA: 0s - loss: 5.7604e-04 - acc: 1.0000
1460/1460 [==============================] - 0s 72us/step - loss: 5.8400e-04 - acc: 1.0000 - val_loss: 0.0406 - val_acc: 0.9877
Epoch 13/30

  50/1460 [>.............................] - ETA: 0s - loss: 3.5780e-04 - acc: 1.0000
 800/1460 [===============>..............] - ETA: 0s - loss: 5.3751e-04 - acc: 1.0000
1460/1460 [==============================] - 0s 72us/step - loss: 5.0119e-04 - acc: 1.0000 - val_loss: 0.0413 - val_acc: 0.9877
Epoch 14/30

  50/1460 [>.............................] - ETA: 0s - loss: 4.4804e-04 - acc: 1.0000
 850/1460 [================>.............] - ETA: 0s - loss: 4.7071e-04 - acc: 1.0000
1460/1460 [==============================] - 0s 66us/step - loss: 4.4074e-04 - acc: 1.0000 - val_loss: 0.0422 - val_acc: 0.9877
Epoch 15/30

  50/1460 [>.............................] - ETA: 0s - loss: 3.0652e-04 - acc: 1.0000
 800/1460 [===============>..............] - ETA: 0s - loss: 3.4791e-04 - acc: 1.0000
1460/1460 [==============================] - 0s 69us/step - loss: 3.9066e-04 - acc: 1.0000 - val_loss: 0.0429 - val_acc: 0.9877
Epoch 16/30

  50/1460 [>.............................] - ETA: 0s - loss: 2.9188e-04 - acc: 1.0000
1150/1460 [======================>.......] - ETA: 0s - loss: 3.5555e-04 - acc: 1.0000
1460/1460 [==============================] - 0s 49us/step - loss: 3.5477e-04 - acc: 1.0000 - val_loss: 0.0431 - val_acc: 0.9877
Epoch 17/30

  50/1460 [>.............................] - ETA: 0s - loss: 5.1452e-04 - acc: 1.0000
 900/1460 [=================>............] - ETA: 0s - loss: 3.0031e-04 - acc: 1.0000
1460/1460 [==============================] - 0s 78us/step - loss: 3.1522e-04 - acc: 1.0000 - val_loss: 0.0444 - val_acc: 0.9877
Epoch 18/30

  50/1460 [>.............................] - ETA: 0s - loss: 2.3720e-04 - acc: 1.0000
 550/1460 [==========>...................] - ETA: 0s - loss: 3.0691e-04 - acc: 1.0000
 950/1460 [==================>...........] - ETA: 0s - loss: 3.0046e-04 - acc: 1.0000
1450/1460 [============================>.] - ETA: 0s - loss: 2.8328e-04 - acc: 1.0000
1460/1460 [==============================] - 0s 120us/step - loss: 2.8202e-04 - acc: 1.0000 - val_loss: 0.0447 - val_acc: 0.9877
Epoch 19/30

  50/1460 [>.............................] - ETA: 0s - loss: 1.7425e-04 - acc: 1.0000
 750/1460 [==============>...............] - ETA: 0s - loss: 2.7009e-04 - acc: 1.0000
1460/1460 [==============================] - 0s 73us/step - loss: 2.5769e-04 - acc: 1.0000 - val_loss: 0.0456 - val_acc: 0.9877
acc: 98.77%
Train on 1460 samples, validate on 162 samples
Epoch 1/30

  50/1460 [>.............................] - ETA: 29s - loss: 0.7166 - acc: 0.4400
1050/1460 [====================>.........] - ETA: 0s - loss: 0.3479 - acc: 0.8362 
1460/1460 [==============================] - 1s 852us/step - loss: 0.2722 - acc: 0.8740 - val_loss: 0.0867 - val_acc: 0.9753
Epoch 2/30

  50/1460 [>.............................] - ETA: 0s - loss: 0.0367 - acc: 1.0000
1150/1460 [======================>.......] - ETA: 0s - loss: 0.0587 - acc: 0.9809
1460/1460 [==============================] - 0s 50us/step - loss: 0.0546 - acc: 0.9822 - val_loss: 0.0838 - val_acc: 0.9815
Epoch 3/30

  50/1460 [>.............................] - ETA: 0s - loss: 0.0193 - acc: 1.0000
1150/1460 [======================>.......] - ETA: 0s - loss: 0.0195 - acc: 0.9965
1460/1460 [==============================] - 0s 52us/step - loss: 0.0179 - acc: 0.9973 - val_loss: 0.0778 - val_acc: 0.9815
Epoch 4/30

  50/1460 [>.............................] - ETA: 0s - loss: 0.0065 - acc: 1.0000
1000/1460 [===================>..........] - ETA: 0s - loss: 0.0079 - acc: 0.9990
1460/1460 [==============================] - 0s 58us/step - loss: 0.0067 - acc: 0.9993 - val_loss: 0.0852 - val_acc: 0.9815
Epoch 5/30

  50/1460 [>.............................] - ETA: 0s - loss: 0.0035 - acc: 1.0000
1100/1460 [=====================>........] - ETA: 0s - loss: 0.0036 - acc: 1.0000
1460/1460 [==============================] - 0s 52us/step - loss: 0.0033 - acc: 1.0000 - val_loss: 0.0922 - val_acc: 0.9753
Epoch 6/30

  50/1460 [>.............................] - ETA: 0s - loss: 0.0028 - acc: 1.0000
1050/1460 [====================>.........] - ETA: 0s - loss: 0.0021 - acc: 1.0000
1460/1460 [==============================] - 0s 53us/step - loss: 0.0020 - acc: 1.0000 - val_loss: 0.0945 - val_acc: 0.9753
Epoch 7/30

  50/1460 [>.............................] - ETA: 0s - loss: 0.0016 - acc: 1.0000
1150/1460 [======================>.......] - ETA: 0s - loss: 0.0015 - acc: 1.0000
1460/1460 [==============================] - 0s 50us/step - loss: 0.0015 - acc: 1.0000 - val_loss: 0.0969 - val_acc: 0.9753
Epoch 8/30

  50/1460 [>.............................] - ETA: 0s - loss: 0.0019 - acc: 1.0000
1150/1460 [======================>.......] - ETA: 0s - loss: 0.0011 - acc: 1.0000
1460/1460 [==============================] - 0s 50us/step - loss: 0.0012 - acc: 1.0000 - val_loss: 0.0986 - val_acc: 0.9753
Epoch 9/30

  50/1460 [>.............................] - ETA: 0s - loss: 8.5269e-04 - acc: 1.0000
1150/1460 [======================>.......] - ETA: 0s - loss: 0.0014 - acc: 1.0000    
1460/1460 [==============================] - 0s 50us/step - loss: 0.0013 - acc: 1.0000 - val_loss: 0.1009 - val_acc: 0.9753
Epoch 10/30

  50/1460 [>.............................] - ETA: 0s - loss: 6.9553e-04 - acc: 1.0000
1100/1460 [=====================>........] - ETA: 0s - loss: 7.6246e-04 - acc: 1.0000
1460/1460 [==============================] - 0s 51us/step - loss: 0.0011 - acc: 1.0000 - val_loss: 0.1027 - val_acc: 0.9753
Epoch 11/30

  50/1460 [>.............................] - ETA: 0s - loss: 8.7175e-04 - acc: 1.0000
1150/1460 [======================>.......] - ETA: 0s - loss: 8.7697e-04 - acc: 1.0000
1460/1460 [==============================] - 0s 50us/step - loss: 8.3762e-04 - acc: 1.0000 - val_loss: 0.1041 - val_acc: 0.9753
Epoch 12/30

  50/1460 [>.............................] - ETA: 0s - loss: 3.0658e-04 - acc: 1.0000
1150/1460 [======================>.......] - ETA: 0s - loss: 5.9845e-04 - acc: 1.0000
1460/1460 [==============================] - 0s 50us/step - loss: 5.7789e-04 - acc: 1.0000 - val_loss: 0.1057 - val_acc: 0.9753
Epoch 13/30

  50/1460 [>.............................] - ETA: 0s - loss: 3.6390e-04 - acc: 1.0000
1100/1460 [=====================>........] - ETA: 0s - loss: 5.0965e-04 - acc: 1.0000
1460/1460 [==============================] - 0s 51us/step - loss: 4.8353e-04 - acc: 1.0000 - val_loss: 0.1072 - val_acc: 0.9753
Epoch 14/30

  50/1460 [>.............................] - ETA: 0s - loss: 0.0012 - acc: 1.0000
 950/1460 [==================>...........] - ETA: 0s - loss: 4.4613e-04 - acc: 1.0000
1460/1460 [==============================] - 0s 71us/step - loss: 4.1713e-04 - acc: 1.0000 - val_loss: 0.1084 - val_acc: 0.9753
Epoch 15/30

  50/1460 [>.............................] - ETA: 0s - loss: 3.2236e-04 - acc: 1.0000
 500/1460 [=========>....................] - ETA: 0s - loss: 3.6050e-04 - acc: 1.0000
1300/1460 [=========================>....] - ETA: 0s - loss: 3.6276e-04 - acc: 1.0000
1460/1460 [==============================] - 0s 82us/step - loss: 3.6312e-04 - acc: 1.0000 - val_loss: 0.1097 - val_acc: 0.9753
Epoch 16/30

  50/1460 [>.............................] - ETA: 0s - loss: 5.6370e-04 - acc: 1.0000
 800/1460 [===============>..............] - ETA: 0s - loss: 3.5703e-04 - acc: 1.0000
1460/1460 [==============================] - 0s 69us/step - loss: 3.2571e-04 - acc: 1.0000 - val_loss: 0.1106 - val_acc: 0.9753
Epoch 17/30

  50/1460 [>.............................] - ETA: 0s - loss: 2.3901e-04 - acc: 1.0000
 850/1460 [================>.............] - ETA: 0s - loss: 3.0053e-04 - acc: 1.0000
1460/1460 [==============================] - 0s 65us/step - loss: 2.9507e-04 - acc: 1.0000 - val_loss: 0.1108 - val_acc: 0.9753
Epoch 18/30

  50/1460 [>.............................] - ETA: 0s - loss: 3.9028e-04 - acc: 1.0000
 850/1460 [================>.............] - ETA: 0s - loss: 2.7001e-04 - acc: 1.0000
1460/1460 [==============================] - 0s 69us/step - loss: 2.6848e-04 - acc: 1.0000 - val_loss: 0.1112 - val_acc: 0.9753
acc: 98.15%
Train on 1460 samples, validate on 162 samples
Epoch 1/30

  50/1460 [>.............................] - ETA: 34s - loss: 0.6990 - acc: 0.4200
1050/1460 [====================>.........] - ETA: 0s - loss: 0.2862 - acc: 0.8714 
1460/1460 [==============================] - 1s 975us/step - loss: 0.2274 - acc: 0.9000 - val_loss: 0.0703 - val_acc: 0.9691
Epoch 2/30

  50/1460 [>.............................] - ETA: 0s - loss: 0.0911 - acc: 0.9600
1100/1460 [=====================>........] - ETA: 0s - loss: 0.0403 - acc: 0.9873
1460/1460 [==============================] - 0s 55us/step - loss: 0.0441 - acc: 0.9863 - val_loss: 0.0632 - val_acc: 0.9815
Epoch 3/30

  50/1460 [>.............................] - ETA: 0s - loss: 0.0119 - acc: 1.0000
1050/1460 [====================>.........] - ETA: 0s - loss: 0.0246 - acc: 0.9962
1460/1460 [==============================] - 0s 54us/step - loss: 0.0219 - acc: 0.9966 - val_loss: 0.0695 - val_acc: 0.9877
Epoch 4/30

  50/1460 [>.............................] - ETA: 0s - loss: 0.0028 - acc: 1.0000
1100/1460 [=====================>........] - ETA: 0s - loss: 0.0109 - acc: 0.9964
1460/1460 [==============================] - 0s 56us/step - loss: 0.0100 - acc: 0.9973 - val_loss: 0.0717 - val_acc: 0.9877
Epoch 5/30

  50/1460 [>.............................] - ETA: 0s - loss: 0.0047 - acc: 1.0000
1000/1460 [===================>..........] - ETA: 0s - loss: 0.0051 - acc: 1.0000
1460/1460 [==============================] - 0s 55us/step - loss: 0.0062 - acc: 0.9993 - val_loss: 0.0757 - val_acc: 0.9815
Epoch 6/30

  50/1460 [>.............................] - ETA: 0s - loss: 0.0019 - acc: 1.0000
1050/1460 [====================>.........] - ETA: 0s - loss: 0.0038 - acc: 1.0000
1460/1460 [==============================] - 0s 64us/step - loss: 0.0032 - acc: 1.0000 - val_loss: 0.0763 - val_acc: 0.9815
Epoch 7/30

  50/1460 [>.............................] - ETA: 0s - loss: 9.5583e-04 - acc: 1.0000
1000/1460 [===================>..........] - ETA: 0s - loss: 0.0038 - acc: 0.9990    
1460/1460 [==============================] - 0s 56us/step - loss: 0.0036 - acc: 0.9993 - val_loss: 0.0722 - val_acc: 0.9877
Epoch 8/30

  50/1460 [>.............................] - ETA: 0s - loss: 0.0016 - acc: 1.0000
1100/1460 [=====================>........] - ETA: 0s - loss: 0.0027 - acc: 0.9991
1460/1460 [==============================] - 0s 53us/step - loss: 0.0023 - acc: 0.9993 - val_loss: 0.0722 - val_acc: 0.9815
Epoch 9/30

  50/1460 [>.............................] - ETA: 0s - loss: 2.1728e-04 - acc: 1.0000
1050/1460 [====================>.........] - ETA: 0s - loss: 0.0035 - acc: 0.9990    
1460/1460 [==============================] - 0s 53us/step - loss: 0.0028 - acc: 0.9993 - val_loss: 0.0712 - val_acc: 0.9877
Epoch 10/30

  50/1460 [>.............................] - ETA: 0s - loss: 0.0010 - acc: 1.0000
1100/1460 [=====================>........] - ETA: 0s - loss: 0.0013 - acc: 1.0000
1460/1460 [==============================] - 0s 54us/step - loss: 0.0011 - acc: 1.0000 - val_loss: 0.0727 - val_acc: 0.9877
Epoch 11/30

  50/1460 [>.............................] - ETA: 0s - loss: 4.5600e-04 - acc: 1.0000
1000/1460 [===================>..........] - ETA: 0s - loss: 7.0454e-04 - acc: 1.0000
1460/1460 [==============================] - 0s 58us/step - loss: 7.6805e-04 - acc: 1.0000 - val_loss: 0.0736 - val_acc: 0.9877
Epoch 12/30

  50/1460 [>.............................] - ETA: 0s - loss: 4.0877e-04 - acc: 1.0000
1000/1460 [===================>..........] - ETA: 0s - loss: 5.9880e-04 - acc: 1.0000
1460/1460 [==============================] - 0s 55us/step - loss: 5.8244e-04 - acc: 1.0000 - val_loss: 0.0754 - val_acc: 0.9877
Epoch 13/30

  50/1460 [>.............................] - ETA: 0s - loss: 6.2408e-04 - acc: 1.0000
1050/1460 [====================>.........] - ETA: 0s - loss: 4.8156e-04 - acc: 1.0000
1460/1460 [==============================] - 0s 55us/step - loss: 4.6768e-04 - acc: 1.0000 - val_loss: 0.0762 - val_acc: 0.9877
Epoch 14/30

  50/1460 [>.............................] - ETA: 0s - loss: 5.2780e-04 - acc: 1.0000
1050/1460 [====================>.........] - ETA: 0s - loss: 4.2127e-04 - acc: 1.0000
1460/1460 [==============================] - 0s 55us/step - loss: 4.0848e-04 - acc: 1.0000 - val_loss: 0.0768 - val_acc: 0.9877
Epoch 15/30

  50/1460 [>.............................] - ETA: 0s - loss: 2.2583e-04 - acc: 1.0000
 900/1460 [=================>............] - ETA: 0s - loss: 4.0956e-04 - acc: 1.0000
1460/1460 [==============================] - 0s 70us/step - loss: 3.6110e-04 - acc: 1.0000 - val_loss: 0.0774 - val_acc: 0.9877
Epoch 16/30

  50/1460 [>.............................] - ETA: 0s - loss: 2.9616e-04 - acc: 1.0000
 900/1460 [=================>............] - ETA: 0s - loss: 3.4046e-04 - acc: 1.0000
1460/1460 [==============================] - 0s 70us/step - loss: 3.2128e-04 - acc: 1.0000 - val_loss: 0.0781 - val_acc: 0.9877
Epoch 17/30

  50/1460 [>.............................] - ETA: 0s - loss: 2.0354e-04 - acc: 1.0000
 850/1460 [================>.............] - ETA: 0s - loss: 2.6948e-04 - acc: 1.0000
1460/1460 [==============================] - 0s 66us/step - loss: 2.8870e-04 - acc: 1.0000 - val_loss: 0.0784 - val_acc: 0.9877
Epoch 18/30

  50/1460 [>.............................] - ETA: 0s - loss: 1.4120e-04 - acc: 1.0000
 750/1460 [==============>...............] - ETA: 0s - loss: 2.2294e-04 - acc: 1.0000
1460/1460 [==============================] - 0s 69us/step - loss: 2.5962e-04 - acc: 1.0000 - val_loss: 0.0789 - val_acc: 0.9877
Epoch 19/30

  50/1460 [>.............................] - ETA: 0s - loss: 1.2711e-04 - acc: 1.0000
1150/1460 [======================>.......] - ETA: 0s - loss: 2.5476e-04 - acc: 1.0000
1460/1460 [==============================] - 0s 50us/step - loss: 2.3725e-04 - acc: 1.0000 - val_loss: 0.0796 - val_acc: 0.9877
acc: 98.77%
Train on 1460 samples, validate on 162 samples
Epoch 1/30

  50/1460 [>.............................] - ETA: 34s - loss: 0.6845 - acc: 0.5600
1150/1460 [======================>.......] - ETA: 0s - loss: 0.2872 - acc: 0.8765 
1460/1460 [==============================] - 1s 984us/step - loss: 0.2376 - acc: 0.8986 - val_loss: 0.0860 - val_acc: 0.9630
Epoch 2/30

  50/1460 [>.............................] - ETA: 0s - loss: 0.0779 - acc: 0.9600
1100/1460 [=====================>........] - ETA: 0s - loss: 0.0431 - acc: 0.9864
1460/1460 [==============================] - 0s 51us/step - loss: 0.0462 - acc: 0.9863 - val_loss: 0.0775 - val_acc: 0.9753
Epoch 3/30

  50/1460 [>.............................] - ETA: 0s - loss: 0.0224 - acc: 1.0000
1150/1460 [======================>.......] - ETA: 0s - loss: 0.0242 - acc: 0.9965
1460/1460 [==============================] - 0s 49us/step - loss: 0.0252 - acc: 0.9952 - val_loss: 0.0723 - val_acc: 0.9753
Epoch 4/30

  50/1460 [>.............................] - ETA: 0s - loss: 0.0071 - acc: 1.0000
1150/1460 [======================>.......] - ETA: 0s - loss: 0.0122 - acc: 0.9974
1460/1460 [==============================] - 0s 51us/step - loss: 0.0109 - acc: 0.9979 - val_loss: 0.0840 - val_acc: 0.9691
Epoch 5/30

  50/1460 [>.............................] - ETA: 0s - loss: 0.0039 - acc: 1.0000
1200/1460 [=======================>......] - ETA: 0s - loss: 0.0081 - acc: 0.9975
1460/1460 [==============================] - 0s 48us/step - loss: 0.0073 - acc: 0.9979 - val_loss: 0.0820 - val_acc: 0.9753
Epoch 6/30

  50/1460 [>.............................] - ETA: 0s - loss: 0.0035 - acc: 1.0000
1150/1460 [======================>.......] - ETA: 0s - loss: 0.0036 - acc: 1.0000
1460/1460 [==============================] - 0s 48us/step - loss: 0.0037 - acc: 1.0000 - val_loss: 0.0864 - val_acc: 0.9753
Epoch 7/30

  50/1460 [>.............................] - ETA: 0s - loss: 0.0067 - acc: 1.0000
1200/1460 [=======================>......] - ETA: 0s - loss: 0.0022 - acc: 1.0000
1460/1460 [==============================] - 0s 48us/step - loss: 0.0020 - acc: 1.0000 - val_loss: 0.0771 - val_acc: 0.9753
Epoch 8/30

  50/1460 [>.............................] - ETA: 0s - loss: 0.0020 - acc: 1.0000
1100/1460 [=====================>........] - ETA: 0s - loss: 0.0012 - acc: 1.0000
1460/1460 [==============================] - 0s 51us/step - loss: 0.0013 - acc: 1.0000 - val_loss: 0.0811 - val_acc: 0.9753
Epoch 9/30

  50/1460 [>.............................] - ETA: 0s - loss: 8.7747e-04 - acc: 1.0000
1100/1460 [=====================>........] - ETA: 0s - loss: 0.0010 - acc: 1.0000    
1460/1460 [==============================] - 0s 51us/step - loss: 9.3167e-04 - acc: 1.0000 - val_loss: 0.0791 - val_acc: 0.9753
Epoch 10/30

  50/1460 [>.............................] - ETA: 0s - loss: 5.3935e-04 - acc: 1.0000
1150/1460 [======================>.......] - ETA: 0s - loss: 7.0873e-04 - acc: 1.0000
1460/1460 [==============================] - 0s 50us/step - loss: 7.3245e-04 - acc: 1.0000 - val_loss: 0.0784 - val_acc: 0.9753
Epoch 11/30

  50/1460 [>.............................] - ETA: 0s - loss: 0.0016 - acc: 1.0000
1150/1460 [======================>.......] - ETA: 0s - loss: 5.8048e-04 - acc: 1.0000
1460/1460 [==============================] - 0s 50us/step - loss: 6.0734e-04 - acc: 1.0000 - val_loss: 0.0802 - val_acc: 0.9753
Epoch 12/30

  50/1460 [>.............................] - ETA: 0s - loss: 0.0012 - acc: 1.0000
1150/1460 [======================>.......] - ETA: 0s - loss: 5.6312e-04 - acc: 1.0000
1460/1460 [==============================] - 0s 49us/step - loss: 5.2470e-04 - acc: 1.0000 - val_loss: 0.0792 - val_acc: 0.9753
Epoch 13/30

  50/1460 [>.............................] - ETA: 0s - loss: 5.8244e-04 - acc: 1.0000
1150/1460 [======================>.......] - ETA: 0s - loss: 4.6288e-04 - acc: 1.0000
1460/1460 [==============================] - 0s 50us/step - loss: 4.5142e-04 - acc: 1.0000 - val_loss: 0.0799 - val_acc: 0.9753
Epoch 14/30

  50/1460 [>.............................] - ETA: 0s - loss: 3.1652e-04 - acc: 1.0000
1150/1460 [======================>.......] - ETA: 0s - loss: 3.4127e-04 - acc: 1.0000
1460/1460 [==============================] - 0s 48us/step - loss: 4.0229e-04 - acc: 1.0000 - val_loss: 0.0808 - val_acc: 0.9753
Epoch 15/30

  50/1460 [>.............................] - ETA: 0s - loss: 2.7443e-04 - acc: 1.0000
1200/1460 [=======================>......] - ETA: 0s - loss: 3.5808e-04 - acc: 1.0000
1460/1460 [==============================] - 0s 50us/step - loss: 3.5584e-04 - acc: 1.0000 - val_loss: 0.0807 - val_acc: 0.9753
Epoch 16/30

  50/1460 [>.............................] - ETA: 0s - loss: 2.4843e-04 - acc: 1.0000
1200/1460 [=======================>......] - ETA: 0s - loss: 3.3126e-04 - acc: 1.0000
1460/1460 [==============================] - 0s 48us/step - loss: 3.2138e-04 - acc: 1.0000 - val_loss: 0.0814 - val_acc: 0.9753
Epoch 17/30

  50/1460 [>.............................] - ETA: 0s - loss: 2.9020e-04 - acc: 1.0000
1100/1460 [=====================>........] - ETA: 0s - loss: 2.7059e-04 - acc: 1.0000
1460/1460 [==============================] - 0s 53us/step - loss: 2.9145e-04 - acc: 1.0000 - val_loss: 0.0815 - val_acc: 0.9753
Epoch 18/30

  50/1460 [>.............................] - ETA: 0s - loss: 2.1039e-04 - acc: 1.0000
1100/1460 [=====================>........] - ETA: 0s - loss: 2.8354e-04 - acc: 1.0000
1460/1460 [==============================] - 0s 51us/step - loss: 2.6642e-04 - acc: 1.0000 - val_loss: 0.0826 - val_acc: 0.9753
acc: 97.53%
Train on 1461 samples, validate on 161 samples
Epoch 1/30

  50/1461 [>.............................] - ETA: 38s - loss: 0.6986 - acc: 0.5200
1150/1461 [======================>.......] - ETA: 0s - loss: 0.2471 - acc: 0.9000 
1461/1461 [==============================] - 2s 1ms/step - loss: 0.2076 - acc: 0.9151 - val_loss: 0.0280 - val_acc: 0.9876
Epoch 2/30

  50/1461 [>.............................] - ETA: 0s - loss: 0.0098 - acc: 1.0000
1100/1461 [=====================>........] - ETA: 0s - loss: 0.0421 - acc: 0.9882
1461/1461 [==============================] - 0s 52us/step - loss: 0.0444 - acc: 0.9863 - val_loss: 0.0329 - val_acc: 0.9876
Epoch 3/30

  50/1461 [>.............................] - ETA: 0s - loss: 0.0240 - acc: 0.9800
1050/1461 [====================>.........] - ETA: 0s - loss: 0.0158 - acc: 0.9962
1461/1461 [==============================] - 0s 53us/step - loss: 0.0169 - acc: 0.9966 - val_loss: 0.0241 - val_acc: 0.9876
Epoch 4/30

  50/1461 [>.............................] - ETA: 0s - loss: 0.0042 - acc: 1.0000
1150/1461 [======================>.......] - ETA: 0s - loss: 0.0070 - acc: 0.9991
1461/1461 [==============================] - 0s 49us/step - loss: 0.0071 - acc: 0.9986 - val_loss: 0.0152 - val_acc: 0.9938
Epoch 5/30

  50/1461 [>.............................] - ETA: 0s - loss: 0.0020 - acc: 1.0000
1150/1461 [======================>.......] - ETA: 0s - loss: 0.0036 - acc: 1.0000
1461/1461 [==============================] - 0s 49us/step - loss: 0.0045 - acc: 0.9986 - val_loss: 0.0151 - val_acc: 0.9938
Epoch 6/30

  50/1461 [>.............................] - ETA: 0s - loss: 0.0018 - acc: 1.0000
1150/1461 [======================>.......] - ETA: 0s - loss: 0.0026 - acc: 1.0000
1461/1461 [==============================] - 0s 48us/step - loss: 0.0026 - acc: 1.0000 - val_loss: 0.0165 - val_acc: 0.9938
Epoch 7/30

  50/1461 [>.............................] - ETA: 0s - loss: 8.7203e-04 - acc: 1.0000
1150/1461 [======================>.......] - ETA: 0s - loss: 0.0014 - acc: 1.0000    
1461/1461 [==============================] - 0s 49us/step - loss: 0.0014 - acc: 1.0000 - val_loss: 0.0147 - val_acc: 0.9938
Epoch 8/30

  50/1461 [>.............................] - ETA: 0s - loss: 0.0026 - acc: 1.0000
1100/1461 [=====================>........] - ETA: 0s - loss: 9.4186e-04 - acc: 1.0000
1461/1461 [==============================] - 0s 51us/step - loss: 9.5425e-04 - acc: 1.0000 - val_loss: 0.0139 - val_acc: 0.9938
Epoch 9/30

  50/1461 [>.............................] - ETA: 0s - loss: 8.1325e-04 - acc: 1.0000
1150/1461 [======================>.......] - ETA: 0s - loss: 7.1189e-04 - acc: 1.0000
1461/1461 [==============================] - 0s 51us/step - loss: 7.4225e-04 - acc: 1.0000 - val_loss: 0.0141 - val_acc: 0.9938
Epoch 10/30

  50/1461 [>.............................] - ETA: 0s - loss: 2.2803e-04 - acc: 1.0000
1100/1461 [=====================>........] - ETA: 0s - loss: 6.3632e-04 - acc: 1.0000
1461/1461 [==============================] - 0s 51us/step - loss: 6.1555e-04 - acc: 1.0000 - val_loss: 0.0138 - val_acc: 0.9938
Epoch 11/30

  50/1461 [>.............................] - ETA: 0s - loss: 8.3856e-04 - acc: 1.0000
1150/1461 [======================>.......] - ETA: 0s - loss: 5.2305e-04 - acc: 1.0000
1461/1461 [==============================] - 0s 50us/step - loss: 5.0263e-04 - acc: 1.0000 - val_loss: 0.0137 - val_acc: 0.9938
Epoch 12/30

  50/1461 [>.............................] - ETA: 0s - loss: 1.9665e-04 - acc: 1.0000
1100/1461 [=====================>........] - ETA: 0s - loss: 4.1677e-04 - acc: 1.0000
1461/1461 [==============================] - 0s 51us/step - loss: 4.3281e-04 - acc: 1.0000 - val_loss: 0.0132 - val_acc: 0.9938
Epoch 13/30

  50/1461 [>.............................] - ETA: 0s - loss: 3.1855e-04 - acc: 1.0000
1100/1461 [=====================>........] - ETA: 0s - loss: 3.6653e-04 - acc: 1.0000
1461/1461 [==============================] - 0s 51us/step - loss: 3.7400e-04 - acc: 1.0000 - val_loss: 0.0132 - val_acc: 0.9938
Epoch 14/30

  50/1461 [>.............................] - ETA: 0s - loss: 4.5691e-04 - acc: 1.0000
1150/1461 [======================>.......] - ETA: 0s - loss: 3.2748e-04 - acc: 1.0000
1461/1461 [==============================] - 0s 49us/step - loss: 3.2904e-04 - acc: 1.0000 - val_loss: 0.0134 - val_acc: 0.9938
Epoch 15/30

  50/1461 [>.............................] - ETA: 0s - loss: 1.8089e-04 - acc: 1.0000
1200/1461 [=======================>......] - ETA: 0s - loss: 2.9400e-04 - acc: 1.0000
1461/1461 [==============================] - 0s 48us/step - loss: 2.9709e-04 - acc: 1.0000 - val_loss: 0.0136 - val_acc: 0.9938
Epoch 16/30

  50/1461 [>.............................] - ETA: 0s - loss: 1.4308e-04 - acc: 1.0000
1150/1461 [======================>.......] - ETA: 0s - loss: 2.7011e-04 - acc: 1.0000
1461/1461 [==============================] - 0s 50us/step - loss: 2.6537e-04 - acc: 1.0000 - val_loss: 0.0137 - val_acc: 0.9938
Epoch 17/30

  50/1461 [>.............................] - ETA: 0s - loss: 1.4139e-04 - acc: 1.0000
1100/1461 [=====================>........] - ETA: 0s - loss: 2.2048e-04 - acc: 1.0000
1461/1461 [==============================] - 0s 51us/step - loss: 2.3727e-04 - acc: 1.0000 - val_loss: 0.0136 - val_acc: 0.9938
Epoch 18/30

  50/1461 [>.............................] - ETA: 0s - loss: 2.3094e-04 - acc: 1.0000
1100/1461 [=====================>........] - ETA: 0s - loss: 2.1742e-04 - acc: 1.0000
1461/1461 [==============================] - 0s 52us/step - loss: 2.1529e-04 - acc: 1.0000 - val_loss: 0.0137 - val_acc: 0.9938
Epoch 19/30

  50/1461 [>.............................] - ETA: 0s - loss: 1.5738e-04 - acc: 1.0000
1050/1461 [====================>.........] - ETA: 0s - loss: 1.8009e-04 - acc: 1.0000
1461/1461 [==============================] - 0s 54us/step - loss: 1.9693e-04 - acc: 1.0000 - val_loss: 0.0135 - val_acc: 0.9938
Epoch 20/30

  50/1461 [>.............................] - ETA: 0s - loss: 9.1483e-05 - acc: 1.0000
1050/1461 [====================>.........] - ETA: 0s - loss: 1.8337e-04 - acc: 1.0000
1461/1461 [==============================] - 0s 53us/step - loss: 1.7922e-04 - acc: 1.0000 - val_loss: 0.0135 - val_acc: 0.9938
acc: 99.38%
Accuracy: 98.40% (+/- 0.56%)
