Train on 1297 samples, validate on 325 samples
Epoch 1/30

 100/1297 [=>............................] - ETA: 9s - loss: 0.6867 - acc: 0.5600
 800/1297 [=================>............] - ETA: 0s - loss: 0.4198 - acc: 0.8250
1297/1297 [==============================] - 1s 686us/step - loss: 0.2978 - acc: 0.8790 - val_loss: 0.1393 - val_acc: 0.9538
Epoch 2/30

 100/1297 [=>............................] - ETA: 0s - loss: 0.0701 - acc: 0.9600
1297/1297 [==============================] - 0s 38us/step - loss: 0.0433 - acc: 0.9854 - val_loss: 0.1242 - val_acc: 0.9569
Epoch 3/30

 100/1297 [=>............................] - ETA: 0s - loss: 0.0170 - acc: 0.9900
1297/1297 [==============================] - 0s 43us/step - loss: 0.0182 - acc: 0.9938 - val_loss: 0.1127 - val_acc: 0.9631
Epoch 4/30

 100/1297 [=>............................] - ETA: 0s - loss: 0.0058 - acc: 1.0000
1297/1297 [==============================] - 0s 31us/step - loss: 0.0104 - acc: 0.9969 - val_loss: 0.1114 - val_acc: 0.9631
Epoch 5/30

 100/1297 [=>............................] - ETA: 0s - loss: 0.0139 - acc: 0.9900
1297/1297 [==============================] - 0s 31us/step - loss: 0.0057 - acc: 0.9985 - val_loss: 0.1091 - val_acc: 0.9631
Epoch 6/30

 100/1297 [=>............................] - ETA: 0s - loss: 0.0022 - acc: 1.0000
1297/1297 [==============================] - 0s 31us/step - loss: 0.0048 - acc: 0.9977 - val_loss: 0.1106 - val_acc: 0.9631
Epoch 7/30

 100/1297 [=>............................] - ETA: 0s - loss: 0.0012 - acc: 1.0000
1297/1297 [==============================] - 0s 29us/step - loss: 0.0035 - acc: 1.0000 - val_loss: 0.1212 - val_acc: 0.9600
Epoch 8/30

 100/1297 [=>............................] - ETA: 0s - loss: 0.0013 - acc: 1.0000
1297/1297 [==============================] - 0s 35us/step - loss: 0.0033 - acc: 0.9992 - val_loss: 0.1259 - val_acc: 0.9631
Epoch 9/30

 100/1297 [=>............................] - ETA: 0s - loss: 0.0045 - acc: 1.0000
1297/1297 [==============================] - 0s 28us/step - loss: 0.0029 - acc: 0.9992 - val_loss: 0.1251 - val_acc: 0.9631
Epoch 10/30

 100/1297 [=>............................] - ETA: 0s - loss: 0.0018 - acc: 1.0000
1297/1297 [==============================] - 0s 29us/step - loss: 0.0043 - acc: 0.9992 - val_loss: 0.1292 - val_acc: 0.9631
Epoch 11/30

 100/1297 [=>............................] - ETA: 0s - loss: 0.0010 - acc: 1.0000
1297/1297 [==============================] - 0s 29us/step - loss: 0.0032 - acc: 0.9992 - val_loss: 0.1306 - val_acc: 0.9662
Epoch 12/30

 100/1297 [=>............................] - ETA: 0s - loss: 0.0015 - acc: 1.0000
1297/1297 [==============================] - 0s 30us/step - loss: 0.0026 - acc: 0.9992 - val_loss: 0.1313 - val_acc: 0.9662
Epoch 13/30

 100/1297 [=>............................] - ETA: 0s - loss: 8.2935e-04 - acc: 1.0000
1297/1297 [==============================] - 0s 31us/step - loss: 0.0018 - acc: 0.9992 - val_loss: 0.1311 - val_acc: 0.9662
Epoch 14/30

 100/1297 [=>............................] - ETA: 0s - loss: 4.0846e-04 - acc: 1.0000
1297/1297 [==============================] - 0s 32us/step - loss: 0.0017 - acc: 0.9992 - val_loss: 0.1289 - val_acc: 0.9692
Epoch 15/30

 100/1297 [=>............................] - ETA: 0s - loss: 0.0018 - acc: 1.0000
1297/1297 [==============================] - 0s 30us/step - loss: 0.0016 - acc: 0.9992 - val_loss: 0.1290 - val_acc: 0.9662
Epoch 16/30

 100/1297 [=>............................] - ETA: 0s - loss: 0.0012 - acc: 1.0000
1297/1297 [==============================] - 0s 31us/step - loss: 0.0014 - acc: 1.0000 - val_loss: 0.1277 - val_acc: 0.9662
Epoch 17/30

 100/1297 [=>............................] - ETA: 0s - loss: 6.6815e-04 - acc: 1.0000
1297/1297 [==============================] - 0s 30us/step - loss: 0.0015 - acc: 0.9992 - val_loss: 0.1240 - val_acc: 0.9692
Epoch 18/30

 100/1297 [=>............................] - ETA: 0s - loss: 4.2902e-04 - acc: 1.0000
 800/1297 [=================>............] - ETA: 0s - loss: 0.0013 - acc: 1.0000    
1297/1297 [==============================] - 0s 86us/step - loss: 9.7634e-04 - acc: 1.0000 - val_loss: 0.1212 - val_acc: 0.9723
Epoch 19/30

 100/1297 [=>............................] - ETA: 0s - loss: 2.7816e-04 - acc: 1.0000
 700/1297 [===============>..............] - ETA: 0s - loss: 0.0011 - acc: 1.0000    
1297/1297 [==============================] - 0s 93us/step - loss: 8.9200e-04 - acc: 1.0000 - val_loss: 0.1218 - val_acc: 0.9723
Epoch 20/30

 100/1297 [=>............................] - ETA: 0s - loss: 1.8701e-04 - acc: 1.0000
 800/1297 [=================>............] - ETA: 0s - loss: 0.0011 - acc: 1.0000    
1297/1297 [==============================] - 0s 90us/step - loss: 8.5988e-04 - acc: 1.0000 - val_loss: 0.1201 - val_acc: 0.9723
Epoch 21/30

 100/1297 [=>............................] - ETA: 0s - loss: 0.0013 - acc: 1.0000
 700/1297 [===============>..............] - ETA: 0s - loss: 9.9203e-04 - acc: 1.0000
1297/1297 [==============================] - 0s 70us/step - loss: 7.8751e-04 - acc: 1.0000 - val_loss: 0.1208 - val_acc: 0.9723
Epoch 22/30

 100/1297 [=>............................] - ETA: 0s - loss: 0.0011 - acc: 1.0000
1297/1297 [==============================] - 0s 33us/step - loss: 8.2357e-04 - acc: 1.0000 - val_loss: 0.1224 - val_acc: 0.9723
Epoch 23/30

 100/1297 [=>............................] - ETA: 0s - loss: 0.0037 - acc: 1.0000
1297/1297 [==============================] - 0s 29us/step - loss: 6.2315e-04 - acc: 1.0000 - val_loss: 0.1234 - val_acc: 0.9692
Epoch 24/30

 100/1297 [=>............................] - ETA: 0s - loss: 4.6330e-04 - acc: 1.0000
1297/1297 [==============================] - 0s 29us/step - loss: 7.8483e-04 - acc: 1.0000 - val_loss: 0.1267 - val_acc: 0.9692
Epoch 25/30

 100/1297 [=>............................] - ETA: 0s - loss: 9.5549e-04 - acc: 1.0000
1297/1297 [==============================] - 0s 29us/step - loss: 7.1955e-04 - acc: 1.0000 - val_loss: 0.1261 - val_acc: 0.9692
Epoch 26/30

 100/1297 [=>............................] - ETA: 0s - loss: 3.1412e-04 - acc: 1.0000
1297/1297 [==============================] - 0s 29us/step - loss: 4.8596e-04 - acc: 1.0000 - val_loss: 0.1261 - val_acc: 0.9692
Epoch 27/30

 100/1297 [=>............................] - ETA: 0s - loss: 0.0025 - acc: 1.0000
1297/1297 [==============================] - 0s 28us/step - loss: 4.2771e-04 - acc: 1.0000 - val_loss: 0.1270 - val_acc: 0.9692
Epoch 28/30

 100/1297 [=>............................] - ETA: 0s - loss: 0.0021 - acc: 1.0000
1297/1297 [==============================] - 0s 30us/step - loss: 4.5137e-04 - acc: 1.0000 - val_loss: 0.1282 - val_acc: 0.9692
Epoch 29/30

 100/1297 [=>............................] - ETA: 0s - loss: 1.1621e-04 - acc: 1.0000
1297/1297 [==============================] - 0s 29us/step - loss: 5.8871e-04 - acc: 1.0000 - val_loss: 0.1293 - val_acc: 0.9723
Epoch 30/30

 100/1297 [=>............................] - ETA: 0s - loss: 1.0483e-04 - acc: 1.0000
1297/1297 [==============================] - 0s 29us/step - loss: 8.0034e-04 - acc: 1.0000 - val_loss: 0.1303 - val_acc: 0.9723
acc: 97.23%
Train on 1297 samples, validate on 325 samples
Epoch 1/30

 100/1297 [=>............................] - ETA: 6s - loss: 0.6857 - acc: 0.5500
1297/1297 [==============================] - 1s 507us/step - loss: 0.2668 - acc: 0.8805 - val_loss: 0.1053 - val_acc: 0.9662
Epoch 2/30

 100/1297 [=>............................] - ETA: 0s - loss: 0.0982 - acc: 0.9800
1297/1297 [==============================] - 0s 29us/step - loss: 0.0562 - acc: 0.9877 - val_loss: 0.0852 - val_acc: 0.9754
Epoch 3/30

 100/1297 [=>............................] - ETA: 0s - loss: 0.0360 - acc: 0.9900
1297/1297 [==============================] - 0s 29us/step - loss: 0.0302 - acc: 0.9931 - val_loss: 0.0818 - val_acc: 0.9631
Epoch 4/30

 100/1297 [=>............................] - ETA: 0s - loss: 0.0072 - acc: 1.0000
1297/1297 [==============================] - 0s 30us/step - loss: 0.0168 - acc: 0.9961 - val_loss: 0.0874 - val_acc: 0.9692
Epoch 5/30

 100/1297 [=>............................] - ETA: 0s - loss: 0.0041 - acc: 1.0000
1297/1297 [==============================] - 0s 29us/step - loss: 0.0117 - acc: 0.9977 - val_loss: 0.0898 - val_acc: 0.9692
Epoch 6/30

 100/1297 [=>............................] - ETA: 0s - loss: 0.0022 - acc: 1.0000
1297/1297 [==============================] - 0s 31us/step - loss: 0.0085 - acc: 0.9977 - val_loss: 0.0841 - val_acc: 0.9662
Epoch 7/30

 100/1297 [=>............................] - ETA: 0s - loss: 0.0027 - acc: 1.0000
1297/1297 [==============================] - 0s 29us/step - loss: 0.0067 - acc: 0.9977 - val_loss: 0.0849 - val_acc: 0.9723
Epoch 8/30

 100/1297 [=>............................] - ETA: 0s - loss: 0.0022 - acc: 1.0000
1297/1297 [==============================] - 0s 27us/step - loss: 0.0058 - acc: 0.9985 - val_loss: 0.0855 - val_acc: 0.9723
Epoch 9/30

 100/1297 [=>............................] - ETA: 0s - loss: 0.0050 - acc: 1.0000
1297/1297 [==============================] - 0s 28us/step - loss: 0.0057 - acc: 0.9985 - val_loss: 0.0887 - val_acc: 0.9723
Epoch 10/30

 100/1297 [=>............................] - ETA: 0s - loss: 0.0011 - acc: 1.0000
1297/1297 [==============================] - 0s 29us/step - loss: 0.0042 - acc: 0.9985 - val_loss: 0.0890 - val_acc: 0.9785
Epoch 11/30

 100/1297 [=>............................] - ETA: 0s - loss: 0.0011 - acc: 1.0000
1297/1297 [==============================] - 0s 29us/step - loss: 0.0045 - acc: 0.9985 - val_loss: 0.0881 - val_acc: 0.9815
Epoch 12/30

 100/1297 [=>............................] - ETA: 0s - loss: 0.0016 - acc: 1.0000
1297/1297 [==============================] - 0s 29us/step - loss: 0.0043 - acc: 0.9985 - val_loss: 0.0861 - val_acc: 0.9785
Epoch 13/30

 100/1297 [=>............................] - ETA: 0s - loss: 0.0026 - acc: 1.0000
1297/1297 [==============================] - 0s 28us/step - loss: 0.0039 - acc: 0.9985 - val_loss: 0.0841 - val_acc: 0.9785
Epoch 14/30

 100/1297 [=>............................] - ETA: 0s - loss: 0.0132 - acc: 0.9900
1297/1297 [==============================] - 0s 28us/step - loss: 0.0031 - acc: 0.9985 - val_loss: 0.0934 - val_acc: 0.9785
Epoch 15/30

 100/1297 [=>............................] - ETA: 0s - loss: 0.0015 - acc: 1.0000
1297/1297 [==============================] - 0s 29us/step - loss: 0.0057 - acc: 0.9985 - val_loss: 0.0932 - val_acc: 0.9754
Epoch 16/30

 100/1297 [=>............................] - ETA: 0s - loss: 7.2391e-04 - acc: 1.0000
1297/1297 [==============================] - 0s 28us/step - loss: 0.0034 - acc: 0.9992 - val_loss: 0.1028 - val_acc: 0.9754
Epoch 17/30

 100/1297 [=>............................] - ETA: 0s - loss: 0.0015 - acc: 1.0000
1297/1297 [==============================] - 0s 28us/step - loss: 0.0027 - acc: 0.9992 - val_loss: 0.0987 - val_acc: 0.9785
Epoch 18/30

 100/1297 [=>............................] - ETA: 0s - loss: 8.4110e-04 - acc: 1.0000
1297/1297 [==============================] - 0s 28us/step - loss: 0.0023 - acc: 0.9992 - val_loss: 0.0957 - val_acc: 0.9785
Epoch 19/30

 100/1297 [=>............................] - ETA: 0s - loss: 5.9705e-04 - acc: 1.0000
1297/1297 [==============================] - 0s 28us/step - loss: 0.0034 - acc: 0.9992 - val_loss: 0.0938 - val_acc: 0.9785
Epoch 20/30

 100/1297 [=>............................] - ETA: 0s - loss: 2.9313e-04 - acc: 1.0000
1297/1297 [==============================] - 0s 30us/step - loss: 0.0029 - acc: 0.9992 - val_loss: 0.0977 - val_acc: 0.9723
Epoch 21/30

 100/1297 [=>............................] - ETA: 0s - loss: 0.0042 - acc: 1.0000
1297/1297 [==============================] - 0s 30us/step - loss: 0.0029 - acc: 0.9992 - val_loss: 0.0845 - val_acc: 0.9785
Epoch 22/30

 100/1297 [=>............................] - ETA: 0s - loss: 0.0028 - acc: 1.0000
1297/1297 [==============================] - 0s 31us/step - loss: 0.0055 - acc: 0.9992 - val_loss: 0.0840 - val_acc: 0.9785
Epoch 23/30

 100/1297 [=>............................] - ETA: 0s - loss: 0.0019 - acc: 1.0000
1297/1297 [==============================] - 0s 32us/step - loss: 0.0040 - acc: 0.9992 - val_loss: 0.0832 - val_acc: 0.9785
Epoch 24/30

 100/1297 [=>............................] - ETA: 0s - loss: 0.0011 - acc: 1.0000
1297/1297 [==============================] - 0s 30us/step - loss: 0.0045 - acc: 0.9992 - val_loss: 0.0803 - val_acc: 0.9785
Epoch 25/30

 100/1297 [=>............................] - ETA: 0s - loss: 8.3884e-04 - acc: 1.0000
1297/1297 [==============================] - 0s 31us/step - loss: 0.0040 - acc: 0.9992 - val_loss: 0.0842 - val_acc: 0.9785
Epoch 26/30

 100/1297 [=>............................] - ETA: 0s - loss: 0.0015 - acc: 1.0000
1297/1297 [==============================] - 0s 32us/step - loss: 0.0041 - acc: 0.9992 - val_loss: 0.0910 - val_acc: 0.9846
Epoch 27/30

 100/1297 [=>............................] - ETA: 0s - loss: 0.0023 - acc: 1.0000
1297/1297 [==============================] - 0s 32us/step - loss: 0.0040 - acc: 0.9992 - val_loss: 0.0850 - val_acc: 0.9846
Epoch 28/30

 100/1297 [=>............................] - ETA: 0s - loss: 0.0012 - acc: 1.0000
1297/1297 [==============================] - 0s 31us/step - loss: 0.0047 - acc: 0.9992 - val_loss: 0.0807 - val_acc: 0.9815
Epoch 29/30

 100/1297 [=>............................] - ETA: 0s - loss: 7.2035e-04 - acc: 1.0000
1297/1297 [==============================] - 0s 30us/step - loss: 0.0052 - acc: 0.9992 - val_loss: 0.0797 - val_acc: 0.9815
Epoch 30/30

 100/1297 [=>............................] - ETA: 0s - loss: 6.3090e-04 - acc: 1.0000
1297/1297 [==============================] - 0s 29us/step - loss: 0.0037 - acc: 0.9992 - val_loss: 0.0817 - val_acc: 0.9785
acc: 97.85%
Train on 1297 samples, validate on 325 samples
Epoch 1/30

 100/1297 [=>............................] - ETA: 7s - loss: 0.6939 - acc: 0.4900
1297/1297 [==============================] - 1s 595us/step - loss: 0.2853 - acc: 0.8712 - val_loss: 0.0701 - val_acc: 0.9723
Epoch 2/30

 100/1297 [=>............................] - ETA: 0s - loss: 0.0394 - acc: 0.9900
1297/1297 [==============================] - 0s 28us/step - loss: 0.0523 - acc: 0.9861 - val_loss: 0.0560 - val_acc: 0.9846
Epoch 3/30

 100/1297 [=>............................] - ETA: 0s - loss: 0.0160 - acc: 0.9900
1297/1297 [==============================] - 0s 28us/step - loss: 0.0185 - acc: 0.9946 - val_loss: 0.0535 - val_acc: 0.9846
Epoch 4/30

 100/1297 [=>............................] - ETA: 0s - loss: 0.0100 - acc: 1.0000
1297/1297 [==============================] - 0s 29us/step - loss: 0.0110 - acc: 0.9954 - val_loss: 0.0540 - val_acc: 0.9877
Epoch 5/30

 100/1297 [=>............................] - ETA: 0s - loss: 0.0029 - acc: 1.0000
1297/1297 [==============================] - 0s 29us/step - loss: 0.0061 - acc: 0.9992 - val_loss: 0.0593 - val_acc: 0.9846
Epoch 6/30

 100/1297 [=>............................] - ETA: 0s - loss: 0.0052 - acc: 1.0000
1297/1297 [==============================] - 0s 28us/step - loss: 0.0046 - acc: 0.9992 - val_loss: 0.0596 - val_acc: 0.9846
Epoch 7/30

 100/1297 [=>............................] - ETA: 0s - loss: 0.0132 - acc: 0.9900
1297/1297 [==============================] - 0s 28us/step - loss: 0.0042 - acc: 0.9992 - val_loss: 0.0587 - val_acc: 0.9846
Epoch 8/30

 100/1297 [=>............................] - ETA: 0s - loss: 0.0022 - acc: 1.0000
1297/1297 [==============================] - 0s 28us/step - loss: 0.0058 - acc: 0.9985 - val_loss: 0.0600 - val_acc: 0.9877
Epoch 9/30

 100/1297 [=>............................] - ETA: 0s - loss: 0.0014 - acc: 1.0000
1297/1297 [==============================] - 0s 27us/step - loss: 0.0037 - acc: 0.9992 - val_loss: 0.0605 - val_acc: 0.9815
Epoch 10/30

 100/1297 [=>............................] - ETA: 0s - loss: 0.0025 - acc: 1.0000
1297/1297 [==============================] - 0s 30us/step - loss: 0.0032 - acc: 0.9992 - val_loss: 0.0615 - val_acc: 0.9846
Epoch 11/30

 100/1297 [=>............................] - ETA: 0s - loss: 0.0029 - acc: 1.0000
1297/1297 [==============================] - 0s 29us/step - loss: 0.0038 - acc: 0.9992 - val_loss: 0.0571 - val_acc: 0.9815
Epoch 12/30

 100/1297 [=>............................] - ETA: 0s - loss: 9.2403e-04 - acc: 1.0000
1297/1297 [==============================] - 0s 28us/step - loss: 0.0031 - acc: 0.9992 - val_loss: 0.0626 - val_acc: 0.9815
Epoch 13/30

 100/1297 [=>............................] - ETA: 0s - loss: 0.0029 - acc: 1.0000
1297/1297 [==============================] - 0s 28us/step - loss: 0.0030 - acc: 0.9992 - val_loss: 0.0663 - val_acc: 0.9815
Epoch 14/30

 100/1297 [=>............................] - ETA: 0s - loss: 0.0028 - acc: 1.0000
1297/1297 [==============================] - 0s 29us/step - loss: 0.0033 - acc: 0.9992 - val_loss: 0.0679 - val_acc: 0.9815
Epoch 15/30

 100/1297 [=>............................] - ETA: 0s - loss: 8.6571e-04 - acc: 1.0000
1297/1297 [==============================] - 0s 29us/step - loss: 0.0021 - acc: 0.9992 - val_loss: 0.0674 - val_acc: 0.9815
Epoch 16/30

 100/1297 [=>............................] - ETA: 0s - loss: 0.0026 - acc: 1.0000
1297/1297 [==============================] - 0s 27us/step - loss: 0.0036 - acc: 0.9992 - val_loss: 0.0658 - val_acc: 0.9815
Epoch 17/30

 100/1297 [=>............................] - ETA: 0s - loss: 3.0240e-04 - acc: 1.0000
1297/1297 [==============================] - 0s 30us/step - loss: 0.0029 - acc: 0.9992 - val_loss: 0.0758 - val_acc: 0.9815
Epoch 18/30

 100/1297 [=>............................] - ETA: 0s - loss: 0.0035 - acc: 1.0000
1297/1297 [==============================] - 0s 28us/step - loss: 0.0023 - acc: 0.9992 - val_loss: 0.0752 - val_acc: 0.9815
Epoch 19/30

 100/1297 [=>............................] - ETA: 0s - loss: 0.0024 - acc: 1.0000
1297/1297 [==============================] - 0s 30us/step - loss: 0.0023 - acc: 0.9992 - val_loss: 0.0722 - val_acc: 0.9815
Epoch 20/30

 100/1297 [=>............................] - ETA: 0s - loss: 9.5469e-04 - acc: 1.0000
1297/1297 [==============================] - 0s 28us/step - loss: 0.0027 - acc: 0.9992 - val_loss: 0.0797 - val_acc: 0.9815
Epoch 21/30

 100/1297 [=>............................] - ETA: 0s - loss: 8.9845e-04 - acc: 1.0000
1297/1297 [==============================] - 0s 28us/step - loss: 0.0033 - acc: 0.9992 - val_loss: 0.0823 - val_acc: 0.9815
Epoch 22/30

 100/1297 [=>............................] - ETA: 0s - loss: 0.0186 - acc: 0.9900
1297/1297 [==============================] - 0s 29us/step - loss: 0.0027 - acc: 0.9992 - val_loss: 0.0828 - val_acc: 0.9815
Epoch 23/30

 100/1297 [=>............................] - ETA: 0s - loss: 5.2210e-04 - acc: 1.0000
1297/1297 [==============================] - 0s 29us/step - loss: 0.0016 - acc: 0.9992 - val_loss: 0.0797 - val_acc: 0.9846
Epoch 24/30

 100/1297 [=>............................] - ETA: 0s - loss: 4.2970e-04 - acc: 1.0000
1297/1297 [==============================] - 0s 30us/step - loss: 0.0025 - acc: 0.9992 - val_loss: 0.0834 - val_acc: 0.9846
acc: 98.77%
Train on 1298 samples, validate on 324 samples
Epoch 1/30

 100/1298 [=>............................] - ETA: 9s - loss: 0.6825 - acc: 0.6100
1298/1298 [==============================] - 1s 730us/step - loss: 0.2681 - acc: 0.8906 - val_loss: 0.0827 - val_acc: 0.9691
Epoch 2/30

 100/1298 [=>............................] - ETA: 0s - loss: 0.0194 - acc: 1.0000
1298/1298 [==============================] - 0s 32us/step - loss: 0.0418 - acc: 0.9892 - val_loss: 0.0878 - val_acc: 0.9722
Epoch 3/30

 100/1298 [=>............................] - ETA: 0s - loss: 0.0236 - acc: 0.9900
1298/1298 [==============================] - 0s 31us/step - loss: 0.0215 - acc: 0.9938 - val_loss: 0.0812 - val_acc: 0.9815
Epoch 4/30

 100/1298 [=>............................] - ETA: 0s - loss: 0.0062 - acc: 1.0000
1298/1298 [==============================] - 0s 29us/step - loss: 0.0147 - acc: 0.9954 - val_loss: 0.0873 - val_acc: 0.9784
Epoch 5/30

 100/1298 [=>............................] - ETA: 0s - loss: 0.0037 - acc: 1.0000
1298/1298 [==============================] - 0s 30us/step - loss: 0.0068 - acc: 0.9985 - val_loss: 0.0844 - val_acc: 0.9784
Epoch 6/30

 100/1298 [=>............................] - ETA: 0s - loss: 0.0018 - acc: 1.0000
1298/1298 [==============================] - 0s 31us/step - loss: 0.0051 - acc: 0.9985 - val_loss: 0.0805 - val_acc: 0.9846
Epoch 7/30

 100/1298 [=>............................] - ETA: 0s - loss: 0.0123 - acc: 0.9900
1298/1298 [==============================] - 0s 30us/step - loss: 0.0027 - acc: 0.9992 - val_loss: 0.0885 - val_acc: 0.9815
Epoch 8/30

 100/1298 [=>............................] - ETA: 0s - loss: 7.9164e-04 - acc: 1.0000
1298/1298 [==============================] - 0s 30us/step - loss: 0.0019 - acc: 0.9992 - val_loss: 0.0912 - val_acc: 0.9815
Epoch 9/30

 100/1298 [=>............................] - ETA: 0s - loss: 0.0027 - acc: 1.0000
1298/1298 [==============================] - 0s 30us/step - loss: 0.0013 - acc: 1.0000 - val_loss: 0.0890 - val_acc: 0.9815
Epoch 10/30

 100/1298 [=>............................] - ETA: 0s - loss: 4.2043e-04 - acc: 1.0000
1298/1298 [==============================] - 0s 29us/step - loss: 0.0010 - acc: 1.0000 - val_loss: 0.0889 - val_acc: 0.9815
Epoch 11/30

 100/1298 [=>............................] - ETA: 0s - loss: 0.0010 - acc: 1.0000
1298/1298 [==============================] - 0s 29us/step - loss: 7.3745e-04 - acc: 1.0000 - val_loss: 0.0897 - val_acc: 0.9815
Epoch 12/30

 100/1298 [=>............................] - ETA: 0s - loss: 4.0173e-04 - acc: 1.0000
1298/1298 [==============================] - 0s 29us/step - loss: 5.7399e-04 - acc: 1.0000 - val_loss: 0.0904 - val_acc: 0.9815
Epoch 13/30

 100/1298 [=>............................] - ETA: 0s - loss: 4.3012e-04 - acc: 1.0000
1298/1298 [==============================] - 0s 29us/step - loss: 4.8261e-04 - acc: 1.0000 - val_loss: 0.0911 - val_acc: 0.9815
Epoch 14/30

 100/1298 [=>............................] - ETA: 0s - loss: 4.5899e-04 - acc: 1.0000
1298/1298 [==============================] - 0s 30us/step - loss: 4.2208e-04 - acc: 1.0000 - val_loss: 0.0916 - val_acc: 0.9815
Epoch 15/30

 100/1298 [=>............................] - ETA: 0s - loss: 2.8413e-04 - acc: 1.0000
1298/1298 [==============================] - 0s 29us/step - loss: 3.7564e-04 - acc: 1.0000 - val_loss: 0.0920 - val_acc: 0.9815
Epoch 16/30

 100/1298 [=>............................] - ETA: 0s - loss: 1.2120e-04 - acc: 1.0000
1298/1298 [==============================] - 0s 32us/step - loss: 3.4065e-04 - acc: 1.0000 - val_loss: 0.0925 - val_acc: 0.9815
Epoch 17/30

 100/1298 [=>............................] - ETA: 0s - loss: 1.3952e-04 - acc: 1.0000
1298/1298 [==============================] - 0s 29us/step - loss: 3.1377e-04 - acc: 1.0000 - val_loss: 0.0930 - val_acc: 0.9815
Epoch 18/30

 100/1298 [=>............................] - ETA: 0s - loss: 8.9038e-04 - acc: 1.0000
1298/1298 [==============================] - 0s 30us/step - loss: 2.9504e-04 - acc: 1.0000 - val_loss: 0.0935 - val_acc: 0.9815
Epoch 19/30

 100/1298 [=>............................] - ETA: 0s - loss: 2.2551e-04 - acc: 1.0000
1298/1298 [==============================] - 0s 30us/step - loss: 2.6495e-04 - acc: 1.0000 - val_loss: 0.0941 - val_acc: 0.9815
Epoch 20/30

 100/1298 [=>............................] - ETA: 0s - loss: 2.7358e-04 - acc: 1.0000
1298/1298 [==============================] - 0s 30us/step - loss: 2.4459e-04 - acc: 1.0000 - val_loss: 0.0948 - val_acc: 0.9815
Epoch 21/30

 100/1298 [=>............................] - ETA: 0s - loss: 1.3833e-04 - acc: 1.0000
1298/1298 [==============================] - 0s 30us/step - loss: 2.2755e-04 - acc: 1.0000 - val_loss: 0.0954 - val_acc: 0.9815
Epoch 22/30

 100/1298 [=>............................] - ETA: 0s - loss: 1.8443e-04 - acc: 1.0000
1298/1298 [==============================] - 0s 29us/step - loss: 2.1409e-04 - acc: 1.0000 - val_loss: 0.0959 - val_acc: 0.9815
acc: 98.46%
Train on 1299 samples, validate on 323 samples
Epoch 1/30

 100/1299 [=>............................] - ETA: 10s - loss: 0.7001 - acc: 0.5000
1299/1299 [==============================] - 1s 787us/step - loss: 0.2791 - acc: 0.8753 - val_loss: 0.0714 - val_acc: 0.9690
Epoch 2/30

 100/1299 [=>............................] - ETA: 0s - loss: 0.0732 - acc: 0.9700
1299/1299 [==============================] - 0s 29us/step - loss: 0.0532 - acc: 0.9815 - val_loss: 0.0777 - val_acc: 0.9752
Epoch 3/30

 100/1299 [=>............................] - ETA: 0s - loss: 0.0222 - acc: 0.9900
1299/1299 [==============================] - 0s 31us/step - loss: 0.0223 - acc: 0.9938 - val_loss: 0.0573 - val_acc: 0.9783
Epoch 4/30

 100/1299 [=>............................] - ETA: 0s - loss: 0.0077 - acc: 1.0000
1299/1299 [==============================] - 0s 30us/step - loss: 0.0113 - acc: 0.9962 - val_loss: 0.0532 - val_acc: 0.9814
Epoch 5/30

 100/1299 [=>............................] - ETA: 0s - loss: 0.0111 - acc: 0.9900
1299/1299 [==============================] - 0s 29us/step - loss: 0.0072 - acc: 0.9969 - val_loss: 0.0517 - val_acc: 0.9783
Epoch 6/30

 100/1299 [=>............................] - ETA: 0s - loss: 0.0018 - acc: 1.0000
1299/1299 [==============================] - 0s 29us/step - loss: 0.0041 - acc: 0.9985 - val_loss: 0.0532 - val_acc: 0.9814
Epoch 7/30

 100/1299 [=>............................] - ETA: 0s - loss: 0.0071 - acc: 1.0000
1299/1299 [==============================] - 0s 33us/step - loss: 0.0029 - acc: 1.0000 - val_loss: 0.0591 - val_acc: 0.9783
Epoch 8/30

 100/1299 [=>............................] - ETA: 0s - loss: 0.0017 - acc: 1.0000
1299/1299 [==============================] - 0s 32us/step - loss: 0.0022 - acc: 1.0000 - val_loss: 0.0583 - val_acc: 0.9752
Epoch 9/30

 100/1299 [=>............................] - ETA: 0s - loss: 8.6500e-04 - acc: 1.0000
1299/1299 [==============================] - 0s 33us/step - loss: 0.0019 - acc: 1.0000 - val_loss: 0.0562 - val_acc: 0.9783
Epoch 10/30

 100/1299 [=>............................] - ETA: 0s - loss: 6.3959e-04 - acc: 1.0000
1299/1299 [==============================] - 0s 33us/step - loss: 0.0013 - acc: 1.0000 - val_loss: 0.0575 - val_acc: 0.9814
Epoch 11/30

 100/1299 [=>............................] - ETA: 0s - loss: 0.0024 - acc: 1.0000
1299/1299 [==============================] - 0s 32us/step - loss: 0.0011 - acc: 1.0000 - val_loss: 0.0573 - val_acc: 0.9814
Epoch 12/30

 100/1299 [=>............................] - ETA: 0s - loss: 4.1865e-04 - acc: 1.0000
1299/1299 [==============================] - 0s 34us/step - loss: 8.9753e-04 - acc: 1.0000 - val_loss: 0.0555 - val_acc: 0.9814
Epoch 13/30

 100/1299 [=>............................] - ETA: 0s - loss: 1.4693e-04 - acc: 1.0000
1299/1299 [==============================] - 0s 34us/step - loss: 7.8796e-04 - acc: 1.0000 - val_loss: 0.0549 - val_acc: 0.9814
Epoch 14/30

 100/1299 [=>............................] - ETA: 0s - loss: 2.1668e-04 - acc: 1.0000
1299/1299 [==============================] - 0s 30us/step - loss: 6.9500e-04 - acc: 1.0000 - val_loss: 0.0544 - val_acc: 0.9814
Epoch 15/30

 100/1299 [=>............................] - ETA: 0s - loss: 0.0027 - acc: 1.0000
1299/1299 [==============================] - 0s 30us/step - loss: 6.2902e-04 - acc: 1.0000 - val_loss: 0.0539 - val_acc: 0.9814
Epoch 16/30

 100/1299 [=>............................] - ETA: 0s - loss: 2.2039e-04 - acc: 1.0000
1299/1299 [==============================] - 0s 29us/step - loss: 5.3769e-04 - acc: 1.0000 - val_loss: 0.0540 - val_acc: 0.9814
Epoch 17/30

 100/1299 [=>............................] - ETA: 0s - loss: 3.6388e-04 - acc: 1.0000
1299/1299 [==============================] - 0s 30us/step - loss: 4.8247e-04 - acc: 1.0000 - val_loss: 0.0549 - val_acc: 0.9814
Epoch 18/30

 100/1299 [=>............................] - ETA: 0s - loss: 9.5640e-05 - acc: 1.0000
1299/1299 [==============================] - 0s 32us/step - loss: 4.4224e-04 - acc: 1.0000 - val_loss: 0.0549 - val_acc: 0.9814
Epoch 19/30

 100/1299 [=>............................] - ETA: 0s - loss: 2.7246e-04 - acc: 1.0000
1299/1299 [==============================] - 0s 31us/step - loss: 4.0249e-04 - acc: 1.0000 - val_loss: 0.0550 - val_acc: 0.9814
Epoch 20/30

 100/1299 [=>............................] - ETA: 0s - loss: 2.6932e-04 - acc: 1.0000
1299/1299 [==============================] - 0s 30us/step - loss: 3.7307e-04 - acc: 1.0000 - val_loss: 0.0553 - val_acc: 0.9814
acc: 98.14%
Accuracy: 98.09% (+/- 0.53%)
