Train on 1389 samples, validate on 233 samples
Epoch 1/30

  50/1389 [>.............................] - ETA: 12s - loss: 0.6971 - acc: 0.5200
1150/1389 [=======================>......] - ETA: 0s - loss: 0.2705 - acc: 0.8904 
1389/1389 [==============================] - 1s 413us/step - loss: 0.2463 - acc: 0.9014 - val_loss: 0.1221 - val_acc: 0.9528
Epoch 2/30

  50/1389 [>.............................] - ETA: 0s - loss: 0.0449 - acc: 0.9800
1200/1389 [========================>.....] - ETA: 0s - loss: 0.0483 - acc: 0.9867
1389/1389 [==============================] - 0s 48us/step - loss: 0.0517 - acc: 0.9842 - val_loss: 0.0914 - val_acc: 0.9657
Epoch 3/30

  50/1389 [>.............................] - ETA: 0s - loss: 0.0152 - acc: 1.0000
1200/1389 [========================>.....] - ETA: 0s - loss: 0.0245 - acc: 0.9950
1389/1389 [==============================] - 0s 47us/step - loss: 0.0292 - acc: 0.9935 - val_loss: 0.0992 - val_acc: 0.9657
Epoch 4/30

  50/1389 [>.............................] - ETA: 0s - loss: 0.0041 - acc: 1.0000
1200/1389 [========================>.....] - ETA: 0s - loss: 0.0203 - acc: 0.9942
1389/1389 [==============================] - 0s 47us/step - loss: 0.0185 - acc: 0.9950 - val_loss: 0.1114 - val_acc: 0.9700
Epoch 5/30

  50/1389 [>.............................] - ETA: 0s - loss: 0.0016 - acc: 1.0000
1200/1389 [========================>.....] - ETA: 0s - loss: 0.0160 - acc: 0.9958
1389/1389 [==============================] - 0s 48us/step - loss: 0.0153 - acc: 0.9964 - val_loss: 0.0919 - val_acc: 0.9700
Epoch 6/30

  50/1389 [>.............................] - ETA: 0s - loss: 0.0076 - acc: 1.0000
1250/1389 [=========================>....] - ETA: 0s - loss: 0.0109 - acc: 0.9976
1389/1389 [==============================] - 0s 45us/step - loss: 0.0101 - acc: 0.9978 - val_loss: 0.1117 - val_acc: 0.9571
acc: 97.00%
Train on 1389 samples, validate on 233 samples
Epoch 1/30

  50/1389 [>.............................] - ETA: 14s - loss: 0.6990 - acc: 0.5000
1200/1389 [========================>.....] - ETA: 0s - loss: 0.2090 - acc: 0.9108 
1389/1389 [==============================] - 1s 478us/step - loss: 0.1980 - acc: 0.9172 - val_loss: 0.0917 - val_acc: 0.9614
Epoch 2/30

  50/1389 [>.............................] - ETA: 0s - loss: 0.0174 - acc: 1.0000
1200/1389 [========================>.....] - ETA: 0s - loss: 0.0489 - acc: 0.9867
1389/1389 [==============================] - 0s 49us/step - loss: 0.0487 - acc: 0.9863 - val_loss: 0.0720 - val_acc: 0.9828
Epoch 3/30

  50/1389 [>.............................] - ETA: 0s - loss: 0.0108 - acc: 1.0000
1200/1389 [========================>.....] - ETA: 0s - loss: 0.0265 - acc: 0.9950
1389/1389 [==============================] - 0s 47us/step - loss: 0.0280 - acc: 0.9942 - val_loss: 0.0747 - val_acc: 0.9700
Epoch 4/30

  50/1389 [>.............................] - ETA: 0s - loss: 0.0068 - acc: 1.0000
1200/1389 [========================>.....] - ETA: 0s - loss: 0.0236 - acc: 0.9942
1389/1389 [==============================] - 0s 47us/step - loss: 0.0237 - acc: 0.9942 - val_loss: 0.0702 - val_acc: 0.9700
acc: 98.28%
Train on 1390 samples, validate on 232 samples
Epoch 1/30

  50/1390 [>.............................] - ETA: 16s - loss: 0.6915 - acc: 0.5200
1200/1390 [========================>.....] - ETA: 0s - loss: 0.2702 - acc: 0.8933 
1390/1390 [==============================] - 1s 530us/step - loss: 0.2492 - acc: 0.9036 - val_loss: 0.1326 - val_acc: 0.9526
Epoch 2/30

  50/1390 [>.............................] - ETA: 0s - loss: 0.0236 - acc: 1.0000
1150/1390 [=======================>......] - ETA: 0s - loss: 0.0633 - acc: 0.9774
1390/1390 [==============================] - 0s 49us/step - loss: 0.0569 - acc: 0.9799 - val_loss: 0.1312 - val_acc: 0.9741
Epoch 3/30

  50/1390 [>.............................] - ETA: 0s - loss: 0.0163 - acc: 1.0000
1200/1390 [========================>.....] - ETA: 0s - loss: 0.0300 - acc: 0.9908
1390/1390 [==============================] - 0s 48us/step - loss: 0.0281 - acc: 0.9914 - val_loss: 0.1372 - val_acc: 0.9569
Epoch 4/30

  50/1390 [>.............................] - ETA: 0s - loss: 0.0041 - acc: 1.0000
1200/1390 [========================>.....] - ETA: 0s - loss: 0.0230 - acc: 0.9950
1390/1390 [==============================] - 0s 47us/step - loss: 0.0212 - acc: 0.9957 - val_loss: 0.1311 - val_acc: 0.9612
acc: 97.41%
Train on 1391 samples, validate on 231 samples
Epoch 1/30

  50/1391 [>.............................] - ETA: 21s - loss: 0.6870 - acc: 0.5800
1200/1391 [========================>.....] - ETA: 0s - loss: 0.2301 - acc: 0.9050 
1391/1391 [==============================] - 1s 675us/step - loss: 0.2155 - acc: 0.9137 - val_loss: 0.0491 - val_acc: 0.9784
Epoch 2/30

  50/1391 [>.............................] - ETA: 0s - loss: 0.0254 - acc: 1.0000
1150/1391 [=======================>......] - ETA: 0s - loss: 0.0572 - acc: 0.9861
1391/1391 [==============================] - 0s 48us/step - loss: 0.0523 - acc: 0.9878 - val_loss: 0.0482 - val_acc: 0.9784
Epoch 3/30

  50/1391 [>.............................] - ETA: 0s - loss: 0.0086 - acc: 1.0000
1100/1391 [======================>.......] - ETA: 0s - loss: 0.0387 - acc: 0.9855
1391/1391 [==============================] - 0s 51us/step - loss: 0.0376 - acc: 0.9863 - val_loss: 0.0382 - val_acc: 0.9913
Epoch 4/30

  50/1391 [>.............................] - ETA: 0s - loss: 0.0072 - acc: 1.0000
1100/1391 [======================>.......] - ETA: 0s - loss: 0.0181 - acc: 0.9945
1391/1391 [==============================] - 0s 51us/step - loss: 0.0192 - acc: 0.9942 - val_loss: 0.0421 - val_acc: 0.9870
Epoch 5/30

  50/1391 [>.............................] - ETA: 0s - loss: 0.0198 - acc: 0.9800
1000/1391 [====================>.........] - ETA: 0s - loss: 0.0124 - acc: 0.9970
1391/1391 [==============================] - 0s 56us/step - loss: 0.0159 - acc: 0.9964 - val_loss: 0.0358 - val_acc: 0.9870
acc: 99.13%
Train on 1391 samples, validate on 231 samples
Epoch 1/30

  50/1391 [>.............................] - ETA: 21s - loss: 0.7168 - acc: 0.4200
1050/1391 [=====================>........] - ETA: 0s - loss: 0.3963 - acc: 0.8352 
1391/1391 [==============================] - 1s 714us/step - loss: 0.3197 - acc: 0.8706 - val_loss: 0.0888 - val_acc: 0.9740
Epoch 2/30

  50/1391 [>.............................] - ETA: 0s - loss: 0.1109 - acc: 0.9800
1150/1391 [=======================>......] - ETA: 0s - loss: 0.0568 - acc: 0.9826
1391/1391 [==============================] - 0s 49us/step - loss: 0.0559 - acc: 0.9820 - val_loss: 0.0610 - val_acc: 0.9827
Epoch 3/30

  50/1391 [>.............................] - ETA: 0s - loss: 0.0147 - acc: 1.0000
1200/1391 [========================>.....] - ETA: 0s - loss: 0.0382 - acc: 0.9908
1391/1391 [==============================] - 0s 48us/step - loss: 0.0364 - acc: 0.9914 - val_loss: 0.0637 - val_acc: 0.9827
Epoch 4/30

  50/1391 [>.............................] - ETA: 0s - loss: 0.0073 - acc: 1.0000
1150/1391 [=======================>......] - ETA: 0s - loss: 0.0182 - acc: 0.9974
1391/1391 [==============================] - 0s 49us/step - loss: 0.0198 - acc: 0.9971 - val_loss: 0.0845 - val_acc: 0.9697
acc: 98.27%
Train on 1391 samples, validate on 231 samples
Epoch 1/30

  50/1391 [>.............................] - ETA: 24s - loss: 0.6757 - acc: 0.5400
1200/1391 [========================>.....] - ETA: 0s - loss: 0.2136 - acc: 0.9117 
1391/1391 [==============================] - 1s 789us/step - loss: 0.1906 - acc: 0.9216 - val_loss: 0.0933 - val_acc: 0.9784
Epoch 2/30

  50/1391 [>.............................] - ETA: 0s - loss: 0.1347 - acc: 0.9600
1150/1391 [=======================>......] - ETA: 0s - loss: 0.0586 - acc: 0.9817
1391/1391 [==============================] - 0s 50us/step - loss: 0.0602 - acc: 0.9799 - val_loss: 0.0888 - val_acc: 0.9697
Epoch 3/30

  50/1391 [>.............................] - ETA: 0s - loss: 0.0622 - acc: 0.9600
1150/1391 [=======================>......] - ETA: 0s - loss: 0.0367 - acc: 0.9904
1391/1391 [==============================] - 0s 48us/step - loss: 0.0332 - acc: 0.9914 - val_loss: 0.0839 - val_acc: 0.9827
Epoch 4/30

  50/1391 [>.............................] - ETA: 0s - loss: 0.0059 - acc: 1.0000
1200/1391 [========================>.....] - ETA: 0s - loss: 0.0223 - acc: 0.9958
1391/1391 [==============================] - 0s 49us/step - loss: 0.0219 - acc: 0.9957 - val_loss: 0.0853 - val_acc: 0.9827
Epoch 5/30

  50/1391 [>.............................] - ETA: 0s - loss: 0.1189 - acc: 0.9800
1200/1391 [========================>.....] - ETA: 0s - loss: 0.0233 - acc: 0.9967
1391/1391 [==============================] - 0s 48us/step - loss: 0.0223 - acc: 0.9964 - val_loss: 0.0859 - val_acc: 0.9740
acc: 98.27%
Train on 1391 samples, validate on 231 samples
Epoch 1/30

  50/1391 [>.............................] - ETA: 26s - loss: 0.7030 - acc: 0.4800
1150/1391 [=======================>......] - ETA: 0s - loss: 0.2470 - acc: 0.8939 
1391/1391 [==============================] - 1s 853us/step - loss: 0.2166 - acc: 0.9073 - val_loss: 0.0646 - val_acc: 0.9827
Epoch 2/30

  50/1391 [>.............................] - ETA: 0s - loss: 0.0672 - acc: 0.9800
1150/1391 [=======================>......] - ETA: 0s - loss: 0.0535 - acc: 0.9826
1391/1391 [==============================] - 0s 50us/step - loss: 0.0513 - acc: 0.9835 - val_loss: 0.0575 - val_acc: 0.9740
Epoch 3/30

  50/1391 [>.............................] - ETA: 0s - loss: 0.0267 - acc: 1.0000
1200/1391 [========================>.....] - ETA: 0s - loss: 0.0416 - acc: 0.9875
1391/1391 [==============================] - 0s 48us/step - loss: 0.0380 - acc: 0.9885 - val_loss: 0.0236 - val_acc: 0.9913
Epoch 4/30

  50/1391 [>.............................] - ETA: 0s - loss: 0.0066 - acc: 1.0000
1200/1391 [========================>.....] - ETA: 0s - loss: 0.0265 - acc: 0.9942
1391/1391 [==============================] - 0s 48us/step - loss: 0.0264 - acc: 0.9935 - val_loss: 0.0314 - val_acc: 0.9827
Epoch 5/30

  50/1391 [>.............................] - ETA: 0s - loss: 0.0060 - acc: 1.0000
1200/1391 [========================>.....] - ETA: 0s - loss: 0.0201 - acc: 0.9950
1391/1391 [==============================] - 0s 47us/step - loss: 0.0180 - acc: 0.9957 - val_loss: 0.0355 - val_acc: 0.9870
acc: 99.13%
Accuracy: 98.21% (+/- 0.74%)
