Train on 1297 samples, validate on 325 samples
Epoch 1/30

  20/1297 [..............................] - ETA: 29s - loss: 0.7247 - acc: 0.4500
 460/1297 [=========>....................] - ETA: 0s - loss: 0.4523 - acc: 0.8000 
 940/1297 [====================>.........] - ETA: 0s - loss: 0.2802 - acc: 0.8894
1297/1297 [==============================] - 1s 517us/step - loss: 0.2237 - acc: 0.9129 - val_loss: 0.1367 - val_acc: 0.9538
Epoch 2/30

  20/1297 [..............................] - ETA: 0s - loss: 0.0671 - acc: 0.9500
 500/1297 [==========>...................] - ETA: 0s - loss: 0.0421 - acc: 0.9860
 960/1297 [=====================>........] - ETA: 0s - loss: 0.0461 - acc: 0.9854
1297/1297 [==============================] - 0s 116us/step - loss: 0.0490 - acc: 0.9838 - val_loss: 0.1227 - val_acc: 0.9538
Epoch 3/30

  20/1297 [..............................] - ETA: 0s - loss: 0.0183 - acc: 1.0000
 380/1297 [=======>......................] - ETA: 0s - loss: 0.0221 - acc: 0.9974
 820/1297 [=================>............] - ETA: 0s - loss: 0.0221 - acc: 0.9963
1260/1297 [============================>.] - ETA: 0s - loss: 0.0218 - acc: 0.9968
1297/1297 [==============================] - 0s 133us/step - loss: 0.0215 - acc: 0.9969 - val_loss: 0.1181 - val_acc: 0.9600
Epoch 4/30

  20/1297 [..............................] - ETA: 0s - loss: 0.0076 - acc: 1.0000
 400/1297 [========>.....................] - ETA: 0s - loss: 0.0150 - acc: 0.9950
 780/1297 [=================>............] - ETA: 0s - loss: 0.0138 - acc: 0.9962
1180/1297 [==========================>...] - ETA: 0s - loss: 0.0111 - acc: 0.9975
1297/1297 [==============================] - 0s 138us/step - loss: 0.0108 - acc: 0.9977 - val_loss: 0.1130 - val_acc: 0.9662
Epoch 5/30

  20/1297 [..............................] - ETA: 0s - loss: 0.0035 - acc: 1.0000
 440/1297 [=========>....................] - ETA: 0s - loss: 0.0033 - acc: 1.0000
 860/1297 [==================>...........] - ETA: 0s - loss: 0.0049 - acc: 0.9988
1297/1297 [==============================] - 0s 126us/step - loss: 0.0064 - acc: 0.9985 - val_loss: 0.1165 - val_acc: 0.9631
Epoch 6/30

  20/1297 [..............................] - ETA: 0s - loss: 0.0040 - acc: 1.0000
 540/1297 [===========>..................] - ETA: 0s - loss: 0.0049 - acc: 0.9981
1060/1297 [=======================>......] - ETA: 0s - loss: 0.0058 - acc: 0.9981
1297/1297 [==============================] - 0s 105us/step - loss: 0.0054 - acc: 0.9985 - val_loss: 0.1116 - val_acc: 0.9662
Epoch 7/30

  20/1297 [..............................] - ETA: 0s - loss: 0.0022 - acc: 1.0000
 520/1297 [===========>..................] - ETA: 0s - loss: 0.0020 - acc: 1.0000
1020/1297 [======================>.......] - ETA: 0s - loss: 0.0024 - acc: 1.0000
1297/1297 [==============================] - 0s 110us/step - loss: 0.0025 - acc: 1.0000 - val_loss: 0.1162 - val_acc: 0.9631
Epoch 8/30

  20/1297 [..............................] - ETA: 0s - loss: 0.0016 - acc: 1.0000
 520/1297 [===========>..................] - ETA: 0s - loss: 0.0014 - acc: 1.0000
1020/1297 [======================>.......] - ETA: 0s - loss: 0.0014 - acc: 1.0000
1297/1297 [==============================] - 0s 111us/step - loss: 0.0013 - acc: 1.0000 - val_loss: 0.1194 - val_acc: 0.9662
Epoch 9/30

  20/1297 [..............................] - ETA: 0s - loss: 0.0011 - acc: 1.0000
 500/1297 [==========>...................] - ETA: 0s - loss: 0.0012 - acc: 1.0000
1000/1297 [======================>.......] - ETA: 0s - loss: 0.0010 - acc: 1.0000
1297/1297 [==============================] - 0s 113us/step - loss: 9.5510e-04 - acc: 1.0000 - val_loss: 0.1204 - val_acc: 0.9662
Epoch 10/30

  20/1297 [..............................] - ETA: 0s - loss: 6.3188e-04 - acc: 1.0000
 500/1297 [==========>...................] - ETA: 0s - loss: 6.6998e-04 - acc: 1.0000
 940/1297 [====================>.........] - ETA: 0s - loss: 7.3464e-04 - acc: 1.0000
1297/1297 [==============================] - 0s 116us/step - loss: 7.6804e-04 - acc: 1.0000 - val_loss: 0.1209 - val_acc: 0.9662
Epoch 11/30

  20/1297 [..............................] - ETA: 0s - loss: 3.2686e-04 - acc: 1.0000
 500/1297 [==========>...................] - ETA: 0s - loss: 5.3615e-04 - acc: 1.0000
1000/1297 [======================>.......] - ETA: 0s - loss: 5.9413e-04 - acc: 1.0000
1297/1297 [==============================] - 0s 109us/step - loss: 6.4086e-04 - acc: 1.0000 - val_loss: 0.1221 - val_acc: 0.9662
Epoch 12/30

  20/1297 [..............................] - ETA: 0s - loss: 7.6518e-04 - acc: 1.0000
 500/1297 [==========>...................] - ETA: 0s - loss: 5.0463e-04 - acc: 1.0000
 980/1297 [=====================>........] - ETA: 0s - loss: 5.6312e-04 - acc: 1.0000
1297/1297 [==============================] - 0s 111us/step - loss: 5.4239e-04 - acc: 1.0000 - val_loss: 0.1229 - val_acc: 0.9662
acc: 96.62%
Train on 1297 samples, validate on 325 samples
Epoch 1/30

  20/1297 [..............................] - ETA: 34s - loss: 0.6726 - acc: 0.6000
 480/1297 [==========>...................] - ETA: 1s - loss: 0.4679 - acc: 0.7604 
 920/1297 [====================>.........] - ETA: 0s - loss: 0.3145 - acc: 0.8511
1297/1297 [==============================] - 1s 582us/step - loss: 0.2426 - acc: 0.8890 - val_loss: 0.1047 - val_acc: 0.9662
Epoch 2/30

  20/1297 [..............................] - ETA: 0s - loss: 0.0444 - acc: 1.0000
 520/1297 [===========>..................] - ETA: 0s - loss: 0.0333 - acc: 0.9962
1000/1297 [======================>.......] - ETA: 0s - loss: 0.0393 - acc: 0.9910
1297/1297 [==============================] - 0s 111us/step - loss: 0.0451 - acc: 0.9884 - val_loss: 0.0937 - val_acc: 0.9692
Epoch 3/30

  20/1297 [..............................] - ETA: 0s - loss: 0.0244 - acc: 1.0000
 480/1297 [==========>...................] - ETA: 0s - loss: 0.0199 - acc: 1.0000
 920/1297 [====================>.........] - ETA: 0s - loss: 0.0201 - acc: 0.9978
1297/1297 [==============================] - 0s 123us/step - loss: 0.0214 - acc: 0.9961 - val_loss: 0.0766 - val_acc: 0.9785
Epoch 4/30

  20/1297 [..............................] - ETA: 0s - loss: 0.0088 - acc: 1.0000
 460/1297 [=========>....................] - ETA: 0s - loss: 0.0137 - acc: 0.9957
 880/1297 [===================>..........] - ETA: 0s - loss: 0.0110 - acc: 0.9977
1297/1297 [==============================] - 0s 128us/step - loss: 0.0094 - acc: 0.9985 - val_loss: 0.0829 - val_acc: 0.9754
Epoch 5/30

  20/1297 [..............................] - ETA: 0s - loss: 0.0035 - acc: 1.0000
 440/1297 [=========>....................] - ETA: 0s - loss: 0.0100 - acc: 0.9977
 860/1297 [==================>...........] - ETA: 0s - loss: 0.0082 - acc: 0.9988
1280/1297 [============================>.] - ETA: 0s - loss: 0.0066 - acc: 0.9992
1297/1297 [==============================] - 0s 128us/step - loss: 0.0066 - acc: 0.9992 - val_loss: 0.0863 - val_acc: 0.9754
Epoch 6/30

  20/1297 [..............................] - ETA: 0s - loss: 9.5275e-04 - acc: 1.0000
 440/1297 [=========>....................] - ETA: 0s - loss: 0.0027 - acc: 1.0000    
 860/1297 [==================>...........] - ETA: 0s - loss: 0.0049 - acc: 0.9988
1297/1297 [==============================] - 0s 125us/step - loss: 0.0040 - acc: 0.9992 - val_loss: 0.0835 - val_acc: 0.9785
Epoch 7/30

  20/1297 [..............................] - ETA: 0s - loss: 7.4967e-04 - acc: 1.0000
 460/1297 [=========>....................] - ETA: 0s - loss: 0.0035 - acc: 0.9978    
 900/1297 [===================>..........] - ETA: 0s - loss: 0.0033 - acc: 0.9989
1297/1297 [==============================] - 0s 122us/step - loss: 0.0027 - acc: 0.9992 - val_loss: 0.0859 - val_acc: 0.9785
Epoch 8/30

  20/1297 [..............................] - ETA: 0s - loss: 0.0014 - acc: 1.0000
 500/1297 [==========>...................] - ETA: 0s - loss: 0.0017 - acc: 1.0000
 980/1297 [=====================>........] - ETA: 0s - loss: 0.0016 - acc: 1.0000
1297/1297 [==============================] - 0s 112us/step - loss: 0.0015 - acc: 1.0000 - val_loss: 0.0876 - val_acc: 0.9785
Epoch 9/30

  20/1297 [..............................] - ETA: 0s - loss: 5.3893e-04 - acc: 1.0000
 500/1297 [==========>...................] - ETA: 0s - loss: 0.0011 - acc: 1.0000    
 940/1297 [====================>.........] - ETA: 0s - loss: 0.0011 - acc: 1.0000
1297/1297 [==============================] - 0s 120us/step - loss: 0.0011 - acc: 1.0000 - val_loss: 0.0885 - val_acc: 0.9785
Epoch 10/30

  20/1297 [..............................] - ETA: 0s - loss: 8.2472e-04 - acc: 1.0000
 440/1297 [=========>....................] - ETA: 0s - loss: 9.2146e-04 - acc: 1.0000
 880/1297 [===================>..........] - ETA: 0s - loss: 7.6198e-04 - acc: 1.0000
1297/1297 [==============================] - 0s 129us/step - loss: 8.0752e-04 - acc: 1.0000 - val_loss: 0.0891 - val_acc: 0.9785
Epoch 11/30

  20/1297 [..............................] - ETA: 0s - loss: 4.2873e-04 - acc: 1.0000
 460/1297 [=========>....................] - ETA: 0s - loss: 8.2714e-04 - acc: 1.0000
 900/1297 [===================>..........] - ETA: 0s - loss: 6.6756e-04 - acc: 1.0000
1297/1297 [==============================] - 0s 122us/step - loss: 6.7537e-04 - acc: 1.0000 - val_loss: 0.0902 - val_acc: 0.9785
acc: 97.85%
Train on 1297 samples, validate on 325 samples
Epoch 1/30

  20/1297 [..............................] - ETA: 39s - loss: 0.7269 - acc: 0.4000
 480/1297 [==========>...................] - ETA: 1s - loss: 0.4513 - acc: 0.7833 
 940/1297 [====================>.........] - ETA: 0s - loss: 0.3076 - acc: 0.8670
1297/1297 [==============================] - 1s 648us/step - loss: 0.2423 - acc: 0.8975 - val_loss: 0.0657 - val_acc: 0.9785
Epoch 2/30

  20/1297 [..............................] - ETA: 0s - loss: 0.0266 - acc: 1.0000
 480/1297 [==========>...................] - ETA: 0s - loss: 0.0592 - acc: 0.9833
 920/1297 [====================>.........] - ETA: 0s - loss: 0.0532 - acc: 0.9870
1297/1297 [==============================] - 0s 120us/step - loss: 0.0556 - acc: 0.9838 - val_loss: 0.0489 - val_acc: 0.9877
Epoch 3/30

  20/1297 [..............................] - ETA: 0s - loss: 0.0381 - acc: 1.0000
 480/1297 [==========>...................] - ETA: 0s - loss: 0.0250 - acc: 0.9979
 920/1297 [====================>.........] - ETA: 0s - loss: 0.0286 - acc: 0.9957
1297/1297 [==============================] - 0s 121us/step - loss: 0.0261 - acc: 0.9961 - val_loss: 0.0606 - val_acc: 0.9754
Epoch 4/30

  20/1297 [..............................] - ETA: 0s - loss: 0.0062 - acc: 1.0000
 460/1297 [=========>....................] - ETA: 0s - loss: 0.0161 - acc: 0.9978
 900/1297 [===================>..........] - ETA: 0s - loss: 0.0140 - acc: 0.9978
1297/1297 [==============================] - 0s 125us/step - loss: 0.0137 - acc: 0.9977 - val_loss: 0.0519 - val_acc: 0.9815
Epoch 5/30

  20/1297 [..............................] - ETA: 0s - loss: 0.0049 - acc: 1.0000
 460/1297 [=========>....................] - ETA: 0s - loss: 0.0038 - acc: 1.0000
 920/1297 [====================>.........] - ETA: 0s - loss: 0.0065 - acc: 0.9978
1297/1297 [==============================] - 0s 119us/step - loss: 0.0068 - acc: 0.9985 - val_loss: 0.0667 - val_acc: 0.9754
Epoch 6/30

  20/1297 [..............................] - ETA: 0s - loss: 0.0041 - acc: 1.0000
 500/1297 [==========>...................] - ETA: 0s - loss: 0.0046 - acc: 1.0000
 980/1297 [=====================>........] - ETA: 0s - loss: 0.0035 - acc: 1.0000
1297/1297 [==============================] - 0s 114us/step - loss: 0.0033 - acc: 1.0000 - val_loss: 0.0482 - val_acc: 0.9815
Epoch 7/30

  20/1297 [..............................] - ETA: 0s - loss: 0.0157 - acc: 1.0000
 500/1297 [==========>...................] - ETA: 0s - loss: 0.0036 - acc: 1.0000
 980/1297 [=====================>........] - ETA: 0s - loss: 0.0037 - acc: 0.9990
1297/1297 [==============================] - 0s 112us/step - loss: 0.0035 - acc: 0.9992 - val_loss: 0.0640 - val_acc: 0.9754
Epoch 8/30

  20/1297 [..............................] - ETA: 0s - loss: 0.0011 - acc: 1.0000
 500/1297 [==========>...................] - ETA: 0s - loss: 0.0016 - acc: 1.0000
 980/1297 [=====================>........] - ETA: 0s - loss: 0.0016 - acc: 1.0000
1297/1297 [==============================] - 0s 113us/step - loss: 0.0018 - acc: 1.0000 - val_loss: 0.0584 - val_acc: 0.9754
Epoch 9/30

  20/1297 [..............................] - ETA: 0s - loss: 0.0012 - acc: 1.0000
 480/1297 [==========>...................] - ETA: 0s - loss: 0.0015 - acc: 1.0000
 940/1297 [====================>.........] - ETA: 0s - loss: 0.0012 - acc: 1.0000
1297/1297 [==============================] - 0s 115us/step - loss: 0.0013 - acc: 1.0000 - val_loss: 0.0533 - val_acc: 0.9785
Epoch 10/30

  20/1297 [..............................] - ETA: 0s - loss: 0.0015 - acc: 1.0000
 500/1297 [==========>...................] - ETA: 0s - loss: 9.7095e-04 - acc: 1.0000
 980/1297 [=====================>........] - ETA: 0s - loss: 8.7124e-04 - acc: 1.0000
1297/1297 [==============================] - 0s 114us/step - loss: 9.0174e-04 - acc: 1.0000 - val_loss: 0.0547 - val_acc: 0.9785
acc: 98.77%
Train on 1298 samples, validate on 324 samples
Epoch 1/30

  20/1298 [..............................] - ETA: 45s - loss: 0.6659 - acc: 0.6000
 500/1298 [==========>...................] - ETA: 1s - loss: 0.4299 - acc: 0.8040 
 940/1298 [====================>.........] - ETA: 0s - loss: 0.2831 - acc: 0.8830
1298/1298 [==============================] - 1s 737us/step - loss: 0.2239 - acc: 0.9076 - val_loss: 0.0941 - val_acc: 0.9722
Epoch 2/30

  20/1298 [..............................] - ETA: 0s - loss: 0.0656 - acc: 1.0000
 440/1298 [=========>....................] - ETA: 0s - loss: 0.0520 - acc: 0.9841
 900/1298 [===================>..........] - ETA: 0s - loss: 0.0452 - acc: 0.9867
1298/1298 [==============================] - 0s 120us/step - loss: 0.0424 - acc: 0.9877 - val_loss: 0.0897 - val_acc: 0.9722
Epoch 3/30

  20/1298 [..............................] - ETA: 0s - loss: 0.0212 - acc: 1.0000
 500/1298 [==========>...................] - ETA: 0s - loss: 0.0137 - acc: 0.9980
 980/1298 [=====================>........] - ETA: 0s - loss: 0.0195 - acc: 0.9969
1298/1298 [==============================] - 0s 115us/step - loss: 0.0186 - acc: 0.9969 - val_loss: 0.0784 - val_acc: 0.9753
Epoch 4/30

  20/1298 [..............................] - ETA: 0s - loss: 0.0077 - acc: 1.0000
 500/1298 [==========>...................] - ETA: 0s - loss: 0.0105 - acc: 0.9980
 900/1298 [===================>..........] - ETA: 0s - loss: 0.0083 - acc: 0.9989
1298/1298 [==============================] - 0s 121us/step - loss: 0.0075 - acc: 0.9992 - val_loss: 0.0757 - val_acc: 0.9815
Epoch 5/30

  20/1298 [..............................] - ETA: 0s - loss: 0.0016 - acc: 1.0000
 480/1298 [==========>...................] - ETA: 0s - loss: 0.0026 - acc: 1.0000
 940/1298 [====================>.........] - ETA: 0s - loss: 0.0029 - acc: 1.0000
1298/1298 [==============================] - 0s 121us/step - loss: 0.0041 - acc: 0.9992 - val_loss: 0.0760 - val_acc: 0.9784
Epoch 6/30

  20/1298 [..............................] - ETA: 0s - loss: 0.0042 - acc: 1.0000
 480/1298 [==========>...................] - ETA: 0s - loss: 0.0027 - acc: 1.0000
 940/1298 [====================>.........] - ETA: 0s - loss: 0.0025 - acc: 1.0000
1298/1298 [==============================] - 0s 121us/step - loss: 0.0023 - acc: 1.0000 - val_loss: 0.0802 - val_acc: 0.9815
Epoch 7/30

  20/1298 [..............................] - ETA: 0s - loss: 0.0014 - acc: 1.0000
 480/1298 [==========>...................] - ETA: 0s - loss: 0.0021 - acc: 1.0000
 920/1298 [====================>.........] - ETA: 0s - loss: 0.0018 - acc: 1.0000
1298/1298 [==============================] - 0s 123us/step - loss: 0.0016 - acc: 1.0000 - val_loss: 0.0831 - val_acc: 0.9753
Epoch 8/30

  20/1298 [..............................] - ETA: 0s - loss: 3.0016e-04 - acc: 1.0000
 480/1298 [==========>...................] - ETA: 0s - loss: 0.0011 - acc: 1.0000    
 920/1298 [====================>.........] - ETA: 0s - loss: 0.0011 - acc: 1.0000
1298/1298 [==============================] - 0s 122us/step - loss: 0.0011 - acc: 1.0000 - val_loss: 0.0848 - val_acc: 0.9753
Epoch 9/30

  20/1298 [..............................] - ETA: 0s - loss: 7.6778e-04 - acc: 1.0000
 460/1298 [=========>....................] - ETA: 0s - loss: 7.3205e-04 - acc: 1.0000
 960/1298 [=====================>........] - ETA: 0s - loss: 8.5883e-04 - acc: 1.0000
1298/1298 [==============================] - 0s 117us/step - loss: 8.4068e-04 - acc: 1.0000 - val_loss: 0.0861 - val_acc: 0.9753
Epoch 10/30

  20/1298 [..............................] - ETA: 0s - loss: 8.4685e-04 - acc: 1.0000
 500/1298 [==========>...................] - ETA: 0s - loss: 7.6700e-04 - acc: 1.0000
 960/1298 [=====================>........] - ETA: 0s - loss: 7.4024e-04 - acc: 1.0000
1298/1298 [==============================] - 0s 118us/step - loss: 6.8652e-04 - acc: 1.0000 - val_loss: 0.0877 - val_acc: 0.9753
Epoch 11/30

  20/1298 [..............................] - ETA: 0s - loss: 6.4818e-04 - acc: 1.0000
 500/1298 [==========>...................] - ETA: 0s - loss: 5.6811e-04 - acc: 1.0000
 960/1298 [=====================>........] - ETA: 0s - loss: 6.0246e-04 - acc: 1.0000
1298/1298 [==============================] - 0s 116us/step - loss: 5.7791e-04 - acc: 1.0000 - val_loss: 0.0891 - val_acc: 0.9753
Epoch 12/30

  20/1298 [..............................] - ETA: 0s - loss: 5.3501e-04 - acc: 1.0000
 480/1298 [==========>...................] - ETA: 0s - loss: 5.7416e-04 - acc: 1.0000
 960/1298 [=====================>........] - ETA: 0s - loss: 5.0028e-04 - acc: 1.0000
1298/1298 [==============================] - 0s 117us/step - loss: 4.9315e-04 - acc: 1.0000 - val_loss: 0.0903 - val_acc: 0.9753
acc: 98.15%
Train on 1299 samples, validate on 323 samples
Epoch 1/30

  20/1299 [..............................] - ETA: 51s - loss: 0.7234 - acc: 0.4000
 500/1299 [==========>...................] - ETA: 1s - loss: 0.4367 - acc: 0.8120 
 960/1299 [=====================>........] - ETA: 0s - loss: 0.2824 - acc: 0.8906
1299/1299 [==============================] - 1s 803us/step - loss: 0.2273 - acc: 0.9107 - val_loss: 0.0646 - val_acc: 0.9783
Epoch 2/30

  20/1299 [..............................] - ETA: 0s - loss: 0.0173 - acc: 1.0000
 480/1299 [==========>...................] - ETA: 0s - loss: 0.0428 - acc: 0.9875
 940/1299 [====================>.........] - ETA: 0s - loss: 0.0542 - acc: 0.9830
1299/1299 [==============================] - 0s 119us/step - loss: 0.0562 - acc: 0.9823 - val_loss: 0.0617 - val_acc: 0.9814
Epoch 3/30

  20/1299 [..............................] - ETA: 0s - loss: 0.0077 - acc: 1.0000
 460/1299 [=========>....................] - ETA: 0s - loss: 0.0254 - acc: 0.9978
 880/1299 [===================>..........] - ETA: 0s - loss: 0.0215 - acc: 0.9977
1299/1299 [==============================] - 0s 127us/step - loss: 0.0237 - acc: 0.9962 - val_loss: 0.0531 - val_acc: 0.9814
Epoch 4/30

  20/1299 [..............................] - ETA: 0s - loss: 0.1199 - acc: 0.9500
 460/1299 [=========>....................] - ETA: 0s - loss: 0.0140 - acc: 0.9978
 920/1299 [====================>.........] - ETA: 0s - loss: 0.0124 - acc: 0.9978
1299/1299 [==============================] - 0s 118us/step - loss: 0.0121 - acc: 0.9977 - val_loss: 0.0469 - val_acc: 0.9814
Epoch 5/30

  20/1299 [..............................] - ETA: 0s - loss: 0.0056 - acc: 1.0000
 460/1299 [=========>....................] - ETA: 0s - loss: 0.0080 - acc: 0.9978
 920/1299 [====================>.........] - ETA: 0s - loss: 0.0065 - acc: 0.9989
1299/1299 [==============================] - 0s 119us/step - loss: 0.0055 - acc: 0.9992 - val_loss: 0.0524 - val_acc: 0.9814
Epoch 6/30

  20/1299 [..............................] - ETA: 0s - loss: 0.0019 - acc: 1.0000
 500/1299 [==========>...................] - ETA: 0s - loss: 0.0030 - acc: 1.0000
 980/1299 [=====================>........] - ETA: 0s - loss: 0.0038 - acc: 0.9990
1299/1299 [==============================] - 0s 114us/step - loss: 0.0035 - acc: 0.9992 - val_loss: 0.0515 - val_acc: 0.9814
Epoch 7/30

  20/1299 [..............................] - ETA: 0s - loss: 0.0024 - acc: 1.0000
 480/1299 [==========>...................] - ETA: 0s - loss: 0.0028 - acc: 1.0000
 960/1299 [=====================>........] - ETA: 0s - loss: 0.0026 - acc: 1.0000
1299/1299 [==============================] - 0s 113us/step - loss: 0.0024 - acc: 1.0000 - val_loss: 0.0518 - val_acc: 0.9814
Epoch 8/30

  20/1299 [..............................] - ETA: 0s - loss: 0.0041 - acc: 1.0000
 460/1299 [=========>....................] - ETA: 0s - loss: 0.0014 - acc: 1.0000
 900/1299 [===================>..........] - ETA: 0s - loss: 0.0013 - acc: 1.0000
1299/1299 [==============================] - 0s 124us/step - loss: 0.0014 - acc: 1.0000 - val_loss: 0.0540 - val_acc: 0.9814
Epoch 9/30

  20/1299 [..............................] - ETA: 0s - loss: 0.0011 - acc: 1.0000
 440/1299 [=========>....................] - ETA: 0s - loss: 0.0010 - acc: 1.0000
 860/1299 [==================>...........] - ETA: 0s - loss: 0.0011 - acc: 1.0000
1280/1299 [============================>.] - ETA: 0s - loss: 0.0011 - acc: 1.0000
1299/1299 [==============================] - 0s 129us/step - loss: 0.0011 - acc: 1.0000 - val_loss: 0.0550 - val_acc: 0.9814
Epoch 10/30

  20/1299 [..............................] - ETA: 0s - loss: 4.3357e-04 - acc: 1.0000
 440/1299 [=========>....................] - ETA: 0s - loss: 7.3896e-04 - acc: 1.0000
 860/1299 [==================>...........] - ETA: 0s - loss: 7.8223e-04 - acc: 1.0000
1299/1299 [==============================] - 0s 122us/step - loss: 8.6626e-04 - acc: 1.0000 - val_loss: 0.0556 - val_acc: 0.9814
Epoch 11/30

  20/1299 [..............................] - ETA: 0s - loss: 3.3467e-04 - acc: 1.0000
 500/1299 [==========>...................] - ETA: 0s - loss: 6.1421e-04 - acc: 1.0000
1000/1299 [======================>.......] - ETA: 0s - loss: 6.6389e-04 - acc: 1.0000
1299/1299 [==============================] - 0s 114us/step - loss: 7.1288e-04 - acc: 1.0000 - val_loss: 0.0559 - val_acc: 0.9814
Epoch 12/30

  20/1299 [..............................] - ETA: 0s - loss: 0.0019 - acc: 1.0000
 500/1299 [==========>...................] - ETA: 0s - loss: 6.2525e-04 - acc: 1.0000
 960/1299 [=====================>........] - ETA: 0s - loss: 6.0474e-04 - acc: 1.0000
1299/1299 [==============================] - 0s 116us/step - loss: 6.0577e-04 - acc: 1.0000 - val_loss: 0.0562 - val_acc: 0.9814
Epoch 13/30

  20/1299 [..............................] - ETA: 0s - loss: 5.0160e-04 - acc: 1.0000
 480/1299 [==========>...................] - ETA: 0s - loss: 5.2688e-04 - acc: 1.0000
 940/1299 [====================>.........] - ETA: 0s - loss: 4.8310e-04 - acc: 1.0000
1299/1299 [==============================] - 0s 118us/step - loss: 5.2287e-04 - acc: 1.0000 - val_loss: 0.0572 - val_acc: 0.9814
acc: 98.14%
Accuracy: 97.90% (+/- 0.71%)
