Train on 1459 samples, validate on 163 samples
Epoch 1/30

  20/1459 [..............................] - ETA: 33s - loss: 0.6916 - acc: 0.4500
 500/1459 [=========>....................] - ETA: 0s - loss: 0.3775 - acc: 0.8180 
 980/1459 [===================>..........] - ETA: 0s - loss: 0.2521 - acc: 0.8857
1459/1459 [==============================] - 1s 459us/step - loss: 0.1903 - acc: 0.9157 - val_loss: 0.1077 - val_acc: 0.9693
Epoch 2/30

  20/1459 [..............................] - ETA: 0s - loss: 0.0518 - acc: 0.9500
 520/1459 [=========>....................] - ETA: 0s - loss: 0.0389 - acc: 0.9904
1020/1459 [===================>..........] - ETA: 0s - loss: 0.0410 - acc: 0.9882
1459/1459 [==============================] - 0s 107us/step - loss: 0.0426 - acc: 0.9870 - val_loss: 0.1277 - val_acc: 0.9571
Epoch 3/30

  20/1459 [..............................] - ETA: 0s - loss: 0.0696 - acc: 0.9500
 500/1459 [=========>....................] - ETA: 0s - loss: 0.0194 - acc: 0.9960
1000/1459 [===================>..........] - ETA: 0s - loss: 0.0230 - acc: 0.9960
1459/1459 [==============================] - 0s 106us/step - loss: 0.0211 - acc: 0.9966 - val_loss: 0.1045 - val_acc: 0.9693
acc: 96.93%
Train on 1459 samples, validate on 163 samples
Epoch 1/30

  20/1459 [..............................] - ETA: 40s - loss: 0.7002 - acc: 0.5500
 520/1459 [=========>....................] - ETA: 1s - loss: 0.3268 - acc: 0.8558 
1020/1459 [===================>..........] - ETA: 0s - loss: 0.2080 - acc: 0.9147
1459/1459 [==============================] - 1s 536us/step - loss: 0.1734 - acc: 0.9315 - val_loss: 0.1069 - val_acc: 0.9571
Epoch 2/30

  20/1459 [..............................] - ETA: 0s - loss: 0.0106 - acc: 1.0000
 500/1459 [=========>....................] - ETA: 0s - loss: 0.0260 - acc: 0.9940
1000/1459 [===================>..........] - ETA: 0s - loss: 0.0291 - acc: 0.9920
1459/1459 [==============================] - 0s 108us/step - loss: 0.0353 - acc: 0.9890 - val_loss: 0.1001 - val_acc: 0.9693
Epoch 3/30

  20/1459 [..............................] - ETA: 0s - loss: 0.0031 - acc: 1.0000
 500/1459 [=========>....................] - ETA: 0s - loss: 0.0207 - acc: 0.9940
1000/1459 [===================>..........] - ETA: 0s - loss: 0.0224 - acc: 0.9940
1459/1459 [==============================] - 0s 107us/step - loss: 0.0202 - acc: 0.9952 - val_loss: 0.0680 - val_acc: 0.9816
Epoch 4/30

  20/1459 [..............................] - ETA: 0s - loss: 0.0124 - acc: 1.0000
 500/1459 [=========>....................] - ETA: 0s - loss: 0.0098 - acc: 0.9960
 960/1459 [==================>...........] - ETA: 0s - loss: 0.0117 - acc: 0.9958
1440/1459 [============================>.] - ETA: 0s - loss: 0.0100 - acc: 0.9972
1459/1459 [==============================] - 0s 111us/step - loss: 0.0099 - acc: 0.9973 - val_loss: 0.0698 - val_acc: 0.9755
Epoch 5/30

  20/1459 [..............................] - ETA: 0s - loss: 0.0031 - acc: 1.0000
 500/1459 [=========>....................] - ETA: 0s - loss: 0.0044 - acc: 1.0000
1000/1459 [===================>..........] - ETA: 0s - loss: 0.0036 - acc: 1.0000
1459/1459 [==============================] - 0s 106us/step - loss: 0.0064 - acc: 0.9986 - val_loss: 0.0558 - val_acc: 0.9816
acc: 98.16%
Train on 1459 samples, validate on 163 samples
Epoch 1/30

  20/1459 [..............................] - ETA: 44s - loss: 0.6969 - acc: 0.7000
 520/1459 [=========>....................] - ETA: 1s - loss: 0.3282 - acc: 0.8673 
1020/1459 [===================>..........] - ETA: 0s - loss: 0.2086 - acc: 0.9196
1459/1459 [==============================] - 1s 575us/step - loss: 0.1811 - acc: 0.9328 - val_loss: 0.0631 - val_acc: 0.9877
Epoch 2/30

  20/1459 [..............................] - ETA: 0s - loss: 0.0184 - acc: 1.0000
 500/1459 [=========>....................] - ETA: 0s - loss: 0.0395 - acc: 0.9920
 980/1459 [===================>..........] - ETA: 0s - loss: 0.0398 - acc: 0.9908
1459/1459 [==============================] - 0s 110us/step - loss: 0.0362 - acc: 0.9911 - val_loss: 0.0845 - val_acc: 0.9693
Epoch 3/30

  20/1459 [..............................] - ETA: 0s - loss: 0.0067 - acc: 1.0000
 520/1459 [=========>....................] - ETA: 0s - loss: 0.0218 - acc: 0.9923
1020/1459 [===================>..........] - ETA: 0s - loss: 0.0156 - acc: 0.9951
1459/1459 [==============================] - 0s 108us/step - loss: 0.0126 - acc: 0.9966 - val_loss: 0.0622 - val_acc: 0.9877
acc: 98.77%
Train on 1460 samples, validate on 162 samples
Epoch 1/30

  20/1460 [..............................] - ETA: 52s - loss: 0.6809 - acc: 0.4500
 500/1460 [=========>....................] - ETA: 1s - loss: 0.3218 - acc: 0.8520 
 980/1460 [===================>..........] - ETA: 0s - loss: 0.2126 - acc: 0.9092
1460/1460 [==============================] - 1s 659us/step - loss: 0.1698 - acc: 0.9267 - val_loss: 0.0695 - val_acc: 0.9691
Epoch 2/30

  20/1460 [..............................] - ETA: 0s - loss: 0.0512 - acc: 1.0000
 480/1460 [========>.....................] - ETA: 0s - loss: 0.0277 - acc: 0.9917
 960/1460 [==================>...........] - ETA: 0s - loss: 0.0429 - acc: 0.9865
1460/1460 [==============================] - 0s 109us/step - loss: 0.0433 - acc: 0.9863 - val_loss: 0.0529 - val_acc: 0.9815
Epoch 3/30

  20/1460 [..............................] - ETA: 0s - loss: 0.0102 - acc: 1.0000
 520/1460 [=========>....................] - ETA: 0s - loss: 0.0108 - acc: 0.9981
1020/1460 [===================>..........] - ETA: 0s - loss: 0.0190 - acc: 0.9961
1460/1460 [==============================] - 0s 104us/step - loss: 0.0175 - acc: 0.9966 - val_loss: 0.0350 - val_acc: 0.9815
Epoch 4/30

  20/1460 [..............................] - ETA: 0s - loss: 0.0377 - acc: 0.9500
 500/1460 [=========>....................] - ETA: 0s - loss: 0.0047 - acc: 0.9980
 980/1460 [===================>..........] - ETA: 0s - loss: 0.0111 - acc: 0.9959
1460/1460 [==============================] - 0s 110us/step - loss: 0.0109 - acc: 0.9966 - val_loss: 0.0349 - val_acc: 0.9815
Epoch 5/30

  20/1460 [..............................] - ETA: 0s - loss: 0.0094 - acc: 1.0000
 500/1460 [=========>....................] - ETA: 0s - loss: 0.0105 - acc: 0.9980
 980/1460 [===================>..........] - ETA: 0s - loss: 0.0067 - acc: 0.9990
1460/1460 [==============================] - 0s 109us/step - loss: 0.0053 - acc: 0.9993 - val_loss: 0.0314 - val_acc: 0.9877
Epoch 6/30

  20/1460 [..............................] - ETA: 0s - loss: 8.8009e-04 - acc: 1.0000
 480/1460 [========>.....................] - ETA: 0s - loss: 0.0096 - acc: 0.9979    
 960/1460 [==================>...........] - ETA: 0s - loss: 0.0091 - acc: 0.9979
1400/1460 [===========================>..] - ETA: 0s - loss: 0.0073 - acc: 0.9986
1460/1460 [==============================] - 0s 115us/step - loss: 0.0071 - acc: 0.9986 - val_loss: 0.0339 - val_acc: 0.9815
Epoch 7/30

  20/1460 [..............................] - ETA: 0s - loss: 0.0012 - acc: 1.0000
 480/1460 [========>.....................] - ETA: 0s - loss: 0.0013 - acc: 1.0000
 980/1460 [===================>..........] - ETA: 0s - loss: 0.0013 - acc: 1.0000
1460/1460 [==============================] - 0s 109us/step - loss: 0.0050 - acc: 0.9986 - val_loss: 0.0372 - val_acc: 0.9815
acc: 98.77%
Train on 1460 samples, validate on 162 samples
Epoch 1/30

  20/1460 [..............................] - ETA: 55s - loss: 0.7228 - acc: 0.4500
 500/1460 [=========>....................] - ETA: 1s - loss: 0.4336 - acc: 0.8180 
 980/1460 [===================>..........] - ETA: 0s - loss: 0.2706 - acc: 0.8918
1460/1460 [==============================] - 1s 704us/step - loss: 0.2204 - acc: 0.9137 - val_loss: 0.0981 - val_acc: 0.9630
Epoch 2/30

  20/1460 [..............................] - ETA: 0s - loss: 0.0248 - acc: 1.0000
 520/1460 [=========>....................] - ETA: 0s - loss: 0.0425 - acc: 0.9942
1020/1460 [===================>..........] - ETA: 0s - loss: 0.0422 - acc: 0.9922
1460/1460 [==============================] - 0s 105us/step - loss: 0.0427 - acc: 0.9897 - val_loss: 0.0577 - val_acc: 0.9753
Epoch 3/30

  20/1460 [..............................] - ETA: 0s - loss: 0.0075 - acc: 1.0000
 500/1460 [=========>....................] - ETA: 0s - loss: 0.0094 - acc: 1.0000
 980/1460 [===================>..........] - ETA: 0s - loss: 0.0159 - acc: 0.9980
1460/1460 [==============================] - 0s 109us/step - loss: 0.0190 - acc: 0.9966 - val_loss: 0.0643 - val_acc: 0.9753
Epoch 4/30

  20/1460 [..............................] - ETA: 0s - loss: 0.0029 - acc: 1.0000
 500/1460 [=========>....................] - ETA: 0s - loss: 0.0057 - acc: 1.0000
 980/1460 [===================>..........] - ETA: 0s - loss: 0.0115 - acc: 0.9980
1460/1460 [==============================] - 0s 111us/step - loss: 0.0114 - acc: 0.9979 - val_loss: 0.0508 - val_acc: 0.9815
Epoch 5/30

  20/1460 [..............................] - ETA: 0s - loss: 0.0027 - acc: 1.0000
 520/1460 [=========>....................] - ETA: 0s - loss: 0.0146 - acc: 0.9962
 980/1460 [===================>..........] - ETA: 0s - loss: 0.0101 - acc: 0.9980
1460/1460 [==============================] - 0s 108us/step - loss: 0.0079 - acc: 0.9986 - val_loss: 0.0541 - val_acc: 0.9815
Epoch 6/30

  20/1460 [..............................] - ETA: 0s - loss: 0.0020 - acc: 1.0000
 520/1460 [=========>....................] - ETA: 0s - loss: 0.0146 - acc: 0.9962
1020/1460 [===================>..........] - ETA: 0s - loss: 0.0088 - acc: 0.9980
1460/1460 [==============================] - 0s 104us/step - loss: 0.0066 - acc: 0.9986 - val_loss: 0.0608 - val_acc: 0.9753
acc: 98.15%
Train on 1460 samples, validate on 162 samples
Epoch 1/30

  20/1460 [..............................] - ETA: 1:04 - loss: 0.7137 - acc: 0.3000
 520/1460 [=========>....................] - ETA: 1s - loss: 0.3840 - acc: 0.8212  
1000/1460 [===================>..........] - ETA: 0s - loss: 0.2480 - acc: 0.8900
1460/1460 [==============================] - 1s 799us/step - loss: 0.2052 - acc: 0.9110 - val_loss: 0.0588 - val_acc: 0.9815
Epoch 2/30

  20/1460 [..............................] - ETA: 0s - loss: 0.0246 - acc: 1.0000
 500/1460 [=========>....................] - ETA: 0s - loss: 0.0339 - acc: 0.9940
 980/1460 [===================>..........] - ETA: 0s - loss: 0.0466 - acc: 0.9888
1420/1460 [============================>.] - ETA: 0s - loss: 0.0506 - acc: 0.9880
1460/1460 [==============================] - 0s 113us/step - loss: 0.0517 - acc: 0.9877 - val_loss: 0.0339 - val_acc: 1.0000
Epoch 3/30

  20/1460 [..............................] - ETA: 0s - loss: 0.1322 - acc: 0.9500
 500/1460 [=========>....................] - ETA: 0s - loss: 0.0242 - acc: 0.9940
 980/1460 [===================>..........] - ETA: 0s - loss: 0.0279 - acc: 0.9929
1460/1460 [==============================] - 0s 110us/step - loss: 0.0265 - acc: 0.9932 - val_loss: 0.0350 - val_acc: 0.9877
Epoch 4/30

  20/1460 [..............................] - ETA: 0s - loss: 0.0035 - acc: 1.0000
 500/1460 [=========>....................] - ETA: 0s - loss: 0.0139 - acc: 0.9960
 980/1460 [===================>..........] - ETA: 0s - loss: 0.0099 - acc: 0.9980
1460/1460 [==============================] - 0s 108us/step - loss: 0.0126 - acc: 0.9966 - val_loss: 0.0600 - val_acc: 0.9877
acc: 100.00%
Train on 1460 samples, validate on 162 samples
Epoch 1/30

  20/1460 [..............................] - ETA: 1:11 - loss: 0.7233 - acc: 0.4500
 480/1460 [========>.....................] - ETA: 2s - loss: 0.3583 - acc: 0.8333  
 960/1460 [==================>...........] - ETA: 0s - loss: 0.2329 - acc: 0.8937
1460/1460 [==============================] - 1s 872us/step - loss: 0.1964 - acc: 0.9158 - val_loss: 0.0729 - val_acc: 0.9753
Epoch 2/30

  20/1460 [..............................] - ETA: 0s - loss: 0.0471 - acc: 1.0000
 480/1460 [========>.....................] - ETA: 0s - loss: 0.0517 - acc: 0.9875
 940/1460 [==================>...........] - ETA: 0s - loss: 0.0458 - acc: 0.9872
1420/1460 [============================>.] - ETA: 0s - loss: 0.0410 - acc: 0.9887
1460/1460 [==============================] - 0s 114us/step - loss: 0.0405 - acc: 0.9884 - val_loss: 0.0826 - val_acc: 0.9691
Epoch 3/30

  20/1460 [..............................] - ETA: 0s - loss: 0.0136 - acc: 1.0000
 480/1460 [========>.....................] - ETA: 0s - loss: 0.0094 - acc: 1.0000
 960/1460 [==================>...........] - ETA: 0s - loss: 0.0181 - acc: 0.9958
1440/1460 [============================>.] - ETA: 0s - loss: 0.0157 - acc: 0.9972
1460/1460 [==============================] - 0s 111us/step - loss: 0.0158 - acc: 0.9973 - val_loss: 0.0873 - val_acc: 0.9753
acc: 97.53%
Train on 1460 samples, validate on 162 samples
Epoch 1/30

  20/1460 [..............................] - ETA: 1:19 - loss: 0.6963 - acc: 0.5000
 460/1460 [========>.....................] - ETA: 2s - loss: 0.3564 - acc: 0.8413  
 920/1460 [=================>............] - ETA: 0s - loss: 0.2333 - acc: 0.9011
1380/1460 [===========================>..] - ETA: 0s - loss: 0.1891 - acc: 0.9203
1460/1460 [==============================] - 1s 961us/step - loss: 0.1825 - acc: 0.9226 - val_loss: 0.0658 - val_acc: 0.9815
Epoch 2/30

  20/1460 [..............................] - ETA: 0s - loss: 0.0268 - acc: 1.0000
 480/1460 [========>.....................] - ETA: 0s - loss: 0.0330 - acc: 0.9958
 960/1460 [==================>...........] - ETA: 0s - loss: 0.0276 - acc: 0.9948
1440/1460 [============================>.] - ETA: 0s - loss: 0.0393 - acc: 0.9896
1460/1460 [==============================] - 0s 111us/step - loss: 0.0394 - acc: 0.9897 - val_loss: 0.0583 - val_acc: 0.9815
Epoch 3/30

  20/1460 [..............................] - ETA: 0s - loss: 0.0054 - acc: 1.0000
 500/1460 [=========>....................] - ETA: 0s - loss: 0.0152 - acc: 0.9960
 980/1460 [===================>..........] - ETA: 0s - loss: 0.0207 - acc: 0.9939
1440/1460 [============================>.] - ETA: 0s - loss: 0.0166 - acc: 0.9958
1460/1460 [==============================] - 0s 110us/step - loss: 0.0166 - acc: 0.9959 - val_loss: 0.0620 - val_acc: 0.9815
acc: 98.15%
Train on 1460 samples, validate on 162 samples
Epoch 1/30

  20/1460 [..............................] - ETA: 1:26 - loss: 0.6969 - acc: 0.4500
 480/1460 [========>.....................] - ETA: 2s - loss: 0.3509 - acc: 0.8396  
 960/1460 [==================>...........] - ETA: 0s - loss: 0.2266 - acc: 0.9042
1420/1460 [============================>.] - ETA: 0s - loss: 0.1873 - acc: 0.9232
1460/1460 [==============================] - 2s 1ms/step - loss: 0.1857 - acc: 0.9247 - val_loss: 0.1133 - val_acc: 0.9383
Epoch 2/30

  20/1460 [..............................] - ETA: 0s - loss: 0.1451 - acc: 0.9500
 500/1460 [=========>....................] - ETA: 0s - loss: 0.0502 - acc: 0.9860
 960/1460 [==================>...........] - ETA: 0s - loss: 0.0367 - acc: 0.9896
1440/1460 [============================>.] - ETA: 0s - loss: 0.0425 - acc: 0.9875
1460/1460 [==============================] - 0s 114us/step - loss: 0.0428 - acc: 0.9877 - val_loss: 0.0913 - val_acc: 0.9753
Epoch 3/30

  20/1460 [..............................] - ETA: 0s - loss: 0.0170 - acc: 1.0000
 500/1460 [=========>....................] - ETA: 0s - loss: 0.0277 - acc: 0.9920
 960/1460 [==================>...........] - ETA: 0s - loss: 0.0204 - acc: 0.9958
1440/1460 [============================>.] - ETA: 0s - loss: 0.0193 - acc: 0.9958
1460/1460 [==============================] - 0s 112us/step - loss: 0.0192 - acc: 0.9959 - val_loss: 0.0991 - val_acc: 0.9691
Epoch 4/30

  20/1460 [..............................] - ETA: 0s - loss: 0.0014 - acc: 1.0000
 440/1460 [========>.....................] - ETA: 0s - loss: 0.0229 - acc: 0.9955
 900/1460 [=================>............] - ETA: 0s - loss: 0.0154 - acc: 0.9967
1360/1460 [==========================>...] - ETA: 0s - loss: 0.0119 - acc: 0.9978
1460/1460 [==============================] - 0s 117us/step - loss: 0.0116 - acc: 0.9979 - val_loss: 0.0812 - val_acc: 0.9753
acc: 97.53%
Train on 1461 samples, validate on 161 samples
Epoch 1/30

  20/1461 [..............................] - ETA: 1:40 - loss: 0.6768 - acc: 0.8000
 440/1461 [========>.....................] - ETA: 3s - loss: 0.3547 - acc: 0.8523  
 820/1461 [===============>..............] - ETA: 1s - loss: 0.2384 - acc: 0.9024
1220/1461 [========================>.....] - ETA: 0s - loss: 0.1883 - acc: 0.9254
1461/1461 [==============================] - 2s 1ms/step - loss: 0.1738 - acc: 0.9322 - val_loss: 0.0459 - val_acc: 0.9938
Epoch 2/30

  20/1461 [..............................] - ETA: 0s - loss: 0.0162 - acc: 1.0000
 400/1461 [=======>......................] - ETA: 0s - loss: 0.0628 - acc: 0.9800
 800/1461 [===============>..............] - ETA: 0s - loss: 0.0494 - acc: 0.9862
1240/1461 [========================>.....] - ETA: 0s - loss: 0.0430 - acc: 0.9871
1461/1461 [==============================] - 0s 129us/step - loss: 0.0407 - acc: 0.9877 - val_loss: 0.0548 - val_acc: 0.9938
Epoch 3/30

  20/1461 [..............................] - ETA: 0s - loss: 0.1186 - acc: 0.9500
 460/1461 [========>.....................] - ETA: 0s - loss: 0.0333 - acc: 0.9891
 880/1461 [=================>............] - ETA: 0s - loss: 0.0223 - acc: 0.9943
1340/1461 [==========================>...] - ETA: 0s - loss: 0.0188 - acc: 0.9948
1461/1461 [==============================] - 0s 120us/step - loss: 0.0177 - acc: 0.9952 - val_loss: 0.0231 - val_acc: 0.9938
acc: 99.38%
Accuracy: 98.34% (+/- 0.87%)
