Train on 1389 samples, validate on 233 samples
Epoch 1/30

  50/1389 [>.............................] - ETA: 12s - loss: 0.6928 - acc: 0.5400
1250/1389 [=========================>....] - ETA: 0s - loss: 0.2460 - acc: 0.8960 
1389/1389 [==============================] - 1s 412us/step - loss: 0.2319 - acc: 0.9028 - val_loss: 0.1101 - val_acc: 0.9528
Epoch 2/30

  50/1389 [>.............................] - ETA: 0s - loss: 0.0430 - acc: 0.9800
1200/1389 [========================>.....] - ETA: 0s - loss: 0.0426 - acc: 0.9833
1389/1389 [==============================] - 0s 48us/step - loss: 0.0432 - acc: 0.9842 - val_loss: 0.0981 - val_acc: 0.9700
Epoch 3/30

  50/1389 [>.............................] - ETA: 0s - loss: 0.0174 - acc: 1.0000
1200/1389 [========================>.....] - ETA: 0s - loss: 0.0178 - acc: 0.9967
1389/1389 [==============================] - 0s 47us/step - loss: 0.0190 - acc: 0.9964 - val_loss: 0.1161 - val_acc: 0.9571
Epoch 4/30

  50/1389 [>.............................] - ETA: 0s - loss: 0.0043 - acc: 1.0000
1200/1389 [========================>.....] - ETA: 0s - loss: 0.0099 - acc: 0.9967
1389/1389 [==============================] - 0s 48us/step - loss: 0.0092 - acc: 0.9971 - val_loss: 0.1047 - val_acc: 0.9700
Epoch 5/30

  50/1389 [>.............................] - ETA: 0s - loss: 0.0101 - acc: 1.0000
1250/1389 [=========================>....] - ETA: 0s - loss: 0.0048 - acc: 0.9992
1389/1389 [==============================] - 0s 45us/step - loss: 0.0045 - acc: 0.9993 - val_loss: 0.1064 - val_acc: 0.9657
Epoch 6/30

  50/1389 [>.............................] - ETA: 0s - loss: 0.0203 - acc: 0.9800
1250/1389 [=========================>....] - ETA: 0s - loss: 0.0030 - acc: 0.9992
1389/1389 [==============================] - 0s 45us/step - loss: 0.0029 - acc: 0.9993 - val_loss: 0.1056 - val_acc: 0.9700
Epoch 7/30

  50/1389 [>.............................] - ETA: 0s - loss: 0.0013 - acc: 1.0000
1250/1389 [=========================>....] - ETA: 0s - loss: 0.0018 - acc: 1.0000
1389/1389 [==============================] - 0s 45us/step - loss: 0.0025 - acc: 0.9993 - val_loss: 0.1134 - val_acc: 0.9657
Epoch 8/30

  50/1389 [>.............................] - ETA: 0s - loss: 0.0012 - acc: 1.0000
1250/1389 [=========================>....] - ETA: 0s - loss: 0.0022 - acc: 1.0000
1389/1389 [==============================] - 0s 45us/step - loss: 0.0021 - acc: 1.0000 - val_loss: 0.1079 - val_acc: 0.9700
Epoch 9/30

  50/1389 [>.............................] - ETA: 0s - loss: 6.8017e-04 - acc: 1.0000
1200/1389 [========================>.....] - ETA: 0s - loss: 0.0014 - acc: 1.0000    
1389/1389 [==============================] - 0s 47us/step - loss: 0.0013 - acc: 1.0000 - val_loss: 0.1103 - val_acc: 0.9700
Epoch 10/30

  50/1389 [>.............................] - ETA: 0s - loss: 9.7830e-04 - acc: 1.0000
1150/1389 [=======================>......] - ETA: 0s - loss: 0.0010 - acc: 1.0000    
1389/1389 [==============================] - 0s 48us/step - loss: 9.4282e-04 - acc: 1.0000 - val_loss: 0.1118 - val_acc: 0.9700
Epoch 11/30

  50/1389 [>.............................] - ETA: 0s - loss: 6.0180e-04 - acc: 1.0000
1200/1389 [========================>.....] - ETA: 0s - loss: 7.1995e-04 - acc: 1.0000
1389/1389 [==============================] - 0s 47us/step - loss: 7.0355e-04 - acc: 1.0000 - val_loss: 0.1109 - val_acc: 0.9700
Epoch 12/30

  50/1389 [>.............................] - ETA: 0s - loss: 5.4396e-04 - acc: 1.0000
1150/1389 [=======================>......] - ETA: 0s - loss: 6.1098e-04 - acc: 1.0000
1389/1389 [==============================] - 0s 49us/step - loss: 5.8383e-04 - acc: 1.0000 - val_loss: 0.1118 - val_acc: 0.9700
Epoch 13/30

  50/1389 [>.............................] - ETA: 0s - loss: 4.9720e-04 - acc: 1.0000
1200/1389 [========================>.....] - ETA: 0s - loss: 4.2016e-04 - acc: 1.0000
1389/1389 [==============================] - 0s 47us/step - loss: 4.9939e-04 - acc: 1.0000 - val_loss: 0.1133 - val_acc: 0.9700
Epoch 14/30

  50/1389 [>.............................] - ETA: 0s - loss: 2.8307e-04 - acc: 1.0000
1200/1389 [========================>.....] - ETA: 0s - loss: 4.5178e-04 - acc: 1.0000
1389/1389 [==============================] - 0s 47us/step - loss: 4.3392e-04 - acc: 1.0000 - val_loss: 0.1136 - val_acc: 0.9700
Epoch 15/30

  50/1389 [>.............................] - ETA: 0s - loss: 2.1460e-04 - acc: 1.0000
1250/1389 [=========================>....] - ETA: 0s - loss: 3.9825e-04 - acc: 1.0000
1389/1389 [==============================] - 0s 45us/step - loss: 3.8848e-04 - acc: 1.0000 - val_loss: 0.1138 - val_acc: 0.9700
Epoch 16/30

  50/1389 [>.............................] - ETA: 0s - loss: 2.7295e-04 - acc: 1.0000
1250/1389 [=========================>....] - ETA: 0s - loss: 3.5628e-04 - acc: 1.0000
1389/1389 [==============================] - 0s 45us/step - loss: 3.5113e-04 - acc: 1.0000 - val_loss: 0.1147 - val_acc: 0.9700
acc: 97.00%
Train on 1389 samples, validate on 233 samples
Epoch 1/30

  50/1389 [>.............................] - ETA: 13s - loss: 0.7026 - acc: 0.4400
1200/1389 [========================>.....] - ETA: 0s - loss: 0.2525 - acc: 0.8950 
1389/1389 [==============================] - 1s 462us/step - loss: 0.2314 - acc: 0.9057 - val_loss: 0.1004 - val_acc: 0.9571
Epoch 2/30

  50/1389 [>.............................] - ETA: 0s - loss: 0.1557 - acc: 0.9400
1150/1389 [=======================>......] - ETA: 0s - loss: 0.0545 - acc: 0.9809
1389/1389 [==============================] - 0s 49us/step - loss: 0.0490 - acc: 0.9834 - val_loss: 0.0764 - val_acc: 0.9700
Epoch 3/30

  50/1389 [>.............................] - ETA: 0s - loss: 0.0086 - acc: 1.0000
1150/1389 [=======================>......] - ETA: 0s - loss: 0.0208 - acc: 0.9948
1389/1389 [==============================] - 0s 47us/step - loss: 0.0192 - acc: 0.9957 - val_loss: 0.0707 - val_acc: 0.9700
Epoch 4/30

  50/1389 [>.............................] - ETA: 0s - loss: 0.0055 - acc: 1.0000
1150/1389 [=======================>......] - ETA: 0s - loss: 0.0088 - acc: 0.9991
1389/1389 [==============================] - 0s 48us/step - loss: 0.0089 - acc: 0.9986 - val_loss: 0.0646 - val_acc: 0.9657
Epoch 5/30

  50/1389 [>.............................] - ETA: 0s - loss: 0.0029 - acc: 1.0000
1200/1389 [========================>.....] - ETA: 0s - loss: 0.0040 - acc: 1.0000
1389/1389 [==============================] - 0s 48us/step - loss: 0.0038 - acc: 1.0000 - val_loss: 0.0608 - val_acc: 0.9785
Epoch 6/30

  50/1389 [>.............................] - ETA: 0s - loss: 0.0020 - acc: 1.0000
1200/1389 [========================>.....] - ETA: 0s - loss: 0.0040 - acc: 0.9992
1389/1389 [==============================] - 0s 48us/step - loss: 0.0036 - acc: 0.9993 - val_loss: 0.0583 - val_acc: 0.9785
Epoch 7/30

  50/1389 [>.............................] - ETA: 0s - loss: 0.0015 - acc: 1.0000
1200/1389 [========================>.....] - ETA: 0s - loss: 0.0018 - acc: 1.0000
1389/1389 [==============================] - 0s 48us/step - loss: 0.0028 - acc: 0.9993 - val_loss: 0.0596 - val_acc: 0.9742
Epoch 8/30

  50/1389 [>.............................] - ETA: 0s - loss: 0.0033 - acc: 1.0000
1200/1389 [========================>.....] - ETA: 0s - loss: 0.0034 - acc: 0.9992
1389/1389 [==============================] - 0s 48us/step - loss: 0.0031 - acc: 0.9993 - val_loss: 0.0598 - val_acc: 0.9742
Epoch 9/30

  50/1389 [>.............................] - ETA: 0s - loss: 0.0011 - acc: 1.0000
1200/1389 [========================>.....] - ETA: 0s - loss: 0.0012 - acc: 1.0000
1389/1389 [==============================] - 0s 47us/step - loss: 0.0019 - acc: 1.0000 - val_loss: 0.0607 - val_acc: 0.9785
Epoch 10/30

  50/1389 [>.............................] - ETA: 0s - loss: 7.0085e-04 - acc: 1.0000
1250/1389 [=========================>....] - ETA: 0s - loss: 0.0011 - acc: 1.0000    
1389/1389 [==============================] - 0s 45us/step - loss: 0.0011 - acc: 1.0000 - val_loss: 0.0606 - val_acc: 0.9742
Epoch 11/30

  50/1389 [>.............................] - ETA: 0s - loss: 6.3777e-04 - acc: 1.0000
1250/1389 [=========================>....] - ETA: 0s - loss: 7.8773e-04 - acc: 1.0000
1389/1389 [==============================] - 0s 45us/step - loss: 7.5540e-04 - acc: 1.0000 - val_loss: 0.0620 - val_acc: 0.9742
Epoch 12/30

  50/1389 [>.............................] - ETA: 0s - loss: 4.2349e-04 - acc: 1.0000
1250/1389 [=========================>....] - ETA: 0s - loss: 6.1169e-04 - acc: 1.0000
1389/1389 [==============================] - 0s 45us/step - loss: 5.9956e-04 - acc: 1.0000 - val_loss: 0.0630 - val_acc: 0.9742
Epoch 13/30

  50/1389 [>.............................] - ETA: 0s - loss: 3.5383e-04 - acc: 1.0000
1200/1389 [========================>.....] - ETA: 0s - loss: 5.2600e-04 - acc: 1.0000
1389/1389 [==============================] - 0s 47us/step - loss: 5.0175e-04 - acc: 1.0000 - val_loss: 0.0630 - val_acc: 0.9742
Epoch 14/30

  50/1389 [>.............................] - ETA: 0s - loss: 6.8782e-04 - acc: 1.0000
1200/1389 [========================>.....] - ETA: 0s - loss: 4.4464e-04 - acc: 1.0000
1389/1389 [==============================] - 0s 47us/step - loss: 4.3381e-04 - acc: 1.0000 - val_loss: 0.0635 - val_acc: 0.9742
Epoch 15/30

  50/1389 [>.............................] - ETA: 0s - loss: 4.1206e-04 - acc: 1.0000
1150/1389 [=======================>......] - ETA: 0s - loss: 3.5069e-04 - acc: 1.0000
1389/1389 [==============================] - 0s 50us/step - loss: 3.8023e-04 - acc: 1.0000 - val_loss: 0.0638 - val_acc: 0.9742
Epoch 16/30

  50/1389 [>.............................] - ETA: 0s - loss: 4.0296e-04 - acc: 1.0000
1150/1389 [=======================>......] - ETA: 0s - loss: 3.4481e-04 - acc: 1.0000
1389/1389 [==============================] - 0s 48us/step - loss: 3.3931e-04 - acc: 1.0000 - val_loss: 0.0643 - val_acc: 0.9742
Epoch 17/30

  50/1389 [>.............................] - ETA: 0s - loss: 1.2976e-04 - acc: 1.0000
1150/1389 [=======================>......] - ETA: 0s - loss: 2.8753e-04 - acc: 1.0000
1389/1389 [==============================] - 0s 48us/step - loss: 3.0342e-04 - acc: 1.0000 - val_loss: 0.0642 - val_acc: 0.9742
Epoch 18/30

  50/1389 [>.............................] - ETA: 0s - loss: 1.2012e-04 - acc: 1.0000
1150/1389 [=======================>......] - ETA: 0s - loss: 2.6782e-04 - acc: 1.0000
1389/1389 [==============================] - 0s 48us/step - loss: 2.7564e-04 - acc: 1.0000 - val_loss: 0.0646 - val_acc: 0.9742
Epoch 19/30

  50/1389 [>.............................] - ETA: 0s - loss: 1.2580e-04 - acc: 1.0000
1200/1389 [========================>.....] - ETA: 0s - loss: 2.5442e-04 - acc: 1.0000
1389/1389 [==============================] - 0s 47us/step - loss: 2.5284e-04 - acc: 1.0000 - val_loss: 0.0646 - val_acc: 0.9742
acc: 97.85%
Train on 1390 samples, validate on 232 samples
Epoch 1/30

  50/1390 [>.............................] - ETA: 16s - loss: 0.6970 - acc: 0.5400
1200/1390 [========================>.....] - ETA: 0s - loss: 0.2533 - acc: 0.9017 
1390/1390 [==============================] - 1s 547us/step - loss: 0.2309 - acc: 0.9115 - val_loss: 0.1375 - val_acc: 0.9483
Epoch 2/30

  50/1390 [>.............................] - ETA: 0s - loss: 0.0650 - acc: 0.9800
1200/1390 [========================>.....] - ETA: 0s - loss: 0.0432 - acc: 0.9833
1390/1390 [==============================] - 0s 48us/step - loss: 0.0441 - acc: 0.9827 - val_loss: 0.1038 - val_acc: 0.9655
Epoch 3/30

  50/1390 [>.............................] - ETA: 0s - loss: 0.0061 - acc: 1.0000
1200/1390 [========================>.....] - ETA: 0s - loss: 0.0162 - acc: 0.9975
1390/1390 [==============================] - 0s 50us/step - loss: 0.0173 - acc: 0.9971 - val_loss: 0.0936 - val_acc: 0.9698
Epoch 4/30

  50/1390 [>.............................] - ETA: 0s - loss: 0.0046 - acc: 1.0000
1200/1390 [========================>.....] - ETA: 0s - loss: 0.0072 - acc: 0.9992
1390/1390 [==============================] - 0s 47us/step - loss: 0.0068 - acc: 0.9993 - val_loss: 0.0955 - val_acc: 0.9655
Epoch 5/30

  50/1390 [>.............................] - ETA: 0s - loss: 0.0037 - acc: 1.0000
1150/1390 [=======================>......] - ETA: 0s - loss: 0.0060 - acc: 0.9983
1390/1390 [==============================] - 0s 48us/step - loss: 0.0061 - acc: 0.9986 - val_loss: 0.1042 - val_acc: 0.9655
Epoch 6/30

  50/1390 [>.............................] - ETA: 0s - loss: 0.0020 - acc: 1.0000
1100/1390 [======================>.......] - ETA: 0s - loss: 0.0025 - acc: 1.0000
1390/1390 [==============================] - 0s 50us/step - loss: 0.0032 - acc: 0.9993 - val_loss: 0.0976 - val_acc: 0.9655
Epoch 7/30

  50/1390 [>.............................] - ETA: 0s - loss: 9.6549e-04 - acc: 1.0000
1200/1390 [========================>.....] - ETA: 0s - loss: 0.0025 - acc: 1.0000    
1390/1390 [==============================] - 0s 48us/step - loss: 0.0023 - acc: 1.0000 - val_loss: 0.0952 - val_acc: 0.9655
Epoch 8/30

  50/1390 [>.............................] - ETA: 0s - loss: 8.0897e-04 - acc: 1.0000
1200/1390 [========================>.....] - ETA: 0s - loss: 0.0011 - acc: 1.0000    
1390/1390 [==============================] - 0s 46us/step - loss: 0.0011 - acc: 1.0000 - val_loss: 0.0953 - val_acc: 0.9655
Epoch 9/30

  50/1390 [>.............................] - ETA: 0s - loss: 6.7913e-04 - acc: 1.0000
1250/1390 [=========================>....] - ETA: 0s - loss: 8.7259e-04 - acc: 1.0000
1390/1390 [==============================] - 0s 45us/step - loss: 8.6621e-04 - acc: 1.0000 - val_loss: 0.0970 - val_acc: 0.9655
Epoch 10/30

  50/1390 [>.............................] - ETA: 0s - loss: 5.9599e-04 - acc: 1.0000
1250/1390 [=========================>....] - ETA: 0s - loss: 7.2617e-04 - acc: 1.0000
1390/1390 [==============================] - 0s 46us/step - loss: 7.0460e-04 - acc: 1.0000 - val_loss: 0.0968 - val_acc: 0.9655
Epoch 11/30

  50/1390 [>.............................] - ETA: 0s - loss: 2.9547e-04 - acc: 1.0000
1250/1390 [=========================>....] - ETA: 0s - loss: 6.0752e-04 - acc: 1.0000
1390/1390 [==============================] - 0s 46us/step - loss: 5.9413e-04 - acc: 1.0000 - val_loss: 0.0982 - val_acc: 0.9655
Epoch 12/30

  50/1390 [>.............................] - ETA: 0s - loss: 5.8043e-04 - acc: 1.0000
1200/1390 [========================>.....] - ETA: 0s - loss: 4.9827e-04 - acc: 1.0000
1390/1390 [==============================] - 0s 47us/step - loss: 5.0599e-04 - acc: 1.0000 - val_loss: 0.0988 - val_acc: 0.9655
Epoch 13/30

  50/1390 [>.............................] - ETA: 0s - loss: 8.1489e-04 - acc: 1.0000
1200/1390 [========================>.....] - ETA: 0s - loss: 4.3767e-04 - acc: 1.0000
1390/1390 [==============================] - 0s 47us/step - loss: 4.3975e-04 - acc: 1.0000 - val_loss: 0.0986 - val_acc: 0.9655
Epoch 14/30

  50/1390 [>.............................] - ETA: 0s - loss: 3.4089e-04 - acc: 1.0000
1150/1390 [=======================>......] - ETA: 0s - loss: 3.8485e-04 - acc: 1.0000
1390/1390 [==============================] - 0s 49us/step - loss: 3.8801e-04 - acc: 1.0000 - val_loss: 0.0994 - val_acc: 0.9655
Epoch 15/30

  50/1390 [>.............................] - ETA: 0s - loss: 4.2452e-04 - acc: 1.0000
1100/1390 [======================>.......] - ETA: 0s - loss: 3.6132e-04 - acc: 1.0000
1390/1390 [==============================] - 0s 53us/step - loss: 3.4595e-04 - acc: 1.0000 - val_loss: 0.0998 - val_acc: 0.9655
Epoch 16/30

  50/1390 [>.............................] - ETA: 0s - loss: 5.6145e-04 - acc: 1.0000
1200/1390 [========================>.....] - ETA: 0s - loss: 3.2400e-04 - acc: 1.0000
1390/1390 [==============================] - 0s 46us/step - loss: 3.0784e-04 - acc: 1.0000 - val_loss: 0.1001 - val_acc: 0.9655
Epoch 17/30

  50/1390 [>.............................] - ETA: 0s - loss: 2.1937e-04 - acc: 1.0000
1200/1390 [========================>.....] - ETA: 0s - loss: 2.7852e-04 - acc: 1.0000
1390/1390 [==============================] - 0s 46us/step - loss: 2.7978e-04 - acc: 1.0000 - val_loss: 0.1000 - val_acc: 0.9655
acc: 96.98%
Train on 1391 samples, validate on 231 samples
Epoch 1/30

  50/1391 [>.............................] - ETA: 18s - loss: 0.7082 - acc: 0.4200
1200/1391 [========================>.....] - ETA: 0s - loss: 0.2627 - acc: 0.8883 
1391/1391 [==============================] - 1s 613us/step - loss: 0.2310 - acc: 0.9029 - val_loss: 0.0410 - val_acc: 0.9913
Epoch 2/30

  50/1391 [>.............................] - ETA: 0s - loss: 0.0128 - acc: 1.0000
1200/1391 [========================>.....] - ETA: 0s - loss: 0.0403 - acc: 0.9892
1391/1391 [==============================] - 0s 48us/step - loss: 0.0457 - acc: 0.9863 - val_loss: 0.0389 - val_acc: 0.9870
Epoch 3/30

  50/1391 [>.............................] - ETA: 0s - loss: 0.0113 - acc: 1.0000
1200/1391 [========================>.....] - ETA: 0s - loss: 0.0180 - acc: 0.9975
1391/1391 [==============================] - 0s 47us/step - loss: 0.0200 - acc: 0.9971 - val_loss: 0.0307 - val_acc: 0.9870
Epoch 4/30

  50/1391 [>.............................] - ETA: 0s - loss: 0.0046 - acc: 1.0000
1100/1391 [======================>.......] - ETA: 0s - loss: 0.0125 - acc: 0.9973
1391/1391 [==============================] - 0s 50us/step - loss: 0.0110 - acc: 0.9978 - val_loss: 0.0301 - val_acc: 0.9870
Epoch 5/30

  50/1391 [>.............................] - ETA: 0s - loss: 0.0016 - acc: 1.0000
1200/1391 [========================>.....] - ETA: 0s - loss: 0.0073 - acc: 0.9983
1391/1391 [==============================] - 0s 46us/step - loss: 0.0071 - acc: 0.9986 - val_loss: 0.0262 - val_acc: 0.9870
Epoch 6/30

  50/1391 [>.............................] - ETA: 0s - loss: 0.0016 - acc: 1.0000
1200/1391 [========================>.....] - ETA: 0s - loss: 0.0049 - acc: 0.9983
1391/1391 [==============================] - 0s 47us/step - loss: 0.0047 - acc: 0.9986 - val_loss: 0.0296 - val_acc: 0.9870
Epoch 7/30

  50/1391 [>.............................] - ETA: 0s - loss: 0.0015 - acc: 1.0000
1150/1391 [=======================>......] - ETA: 0s - loss: 0.0037 - acc: 1.0000
1391/1391 [==============================] - 0s 49us/step - loss: 0.0035 - acc: 1.0000 - val_loss: 0.0295 - val_acc: 0.9870
Epoch 8/30

  50/1391 [>.............................] - ETA: 0s - loss: 0.0025 - acc: 1.0000
1200/1391 [========================>.....] - ETA: 0s - loss: 0.0016 - acc: 1.0000
1391/1391 [==============================] - 0s 47us/step - loss: 0.0020 - acc: 0.9993 - val_loss: 0.0315 - val_acc: 0.9870
Epoch 9/30

  50/1391 [>.............................] - ETA: 0s - loss: 0.0011 - acc: 1.0000
1200/1391 [========================>.....] - ETA: 0s - loss: 0.0015 - acc: 1.0000
1391/1391 [==============================] - 0s 46us/step - loss: 0.0016 - acc: 1.0000 - val_loss: 0.0289 - val_acc: 0.9870
Epoch 10/30

  50/1391 [>.............................] - ETA: 0s - loss: 4.6827e-04 - acc: 1.0000
1250/1391 [=========================>....] - ETA: 0s - loss: 0.0010 - acc: 1.0000    
1391/1391 [==============================] - 0s 48us/step - loss: 9.8016e-04 - acc: 1.0000 - val_loss: 0.0297 - val_acc: 0.9870
Epoch 11/30

  50/1391 [>.............................] - ETA: 0s - loss: 9.1467e-04 - acc: 1.0000
1050/1391 [=====================>........] - ETA: 0s - loss: 7.7498e-04 - acc: 1.0000
1391/1391 [==============================] - 0s 53us/step - loss: 7.4635e-04 - acc: 1.0000 - val_loss: 0.0310 - val_acc: 0.9870
Epoch 12/30

  50/1391 [>.............................] - ETA: 0s - loss: 2.7280e-04 - acc: 1.0000
1100/1391 [======================>.......] - ETA: 0s - loss: 5.1910e-04 - acc: 1.0000
1391/1391 [==============================] - 0s 50us/step - loss: 6.0817e-04 - acc: 1.0000 - val_loss: 0.0308 - val_acc: 0.9870
Epoch 13/30

  50/1391 [>.............................] - ETA: 0s - loss: 3.5916e-04 - acc: 1.0000
1150/1391 [=======================>......] - ETA: 0s - loss: 4.8781e-04 - acc: 1.0000
1391/1391 [==============================] - 0s 49us/step - loss: 5.2886e-04 - acc: 1.0000 - val_loss: 0.0312 - val_acc: 0.9870
Epoch 14/30

  50/1391 [>.............................] - ETA: 0s - loss: 3.7999e-04 - acc: 1.0000
1150/1391 [=======================>......] - ETA: 0s - loss: 4.7674e-04 - acc: 1.0000
1391/1391 [==============================] - 0s 48us/step - loss: 4.4877e-04 - acc: 1.0000 - val_loss: 0.0313 - val_acc: 0.9870
Epoch 15/30

  50/1391 [>.............................] - ETA: 0s - loss: 1.7777e-04 - acc: 1.0000
1100/1391 [======================>.......] - ETA: 0s - loss: 3.8654e-04 - acc: 1.0000
1391/1391 [==============================] - 0s 50us/step - loss: 3.9110e-04 - acc: 1.0000 - val_loss: 0.0311 - val_acc: 0.9870
acc: 99.13%
Train on 1391 samples, validate on 231 samples
Epoch 1/30

  50/1391 [>.............................] - ETA: 22s - loss: 0.6913 - acc: 0.5400
1100/1391 [======================>.......] - ETA: 0s - loss: 0.2719 - acc: 0.8864 
1391/1391 [==============================] - 1s 720us/step - loss: 0.2336 - acc: 0.9015 - val_loss: 0.0939 - val_acc: 0.9610
Epoch 2/30

  50/1391 [>.............................] - ETA: 0s - loss: 0.0447 - acc: 0.9800
1100/1391 [======================>.......] - ETA: 0s - loss: 0.0446 - acc: 0.9855
1391/1391 [==============================] - 0s 54us/step - loss: 0.0414 - acc: 0.9871 - val_loss: 0.0901 - val_acc: 0.9740
Epoch 3/30

  50/1391 [>.............................] - ETA: 0s - loss: 0.0073 - acc: 1.0000
1150/1391 [=======================>......] - ETA: 0s - loss: 0.0169 - acc: 0.9974
1391/1391 [==============================] - 0s 52us/step - loss: 0.0157 - acc: 0.9978 - val_loss: 0.0791 - val_acc: 0.9784
Epoch 4/30

  50/1391 [>.............................] - ETA: 0s - loss: 0.0073 - acc: 1.0000
1100/1391 [======================>.......] - ETA: 0s - loss: 0.0078 - acc: 0.9982
1391/1391 [==============================] - 0s 55us/step - loss: 0.0069 - acc: 0.9986 - val_loss: 0.0821 - val_acc: 0.9784
Epoch 5/30

  50/1391 [>.............................] - ETA: 0s - loss: 0.0030 - acc: 1.0000
1050/1391 [=====================>........] - ETA: 0s - loss: 0.0043 - acc: 0.9990
1391/1391 [==============================] - 0s 53us/step - loss: 0.0037 - acc: 0.9993 - val_loss: 0.0856 - val_acc: 0.9784
Epoch 6/30

  50/1391 [>.............................] - ETA: 0s - loss: 0.0039 - acc: 1.0000
 950/1391 [===================>..........] - ETA: 0s - loss: 0.0025 - acc: 1.0000
1391/1391 [==============================] - 0s 57us/step - loss: 0.0022 - acc: 1.0000 - val_loss: 0.0937 - val_acc: 0.9784
Epoch 7/30

  50/1391 [>.............................] - ETA: 0s - loss: 0.0012 - acc: 1.0000
1150/1391 [=======================>......] - ETA: 0s - loss: 0.0013 - acc: 1.0000
1391/1391 [==============================] - 0s 49us/step - loss: 0.0014 - acc: 1.0000 - val_loss: 0.0971 - val_acc: 0.9784
Epoch 8/30

  50/1391 [>.............................] - ETA: 0s - loss: 3.8269e-04 - acc: 1.0000
1100/1391 [======================>.......] - ETA: 0s - loss: 0.0011 - acc: 1.0000    
1391/1391 [==============================] - 0s 52us/step - loss: 0.0011 - acc: 1.0000 - val_loss: 0.0985 - val_acc: 0.9784
Epoch 9/30

  50/1391 [>.............................] - ETA: 0s - loss: 6.3843e-04 - acc: 1.0000
1150/1391 [=======================>......] - ETA: 0s - loss: 8.7173e-04 - acc: 1.0000
1391/1391 [==============================] - 0s 51us/step - loss: 8.2826e-04 - acc: 1.0000 - val_loss: 0.1019 - val_acc: 0.9784
Epoch 10/30

  50/1391 [>.............................] - ETA: 0s - loss: 4.1277e-04 - acc: 1.0000
1050/1391 [=====================>........] - ETA: 0s - loss: 7.1933e-04 - acc: 1.0000
1391/1391 [==============================] - 0s 58us/step - loss: 6.6483e-04 - acc: 1.0000 - val_loss: 0.1037 - val_acc: 0.9784
Epoch 11/30

  50/1391 [>.............................] - ETA: 0s - loss: 7.0609e-04 - acc: 1.0000
 400/1391 [=======>......................] - ETA: 0s - loss: 4.7717e-04 - acc: 1.0000
1350/1391 [============================>.] - ETA: 0s - loss: 5.6290e-04 - acc: 1.0000
1391/1391 [==============================] - 0s 80us/step - loss: 5.6343e-04 - acc: 1.0000 - val_loss: 0.1051 - val_acc: 0.9784
Epoch 12/30

  50/1391 [>.............................] - ETA: 0s - loss: 2.9320e-04 - acc: 1.0000
1050/1391 [=====================>........] - ETA: 0s - loss: 5.0859e-04 - acc: 1.0000
1391/1391 [==============================] - 0s 53us/step - loss: 4.8187e-04 - acc: 1.0000 - val_loss: 0.1057 - val_acc: 0.9784
Epoch 13/30

  50/1391 [>.............................] - ETA: 0s - loss: 8.9536e-04 - acc: 1.0000
1200/1391 [========================>.....] - ETA: 0s - loss: 4.2505e-04 - acc: 1.0000
1391/1391 [==============================] - 0s 47us/step - loss: 4.2158e-04 - acc: 1.0000 - val_loss: 0.1078 - val_acc: 0.9784
Epoch 14/30

  50/1391 [>.............................] - ETA: 0s - loss: 4.3189e-04 - acc: 1.0000
1200/1391 [========================>.....] - ETA: 0s - loss: 3.4116e-04 - acc: 1.0000
1391/1391 [==============================] - 0s 47us/step - loss: 3.7317e-04 - acc: 1.0000 - val_loss: 0.1076 - val_acc: 0.9784
Epoch 15/30

  50/1391 [>.............................] - ETA: 0s - loss: 2.2570e-04 - acc: 1.0000
1250/1391 [=========================>....] - ETA: 0s - loss: 3.0746e-04 - acc: 1.0000
1391/1391 [==============================] - 0s 46us/step - loss: 3.3047e-04 - acc: 1.0000 - val_loss: 0.1092 - val_acc: 0.9784
Epoch 16/30

  50/1391 [>.............................] - ETA: 0s - loss: 1.7591e-04 - acc: 1.0000
1200/1391 [========================>.....] - ETA: 0s - loss: 2.9845e-04 - acc: 1.0000
1391/1391 [==============================] - 0s 47us/step - loss: 2.9609e-04 - acc: 1.0000 - val_loss: 0.1094 - val_acc: 0.9784
Epoch 17/30

  50/1391 [>.............................] - ETA: 0s - loss: 2.1518e-04 - acc: 1.0000
1200/1391 [========================>.....] - ETA: 0s - loss: 2.6638e-04 - acc: 1.0000
1391/1391 [==============================] - 0s 47us/step - loss: 2.6907e-04 - acc: 1.0000 - val_loss: 0.1103 - val_acc: 0.9784
acc: 97.84%
Train on 1391 samples, validate on 231 samples
Epoch 1/30

  50/1391 [>.............................] - ETA: 24s - loss: 0.7005 - acc: 0.5000
1100/1391 [======================>.......] - ETA: 0s - loss: 0.3002 - acc: 0.8645 
1391/1391 [==============================] - 1s 789us/step - loss: 0.2527 - acc: 0.8879 - val_loss: 0.0910 - val_acc: 0.9654
Epoch 2/30

  50/1391 [>.............................] - ETA: 0s - loss: 0.0762 - acc: 0.9800
1150/1391 [=======================>......] - ETA: 0s - loss: 0.0393 - acc: 0.9904
1391/1391 [==============================] - 0s 49us/step - loss: 0.0444 - acc: 0.9878 - val_loss: 0.0783 - val_acc: 0.9827
Epoch 3/30

  50/1391 [>.............................] - ETA: 0s - loss: 0.0110 - acc: 1.0000
1050/1391 [=====================>........] - ETA: 0s - loss: 0.0234 - acc: 0.9962
1391/1391 [==============================] - 0s 56us/step - loss: 0.0198 - acc: 0.9971 - val_loss: 0.0650 - val_acc: 0.9827
Epoch 4/30

  50/1391 [>.............................] - ETA: 0s - loss: 0.0210 - acc: 1.0000
1150/1391 [=======================>......] - ETA: 0s - loss: 0.0134 - acc: 0.9974
1391/1391 [==============================] - 0s 49us/step - loss: 0.0119 - acc: 0.9978 - val_loss: 0.0587 - val_acc: 0.9913
Epoch 5/30

  50/1391 [>.............................] - ETA: 0s - loss: 0.0041 - acc: 1.0000
1200/1391 [========================>.....] - ETA: 0s - loss: 0.0080 - acc: 0.9975
1391/1391 [==============================] - 0s 47us/step - loss: 0.0077 - acc: 0.9978 - val_loss: 0.0634 - val_acc: 0.9827
Epoch 6/30

  50/1391 [>.............................] - ETA: 0s - loss: 0.0026 - acc: 1.0000
1200/1391 [========================>.....] - ETA: 0s - loss: 0.0039 - acc: 0.9992
1391/1391 [==============================] - 0s 46us/step - loss: 0.0037 - acc: 0.9993 - val_loss: 0.0624 - val_acc: 0.9913
Epoch 7/30

  50/1391 [>.............................] - ETA: 0s - loss: 0.0017 - acc: 1.0000
1150/1391 [=======================>......] - ETA: 0s - loss: 0.0028 - acc: 0.9991
1391/1391 [==============================] - 0s 48us/step - loss: 0.0031 - acc: 0.9993 - val_loss: 0.0663 - val_acc: 0.9870
Epoch 8/30

  50/1391 [>.............................] - ETA: 0s - loss: 8.2063e-04 - acc: 1.0000
1200/1391 [========================>.....] - ETA: 0s - loss: 0.0022 - acc: 1.0000    
1391/1391 [==============================] - 0s 47us/step - loss: 0.0020 - acc: 1.0000 - val_loss: 0.0638 - val_acc: 0.9827
Epoch 9/30

  50/1391 [>.............................] - ETA: 0s - loss: 8.4945e-04 - acc: 1.0000
1150/1391 [=======================>......] - ETA: 0s - loss: 0.0021 - acc: 0.9991    
1391/1391 [==============================] - 0s 48us/step - loss: 0.0020 - acc: 0.9993 - val_loss: 0.0782 - val_acc: 0.9827
Epoch 10/30

  50/1391 [>.............................] - ETA: 0s - loss: 5.5663e-04 - acc: 1.0000
1150/1391 [=======================>......] - ETA: 0s - loss: 0.0034 - acc: 0.9991    
1391/1391 [==============================] - 0s 49us/step - loss: 0.0030 - acc: 0.9993 - val_loss: 0.0738 - val_acc: 0.9827
Epoch 11/30

  50/1391 [>.............................] - ETA: 0s - loss: 7.0968e-04 - acc: 1.0000
1050/1391 [=====================>........] - ETA: 0s - loss: 0.0014 - acc: 1.0000    
1391/1391 [==============================] - 0s 54us/step - loss: 0.0014 - acc: 1.0000 - val_loss: 0.0686 - val_acc: 0.9827
Epoch 12/30

  50/1391 [>.............................] - ETA: 0s - loss: 8.3369e-04 - acc: 1.0000
1150/1391 [=======================>......] - ETA: 0s - loss: 0.0025 - acc: 0.9991    
1391/1391 [==============================] - 0s 49us/step - loss: 0.0022 - acc: 0.9993 - val_loss: 0.0714 - val_acc: 0.9827
Epoch 13/30

  50/1391 [>.............................] - ETA: 0s - loss: 4.5539e-04 - acc: 1.0000
1150/1391 [=======================>......] - ETA: 0s - loss: 0.0019 - acc: 0.9991    
1391/1391 [==============================] - 0s 49us/step - loss: 0.0016 - acc: 0.9993 - val_loss: 0.0757 - val_acc: 0.9827
Epoch 14/30

  50/1391 [>.............................] - ETA: 0s - loss: 8.3538e-04 - acc: 1.0000
1050/1391 [=====================>........] - ETA: 0s - loss: 7.5718e-04 - acc: 1.0000
1391/1391 [==============================] - 0s 54us/step - loss: 6.6320e-04 - acc: 1.0000 - val_loss: 0.0735 - val_acc: 0.9827
Epoch 15/30

  50/1391 [>.............................] - ETA: 0s - loss: 2.9211e-04 - acc: 1.0000
1200/1391 [========================>.....] - ETA: 0s - loss: 5.2821e-04 - acc: 1.0000
1391/1391 [==============================] - 0s 47us/step - loss: 5.0378e-04 - acc: 1.0000 - val_loss: 0.0739 - val_acc: 0.9827
Epoch 16/30

  50/1391 [>.............................] - ETA: 0s - loss: 2.9116e-04 - acc: 1.0000
1200/1391 [========================>.....] - ETA: 0s - loss: 4.2040e-04 - acc: 1.0000
1391/1391 [==============================] - 0s 46us/step - loss: 4.0468e-04 - acc: 1.0000 - val_loss: 0.0743 - val_acc: 0.9827
Epoch 17/30

  50/1391 [>.............................] - ETA: 0s - loss: 2.8195e-04 - acc: 1.0000
1200/1391 [========================>.....] - ETA: 0s - loss: 3.7813e-04 - acc: 1.0000
1391/1391 [==============================] - 0s 46us/step - loss: 3.5286e-04 - acc: 1.0000 - val_loss: 0.0747 - val_acc: 0.9827
Epoch 18/30

  50/1391 [>.............................] - ETA: 0s - loss: 2.5978e-04 - acc: 1.0000
1150/1391 [=======================>......] - ETA: 0s - loss: 3.3993e-04 - acc: 1.0000
1391/1391 [==============================] - 0s 49us/step - loss: 3.1803e-04 - acc: 1.0000 - val_loss: 0.0748 - val_acc: 0.9827
acc: 99.13%
Train on 1391 samples, validate on 231 samples
Epoch 1/30

  50/1391 [>.............................] - ETA: 26s - loss: 0.7409 - acc: 0.3000
1150/1391 [=======================>......] - ETA: 0s - loss: 0.2878 - acc: 0.8687 
1391/1391 [==============================] - 1s 850us/step - loss: 0.2514 - acc: 0.8857 - val_loss: 0.0615 - val_acc: 0.9697
Epoch 2/30

  50/1391 [>.............................] - ETA: 0s - loss: 0.0441 - acc: 0.9800
1150/1391 [=======================>......] - ETA: 0s - loss: 0.0474 - acc: 0.9835
1391/1391 [==============================] - 0s 50us/step - loss: 0.0428 - acc: 0.9863 - val_loss: 0.0441 - val_acc: 0.9827
Epoch 3/30

  50/1391 [>.............................] - ETA: 0s - loss: 0.0084 - acc: 1.0000
1150/1391 [=======================>......] - ETA: 0s - loss: 0.0143 - acc: 0.9983
1391/1391 [==============================] - 0s 49us/step - loss: 0.0161 - acc: 0.9971 - val_loss: 0.0328 - val_acc: 0.9913
Epoch 4/30

  50/1391 [>.............................] - ETA: 0s - loss: 0.0252 - acc: 0.9800
1100/1391 [======================>.......] - ETA: 0s - loss: 0.0075 - acc: 0.9991
1391/1391 [==============================] - 0s 51us/step - loss: 0.0070 - acc: 0.9993 - val_loss: 0.0276 - val_acc: 0.9870
Epoch 5/30

  50/1391 [>.............................] - ETA: 0s - loss: 0.0030 - acc: 1.0000
1150/1391 [=======================>......] - ETA: 0s - loss: 0.0059 - acc: 0.9983
1391/1391 [==============================] - 0s 49us/step - loss: 0.0057 - acc: 0.9986 - val_loss: 0.0345 - val_acc: 0.9913
Epoch 6/30

  50/1391 [>.............................] - ETA: 0s - loss: 0.0042 - acc: 1.0000
1000/1391 [====================>.........] - ETA: 0s - loss: 0.0034 - acc: 1.0000
1391/1391 [==============================] - 0s 55us/step - loss: 0.0031 - acc: 1.0000 - val_loss: 0.0290 - val_acc: 0.9913
Epoch 7/30

  50/1391 [>.............................] - ETA: 0s - loss: 8.3243e-04 - acc: 1.0000
1100/1391 [======================>.......] - ETA: 0s - loss: 0.0016 - acc: 1.0000    
1391/1391 [==============================] - 0s 52us/step - loss: 0.0020 - acc: 1.0000 - val_loss: 0.0302 - val_acc: 0.9913
Epoch 8/30

  50/1391 [>.............................] - ETA: 0s - loss: 9.2492e-04 - acc: 1.0000
1150/1391 [=======================>......] - ETA: 0s - loss: 0.0016 - acc: 1.0000    
1391/1391 [==============================] - 0s 51us/step - loss: 0.0016 - acc: 1.0000 - val_loss: 0.0297 - val_acc: 0.9913
Epoch 9/30

  50/1391 [>.............................] - ETA: 0s - loss: 0.0040 - acc: 1.0000
1100/1391 [======================>.......] - ETA: 0s - loss: 9.7575e-04 - acc: 1.0000
1391/1391 [==============================] - 0s 53us/step - loss: 0.0017 - acc: 0.9993 - val_loss: 0.0351 - val_acc: 0.9870
Epoch 10/30

  50/1391 [>.............................] - ETA: 0s - loss: 4.4507e-04 - acc: 1.0000
1050/1391 [=====================>........] - ETA: 0s - loss: 0.0014 - acc: 1.0000    
1391/1391 [==============================] - 0s 54us/step - loss: 0.0013 - acc: 1.0000 - val_loss: 0.0292 - val_acc: 0.9913
Epoch 11/30

  50/1391 [>.............................] - ETA: 0s - loss: 4.9546e-04 - acc: 1.0000
1050/1391 [=====================>........] - ETA: 0s - loss: 0.0011 - acc: 1.0000    
1391/1391 [==============================] - 0s 53us/step - loss: 0.0011 - acc: 1.0000 - val_loss: 0.0330 - val_acc: 0.9913
Epoch 12/30

  50/1391 [>.............................] - ETA: 0s - loss: 0.0012 - acc: 1.0000
1100/1391 [======================>.......] - ETA: 0s - loss: 8.3051e-04 - acc: 1.0000
1391/1391 [==============================] - 0s 50us/step - loss: 7.6716e-04 - acc: 1.0000 - val_loss: 0.0303 - val_acc: 0.9913
Epoch 13/30

  50/1391 [>.............................] - ETA: 0s - loss: 0.0031 - acc: 1.0000
1100/1391 [======================>.......] - ETA: 0s - loss: 5.3893e-04 - acc: 1.0000
1391/1391 [==============================] - 0s 50us/step - loss: 5.7683e-04 - acc: 1.0000 - val_loss: 0.0311 - val_acc: 0.9913
Epoch 14/30

  50/1391 [>.............................] - ETA: 0s - loss: 5.7538e-04 - acc: 1.0000
1050/1391 [=====================>........] - ETA: 0s - loss: 4.4588e-04 - acc: 1.0000
1391/1391 [==============================] - 0s 59us/step - loss: 4.3548e-04 - acc: 1.0000 - val_loss: 0.0317 - val_acc: 0.9913
Epoch 15/30

  50/1391 [>.............................] - ETA: 0s - loss: 5.0279e-04 - acc: 1.0000
1000/1391 [====================>.........] - ETA: 0s - loss: 3.7560e-04 - acc: 1.0000
1391/1391 [==============================] - 0s 58us/step - loss: 3.6788e-04 - acc: 1.0000 - val_loss: 0.0319 - val_acc: 0.9913
Epoch 16/30

  50/1391 [>.............................] - ETA: 0s - loss: 2.9439e-04 - acc: 1.0000
1100/1391 [======================>.......] - ETA: 0s - loss: 3.0395e-04 - acc: 1.0000
1391/1391 [==============================] - 0s 52us/step - loss: 3.2671e-04 - acc: 1.0000 - val_loss: 0.0327 - val_acc: 0.9913
Epoch 17/30

  50/1391 [>.............................] - ETA: 0s - loss: 1.9763e-04 - acc: 1.0000
1000/1391 [====================>.........] - ETA: 0s - loss: 2.8634e-04 - acc: 1.0000
1391/1391 [==============================] - 0s 59us/step - loss: 2.9215e-04 - acc: 1.0000 - val_loss: 0.0327 - val_acc: 0.9913
acc: 99.13%
Accuracy: 98.15% (+/- 0.91%)
