Train on 1297 samples, validate on 325 samples
Epoch 1/30

  10/1297 [..............................] - ETA: 1:01 - loss: 0.7002 - acc: 0.5000
 270/1297 [=====>........................] - ETA: 2s - loss: 0.4391 - acc: 0.7963  
 530/1297 [===========>..................] - ETA: 0s - loss: 0.3060 - acc: 0.8660
 790/1297 [=================>............] - ETA: 0s - loss: 0.2510 - acc: 0.8949
1060/1297 [=======================>......] - ETA: 0s - loss: 0.2332 - acc: 0.9047
1297/1297 [==============================] - 1s 611us/step - loss: 0.2078 - acc: 0.9167 - val_loss: 0.1267 - val_acc: 0.9600
Epoch 2/30

  10/1297 [..............................] - ETA: 0s - loss: 0.0077 - acc: 1.0000
 250/1297 [====>.........................] - ETA: 0s - loss: 0.0756 - acc: 0.9760
 490/1297 [==========>...................] - ETA: 0s - loss: 0.0669 - acc: 0.9837
 730/1297 [===============>..............] - ETA: 0s - loss: 0.0689 - acc: 0.9795
 970/1297 [=====================>........] - ETA: 0s - loss: 0.0804 - acc: 0.9722
1210/1297 [==========================>...] - ETA: 0s - loss: 0.0895 - acc: 0.9678
1297/1297 [==============================] - 0s 227us/step - loss: 0.0899 - acc: 0.9668 - val_loss: 0.1355 - val_acc: 0.9508
Epoch 3/30

  10/1297 [..............................] - ETA: 0s - loss: 0.0144 - acc: 1.0000
 250/1297 [====>.........................] - ETA: 0s - loss: 0.0897 - acc: 0.9760
 500/1297 [==========>...................] - ETA: 0s - loss: 0.0646 - acc: 0.9820
 750/1297 [================>.............] - ETA: 0s - loss: 0.0568 - acc: 0.9827
1010/1297 [======================>.......] - ETA: 0s - loss: 0.0562 - acc: 0.9832
1260/1297 [============================>.] - ETA: 0s - loss: 0.0672 - acc: 0.9794
1297/1297 [==============================] - 0s 214us/step - loss: 0.0668 - acc: 0.9792 - val_loss: 0.1742 - val_acc: 0.9446
acc: 96.00%
Train on 1297 samples, validate on 325 samples
Epoch 1/30

  10/1297 [..............................] - ETA: 1:05 - loss: 0.7604 - acc: 0.3000
 270/1297 [=====>........................] - ETA: 2s - loss: 0.4551 - acc: 0.7667  
 530/1297 [===========>..................] - ETA: 0s - loss: 0.3358 - acc: 0.8340
 800/1297 [=================>............] - ETA: 0s - loss: 0.2646 - acc: 0.8775
1060/1297 [=======================>......] - ETA: 0s - loss: 0.2272 - acc: 0.8991
1297/1297 [==============================] - 1s 646us/step - loss: 0.2016 - acc: 0.9113 - val_loss: 0.1451 - val_acc: 0.9477
Epoch 2/30

  10/1297 [..............................] - ETA: 0s - loss: 0.0318 - acc: 1.0000
 260/1297 [=====>........................] - ETA: 0s - loss: 0.0733 - acc: 0.9769
 500/1297 [==========>...................] - ETA: 0s - loss: 0.0959 - acc: 0.9700
 740/1297 [================>.............] - ETA: 0s - loss: 0.0877 - acc: 0.9730
 990/1297 [=====================>........] - ETA: 0s - loss: 0.0917 - acc: 0.9707
1230/1297 [===========================>..] - ETA: 0s - loss: 0.0905 - acc: 0.9707
1297/1297 [==============================] - 0s 217us/step - loss: 0.0933 - acc: 0.9699 - val_loss: 0.1218 - val_acc: 0.9569
Epoch 3/30

  10/1297 [..............................] - ETA: 0s - loss: 0.0109 - acc: 1.0000
 270/1297 [=====>........................] - ETA: 0s - loss: 0.0524 - acc: 0.9815
 530/1297 [===========>..................] - ETA: 0s - loss: 0.0722 - acc: 0.9717
 790/1297 [=================>............] - ETA: 0s - loss: 0.0823 - acc: 0.9696
1050/1297 [=======================>......] - ETA: 0s - loss: 0.0912 - acc: 0.9667
1290/1297 [============================>.] - ETA: 0s - loss: 0.1018 - acc: 0.9612
1297/1297 [==============================] - 0s 209us/step - loss: 0.1023 - acc: 0.9607 - val_loss: 0.1598 - val_acc: 0.9415
Epoch 4/30

  10/1297 [..............................] - ETA: 0s - loss: 0.0430 - acc: 1.0000
 250/1297 [====>.........................] - ETA: 0s - loss: 0.0938 - acc: 0.9720
 500/1297 [==========>...................] - ETA: 0s - loss: 0.0855 - acc: 0.9760
 730/1297 [===============>..............] - ETA: 0s - loss: 0.0741 - acc: 0.9767
 980/1297 [=====================>........] - ETA: 0s - loss: 0.0783 - acc: 0.9724
1230/1297 [===========================>..] - ETA: 0s - loss: 0.0807 - acc: 0.9707
1297/1297 [==============================] - 0s 220us/step - loss: 0.0867 - acc: 0.9699 - val_loss: 0.1199 - val_acc: 0.9569
acc: 95.69%
Train on 1297 samples, validate on 325 samples
Epoch 1/30

  10/1297 [..............................] - ETA: 1:18 - loss: 0.7305 - acc: 0.3000
 250/1297 [====>.........................] - ETA: 2s - loss: 0.4665 - acc: 0.7640  
 490/1297 [==========>...................] - ETA: 1s - loss: 0.3054 - acc: 0.8571
 750/1297 [================>.............] - ETA: 0s - loss: 0.2420 - acc: 0.8920
 990/1297 [=====================>........] - ETA: 0s - loss: 0.2167 - acc: 0.9040
1230/1297 [===========================>..] - ETA: 0s - loss: 0.2026 - acc: 0.9114
1297/1297 [==============================] - 1s 744us/step - loss: 0.2004 - acc: 0.9121 - val_loss: 0.1350 - val_acc: 0.9508
Epoch 2/30

  10/1297 [..............................] - ETA: 0s - loss: 0.0579 - acc: 1.0000
 260/1297 [=====>........................] - ETA: 0s - loss: 0.0922 - acc: 0.9731
 500/1297 [==========>...................] - ETA: 0s - loss: 0.1002 - acc: 0.9660
 750/1297 [================>.............] - ETA: 0s - loss: 0.0855 - acc: 0.9707
1000/1297 [======================>.......] - ETA: 0s - loss: 0.0971 - acc: 0.9660
1240/1297 [===========================>..] - ETA: 0s - loss: 0.1016 - acc: 0.9661
1297/1297 [==============================] - 0s 219us/step - loss: 0.1028 - acc: 0.9661 - val_loss: 0.1356 - val_acc: 0.9538
Epoch 3/30

  10/1297 [..............................] - ETA: 0s - loss: 0.0199 - acc: 1.0000
 260/1297 [=====>........................] - ETA: 0s - loss: 0.0656 - acc: 0.9654
 510/1297 [==========>...................] - ETA: 0s - loss: 0.0592 - acc: 0.9725
 760/1297 [================>.............] - ETA: 0s - loss: 0.0673 - acc: 0.9724
1010/1297 [======================>.......] - ETA: 0s - loss: 0.0771 - acc: 0.9713
1260/1297 [============================>.] - ETA: 0s - loss: 0.0839 - acc: 0.9698
1297/1297 [==============================] - 0s 216us/step - loss: 0.0820 - acc: 0.9707 - val_loss: 0.1066 - val_acc: 0.9538
Epoch 4/30

  10/1297 [..............................] - ETA: 0s - loss: 0.0369 - acc: 1.0000
 270/1297 [=====>........................] - ETA: 0s - loss: 0.0753 - acc: 0.9815
 520/1297 [===========>..................] - ETA: 0s - loss: 0.0650 - acc: 0.9808
 750/1297 [================>.............] - ETA: 0s - loss: 0.0699 - acc: 0.9813
 980/1297 [=====================>........] - ETA: 0s - loss: 0.0673 - acc: 0.9806
1220/1297 [===========================>..] - ETA: 0s - loss: 0.0684 - acc: 0.9803
1297/1297 [==============================] - 0s 222us/step - loss: 0.0723 - acc: 0.9792 - val_loss: 0.0894 - val_acc: 0.9569
Epoch 5/30

  10/1297 [..............................] - ETA: 0s - loss: 0.0097 - acc: 1.0000
 250/1297 [====>.........................] - ETA: 0s - loss: 0.0324 - acc: 0.9880
 500/1297 [==========>...................] - ETA: 0s - loss: 0.0593 - acc: 0.9840
 750/1297 [================>.............] - ETA: 0s - loss: 0.0597 - acc: 0.9840
 990/1297 [=====================>........] - ETA: 0s - loss: 0.0554 - acc: 0.9859
1250/1297 [===========================>..] - ETA: 0s - loss: 0.0518 - acc: 0.9872
1297/1297 [==============================] - 0s 216us/step - loss: 0.0526 - acc: 0.9869 - val_loss: 0.0841 - val_acc: 0.9631
Epoch 6/30

  10/1297 [..............................] - ETA: 0s - loss: 0.0098 - acc: 1.0000
 260/1297 [=====>........................] - ETA: 0s - loss: 0.0251 - acc: 0.9962
 510/1297 [==========>...................] - ETA: 0s - loss: 0.0448 - acc: 0.9902
 770/1297 [================>.............] - ETA: 0s - loss: 0.0634 - acc: 0.9844
1030/1297 [======================>.......] - ETA: 0s - loss: 0.0706 - acc: 0.9816
1270/1297 [============================>.] - ETA: 0s - loss: 0.0662 - acc: 0.9811
1297/1297 [==============================] - 0s 215us/step - loss: 0.0656 - acc: 0.9815 - val_loss: 0.1081 - val_acc: 0.9631
Epoch 7/30

  10/1297 [..............................] - ETA: 0s - loss: 0.0108 - acc: 1.0000
 260/1297 [=====>........................] - ETA: 0s - loss: 0.0207 - acc: 0.9923
 510/1297 [==========>...................] - ETA: 0s - loss: 0.0515 - acc: 0.9804
 760/1297 [================>.............] - ETA: 0s - loss: 0.0407 - acc: 0.9855
1000/1297 [======================>.......] - ETA: 0s - loss: 0.0497 - acc: 0.9830
1250/1297 [===========================>..] - ETA: 0s - loss: 0.0537 - acc: 0.9816
1297/1297 [==============================] - 0s 219us/step - loss: 0.0539 - acc: 0.9807 - val_loss: 0.1239 - val_acc: 0.9631
acc: 96.31%
Train on 1298 samples, validate on 324 samples
Epoch 1/30

  10/1298 [..............................] - ETA: 1:31 - loss: 0.7400 - acc: 0.2000
 260/1298 [=====>........................] - ETA: 3s - loss: 0.4777 - acc: 0.7538  
 500/1298 [==========>...................] - ETA: 1s - loss: 0.3485 - acc: 0.8380
 740/1298 [================>.............] - ETA: 0s - loss: 0.2688 - acc: 0.8784
 980/1298 [=====================>........] - ETA: 0s - loss: 0.2466 - acc: 0.8939
1230/1298 [===========================>..] - ETA: 0s - loss: 0.2187 - acc: 0.9057
1298/1298 [==============================] - 1s 833us/step - loss: 0.2185 - acc: 0.9076 - val_loss: 0.1114 - val_acc: 0.9568
Epoch 2/30

  10/1298 [..............................] - ETA: 0s - loss: 0.0886 - acc: 0.9000
 260/1298 [=====>........................] - ETA: 0s - loss: 0.0849 - acc: 0.9769
 510/1298 [==========>...................] - ETA: 0s - loss: 0.0756 - acc: 0.9745
 750/1298 [================>.............] - ETA: 0s - loss: 0.0878 - acc: 0.9707
1000/1298 [======================>.......] - ETA: 0s - loss: 0.0828 - acc: 0.9730
1250/1298 [===========================>..] - ETA: 0s - loss: 0.0766 - acc: 0.9768
1298/1298 [==============================] - 0s 219us/step - loss: 0.0754 - acc: 0.9777 - val_loss: 0.1070 - val_acc: 0.9691
Epoch 3/30

  10/1298 [..............................] - ETA: 0s - loss: 0.0047 - acc: 1.0000
 260/1298 [=====>........................] - ETA: 0s - loss: 0.0790 - acc: 0.9731
 510/1298 [==========>...................] - ETA: 0s - loss: 0.0621 - acc: 0.9784
 750/1298 [================>.............] - ETA: 0s - loss: 0.0594 - acc: 0.9787
 980/1298 [=====================>........] - ETA: 0s - loss: 0.0703 - acc: 0.9776
1210/1298 [==========================>...] - ETA: 0s - loss: 0.0666 - acc: 0.9785
1298/1298 [==============================] - 0s 225us/step - loss: 0.0640 - acc: 0.9792 - val_loss: 0.0887 - val_acc: 0.9691
Epoch 4/30

  10/1298 [..............................] - ETA: 0s - loss: 0.0204 - acc: 1.0000
 260/1298 [=====>........................] - ETA: 0s - loss: 0.0537 - acc: 0.9846
 500/1298 [==========>...................] - ETA: 0s - loss: 0.0810 - acc: 0.9780
 740/1298 [================>.............] - ETA: 0s - loss: 0.0744 - acc: 0.9770
 990/1298 [=====================>........] - ETA: 0s - loss: 0.0696 - acc: 0.9778
1250/1298 [===========================>..] - ETA: 0s - loss: 0.0682 - acc: 0.9760
1298/1298 [==============================] - 0s 217us/step - loss: 0.0659 - acc: 0.9769 - val_loss: 0.1368 - val_acc: 0.9630
Epoch 5/30

  10/1298 [..............................] - ETA: 0s - loss: 0.0971 - acc: 1.0000
 260/1298 [=====>........................] - ETA: 0s - loss: 0.0722 - acc: 0.9885
 510/1298 [==========>...................] - ETA: 0s - loss: 0.0928 - acc: 0.9725
 740/1298 [================>.............] - ETA: 0s - loss: 0.0860 - acc: 0.9757
 980/1298 [=====================>........] - ETA: 0s - loss: 0.0755 - acc: 0.9786
1220/1298 [===========================>..] - ETA: 0s - loss: 0.0829 - acc: 0.9754
1298/1298 [==============================] - 0s 224us/step - loss: 0.0816 - acc: 0.9753 - val_loss: 0.1341 - val_acc: 0.9630
acc: 96.91%
Train on 1299 samples, validate on 323 samples
Epoch 1/30

  10/1299 [..............................] - ETA: 1:41 - loss: 0.7118 - acc: 0.4000
 260/1299 [=====>........................] - ETA: 3s - loss: 0.4927 - acc: 0.8000  
 520/1299 [===========>..................] - ETA: 1s - loss: 0.3645 - acc: 0.8596
 770/1299 [================>.............] - ETA: 0s - loss: 0.3009 - acc: 0.8857
1010/1299 [======================>.......] - ETA: 0s - loss: 0.2547 - acc: 0.9050
1260/1299 [============================>.] - ETA: 0s - loss: 0.2391 - acc: 0.9127
1299/1299 [==============================] - 1s 887us/step - loss: 0.2353 - acc: 0.9138 - val_loss: 0.1049 - val_acc: 0.9690
Epoch 2/30

  10/1299 [..............................] - ETA: 0s - loss: 0.1522 - acc: 0.9000
 240/1299 [====>.........................] - ETA: 0s - loss: 0.0809 - acc: 0.9750
 490/1299 [==========>...................] - ETA: 0s - loss: 0.0775 - acc: 0.9796
 730/1299 [===============>..............] - ETA: 0s - loss: 0.0976 - acc: 0.9726
 970/1299 [=====================>........] - ETA: 0s - loss: 0.0913 - acc: 0.9742
1210/1299 [==========================>...] - ETA: 0s - loss: 0.0942 - acc: 0.9702
1299/1299 [==============================] - 0s 226us/step - loss: 0.0958 - acc: 0.9700 - val_loss: 0.1215 - val_acc: 0.9598
Epoch 3/30

  10/1299 [..............................] - ETA: 0s - loss: 0.0158 - acc: 1.0000
 260/1299 [=====>........................] - ETA: 0s - loss: 0.0751 - acc: 0.9769
 520/1299 [===========>..................] - ETA: 0s - loss: 0.0603 - acc: 0.9788
 770/1299 [================>.............] - ETA: 0s - loss: 0.0601 - acc: 0.9792
1020/1299 [======================>.......] - ETA: 0s - loss: 0.0701 - acc: 0.9735
1260/1299 [============================>.] - ETA: 0s - loss: 0.0873 - acc: 0.9690
1299/1299 [==============================] - 0s 217us/step - loss: 0.0877 - acc: 0.9677 - val_loss: 0.1179 - val_acc: 0.9598
acc: 96.90%
Accuracy: 96.36% (+/- 0.49%)
