Train on 810 samples, validate on 812 samples
Epoch 1/30

 50/810 [>.............................] - ETA: 11s - loss: 0.7032 - acc: 0.5000
750/810 [==========================>...] - ETA: 0s - loss: 0.4698 - acc: 0.8013 
810/810 [==============================] - 1s 1ms/step - loss: 0.4478 - acc: 0.8160 - val_loss: 0.1962 - val_acc: 0.9544
Epoch 2/30

 50/810 [>.............................] - ETA: 0s - loss: 0.1498 - acc: 0.9800
800/810 [============================>.] - ETA: 0s - loss: 0.0891 - acc: 0.9788
810/810 [==============================] - 0s 94us/step - loss: 0.0883 - acc: 0.9790 - val_loss: 0.1148 - val_acc: 0.9557
Epoch 3/30

 50/810 [>.............................] - ETA: 0s - loss: 0.0373 - acc: 1.0000
750/810 [==========================>...] - ETA: 0s - loss: 0.0381 - acc: 0.9933
810/810 [==============================] - 0s 95us/step - loss: 0.0372 - acc: 0.9938 - val_loss: 0.1090 - val_acc: 0.9606
Epoch 4/30

 50/810 [>.............................] - ETA: 0s - loss: 0.0219 - acc: 1.0000
700/810 [========================>.....] - ETA: 0s - loss: 0.0181 - acc: 0.9986
810/810 [==============================] - 0s 99us/step - loss: 0.0183 - acc: 0.9975 - val_loss: 0.1036 - val_acc: 0.9618
Epoch 5/30

 50/810 [>.............................] - ETA: 0s - loss: 0.0145 - acc: 1.0000
800/810 [============================>.] - ETA: 0s - loss: 0.0132 - acc: 0.9988
810/810 [==============================] - 0s 92us/step - loss: 0.0131 - acc: 0.9988 - val_loss: 0.1028 - val_acc: 0.9594
Epoch 6/30

 50/810 [>.............................] - ETA: 0s - loss: 0.0048 - acc: 1.0000
800/810 [============================>.] - ETA: 0s - loss: 0.0096 - acc: 0.9988
810/810 [==============================] - 0s 91us/step - loss: 0.0095 - acc: 0.9988 - val_loss: 0.1035 - val_acc: 0.9618
Epoch 7/30

 50/810 [>.............................] - ETA: 0s - loss: 0.0054 - acc: 1.0000
700/810 [========================>.....] - ETA: 0s - loss: 0.0066 - acc: 1.0000
810/810 [==============================] - 0s 104us/step - loss: 0.0064 - acc: 1.0000 - val_loss: 0.1058 - val_acc: 0.9606
Epoch 8/30

 50/810 [>.............................] - ETA: 0s - loss: 0.0040 - acc: 1.0000
800/810 [============================>.] - ETA: 0s - loss: 0.0043 - acc: 1.0000
810/810 [==============================] - 0s 98us/step - loss: 0.0042 - acc: 1.0000 - val_loss: 0.1051 - val_acc: 0.9618
Epoch 9/30

 50/810 [>.............................] - ETA: 0s - loss: 0.0025 - acc: 1.0000
700/810 [========================>.....] - ETA: 0s - loss: 0.0032 - acc: 1.0000
810/810 [==============================] - 0s 98us/step - loss: 0.0033 - acc: 1.0000 - val_loss: 0.1056 - val_acc: 0.9643
Epoch 10/30

 50/810 [>.............................] - ETA: 0s - loss: 0.0038 - acc: 1.0000
700/810 [========================>.....] - ETA: 0s - loss: 0.0028 - acc: 1.0000
810/810 [==============================] - 0s 99us/step - loss: 0.0026 - acc: 1.0000 - val_loss: 0.1077 - val_acc: 0.9618
Epoch 11/30

 50/810 [>.............................] - ETA: 0s - loss: 0.0024 - acc: 1.0000
750/810 [==========================>...] - ETA: 0s - loss: 0.0023 - acc: 1.0000
810/810 [==============================] - 0s 92us/step - loss: 0.0022 - acc: 1.0000 - val_loss: 0.1067 - val_acc: 0.9631
Epoch 12/30

 50/810 [>.............................] - ETA: 0s - loss: 0.0010 - acc: 1.0000
700/810 [========================>.....] - ETA: 0s - loss: 0.0017 - acc: 1.0000
810/810 [==============================] - 0s 108us/step - loss: 0.0018 - acc: 1.0000 - val_loss: 0.1072 - val_acc: 0.9655
Epoch 13/30

 50/810 [>.............................] - ETA: 0s - loss: 0.0012 - acc: 1.0000
800/810 [============================>.] - ETA: 0s - loss: 0.0016 - acc: 1.0000
810/810 [==============================] - 0s 93us/step - loss: 0.0016 - acc: 1.0000 - val_loss: 0.1081 - val_acc: 0.9643
Epoch 14/30

 50/810 [>.............................] - ETA: 0s - loss: 0.0011 - acc: 1.0000
600/810 [=====================>........] - ETA: 0s - loss: 0.0014 - acc: 1.0000
810/810 [==============================] - 0s 117us/step - loss: 0.0014 - acc: 1.0000 - val_loss: 0.1090 - val_acc: 0.9655
Epoch 15/30

 50/810 [>.............................] - ETA: 0s - loss: 0.0015 - acc: 1.0000
750/810 [==========================>...] - ETA: 0s - loss: 0.0012 - acc: 1.0000
810/810 [==============================] - 0s 98us/step - loss: 0.0012 - acc: 1.0000 - val_loss: 0.1087 - val_acc: 0.9655
Epoch 16/30

 50/810 [>.............................] - ETA: 0s - loss: 0.0011 - acc: 1.0000
750/810 [==========================>...] - ETA: 0s - loss: 0.0011 - acc: 1.0000
810/810 [==============================] - 0s 94us/step - loss: 0.0011 - acc: 1.0000 - val_loss: 0.1097 - val_acc: 0.9655
Epoch 17/30

 50/810 [>.............................] - ETA: 0s - loss: 5.9401e-04 - acc: 1.0000
750/810 [==========================>...] - ETA: 0s - loss: 9.7875e-04 - acc: 1.0000
810/810 [==============================] - 0s 95us/step - loss: 9.7444e-04 - acc: 1.0000 - val_loss: 0.1102 - val_acc: 0.9655
Epoch 18/30

 50/810 [>.............................] - ETA: 0s - loss: 7.9449e-04 - acc: 1.0000
750/810 [==========================>...] - ETA: 0s - loss: 8.6562e-04 - acc: 1.0000
810/810 [==============================] - 0s 95us/step - loss: 8.8155e-04 - acc: 1.0000 - val_loss: 0.1105 - val_acc: 0.9655
Epoch 19/30

 50/810 [>.............................] - ETA: 0s - loss: 6.8531e-04 - acc: 1.0000
750/810 [==========================>...] - ETA: 0s - loss: 8.3328e-04 - acc: 1.0000
810/810 [==============================] - 0s 97us/step - loss: 8.0124e-04 - acc: 1.0000 - val_loss: 0.1110 - val_acc: 0.9655
Epoch 20/30

 50/810 [>.............................] - ETA: 0s - loss: 6.9936e-04 - acc: 1.0000
650/810 [=======================>......] - ETA: 0s - loss: 7.9237e-04 - acc: 1.0000
810/810 [==============================] - 0s 122us/step - loss: 7.2772e-04 - acc: 1.0000 - val_loss: 0.1116 - val_acc: 0.9655
Epoch 21/30

 50/810 [>.............................] - ETA: 0s - loss: 7.2191e-04 - acc: 1.0000
550/810 [===================>..........] - ETA: 0s - loss: 7.2001e-04 - acc: 1.0000
810/810 [==============================] - 0s 130us/step - loss: 6.7006e-04 - acc: 1.0000 - val_loss: 0.1123 - val_acc: 0.9655
Epoch 22/30

 50/810 [>.............................] - ETA: 0s - loss: 6.7368e-04 - acc: 1.0000
600/810 [=====================>........] - ETA: 0s - loss: 6.4497e-04 - acc: 1.0000
810/810 [==============================] - 0s 126us/step - loss: 6.2061e-04 - acc: 1.0000 - val_loss: 0.1124 - val_acc: 0.9655
Epoch 23/30

 50/810 [>.............................] - ETA: 0s - loss: 5.6570e-04 - acc: 1.0000
650/810 [=======================>......] - ETA: 0s - loss: 5.6844e-04 - acc: 1.0000
810/810 [==============================] - 0s 122us/step - loss: 5.7187e-04 - acc: 1.0000 - val_loss: 0.1130 - val_acc: 0.9655
Epoch 24/30

 50/810 [>.............................] - ETA: 0s - loss: 5.0115e-04 - acc: 1.0000
600/810 [=====================>........] - ETA: 0s - loss: 5.1479e-04 - acc: 1.0000
810/810 [==============================] - 0s 121us/step - loss: 5.3365e-04 - acc: 1.0000 - val_loss: 0.1136 - val_acc: 0.9655
Epoch 25/30

 50/810 [>.............................] - ETA: 0s - loss: 4.9246e-04 - acc: 1.0000
800/810 [============================>.] - ETA: 0s - loss: 5.0221e-04 - acc: 1.0000
810/810 [==============================] - 0s 94us/step - loss: 5.0006e-04 - acc: 1.0000 - val_loss: 0.1139 - val_acc: 0.9655
Epoch 26/30

 50/810 [>.............................] - ETA: 0s - loss: 6.3778e-04 - acc: 1.0000
800/810 [============================>.] - ETA: 0s - loss: 4.6045e-04 - acc: 1.0000
810/810 [==============================] - 0s 91us/step - loss: 4.6058e-04 - acc: 1.0000 - val_loss: 0.1139 - val_acc: 0.9655
Epoch 27/30

 50/810 [>.............................] - ETA: 0s - loss: 4.3246e-04 - acc: 1.0000
810/810 [==============================] - 0s 90us/step - loss: 4.3424e-04 - acc: 1.0000 - val_loss: 0.1141 - val_acc: 0.9655
Epoch 28/30

 50/810 [>.............................] - ETA: 0s - loss: 4.1281e-04 - acc: 1.0000
800/810 [============================>.] - ETA: 0s - loss: 4.1099e-04 - acc: 1.0000
810/810 [==============================] - 0s 92us/step - loss: 4.0936e-04 - acc: 1.0000 - val_loss: 0.1148 - val_acc: 0.9655
acc: 96.55%
Train on 812 samples, validate on 810 samples
Epoch 1/30

 50/812 [>.............................] - ETA: 10s - loss: 0.7285 - acc: 0.4200
812/812 [==============================] - 1s 972us/step - loss: 0.4808 - acc: 0.7796 - val_loss: 0.1823 - val_acc: 0.9741
Epoch 2/30

 50/812 [>.............................] - ETA: 0s - loss: 0.1994 - acc: 0.9800
812/812 [==============================] - 0s 70us/step - loss: 0.1154 - acc: 0.9729 - val_loss: 0.0742 - val_acc: 0.9778
Epoch 3/30

 50/812 [>.............................] - ETA: 0s - loss: 0.0406 - acc: 0.9800
812/812 [==============================] - 0s 68us/step - loss: 0.0485 - acc: 0.9865 - val_loss: 0.0696 - val_acc: 0.9778
Epoch 4/30

 50/812 [>.............................] - ETA: 0s - loss: 0.0160 - acc: 1.0000
812/812 [==============================] - 0s 73us/step - loss: 0.0255 - acc: 0.9963 - val_loss: 0.0631 - val_acc: 0.9802
Epoch 5/30

 50/812 [>.............................] - ETA: 0s - loss: 0.0136 - acc: 1.0000
812/812 [==============================] - 0s 70us/step - loss: 0.0142 - acc: 0.9988 - val_loss: 0.0626 - val_acc: 0.9753
Epoch 6/30

 50/812 [>.............................] - ETA: 0s - loss: 0.0084 - acc: 1.0000
750/812 [==========================>...] - ETA: 0s - loss: 0.0091 - acc: 1.0000
812/812 [==============================] - 0s 88us/step - loss: 0.0091 - acc: 1.0000 - val_loss: 0.0620 - val_acc: 0.9765
Epoch 7/30

 50/812 [>.............................] - ETA: 0s - loss: 0.0062 - acc: 1.0000
812/812 [==============================] - 0s 70us/step - loss: 0.0064 - acc: 1.0000 - val_loss: 0.0608 - val_acc: 0.9790
Epoch 8/30

 50/812 [>.............................] - ETA: 0s - loss: 0.0067 - acc: 1.0000
812/812 [==============================] - 0s 70us/step - loss: 0.0050 - acc: 1.0000 - val_loss: 0.0623 - val_acc: 0.9802
Epoch 9/30

 50/812 [>.............................] - ETA: 0s - loss: 0.0046 - acc: 1.0000
812/812 [==============================] - 0s 69us/step - loss: 0.0038 - acc: 1.0000 - val_loss: 0.0622 - val_acc: 0.9790
Epoch 10/30

 50/812 [>.............................] - ETA: 0s - loss: 0.0033 - acc: 1.0000
812/812 [==============================] - 0s 72us/step - loss: 0.0031 - acc: 1.0000 - val_loss: 0.0624 - val_acc: 0.9778
Epoch 11/30

 50/812 [>.............................] - ETA: 0s - loss: 0.0035 - acc: 1.0000
812/812 [==============================] - 0s 68us/step - loss: 0.0026 - acc: 1.0000 - val_loss: 0.0631 - val_acc: 0.9778
Epoch 12/30

 50/812 [>.............................] - ETA: 0s - loss: 0.0024 - acc: 1.0000
812/812 [==============================] - 0s 77us/step - loss: 0.0022 - acc: 1.0000 - val_loss: 0.0636 - val_acc: 0.9778
Epoch 13/30

 50/812 [>.............................] - ETA: 0s - loss: 0.0011 - acc: 1.0000
750/812 [==========================>...] - ETA: 0s - loss: 0.0019 - acc: 1.0000
812/812 [==============================] - 0s 93us/step - loss: 0.0019 - acc: 1.0000 - val_loss: 0.0642 - val_acc: 0.9778
Epoch 14/30

 50/812 [>.............................] - ETA: 0s - loss: 0.0011 - acc: 1.0000
800/812 [============================>.] - ETA: 0s - loss: 0.0016 - acc: 1.0000
812/812 [==============================] - 0s 93us/step - loss: 0.0016 - acc: 1.0000 - val_loss: 0.0644 - val_acc: 0.9778
Epoch 15/30

 50/812 [>.............................] - ETA: 0s - loss: 0.0022 - acc: 1.0000
812/812 [==============================] - 0s 88us/step - loss: 0.0015 - acc: 1.0000 - val_loss: 0.0649 - val_acc: 0.9778
Epoch 16/30

 50/812 [>.............................] - ETA: 0s - loss: 0.0012 - acc: 1.0000
800/812 [============================>.] - ETA: 0s - loss: 0.0013 - acc: 1.0000
812/812 [==============================] - 0s 93us/step - loss: 0.0013 - acc: 1.0000 - val_loss: 0.0656 - val_acc: 0.9790
Epoch 17/30

 50/812 [>.............................] - ETA: 0s - loss: 0.0013 - acc: 1.0000
800/812 [============================>.] - ETA: 0s - loss: 0.0012 - acc: 1.0000
812/812 [==============================] - 0s 90us/step - loss: 0.0012 - acc: 1.0000 - val_loss: 0.0661 - val_acc: 0.9790
Epoch 18/30

 50/812 [>.............................] - ETA: 0s - loss: 5.9608e-04 - acc: 1.0000
800/812 [============================>.] - ETA: 0s - loss: 0.0010 - acc: 1.0000    
812/812 [==============================] - 0s 84us/step - loss: 0.0011 - acc: 1.0000 - val_loss: 0.0663 - val_acc: 0.9790
Epoch 19/30

 50/812 [>.............................] - ETA: 0s - loss: 9.4957e-04 - acc: 1.0000
812/812 [==============================] - 0s 71us/step - loss: 9.6256e-04 - acc: 1.0000 - val_loss: 0.0667 - val_acc: 0.9790
Epoch 20/30

 50/812 [>.............................] - ETA: 0s - loss: 7.6031e-04 - acc: 1.0000
812/812 [==============================] - 0s 72us/step - loss: 8.7285e-04 - acc: 1.0000 - val_loss: 0.0669 - val_acc: 0.9790
acc: 98.02%
Accuracy: 97.29% (+/- 0.74%)
