Train on 810 samples, validate on 812 samples
Epoch 1/30

100/810 [==>...........................] - ETA: 3s - loss: 0.6866 - acc: 0.5800
810/810 [==============================] - 1s 713us/step - loss: 0.4325 - acc: 0.8185 - val_loss: 0.1662 - val_acc: 0.9557
Epoch 2/30

100/810 [==>...........................] - ETA: 0s - loss: 0.1639 - acc: 0.9400
810/810 [==============================] - 0s 34us/step - loss: 0.0842 - acc: 0.9765 - val_loss: 0.1162 - val_acc: 0.9544
Epoch 3/30

100/810 [==>...........................] - ETA: 0s - loss: 0.0363 - acc: 0.9900
810/810 [==============================] - 0s 33us/step - loss: 0.0368 - acc: 0.9901 - val_loss: 0.0999 - val_acc: 0.9594
Epoch 4/30

100/810 [==>...........................] - ETA: 0s - loss: 0.0117 - acc: 1.0000
810/810 [==============================] - 0s 33us/step - loss: 0.0143 - acc: 0.9975 - val_loss: 0.1062 - val_acc: 0.9594
Epoch 5/30

100/810 [==>...........................] - ETA: 0s - loss: 0.0091 - acc: 1.0000
810/810 [==============================] - 0s 38us/step - loss: 0.0077 - acc: 0.9988 - val_loss: 0.1080 - val_acc: 0.9581
Epoch 6/30

100/810 [==>...........................] - ETA: 0s - loss: 0.0048 - acc: 1.0000
810/810 [==============================] - 0s 33us/step - loss: 0.0049 - acc: 1.0000 - val_loss: 0.1094 - val_acc: 0.9581
Epoch 7/30

100/810 [==>...........................] - ETA: 0s - loss: 0.0030 - acc: 1.0000
810/810 [==============================] - 0s 34us/step - loss: 0.0034 - acc: 1.0000 - val_loss: 0.1120 - val_acc: 0.9594
Epoch 8/30

100/810 [==>...........................] - ETA: 0s - loss: 0.0025 - acc: 1.0000
810/810 [==============================] - 0s 47us/step - loss: 0.0024 - acc: 1.0000 - val_loss: 0.1155 - val_acc: 0.9594
Epoch 9/30

100/810 [==>...........................] - ETA: 0s - loss: 0.0021 - acc: 1.0000
810/810 [==============================] - 0s 42us/step - loss: 0.0021 - acc: 1.0000 - val_loss: 0.1184 - val_acc: 0.9594
Epoch 10/30

100/810 [==>...........................] - ETA: 0s - loss: 9.8521e-04 - acc: 1.0000
810/810 [==============================] - 0s 37us/step - loss: 0.0016 - acc: 1.0000 - val_loss: 0.1193 - val_acc: 0.9594
Epoch 11/30

100/810 [==>...........................] - ETA: 0s - loss: 0.0014 - acc: 1.0000
810/810 [==============================] - 0s 41us/step - loss: 0.0014 - acc: 1.0000 - val_loss: 0.1186 - val_acc: 0.9594
Epoch 12/30

100/810 [==>...........................] - ETA: 0s - loss: 0.0013 - acc: 1.0000
810/810 [==============================] - 0s 38us/step - loss: 0.0012 - acc: 1.0000 - val_loss: 0.1175 - val_acc: 0.9581
Epoch 13/30

100/810 [==>...........................] - ETA: 0s - loss: 0.0015 - acc: 1.0000
810/810 [==============================] - 0s 37us/step - loss: 0.0010 - acc: 1.0000 - val_loss: 0.1165 - val_acc: 0.9594
Epoch 14/30

100/810 [==>...........................] - ETA: 0s - loss: 0.0014 - acc: 1.0000
810/810 [==============================] - 0s 39us/step - loss: 8.9727e-04 - acc: 1.0000 - val_loss: 0.1142 - val_acc: 0.9606
Epoch 15/30

100/810 [==>...........................] - ETA: 0s - loss: 4.1549e-04 - acc: 1.0000
810/810 [==============================] - 0s 37us/step - loss: 8.0215e-04 - acc: 1.0000 - val_loss: 0.1139 - val_acc: 0.9618
Epoch 16/30

100/810 [==>...........................] - ETA: 0s - loss: 9.5419e-04 - acc: 1.0000
810/810 [==============================] - 0s 40us/step - loss: 7.4211e-04 - acc: 1.0000 - val_loss: 0.1140 - val_acc: 0.9618
Epoch 17/30

100/810 [==>...........................] - ETA: 0s - loss: 4.2428e-04 - acc: 1.0000
810/810 [==============================] - 0s 46us/step - loss: 6.5950e-04 - acc: 1.0000 - val_loss: 0.1162 - val_acc: 0.9618
Epoch 18/30

100/810 [==>...........................] - ETA: 0s - loss: 4.7799e-04 - acc: 1.0000
810/810 [==============================] - 0s 38us/step - loss: 6.0010e-04 - acc: 1.0000 - val_loss: 0.1179 - val_acc: 0.9618
Epoch 19/30

100/810 [==>...........................] - ETA: 0s - loss: 4.9469e-04 - acc: 1.0000
810/810 [==============================] - 0s 37us/step - loss: 5.4914e-04 - acc: 1.0000 - val_loss: 0.1191 - val_acc: 0.9618
Epoch 20/30

100/810 [==>...........................] - ETA: 0s - loss: 4.9243e-04 - acc: 1.0000
810/810 [==============================] - 0s 37us/step - loss: 5.0779e-04 - acc: 1.0000 - val_loss: 0.1197 - val_acc: 0.9618
Epoch 21/30

100/810 [==>...........................] - ETA: 0s - loss: 5.9210e-04 - acc: 1.0000
810/810 [==============================] - 0s 36us/step - loss: 4.7276e-04 - acc: 1.0000 - val_loss: 0.1204 - val_acc: 0.9618
Epoch 22/30

100/810 [==>...........................] - ETA: 0s - loss: 4.6091e-04 - acc: 1.0000
810/810 [==============================] - 0s 36us/step - loss: 4.3791e-04 - acc: 1.0000 - val_loss: 0.1210 - val_acc: 0.9606
Epoch 23/30

100/810 [==>...........................] - ETA: 0s - loss: 4.4598e-04 - acc: 1.0000
810/810 [==============================] - 0s 35us/step - loss: 4.0906e-04 - acc: 1.0000 - val_loss: 0.1213 - val_acc: 0.9606
Epoch 24/30

100/810 [==>...........................] - ETA: 0s - loss: 4.1182e-04 - acc: 1.0000
810/810 [==============================] - 0s 43us/step - loss: 3.8324e-04 - acc: 1.0000 - val_loss: 0.1213 - val_acc: 0.9606
Epoch 25/30

100/810 [==>...........................] - ETA: 0s - loss: 2.1072e-04 - acc: 1.0000
810/810 [==============================] - 0s 36us/step - loss: 3.6039e-04 - acc: 1.0000 - val_loss: 0.1211 - val_acc: 0.9606
Epoch 26/30

100/810 [==>...........................] - ETA: 0s - loss: 2.8951e-04 - acc: 1.0000
810/810 [==============================] - 0s 36us/step - loss: 3.4109e-04 - acc: 1.0000 - val_loss: 0.1213 - val_acc: 0.9606
Epoch 27/30

100/810 [==>...........................] - ETA: 0s - loss: 3.1190e-04 - acc: 1.0000
810/810 [==============================] - 0s 39us/step - loss: 3.2188e-04 - acc: 1.0000 - val_loss: 0.1217 - val_acc: 0.9606
Epoch 28/30

100/810 [==>...........................] - ETA: 0s - loss: 2.1548e-04 - acc: 1.0000
810/810 [==============================] - 0s 41us/step - loss: 3.0439e-04 - acc: 1.0000 - val_loss: 0.1218 - val_acc: 0.9606
Epoch 29/30

100/810 [==>...........................] - ETA: 0s - loss: 2.6686e-04 - acc: 1.0000
810/810 [==============================] - 0s 42us/step - loss: 2.8726e-04 - acc: 1.0000 - val_loss: 0.1223 - val_acc: 0.9606
Epoch 30/30

100/810 [==>...........................] - ETA: 0s - loss: 3.8654e-04 - acc: 1.0000
810/810 [==============================] - 0s 38us/step - loss: 2.7301e-04 - acc: 1.0000 - val_loss: 0.1224 - val_acc: 0.9606
acc: 96.06%
Train on 812 samples, validate on 810 samples
Epoch 1/30

100/812 [==>...........................] - ETA: 3s - loss: 0.6933 - acc: 0.5300
812/812 [==============================] - 1s 781us/step - loss: 0.4606 - acc: 0.7869 - val_loss: 0.1398 - val_acc: 0.9728
Epoch 2/30

100/812 [==>...........................] - ETA: 0s - loss: 0.1558 - acc: 0.9600
812/812 [==============================] - 0s 35us/step - loss: 0.0995 - acc: 0.9741 - val_loss: 0.0753 - val_acc: 0.9765
Epoch 3/30

100/812 [==>...........................] - ETA: 0s - loss: 0.0638 - acc: 0.9800
812/812 [==============================] - 0s 37us/step - loss: 0.0418 - acc: 0.9852 - val_loss: 0.0728 - val_acc: 0.9778
Epoch 4/30

100/812 [==>...........................] - ETA: 0s - loss: 0.0372 - acc: 0.9900
812/812 [==============================] - 0s 35us/step - loss: 0.0197 - acc: 0.9988 - val_loss: 0.0630 - val_acc: 0.9802
Epoch 5/30

100/812 [==>...........................] - ETA: 0s - loss: 0.0081 - acc: 1.0000
812/812 [==============================] - 0s 37us/step - loss: 0.0106 - acc: 0.9988 - val_loss: 0.0590 - val_acc: 0.9815
Epoch 6/30

100/812 [==>...........................] - ETA: 0s - loss: 0.0086 - acc: 1.0000
812/812 [==============================] - 0s 35us/step - loss: 0.0065 - acc: 0.9988 - val_loss: 0.0583 - val_acc: 0.9802
Epoch 7/30

100/812 [==>...........................] - ETA: 0s - loss: 0.0037 - acc: 1.0000
812/812 [==============================] - 0s 34us/step - loss: 0.0044 - acc: 1.0000 - val_loss: 0.0582 - val_acc: 0.9802
Epoch 8/30

100/812 [==>...........................] - ETA: 0s - loss: 0.0033 - acc: 1.0000
812/812 [==============================] - 0s 34us/step - loss: 0.0030 - acc: 1.0000 - val_loss: 0.0587 - val_acc: 0.9815
Epoch 9/30

100/812 [==>...........................] - ETA: 0s - loss: 0.0026 - acc: 1.0000
812/812 [==============================] - 0s 38us/step - loss: 0.0024 - acc: 1.0000 - val_loss: 0.0594 - val_acc: 0.9815
Epoch 10/30

100/812 [==>...........................] - ETA: 0s - loss: 0.0020 - acc: 1.0000
812/812 [==============================] - 0s 34us/step - loss: 0.0019 - acc: 1.0000 - val_loss: 0.0601 - val_acc: 0.9827
Epoch 11/30

100/812 [==>...........................] - ETA: 0s - loss: 0.0015 - acc: 1.0000
812/812 [==============================] - 0s 35us/step - loss: 0.0016 - acc: 1.0000 - val_loss: 0.0604 - val_acc: 0.9827
Epoch 12/30

100/812 [==>...........................] - ETA: 0s - loss: 0.0017 - acc: 1.0000
812/812 [==============================] - 0s 34us/step - loss: 0.0014 - acc: 1.0000 - val_loss: 0.0606 - val_acc: 0.9827
Epoch 13/30

100/812 [==>...........................] - ETA: 0s - loss: 0.0014 - acc: 1.0000
812/812 [==============================] - 0s 34us/step - loss: 0.0012 - acc: 1.0000 - val_loss: 0.0612 - val_acc: 0.9827
Epoch 14/30

100/812 [==>...........................] - ETA: 0s - loss: 0.0011 - acc: 1.0000
812/812 [==============================] - 0s 35us/step - loss: 0.0011 - acc: 1.0000 - val_loss: 0.0617 - val_acc: 0.9827
Epoch 15/30

100/812 [==>...........................] - ETA: 0s - loss: 0.0011 - acc: 1.0000
812/812 [==============================] - 0s 36us/step - loss: 9.5982e-04 - acc: 1.0000 - val_loss: 0.0621 - val_acc: 0.9827
Epoch 16/30

100/812 [==>...........................] - ETA: 0s - loss: 6.3322e-04 - acc: 1.0000
812/812 [==============================] - 0s 36us/step - loss: 8.6998e-04 - acc: 1.0000 - val_loss: 0.0627 - val_acc: 0.9827
Epoch 17/30

100/812 [==>...........................] - ETA: 0s - loss: 6.0689e-04 - acc: 1.0000
812/812 [==============================] - 0s 36us/step - loss: 7.9424e-04 - acc: 1.0000 - val_loss: 0.0631 - val_acc: 0.9827
Epoch 18/30

100/812 [==>...........................] - ETA: 0s - loss: 6.4709e-04 - acc: 1.0000
812/812 [==============================] - 0s 40us/step - loss: 7.3092e-04 - acc: 1.0000 - val_loss: 0.0635 - val_acc: 0.9815
Epoch 19/30

100/812 [==>...........................] - ETA: 0s - loss: 0.0013 - acc: 1.0000
812/812 [==============================] - 0s 38us/step - loss: 6.7548e-04 - acc: 1.0000 - val_loss: 0.0638 - val_acc: 0.9815
Epoch 20/30

100/812 [==>...........................] - ETA: 0s - loss: 4.4079e-04 - acc: 1.0000
812/812 [==============================] - 0s 35us/step - loss: 6.2187e-04 - acc: 1.0000 - val_loss: 0.0641 - val_acc: 0.9815
Epoch 21/30

100/812 [==>...........................] - ETA: 0s - loss: 4.8946e-04 - acc: 1.0000
812/812 [==============================] - 0s 36us/step - loss: 5.7649e-04 - acc: 1.0000 - val_loss: 0.0643 - val_acc: 0.9815
Epoch 22/30

100/812 [==>...........................] - ETA: 0s - loss: 4.3448e-04 - acc: 1.0000
812/812 [==============================] - 0s 39us/step - loss: 5.3978e-04 - acc: 1.0000 - val_loss: 0.0644 - val_acc: 0.9815
Epoch 23/30

100/812 [==>...........................] - ETA: 0s - loss: 6.0212e-04 - acc: 1.0000
812/812 [==============================] - 0s 37us/step - loss: 5.0399e-04 - acc: 1.0000 - val_loss: 0.0646 - val_acc: 0.9815
Epoch 24/30

100/812 [==>...........................] - ETA: 0s - loss: 4.3519e-04 - acc: 1.0000
812/812 [==============================] - 0s 36us/step - loss: 4.7435e-04 - acc: 1.0000 - val_loss: 0.0648 - val_acc: 0.9815
Epoch 25/30

100/812 [==>...........................] - ETA: 0s - loss: 2.7526e-04 - acc: 1.0000
812/812 [==============================] - 0s 35us/step - loss: 4.4369e-04 - acc: 1.0000 - val_loss: 0.0652 - val_acc: 0.9815
Epoch 26/30

100/812 [==>...........................] - ETA: 0s - loss: 4.3409e-04 - acc: 1.0000
812/812 [==============================] - 0s 41us/step - loss: 4.2069e-04 - acc: 1.0000 - val_loss: 0.0653 - val_acc: 0.9815
acc: 98.27%
Accuracy: 97.17% (+/- 1.11%)
