Train on 1297 samples, validate on 325 samples
Epoch 1/30

  20/1297 [..............................] - ETA: 28s - loss: 0.6692 - acc: 0.6500
 480/1297 [==========>...................] - ETA: 0s - loss: 0.3178 - acc: 0.8958 
 940/1297 [====================>.........] - ETA: 0s - loss: 0.2100 - acc: 0.9309
1297/1297 [==============================] - 1s 506us/step - loss: 0.1836 - acc: 0.9391 - val_loss: 0.1606 - val_acc: 0.9385
Epoch 2/30

  20/1297 [..............................] - ETA: 0s - loss: 0.0601 - acc: 1.0000
 460/1297 [=========>....................] - ETA: 0s - loss: 0.0681 - acc: 0.9804
 900/1297 [===================>..........] - ETA: 0s - loss: 0.0545 - acc: 0.9822
1297/1297 [==============================] - 0s 121us/step - loss: 0.0678 - acc: 0.9776 - val_loss: 0.2182 - val_acc: 0.9231
Epoch 3/30

  20/1297 [..............................] - ETA: 0s - loss: 0.2884 - acc: 0.9000
 400/1297 [========>.....................] - ETA: 0s - loss: 0.0798 - acc: 0.9800
 840/1297 [==================>...........] - ETA: 0s - loss: 0.0596 - acc: 0.9833
1240/1297 [===========================>..] - ETA: 0s - loss: 0.0615 - acc: 0.9790
1297/1297 [==============================] - 0s 133us/step - loss: 0.0599 - acc: 0.9800 - val_loss: 0.1555 - val_acc: 0.9415
Epoch 4/30

  20/1297 [..............................] - ETA: 0s - loss: 0.0241 - acc: 1.0000
 500/1297 [==========>...................] - ETA: 0s - loss: 0.0253 - acc: 0.9940
 980/1297 [=====================>........] - ETA: 0s - loss: 0.0335 - acc: 0.9908
1297/1297 [==============================] - 0s 111us/step - loss: 0.0321 - acc: 0.9900 - val_loss: 0.1396 - val_acc: 0.9538
Epoch 5/30

  20/1297 [..............................] - ETA: 0s - loss: 0.0050 - acc: 1.0000
 520/1297 [===========>..................] - ETA: 0s - loss: 0.0093 - acc: 1.0000
1040/1297 [=======================>......] - ETA: 0s - loss: 0.0171 - acc: 0.9952
1297/1297 [==============================] - 0s 106us/step - loss: 0.0220 - acc: 0.9946 - val_loss: 0.1197 - val_acc: 0.9477
Epoch 6/30

  20/1297 [..............................] - ETA: 0s - loss: 0.0034 - acc: 1.0000
 540/1297 [===========>..................] - ETA: 0s - loss: 0.0127 - acc: 0.9963
1020/1297 [======================>.......] - ETA: 0s - loss: 0.0252 - acc: 0.9931
1297/1297 [==============================] - 0s 109us/step - loss: 0.0235 - acc: 0.9938 - val_loss: 0.1240 - val_acc: 0.9538
Epoch 7/30

  20/1297 [..............................] - ETA: 0s - loss: 0.0012 - acc: 1.0000
 500/1297 [==========>...................] - ETA: 0s - loss: 0.0187 - acc: 0.9960
 980/1297 [=====================>........] - ETA: 0s - loss: 0.0219 - acc: 0.9939
1297/1297 [==============================] - 0s 112us/step - loss: 0.0232 - acc: 0.9946 - val_loss: 0.1380 - val_acc: 0.9569
Epoch 8/30

  20/1297 [..............................] - ETA: 0s - loss: 0.0705 - acc: 0.9500
 480/1297 [==========>...................] - ETA: 0s - loss: 0.0270 - acc: 0.9896
 960/1297 [=====================>........] - ETA: 0s - loss: 0.0208 - acc: 0.9906
1297/1297 [==============================] - 0s 114us/step - loss: 0.0165 - acc: 0.9931 - val_loss: 0.1379 - val_acc: 0.9600
Epoch 9/30

  20/1297 [..............................] - ETA: 0s - loss: 6.6042e-04 - acc: 1.0000
 440/1297 [=========>....................] - ETA: 0s - loss: 0.0017 - acc: 1.0000    
 900/1297 [===================>..........] - ETA: 0s - loss: 0.0052 - acc: 0.9989
1297/1297 [==============================] - 0s 118us/step - loss: 0.0123 - acc: 0.9969 - val_loss: 0.1235 - val_acc: 0.9662
Epoch 10/30

  20/1297 [..............................] - ETA: 0s - loss: 0.0181 - acc: 1.0000
 520/1297 [===========>..................] - ETA: 0s - loss: 0.0160 - acc: 0.9923
1020/1297 [======================>.......] - ETA: 0s - loss: 0.0107 - acc: 0.9961
1297/1297 [==============================] - 0s 109us/step - loss: 0.0095 - acc: 0.9961 - val_loss: 0.1517 - val_acc: 0.9600
Epoch 11/30

  20/1297 [..............................] - ETA: 0s - loss: 0.0011 - acc: 1.0000
 520/1297 [===========>..................] - ETA: 0s - loss: 0.0010 - acc: 1.0000
1000/1297 [======================>.......] - ETA: 0s - loss: 0.0108 - acc: 0.9970
1297/1297 [==============================] - 0s 113us/step - loss: 0.0092 - acc: 0.9977 - val_loss: 0.1553 - val_acc: 0.9569
Epoch 12/30

  20/1297 [..............................] - ETA: 0s - loss: 0.0020 - acc: 1.0000
 500/1297 [==========>...................] - ETA: 0s - loss: 0.0051 - acc: 1.0000
 960/1297 [=====================>........] - ETA: 0s - loss: 0.0080 - acc: 0.9990
1297/1297 [==============================] - 0s 116us/step - loss: 0.0112 - acc: 0.9985 - val_loss: 0.1543 - val_acc: 0.9538
Epoch 13/30

  20/1297 [..............................] - ETA: 0s - loss: 0.0012 - acc: 1.0000
 500/1297 [==========>...................] - ETA: 0s - loss: 0.0158 - acc: 0.9940
 960/1297 [=====================>........] - ETA: 0s - loss: 0.0128 - acc: 0.9948
1297/1297 [==============================] - 0s 118us/step - loss: 0.0120 - acc: 0.9954 - val_loss: 0.1553 - val_acc: 0.9600
Epoch 14/30

  20/1297 [..............................] - ETA: 0s - loss: 0.0031 - acc: 1.0000
 460/1297 [=========>....................] - ETA: 0s - loss: 0.0040 - acc: 0.9978
 920/1297 [====================>.........] - ETA: 0s - loss: 0.0080 - acc: 0.9967
1297/1297 [==============================] - 0s 120us/step - loss: 0.0106 - acc: 0.9961 - val_loss: 0.1464 - val_acc: 0.9569
Epoch 15/30

  20/1297 [..............................] - ETA: 0s - loss: 3.5919e-04 - acc: 1.0000
 520/1297 [===========>..................] - ETA: 0s - loss: 0.0109 - acc: 0.9962    
1000/1297 [======================>.......] - ETA: 0s - loss: 0.0091 - acc: 0.9970
1297/1297 [==============================] - 0s 111us/step - loss: 0.0103 - acc: 0.9969 - val_loss: 0.1735 - val_acc: 0.9631
Epoch 16/30

  20/1297 [..............................] - ETA: 0s - loss: 7.2928e-04 - acc: 1.0000
 480/1297 [==========>...................] - ETA: 0s - loss: 0.0024 - acc: 1.0000    
 960/1297 [=====================>........] - ETA: 0s - loss: 0.0050 - acc: 0.9990
1297/1297 [==============================] - 0s 117us/step - loss: 0.0111 - acc: 0.9977 - val_loss: 0.1641 - val_acc: 0.9508
Epoch 17/30

  20/1297 [..............................] - ETA: 0s - loss: 4.6666e-04 - acc: 1.0000
 500/1297 [==========>...................] - ETA: 0s - loss: 0.0234 - acc: 0.9920    
 980/1297 [=====================>........] - ETA: 0s - loss: 0.0135 - acc: 0.9959
1297/1297 [==============================] - 0s 113us/step - loss: 0.0142 - acc: 0.9954 - val_loss: 0.1950 - val_acc: 0.9569
acc: 96.62%
Train on 1297 samples, validate on 325 samples
Epoch 1/30

  20/1297 [..............................] - ETA: 35s - loss: 0.7203 - acc: 0.5000
 480/1297 [==========>...................] - ETA: 1s - loss: 0.3178 - acc: 0.8583 
 920/1297 [====================>.........] - ETA: 0s - loss: 0.2034 - acc: 0.9163
1297/1297 [==============================] - 1s 587us/step - loss: 0.1868 - acc: 0.9283 - val_loss: 0.1496 - val_acc: 0.9446
Epoch 2/30

  20/1297 [..............................] - ETA: 0s - loss: 0.0232 - acc: 1.0000
 480/1297 [==========>...................] - ETA: 0s - loss: 0.0643 - acc: 0.9833
 940/1297 [====================>.........] - ETA: 0s - loss: 0.0666 - acc: 0.9809
1297/1297 [==============================] - 0s 116us/step - loss: 0.0624 - acc: 0.9815 - val_loss: 0.0747 - val_acc: 0.9754
Epoch 3/30

  20/1297 [..............................] - ETA: 0s - loss: 0.0632 - acc: 0.9500
 520/1297 [===========>..................] - ETA: 0s - loss: 0.0387 - acc: 0.9846
 940/1297 [====================>.........] - ETA: 0s - loss: 0.0434 - acc: 0.9830
1297/1297 [==============================] - 0s 121us/step - loss: 0.0513 - acc: 0.9807 - val_loss: 0.0691 - val_acc: 0.9754
Epoch 4/30

  20/1297 [..............................] - ETA: 0s - loss: 0.0175 - acc: 1.0000
 480/1297 [==========>...................] - ETA: 0s - loss: 0.0310 - acc: 0.9958
 920/1297 [====================>.........] - ETA: 0s - loss: 0.0362 - acc: 0.9870
1297/1297 [==============================] - 0s 123us/step - loss: 0.0463 - acc: 0.9830 - val_loss: 0.1171 - val_acc: 0.9600
Epoch 5/30

  20/1297 [..............................] - ETA: 0s - loss: 0.0108 - acc: 1.0000
 460/1297 [=========>....................] - ETA: 0s - loss: 0.0316 - acc: 0.9870
 860/1297 [==================>...........] - ETA: 0s - loss: 0.0446 - acc: 0.9826
1240/1297 [===========================>..] - ETA: 0s - loss: 0.0424 - acc: 0.9847
1297/1297 [==============================] - 0s 133us/step - loss: 0.0412 - acc: 0.9854 - val_loss: 0.1037 - val_acc: 0.9631
Epoch 6/30

  20/1297 [..............................] - ETA: 0s - loss: 0.0053 - acc: 1.0000
 480/1297 [==========>...................] - ETA: 0s - loss: 0.0315 - acc: 0.9937
 900/1297 [===================>..........] - ETA: 0s - loss: 0.0395 - acc: 0.9889
1297/1297 [==============================] - 0s 124us/step - loss: 0.0369 - acc: 0.9892 - val_loss: 0.1057 - val_acc: 0.9662
Epoch 7/30

  20/1297 [..............................] - ETA: 0s - loss: 0.0023 - acc: 1.0000
 440/1297 [=========>....................] - ETA: 0s - loss: 0.0329 - acc: 0.9909
 780/1297 [=================>............] - ETA: 0s - loss: 0.0355 - acc: 0.9885
1220/1297 [===========================>..] - ETA: 0s - loss: 0.0312 - acc: 0.9893
1297/1297 [==============================] - 0s 137us/step - loss: 0.0308 - acc: 0.9892 - val_loss: 0.1123 - val_acc: 0.9754
Epoch 8/30

  20/1297 [..............................] - ETA: 0s - loss: 0.0068 - acc: 1.0000
 340/1297 [======>.......................] - ETA: 0s - loss: 0.0370 - acc: 0.9912
 720/1297 [===============>..............] - ETA: 0s - loss: 0.0260 - acc: 0.9917
1180/1297 [==========================>...] - ETA: 0s - loss: 0.0290 - acc: 0.9907
1297/1297 [==============================] - 0s 138us/step - loss: 0.0297 - acc: 0.9907 - val_loss: 0.0833 - val_acc: 0.9785
Epoch 9/30

  20/1297 [..............................] - ETA: 0s - loss: 0.0120 - acc: 1.0000
 420/1297 [========>.....................] - ETA: 0s - loss: 0.0293 - acc: 0.9881
 880/1297 [===================>..........] - ETA: 0s - loss: 0.0358 - acc: 0.9898
1297/1297 [==============================] - 0s 131us/step - loss: 0.0351 - acc: 0.9900 - val_loss: 0.1260 - val_acc: 0.9692
Epoch 10/30

  20/1297 [..............................] - ETA: 0s - loss: 0.0050 - acc: 1.0000
 420/1297 [========>.....................] - ETA: 0s - loss: 0.0257 - acc: 0.9952
 840/1297 [==================>...........] - ETA: 0s - loss: 0.0223 - acc: 0.9952
1260/1297 [============================>.] - ETA: 0s - loss: 0.0242 - acc: 0.9952
1297/1297 [==============================] - 0s 130us/step - loss: 0.0243 - acc: 0.9954 - val_loss: 0.1397 - val_acc: 0.9723
Epoch 11/30

  20/1297 [..............................] - ETA: 0s - loss: 0.0019 - acc: 1.0000
 480/1297 [==========>...................] - ETA: 0s - loss: 0.0068 - acc: 0.9979
 940/1297 [====================>.........] - ETA: 0s - loss: 0.0169 - acc: 0.9968
1297/1297 [==============================] - 0s 123us/step - loss: 0.0204 - acc: 0.9954 - val_loss: 0.1303 - val_acc: 0.9754
Epoch 12/30

  20/1297 [..............................] - ETA: 0s - loss: 0.0049 - acc: 1.0000
 380/1297 [=======>......................] - ETA: 0s - loss: 0.0045 - acc: 1.0000
 760/1297 [================>.............] - ETA: 0s - loss: 0.0261 - acc: 0.9947
1120/1297 [========================>.....] - ETA: 0s - loss: 0.0215 - acc: 0.9955
1297/1297 [==============================] - 0s 145us/step - loss: 0.0260 - acc: 0.9938 - val_loss: 0.1701 - val_acc: 0.9662
Epoch 13/30

  20/1297 [..............................] - ETA: 0s - loss: 0.0087 - acc: 1.0000
 400/1297 [========>.....................] - ETA: 0s - loss: 0.0322 - acc: 0.9875
 740/1297 [================>.............] - ETA: 0s - loss: 0.0338 - acc: 0.9878
1040/1297 [=======================>......] - ETA: 0s - loss: 0.0316 - acc: 0.9904
1297/1297 [==============================] - 0s 168us/step - loss: 0.0319 - acc: 0.9915 - val_loss: 0.1493 - val_acc: 0.9662
Epoch 14/30

  20/1297 [..............................] - ETA: 0s - loss: 0.0058 - acc: 1.0000
 380/1297 [=======>......................] - ETA: 0s - loss: 0.0570 - acc: 0.9789
 840/1297 [==================>...........] - ETA: 0s - loss: 0.0402 - acc: 0.9833
1297/1297 [==============================] - 0s 124us/step - loss: 0.0456 - acc: 0.9838 - val_loss: 0.1406 - val_acc: 0.9662
Epoch 15/30

  20/1297 [..............................] - ETA: 0s - loss: 0.3034 - acc: 0.9500
 520/1297 [===========>..................] - ETA: 0s - loss: 0.0555 - acc: 0.9865
1000/1297 [======================>.......] - ETA: 0s - loss: 0.0381 - acc: 0.9890
1297/1297 [==============================] - 0s 110us/step - loss: 0.0401 - acc: 0.9884 - val_loss: 0.1592 - val_acc: 0.9662
Epoch 16/30

  20/1297 [..............................] - ETA: 0s - loss: 0.0016 - acc: 1.0000
 400/1297 [========>.....................] - ETA: 0s - loss: 0.0509 - acc: 0.9850
 860/1297 [==================>...........] - ETA: 0s - loss: 0.0437 - acc: 0.9860
1280/1297 [============================>.] - ETA: 0s - loss: 0.0416 - acc: 0.9883
1297/1297 [==============================] - 0s 128us/step - loss: 0.0417 - acc: 0.9884 - val_loss: 0.1653 - val_acc: 0.9692
acc: 97.85%
Train on 1297 samples, validate on 325 samples
Epoch 1/30

  20/1297 [..............................] - ETA: 39s - loss: 0.7157 - acc: 0.4000
 540/1297 [===========>..................] - ETA: 0s - loss: 0.3189 - acc: 0.8556 
 980/1297 [=====================>........] - ETA: 0s - loss: 0.2300 - acc: 0.9010
1297/1297 [==============================] - 1s 649us/step - loss: 0.1955 - acc: 0.9175 - val_loss: 0.0822 - val_acc: 0.9662
Epoch 2/30

  20/1297 [..............................] - ETA: 0s - loss: 0.0151 - acc: 1.0000
 460/1297 [=========>....................] - ETA: 0s - loss: 0.0580 - acc: 0.9783
 880/1297 [===================>..........] - ETA: 0s - loss: 0.0666 - acc: 0.9739
1297/1297 [==============================] - 0s 120us/step - loss: 0.0664 - acc: 0.9746 - val_loss: 0.0879 - val_acc: 0.9723
Epoch 3/30

  20/1297 [..............................] - ETA: 0s - loss: 0.0121 - acc: 1.0000
 520/1297 [===========>..................] - ETA: 0s - loss: 0.0388 - acc: 0.9904
1000/1297 [======================>.......] - ETA: 0s - loss: 0.0469 - acc: 0.9850
1297/1297 [==============================] - 0s 110us/step - loss: 0.0577 - acc: 0.9800 - val_loss: 0.0665 - val_acc: 0.9754
Epoch 4/30

  20/1297 [..............................] - ETA: 0s - loss: 0.1414 - acc: 0.9000
 400/1297 [========>.....................] - ETA: 0s - loss: 0.0576 - acc: 0.9750
 860/1297 [==================>...........] - ETA: 0s - loss: 0.0612 - acc: 0.9756
1297/1297 [==============================] - 0s 123us/step - loss: 0.0619 - acc: 0.9769 - val_loss: 0.0767 - val_acc: 0.9631
Epoch 5/30

  20/1297 [..............................] - ETA: 0s - loss: 0.0255 - acc: 1.0000
 380/1297 [=======>......................] - ETA: 0s - loss: 0.0287 - acc: 0.9947
 660/1297 [==============>...............] - ETA: 0s - loss: 0.0343 - acc: 0.9894
1000/1297 [======================>.......] - ETA: 0s - loss: 0.0392 - acc: 0.9890
1297/1297 [==============================] - 0s 161us/step - loss: 0.0422 - acc: 0.9869 - val_loss: 0.0890 - val_acc: 0.9723
Epoch 6/30

  20/1297 [..............................] - ETA: 0s - loss: 0.0028 - acc: 1.0000
 400/1297 [========>.....................] - ETA: 0s - loss: 0.0325 - acc: 0.9900
 780/1297 [=================>............] - ETA: 0s - loss: 0.0257 - acc: 0.9936
1140/1297 [=========================>....] - ETA: 0s - loss: 0.0373 - acc: 0.9904
1297/1297 [==============================] - 0s 154us/step - loss: 0.0385 - acc: 0.9900 - val_loss: 0.0818 - val_acc: 0.9723
Epoch 7/30

  20/1297 [..............................] - ETA: 0s - loss: 0.0061 - acc: 1.0000
 460/1297 [=========>....................] - ETA: 0s - loss: 0.0350 - acc: 0.9891
 920/1297 [====================>.........] - ETA: 0s - loss: 0.0281 - acc: 0.9913
1297/1297 [==============================] - 0s 118us/step - loss: 0.0296 - acc: 0.9892 - val_loss: 0.0546 - val_acc: 0.9815
Epoch 8/30

  20/1297 [..............................] - ETA: 0s - loss: 0.0080 - acc: 1.0000
 420/1297 [========>.....................] - ETA: 0s - loss: 0.0477 - acc: 0.9857
 740/1297 [================>.............] - ETA: 0s - loss: 0.0344 - acc: 0.9878
1200/1297 [==========================>...] - ETA: 0s - loss: 0.0283 - acc: 0.9900
1297/1297 [==============================] - 0s 135us/step - loss: 0.0274 - acc: 0.9900 - val_loss: 0.0763 - val_acc: 0.9692
Epoch 9/30

  20/1297 [..............................] - ETA: 0s - loss: 0.0025 - acc: 1.0000
 480/1297 [==========>...................] - ETA: 0s - loss: 0.0102 - acc: 0.9979
 940/1297 [====================>.........] - ETA: 0s - loss: 0.0186 - acc: 0.9957
1297/1297 [==============================] - 0s 123us/step - loss: 0.0164 - acc: 0.9969 - val_loss: 0.0680 - val_acc: 0.9785
Epoch 10/30

  20/1297 [..............................] - ETA: 0s - loss: 0.0020 - acc: 1.0000
 480/1297 [==========>...................] - ETA: 0s - loss: 0.0093 - acc: 0.9979
 940/1297 [====================>.........] - ETA: 0s - loss: 0.0079 - acc: 0.9989
1297/1297 [==============================] - 0s 118us/step - loss: 0.0154 - acc: 0.9961 - val_loss: 0.0606 - val_acc: 0.9815
Epoch 11/30

  20/1297 [..............................] - ETA: 0s - loss: 0.0019 - acc: 1.0000
 460/1297 [=========>....................] - ETA: 0s - loss: 0.0153 - acc: 0.9957
 860/1297 [==================>...........] - ETA: 0s - loss: 0.0117 - acc: 0.9977
1280/1297 [============================>.] - ETA: 0s - loss: 0.0139 - acc: 0.9969
1297/1297 [==============================] - 0s 129us/step - loss: 0.0137 - acc: 0.9969 - val_loss: 0.0624 - val_acc: 0.9785
Epoch 12/30

  20/1297 [..............................] - ETA: 0s - loss: 0.0062 - acc: 1.0000
 500/1297 [==========>...................] - ETA: 0s - loss: 0.0228 - acc: 0.9940
 980/1297 [=====================>........] - ETA: 0s - loss: 0.0146 - acc: 0.9959
1297/1297 [==============================] - 0s 119us/step - loss: 0.0145 - acc: 0.9954 - val_loss: 0.0808 - val_acc: 0.9785
Epoch 13/30

  20/1297 [..............................] - ETA: 0s - loss: 0.0014 - acc: 1.0000
 500/1297 [==========>...................] - ETA: 0s - loss: 0.0039 - acc: 1.0000
 980/1297 [=====================>........] - ETA: 0s - loss: 0.0172 - acc: 0.9949
1297/1297 [==============================] - 0s 116us/step - loss: 0.0169 - acc: 0.9946 - val_loss: 0.0744 - val_acc: 0.9723
Epoch 14/30

  20/1297 [..............................] - ETA: 0s - loss: 0.0021 - acc: 1.0000
 480/1297 [==========>...................] - ETA: 0s - loss: 0.0221 - acc: 0.9937
 700/1297 [===============>..............] - ETA: 0s - loss: 0.0207 - acc: 0.9929
1040/1297 [=======================>......] - ETA: 0s - loss: 0.0206 - acc: 0.9942
1297/1297 [==============================] - 0s 148us/step - loss: 0.0198 - acc: 0.9938 - val_loss: 0.0571 - val_acc: 0.9785
Epoch 15/30

  20/1297 [..............................] - ETA: 0s - loss: 0.0047 - acc: 1.0000
 480/1297 [==========>...................] - ETA: 0s - loss: 0.0114 - acc: 0.9958
 920/1297 [====================>.........] - ETA: 0s - loss: 0.0120 - acc: 0.9946
1297/1297 [==============================] - 0s 125us/step - loss: 0.0180 - acc: 0.9946 - val_loss: 0.0640 - val_acc: 0.9754
acc: 98.15%
Train on 1298 samples, validate on 324 samples
Epoch 1/30

  20/1298 [..............................] - ETA: 49s - loss: 0.7400 - acc: 0.4000
 480/1298 [==========>...................] - ETA: 1s - loss: 0.3931 - acc: 0.8271 
 940/1298 [====================>.........] - ETA: 0s - loss: 0.2663 - acc: 0.8872
1298/1298 [==============================] - 1s 774us/step - loss: 0.2253 - acc: 0.9052 - val_loss: 0.0951 - val_acc: 0.9691
Epoch 2/30

  20/1298 [..............................] - ETA: 0s - loss: 0.0157 - acc: 1.0000
 520/1298 [===========>..................] - ETA: 0s - loss: 0.1104 - acc: 0.9673
1000/1298 [======================>.......] - ETA: 0s - loss: 0.0935 - acc: 0.9680
1298/1298 [==============================] - 0s 117us/step - loss: 0.0842 - acc: 0.9707 - val_loss: 0.1007 - val_acc: 0.9599
Epoch 3/30

  20/1298 [..............................] - ETA: 0s - loss: 0.0197 - acc: 1.0000
 480/1298 [==========>...................] - ETA: 0s - loss: 0.0546 - acc: 0.9875
 940/1298 [====================>.........] - ETA: 0s - loss: 0.0558 - acc: 0.9851
1298/1298 [==============================] - 0s 113us/step - loss: 0.0555 - acc: 0.9823 - val_loss: 0.0903 - val_acc: 0.9722
Epoch 4/30

  20/1298 [..............................] - ETA: 0s - loss: 0.0418 - acc: 1.0000
 460/1298 [=========>....................] - ETA: 0s - loss: 0.0314 - acc: 0.9935
 880/1298 [===================>..........] - ETA: 0s - loss: 0.0395 - acc: 0.9886
1298/1298 [==============================] - 0s 122us/step - loss: 0.0417 - acc: 0.9861 - val_loss: 0.0944 - val_acc: 0.9660
Epoch 5/30

  20/1298 [..............................] - ETA: 0s - loss: 0.0022 - acc: 1.0000
 500/1298 [==========>...................] - ETA: 0s - loss: 0.0342 - acc: 0.9860
 960/1298 [=====================>........] - ETA: 0s - loss: 0.0304 - acc: 0.9875
1298/1298 [==============================] - 0s 115us/step - loss: 0.0350 - acc: 0.9861 - val_loss: 0.0941 - val_acc: 0.9660
Epoch 6/30

  20/1298 [..............................] - ETA: 0s - loss: 0.0674 - acc: 0.9500
 360/1298 [=======>......................] - ETA: 0s - loss: 0.0153 - acc: 0.9972
 660/1298 [==============>...............] - ETA: 0s - loss: 0.0173 - acc: 0.9955
1120/1298 [========================>.....] - ETA: 0s - loss: 0.0222 - acc: 0.9920
1298/1298 [==============================] - 0s 142us/step - loss: 0.0240 - acc: 0.9915 - val_loss: 0.0890 - val_acc: 0.9784
Epoch 7/30

  20/1298 [..............................] - ETA: 0s - loss: 0.0687 - acc: 0.9500
 500/1298 [==========>...................] - ETA: 0s - loss: 0.0176 - acc: 0.9940
 900/1298 [===================>..........] - ETA: 0s - loss: 0.0247 - acc: 0.9922
1280/1298 [============================>.] - ETA: 0s - loss: 0.0247 - acc: 0.9930
1298/1298 [==============================] - 0s 129us/step - loss: 0.0247 - acc: 0.9931 - val_loss: 0.1047 - val_acc: 0.9568
Epoch 8/30

  20/1298 [..............................] - ETA: 0s - loss: 0.0038 - acc: 1.0000
 500/1298 [==========>...................] - ETA: 0s - loss: 0.0187 - acc: 0.9920
 980/1298 [=====================>........] - ETA: 0s - loss: 0.0183 - acc: 0.9929
1298/1298 [==============================] - 0s 115us/step - loss: 0.0290 - acc: 0.9900 - val_loss: 0.0895 - val_acc: 0.9722
Epoch 9/30

  20/1298 [..............................] - ETA: 0s - loss: 0.0084 - acc: 1.0000
 460/1298 [=========>....................] - ETA: 0s - loss: 0.0195 - acc: 0.9935
 920/1298 [====================>.........] - ETA: 0s - loss: 0.0169 - acc: 0.9946
1298/1298 [==============================] - 0s 119us/step - loss: 0.0198 - acc: 0.9938 - val_loss: 0.1249 - val_acc: 0.9722
Epoch 10/30

  20/1298 [..............................] - ETA: 0s - loss: 0.0118 - acc: 1.0000
 480/1298 [==========>...................] - ETA: 0s - loss: 0.0092 - acc: 0.9979
 940/1298 [====================>.........] - ETA: 0s - loss: 0.0155 - acc: 0.9957
1298/1298 [==============================] - 0s 126us/step - loss: 0.0137 - acc: 0.9961 - val_loss: 0.1152 - val_acc: 0.9722
Epoch 11/30

  20/1298 [..............................] - ETA: 0s - loss: 0.0026 - acc: 1.0000
 500/1298 [==========>...................] - ETA: 0s - loss: 0.0058 - acc: 0.9980
 980/1298 [=====================>........] - ETA: 0s - loss: 0.0070 - acc: 0.9980
1298/1298 [==============================] - 0s 112us/step - loss: 0.0088 - acc: 0.9969 - val_loss: 0.1118 - val_acc: 0.9722
Epoch 12/30

  20/1298 [..............................] - ETA: 0s - loss: 0.0028 - acc: 1.0000
 460/1298 [=========>....................] - ETA: 0s - loss: 0.0085 - acc: 0.9978
 940/1298 [====================>.........] - ETA: 0s - loss: 0.0085 - acc: 0.9989
1298/1298 [==============================] - 0s 118us/step - loss: 0.0141 - acc: 0.9961 - val_loss: 0.0906 - val_acc: 0.9784
Epoch 13/30

  20/1298 [..............................] - ETA: 0s - loss: 5.2119e-04 - acc: 1.0000
 500/1298 [==========>...................] - ETA: 0s - loss: 0.0071 - acc: 1.0000    
 960/1298 [=====================>........] - ETA: 0s - loss: 0.0063 - acc: 1.0000
1298/1298 [==============================] - 0s 120us/step - loss: 0.0104 - acc: 0.9977 - val_loss: 0.1105 - val_acc: 0.9784
Epoch 14/30

  20/1298 [..............................] - ETA: 0s - loss: 0.0300 - acc: 1.0000
 420/1298 [========>.....................] - ETA: 0s - loss: 0.0061 - acc: 1.0000
 900/1298 [===================>..........] - ETA: 0s - loss: 0.0120 - acc: 0.9967
1298/1298 [==============================] - 0s 123us/step - loss: 0.0112 - acc: 0.9961 - val_loss: 0.1180 - val_acc: 0.9722
acc: 97.84%
Train on 1299 samples, validate on 323 samples
Epoch 1/30

  20/1299 [..............................] - ETA: 51s - loss: 0.7259 - acc: 0.3000
 480/1299 [==========>...................] - ETA: 1s - loss: 0.3611 - acc: 0.8333 
 940/1299 [====================>.........] - ETA: 0s - loss: 0.2528 - acc: 0.8926
1299/1299 [==============================] - 1s 801us/step - loss: 0.2079 - acc: 0.9153 - val_loss: 0.1063 - val_acc: 0.9721
Epoch 2/30

  20/1299 [..............................] - ETA: 0s - loss: 0.0261 - acc: 1.0000
 440/1299 [=========>....................] - ETA: 0s - loss: 0.0909 - acc: 0.9727
 900/1299 [===================>..........] - ETA: 0s - loss: 0.0779 - acc: 0.9744
1280/1299 [============================>.] - ETA: 0s - loss: 0.0811 - acc: 0.9727
1299/1299 [==============================] - 0s 139us/step - loss: 0.0823 - acc: 0.9715 - val_loss: 0.1462 - val_acc: 0.9474
Epoch 3/30

  20/1299 [..............................] - ETA: 0s - loss: 0.0608 - acc: 0.9500
 400/1299 [========>.....................] - ETA: 0s - loss: 0.0729 - acc: 0.9750
 800/1299 [=================>............] - ETA: 0s - loss: 0.0735 - acc: 0.9700
1260/1299 [============================>.] - ETA: 0s - loss: 0.0722 - acc: 0.9730
1299/1299 [==============================] - 0s 128us/step - loss: 0.0709 - acc: 0.9738 - val_loss: 0.0901 - val_acc: 0.9690
Epoch 4/30

  20/1299 [..............................] - ETA: 0s - loss: 0.0127 - acc: 1.0000
 520/1299 [===========>..................] - ETA: 0s - loss: 0.0460 - acc: 0.9788
 980/1299 [=====================>........] - ETA: 0s - loss: 0.0480 - acc: 0.9806
1299/1299 [==============================] - 0s 121us/step - loss: 0.0456 - acc: 0.9808 - val_loss: 0.0800 - val_acc: 0.9752
Epoch 5/30

  20/1299 [..............................] - ETA: 0s - loss: 0.0037 - acc: 1.0000
 480/1299 [==========>...................] - ETA: 0s - loss: 0.0386 - acc: 0.9854
 960/1299 [=====================>........] - ETA: 0s - loss: 0.0285 - acc: 0.9917
1299/1299 [==============================] - 0s 117us/step - loss: 0.0380 - acc: 0.9877 - val_loss: 0.0914 - val_acc: 0.9752
Epoch 6/30

  20/1299 [..............................] - ETA: 0s - loss: 0.0018 - acc: 1.0000
 480/1299 [==========>...................] - ETA: 0s - loss: 0.0225 - acc: 0.9937
 940/1299 [====================>.........] - ETA: 0s - loss: 0.0330 - acc: 0.9904
1299/1299 [==============================] - 0s 117us/step - loss: 0.0307 - acc: 0.9908 - val_loss: 0.1226 - val_acc: 0.9598
Epoch 7/30

  20/1299 [..............................] - ETA: 0s - loss: 0.1066 - acc: 0.9500
 500/1299 [==========>...................] - ETA: 0s - loss: 0.0425 - acc: 0.9860
 840/1299 [==================>...........] - ETA: 0s - loss: 0.0402 - acc: 0.9857
1220/1299 [===========================>..] - ETA: 0s - loss: 0.0335 - acc: 0.9877
1299/1299 [==============================] - 0s 154us/step - loss: 0.0322 - acc: 0.9885 - val_loss: 0.0821 - val_acc: 0.9721
Epoch 8/30

  20/1299 [..............................] - ETA: 0s - loss: 0.0059 - acc: 1.0000
 460/1299 [=========>....................] - ETA: 0s - loss: 0.0196 - acc: 0.9935
 920/1299 [====================>.........] - ETA: 0s - loss: 0.0189 - acc: 0.9946
1299/1299 [==============================] - 0s 120us/step - loss: 0.0219 - acc: 0.9931 - val_loss: 0.0757 - val_acc: 0.9721
Epoch 9/30

  20/1299 [..............................] - ETA: 0s - loss: 0.2284 - acc: 0.9500
 360/1299 [=======>......................] - ETA: 0s - loss: 0.0457 - acc: 0.9889
 820/1299 [=================>............] - ETA: 0s - loss: 0.0291 - acc: 0.9927
1280/1299 [============================>.] - ETA: 0s - loss: 0.0273 - acc: 0.9930
1299/1299 [==============================] - 0s 130us/step - loss: 0.0269 - acc: 0.9931 - val_loss: 0.0862 - val_acc: 0.9752
Epoch 10/30

  20/1299 [..............................] - ETA: 0s - loss: 3.4934e-04 - acc: 1.0000
 480/1299 [==========>...................] - ETA: 0s - loss: 0.0136 - acc: 0.9979    
 860/1299 [==================>...........] - ETA: 0s - loss: 0.0184 - acc: 0.9977
1200/1299 [==========================>...] - ETA: 0s - loss: 0.0190 - acc: 0.9958
1299/1299 [==============================] - 0s 140us/step - loss: 0.0247 - acc: 0.9954 - val_loss: 0.0819 - val_acc: 0.9752
Epoch 11/30

  20/1299 [..............................] - ETA: 0s - loss: 8.9429e-04 - acc: 1.0000
 460/1299 [=========>....................] - ETA: 0s - loss: 0.0063 - acc: 0.9978    
 640/1299 [=============>................] - ETA: 0s - loss: 0.0055 - acc: 0.9984
1000/1299 [======================>.......] - ETA: 0s - loss: 0.0107 - acc: 0.9960
1299/1299 [==============================] - 0s 155us/step - loss: 0.0204 - acc: 0.9938 - val_loss: 0.0762 - val_acc: 0.9690
Epoch 12/30

  20/1299 [..............................] - ETA: 0s - loss: 0.0024 - acc: 1.0000
 480/1299 [==========>...................] - ETA: 0s - loss: 0.0249 - acc: 0.9979
 960/1299 [=====================>........] - ETA: 0s - loss: 0.0254 - acc: 0.9948
1299/1299 [==============================] - 0s 115us/step - loss: 0.0219 - acc: 0.9962 - val_loss: 0.0796 - val_acc: 0.9721
acc: 97.52%
Accuracy: 97.60% (+/- 0.53%)
