Train on 1459 samples, validate on 163 samples
Epoch 1/30

  20/1459 [..............................] - ETA: 54s - loss: 0.7073 - acc: 0.5000
 360/1459 [======>.......................] - ETA: 2s - loss: 0.6464 - acc: 0.6250 
 680/1459 [============>.................] - ETA: 0s - loss: 0.5997 - acc: 0.7147
 980/1459 [===================>..........] - ETA: 0s - loss: 0.5530 - acc: 0.7837
1260/1459 [========================>.....] - ETA: 0s - loss: 0.5053 - acc: 0.8246
1459/1459 [==============================] - 1s 734us/step - loss: 0.4730 - acc: 0.8437 - val_loss: 0.2614 - val_acc: 0.9448
Epoch 2/30

  20/1459 [..............................] - ETA: 0s - loss: 0.2310 - acc: 0.9500
 360/1459 [======>.......................] - ETA: 0s - loss: 0.1963 - acc: 0.9806
 680/1459 [============>.................] - ETA: 0s - loss: 0.1746 - acc: 0.9779
 980/1459 [===================>..........] - ETA: 0s - loss: 0.1581 - acc: 0.9765
1300/1459 [=========================>....] - ETA: 0s - loss: 0.1465 - acc: 0.9754
1459/1459 [==============================] - 0s 164us/step - loss: 0.1412 - acc: 0.9760 - val_loss: 0.1348 - val_acc: 0.9509
Epoch 3/30

  20/1459 [..............................] - ETA: 0s - loss: 0.0630 - acc: 1.0000
 380/1459 [======>.......................] - ETA: 0s - loss: 0.0749 - acc: 0.9868
 740/1459 [==============>...............] - ETA: 0s - loss: 0.0703 - acc: 0.9838
1100/1459 [=====================>........] - ETA: 0s - loss: 0.0778 - acc: 0.9809
1440/1459 [============================>.] - ETA: 0s - loss: 0.0764 - acc: 0.9799
1459/1459 [==============================] - 0s 147us/step - loss: 0.0758 - acc: 0.9801 - val_loss: 0.1182 - val_acc: 0.9571
Epoch 4/30

  20/1459 [..............................] - ETA: 0s - loss: 0.0241 - acc: 1.0000
 360/1459 [======>.......................] - ETA: 0s - loss: 0.0455 - acc: 0.9972
 700/1459 [=============>................] - ETA: 0s - loss: 0.0528 - acc: 0.9900
1060/1459 [====================>.........] - ETA: 0s - loss: 0.0499 - acc: 0.9906
1420/1459 [============================>.] - ETA: 0s - loss: 0.0509 - acc: 0.9880
1459/1459 [==============================] - 0s 151us/step - loss: 0.0516 - acc: 0.9877 - val_loss: 0.1127 - val_acc: 0.9571
Epoch 5/30

  20/1459 [..............................] - ETA: 0s - loss: 0.0430 - acc: 1.0000
 380/1459 [======>.......................] - ETA: 0s - loss: 0.0287 - acc: 1.0000
 740/1459 [==============>...............] - ETA: 0s - loss: 0.0304 - acc: 0.9973
1100/1459 [=====================>........] - ETA: 0s - loss: 0.0353 - acc: 0.9945
1459/1459 [==============================] - 0s 147us/step - loss: 0.0374 - acc: 0.9938 - val_loss: 0.1081 - val_acc: 0.9693
Epoch 6/30

  20/1459 [..............................] - ETA: 0s - loss: 0.0105 - acc: 1.0000
 400/1459 [=======>......................] - ETA: 0s - loss: 0.0228 - acc: 0.9975
 760/1459 [==============>...............] - ETA: 0s - loss: 0.0251 - acc: 0.9961
1120/1459 [======================>.......] - ETA: 0s - loss: 0.0259 - acc: 0.9964
1459/1459 [==============================] - 0s 144us/step - loss: 0.0277 - acc: 0.9959 - val_loss: 0.1068 - val_acc: 0.9693
Epoch 7/30

  20/1459 [..............................] - ETA: 0s - loss: 0.0201 - acc: 1.0000
 380/1459 [======>.......................] - ETA: 0s - loss: 0.0237 - acc: 0.9974
 720/1459 [=============>................] - ETA: 0s - loss: 0.0182 - acc: 0.9986
1100/1459 [=====================>........] - ETA: 0s - loss: 0.0180 - acc: 0.9991
1459/1459 [==============================] - 0s 148us/step - loss: 0.0216 - acc: 0.9973 - val_loss: 0.1034 - val_acc: 0.9693
acc: 96.93%
Train on 1459 samples, validate on 163 samples
Epoch 1/30

  20/1459 [..............................] - ETA: 55s - loss: 0.6838 - acc: 0.6000
 320/1459 [=====>........................] - ETA: 2s - loss: 0.6545 - acc: 0.6188 
 620/1459 [===========>..................] - ETA: 1s - loss: 0.6124 - acc: 0.6968
 920/1459 [=================>............] - ETA: 0s - loss: 0.5679 - acc: 0.7804
1240/1459 [========================>.....] - ETA: 0s - loss: 0.5095 - acc: 0.8315
1459/1459 [==============================] - 1s 755us/step - loss: 0.4731 - acc: 0.8513 - val_loss: 0.2686 - val_acc: 0.9509
Epoch 2/30

  20/1459 [..............................] - ETA: 0s - loss: 0.1828 - acc: 1.0000
 340/1459 [=====>........................] - ETA: 0s - loss: 0.1803 - acc: 0.9882
 620/1459 [===========>..................] - ETA: 0s - loss: 0.1623 - acc: 0.9823
 920/1459 [=================>............] - ETA: 0s - loss: 0.1462 - acc: 0.9837
1240/1459 [========================>.....] - ETA: 0s - loss: 0.1449 - acc: 0.9766
1459/1459 [==============================] - 0s 175us/step - loss: 0.1368 - acc: 0.9788 - val_loss: 0.1375 - val_acc: 0.9571
Epoch 3/30

  20/1459 [..............................] - ETA: 0s - loss: 0.0576 - acc: 1.0000
 340/1459 [=====>........................] - ETA: 0s - loss: 0.0797 - acc: 0.9853
 640/1459 [============>.................] - ETA: 0s - loss: 0.0804 - acc: 0.9844
 900/1459 [=================>............] - ETA: 0s - loss: 0.0753 - acc: 0.9844
1180/1459 [=======================>......] - ETA: 0s - loss: 0.0766 - acc: 0.9831
1459/1459 [==============================] - 0s 184us/step - loss: 0.0718 - acc: 0.9849 - val_loss: 0.1121 - val_acc: 0.9448
Epoch 4/30

  20/1459 [..............................] - ETA: 0s - loss: 0.0295 - acc: 1.0000
 360/1459 [======>.......................] - ETA: 0s - loss: 0.0405 - acc: 0.9944
 680/1459 [============>.................] - ETA: 0s - loss: 0.0413 - acc: 0.9926
1020/1459 [===================>..........] - ETA: 0s - loss: 0.0422 - acc: 0.9931
1280/1459 [=========================>....] - ETA: 0s - loss: 0.0486 - acc: 0.9906
1459/1459 [==============================] - 0s 171us/step - loss: 0.0488 - acc: 0.9904 - val_loss: 0.1048 - val_acc: 0.9509
acc: 95.71%
Train on 1459 samples, validate on 163 samples
Epoch 1/30

  20/1459 [..............................] - ETA: 1:01 - loss: 0.6890 - acc: 0.5000
 340/1459 [=====>........................] - ETA: 2s - loss: 0.6469 - acc: 0.6294  
 640/1459 [============>.................] - ETA: 1s - loss: 0.6042 - acc: 0.7172
1000/1459 [===================>..........] - ETA: 0s - loss: 0.5452 - acc: 0.7980
1420/1459 [============================>.] - ETA: 0s - loss: 0.4754 - acc: 0.8479
1459/1459 [==============================] - 1s 791us/step - loss: 0.4707 - acc: 0.8499 - val_loss: 0.2479 - val_acc: 0.9632
Epoch 2/30

  20/1459 [..............................] - ETA: 0s - loss: 0.2022 - acc: 0.9500
 440/1459 [========>.....................] - ETA: 0s - loss: 0.1851 - acc: 0.9727
 860/1459 [================>.............] - ETA: 0s - loss: 0.1634 - acc: 0.9721
1300/1459 [=========================>....] - ETA: 0s - loss: 0.1461 - acc: 0.9731
1459/1459 [==============================] - 0s 121us/step - loss: 0.1395 - acc: 0.9746 - val_loss: 0.1262 - val_acc: 0.9755
Epoch 3/30

  20/1459 [..............................] - ETA: 0s - loss: 0.0870 - acc: 0.9500
 460/1459 [========>.....................] - ETA: 0s - loss: 0.0757 - acc: 0.9848
 900/1459 [=================>............] - ETA: 0s - loss: 0.0829 - acc: 0.9800
1360/1459 [==========================>...] - ETA: 0s - loss: 0.0752 - acc: 0.9801
1459/1459 [==============================] - 0s 119us/step - loss: 0.0750 - acc: 0.9801 - val_loss: 0.1002 - val_acc: 0.9693
Epoch 4/30

  20/1459 [..............................] - ETA: 0s - loss: 0.0250 - acc: 1.0000
 420/1459 [=======>......................] - ETA: 0s - loss: 0.0378 - acc: 0.9976
 860/1459 [================>.............] - ETA: 0s - loss: 0.0431 - acc: 0.9942
1280/1459 [=========================>....] - ETA: 0s - loss: 0.0513 - acc: 0.9883
1459/1459 [==============================] - 0s 123us/step - loss: 0.0505 - acc: 0.9883 - val_loss: 0.0917 - val_acc: 0.9755
acc: 97.55%
Train on 1460 samples, validate on 162 samples
Epoch 1/30

  20/1460 [..............................] - ETA: 56s - loss: 0.6828 - acc: 0.6000
 440/1460 [========>.....................] - ETA: 1s - loss: 0.6383 - acc: 0.6591 
 860/1460 [================>.............] - ETA: 0s - loss: 0.5753 - acc: 0.7814
1300/1460 [=========================>....] - ETA: 0s - loss: 0.5029 - acc: 0.8415
1460/1460 [==============================] - 1s 718us/step - loss: 0.4778 - acc: 0.8534 - val_loss: 0.2453 - val_acc: 0.9691
Epoch 2/30

  20/1460 [..............................] - ETA: 0s - loss: 0.2100 - acc: 1.0000
 420/1460 [=======>......................] - ETA: 0s - loss: 0.1907 - acc: 0.9810
 840/1460 [================>.............] - ETA: 0s - loss: 0.1649 - acc: 0.9774
1260/1460 [========================>.....] - ETA: 0s - loss: 0.1490 - acc: 0.9754
1460/1460 [==============================] - 0s 130us/step - loss: 0.1428 - acc: 0.9747 - val_loss: 0.1124 - val_acc: 0.9630
Epoch 3/30

  20/1460 [..............................] - ETA: 0s - loss: 0.0479 - acc: 1.0000
 420/1460 [=======>......................] - ETA: 0s - loss: 0.0791 - acc: 0.9833
 880/1460 [=================>............] - ETA: 0s - loss: 0.0750 - acc: 0.9852
1340/1460 [==========================>...] - ETA: 0s - loss: 0.0784 - acc: 0.9806
1460/1460 [==============================] - 0s 122us/step - loss: 0.0774 - acc: 0.9808 - val_loss: 0.0893 - val_acc: 0.9691
acc: 96.91%
Train on 1460 samples, validate on 162 samples
Epoch 1/30

  20/1460 [..............................] - ETA: 1:02 - loss: 0.6930 - acc: 0.4000
 460/1460 [========>.....................] - ETA: 1s - loss: 0.6366 - acc: 0.6870  
 920/1460 [=================>............] - ETA: 0s - loss: 0.5671 - acc: 0.7967
1360/1460 [==========================>...] - ETA: 0s - loss: 0.4911 - acc: 0.8544
1460/1460 [==============================] - 1s 773us/step - loss: 0.4761 - acc: 0.8596 - val_loss: 0.2322 - val_acc: 0.9815
Epoch 2/30

  20/1460 [..............................] - ETA: 0s - loss: 0.1934 - acc: 1.0000
 420/1460 [=======>......................] - ETA: 0s - loss: 0.1927 - acc: 0.9738
 820/1460 [===============>..............] - ETA: 0s - loss: 0.1763 - acc: 0.9671
1200/1460 [=======================>......] - ETA: 0s - loss: 0.1517 - acc: 0.9700
1460/1460 [==============================] - 0s 131us/step - loss: 0.1442 - acc: 0.9719 - val_loss: 0.0945 - val_acc: 0.9815
Epoch 3/30

  20/1460 [..............................] - ETA: 0s - loss: 0.0601 - acc: 1.0000
 440/1460 [========>.....................] - ETA: 0s - loss: 0.0862 - acc: 0.9795
 860/1460 [================>.............] - ETA: 0s - loss: 0.0819 - acc: 0.9814
1240/1460 [========================>.....] - ETA: 0s - loss: 0.0792 - acc: 0.9798
1460/1460 [==============================] - 0s 129us/step - loss: 0.0788 - acc: 0.9808 - val_loss: 0.0753 - val_acc: 0.9815
acc: 98.15%
Train on 1460 samples, validate on 162 samples
Epoch 1/30

  20/1460 [..............................] - ETA: 1:10 - loss: 0.7193 - acc: 0.5000
 460/1460 [========>.....................] - ETA: 2s - loss: 0.6377 - acc: 0.7109  
 840/1460 [================>.............] - ETA: 0s - loss: 0.5853 - acc: 0.7750
1220/1460 [========================>.....] - ETA: 0s - loss: 0.5226 - acc: 0.8303
1460/1460 [==============================] - 1s 880us/step - loss: 0.4824 - acc: 0.8534 - val_loss: 0.2384 - val_acc: 0.9753
Epoch 2/30

  20/1460 [..............................] - ETA: 0s - loss: 0.3363 - acc: 0.8500
 460/1460 [========>.....................] - ETA: 0s - loss: 0.2060 - acc: 0.9674
 860/1460 [================>.............] - ETA: 0s - loss: 0.1648 - acc: 0.9791
1260/1460 [========================>.....] - ETA: 0s - loss: 0.1489 - acc: 0.9762
1460/1460 [==============================] - 0s 130us/step - loss: 0.1454 - acc: 0.9733 - val_loss: 0.0873 - val_acc: 0.9753
Epoch 3/30

  20/1460 [..............................] - ETA: 0s - loss: 0.0374 - acc: 1.0000
 400/1460 [=======>......................] - ETA: 0s - loss: 0.0887 - acc: 0.9800
 820/1460 [===============>..............] - ETA: 0s - loss: 0.0856 - acc: 0.9805
1240/1460 [========================>.....] - ETA: 0s - loss: 0.0814 - acc: 0.9815
1460/1460 [==============================] - 0s 131us/step - loss: 0.0775 - acc: 0.9836 - val_loss: 0.0612 - val_acc: 0.9753
acc: 97.53%
Train on 1460 samples, validate on 162 samples
Epoch 1/30

  20/1460 [..............................] - ETA: 1:16 - loss: 0.6772 - acc: 0.5000
 420/1460 [=======>......................] - ETA: 2s - loss: 0.6465 - acc: 0.6286  
 800/1460 [===============>..............] - ETA: 0s - loss: 0.5911 - acc: 0.7262
1180/1460 [=======================>......] - ETA: 0s - loss: 0.5309 - acc: 0.7932
1460/1460 [==============================] - 1s 944us/step - loss: 0.4878 - acc: 0.8253 - val_loss: 0.2422 - val_acc: 0.9630
Epoch 2/30

  20/1460 [..............................] - ETA: 0s - loss: 0.2498 - acc: 0.9000
 400/1460 [=======>......................] - ETA: 0s - loss: 0.2045 - acc: 0.9700
 780/1460 [===============>..............] - ETA: 0s - loss: 0.1805 - acc: 0.9718
1140/1460 [======================>.......] - ETA: 0s - loss: 0.1643 - acc: 0.9711
1460/1460 [==============================] - 0s 137us/step - loss: 0.1489 - acc: 0.9747 - val_loss: 0.1037 - val_acc: 0.9691
Epoch 3/30

  20/1460 [..............................] - ETA: 0s - loss: 0.0608 - acc: 1.0000
 420/1460 [=======>......................] - ETA: 0s - loss: 0.0782 - acc: 0.9857
 800/1460 [===============>..............] - ETA: 0s - loss: 0.0824 - acc: 0.9837
1220/1460 [========================>.....] - ETA: 0s - loss: 0.0755 - acc: 0.9836
1460/1460 [==============================] - 0s 132us/step - loss: 0.0751 - acc: 0.9829 - val_loss: 0.0885 - val_acc: 0.9691
Epoch 4/30

  20/1460 [..............................] - ETA: 0s - loss: 0.0316 - acc: 1.0000
 420/1460 [=======>......................] - ETA: 0s - loss: 0.0572 - acc: 0.9857
 840/1460 [================>.............] - ETA: 0s - loss: 0.0470 - acc: 0.9917
1180/1460 [=======================>......] - ETA: 0s - loss: 0.0535 - acc: 0.9864
1460/1460 [==============================] - 0s 136us/step - loss: 0.0509 - acc: 0.9877 - val_loss: 0.0804 - val_acc: 0.9815
Epoch 5/30

  20/1460 [..............................] - ETA: 0s - loss: 0.0141 - acc: 1.0000
 420/1460 [=======>......................] - ETA: 0s - loss: 0.0340 - acc: 1.0000
 840/1460 [================>.............] - ETA: 0s - loss: 0.0316 - acc: 0.9988
1200/1460 [=======================>......] - ETA: 0s - loss: 0.0342 - acc: 0.9958
1460/1460 [==============================] - 0s 134us/step - loss: 0.0359 - acc: 0.9945 - val_loss: 0.0792 - val_acc: 0.9815
Epoch 6/30

  20/1460 [..............................] - ETA: 0s - loss: 0.0338 - acc: 1.0000
 400/1460 [=======>......................] - ETA: 0s - loss: 0.0199 - acc: 1.0000
 780/1460 [===============>..............] - ETA: 0s - loss: 0.0244 - acc: 0.9974
1140/1460 [======================>.......] - ETA: 0s - loss: 0.0280 - acc: 0.9965
1460/1460 [==============================] - 0s 144us/step - loss: 0.0268 - acc: 0.9973 - val_loss: 0.0765 - val_acc: 0.9877
Epoch 7/30

  20/1460 [..............................] - ETA: 0s - loss: 0.0200 - acc: 1.0000
 360/1460 [======>.......................] - ETA: 0s - loss: 0.0265 - acc: 0.9944
 700/1460 [=============>................] - ETA: 0s - loss: 0.0238 - acc: 0.9971
1100/1460 [=====================>........] - ETA: 0s - loss: 0.0212 - acc: 0.9982
1460/1460 [==============================] - 0s 143us/step - loss: 0.0198 - acc: 0.9979 - val_loss: 0.0797 - val_acc: 0.9877
Epoch 8/30

  20/1460 [..............................] - ETA: 0s - loss: 0.0122 - acc: 1.0000
 420/1460 [=======>......................] - ETA: 0s - loss: 0.0128 - acc: 1.0000
 800/1460 [===============>..............] - ETA: 0s - loss: 0.0167 - acc: 0.9975
1160/1460 [======================>.......] - ETA: 0s - loss: 0.0168 - acc: 0.9983
1460/1460 [==============================] - 0s 140us/step - loss: 0.0158 - acc: 0.9986 - val_loss: 0.0789 - val_acc: 0.9877
acc: 98.77%
Train on 1460 samples, validate on 162 samples
Epoch 1/30

  20/1460 [..............................] - ETA: 1:25 - loss: 0.7125 - acc: 0.4500
 400/1460 [=======>......................] - ETA: 3s - loss: 0.6581 - acc: 0.6275  
 800/1460 [===============>..............] - ETA: 1s - loss: 0.5999 - acc: 0.7575
1200/1460 [=======================>......] - ETA: 0s - loss: 0.5323 - acc: 0.8242
1460/1460 [==============================] - 2s 1ms/step - loss: 0.4875 - acc: 0.8493 - val_loss: 0.2383 - val_acc: 0.9691
Epoch 2/30

  20/1460 [..............................] - ETA: 0s - loss: 0.3028 - acc: 0.8500
 460/1460 [========>.....................] - ETA: 0s - loss: 0.1960 - acc: 0.9717
 880/1460 [=================>............] - ETA: 0s - loss: 0.1673 - acc: 0.9739
1260/1460 [========================>.....] - ETA: 0s - loss: 0.1511 - acc: 0.9738
1460/1460 [==============================] - 0s 128us/step - loss: 0.1430 - acc: 0.9747 - val_loss: 0.1044 - val_acc: 0.9753
Epoch 3/30

  20/1460 [..............................] - ETA: 0s - loss: 0.1209 - acc: 0.9500
 400/1460 [=======>......................] - ETA: 0s - loss: 0.0837 - acc: 0.9750
 800/1460 [===============>..............] - ETA: 0s - loss: 0.0790 - acc: 0.9800
1200/1460 [=======================>......] - ETA: 0s - loss: 0.0825 - acc: 0.9783
1460/1460 [==============================] - 0s 135us/step - loss: 0.0755 - acc: 0.9808 - val_loss: 0.0867 - val_acc: 0.9753
Epoch 4/30

  20/1460 [..............................] - ETA: 0s - loss: 0.0648 - acc: 1.0000
 420/1460 [=======>......................] - ETA: 0s - loss: 0.0547 - acc: 0.9857
 780/1460 [===============>..............] - ETA: 0s - loss: 0.0538 - acc: 0.9859
1120/1460 [======================>.......] - ETA: 0s - loss: 0.0488 - acc: 0.9893
1460/1460 [==============================] - 0s 143us/step - loss: 0.0512 - acc: 0.9870 - val_loss: 0.0809 - val_acc: 0.9753
acc: 97.53%
Train on 1460 samples, validate on 162 samples
Epoch 1/30

  20/1460 [..............................] - ETA: 1:35 - loss: 0.7110 - acc: 0.4000
 400/1460 [=======>......................] - ETA: 3s - loss: 0.6475 - acc: 0.6775  
 800/1460 [===============>..............] - ETA: 1s - loss: 0.5804 - acc: 0.7862
1220/1460 [========================>.....] - ETA: 0s - loss: 0.5107 - acc: 0.8484
1460/1460 [==============================] - 2s 1ms/step - loss: 0.4715 - acc: 0.8651 - val_loss: 0.2253 - val_acc: 0.9630
Epoch 2/30

  20/1460 [..............................] - ETA: 0s - loss: 0.2124 - acc: 1.0000
 460/1460 [========>.....................] - ETA: 0s - loss: 0.1861 - acc: 0.9761
 880/1460 [=================>............] - ETA: 0s - loss: 0.1682 - acc: 0.9693
1320/1460 [==========================>...] - ETA: 0s - loss: 0.1466 - acc: 0.9735
1460/1460 [==============================] - 0s 124us/step - loss: 0.1405 - acc: 0.9747 - val_loss: 0.1085 - val_acc: 0.9630
Epoch 3/30

  20/1460 [..............................] - ETA: 0s - loss: 0.0626 - acc: 1.0000
 420/1460 [=======>......................] - ETA: 0s - loss: 0.0864 - acc: 0.9762
 840/1460 [================>.............] - ETA: 0s - loss: 0.0827 - acc: 0.9798
1220/1460 [========================>.....] - ETA: 0s - loss: 0.0777 - acc: 0.9820
1460/1460 [==============================] - 0s 132us/step - loss: 0.0756 - acc: 0.9822 - val_loss: 0.0908 - val_acc: 0.9630
acc: 96.30%
Train on 1461 samples, validate on 161 samples
Epoch 1/30

  20/1461 [..............................] - ETA: 1:44 - loss: 0.6985 - acc: 0.6000
 440/1461 [========>.....................] - ETA: 3s - loss: 0.6283 - acc: 0.7068  
 880/1461 [=================>............] - ETA: 1s - loss: 0.5642 - acc: 0.7977
1320/1461 [==========================>...] - ETA: 0s - loss: 0.4838 - acc: 0.8561
1461/1461 [==============================] - 2s 1ms/step - loss: 0.4610 - acc: 0.8665 - val_loss: 0.2078 - val_acc: 0.9814
Epoch 2/30

  20/1461 [..............................] - ETA: 0s - loss: 0.1957 - acc: 1.0000
 420/1461 [=======>......................] - ETA: 0s - loss: 0.1874 - acc: 0.9762
 760/1461 [==============>...............] - ETA: 0s - loss: 0.1704 - acc: 0.9724
1120/1461 [=====================>........] - ETA: 0s - loss: 0.1583 - acc: 0.9705
1461/1461 [==============================] - 0s 146us/step - loss: 0.1395 - acc: 0.9747 - val_loss: 0.0722 - val_acc: 0.9876
Epoch 3/30

  20/1461 [..............................] - ETA: 0s - loss: 0.0425 - acc: 1.0000
 340/1461 [=====>........................] - ETA: 0s - loss: 0.0835 - acc: 0.9794
 700/1461 [=============>................] - ETA: 0s - loss: 0.0740 - acc: 0.9871
1080/1461 [=====================>........] - ETA: 0s - loss: 0.0734 - acc: 0.9843
1440/1461 [============================>.] - ETA: 0s - loss: 0.0764 - acc: 0.9799
1461/1461 [==============================] - 0s 151us/step - loss: 0.0760 - acc: 0.9802 - val_loss: 0.0513 - val_acc: 0.9876
Epoch 4/30

  20/1461 [..............................] - ETA: 0s - loss: 0.0422 - acc: 1.0000
 420/1461 [=======>......................] - ETA: 0s - loss: 0.0496 - acc: 0.9929
 820/1461 [===============>..............] - ETA: 0s - loss: 0.0506 - acc: 0.9915
1180/1461 [=======================>......] - ETA: 0s - loss: 0.0489 - acc: 0.9907
1461/1461 [==============================] - 0s 139us/step - loss: 0.0519 - acc: 0.9884 - val_loss: 0.0419 - val_acc: 0.9938
Epoch 5/30

  20/1461 [..............................] - ETA: 0s - loss: 0.0279 - acc: 1.0000
 400/1461 [=======>......................] - ETA: 0s - loss: 0.0369 - acc: 0.9950
 780/1461 [===============>..............] - ETA: 0s - loss: 0.0342 - acc: 0.9949
1160/1461 [======================>.......] - ETA: 0s - loss: 0.0349 - acc: 0.9957
1461/1461 [==============================] - 0s 142us/step - loss: 0.0384 - acc: 0.9945 - val_loss: 0.0361 - val_acc: 0.9876
Epoch 6/30

  20/1461 [..............................] - ETA: 0s - loss: 0.0213 - acc: 1.0000
 420/1461 [=======>......................] - ETA: 0s - loss: 0.0267 - acc: 0.9976
 780/1461 [===============>..............] - ETA: 0s - loss: 0.0276 - acc: 0.9962
1200/1461 [=======================>......] - ETA: 0s - loss: 0.0280 - acc: 0.9950
1461/1461 [==============================] - 0s 138us/step - loss: 0.0276 - acc: 0.9952 - val_loss: 0.0321 - val_acc: 0.9938
acc: 99.38%
Accuracy: 97.47% (+/- 1.04%)
