Train on 1297 samples, validate on 325 samples
Epoch 1/30

  10/1297 [..............................] - ETA: 56s - loss: 0.7087 - acc: 0.3000
 270/1297 [=====>........................] - ETA: 1s - loss: 0.4644 - acc: 0.7852 
 530/1297 [===========>..................] - ETA: 0s - loss: 0.3083 - acc: 0.8717
 790/1297 [=================>............] - ETA: 0s - loss: 0.2399 - acc: 0.9025
1040/1297 [=======================>......] - ETA: 0s - loss: 0.1942 - acc: 0.9231
1297/1297 [==============================] - 1s 582us/step - loss: 0.1738 - acc: 0.9322 - val_loss: 0.1290 - val_acc: 0.9569
Epoch 2/30

  10/1297 [..............................] - ETA: 0s - loss: 0.0110 - acc: 1.0000
 270/1297 [=====>........................] - ETA: 0s - loss: 0.0272 - acc: 0.9926
 530/1297 [===========>..................] - ETA: 0s - loss: 0.0304 - acc: 0.9906
 780/1297 [=================>............] - ETA: 0s - loss: 0.0290 - acc: 0.9923
1040/1297 [=======================>......] - ETA: 0s - loss: 0.0351 - acc: 0.9913
1297/1297 [==============================] - 0s 208us/step - loss: 0.0439 - acc: 0.9884 - val_loss: 0.1194 - val_acc: 0.9600
Epoch 3/30

  10/1297 [..............................] - ETA: 0s - loss: 0.0273 - acc: 1.0000
 280/1297 [=====>........................] - ETA: 0s - loss: 0.0205 - acc: 0.9964
 540/1297 [===========>..................] - ETA: 0s - loss: 0.0186 - acc: 0.9963
 800/1297 [=================>............] - ETA: 0s - loss: 0.0176 - acc: 0.9962
1070/1297 [=======================>......] - ETA: 0s - loss: 0.0198 - acc: 0.9953
1297/1297 [==============================] - 0s 204us/step - loss: 0.0210 - acc: 0.9946 - val_loss: 0.1165 - val_acc: 0.9600
Epoch 4/30

  10/1297 [..............................] - ETA: 0s - loss: 0.0059 - acc: 1.0000
 260/1297 [=====>........................] - ETA: 0s - loss: 0.0271 - acc: 0.9885
 520/1297 [===========>..................] - ETA: 0s - loss: 0.0163 - acc: 0.9942
 780/1297 [=================>............] - ETA: 0s - loss: 0.0118 - acc: 0.9962
1040/1297 [=======================>......] - ETA: 0s - loss: 0.0109 - acc: 0.9962
1290/1297 [============================>.] - ETA: 0s - loss: 0.0098 - acc: 0.9969
1297/1297 [==============================] - 0s 211us/step - loss: 0.0097 - acc: 0.9969 - val_loss: 0.1185 - val_acc: 0.9538
acc: 96.00%
Train on 1297 samples, validate on 325 samples
Epoch 1/30

  10/1297 [..............................] - ETA: 1:04 - loss: 0.6599 - acc: 0.8000
 280/1297 [=====>........................] - ETA: 2s - loss: 0.4711 - acc: 0.7929  
 540/1297 [===========>..................] - ETA: 0s - loss: 0.3239 - acc: 0.8722
 800/1297 [=================>............] - ETA: 0s - loss: 0.2476 - acc: 0.9050
1050/1297 [=======================>......] - ETA: 0s - loss: 0.2132 - acc: 0.9200
1297/1297 [==============================] - 1s 640us/step - loss: 0.2025 - acc: 0.9252 - val_loss: 0.1043 - val_acc: 0.9723
Epoch 2/30

  10/1297 [..............................] - ETA: 0s - loss: 0.1231 - acc: 0.9000
 280/1297 [=====>........................] - ETA: 0s - loss: 0.0702 - acc: 0.9857
 540/1297 [===========>..................] - ETA: 0s - loss: 0.0590 - acc: 0.9833
 790/1297 [=================>............] - ETA: 0s - loss: 0.0507 - acc: 0.9861
1040/1297 [=======================>......] - ETA: 0s - loss: 0.0422 - acc: 0.9894
1297/1297 [==============================] - 0s 210us/step - loss: 0.0416 - acc: 0.9884 - val_loss: 0.1048 - val_acc: 0.9631
Epoch 3/30

  10/1297 [..............................] - ETA: 0s - loss: 0.0523 - acc: 1.0000
 260/1297 [=====>........................] - ETA: 0s - loss: 0.0322 - acc: 0.9962
 510/1297 [==========>...................] - ETA: 0s - loss: 0.0204 - acc: 0.9980
 770/1297 [================>.............] - ETA: 0s - loss: 0.0206 - acc: 0.9974
1020/1297 [======================>.......] - ETA: 0s - loss: 0.0189 - acc: 0.9971
1280/1297 [============================>.] - ETA: 0s - loss: 0.0180 - acc: 0.9969
1297/1297 [==============================] - 0s 213us/step - loss: 0.0179 - acc: 0.9969 - val_loss: 0.0817 - val_acc: 0.9754
Epoch 4/30

  10/1297 [..............................] - ETA: 0s - loss: 0.0015 - acc: 1.0000
 280/1297 [=====>........................] - ETA: 0s - loss: 0.0071 - acc: 1.0000
 540/1297 [===========>..................] - ETA: 0s - loss: 0.0125 - acc: 0.9981
 800/1297 [=================>............] - ETA: 0s - loss: 0.0117 - acc: 0.9987
1060/1297 [=======================>......] - ETA: 0s - loss: 0.0116 - acc: 0.9981
1297/1297 [==============================] - 0s 209us/step - loss: 0.0104 - acc: 0.9985 - val_loss: 0.0873 - val_acc: 0.9754
Epoch 5/30

  10/1297 [..............................] - ETA: 0s - loss: 0.0035 - acc: 1.0000
 230/1297 [====>.........................] - ETA: 0s - loss: 0.0020 - acc: 1.0000
 470/1297 [=========>....................] - ETA: 0s - loss: 0.0032 - acc: 1.0000
 720/1297 [===============>..............] - ETA: 0s - loss: 0.0030 - acc: 1.0000
 970/1297 [=====================>........] - ETA: 0s - loss: 0.0050 - acc: 0.9990
1220/1297 [===========================>..] - ETA: 0s - loss: 0.0055 - acc: 0.9992
1297/1297 [==============================] - 0s 224us/step - loss: 0.0053 - acc: 0.9992 - val_loss: 0.0886 - val_acc: 0.9723
acc: 97.54%
Train on 1297 samples, validate on 325 samples
Epoch 1/30

  10/1297 [..............................] - ETA: 1:19 - loss: 0.7076 - acc: 0.5000
 250/1297 [====>.........................] - ETA: 2s - loss: 0.4856 - acc: 0.7760  
 490/1297 [==========>...................] - ETA: 1s - loss: 0.3491 - acc: 0.8531
 750/1297 [================>.............] - ETA: 0s - loss: 0.2702 - acc: 0.8920
1000/1297 [======================>.......] - ETA: 0s - loss: 0.2280 - acc: 0.9110
1240/1297 [===========================>..] - ETA: 0s - loss: 0.1984 - acc: 0.9234
1297/1297 [==============================] - 1s 754us/step - loss: 0.1943 - acc: 0.9252 - val_loss: 0.0821 - val_acc: 0.9754
Epoch 2/30

  10/1297 [..............................] - ETA: 0s - loss: 0.0338 - acc: 1.0000
 250/1297 [====>.........................] - ETA: 0s - loss: 0.0509 - acc: 0.9840
 450/1297 [=========>....................] - ETA: 0s - loss: 0.0425 - acc: 0.9889
 670/1297 [==============>...............] - ETA: 0s - loss: 0.0438 - acc: 0.9881
 900/1297 [===================>..........] - ETA: 0s - loss: 0.0426 - acc: 0.9878
1140/1297 [=========================>....] - ETA: 0s - loss: 0.0482 - acc: 0.9860
1297/1297 [==============================] - 0s 238us/step - loss: 0.0471 - acc: 0.9861 - val_loss: 0.0830 - val_acc: 0.9692
Epoch 3/30

  10/1297 [..............................] - ETA: 0s - loss: 0.0327 - acc: 1.0000
 260/1297 [=====>........................] - ETA: 0s - loss: 0.0228 - acc: 0.9962
 520/1297 [===========>..................] - ETA: 0s - loss: 0.0197 - acc: 0.9962
 780/1297 [=================>............] - ETA: 0s - loss: 0.0171 - acc: 0.9962
1040/1297 [=======================>......] - ETA: 0s - loss: 0.0177 - acc: 0.9952
1290/1297 [============================>.] - ETA: 0s - loss: 0.0188 - acc: 0.9946
1297/1297 [==============================] - 0s 213us/step - loss: 0.0188 - acc: 0.9946 - val_loss: 0.0491 - val_acc: 0.9815
Epoch 4/30

  10/1297 [..............................] - ETA: 0s - loss: 0.0045 - acc: 1.0000
 260/1297 [=====>........................] - ETA: 0s - loss: 0.0089 - acc: 1.0000
 510/1297 [==========>...................] - ETA: 0s - loss: 0.0116 - acc: 0.9980
 750/1297 [================>.............] - ETA: 0s - loss: 0.0137 - acc: 0.9973
1000/1297 [======================>.......] - ETA: 0s - loss: 0.0131 - acc: 0.9980
1250/1297 [===========================>..] - ETA: 0s - loss: 0.0112 - acc: 0.9984
1297/1297 [==============================] - 0s 219us/step - loss: 0.0111 - acc: 0.9985 - val_loss: 0.0501 - val_acc: 0.9785
Epoch 5/30

  10/1297 [..............................] - ETA: 0s - loss: 0.0020 - acc: 1.0000
 260/1297 [=====>........................] - ETA: 0s - loss: 0.0020 - acc: 1.0000
 500/1297 [==========>...................] - ETA: 0s - loss: 0.0069 - acc: 0.9980
 740/1297 [================>.............] - ETA: 0s - loss: 0.0062 - acc: 0.9986
1000/1297 [======================>.......] - ETA: 0s - loss: 0.0088 - acc: 0.9980
1260/1297 [============================>.] - ETA: 0s - loss: 0.0082 - acc: 0.9984
1297/1297 [==============================] - 0s 214us/step - loss: 0.0081 - acc: 0.9985 - val_loss: 0.0546 - val_acc: 0.9815
acc: 98.15%
Train on 1298 samples, validate on 324 samples
Epoch 1/30

  10/1298 [..............................] - ETA: 1:35 - loss: 0.7080 - acc: 0.4000
 250/1298 [====>.........................] - ETA: 3s - loss: 0.5368 - acc: 0.7520  
 490/1298 [==========>...................] - ETA: 1s - loss: 0.3710 - acc: 0.8551
 720/1298 [===============>..............] - ETA: 0s - loss: 0.2948 - acc: 0.8875
 940/1298 [====================>.........] - ETA: 0s - loss: 0.2495 - acc: 0.9032
1180/1298 [==========================>...] - ETA: 0s - loss: 0.2143 - acc: 0.9178
1298/1298 [==============================] - 1s 860us/step - loss: 0.2002 - acc: 0.9230 - val_loss: 0.0963 - val_acc: 0.9599
Epoch 2/30

  10/1298 [..............................] - ETA: 0s - loss: 0.0218 - acc: 1.0000
 250/1298 [====>.........................] - ETA: 0s - loss: 0.0545 - acc: 0.9840
 480/1298 [==========>...................] - ETA: 0s - loss: 0.0508 - acc: 0.9854
 730/1298 [===============>..............] - ETA: 0s - loss: 0.0487 - acc: 0.9849
 960/1298 [=====================>........] - ETA: 0s - loss: 0.0452 - acc: 0.9865
1200/1298 [==========================>...] - ETA: 0s - loss: 0.0425 - acc: 0.9875
1298/1298 [==============================] - 0s 225us/step - loss: 0.0427 - acc: 0.9869 - val_loss: 0.0699 - val_acc: 0.9846
Epoch 3/30

  10/1298 [..............................] - ETA: 0s - loss: 0.0051 - acc: 1.0000
 250/1298 [====>.........................] - ETA: 0s - loss: 0.0088 - acc: 1.0000
 500/1298 [==========>...................] - ETA: 0s - loss: 0.0134 - acc: 0.9960
 740/1298 [================>.............] - ETA: 0s - loss: 0.0190 - acc: 0.9959
 990/1298 [=====================>........] - ETA: 0s - loss: 0.0159 - acc: 0.9970
1220/1298 [===========================>..] - ETA: 0s - loss: 0.0140 - acc: 0.9975
1298/1298 [==============================] - 0s 222us/step - loss: 0.0135 - acc: 0.9977 - val_loss: 0.0694 - val_acc: 0.9815
Epoch 4/30

  10/1298 [..............................] - ETA: 0s - loss: 0.0021 - acc: 1.0000
 270/1298 [=====>........................] - ETA: 0s - loss: 0.0030 - acc: 1.0000
 530/1298 [===========>..................] - ETA: 0s - loss: 0.0027 - acc: 1.0000
 780/1298 [=================>............] - ETA: 0s - loss: 0.0027 - acc: 1.0000
1030/1298 [======================>.......] - ETA: 0s - loss: 0.0063 - acc: 0.9990
1270/1298 [============================>.] - ETA: 0s - loss: 0.0070 - acc: 0.9992
1298/1298 [==============================] - 0s 215us/step - loss: 0.0070 - acc: 0.9992 - val_loss: 0.0718 - val_acc: 0.9877
Epoch 5/30

  10/1298 [..............................] - ETA: 0s - loss: 0.0046 - acc: 1.0000
 250/1298 [====>.........................] - ETA: 0s - loss: 0.0177 - acc: 0.9960
 500/1298 [==========>...................] - ETA: 0s - loss: 0.0104 - acc: 0.9980
 740/1298 [================>.............] - ETA: 0s - loss: 0.0081 - acc: 0.9986
 990/1298 [=====================>........] - ETA: 0s - loss: 0.0066 - acc: 0.9990
1230/1298 [===========================>..] - ETA: 0s - loss: 0.0057 - acc: 0.9992
1298/1298 [==============================] - 0s 220us/step - loss: 0.0055 - acc: 0.9992 - val_loss: 0.0743 - val_acc: 0.9877
Epoch 6/30

  10/1298 [..............................] - ETA: 0s - loss: 0.0012 - acc: 1.0000
 250/1298 [====>.........................] - ETA: 0s - loss: 0.0015 - acc: 1.0000
 500/1298 [==========>...................] - ETA: 0s - loss: 0.0060 - acc: 0.9980
 750/1298 [================>.............] - ETA: 0s - loss: 0.0048 - acc: 0.9987
1000/1298 [======================>.......] - ETA: 0s - loss: 0.0039 - acc: 0.9990
1240/1298 [===========================>..] - ETA: 0s - loss: 0.0034 - acc: 0.9992
1298/1298 [==============================] - 0s 219us/step - loss: 0.0033 - acc: 0.9992 - val_loss: 0.0795 - val_acc: 0.9846
acc: 98.77%
Train on 1299 samples, validate on 323 samples
Epoch 1/30

  10/1299 [..............................] - ETA: 1:43 - loss: 0.6959 - acc: 0.3000
 250/1299 [====>.........................] - ETA: 3s - loss: 0.5120 - acc: 0.7080  
 490/1299 [==========>...................] - ETA: 1s - loss: 0.3489 - acc: 0.8327
 740/1299 [================>.............] - ETA: 0s - loss: 0.2673 - acc: 0.8797
 990/1299 [=====================>........] - ETA: 0s - loss: 0.2232 - acc: 0.9030
1250/1299 [===========================>..] - ETA: 0s - loss: 0.1997 - acc: 0.9160
1299/1299 [==============================] - 1s 905us/step - loss: 0.1945 - acc: 0.9184 - val_loss: 0.0623 - val_acc: 0.9752
Epoch 2/30

  10/1299 [..............................] - ETA: 0s - loss: 0.0470 - acc: 1.0000
 240/1299 [====>.........................] - ETA: 0s - loss: 0.0548 - acc: 0.9875
 480/1299 [==========>...................] - ETA: 0s - loss: 0.0503 - acc: 0.9875
 720/1299 [===============>..............] - ETA: 0s - loss: 0.0536 - acc: 0.9847
 960/1299 [=====================>........] - ETA: 0s - loss: 0.0581 - acc: 0.9823
1200/1299 [==========================>...] - ETA: 0s - loss: 0.0501 - acc: 0.9858
1299/1299 [==============================] - 0s 224us/step - loss: 0.0498 - acc: 0.9861 - val_loss: 0.0479 - val_acc: 0.9876
Epoch 3/30

  10/1299 [..............................] - ETA: 0s - loss: 0.0114 - acc: 1.0000
 260/1299 [=====>........................] - ETA: 0s - loss: 0.0222 - acc: 0.9962
 500/1299 [==========>...................] - ETA: 0s - loss: 0.0192 - acc: 0.9960
 750/1299 [================>.............] - ETA: 0s - loss: 0.0184 - acc: 0.9960
 980/1299 [=====================>........] - ETA: 0s - loss: 0.0171 - acc: 0.9959
1240/1299 [===========================>..] - ETA: 0s - loss: 0.0178 - acc: 0.9960
1299/1299 [==============================] - 0s 220us/step - loss: 0.0182 - acc: 0.9954 - val_loss: 0.0537 - val_acc: 0.9845
Epoch 4/30

  10/1299 [..............................] - ETA: 0s - loss: 0.0026 - acc: 1.0000
 260/1299 [=====>........................] - ETA: 0s - loss: 0.0180 - acc: 0.9962
 510/1299 [==========>...................] - ETA: 0s - loss: 0.0210 - acc: 0.9941
 760/1299 [================>.............] - ETA: 0s - loss: 0.0159 - acc: 0.9961
 990/1299 [=====================>........] - ETA: 0s - loss: 0.0137 - acc: 0.9970
1240/1299 [===========================>..] - ETA: 0s - loss: 0.0116 - acc: 0.9976
1299/1299 [==============================] - 0s 219us/step - loss: 0.0114 - acc: 0.9977 - val_loss: 0.0472 - val_acc: 0.9845
acc: 98.76%
Accuracy: 97.84% (+/- 1.03%)
