Train on 1459 samples, validate on 163 samples
Epoch 1/30

  20/1459 [..............................] - ETA: 31s - loss: 0.7002 - acc: 0.4000
 380/1459 [======>.......................] - ETA: 1s - loss: 0.4277 - acc: 0.7895 
 840/1459 [================>.............] - ETA: 0s - loss: 0.2539 - acc: 0.8869
1240/1459 [========================>.....] - ETA: 0s - loss: 0.2095 - acc: 0.9121
1459/1459 [==============================] - 1s 465us/step - loss: 0.1865 - acc: 0.9225 - val_loss: 0.1162 - val_acc: 0.9571
Epoch 2/30

  20/1459 [..............................] - ETA: 0s - loss: 0.0083 - acc: 1.0000
 500/1459 [=========>....................] - ETA: 0s - loss: 0.0367 - acc: 0.9900
 960/1459 [==================>...........] - ETA: 0s - loss: 0.0362 - acc: 0.9906
1440/1459 [============================>.] - ETA: 0s - loss: 0.0404 - acc: 0.9875
1459/1459 [==============================] - 0s 112us/step - loss: 0.0407 - acc: 0.9877 - val_loss: 0.0878 - val_acc: 0.9755
Epoch 3/30

  20/1459 [..............................] - ETA: 0s - loss: 0.0113 - acc: 1.0000
 520/1459 [=========>....................] - ETA: 0s - loss: 0.0281 - acc: 0.9923
1020/1459 [===================>..........] - ETA: 0s - loss: 0.0191 - acc: 0.9961
1459/1459 [==============================] - 0s 107us/step - loss: 0.0150 - acc: 0.9973 - val_loss: 0.0800 - val_acc: 0.9693
Epoch 4/30

  20/1459 [..............................] - ETA: 0s - loss: 0.0014 - acc: 1.0000
 540/1459 [==========>...................] - ETA: 0s - loss: 0.0142 - acc: 0.9944
1040/1459 [====================>.........] - ETA: 0s - loss: 0.0111 - acc: 0.9962
1459/1459 [==============================] - 0s 102us/step - loss: 0.0089 - acc: 0.9973 - val_loss: 0.0871 - val_acc: 0.9755
Epoch 5/30

  20/1459 [..............................] - ETA: 0s - loss: 8.8715e-04 - acc: 1.0000
 500/1459 [=========>....................] - ETA: 0s - loss: 0.0025 - acc: 1.0000    
 980/1459 [===================>..........] - ETA: 0s - loss: 0.0036 - acc: 0.9990
1459/1459 [==============================] - 0s 109us/step - loss: 0.0063 - acc: 0.9986 - val_loss: 0.0820 - val_acc: 0.9755
Epoch 6/30

  20/1459 [..............................] - ETA: 0s - loss: 0.0013 - acc: 1.0000
 520/1459 [=========>....................] - ETA: 0s - loss: 0.0045 - acc: 0.9981
1020/1459 [===================>..........] - ETA: 0s - loss: 0.0052 - acc: 0.9980
1459/1459 [==============================] - 0s 107us/step - loss: 0.0066 - acc: 0.9979 - val_loss: 0.0800 - val_acc: 0.9755
Epoch 7/30

  20/1459 [..............................] - ETA: 0s - loss: 0.0040 - acc: 1.0000
 520/1459 [=========>....................] - ETA: 0s - loss: 0.0021 - acc: 1.0000
1040/1459 [====================>.........] - ETA: 0s - loss: 0.0044 - acc: 0.9990
1459/1459 [==============================] - 0s 104us/step - loss: 0.0063 - acc: 0.9979 - val_loss: 0.0689 - val_acc: 0.9755
Epoch 8/30

  20/1459 [..............................] - ETA: 0s - loss: 0.0081 - acc: 1.0000
 520/1459 [=========>....................] - ETA: 0s - loss: 0.0032 - acc: 1.0000
1040/1459 [====================>.........] - ETA: 0s - loss: 0.0023 - acc: 1.0000
1459/1459 [==============================] - 0s 103us/step - loss: 0.0043 - acc: 0.9986 - val_loss: 0.0788 - val_acc: 0.9755
Epoch 9/30

  20/1459 [..............................] - ETA: 0s - loss: 2.0131e-04 - acc: 1.0000
 520/1459 [=========>....................] - ETA: 0s - loss: 0.0023 - acc: 1.0000    
1000/1459 [===================>..........] - ETA: 0s - loss: 0.0019 - acc: 1.0000
1459/1459 [==============================] - 0s 109us/step - loss: 0.0016 - acc: 1.0000 - val_loss: 0.0843 - val_acc: 0.9755
Epoch 10/30

  20/1459 [..............................] - ETA: 0s - loss: 2.4918e-04 - acc: 1.0000
 500/1459 [=========>....................] - ETA: 0s - loss: 5.6965e-04 - acc: 1.0000
 980/1459 [===================>..........] - ETA: 0s - loss: 0.0011 - acc: 1.0000    
1459/1459 [==============================] - 0s 110us/step - loss: 8.9695e-04 - acc: 1.0000 - val_loss: 0.0855 - val_acc: 0.9755
acc: 97.55%
Train on 1459 samples, validate on 163 samples
Epoch 1/30

  20/1459 [..............................] - ETA: 40s - loss: 0.6877 - acc: 0.5500
 500/1459 [=========>....................] - ETA: 1s - loss: 0.2959 - acc: 0.8800 
1020/1459 [===================>..........] - ETA: 0s - loss: 0.1995 - acc: 0.9235
1459/1459 [==============================] - 1s 532us/step - loss: 0.1605 - acc: 0.9404 - val_loss: 0.0859 - val_acc: 0.9632
Epoch 2/30

  20/1459 [..............................] - ETA: 0s - loss: 0.0125 - acc: 1.0000
 540/1459 [==========>...................] - ETA: 0s - loss: 0.0440 - acc: 0.9870
1060/1459 [====================>.........] - ETA: 0s - loss: 0.0434 - acc: 0.9877
1459/1459 [==============================] - 0s 104us/step - loss: 0.0484 - acc: 0.9863 - val_loss: 0.1087 - val_acc: 0.9632
Epoch 3/30

  20/1459 [..............................] - ETA: 0s - loss: 0.0100 - acc: 1.0000
 500/1459 [=========>....................] - ETA: 0s - loss: 0.0153 - acc: 0.9960
1000/1459 [===================>..........] - ETA: 0s - loss: 0.0168 - acc: 0.9960
1459/1459 [==============================] - 0s 108us/step - loss: 0.0158 - acc: 0.9959 - val_loss: 0.1006 - val_acc: 0.9632
Epoch 4/30

  20/1459 [..............................] - ETA: 0s - loss: 0.0013 - acc: 1.0000
 480/1459 [========>.....................] - ETA: 0s - loss: 0.0125 - acc: 0.9958
 960/1459 [==================>...........] - ETA: 0s - loss: 0.0096 - acc: 0.9958
1459/1459 [==============================] - 0s 109us/step - loss: 0.0108 - acc: 0.9966 - val_loss: 0.0859 - val_acc: 0.9632
Epoch 5/30

  20/1459 [..............................] - ETA: 0s - loss: 0.0043 - acc: 1.0000
 500/1459 [=========>....................] - ETA: 0s - loss: 0.0075 - acc: 0.9960
 980/1459 [===================>..........] - ETA: 0s - loss: 0.0101 - acc: 0.9959
1459/1459 [==============================] - 0s 107us/step - loss: 0.0096 - acc: 0.9966 - val_loss: 0.0894 - val_acc: 0.9755
Epoch 6/30

  20/1459 [..............................] - ETA: 0s - loss: 0.0011 - acc: 1.0000
 540/1459 [==========>...................] - ETA: 0s - loss: 0.0020 - acc: 1.0000
1060/1459 [====================>.........] - ETA: 0s - loss: 0.0047 - acc: 0.9991
1459/1459 [==============================] - 0s 103us/step - loss: 0.0075 - acc: 0.9986 - val_loss: 0.0919 - val_acc: 0.9693
Epoch 7/30

  20/1459 [..............................] - ETA: 0s - loss: 0.0011 - acc: 1.0000
 520/1459 [=========>....................] - ETA: 0s - loss: 0.0023 - acc: 1.0000
1020/1459 [===================>..........] - ETA: 0s - loss: 0.0042 - acc: 0.9990
1459/1459 [==============================] - 0s 106us/step - loss: 0.0042 - acc: 0.9986 - val_loss: 0.0892 - val_acc: 0.9693
Epoch 8/30

  20/1459 [..............................] - ETA: 0s - loss: 7.0282e-04 - acc: 1.0000
 480/1459 [========>.....................] - ETA: 0s - loss: 0.0066 - acc: 0.9979    
 980/1459 [===================>..........] - ETA: 0s - loss: 0.0041 - acc: 0.9990
1459/1459 [==============================] - 0s 108us/step - loss: 0.0031 - acc: 0.9993 - val_loss: 0.0780 - val_acc: 0.9755
Epoch 9/30

  20/1459 [..............................] - ETA: 0s - loss: 4.4281e-04 - acc: 1.0000
 520/1459 [=========>....................] - ETA: 0s - loss: 6.5445e-04 - acc: 1.0000
1000/1459 [===================>..........] - ETA: 0s - loss: 0.0030 - acc: 0.9990    
1459/1459 [==============================] - 0s 106us/step - loss: 0.0023 - acc: 0.9993 - val_loss: 0.0793 - val_acc: 0.9755
Epoch 10/30

  20/1459 [..............................] - ETA: 0s - loss: 8.5244e-04 - acc: 1.0000
 540/1459 [==========>...................] - ETA: 0s - loss: 8.3817e-04 - acc: 1.0000
1040/1459 [====================>.........] - ETA: 0s - loss: 0.0029 - acc: 0.9990    
1459/1459 [==============================] - 0s 103us/step - loss: 0.0023 - acc: 0.9993 - val_loss: 0.0791 - val_acc: 0.9755
Epoch 11/30

  20/1459 [..............................] - ETA: 0s - loss: 6.8232e-04 - acc: 1.0000
 500/1459 [=========>....................] - ETA: 0s - loss: 0.0039 - acc: 0.9980    
 980/1459 [===================>..........] - ETA: 0s - loss: 0.0025 - acc: 0.9990
1459/1459 [==============================] - 0s 110us/step - loss: 0.0020 - acc: 0.9993 - val_loss: 0.0874 - val_acc: 0.9755
Epoch 12/30

  20/1459 [..............................] - ETA: 0s - loss: 3.4032e-04 - acc: 1.0000
 480/1459 [========>.....................] - ETA: 0s - loss: 0.0030 - acc: 0.9979    
 960/1459 [==================>...........] - ETA: 0s - loss: 0.0020 - acc: 0.9990
1440/1459 [============================>.] - ETA: 0s - loss: 0.0015 - acc: 0.9993
1459/1459 [==============================] - 0s 112us/step - loss: 0.0015 - acc: 0.9993 - val_loss: 0.0811 - val_acc: 0.9755
Epoch 13/30

  20/1459 [..............................] - ETA: 0s - loss: 1.6025e-04 - acc: 1.0000
 500/1459 [=========>....................] - ETA: 0s - loss: 0.0022 - acc: 0.9980    
 900/1459 [=================>............] - ETA: 0s - loss: 0.0017 - acc: 0.9989
1300/1459 [=========================>....] - ETA: 0s - loss: 0.0014 - acc: 0.9992
1459/1459 [==============================] - 0s 128us/step - loss: 0.0013 - acc: 0.9993 - val_loss: 0.0749 - val_acc: 0.9755
acc: 97.55%
Train on 1459 samples, validate on 163 samples
Epoch 1/30

  20/1459 [..............................] - ETA: 50s - loss: 0.6922 - acc: 0.4000
 520/1459 [=========>....................] - ETA: 1s - loss: 0.3389 - acc: 0.8519 
1020/1459 [===================>..........] - ETA: 0s - loss: 0.2286 - acc: 0.9029
1459/1459 [==============================] - 1s 633us/step - loss: 0.1843 - acc: 0.9246 - val_loss: 0.0654 - val_acc: 0.9816
Epoch 2/30

  20/1459 [..............................] - ETA: 0s - loss: 0.0350 - acc: 1.0000
 500/1459 [=========>....................] - ETA: 0s - loss: 0.0450 - acc: 0.9880
 980/1459 [===================>..........] - ETA: 0s - loss: 0.0501 - acc: 0.9837
1459/1459 [==============================] - 0s 110us/step - loss: 0.0441 - acc: 0.9877 - val_loss: 0.0831 - val_acc: 0.9632
Epoch 3/30

  20/1459 [..............................] - ETA: 0s - loss: 0.0030 - acc: 1.0000
 500/1459 [=========>....................] - ETA: 0s - loss: 0.0176 - acc: 0.9960
1000/1459 [===================>..........] - ETA: 0s - loss: 0.0129 - acc: 0.9980
1459/1459 [==============================] - 0s 106us/step - loss: 0.0160 - acc: 0.9966 - val_loss: 0.0791 - val_acc: 0.9755
Epoch 4/30

  20/1459 [..............................] - ETA: 0s - loss: 0.0101 - acc: 1.0000
 520/1459 [=========>....................] - ETA: 0s - loss: 0.0134 - acc: 0.9981
1020/1459 [===================>..........] - ETA: 0s - loss: 0.0098 - acc: 0.9990
1459/1459 [==============================] - 0s 106us/step - loss: 0.0083 - acc: 0.9986 - val_loss: 0.0752 - val_acc: 0.9816
Epoch 5/30

  20/1459 [..............................] - ETA: 0s - loss: 9.1993e-04 - acc: 1.0000
 520/1459 [=========>....................] - ETA: 0s - loss: 0.0086 - acc: 0.9981    
1020/1459 [===================>..........] - ETA: 0s - loss: 0.0072 - acc: 0.9980
1459/1459 [==============================] - 0s 105us/step - loss: 0.0060 - acc: 0.9986 - val_loss: 0.0679 - val_acc: 0.9877
Epoch 6/30

  20/1459 [..............................] - ETA: 0s - loss: 8.2517e-04 - acc: 1.0000
 480/1459 [========>.....................] - ETA: 0s - loss: 0.0016 - acc: 1.0000    
 960/1459 [==================>...........] - ETA: 0s - loss: 0.0014 - acc: 1.0000
1440/1459 [============================>.] - ETA: 0s - loss: 0.0044 - acc: 0.9993
1459/1459 [==============================] - 0s 111us/step - loss: 0.0044 - acc: 0.9993 - val_loss: 0.0641 - val_acc: 0.9816
Epoch 7/30

  20/1459 [..............................] - ETA: 0s - loss: 0.0023 - acc: 1.0000
 500/1459 [=========>....................] - ETA: 0s - loss: 0.0011 - acc: 1.0000
 980/1459 [===================>..........] - ETA: 0s - loss: 0.0011 - acc: 1.0000
1459/1459 [==============================] - 0s 109us/step - loss: 0.0034 - acc: 0.9993 - val_loss: 0.0637 - val_acc: 0.9877
Epoch 8/30

  20/1459 [..............................] - ETA: 0s - loss: 0.0012 - acc: 1.0000
 500/1459 [=========>....................] - ETA: 0s - loss: 0.0032 - acc: 1.0000
 960/1459 [==================>...........] - ETA: 0s - loss: 0.0021 - acc: 1.0000
1420/1459 [============================>.] - ETA: 0s - loss: 0.0016 - acc: 1.0000
1459/1459 [==============================] - 0s 111us/step - loss: 0.0016 - acc: 1.0000 - val_loss: 0.0673 - val_acc: 0.9877
Epoch 9/30

  20/1459 [..............................] - ETA: 0s - loss: 5.6610e-04 - acc: 1.0000
 520/1459 [=========>....................] - ETA: 0s - loss: 0.0078 - acc: 0.9981    
1020/1459 [===================>..........] - ETA: 0s - loss: 0.0047 - acc: 0.9990
1459/1459 [==============================] - 0s 106us/step - loss: 0.0035 - acc: 0.9993 - val_loss: 0.0632 - val_acc: 0.9816
Epoch 10/30

  20/1459 [..............................] - ETA: 0s - loss: 0.0012 - acc: 1.0000
 500/1459 [=========>....................] - ETA: 0s - loss: 0.0066 - acc: 0.9980
 980/1459 [===================>..........] - ETA: 0s - loss: 0.0039 - acc: 0.9990
1459/1459 [==============================] - 0s 110us/step - loss: 0.0028 - acc: 0.9993 - val_loss: 0.0622 - val_acc: 0.9877
Epoch 11/30

  20/1459 [..............................] - ETA: 0s - loss: 2.4931e-04 - acc: 1.0000
 500/1459 [=========>....................] - ETA: 0s - loss: 0.0047 - acc: 0.9980    
 980/1459 [===================>..........] - ETA: 0s - loss: 0.0027 - acc: 0.9990
1459/1459 [==============================] - 0s 110us/step - loss: 0.0020 - acc: 0.9993 - val_loss: 0.0704 - val_acc: 0.9816
Epoch 12/30

  20/1459 [..............................] - ETA: 0s - loss: 1.4746e-04 - acc: 1.0000
 500/1459 [=========>....................] - ETA: 0s - loss: 3.7742e-04 - acc: 1.0000
 980/1459 [===================>..........] - ETA: 0s - loss: 0.0031 - acc: 0.9990    
1440/1459 [============================>.] - ETA: 0s - loss: 0.0024 - acc: 0.9993
1459/1459 [==============================] - 0s 112us/step - loss: 0.0024 - acc: 0.9993 - val_loss: 0.0666 - val_acc: 0.9877
Epoch 13/30

  20/1459 [..............................] - ETA: 0s - loss: 6.7811e-04 - acc: 1.0000
 500/1459 [=========>....................] - ETA: 0s - loss: 0.0023 - acc: 0.9980    
1000/1459 [===================>..........] - ETA: 0s - loss: 0.0014 - acc: 0.9990
1459/1459 [==============================] - 0s 107us/step - loss: 0.0011 - acc: 0.9993 - val_loss: 0.0689 - val_acc: 0.9877
acc: 98.77%
Train on 1460 samples, validate on 162 samples
Epoch 1/30

  20/1460 [..............................] - ETA: 50s - loss: 0.7175 - acc: 0.4500
 500/1460 [=========>....................] - ETA: 1s - loss: 0.4239 - acc: 0.7920 
 980/1460 [===================>..........] - ETA: 0s - loss: 0.2653 - acc: 0.8806
1440/1460 [============================>.] - ETA: 0s - loss: 0.2009 - acc: 0.9139
1460/1460 [==============================] - 1s 645us/step - loss: 0.1983 - acc: 0.9151 - val_loss: 0.0811 - val_acc: 0.9691
Epoch 2/30

  20/1460 [..............................] - ETA: 0s - loss: 0.0262 - acc: 1.0000
 500/1460 [=========>....................] - ETA: 0s - loss: 0.0433 - acc: 0.9840
1000/1460 [===================>..........] - ETA: 0s - loss: 0.0481 - acc: 0.9860
1460/1460 [==============================] - 0s 106us/step - loss: 0.0446 - acc: 0.9890 - val_loss: 0.0482 - val_acc: 0.9691
Epoch 3/30

  20/1460 [..............................] - ETA: 0s - loss: 0.0483 - acc: 0.9500
 540/1460 [==========>...................] - ETA: 0s - loss: 0.0146 - acc: 0.9981
1000/1460 [===================>..........] - ETA: 0s - loss: 0.0207 - acc: 0.9950
1460/1460 [==============================] - 0s 109us/step - loss: 0.0178 - acc: 0.9959 - val_loss: 0.0464 - val_acc: 0.9815
Epoch 4/30

  20/1460 [..............................] - ETA: 0s - loss: 0.0394 - acc: 0.9500
 520/1460 [=========>....................] - ETA: 0s - loss: 0.0079 - acc: 0.9962
1000/1460 [===================>..........] - ETA: 0s - loss: 0.0105 - acc: 0.9970
1460/1460 [==============================] - 0s 108us/step - loss: 0.0117 - acc: 0.9966 - val_loss: 0.0513 - val_acc: 0.9815
Epoch 5/30

  20/1460 [..............................] - ETA: 0s - loss: 0.0030 - acc: 1.0000
 480/1460 [========>.....................] - ETA: 0s - loss: 0.0092 - acc: 0.9979
 960/1460 [==================>...........] - ETA: 0s - loss: 0.0073 - acc: 0.9979
1460/1460 [==============================] - 0s 109us/step - loss: 0.0064 - acc: 0.9986 - val_loss: 0.0444 - val_acc: 0.9877
Epoch 6/30

  20/1460 [..............................] - ETA: 0s - loss: 9.5408e-04 - acc: 1.0000
 520/1460 [=========>....................] - ETA: 0s - loss: 0.0033 - acc: 0.9981    
1020/1460 [===================>..........] - ETA: 0s - loss: 0.0065 - acc: 0.9971
1460/1460 [==============================] - 0s 104us/step - loss: 0.0052 - acc: 0.9979 - val_loss: 0.0564 - val_acc: 0.9877
Epoch 7/30

  20/1460 [..............................] - ETA: 0s - loss: 5.6751e-04 - acc: 1.0000
 500/1460 [=========>....................] - ETA: 0s - loss: 0.0038 - acc: 0.9980    
1000/1460 [===================>..........] - ETA: 0s - loss: 0.0041 - acc: 0.9980
1460/1460 [==============================] - 0s 109us/step - loss: 0.0033 - acc: 0.9986 - val_loss: 0.0441 - val_acc: 0.9815
Epoch 8/30

  20/1460 [..............................] - ETA: 0s - loss: 3.6367e-04 - acc: 1.0000
 500/1460 [=========>....................] - ETA: 0s - loss: 0.0042 - acc: 0.9980    
 960/1460 [==================>...........] - ETA: 0s - loss: 0.0043 - acc: 0.9979
1420/1460 [============================>.] - ETA: 0s - loss: 0.0035 - acc: 0.9986
1460/1460 [==============================] - 0s 113us/step - loss: 0.0034 - acc: 0.9986 - val_loss: 0.0407 - val_acc: 0.9815
Epoch 9/30

  20/1460 [..............................] - ETA: 0s - loss: 6.9294e-04 - acc: 1.0000
 500/1460 [=========>....................] - ETA: 0s - loss: 0.0034 - acc: 0.9980    
 980/1460 [===================>..........] - ETA: 0s - loss: 0.0024 - acc: 0.9990
1440/1460 [============================>.] - ETA: 0s - loss: 0.0022 - acc: 0.9993
1460/1460 [==============================] - 0s 112us/step - loss: 0.0022 - acc: 0.9993 - val_loss: 0.0433 - val_acc: 0.9815
Epoch 10/30

  20/1460 [..............................] - ETA: 0s - loss: 0.0337 - acc: 1.0000
 480/1460 [========>.....................] - ETA: 0s - loss: 0.0024 - acc: 1.0000
 980/1460 [===================>..........] - ETA: 0s - loss: 0.0016 - acc: 1.0000
1460/1460 [==============================] - 0s 109us/step - loss: 0.0012 - acc: 1.0000 - val_loss: 0.0409 - val_acc: 0.9815
Epoch 11/30

  20/1460 [..............................] - ETA: 0s - loss: 2.3245e-04 - acc: 1.0000
 520/1460 [=========>....................] - ETA: 0s - loss: 0.0011 - acc: 1.0000    
1000/1460 [===================>..........] - ETA: 0s - loss: 7.9310e-04 - acc: 1.0000
1460/1460 [==============================] - 0s 109us/step - loss: 6.8672e-04 - acc: 1.0000 - val_loss: 0.0388 - val_acc: 0.9815
Epoch 12/30

  20/1460 [..............................] - ETA: 0s - loss: 3.9522e-04 - acc: 1.0000
 500/1460 [=========>....................] - ETA: 0s - loss: 8.8695e-04 - acc: 1.0000
 960/1460 [==================>...........] - ETA: 0s - loss: 6.3861e-04 - acc: 1.0000
1420/1460 [============================>.] - ETA: 0s - loss: 5.1699e-04 - acc: 1.0000
1460/1460 [==============================] - 0s 112us/step - loss: 5.1858e-04 - acc: 1.0000 - val_loss: 0.0372 - val_acc: 0.9815
Epoch 13/30

  20/1460 [..............................] - ETA: 0s - loss: 2.1291e-04 - acc: 1.0000
 480/1460 [========>.....................] - ETA: 0s - loss: 6.6096e-04 - acc: 1.0000
 940/1460 [==================>...........] - ETA: 0s - loss: 5.0050e-04 - acc: 1.0000
1400/1460 [===========================>..] - ETA: 0s - loss: 4.2465e-04 - acc: 1.0000
1460/1460 [==============================] - 0s 115us/step - loss: 4.1482e-04 - acc: 1.0000 - val_loss: 0.0352 - val_acc: 0.9815
acc: 98.77%
Train on 1460 samples, validate on 162 samples
Epoch 1/30

  20/1460 [..............................] - ETA: 1:07 - loss: 0.7398 - acc: 0.4000
 460/1460 [========>.....................] - ETA: 2s - loss: 0.3889 - acc: 0.8261  
 840/1460 [================>.............] - ETA: 0s - loss: 0.2730 - acc: 0.8845
1240/1460 [========================>.....] - ETA: 0s - loss: 0.2248 - acc: 0.9081
1460/1460 [==============================] - 1s 848us/step - loss: 0.2001 - acc: 0.9185 - val_loss: 0.0687 - val_acc: 0.9815
Epoch 2/30

  20/1460 [..............................] - ETA: 0s - loss: 0.0688 - acc: 1.0000
 440/1460 [========>.....................] - ETA: 0s - loss: 0.0420 - acc: 0.9932
 820/1460 [===============>..............] - ETA: 0s - loss: 0.0426 - acc: 0.9927
1220/1460 [========================>.....] - ETA: 0s - loss: 0.0400 - acc: 0.9910
1460/1460 [==============================] - 0s 136us/step - loss: 0.0405 - acc: 0.9911 - val_loss: 0.0738 - val_acc: 0.9753
Epoch 3/30

  20/1460 [..............................] - ETA: 0s - loss: 0.0138 - acc: 1.0000
 400/1460 [=======>......................] - ETA: 0s - loss: 0.0094 - acc: 1.0000
 760/1460 [==============>...............] - ETA: 0s - loss: 0.0077 - acc: 1.0000
1120/1460 [======================>.......] - ETA: 0s - loss: 0.0173 - acc: 0.9964
1460/1460 [==============================] - 0s 147us/step - loss: 0.0190 - acc: 0.9959 - val_loss: 0.0914 - val_acc: 0.9691
Epoch 4/30

  20/1460 [..............................] - ETA: 0s - loss: 0.1378 - acc: 0.9500
 360/1460 [======>.......................] - ETA: 0s - loss: 0.0249 - acc: 0.9917
 680/1460 [============>.................] - ETA: 0s - loss: 0.0177 - acc: 0.9956
1020/1460 [===================>..........] - ETA: 0s - loss: 0.0143 - acc: 0.9971
1380/1460 [===========================>..] - ETA: 0s - loss: 0.0119 - acc: 0.9978
1460/1460 [==============================] - 0s 158us/step - loss: 0.0117 - acc: 0.9979 - val_loss: 0.0618 - val_acc: 0.9815
Epoch 5/30

  20/1460 [..............................] - ETA: 0s - loss: 0.0079 - acc: 1.0000
 380/1460 [======>.......................] - ETA: 0s - loss: 0.0024 - acc: 1.0000
 720/1460 [=============>................] - ETA: 0s - loss: 0.0020 - acc: 1.0000
1080/1460 [=====================>........] - ETA: 0s - loss: 0.0026 - acc: 0.9991
1400/1460 [===========================>..] - ETA: 0s - loss: 0.0055 - acc: 0.9986
1460/1460 [==============================] - 0s 152us/step - loss: 0.0061 - acc: 0.9986 - val_loss: 0.0827 - val_acc: 0.9815
Epoch 6/30

  20/1460 [..............................] - ETA: 0s - loss: 8.2834e-04 - acc: 1.0000
 380/1460 [======>.......................] - ETA: 0s - loss: 0.0073 - acc: 1.0000    
 740/1460 [==============>...............] - ETA: 0s - loss: 0.0049 - acc: 1.0000
1100/1460 [=====================>........] - ETA: 0s - loss: 0.0070 - acc: 0.9991
1460/1460 [==============================] - 0s 149us/step - loss: 0.0063 - acc: 0.9993 - val_loss: 0.0439 - val_acc: 0.9815
Epoch 7/30

  20/1460 [..............................] - ETA: 0s - loss: 0.0010 - acc: 1.0000
 380/1460 [======>.......................] - ETA: 0s - loss: 0.0107 - acc: 0.9974
 740/1460 [==============>...............] - ETA: 0s - loss: 0.0102 - acc: 0.9973
1100/1460 [=====================>........] - ETA: 0s - loss: 0.0080 - acc: 0.9982
1460/1460 [==============================] - 0s 147us/step - loss: 0.0064 - acc: 0.9986 - val_loss: 0.0594 - val_acc: 0.9815
Epoch 8/30

  20/1460 [..............................] - ETA: 0s - loss: 7.0637e-04 - acc: 1.0000
 380/1460 [======>.......................] - ETA: 0s - loss: 0.0042 - acc: 0.9974    
 740/1460 [==============>...............] - ETA: 0s - loss: 0.0027 - acc: 0.9986
1080/1460 [=====================>........] - ETA: 0s - loss: 0.0022 - acc: 0.9991
1400/1460 [===========================>..] - ETA: 0s - loss: 0.0048 - acc: 0.9986
1460/1460 [==============================] - 0s 154us/step - loss: 0.0047 - acc: 0.9986 - val_loss: 0.0689 - val_acc: 0.9815
Epoch 9/30

  20/1460 [..............................] - ETA: 0s - loss: 0.0082 - acc: 1.0000
 360/1460 [======>.......................] - ETA: 0s - loss: 0.0014 - acc: 1.0000
 700/1460 [=============>................] - ETA: 0s - loss: 0.0012 - acc: 1.0000
1040/1460 [====================>.........] - ETA: 0s - loss: 0.0049 - acc: 0.9990
1380/1460 [===========================>..] - ETA: 0s - loss: 0.0044 - acc: 0.9993
1460/1460 [==============================] - 0s 157us/step - loss: 0.0043 - acc: 0.9993 - val_loss: 0.0622 - val_acc: 0.9815
acc: 98.15%
Train on 1460 samples, validate on 162 samples
Epoch 1/30

  20/1460 [..............................] - ETA: 1:04 - loss: 0.7225 - acc: 0.3500
 500/1460 [=========>....................] - ETA: 1s - loss: 0.3569 - acc: 0.8200  
 980/1460 [===================>..........] - ETA: 0s - loss: 0.2320 - acc: 0.8908
1460/1460 [==============================] - 1s 790us/step - loss: 0.1792 - acc: 0.9199 - val_loss: 0.0618 - val_acc: 0.9753
Epoch 2/30

  20/1460 [..............................] - ETA: 0s - loss: 0.1902 - acc: 0.9500
 500/1460 [=========>....................] - ETA: 0s - loss: 0.0355 - acc: 0.9940
1000/1460 [===================>..........] - ETA: 0s - loss: 0.0362 - acc: 0.9920
1460/1460 [==============================] - 0s 108us/step - loss: 0.0342 - acc: 0.9918 - val_loss: 0.0564 - val_acc: 0.9753
Epoch 3/30

  20/1460 [..............................] - ETA: 0s - loss: 0.0060 - acc: 1.0000
 500/1460 [=========>....................] - ETA: 0s - loss: 0.0183 - acc: 0.9940
 940/1460 [==================>...........] - ETA: 0s - loss: 0.0187 - acc: 0.9936
1340/1460 [==========================>...] - ETA: 0s - loss: 0.0171 - acc: 0.9948
1460/1460 [==============================] - 0s 123us/step - loss: 0.0163 - acc: 0.9952 - val_loss: 0.0380 - val_acc: 0.9815
Epoch 4/30

  20/1460 [..............................] - ETA: 0s - loss: 0.0039 - acc: 1.0000
 440/1460 [========>.....................] - ETA: 0s - loss: 0.0150 - acc: 0.9955
 840/1460 [================>.............] - ETA: 0s - loss: 0.0097 - acc: 0.9976
1240/1460 [========================>.....] - ETA: 0s - loss: 0.0077 - acc: 0.9984
1460/1460 [==============================] - 0s 132us/step - loss: 0.0070 - acc: 0.9986 - val_loss: 0.0519 - val_acc: 0.9877
Epoch 5/30

  20/1460 [..............................] - ETA: 0s - loss: 0.0024 - acc: 1.0000
 400/1460 [=======>......................] - ETA: 0s - loss: 0.0111 - acc: 0.9950
 800/1460 [===============>..............] - ETA: 0s - loss: 0.0106 - acc: 0.9950
1200/1460 [=======================>......] - ETA: 0s - loss: 0.0078 - acc: 0.9967
1460/1460 [==============================] - 0s 134us/step - loss: 0.0067 - acc: 0.9973 - val_loss: 0.0553 - val_acc: 0.9877
Epoch 6/30

  20/1460 [..............................] - ETA: 0s - loss: 8.7841e-04 - acc: 1.0000
 420/1460 [=======>......................] - ETA: 0s - loss: 0.0012 - acc: 1.0000    
 820/1460 [===============>..............] - ETA: 0s - loss: 0.0034 - acc: 0.9988
1200/1460 [=======================>......] - ETA: 0s - loss: 0.0032 - acc: 0.9992
1460/1460 [==============================] - 0s 135us/step - loss: 0.0076 - acc: 0.9979 - val_loss: 0.0437 - val_acc: 0.9815
Epoch 7/30

  20/1460 [..............................] - ETA: 0s - loss: 0.0016 - acc: 1.0000
 420/1460 [=======>......................] - ETA: 0s - loss: 0.0030 - acc: 1.0000
 800/1460 [===============>..............] - ETA: 0s - loss: 0.0041 - acc: 0.9987
1180/1460 [=======================>......] - ETA: 0s - loss: 0.0051 - acc: 0.9983
1460/1460 [==============================] - 0s 138us/step - loss: 0.0047 - acc: 0.9986 - val_loss: 0.0565 - val_acc: 0.9815
Epoch 8/30

  20/1460 [..............................] - ETA: 0s - loss: 0.0048 - acc: 1.0000
 400/1460 [=======>......................] - ETA: 0s - loss: 0.0070 - acc: 0.9975
 780/1460 [===============>..............] - ETA: 0s - loss: 0.0078 - acc: 0.9962
1160/1460 [======================>.......] - ETA: 0s - loss: 0.0058 - acc: 0.9974
1460/1460 [==============================] - 0s 142us/step - loss: 0.0049 - acc: 0.9979 - val_loss: 0.0461 - val_acc: 0.9815
Epoch 9/30

  20/1460 [..............................] - ETA: 0s - loss: 6.2340e-04 - acc: 1.0000
 420/1460 [=======>......................] - ETA: 0s - loss: 0.0079 - acc: 0.9976    
 820/1460 [===============>..............] - ETA: 0s - loss: 0.0053 - acc: 0.9988
1200/1460 [=======================>......] - ETA: 0s - loss: 0.0040 - acc: 0.9992
1460/1460 [==============================] - 0s 135us/step - loss: 0.0049 - acc: 0.9986 - val_loss: 0.0468 - val_acc: 0.9815
Epoch 10/30

  20/1460 [..............................] - ETA: 0s - loss: 0.0026 - acc: 1.0000
 400/1460 [=======>......................] - ETA: 0s - loss: 0.0010 - acc: 1.0000
 800/1460 [===============>..............] - ETA: 0s - loss: 9.0450e-04 - acc: 1.0000
1180/1460 [=======================>......] - ETA: 0s - loss: 0.0026 - acc: 0.9992    
1460/1460 [==============================] - 0s 135us/step - loss: 0.0027 - acc: 0.9993 - val_loss: 0.0506 - val_acc: 0.9815
Epoch 11/30

  20/1460 [..............................] - ETA: 0s - loss: 4.6691e-04 - acc: 1.0000
 400/1460 [=======>......................] - ETA: 0s - loss: 0.0037 - acc: 1.0000    
 780/1460 [===============>..............] - ETA: 0s - loss: 0.0049 - acc: 0.9987
1160/1460 [======================>.......] - ETA: 0s - loss: 0.0035 - acc: 0.9991
1460/1460 [==============================] - 0s 139us/step - loss: 0.0031 - acc: 0.9993 - val_loss: 0.0500 - val_acc: 0.9877
Epoch 12/30

  20/1460 [..............................] - ETA: 0s - loss: 4.3087e-04 - acc: 1.0000
 400/1460 [=======>......................] - ETA: 0s - loss: 0.0075 - acc: 0.9975    
 760/1460 [==============>...............] - ETA: 0s - loss: 0.0053 - acc: 0.9987
1160/1460 [======================>.......] - ETA: 0s - loss: 0.0037 - acc: 0.9991
1460/1460 [==============================] - 0s 138us/step - loss: 0.0031 - acc: 0.9993 - val_loss: 0.0432 - val_acc: 0.9877
acc: 98.77%
Train on 1460 samples, validate on 162 samples
Epoch 1/30

  20/1460 [..............................] - ETA: 1:10 - loss: 0.6996 - acc: 0.5000
 480/1460 [========>.....................] - ETA: 2s - loss: 0.4170 - acc: 0.8208  
 960/1460 [==================>...........] - ETA: 0s - loss: 0.2770 - acc: 0.8917
1460/1460 [==============================] - 1s 865us/step - loss: 0.2079 - acc: 0.9199 - val_loss: 0.0819 - val_acc: 0.9815
Epoch 2/30

  20/1460 [..............................] - ETA: 0s - loss: 0.0809 - acc: 0.9500
 460/1460 [========>.....................] - ETA: 0s - loss: 0.0371 - acc: 0.9891
 920/1460 [=================>............] - ETA: 0s - loss: 0.0323 - acc: 0.9924
1400/1460 [===========================>..] - ETA: 0s - loss: 0.0370 - acc: 0.9900
1460/1460 [==============================] - 0s 114us/step - loss: 0.0383 - acc: 0.9884 - val_loss: 0.0795 - val_acc: 0.9815
Epoch 3/30

  20/1460 [..............................] - ETA: 0s - loss: 0.0324 - acc: 1.0000
 500/1460 [=========>....................] - ETA: 0s - loss: 0.0222 - acc: 0.9960
 960/1460 [==================>...........] - ETA: 0s - loss: 0.0208 - acc: 0.9958
1440/1460 [============================>.] - ETA: 0s - loss: 0.0160 - acc: 0.9972
1460/1460 [==============================] - 0s 112us/step - loss: 0.0158 - acc: 0.9973 - val_loss: 0.0828 - val_acc: 0.9815
Epoch 4/30

  20/1460 [..............................] - ETA: 0s - loss: 0.0165 - acc: 1.0000
 500/1460 [=========>....................] - ETA: 0s - loss: 0.0057 - acc: 0.9980
1000/1460 [===================>..........] - ETA: 0s - loss: 0.0042 - acc: 0.9990
1460/1460 [==============================] - 0s 108us/step - loss: 0.0050 - acc: 0.9986 - val_loss: 0.0865 - val_acc: 0.9753
Epoch 5/30

  20/1460 [..............................] - ETA: 0s - loss: 0.0044 - acc: 1.0000
 520/1460 [=========>....................] - ETA: 0s - loss: 0.0040 - acc: 1.0000
1000/1460 [===================>..........] - ETA: 0s - loss: 0.0031 - acc: 1.0000
1460/1460 [==============================] - 0s 110us/step - loss: 0.0026 - acc: 1.0000 - val_loss: 0.0901 - val_acc: 0.9815
Epoch 6/30

  20/1460 [..............................] - ETA: 0s - loss: 0.0355 - acc: 1.0000
 480/1460 [========>.....................] - ETA: 0s - loss: 0.0028 - acc: 1.0000
 940/1460 [==================>...........] - ETA: 0s - loss: 0.0022 - acc: 1.0000
1400/1460 [===========================>..] - ETA: 0s - loss: 0.0018 - acc: 1.0000
1460/1460 [==============================] - 0s 114us/step - loss: 0.0018 - acc: 1.0000 - val_loss: 0.0910 - val_acc: 0.9753
Epoch 7/30

  20/1460 [..............................] - ETA: 0s - loss: 6.6599e-04 - acc: 1.0000
 460/1460 [========>.....................] - ETA: 0s - loss: 8.3919e-04 - acc: 1.0000
 900/1460 [=================>............] - ETA: 0s - loss: 0.0019 - acc: 0.9989    
1340/1460 [==========================>...] - ETA: 0s - loss: 0.0016 - acc: 0.9993
1460/1460 [==============================] - 0s 121us/step - loss: 0.0015 - acc: 0.9993 - val_loss: 0.0917 - val_acc: 0.9753
Epoch 8/30

  20/1460 [..............................] - ETA: 0s - loss: 1.8604e-04 - acc: 1.0000
 440/1460 [========>.....................] - ETA: 0s - loss: 0.0015 - acc: 1.0000    
 880/1460 [=================>............] - ETA: 0s - loss: 0.0011 - acc: 1.0000
1320/1460 [==========================>...] - ETA: 0s - loss: 9.7400e-04 - acc: 1.0000
1460/1460 [==============================] - 0s 122us/step - loss: 9.4021e-04 - acc: 1.0000 - val_loss: 0.0983 - val_acc: 0.9815
Epoch 9/30

  20/1460 [..............................] - ETA: 0s - loss: 2.9194e-04 - acc: 1.0000
 440/1460 [========>.....................] - ETA: 0s - loss: 3.8127e-04 - acc: 1.0000
 860/1460 [================>.............] - ETA: 0s - loss: 5.7504e-04 - acc: 1.0000
1280/1460 [=========================>....] - ETA: 0s - loss: 5.8132e-04 - acc: 1.0000
1460/1460 [==============================] - 0s 128us/step - loss: 5.6867e-04 - acc: 1.0000 - val_loss: 0.0981 - val_acc: 0.9815
acc: 98.15%
Train on 1460 samples, validate on 162 samples
Epoch 1/30

  20/1460 [..............................] - ETA: 1:18 - loss: 0.7138 - acc: 0.4500
 500/1460 [=========>....................] - ETA: 2s - loss: 0.3899 - acc: 0.8060  
 960/1460 [==================>...........] - ETA: 0s - loss: 0.2386 - acc: 0.8906
1420/1460 [============================>.] - ETA: 0s - loss: 0.1851 - acc: 0.9176
1460/1460 [==============================] - 1s 951us/step - loss: 0.1804 - acc: 0.9199 - val_loss: 0.0759 - val_acc: 0.9691
Epoch 2/30

  20/1460 [..............................] - ETA: 0s - loss: 0.0197 - acc: 1.0000
 500/1460 [=========>....................] - ETA: 0s - loss: 0.0327 - acc: 0.9960
 940/1460 [==================>...........] - ETA: 0s - loss: 0.0399 - acc: 0.9883
1420/1460 [============================>.] - ETA: 0s - loss: 0.0426 - acc: 0.9887
1460/1460 [==============================] - 0s 114us/step - loss: 0.0422 - acc: 0.9890 - val_loss: 0.0853 - val_acc: 0.9691
Epoch 3/30

  20/1460 [..............................] - ETA: 0s - loss: 0.0022 - acc: 1.0000
 480/1460 [========>.....................] - ETA: 0s - loss: 0.0118 - acc: 1.0000
 940/1460 [==================>...........] - ETA: 0s - loss: 0.0131 - acc: 0.9989
1400/1460 [===========================>..] - ETA: 0s - loss: 0.0163 - acc: 0.9979
1460/1460 [==============================] - 0s 114us/step - loss: 0.0160 - acc: 0.9979 - val_loss: 0.0626 - val_acc: 0.9815
Epoch 4/30

  20/1460 [..............................] - ETA: 0s - loss: 0.0051 - acc: 1.0000
 480/1460 [========>.....................] - ETA: 0s - loss: 0.0147 - acc: 0.9958
 940/1460 [==================>...........] - ETA: 0s - loss: 0.0095 - acc: 0.9979
1420/1460 [============================>.] - ETA: 0s - loss: 0.0081 - acc: 0.9979
1460/1460 [==============================] - 0s 113us/step - loss: 0.0097 - acc: 0.9973 - val_loss: 0.0459 - val_acc: 0.9877
Epoch 5/30

  20/1460 [..............................] - ETA: 0s - loss: 0.0040 - acc: 1.0000
 500/1460 [=========>....................] - ETA: 0s - loss: 0.0079 - acc: 0.9980
 980/1460 [===================>..........] - ETA: 0s - loss: 0.0119 - acc: 0.9969
1460/1460 [==============================] - 0s 109us/step - loss: 0.0096 - acc: 0.9979 - val_loss: 0.0489 - val_acc: 0.9938
Epoch 6/30

  20/1460 [..............................] - ETA: 0s - loss: 0.0020 - acc: 1.0000
 480/1460 [========>.....................] - ETA: 0s - loss: 0.0052 - acc: 0.9979
 960/1460 [==================>...........] - ETA: 0s - loss: 0.0061 - acc: 0.9979
1420/1460 [============================>.] - ETA: 0s - loss: 0.0048 - acc: 0.9986
1460/1460 [==============================] - 0s 113us/step - loss: 0.0047 - acc: 0.9986 - val_loss: 0.0571 - val_acc: 0.9815
Epoch 7/30

  20/1460 [..............................] - ETA: 0s - loss: 0.0010 - acc: 1.0000
 480/1460 [========>.....................] - ETA: 0s - loss: 9.5967e-04 - acc: 1.0000
 960/1460 [==================>...........] - ETA: 0s - loss: 0.0011 - acc: 1.0000    
1440/1460 [============================>.] - ETA: 0s - loss: 0.0032 - acc: 0.9986
1460/1460 [==============================] - 0s 111us/step - loss: 0.0031 - acc: 0.9986 - val_loss: 0.0695 - val_acc: 0.9815
Epoch 8/30

  20/1460 [..............................] - ETA: 0s - loss: 7.5860e-04 - acc: 1.0000
 480/1460 [========>.....................] - ETA: 0s - loss: 0.0029 - acc: 1.0000    
 940/1460 [==================>...........] - ETA: 0s - loss: 0.0044 - acc: 0.9989
1420/1460 [============================>.] - ETA: 0s - loss: 0.0035 - acc: 0.9993
1460/1460 [==============================] - 0s 112us/step - loss: 0.0034 - acc: 0.9993 - val_loss: 0.0679 - val_acc: 0.9753
Epoch 9/30

  20/1460 [..............................] - ETA: 0s - loss: 4.9971e-04 - acc: 1.0000
 500/1460 [=========>....................] - ETA: 0s - loss: 0.0034 - acc: 0.9980    
 980/1460 [===================>..........] - ETA: 0s - loss: 0.0027 - acc: 0.9990
1460/1460 [==============================] - 0s 110us/step - loss: 0.0021 - acc: 0.9993 - val_loss: 0.0727 - val_acc: 0.9753
Epoch 10/30

  20/1460 [..............................] - ETA: 0s - loss: 6.8091e-04 - acc: 1.0000
 500/1460 [=========>....................] - ETA: 0s - loss: 7.3663e-04 - acc: 1.0000
 980/1460 [===================>..........] - ETA: 0s - loss: 0.0031 - acc: 0.9990    
1460/1460 [==============================] - 0s 108us/step - loss: 0.0028 - acc: 0.9993 - val_loss: 0.0718 - val_acc: 0.9753
Epoch 11/30

  20/1460 [..............................] - ETA: 0s - loss: 1.4527e-04 - acc: 1.0000
 480/1460 [========>.....................] - ETA: 0s - loss: 4.5701e-04 - acc: 1.0000
 960/1460 [==================>...........] - ETA: 0s - loss: 0.0025 - acc: 0.9990    
1420/1460 [============================>.] - ETA: 0s - loss: 0.0022 - acc: 0.9993
1460/1460 [==============================] - 0s 112us/step - loss: 0.0021 - acc: 0.9993 - val_loss: 0.0787 - val_acc: 0.9753
Epoch 12/30

  20/1460 [..............................] - ETA: 0s - loss: 1.7603e-04 - acc: 1.0000
 500/1460 [=========>....................] - ETA: 0s - loss: 0.0016 - acc: 1.0000    
 940/1460 [==================>...........] - ETA: 0s - loss: 0.0027 - acc: 0.9989
1400/1460 [===========================>..] - ETA: 0s - loss: 0.0020 - acc: 0.9993
1460/1460 [==============================] - 0s 114us/step - loss: 0.0020 - acc: 0.9993 - val_loss: 0.0827 - val_acc: 0.9753
Epoch 13/30

  20/1460 [..............................] - ETA: 0s - loss: 2.8519e-04 - acc: 1.0000
 500/1460 [=========>....................] - ETA: 0s - loss: 4.5397e-04 - acc: 1.0000
 980/1460 [===================>..........] - ETA: 0s - loss: 0.0010 - acc: 1.0000    
1460/1460 [==============================] - 0s 110us/step - loss: 9.5326e-04 - acc: 1.0000 - val_loss: 0.0811 - val_acc: 0.9753
acc: 99.38%
Train on 1460 samples, validate on 162 samples
Epoch 1/30

  20/1460 [..............................] - ETA: 1:28 - loss: 0.6732 - acc: 0.5500
 360/1460 [======>.......................] - ETA: 3s - loss: 0.4139 - acc: 0.8444  
 680/1460 [============>.................] - ETA: 1s - loss: 0.2676 - acc: 0.8971
1060/1460 [====================>.........] - ETA: 0s - loss: 0.2077 - acc: 0.9179
1460/1460 [==============================] - 2s 1ms/step - loss: 0.1860 - acc: 0.9267 - val_loss: 0.0952 - val_acc: 0.9630
Epoch 2/30

  20/1460 [..............................] - ETA: 0s - loss: 0.0352 - acc: 1.0000
 460/1460 [========>.....................] - ETA: 0s - loss: 0.0417 - acc: 0.9891
 920/1460 [=================>............] - ETA: 0s - loss: 0.0328 - acc: 0.9902
1380/1460 [===========================>..] - ETA: 0s - loss: 0.0369 - acc: 0.9884
1460/1460 [==============================] - 0s 116us/step - loss: 0.0370 - acc: 0.9884 - val_loss: 0.0786 - val_acc: 0.9691
Epoch 3/30

  20/1460 [..............................] - ETA: 0s - loss: 0.0079 - acc: 1.0000
 480/1460 [========>.....................] - ETA: 0s - loss: 0.0127 - acc: 0.9958
 940/1460 [==================>...........] - ETA: 0s - loss: 0.0162 - acc: 0.9968
1400/1460 [===========================>..] - ETA: 0s - loss: 0.0180 - acc: 0.9964
1460/1460 [==============================] - 0s 114us/step - loss: 0.0177 - acc: 0.9966 - val_loss: 0.0854 - val_acc: 0.9630
Epoch 4/30

  20/1460 [..............................] - ETA: 0s - loss: 0.0075 - acc: 1.0000
 480/1460 [========>.....................] - ETA: 0s - loss: 0.0187 - acc: 0.9937
 940/1460 [==================>...........] - ETA: 0s - loss: 0.0130 - acc: 0.9968
1400/1460 [===========================>..] - ETA: 0s - loss: 0.0125 - acc: 0.9971
1460/1460 [==============================] - 0s 115us/step - loss: 0.0123 - acc: 0.9973 - val_loss: 0.0765 - val_acc: 0.9691
Epoch 5/30

  20/1460 [..............................] - ETA: 0s - loss: 0.0046 - acc: 1.0000
 480/1460 [========>.....................] - ETA: 0s - loss: 0.0092 - acc: 0.9958
 940/1460 [==================>...........] - ETA: 0s - loss: 0.0066 - acc: 0.9979
1400/1460 [===========================>..] - ETA: 0s - loss: 0.0052 - acc: 0.9986
1460/1460 [==============================] - 0s 114us/step - loss: 0.0051 - acc: 0.9986 - val_loss: 0.0740 - val_acc: 0.9691
Epoch 6/30

  20/1460 [..............................] - ETA: 0s - loss: 8.3657e-04 - acc: 1.0000
 500/1460 [=========>....................] - ETA: 0s - loss: 0.0084 - acc: 0.9960    
 960/1460 [==================>...........] - ETA: 0s - loss: 0.0056 - acc: 0.9979
1440/1460 [============================>.] - ETA: 0s - loss: 0.0055 - acc: 0.9979
1460/1460 [==============================] - 0s 112us/step - loss: 0.0055 - acc: 0.9979 - val_loss: 0.0786 - val_acc: 0.9691
Epoch 7/30

  20/1460 [..............................] - ETA: 0s - loss: 0.0011 - acc: 1.0000
 500/1460 [=========>....................] - ETA: 0s - loss: 0.0014 - acc: 1.0000
 960/1460 [==================>...........] - ETA: 0s - loss: 0.0013 - acc: 1.0000
1440/1460 [============================>.] - ETA: 0s - loss: 0.0038 - acc: 0.9986
1460/1460 [==============================] - 0s 111us/step - loss: 0.0038 - acc: 0.9986 - val_loss: 0.0731 - val_acc: 0.9691
Epoch 8/30

  20/1460 [..............................] - ETA: 0s - loss: 8.1687e-04 - acc: 1.0000
 480/1460 [========>.....................] - ETA: 0s - loss: 0.0021 - acc: 1.0000    
 940/1460 [==================>...........] - ETA: 0s - loss: 0.0026 - acc: 0.9989
1400/1460 [===========================>..] - ETA: 0s - loss: 0.0023 - acc: 0.9993
1460/1460 [==============================] - 0s 114us/step - loss: 0.0022 - acc: 0.9993 - val_loss: 0.0818 - val_acc: 0.9630
Epoch 9/30

  20/1460 [..............................] - ETA: 0s - loss: 7.1334e-04 - acc: 1.0000
 480/1460 [========>.....................] - ETA: 0s - loss: 0.0018 - acc: 1.0000    
 940/1460 [==================>...........] - ETA: 0s - loss: 0.0013 - acc: 1.0000
1400/1460 [===========================>..] - ETA: 0s - loss: 0.0013 - acc: 1.0000
1460/1460 [==============================] - 0s 114us/step - loss: 0.0012 - acc: 1.0000 - val_loss: 0.0780 - val_acc: 0.9691
Epoch 10/30

  20/1460 [..............................] - ETA: 0s - loss: 5.8354e-04 - acc: 1.0000
 480/1460 [========>.....................] - ETA: 0s - loss: 5.1354e-04 - acc: 1.0000
 960/1460 [==================>...........] - ETA: 0s - loss: 8.1233e-04 - acc: 1.0000
1440/1460 [============================>.] - ETA: 0s - loss: 7.7698e-04 - acc: 1.0000
1460/1460 [==============================] - 0s 112us/step - loss: 7.7237e-04 - acc: 1.0000 - val_loss: 0.0779 - val_acc: 0.9691
acc: 96.91%
Train on 1461 samples, validate on 161 samples
Epoch 1/30

  20/1461 [..............................] - ETA: 1:37 - loss: 0.7058 - acc: 0.4000
 480/1461 [========>.....................] - ETA: 2s - loss: 0.3447 - acc: 0.8563  
 960/1461 [==================>...........] - ETA: 0s - loss: 0.2225 - acc: 0.9083
1420/1461 [============================>.] - ETA: 0s - loss: 0.1777 - acc: 0.9289
1461/1461 [==============================] - 2s 1ms/step - loss: 0.1740 - acc: 0.9309 - val_loss: 0.0414 - val_acc: 0.9876
Epoch 2/30

  20/1461 [..............................] - ETA: 0s - loss: 0.0101 - acc: 1.0000
 460/1461 [========>.....................] - ETA: 0s - loss: 0.0330 - acc: 0.9935
 900/1461 [=================>............] - ETA: 0s - loss: 0.0411 - acc: 0.9911
1360/1461 [==========================>...] - ETA: 0s - loss: 0.0404 - acc: 0.9912
1461/1461 [==============================] - 0s 120us/step - loss: 0.0405 - acc: 0.9904 - val_loss: 0.0401 - val_acc: 0.9814
Epoch 3/30

  20/1461 [..............................] - ETA: 0s - loss: 0.0033 - acc: 1.0000
 460/1461 [========>.....................] - ETA: 0s - loss: 0.0183 - acc: 0.9957
 920/1461 [=================>............] - ETA: 0s - loss: 0.0212 - acc: 0.9957
1360/1461 [==========================>...] - ETA: 0s - loss: 0.0201 - acc: 0.9963
1461/1461 [==============================] - 0s 118us/step - loss: 0.0197 - acc: 0.9966 - val_loss: 0.0328 - val_acc: 0.9876
Epoch 4/30

  20/1461 [..............................] - ETA: 0s - loss: 0.0150 - acc: 1.0000
 480/1461 [========>.....................] - ETA: 0s - loss: 0.0136 - acc: 0.9979
 940/1461 [==================>...........] - ETA: 0s - loss: 0.0121 - acc: 0.9979
1400/1461 [===========================>..] - ETA: 0s - loss: 0.0114 - acc: 0.9979
1461/1461 [==============================] - 0s 115us/step - loss: 0.0111 - acc: 0.9979 - val_loss: 0.0172 - val_acc: 0.9938
Epoch 5/30

  20/1461 [..............................] - ETA: 0s - loss: 0.0030 - acc: 1.0000
 480/1461 [========>.....................] - ETA: 0s - loss: 0.0040 - acc: 1.0000
 920/1461 [=================>............] - ETA: 0s - loss: 0.0031 - acc: 1.0000
1380/1461 [===========================>..] - ETA: 0s - loss: 0.0060 - acc: 0.9986
1461/1461 [==============================] - 0s 117us/step - loss: 0.0062 - acc: 0.9986 - val_loss: 0.0384 - val_acc: 0.9876
Epoch 6/30

  20/1461 [..............................] - ETA: 0s - loss: 0.0011 - acc: 1.0000
 460/1461 [========>.....................] - ETA: 0s - loss: 0.0050 - acc: 1.0000
 900/1461 [=================>............] - ETA: 0s - loss: 0.0094 - acc: 0.9989
1360/1461 [==========================>...] - ETA: 0s - loss: 0.0082 - acc: 0.9985
1461/1461 [==============================] - 0s 119us/step - loss: 0.0078 - acc: 0.9986 - val_loss: 0.0139 - val_acc: 0.9938
Epoch 7/30

  20/1461 [..............................] - ETA: 0s - loss: 0.0018 - acc: 1.0000
 440/1461 [========>.....................] - ETA: 0s - loss: 0.0073 - acc: 0.9977
 880/1461 [=================>............] - ETA: 0s - loss: 0.0070 - acc: 0.9977
1340/1461 [==========================>...] - ETA: 0s - loss: 0.0053 - acc: 0.9985
1461/1461 [==============================] - 0s 120us/step - loss: 0.0050 - acc: 0.9986 - val_loss: 0.0137 - val_acc: 0.9938
Epoch 8/30

  20/1461 [..............................] - ETA: 0s - loss: 7.5752e-04 - acc: 1.0000
 500/1461 [=========>....................] - ETA: 0s - loss: 9.6938e-04 - acc: 1.0000
 960/1461 [==================>...........] - ETA: 0s - loss: 8.3204e-04 - acc: 1.0000
1420/1461 [============================>.] - ETA: 0s - loss: 0.0035 - acc: 0.9993    
1461/1461 [==============================] - 0s 114us/step - loss: 0.0034 - acc: 0.9993 - val_loss: 0.0151 - val_acc: 0.9938
Epoch 9/30

  20/1461 [..............................] - ETA: 0s - loss: 0.0021 - acc: 1.0000
 480/1461 [========>.....................] - ETA: 0s - loss: 0.0018 - acc: 1.0000
 940/1461 [==================>...........] - ETA: 0s - loss: 0.0030 - acc: 0.9989
1380/1461 [===========================>..] - ETA: 0s - loss: 0.0024 - acc: 0.9993
1461/1461 [==============================] - 0s 118us/step - loss: 0.0023 - acc: 0.9993 - val_loss: 0.0112 - val_acc: 0.9938
Epoch 10/30

  20/1461 [..............................] - ETA: 0s - loss: 0.0380 - acc: 0.9500
 460/1461 [========>.....................] - ETA: 0s - loss: 0.0025 - acc: 0.9978
 900/1461 [=================>............] - ETA: 0s - loss: 0.0017 - acc: 0.9989
1360/1461 [==========================>...] - ETA: 0s - loss: 0.0013 - acc: 0.9993
1461/1461 [==============================] - 0s 119us/step - loss: 0.0014 - acc: 0.9993 - val_loss: 0.0109 - val_acc: 0.9938
Epoch 11/30

  20/1461 [..............................] - ETA: 0s - loss: 5.8287e-04 - acc: 1.0000
 460/1461 [========>.....................] - ETA: 0s - loss: 0.0043 - acc: 0.9978    
 900/1461 [=================>............] - ETA: 0s - loss: 0.0045 - acc: 0.9989
1340/1461 [==========================>...] - ETA: 0s - loss: 0.0032 - acc: 0.9993
1461/1461 [==============================] - 0s 119us/step - loss: 0.0030 - acc: 0.9993 - val_loss: 0.0124 - val_acc: 0.9938
Epoch 12/30

  20/1461 [..............................] - ETA: 0s - loss: 7.6283e-05 - acc: 1.0000
 480/1461 [========>.....................] - ETA: 0s - loss: 5.4674e-04 - acc: 1.0000
 940/1461 [==================>...........] - ETA: 0s - loss: 5.4554e-04 - acc: 1.0000
1420/1461 [============================>.] - ETA: 0s - loss: 0.0031 - acc: 0.9993    
1461/1461 [==============================] - 0s 114us/step - loss: 0.0030 - acc: 0.9993 - val_loss: 0.0141 - val_acc: 0.9938
acc: 99.38%
Accuracy: 98.34% (+/- 0.78%)
