Train on 1459 samples, validate on 163 samples
Epoch 1/30

 100/1459 [=>............................] - ETA: 6s - loss: 0.7628 - acc: 0.3100
1459/1459 [==============================] - 1s 384us/step - loss: 0.6424 - acc: 0.6813 - val_loss: 0.5680 - val_acc: 0.8282
Epoch 2/30

 100/1459 [=>............................] - ETA: 0s - loss: 0.5460 - acc: 0.8900
1459/1459 [==============================] - 0s 32us/step - loss: 0.4778 - acc: 0.9363 - val_loss: 0.4108 - val_acc: 0.9632
Epoch 3/30

 100/1459 [=>............................] - ETA: 0s - loss: 0.3621 - acc: 0.9900
1459/1459 [==============================] - 0s 28us/step - loss: 0.3115 - acc: 0.9705 - val_loss: 0.2700 - val_acc: 0.9509
Epoch 4/30

 100/1459 [=>............................] - ETA: 0s - loss: 0.2347 - acc: 0.9800
1459/1459 [==============================] - 0s 28us/step - loss: 0.1917 - acc: 0.9753 - val_loss: 0.1857 - val_acc: 0.9509
Epoch 5/30

 100/1459 [=>............................] - ETA: 0s - loss: 0.1812 - acc: 0.9500
1459/1459 [==============================] - 0s 28us/step - loss: 0.1287 - acc: 0.9801 - val_loss: 0.1462 - val_acc: 0.9571
Epoch 6/30

 100/1459 [=>............................] - ETA: 0s - loss: 0.1057 - acc: 0.9800
1459/1459 [==============================] - 0s 27us/step - loss: 0.0966 - acc: 0.9856 - val_loss: 0.1244 - val_acc: 0.9632
Epoch 7/30

 100/1459 [=>............................] - ETA: 0s - loss: 0.0869 - acc: 1.0000
1459/1459 [==============================] - 0s 29us/step - loss: 0.0783 - acc: 0.9870 - val_loss: 0.1138 - val_acc: 0.9632
Epoch 8/30

 100/1459 [=>............................] - ETA: 0s - loss: 0.0668 - acc: 0.9900
1459/1459 [==============================] - 0s 26us/step - loss: 0.0659 - acc: 0.9870 - val_loss: 0.1083 - val_acc: 0.9632
Epoch 9/30

 100/1459 [=>............................] - ETA: 0s - loss: 0.0544 - acc: 0.9900
1459/1459 [==============================] - 0s 27us/step - loss: 0.0569 - acc: 0.9897 - val_loss: 0.1034 - val_acc: 0.9693
Epoch 10/30

 100/1459 [=>............................] - ETA: 0s - loss: 0.0444 - acc: 1.0000
1459/1459 [==============================] - 0s 26us/step - loss: 0.0496 - acc: 0.9925 - val_loss: 0.0991 - val_acc: 0.9693
Epoch 11/30

 100/1459 [=>............................] - ETA: 0s - loss: 0.0423 - acc: 0.9900
1459/1459 [==============================] - 0s 27us/step - loss: 0.0440 - acc: 0.9931 - val_loss: 0.0979 - val_acc: 0.9693
Epoch 12/30

 100/1459 [=>............................] - ETA: 0s - loss: 0.0291 - acc: 0.9900
1459/1459 [==============================] - 0s 26us/step - loss: 0.0392 - acc: 0.9938 - val_loss: 0.0959 - val_acc: 0.9693
Epoch 13/30

 100/1459 [=>............................] - ETA: 0s - loss: 0.0312 - acc: 1.0000
1459/1459 [==============================] - 0s 26us/step - loss: 0.0351 - acc: 0.9952 - val_loss: 0.0945 - val_acc: 0.9755
Epoch 14/30

 100/1459 [=>............................] - ETA: 0s - loss: 0.0209 - acc: 1.0000
1459/1459 [==============================] - 0s 26us/step - loss: 0.0316 - acc: 0.9966 - val_loss: 0.0928 - val_acc: 0.9755
Epoch 15/30

 100/1459 [=>............................] - ETA: 0s - loss: 0.0563 - acc: 0.9800
1459/1459 [==============================] - 0s 40us/step - loss: 0.0291 - acc: 0.9966 - val_loss: 0.0939 - val_acc: 0.9693
Epoch 16/30

 100/1459 [=>............................] - ETA: 0s - loss: 0.0235 - acc: 1.0000
1459/1459 [==============================] - 0s 33us/step - loss: 0.0260 - acc: 0.9966 - val_loss: 0.0918 - val_acc: 0.9755
Epoch 17/30

 100/1459 [=>............................] - ETA: 0s - loss: 0.0191 - acc: 1.0000
1459/1459 [==============================] - 0s 34us/step - loss: 0.0238 - acc: 0.9973 - val_loss: 0.0914 - val_acc: 0.9755
Epoch 18/30

 100/1459 [=>............................] - ETA: 0s - loss: 0.0155 - acc: 1.0000
1459/1459 [==============================] - 0s 33us/step - loss: 0.0217 - acc: 0.9973 - val_loss: 0.0912 - val_acc: 0.9755
Epoch 19/30

 100/1459 [=>............................] - ETA: 0s - loss: 0.0187 - acc: 1.0000
1459/1459 [==============================] - 0s 28us/step - loss: 0.0199 - acc: 0.9973 - val_loss: 0.0897 - val_acc: 0.9755
Epoch 20/30

 100/1459 [=>............................] - ETA: 0s - loss: 0.0205 - acc: 1.0000
1459/1459 [==============================] - 0s 26us/step - loss: 0.0185 - acc: 0.9979 - val_loss: 0.0901 - val_acc: 0.9755
Epoch 21/30

 100/1459 [=>............................] - ETA: 0s - loss: 0.0204 - acc: 1.0000
1459/1459 [==============================] - 0s 29us/step - loss: 0.0170 - acc: 0.9979 - val_loss: 0.0908 - val_acc: 0.9755
Epoch 22/30

 100/1459 [=>............................] - ETA: 0s - loss: 0.0139 - acc: 1.0000
1459/1459 [==============================] - 0s 27us/step - loss: 0.0155 - acc: 0.9979 - val_loss: 0.0892 - val_acc: 0.9755
Epoch 23/30

 100/1459 [=>............................] - ETA: 0s - loss: 0.0132 - acc: 1.0000
1459/1459 [==============================] - 0s 29us/step - loss: 0.0143 - acc: 0.9986 - val_loss: 0.0893 - val_acc: 0.9755
Epoch 24/30

 100/1459 [=>............................] - ETA: 0s - loss: 0.0162 - acc: 0.9900
1459/1459 [==============================] - 0s 26us/step - loss: 0.0133 - acc: 0.9986 - val_loss: 0.0905 - val_acc: 0.9755
Epoch 25/30

 100/1459 [=>............................] - ETA: 0s - loss: 0.0116 - acc: 1.0000
1459/1459 [==============================] - 0s 27us/step - loss: 0.0123 - acc: 0.9986 - val_loss: 0.0885 - val_acc: 0.9755
Epoch 26/30

 100/1459 [=>............................] - ETA: 0s - loss: 0.0105 - acc: 1.0000
1459/1459 [==============================] - 0s 28us/step - loss: 0.0114 - acc: 0.9986 - val_loss: 0.0882 - val_acc: 0.9755
Epoch 27/30

 100/1459 [=>............................] - ETA: 0s - loss: 0.0115 - acc: 1.0000
1459/1459 [==============================] - 0s 28us/step - loss: 0.0106 - acc: 1.0000 - val_loss: 0.0878 - val_acc: 0.9755
Epoch 28/30

 100/1459 [=>............................] - ETA: 0s - loss: 0.0097 - acc: 1.0000
1459/1459 [==============================] - 0s 28us/step - loss: 0.0099 - acc: 0.9993 - val_loss: 0.0882 - val_acc: 0.9755
Epoch 29/30

 100/1459 [=>............................] - ETA: 0s - loss: 0.0091 - acc: 1.0000
1459/1459 [==============================] - 0s 28us/step - loss: 0.0093 - acc: 0.9993 - val_loss: 0.0879 - val_acc: 0.9755
acc: 97.55%
Train on 1459 samples, validate on 163 samples
Epoch 1/30

 100/1459 [=>............................] - ETA: 8s - loss: 0.7056 - acc: 0.5300
1459/1459 [==============================] - 1s 480us/step - loss: 0.6329 - acc: 0.7423 - val_loss: 0.5534 - val_acc: 0.8957
Epoch 2/30

 100/1459 [=>............................] - ETA: 0s - loss: 0.5388 - acc: 0.8900
1459/1459 [==============================] - 0s 27us/step - loss: 0.4702 - acc: 0.9431 - val_loss: 0.4083 - val_acc: 0.9202
Epoch 3/30

 100/1459 [=>............................] - ETA: 0s - loss: 0.3697 - acc: 0.9600
1459/1459 [==============================] - 0s 28us/step - loss: 0.3076 - acc: 0.9712 - val_loss: 0.2742 - val_acc: 0.9571
Epoch 4/30

 100/1459 [=>............................] - ETA: 0s - loss: 0.2126 - acc: 0.9900
1459/1459 [==============================] - 0s 28us/step - loss: 0.1898 - acc: 0.9760 - val_loss: 0.1959 - val_acc: 0.9448
Epoch 5/30

 100/1459 [=>............................] - ETA: 0s - loss: 0.1253 - acc: 0.9900
1459/1459 [==============================] - 0s 29us/step - loss: 0.1277 - acc: 0.9774 - val_loss: 0.1573 - val_acc: 0.9509
Epoch 6/30

 100/1459 [=>............................] - ETA: 0s - loss: 0.1137 - acc: 0.9700
1459/1459 [==============================] - 0s 30us/step - loss: 0.0970 - acc: 0.9801 - val_loss: 0.1347 - val_acc: 0.9632
Epoch 7/30

 100/1459 [=>............................] - ETA: 0s - loss: 0.0695 - acc: 0.9800
1459/1459 [==============================] - 0s 31us/step - loss: 0.0791 - acc: 0.9842 - val_loss: 0.1234 - val_acc: 0.9693
Epoch 8/30

 100/1459 [=>............................] - ETA: 0s - loss: 0.0689 - acc: 0.9900
1459/1459 [==============================] - 0s 28us/step - loss: 0.0671 - acc: 0.9863 - val_loss: 0.1155 - val_acc: 0.9693
Epoch 9/30

 100/1459 [=>............................] - ETA: 0s - loss: 0.0842 - acc: 0.9800
1459/1459 [==============================] - 0s 31us/step - loss: 0.0584 - acc: 0.9890 - val_loss: 0.1070 - val_acc: 0.9693
Epoch 10/30

 100/1459 [=>............................] - ETA: 0s - loss: 0.0349 - acc: 1.0000
1459/1459 [==============================] - 0s 30us/step - loss: 0.0515 - acc: 0.9911 - val_loss: 0.1031 - val_acc: 0.9693
Epoch 11/30

 100/1459 [=>............................] - ETA: 0s - loss: 0.0413 - acc: 1.0000
1459/1459 [==============================] - 0s 29us/step - loss: 0.0455 - acc: 0.9911 - val_loss: 0.0998 - val_acc: 0.9693
Epoch 12/30

 100/1459 [=>............................] - ETA: 0s - loss: 0.0262 - acc: 1.0000
 900/1459 [=================>............] - ETA: 0s - loss: 0.0376 - acc: 0.9933
1459/1459 [==============================] - 0s 54us/step - loss: 0.0406 - acc: 0.9931 - val_loss: 0.0971 - val_acc: 0.9632
Epoch 13/30

 100/1459 [=>............................] - ETA: 0s - loss: 0.0250 - acc: 1.0000
1459/1459 [==============================] - 0s 36us/step - loss: 0.0362 - acc: 0.9945 - val_loss: 0.0931 - val_acc: 0.9632
Epoch 14/30

 100/1459 [=>............................] - ETA: 0s - loss: 0.0225 - acc: 1.0000
1459/1459 [==============================] - 0s 32us/step - loss: 0.0328 - acc: 0.9945 - val_loss: 0.0909 - val_acc: 0.9632
Epoch 15/30

 100/1459 [=>............................] - ETA: 0s - loss: 0.0230 - acc: 1.0000
1459/1459 [==============================] - 0s 27us/step - loss: 0.0295 - acc: 0.9952 - val_loss: 0.0889 - val_acc: 0.9693
Epoch 16/30

 100/1459 [=>............................] - ETA: 0s - loss: 0.0234 - acc: 1.0000
1459/1459 [==============================] - 0s 27us/step - loss: 0.0268 - acc: 0.9959 - val_loss: 0.0869 - val_acc: 0.9693
Epoch 17/30

 100/1459 [=>............................] - ETA: 0s - loss: 0.0317 - acc: 1.0000
1459/1459 [==============================] - 0s 27us/step - loss: 0.0242 - acc: 0.9966 - val_loss: 0.0863 - val_acc: 0.9632
Epoch 18/30

 100/1459 [=>............................] - ETA: 0s - loss: 0.0217 - acc: 1.0000
1459/1459 [==============================] - 0s 26us/step - loss: 0.0220 - acc: 0.9973 - val_loss: 0.0846 - val_acc: 0.9632
Epoch 19/30

 100/1459 [=>............................] - ETA: 0s - loss: 0.0209 - acc: 1.0000
1459/1459 [==============================] - 0s 26us/step - loss: 0.0203 - acc: 0.9979 - val_loss: 0.0822 - val_acc: 0.9693
Epoch 20/30

 100/1459 [=>............................] - ETA: 0s - loss: 0.0217 - acc: 0.9900
1459/1459 [==============================] - 0s 27us/step - loss: 0.0186 - acc: 0.9979 - val_loss: 0.0819 - val_acc: 0.9632
Epoch 21/30

 100/1459 [=>............................] - ETA: 0s - loss: 0.0145 - acc: 1.0000
1459/1459 [==============================] - 0s 27us/step - loss: 0.0171 - acc: 0.9986 - val_loss: 0.0812 - val_acc: 0.9693
Epoch 22/30

 100/1459 [=>............................] - ETA: 0s - loss: 0.0170 - acc: 1.0000
1459/1459 [==============================] - 0s 28us/step - loss: 0.0156 - acc: 0.9979 - val_loss: 0.0795 - val_acc: 0.9693
Epoch 23/30

 100/1459 [=>............................] - ETA: 0s - loss: 0.0163 - acc: 0.9900
1459/1459 [==============================] - 0s 27us/step - loss: 0.0146 - acc: 0.9979 - val_loss: 0.0783 - val_acc: 0.9632
Epoch 24/30

 100/1459 [=>............................] - ETA: 0s - loss: 0.0108 - acc: 1.0000
1459/1459 [==============================] - 0s 27us/step - loss: 0.0133 - acc: 0.9986 - val_loss: 0.0782 - val_acc: 0.9693
Epoch 25/30

 100/1459 [=>............................] - ETA: 0s - loss: 0.0080 - acc: 1.0000
1459/1459 [==============================] - 0s 27us/step - loss: 0.0124 - acc: 0.9986 - val_loss: 0.0776 - val_acc: 0.9755
Epoch 26/30

 100/1459 [=>............................] - ETA: 0s - loss: 0.0078 - acc: 1.0000
1459/1459 [==============================] - 0s 29us/step - loss: 0.0115 - acc: 0.9986 - val_loss: 0.0775 - val_acc: 0.9632
Epoch 27/30

 100/1459 [=>............................] - ETA: 0s - loss: 0.0091 - acc: 1.0000
1459/1459 [==============================] - 0s 27us/step - loss: 0.0109 - acc: 0.9993 - val_loss: 0.0762 - val_acc: 0.9693
Epoch 28/30

 100/1459 [=>............................] - ETA: 0s - loss: 0.0069 - acc: 1.0000
1459/1459 [==============================] - 0s 28us/step - loss: 0.0102 - acc: 0.9993 - val_loss: 0.0761 - val_acc: 0.9693
Epoch 29/30

 100/1459 [=>............................] - ETA: 0s - loss: 0.0103 - acc: 1.0000
1459/1459 [==============================] - 0s 26us/step - loss: 0.0095 - acc: 0.9993 - val_loss: 0.0756 - val_acc: 0.9693
Epoch 30/30

 100/1459 [=>............................] - ETA: 0s - loss: 0.0085 - acc: 1.0000
1459/1459 [==============================] - 0s 28us/step - loss: 0.0088 - acc: 1.0000 - val_loss: 0.0741 - val_acc: 0.9693
acc: 96.93%
Train on 1459 samples, validate on 163 samples
Epoch 1/30

 100/1459 [=>............................] - ETA: 8s - loss: 0.6985 - acc: 0.5400
1459/1459 [==============================] - 1s 493us/step - loss: 0.6323 - acc: 0.7334 - val_loss: 0.5650 - val_acc: 0.8896
Epoch 2/30

 100/1459 [=>............................] - ETA: 0s - loss: 0.5563 - acc: 0.9000
1459/1459 [==============================] - 0s 27us/step - loss: 0.4784 - acc: 0.9424 - val_loss: 0.4186 - val_acc: 0.9509
Epoch 3/30

 100/1459 [=>............................] - ETA: 0s - loss: 0.3987 - acc: 0.9700
1459/1459 [==============================] - 0s 26us/step - loss: 0.3192 - acc: 0.9692 - val_loss: 0.2754 - val_acc: 0.9693
Epoch 4/30

 100/1459 [=>............................] - ETA: 0s - loss: 0.2148 - acc: 1.0000
1459/1459 [==============================] - 0s 27us/step - loss: 0.2016 - acc: 0.9746 - val_loss: 0.1865 - val_acc: 0.9571
Epoch 5/30

 100/1459 [=>............................] - ETA: 0s - loss: 0.1613 - acc: 0.9800
1459/1459 [==============================] - 0s 28us/step - loss: 0.1362 - acc: 0.9808 - val_loss: 0.1420 - val_acc: 0.9755
Epoch 6/30

 100/1459 [=>............................] - ETA: 0s - loss: 0.0825 - acc: 1.0000
1459/1459 [==============================] - 0s 27us/step - loss: 0.1015 - acc: 0.9842 - val_loss: 0.1190 - val_acc: 0.9755
Epoch 7/30

 100/1459 [=>............................] - ETA: 0s - loss: 0.0835 - acc: 0.9800
1459/1459 [==============================] - 0s 28us/step - loss: 0.0808 - acc: 0.9863 - val_loss: 0.1078 - val_acc: 0.9755
Epoch 8/30

 100/1459 [=>............................] - ETA: 0s - loss: 0.0757 - acc: 0.9800
1459/1459 [==============================] - 0s 29us/step - loss: 0.0678 - acc: 0.9883 - val_loss: 0.0989 - val_acc: 0.9755
Epoch 9/30

 100/1459 [=>............................] - ETA: 0s - loss: 0.0854 - acc: 0.9800
1459/1459 [==============================] - 0s 28us/step - loss: 0.0584 - acc: 0.9883 - val_loss: 0.0941 - val_acc: 0.9755
Epoch 10/30

 100/1459 [=>............................] - ETA: 0s - loss: 0.0466 - acc: 0.9900
1459/1459 [==============================] - 0s 28us/step - loss: 0.0509 - acc: 0.9897 - val_loss: 0.0893 - val_acc: 0.9755
Epoch 11/30

 100/1459 [=>............................] - ETA: 0s - loss: 0.0564 - acc: 0.9900
1459/1459 [==============================] - 0s 27us/step - loss: 0.0446 - acc: 0.9925 - val_loss: 0.0852 - val_acc: 0.9816
Epoch 12/30

 100/1459 [=>............................] - ETA: 0s - loss: 0.0447 - acc: 0.9900
1459/1459 [==============================] - 0s 29us/step - loss: 0.0395 - acc: 0.9952 - val_loss: 0.0821 - val_acc: 0.9816
Epoch 13/30

 100/1459 [=>............................] - ETA: 0s - loss: 0.0343 - acc: 0.9900
1459/1459 [==============================] - 0s 27us/step - loss: 0.0350 - acc: 0.9959 - val_loss: 0.0808 - val_acc: 0.9816
Epoch 14/30

 100/1459 [=>............................] - ETA: 0s - loss: 0.0232 - acc: 1.0000
1459/1459 [==============================] - 0s 28us/step - loss: 0.0315 - acc: 0.9959 - val_loss: 0.0789 - val_acc: 0.9816
Epoch 15/30

 100/1459 [=>............................] - ETA: 0s - loss: 0.0300 - acc: 1.0000
1459/1459 [==============================] - 0s 27us/step - loss: 0.0284 - acc: 0.9959 - val_loss: 0.0777 - val_acc: 0.9816
Epoch 16/30

 100/1459 [=>............................] - ETA: 0s - loss: 0.0168 - acc: 1.0000
1459/1459 [==============================] - 0s 27us/step - loss: 0.0258 - acc: 0.9973 - val_loss: 0.0755 - val_acc: 0.9816
Epoch 17/30

 100/1459 [=>............................] - ETA: 0s - loss: 0.0149 - acc: 1.0000
1459/1459 [==============================] - 0s 27us/step - loss: 0.0232 - acc: 0.9973 - val_loss: 0.0752 - val_acc: 0.9816
Epoch 18/30

 100/1459 [=>............................] - ETA: 0s - loss: 0.0200 - acc: 1.0000
1459/1459 [==============================] - 0s 27us/step - loss: 0.0211 - acc: 0.9973 - val_loss: 0.0747 - val_acc: 0.9816
Epoch 19/30

 100/1459 [=>............................] - ETA: 0s - loss: 0.0228 - acc: 1.0000
1459/1459 [==============================] - 0s 27us/step - loss: 0.0195 - acc: 0.9993 - val_loss: 0.0736 - val_acc: 0.9816
Epoch 20/30

 100/1459 [=>............................] - ETA: 0s - loss: 0.0305 - acc: 0.9900
1459/1459 [==============================] - 0s 27us/step - loss: 0.0178 - acc: 0.9979 - val_loss: 0.0732 - val_acc: 0.9816
Epoch 21/30

 100/1459 [=>............................] - ETA: 0s - loss: 0.0129 - acc: 1.0000
1459/1459 [==============================] - 0s 27us/step - loss: 0.0164 - acc: 0.9993 - val_loss: 0.0723 - val_acc: 0.9816
Epoch 22/30

 100/1459 [=>............................] - ETA: 0s - loss: 0.0183 - acc: 1.0000
1459/1459 [==============================] - 0s 28us/step - loss: 0.0151 - acc: 0.9993 - val_loss: 0.0717 - val_acc: 0.9816
Epoch 23/30

 100/1459 [=>............................] - ETA: 0s - loss: 0.0120 - acc: 1.0000
1459/1459 [==============================] - 0s 27us/step - loss: 0.0140 - acc: 0.9993 - val_loss: 0.0721 - val_acc: 0.9816
Epoch 24/30

 100/1459 [=>............................] - ETA: 0s - loss: 0.0098 - acc: 1.0000
1459/1459 [==============================] - 0s 28us/step - loss: 0.0129 - acc: 0.9993 - val_loss: 0.0710 - val_acc: 0.9816
Epoch 25/30

 100/1459 [=>............................] - ETA: 0s - loss: 0.0149 - acc: 1.0000
1459/1459 [==============================] - 0s 27us/step - loss: 0.0120 - acc: 0.9993 - val_loss: 0.0713 - val_acc: 0.9816
Epoch 26/30

 100/1459 [=>............................] - ETA: 0s - loss: 0.0084 - acc: 1.0000
1459/1459 [==============================] - 0s 28us/step - loss: 0.0111 - acc: 0.9993 - val_loss: 0.0711 - val_acc: 0.9816
Epoch 27/30

 100/1459 [=>............................] - ETA: 0s - loss: 0.0107 - acc: 1.0000
1459/1459 [==============================] - 0s 28us/step - loss: 0.0104 - acc: 0.9993 - val_loss: 0.0705 - val_acc: 0.9816
acc: 98.16%
Train on 1460 samples, validate on 162 samples
Epoch 1/30

 100/1460 [=>............................] - ETA: 9s - loss: 0.6747 - acc: 0.5800
1460/1460 [==============================] - 1s 571us/step - loss: 0.6231 - acc: 0.7486 - val_loss: 0.5413 - val_acc: 0.8889
Epoch 2/30

 100/1460 [=>............................] - ETA: 0s - loss: 0.5614 - acc: 0.8200
1460/1460 [==============================] - 0s 30us/step - loss: 0.4648 - acc: 0.9377 - val_loss: 0.3849 - val_acc: 0.9691
Epoch 3/30

 100/1460 [=>............................] - ETA: 0s - loss: 0.3976 - acc: 0.9700
1460/1460 [==============================] - 0s 28us/step - loss: 0.3085 - acc: 0.9733 - val_loss: 0.2454 - val_acc: 0.9691
Epoch 4/30

 100/1460 [=>............................] - ETA: 0s - loss: 0.2388 - acc: 0.9600
1460/1460 [==============================] - 0s 27us/step - loss: 0.1943 - acc: 0.9788 - val_loss: 0.1642 - val_acc: 0.9691
Epoch 5/30

 100/1460 [=>............................] - ETA: 0s - loss: 0.1638 - acc: 0.9900
1460/1460 [==============================] - 0s 29us/step - loss: 0.1324 - acc: 0.9815 - val_loss: 0.1247 - val_acc: 0.9691
Epoch 6/30

 100/1460 [=>............................] - ETA: 0s - loss: 0.0954 - acc: 0.9800
1460/1460 [==============================] - 0s 31us/step - loss: 0.0997 - acc: 0.9829 - val_loss: 0.1036 - val_acc: 0.9691
Epoch 7/30

 100/1460 [=>............................] - ETA: 0s - loss: 0.1083 - acc: 0.9700
1460/1460 [==============================] - 0s 29us/step - loss: 0.0810 - acc: 0.9863 - val_loss: 0.0909 - val_acc: 0.9691
Epoch 8/30

 100/1460 [=>............................] - ETA: 0s - loss: 0.0940 - acc: 0.9600
1460/1460 [==============================] - 0s 29us/step - loss: 0.0682 - acc: 0.9863 - val_loss: 0.0837 - val_acc: 0.9691
Epoch 9/30

 100/1460 [=>............................] - ETA: 0s - loss: 0.0664 - acc: 0.9900
1460/1460 [==============================] - 0s 29us/step - loss: 0.0595 - acc: 0.9890 - val_loss: 0.0780 - val_acc: 0.9691
Epoch 10/30

 100/1460 [=>............................] - ETA: 0s - loss: 0.0547 - acc: 0.9900
1460/1460 [==============================] - 0s 29us/step - loss: 0.0520 - acc: 0.9911 - val_loss: 0.0745 - val_acc: 0.9691
Epoch 11/30

 100/1460 [=>............................] - ETA: 0s - loss: 0.0429 - acc: 1.0000
1460/1460 [==============================] - 0s 27us/step - loss: 0.0459 - acc: 0.9925 - val_loss: 0.0692 - val_acc: 0.9691
Epoch 12/30

 100/1460 [=>............................] - ETA: 0s - loss: 0.0315 - acc: 1.0000
1460/1460 [==============================] - 0s 26us/step - loss: 0.0410 - acc: 0.9932 - val_loss: 0.0662 - val_acc: 0.9691
Epoch 13/30

 100/1460 [=>............................] - ETA: 0s - loss: 0.0402 - acc: 0.9900
1460/1460 [==============================] - 0s 27us/step - loss: 0.0370 - acc: 0.9938 - val_loss: 0.0639 - val_acc: 0.9691
Epoch 14/30

 100/1460 [=>............................] - ETA: 0s - loss: 0.0338 - acc: 1.0000
1460/1460 [==============================] - 0s 27us/step - loss: 0.0333 - acc: 0.9952 - val_loss: 0.0621 - val_acc: 0.9691
Epoch 15/30

 100/1460 [=>............................] - ETA: 0s - loss: 0.0322 - acc: 0.9900
1460/1460 [==============================] - 0s 27us/step - loss: 0.0301 - acc: 0.9959 - val_loss: 0.0599 - val_acc: 0.9691
Epoch 16/30

 100/1460 [=>............................] - ETA: 0s - loss: 0.0178 - acc: 1.0000
1460/1460 [==============================] - 0s 26us/step - loss: 0.0275 - acc: 0.9966 - val_loss: 0.0581 - val_acc: 0.9691
Epoch 17/30

 100/1460 [=>............................] - ETA: 0s - loss: 0.0246 - acc: 1.0000
1460/1460 [==============================] - 0s 27us/step - loss: 0.0253 - acc: 0.9966 - val_loss: 0.0558 - val_acc: 0.9691
Epoch 18/30

 100/1460 [=>............................] - ETA: 0s - loss: 0.0185 - acc: 1.0000
1460/1460 [==============================] - 0s 27us/step - loss: 0.0228 - acc: 0.9973 - val_loss: 0.0539 - val_acc: 0.9691
acc: 96.91%
Train on 1460 samples, validate on 162 samples
Epoch 1/30

 100/1460 [=>............................] - ETA: 10s - loss: 0.7145 - acc: 0.4000
1460/1460 [==============================] - 1s 636us/step - loss: 0.6372 - acc: 0.6904 - val_loss: 0.5744 - val_acc: 0.8272
Epoch 2/30

 100/1460 [=>............................] - ETA: 0s - loss: 0.5583 - acc: 0.8500
1460/1460 [==============================] - 0s 31us/step - loss: 0.4767 - acc: 0.9425 - val_loss: 0.4108 - val_acc: 0.9691
Epoch 3/30

 100/1460 [=>............................] - ETA: 0s - loss: 0.3838 - acc: 0.9600
1460/1460 [==============================] - 0s 28us/step - loss: 0.3161 - acc: 0.9671 - val_loss: 0.2616 - val_acc: 0.9753
Epoch 4/30

 100/1460 [=>............................] - ETA: 0s - loss: 0.2292 - acc: 0.9800
1460/1460 [==============================] - 0s 27us/step - loss: 0.1993 - acc: 0.9692 - val_loss: 0.1696 - val_acc: 0.9815
Epoch 5/30

 100/1460 [=>............................] - ETA: 0s - loss: 0.1627 - acc: 0.9600
1460/1460 [==============================] - 0s 30us/step - loss: 0.1354 - acc: 0.9719 - val_loss: 0.1236 - val_acc: 0.9815
Epoch 6/30

 100/1460 [=>............................] - ETA: 0s - loss: 0.1020 - acc: 1.0000
1460/1460 [==============================] - 0s 27us/step - loss: 0.1032 - acc: 0.9788 - val_loss: 0.0990 - val_acc: 0.9877
Epoch 7/30

 100/1460 [=>............................] - ETA: 0s - loss: 0.0959 - acc: 0.9900
1460/1460 [==============================] - 0s 28us/step - loss: 0.0838 - acc: 0.9842 - val_loss: 0.0860 - val_acc: 0.9877
Epoch 8/30

 100/1460 [=>............................] - ETA: 0s - loss: 0.0648 - acc: 0.9800
1460/1460 [==============================] - 0s 27us/step - loss: 0.0712 - acc: 0.9863 - val_loss: 0.0785 - val_acc: 0.9877
Epoch 9/30

 100/1460 [=>............................] - ETA: 0s - loss: 0.0420 - acc: 1.0000
1460/1460 [==============================] - 0s 30us/step - loss: 0.0620 - acc: 0.9877 - val_loss: 0.0730 - val_acc: 0.9877
Epoch 10/30

 100/1460 [=>............................] - ETA: 0s - loss: 0.0521 - acc: 1.0000
1460/1460 [==============================] - 0s 27us/step - loss: 0.0535 - acc: 0.9897 - val_loss: 0.0671 - val_acc: 0.9877
Epoch 11/30

 100/1460 [=>............................] - ETA: 0s - loss: 0.0392 - acc: 1.0000
1460/1460 [==============================] - 0s 28us/step - loss: 0.0475 - acc: 0.9904 - val_loss: 0.0633 - val_acc: 0.9877
Epoch 12/30

 100/1460 [=>............................] - ETA: 0s - loss: 0.0296 - acc: 1.0000
1460/1460 [==============================] - 0s 28us/step - loss: 0.0422 - acc: 0.9932 - val_loss: 0.0622 - val_acc: 0.9877
Epoch 13/30

 100/1460 [=>............................] - ETA: 0s - loss: 0.0321 - acc: 1.0000
1460/1460 [==============================] - 0s 27us/step - loss: 0.0380 - acc: 0.9932 - val_loss: 0.0597 - val_acc: 0.9877
Epoch 14/30

 100/1460 [=>............................] - ETA: 0s - loss: 0.0403 - acc: 0.9900
1460/1460 [==============================] - 0s 29us/step - loss: 0.0344 - acc: 0.9952 - val_loss: 0.0565 - val_acc: 0.9877
Epoch 15/30

 100/1460 [=>............................] - ETA: 0s - loss: 0.0196 - acc: 1.0000
1460/1460 [==============================] - 0s 27us/step - loss: 0.0309 - acc: 0.9959 - val_loss: 0.0562 - val_acc: 0.9877
Epoch 16/30

 100/1460 [=>............................] - ETA: 0s - loss: 0.0206 - acc: 1.0000
1460/1460 [==============================] - 0s 27us/step - loss: 0.0280 - acc: 0.9966 - val_loss: 0.0549 - val_acc: 0.9877
Epoch 17/30

 100/1460 [=>............................] - ETA: 0s - loss: 0.0169 - acc: 1.0000
1460/1460 [==============================] - 0s 28us/step - loss: 0.0256 - acc: 0.9966 - val_loss: 0.0528 - val_acc: 0.9877
Epoch 18/30

 100/1460 [=>............................] - ETA: 0s - loss: 0.0423 - acc: 0.9900
1460/1460 [==============================] - 0s 27us/step - loss: 0.0234 - acc: 0.9973 - val_loss: 0.0515 - val_acc: 0.9877
Epoch 19/30

 100/1460 [=>............................] - ETA: 0s - loss: 0.0184 - acc: 1.0000
1460/1460 [==============================] - 0s 27us/step - loss: 0.0214 - acc: 0.9973 - val_loss: 0.0516 - val_acc: 0.9815
Epoch 20/30

 100/1460 [=>............................] - ETA: 0s - loss: 0.0158 - acc: 1.0000
1460/1460 [==============================] - 0s 26us/step - loss: 0.0196 - acc: 0.9973 - val_loss: 0.0499 - val_acc: 0.9815
Epoch 21/30

 100/1460 [=>............................] - ETA: 0s - loss: 0.0232 - acc: 0.9900
1460/1460 [==============================] - 0s 26us/step - loss: 0.0182 - acc: 0.9973 - val_loss: 0.0482 - val_acc: 0.9815
Epoch 22/30

 100/1460 [=>............................] - ETA: 0s - loss: 0.0151 - acc: 1.0000
1460/1460 [==============================] - 0s 28us/step - loss: 0.0167 - acc: 0.9979 - val_loss: 0.0481 - val_acc: 0.9815
acc: 98.77%
Train on 1460 samples, validate on 162 samples
Epoch 1/30

 100/1460 [=>............................] - ETA: 12s - loss: 0.7021 - acc: 0.4700
1460/1460 [==============================] - 1s 726us/step - loss: 0.6306 - acc: 0.7199 - val_loss: 0.5447 - val_acc: 0.8951
Epoch 2/30

 100/1460 [=>............................] - ETA: 0s - loss: 0.5229 - acc: 0.9200
1460/1460 [==============================] - 0s 30us/step - loss: 0.4619 - acc: 0.9384 - val_loss: 0.3789 - val_acc: 0.9815
Epoch 3/30

 100/1460 [=>............................] - ETA: 0s - loss: 0.3574 - acc: 0.9600
1460/1460 [==============================] - 0s 29us/step - loss: 0.2991 - acc: 0.9753 - val_loss: 0.2310 - val_acc: 0.9753
Epoch 4/30

 100/1460 [=>............................] - ETA: 0s - loss: 0.2098 - acc: 0.9800
1460/1460 [==============================] - 0s 28us/step - loss: 0.1854 - acc: 0.9795 - val_loss: 0.1469 - val_acc: 0.9753
Epoch 5/30

 100/1460 [=>............................] - ETA: 0s - loss: 0.1111 - acc: 0.9900
1460/1460 [==============================] - 0s 30us/step - loss: 0.1265 - acc: 0.9801 - val_loss: 0.1065 - val_acc: 0.9753
Epoch 6/30

 100/1460 [=>............................] - ETA: 0s - loss: 0.1056 - acc: 0.9800
1460/1460 [==============================] - 0s 28us/step - loss: 0.0952 - acc: 0.9815 - val_loss: 0.0851 - val_acc: 0.9753
Epoch 7/30

 100/1460 [=>............................] - ETA: 0s - loss: 0.0551 - acc: 1.0000
1460/1460 [==============================] - 0s 28us/step - loss: 0.0774 - acc: 0.9863 - val_loss: 0.0755 - val_acc: 0.9753
Epoch 8/30

 100/1460 [=>............................] - ETA: 0s - loss: 0.0918 - acc: 0.9800
1460/1460 [==============================] - 0s 27us/step - loss: 0.0656 - acc: 0.9884 - val_loss: 0.0686 - val_acc: 0.9753
Epoch 9/30

 100/1460 [=>............................] - ETA: 0s - loss: 0.0768 - acc: 0.9800
1460/1460 [==============================] - 0s 27us/step - loss: 0.0566 - acc: 0.9897 - val_loss: 0.0640 - val_acc: 0.9753
Epoch 10/30

 100/1460 [=>............................] - ETA: 0s - loss: 0.0637 - acc: 0.9900
1460/1460 [==============================] - 0s 28us/step - loss: 0.0496 - acc: 0.9911 - val_loss: 0.0623 - val_acc: 0.9753
Epoch 11/30

 100/1460 [=>............................] - ETA: 0s - loss: 0.0410 - acc: 1.0000
1460/1460 [==============================] - 0s 27us/step - loss: 0.0439 - acc: 0.9911 - val_loss: 0.0593 - val_acc: 0.9753
Epoch 12/30

 100/1460 [=>............................] - ETA: 0s - loss: 0.0637 - acc: 0.9900
1460/1460 [==============================] - 0s 28us/step - loss: 0.0395 - acc: 0.9918 - val_loss: 0.0567 - val_acc: 0.9753
Epoch 13/30

 100/1460 [=>............................] - ETA: 0s - loss: 0.0283 - acc: 1.0000
1460/1460 [==============================] - 0s 29us/step - loss: 0.0352 - acc: 0.9938 - val_loss: 0.0558 - val_acc: 0.9815
Epoch 14/30

 100/1460 [=>............................] - ETA: 0s - loss: 0.0425 - acc: 0.9800
1460/1460 [==============================] - 0s 27us/step - loss: 0.0316 - acc: 0.9959 - val_loss: 0.0540 - val_acc: 0.9815
Epoch 15/30

 100/1460 [=>............................] - ETA: 0s - loss: 0.0171 - acc: 1.0000
1460/1460 [==============================] - 0s 31us/step - loss: 0.0287 - acc: 0.9966 - val_loss: 0.0543 - val_acc: 0.9753
Epoch 16/30

 100/1460 [=>............................] - ETA: 0s - loss: 0.0212 - acc: 1.0000
1460/1460 [==============================] - 0s 29us/step - loss: 0.0261 - acc: 0.9966 - val_loss: 0.0546 - val_acc: 0.9815
Epoch 17/30

 100/1460 [=>............................] - ETA: 0s - loss: 0.0135 - acc: 1.0000
1460/1460 [==============================] - 0s 30us/step - loss: 0.0237 - acc: 0.9973 - val_loss: 0.0536 - val_acc: 0.9815
Epoch 18/30

 100/1460 [=>............................] - ETA: 0s - loss: 0.0222 - acc: 1.0000
1460/1460 [==============================] - 0s 29us/step - loss: 0.0217 - acc: 0.9979 - val_loss: 0.0530 - val_acc: 0.9815
acc: 98.15%
Train on 1460 samples, validate on 162 samples
Epoch 1/30

 100/1460 [=>............................] - ETA: 14s - loss: 0.7014 - acc: 0.4100
1460/1460 [==============================] - 1s 825us/step - loss: 0.6352 - acc: 0.6767 - val_loss: 0.5562 - val_acc: 0.9012
Epoch 2/30

 100/1460 [=>............................] - ETA: 0s - loss: 0.5439 - acc: 0.8900
1460/1460 [==============================] - 0s 31us/step - loss: 0.4793 - acc: 0.9514 - val_loss: 0.3917 - val_acc: 0.9630
Epoch 3/30

 100/1460 [=>............................] - ETA: 0s - loss: 0.4069 - acc: 0.9500
1460/1460 [==============================] - 0s 28us/step - loss: 0.3206 - acc: 0.9678 - val_loss: 0.2520 - val_acc: 0.9630
Epoch 4/30

 100/1460 [=>............................] - ETA: 0s - loss: 0.2578 - acc: 0.9300
1460/1460 [==============================] - 0s 28us/step - loss: 0.2022 - acc: 0.9726 - val_loss: 0.1666 - val_acc: 0.9691
Epoch 5/30

 100/1460 [=>............................] - ETA: 0s - loss: 0.1416 - acc: 0.9900
1460/1460 [==============================] - 0s 30us/step - loss: 0.1373 - acc: 0.9774 - val_loss: 0.1268 - val_acc: 0.9691
Epoch 6/30

 100/1460 [=>............................] - ETA: 0s - loss: 0.1240 - acc: 0.9900
1460/1460 [==============================] - 0s 33us/step - loss: 0.1025 - acc: 0.9808 - val_loss: 0.1065 - val_acc: 0.9691
Epoch 7/30

 100/1460 [=>............................] - ETA: 0s - loss: 0.0924 - acc: 0.9900
1460/1460 [==============================] - 0s 32us/step - loss: 0.0823 - acc: 0.9836 - val_loss: 0.0956 - val_acc: 0.9691
Epoch 8/30

 100/1460 [=>............................] - ETA: 0s - loss: 0.0844 - acc: 0.9800
1460/1460 [==============================] - 0s 31us/step - loss: 0.0691 - acc: 0.9856 - val_loss: 0.0904 - val_acc: 0.9691
Epoch 9/30

 100/1460 [=>............................] - ETA: 0s - loss: 0.0488 - acc: 0.9900
1460/1460 [==============================] - 0s 29us/step - loss: 0.0589 - acc: 0.9877 - val_loss: 0.0849 - val_acc: 0.9691
Epoch 10/30

 100/1460 [=>............................] - ETA: 0s - loss: 0.0457 - acc: 1.0000
1460/1460 [==============================] - 0s 29us/step - loss: 0.0514 - acc: 0.9925 - val_loss: 0.0817 - val_acc: 0.9691
Epoch 11/30

 100/1460 [=>............................] - ETA: 0s - loss: 0.0621 - acc: 0.9900
1460/1460 [==============================] - 0s 28us/step - loss: 0.0446 - acc: 0.9925 - val_loss: 0.0791 - val_acc: 0.9691
Epoch 12/30

 100/1460 [=>............................] - ETA: 0s - loss: 0.0386 - acc: 1.0000
1460/1460 [==============================] - 0s 29us/step - loss: 0.0391 - acc: 0.9945 - val_loss: 0.0784 - val_acc: 0.9753
Epoch 13/30

 100/1460 [=>............................] - ETA: 0s - loss: 0.0426 - acc: 1.0000
1460/1460 [==============================] - 0s 30us/step - loss: 0.0346 - acc: 0.9959 - val_loss: 0.0750 - val_acc: 0.9753
Epoch 14/30

 100/1460 [=>............................] - ETA: 0s - loss: 0.0302 - acc: 1.0000
1460/1460 [==============================] - 0s 29us/step - loss: 0.0310 - acc: 0.9973 - val_loss: 0.0738 - val_acc: 0.9753
Epoch 15/30

 100/1460 [=>............................] - ETA: 0s - loss: 0.0277 - acc: 1.0000
1460/1460 [==============================] - 0s 29us/step - loss: 0.0276 - acc: 0.9979 - val_loss: 0.0734 - val_acc: 0.9815
Epoch 16/30

 100/1460 [=>............................] - ETA: 0s - loss: 0.0311 - acc: 1.0000
1460/1460 [==============================] - 0s 28us/step - loss: 0.0247 - acc: 0.9986 - val_loss: 0.0726 - val_acc: 0.9815
Epoch 17/30

 100/1460 [=>............................] - ETA: 0s - loss: 0.0166 - acc: 1.0000
1460/1460 [==============================] - 0s 29us/step - loss: 0.0222 - acc: 0.9986 - val_loss: 0.0728 - val_acc: 0.9815
Epoch 18/30

 100/1460 [=>............................] - ETA: 0s - loss: 0.0192 - acc: 1.0000
1460/1460 [==============================] - 0s 34us/step - loss: 0.0201 - acc: 0.9993 - val_loss: 0.0718 - val_acc: 0.9815
Epoch 19/30

 100/1460 [=>............................] - ETA: 0s - loss: 0.0215 - acc: 1.0000
1460/1460 [==============================] - 0s 32us/step - loss: 0.0183 - acc: 0.9993 - val_loss: 0.0713 - val_acc: 0.9815
Epoch 20/30

 100/1460 [=>............................] - ETA: 0s - loss: 0.0167 - acc: 1.0000
1460/1460 [==============================] - 0s 31us/step - loss: 0.0167 - acc: 0.9993 - val_loss: 0.0711 - val_acc: 0.9815
Epoch 21/30

 100/1460 [=>............................] - ETA: 0s - loss: 0.0187 - acc: 1.0000
1460/1460 [==============================] - 0s 28us/step - loss: 0.0153 - acc: 0.9993 - val_loss: 0.0718 - val_acc: 0.9815
Epoch 22/30

 100/1460 [=>............................] - ETA: 0s - loss: 0.0097 - acc: 1.0000
1460/1460 [==============================] - 0s 29us/step - loss: 0.0139 - acc: 0.9993 - val_loss: 0.0714 - val_acc: 0.9815
Epoch 23/30

 100/1460 [=>............................] - ETA: 0s - loss: 0.0109 - acc: 1.0000
1460/1460 [==============================] - 0s 28us/step - loss: 0.0129 - acc: 0.9993 - val_loss: 0.0714 - val_acc: 0.9815
Epoch 24/30

 100/1460 [=>............................] - ETA: 0s - loss: 0.0116 - acc: 1.0000
1460/1460 [==============================] - 0s 28us/step - loss: 0.0120 - acc: 0.9993 - val_loss: 0.0713 - val_acc: 0.9877
Epoch 25/30

 100/1460 [=>............................] - ETA: 0s - loss: 0.0119 - acc: 1.0000
1460/1460 [==============================] - 0s 29us/step - loss: 0.0111 - acc: 1.0000 - val_loss: 0.0720 - val_acc: 0.9815
Epoch 26/30

 100/1460 [=>............................] - ETA: 0s - loss: 0.0102 - acc: 1.0000
1460/1460 [==============================] - 0s 29us/step - loss: 0.0103 - acc: 1.0000 - val_loss: 0.0719 - val_acc: 0.9877
Epoch 27/30

 100/1460 [=>............................] - ETA: 0s - loss: 0.0139 - acc: 1.0000
1460/1460 [==============================] - 0s 28us/step - loss: 0.0096 - acc: 1.0000 - val_loss: 0.0718 - val_acc: 0.9877
Epoch 28/30

 100/1460 [=>............................] - ETA: 0s - loss: 0.0108 - acc: 1.0000
1460/1460 [==============================] - 0s 30us/step - loss: 0.0089 - acc: 1.0000 - val_loss: 0.0714 - val_acc: 0.9877
Epoch 29/30

 100/1460 [=>............................] - ETA: 0s - loss: 0.0064 - acc: 1.0000
1460/1460 [==============================] - 0s 29us/step - loss: 0.0084 - acc: 1.0000 - val_loss: 0.0721 - val_acc: 0.9877
Epoch 30/30

 100/1460 [=>............................] - ETA: 0s - loss: 0.0061 - acc: 1.0000
1460/1460 [==============================] - 0s 29us/step - loss: 0.0078 - acc: 1.0000 - val_loss: 0.0724 - val_acc: 0.9877
acc: 98.77%
Train on 1460 samples, validate on 162 samples
Epoch 1/30

 100/1460 [=>............................] - ETA: 15s - loss: 0.7070 - acc: 0.3700
1460/1460 [==============================] - 1s 881us/step - loss: 0.6377 - acc: 0.7021 - val_loss: 0.5572 - val_acc: 0.8889
Epoch 2/30

 100/1460 [=>............................] - ETA: 0s - loss: 0.5311 - acc: 0.9400
1460/1460 [==============================] - 0s 30us/step - loss: 0.4770 - acc: 0.9397 - val_loss: 0.3893 - val_acc: 0.9691
Epoch 3/30

 100/1460 [=>............................] - ETA: 0s - loss: 0.3744 - acc: 1.0000
1460/1460 [==============================] - 0s 29us/step - loss: 0.3164 - acc: 0.9699 - val_loss: 0.2421 - val_acc: 0.9753
Epoch 4/30

 100/1460 [=>............................] - ETA: 0s - loss: 0.2188 - acc: 0.9900
1460/1460 [==============================] - 0s 30us/step - loss: 0.2006 - acc: 0.9719 - val_loss: 0.1626 - val_acc: 0.9753
Epoch 5/30

 100/1460 [=>............................] - ETA: 0s - loss: 0.1935 - acc: 0.9400
1460/1460 [==============================] - 0s 28us/step - loss: 0.1376 - acc: 0.9781 - val_loss: 0.1273 - val_acc: 0.9753
Epoch 6/30

 100/1460 [=>............................] - ETA: 0s - loss: 0.1356 - acc: 0.9700
1460/1460 [==============================] - 0s 29us/step - loss: 0.1038 - acc: 0.9781 - val_loss: 0.1091 - val_acc: 0.9753
Epoch 7/30

 100/1460 [=>............................] - ETA: 0s - loss: 0.0641 - acc: 0.9900
1460/1460 [==============================] - 0s 28us/step - loss: 0.0844 - acc: 0.9808 - val_loss: 0.1010 - val_acc: 0.9691
Epoch 8/30

 100/1460 [=>............................] - ETA: 0s - loss: 0.0698 - acc: 0.9900
1460/1460 [==============================] - 0s 29us/step - loss: 0.0712 - acc: 0.9842 - val_loss: 0.0940 - val_acc: 0.9691
Epoch 9/30

 100/1460 [=>............................] - ETA: 0s - loss: 0.0681 - acc: 0.9800
1460/1460 [==============================] - 0s 29us/step - loss: 0.0611 - acc: 0.9877 - val_loss: 0.0925 - val_acc: 0.9691
Epoch 10/30

 100/1460 [=>............................] - ETA: 0s - loss: 0.0352 - acc: 1.0000
1460/1460 [==============================] - 0s 28us/step - loss: 0.0536 - acc: 0.9904 - val_loss: 0.0896 - val_acc: 0.9691
Epoch 11/30

 100/1460 [=>............................] - ETA: 0s - loss: 0.0362 - acc: 1.0000
1460/1460 [==============================] - 0s 29us/step - loss: 0.0472 - acc: 0.9925 - val_loss: 0.0867 - val_acc: 0.9691
Epoch 12/30

 100/1460 [=>............................] - ETA: 0s - loss: 0.0480 - acc: 0.9900
1460/1460 [==============================] - 0s 28us/step - loss: 0.0419 - acc: 0.9938 - val_loss: 0.0841 - val_acc: 0.9691
Epoch 13/30

 100/1460 [=>............................] - ETA: 0s - loss: 0.0204 - acc: 1.0000
1460/1460 [==============================] - 0s 28us/step - loss: 0.0372 - acc: 0.9938 - val_loss: 0.0808 - val_acc: 0.9691
Epoch 14/30

 100/1460 [=>............................] - ETA: 0s - loss: 0.0268 - acc: 1.0000
1460/1460 [==============================] - 0s 28us/step - loss: 0.0338 - acc: 0.9952 - val_loss: 0.0792 - val_acc: 0.9691
Epoch 15/30

 100/1460 [=>............................] - ETA: 0s - loss: 0.0258 - acc: 1.0000
1460/1460 [==============================] - 0s 28us/step - loss: 0.0307 - acc: 0.9966 - val_loss: 0.0787 - val_acc: 0.9691
Epoch 16/30

 100/1460 [=>............................] - ETA: 0s - loss: 0.0213 - acc: 1.0000
1460/1460 [==============================] - 0s 30us/step - loss: 0.0277 - acc: 0.9979 - val_loss: 0.0774 - val_acc: 0.9691
Epoch 17/30

 100/1460 [=>............................] - ETA: 0s - loss: 0.0218 - acc: 1.0000
1460/1460 [==============================] - 0s 28us/step - loss: 0.0252 - acc: 0.9979 - val_loss: 0.0766 - val_acc: 0.9691
Epoch 18/30

 100/1460 [=>............................] - ETA: 0s - loss: 0.0334 - acc: 1.0000
1460/1460 [==============================] - 0s 29us/step - loss: 0.0232 - acc: 0.9979 - val_loss: 0.0757 - val_acc: 0.9691
Epoch 19/30

 100/1460 [=>............................] - ETA: 0s - loss: 0.0192 - acc: 1.0000
1460/1460 [==============================] - 0s 30us/step - loss: 0.0213 - acc: 0.9979 - val_loss: 0.0753 - val_acc: 0.9691
acc: 97.53%
Train on 1460 samples, validate on 162 samples
Epoch 1/30

 100/1460 [=>............................] - ETA: 17s - loss: 0.6758 - acc: 0.6000
1460/1460 [==============================] - 1s 1ms/step - loss: 0.6261 - acc: 0.7356 - val_loss: 0.5421 - val_acc: 0.8704
Epoch 2/30

 100/1460 [=>............................] - ETA: 0s - loss: 0.5325 - acc: 0.9100
1460/1460 [==============================] - 0s 32us/step - loss: 0.4604 - acc: 0.9452 - val_loss: 0.3763 - val_acc: 0.9444
Epoch 3/30

 100/1460 [=>............................] - ETA: 0s - loss: 0.3732 - acc: 0.9600
1460/1460 [==============================] - 0s 32us/step - loss: 0.3010 - acc: 0.9699 - val_loss: 0.2400 - val_acc: 0.9568
Epoch 4/30

 100/1460 [=>............................] - ETA: 0s - loss: 0.2420 - acc: 0.9500
1460/1460 [==============================] - 0s 30us/step - loss: 0.1889 - acc: 0.9705 - val_loss: 0.1622 - val_acc: 0.9630
Epoch 5/30

 100/1460 [=>............................] - ETA: 0s - loss: 0.1123 - acc: 1.0000
1460/1460 [==============================] - 0s 28us/step - loss: 0.1293 - acc: 0.9781 - val_loss: 0.1288 - val_acc: 0.9630
Epoch 6/30

 100/1460 [=>............................] - ETA: 0s - loss: 0.0885 - acc: 1.0000
1460/1460 [==============================] - 0s 28us/step - loss: 0.0988 - acc: 0.9795 - val_loss: 0.1121 - val_acc: 0.9630
Epoch 7/30

 100/1460 [=>............................] - ETA: 0s - loss: 0.1209 - acc: 0.9500
1460/1460 [==============================] - 0s 28us/step - loss: 0.0805 - acc: 0.9815 - val_loss: 0.1025 - val_acc: 0.9630
Epoch 8/30

 100/1460 [=>............................] - ETA: 0s - loss: 0.0803 - acc: 0.9800
1460/1460 [==============================] - 0s 28us/step - loss: 0.0684 - acc: 0.9836 - val_loss: 0.0967 - val_acc: 0.9630
Epoch 9/30

 100/1460 [=>............................] - ETA: 0s - loss: 0.0471 - acc: 1.0000
1460/1460 [==============================] - 0s 32us/step - loss: 0.0596 - acc: 0.9863 - val_loss: 0.0946 - val_acc: 0.9630
Epoch 10/30

 100/1460 [=>............................] - ETA: 0s - loss: 0.0518 - acc: 0.9900
1460/1460 [==============================] - 0s 29us/step - loss: 0.0522 - acc: 0.9904 - val_loss: 0.0922 - val_acc: 0.9630
Epoch 11/30

 100/1460 [=>............................] - ETA: 0s - loss: 0.0240 - acc: 1.0000
1460/1460 [==============================] - 0s 32us/step - loss: 0.0464 - acc: 0.9904 - val_loss: 0.0900 - val_acc: 0.9630
Epoch 12/30

 100/1460 [=>............................] - ETA: 0s - loss: 0.0671 - acc: 0.9800
1460/1460 [==============================] - 0s 29us/step - loss: 0.0417 - acc: 0.9925 - val_loss: 0.0872 - val_acc: 0.9630
Epoch 13/30

 100/1460 [=>............................] - ETA: 0s - loss: 0.0350 - acc: 1.0000
1460/1460 [==============================] - 0s 29us/step - loss: 0.0373 - acc: 0.9952 - val_loss: 0.0873 - val_acc: 0.9630
Epoch 14/30

 100/1460 [=>............................] - ETA: 0s - loss: 0.0323 - acc: 1.0000
1460/1460 [==============================] - 0s 28us/step - loss: 0.0339 - acc: 0.9959 - val_loss: 0.0858 - val_acc: 0.9630
Epoch 15/30

 100/1460 [=>............................] - ETA: 0s - loss: 0.0188 - acc: 1.0000
1460/1460 [==============================] - 0s 28us/step - loss: 0.0305 - acc: 0.9959 - val_loss: 0.0853 - val_acc: 0.9630
Epoch 16/30

 100/1460 [=>............................] - ETA: 0s - loss: 0.0197 - acc: 1.0000
1460/1460 [==============================] - 0s 28us/step - loss: 0.0277 - acc: 0.9966 - val_loss: 0.0849 - val_acc: 0.9630
Epoch 17/30

 100/1460 [=>............................] - ETA: 0s - loss: 0.0461 - acc: 0.9800
1460/1460 [==============================] - 0s 28us/step - loss: 0.0254 - acc: 0.9966 - val_loss: 0.0829 - val_acc: 0.9630
Epoch 18/30

 100/1460 [=>............................] - ETA: 0s - loss: 0.0223 - acc: 1.0000
1460/1460 [==============================] - 0s 28us/step - loss: 0.0230 - acc: 0.9966 - val_loss: 0.0838 - val_acc: 0.9630
Epoch 19/30

 100/1460 [=>............................] - ETA: 0s - loss: 0.0158 - acc: 1.0000
1460/1460 [==============================] - 0s 29us/step - loss: 0.0212 - acc: 0.9966 - val_loss: 0.0830 - val_acc: 0.9630
Epoch 20/30

 100/1460 [=>............................] - ETA: 0s - loss: 0.0224 - acc: 0.9900
1460/1460 [==============================] - 0s 28us/step - loss: 0.0194 - acc: 0.9973 - val_loss: 0.0819 - val_acc: 0.9630
acc: 96.30%
Train on 1461 samples, validate on 161 samples
Epoch 1/30

 100/1461 [=>............................] - ETA: 18s - loss: 0.6990 - acc: 0.4500
1461/1461 [==============================] - 2s 1ms/step - loss: 0.6362 - acc: 0.7194 - val_loss: 0.5523 - val_acc: 0.9130
Epoch 2/30

 100/1461 [=>............................] - ETA: 0s - loss: 0.5401 - acc: 0.9000
1461/1461 [==============================] - 0s 30us/step - loss: 0.4774 - acc: 0.9535 - val_loss: 0.3827 - val_acc: 0.9814
Epoch 3/30

 100/1461 [=>............................] - ETA: 0s - loss: 0.3787 - acc: 0.9800
1461/1461 [==============================] - 0s 28us/step - loss: 0.3166 - acc: 0.9706 - val_loss: 0.2338 - val_acc: 0.9876
Epoch 4/30

 100/1461 [=>............................] - ETA: 0s - loss: 0.2212 - acc: 1.0000
1461/1461 [==============================] - 0s 28us/step - loss: 0.2001 - acc: 0.9713 - val_loss: 0.1445 - val_acc: 0.9876
Epoch 5/30

 100/1461 [=>............................] - ETA: 0s - loss: 0.1528 - acc: 0.9800
1461/1461 [==============================] - 0s 30us/step - loss: 0.1364 - acc: 0.9774 - val_loss: 0.1018 - val_acc: 0.9876
Epoch 6/30

 100/1461 [=>............................] - ETA: 0s - loss: 0.0897 - acc: 0.9900
1461/1461 [==============================] - 0s 31us/step - loss: 0.1036 - acc: 0.9802 - val_loss: 0.0793 - val_acc: 0.9876
Epoch 7/30

 100/1461 [=>............................] - ETA: 0s - loss: 0.0968 - acc: 0.9700
1461/1461 [==============================] - 0s 31us/step - loss: 0.0849 - acc: 0.9808 - val_loss: 0.0686 - val_acc: 0.9876
Epoch 8/30

 100/1461 [=>............................] - ETA: 0s - loss: 0.0543 - acc: 1.0000
1461/1461 [==============================] - 0s 30us/step - loss: 0.0714 - acc: 0.9843 - val_loss: 0.0593 - val_acc: 0.9876
Epoch 9/30

 100/1461 [=>............................] - ETA: 0s - loss: 0.0549 - acc: 0.9900
1461/1461 [==============================] - 0s 28us/step - loss: 0.0621 - acc: 0.9870 - val_loss: 0.0548 - val_acc: 0.9938
Epoch 10/30

 100/1461 [=>............................] - ETA: 0s - loss: 0.0684 - acc: 0.9800
1461/1461 [==============================] - 0s 33us/step - loss: 0.0549 - acc: 0.9890 - val_loss: 0.0504 - val_acc: 0.9938
Epoch 11/30

 100/1461 [=>............................] - ETA: 0s - loss: 0.0674 - acc: 0.9800
1461/1461 [==============================] - 0s 31us/step - loss: 0.0484 - acc: 0.9925 - val_loss: 0.0469 - val_acc: 0.9938
Epoch 12/30

 100/1461 [=>............................] - ETA: 0s - loss: 0.0299 - acc: 0.9900
1461/1461 [==============================] - 0s 29us/step - loss: 0.0430 - acc: 0.9932 - val_loss: 0.0442 - val_acc: 0.9938
Epoch 13/30

 100/1461 [=>............................] - ETA: 0s - loss: 0.0706 - acc: 0.9700
1461/1461 [==============================] - 0s 31us/step - loss: 0.0388 - acc: 0.9945 - val_loss: 0.0428 - val_acc: 0.9938
Epoch 14/30

 100/1461 [=>............................] - ETA: 0s - loss: 0.0278 - acc: 1.0000
1461/1461 [==============================] - 0s 29us/step - loss: 0.0348 - acc: 0.9945 - val_loss: 0.0404 - val_acc: 0.9938
Epoch 15/30

 100/1461 [=>............................] - ETA: 0s - loss: 0.0190 - acc: 1.0000
1461/1461 [==============================] - 0s 28us/step - loss: 0.0315 - acc: 0.9959 - val_loss: 0.0388 - val_acc: 0.9938
Epoch 16/30

 100/1461 [=>............................] - ETA: 0s - loss: 0.0184 - acc: 1.0000
1461/1461 [==============================] - 0s 30us/step - loss: 0.0285 - acc: 0.9966 - val_loss: 0.0380 - val_acc: 0.9938
Epoch 17/30

 100/1461 [=>............................] - ETA: 0s - loss: 0.0158 - acc: 1.0000
1461/1461 [==============================] - 0s 31us/step - loss: 0.0259 - acc: 0.9966 - val_loss: 0.0371 - val_acc: 0.9938
Epoch 18/30

 100/1461 [=>............................] - ETA: 0s - loss: 0.0347 - acc: 0.9900
1461/1461 [==============================] - 0s 28us/step - loss: 0.0238 - acc: 0.9966 - val_loss: 0.0363 - val_acc: 0.9938
Epoch 19/30

 100/1461 [=>............................] - ETA: 0s - loss: 0.0151 - acc: 1.0000
1461/1461 [==============================] - 0s 29us/step - loss: 0.0217 - acc: 0.9973 - val_loss: 0.0351 - val_acc: 0.9938
Epoch 20/30

 100/1461 [=>............................] - ETA: 0s - loss: 0.0123 - acc: 1.0000
1461/1461 [==============================] - 0s 29us/step - loss: 0.0200 - acc: 0.9973 - val_loss: 0.0341 - val_acc: 0.9938
Epoch 21/30

 100/1461 [=>............................] - ETA: 0s - loss: 0.0249 - acc: 1.0000
1461/1461 [==============================] - 0s 30us/step - loss: 0.0184 - acc: 0.9986 - val_loss: 0.0339 - val_acc: 0.9938
Epoch 22/30

 100/1461 [=>............................] - ETA: 0s - loss: 0.0189 - acc: 1.0000
1461/1461 [==============================] - 0s 29us/step - loss: 0.0168 - acc: 0.9986 - val_loss: 0.0333 - val_acc: 0.9938
Epoch 23/30

 100/1461 [=>............................] - ETA: 0s - loss: 0.0138 - acc: 1.0000
1461/1461 [==============================] - 0s 29us/step - loss: 0.0156 - acc: 0.9986 - val_loss: 0.0325 - val_acc: 0.9938
Epoch 24/30

 100/1461 [=>............................] - ETA: 0s - loss: 0.0155 - acc: 1.0000
1461/1461 [==============================] - 0s 30us/step - loss: 0.0146 - acc: 0.9986 - val_loss: 0.0320 - val_acc: 0.9938
Epoch 25/30

 100/1461 [=>............................] - ETA: 0s - loss: 0.0223 - acc: 0.9900
1461/1461 [==============================] - 0s 30us/step - loss: 0.0135 - acc: 0.9986 - val_loss: 0.0316 - val_acc: 0.9938
acc: 99.38%
Accuracy: 97.84% (+/- 0.92%)
