Train on 1297 samples, validate on 325 samples
Epoch 1/30

 100/1297 [=>............................] - ETA: 5s - loss: 0.7120 - acc: 0.4500
1297/1297 [==============================] - 1s 429us/step - loss: 0.6424 - acc: 0.7086 - val_loss: 0.5765 - val_acc: 0.8523
Epoch 2/30

 100/1297 [=>............................] - ETA: 0s - loss: 0.5538 - acc: 0.9300
1297/1297 [==============================] - 0s 28us/step - loss: 0.4903 - acc: 0.9476 - val_loss: 0.4387 - val_acc: 0.9385
Epoch 3/30

 100/1297 [=>............................] - ETA: 0s - loss: 0.4213 - acc: 0.9700
1297/1297 [==============================] - 0s 27us/step - loss: 0.3398 - acc: 0.9684 - val_loss: 0.3093 - val_acc: 0.9385
Epoch 4/30

 100/1297 [=>............................] - ETA: 0s - loss: 0.2494 - acc: 0.9800
1297/1297 [==============================] - 0s 29us/step - loss: 0.2205 - acc: 0.9753 - val_loss: 0.2270 - val_acc: 0.9385
Epoch 5/30

 100/1297 [=>............................] - ETA: 0s - loss: 0.1871 - acc: 0.9600
1297/1297 [==============================] - 0s 26us/step - loss: 0.1498 - acc: 0.9807 - val_loss: 0.1814 - val_acc: 0.9415
Epoch 6/30

 100/1297 [=>............................] - ETA: 0s - loss: 0.1188 - acc: 1.0000
1297/1297 [==============================] - 0s 28us/step - loss: 0.1112 - acc: 0.9830 - val_loss: 0.1565 - val_acc: 0.9415
Epoch 7/30

 100/1297 [=>............................] - ETA: 0s - loss: 0.1130 - acc: 0.9700
1297/1297 [==============================] - 0s 31us/step - loss: 0.0888 - acc: 0.9830 - val_loss: 0.1439 - val_acc: 0.9446
Epoch 8/30

 100/1297 [=>............................] - ETA: 0s - loss: 0.0767 - acc: 0.9800
1297/1297 [==============================] - 0s 26us/step - loss: 0.0741 - acc: 0.9884 - val_loss: 0.1371 - val_acc: 0.9415
Epoch 9/30

 100/1297 [=>............................] - ETA: 0s - loss: 0.0415 - acc: 1.0000
1297/1297 [==============================] - 0s 27us/step - loss: 0.0633 - acc: 0.9892 - val_loss: 0.1320 - val_acc: 0.9477
Epoch 10/30

 100/1297 [=>............................] - ETA: 0s - loss: 0.0661 - acc: 0.9800
1297/1297 [==============================] - 0s 26us/step - loss: 0.0558 - acc: 0.9923 - val_loss: 0.1289 - val_acc: 0.9508
Epoch 11/30

 100/1297 [=>............................] - ETA: 0s - loss: 0.0601 - acc: 0.9900
1297/1297 [==============================] - 0s 26us/step - loss: 0.0493 - acc: 0.9931 - val_loss: 0.1263 - val_acc: 0.9477
Epoch 12/30

 100/1297 [=>............................] - ETA: 0s - loss: 0.0595 - acc: 0.9900
1297/1297 [==============================] - 0s 29us/step - loss: 0.0439 - acc: 0.9931 - val_loss: 0.1247 - val_acc: 0.9446
Epoch 13/30

 100/1297 [=>............................] - ETA: 0s - loss: 0.0533 - acc: 0.9900
1297/1297 [==============================] - 0s 33us/step - loss: 0.0391 - acc: 0.9954 - val_loss: 0.1223 - val_acc: 0.9477
Epoch 14/30

 100/1297 [=>............................] - ETA: 0s - loss: 0.0212 - acc: 1.0000
1297/1297 [==============================] - 0s 30us/step - loss: 0.0356 - acc: 0.9954 - val_loss: 0.1201 - val_acc: 0.9477
Epoch 15/30

 100/1297 [=>............................] - ETA: 0s - loss: 0.0427 - acc: 0.9900
1297/1297 [==============================] - 0s 28us/step - loss: 0.0324 - acc: 0.9954 - val_loss: 0.1209 - val_acc: 0.9508
Epoch 16/30

 100/1297 [=>............................] - ETA: 0s - loss: 0.0165 - acc: 1.0000
1297/1297 [==============================] - 0s 31us/step - loss: 0.0294 - acc: 0.9961 - val_loss: 0.1191 - val_acc: 0.9477
Epoch 17/30

 100/1297 [=>............................] - ETA: 0s - loss: 0.0177 - acc: 1.0000
1297/1297 [==============================] - 0s 29us/step - loss: 0.0267 - acc: 0.9969 - val_loss: 0.1187 - val_acc: 0.9508
Epoch 18/30

 100/1297 [=>............................] - ETA: 0s - loss: 0.0260 - acc: 1.0000
1297/1297 [==============================] - 0s 30us/step - loss: 0.0247 - acc: 0.9969 - val_loss: 0.1178 - val_acc: 0.9538
Epoch 19/30

 100/1297 [=>............................] - ETA: 0s - loss: 0.0162 - acc: 1.0000
1297/1297 [==============================] - 0s 31us/step - loss: 0.0226 - acc: 0.9969 - val_loss: 0.1167 - val_acc: 0.9508
Epoch 20/30

 100/1297 [=>............................] - ETA: 0s - loss: 0.0183 - acc: 1.0000
1297/1297 [==============================] - 0s 34us/step - loss: 0.0207 - acc: 0.9969 - val_loss: 0.1166 - val_acc: 0.9477
Epoch 21/30

 100/1297 [=>............................] - ETA: 0s - loss: 0.0211 - acc: 0.9900
1297/1297 [==============================] - 0s 29us/step - loss: 0.0193 - acc: 0.9969 - val_loss: 0.1168 - val_acc: 0.9508
Epoch 22/30

 100/1297 [=>............................] - ETA: 0s - loss: 0.0292 - acc: 0.9800
1297/1297 [==============================] - 0s 29us/step - loss: 0.0179 - acc: 0.9969 - val_loss: 0.1162 - val_acc: 0.9508
Epoch 23/30

 100/1297 [=>............................] - ETA: 0s - loss: 0.0115 - acc: 1.0000
1297/1297 [==============================] - 0s 32us/step - loss: 0.0164 - acc: 0.9977 - val_loss: 0.1153 - val_acc: 0.9538
Epoch 24/30

 100/1297 [=>............................] - ETA: 0s - loss: 0.0259 - acc: 0.9900
1297/1297 [==============================] - 0s 28us/step - loss: 0.0154 - acc: 0.9977 - val_loss: 0.1158 - val_acc: 0.9538
Epoch 25/30

 100/1297 [=>............................] - ETA: 0s - loss: 0.0113 - acc: 1.0000
1297/1297 [==============================] - 0s 30us/step - loss: 0.0141 - acc: 0.9977 - val_loss: 0.1157 - val_acc: 0.9538
Epoch 26/30

 100/1297 [=>............................] - ETA: 0s - loss: 0.0145 - acc: 1.0000
1297/1297 [==============================] - 0s 32us/step - loss: 0.0133 - acc: 0.9977 - val_loss: 0.1153 - val_acc: 0.9538
Epoch 27/30

 100/1297 [=>............................] - ETA: 0s - loss: 0.0057 - acc: 1.0000
1297/1297 [==============================] - 0s 29us/step - loss: 0.0125 - acc: 0.9977 - val_loss: 0.1151 - val_acc: 0.9538
Epoch 28/30

 100/1297 [=>............................] - ETA: 0s - loss: 0.0120 - acc: 1.0000
1297/1297 [==============================] - 0s 30us/step - loss: 0.0115 - acc: 0.9992 - val_loss: 0.1151 - val_acc: 0.9569
Epoch 29/30

 100/1297 [=>............................] - ETA: 0s - loss: 0.0118 - acc: 1.0000
1297/1297 [==============================] - 0s 29us/step - loss: 0.0109 - acc: 0.9992 - val_loss: 0.1153 - val_acc: 0.9569
Epoch 30/30

 100/1297 [=>............................] - ETA: 0s - loss: 0.0164 - acc: 1.0000
1297/1297 [==============================] - 0s 31us/step - loss: 0.0102 - acc: 0.9992 - val_loss: 0.1148 - val_acc: 0.9569
acc: 95.69%
Train on 1297 samples, validate on 325 samples
Epoch 1/30

 100/1297 [=>............................] - ETA: 6s - loss: 0.7133 - acc: 0.4600
1297/1297 [==============================] - 1s 498us/step - loss: 0.6474 - acc: 0.6862 - val_loss: 0.5812 - val_acc: 0.8369
Epoch 2/30

 100/1297 [=>............................] - ETA: 0s - loss: 0.5640 - acc: 0.9100
1297/1297 [==============================] - 0s 30us/step - loss: 0.5156 - acc: 0.9206 - val_loss: 0.4524 - val_acc: 0.9508
Epoch 3/30

 100/1297 [=>............................] - ETA: 0s - loss: 0.4238 - acc: 0.9600
1297/1297 [==============================] - 0s 30us/step - loss: 0.3747 - acc: 0.9692 - val_loss: 0.3143 - val_acc: 0.9662
Epoch 4/30

 100/1297 [=>............................] - ETA: 0s - loss: 0.2888 - acc: 0.9500
1297/1297 [==============================] - 0s 29us/step - loss: 0.2483 - acc: 0.9715 - val_loss: 0.2141 - val_acc: 0.9692
Epoch 5/30

 100/1297 [=>............................] - ETA: 0s - loss: 0.1852 - acc: 0.9800
1297/1297 [==============================] - 0s 31us/step - loss: 0.1680 - acc: 0.9746 - val_loss: 0.1579 - val_acc: 0.9692
Epoch 6/30

 100/1297 [=>............................] - ETA: 0s - loss: 0.1385 - acc: 0.9900
1297/1297 [==============================] - 0s 28us/step - loss: 0.1227 - acc: 0.9807 - val_loss: 0.1281 - val_acc: 0.9692
Epoch 7/30

 100/1297 [=>............................] - ETA: 0s - loss: 0.0809 - acc: 0.9900
1297/1297 [==============================] - 0s 27us/step - loss: 0.0965 - acc: 0.9830 - val_loss: 0.1120 - val_acc: 0.9723
Epoch 8/30

 100/1297 [=>............................] - ETA: 0s - loss: 0.0933 - acc: 0.9800
1297/1297 [==============================] - 0s 34us/step - loss: 0.0801 - acc: 0.9846 - val_loss: 0.1026 - val_acc: 0.9723
Epoch 9/30

 100/1297 [=>............................] - ETA: 0s - loss: 0.0640 - acc: 0.9900
1297/1297 [==============================] - 0s 27us/step - loss: 0.0683 - acc: 0.9869 - val_loss: 0.0958 - val_acc: 0.9723
Epoch 10/30

 100/1297 [=>............................] - ETA: 0s - loss: 0.0755 - acc: 0.9700
1297/1297 [==============================] - 0s 28us/step - loss: 0.0595 - acc: 0.9877 - val_loss: 0.0917 - val_acc: 0.9723
Epoch 11/30

 100/1297 [=>............................] - ETA: 0s - loss: 0.0561 - acc: 0.9800
1297/1297 [==============================] - 0s 27us/step - loss: 0.0522 - acc: 0.9915 - val_loss: 0.0888 - val_acc: 0.9723
Epoch 12/30

 100/1297 [=>............................] - ETA: 0s - loss: 0.0331 - acc: 1.0000
1297/1297 [==============================] - 0s 27us/step - loss: 0.0466 - acc: 0.9923 - val_loss: 0.0869 - val_acc: 0.9723
Epoch 13/30

 100/1297 [=>............................] - ETA: 0s - loss: 0.0309 - acc: 1.0000
1297/1297 [==============================] - 0s 27us/step - loss: 0.0412 - acc: 0.9931 - val_loss: 0.0851 - val_acc: 0.9723
Epoch 14/30

 100/1297 [=>............................] - ETA: 0s - loss: 0.0411 - acc: 0.9900
1297/1297 [==============================] - 0s 27us/step - loss: 0.0374 - acc: 0.9938 - val_loss: 0.0831 - val_acc: 0.9754
Epoch 15/30

 100/1297 [=>............................] - ETA: 0s - loss: 0.0489 - acc: 1.0000
1297/1297 [==============================] - 0s 31us/step - loss: 0.0337 - acc: 0.9954 - val_loss: 0.0822 - val_acc: 0.9723
Epoch 16/30

 100/1297 [=>............................] - ETA: 0s - loss: 0.0342 - acc: 1.0000
1297/1297 [==============================] - 0s 28us/step - loss: 0.0304 - acc: 0.9961 - val_loss: 0.0803 - val_acc: 0.9754
Epoch 17/30

 100/1297 [=>............................] - ETA: 0s - loss: 0.0304 - acc: 0.9900
1297/1297 [==============================] - 0s 31us/step - loss: 0.0277 - acc: 0.9969 - val_loss: 0.0793 - val_acc: 0.9754
Epoch 18/30

 100/1297 [=>............................] - ETA: 0s - loss: 0.0167 - acc: 1.0000
1297/1297 [==============================] - 0s 30us/step - loss: 0.0252 - acc: 0.9977 - val_loss: 0.0787 - val_acc: 0.9754
Epoch 19/30

 100/1297 [=>............................] - ETA: 0s - loss: 0.0145 - acc: 1.0000
1297/1297 [==============================] - 0s 29us/step - loss: 0.0230 - acc: 0.9985 - val_loss: 0.0776 - val_acc: 0.9754
Epoch 20/30

 100/1297 [=>............................] - ETA: 0s - loss: 0.0171 - acc: 1.0000
1297/1297 [==============================] - 0s 30us/step - loss: 0.0211 - acc: 0.9985 - val_loss: 0.0768 - val_acc: 0.9754
Epoch 21/30

 100/1297 [=>............................] - ETA: 0s - loss: 0.0243 - acc: 0.9900
1297/1297 [==============================] - 0s 36us/step - loss: 0.0194 - acc: 0.9985 - val_loss: 0.0760 - val_acc: 0.9754
Epoch 22/30

 100/1297 [=>............................] - ETA: 0s - loss: 0.0152 - acc: 1.0000
1297/1297 [==============================] - 0s 30us/step - loss: 0.0180 - acc: 0.9985 - val_loss: 0.0754 - val_acc: 0.9754
Epoch 23/30

 100/1297 [=>............................] - ETA: 0s - loss: 0.0181 - acc: 1.0000
1297/1297 [==============================] - 0s 29us/step - loss: 0.0165 - acc: 0.9985 - val_loss: 0.0745 - val_acc: 0.9754
Epoch 24/30

 100/1297 [=>............................] - ETA: 0s - loss: 0.0157 - acc: 1.0000
1297/1297 [==============================] - 0s 31us/step - loss: 0.0153 - acc: 0.9985 - val_loss: 0.0745 - val_acc: 0.9754
Epoch 25/30

 100/1297 [=>............................] - ETA: 0s - loss: 0.0172 - acc: 1.0000
1297/1297 [==============================] - 0s 29us/step - loss: 0.0143 - acc: 0.9985 - val_loss: 0.0739 - val_acc: 0.9754
Epoch 26/30

 100/1297 [=>............................] - ETA: 0s - loss: 0.0174 - acc: 1.0000
1297/1297 [==============================] - 0s 29us/step - loss: 0.0133 - acc: 0.9985 - val_loss: 0.0736 - val_acc: 0.9754
Epoch 27/30

 100/1297 [=>............................] - ETA: 0s - loss: 0.0088 - acc: 1.0000
1297/1297 [==============================] - 0s 30us/step - loss: 0.0123 - acc: 0.9992 - val_loss: 0.0731 - val_acc: 0.9754
Epoch 28/30

 100/1297 [=>............................] - ETA: 0s - loss: 0.0106 - acc: 1.0000
1297/1297 [==============================] - 0s 31us/step - loss: 0.0116 - acc: 0.9992 - val_loss: 0.0727 - val_acc: 0.9754
Epoch 29/30

 100/1297 [=>............................] - ETA: 0s - loss: 0.0134 - acc: 1.0000
1297/1297 [==============================] - 0s 29us/step - loss: 0.0109 - acc: 0.9992 - val_loss: 0.0725 - val_acc: 0.9754
Epoch 30/30

 100/1297 [=>............................] - ETA: 0s - loss: 0.0091 - acc: 1.0000
1297/1297 [==============================] - 0s 29us/step - loss: 0.0102 - acc: 1.0000 - val_loss: 0.0723 - val_acc: 0.9785
acc: 97.85%
Train on 1297 samples, validate on 325 samples
Epoch 1/30

 100/1297 [=>............................] - ETA: 7s - loss: 0.6848 - acc: 0.5800
1297/1297 [==============================] - 1s 568us/step - loss: 0.6383 - acc: 0.6816 - val_loss: 0.5785 - val_acc: 0.8431
Epoch 2/30

 100/1297 [=>............................] - ETA: 0s - loss: 0.5330 - acc: 0.9400
1297/1297 [==============================] - 0s 30us/step - loss: 0.5022 - acc: 0.9175 - val_loss: 0.4447 - val_acc: 0.9292
Epoch 3/30

 100/1297 [=>............................] - ETA: 0s - loss: 0.4049 - acc: 0.9700
1297/1297 [==============================] - 0s 28us/step - loss: 0.3612 - acc: 0.9707 - val_loss: 0.3098 - val_acc: 0.9631
Epoch 4/30

 100/1297 [=>............................] - ETA: 0s - loss: 0.2875 - acc: 0.9700
1297/1297 [==============================] - 0s 27us/step - loss: 0.2447 - acc: 0.9746 - val_loss: 0.2085 - val_acc: 0.9692
Epoch 5/30

 100/1297 [=>............................] - ETA: 0s - loss: 0.1951 - acc: 0.9800
1297/1297 [==============================] - 0s 27us/step - loss: 0.1692 - acc: 0.9769 - val_loss: 0.1497 - val_acc: 0.9723
Epoch 6/30

 100/1297 [=>............................] - ETA: 0s - loss: 0.1316 - acc: 0.9900
1297/1297 [==============================] - 0s 28us/step - loss: 0.1262 - acc: 0.9784 - val_loss: 0.1177 - val_acc: 0.9754
Epoch 7/30

 100/1297 [=>............................] - ETA: 0s - loss: 0.0906 - acc: 0.9800
1297/1297 [==============================] - 0s 28us/step - loss: 0.1009 - acc: 0.9800 - val_loss: 0.0987 - val_acc: 0.9754
Epoch 8/30

 100/1297 [=>............................] - ETA: 0s - loss: 0.0803 - acc: 0.9900
1297/1297 [==============================] - 0s 29us/step - loss: 0.0845 - acc: 0.9815 - val_loss: 0.0874 - val_acc: 0.9815
Epoch 9/30

 100/1297 [=>............................] - ETA: 0s - loss: 0.0671 - acc: 0.9800
1297/1297 [==============================] - 0s 30us/step - loss: 0.0722 - acc: 0.9854 - val_loss: 0.0808 - val_acc: 0.9815
Epoch 10/30

 100/1297 [=>............................] - ETA: 0s - loss: 0.1067 - acc: 0.9700
1297/1297 [==============================] - 0s 27us/step - loss: 0.0632 - acc: 0.9884 - val_loss: 0.0749 - val_acc: 0.9815
Epoch 11/30

 100/1297 [=>............................] - ETA: 0s - loss: 0.0833 - acc: 0.9700
1297/1297 [==============================] - 0s 27us/step - loss: 0.0560 - acc: 0.9907 - val_loss: 0.0707 - val_acc: 0.9815
Epoch 12/30

 100/1297 [=>............................] - ETA: 0s - loss: 0.0462 - acc: 0.9900
1297/1297 [==============================] - 0s 27us/step - loss: 0.0493 - acc: 0.9923 - val_loss: 0.0670 - val_acc: 0.9846
Epoch 13/30

 100/1297 [=>............................] - ETA: 0s - loss: 0.0716 - acc: 0.9800
1297/1297 [==============================] - 0s 27us/step - loss: 0.0441 - acc: 0.9923 - val_loss: 0.0654 - val_acc: 0.9815
Epoch 14/30

 100/1297 [=>............................] - ETA: 0s - loss: 0.0360 - acc: 0.9900
1297/1297 [==============================] - 0s 28us/step - loss: 0.0392 - acc: 0.9938 - val_loss: 0.0629 - val_acc: 0.9785
Epoch 15/30

 100/1297 [=>............................] - ETA: 0s - loss: 0.0270 - acc: 1.0000
1297/1297 [==============================] - 0s 29us/step - loss: 0.0352 - acc: 0.9954 - val_loss: 0.0608 - val_acc: 0.9846
Epoch 16/30

 100/1297 [=>............................] - ETA: 0s - loss: 0.0193 - acc: 1.0000
1297/1297 [==============================] - 0s 30us/step - loss: 0.0317 - acc: 0.9969 - val_loss: 0.0596 - val_acc: 0.9846
Epoch 17/30

 100/1297 [=>............................] - ETA: 0s - loss: 0.0410 - acc: 0.9900
1297/1297 [==============================] - 0s 28us/step - loss: 0.0292 - acc: 0.9969 - val_loss: 0.0571 - val_acc: 0.9846
Epoch 18/30

 100/1297 [=>............................] - ETA: 0s - loss: 0.0221 - acc: 1.0000
1297/1297 [==============================] - 0s 29us/step - loss: 0.0263 - acc: 0.9977 - val_loss: 0.0583 - val_acc: 0.9815
Epoch 19/30

 100/1297 [=>............................] - ETA: 0s - loss: 0.0205 - acc: 1.0000
1297/1297 [==============================] - 0s 28us/step - loss: 0.0242 - acc: 0.9977 - val_loss: 0.0563 - val_acc: 0.9815
Epoch 20/30

 100/1297 [=>............................] - ETA: 0s - loss: 0.0413 - acc: 0.9800
1297/1297 [==============================] - 0s 29us/step - loss: 0.0224 - acc: 0.9977 - val_loss: 0.0565 - val_acc: 0.9815
Epoch 21/30

 100/1297 [=>............................] - ETA: 0s - loss: 0.0293 - acc: 0.9900
1297/1297 [==============================] - 0s 29us/step - loss: 0.0203 - acc: 0.9977 - val_loss: 0.0539 - val_acc: 0.9815
Epoch 22/30

 100/1297 [=>............................] - ETA: 0s - loss: 0.0202 - acc: 1.0000
1297/1297 [==============================] - 0s 32us/step - loss: 0.0189 - acc: 0.9977 - val_loss: 0.0535 - val_acc: 0.9815
Epoch 23/30

 100/1297 [=>............................] - ETA: 0s - loss: 0.0211 - acc: 1.0000
1297/1297 [==============================] - 0s 29us/step - loss: 0.0174 - acc: 0.9985 - val_loss: 0.0541 - val_acc: 0.9815
Epoch 24/30

 100/1297 [=>............................] - ETA: 0s - loss: 0.0203 - acc: 1.0000
1297/1297 [==============================] - 0s 28us/step - loss: 0.0161 - acc: 0.9992 - val_loss: 0.0534 - val_acc: 0.9815
Epoch 25/30

 100/1297 [=>............................] - ETA: 0s - loss: 0.0118 - acc: 1.0000
1297/1297 [==============================] - 0s 30us/step - loss: 0.0150 - acc: 0.9985 - val_loss: 0.0524 - val_acc: 0.9815
Epoch 26/30

 100/1297 [=>............................] - ETA: 0s - loss: 0.0160 - acc: 1.0000
1297/1297 [==============================] - 0s 28us/step - loss: 0.0139 - acc: 0.9992 - val_loss: 0.0522 - val_acc: 0.9785
Epoch 27/30

 100/1297 [=>............................] - ETA: 0s - loss: 0.0092 - acc: 1.0000
1297/1297 [==============================] - 0s 30us/step - loss: 0.0130 - acc: 0.9992 - val_loss: 0.0517 - val_acc: 0.9785
Epoch 28/30

 100/1297 [=>............................] - ETA: 0s - loss: 0.0167 - acc: 1.0000
1297/1297 [==============================] - 0s 30us/step - loss: 0.0122 - acc: 0.9992 - val_loss: 0.0514 - val_acc: 0.9785
acc: 98.46%
Train on 1298 samples, validate on 324 samples
Epoch 1/30

 100/1298 [=>............................] - ETA: 8s - loss: 0.6964 - acc: 0.5100
1298/1298 [==============================] - 1s 655us/step - loss: 0.6422 - acc: 0.7018 - val_loss: 0.5603 - val_acc: 0.8704
Epoch 2/30

 100/1298 [=>............................] - ETA: 0s - loss: 0.5657 - acc: 0.8800
1298/1298 [==============================] - 0s 31us/step - loss: 0.4998 - acc: 0.9260 - val_loss: 0.4210 - val_acc: 0.9722
Epoch 3/30

 100/1298 [=>............................] - ETA: 0s - loss: 0.4297 - acc: 0.9500
1298/1298 [==============================] - 0s 35us/step - loss: 0.3550 - acc: 0.9684 - val_loss: 0.2836 - val_acc: 0.9753
Epoch 4/30

 100/1298 [=>............................] - ETA: 0s - loss: 0.3038 - acc: 0.9400
1298/1298 [==============================] - 0s 30us/step - loss: 0.2383 - acc: 0.9723 - val_loss: 0.1929 - val_acc: 0.9784
Epoch 5/30

 100/1298 [=>............................] - ETA: 0s - loss: 0.1858 - acc: 0.9800
1298/1298 [==============================] - 0s 28us/step - loss: 0.1635 - acc: 0.9753 - val_loss: 0.1420 - val_acc: 0.9784
Epoch 6/30

 100/1298 [=>............................] - ETA: 0s - loss: 0.1357 - acc: 0.9800
1298/1298 [==============================] - 0s 27us/step - loss: 0.1207 - acc: 0.9769 - val_loss: 0.1167 - val_acc: 0.9753
Epoch 7/30

 100/1298 [=>............................] - ETA: 0s - loss: 0.0905 - acc: 0.9900
1298/1298 [==============================] - 0s 28us/step - loss: 0.0954 - acc: 0.9792 - val_loss: 0.1027 - val_acc: 0.9753
Epoch 8/30

 100/1298 [=>............................] - ETA: 0s - loss: 0.0801 - acc: 0.9800
1298/1298 [==============================] - 0s 27us/step - loss: 0.0784 - acc: 0.9831 - val_loss: 0.0947 - val_acc: 0.9722
Epoch 9/30

 100/1298 [=>............................] - ETA: 0s - loss: 0.1169 - acc: 0.9800
1298/1298 [==============================] - 0s 27us/step - loss: 0.0668 - acc: 0.9877 - val_loss: 0.0895 - val_acc: 0.9722
Epoch 10/30

 100/1298 [=>............................] - ETA: 0s - loss: 0.0445 - acc: 1.0000
1298/1298 [==============================] - 0s 28us/step - loss: 0.0575 - acc: 0.9915 - val_loss: 0.0859 - val_acc: 0.9722
Epoch 11/30

 100/1298 [=>............................] - ETA: 0s - loss: 0.0404 - acc: 1.0000
1298/1298 [==============================] - 0s 27us/step - loss: 0.0502 - acc: 0.9938 - val_loss: 0.0827 - val_acc: 0.9722
Epoch 12/30

 100/1298 [=>............................] - ETA: 0s - loss: 0.0268 - acc: 1.0000
1298/1298 [==============================] - 0s 27us/step - loss: 0.0441 - acc: 0.9938 - val_loss: 0.0803 - val_acc: 0.9753
Epoch 13/30

 100/1298 [=>............................] - ETA: 0s - loss: 0.0458 - acc: 1.0000
1298/1298 [==============================] - 0s 28us/step - loss: 0.0394 - acc: 0.9954 - val_loss: 0.0789 - val_acc: 0.9753
Epoch 14/30

 100/1298 [=>............................] - ETA: 0s - loss: 0.0410 - acc: 0.9900
1298/1298 [==============================] - 0s 28us/step - loss: 0.0351 - acc: 0.9954 - val_loss: 0.0774 - val_acc: 0.9784
Epoch 15/30

 100/1298 [=>............................] - ETA: 0s - loss: 0.0344 - acc: 1.0000
1298/1298 [==============================] - 0s 29us/step - loss: 0.0313 - acc: 0.9977 - val_loss: 0.0766 - val_acc: 0.9722
Epoch 16/30

 100/1298 [=>............................] - ETA: 0s - loss: 0.0171 - acc: 1.0000
1298/1298 [==============================] - 0s 30us/step - loss: 0.0283 - acc: 0.9985 - val_loss: 0.0751 - val_acc: 0.9784
Epoch 17/30

 100/1298 [=>............................] - ETA: 0s - loss: 0.0273 - acc: 1.0000
1298/1298 [==============================] - 0s 32us/step - loss: 0.0256 - acc: 0.9992 - val_loss: 0.0742 - val_acc: 0.9784
Epoch 18/30

 100/1298 [=>............................] - ETA: 0s - loss: 0.0242 - acc: 1.0000
1298/1298 [==============================] - 0s 30us/step - loss: 0.0233 - acc: 0.9992 - val_loss: 0.0737 - val_acc: 0.9815
Epoch 19/30

 100/1298 [=>............................] - ETA: 0s - loss: 0.0251 - acc: 1.0000
1298/1298 [==============================] - 0s 30us/step - loss: 0.0211 - acc: 0.9992 - val_loss: 0.0731 - val_acc: 0.9815
Epoch 20/30

 100/1298 [=>............................] - ETA: 0s - loss: 0.0173 - acc: 1.0000
1298/1298 [==============================] - 0s 31us/step - loss: 0.0194 - acc: 0.9992 - val_loss: 0.0729 - val_acc: 0.9815
Epoch 21/30

 100/1298 [=>............................] - ETA: 0s - loss: 0.0110 - acc: 1.0000
1298/1298 [==============================] - 0s 30us/step - loss: 0.0177 - acc: 0.9992 - val_loss: 0.0723 - val_acc: 0.9815
Epoch 22/30

 100/1298 [=>............................] - ETA: 0s - loss: 0.0195 - acc: 1.0000
1298/1298 [==============================] - 0s 32us/step - loss: 0.0163 - acc: 0.9992 - val_loss: 0.0719 - val_acc: 0.9846
Epoch 23/30

 100/1298 [=>............................] - ETA: 0s - loss: 0.0201 - acc: 1.0000
1298/1298 [==============================] - 0s 35us/step - loss: 0.0151 - acc: 0.9992 - val_loss: 0.0720 - val_acc: 0.9846
Epoch 24/30

 100/1298 [=>............................] - ETA: 0s - loss: 0.0166 - acc: 1.0000
1298/1298 [==============================] - 0s 30us/step - loss: 0.0140 - acc: 0.9992 - val_loss: 0.0718 - val_acc: 0.9846
Epoch 25/30

 100/1298 [=>............................] - ETA: 0s - loss: 0.0116 - acc: 1.0000
1298/1298 [==============================] - 0s 29us/step - loss: 0.0130 - acc: 0.9992 - val_loss: 0.0719 - val_acc: 0.9846
Epoch 26/30

 100/1298 [=>............................] - ETA: 0s - loss: 0.0100 - acc: 1.0000
1298/1298 [==============================] - 0s 29us/step - loss: 0.0121 - acc: 0.9992 - val_loss: 0.0717 - val_acc: 0.9846
Epoch 27/30

 100/1298 [=>............................] - ETA: 0s - loss: 0.0106 - acc: 1.0000
1298/1298 [==============================] - 0s 34us/step - loss: 0.0113 - acc: 1.0000 - val_loss: 0.0717 - val_acc: 0.9846
Epoch 28/30

 100/1298 [=>............................] - ETA: 0s - loss: 0.0109 - acc: 1.0000
1298/1298 [==============================] - 0s 29us/step - loss: 0.0105 - acc: 1.0000 - val_loss: 0.0717 - val_acc: 0.9846
Epoch 29/30

 100/1298 [=>............................] - ETA: 0s - loss: 0.0091 - acc: 1.0000
1298/1298 [==============================] - 0s 31us/step - loss: 0.0099 - acc: 0.9992 - val_loss: 0.0720 - val_acc: 0.9846
Epoch 30/30

 100/1298 [=>............................] - ETA: 0s - loss: 0.0056 - acc: 1.0000
1298/1298 [==============================] - 0s 30us/step - loss: 0.0093 - acc: 1.0000 - val_loss: 0.0722 - val_acc: 0.9815
acc: 98.15%
Train on 1299 samples, validate on 323 samples
Epoch 1/30

 100/1299 [=>............................] - ETA: 9s - loss: 0.6791 - acc: 0.6100
1299/1299 [==============================] - 1s 720us/step - loss: 0.6359 - acc: 0.6959 - val_loss: 0.5686 - val_acc: 0.8638
Epoch 2/30

 100/1299 [=>............................] - ETA: 0s - loss: 0.5699 - acc: 0.8700
1299/1299 [==============================] - 0s 31us/step - loss: 0.4964 - acc: 0.9353 - val_loss: 0.4264 - val_acc: 0.9567
Epoch 3/30

 100/1299 [=>............................] - ETA: 0s - loss: 0.4172 - acc: 0.9800
1299/1299 [==============================] - 0s 29us/step - loss: 0.3546 - acc: 0.9738 - val_loss: 0.2869 - val_acc: 0.9690
Epoch 4/30

 100/1299 [=>............................] - ETA: 0s - loss: 0.2602 - acc: 0.9900
1299/1299 [==============================] - 0s 28us/step - loss: 0.2367 - acc: 0.9738 - val_loss: 0.1922 - val_acc: 0.9721
Epoch 5/30

 100/1299 [=>............................] - ETA: 0s - loss: 0.1926 - acc: 0.9700
1299/1299 [==============================] - 0s 33us/step - loss: 0.1627 - acc: 0.9777 - val_loss: 0.1380 - val_acc: 0.9721
Epoch 6/30

 100/1299 [=>............................] - ETA: 0s - loss: 0.1356 - acc: 0.9800
1299/1299 [==============================] - 0s 27us/step - loss: 0.1214 - acc: 0.9808 - val_loss: 0.1088 - val_acc: 0.9752
Epoch 7/30

 100/1299 [=>............................] - ETA: 0s - loss: 0.1075 - acc: 0.9900
1299/1299 [==============================] - 0s 28us/step - loss: 0.0973 - acc: 0.9808 - val_loss: 0.0931 - val_acc: 0.9752
Epoch 8/30

 100/1299 [=>............................] - ETA: 0s - loss: 0.0859 - acc: 0.9900
1299/1299 [==============================] - 0s 27us/step - loss: 0.0817 - acc: 0.9831 - val_loss: 0.0831 - val_acc: 0.9752
Epoch 9/30

 100/1299 [=>............................] - ETA: 0s - loss: 0.0798 - acc: 0.9900
1299/1299 [==============================] - 0s 28us/step - loss: 0.0703 - acc: 0.9877 - val_loss: 0.0767 - val_acc: 0.9752
Epoch 10/30

 100/1299 [=>............................] - ETA: 0s - loss: 0.0673 - acc: 0.9800
1299/1299 [==============================] - 0s 28us/step - loss: 0.0621 - acc: 0.9885 - val_loss: 0.0722 - val_acc: 0.9752
Epoch 11/30

 100/1299 [=>............................] - ETA: 0s - loss: 0.0735 - acc: 0.9800
1299/1299 [==============================] - 0s 31us/step - loss: 0.0548 - acc: 0.9900 - val_loss: 0.0692 - val_acc: 0.9783
Epoch 12/30

 100/1299 [=>............................] - ETA: 0s - loss: 0.0584 - acc: 0.9900
1299/1299 [==============================] - 0s 30us/step - loss: 0.0488 - acc: 0.9923 - val_loss: 0.0654 - val_acc: 0.9752
Epoch 13/30

 100/1299 [=>............................] - ETA: 0s - loss: 0.0519 - acc: 0.9900
1299/1299 [==============================] - 0s 30us/step - loss: 0.0442 - acc: 0.9931 - val_loss: 0.0632 - val_acc: 0.9752
Epoch 14/30

 100/1299 [=>............................] - ETA: 0s - loss: 0.0385 - acc: 1.0000
1299/1299 [==============================] - 0s 29us/step - loss: 0.0397 - acc: 0.9946 - val_loss: 0.0612 - val_acc: 0.9752
Epoch 15/30

 100/1299 [=>............................] - ETA: 0s - loss: 0.0336 - acc: 0.9900
1299/1299 [==============================] - 0s 30us/step - loss: 0.0357 - acc: 0.9946 - val_loss: 0.0600 - val_acc: 0.9752
Epoch 16/30

 100/1299 [=>............................] - ETA: 0s - loss: 0.0296 - acc: 1.0000
1299/1299 [==============================] - 0s 29us/step - loss: 0.0327 - acc: 0.9954 - val_loss: 0.0595 - val_acc: 0.9783
Epoch 17/30

 100/1299 [=>............................] - ETA: 0s - loss: 0.0268 - acc: 1.0000
1299/1299 [==============================] - 0s 31us/step - loss: 0.0297 - acc: 0.9962 - val_loss: 0.0578 - val_acc: 0.9783
Epoch 18/30

 100/1299 [=>............................] - ETA: 0s - loss: 0.0152 - acc: 1.0000
1299/1299 [==============================] - 0s 34us/step - loss: 0.0272 - acc: 0.9962 - val_loss: 0.0569 - val_acc: 0.9783
Epoch 19/30

 100/1299 [=>............................] - ETA: 0s - loss: 0.0232 - acc: 1.0000
1299/1299 [==============================] - 0s 31us/step - loss: 0.0249 - acc: 0.9969 - val_loss: 0.0558 - val_acc: 0.9783
Epoch 20/30

 100/1299 [=>............................] - ETA: 0s - loss: 0.0170 - acc: 1.0000
1299/1299 [==============================] - 0s 32us/step - loss: 0.0229 - acc: 0.9962 - val_loss: 0.0556 - val_acc: 0.9783
Epoch 21/30

 100/1299 [=>............................] - ETA: 0s - loss: 0.0257 - acc: 1.0000
1299/1299 [==============================] - 0s 32us/step - loss: 0.0210 - acc: 0.9985 - val_loss: 0.0549 - val_acc: 0.9783
Epoch 22/30

 100/1299 [=>............................] - ETA: 0s - loss: 0.0137 - acc: 1.0000
1299/1299 [==============================] - 0s 32us/step - loss: 0.0196 - acc: 0.9985 - val_loss: 0.0537 - val_acc: 0.9783
Epoch 23/30

 100/1299 [=>............................] - ETA: 0s - loss: 0.0167 - acc: 1.0000
1299/1299 [==============================] - 0s 31us/step - loss: 0.0181 - acc: 0.9985 - val_loss: 0.0538 - val_acc: 0.9783
Epoch 24/30

 100/1299 [=>............................] - ETA: 0s - loss: 0.0138 - acc: 1.0000
1299/1299 [==============================] - 0s 34us/step - loss: 0.0169 - acc: 0.9985 - val_loss: 0.0531 - val_acc: 0.9783
Epoch 25/30

 100/1299 [=>............................] - ETA: 0s - loss: 0.0118 - acc: 1.0000
1299/1299 [==============================] - 0s 30us/step - loss: 0.0156 - acc: 0.9985 - val_loss: 0.0535 - val_acc: 0.9783
Epoch 26/30

 100/1299 [=>............................] - ETA: 0s - loss: 0.0158 - acc: 1.0000
1299/1299 [==============================] - 0s 29us/step - loss: 0.0145 - acc: 0.9985 - val_loss: 0.0528 - val_acc: 0.9783
Epoch 27/30

 100/1299 [=>............................] - ETA: 0s - loss: 0.0130 - acc: 1.0000
1299/1299 [==============================] - 0s 31us/step - loss: 0.0135 - acc: 0.9985 - val_loss: 0.0518 - val_acc: 0.9814
Epoch 28/30

 100/1299 [=>............................] - ETA: 0s - loss: 0.0087 - acc: 1.0000
1299/1299 [==============================] - 0s 31us/step - loss: 0.0125 - acc: 0.9985 - val_loss: 0.0517 - val_acc: 0.9814
Epoch 29/30

 100/1299 [=>............................] - ETA: 0s - loss: 0.0133 - acc: 1.0000
1299/1299 [==============================] - 0s 31us/step - loss: 0.0118 - acc: 0.9992 - val_loss: 0.0515 - val_acc: 0.9814
Epoch 30/30

 100/1299 [=>............................] - ETA: 0s - loss: 0.0075 - acc: 1.0000
1299/1299 [==============================] - 0s 36us/step - loss: 0.0110 - acc: 1.0000 - val_loss: 0.0520 - val_acc: 0.9814
acc: 98.14%
Accuracy: 97.66% (+/- 1.00%)
