Train on 1389 samples, validate on 233 samples
Epoch 1/30

  20/1389 [..............................] - ETA: 38s - loss: 0.6928 - acc: 0.5500
 360/1389 [======>.......................] - ETA: 1s - loss: 0.4036 - acc: 0.7917 
 700/1389 [==============>...............] - ETA: 0s - loss: 0.2618 - acc: 0.8743
1060/1389 [=====================>........] - ETA: 0s - loss: 0.2128 - acc: 0.9009
1389/1389 [==============================] - 1s 599us/step - loss: 0.1825 - acc: 0.9186 - val_loss: 0.1144 - val_acc: 0.9528
Epoch 2/30

  20/1389 [..............................] - ETA: 0s - loss: 0.0887 - acc: 0.9500
 380/1389 [=======>......................] - ETA: 0s - loss: 0.0258 - acc: 0.9947
 720/1389 [==============>...............] - ETA: 0s - loss: 0.0380 - acc: 0.9889
1060/1389 [=====================>........] - ETA: 0s - loss: 0.0356 - acc: 0.9896
1389/1389 [==============================] - 0s 160us/step - loss: 0.0390 - acc: 0.9885 - val_loss: 0.1019 - val_acc: 0.9657
Epoch 3/30

  20/1389 [..............................] - ETA: 0s - loss: 0.0135 - acc: 1.0000
 360/1389 [======>.......................] - ETA: 0s - loss: 0.0176 - acc: 0.9972
 700/1389 [==============>...............] - ETA: 0s - loss: 0.0137 - acc: 0.9986
1040/1389 [=====================>........] - ETA: 0s - loss: 0.0172 - acc: 0.9971
1380/1389 [============================>.] - ETA: 0s - loss: 0.0162 - acc: 0.9978
1389/1389 [==============================] - 0s 160us/step - loss: 0.0161 - acc: 0.9978 - val_loss: 0.1023 - val_acc: 0.9614
Epoch 4/30

  20/1389 [..............................] - ETA: 0s - loss: 0.0037 - acc: 1.0000
 360/1389 [======>.......................] - ETA: 0s - loss: 0.0163 - acc: 0.9944
 720/1389 [==============>...............] - ETA: 0s - loss: 0.0129 - acc: 0.9958
1080/1389 [======================>.......] - ETA: 0s - loss: 0.0108 - acc: 0.9972
1389/1389 [==============================] - 0s 154us/step - loss: 0.0093 - acc: 0.9978 - val_loss: 0.0989 - val_acc: 0.9657
Epoch 5/30

  20/1389 [..............................] - ETA: 0s - loss: 0.0040 - acc: 1.0000
 360/1389 [======>.......................] - ETA: 0s - loss: 0.0017 - acc: 1.0000
 720/1389 [==============>...............] - ETA: 0s - loss: 0.0027 - acc: 1.0000
1060/1389 [=====================>........] - ETA: 0s - loss: 0.0064 - acc: 0.9972
1389/1389 [==============================] - 0s 156us/step - loss: 0.0059 - acc: 0.9978 - val_loss: 0.1258 - val_acc: 0.9614
Epoch 6/30

  20/1389 [..............................] - ETA: 0s - loss: 0.0016 - acc: 1.0000
 360/1389 [======>.......................] - ETA: 0s - loss: 0.0055 - acc: 1.0000
 700/1389 [==============>...............] - ETA: 0s - loss: 0.0036 - acc: 1.0000
1040/1389 [=====================>........] - ETA: 0s - loss: 0.0058 - acc: 0.9981
1380/1389 [============================>.] - ETA: 0s - loss: 0.0056 - acc: 0.9978
1389/1389 [==============================] - 0s 158us/step - loss: 0.0055 - acc: 0.9978 - val_loss: 0.1190 - val_acc: 0.9614
Epoch 7/30

  20/1389 [..............................] - ETA: 0s - loss: 3.2120e-04 - acc: 1.0000
 360/1389 [======>.......................] - ETA: 0s - loss: 0.0040 - acc: 1.0000    
 700/1389 [==============>...............] - ETA: 0s - loss: 0.0046 - acc: 0.9986
1040/1389 [=====================>........] - ETA: 0s - loss: 0.0052 - acc: 0.9981
1380/1389 [============================>.] - ETA: 0s - loss: 0.0045 - acc: 0.9986
1389/1389 [==============================] - 0s 155us/step - loss: 0.0044 - acc: 0.9986 - val_loss: 0.1242 - val_acc: 0.9614
Epoch 8/30

  20/1389 [..............................] - ETA: 0s - loss: 3.6961e-04 - acc: 1.0000
 360/1389 [======>.......................] - ETA: 0s - loss: 7.1962e-04 - acc: 1.0000
 720/1389 [==============>...............] - ETA: 0s - loss: 0.0064 - acc: 0.9972    
1060/1389 [=====================>........] - ETA: 0s - loss: 0.0051 - acc: 0.9981
1389/1389 [==============================] - 0s 156us/step - loss: 0.0045 - acc: 0.9986 - val_loss: 0.1245 - val_acc: 0.9614
Epoch 9/30

  20/1389 [..............................] - ETA: 0s - loss: 6.7025e-04 - acc: 1.0000
 380/1389 [=======>......................] - ETA: 0s - loss: 6.7271e-04 - acc: 1.0000
 720/1389 [==============>...............] - ETA: 0s - loss: 6.3857e-04 - acc: 1.0000
1060/1389 [=====================>........] - ETA: 0s - loss: 6.0466e-04 - acc: 1.0000
1380/1389 [============================>.] - ETA: 0s - loss: 0.0031 - acc: 0.9986    
1389/1389 [==============================] - 0s 159us/step - loss: 0.0031 - acc: 0.9986 - val_loss: 0.1122 - val_acc: 0.9657
Epoch 10/30

  20/1389 [..............................] - ETA: 0s - loss: 2.9072e-04 - acc: 1.0000
 360/1389 [======>.......................] - ETA: 0s - loss: 0.0033 - acc: 1.0000    
 700/1389 [==============>...............] - ETA: 0s - loss: 0.0069 - acc: 0.9986
1020/1389 [=====================>........] - ETA: 0s - loss: 0.0052 - acc: 0.9990
1360/1389 [============================>.] - ETA: 0s - loss: 0.0056 - acc: 0.9985
1389/1389 [==============================] - 0s 159us/step - loss: 0.0055 - acc: 0.9986 - val_loss: 0.1276 - val_acc: 0.9614
Epoch 11/30

  20/1389 [..............................] - ETA: 0s - loss: 0.0011 - acc: 1.0000
 380/1389 [=======>......................] - ETA: 0s - loss: 0.0014 - acc: 1.0000
 720/1389 [==============>...............] - ETA: 0s - loss: 0.0014 - acc: 1.0000
1080/1389 [======================>.......] - ETA: 0s - loss: 0.0018 - acc: 0.9991
1389/1389 [==============================] - 0s 153us/step - loss: 0.0025 - acc: 0.9986 - val_loss: 0.1251 - val_acc: 0.9657
Epoch 12/30

  20/1389 [..............................] - ETA: 0s - loss: 8.3219e-04 - acc: 1.0000
 360/1389 [======>.......................] - ETA: 0s - loss: 7.5137e-04 - acc: 1.0000
 700/1389 [==============>...............] - ETA: 0s - loss: 0.0027 - acc: 0.9986    
1040/1389 [=====================>........] - ETA: 0s - loss: 0.0024 - acc: 0.9990
1380/1389 [============================>.] - ETA: 0s - loss: 0.0020 - acc: 0.9993
1389/1389 [==============================] - 0s 160us/step - loss: 0.0020 - acc: 0.9993 - val_loss: 0.1279 - val_acc: 0.9657
acc: 96.57%
Train on 1389 samples, validate on 233 samples
Epoch 1/30

  20/1389 [..............................] - ETA: 40s - loss: 0.7172 - acc: 0.3500
 380/1389 [=======>......................] - ETA: 1s - loss: 0.4536 - acc: 0.7395 
 740/1389 [==============>...............] - ETA: 0s - loss: 0.2925 - acc: 0.8473
1080/1389 [======================>.......] - ETA: 0s - loss: 0.2378 - acc: 0.8843
1389/1389 [==============================] - 1s 628us/step - loss: 0.2051 - acc: 0.9028 - val_loss: 0.0948 - val_acc: 0.9571
Epoch 2/30

  20/1389 [..............................] - ETA: 0s - loss: 0.0107 - acc: 1.0000
 360/1389 [======>.......................] - ETA: 0s - loss: 0.0405 - acc: 0.9861
 700/1389 [==============>...............] - ETA: 0s - loss: 0.0443 - acc: 0.9886
1020/1389 [=====================>........] - ETA: 0s - loss: 0.0478 - acc: 0.9863
1340/1389 [===========================>..] - ETA: 0s - loss: 0.0477 - acc: 0.9858
1389/1389 [==============================] - 0s 165us/step - loss: 0.0464 - acc: 0.9863 - val_loss: 0.0726 - val_acc: 0.9657
Epoch 3/30

  20/1389 [..............................] - ETA: 0s - loss: 0.0050 - acc: 1.0000
 360/1389 [======>.......................] - ETA: 0s - loss: 0.0242 - acc: 0.9972
 680/1389 [=============>................] - ETA: 0s - loss: 0.0242 - acc: 0.9956
1020/1389 [=====================>........] - ETA: 0s - loss: 0.0287 - acc: 0.9941
1340/1389 [===========================>..] - ETA: 0s - loss: 0.0254 - acc: 0.9955
1389/1389 [==============================] - 0s 159us/step - loss: 0.0247 - acc: 0.9957 - val_loss: 0.0749 - val_acc: 0.9614
Epoch 4/30

  20/1389 [..............................] - ETA: 0s - loss: 0.0028 - acc: 1.0000
 360/1389 [======>.......................] - ETA: 0s - loss: 0.0033 - acc: 1.0000
 700/1389 [==============>...............] - ETA: 0s - loss: 0.0039 - acc: 1.0000
1040/1389 [=====================>........] - ETA: 0s - loss: 0.0108 - acc: 0.9971
1380/1389 [============================>.] - ETA: 0s - loss: 0.0109 - acc: 0.9971
1389/1389 [==============================] - 0s 157us/step - loss: 0.0108 - acc: 0.9971 - val_loss: 0.0638 - val_acc: 0.9657
Epoch 5/30

  20/1389 [..............................] - ETA: 0s - loss: 0.0020 - acc: 1.0000
 360/1389 [======>.......................] - ETA: 0s - loss: 0.0022 - acc: 1.0000
 700/1389 [==============>...............] - ETA: 0s - loss: 0.0022 - acc: 1.0000
1040/1389 [=====================>........] - ETA: 0s - loss: 0.0037 - acc: 0.9990
1380/1389 [============================>.] - ETA: 0s - loss: 0.0073 - acc: 0.9971
1389/1389 [==============================] - 0s 160us/step - loss: 0.0074 - acc: 0.9971 - val_loss: 0.0608 - val_acc: 0.9742
Epoch 6/30

  20/1389 [..............................] - ETA: 0s - loss: 0.0415 - acc: 0.9500
 380/1389 [=======>......................] - ETA: 0s - loss: 0.0055 - acc: 0.9974
 700/1389 [==============>...............] - ETA: 0s - loss: 0.0039 - acc: 0.9986
1040/1389 [=====================>........] - ETA: 0s - loss: 0.0079 - acc: 0.9971
1380/1389 [============================>.] - ETA: 0s - loss: 0.0068 - acc: 0.9978
1389/1389 [==============================] - 0s 159us/step - loss: 0.0068 - acc: 0.9978 - val_loss: 0.0623 - val_acc: 0.9700
Epoch 7/30

  20/1389 [..............................] - ETA: 0s - loss: 7.7705e-04 - acc: 1.0000
 340/1389 [======>.......................] - ETA: 0s - loss: 0.0042 - acc: 1.0000    
 700/1389 [==============>...............] - ETA: 0s - loss: 0.0075 - acc: 0.9971
1060/1389 [=====================>........] - ETA: 0s - loss: 0.0070 - acc: 0.9981
1389/1389 [==============================] - 0s 155us/step - loss: 0.0057 - acc: 0.9986 - val_loss: 0.0544 - val_acc: 0.9742
Epoch 8/30

  20/1389 [..............................] - ETA: 0s - loss: 0.0113 - acc: 1.0000
 360/1389 [======>.......................] - ETA: 0s - loss: 0.0080 - acc: 0.9972
 720/1389 [==============>...............] - ETA: 0s - loss: 0.0050 - acc: 0.9986
1040/1389 [=====================>........] - ETA: 0s - loss: 0.0053 - acc: 0.9981
1380/1389 [============================>.] - ETA: 0s - loss: 0.0043 - acc: 0.9986
1389/1389 [==============================] - 0s 158us/step - loss: 0.0043 - acc: 0.9986 - val_loss: 0.0558 - val_acc: 0.9700
Epoch 9/30

  20/1389 [..............................] - ETA: 0s - loss: 6.0092e-04 - acc: 1.0000
 340/1389 [======>.......................] - ETA: 0s - loss: 0.0012 - acc: 1.0000    
 660/1389 [=============>................] - ETA: 0s - loss: 0.0029 - acc: 0.9985
1000/1389 [====================>.........] - ETA: 0s - loss: 0.0027 - acc: 0.9990
1320/1389 [===========================>..] - ETA: 0s - loss: 0.0023 - acc: 0.9992
1389/1389 [==============================] - 0s 168us/step - loss: 0.0022 - acc: 0.9993 - val_loss: 0.0467 - val_acc: 0.9742
Epoch 10/30

  20/1389 [..............................] - ETA: 0s - loss: 0.0013 - acc: 1.0000
 300/1389 [=====>........................] - ETA: 0s - loss: 6.3515e-04 - acc: 1.0000
 560/1389 [===========>..................] - ETA: 0s - loss: 5.4914e-04 - acc: 1.0000
 820/1389 [================>.............] - ETA: 0s - loss: 5.1506e-04 - acc: 1.0000
1100/1389 [======================>.......] - ETA: 0s - loss: 0.0018 - acc: 0.9991    
1360/1389 [============================>.] - ETA: 0s - loss: 0.0018 - acc: 0.9993
1389/1389 [==============================] - 0s 206us/step - loss: 0.0017 - acc: 0.9993 - val_loss: 0.0481 - val_acc: 0.9742
Epoch 11/30

  20/1389 [..............................] - ETA: 0s - loss: 2.2792e-04 - acc: 1.0000
 340/1389 [======>.......................] - ETA: 0s - loss: 4.3786e-04 - acc: 1.0000
 680/1389 [=============>................] - ETA: 0s - loss: 4.7901e-04 - acc: 1.0000
1020/1389 [=====================>........] - ETA: 0s - loss: 0.0017 - acc: 0.9990    
1360/1389 [============================>.] - ETA: 0s - loss: 0.0017 - acc: 0.9993
1389/1389 [==============================] - 0s 161us/step - loss: 0.0016 - acc: 0.9993 - val_loss: 0.0489 - val_acc: 0.9742
Epoch 12/30

  20/1389 [..............................] - ETA: 0s - loss: 0.0042 - acc: 1.0000
 360/1389 [======>.......................] - ETA: 0s - loss: 5.6144e-04 - acc: 1.0000
 700/1389 [==============>...............] - ETA: 0s - loss: 4.6928e-04 - acc: 1.0000
1040/1389 [=====================>........] - ETA: 0s - loss: 4.5517e-04 - acc: 1.0000
1380/1389 [============================>.] - ETA: 0s - loss: 0.0015 - acc: 0.9993    
1389/1389 [==============================] - 0s 159us/step - loss: 0.0015 - acc: 0.9993 - val_loss: 0.0484 - val_acc: 0.9742
Epoch 13/30

  20/1389 [..............................] - ETA: 0s - loss: 1.3654e-04 - acc: 1.0000
 360/1389 [======>.......................] - ETA: 0s - loss: 8.2082e-04 - acc: 1.0000
 700/1389 [==============>...............] - ETA: 0s - loss: 7.2195e-04 - acc: 1.0000
1060/1389 [=====================>........] - ETA: 0s - loss: 0.0015 - acc: 0.9991    
1389/1389 [==============================] - 0s 158us/step - loss: 0.0014 - acc: 0.9993 - val_loss: 0.0449 - val_acc: 0.9785
Epoch 14/30

  20/1389 [..............................] - ETA: 0s - loss: 1.8871e-04 - acc: 1.0000
 360/1389 [======>.......................] - ETA: 0s - loss: 4.6174e-04 - acc: 1.0000
 700/1389 [==============>...............] - ETA: 0s - loss: 4.2520e-04 - acc: 1.0000
1040/1389 [=====================>........] - ETA: 0s - loss: 9.4961e-04 - acc: 1.0000
1380/1389 [============================>.] - ETA: 0s - loss: 8.2698e-04 - acc: 1.0000
1389/1389 [==============================] - 0s 159us/step - loss: 8.2332e-04 - acc: 1.0000 - val_loss: 0.0448 - val_acc: 0.9785
Epoch 15/30

  20/1389 [..............................] - ETA: 0s - loss: 1.7528e-04 - acc: 1.0000
 340/1389 [======>.......................] - ETA: 0s - loss: 0.0011 - acc: 1.0000    
 680/1389 [=============>................] - ETA: 0s - loss: 7.6705e-04 - acc: 1.0000
1020/1389 [=====================>........] - ETA: 0s - loss: 5.9585e-04 - acc: 1.0000
1360/1389 [============================>.] - ETA: 0s - loss: 4.9783e-04 - acc: 1.0000
1389/1389 [==============================] - 0s 162us/step - loss: 4.9542e-04 - acc: 1.0000 - val_loss: 0.0477 - val_acc: 0.9785
Epoch 16/30

  20/1389 [..............................] - ETA: 0s - loss: 2.6061e-04 - acc: 1.0000
 360/1389 [======>.......................] - ETA: 0s - loss: 1.9967e-04 - acc: 1.0000
 700/1389 [==============>...............] - ETA: 0s - loss: 5.7274e-04 - acc: 1.0000
1040/1389 [=====================>........] - ETA: 0s - loss: 5.1766e-04 - acc: 1.0000
1380/1389 [============================>.] - ETA: 0s - loss: 4.3812e-04 - acc: 1.0000
1389/1389 [==============================] - 0s 159us/step - loss: 4.3565e-04 - acc: 1.0000 - val_loss: 0.0480 - val_acc: 0.9742
Epoch 17/30

  20/1389 [..............................] - ETA: 0s - loss: 2.3545e-04 - acc: 1.0000
 320/1389 [=====>........................] - ETA: 0s - loss: 2.3221e-04 - acc: 1.0000
 580/1389 [===========>..................] - ETA: 0s - loss: 2.0664e-04 - acc: 1.0000
 840/1389 [=================>............] - ETA: 0s - loss: 2.0726e-04 - acc: 1.0000
1040/1389 [=====================>........] - ETA: 0s - loss: 1.9751e-04 - acc: 1.0000
1320/1389 [===========================>..] - ETA: 0s - loss: 2.9477e-04 - acc: 1.0000
1389/1389 [==============================] - 0s 211us/step - loss: 2.8588e-04 - acc: 1.0000 - val_loss: 0.0488 - val_acc: 0.9785
Epoch 18/30

  20/1389 [..............................] - ETA: 0s - loss: 9.6568e-05 - acc: 1.0000
 280/1389 [=====>........................] - ETA: 0s - loss: 1.3222e-04 - acc: 1.0000
 560/1389 [===========>..................] - ETA: 0s - loss: 1.5167e-04 - acc: 1.0000
 840/1389 [=================>............] - ETA: 0s - loss: 1.4978e-04 - acc: 1.0000
1120/1389 [=======================>......] - ETA: 0s - loss: 1.6755e-04 - acc: 1.0000
1380/1389 [============================>.] - ETA: 0s - loss: 2.3587e-04 - acc: 1.0000
1389/1389 [==============================] - 0s 203us/step - loss: 2.3512e-04 - acc: 1.0000 - val_loss: 0.0496 - val_acc: 0.9785
Epoch 19/30

  20/1389 [..............................] - ETA: 0s - loss: 2.8401e-05 - acc: 1.0000
 300/1389 [=====>........................] - ETA: 0s - loss: 1.2182e-04 - acc: 1.0000
 560/1389 [===========>..................] - ETA: 0s - loss: 2.8012e-04 - acc: 1.0000
 840/1389 [=================>............] - ETA: 0s - loss: 2.2937e-04 - acc: 1.0000
1120/1389 [=======================>......] - ETA: 0s - loss: 2.0562e-04 - acc: 1.0000
1389/1389 [==============================] - 0s 201us/step - loss: 1.9887e-04 - acc: 1.0000 - val_loss: 0.0500 - val_acc: 0.9785
Epoch 20/30

  20/1389 [..............................] - ETA: 0s - loss: 6.6351e-05 - acc: 1.0000
 280/1389 [=====>........................] - ETA: 0s - loss: 1.0324e-04 - acc: 1.0000
 540/1389 [==========>...................] - ETA: 0s - loss: 1.0919e-04 - acc: 1.0000
 800/1389 [================>.............] - ETA: 0s - loss: 1.3389e-04 - acc: 1.0000
1080/1389 [======================>.......] - ETA: 0s - loss: 1.9319e-04 - acc: 1.0000
1380/1389 [============================>.] - ETA: 0s - loss: 1.7516e-04 - acc: 1.0000
1389/1389 [==============================] - 0s 201us/step - loss: 1.7418e-04 - acc: 1.0000 - val_loss: 0.0504 - val_acc: 0.9785
Epoch 21/30

  20/1389 [..............................] - ETA: 0s - loss: 7.3293e-05 - acc: 1.0000
 300/1389 [=====>........................] - ETA: 0s - loss: 1.3488e-04 - acc: 1.0000
 560/1389 [===========>..................] - ETA: 0s - loss: 1.2138e-04 - acc: 1.0000
 840/1389 [=================>............] - ETA: 0s - loss: 1.1754e-04 - acc: 1.0000
1120/1389 [=======================>......] - ETA: 0s - loss: 1.6934e-04 - acc: 1.0000
1389/1389 [==============================] - 0s 195us/step - loss: 1.5320e-04 - acc: 1.0000 - val_loss: 0.0508 - val_acc: 0.9785
Epoch 22/30

  20/1389 [..............................] - ETA: 0s - loss: 1.7554e-04 - acc: 1.0000
 280/1389 [=====>........................] - ETA: 0s - loss: 2.9338e-04 - acc: 1.0000
 560/1389 [===========>..................] - ETA: 0s - loss: 1.9305e-04 - acc: 1.0000
 820/1389 [================>.............] - ETA: 0s - loss: 1.6002e-04 - acc: 1.0000
1080/1389 [======================>.......] - ETA: 0s - loss: 1.4925e-04 - acc: 1.0000
1340/1389 [===========================>..] - ETA: 0s - loss: 1.3789e-04 - acc: 1.0000
1389/1389 [==============================] - 0s 205us/step - loss: 1.3524e-04 - acc: 1.0000 - val_loss: 0.0512 - val_acc: 0.9785
Epoch 23/30

  20/1389 [..............................] - ETA: 0s - loss: 2.5997e-05 - acc: 1.0000
 280/1389 [=====>........................] - ETA: 0s - loss: 8.9759e-05 - acc: 1.0000
 540/1389 [==========>...................] - ETA: 0s - loss: 8.7549e-05 - acc: 1.0000
 820/1389 [================>.............] - ETA: 0s - loss: 8.3862e-05 - acc: 1.0000
1080/1389 [======================>.......] - ETA: 0s - loss: 1.3101e-04 - acc: 1.0000
1340/1389 [===========================>..] - ETA: 0s - loss: 1.2519e-04 - acc: 1.0000
1389/1389 [==============================] - 0s 205us/step - loss: 1.2368e-04 - acc: 1.0000 - val_loss: 0.0513 - val_acc: 0.9785
acc: 97.85%
Train on 1390 samples, validate on 232 samples
Epoch 1/30

  20/1390 [..............................] - ETA: 48s - loss: 0.6794 - acc: 0.7000
 340/1390 [======>.......................] - ETA: 2s - loss: 0.4463 - acc: 0.7941 
 680/1390 [=============>................] - ETA: 0s - loss: 0.2702 - acc: 0.8868
1000/1390 [====================>.........] - ETA: 0s - loss: 0.2161 - acc: 0.9130
1320/1390 [===========================>..] - ETA: 0s - loss: 0.1874 - acc: 0.9242
1390/1390 [==============================] - 1s 726us/step - loss: 0.1811 - acc: 0.9259 - val_loss: 0.0978 - val_acc: 0.9698
Epoch 2/30

  20/1390 [..............................] - ETA: 0s - loss: 0.0452 - acc: 1.0000
 340/1390 [======>.......................] - ETA: 0s - loss: 0.0390 - acc: 0.9882
 680/1390 [=============>................] - ETA: 0s - loss: 0.0407 - acc: 0.9882
1000/1390 [====================>.........] - ETA: 0s - loss: 0.0468 - acc: 0.9850
1320/1390 [===========================>..] - ETA: 0s - loss: 0.0441 - acc: 0.9856
1390/1390 [==============================] - 0s 164us/step - loss: 0.0426 - acc: 0.9863 - val_loss: 0.0913 - val_acc: 0.9698
Epoch 3/30

  20/1390 [..............................] - ETA: 0s - loss: 0.0052 - acc: 1.0000
 340/1390 [======>.......................] - ETA: 0s - loss: 0.0077 - acc: 1.0000
 680/1390 [=============>................] - ETA: 0s - loss: 0.0155 - acc: 0.9971
1000/1390 [====================>.........] - ETA: 0s - loss: 0.0179 - acc: 0.9970
1320/1390 [===========================>..] - ETA: 0s - loss: 0.0179 - acc: 0.9970
1390/1390 [==============================] - 0s 166us/step - loss: 0.0173 - acc: 0.9971 - val_loss: 0.0750 - val_acc: 0.9741
Epoch 4/30

  20/1390 [..............................] - ETA: 0s - loss: 0.1634 - acc: 0.9500
 220/1390 [===>..........................] - ETA: 0s - loss: 0.0231 - acc: 0.9955
 440/1390 [========>.....................] - ETA: 0s - loss: 0.0152 - acc: 0.9955
 720/1390 [==============>...............] - ETA: 0s - loss: 0.0105 - acc: 0.9972
1060/1390 [=====================>........] - ETA: 0s - loss: 0.0104 - acc: 0.9972
1390/1390 [==============================] - 0s 191us/step - loss: 0.0094 - acc: 0.9978 - val_loss: 0.0701 - val_acc: 0.9784
Epoch 5/30

  20/1390 [..............................] - ETA: 0s - loss: 0.0028 - acc: 1.0000
 340/1390 [======>.......................] - ETA: 0s - loss: 0.0151 - acc: 0.9971
 680/1390 [=============>................] - ETA: 0s - loss: 0.0090 - acc: 0.9985
1000/1390 [====================>.........] - ETA: 0s - loss: 0.0067 - acc: 0.9990
1320/1390 [===========================>..] - ETA: 0s - loss: 0.0069 - acc: 0.9985
1390/1390 [==============================] - 0s 165us/step - loss: 0.0066 - acc: 0.9986 - val_loss: 0.0794 - val_acc: 0.9741
Epoch 6/30

  20/1390 [..............................] - ETA: 0s - loss: 5.6908e-04 - acc: 1.0000
 340/1390 [======>.......................] - ETA: 0s - loss: 0.0212 - acc: 0.9912    
 680/1390 [=============>................] - ETA: 0s - loss: 0.0120 - acc: 0.9956
1020/1390 [=====================>........] - ETA: 0s - loss: 0.0088 - acc: 0.9971
1360/1390 [============================>.] - ETA: 0s - loss: 0.0071 - acc: 0.9978
1390/1390 [==============================] - 0s 161us/step - loss: 0.0070 - acc: 0.9978 - val_loss: 0.0775 - val_acc: 0.9784
Epoch 7/30

  20/1390 [..............................] - ETA: 0s - loss: 0.0014 - acc: 1.0000
 360/1390 [======>.......................] - ETA: 0s - loss: 0.0024 - acc: 1.0000
 700/1390 [==============>...............] - ETA: 0s - loss: 0.0017 - acc: 1.0000
1040/1390 [=====================>........] - ETA: 0s - loss: 0.0041 - acc: 0.9990
1380/1390 [============================>.] - ETA: 0s - loss: 0.0036 - acc: 0.9993
1390/1390 [==============================] - 0s 157us/step - loss: 0.0035 - acc: 0.9993 - val_loss: 0.0833 - val_acc: 0.9784
Epoch 8/30

  20/1390 [..............................] - ETA: 0s - loss: 5.7616e-04 - acc: 1.0000
 340/1390 [======>.......................] - ETA: 0s - loss: 9.8292e-04 - acc: 1.0000
 660/1390 [=============>................] - ETA: 0s - loss: 0.0037 - acc: 0.9985    
1000/1390 [====================>.........] - ETA: 0s - loss: 0.0037 - acc: 0.9990
1320/1390 [===========================>..] - ETA: 0s - loss: 0.0030 - acc: 0.9992
1390/1390 [==============================] - 0s 163us/step - loss: 0.0029 - acc: 0.9993 - val_loss: 0.0820 - val_acc: 0.9784
Epoch 9/30

  20/1390 [..............................] - ETA: 0s - loss: 3.7387e-04 - acc: 1.0000
 340/1390 [======>.......................] - ETA: 0s - loss: 4.7290e-04 - acc: 1.0000
 660/1390 [=============>................] - ETA: 0s - loss: 4.3510e-04 - acc: 1.0000
1000/1390 [====================>.........] - ETA: 0s - loss: 0.0047 - acc: 0.9990    
1320/1390 [===========================>..] - ETA: 0s - loss: 0.0042 - acc: 0.9992
1390/1390 [==============================] - 0s 167us/step - loss: 0.0040 - acc: 0.9993 - val_loss: 0.0834 - val_acc: 0.9784
Epoch 10/30

  20/1390 [..............................] - ETA: 0s - loss: 5.9391e-04 - acc: 1.0000
 360/1390 [======>.......................] - ETA: 0s - loss: 5.7438e-04 - acc: 1.0000
 700/1390 [==============>...............] - ETA: 0s - loss: 6.0761e-04 - acc: 1.0000
1040/1390 [=====================>........] - ETA: 0s - loss: 0.0036 - acc: 0.9990    
1360/1390 [============================>.] - ETA: 0s - loss: 0.0032 - acc: 0.9993
1390/1390 [==============================] - 0s 158us/step - loss: 0.0032 - acc: 0.9993 - val_loss: 0.0845 - val_acc: 0.9784
Epoch 11/30

  20/1390 [..............................] - ETA: 0s - loss: 4.1376e-04 - acc: 1.0000
 380/1390 [=======>......................] - ETA: 0s - loss: 0.0060 - acc: 0.9974    
 720/1390 [==============>...............] - ETA: 0s - loss: 0.0040 - acc: 0.9986
1060/1390 [=====================>........] - ETA: 0s - loss: 0.0030 - acc: 0.9991
1390/1390 [==============================] - 0s 157us/step - loss: 0.0024 - acc: 0.9993 - val_loss: 0.0837 - val_acc: 0.9784
Epoch 12/30

  20/1390 [..............................] - ETA: 0s - loss: 2.8140e-04 - acc: 1.0000
 360/1390 [======>.......................] - ETA: 0s - loss: 0.0058 - acc: 0.9972    
 680/1390 [=============>................] - ETA: 0s - loss: 0.0035 - acc: 0.9985
1020/1390 [=====================>........] - ETA: 0s - loss: 0.0027 - acc: 0.9990
1360/1390 [============================>.] - ETA: 0s - loss: 0.0021 - acc: 0.9993
1390/1390 [==============================] - 0s 160us/step - loss: 0.0021 - acc: 0.9993 - val_loss: 0.0929 - val_acc: 0.9784
Epoch 13/30

  20/1390 [..............................] - ETA: 0s - loss: 3.9418e-04 - acc: 1.0000
 360/1390 [======>.......................] - ETA: 0s - loss: 3.9239e-04 - acc: 1.0000
 720/1390 [==============>...............] - ETA: 0s - loss: 0.0025 - acc: 0.9986    
1060/1390 [=====================>........] - ETA: 0s - loss: 0.0019 - acc: 0.9991
1390/1390 [==============================] - 0s 156us/step - loss: 0.0018 - acc: 0.9993 - val_loss: 0.0932 - val_acc: 0.9784
Epoch 14/30

  20/1390 [..............................] - ETA: 0s - loss: 3.7417e-04 - acc: 1.0000
 360/1390 [======>.......................] - ETA: 0s - loss: 3.1045e-04 - acc: 1.0000
 680/1390 [=============>................] - ETA: 0s - loss: 0.0020 - acc: 0.9985    
1000/1390 [====================>.........] - ETA: 0s - loss: 0.0016 - acc: 0.9990
1320/1390 [===========================>..] - ETA: 0s - loss: 0.0015 - acc: 0.9992
1390/1390 [==============================] - 0s 163us/step - loss: 0.0014 - acc: 0.9993 - val_loss: 0.0903 - val_acc: 0.9741
acc: 97.84%
Train on 1391 samples, validate on 231 samples
Epoch 1/30

  20/1391 [..............................] - ETA: 56s - loss: 0.6533 - acc: 0.6500
 340/1391 [======>.......................] - ETA: 2s - loss: 0.4597 - acc: 0.7882 
 660/1391 [=============>................] - ETA: 1s - loss: 0.2958 - acc: 0.8788
 980/1391 [====================>.........] - ETA: 0s - loss: 0.2300 - acc: 0.9061
1300/1391 [===========================>..] - ETA: 0s - loss: 0.1981 - acc: 0.9200
1391/1391 [==============================] - 1s 819us/step - loss: 0.1931 - acc: 0.9224 - val_loss: 0.0770 - val_acc: 0.9697
Epoch 2/30

  20/1391 [..............................] - ETA: 0s - loss: 0.0979 - acc: 0.9500
 340/1391 [======>.......................] - ETA: 0s - loss: 0.0516 - acc: 0.9824
 680/1391 [=============>................] - ETA: 0s - loss: 0.0512 - acc: 0.9838
1000/1391 [====================>.........] - ETA: 0s - loss: 0.0423 - acc: 0.9870
1340/1391 [===========================>..] - ETA: 0s - loss: 0.0481 - acc: 0.9843
1391/1391 [==============================] - 0s 162us/step - loss: 0.0468 - acc: 0.9849 - val_loss: 0.0463 - val_acc: 0.9913
Epoch 3/30

  20/1391 [..............................] - ETA: 0s - loss: 0.0037 - acc: 1.0000
 340/1391 [======>.......................] - ETA: 0s - loss: 0.0158 - acc: 0.9971
 660/1391 [=============>................] - ETA: 0s - loss: 0.0235 - acc: 0.9955
 980/1391 [====================>.........] - ETA: 0s - loss: 0.0216 - acc: 0.9949
1300/1391 [===========================>..] - ETA: 0s - loss: 0.0218 - acc: 0.9946
1391/1391 [==============================] - 0s 167us/step - loss: 0.0222 - acc: 0.9942 - val_loss: 0.0398 - val_acc: 0.9784
Epoch 4/30

  20/1391 [..............................] - ETA: 0s - loss: 0.0022 - acc: 1.0000
 340/1391 [======>.......................] - ETA: 0s - loss: 0.0118 - acc: 0.9971
 680/1391 [=============>................] - ETA: 0s - loss: 0.0100 - acc: 0.9985
1000/1391 [====================>.........] - ETA: 0s - loss: 0.0077 - acc: 0.9990
1320/1391 [===========================>..] - ETA: 0s - loss: 0.0131 - acc: 0.9977
1391/1391 [==============================] - 0s 165us/step - loss: 0.0128 - acc: 0.9978 - val_loss: 0.0476 - val_acc: 0.9870
Epoch 5/30

  20/1391 [..............................] - ETA: 0s - loss: 0.0038 - acc: 1.0000
 340/1391 [======>.......................] - ETA: 0s - loss: 0.0067 - acc: 0.9971
 660/1391 [=============>................] - ETA: 0s - loss: 0.0049 - acc: 0.9985
 980/1391 [====================>.........] - ETA: 0s - loss: 0.0054 - acc: 0.9980
1320/1391 [===========================>..] - ETA: 0s - loss: 0.0057 - acc: 0.9977
1391/1391 [==============================] - 0s 164us/step - loss: 0.0056 - acc: 0.9978 - val_loss: 0.0463 - val_acc: 0.9827
Epoch 6/30

  20/1391 [..............................] - ETA: 0s - loss: 7.8067e-04 - acc: 1.0000
 360/1391 [======>.......................] - ETA: 0s - loss: 0.0072 - acc: 0.9972    
 700/1391 [==============>...............] - ETA: 0s - loss: 0.0045 - acc: 0.9986
1040/1391 [=====================>........] - ETA: 0s - loss: 0.0038 - acc: 0.9990
1380/1391 [============================>.] - ETA: 0s - loss: 0.0031 - acc: 0.9993
1391/1391 [==============================] - 0s 159us/step - loss: 0.0031 - acc: 0.9993 - val_loss: 0.0312 - val_acc: 0.9870
Epoch 7/30

  20/1391 [..............................] - ETA: 0s - loss: 0.0013 - acc: 1.0000
 360/1391 [======>.......................] - ETA: 0s - loss: 0.0064 - acc: 0.9972
 700/1391 [==============>...............] - ETA: 0s - loss: 0.0061 - acc: 0.9971
1040/1391 [=====================>........] - ETA: 0s - loss: 0.0057 - acc: 0.9971
1380/1391 [============================>.] - ETA: 0s - loss: 0.0045 - acc: 0.9978
1391/1391 [==============================] - 0s 160us/step - loss: 0.0045 - acc: 0.9978 - val_loss: 0.0386 - val_acc: 0.9870
Epoch 8/30

  20/1391 [..............................] - ETA: 0s - loss: 5.0763e-04 - acc: 1.0000
 340/1391 [======>.......................] - ETA: 0s - loss: 0.0011 - acc: 1.0000    
 660/1391 [=============>................] - ETA: 0s - loss: 0.0061 - acc: 0.9985
1000/1391 [====================>.........] - ETA: 0s - loss: 0.0063 - acc: 0.9980
1340/1391 [===========================>..] - ETA: 0s - loss: 0.0057 - acc: 0.9978
1391/1391 [==============================] - 0s 161us/step - loss: 0.0056 - acc: 0.9978 - val_loss: 0.0511 - val_acc: 0.9870
Epoch 9/30

  20/1391 [..............................] - ETA: 0s - loss: 1.6521e-04 - acc: 1.0000
 360/1391 [======>.......................] - ETA: 0s - loss: 0.0087 - acc: 0.9972    
 700/1391 [==============>...............] - ETA: 0s - loss: 0.0055 - acc: 0.9986
1020/1391 [====================>.........] - ETA: 0s - loss: 0.0041 - acc: 0.9990
1340/1391 [===========================>..] - ETA: 0s - loss: 0.0033 - acc: 0.9993
1391/1391 [==============================] - 0s 163us/step - loss: 0.0033 - acc: 0.9993 - val_loss: 0.0406 - val_acc: 0.9870
Epoch 10/30

  20/1391 [..............................] - ETA: 0s - loss: 5.4896e-04 - acc: 1.0000
 340/1391 [======>.......................] - ETA: 0s - loss: 0.0072 - acc: 0.9971    
 680/1391 [=============>................] - ETA: 0s - loss: 0.0045 - acc: 0.9985
 960/1391 [===================>..........] - ETA: 0s - loss: 0.0039 - acc: 0.9990
1220/1391 [=========================>....] - ETA: 0s - loss: 0.0033 - acc: 0.9992
1391/1391 [==============================] - 0s 186us/step - loss: 0.0029 - acc: 0.9993 - val_loss: 0.0434 - val_acc: 0.9870
Epoch 11/30

  20/1391 [..............................] - ETA: 0s - loss: 0.0010 - acc: 1.0000
 300/1391 [=====>........................] - ETA: 0s - loss: 6.5508e-04 - acc: 1.0000
 560/1391 [===========>..................] - ETA: 0s - loss: 5.4072e-04 - acc: 1.0000
 840/1391 [=================>............] - ETA: 0s - loss: 5.2415e-04 - acc: 1.0000
1120/1391 [=======================>......] - ETA: 0s - loss: 0.0028 - acc: 0.9991    
1391/1391 [==============================] - 0s 187us/step - loss: 0.0025 - acc: 0.9993 - val_loss: 0.0425 - val_acc: 0.9870
Epoch 12/30

  20/1391 [..............................] - ETA: 0s - loss: 0.0016 - acc: 1.0000
 360/1391 [======>.......................] - ETA: 0s - loss: 5.6778e-04 - acc: 1.0000
 700/1391 [==============>...............] - ETA: 0s - loss: 0.0022 - acc: 0.9986    
1040/1391 [=====================>........] - ETA: 0s - loss: 0.0019 - acc: 0.9990
1360/1391 [============================>.] - ETA: 0s - loss: 0.0018 - acc: 0.9993
1391/1391 [==============================] - 0s 160us/step - loss: 0.0018 - acc: 0.9993 - val_loss: 0.0408 - val_acc: 0.9870
acc: 99.13%
Train on 1391 samples, validate on 231 samples
Epoch 1/30

  20/1391 [..............................] - ETA: 1:29 - loss: 0.7343 - acc: 0.4000
 300/1391 [=====>........................] - ETA: 4s - loss: 0.4947 - acc: 0.7433  
 580/1391 [===========>..................] - ETA: 1s - loss: 0.3352 - acc: 0.8397
 840/1391 [=================>............] - ETA: 0s - loss: 0.2698 - acc: 0.8750
1100/1391 [======================>.......] - ETA: 0s - loss: 0.2228 - acc: 0.9000
1360/1391 [============================>.] - ETA: 0s - loss: 0.1938 - acc: 0.9154
1391/1391 [==============================] - 2s 1ms/step - loss: 0.1902 - acc: 0.9173 - val_loss: 0.0958 - val_acc: 0.9610
Epoch 2/30

  20/1391 [..............................] - ETA: 0s - loss: 0.0083 - acc: 1.0000
 280/1391 [=====>........................] - ETA: 0s - loss: 0.0356 - acc: 0.9964
 520/1391 [==========>...................] - ETA: 0s - loss: 0.0323 - acc: 0.9923
 800/1391 [================>.............] - ETA: 0s - loss: 0.0356 - acc: 0.9900
1080/1391 [======================>.......] - ETA: 0s - loss: 0.0346 - acc: 0.9907
1340/1391 [===========================>..] - ETA: 0s - loss: 0.0361 - acc: 0.9896
1391/1391 [==============================] - 0s 205us/step - loss: 0.0390 - acc: 0.9878 - val_loss: 0.0836 - val_acc: 0.9827
Epoch 3/30

  20/1391 [..............................] - ETA: 0s - loss: 0.0074 - acc: 1.0000
 280/1391 [=====>........................] - ETA: 0s - loss: 0.0190 - acc: 0.9929
 560/1391 [===========>..................] - ETA: 0s - loss: 0.0144 - acc: 0.9964
 820/1391 [================>.............] - ETA: 0s - loss: 0.0157 - acc: 0.9963
1100/1391 [======================>.......] - ETA: 0s - loss: 0.0150 - acc: 0.9955
1391/1391 [==============================] - 0s 192us/step - loss: 0.0140 - acc: 0.9957 - val_loss: 0.0795 - val_acc: 0.9784
Epoch 4/30

  20/1391 [..............................] - ETA: 0s - loss: 0.0045 - acc: 1.0000
 360/1391 [======>.......................] - ETA: 0s - loss: 0.0039 - acc: 1.0000
 700/1391 [==============>...............] - ETA: 0s - loss: 0.0033 - acc: 1.0000
1040/1391 [=====================>........] - ETA: 0s - loss: 0.0035 - acc: 1.0000
1380/1391 [============================>.] - ETA: 0s - loss: 0.0059 - acc: 0.9993
1391/1391 [==============================] - 0s 161us/step - loss: 0.0059 - acc: 0.9993 - val_loss: 0.0800 - val_acc: 0.9827
Epoch 5/30

  20/1391 [..............................] - ETA: 0s - loss: 0.0022 - acc: 1.0000
 360/1391 [======>.......................] - ETA: 0s - loss: 0.0035 - acc: 1.0000
 700/1391 [==============>...............] - ETA: 0s - loss: 0.0026 - acc: 1.0000
1040/1391 [=====================>........] - ETA: 0s - loss: 0.0022 - acc: 1.0000
1380/1391 [============================>.] - ETA: 0s - loss: 0.0030 - acc: 0.9993
1391/1391 [==============================] - 0s 157us/step - loss: 0.0030 - acc: 0.9993 - val_loss: 0.0782 - val_acc: 0.9827
Epoch 6/30

  20/1391 [..............................] - ETA: 0s - loss: 0.0063 - acc: 1.0000
 360/1391 [======>.......................] - ETA: 0s - loss: 0.0013 - acc: 1.0000
 680/1391 [=============>................] - ETA: 0s - loss: 0.0011 - acc: 1.0000
1000/1391 [====================>.........] - ETA: 0s - loss: 0.0011 - acc: 1.0000
1340/1391 [===========================>..] - ETA: 0s - loss: 0.0012 - acc: 1.0000
1391/1391 [==============================] - 0s 162us/step - loss: 0.0012 - acc: 1.0000 - val_loss: 0.0844 - val_acc: 0.9827
Epoch 7/30

  20/1391 [..............................] - ETA: 0s - loss: 0.0014 - acc: 1.0000
 340/1391 [======>.......................] - ETA: 0s - loss: 6.0276e-04 - acc: 1.0000
 660/1391 [=============>................] - ETA: 0s - loss: 5.2180e-04 - acc: 1.0000
 980/1391 [====================>.........] - ETA: 0s - loss: 5.9726e-04 - acc: 1.0000
1300/1391 [===========================>..] - ETA: 0s - loss: 6.1593e-04 - acc: 1.0000
1391/1391 [==============================] - 0s 168us/step - loss: 6.1683e-04 - acc: 1.0000 - val_loss: 0.0887 - val_acc: 0.9827
Epoch 8/30

  20/1391 [..............................] - ETA: 0s - loss: 3.0953e-04 - acc: 1.0000
 340/1391 [======>.......................] - ETA: 0s - loss: 3.9164e-04 - acc: 1.0000
 680/1391 [=============>................] - ETA: 0s - loss: 3.8075e-04 - acc: 1.0000
1020/1391 [====================>.........] - ETA: 0s - loss: 4.6260e-04 - acc: 1.0000
1360/1391 [============================>.] - ETA: 0s - loss: 4.2800e-04 - acc: 1.0000
1391/1391 [==============================] - 0s 161us/step - loss: 4.2500e-04 - acc: 1.0000 - val_loss: 0.0896 - val_acc: 0.9827
Epoch 9/30

  20/1391 [..............................] - ETA: 0s - loss: 4.2711e-04 - acc: 1.0000
 360/1391 [======>.......................] - ETA: 0s - loss: 5.2079e-04 - acc: 1.0000
 700/1391 [==============>...............] - ETA: 0s - loss: 3.9482e-04 - acc: 1.0000
1040/1391 [=====================>........] - ETA: 0s - loss: 3.5302e-04 - acc: 1.0000
1360/1391 [============================>.] - ETA: 0s - loss: 3.4285e-04 - acc: 1.0000
1391/1391 [==============================] - 0s 162us/step - loss: 3.3856e-04 - acc: 1.0000 - val_loss: 0.0911 - val_acc: 0.9784
Epoch 10/30

  20/1391 [..............................] - ETA: 0s - loss: 2.5875e-04 - acc: 1.0000
 320/1391 [=====>........................] - ETA: 0s - loss: 4.2006e-04 - acc: 1.0000
 660/1391 [=============>................] - ETA: 0s - loss: 3.4739e-04 - acc: 1.0000
 980/1391 [====================>.........] - ETA: 0s - loss: 3.1052e-04 - acc: 1.0000
1300/1391 [===========================>..] - ETA: 0s - loss: 2.8514e-04 - acc: 1.0000
1391/1391 [==============================] - 0s 169us/step - loss: 2.8076e-04 - acc: 1.0000 - val_loss: 0.0925 - val_acc: 0.9827
Epoch 11/30

  20/1391 [..............................] - ETA: 0s - loss: 4.3096e-05 - acc: 1.0000
 360/1391 [======>.......................] - ETA: 0s - loss: 2.2316e-04 - acc: 1.0000
 700/1391 [==============>...............] - ETA: 0s - loss: 2.8716e-04 - acc: 1.0000
1040/1391 [=====================>........] - ETA: 0s - loss: 2.6078e-04 - acc: 1.0000
1380/1391 [============================>.] - ETA: 0s - loss: 2.3790e-04 - acc: 1.0000
1391/1391 [==============================] - 0s 159us/step - loss: 2.3861e-04 - acc: 1.0000 - val_loss: 0.0935 - val_acc: 0.9827
Epoch 12/30

  20/1391 [..............................] - ETA: 0s - loss: 1.3773e-04 - acc: 1.0000
 360/1391 [======>.......................] - ETA: 0s - loss: 1.7697e-04 - acc: 1.0000
 700/1391 [==============>...............] - ETA: 0s - loss: 2.3218e-04 - acc: 1.0000
1020/1391 [====================>.........] - ETA: 0s - loss: 2.1860e-04 - acc: 1.0000
1320/1391 [===========================>..] - ETA: 0s - loss: 2.0679e-04 - acc: 1.0000
1391/1391 [==============================] - 0s 166us/step - loss: 2.0381e-04 - acc: 1.0000 - val_loss: 0.0948 - val_acc: 0.9827
acc: 98.27%
Train on 1391 samples, validate on 231 samples
Epoch 1/30

  20/1391 [..............................] - ETA: 1:07 - loss: 0.7055 - acc: 0.5000
 340/1391 [======>.......................] - ETA: 3s - loss: 0.4299 - acc: 0.7824  
 660/1391 [=============>................] - ETA: 1s - loss: 0.2919 - acc: 0.8636
 980/1391 [====================>.........] - ETA: 0s - loss: 0.2271 - acc: 0.8959
1300/1391 [===========================>..] - ETA: 0s - loss: 0.1873 - acc: 0.9169
1391/1391 [==============================] - 1s 958us/step - loss: 0.1802 - acc: 0.9216 - val_loss: 0.1039 - val_acc: 0.9567
Epoch 2/30

  20/1391 [..............................] - ETA: 0s - loss: 0.0096 - acc: 1.0000
 340/1391 [======>.......................] - ETA: 0s - loss: 0.0454 - acc: 0.9882
 680/1391 [=============>................] - ETA: 0s - loss: 0.0416 - acc: 0.9912
1020/1391 [====================>.........] - ETA: 0s - loss: 0.0377 - acc: 0.9912
1360/1391 [============================>.] - ETA: 0s - loss: 0.0339 - acc: 0.9897
1391/1391 [==============================] - 0s 159us/step - loss: 0.0368 - acc: 0.9878 - val_loss: 0.0950 - val_acc: 0.9740
Epoch 3/30

  20/1391 [..............................] - ETA: 0s - loss: 0.0149 - acc: 1.0000
 360/1391 [======>.......................] - ETA: 0s - loss: 0.0348 - acc: 0.9917
 700/1391 [==============>...............] - ETA: 0s - loss: 0.0295 - acc: 0.9929
1040/1391 [=====================>........] - ETA: 0s - loss: 0.0286 - acc: 0.9942
1380/1391 [============================>.] - ETA: 0s - loss: 0.0247 - acc: 0.9949
1391/1391 [==============================] - 0s 157us/step - loss: 0.0248 - acc: 0.9950 - val_loss: 0.0734 - val_acc: 0.9870
Epoch 4/30

  20/1391 [..............................] - ETA: 0s - loss: 0.0720 - acc: 0.9500
 360/1391 [======>.......................] - ETA: 0s - loss: 0.0084 - acc: 0.9972
 680/1391 [=============>................] - ETA: 0s - loss: 0.0107 - acc: 0.9971
1020/1391 [====================>.........] - ETA: 0s - loss: 0.0159 - acc: 0.9941
1340/1391 [===========================>..] - ETA: 0s - loss: 0.0136 - acc: 0.9955
1391/1391 [==============================] - 0s 163us/step - loss: 0.0133 - acc: 0.9957 - val_loss: 0.0682 - val_acc: 0.9784
Epoch 5/30

  20/1391 [..............................] - ETA: 0s - loss: 0.0025 - acc: 1.0000
 340/1391 [======>.......................] - ETA: 0s - loss: 0.0091 - acc: 0.9971
 660/1391 [=============>................] - ETA: 0s - loss: 0.0091 - acc: 0.9970
 980/1391 [====================>.........] - ETA: 0s - loss: 0.0076 - acc: 0.9980
1320/1391 [===========================>..] - ETA: 0s - loss: 0.0105 - acc: 0.9977
1391/1391 [==============================] - 0s 165us/step - loss: 0.0101 - acc: 0.9978 - val_loss: 0.0679 - val_acc: 0.9870
Epoch 6/30

  20/1391 [..............................] - ETA: 0s - loss: 8.7037e-04 - acc: 1.0000
 360/1391 [======>.......................] - ETA: 0s - loss: 0.0079 - acc: 0.9972    
 700/1391 [==============>...............] - ETA: 0s - loss: 0.0076 - acc: 0.9971
1040/1391 [=====================>........] - ETA: 0s - loss: 0.0066 - acc: 0.9981
1380/1391 [============================>.] - ETA: 0s - loss: 0.0053 - acc: 0.9986
1391/1391 [==============================] - 0s 157us/step - loss: 0.0053 - acc: 0.9986 - val_loss: 0.0645 - val_acc: 0.9870
Epoch 7/30

  20/1391 [..............................] - ETA: 0s - loss: 0.0327 - acc: 1.0000
 360/1391 [======>.......................] - ETA: 0s - loss: 0.0047 - acc: 1.0000
 680/1391 [=============>................] - ETA: 0s - loss: 0.0046 - acc: 0.9985
1000/1391 [====================>.........] - ETA: 0s - loss: 0.0038 - acc: 0.9990
1340/1391 [===========================>..] - ETA: 0s - loss: 0.0032 - acc: 0.9993
1391/1391 [==============================] - 0s 163us/step - loss: 0.0031 - acc: 0.9993 - val_loss: 0.0673 - val_acc: 0.9870
Epoch 8/30

  20/1391 [..............................] - ETA: 0s - loss: 6.3086e-04 - acc: 1.0000
 360/1391 [======>.......................] - ETA: 0s - loss: 5.7180e-04 - acc: 1.0000
 700/1391 [==============>...............] - ETA: 0s - loss: 6.3401e-04 - acc: 1.0000
1040/1391 [=====================>........] - ETA: 0s - loss: 0.0025 - acc: 1.0000    
1380/1391 [============================>.] - ETA: 0s - loss: 0.0022 - acc: 1.0000
1391/1391 [==============================] - 0s 157us/step - loss: 0.0022 - acc: 1.0000 - val_loss: 0.0719 - val_acc: 0.9870
Epoch 9/30

  20/1391 [..............................] - ETA: 0s - loss: 0.0185 - acc: 1.0000
 360/1391 [======>.......................] - ETA: 0s - loss: 0.0015 - acc: 1.0000
 700/1391 [==============>...............] - ETA: 0s - loss: 0.0012 - acc: 1.0000
1020/1391 [====================>.........] - ETA: 0s - loss: 9.8926e-04 - acc: 1.0000
1360/1391 [============================>.] - ETA: 0s - loss: 0.0018 - acc: 0.9993    
1391/1391 [==============================] - 0s 161us/step - loss: 0.0018 - acc: 0.9993 - val_loss: 0.0754 - val_acc: 0.9827
Epoch 10/30

  20/1391 [..............................] - ETA: 0s - loss: 0.0015 - acc: 1.0000
 360/1391 [======>.......................] - ETA: 0s - loss: 0.0027 - acc: 1.0000
 700/1391 [==============>...............] - ETA: 0s - loss: 0.0020 - acc: 1.0000
1040/1391 [=====================>........] - ETA: 0s - loss: 0.0019 - acc: 1.0000
1380/1391 [============================>.] - ETA: 0s - loss: 0.0016 - acc: 1.0000
1391/1391 [==============================] - 0s 161us/step - loss: 0.0019 - acc: 1.0000 - val_loss: 0.0722 - val_acc: 0.9784
Epoch 11/30

  20/1391 [..............................] - ETA: 0s - loss: 4.7223e-04 - acc: 1.0000
 360/1391 [======>.......................] - ETA: 0s - loss: 0.0014 - acc: 1.0000    
 680/1391 [=============>................] - ETA: 0s - loss: 0.0012 - acc: 1.0000
1020/1391 [====================>.........] - ETA: 0s - loss: 9.1407e-04 - acc: 1.0000
1360/1391 [============================>.] - ETA: 0s - loss: 0.0018 - acc: 0.9993    
1391/1391 [==============================] - 0s 162us/step - loss: 0.0017 - acc: 0.9993 - val_loss: 0.0765 - val_acc: 0.9827
Epoch 12/30

  20/1391 [..............................] - ETA: 0s - loss: 1.7913e-04 - acc: 1.0000
 360/1391 [======>.......................] - ETA: 0s - loss: 0.0016 - acc: 1.0000    
 700/1391 [==============>...............] - ETA: 0s - loss: 0.0012 - acc: 1.0000
1040/1391 [=====================>........] - ETA: 0s - loss: 0.0021 - acc: 0.9990
1360/1391 [============================>.] - ETA: 0s - loss: 0.0018 - acc: 0.9993
1391/1391 [==============================] - 0s 162us/step - loss: 0.0018 - acc: 0.9993 - val_loss: 0.0785 - val_acc: 0.9827
Epoch 13/30

  20/1391 [..............................] - ETA: 0s - loss: 6.9962e-04 - acc: 1.0000
 340/1391 [======>.......................] - ETA: 0s - loss: 9.7350e-04 - acc: 1.0000
 680/1391 [=============>................] - ETA: 0s - loss: 6.7026e-04 - acc: 1.0000
1020/1391 [====================>.........] - ETA: 0s - loss: 8.6590e-04 - acc: 1.0000
1340/1391 [===========================>..] - ETA: 0s - loss: 8.7261e-04 - acc: 1.0000
1391/1391 [==============================] - 0s 163us/step - loss: 8.5928e-04 - acc: 1.0000 - val_loss: 0.0795 - val_acc: 0.9827
acc: 98.70%
Train on 1391 samples, validate on 231 samples
Epoch 1/30

  20/1391 [..............................] - ETA: 1:19 - loss: 0.6797 - acc: 0.6000
 340/1391 [======>.......................] - ETA: 3s - loss: 0.4813 - acc: 0.7765  
 660/1391 [=============>................] - ETA: 1s - loss: 0.3109 - acc: 0.8682
 980/1391 [====================>.........] - ETA: 0s - loss: 0.2417 - acc: 0.8990
1320/1391 [===========================>..] - ETA: 0s - loss: 0.2112 - acc: 0.9159
1391/1391 [==============================] - 2s 1ms/step - loss: 0.2046 - acc: 0.9173 - val_loss: 0.0656 - val_acc: 0.9870
Epoch 2/30

  20/1391 [..............................] - ETA: 0s - loss: 0.0639 - acc: 1.0000
 360/1391 [======>.......................] - ETA: 0s - loss: 0.0551 - acc: 0.9833
 680/1391 [=============>................] - ETA: 0s - loss: 0.0510 - acc: 0.9853
1000/1391 [====================>.........] - ETA: 0s - loss: 0.0480 - acc: 0.9860
1320/1391 [===========================>..] - ETA: 0s - loss: 0.0501 - acc: 0.9848
1391/1391 [==============================] - 0s 165us/step - loss: 0.0483 - acc: 0.9856 - val_loss: 0.0514 - val_acc: 0.9784
Epoch 3/30

  20/1391 [..............................] - ETA: 0s - loss: 0.0547 - acc: 0.9500
 340/1391 [======>.......................] - ETA: 0s - loss: 0.0124 - acc: 0.9971
 660/1391 [=============>................] - ETA: 0s - loss: 0.0126 - acc: 0.9955
 980/1391 [====================>.........] - ETA: 0s - loss: 0.0146 - acc: 0.9959
1300/1391 [===========================>..] - ETA: 0s - loss: 0.0170 - acc: 0.9962
1391/1391 [==============================] - 0s 171us/step - loss: 0.0170 - acc: 0.9964 - val_loss: 0.0398 - val_acc: 0.9913
Epoch 4/30

  20/1391 [..............................] - ETA: 0s - loss: 0.0463 - acc: 0.9500
 320/1391 [=====>........................] - ETA: 0s - loss: 0.0074 - acc: 0.9969
 580/1391 [===========>..................] - ETA: 0s - loss: 0.0070 - acc: 0.9966
 840/1391 [=================>............] - ETA: 0s - loss: 0.0059 - acc: 0.9976
1100/1391 [======================>.......] - ETA: 0s - loss: 0.0077 - acc: 0.9973
1360/1391 [============================>.] - ETA: 0s - loss: 0.0070 - acc: 0.9978
1391/1391 [==============================] - 0s 202us/step - loss: 0.0069 - acc: 0.9978 - val_loss: 0.0524 - val_acc: 0.9827
Epoch 5/30

  20/1391 [..............................] - ETA: 0s - loss: 7.4072e-04 - acc: 1.0000
 280/1391 [=====>........................] - ETA: 0s - loss: 0.0035 - acc: 1.0000    
 560/1391 [===========>..................] - ETA: 0s - loss: 0.0025 - acc: 1.0000
 820/1391 [================>.............] - ETA: 0s - loss: 0.0026 - acc: 1.0000
1080/1391 [======================>.......] - ETA: 0s - loss: 0.0041 - acc: 0.9991
1340/1391 [===========================>..] - ETA: 0s - loss: 0.0043 - acc: 0.9985
1391/1391 [==============================] - 0s 208us/step - loss: 0.0042 - acc: 0.9986 - val_loss: 0.0411 - val_acc: 0.9913
Epoch 6/30

  20/1391 [..............................] - ETA: 0s - loss: 0.0020 - acc: 1.0000
 300/1391 [=====>........................] - ETA: 0s - loss: 0.0013 - acc: 1.0000
 560/1391 [===========>..................] - ETA: 0s - loss: 0.0011 - acc: 1.0000
 820/1391 [================>.............] - ETA: 0s - loss: 0.0012 - acc: 1.0000
1080/1391 [======================>.......] - ETA: 0s - loss: 0.0061 - acc: 0.9991
1320/1391 [===========================>..] - ETA: 0s - loss: 0.0058 - acc: 0.9992
1391/1391 [==============================] - 0s 209us/step - loss: 0.0056 - acc: 0.9993 - val_loss: 0.0434 - val_acc: 0.9913
Epoch 7/30

  20/1391 [..............................] - ETA: 0s - loss: 0.0027 - acc: 1.0000
 280/1391 [=====>........................] - ETA: 0s - loss: 0.0013 - acc: 1.0000
 540/1391 [==========>...................] - ETA: 0s - loss: 0.0012 - acc: 1.0000
 800/1391 [================>.............] - ETA: 0s - loss: 0.0041 - acc: 0.9987
1060/1391 [=====================>........] - ETA: 0s - loss: 0.0036 - acc: 0.9991
1340/1391 [===========================>..] - ETA: 0s - loss: 0.0031 - acc: 0.9993
1391/1391 [==============================] - 0s 209us/step - loss: 0.0031 - acc: 0.9993 - val_loss: 0.0405 - val_acc: 0.9913
Epoch 8/30

  20/1391 [..............................] - ETA: 0s - loss: 3.9102e-04 - acc: 1.0000
 280/1391 [=====>........................] - ETA: 0s - loss: 5.6878e-04 - acc: 1.0000
 540/1391 [==========>...................] - ETA: 0s - loss: 0.0057 - acc: 0.9981    
 800/1391 [================>.............] - ETA: 0s - loss: 0.0045 - acc: 0.9987
1040/1391 [=====================>........] - ETA: 0s - loss: 0.0037 - acc: 0.9990
1300/1391 [===========================>..] - ETA: 0s - loss: 0.0032 - acc: 0.9992
1391/1391 [==============================] - 0s 212us/step - loss: 0.0030 - acc: 0.9993 - val_loss: 0.0404 - val_acc: 0.9913
Epoch 9/30

  20/1391 [..............................] - ETA: 0s - loss: 3.5077e-04 - acc: 1.0000
 280/1391 [=====>........................] - ETA: 0s - loss: 6.0316e-04 - acc: 1.0000
 540/1391 [==========>...................] - ETA: 0s - loss: 5.8960e-04 - acc: 1.0000
 800/1391 [================>.............] - ETA: 0s - loss: 6.0841e-04 - acc: 1.0000
1060/1391 [=====================>........] - ETA: 0s - loss: 0.0029 - acc: 0.9991    
1320/1391 [===========================>..] - ETA: 0s - loss: 0.0026 - acc: 0.9992
1391/1391 [==============================] - 0s 210us/step - loss: 0.0025 - acc: 0.9993 - val_loss: 0.0431 - val_acc: 0.9913
Epoch 10/30

  20/1391 [..............................] - ETA: 0s - loss: 7.6464e-04 - acc: 1.0000
 280/1391 [=====>........................] - ETA: 0s - loss: 6.5664e-04 - acc: 1.0000
 520/1391 [==========>...................] - ETA: 0s - loss: 6.5137e-04 - acc: 1.0000
 780/1391 [===============>..............] - ETA: 0s - loss: 5.7634e-04 - acc: 1.0000
1040/1391 [=====================>........] - ETA: 0s - loss: 0.0025 - acc: 0.9990    
1320/1391 [===========================>..] - ETA: 0s - loss: 0.0025 - acc: 0.9992
1391/1391 [==============================] - 0s 215us/step - loss: 0.0025 - acc: 0.9993 - val_loss: 0.0498 - val_acc: 0.9913
Epoch 11/30

  20/1391 [..............................] - ETA: 0s - loss: 4.2653e-04 - acc: 1.0000
 280/1391 [=====>........................] - ETA: 0s - loss: 8.0892e-04 - acc: 1.0000
 520/1391 [==========>...................] - ETA: 0s - loss: 6.9961e-04 - acc: 1.0000
 780/1391 [===============>..............] - ETA: 0s - loss: 0.0031 - acc: 0.9987    
1040/1391 [=====================>........] - ETA: 0s - loss: 0.0027 - acc: 0.9990
1300/1391 [===========================>..] - ETA: 0s - loss: 0.0023 - acc: 0.9992
1391/1391 [==============================] - 0s 211us/step - loss: 0.0022 - acc: 0.9993 - val_loss: 0.0404 - val_acc: 0.9913
Epoch 12/30

  20/1391 [..............................] - ETA: 0s - loss: 9.4446e-04 - acc: 1.0000
 260/1391 [====>.........................] - ETA: 0s - loss: 6.2054e-04 - acc: 1.0000
 520/1391 [==========>...................] - ETA: 0s - loss: 5.4572e-04 - acc: 1.0000
 800/1391 [================>.............] - ETA: 0s - loss: 0.0018 - acc: 0.9987    
1060/1391 [=====================>........] - ETA: 0s - loss: 0.0016 - acc: 0.9991
1320/1391 [===========================>..] - ETA: 0s - loss: 0.0015 - acc: 0.9992
1391/1391 [==============================] - 0s 209us/step - loss: 0.0014 - acc: 0.9993 - val_loss: 0.0431 - val_acc: 0.9913
Epoch 13/30

  20/1391 [..............................] - ETA: 0s - loss: 2.6592e-04 - acc: 1.0000
 280/1391 [=====>........................] - ETA: 0s - loss: 4.1109e-04 - acc: 1.0000
 540/1391 [==========>...................] - ETA: 0s - loss: 4.8620e-04 - acc: 1.0000
 800/1391 [================>.............] - ETA: 0s - loss: 4.2084e-04 - acc: 1.0000
1060/1391 [=====================>........] - ETA: 0s - loss: 3.9745e-04 - acc: 1.0000
1320/1391 [===========================>..] - ETA: 0s - loss: 9.0906e-04 - acc: 1.0000
1391/1391 [==============================] - 0s 212us/step - loss: 8.7797e-04 - acc: 1.0000 - val_loss: 0.0469 - val_acc: 0.9913
acc: 99.13%
Accuracy: 98.21% (+/- 0.84%)
