Train on 1297 samples, validate on 325 samples
Epoch 1/30

 100/1297 [=>............................] - ETA: 5s - loss: 0.6997 - acc: 0.5400
1297/1297 [==============================] - 1s 407us/step - loss: 0.6532 - acc: 0.6816 - val_loss: 0.6153 - val_acc: 0.7815
Epoch 2/30

 100/1297 [=>............................] - ETA: 0s - loss: 0.6100 - acc: 0.8600
1297/1297 [==============================] - 0s 18us/step - loss: 0.5586 - acc: 0.8874 - val_loss: 0.5326 - val_acc: 0.8708
Epoch 3/30

 100/1297 [=>............................] - ETA: 0s - loss: 0.5111 - acc: 0.9200
1297/1297 [==============================] - 0s 20us/step - loss: 0.4649 - acc: 0.9468 - val_loss: 0.4464 - val_acc: 0.9385
Epoch 4/30

 100/1297 [=>............................] - ETA: 0s - loss: 0.4116 - acc: 0.9700
1297/1297 [==============================] - 0s 17us/step - loss: 0.3735 - acc: 0.9784 - val_loss: 0.3678 - val_acc: 0.9446
Epoch 5/30

 100/1297 [=>............................] - ETA: 0s - loss: 0.3302 - acc: 0.9800
1297/1297 [==============================] - 0s 16us/step - loss: 0.2967 - acc: 0.9807 - val_loss: 0.3069 - val_acc: 0.9508
Epoch 6/30

 100/1297 [=>............................] - ETA: 0s - loss: 0.2599 - acc: 0.9600
1297/1297 [==============================] - 0s 16us/step - loss: 0.2398 - acc: 0.9815 - val_loss: 0.2621 - val_acc: 0.9508
Epoch 7/30

 100/1297 [=>............................] - ETA: 0s - loss: 0.2253 - acc: 0.9800
1297/1297 [==============================] - 0s 17us/step - loss: 0.1986 - acc: 0.9846 - val_loss: 0.2293 - val_acc: 0.9538
Epoch 8/30

 100/1297 [=>............................] - ETA: 0s - loss: 0.1799 - acc: 0.9900
1297/1297 [==============================] - 0s 17us/step - loss: 0.1686 - acc: 0.9838 - val_loss: 0.2051 - val_acc: 0.9477
Epoch 9/30

 100/1297 [=>............................] - ETA: 0s - loss: 0.1322 - acc: 1.0000
1297/1297 [==============================] - 0s 17us/step - loss: 0.1466 - acc: 0.9884 - val_loss: 0.1878 - val_acc: 0.9477
Epoch 10/30

 100/1297 [=>............................] - ETA: 0s - loss: 0.1216 - acc: 1.0000
1297/1297 [==============================] - 0s 17us/step - loss: 0.1294 - acc: 0.9892 - val_loss: 0.1739 - val_acc: 0.9600
Epoch 11/30

 100/1297 [=>............................] - ETA: 0s - loss: 0.1044 - acc: 0.9900
1297/1297 [==============================] - 0s 19us/step - loss: 0.1159 - acc: 0.9907 - val_loss: 0.1637 - val_acc: 0.9569
Epoch 12/30

 100/1297 [=>............................] - ETA: 0s - loss: 0.1143 - acc: 0.9900
1297/1297 [==============================] - 0s 19us/step - loss: 0.1048 - acc: 0.9907 - val_loss: 0.1557 - val_acc: 0.9569
Epoch 13/30

 100/1297 [=>............................] - ETA: 0s - loss: 0.1101 - acc: 0.9900
1297/1297 [==============================] - 0s 19us/step - loss: 0.0957 - acc: 0.9907 - val_loss: 0.1497 - val_acc: 0.9538
Epoch 14/30

 100/1297 [=>............................] - ETA: 0s - loss: 0.1035 - acc: 0.9900
1297/1297 [==============================] - 0s 19us/step - loss: 0.0879 - acc: 0.9915 - val_loss: 0.1436 - val_acc: 0.9569
Epoch 15/30

 100/1297 [=>............................] - ETA: 0s - loss: 0.0841 - acc: 0.9900
1297/1297 [==============================] - 0s 19us/step - loss: 0.0812 - acc: 0.9923 - val_loss: 0.1395 - val_acc: 0.9569
Epoch 16/30

 100/1297 [=>............................] - ETA: 0s - loss: 0.0728 - acc: 0.9900
1297/1297 [==============================] - 0s 21us/step - loss: 0.0752 - acc: 0.9931 - val_loss: 0.1356 - val_acc: 0.9600
Epoch 17/30

 100/1297 [=>............................] - ETA: 0s - loss: 0.0754 - acc: 0.9900
1297/1297 [==============================] - 0s 19us/step - loss: 0.0701 - acc: 0.9938 - val_loss: 0.1327 - val_acc: 0.9569
Epoch 18/30

 100/1297 [=>............................] - ETA: 0s - loss: 0.0572 - acc: 1.0000
1297/1297 [==============================] - 0s 18us/step - loss: 0.0656 - acc: 0.9938 - val_loss: 0.1300 - val_acc: 0.9569
Epoch 19/30

 100/1297 [=>............................] - ETA: 0s - loss: 0.0556 - acc: 1.0000
1297/1297 [==============================] - 0s 18us/step - loss: 0.0614 - acc: 0.9938 - val_loss: 0.1277 - val_acc: 0.9538
Epoch 20/30

 100/1297 [=>............................] - ETA: 0s - loss: 0.0451 - acc: 1.0000
1297/1297 [==============================] - 0s 19us/step - loss: 0.0576 - acc: 0.9946 - val_loss: 0.1258 - val_acc: 0.9508
Epoch 21/30

 100/1297 [=>............................] - ETA: 0s - loss: 0.0690 - acc: 0.9800
1297/1297 [==============================] - 0s 19us/step - loss: 0.0545 - acc: 0.9946 - val_loss: 0.1239 - val_acc: 0.9538
Epoch 22/30

 100/1297 [=>............................] - ETA: 0s - loss: 0.0607 - acc: 0.9900
1297/1297 [==============================] - 0s 19us/step - loss: 0.0512 - acc: 0.9946 - val_loss: 0.1224 - val_acc: 0.9538
Epoch 23/30

 100/1297 [=>............................] - ETA: 0s - loss: 0.0483 - acc: 0.9900
1297/1297 [==============================] - 0s 19us/step - loss: 0.0484 - acc: 0.9946 - val_loss: 0.1210 - val_acc: 0.9538
Epoch 24/30

 100/1297 [=>............................] - ETA: 0s - loss: 0.0447 - acc: 0.9900
1297/1297 [==============================] - 0s 19us/step - loss: 0.0459 - acc: 0.9946 - val_loss: 0.1198 - val_acc: 0.9569
Epoch 25/30

 100/1297 [=>............................] - ETA: 0s - loss: 0.0251 - acc: 1.0000
1297/1297 [==============================] - 0s 18us/step - loss: 0.0433 - acc: 0.9954 - val_loss: 0.1187 - val_acc: 0.9538
Epoch 26/30

 100/1297 [=>............................] - ETA: 0s - loss: 0.0319 - acc: 1.0000
1297/1297 [==============================] - 0s 18us/step - loss: 0.0412 - acc: 0.9954 - val_loss: 0.1177 - val_acc: 0.9569
acc: 96.00%
Train on 1297 samples, validate on 325 samples
Epoch 1/30

 100/1297 [=>............................] - ETA: 6s - loss: 0.6815 - acc: 0.5400
1297/1297 [==============================] - 1s 474us/step - loss: 0.6396 - acc: 0.6777 - val_loss: 0.5900 - val_acc: 0.8154
Epoch 2/30

 100/1297 [=>............................] - ETA: 0s - loss: 0.5832 - acc: 0.8400
1297/1297 [==============================] - 0s 18us/step - loss: 0.5369 - acc: 0.9005 - val_loss: 0.4966 - val_acc: 0.8954
Epoch 3/30

 100/1297 [=>............................] - ETA: 0s - loss: 0.4760 - acc: 0.9700
1297/1297 [==============================] - 0s 17us/step - loss: 0.4389 - acc: 0.9468 - val_loss: 0.4031 - val_acc: 0.9477
Epoch 4/30

 100/1297 [=>............................] - ETA: 0s - loss: 0.4030 - acc: 0.9300
1297/1297 [==============================] - 0s 17us/step - loss: 0.3497 - acc: 0.9630 - val_loss: 0.3241 - val_acc: 0.9508
Epoch 5/30

 100/1297 [=>............................] - ETA: 0s - loss: 0.2815 - acc: 0.9900
1297/1297 [==============================] - 0s 17us/step - loss: 0.2783 - acc: 0.9707 - val_loss: 0.2644 - val_acc: 0.9600
Epoch 6/30

 100/1297 [=>............................] - ETA: 0s - loss: 0.2832 - acc: 0.9400
1297/1297 [==============================] - 0s 17us/step - loss: 0.2257 - acc: 0.9746 - val_loss: 0.2231 - val_acc: 0.9600
Epoch 7/30

 100/1297 [=>............................] - ETA: 0s - loss: 0.1972 - acc: 0.9800
1297/1297 [==============================] - 0s 16us/step - loss: 0.1880 - acc: 0.9769 - val_loss: 0.1950 - val_acc: 0.9662
Epoch 8/30

 100/1297 [=>............................] - ETA: 0s - loss: 0.1700 - acc: 0.9700
1297/1297 [==============================] - 0s 17us/step - loss: 0.1613 - acc: 0.9792 - val_loss: 0.1741 - val_acc: 0.9723
Epoch 9/30

 100/1297 [=>............................] - ETA: 0s - loss: 0.1236 - acc: 1.0000
1297/1297 [==============================] - 0s 19us/step - loss: 0.1414 - acc: 0.9800 - val_loss: 0.1587 - val_acc: 0.9754
Epoch 10/30

 100/1297 [=>............................] - ETA: 0s - loss: 0.1636 - acc: 0.9600
1297/1297 [==============================] - 0s 17us/step - loss: 0.1263 - acc: 0.9815 - val_loss: 0.1473 - val_acc: 0.9754
Epoch 11/30

 100/1297 [=>............................] - ETA: 0s - loss: 0.1015 - acc: 0.9900
1297/1297 [==============================] - 0s 17us/step - loss: 0.1141 - acc: 0.9838 - val_loss: 0.1382 - val_acc: 0.9754
Epoch 12/30

 100/1297 [=>............................] - ETA: 0s - loss: 0.1229 - acc: 0.9900
1297/1297 [==============================] - 0s 17us/step - loss: 0.1043 - acc: 0.9861 - val_loss: 0.1307 - val_acc: 0.9754
Epoch 13/30

 100/1297 [=>............................] - ETA: 0s - loss: 0.0854 - acc: 0.9900
1297/1297 [==============================] - 0s 17us/step - loss: 0.0957 - acc: 0.9861 - val_loss: 0.1247 - val_acc: 0.9754
Epoch 14/30

 100/1297 [=>............................] - ETA: 0s - loss: 0.1122 - acc: 0.9600
1297/1297 [==============================] - 0s 18us/step - loss: 0.0886 - acc: 0.9861 - val_loss: 0.1198 - val_acc: 0.9754
Epoch 15/30

 100/1297 [=>............................] - ETA: 0s - loss: 0.0663 - acc: 1.0000
1297/1297 [==============================] - 0s 18us/step - loss: 0.0821 - acc: 0.9877 - val_loss: 0.1150 - val_acc: 0.9723
Epoch 16/30

 100/1297 [=>............................] - ETA: 0s - loss: 0.1133 - acc: 0.9800
1297/1297 [==============================] - 0s 19us/step - loss: 0.0766 - acc: 0.9892 - val_loss: 0.1114 - val_acc: 0.9723
Epoch 17/30

 100/1297 [=>............................] - ETA: 0s - loss: 0.0643 - acc: 1.0000
1297/1297 [==============================] - 0s 18us/step - loss: 0.0716 - acc: 0.9907 - val_loss: 0.1077 - val_acc: 0.9723
Epoch 18/30

 100/1297 [=>............................] - ETA: 0s - loss: 0.0534 - acc: 1.0000
1297/1297 [==============================] - 0s 19us/step - loss: 0.0669 - acc: 0.9915 - val_loss: 0.1042 - val_acc: 0.9754
Epoch 19/30

 100/1297 [=>............................] - ETA: 0s - loss: 0.0638 - acc: 0.9900
1297/1297 [==============================] - 0s 22us/step - loss: 0.0629 - acc: 0.9923 - val_loss: 0.1011 - val_acc: 0.9754
Epoch 20/30

 100/1297 [=>............................] - ETA: 0s - loss: 0.0592 - acc: 0.9800
1297/1297 [==============================] - 0s 20us/step - loss: 0.0593 - acc: 0.9931 - val_loss: 0.0988 - val_acc: 0.9754
Epoch 21/30

 100/1297 [=>............................] - ETA: 0s - loss: 0.0474 - acc: 1.0000
1297/1297 [==============================] - 0s 19us/step - loss: 0.0559 - acc: 0.9938 - val_loss: 0.0960 - val_acc: 0.9723
Epoch 22/30

 100/1297 [=>............................] - ETA: 0s - loss: 0.0431 - acc: 1.0000
1297/1297 [==============================] - 0s 18us/step - loss: 0.0527 - acc: 0.9954 - val_loss: 0.0939 - val_acc: 0.9785
Epoch 23/30

 100/1297 [=>............................] - ETA: 0s - loss: 0.0519 - acc: 1.0000
1297/1297 [==============================] - 0s 20us/step - loss: 0.0498 - acc: 0.9961 - val_loss: 0.0918 - val_acc: 0.9785
Epoch 24/30

 100/1297 [=>............................] - ETA: 0s - loss: 0.0383 - acc: 1.0000
1297/1297 [==============================] - 0s 18us/step - loss: 0.0472 - acc: 0.9961 - val_loss: 0.0899 - val_acc: 0.9785
Epoch 25/30

 100/1297 [=>............................] - ETA: 0s - loss: 0.0668 - acc: 0.9900
1297/1297 [==============================] - 0s 18us/step - loss: 0.0448 - acc: 0.9961 - val_loss: 0.0876 - val_acc: 0.9785
Epoch 26/30

 100/1297 [=>............................] - ETA: 0s - loss: 0.0587 - acc: 0.9900
1297/1297 [==============================] - 0s 18us/step - loss: 0.0426 - acc: 0.9961 - val_loss: 0.0862 - val_acc: 0.9785
Epoch 27/30

 100/1297 [=>............................] - ETA: 0s - loss: 0.0451 - acc: 0.9900
1297/1297 [==============================] - 0s 18us/step - loss: 0.0403 - acc: 0.9961 - val_loss: 0.0846 - val_acc: 0.9754
Epoch 28/30

 100/1297 [=>............................] - ETA: 0s - loss: 0.0319 - acc: 1.0000
1297/1297 [==============================] - 0s 18us/step - loss: 0.0383 - acc: 0.9961 - val_loss: 0.0832 - val_acc: 0.9785
Epoch 29/30

 100/1297 [=>............................] - ETA: 0s - loss: 0.0313 - acc: 1.0000
1297/1297 [==============================] - 0s 18us/step - loss: 0.0365 - acc: 0.9961 - val_loss: 0.0820 - val_acc: 0.9785
Epoch 30/30

 100/1297 [=>............................] - ETA: 0s - loss: 0.0470 - acc: 0.9900
1297/1297 [==============================] - 0s 18us/step - loss: 0.0349 - acc: 0.9961 - val_loss: 0.0807 - val_acc: 0.9754
acc: 97.54%
Train on 1297 samples, validate on 325 samples
Epoch 1/30

 100/1297 [=>............................] - ETA: 8s - loss: 0.6917 - acc: 0.5200
1297/1297 [==============================] - 1s 616us/step - loss: 0.6619 - acc: 0.6423 - val_loss: 0.6155 - val_acc: 0.8431
Epoch 2/30

 100/1297 [=>............................] - ETA: 0s - loss: 0.6235 - acc: 0.8100
1297/1297 [==============================] - 0s 21us/step - loss: 0.5831 - acc: 0.8620 - val_loss: 0.5387 - val_acc: 0.9077
Epoch 3/30

 100/1297 [=>............................] - ETA: 0s - loss: 0.5315 - acc: 0.9300
1297/1297 [==============================] - 0s 21us/step - loss: 0.4990 - acc: 0.9322 - val_loss: 0.4542 - val_acc: 0.9723
Epoch 4/30

 100/1297 [=>............................] - ETA: 0s - loss: 0.4561 - acc: 0.9600
1297/1297 [==============================] - 0s 23us/step - loss: 0.4130 - acc: 0.9630 - val_loss: 0.3716 - val_acc: 0.9723
Epoch 5/30

 100/1297 [=>............................] - ETA: 0s - loss: 0.3743 - acc: 0.9600
1297/1297 [==============================] - 0s 20us/step - loss: 0.3370 - acc: 0.9676 - val_loss: 0.3028 - val_acc: 0.9692
Epoch 6/30

 100/1297 [=>............................] - ETA: 0s - loss: 0.2884 - acc: 0.9600
1297/1297 [==============================] - 0s 26us/step - loss: 0.2760 - acc: 0.9707 - val_loss: 0.2515 - val_acc: 0.9723
Epoch 7/30

 100/1297 [=>............................] - ETA: 0s - loss: 0.2192 - acc: 1.0000
1297/1297 [==============================] - 0s 21us/step - loss: 0.2304 - acc: 0.9746 - val_loss: 0.2127 - val_acc: 0.9754
Epoch 8/30

 100/1297 [=>............................] - ETA: 0s - loss: 0.1994 - acc: 0.9900
1297/1297 [==============================] - 0s 21us/step - loss: 0.1967 - acc: 0.9730 - val_loss: 0.1836 - val_acc: 0.9815
Epoch 9/30

 100/1297 [=>............................] - ETA: 0s - loss: 0.1703 - acc: 0.9700
1297/1297 [==============================] - 0s 21us/step - loss: 0.1713 - acc: 0.9761 - val_loss: 0.1623 - val_acc: 0.9846
Epoch 10/30

 100/1297 [=>............................] - ETA: 0s - loss: 0.1566 - acc: 0.9800
1297/1297 [==============================] - 0s 25us/step - loss: 0.1518 - acc: 0.9792 - val_loss: 0.1460 - val_acc: 0.9846
Epoch 11/30

 100/1297 [=>............................] - ETA: 0s - loss: 0.1430 - acc: 0.9900
1297/1297 [==============================] - 0s 25us/step - loss: 0.1363 - acc: 0.9800 - val_loss: 0.1327 - val_acc: 0.9846
Epoch 12/30

 100/1297 [=>............................] - ETA: 0s - loss: 0.1078 - acc: 1.0000
1297/1297 [==============================] - 0s 18us/step - loss: 0.1237 - acc: 0.9815 - val_loss: 0.1225 - val_acc: 0.9846
Epoch 13/30

 100/1297 [=>............................] - ETA: 0s - loss: 0.1431 - acc: 0.9600
1297/1297 [==============================] - 0s 20us/step - loss: 0.1130 - acc: 0.9823 - val_loss: 0.1140 - val_acc: 0.9815
Epoch 14/30

 100/1297 [=>............................] - ETA: 0s - loss: 0.0900 - acc: 0.9900
1297/1297 [==============================] - 0s 27us/step - loss: 0.1041 - acc: 0.9838 - val_loss: 0.1068 - val_acc: 0.9785
Epoch 15/30

 100/1297 [=>............................] - ETA: 0s - loss: 0.0886 - acc: 0.9900
1297/1297 [==============================] - 0s 20us/step - loss: 0.0960 - acc: 0.9854 - val_loss: 0.1011 - val_acc: 0.9785
Epoch 16/30

 100/1297 [=>............................] - ETA: 0s - loss: 0.0723 - acc: 1.0000
1297/1297 [==============================] - 0s 21us/step - loss: 0.0890 - acc: 0.9869 - val_loss: 0.0963 - val_acc: 0.9785
Epoch 17/30

 100/1297 [=>............................] - ETA: 0s - loss: 0.1073 - acc: 0.9600
1297/1297 [==============================] - 0s 19us/step - loss: 0.0829 - acc: 0.9884 - val_loss: 0.0919 - val_acc: 0.9785
Epoch 18/30

 100/1297 [=>............................] - ETA: 0s - loss: 0.0668 - acc: 1.0000
1297/1297 [==============================] - 0s 18us/step - loss: 0.0773 - acc: 0.9892 - val_loss: 0.0881 - val_acc: 0.9785
Epoch 19/30

 100/1297 [=>............................] - ETA: 0s - loss: 0.0744 - acc: 1.0000
1297/1297 [==============================] - 0s 18us/step - loss: 0.0722 - acc: 0.9915 - val_loss: 0.0845 - val_acc: 0.9785
Epoch 20/30

 100/1297 [=>............................] - ETA: 0s - loss: 0.0587 - acc: 1.0000
1297/1297 [==============================] - 0s 18us/step - loss: 0.0676 - acc: 0.9915 - val_loss: 0.0816 - val_acc: 0.9785
Epoch 21/30

 100/1297 [=>............................] - ETA: 0s - loss: 0.0441 - acc: 1.0000
1297/1297 [==============================] - 0s 21us/step - loss: 0.0636 - acc: 0.9915 - val_loss: 0.0788 - val_acc: 0.9785
Epoch 22/30

 100/1297 [=>............................] - ETA: 0s - loss: 0.0565 - acc: 1.0000
1297/1297 [==============================] - 0s 22us/step - loss: 0.0599 - acc: 0.9923 - val_loss: 0.0756 - val_acc: 0.9785
Epoch 23/30

 100/1297 [=>............................] - ETA: 0s - loss: 0.0628 - acc: 1.0000
1297/1297 [==============================] - 0s 25us/step - loss: 0.0565 - acc: 0.9938 - val_loss: 0.0733 - val_acc: 0.9785
Epoch 24/30

 100/1297 [=>............................] - ETA: 0s - loss: 0.0595 - acc: 1.0000
1297/1297 [==============================] - 0s 20us/step - loss: 0.0533 - acc: 0.9938 - val_loss: 0.0718 - val_acc: 0.9785
Epoch 25/30

 100/1297 [=>............................] - ETA: 0s - loss: 0.0424 - acc: 1.0000
1297/1297 [==============================] - 0s 21us/step - loss: 0.0504 - acc: 0.9938 - val_loss: 0.0703 - val_acc: 0.9785
acc: 98.46%
Train on 1298 samples, validate on 324 samples
Epoch 1/30

 100/1298 [=>............................] - ETA: 8s - loss: 0.7010 - acc: 0.4900
1298/1298 [==============================] - 1s 623us/step - loss: 0.6544 - acc: 0.6718 - val_loss: 0.5957 - val_acc: 0.8241
Epoch 2/30

 100/1298 [=>............................] - ETA: 0s - loss: 0.6171 - acc: 0.8000
1298/1298 [==============================] - 0s 20us/step - loss: 0.5521 - acc: 0.8991 - val_loss: 0.4986 - val_acc: 0.9444
Epoch 3/30

 100/1298 [=>............................] - ETA: 0s - loss: 0.5112 - acc: 0.9300
1298/1298 [==============================] - 0s 19us/step - loss: 0.4528 - acc: 0.9630 - val_loss: 0.4007 - val_acc: 0.9691
Epoch 4/30

 100/1298 [=>............................] - ETA: 0s - loss: 0.3923 - acc: 0.9800
1298/1298 [==============================] - 0s 18us/step - loss: 0.3590 - acc: 0.9707 - val_loss: 0.3146 - val_acc: 0.9660
Epoch 5/30

 100/1298 [=>............................] - ETA: 0s - loss: 0.3123 - acc: 0.9800
1298/1298 [==============================] - 0s 20us/step - loss: 0.2830 - acc: 0.9707 - val_loss: 0.2503 - val_acc: 0.9691
Epoch 6/30

 100/1298 [=>............................] - ETA: 0s - loss: 0.2424 - acc: 0.9800
1298/1298 [==============================] - 0s 18us/step - loss: 0.2273 - acc: 0.9730 - val_loss: 0.2057 - val_acc: 0.9722
Epoch 7/30

 100/1298 [=>............................] - ETA: 0s - loss: 0.2100 - acc: 0.9700
1298/1298 [==============================] - 0s 17us/step - loss: 0.1883 - acc: 0.9753 - val_loss: 0.1764 - val_acc: 0.9784
Epoch 8/30

 100/1298 [=>............................] - ETA: 0s - loss: 0.1872 - acc: 0.9500
1298/1298 [==============================] - 0s 17us/step - loss: 0.1605 - acc: 0.9777 - val_loss: 0.1561 - val_acc: 0.9784
Epoch 9/30

 100/1298 [=>............................] - ETA: 0s - loss: 0.1403 - acc: 0.9900
1298/1298 [==============================] - 0s 17us/step - loss: 0.1404 - acc: 0.9800 - val_loss: 0.1413 - val_acc: 0.9784
Epoch 10/30

 100/1298 [=>............................] - ETA: 0s - loss: 0.1257 - acc: 0.9700
1298/1298 [==============================] - 0s 17us/step - loss: 0.1250 - acc: 0.9800 - val_loss: 0.1305 - val_acc: 0.9722
Epoch 11/30

 100/1298 [=>............................] - ETA: 0s - loss: 0.1160 - acc: 0.9800
1298/1298 [==============================] - 0s 17us/step - loss: 0.1125 - acc: 0.9800 - val_loss: 0.1223 - val_acc: 0.9784
Epoch 12/30

 100/1298 [=>............................] - ETA: 0s - loss: 0.0848 - acc: 1.0000
1298/1298 [==============================] - 0s 17us/step - loss: 0.1022 - acc: 0.9823 - val_loss: 0.1159 - val_acc: 0.9784
Epoch 13/30

 100/1298 [=>............................] - ETA: 0s - loss: 0.1060 - acc: 0.9900
1298/1298 [==============================] - 0s 18us/step - loss: 0.0938 - acc: 0.9823 - val_loss: 0.1103 - val_acc: 0.9753
Epoch 14/30

 100/1298 [=>............................] - ETA: 0s - loss: 0.0910 - acc: 0.9900
1298/1298 [==============================] - 0s 18us/step - loss: 0.0867 - acc: 0.9854 - val_loss: 0.1064 - val_acc: 0.9784
Epoch 15/30

 100/1298 [=>............................] - ETA: 0s - loss: 0.0860 - acc: 0.9900
1298/1298 [==============================] - 0s 18us/step - loss: 0.0804 - acc: 0.9877 - val_loss: 0.1026 - val_acc: 0.9753
Epoch 16/30

 100/1298 [=>............................] - ETA: 0s - loss: 0.0753 - acc: 0.9800
1298/1298 [==============================] - 0s 18us/step - loss: 0.0746 - acc: 0.9892 - val_loss: 0.0996 - val_acc: 0.9753
Epoch 17/30

 100/1298 [=>............................] - ETA: 0s - loss: 0.0970 - acc: 0.9700
1298/1298 [==============================] - 0s 18us/step - loss: 0.0698 - acc: 0.9900 - val_loss: 0.0968 - val_acc: 0.9753
Epoch 18/30

 100/1298 [=>............................] - ETA: 0s - loss: 0.0706 - acc: 1.0000
1298/1298 [==============================] - 0s 18us/step - loss: 0.0653 - acc: 0.9923 - val_loss: 0.0944 - val_acc: 0.9753
Epoch 19/30

 100/1298 [=>............................] - ETA: 0s - loss: 0.0821 - acc: 0.9900
1298/1298 [==============================] - 0s 19us/step - loss: 0.0613 - acc: 0.9931 - val_loss: 0.0924 - val_acc: 0.9753
Epoch 20/30

 100/1298 [=>............................] - ETA: 0s - loss: 0.0403 - acc: 1.0000
1298/1298 [==============================] - 0s 19us/step - loss: 0.0577 - acc: 0.9931 - val_loss: 0.0905 - val_acc: 0.9753
Epoch 21/30

 100/1298 [=>............................] - ETA: 0s - loss: 0.0490 - acc: 1.0000
1298/1298 [==============================] - 0s 18us/step - loss: 0.0543 - acc: 0.9938 - val_loss: 0.0889 - val_acc: 0.9753
Epoch 22/30

 100/1298 [=>............................] - ETA: 0s - loss: 0.0398 - acc: 1.0000
1298/1298 [==============================] - 0s 18us/step - loss: 0.0514 - acc: 0.9946 - val_loss: 0.0876 - val_acc: 0.9753
Epoch 23/30

 100/1298 [=>............................] - ETA: 0s - loss: 0.0637 - acc: 0.9900
1298/1298 [==============================] - 0s 19us/step - loss: 0.0487 - acc: 0.9954 - val_loss: 0.0863 - val_acc: 0.9753
acc: 97.84%
Train on 1299 samples, validate on 323 samples
Epoch 1/30

 100/1299 [=>............................] - ETA: 10s - loss: 0.6913 - acc: 0.5600
1299/1299 [==============================] - 1s 790us/step - loss: 0.6491 - acc: 0.6851 - val_loss: 0.6002 - val_acc: 0.8390
Epoch 2/30

 100/1299 [=>............................] - ETA: 0s - loss: 0.5953 - acc: 0.8300
1299/1299 [==============================] - 0s 18us/step - loss: 0.5628 - acc: 0.8753 - val_loss: 0.5156 - val_acc: 0.9381
Epoch 3/30

 100/1299 [=>............................] - ETA: 0s - loss: 0.5238 - acc: 0.9500
1299/1299 [==============================] - 0s 21us/step - loss: 0.4739 - acc: 0.9554 - val_loss: 0.4260 - val_acc: 0.9628
Epoch 4/30

 100/1299 [=>............................] - ETA: 0s - loss: 0.4259 - acc: 0.9700
1299/1299 [==============================] - 0s 20us/step - loss: 0.3852 - acc: 0.9700 - val_loss: 0.3439 - val_acc: 0.9690
Epoch 5/30

 100/1299 [=>............................] - ETA: 0s - loss: 0.3365 - acc: 0.9800
1299/1299 [==============================] - 0s 21us/step - loss: 0.3088 - acc: 0.9731 - val_loss: 0.2777 - val_acc: 0.9721
Epoch 6/30

 100/1299 [=>............................] - ETA: 0s - loss: 0.2796 - acc: 0.9900
1299/1299 [==============================] - 0s 19us/step - loss: 0.2508 - acc: 0.9777 - val_loss: 0.2294 - val_acc: 0.9721
Epoch 7/30

 100/1299 [=>............................] - ETA: 0s - loss: 0.1961 - acc: 1.0000
1299/1299 [==============================] - 0s 20us/step - loss: 0.2088 - acc: 0.9777 - val_loss: 0.1951 - val_acc: 0.9690
Epoch 8/30

 100/1299 [=>............................] - ETA: 0s - loss: 0.1915 - acc: 0.9800
1299/1299 [==============================] - 0s 19us/step - loss: 0.1778 - acc: 0.9777 - val_loss: 0.1710 - val_acc: 0.9690
Epoch 9/30

 100/1299 [=>............................] - ETA: 0s - loss: 0.1503 - acc: 0.9900
1299/1299 [==============================] - 0s 18us/step - loss: 0.1555 - acc: 0.9800 - val_loss: 0.1530 - val_acc: 0.9721
Epoch 10/30

 100/1299 [=>............................] - ETA: 0s - loss: 0.1342 - acc: 1.0000
1299/1299 [==============================] - 0s 19us/step - loss: 0.1385 - acc: 0.9808 - val_loss: 0.1395 - val_acc: 0.9721
Epoch 11/30

 100/1299 [=>............................] - ETA: 0s - loss: 0.1154 - acc: 0.9800
1299/1299 [==============================] - 0s 18us/step - loss: 0.1248 - acc: 0.9808 - val_loss: 0.1288 - val_acc: 0.9721
Epoch 12/30

 100/1299 [=>............................] - ETA: 0s - loss: 0.1362 - acc: 0.9700
1299/1299 [==============================] - 0s 20us/step - loss: 0.1139 - acc: 0.9823 - val_loss: 0.1208 - val_acc: 0.9721
Epoch 13/30

 100/1299 [=>............................] - ETA: 0s - loss: 0.1324 - acc: 0.9800
1299/1299 [==============================] - 0s 21us/step - loss: 0.1045 - acc: 0.9838 - val_loss: 0.1141 - val_acc: 0.9721
Epoch 14/30

 100/1299 [=>............................] - ETA: 0s - loss: 0.0978 - acc: 0.9900
1299/1299 [==============================] - 0s 18us/step - loss: 0.0967 - acc: 0.9854 - val_loss: 0.1083 - val_acc: 0.9752
Epoch 15/30

 100/1299 [=>............................] - ETA: 0s - loss: 0.0966 - acc: 0.9900
1299/1299 [==============================] - 0s 18us/step - loss: 0.0897 - acc: 0.9869 - val_loss: 0.1034 - val_acc: 0.9752
Epoch 16/30

 100/1299 [=>............................] - ETA: 0s - loss: 0.0693 - acc: 0.9900
1299/1299 [==============================] - 0s 18us/step - loss: 0.0837 - acc: 0.9885 - val_loss: 0.0995 - val_acc: 0.9752
Epoch 17/30

 100/1299 [=>............................] - ETA: 0s - loss: 0.0828 - acc: 0.9900
1299/1299 [==============================] - 0s 20us/step - loss: 0.0784 - acc: 0.9915 - val_loss: 0.0956 - val_acc: 0.9752
Epoch 18/30

 100/1299 [=>............................] - ETA: 0s - loss: 0.0589 - acc: 1.0000
1299/1299 [==============================] - 0s 20us/step - loss: 0.0734 - acc: 0.9923 - val_loss: 0.0921 - val_acc: 0.9752
Epoch 19/30

 100/1299 [=>............................] - ETA: 0s - loss: 0.0615 - acc: 0.9900
1299/1299 [==============================] - 0s 18us/step - loss: 0.0691 - acc: 0.9923 - val_loss: 0.0899 - val_acc: 0.9752
Epoch 20/30

 100/1299 [=>............................] - ETA: 0s - loss: 0.0541 - acc: 0.9900
1299/1299 [==============================] - 0s 19us/step - loss: 0.0650 - acc: 0.9923 - val_loss: 0.0879 - val_acc: 0.9752
Epoch 21/30

 100/1299 [=>............................] - ETA: 0s - loss: 0.0816 - acc: 0.9900
1299/1299 [==============================] - 0s 19us/step - loss: 0.0617 - acc: 0.9931 - val_loss: 0.0852 - val_acc: 0.9783
Epoch 22/30

 100/1299 [=>............................] - ETA: 0s - loss: 0.0511 - acc: 0.9900
1299/1299 [==============================] - 0s 19us/step - loss: 0.0580 - acc: 0.9931 - val_loss: 0.0833 - val_acc: 0.9783
Epoch 23/30

 100/1299 [=>............................] - ETA: 0s - loss: 0.0463 - acc: 1.0000
1299/1299 [==============================] - 0s 21us/step - loss: 0.0549 - acc: 0.9938 - val_loss: 0.0817 - val_acc: 0.9783
Epoch 24/30

 100/1299 [=>............................] - ETA: 0s - loss: 0.0473 - acc: 1.0000
1299/1299 [==============================] - 0s 20us/step - loss: 0.0521 - acc: 0.9938 - val_loss: 0.0802 - val_acc: 0.9783
Epoch 25/30

 100/1299 [=>............................] - ETA: 0s - loss: 0.0607 - acc: 0.9900
1299/1299 [==============================] - 0s 19us/step - loss: 0.0494 - acc: 0.9938 - val_loss: 0.0787 - val_acc: 0.9783
Epoch 26/30

 100/1299 [=>............................] - ETA: 0s - loss: 0.0429 - acc: 1.0000
1299/1299 [==============================] - 0s 19us/step - loss: 0.0469 - acc: 0.9938 - val_loss: 0.0777 - val_acc: 0.9783
Epoch 27/30

 100/1299 [=>............................] - ETA: 0s - loss: 0.0337 - acc: 1.0000
1299/1299 [==============================] - 0s 19us/step - loss: 0.0447 - acc: 0.9946 - val_loss: 0.0771 - val_acc: 0.9783
Epoch 28/30

 100/1299 [=>............................] - ETA: 0s - loss: 0.0475 - acc: 1.0000
1299/1299 [==============================] - 0s 20us/step - loss: 0.0425 - acc: 0.9954 - val_loss: 0.0751 - val_acc: 0.9783
Epoch 29/30

 100/1299 [=>............................] - ETA: 0s - loss: 0.0446 - acc: 0.9900
1299/1299 [==============================] - 0s 19us/step - loss: 0.0405 - acc: 0.9954 - val_loss: 0.0743 - val_acc: 0.9783
Epoch 30/30

 100/1299 [=>............................] - ETA: 0s - loss: 0.0425 - acc: 0.9900
1299/1299 [==============================] - 0s 20us/step - loss: 0.0386 - acc: 0.9954 - val_loss: 0.0733 - val_acc: 0.9783
acc: 97.83%
Accuracy: 97.53% (+/- 0.82%)
