Train on 1459 samples, validate on 163 samples
Epoch 1/30

  10/1459 [..............................] - ETA: 1:07 - loss: 0.6520 - acc: 0.5000
 300/1459 [=====>........................] - ETA: 1s - loss: 0.5564 - acc: 0.7167  
 600/1459 [===========>..................] - ETA: 0s - loss: 0.4033 - acc: 0.8383
 950/1459 [==================>...........] - ETA: 0s - loss: 0.2983 - acc: 0.8884
1330/1459 [==========================>...] - ETA: 0s - loss: 0.2474 - acc: 0.9105
1459/1459 [==============================] - 1s 510us/step - loss: 0.2341 - acc: 0.9164 - val_loss: 0.1031 - val_acc: 0.9693
Epoch 2/30

  10/1459 [..............................] - ETA: 0s - loss: 0.0335 - acc: 1.0000
 380/1459 [======>.......................] - ETA: 0s - loss: 0.0539 - acc: 0.9868
 750/1459 [==============>...............] - ETA: 0s - loss: 0.0495 - acc: 0.9853
1120/1459 [======================>.......] - ETA: 0s - loss: 0.0552 - acc: 0.9830
1459/1459 [==============================] - 0s 144us/step - loss: 0.0578 - acc: 0.9801 - val_loss: 0.0884 - val_acc: 0.9632
Epoch 3/30

  10/1459 [..............................] - ETA: 0s - loss: 0.0076 - acc: 1.0000
 360/1459 [======>.......................] - ETA: 0s - loss: 0.0302 - acc: 0.9944
 710/1459 [=============>................] - ETA: 0s - loss: 0.0228 - acc: 0.9972
1060/1459 [====================>.........] - ETA: 0s - loss: 0.0243 - acc: 0.9972
1410/1459 [===========================>..] - ETA: 0s - loss: 0.0255 - acc: 0.9965
1459/1459 [==============================] - 0s 150us/step - loss: 0.0250 - acc: 0.9966 - val_loss: 0.0792 - val_acc: 0.9693
acc: 96.93%
Train on 1459 samples, validate on 163 samples
Epoch 1/30

  10/1459 [..............................] - ETA: 1:21 - loss: 0.6871 - acc: 0.6000
 350/1459 [======>.......................] - ETA: 1s - loss: 0.4726 - acc: 0.8257  
 680/1459 [============>.................] - ETA: 0s - loss: 0.3365 - acc: 0.8956
1050/1459 [====================>.........] - ETA: 0s - loss: 0.2665 - acc: 0.9162
1420/1459 [============================>.] - ETA: 0s - loss: 0.2190 - acc: 0.9338
1459/1459 [==============================] - 1s 577us/step - loss: 0.2148 - acc: 0.9349 - val_loss: 0.1133 - val_acc: 0.9571
Epoch 2/30

  10/1459 [..............................] - ETA: 0s - loss: 0.0267 - acc: 1.0000
 340/1459 [=====>........................] - ETA: 0s - loss: 0.0446 - acc: 0.9882
 670/1459 [============>.................] - ETA: 0s - loss: 0.0453 - acc: 0.9866
1010/1459 [===================>..........] - ETA: 0s - loss: 0.0486 - acc: 0.9832
1380/1459 [===========================>..] - ETA: 0s - loss: 0.0471 - acc: 0.9848
1459/1459 [==============================] - 0s 153us/step - loss: 0.0512 - acc: 0.9836 - val_loss: 0.1161 - val_acc: 0.9509
Epoch 3/30

  10/1459 [..............................] - ETA: 0s - loss: 0.0539 - acc: 1.0000
 370/1459 [======>.......................] - ETA: 0s - loss: 0.0411 - acc: 0.9892
 690/1459 [=============>................] - ETA: 0s - loss: 0.0392 - acc: 0.9884
1060/1459 [====================>.........] - ETA: 0s - loss: 0.0307 - acc: 0.9925
1420/1459 [============================>.] - ETA: 0s - loss: 0.0270 - acc: 0.9930
1459/1459 [==============================] - 0s 149us/step - loss: 0.0267 - acc: 0.9931 - val_loss: 0.0827 - val_acc: 0.9632
Epoch 4/30

  10/1459 [..............................] - ETA: 0s - loss: 0.0028 - acc: 1.0000
 360/1459 [======>.......................] - ETA: 0s - loss: 0.0100 - acc: 1.0000
 670/1459 [============>.................] - ETA: 0s - loss: 0.0100 - acc: 0.9985
 940/1459 [==================>...........] - ETA: 0s - loss: 0.0136 - acc: 0.9968
1280/1459 [=========================>....] - ETA: 0s - loss: 0.0166 - acc: 0.9961
1459/1459 [==============================] - 0s 162us/step - loss: 0.0162 - acc: 0.9966 - val_loss: 0.0818 - val_acc: 0.9755
Epoch 5/30

  10/1459 [..............................] - ETA: 0s - loss: 0.0027 - acc: 1.0000
 370/1459 [======>.......................] - ETA: 0s - loss: 0.0127 - acc: 0.9973
 700/1459 [=============>................] - ETA: 0s - loss: 0.0130 - acc: 0.9957
1020/1459 [===================>..........] - ETA: 0s - loss: 0.0110 - acc: 0.9971
1370/1459 [===========================>..] - ETA: 0s - loss: 0.0094 - acc: 0.9978
1459/1459 [==============================] - 0s 154us/step - loss: 0.0092 - acc: 0.9979 - val_loss: 0.0870 - val_acc: 0.9693
Epoch 6/30

  10/1459 [..............................] - ETA: 0s - loss: 0.0037 - acc: 1.0000
 350/1459 [======>.......................] - ETA: 0s - loss: 0.0033 - acc: 1.0000
 700/1459 [=============>................] - ETA: 0s - loss: 0.0038 - acc: 1.0000
1000/1459 [===================>..........] - ETA: 0s - loss: 0.0038 - acc: 1.0000
1320/1459 [==========================>...] - ETA: 0s - loss: 0.0046 - acc: 0.9992
1459/1459 [==============================] - 0s 159us/step - loss: 0.0047 - acc: 0.9993 - val_loss: 0.0874 - val_acc: 0.9693
acc: 97.55%
Train on 1459 samples, validate on 163 samples
Epoch 1/30

  10/1459 [..............................] - ETA: 1:36 - loss: 0.7279 - acc: 0.5000
 360/1459 [======>.......................] - ETA: 2s - loss: 0.4754 - acc: 0.7944  
 710/1459 [=============>................] - ETA: 0s - loss: 0.3283 - acc: 0.8761
1060/1459 [====================>.........] - ETA: 0s - loss: 0.2552 - acc: 0.9113
1360/1459 [==========================>...] - ETA: 0s - loss: 0.2212 - acc: 0.9228
1459/1459 [==============================] - 1s 662us/step - loss: 0.2159 - acc: 0.9239 - val_loss: 0.1006 - val_acc: 0.9693
Epoch 2/30

  10/1459 [..............................] - ETA: 0s - loss: 0.0472 - acc: 1.0000
 340/1459 [=====>........................] - ETA: 0s - loss: 0.0597 - acc: 0.9853
 640/1459 [============>.................] - ETA: 0s - loss: 0.0610 - acc: 0.9828
 990/1459 [===================>..........] - ETA: 0s - loss: 0.0540 - acc: 0.9859
1340/1459 [==========================>...] - ETA: 0s - loss: 0.0525 - acc: 0.9873
1459/1459 [==============================] - 0s 157us/step - loss: 0.0531 - acc: 0.9863 - val_loss: 0.0910 - val_acc: 0.9755
Epoch 3/30

  10/1459 [..............................] - ETA: 0s - loss: 0.0351 - acc: 1.0000
 370/1459 [======>.......................] - ETA: 0s - loss: 0.0352 - acc: 0.9946
 730/1459 [==============>...............] - ETA: 0s - loss: 0.0267 - acc: 0.9959
1050/1459 [====================>.........] - ETA: 0s - loss: 0.0271 - acc: 0.9952
1400/1459 [===========================>..] - ETA: 0s - loss: 0.0253 - acc: 0.9957
1459/1459 [==============================] - 0s 151us/step - loss: 0.0248 - acc: 0.9959 - val_loss: 0.0816 - val_acc: 0.9755
Epoch 4/30

  10/1459 [..............................] - ETA: 0s - loss: 0.0174 - acc: 1.0000
 370/1459 [======>.......................] - ETA: 0s - loss: 0.0080 - acc: 1.0000
 720/1459 [=============>................] - ETA: 0s - loss: 0.0116 - acc: 0.9986
1020/1459 [===================>..........] - ETA: 0s - loss: 0.0126 - acc: 0.9990
1360/1459 [==========================>...] - ETA: 0s - loss: 0.0144 - acc: 0.9985
1459/1459 [==============================] - 0s 155us/step - loss: 0.0142 - acc: 0.9986 - val_loss: 0.0777 - val_acc: 0.9755
acc: 97.55%
Train on 1460 samples, validate on 162 samples
Epoch 1/30

  10/1460 [..............................] - ETA: 1:43 - loss: 0.6983 - acc: 0.5000
 310/1460 [=====>........................] - ETA: 2s - loss: 0.5430 - acc: 0.7419  
 650/1460 [============>.................] - ETA: 1s - loss: 0.3887 - acc: 0.8538
1020/1460 [===================>..........] - ETA: 0s - loss: 0.2935 - acc: 0.8980
1390/1460 [===========================>..] - ETA: 0s - loss: 0.2478 - acc: 0.9129
1460/1460 [==============================] - 1s 702us/step - loss: 0.2405 - acc: 0.9151 - val_loss: 0.0953 - val_acc: 0.9691
Epoch 2/30

  10/1460 [..............................] - ETA: 0s - loss: 0.1222 - acc: 0.9000
 360/1460 [======>.......................] - ETA: 0s - loss: 0.0553 - acc: 0.9889
 730/1460 [==============>...............] - ETA: 0s - loss: 0.0605 - acc: 0.9836
1080/1460 [=====================>........] - ETA: 0s - loss: 0.0570 - acc: 0.9843
1390/1460 [===========================>..] - ETA: 0s - loss: 0.0623 - acc: 0.9827
1460/1460 [==============================] - 0s 152us/step - loss: 0.0612 - acc: 0.9829 - val_loss: 0.0643 - val_acc: 0.9753
Epoch 3/30

  10/1460 [..............................] - ETA: 0s - loss: 0.0128 - acc: 1.0000
 370/1460 [======>.......................] - ETA: 0s - loss: 0.0256 - acc: 1.0000
 720/1460 [=============>................] - ETA: 0s - loss: 0.0245 - acc: 0.9986
1070/1460 [====================>.........] - ETA: 0s - loss: 0.0274 - acc: 0.9953
1370/1460 [===========================>..] - ETA: 0s - loss: 0.0312 - acc: 0.9942
1460/1460 [==============================] - 0s 156us/step - loss: 0.0302 - acc: 0.9945 - val_loss: 0.0527 - val_acc: 0.9877
Epoch 4/30

  10/1460 [..............................] - ETA: 0s - loss: 0.0393 - acc: 1.0000
 330/1460 [=====>........................] - ETA: 0s - loss: 0.0191 - acc: 0.9970
 670/1460 [============>.................] - ETA: 0s - loss: 0.0150 - acc: 0.9985
1020/1460 [===================>..........] - ETA: 0s - loss: 0.0150 - acc: 0.9980
1350/1460 [==========================>...] - ETA: 0s - loss: 0.0155 - acc: 0.9978
1460/1460 [==============================] - 0s 158us/step - loss: 0.0152 - acc: 0.9979 - val_loss: 0.0364 - val_acc: 0.9815
Epoch 5/30

  10/1460 [..............................] - ETA: 0s - loss: 0.0018 - acc: 1.0000
 370/1460 [======>.......................] - ETA: 0s - loss: 0.0068 - acc: 1.0000
 710/1460 [=============>................] - ETA: 0s - loss: 0.0062 - acc: 1.0000
1050/1460 [====================>.........] - ETA: 0s - loss: 0.0060 - acc: 1.0000
1400/1460 [===========================>..] - ETA: 0s - loss: 0.0072 - acc: 0.9993
1460/1460 [==============================] - 0s 153us/step - loss: 0.0082 - acc: 0.9986 - val_loss: 0.0371 - val_acc: 0.9877
Epoch 6/30

  10/1460 [..............................] - ETA: 0s - loss: 0.0055 - acc: 1.0000
 270/1460 [====>.........................] - ETA: 0s - loss: 0.0095 - acc: 1.0000
 610/1460 [===========>..................] - ETA: 0s - loss: 0.0071 - acc: 1.0000
 940/1460 [==================>...........] - ETA: 0s - loss: 0.0085 - acc: 0.9989
1280/1460 [=========================>....] - ETA: 0s - loss: 0.0085 - acc: 0.9984
1460/1460 [==============================] - 0s 164us/step - loss: 0.0082 - acc: 0.9986 - val_loss: 0.0341 - val_acc: 0.9815
Epoch 7/30

  10/1460 [..............................] - ETA: 0s - loss: 0.0035 - acc: 1.0000
 350/1460 [======>.......................] - ETA: 0s - loss: 0.0028 - acc: 1.0000
 700/1460 [=============>................] - ETA: 0s - loss: 0.0033 - acc: 1.0000
1060/1460 [====================>.........] - ETA: 0s - loss: 0.0037 - acc: 1.0000
1410/1460 [===========================>..] - ETA: 0s - loss: 0.0035 - acc: 1.0000
1460/1460 [==============================] - 0s 149us/step - loss: 0.0043 - acc: 0.9993 - val_loss: 0.0314 - val_acc: 0.9815
acc: 98.77%
Train on 1460 samples, validate on 162 samples
Epoch 1/30

  10/1460 [..............................] - ETA: 2:03 - loss: 0.6778 - acc: 0.7000
 360/1460 [======>.......................] - ETA: 2s - loss: 0.4756 - acc: 0.8028  
 620/1460 [===========>..................] - ETA: 1s - loss: 0.3568 - acc: 0.8677
 840/1460 [================>.............] - ETA: 0s - loss: 0.2955 - acc: 0.8952
1140/1460 [======================>.......] - ETA: 0s - loss: 0.2429 - acc: 0.9158
1420/1460 [============================>.] - ETA: 0s - loss: 0.2178 - acc: 0.9239
1460/1460 [==============================] - 1s 830us/step - loss: 0.2141 - acc: 0.9253 - val_loss: 0.0865 - val_acc: 0.9753
Epoch 2/30

  10/1460 [..............................] - ETA: 0s - loss: 0.0219 - acc: 1.0000
 350/1460 [======>.......................] - ETA: 0s - loss: 0.0575 - acc: 0.9886
 670/1460 [============>.................] - ETA: 0s - loss: 0.0639 - acc: 0.9806
1030/1460 [====================>.........] - ETA: 0s - loss: 0.0614 - acc: 0.9825
1400/1460 [===========================>..] - ETA: 0s - loss: 0.0586 - acc: 0.9821
1460/1460 [==============================] - 0s 151us/step - loss: 0.0603 - acc: 0.9808 - val_loss: 0.0697 - val_acc: 0.9753
Epoch 3/30

  10/1460 [..............................] - ETA: 0s - loss: 0.0495 - acc: 1.0000
 380/1460 [======>.......................] - ETA: 0s - loss: 0.0344 - acc: 0.9974
 690/1460 [=============>................] - ETA: 0s - loss: 0.0364 - acc: 0.9942
 970/1460 [==================>...........] - ETA: 0s - loss: 0.0319 - acc: 0.9959
1280/1460 [=========================>....] - ETA: 0s - loss: 0.0276 - acc: 0.9969
1460/1460 [==============================] - 0s 166us/step - loss: 0.0296 - acc: 0.9966 - val_loss: 0.0586 - val_acc: 0.9753
acc: 97.53%
Train on 1460 samples, validate on 162 samples
Epoch 1/30

  10/1460 [..............................] - ETA: 2:12 - loss: 0.6870 - acc: 0.5000
 280/1460 [====>.........................] - ETA: 4s - loss: 0.5309 - acc: 0.7536  
 600/1460 [===========>..................] - ETA: 1s - loss: 0.3745 - acc: 0.8633
 860/1460 [================>.............] - ETA: 0s - loss: 0.2965 - acc: 0.8965
1130/1460 [======================>.......] - ETA: 0s - loss: 0.2540 - acc: 0.9115
1410/1460 [===========================>..] - ETA: 0s - loss: 0.2289 - acc: 0.9213
1460/1460 [==============================] - 1s 891us/step - loss: 0.2238 - acc: 0.9233 - val_loss: 0.0874 - val_acc: 0.9753
Epoch 2/30

  10/1460 [..............................] - ETA: 0s - loss: 0.1476 - acc: 0.9000
 340/1460 [=====>........................] - ETA: 0s - loss: 0.0596 - acc: 0.9853
 650/1460 [============>.................] - ETA: 0s - loss: 0.0582 - acc: 0.9846
 980/1460 [===================>..........] - ETA: 0s - loss: 0.0607 - acc: 0.9816
1270/1460 [=========================>....] - ETA: 0s - loss: 0.0588 - acc: 0.9827
1460/1460 [==============================] - 0s 170us/step - loss: 0.0584 - acc: 0.9836 - val_loss: 0.0447 - val_acc: 0.9815
Epoch 3/30

  10/1460 [..............................] - ETA: 0s - loss: 0.0098 - acc: 1.0000
 340/1460 [=====>........................] - ETA: 0s - loss: 0.0207 - acc: 0.9971
 690/1460 [=============>................] - ETA: 0s - loss: 0.0223 - acc: 0.9971
1040/1460 [====================>.........] - ETA: 0s - loss: 0.0204 - acc: 0.9981
1360/1460 [==========================>...] - ETA: 0s - loss: 0.0229 - acc: 0.9963
1460/1460 [==============================] - 0s 156us/step - loss: 0.0280 - acc: 0.9952 - val_loss: 0.0547 - val_acc: 0.9753
Epoch 4/30

  10/1460 [..............................] - ETA: 0s - loss: 0.0059 - acc: 1.0000
 360/1460 [======>.......................] - ETA: 0s - loss: 0.0213 - acc: 0.9944
 710/1460 [=============>................] - ETA: 0s - loss: 0.0190 - acc: 0.9958
1070/1460 [====================>.........] - ETA: 0s - loss: 0.0158 - acc: 0.9972
1400/1460 [===========================>..] - ETA: 0s - loss: 0.0140 - acc: 0.9979
1460/1460 [==============================] - 0s 154us/step - loss: 0.0138 - acc: 0.9979 - val_loss: 0.0406 - val_acc: 0.9877
Epoch 5/30

  10/1460 [..............................] - ETA: 0s - loss: 0.0075 - acc: 1.0000
 320/1460 [=====>........................] - ETA: 0s - loss: 0.0121 - acc: 0.9969
 620/1460 [===========>..................] - ETA: 0s - loss: 0.0096 - acc: 0.9984
 920/1460 [=================>............] - ETA: 0s - loss: 0.0089 - acc: 0.9978
1210/1460 [=======================>......] - ETA: 0s - loss: 0.0107 - acc: 0.9959
1460/1460 [==============================] - 0s 176us/step - loss: 0.0100 - acc: 0.9966 - val_loss: 0.0439 - val_acc: 0.9877
Epoch 6/30

  10/1460 [..............................] - ETA: 0s - loss: 0.0083 - acc: 1.0000
 310/1460 [=====>........................] - ETA: 0s - loss: 0.0070 - acc: 1.0000
 640/1460 [============>.................] - ETA: 0s - loss: 0.0064 - acc: 1.0000
 970/1460 [==================>...........] - ETA: 0s - loss: 0.0058 - acc: 1.0000
1290/1460 [=========================>....] - ETA: 0s - loss: 0.0057 - acc: 1.0000
1460/1460 [==============================] - 0s 167us/step - loss: 0.0058 - acc: 1.0000 - val_loss: 0.0456 - val_acc: 0.9877
acc: 98.77%
Train on 1460 samples, validate on 162 samples
Epoch 1/30

  10/1460 [..............................] - ETA: 2:25 - loss: 0.7696 - acc: 0.2000
 350/1460 [======>.......................] - ETA: 3s - loss: 0.5441 - acc: 0.6943  
 700/1460 [=============>................] - ETA: 1s - loss: 0.3851 - acc: 0.8300
1040/1460 [====================>.........] - ETA: 0s - loss: 0.2928 - acc: 0.8798
1400/1460 [===========================>..] - ETA: 0s - loss: 0.2403 - acc: 0.9036
1460/1460 [==============================] - 1s 918us/step - loss: 0.2335 - acc: 0.9062 - val_loss: 0.0874 - val_acc: 0.9815
Epoch 2/30

  10/1460 [..............................] - ETA: 0s - loss: 0.0317 - acc: 1.0000
 330/1460 [=====>........................] - ETA: 0s - loss: 0.0776 - acc: 0.9697
 550/1460 [==========>...................] - ETA: 0s - loss: 0.0657 - acc: 0.9782
 900/1460 [=================>............] - ETA: 0s - loss: 0.0669 - acc: 0.9778
1240/1460 [========================>.....] - ETA: 0s - loss: 0.0658 - acc: 0.9798
1460/1460 [==============================] - 0s 168us/step - loss: 0.0611 - acc: 0.9822 - val_loss: 0.0843 - val_acc: 0.9815
Epoch 3/30

  10/1460 [..............................] - ETA: 0s - loss: 0.0169 - acc: 1.0000
 350/1460 [======>.......................] - ETA: 0s - loss: 0.0242 - acc: 0.9971
 600/1460 [===========>..................] - ETA: 0s - loss: 0.0328 - acc: 0.9933
 930/1460 [==================>...........] - ETA: 0s - loss: 0.0319 - acc: 0.9946
1280/1460 [=========================>....] - ETA: 0s - loss: 0.0301 - acc: 0.9945
1460/1460 [==============================] - 0s 162us/step - loss: 0.0282 - acc: 0.9952 - val_loss: 0.0816 - val_acc: 0.9877
Epoch 4/30

  10/1460 [..............................] - ETA: 0s - loss: 0.0090 - acc: 1.0000
 370/1460 [======>.......................] - ETA: 0s - loss: 0.0081 - acc: 1.0000
 700/1460 [=============>................] - ETA: 0s - loss: 0.0118 - acc: 0.9986
1050/1460 [====================>.........] - ETA: 0s - loss: 0.0112 - acc: 0.9990
1410/1460 [===========================>..] - ETA: 0s - loss: 0.0107 - acc: 0.9993
1460/1460 [==============================] - 0s 150us/step - loss: 0.0106 - acc: 0.9993 - val_loss: 0.0814 - val_acc: 0.9815
Epoch 5/30

  10/1460 [..............................] - ETA: 0s - loss: 0.0039 - acc: 1.0000
 360/1460 [======>.......................] - ETA: 0s - loss: 0.0046 - acc: 1.0000
 690/1460 [=============>................] - ETA: 0s - loss: 0.0042 - acc: 1.0000
 980/1460 [===================>..........] - ETA: 0s - loss: 0.0044 - acc: 1.0000
1300/1460 [=========================>....] - ETA: 0s - loss: 0.0046 - acc: 1.0000
1460/1460 [==============================] - 0s 161us/step - loss: 0.0055 - acc: 0.9993 - val_loss: 0.0854 - val_acc: 0.9877
acc: 98.77%
Train on 1460 samples, validate on 162 samples
Epoch 1/30

  10/1460 [..............................] - ETA: 2:40 - loss: 0.7144 - acc: 0.5000
 360/1460 [======>.......................] - ETA: 3s - loss: 0.5092 - acc: 0.7722  
 670/1460 [============>.................] - ETA: 1s - loss: 0.3728 - acc: 0.8552
1000/1460 [===================>..........] - ETA: 0s - loss: 0.3021 - acc: 0.8860
1350/1460 [==========================>...] - ETA: 0s - loss: 0.2549 - acc: 0.9022
1460/1460 [==============================] - 1s 1ms/step - loss: 0.2456 - acc: 0.9062 - val_loss: 0.1187 - val_acc: 0.9691
Epoch 2/30

  10/1460 [..............................] - ETA: 0s - loss: 0.0511 - acc: 1.0000
 310/1460 [=====>........................] - ETA: 0s - loss: 0.0868 - acc: 0.9742
 640/1460 [============>.................] - ETA: 0s - loss: 0.0856 - acc: 0.9734
 960/1460 [==================>...........] - ETA: 0s - loss: 0.0697 - acc: 0.9812
1300/1460 [=========================>....] - ETA: 0s - loss: 0.0636 - acc: 0.9808
1460/1460 [==============================] - 0s 163us/step - loss: 0.0594 - acc: 0.9829 - val_loss: 0.0721 - val_acc: 0.9753
Epoch 3/30

  10/1460 [..............................] - ETA: 0s - loss: 0.0176 - acc: 1.0000
 360/1460 [======>.......................] - ETA: 0s - loss: 0.0266 - acc: 0.9917
 700/1460 [=============>................] - ETA: 0s - loss: 0.0299 - acc: 0.9914
1020/1460 [===================>..........] - ETA: 0s - loss: 0.0292 - acc: 0.9931
1320/1460 [==========================>...] - ETA: 0s - loss: 0.0286 - acc: 0.9939
1460/1460 [==============================] - 0s 161us/step - loss: 0.0284 - acc: 0.9938 - val_loss: 0.0749 - val_acc: 0.9815
Epoch 4/30

  10/1460 [..............................] - ETA: 0s - loss: 0.1922 - acc: 0.9000
 360/1460 [======>.......................] - ETA: 0s - loss: 0.0227 - acc: 0.9944
 700/1460 [=============>................] - ETA: 0s - loss: 0.0156 - acc: 0.9971
1030/1460 [====================>.........] - ETA: 0s - loss: 0.0199 - acc: 0.9951
1360/1460 [==========================>...] - ETA: 0s - loss: 0.0191 - acc: 0.9956
1460/1460 [==============================] - 0s 156us/step - loss: 0.0186 - acc: 0.9959 - val_loss: 0.0589 - val_acc: 0.9815
Epoch 5/30

  10/1460 [..............................] - ETA: 0s - loss: 0.0109 - acc: 1.0000
 360/1460 [======>.......................] - ETA: 0s - loss: 0.0105 - acc: 0.9972
 700/1460 [=============>................] - ETA: 0s - loss: 0.0134 - acc: 0.9957
1040/1460 [====================>.........] - ETA: 0s - loss: 0.0113 - acc: 0.9971
1330/1460 [==========================>...] - ETA: 0s - loss: 0.0100 - acc: 0.9977
1460/1460 [==============================] - 0s 160us/step - loss: 0.0095 - acc: 0.9979 - val_loss: 0.0542 - val_acc: 0.9877
Epoch 6/30

  10/1460 [..............................] - ETA: 0s - loss: 9.5965e-04 - acc: 1.0000
 360/1460 [======>.......................] - ETA: 0s - loss: 0.0034 - acc: 1.0000    
 710/1460 [=============>................] - ETA: 0s - loss: 0.0041 - acc: 1.0000
1070/1460 [====================>.........] - ETA: 0s - loss: 0.0056 - acc: 0.9991
1380/1460 [===========================>..] - ETA: 0s - loss: 0.0059 - acc: 0.9993
1460/1460 [==============================] - 0s 154us/step - loss: 0.0059 - acc: 0.9993 - val_loss: 0.0536 - val_acc: 0.9938
Epoch 7/30

  10/1460 [..............................] - ETA: 0s - loss: 0.0015 - acc: 1.0000
 360/1460 [======>.......................] - ETA: 0s - loss: 0.0067 - acc: 0.9972
 690/1460 [=============>................] - ETA: 0s - loss: 0.0053 - acc: 0.9986
1020/1460 [===================>..........] - ETA: 0s - loss: 0.0046 - acc: 0.9990
1360/1460 [==========================>...] - ETA: 0s - loss: 0.0047 - acc: 0.9985
1460/1460 [==============================] - 0s 160us/step - loss: 0.0045 - acc: 0.9986 - val_loss: 0.0576 - val_acc: 0.9938
Epoch 8/30

  10/1460 [..............................] - ETA: 0s - loss: 7.9388e-04 - acc: 1.0000
 310/1460 [=====>........................] - ETA: 0s - loss: 0.0021 - acc: 1.0000    
 620/1460 [===========>..................] - ETA: 0s - loss: 0.0031 - acc: 1.0000
 930/1460 [==================>...........] - ETA: 0s - loss: 0.0030 - acc: 1.0000
1220/1460 [========================>.....] - ETA: 0s - loss: 0.0028 - acc: 1.0000
1460/1460 [==============================] - 0s 175us/step - loss: 0.0030 - acc: 1.0000 - val_loss: 0.0576 - val_acc: 0.9877
acc: 99.38%
Train on 1460 samples, validate on 162 samples
Epoch 1/30

  10/1460 [..............................] - ETA: 2:54 - loss: 0.6613 - acc: 0.6000
 350/1460 [======>.......................] - ETA: 3s - loss: 0.5027 - acc: 0.7686  
 690/1460 [=============>................] - ETA: 1s - loss: 0.3579 - acc: 0.8580
1030/1460 [====================>.........] - ETA: 0s - loss: 0.2786 - acc: 0.8971
1310/1460 [=========================>....] - ETA: 0s - loss: 0.2403 - acc: 0.9122
1460/1460 [==============================] - 2s 1ms/step - loss: 0.2269 - acc: 0.9178 - val_loss: 0.0848 - val_acc: 0.9753
Epoch 2/30

  10/1460 [..............................] - ETA: 0s - loss: 0.0437 - acc: 1.0000
 340/1460 [=====>........................] - ETA: 0s - loss: 0.0495 - acc: 0.9941
 690/1460 [=============>................] - ETA: 0s - loss: 0.0473 - acc: 0.9913
1040/1460 [====================>.........] - ETA: 0s - loss: 0.0485 - acc: 0.9904
1320/1460 [==========================>...] - ETA: 0s - loss: 0.0570 - acc: 0.9886
1460/1460 [==============================] - 0s 162us/step - loss: 0.0580 - acc: 0.9863 - val_loss: 0.0727 - val_acc: 0.9753
Epoch 3/30

  10/1460 [..............................] - ETA: 0s - loss: 0.0122 - acc: 1.0000
 350/1460 [======>.......................] - ETA: 0s - loss: 0.0442 - acc: 0.9886
 690/1460 [=============>................] - ETA: 0s - loss: 0.0363 - acc: 0.9928
1030/1460 [====================>.........] - ETA: 0s - loss: 0.0324 - acc: 0.9922
1330/1460 [==========================>...] - ETA: 0s - loss: 0.0328 - acc: 0.9925
1460/1460 [==============================] - 0s 159us/step - loss: 0.0336 - acc: 0.9925 - val_loss: 0.0568 - val_acc: 0.9691
acc: 97.53%
Train on 1461 samples, validate on 161 samples
Epoch 1/30

  10/1461 [..............................] - ETA: 3:17 - loss: 0.7406 - acc: 0.5000
 330/1461 [=====>........................] - ETA: 4s - loss: 0.5615 - acc: 0.7606  
 620/1461 [===========>..................] - ETA: 1s - loss: 0.4080 - acc: 0.8581
 950/1461 [==================>...........] - ETA: 0s - loss: 0.3176 - acc: 0.8947
1280/1461 [=========================>....] - ETA: 0s - loss: 0.2610 - acc: 0.9133
1461/1461 [==============================] - 2s 1ms/step - loss: 0.2472 - acc: 0.9185 - val_loss: 0.0740 - val_acc: 0.9876
Epoch 2/30

  10/1461 [..............................] - ETA: 0s - loss: 0.0802 - acc: 1.0000
 330/1461 [=====>........................] - ETA: 0s - loss: 0.0710 - acc: 0.9848
 640/1461 [============>.................] - ETA: 0s - loss: 0.0596 - acc: 0.9875
 990/1461 [===================>..........] - ETA: 0s - loss: 0.0619 - acc: 0.9848
1320/1461 [==========================>...] - ETA: 0s - loss: 0.0610 - acc: 0.9833
1461/1461 [==============================] - 0s 162us/step - loss: 0.0617 - acc: 0.9836 - val_loss: 0.0536 - val_acc: 0.9814
Epoch 3/30

  10/1461 [..............................] - ETA: 0s - loss: 0.0616 - acc: 1.0000
 340/1461 [=====>........................] - ETA: 0s - loss: 0.0331 - acc: 0.9941
 630/1461 [===========>..................] - ETA: 0s - loss: 0.0334 - acc: 0.9937
 960/1461 [==================>...........] - ETA: 0s - loss: 0.0338 - acc: 0.9917
1290/1461 [=========================>....] - ETA: 0s - loss: 0.0333 - acc: 0.9915
1461/1461 [==============================] - 0s 166us/step - loss: 0.0351 - acc: 0.9904 - val_loss: 0.0605 - val_acc: 0.9814
acc: 98.76%
Accuracy: 98.15% (+/- 0.77%)
