Train on 1459 samples, validate on 163 samples
Epoch 1/30

  50/1459 [>.............................] - ETA: 13s - loss: 0.6953 - acc: 0.5000
1459/1459 [==============================] - 1s 409us/step - loss: 0.3072 - acc: 0.8986 - val_loss: 0.1329 - val_acc: 0.9387
Epoch 2/30

  50/1459 [>.............................] - ETA: 0s - loss: 0.1306 - acc: 0.9600
1459/1459 [==============================] - 0s 34us/step - loss: 0.0665 - acc: 0.9808 - val_loss: 0.1113 - val_acc: 0.9571
Epoch 3/30

  50/1459 [>.............................] - ETA: 0s - loss: 0.0614 - acc: 0.9800
1459/1459 [==============================] - 0s 35us/step - loss: 0.0358 - acc: 0.9931 - val_loss: 0.0974 - val_acc: 0.9693
Epoch 4/30

  50/1459 [>.............................] - ETA: 0s - loss: 0.0218 - acc: 1.0000
1459/1459 [==============================] - 0s 35us/step - loss: 0.0192 - acc: 0.9979 - val_loss: 0.0922 - val_acc: 0.9693
Epoch 5/30

  50/1459 [>.............................] - ETA: 0s - loss: 0.0117 - acc: 1.0000
1459/1459 [==============================] - 0s 35us/step - loss: 0.0119 - acc: 0.9986 - val_loss: 0.0956 - val_acc: 0.9632
Epoch 6/30

  50/1459 [>.............................] - ETA: 0s - loss: 0.0105 - acc: 1.0000
1459/1459 [==============================] - 0s 34us/step - loss: 0.0085 - acc: 0.9993 - val_loss: 0.1021 - val_acc: 0.9632
Epoch 7/30

  50/1459 [>.............................] - ETA: 0s - loss: 0.0035 - acc: 1.0000
1459/1459 [==============================] - 0s 36us/step - loss: 0.0061 - acc: 0.9986 - val_loss: 0.1036 - val_acc: 0.9571
Epoch 8/30

  50/1459 [>.............................] - ETA: 0s - loss: 0.0036 - acc: 1.0000
1459/1459 [==============================] - 0s 34us/step - loss: 0.0043 - acc: 1.0000 - val_loss: 0.1072 - val_acc: 0.9571
Epoch 9/30

  50/1459 [>.............................] - ETA: 0s - loss: 0.0033 - acc: 1.0000
1459/1459 [==============================] - 0s 37us/step - loss: 0.0039 - acc: 0.9993 - val_loss: 0.1049 - val_acc: 0.9632
Epoch 10/30

  50/1459 [>.............................] - ETA: 0s - loss: 0.0023 - acc: 1.0000
1450/1459 [============================>.] - ETA: 0s - loss: 0.0029 - acc: 1.0000
1459/1459 [==============================] - 0s 38us/step - loss: 0.0029 - acc: 1.0000 - val_loss: 0.1060 - val_acc: 0.9632
Epoch 11/30

  50/1459 [>.............................] - ETA: 0s - loss: 8.3604e-04 - acc: 1.0000
1459/1459 [==============================] - 0s 37us/step - loss: 0.0025 - acc: 1.0000 - val_loss: 0.1074 - val_acc: 0.9632
Epoch 12/30

  50/1459 [>.............................] - ETA: 0s - loss: 0.0013 - acc: 1.0000
1459/1459 [==============================] - 0s 36us/step - loss: 0.0020 - acc: 1.0000 - val_loss: 0.1096 - val_acc: 0.9632
Epoch 13/30

  50/1459 [>.............................] - ETA: 0s - loss: 6.0469e-04 - acc: 1.0000
1250/1459 [========================>.....] - ETA: 0s - loss: 0.0019 - acc: 1.0000    
1459/1459 [==============================] - 0s 45us/step - loss: 0.0018 - acc: 1.0000 - val_loss: 0.1109 - val_acc: 0.9632
Epoch 14/30

  50/1459 [>.............................] - ETA: 0s - loss: 0.0014 - acc: 1.0000
1250/1459 [========================>.....] - ETA: 0s - loss: 0.0016 - acc: 1.0000
1459/1459 [==============================] - 0s 46us/step - loss: 0.0015 - acc: 1.0000 - val_loss: 0.1098 - val_acc: 0.9571
Epoch 15/30

  50/1459 [>.............................] - ETA: 0s - loss: 9.0312e-04 - acc: 1.0000
1400/1459 [===========================>..] - ETA: 0s - loss: 0.0013 - acc: 1.0000    
1459/1459 [==============================] - 0s 40us/step - loss: 0.0014 - acc: 1.0000 - val_loss: 0.1098 - val_acc: 0.9632
Epoch 16/30

  50/1459 [>.............................] - ETA: 0s - loss: 0.0020 - acc: 1.0000
1459/1459 [==============================] - 0s 37us/step - loss: 0.0012 - acc: 1.0000 - val_loss: 0.1127 - val_acc: 0.9632
Epoch 17/30

  50/1459 [>.............................] - ETA: 0s - loss: 0.0015 - acc: 1.0000
1450/1459 [============================>.] - ETA: 0s - loss: 0.0011 - acc: 1.0000
1459/1459 [==============================] - 0s 39us/step - loss: 0.0011 - acc: 1.0000 - val_loss: 0.1102 - val_acc: 0.9632
Epoch 18/30

  50/1459 [>.............................] - ETA: 0s - loss: 6.6527e-04 - acc: 1.0000
1400/1459 [===========================>..] - ETA: 0s - loss: 0.0010 - acc: 1.0000    
1459/1459 [==============================] - 0s 40us/step - loss: 9.8735e-04 - acc: 1.0000 - val_loss: 0.1123 - val_acc: 0.9632
Epoch 19/30

  50/1459 [>.............................] - ETA: 0s - loss: 4.3102e-04 - acc: 1.0000
1400/1459 [===========================>..] - ETA: 0s - loss: 9.0932e-04 - acc: 1.0000
1459/1459 [==============================] - 0s 41us/step - loss: 9.0263e-04 - acc: 1.0000 - val_loss: 0.1132 - val_acc: 0.9632
acc: 96.93%
Train on 1459 samples, validate on 163 samples
Epoch 1/30

  50/1459 [>.............................] - ETA: 15s - loss: 0.6945 - acc: 0.5200
1459/1459 [==============================] - 1s 458us/step - loss: 0.2773 - acc: 0.9027 - val_loss: 0.1332 - val_acc: 0.9632
Epoch 2/30

  50/1459 [>.............................] - ETA: 0s - loss: 0.0483 - acc: 1.0000
1459/1459 [==============================] - 0s 38us/step - loss: 0.0635 - acc: 0.9849 - val_loss: 0.1010 - val_acc: 0.9632
Epoch 3/30

  50/1459 [>.............................] - ETA: 0s - loss: 0.0261 - acc: 1.0000
1459/1459 [==============================] - 0s 36us/step - loss: 0.0309 - acc: 0.9959 - val_loss: 0.0841 - val_acc: 0.9693
Epoch 4/30

  50/1459 [>.............................] - ETA: 0s - loss: 0.0178 - acc: 1.0000
1450/1459 [============================>.] - ETA: 0s - loss: 0.0209 - acc: 0.9959
1459/1459 [==============================] - 0s 38us/step - loss: 0.0208 - acc: 0.9959 - val_loss: 0.0768 - val_acc: 0.9693
Epoch 5/30

  50/1459 [>.............................] - ETA: 0s - loss: 0.0088 - acc: 1.0000
1450/1459 [============================>.] - ETA: 0s - loss: 0.0133 - acc: 0.9979
1459/1459 [==============================] - 0s 38us/step - loss: 0.0133 - acc: 0.9979 - val_loss: 0.0670 - val_acc: 0.9755
Epoch 6/30

  50/1459 [>.............................] - ETA: 0s - loss: 0.0125 - acc: 1.0000
1450/1459 [============================>.] - ETA: 0s - loss: 0.0090 - acc: 0.9979
1459/1459 [==============================] - 0s 38us/step - loss: 0.0089 - acc: 0.9979 - val_loss: 0.0683 - val_acc: 0.9755
Epoch 7/30

  50/1459 [>.............................] - ETA: 0s - loss: 0.0052 - acc: 1.0000
1400/1459 [===========================>..] - ETA: 0s - loss: 0.0061 - acc: 0.9993
1459/1459 [==============================] - 0s 39us/step - loss: 0.0061 - acc: 0.9993 - val_loss: 0.0721 - val_acc: 0.9755
Epoch 8/30

  50/1459 [>.............................] - ETA: 0s - loss: 0.0073 - acc: 1.0000
1400/1459 [===========================>..] - ETA: 0s - loss: 0.0043 - acc: 1.0000
1459/1459 [==============================] - 0s 40us/step - loss: 0.0043 - acc: 1.0000 - val_loss: 0.0720 - val_acc: 0.9755
Epoch 9/30

  50/1459 [>.............................] - ETA: 0s - loss: 0.0024 - acc: 1.0000
1400/1459 [===========================>..] - ETA: 0s - loss: 0.0035 - acc: 1.0000
1459/1459 [==============================] - 0s 42us/step - loss: 0.0034 - acc: 1.0000 - val_loss: 0.0750 - val_acc: 0.9693
Epoch 10/30

  50/1459 [>.............................] - ETA: 0s - loss: 0.0028 - acc: 1.0000
1350/1459 [==========================>...] - ETA: 0s - loss: 0.0026 - acc: 1.0000
1459/1459 [==============================] - 0s 41us/step - loss: 0.0027 - acc: 1.0000 - val_loss: 0.0763 - val_acc: 0.9693
Epoch 11/30

  50/1459 [>.............................] - ETA: 0s - loss: 0.0015 - acc: 1.0000
1400/1459 [===========================>..] - ETA: 0s - loss: 0.0023 - acc: 1.0000
1459/1459 [==============================] - 0s 41us/step - loss: 0.0023 - acc: 1.0000 - val_loss: 0.0745 - val_acc: 0.9693
Epoch 12/30

  50/1459 [>.............................] - ETA: 0s - loss: 0.0020 - acc: 1.0000
1400/1459 [===========================>..] - ETA: 0s - loss: 0.0020 - acc: 1.0000
1459/1459 [==============================] - 0s 40us/step - loss: 0.0020 - acc: 1.0000 - val_loss: 0.0773 - val_acc: 0.9693
Epoch 13/30

  50/1459 [>.............................] - ETA: 0s - loss: 0.0013 - acc: 1.0000
1350/1459 [==========================>...] - ETA: 0s - loss: 0.0018 - acc: 1.0000
1459/1459 [==============================] - 0s 41us/step - loss: 0.0017 - acc: 1.0000 - val_loss: 0.0776 - val_acc: 0.9693
Epoch 14/30

  50/1459 [>.............................] - ETA: 0s - loss: 0.0087 - acc: 1.0000
1459/1459 [==============================] - 0s 38us/step - loss: 0.0015 - acc: 1.0000 - val_loss: 0.0771 - val_acc: 0.9693
Epoch 15/30

  50/1459 [>.............................] - ETA: 0s - loss: 9.9504e-04 - acc: 1.0000
1450/1459 [============================>.] - ETA: 0s - loss: 0.0013 - acc: 1.0000    
1459/1459 [==============================] - 0s 39us/step - loss: 0.0013 - acc: 1.0000 - val_loss: 0.0776 - val_acc: 0.9693
Epoch 16/30

  50/1459 [>.............................] - ETA: 0s - loss: 8.5597e-04 - acc: 1.0000
1400/1459 [===========================>..] - ETA: 0s - loss: 0.0012 - acc: 1.0000    
1459/1459 [==============================] - 0s 41us/step - loss: 0.0012 - acc: 1.0000 - val_loss: 0.0782 - val_acc: 0.9693
Epoch 17/30

  50/1459 [>.............................] - ETA: 0s - loss: 6.1905e-04 - acc: 1.0000
1450/1459 [============================>.] - ETA: 0s - loss: 0.0011 - acc: 1.0000    
1459/1459 [==============================] - 0s 38us/step - loss: 0.0011 - acc: 1.0000 - val_loss: 0.0794 - val_acc: 0.9693
Epoch 18/30

  50/1459 [>.............................] - ETA: 0s - loss: 5.7689e-04 - acc: 1.0000
1400/1459 [===========================>..] - ETA: 0s - loss: 0.0010 - acc: 1.0000    
1459/1459 [==============================] - 0s 39us/step - loss: 0.0010 - acc: 1.0000 - val_loss: 0.0776 - val_acc: 0.9693
Epoch 19/30

  50/1459 [>.............................] - ETA: 0s - loss: 0.0060 - acc: 1.0000
1450/1459 [============================>.] - ETA: 0s - loss: 9.2891e-04 - acc: 1.0000
1459/1459 [==============================] - 0s 40us/step - loss: 9.2412e-04 - acc: 1.0000 - val_loss: 0.0799 - val_acc: 0.9693
Epoch 20/30

  50/1459 [>.............................] - ETA: 0s - loss: 4.2099e-04 - acc: 1.0000
1400/1459 [===========================>..] - ETA: 0s - loss: 8.6050e-04 - acc: 1.0000
1459/1459 [==============================] - 0s 41us/step - loss: 8.4469e-04 - acc: 1.0000 - val_loss: 0.0802 - val_acc: 0.9693
Epoch 21/30

  50/1459 [>.............................] - ETA: 0s - loss: 7.5679e-04 - acc: 1.0000
1400/1459 [===========================>..] - ETA: 0s - loss: 7.7415e-04 - acc: 1.0000
1459/1459 [==============================] - 0s 40us/step - loss: 7.6651e-04 - acc: 1.0000 - val_loss: 0.0810 - val_acc: 0.9693
acc: 97.55%
Train on 1459 samples, validate on 163 samples
Epoch 1/30

  50/1459 [>.............................] - ETA: 18s - loss: 0.6926 - acc: 0.4200
1459/1459 [==============================] - 1s 524us/step - loss: 0.3005 - acc: 0.8999 - val_loss: 0.1348 - val_acc: 0.9448
Epoch 2/30

  50/1459 [>.............................] - ETA: 0s - loss: 0.0562 - acc: 1.0000
1459/1459 [==============================] - 0s 35us/step - loss: 0.0711 - acc: 0.9801 - val_loss: 0.0955 - val_acc: 0.9693
Epoch 3/30

  50/1459 [>.............................] - ETA: 0s - loss: 0.0312 - acc: 1.0000
1459/1459 [==============================] - 0s 35us/step - loss: 0.0336 - acc: 0.9973 - val_loss: 0.0813 - val_acc: 0.9755
Epoch 4/30

  50/1459 [>.............................] - ETA: 0s - loss: 0.0101 - acc: 1.0000
1459/1459 [==============================] - 0s 35us/step - loss: 0.0207 - acc: 0.9973 - val_loss: 0.0665 - val_acc: 0.9877
Epoch 5/30

  50/1459 [>.............................] - ETA: 0s - loss: 0.0086 - acc: 1.0000
1459/1459 [==============================] - 0s 35us/step - loss: 0.0120 - acc: 0.9993 - val_loss: 0.0642 - val_acc: 0.9877
Epoch 6/30

  50/1459 [>.............................] - ETA: 0s - loss: 0.0121 - acc: 1.0000
1459/1459 [==============================] - 0s 35us/step - loss: 0.0116 - acc: 0.9993 - val_loss: 0.0711 - val_acc: 0.9755
Epoch 7/30

  50/1459 [>.............................] - ETA: 0s - loss: 0.0082 - acc: 1.0000
1459/1459 [==============================] - 0s 35us/step - loss: 0.0085 - acc: 0.9993 - val_loss: 0.0655 - val_acc: 0.9877
Epoch 8/30

  50/1459 [>.............................] - ETA: 0s - loss: 0.0050 - acc: 1.0000
1459/1459 [==============================] - 0s 35us/step - loss: 0.0055 - acc: 0.9993 - val_loss: 0.0696 - val_acc: 0.9877
Epoch 9/30

  50/1459 [>.............................] - ETA: 0s - loss: 0.0043 - acc: 1.0000
1450/1459 [============================>.] - ETA: 0s - loss: 0.0044 - acc: 0.9993
1459/1459 [==============================] - 0s 39us/step - loss: 0.0044 - acc: 0.9993 - val_loss: 0.0701 - val_acc: 0.9877
Epoch 10/30

  50/1459 [>.............................] - ETA: 0s - loss: 0.0032 - acc: 1.0000
1459/1459 [==============================] - 0s 37us/step - loss: 0.0037 - acc: 0.9993 - val_loss: 0.0702 - val_acc: 0.9877
Epoch 11/30

  50/1459 [>.............................] - ETA: 0s - loss: 0.0023 - acc: 1.0000
1459/1459 [==============================] - 0s 36us/step - loss: 0.0031 - acc: 0.9993 - val_loss: 0.0712 - val_acc: 0.9877
Epoch 12/30

  50/1459 [>.............................] - ETA: 0s - loss: 0.0014 - acc: 1.0000
1459/1459 [==============================] - 0s 37us/step - loss: 0.0027 - acc: 0.9993 - val_loss: 0.0718 - val_acc: 0.9877
Epoch 13/30

  50/1459 [>.............................] - ETA: 0s - loss: 0.0011 - acc: 1.0000
1459/1459 [==============================] - 0s 36us/step - loss: 0.0024 - acc: 0.9993 - val_loss: 0.0719 - val_acc: 0.9877
Epoch 14/30

  50/1459 [>.............................] - ETA: 0s - loss: 0.0014 - acc: 1.0000
1459/1459 [==============================] - 0s 35us/step - loss: 0.0022 - acc: 0.9993 - val_loss: 0.0712 - val_acc: 0.9877
Epoch 15/30

  50/1459 [>.............................] - ETA: 0s - loss: 0.0013 - acc: 1.0000
1459/1459 [==============================] - 0s 36us/step - loss: 0.0018 - acc: 1.0000 - val_loss: 0.0748 - val_acc: 0.9877
Epoch 16/30

  50/1459 [>.............................] - ETA: 0s - loss: 0.0014 - acc: 1.0000
1459/1459 [==============================] - 0s 37us/step - loss: 0.0014 - acc: 1.0000 - val_loss: 0.0757 - val_acc: 0.9877
Epoch 17/30

  50/1459 [>.............................] - ETA: 0s - loss: 0.0011 - acc: 1.0000
1459/1459 [==============================] - 0s 37us/step - loss: 0.0014 - acc: 1.0000 - val_loss: 0.0758 - val_acc: 0.9877
Epoch 18/30

  50/1459 [>.............................] - ETA: 0s - loss: 9.6267e-04 - acc: 1.0000
1459/1459 [==============================] - 0s 37us/step - loss: 0.0012 - acc: 1.0000 - val_loss: 0.0764 - val_acc: 0.9877
Epoch 19/30

  50/1459 [>.............................] - ETA: 0s - loss: 7.0891e-04 - acc: 1.0000
1459/1459 [==============================] - 0s 37us/step - loss: 0.0011 - acc: 1.0000 - val_loss: 0.0778 - val_acc: 0.9877
Epoch 20/30

  50/1459 [>.............................] - ETA: 0s - loss: 6.8906e-04 - acc: 1.0000
1450/1459 [============================>.] - ETA: 0s - loss: 8.9501e-04 - acc: 1.0000
1459/1459 [==============================] - 0s 38us/step - loss: 8.9444e-04 - acc: 1.0000 - val_loss: 0.0776 - val_acc: 0.9877
acc: 98.77%
Train on 1460 samples, validate on 162 samples
Epoch 1/30

  50/1460 [>.............................] - ETA: 21s - loss: 0.6632 - acc: 0.6400
1460/1460 [==============================] - 1s 630us/step - loss: 0.3078 - acc: 0.8973 - val_loss: 0.1236 - val_acc: 0.9568
Epoch 2/30

  50/1460 [>.............................] - ETA: 0s - loss: 0.0844 - acc: 0.9600
1460/1460 [==============================] - 0s 38us/step - loss: 0.0814 - acc: 0.9795 - val_loss: 0.0939 - val_acc: 0.9691
Epoch 3/30

  50/1460 [>.............................] - ETA: 0s - loss: 0.0267 - acc: 1.0000
1460/1460 [==============================] - 0s 37us/step - loss: 0.0420 - acc: 0.9911 - val_loss: 0.0755 - val_acc: 0.9691
Epoch 4/30

  50/1460 [>.............................] - ETA: 0s - loss: 0.0454 - acc: 0.9800
1460/1460 [==============================] - 0s 34us/step - loss: 0.0268 - acc: 0.9945 - val_loss: 0.0695 - val_acc: 0.9691
Epoch 5/30

  50/1460 [>.............................] - ETA: 0s - loss: 0.0076 - acc: 1.0000
1460/1460 [==============================] - 0s 35us/step - loss: 0.0181 - acc: 0.9966 - val_loss: 0.0658 - val_acc: 0.9753
Epoch 6/30

  50/1460 [>.............................] - ETA: 0s - loss: 0.0453 - acc: 0.9800
1460/1460 [==============================] - 0s 37us/step - loss: 0.0138 - acc: 0.9979 - val_loss: 0.0643 - val_acc: 0.9753
Epoch 7/30

  50/1460 [>.............................] - ETA: 0s - loss: 0.0160 - acc: 1.0000
1460/1460 [==============================] - 0s 35us/step - loss: 0.0094 - acc: 0.9986 - val_loss: 0.0666 - val_acc: 0.9753
Epoch 8/30

  50/1460 [>.............................] - ETA: 0s - loss: 0.0047 - acc: 1.0000
1460/1460 [==============================] - 0s 33us/step - loss: 0.0062 - acc: 0.9993 - val_loss: 0.0694 - val_acc: 0.9753
Epoch 9/30

  50/1460 [>.............................] - ETA: 0s - loss: 0.0023 - acc: 1.0000
1460/1460 [==============================] - 0s 35us/step - loss: 0.0044 - acc: 1.0000 - val_loss: 0.0675 - val_acc: 0.9691
Epoch 10/30

  50/1460 [>.............................] - ETA: 0s - loss: 0.0021 - acc: 1.0000
1460/1460 [==============================] - 0s 34us/step - loss: 0.0040 - acc: 0.9993 - val_loss: 0.0638 - val_acc: 0.9753
Epoch 11/30

  50/1460 [>.............................] - ETA: 0s - loss: 0.0014 - acc: 1.0000
1460/1460 [==============================] - 0s 35us/step - loss: 0.0031 - acc: 0.9993 - val_loss: 0.0666 - val_acc: 0.9691
Epoch 12/30

  50/1460 [>.............................] - ETA: 0s - loss: 0.0024 - acc: 1.0000
1400/1460 [===========================>..] - ETA: 0s - loss: 0.0024 - acc: 0.9993
1460/1460 [==============================] - 0s 40us/step - loss: 0.0026 - acc: 0.9993 - val_loss: 0.0654 - val_acc: 0.9691
Epoch 13/30

  50/1460 [>.............................] - ETA: 0s - loss: 0.0011 - acc: 1.0000
1460/1460 [==============================] - 0s 38us/step - loss: 0.0020 - acc: 1.0000 - val_loss: 0.0656 - val_acc: 0.9691
Epoch 14/30

  50/1460 [>.............................] - ETA: 0s - loss: 0.0013 - acc: 1.0000
1460/1460 [==============================] - 0s 38us/step - loss: 0.0017 - acc: 1.0000 - val_loss: 0.0633 - val_acc: 0.9691
Epoch 15/30

  50/1460 [>.............................] - ETA: 0s - loss: 8.2962e-04 - acc: 1.0000
1450/1460 [============================>.] - ETA: 0s - loss: 0.0015 - acc: 1.0000    
1460/1460 [==============================] - 0s 39us/step - loss: 0.0015 - acc: 1.0000 - val_loss: 0.0611 - val_acc: 0.9753
Epoch 16/30

  50/1460 [>.............................] - ETA: 0s - loss: 8.6567e-04 - acc: 1.0000
1460/1460 [==============================] - 0s 37us/step - loss: 0.0013 - acc: 1.0000 - val_loss: 0.0620 - val_acc: 0.9753
Epoch 17/30

  50/1460 [>.............................] - ETA: 0s - loss: 6.7244e-04 - acc: 1.0000
1450/1460 [============================>.] - ETA: 0s - loss: 0.0012 - acc: 1.0000    
1460/1460 [==============================] - 0s 39us/step - loss: 0.0012 - acc: 1.0000 - val_loss: 0.0622 - val_acc: 0.9753
Epoch 18/30

  50/1460 [>.............................] - ETA: 0s - loss: 0.0013 - acc: 1.0000
1450/1460 [============================>.] - ETA: 0s - loss: 0.0011 - acc: 1.0000
1460/1460 [==============================] - 0s 39us/step - loss: 0.0011 - acc: 1.0000 - val_loss: 0.0613 - val_acc: 0.9753
Epoch 19/30

  50/1460 [>.............................] - ETA: 0s - loss: 8.0772e-04 - acc: 1.0000
1450/1460 [============================>.] - ETA: 0s - loss: 9.7276e-04 - acc: 1.0000
1460/1460 [==============================] - 0s 39us/step - loss: 9.7262e-04 - acc: 1.0000 - val_loss: 0.0621 - val_acc: 0.9753
Epoch 20/30

  50/1460 [>.............................] - ETA: 0s - loss: 9.4112e-04 - acc: 1.0000
1460/1460 [==============================] - 0s 37us/step - loss: 9.0224e-04 - acc: 1.0000 - val_loss: 0.0625 - val_acc: 0.9753
Epoch 21/30

  50/1460 [>.............................] - ETA: 0s - loss: 0.0026 - acc: 1.0000
1460/1460 [==============================] - 0s 37us/step - loss: 8.4822e-04 - acc: 1.0000 - val_loss: 0.0623 - val_acc: 0.9753
acc: 97.53%
Train on 1460 samples, validate on 162 samples
Epoch 1/30

  50/1460 [>.............................] - ETA: 24s - loss: 0.6645 - acc: 0.6800
1460/1460 [==============================] - 1s 700us/step - loss: 0.3010 - acc: 0.9048 - val_loss: 0.1000 - val_acc: 0.9815
Epoch 2/30

  50/1460 [>.............................] - ETA: 0s - loss: 0.0683 - acc: 0.9800
1460/1460 [==============================] - 0s 36us/step - loss: 0.0686 - acc: 0.9822 - val_loss: 0.0655 - val_acc: 0.9815
Epoch 3/30

  50/1460 [>.............................] - ETA: 0s - loss: 0.0236 - acc: 1.0000
1460/1460 [==============================] - 0s 34us/step - loss: 0.0314 - acc: 0.9945 - val_loss: 0.0497 - val_acc: 0.9815
Epoch 4/30

  50/1460 [>.............................] - ETA: 0s - loss: 0.0123 - acc: 1.0000
1460/1460 [==============================] - 0s 33us/step - loss: 0.0198 - acc: 0.9979 - val_loss: 0.0439 - val_acc: 0.9815
Epoch 5/30

  50/1460 [>.............................] - ETA: 0s - loss: 0.0044 - acc: 1.0000
1460/1460 [==============================] - 0s 34us/step - loss: 0.0116 - acc: 0.9979 - val_loss: 0.0454 - val_acc: 0.9815
Epoch 6/30

  50/1460 [>.............................] - ETA: 0s - loss: 0.0076 - acc: 1.0000
1460/1460 [==============================] - 0s 37us/step - loss: 0.0089 - acc: 0.9979 - val_loss: 0.0446 - val_acc: 0.9753
Epoch 7/30

  50/1460 [>.............................] - ETA: 0s - loss: 0.0048 - acc: 1.0000
1460/1460 [==============================] - 0s 35us/step - loss: 0.0061 - acc: 1.0000 - val_loss: 0.0381 - val_acc: 0.9815
Epoch 8/30

  50/1460 [>.............................] - ETA: 0s - loss: 0.0148 - acc: 1.0000
1460/1460 [==============================] - 0s 35us/step - loss: 0.0051 - acc: 1.0000 - val_loss: 0.0412 - val_acc: 0.9753
Epoch 9/30

  50/1460 [>.............................] - ETA: 0s - loss: 0.0025 - acc: 1.0000
1460/1460 [==============================] - 0s 37us/step - loss: 0.0042 - acc: 0.9993 - val_loss: 0.0463 - val_acc: 0.9753
Epoch 10/30

  50/1460 [>.............................] - ETA: 0s - loss: 0.0069 - acc: 1.0000
1460/1460 [==============================] - 0s 39us/step - loss: 0.0031 - acc: 1.0000 - val_loss: 0.0404 - val_acc: 0.9815
Epoch 11/30

  50/1460 [>.............................] - ETA: 0s - loss: 0.0048 - acc: 1.0000
1460/1460 [==============================] - 0s 36us/step - loss: 0.0024 - acc: 1.0000 - val_loss: 0.0425 - val_acc: 0.9815
Epoch 12/30

  50/1460 [>.............................] - ETA: 0s - loss: 9.8944e-04 - acc: 1.0000
1460/1460 [==============================] - 0s 36us/step - loss: 0.0020 - acc: 1.0000 - val_loss: 0.0435 - val_acc: 0.9815
Epoch 13/30

  50/1460 [>.............................] - ETA: 0s - loss: 0.0015 - acc: 1.0000
1450/1460 [============================>.] - ETA: 0s - loss: 0.0016 - acc: 1.0000
1460/1460 [==============================] - 0s 41us/step - loss: 0.0016 - acc: 1.0000 - val_loss: 0.0433 - val_acc: 0.9815
Epoch 14/30

  50/1460 [>.............................] - ETA: 0s - loss: 9.7660e-04 - acc: 1.0000
1460/1460 [==============================] - 0s 34us/step - loss: 0.0015 - acc: 1.0000 - val_loss: 0.0429 - val_acc: 0.9815
Epoch 15/30

  50/1460 [>.............................] - ETA: 0s - loss: 6.8935e-04 - acc: 1.0000
1460/1460 [==============================] - 0s 35us/step - loss: 0.0013 - acc: 1.0000 - val_loss: 0.0425 - val_acc: 0.9815
Epoch 16/30

  50/1460 [>.............................] - ETA: 0s - loss: 6.1061e-04 - acc: 1.0000
1450/1460 [============================>.] - ETA: 0s - loss: 0.0011 - acc: 1.0000    
1460/1460 [==============================] - 0s 38us/step - loss: 0.0011 - acc: 1.0000 - val_loss: 0.0418 - val_acc: 0.9815
Epoch 17/30

  50/1460 [>.............................] - ETA: 0s - loss: 7.1900e-04 - acc: 1.0000
1460/1460 [==============================] - 0s 36us/step - loss: 0.0010 - acc: 1.0000 - val_loss: 0.0413 - val_acc: 0.9815
acc: 98.15%
Train on 1460 samples, validate on 162 samples
Epoch 1/30

  50/1460 [>.............................] - ETA: 29s - loss: 0.7019 - acc: 0.4800
1460/1460 [==============================] - 1s 822us/step - loss: 0.2986 - acc: 0.8986 - val_loss: 0.0929 - val_acc: 0.9815
Epoch 2/30

  50/1460 [>.............................] - ETA: 0s - loss: 0.1397 - acc: 0.9400
1450/1460 [============================>.] - ETA: 0s - loss: 0.0738 - acc: 0.9821
1460/1460 [==============================] - 0s 39us/step - loss: 0.0735 - acc: 0.9822 - val_loss: 0.0586 - val_acc: 0.9753
Epoch 3/30

  50/1460 [>.............................] - ETA: 0s - loss: 0.0137 - acc: 1.0000
1460/1460 [==============================] - 0s 36us/step - loss: 0.0345 - acc: 0.9945 - val_loss: 0.0549 - val_acc: 0.9877
Epoch 4/30

  50/1460 [>.............................] - ETA: 0s - loss: 0.0209 - acc: 1.0000
1460/1460 [==============================] - 0s 34us/step - loss: 0.0194 - acc: 0.9966 - val_loss: 0.0659 - val_acc: 0.9753
Epoch 5/30

  50/1460 [>.............................] - ETA: 0s - loss: 0.0175 - acc: 1.0000
1460/1460 [==============================] - 0s 37us/step - loss: 0.0113 - acc: 0.9986 - val_loss: 0.0512 - val_acc: 0.9815
Epoch 6/30

  50/1460 [>.............................] - ETA: 0s - loss: 0.0064 - acc: 1.0000
1460/1460 [==============================] - 0s 33us/step - loss: 0.0076 - acc: 0.9979 - val_loss: 0.0581 - val_acc: 0.9815
Epoch 7/30

  50/1460 [>.............................] - ETA: 0s - loss: 0.0066 - acc: 1.0000
1460/1460 [==============================] - 0s 36us/step - loss: 0.0057 - acc: 0.9993 - val_loss: 0.0544 - val_acc: 0.9815
Epoch 8/30

  50/1460 [>.............................] - ETA: 0s - loss: 0.0029 - acc: 1.0000
1460/1460 [==============================] - 0s 34us/step - loss: 0.0045 - acc: 0.9993 - val_loss: 0.0600 - val_acc: 0.9815
Epoch 9/30

  50/1460 [>.............................] - ETA: 0s - loss: 0.0054 - acc: 1.0000
1460/1460 [==============================] - 0s 36us/step - loss: 0.0035 - acc: 1.0000 - val_loss: 0.0579 - val_acc: 0.9815
Epoch 10/30

  50/1460 [>.............................] - ETA: 0s - loss: 0.0020 - acc: 1.0000
1460/1460 [==============================] - 0s 37us/step - loss: 0.0029 - acc: 1.0000 - val_loss: 0.0589 - val_acc: 0.9815
Epoch 11/30

  50/1460 [>.............................] - ETA: 0s - loss: 0.0017 - acc: 1.0000
1400/1460 [===========================>..] - ETA: 0s - loss: 0.0025 - acc: 1.0000
1460/1460 [==============================] - 0s 41us/step - loss: 0.0024 - acc: 1.0000 - val_loss: 0.0572 - val_acc: 0.9815
Epoch 12/30

  50/1460 [>.............................] - ETA: 0s - loss: 9.7048e-04 - acc: 1.0000
1450/1460 [============================>.] - ETA: 0s - loss: 0.0022 - acc: 1.0000    
1460/1460 [==============================] - 0s 39us/step - loss: 0.0021 - acc: 1.0000 - val_loss: 0.0593 - val_acc: 0.9815
Epoch 13/30

  50/1460 [>.............................] - ETA: 0s - loss: 0.0039 - acc: 1.0000
1450/1460 [============================>.] - ETA: 0s - loss: 0.0018 - acc: 1.0000
1460/1460 [==============================] - 0s 39us/step - loss: 0.0019 - acc: 1.0000 - val_loss: 0.0619 - val_acc: 0.9815
Epoch 14/30

  50/1460 [>.............................] - ETA: 0s - loss: 0.0017 - acc: 1.0000
1350/1460 [==========================>...] - ETA: 0s - loss: 0.0017 - acc: 1.0000
1460/1460 [==============================] - 0s 42us/step - loss: 0.0017 - acc: 1.0000 - val_loss: 0.0607 - val_acc: 0.9815
Epoch 15/30

  50/1460 [>.............................] - ETA: 0s - loss: 0.0012 - acc: 1.0000
1400/1460 [===========================>..] - ETA: 0s - loss: 0.0015 - acc: 1.0000
1460/1460 [==============================] - 0s 40us/step - loss: 0.0015 - acc: 1.0000 - val_loss: 0.0610 - val_acc: 0.9815
Epoch 16/30

  50/1460 [>.............................] - ETA: 0s - loss: 0.0015 - acc: 1.0000
1450/1460 [============================>.] - ETA: 0s - loss: 0.0013 - acc: 1.0000
1460/1460 [==============================] - 0s 39us/step - loss: 0.0013 - acc: 1.0000 - val_loss: 0.0601 - val_acc: 0.9815
Epoch 17/30

  50/1460 [>.............................] - ETA: 0s - loss: 7.2041e-04 - acc: 1.0000
1460/1460 [==============================] - 0s 38us/step - loss: 0.0012 - acc: 1.0000 - val_loss: 0.0606 - val_acc: 0.9815
Epoch 18/30

  50/1460 [>.............................] - ETA: 0s - loss: 5.8585e-04 - acc: 1.0000
1460/1460 [==============================] - 0s 37us/step - loss: 0.0011 - acc: 1.0000 - val_loss: 0.0612 - val_acc: 0.9815
Epoch 19/30

  50/1460 [>.............................] - ETA: 0s - loss: 4.5269e-04 - acc: 1.0000
1460/1460 [==============================] - 0s 37us/step - loss: 9.7046e-04 - acc: 1.0000 - val_loss: 0.0622 - val_acc: 0.9815
acc: 98.77%
Train on 1460 samples, validate on 162 samples
Epoch 1/30

  50/1460 [>.............................] - ETA: 30s - loss: 0.7539 - acc: 0.4000
1460/1460 [==============================] - 1s 868us/step - loss: 0.2640 - acc: 0.9075 - val_loss: 0.1047 - val_acc: 0.9815
Epoch 2/30

  50/1460 [>.............................] - ETA: 0s - loss: 0.0918 - acc: 0.9800
1460/1460 [==============================] - 0s 38us/step - loss: 0.0611 - acc: 0.9836 - val_loss: 0.0864 - val_acc: 0.9753
Epoch 3/30

  50/1460 [>.............................] - ETA: 0s - loss: 0.0522 - acc: 0.9800
1400/1460 [===========================>..] - ETA: 0s - loss: 0.0291 - acc: 0.9964
1460/1460 [==============================] - 0s 40us/step - loss: 0.0287 - acc: 0.9966 - val_loss: 0.0780 - val_acc: 0.9877
Epoch 4/30

  50/1460 [>.............................] - ETA: 0s - loss: 0.0104 - acc: 1.0000
1450/1460 [============================>.] - ETA: 0s - loss: 0.0150 - acc: 0.9979
1460/1460 [==============================] - 0s 39us/step - loss: 0.0150 - acc: 0.9979 - val_loss: 0.0797 - val_acc: 0.9815
Epoch 5/30

  50/1460 [>.............................] - ETA: 0s - loss: 0.0058 - acc: 1.0000
1460/1460 [==============================] - 0s 35us/step - loss: 0.0092 - acc: 0.9986 - val_loss: 0.0793 - val_acc: 0.9877
Epoch 6/30

  50/1460 [>.............................] - ETA: 0s - loss: 0.0054 - acc: 1.0000
1460/1460 [==============================] - 0s 37us/step - loss: 0.0060 - acc: 0.9993 - val_loss: 0.0816 - val_acc: 0.9877
Epoch 7/30

  50/1460 [>.............................] - ETA: 0s - loss: 0.0044 - acc: 1.0000
1450/1460 [============================>.] - ETA: 0s - loss: 0.0047 - acc: 1.0000
1460/1460 [==============================] - 0s 40us/step - loss: 0.0047 - acc: 1.0000 - val_loss: 0.0851 - val_acc: 0.9877
Epoch 8/30

  50/1460 [>.............................] - ETA: 0s - loss: 0.0023 - acc: 1.0000
1460/1460 [==============================] - 0s 36us/step - loss: 0.0033 - acc: 1.0000 - val_loss: 0.0866 - val_acc: 0.9877
Epoch 9/30

  50/1460 [>.............................] - ETA: 0s - loss: 0.0024 - acc: 1.0000
1460/1460 [==============================] - 0s 35us/step - loss: 0.0026 - acc: 1.0000 - val_loss: 0.0876 - val_acc: 0.9877
Epoch 10/30

  50/1460 [>.............................] - ETA: 0s - loss: 0.0018 - acc: 1.0000
1460/1460 [==============================] - 0s 35us/step - loss: 0.0021 - acc: 1.0000 - val_loss: 0.0893 - val_acc: 0.9877
Epoch 11/30

  50/1460 [>.............................] - ETA: 0s - loss: 8.2898e-04 - acc: 1.0000
1460/1460 [==============================] - 0s 36us/step - loss: 0.0017 - acc: 1.0000 - val_loss: 0.0908 - val_acc: 0.9877
Epoch 12/30

  50/1460 [>.............................] - ETA: 0s - loss: 0.0015 - acc: 1.0000
1350/1460 [==========================>...] - ETA: 0s - loss: 0.0015 - acc: 1.0000
1460/1460 [==============================] - 0s 42us/step - loss: 0.0015 - acc: 1.0000 - val_loss: 0.0920 - val_acc: 0.9877
Epoch 13/30

  50/1460 [>.............................] - ETA: 0s - loss: 0.0014 - acc: 1.0000
1400/1460 [===========================>..] - ETA: 0s - loss: 0.0013 - acc: 1.0000
1460/1460 [==============================] - 0s 41us/step - loss: 0.0013 - acc: 1.0000 - val_loss: 0.0927 - val_acc: 0.9877
Epoch 14/30

  50/1460 [>.............................] - ETA: 0s - loss: 0.0014 - acc: 1.0000
1350/1460 [==========================>...] - ETA: 0s - loss: 0.0012 - acc: 1.0000
1460/1460 [==============================] - 0s 42us/step - loss: 0.0011 - acc: 1.0000 - val_loss: 0.0937 - val_acc: 0.9877
Epoch 15/30

  50/1460 [>.............................] - ETA: 0s - loss: 7.2872e-04 - acc: 1.0000
1350/1460 [==========================>...] - ETA: 0s - loss: 0.0010 - acc: 1.0000    
1460/1460 [==============================] - 0s 42us/step - loss: 0.0010 - acc: 1.0000 - val_loss: 0.0943 - val_acc: 0.9877
Epoch 16/30

  50/1460 [>.............................] - ETA: 0s - loss: 0.0011 - acc: 1.0000
1300/1460 [=========================>....] - ETA: 0s - loss: 9.0945e-04 - acc: 1.0000
1460/1460 [==============================] - 0s 43us/step - loss: 9.1702e-04 - acc: 1.0000 - val_loss: 0.0948 - val_acc: 0.9877
Epoch 17/30

  50/1460 [>.............................] - ETA: 0s - loss: 0.0012 - acc: 1.0000
1300/1460 [=========================>....] - ETA: 0s - loss: 8.2683e-04 - acc: 1.0000
1460/1460 [==============================] - 0s 43us/step - loss: 8.2841e-04 - acc: 1.0000 - val_loss: 0.0962 - val_acc: 0.9877
Epoch 18/30

  50/1460 [>.............................] - ETA: 0s - loss: 4.3654e-04 - acc: 1.0000
1400/1460 [===========================>..] - ETA: 0s - loss: 7.6766e-04 - acc: 1.0000
1460/1460 [==============================] - 0s 40us/step - loss: 7.5799e-04 - acc: 1.0000 - val_loss: 0.0968 - val_acc: 0.9877
Epoch 19/30

  50/1460 [>.............................] - ETA: 0s - loss: 5.2012e-04 - acc: 1.0000
1450/1460 [============================>.] - ETA: 0s - loss: 6.9751e-04 - acc: 1.0000
1460/1460 [==============================] - 0s 40us/step - loss: 6.9508e-04 - acc: 1.0000 - val_loss: 0.0975 - val_acc: 0.9877
acc: 98.77%
Train on 1460 samples, validate on 162 samples
Epoch 1/30

  50/1460 [>.............................] - ETA: 33s - loss: 0.7078 - acc: 0.5400
1450/1460 [============================>.] - ETA: 0s - loss: 0.2681 - acc: 0.9069 
1460/1460 [==============================] - 1s 955us/step - loss: 0.2665 - acc: 0.9075 - val_loss: 0.0936 - val_acc: 0.9691
Epoch 2/30

  50/1460 [>.............................] - ETA: 0s - loss: 0.1229 - acc: 0.9600
1450/1460 [============================>.] - ETA: 0s - loss: 0.0599 - acc: 0.9848
1460/1460 [==============================] - 0s 40us/step - loss: 0.0596 - acc: 0.9849 - val_loss: 0.0656 - val_acc: 0.9753
Epoch 3/30

  50/1460 [>.............................] - ETA: 0s - loss: 0.0174 - acc: 1.0000
1400/1460 [===========================>..] - ETA: 0s - loss: 0.0299 - acc: 0.9957
1460/1460 [==============================] - 0s 40us/step - loss: 0.0292 - acc: 0.9959 - val_loss: 0.0546 - val_acc: 0.9815
Epoch 4/30

  50/1460 [>.............................] - ETA: 0s - loss: 0.0148 - acc: 1.0000
1460/1460 [==============================] - 0s 38us/step - loss: 0.0164 - acc: 0.9979 - val_loss: 0.0632 - val_acc: 0.9753
Epoch 5/30

  50/1460 [>.............................] - ETA: 0s - loss: 0.0047 - acc: 1.0000
1460/1460 [==============================] - 0s 38us/step - loss: 0.0103 - acc: 0.9986 - val_loss: 0.0597 - val_acc: 0.9815
Epoch 6/30

  50/1460 [>.............................] - ETA: 0s - loss: 0.0078 - acc: 1.0000
1400/1460 [===========================>..] - ETA: 0s - loss: 0.0073 - acc: 0.9993
1460/1460 [==============================] - 0s 40us/step - loss: 0.0071 - acc: 0.9993 - val_loss: 0.0575 - val_acc: 0.9815
Epoch 7/30

  50/1460 [>.............................] - ETA: 0s - loss: 0.0036 - acc: 1.0000
1350/1460 [==========================>...] - ETA: 0s - loss: 0.0057 - acc: 0.9985
1460/1460 [==============================] - 0s 42us/step - loss: 0.0055 - acc: 0.9986 - val_loss: 0.0651 - val_acc: 0.9815
Epoch 8/30

  50/1460 [>.............................] - ETA: 0s - loss: 0.0023 - acc: 1.0000
1400/1460 [===========================>..] - ETA: 0s - loss: 0.0044 - acc: 1.0000
1460/1460 [==============================] - 0s 40us/step - loss: 0.0044 - acc: 1.0000 - val_loss: 0.0659 - val_acc: 0.9815
Epoch 9/30

  50/1460 [>.............................] - ETA: 0s - loss: 0.0032 - acc: 1.0000
1400/1460 [===========================>..] - ETA: 0s - loss: 0.0047 - acc: 0.9993
1460/1460 [==============================] - 0s 40us/step - loss: 0.0046 - acc: 0.9993 - val_loss: 0.0706 - val_acc: 0.9815
Epoch 10/30

  50/1460 [>.............................] - ETA: 0s - loss: 0.0077 - acc: 1.0000
1460/1460 [==============================] - 0s 37us/step - loss: 0.0035 - acc: 0.9993 - val_loss: 0.0732 - val_acc: 0.9815
Epoch 11/30

  50/1460 [>.............................] - ETA: 0s - loss: 0.0026 - acc: 1.0000
1460/1460 [==============================] - 0s 39us/step - loss: 0.0024 - acc: 1.0000 - val_loss: 0.0718 - val_acc: 0.9815
Epoch 12/30

  50/1460 [>.............................] - ETA: 0s - loss: 0.0012 - acc: 1.0000
1460/1460 [==============================] - 0s 38us/step - loss: 0.0023 - acc: 0.9993 - val_loss: 0.0714 - val_acc: 0.9815
Epoch 13/30

  50/1460 [>.............................] - ETA: 0s - loss: 0.0035 - acc: 1.0000
1460/1460 [==============================] - 0s 37us/step - loss: 0.0018 - acc: 1.0000 - val_loss: 0.0720 - val_acc: 0.9815
Epoch 14/30

  50/1460 [>.............................] - ETA: 0s - loss: 9.1079e-04 - acc: 1.0000
1460/1460 [==============================] - 0s 36us/step - loss: 0.0015 - acc: 1.0000 - val_loss: 0.0727 - val_acc: 0.9815
Epoch 15/30

  50/1460 [>.............................] - ETA: 0s - loss: 0.0063 - acc: 1.0000
1460/1460 [==============================] - 0s 36us/step - loss: 0.0013 - acc: 1.0000 - val_loss: 0.0743 - val_acc: 0.9815
Epoch 16/30

  50/1460 [>.............................] - ETA: 0s - loss: 0.0011 - acc: 1.0000
1460/1460 [==============================] - 0s 36us/step - loss: 0.0011 - acc: 1.0000 - val_loss: 0.0750 - val_acc: 0.9815
Epoch 17/30

  50/1460 [>.............................] - ETA: 0s - loss: 0.0053 - acc: 1.0000
1460/1460 [==============================] - 0s 36us/step - loss: 0.0010 - acc: 1.0000 - val_loss: 0.0744 - val_acc: 0.9815
Epoch 18/30

  50/1460 [>.............................] - ETA: 0s - loss: 4.8518e-04 - acc: 1.0000
1460/1460 [==============================] - 0s 38us/step - loss: 9.3960e-04 - acc: 1.0000 - val_loss: 0.0760 - val_acc: 0.9815
Epoch 19/30

  50/1460 [>.............................] - ETA: 0s - loss: 0.0050 - acc: 1.0000
1450/1460 [============================>.] - ETA: 0s - loss: 8.5332e-04 - acc: 1.0000
1460/1460 [==============================] - 0s 39us/step - loss: 8.4980e-04 - acc: 1.0000 - val_loss: 0.0741 - val_acc: 0.9815
Epoch 20/30

  50/1460 [>.............................] - ETA: 0s - loss: 5.4290e-04 - acc: 1.0000
1400/1460 [===========================>..] - ETA: 0s - loss: 7.9655e-04 - acc: 1.0000
1460/1460 [==============================] - 0s 41us/step - loss: 7.7913e-04 - acc: 1.0000 - val_loss: 0.0741 - val_acc: 0.9815
Epoch 21/30

  50/1460 [>.............................] - ETA: 0s - loss: 3.9417e-04 - acc: 1.0000
1400/1460 [===========================>..] - ETA: 0s - loss: 7.0805e-04 - acc: 1.0000
1460/1460 [==============================] - 0s 40us/step - loss: 7.0987e-04 - acc: 1.0000 - val_loss: 0.0750 - val_acc: 0.9815
Epoch 22/30

  50/1460 [>.............................] - ETA: 0s - loss: 4.3082e-04 - acc: 1.0000
1450/1460 [============================>.] - ETA: 0s - loss: 6.6986e-04 - acc: 1.0000
1460/1460 [==============================] - 0s 39us/step - loss: 6.6708e-04 - acc: 1.0000 - val_loss: 0.0755 - val_acc: 0.9815
acc: 98.15%
Train on 1460 samples, validate on 162 samples
Epoch 1/30

  50/1460 [>.............................] - ETA: 37s - loss: 0.6638 - acc: 0.7000
1250/1460 [========================>.....] - ETA: 0s - loss: 0.3082 - acc: 0.8952 
1460/1460 [==============================] - 2s 1ms/step - loss: 0.2800 - acc: 0.9048 - val_loss: 0.1057 - val_acc: 0.9691
Epoch 2/30

  50/1460 [>.............................] - ETA: 0s - loss: 0.1025 - acc: 0.9800
1400/1460 [===========================>..] - ETA: 0s - loss: 0.0665 - acc: 0.9814
1460/1460 [==============================] - 0s 42us/step - loss: 0.0661 - acc: 0.9815 - val_loss: 0.0939 - val_acc: 0.9630
Epoch 3/30

  50/1460 [>.............................] - ETA: 0s - loss: 0.0316 - acc: 1.0000
1460/1460 [==============================] - 0s 38us/step - loss: 0.0344 - acc: 0.9925 - val_loss: 0.0991 - val_acc: 0.9568
Epoch 4/30

  50/1460 [>.............................] - ETA: 0s - loss: 0.0149 - acc: 1.0000
1460/1460 [==============================] - 0s 39us/step - loss: 0.0187 - acc: 0.9966 - val_loss: 0.0923 - val_acc: 0.9630
Epoch 5/30

  50/1460 [>.............................] - ETA: 0s - loss: 0.0107 - acc: 1.0000
1460/1460 [==============================] - 0s 38us/step - loss: 0.0110 - acc: 0.9986 - val_loss: 0.0953 - val_acc: 0.9630
Epoch 6/30

  50/1460 [>.............................] - ETA: 0s - loss: 0.0069 - acc: 1.0000
1450/1460 [============================>.] - ETA: 0s - loss: 0.0078 - acc: 0.9986
1460/1460 [==============================] - 0s 39us/step - loss: 0.0078 - acc: 0.9986 - val_loss: 0.1053 - val_acc: 0.9630
Epoch 7/30

  50/1460 [>.............................] - ETA: 0s - loss: 0.0044 - acc: 1.0000
1460/1460 [==============================] - 0s 37us/step - loss: 0.0050 - acc: 1.0000 - val_loss: 0.1004 - val_acc: 0.9630
Epoch 8/30

  50/1460 [>.............................] - ETA: 0s - loss: 0.0030 - acc: 1.0000
1460/1460 [==============================] - 0s 37us/step - loss: 0.0038 - acc: 1.0000 - val_loss: 0.0996 - val_acc: 0.9630
Epoch 9/30

  50/1460 [>.............................] - ETA: 0s - loss: 0.0022 - acc: 1.0000
1460/1460 [==============================] - 0s 39us/step - loss: 0.0031 - acc: 1.0000 - val_loss: 0.1019 - val_acc: 0.9630
Epoch 10/30

  50/1460 [>.............................] - ETA: 0s - loss: 0.0023 - acc: 1.0000
1460/1460 [==============================] - 0s 37us/step - loss: 0.0025 - acc: 1.0000 - val_loss: 0.1036 - val_acc: 0.9630
Epoch 11/30

  50/1460 [>.............................] - ETA: 0s - loss: 0.0021 - acc: 1.0000
1450/1460 [============================>.] - ETA: 0s - loss: 0.0020 - acc: 1.0000
1460/1460 [==============================] - 0s 39us/step - loss: 0.0020 - acc: 1.0000 - val_loss: 0.1054 - val_acc: 0.9630
Epoch 12/30

  50/1460 [>.............................] - ETA: 0s - loss: 0.0019 - acc: 1.0000
1460/1460 [==============================] - 0s 38us/step - loss: 0.0017 - acc: 1.0000 - val_loss: 0.1000 - val_acc: 0.9630
Epoch 13/30

  50/1460 [>.............................] - ETA: 0s - loss: 9.9203e-04 - acc: 1.0000
1460/1460 [==============================] - 0s 37us/step - loss: 0.0015 - acc: 1.0000 - val_loss: 0.1011 - val_acc: 0.9630
Epoch 14/30

  50/1460 [>.............................] - ETA: 0s - loss: 0.0013 - acc: 1.0000
1460/1460 [==============================] - 0s 38us/step - loss: 0.0014 - acc: 1.0000 - val_loss: 0.1035 - val_acc: 0.9630
Epoch 15/30

  50/1460 [>.............................] - ETA: 0s - loss: 0.0033 - acc: 1.0000
1300/1460 [=========================>....] - ETA: 0s - loss: 0.0012 - acc: 1.0000
1460/1460 [==============================] - 0s 44us/step - loss: 0.0012 - acc: 1.0000 - val_loss: 0.1019 - val_acc: 0.9630
Epoch 16/30

  50/1460 [>.............................] - ETA: 0s - loss: 7.8351e-04 - acc: 1.0000
1450/1460 [============================>.] - ETA: 0s - loss: 0.0011 - acc: 1.0000    
1460/1460 [==============================] - 0s 40us/step - loss: 0.0011 - acc: 1.0000 - val_loss: 0.1031 - val_acc: 0.9630
Epoch 17/30

  50/1460 [>.............................] - ETA: 0s - loss: 8.0260e-04 - acc: 1.0000
1250/1460 [========================>.....] - ETA: 0s - loss: 8.6437e-04 - acc: 1.0000
1460/1460 [==============================] - 0s 45us/step - loss: 9.7207e-04 - acc: 1.0000 - val_loss: 0.1026 - val_acc: 0.9630
acc: 96.91%
Train on 1461 samples, validate on 161 samples
Epoch 1/30

  50/1461 [>.............................] - ETA: 40s - loss: 0.7060 - acc: 0.5200
1400/1461 [===========================>..] - ETA: 0s - loss: 0.3248 - acc: 0.9014 
1461/1461 [==============================] - 2s 1ms/step - loss: 0.3189 - acc: 0.9028 - val_loss: 0.0917 - val_acc: 0.9814
Epoch 2/30

  50/1461 [>.............................] - ETA: 0s - loss: 0.0649 - acc: 1.0000
1450/1461 [============================>.] - ETA: 0s - loss: 0.0708 - acc: 0.9814
1461/1461 [==============================] - 0s 40us/step - loss: 0.0706 - acc: 0.9815 - val_loss: 0.0562 - val_acc: 0.9876
Epoch 3/30

  50/1461 [>.............................] - ETA: 0s - loss: 0.0856 - acc: 0.9600
1461/1461 [==============================] - 0s 38us/step - loss: 0.0363 - acc: 0.9932 - val_loss: 0.0463 - val_acc: 0.9938
Epoch 4/30

  50/1461 [>.............................] - ETA: 0s - loss: 0.0175 - acc: 1.0000
1400/1461 [===========================>..] - ETA: 0s - loss: 0.0187 - acc: 0.9971
1461/1461 [==============================] - 0s 42us/step - loss: 0.0207 - acc: 0.9966 - val_loss: 0.0374 - val_acc: 0.9938
Epoch 5/30

  50/1461 [>.............................] - ETA: 0s - loss: 0.0110 - acc: 1.0000
1450/1461 [============================>.] - ETA: 0s - loss: 0.0129 - acc: 0.9972
1461/1461 [==============================] - 0s 39us/step - loss: 0.0129 - acc: 0.9973 - val_loss: 0.0379 - val_acc: 0.9938
Epoch 6/30

  50/1461 [>.............................] - ETA: 0s - loss: 0.0106 - acc: 1.0000
1450/1461 [============================>.] - ETA: 0s - loss: 0.0101 - acc: 0.9986
1461/1461 [==============================] - 0s 40us/step - loss: 0.0100 - acc: 0.9986 - val_loss: 0.0356 - val_acc: 0.9938
Epoch 7/30

  50/1461 [>.............................] - ETA: 0s - loss: 0.0105 - acc: 1.0000
1400/1461 [===========================>..] - ETA: 0s - loss: 0.0077 - acc: 0.9986
1461/1461 [==============================] - 0s 40us/step - loss: 0.0075 - acc: 0.9986 - val_loss: 0.0379 - val_acc: 0.9938
Epoch 8/30

  50/1461 [>.............................] - ETA: 0s - loss: 0.0204 - acc: 0.9800
1461/1461 [==============================] - 0s 38us/step - loss: 0.0049 - acc: 0.9986 - val_loss: 0.0369 - val_acc: 0.9938
Epoch 9/30

  50/1461 [>.............................] - ETA: 0s - loss: 0.0018 - acc: 1.0000
1450/1461 [============================>.] - ETA: 0s - loss: 0.0042 - acc: 0.9986
1461/1461 [==============================] - 0s 39us/step - loss: 0.0042 - acc: 0.9986 - val_loss: 0.0378 - val_acc: 0.9938
Epoch 10/30

  50/1461 [>.............................] - ETA: 0s - loss: 0.0021 - acc: 1.0000
1450/1461 [============================>.] - ETA: 0s - loss: 0.0034 - acc: 0.9993
1461/1461 [==============================] - 0s 40us/step - loss: 0.0034 - acc: 0.9993 - val_loss: 0.0380 - val_acc: 0.9938
Epoch 11/30

  50/1461 [>.............................] - ETA: 0s - loss: 0.0016 - acc: 1.0000
1350/1461 [==========================>...] - ETA: 0s - loss: 0.0028 - acc: 1.0000
1461/1461 [==============================] - 0s 42us/step - loss: 0.0028 - acc: 1.0000 - val_loss: 0.0365 - val_acc: 0.9938
Epoch 12/30

  50/1461 [>.............................] - ETA: 0s - loss: 0.0024 - acc: 1.0000
1450/1461 [============================>.] - ETA: 0s - loss: 0.0024 - acc: 1.0000
1461/1461 [==============================] - 0s 39us/step - loss: 0.0024 - acc: 1.0000 - val_loss: 0.0385 - val_acc: 0.9938
Epoch 13/30

  50/1461 [>.............................] - ETA: 0s - loss: 0.0024 - acc: 1.0000
1350/1461 [==========================>...] - ETA: 0s - loss: 0.0019 - acc: 1.0000
1461/1461 [==============================] - 0s 42us/step - loss: 0.0022 - acc: 1.0000 - val_loss: 0.0387 - val_acc: 0.9938
Epoch 14/30

  50/1461 [>.............................] - ETA: 0s - loss: 0.0013 - acc: 1.0000
1350/1461 [==========================>...] - ETA: 0s - loss: 0.0018 - acc: 1.0000
1461/1461 [==============================] - 0s 42us/step - loss: 0.0018 - acc: 1.0000 - val_loss: 0.0396 - val_acc: 0.9938
Epoch 15/30

  50/1461 [>.............................] - ETA: 0s - loss: 0.0016 - acc: 1.0000
1400/1461 [===========================>..] - ETA: 0s - loss: 0.0016 - acc: 1.0000
1461/1461 [==============================] - 0s 41us/step - loss: 0.0015 - acc: 1.0000 - val_loss: 0.0410 - val_acc: 0.9938
Epoch 16/30

  50/1461 [>.............................] - ETA: 0s - loss: 0.0082 - acc: 1.0000
1450/1461 [============================>.] - ETA: 0s - loss: 0.0014 - acc: 1.0000
1461/1461 [==============================] - 0s 39us/step - loss: 0.0014 - acc: 1.0000 - val_loss: 0.0415 - val_acc: 0.9938
Epoch 17/30

  50/1461 [>.............................] - ETA: 0s - loss: 7.0320e-04 - acc: 1.0000
1350/1461 [==========================>...] - ETA: 0s - loss: 0.0011 - acc: 1.0000    
1461/1461 [==============================] - 0s 42us/step - loss: 0.0013 - acc: 1.0000 - val_loss: 0.0416 - val_acc: 0.9938
Epoch 18/30

  50/1461 [>.............................] - ETA: 0s - loss: 7.4334e-04 - acc: 1.0000
1450/1461 [============================>.] - ETA: 0s - loss: 0.0012 - acc: 1.0000    
1461/1461 [==============================] - 0s 39us/step - loss: 0.0012 - acc: 1.0000 - val_loss: 0.0426 - val_acc: 0.9938
Epoch 19/30

  50/1461 [>.............................] - ETA: 0s - loss: 8.8988e-04 - acc: 1.0000
1400/1461 [===========================>..] - ETA: 0s - loss: 0.0011 - acc: 1.0000    
1461/1461 [==============================] - 0s 41us/step - loss: 0.0011 - acc: 1.0000 - val_loss: 0.0426 - val_acc: 0.9938
acc: 99.38%
Accuracy: 98.09% (+/- 0.80%)
