Train on 810 samples, validate on 812 samples
Epoch 1/30

 50/810 [>.............................] - ETA: 6s - loss: 0.6951 - acc: 0.4600
810/810 [==============================] - 1s 643us/step - loss: 0.3856 - acc: 0.8790 - val_loss: 0.1836 - val_acc: 0.9606
Epoch 2/30

 50/810 [>.............................] - ETA: 0s - loss: 0.1215 - acc: 0.9600
810/810 [==============================] - 0s 39us/step - loss: 0.0948 - acc: 0.9790 - val_loss: 0.1141 - val_acc: 0.9655
Epoch 3/30

 50/810 [>.............................] - ETA: 0s - loss: 0.0688 - acc: 0.9800
810/810 [==============================] - 0s 39us/step - loss: 0.0413 - acc: 0.9963 - val_loss: 0.1020 - val_acc: 0.9631
Epoch 4/30

 50/810 [>.............................] - ETA: 0s - loss: 0.0281 - acc: 1.0000
810/810 [==============================] - 0s 39us/step - loss: 0.0212 - acc: 0.9963 - val_loss: 0.1024 - val_acc: 0.9606
Epoch 5/30

 50/810 [>.............................] - ETA: 0s - loss: 0.0116 - acc: 1.0000
810/810 [==============================] - 0s 39us/step - loss: 0.0130 - acc: 0.9988 - val_loss: 0.1019 - val_acc: 0.9606
Epoch 6/30

 50/810 [>.............................] - ETA: 0s - loss: 0.0069 - acc: 1.0000
810/810 [==============================] - 0s 39us/step - loss: 0.0092 - acc: 1.0000 - val_loss: 0.1016 - val_acc: 0.9594
Epoch 7/30

 50/810 [>.............................] - ETA: 0s - loss: 0.0071 - acc: 1.0000
810/810 [==============================] - 0s 38us/step - loss: 0.0062 - acc: 1.0000 - val_loss: 0.1010 - val_acc: 0.9606
Epoch 8/30

 50/810 [>.............................] - ETA: 0s - loss: 0.0045 - acc: 1.0000
810/810 [==============================] - 0s 40us/step - loss: 0.0048 - acc: 1.0000 - val_loss: 0.1023 - val_acc: 0.9606
Epoch 9/30

 50/810 [>.............................] - ETA: 0s - loss: 0.0040 - acc: 1.0000
810/810 [==============================] - 0s 39us/step - loss: 0.0039 - acc: 1.0000 - val_loss: 0.1038 - val_acc: 0.9606
Epoch 10/30

 50/810 [>.............................] - ETA: 0s - loss: 0.0037 - acc: 1.0000
810/810 [==============================] - 0s 41us/step - loss: 0.0033 - acc: 1.0000 - val_loss: 0.1047 - val_acc: 0.9606
acc: 96.55%
Train on 812 samples, validate on 810 samples
Epoch 1/30

 50/812 [>.............................] - ETA: 7s - loss: 0.7070 - acc: 0.4000
812/812 [==============================] - 1s 757us/step - loss: 0.4555 - acc: 0.7980 - val_loss: 0.1951 - val_acc: 0.9691
Epoch 2/30

 50/812 [>.............................] - ETA: 0s - loss: 0.1948 - acc: 0.9600
812/812 [==============================] - 0s 42us/step - loss: 0.1374 - acc: 0.9704 - val_loss: 0.0901 - val_acc: 0.9790
Epoch 3/30

 50/812 [>.............................] - ETA: 0s - loss: 0.0583 - acc: 1.0000
812/812 [==============================] - 0s 39us/step - loss: 0.0606 - acc: 0.9914 - val_loss: 0.0728 - val_acc: 0.9778
Epoch 4/30

 50/812 [>.............................] - ETA: 0s - loss: 0.0366 - acc: 1.0000
812/812 [==============================] - 0s 39us/step - loss: 0.0328 - acc: 0.9963 - val_loss: 0.0657 - val_acc: 0.9790
Epoch 5/30

 50/812 [>.............................] - ETA: 0s - loss: 0.0171 - acc: 1.0000
812/812 [==============================] - 0s 40us/step - loss: 0.0185 - acc: 0.9988 - val_loss: 0.0601 - val_acc: 0.9815
Epoch 6/30

 50/812 [>.............................] - ETA: 0s - loss: 0.0100 - acc: 1.0000
812/812 [==============================] - 0s 39us/step - loss: 0.0127 - acc: 1.0000 - val_loss: 0.0589 - val_acc: 0.9802
Epoch 7/30

 50/812 [>.............................] - ETA: 0s - loss: 0.0066 - acc: 1.0000
812/812 [==============================] - 0s 38us/step - loss: 0.0093 - acc: 1.0000 - val_loss: 0.0581 - val_acc: 0.9790
Epoch 8/30

 50/812 [>.............................] - ETA: 0s - loss: 0.0058 - acc: 1.0000
812/812 [==============================] - 0s 40us/step - loss: 0.0067 - acc: 1.0000 - val_loss: 0.0581 - val_acc: 0.9790
Epoch 9/30

 50/812 [>.............................] - ETA: 0s - loss: 0.0062 - acc: 1.0000
812/812 [==============================] - 0s 40us/step - loss: 0.0054 - acc: 1.0000 - val_loss: 0.0575 - val_acc: 0.9790
Epoch 10/30

 50/812 [>.............................] - ETA: 0s - loss: 0.0111 - acc: 1.0000
812/812 [==============================] - 0s 41us/step - loss: 0.0045 - acc: 1.0000 - val_loss: 0.0585 - val_acc: 0.9790
Epoch 11/30

 50/812 [>.............................] - ETA: 0s - loss: 0.0037 - acc: 1.0000
812/812 [==============================] - 0s 42us/step - loss: 0.0039 - acc: 1.0000 - val_loss: 0.0591 - val_acc: 0.9790
Epoch 12/30

 50/812 [>.............................] - ETA: 0s - loss: 0.0028 - acc: 1.0000
812/812 [==============================] - 0s 41us/step - loss: 0.0033 - acc: 1.0000 - val_loss: 0.0587 - val_acc: 0.9790
Epoch 13/30

 50/812 [>.............................] - ETA: 0s - loss: 0.0033 - acc: 1.0000
812/812 [==============================] - 0s 42us/step - loss: 0.0028 - acc: 1.0000 - val_loss: 0.0592 - val_acc: 0.9790
acc: 98.15%
Accuracy: 97.35% (+/- 0.80%)
