Train on 1297 samples, validate on 325 samples
Epoch 1/30

  10/1297 [..............................] - ETA: 57s - loss: 0.6563 - acc: 0.7000
 390/1297 [========>.....................] - ETA: 1s - loss: 0.4250 - acc: 0.8282 
 760/1297 [================>.............] - ETA: 0s - loss: 0.2970 - acc: 0.8947
1140/1297 [=========================>....] - ETA: 0s - loss: 0.2401 - acc: 0.9149
1297/1297 [==============================] - 1s 535us/step - loss: 0.2224 - acc: 0.9206 - val_loss: 0.1307 - val_acc: 0.9446
Epoch 2/30

  10/1297 [..............................] - ETA: 0s - loss: 0.2001 - acc: 0.9000
 400/1297 [========>.....................] - ETA: 0s - loss: 0.0557 - acc: 0.9900
 770/1297 [================>.............] - ETA: 0s - loss: 0.0598 - acc: 0.9857
1120/1297 [========================>.....] - ETA: 0s - loss: 0.0575 - acc: 0.9875
1297/1297 [==============================] - 0s 148us/step - loss: 0.0545 - acc: 0.9892 - val_loss: 0.1147 - val_acc: 0.9538
Epoch 3/30

  10/1297 [..............................] - ETA: 0s - loss: 0.0160 - acc: 1.0000
 350/1297 [=======>......................] - ETA: 0s - loss: 0.0287 - acc: 0.9943
 680/1297 [==============>...............] - ETA: 0s - loss: 0.0315 - acc: 0.9926
 990/1297 [=====================>........] - ETA: 0s - loss: 0.0275 - acc: 0.9949
1297/1297 [==============================] - 0s 163us/step - loss: 0.0257 - acc: 0.9954 - val_loss: 0.1121 - val_acc: 0.9600
Epoch 4/30

  10/1297 [..............................] - ETA: 0s - loss: 0.0177 - acc: 1.0000
 350/1297 [=======>......................] - ETA: 0s - loss: 0.0082 - acc: 1.0000
 690/1297 [==============>...............] - ETA: 0s - loss: 0.0167 - acc: 0.9957
1040/1297 [=======================>......] - ETA: 0s - loss: 0.0183 - acc: 0.9962
1297/1297 [==============================] - 0s 158us/step - loss: 0.0175 - acc: 0.9969 - val_loss: 0.1136 - val_acc: 0.9662
Epoch 5/30

  10/1297 [..............................] - ETA: 0s - loss: 0.0038 - acc: 1.0000
 360/1297 [=======>......................] - ETA: 0s - loss: 0.0105 - acc: 0.9972
 700/1297 [===============>..............] - ETA: 0s - loss: 0.0117 - acc: 0.9971
1040/1297 [=======================>......] - ETA: 0s - loss: 0.0115 - acc: 0.9971
1297/1297 [==============================] - 0s 158us/step - loss: 0.0104 - acc: 0.9977 - val_loss: 0.1180 - val_acc: 0.9631
Epoch 6/30

  10/1297 [..............................] - ETA: 0s - loss: 0.0722 - acc: 0.9000
 360/1297 [=======>......................] - ETA: 0s - loss: 0.0115 - acc: 0.9944
 700/1297 [===============>..............] - ETA: 0s - loss: 0.0082 - acc: 0.9971
1050/1297 [=======================>......] - ETA: 0s - loss: 0.0081 - acc: 0.9971
1297/1297 [==============================] - 0s 159us/step - loss: 0.0073 - acc: 0.9977 - val_loss: 0.1179 - val_acc: 0.9600
Epoch 7/30

  10/1297 [..............................] - ETA: 0s - loss: 0.0016 - acc: 1.0000
 350/1297 [=======>......................] - ETA: 0s - loss: 0.0032 - acc: 1.0000
 700/1297 [===============>..............] - ETA: 0s - loss: 0.0033 - acc: 1.0000
1050/1297 [=======================>......] - ETA: 0s - loss: 0.0042 - acc: 1.0000
1297/1297 [==============================] - 0s 157us/step - loss: 0.0044 - acc: 0.9992 - val_loss: 0.1278 - val_acc: 0.9538
Epoch 8/30

  10/1297 [..............................] - ETA: 0s - loss: 0.0021 - acc: 1.0000
 350/1297 [=======>......................] - ETA: 0s - loss: 0.0031 - acc: 1.0000
 690/1297 [==============>...............] - ETA: 0s - loss: 0.0035 - acc: 1.0000
1040/1297 [=======================>......] - ETA: 0s - loss: 0.0035 - acc: 1.0000
1297/1297 [==============================] - 0s 159us/step - loss: 0.0031 - acc: 1.0000 - val_loss: 0.1231 - val_acc: 0.9569
Epoch 9/30

  10/1297 [..............................] - ETA: 0s - loss: 0.0013 - acc: 1.0000
 320/1297 [======>.......................] - ETA: 0s - loss: 0.0018 - acc: 1.0000
 560/1297 [===========>..................] - ETA: 0s - loss: 0.0020 - acc: 1.0000
 850/1297 [==================>...........] - ETA: 0s - loss: 0.0018 - acc: 1.0000
1170/1297 [==========================>...] - ETA: 0s - loss: 0.0019 - acc: 1.0000
1297/1297 [==============================] - 0s 186us/step - loss: 0.0020 - acc: 1.0000 - val_loss: 0.1284 - val_acc: 0.9569
Epoch 10/30

  10/1297 [..............................] - ETA: 0s - loss: 0.0018 - acc: 1.0000
 330/1297 [======>.......................] - ETA: 0s - loss: 0.0013 - acc: 1.0000
 650/1297 [==============>...............] - ETA: 0s - loss: 0.0015 - acc: 1.0000
1000/1297 [======================>.......] - ETA: 0s - loss: 0.0014 - acc: 1.0000
1297/1297 [==============================] - 0s 168us/step - loss: 0.0014 - acc: 1.0000 - val_loss: 0.1296 - val_acc: 0.9600
Epoch 11/30

  10/1297 [..............................] - ETA: 0s - loss: 5.8585e-04 - acc: 1.0000
 350/1297 [=======>......................] - ETA: 0s - loss: 0.0011 - acc: 1.0000    
 690/1297 [==============>...............] - ETA: 0s - loss: 0.0011 - acc: 1.0000
1040/1297 [=======================>......] - ETA: 0s - loss: 0.0011 - acc: 1.0000
1297/1297 [==============================] - 0s 159us/step - loss: 0.0012 - acc: 1.0000 - val_loss: 0.1316 - val_acc: 0.9600
Epoch 12/30

  10/1297 [..............................] - ETA: 0s - loss: 3.7001e-04 - acc: 1.0000
 350/1297 [=======>......................] - ETA: 0s - loss: 8.9150e-04 - acc: 1.0000
 690/1297 [==============>...............] - ETA: 0s - loss: 9.1876e-04 - acc: 1.0000
1030/1297 [======================>.......] - ETA: 0s - loss: 9.9118e-04 - acc: 1.0000
1297/1297 [==============================] - 0s 158us/step - loss: 9.6559e-04 - acc: 1.0000 - val_loss: 0.1336 - val_acc: 0.9600
acc: 96.62%
Train on 1297 samples, validate on 325 samples
Epoch 1/30

  10/1297 [..............................] - ETA: 1:19 - loss: 0.7380 - acc: 0.4000
 350/1297 [=======>......................] - ETA: 1s - loss: 0.4961 - acc: 0.7914  
 710/1297 [===============>..............] - ETA: 0s - loss: 0.3490 - acc: 0.8746
1040/1297 [=======================>......] - ETA: 0s - loss: 0.2767 - acc: 0.9019
1297/1297 [==============================] - 1s 683us/step - loss: 0.2417 - acc: 0.9175 - val_loss: 0.0985 - val_acc: 0.9723
Epoch 2/30

  10/1297 [..............................] - ETA: 0s - loss: 0.0451 - acc: 1.0000
 370/1297 [=======>......................] - ETA: 0s - loss: 0.0716 - acc: 0.9811
 750/1297 [================>.............] - ETA: 0s - loss: 0.0578 - acc: 0.9893
1080/1297 [=======================>......] - ETA: 0s - loss: 0.0587 - acc: 0.9880
1297/1297 [==============================] - 0s 156us/step - loss: 0.0598 - acc: 0.9861 - val_loss: 0.0905 - val_acc: 0.9631
Epoch 3/30

  10/1297 [..............................] - ETA: 0s - loss: 0.0494 - acc: 1.0000
 350/1297 [=======>......................] - ETA: 0s - loss: 0.0246 - acc: 1.0000
 690/1297 [==============>...............] - ETA: 0s - loss: 0.0246 - acc: 1.0000
1030/1297 [======================>.......] - ETA: 0s - loss: 0.0289 - acc: 0.9971
1297/1297 [==============================] - 0s 160us/step - loss: 0.0304 - acc: 0.9969 - val_loss: 0.0783 - val_acc: 0.9723
Epoch 4/30

  10/1297 [..............................] - ETA: 0s - loss: 0.0208 - acc: 1.0000
 350/1297 [=======>......................] - ETA: 0s - loss: 0.0232 - acc: 0.9943
 680/1297 [==============>...............] - ETA: 0s - loss: 0.0190 - acc: 0.9971
1010/1297 [======================>.......] - ETA: 0s - loss: 0.0184 - acc: 0.9970
1297/1297 [==============================] - 0s 162us/step - loss: 0.0167 - acc: 0.9977 - val_loss: 0.0681 - val_acc: 0.9754
Epoch 5/30

  10/1297 [..............................] - ETA: 0s - loss: 0.0047 - acc: 1.0000
 360/1297 [=======>......................] - ETA: 0s - loss: 0.0048 - acc: 1.0000
 710/1297 [===============>..............] - ETA: 0s - loss: 0.0090 - acc: 0.9986
1050/1297 [=======================>......] - ETA: 0s - loss: 0.0084 - acc: 0.9990
1297/1297 [==============================] - 0s 160us/step - loss: 0.0094 - acc: 0.9985 - val_loss: 0.0763 - val_acc: 0.9785
Epoch 6/30

  10/1297 [..............................] - ETA: 0s - loss: 0.0039 - acc: 1.0000
 330/1297 [======>.......................] - ETA: 0s - loss: 0.0051 - acc: 1.0000
 670/1297 [==============>...............] - ETA: 0s - loss: 0.0075 - acc: 0.9985
1010/1297 [======================>.......] - ETA: 0s - loss: 0.0090 - acc: 0.9980
1297/1297 [==============================] - 0s 164us/step - loss: 0.0085 - acc: 0.9985 - val_loss: 0.0672 - val_acc: 0.9815
Epoch 7/30

  10/1297 [..............................] - ETA: 0s - loss: 0.0029 - acc: 1.0000
 330/1297 [======>.......................] - ETA: 0s - loss: 0.0048 - acc: 1.0000
 670/1297 [==============>...............] - ETA: 0s - loss: 0.0038 - acc: 1.0000
1020/1297 [======================>.......] - ETA: 0s - loss: 0.0072 - acc: 0.9990
1297/1297 [==============================] - 0s 159us/step - loss: 0.0061 - acc: 0.9992 - val_loss: 0.0661 - val_acc: 0.9785
Epoch 8/30

  10/1297 [..............................] - ETA: 0s - loss: 0.0015 - acc: 1.0000
 360/1297 [=======>......................] - ETA: 0s - loss: 0.0040 - acc: 1.0000
 710/1297 [===============>..............] - ETA: 0s - loss: 0.0042 - acc: 1.0000
1040/1297 [=======================>......] - ETA: 0s - loss: 0.0037 - acc: 1.0000
1297/1297 [==============================] - 0s 159us/step - loss: 0.0034 - acc: 1.0000 - val_loss: 0.0694 - val_acc: 0.9815
Epoch 9/30

  10/1297 [..............................] - ETA: 0s - loss: 8.6578e-04 - acc: 1.0000
 350/1297 [=======>......................] - ETA: 0s - loss: 0.0060 - acc: 0.9971    
 690/1297 [==============>...............] - ETA: 0s - loss: 0.0044 - acc: 0.9986
1020/1297 [======================>.......] - ETA: 0s - loss: 0.0043 - acc: 0.9990
1297/1297 [==============================] - 0s 162us/step - loss: 0.0037 - acc: 0.9992 - val_loss: 0.0655 - val_acc: 0.9785
Epoch 10/30

  10/1297 [..............................] - ETA: 0s - loss: 7.9809e-04 - acc: 1.0000
 350/1297 [=======>......................] - ETA: 0s - loss: 0.0018 - acc: 1.0000    
 690/1297 [==============>...............] - ETA: 0s - loss: 0.0015 - acc: 1.0000
1040/1297 [=======================>......] - ETA: 0s - loss: 0.0032 - acc: 0.9990
1297/1297 [==============================] - 0s 158us/step - loss: 0.0029 - acc: 0.9992 - val_loss: 0.0702 - val_acc: 0.9754
Epoch 11/30

  10/1297 [..............................] - ETA: 0s - loss: 0.0012 - acc: 1.0000
 360/1297 [=======>......................] - ETA: 0s - loss: 0.0027 - acc: 1.0000
 710/1297 [===============>..............] - ETA: 0s - loss: 0.0019 - acc: 1.0000
1060/1297 [=======================>......] - ETA: 0s - loss: 0.0019 - acc: 1.0000
1297/1297 [==============================] - 0s 155us/step - loss: 0.0018 - acc: 1.0000 - val_loss: 0.0667 - val_acc: 0.9785
Epoch 12/30

  10/1297 [..............................] - ETA: 0s - loss: 0.0018 - acc: 1.0000
 330/1297 [======>.......................] - ETA: 0s - loss: 0.0010 - acc: 1.0000
 650/1297 [==============>...............] - ETA: 0s - loss: 0.0040 - acc: 0.9985
 980/1297 [=====================>........] - ETA: 0s - loss: 0.0031 - acc: 0.9990
1297/1297 [==============================] - 0s 165us/step - loss: 0.0028 - acc: 0.9992 - val_loss: 0.0607 - val_acc: 0.9785
Epoch 13/30

  10/1297 [..............................] - ETA: 0s - loss: 7.6705e-04 - acc: 1.0000
 350/1297 [=======>......................] - ETA: 0s - loss: 0.0015 - acc: 1.0000    
 680/1297 [==============>...............] - ETA: 0s - loss: 0.0045 - acc: 0.9985
1020/1297 [======================>.......] - ETA: 0s - loss: 0.0035 - acc: 0.9990
1297/1297 [==============================] - 0s 162us/step - loss: 0.0032 - acc: 0.9992 - val_loss: 0.0598 - val_acc: 0.9754
Epoch 14/30

  10/1297 [..............................] - ETA: 0s - loss: 0.0030 - acc: 1.0000
 360/1297 [=======>......................] - ETA: 0s - loss: 0.0059 - acc: 0.9972
 710/1297 [===============>..............] - ETA: 0s - loss: 0.0039 - acc: 0.9986
1060/1297 [=======================>......] - ETA: 0s - loss: 0.0029 - acc: 0.9991
1297/1297 [==============================] - 0s 155us/step - loss: 0.0026 - acc: 0.9992 - val_loss: 0.0604 - val_acc: 0.9785
acc: 98.15%
Train on 1297 samples, validate on 325 samples
Epoch 1/30

  10/1297 [..............................] - ETA: 1:16 - loss: 0.6525 - acc: 0.7000
 370/1297 [=======>......................] - ETA: 1s - loss: 0.5110 - acc: 0.7838  
 740/1297 [================>.............] - ETA: 0s - loss: 0.3474 - acc: 0.8757
1100/1297 [========================>.....] - ETA: 0s - loss: 0.2764 - acc: 0.9018
1297/1297 [==============================] - 1s 661us/step - loss: 0.2494 - acc: 0.9129 - val_loss: 0.0906 - val_acc: 0.9723
Epoch 2/30

  10/1297 [..............................] - ETA: 0s - loss: 0.0279 - acc: 1.0000
 360/1297 [=======>......................] - ETA: 0s - loss: 0.0459 - acc: 0.9972
 720/1297 [===============>..............] - ETA: 0s - loss: 0.0609 - acc: 0.9875
1080/1297 [=======================>......] - ETA: 0s - loss: 0.0630 - acc: 0.9861
1297/1297 [==============================] - 0s 154us/step - loss: 0.0632 - acc: 0.9861 - val_loss: 0.0833 - val_acc: 0.9785
Epoch 3/30

  10/1297 [..............................] - ETA: 0s - loss: 0.0270 - acc: 1.0000
 360/1297 [=======>......................] - ETA: 0s - loss: 0.0233 - acc: 1.0000
 710/1297 [===============>..............] - ETA: 0s - loss: 0.0304 - acc: 0.9958
1060/1297 [=======================>......] - ETA: 0s - loss: 0.0292 - acc: 0.9962
1297/1297 [==============================] - 0s 157us/step - loss: 0.0289 - acc: 0.9954 - val_loss: 0.0800 - val_acc: 0.9754
Epoch 4/30

  10/1297 [..............................] - ETA: 0s - loss: 0.0035 - acc: 1.0000
 350/1297 [=======>......................] - ETA: 0s - loss: 0.0171 - acc: 0.9971
 680/1297 [==============>...............] - ETA: 0s - loss: 0.0193 - acc: 0.9971
1020/1297 [======================>.......] - ETA: 0s - loss: 0.0209 - acc: 0.9961
1297/1297 [==============================] - 0s 164us/step - loss: 0.0197 - acc: 0.9969 - val_loss: 0.0629 - val_acc: 0.9785
Epoch 5/30

  10/1297 [..............................] - ETA: 0s - loss: 0.0110 - acc: 1.0000
 340/1297 [======>.......................] - ETA: 0s - loss: 0.0113 - acc: 0.9971
 670/1297 [==============>...............] - ETA: 0s - loss: 0.0105 - acc: 0.9985
 980/1297 [=====================>........] - ETA: 0s - loss: 0.0103 - acc: 0.9990
1297/1297 [==============================] - 0s 168us/step - loss: 0.0091 - acc: 0.9992 - val_loss: 0.0713 - val_acc: 0.9785
Epoch 6/30

  10/1297 [..............................] - ETA: 0s - loss: 0.0023 - acc: 1.0000
 350/1297 [=======>......................] - ETA: 0s - loss: 0.0060 - acc: 0.9971
 690/1297 [==============>...............] - ETA: 0s - loss: 0.0060 - acc: 0.9986
1040/1297 [=======================>......] - ETA: 0s - loss: 0.0054 - acc: 0.9990
1297/1297 [==============================] - 0s 158us/step - loss: 0.0062 - acc: 0.9985 - val_loss: 0.0848 - val_acc: 0.9723
Epoch 7/30

  10/1297 [..............................] - ETA: 0s - loss: 0.0011 - acc: 1.0000
 360/1297 [=======>......................] - ETA: 0s - loss: 0.0050 - acc: 1.0000
 710/1297 [===============>..............] - ETA: 0s - loss: 0.0054 - acc: 0.9986
1040/1297 [=======================>......] - ETA: 0s - loss: 0.0050 - acc: 0.9990
1297/1297 [==============================] - 0s 162us/step - loss: 0.0046 - acc: 0.9992 - val_loss: 0.0678 - val_acc: 0.9754
Epoch 8/30

  10/1297 [..............................] - ETA: 0s - loss: 0.0023 - acc: 1.0000
 340/1297 [======>.......................] - ETA: 0s - loss: 0.0022 - acc: 1.0000
 670/1297 [==============>...............] - ETA: 0s - loss: 0.0026 - acc: 1.0000
1010/1297 [======================>.......] - ETA: 0s - loss: 0.0033 - acc: 1.0000
1297/1297 [==============================] - 0s 164us/step - loss: 0.0032 - acc: 1.0000 - val_loss: 0.0691 - val_acc: 0.9754
Epoch 9/30

  10/1297 [..............................] - ETA: 0s - loss: 0.0046 - acc: 1.0000
 350/1297 [=======>......................] - ETA: 0s - loss: 0.0023 - acc: 1.0000
 690/1297 [==============>...............] - ETA: 0s - loss: 0.0031 - acc: 0.9986
1040/1297 [=======================>......] - ETA: 0s - loss: 0.0027 - acc: 0.9990
1297/1297 [==============================] - 0s 161us/step - loss: 0.0027 - acc: 0.9992 - val_loss: 0.0676 - val_acc: 0.9754
Epoch 10/30

  10/1297 [..............................] - ETA: 0s - loss: 0.0013 - acc: 1.0000
 360/1297 [=======>......................] - ETA: 0s - loss: 0.0014 - acc: 1.0000
 700/1297 [===============>..............] - ETA: 0s - loss: 0.0015 - acc: 1.0000
1050/1297 [=======================>......] - ETA: 0s - loss: 0.0018 - acc: 1.0000
1297/1297 [==============================] - 0s 161us/step - loss: 0.0017 - acc: 1.0000 - val_loss: 0.0714 - val_acc: 0.9754
acc: 97.85%
Train on 1298 samples, validate on 324 samples
Epoch 1/30

  10/1298 [..............................] - ETA: 1:31 - loss: 0.6806 - acc: 0.6000
 360/1298 [=======>......................] - ETA: 1s - loss: 0.4865 - acc: 0.7889  
 730/1298 [===============>..............] - ETA: 0s - loss: 0.3364 - acc: 0.8753
1100/1298 [========================>.....] - ETA: 0s - loss: 0.2685 - acc: 0.9045
1298/1298 [==============================] - 1s 765us/step - loss: 0.2390 - acc: 0.9160 - val_loss: 0.0934 - val_acc: 0.9660
Epoch 2/30

  10/1298 [..............................] - ETA: 0s - loss: 0.0513 - acc: 1.0000
 350/1298 [=======>......................] - ETA: 0s - loss: 0.0543 - acc: 0.9914
 710/1298 [===============>..............] - ETA: 0s - loss: 0.0591 - acc: 0.9859
1070/1298 [=======================>......] - ETA: 0s - loss: 0.0565 - acc: 0.9869
1298/1298 [==============================] - 0s 155us/step - loss: 0.0576 - acc: 0.9861 - val_loss: 0.0698 - val_acc: 0.9722
Epoch 3/30

  10/1298 [..............................] - ETA: 0s - loss: 0.0106 - acc: 1.0000
 340/1298 [======>.......................] - ETA: 0s - loss: 0.0199 - acc: 1.0000
 670/1298 [==============>...............] - ETA: 0s - loss: 0.0187 - acc: 1.0000
1000/1298 [======================>.......] - ETA: 0s - loss: 0.0204 - acc: 0.9990
1298/1298 [==============================] - 0s 166us/step - loss: 0.0227 - acc: 0.9977 - val_loss: 0.0730 - val_acc: 0.9815
Epoch 4/30

  10/1298 [..............................] - ETA: 0s - loss: 0.0092 - acc: 1.0000
 320/1298 [======>.......................] - ETA: 0s - loss: 0.0122 - acc: 1.0000
 630/1298 [=============>................] - ETA: 0s - loss: 0.0111 - acc: 1.0000
 950/1298 [====================>.........] - ETA: 0s - loss: 0.0127 - acc: 0.9989
1270/1298 [============================>.] - ETA: 0s - loss: 0.0112 - acc: 0.9992
1298/1298 [==============================] - 0s 173us/step - loss: 0.0110 - acc: 0.9992 - val_loss: 0.0730 - val_acc: 0.9722
Epoch 5/30

  10/1298 [..............................] - ETA: 0s - loss: 0.0075 - acc: 1.0000
 330/1298 [======>.......................] - ETA: 0s - loss: 0.0054 - acc: 1.0000
 660/1298 [==============>...............] - ETA: 0s - loss: 0.0051 - acc: 1.0000
 990/1298 [=====================>........] - ETA: 0s - loss: 0.0071 - acc: 0.9990
1298/1298 [==============================] - 0s 165us/step - loss: 0.0065 - acc: 0.9992 - val_loss: 0.0727 - val_acc: 0.9753
Epoch 6/30

  10/1298 [..............................] - ETA: 0s - loss: 0.0019 - acc: 1.0000
 340/1298 [======>.......................] - ETA: 0s - loss: 0.0037 - acc: 1.0000
 640/1298 [=============>................] - ETA: 0s - loss: 0.0037 - acc: 1.0000
 960/1298 [=====================>........] - ETA: 0s - loss: 0.0038 - acc: 1.0000
1298/1298 [==============================] - 0s 168us/step - loss: 0.0042 - acc: 1.0000 - val_loss: 0.0725 - val_acc: 0.9722
Epoch 7/30

  10/1298 [..............................] - ETA: 0s - loss: 0.0018 - acc: 1.0000
 340/1298 [======>.......................] - ETA: 0s - loss: 0.0022 - acc: 1.0000
 650/1298 [==============>...............] - ETA: 0s - loss: 0.0024 - acc: 1.0000
 970/1298 [=====================>........] - ETA: 0s - loss: 0.0024 - acc: 1.0000
1298/1298 [==============================] - 0s 168us/step - loss: 0.0029 - acc: 1.0000 - val_loss: 0.0724 - val_acc: 0.9753
Epoch 8/30

  10/1298 [..............................] - ETA: 0s - loss: 0.0015 - acc: 1.0000
 340/1298 [======>.......................] - ETA: 0s - loss: 0.0020 - acc: 1.0000
 670/1298 [==============>...............] - ETA: 0s - loss: 0.0019 - acc: 1.0000
1010/1298 [======================>.......] - ETA: 0s - loss: 0.0020 - acc: 1.0000
1298/1298 [==============================] - 0s 164us/step - loss: 0.0021 - acc: 1.0000 - val_loss: 0.0757 - val_acc: 0.9722
Epoch 9/30

  10/1298 [..............................] - ETA: 0s - loss: 9.1213e-04 - acc: 1.0000
 350/1298 [=======>......................] - ETA: 0s - loss: 0.0016 - acc: 1.0000    
 680/1298 [==============>...............] - ETA: 0s - loss: 0.0015 - acc: 1.0000
1000/1298 [======================>.......] - ETA: 0s - loss: 0.0015 - acc: 1.0000
1298/1298 [==============================] - 0s 167us/step - loss: 0.0017 - acc: 1.0000 - val_loss: 0.0763 - val_acc: 0.9722
Epoch 10/30

  10/1298 [..............................] - ETA: 0s - loss: 4.1001e-04 - acc: 1.0000
 340/1298 [======>.......................] - ETA: 0s - loss: 0.0011 - acc: 1.0000    
 680/1298 [==============>...............] - ETA: 0s - loss: 0.0013 - acc: 1.0000
1000/1298 [======================>.......] - ETA: 0s - loss: 0.0014 - acc: 1.0000
1298/1298 [==============================] - 0s 166us/step - loss: 0.0014 - acc: 1.0000 - val_loss: 0.0780 - val_acc: 0.9722
Epoch 11/30

  10/1298 [..............................] - ETA: 0s - loss: 9.7488e-04 - acc: 1.0000
 350/1298 [=======>......................] - ETA: 0s - loss: 9.9527e-04 - acc: 1.0000
 690/1298 [==============>...............] - ETA: 0s - loss: 0.0012 - acc: 1.0000    
1020/1298 [======================>.......] - ETA: 0s - loss: 0.0011 - acc: 1.0000
1298/1298 [==============================] - 0s 163us/step - loss: 0.0011 - acc: 1.0000 - val_loss: 0.0796 - val_acc: 0.9753
acc: 98.15%
Train on 1299 samples, validate on 323 samples
Epoch 1/30

  10/1299 [..............................] - ETA: 1:42 - loss: 0.6707 - acc: 0.6000
 350/1299 [=======>......................] - ETA: 2s - loss: 0.4726 - acc: 0.7800  
 700/1299 [===============>..............] - ETA: 0s - loss: 0.3229 - acc: 0.8786
1060/1299 [=======================>......] - ETA: 0s - loss: 0.2609 - acc: 0.9066
1299/1299 [==============================] - 1s 837us/step - loss: 0.2331 - acc: 0.9176 - val_loss: 0.0801 - val_acc: 0.9752
Epoch 2/30

  10/1299 [..............................] - ETA: 0s - loss: 0.0638 - acc: 1.0000
 300/1299 [=====>........................] - ETA: 0s - loss: 0.0542 - acc: 0.9900
 630/1299 [=============>................] - ETA: 0s - loss: 0.0675 - acc: 0.9841
1000/1299 [======================>.......] - ETA: 0s - loss: 0.0637 - acc: 0.9840
1299/1299 [==============================] - 0s 161us/step - loss: 0.0582 - acc: 0.9861 - val_loss: 0.0678 - val_acc: 0.9783
Epoch 3/30

  10/1299 [..............................] - ETA: 0s - loss: 0.0183 - acc: 1.0000
 350/1299 [=======>......................] - ETA: 0s - loss: 0.0292 - acc: 0.9914
 670/1299 [==============>...............] - ETA: 0s - loss: 0.0265 - acc: 0.9940
1010/1299 [======================>.......] - ETA: 0s - loss: 0.0265 - acc: 0.9941
1299/1299 [==============================] - 0s 165us/step - loss: 0.0279 - acc: 0.9946 - val_loss: 0.0792 - val_acc: 0.9752
Epoch 4/30

  10/1299 [..............................] - ETA: 0s - loss: 0.0142 - acc: 1.0000
 330/1299 [======>.......................] - ETA: 0s - loss: 0.0133 - acc: 1.0000
 660/1299 [==============>...............] - ETA: 0s - loss: 0.0187 - acc: 0.9970
 980/1299 [=====================>........] - ETA: 0s - loss: 0.0216 - acc: 0.9959
1299/1299 [==============================] - 0s 169us/step - loss: 0.0192 - acc: 0.9969 - val_loss: 0.0663 - val_acc: 0.9814
Epoch 5/30

  10/1299 [..............................] - ETA: 0s - loss: 0.0027 - acc: 1.0000
 330/1299 [======>.......................] - ETA: 0s - loss: 0.0067 - acc: 1.0000
 660/1299 [==============>...............] - ETA: 0s - loss: 0.0060 - acc: 1.0000
 970/1299 [=====================>........] - ETA: 0s - loss: 0.0079 - acc: 0.9990
1260/1299 [============================>.] - ETA: 0s - loss: 0.0078 - acc: 0.9992
1299/1299 [==============================] - 0s 175us/step - loss: 0.0091 - acc: 0.9985 - val_loss: 0.0658 - val_acc: 0.9814
Epoch 6/30

  10/1299 [..............................] - ETA: 0s - loss: 0.0018 - acc: 1.0000
 350/1299 [=======>......................] - ETA: 0s - loss: 0.0145 - acc: 0.9943
 690/1299 [==============>...............] - ETA: 0s - loss: 0.0095 - acc: 0.9971
1030/1299 [======================>.......] - ETA: 0s - loss: 0.0093 - acc: 0.9971
1299/1299 [==============================] - 0s 162us/step - loss: 0.0082 - acc: 0.9977 - val_loss: 0.0647 - val_acc: 0.9814
Epoch 7/30

  10/1299 [..............................] - ETA: 0s - loss: 9.8555e-04 - acc: 1.0000
 340/1299 [======>.......................] - ETA: 0s - loss: 0.0025 - acc: 1.0000    
 670/1299 [==============>...............] - ETA: 0s - loss: 0.0028 - acc: 1.0000
1000/1299 [======================>.......] - ETA: 0s - loss: 0.0048 - acc: 0.9990
1299/1299 [==============================] - 0s 168us/step - loss: 0.0048 - acc: 0.9992 - val_loss: 0.0679 - val_acc: 0.9783
Epoch 8/30

  10/1299 [..............................] - ETA: 0s - loss: 0.0019 - acc: 1.0000
 350/1299 [=======>......................] - ETA: 0s - loss: 0.0028 - acc: 1.0000
 680/1299 [==============>...............] - ETA: 0s - loss: 0.0053 - acc: 0.9985
1000/1299 [======================>.......] - ETA: 0s - loss: 0.0046 - acc: 0.9990
1299/1299 [==============================] - 0s 166us/step - loss: 0.0042 - acc: 0.9992 - val_loss: 0.0675 - val_acc: 0.9783
Epoch 9/30

  10/1299 [..............................] - ETA: 0s - loss: 0.0027 - acc: 1.0000
 340/1299 [======>.......................] - ETA: 0s - loss: 0.0026 - acc: 1.0000
 670/1299 [==============>...............] - ETA: 0s - loss: 0.0022 - acc: 1.0000
 990/1299 [=====================>........] - ETA: 0s - loss: 0.0019 - acc: 1.0000
1299/1299 [==============================] - 0s 165us/step - loss: 0.0027 - acc: 0.9992 - val_loss: 0.0744 - val_acc: 0.9783
Epoch 10/30

  10/1299 [..............................] - ETA: 0s - loss: 0.0021 - acc: 1.0000
 350/1299 [=======>......................] - ETA: 0s - loss: 0.0025 - acc: 1.0000
 680/1299 [==============>...............] - ETA: 0s - loss: 0.0034 - acc: 1.0000
 980/1299 [=====================>........] - ETA: 0s - loss: 0.0028 - acc: 1.0000
1299/1299 [==============================] - 0s 169us/step - loss: 0.0023 - acc: 1.0000 - val_loss: 0.0720 - val_acc: 0.9783
Epoch 11/30

  10/1299 [..............................] - ETA: 0s - loss: 6.5888e-04 - acc: 1.0000
 330/1299 [======>.......................] - ETA: 0s - loss: 0.0012 - acc: 1.0000    
 660/1299 [==============>...............] - ETA: 0s - loss: 0.0011 - acc: 1.0000
 970/1299 [=====================>........] - ETA: 0s - loss: 0.0013 - acc: 1.0000
1299/1299 [==============================] - 0s 169us/step - loss: 0.0014 - acc: 1.0000 - val_loss: 0.0726 - val_acc: 0.9783
Epoch 12/30

  10/1299 [..............................] - ETA: 0s - loss: 5.2175e-04 - acc: 1.0000
 350/1299 [=======>......................] - ETA: 0s - loss: 9.2250e-04 - acc: 1.0000
 690/1299 [==============>...............] - ETA: 0s - loss: 0.0010 - acc: 1.0000    
1030/1299 [======================>.......] - ETA: 0s - loss: 0.0012 - acc: 1.0000
1299/1299 [==============================] - 0s 159us/step - loss: 0.0011 - acc: 1.0000 - val_loss: 0.0728 - val_acc: 0.9783
acc: 98.14%
Accuracy: 97.78% (+/- 0.59%)
