Train on 1297 samples, validate on 325 samples
Epoch 1/30

  50/1297 [>.............................] - ETA: 10s - loss: 0.7022 - acc: 0.5400
1297/1297 [==============================] - 1s 405us/step - loss: 0.6103 - acc: 0.7533 - val_loss: 0.5352 - val_acc: 0.8738
Epoch 2/30

  50/1297 [>.............................] - ETA: 0s - loss: 0.5345 - acc: 0.9000
1297/1297 [==============================] - 0s 35us/step - loss: 0.4428 - acc: 0.9568 - val_loss: 0.3911 - val_acc: 0.9323
Epoch 3/30

  50/1297 [>.............................] - ETA: 0s - loss: 0.3245 - acc: 0.9800
1297/1297 [==============================] - 0s 35us/step - loss: 0.2979 - acc: 0.9746 - val_loss: 0.2882 - val_acc: 0.9385
Epoch 4/30

  50/1297 [>.............................] - ETA: 0s - loss: 0.2113 - acc: 1.0000
1297/1297 [==============================] - 0s 33us/step - loss: 0.2087 - acc: 0.9753 - val_loss: 0.2282 - val_acc: 0.9385
Epoch 5/30

  50/1297 [>.............................] - ETA: 0s - loss: 0.1957 - acc: 0.9600
1297/1297 [==============================] - 0s 32us/step - loss: 0.1574 - acc: 0.9776 - val_loss: 0.1940 - val_acc: 0.9415
Epoch 6/30

  50/1297 [>.............................] - ETA: 0s - loss: 0.1194 - acc: 0.9800
1297/1297 [==============================] - 0s 32us/step - loss: 0.1262 - acc: 0.9815 - val_loss: 0.1723 - val_acc: 0.9415
Epoch 7/30

  50/1297 [>.............................] - ETA: 0s - loss: 0.0963 - acc: 1.0000
1297/1297 [==============================] - 0s 32us/step - loss: 0.1054 - acc: 0.9854 - val_loss: 0.1583 - val_acc: 0.9446
Epoch 8/30

  50/1297 [>.............................] - ETA: 0s - loss: 0.0922 - acc: 0.9800
1297/1297 [==============================] - 0s 33us/step - loss: 0.0898 - acc: 0.9877 - val_loss: 0.1496 - val_acc: 0.9446
Epoch 9/30

  50/1297 [>.............................] - ETA: 0s - loss: 0.1040 - acc: 0.9800
1297/1297 [==============================] - 0s 32us/step - loss: 0.0783 - acc: 0.9884 - val_loss: 0.1420 - val_acc: 0.9477
Epoch 10/30

  50/1297 [>.............................] - ETA: 0s - loss: 0.0432 - acc: 1.0000
1297/1297 [==============================] - 0s 33us/step - loss: 0.0691 - acc: 0.9900 - val_loss: 0.1364 - val_acc: 0.9477
Epoch 11/30

  50/1297 [>.............................] - ETA: 0s - loss: 0.0984 - acc: 0.9800
1297/1297 [==============================] - 0s 37us/step - loss: 0.0617 - acc: 0.9931 - val_loss: 0.1325 - val_acc: 0.9508
Epoch 12/30

  50/1297 [>.............................] - ETA: 0s - loss: 0.0588 - acc: 1.0000
1297/1297 [==============================] - 0s 33us/step - loss: 0.0551 - acc: 0.9946 - val_loss: 0.1297 - val_acc: 0.9508
Epoch 13/30

  50/1297 [>.............................] - ETA: 0s - loss: 0.0629 - acc: 1.0000
1297/1297 [==============================] - 0s 36us/step - loss: 0.0501 - acc: 0.9946 - val_loss: 0.1282 - val_acc: 0.9477
acc: 95.08%
Train on 1297 samples, validate on 325 samples
Epoch 1/30

  50/1297 [>.............................] - ETA: 12s - loss: 0.7009 - acc: 0.4800
1297/1297 [==============================] - 1s 475us/step - loss: 0.6371 - acc: 0.7255 - val_loss: 0.5630 - val_acc: 0.8708
Epoch 2/30

  50/1297 [>.............................] - ETA: 0s - loss: 0.5776 - acc: 0.7600
1297/1297 [==============================] - 0s 34us/step - loss: 0.4890 - acc: 0.9314 - val_loss: 0.4182 - val_acc: 0.9508
Epoch 3/30

  50/1297 [>.............................] - ETA: 0s - loss: 0.4136 - acc: 0.9600
1297/1297 [==============================] - 0s 33us/step - loss: 0.3487 - acc: 0.9753 - val_loss: 0.3032 - val_acc: 0.9662
Epoch 4/30

  50/1297 [>.............................] - ETA: 0s - loss: 0.2867 - acc: 0.9800
1297/1297 [==============================] - 0s 36us/step - loss: 0.2496 - acc: 0.9746 - val_loss: 0.2296 - val_acc: 0.9723
Epoch 5/30

  50/1297 [>.............................] - ETA: 0s - loss: 0.1991 - acc: 1.0000
1297/1297 [==============================] - 0s 33us/step - loss: 0.1891 - acc: 0.9792 - val_loss: 0.1862 - val_acc: 0.9692
Epoch 6/30

  50/1297 [>.............................] - ETA: 0s - loss: 0.1745 - acc: 0.9600
1297/1297 [==============================] - 0s 34us/step - loss: 0.1505 - acc: 0.9800 - val_loss: 0.1575 - val_acc: 0.9692
acc: 97.23%
Train on 1297 samples, validate on 325 samples
Epoch 1/30

  50/1297 [>.............................] - ETA: 15s - loss: 0.6925 - acc: 0.4800
1297/1297 [==============================] - 1s 572us/step - loss: 0.6282 - acc: 0.7201 - val_loss: 0.5596 - val_acc: 0.8800
Epoch 2/30

  50/1297 [>.............................] - ETA: 0s - loss: 0.5383 - acc: 0.9400
1297/1297 [==============================] - 0s 43us/step - loss: 0.4782 - acc: 0.9468 - val_loss: 0.4129 - val_acc: 0.9723
Epoch 3/30

  50/1297 [>.............................] - ETA: 0s - loss: 0.4031 - acc: 0.9600
1297/1297 [==============================] - 0s 36us/step - loss: 0.3380 - acc: 0.9692 - val_loss: 0.2849 - val_acc: 0.9785
Epoch 4/30

  50/1297 [>.............................] - ETA: 0s - loss: 0.2720 - acc: 1.0000
1297/1297 [==============================] - 0s 36us/step - loss: 0.2394 - acc: 0.9753 - val_loss: 0.2076 - val_acc: 0.9785
Epoch 5/30

  50/1297 [>.............................] - ETA: 0s - loss: 0.2521 - acc: 0.9400
1297/1297 [==============================] - 0s 37us/step - loss: 0.1806 - acc: 0.9769 - val_loss: 0.1621 - val_acc: 0.9754
acc: 97.85%
Train on 1298 samples, validate on 324 samples
Epoch 1/30

  50/1298 [>.............................] - ETA: 17s - loss: 0.7092 - acc: 0.4400
1298/1298 [==============================] - 1s 636us/step - loss: 0.6343 - acc: 0.7257 - val_loss: 0.5543 - val_acc: 0.9012
Epoch 2/30

  50/1298 [>.............................] - ETA: 0s - loss: 0.5319 - acc: 0.9600
1298/1298 [==============================] - 0s 34us/step - loss: 0.4762 - acc: 0.9191 - val_loss: 0.4019 - val_acc: 0.9352
Epoch 3/30

  50/1298 [>.............................] - ETA: 0s - loss: 0.3860 - acc: 0.9600
1298/1298 [==============================] - 0s 33us/step - loss: 0.3327 - acc: 0.9622 - val_loss: 0.2802 - val_acc: 0.9753
Epoch 4/30

  50/1298 [>.............................] - ETA: 0s - loss: 0.2851 - acc: 0.9800
1298/1298 [==============================] - 0s 36us/step - loss: 0.2346 - acc: 0.9707 - val_loss: 0.2062 - val_acc: 0.9784
Epoch 5/30

  50/1298 [>.............................] - ETA: 0s - loss: 0.2046 - acc: 0.9800
1298/1298 [==============================] - 0s 34us/step - loss: 0.1763 - acc: 0.9761 - val_loss: 0.1634 - val_acc: 0.9753
Epoch 6/30

  50/1298 [>.............................] - ETA: 0s - loss: 0.1429 - acc: 1.0000
1298/1298 [==============================] - 0s 37us/step - loss: 0.1407 - acc: 0.9784 - val_loss: 0.1383 - val_acc: 0.9753
acc: 97.84%
Train on 1299 samples, validate on 323 samples
Epoch 1/30

  50/1299 [>.............................] - ETA: 19s - loss: 0.7312 - acc: 0.2600
1299/1299 [==============================] - 1s 719us/step - loss: 0.6387 - acc: 0.7321 - val_loss: 0.5726 - val_acc: 0.9071
Epoch 2/30

  50/1299 [>.............................] - ETA: 0s - loss: 0.5570 - acc: 0.9000
1299/1299 [==============================] - 0s 35us/step - loss: 0.4962 - acc: 0.9484 - val_loss: 0.4308 - val_acc: 0.9628
Epoch 3/30

  50/1299 [>.............................] - ETA: 0s - loss: 0.4264 - acc: 0.9600
1299/1299 [==============================] - 0s 33us/step - loss: 0.3610 - acc: 0.9654 - val_loss: 0.3091 - val_acc: 0.9598
Epoch 4/30

  50/1299 [>.............................] - ETA: 0s - loss: 0.2784 - acc: 0.9800
1299/1299 [==============================] - 0s 32us/step - loss: 0.2603 - acc: 0.9677 - val_loss: 0.2297 - val_acc: 0.9659
Epoch 5/30

  50/1299 [>.............................] - ETA: 0s - loss: 0.2453 - acc: 0.9200
1299/1299 [==============================] - 0s 36us/step - loss: 0.1971 - acc: 0.9738 - val_loss: 0.1820 - val_acc: 0.9659
Epoch 6/30

  50/1299 [>.............................] - ETA: 0s - loss: 0.2011 - acc: 0.9800
1299/1299 [==============================] - 0s 37us/step - loss: 0.1584 - acc: 0.9784 - val_loss: 0.1531 - val_acc: 0.9628
acc: 96.59%
Accuracy: 96.92% (+/- 1.03%)
