Train on 1574 samples, validate on 48 samples
Epoch 1/30

  20/1574 [..............................] - ETA: 39s - loss: 0.7001 - acc: 0.6000
 620/1574 [==========>...................] - ETA: 0s - loss: 0.3542 - acc: 0.8613 
1260/1574 [=======================>......] - ETA: 0s - loss: 0.2335 - acc: 0.9111
1574/1574 [==============================] - 1s 456us/step - loss: 0.2043 - acc: 0.9238 - val_loss: 0.0739 - val_acc: 0.9583
Epoch 2/30

  20/1574 [..............................] - ETA: 0s - loss: 0.0249 - acc: 1.0000
 480/1574 [========>.....................] - ETA: 0s - loss: 0.0363 - acc: 0.9958
1060/1574 [===================>..........] - ETA: 0s - loss: 0.0371 - acc: 0.9906
1574/1574 [==============================] - 0s 98us/step - loss: 0.0475 - acc: 0.9873 - val_loss: 0.0678 - val_acc: 0.9583
Epoch 3/30

  20/1574 [..............................] - ETA: 0s - loss: 0.0181 - acc: 1.0000
 560/1574 [=========>....................] - ETA: 0s - loss: 0.0259 - acc: 0.9946
1160/1574 [=====================>........] - ETA: 0s - loss: 0.0299 - acc: 0.9931
1574/1574 [==============================] - 0s 95us/step - loss: 0.0268 - acc: 0.9943 - val_loss: 0.0352 - val_acc: 0.9792
Epoch 4/30

  20/1574 [..............................] - ETA: 0s - loss: 0.0053 - acc: 1.0000
 460/1574 [=======>......................] - ETA: 0s - loss: 0.0173 - acc: 0.9978
 920/1574 [================>.............] - ETA: 0s - loss: 0.0177 - acc: 0.9978
1360/1574 [========================>.....] - ETA: 0s - loss: 0.0165 - acc: 0.9978
1574/1574 [==============================] - 0s 117us/step - loss: 0.0158 - acc: 0.9981 - val_loss: 0.0317 - val_acc: 1.0000
Epoch 5/30

  20/1574 [..............................] - ETA: 0s - loss: 0.0069 - acc: 1.0000
 460/1574 [=======>......................] - ETA: 0s - loss: 0.0059 - acc: 1.0000
 920/1574 [================>.............] - ETA: 0s - loss: 0.0064 - acc: 0.9989
1340/1574 [========================>.....] - ETA: 0s - loss: 0.0099 - acc: 0.9978
1574/1574 [==============================] - 0s 119us/step - loss: 0.0103 - acc: 0.9975 - val_loss: 0.0286 - val_acc: 1.0000
Epoch 6/30

  20/1574 [..............................] - ETA: 0s - loss: 0.0069 - acc: 1.0000
 460/1574 [=======>......................] - ETA: 0s - loss: 0.0096 - acc: 0.9978
 920/1574 [================>.............] - ETA: 0s - loss: 0.0107 - acc: 0.9967
1380/1574 [=========================>....] - ETA: 0s - loss: 0.0086 - acc: 0.9978
1574/1574 [==============================] - 0s 114us/step - loss: 0.0085 - acc: 0.9975 - val_loss: 0.0322 - val_acc: 1.0000
Epoch 7/30

  20/1574 [..............................] - ETA: 0s - loss: 0.0025 - acc: 1.0000
 480/1574 [========>.....................] - ETA: 0s - loss: 0.0058 - acc: 0.9979
 920/1574 [================>.............] - ETA: 0s - loss: 0.0071 - acc: 0.9978
1380/1574 [=========================>....] - ETA: 0s - loss: 0.0057 - acc: 0.9986
1574/1574 [==============================] - 0s 113us/step - loss: 0.0052 - acc: 0.9987 - val_loss: 0.0349 - val_acc: 0.9792
Epoch 8/30

  20/1574 [..............................] - ETA: 0s - loss: 0.0396 - acc: 0.9500
 460/1574 [=======>......................] - ETA: 0s - loss: 0.0033 - acc: 0.9978
 920/1574 [================>.............] - ETA: 0s - loss: 0.0025 - acc: 0.9989
1400/1574 [=========================>....] - ETA: 0s - loss: 0.0066 - acc: 0.9979
1574/1574 [==============================] - 0s 114us/step - loss: 0.0063 - acc: 0.9981 - val_loss: 0.0304 - val_acc: 0.9792
Epoch 9/30

  20/1574 [..............................] - ETA: 0s - loss: 0.0017 - acc: 1.0000
 500/1574 [========>.....................] - ETA: 0s - loss: 0.0028 - acc: 1.0000
 940/1574 [================>.............] - ETA: 0s - loss: 0.0023 - acc: 1.0000
1360/1574 [========================>.....] - ETA: 0s - loss: 0.0046 - acc: 0.9993
1574/1574 [==============================] - 0s 115us/step - loss: 0.0052 - acc: 0.9987 - val_loss: 0.0169 - val_acc: 1.0000
Epoch 10/30

  20/1574 [..............................] - ETA: 0s - loss: 4.6489e-04 - acc: 1.0000
 440/1574 [=======>......................] - ETA: 0s - loss: 0.0018 - acc: 1.0000    
 900/1574 [================>.............] - ETA: 0s - loss: 0.0024 - acc: 1.0000
1360/1574 [========================>.....] - ETA: 0s - loss: 0.0022 - acc: 1.0000
1574/1574 [==============================] - 0s 115us/step - loss: 0.0044 - acc: 0.9994 - val_loss: 0.0217 - val_acc: 1.0000
Epoch 11/30

  20/1574 [..............................] - ETA: 0s - loss: 0.0022 - acc: 1.0000
 480/1574 [========>.....................] - ETA: 0s - loss: 0.0073 - acc: 0.9979
 920/1574 [================>.............] - ETA: 0s - loss: 0.0050 - acc: 0.9989
1360/1574 [========================>.....] - ETA: 0s - loss: 0.0041 - acc: 0.9993
1574/1574 [==============================] - 0s 116us/step - loss: 0.0038 - acc: 0.9994 - val_loss: 0.0307 - val_acc: 0.9792
acc: 100.00%
Train on 1574 samples, validate on 48 samples
Epoch 1/30

  20/1574 [..............................] - ETA: 45s - loss: 0.6971 - acc: 0.5000
 600/1574 [==========>...................] - ETA: 1s - loss: 0.3782 - acc: 0.8617 
1180/1574 [=====================>........] - ETA: 0s - loss: 0.2500 - acc: 0.9110
1574/1574 [==============================] - 1s 503us/step - loss: 0.2136 - acc: 0.9257 - val_loss: 0.0399 - val_acc: 1.0000
Epoch 2/30

  20/1574 [..............................] - ETA: 0s - loss: 0.0357 - acc: 1.0000
 600/1574 [==========>...................] - ETA: 0s - loss: 0.0405 - acc: 0.9933
1160/1574 [=====================>........] - ETA: 0s - loss: 0.0463 - acc: 0.9888
1574/1574 [==============================] - 0s 92us/step - loss: 0.0518 - acc: 0.9873 - val_loss: 0.0236 - val_acc: 1.0000
Epoch 3/30

  20/1574 [..............................] - ETA: 0s - loss: 0.0102 - acc: 1.0000
 600/1574 [==========>...................] - ETA: 0s - loss: 0.0227 - acc: 0.9967
1160/1574 [=====================>........] - ETA: 0s - loss: 0.0278 - acc: 0.9931
1574/1574 [==============================] - 0s 91us/step - loss: 0.0290 - acc: 0.9917 - val_loss: 0.0260 - val_acc: 1.0000
Epoch 4/30

  20/1574 [..............................] - ETA: 0s - loss: 0.0555 - acc: 1.0000
 620/1574 [==========>...................] - ETA: 0s - loss: 0.0164 - acc: 0.9968
1240/1574 [======================>.......] - ETA: 0s - loss: 0.0180 - acc: 0.9960
1574/1574 [==============================] - 0s 84us/step - loss: 0.0191 - acc: 0.9956 - val_loss: 0.0113 - val_acc: 1.0000
Epoch 5/30

  20/1574 [..............................] - ETA: 0s - loss: 0.0048 - acc: 1.0000
 600/1574 [==========>...................] - ETA: 0s - loss: 0.0085 - acc: 1.0000
1200/1574 [=====================>........] - ETA: 0s - loss: 0.0108 - acc: 0.9983
1574/1574 [==============================] - 0s 88us/step - loss: 0.0130 - acc: 0.9975 - val_loss: 0.0143 - val_acc: 1.0000
Epoch 6/30

  20/1574 [..............................] - ETA: 0s - loss: 0.0095 - acc: 1.0000
 580/1574 [==========>...................] - ETA: 0s - loss: 0.0089 - acc: 0.9983
1080/1574 [===================>..........] - ETA: 0s - loss: 0.0082 - acc: 0.9981
1574/1574 [==============================] - 0s 100us/step - loss: 0.0079 - acc: 0.9981 - val_loss: 0.0083 - val_acc: 1.0000
Epoch 7/30

  20/1574 [..............................] - ETA: 0s - loss: 0.0011 - acc: 1.0000
 520/1574 [========>.....................] - ETA: 0s - loss: 0.0032 - acc: 1.0000
1100/1574 [===================>..........] - ETA: 0s - loss: 0.0042 - acc: 0.9991
1574/1574 [==============================] - 0s 95us/step - loss: 0.0054 - acc: 0.9987 - val_loss: 0.0051 - val_acc: 1.0000
Epoch 8/30

  20/1574 [..............................] - ETA: 0s - loss: 0.0026 - acc: 1.0000
 580/1574 [==========>...................] - ETA: 0s - loss: 0.0030 - acc: 1.0000
1160/1574 [=====================>........] - ETA: 0s - loss: 0.0032 - acc: 1.0000
1574/1574 [==============================] - 0s 91us/step - loss: 0.0043 - acc: 0.9994 - val_loss: 0.0043 - val_acc: 1.0000
