Train on 810 samples, validate on 812 samples
Epoch 1/30

 10/810 [..............................] - ETA: 40s - loss: 0.6038 - acc: 0.9000
330/810 [===========>..................] - ETA: 0s - loss: 0.4808 - acc: 0.8061 
640/810 [======================>.......] - ETA: 0s - loss: 0.3336 - acc: 0.8859
810/810 [==============================] - 1s 888us/step - loss: 0.2944 - acc: 0.8975 - val_loss: 0.1325 - val_acc: 0.9618
Epoch 2/30

 10/810 [..............................] - ETA: 0s - loss: 0.0601 - acc: 1.0000
340/810 [===========>..................] - ETA: 0s - loss: 0.0576 - acc: 0.9941
650/810 [=======================>......] - ETA: 0s - loss: 0.0650 - acc: 0.9846
810/810 [==============================] - 0s 208us/step - loss: 0.0629 - acc: 0.9864 - val_loss: 0.1064 - val_acc: 0.9618
Epoch 3/30

 10/810 [..............................] - ETA: 0s - loss: 0.0207 - acc: 1.0000
310/810 [==========>...................] - ETA: 0s - loss: 0.0283 - acc: 1.0000
610/810 [=====================>........] - ETA: 0s - loss: 0.0255 - acc: 0.9984
810/810 [==============================] - 0s 214us/step - loss: 0.0325 - acc: 0.9938 - val_loss: 0.0981 - val_acc: 0.9631
Epoch 4/30

 10/810 [..............................] - ETA: 0s - loss: 0.0157 - acc: 1.0000
310/810 [==========>...................] - ETA: 0s - loss: 0.0158 - acc: 0.9968
610/810 [=====================>........] - ETA: 0s - loss: 0.0144 - acc: 0.9984
810/810 [==============================] - 0s 217us/step - loss: 0.0159 - acc: 0.9975 - val_loss: 0.0932 - val_acc: 0.9655
Epoch 5/30

 10/810 [..............................] - ETA: 0s - loss: 0.0036 - acc: 1.0000
310/810 [==========>...................] - ETA: 0s - loss: 0.0108 - acc: 0.9968
610/810 [=====================>........] - ETA: 0s - loss: 0.0130 - acc: 0.9967
810/810 [==============================] - 0s 218us/step - loss: 0.0118 - acc: 0.9975 - val_loss: 0.0965 - val_acc: 0.9655
Epoch 6/30

 10/810 [..............................] - ETA: 0s - loss: 0.0044 - acc: 1.0000
340/810 [===========>..................] - ETA: 0s - loss: 0.0063 - acc: 1.0000
630/810 [======================>.......] - ETA: 0s - loss: 0.0054 - acc: 1.0000
810/810 [==============================] - 0s 216us/step - loss: 0.0073 - acc: 0.9988 - val_loss: 0.0974 - val_acc: 0.9643
acc: 96.55%
Train on 812 samples, validate on 810 samples
Epoch 1/30

 10/812 [..............................] - ETA: 46s - loss: 0.6833 - acc: 0.7000
270/812 [========>.....................] - ETA: 1s - loss: 0.5390 - acc: 0.7667 
590/812 [====================>.........] - ETA: 0s - loss: 0.3886 - acc: 0.8678
812/812 [==============================] - 1s 1ms/step - loss: 0.3313 - acc: 0.8904 - val_loss: 0.1127 - val_acc: 0.9765
Epoch 2/30

 10/812 [..............................] - ETA: 0s - loss: 0.0867 - acc: 1.0000
330/812 [===========>..................] - ETA: 0s - loss: 0.1118 - acc: 0.9697
640/812 [======================>.......] - ETA: 0s - loss: 0.1016 - acc: 0.9750
812/812 [==============================] - 0s 204us/step - loss: 0.0928 - acc: 0.9754 - val_loss: 0.0700 - val_acc: 0.9840
Epoch 3/30

 10/812 [..............................] - ETA: 0s - loss: 0.0671 - acc: 1.0000
340/812 [===========>..................] - ETA: 0s - loss: 0.0482 - acc: 0.9912
620/812 [=====================>........] - ETA: 0s - loss: 0.0433 - acc: 0.9919
812/812 [==============================] - 0s 215us/step - loss: 0.0413 - acc: 0.9914 - val_loss: 0.0635 - val_acc: 0.9790
Epoch 4/30

 10/812 [..............................] - ETA: 0s - loss: 0.0179 - acc: 1.0000
320/812 [==========>...................] - ETA: 0s - loss: 0.0189 - acc: 1.0000
640/812 [======================>.......] - ETA: 0s - loss: 0.0188 - acc: 1.0000
812/812 [==============================] - 0s 208us/step - loss: 0.0203 - acc: 0.9988 - val_loss: 0.0586 - val_acc: 0.9815
acc: 98.40%
Accuracy: 97.47% (+/- 0.92%)
