Train on 1297 samples, validate on 325 samples
Epoch 1/30

 100/1297 [=>............................] - ETA: 5s - loss: 0.6846 - acc: 0.6000
1297/1297 [==============================] - 1s 429us/step - loss: 0.6534 - acc: 0.6469 - val_loss: 0.6052 - val_acc: 0.8062
Epoch 2/30

 100/1297 [=>............................] - ETA: 0s - loss: 0.6192 - acc: 0.7700
1297/1297 [==============================] - 0s 23us/step - loss: 0.5380 - acc: 0.9067 - val_loss: 0.5043 - val_acc: 0.9169
Epoch 3/30

 100/1297 [=>............................] - ETA: 0s - loss: 0.4694 - acc: 0.9200
1297/1297 [==============================] - 0s 19us/step - loss: 0.4327 - acc: 0.9553 - val_loss: 0.4100 - val_acc: 0.9508
Epoch 4/30

 100/1297 [=>............................] - ETA: 0s - loss: 0.3753 - acc: 0.9700
1297/1297 [==============================] - 0s 24us/step - loss: 0.3398 - acc: 0.9707 - val_loss: 0.3293 - val_acc: 0.9538
Epoch 5/30

 100/1297 [=>............................] - ETA: 0s - loss: 0.2786 - acc: 0.9900
1297/1297 [==============================] - 0s 20us/step - loss: 0.2663 - acc: 0.9738 - val_loss: 0.2695 - val_acc: 0.9631
Epoch 6/30

 100/1297 [=>............................] - ETA: 0s - loss: 0.1999 - acc: 0.9900
1297/1297 [==============================] - 0s 17us/step - loss: 0.2137 - acc: 0.9746 - val_loss: 0.2278 - val_acc: 0.9631
Epoch 7/30

 100/1297 [=>............................] - ETA: 0s - loss: 0.1802 - acc: 0.9900
1297/1297 [==============================] - 0s 18us/step - loss: 0.1766 - acc: 0.9776 - val_loss: 0.1996 - val_acc: 0.9662
Epoch 8/30

 100/1297 [=>............................] - ETA: 0s - loss: 0.1593 - acc: 0.9700
1297/1297 [==============================] - 0s 17us/step - loss: 0.1508 - acc: 0.9792 - val_loss: 0.1801 - val_acc: 0.9631
Epoch 9/30

 100/1297 [=>............................] - ETA: 0s - loss: 0.1336 - acc: 0.9900
1297/1297 [==============================] - 0s 17us/step - loss: 0.1308 - acc: 0.9823 - val_loss: 0.1653 - val_acc: 0.9662
acc: 96.62%
Train on 1297 samples, validate on 325 samples
Epoch 1/30

 100/1297 [=>............................] - ETA: 7s - loss: 0.6890 - acc: 0.5400
1297/1297 [==============================] - 1s 524us/step - loss: 0.6503 - acc: 0.6523 - val_loss: 0.6029 - val_acc: 0.7938
Epoch 2/30

 100/1297 [=>............................] - ETA: 0s - loss: 0.5773 - acc: 0.8300
1297/1297 [==============================] - 0s 22us/step - loss: 0.5576 - acc: 0.8527 - val_loss: 0.5198 - val_acc: 0.8954
Epoch 3/30

 100/1297 [=>............................] - ETA: 0s - loss: 0.5177 - acc: 0.9000
1297/1297 [==============================] - 0s 19us/step - loss: 0.4688 - acc: 0.9414 - val_loss: 0.4332 - val_acc: 0.9446
Epoch 4/30

 100/1297 [=>............................] - ETA: 0s - loss: 0.4416 - acc: 0.9400
1297/1297 [==============================] - 0s 22us/step - loss: 0.3813 - acc: 0.9692 - val_loss: 0.3552 - val_acc: 0.9569
Epoch 5/30

 100/1297 [=>............................] - ETA: 0s - loss: 0.3262 - acc: 0.9700
1297/1297 [==============================] - 0s 22us/step - loss: 0.3074 - acc: 0.9730 - val_loss: 0.2930 - val_acc: 0.9631
Epoch 6/30

 100/1297 [=>............................] - ETA: 0s - loss: 0.2684 - acc: 0.9700
1297/1297 [==============================] - 0s 23us/step - loss: 0.2488 - acc: 0.9738 - val_loss: 0.2462 - val_acc: 0.9600
Epoch 7/30

 100/1297 [=>............................] - ETA: 0s - loss: 0.2156 - acc: 0.9700
1297/1297 [==============================] - 0s 22us/step - loss: 0.2059 - acc: 0.9753 - val_loss: 0.2131 - val_acc: 0.9600
acc: 96.31%
Train on 1297 samples, validate on 325 samples
Epoch 1/30

 100/1297 [=>............................] - ETA: 7s - loss: 0.7133 - acc: 0.4700
1297/1297 [==============================] - 1s 543us/step - loss: 0.6601 - acc: 0.6392 - val_loss: 0.6163 - val_acc: 0.8092
Epoch 2/30

 100/1297 [=>............................] - ETA: 0s - loss: 0.6001 - acc: 0.8600
1297/1297 [==============================] - 0s 21us/step - loss: 0.5757 - acc: 0.8905 - val_loss: 0.5355 - val_acc: 0.9200
Epoch 3/30

 100/1297 [=>............................] - ETA: 0s - loss: 0.5317 - acc: 0.9400
1297/1297 [==============================] - 0s 18us/step - loss: 0.4926 - acc: 0.9545 - val_loss: 0.4516 - val_acc: 0.9631
Epoch 4/30

 100/1297 [=>............................] - ETA: 0s - loss: 0.4513 - acc: 0.9400
1297/1297 [==============================] - 0s 18us/step - loss: 0.4093 - acc: 0.9622 - val_loss: 0.3734 - val_acc: 0.9723
Epoch 5/30

 100/1297 [=>............................] - ETA: 0s - loss: 0.3708 - acc: 0.9500
1297/1297 [==============================] - 0s 17us/step - loss: 0.3352 - acc: 0.9707 - val_loss: 0.3056 - val_acc: 0.9723
Epoch 6/30

 100/1297 [=>............................] - ETA: 0s - loss: 0.3006 - acc: 0.9700
1297/1297 [==============================] - 0s 17us/step - loss: 0.2756 - acc: 0.9715 - val_loss: 0.2534 - val_acc: 0.9754
Epoch 7/30

 100/1297 [=>............................] - ETA: 0s - loss: 0.2529 - acc: 0.9600
1297/1297 [==============================] - 0s 17us/step - loss: 0.2301 - acc: 0.9738 - val_loss: 0.2158 - val_acc: 0.9754
Epoch 8/30

 100/1297 [=>............................] - ETA: 0s - loss: 0.2096 - acc: 0.9700
1297/1297 [==============================] - 0s 17us/step - loss: 0.1970 - acc: 0.9746 - val_loss: 0.1875 - val_acc: 0.9785
Epoch 9/30

 100/1297 [=>............................] - ETA: 0s - loss: 0.1670 - acc: 0.9700
1297/1297 [==============================] - 0s 17us/step - loss: 0.1719 - acc: 0.9761 - val_loss: 0.1664 - val_acc: 0.9754
Epoch 10/30

 100/1297 [=>............................] - ETA: 0s - loss: 0.1565 - acc: 0.9800
1297/1297 [==============================] - 0s 17us/step - loss: 0.1523 - acc: 0.9800 - val_loss: 0.1504 - val_acc: 0.9754
acc: 97.85%
Train on 1298 samples, validate on 324 samples
Epoch 1/30

 100/1298 [=>............................] - ETA: 9s - loss: 0.7096 - acc: 0.4800
1298/1298 [==============================] - 1s 673us/step - loss: 0.6625 - acc: 0.6356 - val_loss: 0.6039 - val_acc: 0.8179
Epoch 2/30

 100/1298 [=>............................] - ETA: 0s - loss: 0.6032 - acc: 0.8500
1298/1298 [==============================] - 0s 18us/step - loss: 0.5641 - acc: 0.8729 - val_loss: 0.5113 - val_acc: 0.9537
Epoch 3/30

 100/1298 [=>............................] - ETA: 0s - loss: 0.5028 - acc: 0.9400
1298/1298 [==============================] - 0s 17us/step - loss: 0.4707 - acc: 0.9414 - val_loss: 0.4164 - val_acc: 0.9753
Epoch 4/30

 100/1298 [=>............................] - ETA: 0s - loss: 0.4293 - acc: 0.9600
1298/1298 [==============================] - 0s 18us/step - loss: 0.3803 - acc: 0.9630 - val_loss: 0.3313 - val_acc: 0.9722
Epoch 5/30

 100/1298 [=>............................] - ETA: 0s - loss: 0.3370 - acc: 0.9500
1298/1298 [==============================] - 0s 17us/step - loss: 0.3059 - acc: 0.9700 - val_loss: 0.2674 - val_acc: 0.9691
acc: 97.53%
Train on 1299 samples, validate on 323 samples
Epoch 1/30

 100/1299 [=>............................] - ETA: 9s - loss: 0.7059 - acc: 0.5300
1299/1299 [==============================] - 1s 727us/step - loss: 0.6614 - acc: 0.5905 - val_loss: 0.6167 - val_acc: 0.7245
Epoch 2/30

 100/1299 [=>............................] - ETA: 0s - loss: 0.6000 - acc: 0.8000
1299/1299 [==============================] - 0s 20us/step - loss: 0.5633 - acc: 0.8622 - val_loss: 0.5228 - val_acc: 0.9040
Epoch 3/30

 100/1299 [=>............................] - ETA: 0s - loss: 0.4998 - acc: 0.9100
1299/1299 [==============================] - 0s 19us/step - loss: 0.4723 - acc: 0.9338 - val_loss: 0.4305 - val_acc: 0.9288
Epoch 4/30

 100/1299 [=>............................] - ETA: 0s - loss: 0.4077 - acc: 0.9700
1299/1299 [==============================] - 0s 17us/step - loss: 0.3823 - acc: 0.9607 - val_loss: 0.3460 - val_acc: 0.9567
Epoch 5/30

 100/1299 [=>............................] - ETA: 0s - loss: 0.3809 - acc: 0.9100
1299/1299 [==============================] - 0s 18us/step - loss: 0.3064 - acc: 0.9661 - val_loss: 0.2784 - val_acc: 0.9567
Epoch 6/30

 100/1299 [=>............................] - ETA: 0s - loss: 0.2794 - acc: 0.9600
1299/1299 [==============================] - 0s 17us/step - loss: 0.2476 - acc: 0.9715 - val_loss: 0.2283 - val_acc: 0.9598
Epoch 7/30

 100/1299 [=>............................] - ETA: 0s - loss: 0.2373 - acc: 0.9400
1299/1299 [==============================] - 0s 19us/step - loss: 0.2054 - acc: 0.9723 - val_loss: 0.1925 - val_acc: 0.9628
Epoch 8/30

 100/1299 [=>............................] - ETA: 0s - loss: 0.1440 - acc: 1.0000
1299/1299 [==============================] - 0s 18us/step - loss: 0.1744 - acc: 0.9731 - val_loss: 0.1664 - val_acc: 0.9659
Epoch 9/30

 100/1299 [=>............................] - ETA: 0s - loss: 0.1791 - acc: 0.9600
1299/1299 [==============================] - 0s 18us/step - loss: 0.1514 - acc: 0.9769 - val_loss: 0.1483 - val_acc: 0.9659
Epoch 10/30

 100/1299 [=>............................] - ETA: 0s - loss: 0.1277 - acc: 0.9800
1299/1299 [==============================] - 0s 17us/step - loss: 0.1339 - acc: 0.9800 - val_loss: 0.1352 - val_acc: 0.9690
Epoch 11/30

 100/1299 [=>............................] - ETA: 0s - loss: 0.1036 - acc: 0.9900
1299/1299 [==============================] - 0s 17us/step - loss: 0.1206 - acc: 0.9808 - val_loss: 0.1246 - val_acc: 0.9690
Epoch 12/30

 100/1299 [=>............................] - ETA: 0s - loss: 0.1071 - acc: 0.9900
1299/1299 [==============================] - 0s 18us/step - loss: 0.1095 - acc: 0.9823 - val_loss: 0.1169 - val_acc: 0.9690
acc: 96.90%
Accuracy: 97.04% (+/- 0.57%)
