Train on 810 samples, validate on 812 samples
Epoch 1/30

 20/810 [..............................] - ETA: 17s - loss: 0.7262 - acc: 0.3500
700/810 [========================>.....] - ETA: 0s - loss: 0.2072 - acc: 0.9086 
810/810 [==============================] - 1s 689us/step - loss: 0.1960 - acc: 0.9148 - val_loss: 0.1445 - val_acc: 0.9470
Epoch 2/30

 20/810 [..............................] - ETA: 0s - loss: 0.0239 - acc: 1.0000
700/810 [========================>.....] - ETA: 0s - loss: 0.0559 - acc: 0.9814
810/810 [==============================] - 0s 93us/step - loss: 0.0546 - acc: 0.9815 - val_loss: 0.1531 - val_acc: 0.9532
Epoch 3/30

 20/810 [..............................] - ETA: 0s - loss: 0.0176 - acc: 1.0000
760/810 [===========================>..] - ETA: 0s - loss: 0.0564 - acc: 0.9803
810/810 [==============================] - 0s 88us/step - loss: 0.0542 - acc: 0.9815 - val_loss: 0.1685 - val_acc: 0.9470
Epoch 4/30

 20/810 [..............................] - ETA: 0s - loss: 0.0077 - acc: 1.0000
780/810 [===========================>..] - ETA: 0s - loss: 0.0535 - acc: 0.9808
810/810 [==============================] - 0s 85us/step - loss: 0.0521 - acc: 0.9815 - val_loss: 0.1529 - val_acc: 0.9569
Epoch 5/30

 20/810 [..............................] - ETA: 0s - loss: 0.0363 - acc: 1.0000
810/810 [==============================] - 0s 82us/step - loss: 0.0350 - acc: 0.9901 - val_loss: 0.1607 - val_acc: 0.9520
Epoch 6/30

 20/810 [..............................] - ETA: 0s - loss: 0.0051 - acc: 1.0000
800/810 [============================>.] - ETA: 0s - loss: 0.0242 - acc: 0.9912
810/810 [==============================] - 0s 85us/step - loss: 0.0244 - acc: 0.9914 - val_loss: 0.1669 - val_acc: 0.9520
Epoch 7/30

 20/810 [..............................] - ETA: 0s - loss: 0.0113 - acc: 1.0000
800/810 [============================>.] - ETA: 0s - loss: 0.0190 - acc: 0.9962
810/810 [==============================] - 0s 86us/step - loss: 0.0188 - acc: 0.9963 - val_loss: 0.1615 - val_acc: 0.9569
Epoch 8/30

 20/810 [..............................] - ETA: 0s - loss: 0.0016 - acc: 1.0000
780/810 [===========================>..] - ETA: 0s - loss: 0.0164 - acc: 0.9962
810/810 [==============================] - 0s 100us/step - loss: 0.0159 - acc: 0.9963 - val_loss: 0.1517 - val_acc: 0.9594
Epoch 9/30

 20/810 [..............................] - ETA: 0s - loss: 0.0013 - acc: 1.0000
600/810 [=====================>........] - ETA: 0s - loss: 0.0112 - acc: 0.9967
810/810 [==============================] - 0s 114us/step - loss: 0.0129 - acc: 0.9963 - val_loss: 0.1594 - val_acc: 0.9581
Epoch 10/30

 20/810 [..............................] - ETA: 0s - loss: 0.0021 - acc: 1.0000
720/810 [=========================>....] - ETA: 0s - loss: 0.0151 - acc: 0.9944
810/810 [==============================] - 0s 92us/step - loss: 0.0138 - acc: 0.9951 - val_loss: 0.1703 - val_acc: 0.9520
Epoch 11/30

 20/810 [..............................] - ETA: 0s - loss: 9.7858e-04 - acc: 1.0000
700/810 [========================>.....] - ETA: 0s - loss: 0.0196 - acc: 0.9957    
810/810 [==============================] - 0s 94us/step - loss: 0.0185 - acc: 0.9963 - val_loss: 0.1560 - val_acc: 0.9569
Epoch 12/30

 20/810 [..............................] - ETA: 0s - loss: 0.0068 - acc: 1.0000
780/810 [===========================>..] - ETA: 0s - loss: 0.0141 - acc: 0.9974
810/810 [==============================] - 0s 87us/step - loss: 0.0142 - acc: 0.9975 - val_loss: 0.1532 - val_acc: 0.9631
Epoch 13/30

 20/810 [..............................] - ETA: 0s - loss: 0.0031 - acc: 1.0000
740/810 [==========================>...] - ETA: 0s - loss: 0.0108 - acc: 0.9973
810/810 [==============================] - 0s 90us/step - loss: 0.0102 - acc: 0.9975 - val_loss: 0.1526 - val_acc: 0.9594
Epoch 14/30

 20/810 [..............................] - ETA: 0s - loss: 4.6714e-04 - acc: 1.0000
760/810 [===========================>..] - ETA: 0s - loss: 0.0083 - acc: 0.9987    
810/810 [==============================] - 0s 88us/step - loss: 0.0080 - acc: 0.9988 - val_loss: 0.1574 - val_acc: 0.9606
Epoch 15/30

 20/810 [..............................] - ETA: 0s - loss: 0.0019 - acc: 1.0000
780/810 [===========================>..] - ETA: 0s - loss: 0.0080 - acc: 0.9987
810/810 [==============================] - 0s 89us/step - loss: 0.0078 - acc: 0.9988 - val_loss: 0.1570 - val_acc: 0.9557
Epoch 16/30

 20/810 [..............................] - ETA: 0s - loss: 0.0019 - acc: 1.0000
720/810 [=========================>....] - ETA: 0s - loss: 0.0084 - acc: 0.9972
810/810 [==============================] - 0s 91us/step - loss: 0.0078 - acc: 0.9975 - val_loss: 0.1520 - val_acc: 0.9594
Epoch 17/30

 20/810 [..............................] - ETA: 0s - loss: 0.0660 - acc: 0.9500
720/810 [=========================>....] - ETA: 0s - loss: 0.0058 - acc: 0.9986
810/810 [==============================] - 0s 92us/step - loss: 0.0056 - acc: 0.9988 - val_loss: 0.1558 - val_acc: 0.9569
Epoch 18/30

 20/810 [..............................] - ETA: 0s - loss: 9.3979e-04 - acc: 1.0000
720/810 [=========================>....] - ETA: 0s - loss: 0.0064 - acc: 0.9986    
810/810 [==============================] - 0s 95us/step - loss: 0.0060 - acc: 0.9988 - val_loss: 0.1660 - val_acc: 0.9594
Epoch 19/30

 20/810 [..............................] - ETA: 0s - loss: 0.0034 - acc: 1.0000
760/810 [===========================>..] - ETA: 0s - loss: 0.0052 - acc: 0.9987
810/810 [==============================] - 0s 92us/step - loss: 0.0049 - acc: 0.9988 - val_loss: 0.1651 - val_acc: 0.9581
Epoch 20/30

 20/810 [..............................] - ETA: 0s - loss: 4.1214e-04 - acc: 1.0000
740/810 [==========================>...] - ETA: 0s - loss: 0.0040 - acc: 0.9986    
810/810 [==============================] - 0s 95us/step - loss: 0.0037 - acc: 0.9988 - val_loss: 0.1715 - val_acc: 0.9594
acc: 96.31%
Train on 812 samples, validate on 810 samples
Epoch 1/30

 20/812 [..............................] - ETA: 19s - loss: 0.6933 - acc: 0.5500
740/812 [==========================>...] - ETA: 0s - loss: 0.3054 - acc: 0.8784 
812/812 [==============================] - 1s 767us/step - loss: 0.2885 - acc: 0.8855 - val_loss: 0.1061 - val_acc: 0.9790
Epoch 2/30

 20/812 [..............................] - ETA: 0s - loss: 0.0921 - acc: 1.0000
720/812 [=========================>....] - ETA: 0s - loss: 0.0822 - acc: 0.9736
812/812 [==============================] - 0s 93us/step - loss: 0.0956 - acc: 0.9717 - val_loss: 0.1046 - val_acc: 0.9654
Epoch 3/30

 20/812 [..............................] - ETA: 0s - loss: 0.0999 - acc: 0.9500
740/812 [==========================>...] - ETA: 0s - loss: 0.0652 - acc: 0.9730
812/812 [==============================] - 0s 91us/step - loss: 0.0629 - acc: 0.9754 - val_loss: 0.0842 - val_acc: 0.9741
Epoch 4/30

 20/812 [..............................] - ETA: 0s - loss: 0.0355 - acc: 1.0000
720/812 [=========================>....] - ETA: 0s - loss: 0.0424 - acc: 0.9917
812/812 [==============================] - 0s 91us/step - loss: 0.0485 - acc: 0.9889 - val_loss: 0.0843 - val_acc: 0.9741
Epoch 5/30

 20/812 [..............................] - ETA: 0s - loss: 0.0129 - acc: 1.0000
760/812 [===========================>..] - ETA: 0s - loss: 0.0323 - acc: 0.9921
812/812 [==============================] - 0s 89us/step - loss: 0.0308 - acc: 0.9926 - val_loss: 0.0861 - val_acc: 0.9741
Epoch 6/30

 20/812 [..............................] - ETA: 0s - loss: 0.0162 - acc: 1.0000
760/812 [===========================>..] - ETA: 0s - loss: 0.0226 - acc: 0.9947
812/812 [==============================] - 0s 91us/step - loss: 0.0219 - acc: 0.9951 - val_loss: 0.0844 - val_acc: 0.9790
Epoch 7/30

 20/812 [..............................] - ETA: 0s - loss: 0.0232 - acc: 1.0000
740/812 [==========================>...] - ETA: 0s - loss: 0.0148 - acc: 0.9973
812/812 [==============================] - 0s 93us/step - loss: 0.0152 - acc: 0.9963 - val_loss: 0.0873 - val_acc: 0.9753
Epoch 8/30

 20/812 [..............................] - ETA: 0s - loss: 0.0049 - acc: 1.0000
720/812 [=========================>....] - ETA: 0s - loss: 0.0139 - acc: 0.9958
812/812 [==============================] - 0s 94us/step - loss: 0.0155 - acc: 0.9951 - val_loss: 0.0898 - val_acc: 0.9753
Epoch 9/30

 20/812 [..............................] - ETA: 0s - loss: 0.0056 - acc: 1.0000
720/812 [=========================>....] - ETA: 0s - loss: 0.0144 - acc: 0.9931
812/812 [==============================] - 0s 93us/step - loss: 0.0138 - acc: 0.9938 - val_loss: 0.0897 - val_acc: 0.9802
Epoch 10/30

 20/812 [..............................] - ETA: 0s - loss: 0.0026 - acc: 1.0000
720/812 [=========================>....] - ETA: 0s - loss: 0.0143 - acc: 0.9944
812/812 [==============================] - 0s 93us/step - loss: 0.0135 - acc: 0.9951 - val_loss: 0.0942 - val_acc: 0.9753
Epoch 11/30

 20/812 [..............................] - ETA: 0s - loss: 0.0017 - acc: 1.0000
740/812 [==========================>...] - ETA: 0s - loss: 0.0159 - acc: 0.9959
812/812 [==============================] - 0s 90us/step - loss: 0.0153 - acc: 0.9963 - val_loss: 0.0988 - val_acc: 0.9716
Epoch 12/30

 20/812 [..............................] - ETA: 0s - loss: 0.0029 - acc: 1.0000
740/812 [==========================>...] - ETA: 0s - loss: 0.0093 - acc: 0.9973
812/812 [==============================] - 0s 91us/step - loss: 0.0149 - acc: 0.9951 - val_loss: 0.0928 - val_acc: 0.9741
Epoch 13/30

 20/812 [..............................] - ETA: 0s - loss: 0.0025 - acc: 1.0000
760/812 [===========================>..] - ETA: 0s - loss: 0.0123 - acc: 0.9961
812/812 [==============================] - 0s 91us/step - loss: 0.0116 - acc: 0.9963 - val_loss: 0.0954 - val_acc: 0.9765
Epoch 14/30

 20/812 [..............................] - ETA: 0s - loss: 0.0022 - acc: 1.0000
760/812 [===========================>..] - ETA: 0s - loss: 0.0113 - acc: 0.9961
812/812 [==============================] - 0s 89us/step - loss: 0.0108 - acc: 0.9963 - val_loss: 0.1007 - val_acc: 0.9778
Epoch 15/30

 20/812 [..............................] - ETA: 0s - loss: 0.0024 - acc: 1.0000
700/812 [========================>.....] - ETA: 0s - loss: 0.0121 - acc: 0.9986
812/812 [==============================] - 0s 95us/step - loss: 0.0127 - acc: 0.9975 - val_loss: 0.1089 - val_acc: 0.9728
Epoch 16/30

 20/812 [..............................] - ETA: 0s - loss: 0.0377 - acc: 0.9500
720/812 [=========================>....] - ETA: 0s - loss: 0.0053 - acc: 0.9986
812/812 [==============================] - 0s 95us/step - loss: 0.0113 - acc: 0.9975 - val_loss: 0.1131 - val_acc: 0.9741
Epoch 17/30

 20/812 [..............................] - ETA: 0s - loss: 0.0015 - acc: 1.0000
700/812 [========================>.....] - ETA: 0s - loss: 0.0119 - acc: 0.9986
812/812 [==============================] - 0s 97us/step - loss: 0.0109 - acc: 0.9988 - val_loss: 0.1072 - val_acc: 0.9728
acc: 98.02%
Accuracy: 97.17% (+/- 0.86%)
