Train on 1389 samples, validate on 233 samples
Epoch 1/30

  20/1389 [..............................] - ETA: 54s - loss: 0.7141 - acc: 0.5000
 500/1389 [=========>....................] - ETA: 1s - loss: 0.5140 - acc: 0.7780 
1000/1389 [====================>.........] - ETA: 0s - loss: 0.3618 - acc: 0.8730
1389/1389 [==============================] - 1s 729us/step - loss: 0.2968 - acc: 0.9014 - val_loss: 0.1470 - val_acc: 0.9485
Epoch 2/30

  20/1389 [..............................] - ETA: 0s - loss: 0.0509 - acc: 1.0000
 620/1389 [============>.................] - ETA: 0s - loss: 0.0848 - acc: 0.9726
1240/1389 [=========================>....] - ETA: 0s - loss: 0.0742 - acc: 0.9782
1389/1389 [==============================] - 0s 88us/step - loss: 0.0717 - acc: 0.9791 - val_loss: 0.1152 - val_acc: 0.9571
Epoch 3/30

  20/1389 [..............................] - ETA: 0s - loss: 0.0148 - acc: 1.0000
 640/1389 [============>.................] - ETA: 0s - loss: 0.0340 - acc: 0.9953
1220/1389 [=========================>....] - ETA: 0s - loss: 0.0345 - acc: 0.9951
1389/1389 [==============================] - 0s 88us/step - loss: 0.0376 - acc: 0.9935 - val_loss: 0.0992 - val_acc: 0.9571
Epoch 4/30

  20/1389 [..............................] - ETA: 0s - loss: 0.0880 - acc: 0.9500
 660/1389 [=============>................] - ETA: 0s - loss: 0.0236 - acc: 0.9970
1280/1389 [==========================>...] - ETA: 0s - loss: 0.0234 - acc: 0.9969
1389/1389 [==============================] - 0s 84us/step - loss: 0.0231 - acc: 0.9964 - val_loss: 0.0966 - val_acc: 0.9528
Epoch 5/30

  20/1389 [..............................] - ETA: 0s - loss: 0.0126 - acc: 1.0000
 660/1389 [=============>................] - ETA: 0s - loss: 0.0111 - acc: 0.9985
1300/1389 [===========================>..] - ETA: 0s - loss: 0.0130 - acc: 0.9977
1389/1389 [==============================] - 0s 84us/step - loss: 0.0139 - acc: 0.9971 - val_loss: 0.0992 - val_acc: 0.9614
Epoch 6/30

  20/1389 [..............................] - ETA: 0s - loss: 0.0155 - acc: 1.0000
 620/1389 [============>.................] - ETA: 0s - loss: 0.0097 - acc: 0.9984
1220/1389 [=========================>....] - ETA: 0s - loss: 0.0103 - acc: 0.9984
1389/1389 [==============================] - 0s 89us/step - loss: 0.0097 - acc: 0.9986 - val_loss: 0.1040 - val_acc: 0.9485
Epoch 7/30

  20/1389 [..............................] - ETA: 0s - loss: 0.0042 - acc: 1.0000
 620/1389 [============>.................] - ETA: 0s - loss: 0.0050 - acc: 1.0000
1240/1389 [=========================>....] - ETA: 0s - loss: 0.0060 - acc: 0.9992
1389/1389 [==============================] - 0s 88us/step - loss: 0.0062 - acc: 0.9993 - val_loss: 0.1022 - val_acc: 0.9571
Epoch 8/30

  20/1389 [..............................] - ETA: 0s - loss: 0.0034 - acc: 1.0000
 640/1389 [============>.................] - ETA: 0s - loss: 0.0054 - acc: 1.0000
1260/1389 [==========================>...] - ETA: 0s - loss: 0.0049 - acc: 1.0000
1389/1389 [==============================] - 0s 85us/step - loss: 0.0048 - acc: 1.0000 - val_loss: 0.1068 - val_acc: 0.9528
Epoch 9/30

  20/1389 [..............................] - ETA: 0s - loss: 0.0028 - acc: 1.0000
 640/1389 [============>.................] - ETA: 0s - loss: 0.0037 - acc: 1.0000
1280/1389 [==========================>...] - ETA: 0s - loss: 0.0038 - acc: 1.0000
1389/1389 [==============================] - 0s 85us/step - loss: 0.0037 - acc: 1.0000 - val_loss: 0.1040 - val_acc: 0.9571
Epoch 10/30

  20/1389 [..............................] - ETA: 0s - loss: 0.0039 - acc: 1.0000
 680/1389 [=============>................] - ETA: 0s - loss: 0.0027 - acc: 1.0000
1340/1389 [===========================>..] - ETA: 0s - loss: 0.0031 - acc: 1.0000
1389/1389 [==============================] - 0s 82us/step - loss: 0.0030 - acc: 1.0000 - val_loss: 0.1100 - val_acc: 0.9528
acc: 96.14%
Train on 1389 samples, validate on 233 samples
Epoch 1/30

  20/1389 [..............................] - ETA: 43s - loss: 0.7120 - acc: 0.5500
 580/1389 [===========>..................] - ETA: 0s - loss: 0.4971 - acc: 0.7862 
1180/1389 [========================>.....] - ETA: 0s - loss: 0.3352 - acc: 0.8780
1389/1389 [==============================] - 1s 591us/step - loss: 0.3047 - acc: 0.8927 - val_loss: 0.1417 - val_acc: 0.9528
Epoch 2/30

  20/1389 [..............................] - ETA: 0s - loss: 0.0782 - acc: 1.0000
 600/1389 [===========>..................] - ETA: 0s - loss: 0.0862 - acc: 0.9817
1220/1389 [=========================>....] - ETA: 0s - loss: 0.0777 - acc: 0.9803
1389/1389 [==============================] - 0s 89us/step - loss: 0.0797 - acc: 0.9777 - val_loss: 0.1015 - val_acc: 0.9614
Epoch 3/30

  20/1389 [..............................] - ETA: 0s - loss: 0.0144 - acc: 1.0000
 640/1389 [============>.................] - ETA: 0s - loss: 0.0318 - acc: 0.9984
1260/1389 [==========================>...] - ETA: 0s - loss: 0.0381 - acc: 0.9929
1389/1389 [==============================] - 0s 85us/step - loss: 0.0431 - acc: 0.9921 - val_loss: 0.0832 - val_acc: 0.9657
Epoch 4/30

  20/1389 [..............................] - ETA: 0s - loss: 0.0140 - acc: 1.0000
 640/1389 [============>.................] - ETA: 0s - loss: 0.0320 - acc: 0.9922
1280/1389 [==========================>...] - ETA: 0s - loss: 0.0263 - acc: 0.9953
1389/1389 [==============================] - 0s 85us/step - loss: 0.0253 - acc: 0.9957 - val_loss: 0.0788 - val_acc: 0.9742
Epoch 5/30

  20/1389 [..............................] - ETA: 0s - loss: 0.0101 - acc: 1.0000
 640/1389 [============>.................] - ETA: 0s - loss: 0.0181 - acc: 0.9969
1260/1389 [==========================>...] - ETA: 0s - loss: 0.0159 - acc: 0.9976
1389/1389 [==============================] - 0s 88us/step - loss: 0.0155 - acc: 0.9978 - val_loss: 0.0762 - val_acc: 0.9700
Epoch 6/30

  20/1389 [..............................] - ETA: 0s - loss: 0.0068 - acc: 1.0000
 640/1389 [============>.................] - ETA: 0s - loss: 0.0122 - acc: 0.9984
1220/1389 [=========================>....] - ETA: 0s - loss: 0.0118 - acc: 0.9984
1389/1389 [==============================] - 0s 88us/step - loss: 0.0117 - acc: 0.9978 - val_loss: 0.0731 - val_acc: 0.9700
Epoch 7/30

  20/1389 [..............................] - ETA: 0s - loss: 0.0123 - acc: 1.0000
 600/1389 [===========>..................] - ETA: 0s - loss: 0.0062 - acc: 1.0000
1200/1389 [========================>.....] - ETA: 0s - loss: 0.0081 - acc: 0.9992
1389/1389 [==============================] - 0s 90us/step - loss: 0.0079 - acc: 0.9993 - val_loss: 0.0712 - val_acc: 0.9742
Epoch 8/30

  20/1389 [..............................] - ETA: 0s - loss: 0.0068 - acc: 1.0000
 640/1389 [============>.................] - ETA: 0s - loss: 0.0050 - acc: 1.0000
1300/1389 [===========================>..] - ETA: 0s - loss: 0.0060 - acc: 0.9992
1389/1389 [==============================] - 0s 84us/step - loss: 0.0062 - acc: 0.9993 - val_loss: 0.0717 - val_acc: 0.9700
Epoch 9/30

  20/1389 [..............................] - ETA: 0s - loss: 0.0011 - acc: 1.0000
 640/1389 [============>.................] - ETA: 0s - loss: 0.0040 - acc: 1.0000
1280/1389 [==========================>...] - ETA: 0s - loss: 0.0049 - acc: 0.9992
1389/1389 [==============================] - 0s 85us/step - loss: 0.0048 - acc: 0.9993 - val_loss: 0.0690 - val_acc: 0.9657
acc: 97.42%
Train on 1390 samples, validate on 232 samples
Epoch 1/30

  20/1390 [..............................] - ETA: 55s - loss: 0.6933 - acc: 0.6000
 420/1390 [========>.....................] - ETA: 1s - loss: 0.5372 - acc: 0.7476 
 800/1390 [================>.............] - ETA: 0s - loss: 0.3994 - acc: 0.8525
1200/1390 [========================>.....] - ETA: 0s - loss: 0.3108 - acc: 0.8950
1390/1390 [==============================] - 1s 801us/step - loss: 0.2887 - acc: 0.9029 - val_loss: 0.1150 - val_acc: 0.9698
Epoch 2/30

  20/1390 [..............................] - ETA: 0s - loss: 0.0718 - acc: 1.0000
 400/1390 [=======>......................] - ETA: 0s - loss: 0.0807 - acc: 0.9825
 780/1390 [===============>..............] - ETA: 0s - loss: 0.0718 - acc: 0.9833
1140/1390 [=======================>......] - ETA: 0s - loss: 0.0662 - acc: 0.9842
1390/1390 [==============================] - 0s 143us/step - loss: 0.0683 - acc: 0.9820 - val_loss: 0.0831 - val_acc: 0.9741
Epoch 3/30

  20/1390 [..............................] - ETA: 0s - loss: 0.0371 - acc: 1.0000
 400/1390 [=======>......................] - ETA: 0s - loss: 0.0345 - acc: 0.9950
 760/1390 [===============>..............] - ETA: 0s - loss: 0.0299 - acc: 0.9961
1120/1390 [=======================>......] - ETA: 0s - loss: 0.0354 - acc: 0.9929
1390/1390 [==============================] - 0s 145us/step - loss: 0.0338 - acc: 0.9935 - val_loss: 0.0776 - val_acc: 0.9655
Epoch 4/30

  20/1390 [..............................] - ETA: 0s - loss: 0.0071 - acc: 1.0000
 420/1390 [========>.....................] - ETA: 0s - loss: 0.0137 - acc: 1.0000
 800/1390 [================>.............] - ETA: 0s - loss: 0.0199 - acc: 0.9962
1180/1390 [========================>.....] - ETA: 0s - loss: 0.0188 - acc: 0.9975
1390/1390 [==============================] - 0s 139us/step - loss: 0.0206 - acc: 0.9971 - val_loss: 0.0720 - val_acc: 0.9698
Epoch 5/30

  20/1390 [..............................] - ETA: 0s - loss: 0.0244 - acc: 1.0000
 400/1390 [=======>......................] - ETA: 0s - loss: 0.0128 - acc: 1.0000
 780/1390 [===============>..............] - ETA: 0s - loss: 0.0128 - acc: 1.0000
1160/1390 [========================>.....] - ETA: 0s - loss: 0.0124 - acc: 0.9991
1390/1390 [==============================] - 0s 141us/step - loss: 0.0116 - acc: 0.9993 - val_loss: 0.0687 - val_acc: 0.9741
Epoch 6/30

  20/1390 [..............................] - ETA: 0s - loss: 0.0150 - acc: 1.0000
 440/1390 [========>.....................] - ETA: 0s - loss: 0.0100 - acc: 0.9977
 820/1390 [================>.............] - ETA: 0s - loss: 0.0090 - acc: 0.9988
1220/1390 [=========================>....] - ETA: 0s - loss: 0.0083 - acc: 0.9992
1390/1390 [==============================] - 0s 135us/step - loss: 0.0080 - acc: 0.9993 - val_loss: 0.0654 - val_acc: 0.9784
Epoch 7/30

  20/1390 [..............................] - ETA: 0s - loss: 0.0027 - acc: 1.0000
 400/1390 [=======>......................] - ETA: 0s - loss: 0.0041 - acc: 1.0000
 780/1390 [===============>..............] - ETA: 0s - loss: 0.0038 - acc: 1.0000
1160/1390 [========================>.....] - ETA: 0s - loss: 0.0045 - acc: 1.0000
1390/1390 [==============================] - 0s 143us/step - loss: 0.0054 - acc: 0.9993 - val_loss: 0.0648 - val_acc: 0.9784
Epoch 8/30

  20/1390 [..............................] - ETA: 0s - loss: 0.0020 - acc: 1.0000
 420/1390 [========>.....................] - ETA: 0s - loss: 0.0036 - acc: 1.0000
 800/1390 [================>.............] - ETA: 0s - loss: 0.0039 - acc: 1.0000
1180/1390 [========================>.....] - ETA: 0s - loss: 0.0039 - acc: 1.0000
1390/1390 [==============================] - 0s 141us/step - loss: 0.0042 - acc: 1.0000 - val_loss: 0.0640 - val_acc: 0.9784
Epoch 9/30

  20/1390 [..............................] - ETA: 0s - loss: 0.0026 - acc: 1.0000
 400/1390 [=======>......................] - ETA: 0s - loss: 0.0034 - acc: 1.0000
 740/1390 [==============>...............] - ETA: 0s - loss: 0.0033 - acc: 1.0000
1120/1390 [=======================>......] - ETA: 0s - loss: 0.0034 - acc: 1.0000
1390/1390 [==============================] - 0s 145us/step - loss: 0.0033 - acc: 1.0000 - val_loss: 0.0617 - val_acc: 0.9784
Epoch 10/30

  20/1390 [..............................] - ETA: 0s - loss: 0.0014 - acc: 1.0000
 400/1390 [=======>......................] - ETA: 0s - loss: 0.0025 - acc: 1.0000
 780/1390 [===============>..............] - ETA: 0s - loss: 0.0022 - acc: 1.0000
1180/1390 [========================>.....] - ETA: 0s - loss: 0.0026 - acc: 1.0000
1390/1390 [==============================] - 0s 143us/step - loss: 0.0026 - acc: 1.0000 - val_loss: 0.0617 - val_acc: 0.9784
Epoch 11/30

  20/1390 [..............................] - ETA: 0s - loss: 0.0022 - acc: 1.0000
 360/1390 [======>.......................] - ETA: 0s - loss: 0.0021 - acc: 1.0000
 740/1390 [==============>...............] - ETA: 0s - loss: 0.0019 - acc: 1.0000
1120/1390 [=======================>......] - ETA: 0s - loss: 0.0021 - acc: 1.0000
1390/1390 [==============================] - 0s 143us/step - loss: 0.0021 - acc: 1.0000 - val_loss: 0.0625 - val_acc: 0.9784
acc: 97.84%
Train on 1391 samples, validate on 231 samples
Epoch 1/30

  20/1391 [..............................] - ETA: 1:25 - loss: 0.6978 - acc: 0.5500
 420/1391 [========>.....................] - ETA: 2s - loss: 0.5119 - acc: 0.7786  
 820/1391 [================>.............] - ETA: 0s - loss: 0.3668 - acc: 0.8683
1200/1391 [========================>.....] - ETA: 0s - loss: 0.2953 - acc: 0.8992
1391/1391 [==============================] - 2s 1ms/step - loss: 0.2674 - acc: 0.9101 - val_loss: 0.0704 - val_acc: 0.9870
Epoch 2/30

  20/1391 [..............................] - ETA: 0s - loss: 0.0391 - acc: 1.0000
 420/1391 [========>.....................] - ETA: 0s - loss: 0.0727 - acc: 0.9810
 780/1391 [===============>..............] - ETA: 0s - loss: 0.0714 - acc: 0.9808
1180/1391 [========================>.....] - ETA: 0s - loss: 0.0744 - acc: 0.9788
1391/1391 [==============================] - 0s 140us/step - loss: 0.0737 - acc: 0.9784 - val_loss: 0.0615 - val_acc: 0.9870
Epoch 3/30

  20/1391 [..............................] - ETA: 0s - loss: 0.0625 - acc: 1.0000
 420/1391 [========>.....................] - ETA: 0s - loss: 0.0480 - acc: 0.9905
 780/1391 [===============>..............] - ETA: 0s - loss: 0.0412 - acc: 0.9936
1180/1391 [========================>.....] - ETA: 0s - loss: 0.0414 - acc: 0.9932
1391/1391 [==============================] - 0s 143us/step - loss: 0.0391 - acc: 0.9935 - val_loss: 0.0434 - val_acc: 0.9913
Epoch 4/30

  20/1391 [..............................] - ETA: 0s - loss: 0.0206 - acc: 1.0000
 360/1391 [======>.......................] - ETA: 0s - loss: 0.0267 - acc: 0.9944
 740/1391 [==============>...............] - ETA: 0s - loss: 0.0214 - acc: 0.9959
1120/1391 [=======================>......] - ETA: 0s - loss: 0.0219 - acc: 0.9964
1391/1391 [==============================] - 0s 149us/step - loss: 0.0230 - acc: 0.9957 - val_loss: 0.0371 - val_acc: 0.9870
Epoch 5/30

  20/1391 [..............................] - ETA: 0s - loss: 0.0101 - acc: 1.0000
 420/1391 [========>.....................] - ETA: 0s - loss: 0.0172 - acc: 0.9976
 820/1391 [================>.............] - ETA: 0s - loss: 0.0151 - acc: 0.9988
1180/1391 [========================>.....] - ETA: 0s - loss: 0.0145 - acc: 0.9983
1391/1391 [==============================] - 0s 142us/step - loss: 0.0138 - acc: 0.9986 - val_loss: 0.0322 - val_acc: 0.9870
Epoch 6/30

  20/1391 [..............................] - ETA: 0s - loss: 0.0089 - acc: 1.0000
 360/1391 [======>.......................] - ETA: 0s - loss: 0.0089 - acc: 1.0000
 740/1391 [==============>...............] - ETA: 0s - loss: 0.0093 - acc: 1.0000
1120/1391 [=======================>......] - ETA: 0s - loss: 0.0096 - acc: 0.9991
1391/1391 [==============================] - 0s 146us/step - loss: 0.0090 - acc: 0.9993 - val_loss: 0.0324 - val_acc: 0.9913
Epoch 7/30

  20/1391 [..............................] - ETA: 0s - loss: 0.0025 - acc: 1.0000
 400/1391 [=======>......................] - ETA: 0s - loss: 0.0071 - acc: 1.0000
 740/1391 [==============>...............] - ETA: 0s - loss: 0.0057 - acc: 1.0000
1100/1391 [======================>.......] - ETA: 0s - loss: 0.0064 - acc: 1.0000
1391/1391 [==============================] - 0s 147us/step - loss: 0.0064 - acc: 1.0000 - val_loss: 0.0287 - val_acc: 0.9870
Epoch 8/30

  20/1391 [..............................] - ETA: 0s - loss: 0.0036 - acc: 1.0000
 400/1391 [=======>......................] - ETA: 0s - loss: 0.0042 - acc: 1.0000
 820/1391 [================>.............] - ETA: 0s - loss: 0.0044 - acc: 1.0000
1200/1391 [========================>.....] - ETA: 0s - loss: 0.0044 - acc: 1.0000
1391/1391 [==============================] - 0s 140us/step - loss: 0.0051 - acc: 0.9993 - val_loss: 0.0295 - val_acc: 0.9913
acc: 99.13%
Train on 1391 samples, validate on 231 samples
Epoch 1/30

  20/1391 [..............................] - ETA: 56s - loss: 0.7245 - acc: 0.4500
 620/1391 [============>.................] - ETA: 1s - loss: 0.4452 - acc: 0.8274 
1220/1391 [=========================>....] - ETA: 0s - loss: 0.3065 - acc: 0.8893
1391/1391 [==============================] - 1s 756us/step - loss: 0.2834 - acc: 0.8972 - val_loss: 0.1090 - val_acc: 0.9697
Epoch 2/30

  20/1391 [..............................] - ETA: 0s - loss: 0.1046 - acc: 1.0000
 640/1391 [============>.................] - ETA: 0s - loss: 0.0846 - acc: 0.9781
1280/1391 [==========================>...] - ETA: 0s - loss: 0.0695 - acc: 0.9828
1391/1391 [==============================] - 0s 87us/step - loss: 0.0689 - acc: 0.9835 - val_loss: 0.0891 - val_acc: 0.9740
Epoch 3/30

  20/1391 [..............................] - ETA: 0s - loss: 0.0303 - acc: 1.0000
 640/1391 [============>.................] - ETA: 0s - loss: 0.0286 - acc: 0.9984
1220/1391 [=========================>....] - ETA: 0s - loss: 0.0357 - acc: 0.9951
1391/1391 [==============================] - 0s 90us/step - loss: 0.0340 - acc: 0.9957 - val_loss: 0.0779 - val_acc: 0.9784
Epoch 4/30

  20/1391 [..............................] - ETA: 0s - loss: 0.0382 - acc: 1.0000
 620/1391 [============>.................] - ETA: 0s - loss: 0.0206 - acc: 0.9984
1220/1391 [=========================>....] - ETA: 0s - loss: 0.0179 - acc: 0.9975
1391/1391 [==============================] - 0s 91us/step - loss: 0.0175 - acc: 0.9978 - val_loss: 0.0773 - val_acc: 0.9784
Epoch 5/30

  20/1391 [..............................] - ETA: 0s - loss: 0.0064 - acc: 1.0000
 620/1391 [============>.................] - ETA: 0s - loss: 0.0101 - acc: 1.0000
1220/1391 [=========================>....] - ETA: 0s - loss: 0.0110 - acc: 0.9992
1391/1391 [==============================] - 0s 90us/step - loss: 0.0107 - acc: 0.9993 - val_loss: 0.0787 - val_acc: 0.9784
Epoch 6/30

  20/1391 [..............................] - ETA: 0s - loss: 0.0572 - acc: 0.9500
 620/1391 [============>.................] - ETA: 0s - loss: 0.0082 - acc: 0.9984
1240/1391 [=========================>....] - ETA: 0s - loss: 0.0077 - acc: 0.9992
1391/1391 [==============================] - 0s 89us/step - loss: 0.0077 - acc: 0.9993 - val_loss: 0.0814 - val_acc: 0.9784
Epoch 7/30

  20/1391 [..............................] - ETA: 0s - loss: 0.0074 - acc: 1.0000
 600/1391 [===========>..................] - ETA: 0s - loss: 0.0061 - acc: 0.9983
1220/1391 [=========================>....] - ETA: 0s - loss: 0.0056 - acc: 0.9992
1391/1391 [==============================] - 0s 90us/step - loss: 0.0054 - acc: 0.9993 - val_loss: 0.0803 - val_acc: 0.9784
Epoch 8/30

  20/1391 [..............................] - ETA: 0s - loss: 0.0012 - acc: 1.0000
 600/1391 [===========>..................] - ETA: 0s - loss: 0.0030 - acc: 1.0000
1180/1391 [========================>.....] - ETA: 0s - loss: 0.0039 - acc: 0.9992
1391/1391 [==============================] - 0s 91us/step - loss: 0.0040 - acc: 0.9993 - val_loss: 0.0829 - val_acc: 0.9784
acc: 97.84%
Train on 1391 samples, validate on 231 samples
Epoch 1/30

  20/1391 [..............................] - ETA: 1:07 - loss: 0.6861 - acc: 0.5000
 580/1391 [===========>..................] - ETA: 1s - loss: 0.4820 - acc: 0.7776  
1160/1391 [========================>.....] - ETA: 0s - loss: 0.3365 - acc: 0.8707
1391/1391 [==============================] - 1s 876us/step - loss: 0.2957 - acc: 0.8893 - val_loss: 0.1089 - val_acc: 0.9740
Epoch 2/30

  20/1391 [..............................] - ETA: 0s - loss: 0.0769 - acc: 1.0000
 560/1391 [===========>..................] - ETA: 0s - loss: 0.0710 - acc: 0.9857
1120/1391 [=======================>......] - ETA: 0s - loss: 0.0686 - acc: 0.9848
1391/1391 [==============================] - 0s 97us/step - loss: 0.0708 - acc: 0.9813 - val_loss: 0.0768 - val_acc: 0.9784
Epoch 3/30

  20/1391 [..............................] - ETA: 0s - loss: 0.0385 - acc: 1.0000
 600/1391 [===========>..................] - ETA: 0s - loss: 0.0345 - acc: 0.9967
1160/1391 [========================>.....] - ETA: 0s - loss: 0.0346 - acc: 0.9940
1391/1391 [==============================] - 0s 94us/step - loss: 0.0349 - acc: 0.9942 - val_loss: 0.0628 - val_acc: 0.9827
Epoch 4/30

  20/1391 [..............................] - ETA: 0s - loss: 0.0178 - acc: 1.0000
 460/1391 [========>.....................] - ETA: 0s - loss: 0.0156 - acc: 1.0000
 820/1391 [================>.............] - ETA: 0s - loss: 0.0168 - acc: 0.9988
1160/1391 [========================>.....] - ETA: 0s - loss: 0.0185 - acc: 0.9974
1391/1391 [==============================] - 0s 142us/step - loss: 0.0195 - acc: 0.9971 - val_loss: 0.0648 - val_acc: 0.9827
Epoch 5/30

  20/1391 [..............................] - ETA: 0s - loss: 0.0082 - acc: 1.0000
 380/1391 [=======>......................] - ETA: 0s - loss: 0.0136 - acc: 0.9974
 760/1391 [===============>..............] - ETA: 0s - loss: 0.0135 - acc: 0.9974
1160/1391 [========================>.....] - ETA: 0s - loss: 0.0121 - acc: 0.9983
1391/1391 [==============================] - 0s 134us/step - loss: 0.0117 - acc: 0.9986 - val_loss: 0.0600 - val_acc: 0.9827
Epoch 6/30

  20/1391 [..............................] - ETA: 0s - loss: 0.0064 - acc: 1.0000
 640/1391 [============>.................] - ETA: 0s - loss: 0.0086 - acc: 0.9984
1220/1391 [=========================>....] - ETA: 0s - loss: 0.0081 - acc: 0.9992
1391/1391 [==============================] - 0s 90us/step - loss: 0.0081 - acc: 0.9993 - val_loss: 0.0615 - val_acc: 0.9827
Epoch 7/30

  20/1391 [..............................] - ETA: 0s - loss: 0.0045 - acc: 1.0000
 600/1391 [===========>..................] - ETA: 0s - loss: 0.0052 - acc: 1.0000
1180/1391 [========================>.....] - ETA: 0s - loss: 0.0059 - acc: 0.9992
1391/1391 [==============================] - 0s 93us/step - loss: 0.0057 - acc: 0.9993 - val_loss: 0.0604 - val_acc: 0.9827
Epoch 8/30

  20/1391 [..............................] - ETA: 0s - loss: 0.0117 - acc: 1.0000
 600/1391 [===========>..................] - ETA: 0s - loss: 0.0044 - acc: 1.0000
1220/1391 [=========================>....] - ETA: 0s - loss: 0.0044 - acc: 1.0000
1391/1391 [==============================] - 0s 92us/step - loss: 0.0042 - acc: 1.0000 - val_loss: 0.0617 - val_acc: 0.9827
acc: 98.27%
Train on 1391 samples, validate on 231 samples
Epoch 1/30

  20/1391 [..............................] - ETA: 1:53 - loss: 0.6952 - acc: 0.4500
 380/1391 [=======>......................] - ETA: 4s - loss: 0.5064 - acc: 0.7947  
 760/1391 [===============>..............] - ETA: 1s - loss: 0.3705 - acc: 0.8684
1120/1391 [=======================>......] - ETA: 0s - loss: 0.2959 - acc: 0.9000
1391/1391 [==============================] - 2s 1ms/step - loss: 0.2603 - acc: 0.9130 - val_loss: 0.0748 - val_acc: 0.9784
Epoch 2/30

  20/1391 [..............................] - ETA: 0s - loss: 0.1095 - acc: 0.9500
 400/1391 [=======>......................] - ETA: 0s - loss: 0.0636 - acc: 0.9875
 780/1391 [===============>..............] - ETA: 0s - loss: 0.0732 - acc: 0.9808
1160/1391 [========================>.....] - ETA: 0s - loss: 0.0679 - acc: 0.9819
1391/1391 [==============================] - 0s 146us/step - loss: 0.0702 - acc: 0.9799 - val_loss: 0.0461 - val_acc: 0.9913
Epoch 3/30

  20/1391 [..............................] - ETA: 0s - loss: 0.0688 - acc: 0.9500
 380/1391 [=======>......................] - ETA: 0s - loss: 0.0331 - acc: 0.9947
 740/1391 [==============>...............] - ETA: 0s - loss: 0.0341 - acc: 0.9919
1080/1391 [======================>.......] - ETA: 0s - loss: 0.0405 - acc: 0.9889
1391/1391 [==============================] - 0s 156us/step - loss: 0.0376 - acc: 0.9914 - val_loss: 0.0393 - val_acc: 0.9913
Epoch 4/30

  20/1391 [..............................] - ETA: 0s - loss: 0.0119 - acc: 1.0000
 380/1391 [=======>......................] - ETA: 0s - loss: 0.0212 - acc: 0.9974
 780/1391 [===============>..............] - ETA: 0s - loss: 0.0166 - acc: 0.9987
1140/1391 [=======================>......] - ETA: 0s - loss: 0.0184 - acc: 0.9982
1391/1391 [==============================] - 0s 146us/step - loss: 0.0213 - acc: 0.9971 - val_loss: 0.0411 - val_acc: 0.9913
Epoch 5/30

  20/1391 [..............................] - ETA: 0s - loss: 0.0153 - acc: 1.0000
 380/1391 [=======>......................] - ETA: 0s - loss: 0.0174 - acc: 0.9974
 760/1391 [===============>..............] - ETA: 0s - loss: 0.0172 - acc: 0.9974
1120/1391 [=======================>......] - ETA: 0s - loss: 0.0153 - acc: 0.9973
1391/1391 [==============================] - 0s 147us/step - loss: 0.0146 - acc: 0.9978 - val_loss: 0.0340 - val_acc: 0.9913
Epoch 6/30

  20/1391 [..............................] - ETA: 0s - loss: 0.0022 - acc: 1.0000
 420/1391 [========>.....................] - ETA: 0s - loss: 0.0068 - acc: 1.0000
 780/1391 [===============>..............] - ETA: 0s - loss: 0.0094 - acc: 0.9974
1160/1391 [========================>.....] - ETA: 0s - loss: 0.0088 - acc: 0.9983
1391/1391 [==============================] - 0s 142us/step - loss: 0.0096 - acc: 0.9978 - val_loss: 0.0398 - val_acc: 0.9870
Epoch 7/30

  20/1391 [..............................] - ETA: 0s - loss: 0.0030 - acc: 1.0000
 420/1391 [========>.....................] - ETA: 0s - loss: 0.0083 - acc: 1.0000
 800/1391 [================>.............] - ETA: 0s - loss: 0.0076 - acc: 1.0000
1180/1391 [========================>.....] - ETA: 0s - loss: 0.0077 - acc: 0.9992
1391/1391 [==============================] - 0s 146us/step - loss: 0.0071 - acc: 0.9993 - val_loss: 0.0348 - val_acc: 0.9827
Epoch 8/30

  20/1391 [..............................] - ETA: 0s - loss: 0.0044 - acc: 1.0000
 400/1391 [=======>......................] - ETA: 0s - loss: 0.0063 - acc: 1.0000
 780/1391 [===============>..............] - ETA: 0s - loss: 0.0054 - acc: 1.0000
1160/1391 [========================>.....] - ETA: 0s - loss: 0.0046 - acc: 1.0000
1391/1391 [==============================] - 0s 145us/step - loss: 0.0044 - acc: 1.0000 - val_loss: 0.0326 - val_acc: 0.9870
Epoch 9/30

  20/1391 [..............................] - ETA: 0s - loss: 0.0030 - acc: 1.0000
 400/1391 [=======>......................] - ETA: 0s - loss: 0.0037 - acc: 1.0000
 780/1391 [===============>..............] - ETA: 0s - loss: 0.0032 - acc: 1.0000
1160/1391 [========================>.....] - ETA: 0s - loss: 0.0033 - acc: 1.0000
1391/1391 [==============================] - 0s 146us/step - loss: 0.0032 - acc: 1.0000 - val_loss: 0.0310 - val_acc: 0.9913
acc: 99.13%
Accuracy: 97.97% (+/- 0.96%)
