Train on 1459 samples, validate on 163 samples
Epoch 1/30

 100/1459 [=>............................] - ETA: 6s - loss: 0.6905 - acc: 0.5600
1459/1459 [==============================] - 1s 371us/step - loss: 0.4858 - acc: 0.8382 - val_loss: 0.3002 - val_acc: 0.9448
Epoch 2/30

 100/1459 [=>............................] - ETA: 0s - loss: 0.2701 - acc: 0.9700
1459/1459 [==============================] - 0s 17us/step - loss: 0.1868 - acc: 0.9746 - val_loss: 0.1611 - val_acc: 0.9448
Epoch 3/30

 100/1459 [=>............................] - ETA: 0s - loss: 0.1514 - acc: 0.9700
1459/1459 [==============================] - 0s 17us/step - loss: 0.1003 - acc: 0.9822 - val_loss: 0.1272 - val_acc: 0.9571
Epoch 4/30

 100/1459 [=>............................] - ETA: 0s - loss: 0.0740 - acc: 0.9900
1459/1459 [==============================] - 0s 17us/step - loss: 0.0652 - acc: 0.9883 - val_loss: 0.1134 - val_acc: 0.9571
Epoch 5/30

 100/1459 [=>............................] - ETA: 0s - loss: 0.0666 - acc: 0.9900
1459/1459 [==============================] - 0s 16us/step - loss: 0.0473 - acc: 0.9959 - val_loss: 0.1088 - val_acc: 0.9571
acc: 95.71%
Train on 1459 samples, validate on 163 samples
Epoch 1/30

 100/1459 [=>............................] - ETA: 6s - loss: 0.7214 - acc: 0.4600
1459/1459 [==============================] - 1s 408us/step - loss: 0.5198 - acc: 0.8444 - val_loss: 0.3319 - val_acc: 0.9325
Epoch 2/30

 100/1459 [=>............................] - ETA: 0s - loss: 0.3260 - acc: 0.9500
1459/1459 [==============================] - 0s 17us/step - loss: 0.2086 - acc: 0.9719 - val_loss: 0.1779 - val_acc: 0.9448
Epoch 3/30

 100/1459 [=>............................] - ETA: 0s - loss: 0.1303 - acc: 0.9800
1459/1459 [==============================] - 0s 17us/step - loss: 0.1076 - acc: 0.9767 - val_loss: 0.1344 - val_acc: 0.9509
Epoch 4/30

 100/1459 [=>............................] - ETA: 0s - loss: 0.0751 - acc: 0.9900
1459/1459 [==============================] - 0s 18us/step - loss: 0.0730 - acc: 0.9863 - val_loss: 0.1167 - val_acc: 0.9571
Epoch 5/30

 100/1459 [=>............................] - ETA: 0s - loss: 0.0797 - acc: 0.9800
1459/1459 [==============================] - 0s 17us/step - loss: 0.0532 - acc: 0.9897 - val_loss: 0.1058 - val_acc: 0.9632
Epoch 6/30

 100/1459 [=>............................] - ETA: 0s - loss: 0.0338 - acc: 1.0000
1459/1459 [==============================] - 0s 17us/step - loss: 0.0413 - acc: 0.9931 - val_loss: 0.0963 - val_acc: 0.9632
Epoch 7/30

 100/1459 [=>............................] - ETA: 0s - loss: 0.0263 - acc: 1.0000
1459/1459 [==============================] - 0s 18us/step - loss: 0.0326 - acc: 0.9945 - val_loss: 0.0910 - val_acc: 0.9632
acc: 96.32%
Train on 1459 samples, validate on 163 samples
Epoch 1/30

 100/1459 [=>............................] - ETA: 8s - loss: 0.7038 - acc: 0.5400
1459/1459 [==============================] - 1s 493us/step - loss: 0.5359 - acc: 0.8095 - val_loss: 0.3300 - val_acc: 0.9448
Epoch 2/30

 100/1459 [=>............................] - ETA: 0s - loss: 0.3207 - acc: 0.9600
1459/1459 [==============================] - 0s 18us/step - loss: 0.2153 - acc: 0.9685 - val_loss: 0.1659 - val_acc: 0.9571
Epoch 3/30

 100/1459 [=>............................] - ETA: 0s - loss: 0.1316 - acc: 1.0000
1459/1459 [==============================] - 0s 18us/step - loss: 0.1078 - acc: 0.9801 - val_loss: 0.1229 - val_acc: 0.9693
Epoch 4/30

 100/1459 [=>............................] - ETA: 0s - loss: 0.0817 - acc: 0.9800
1459/1459 [==============================] - 0s 16us/step - loss: 0.0688 - acc: 0.9883 - val_loss: 0.1067 - val_acc: 0.9693
Epoch 5/30

 100/1459 [=>............................] - ETA: 0s - loss: 0.0420 - acc: 0.9900
1459/1459 [==============================] - 0s 16us/step - loss: 0.0493 - acc: 0.9918 - val_loss: 0.0991 - val_acc: 0.9816
Epoch 6/30

 100/1459 [=>............................] - ETA: 0s - loss: 0.0468 - acc: 0.9900
1459/1459 [==============================] - 0s 17us/step - loss: 0.0378 - acc: 0.9952 - val_loss: 0.0906 - val_acc: 0.9816
Epoch 7/30

 100/1459 [=>............................] - ETA: 0s - loss: 0.0340 - acc: 1.0000
1459/1459 [==============================] - 0s 17us/step - loss: 0.0294 - acc: 0.9973 - val_loss: 0.0857 - val_acc: 0.9816
acc: 98.16%
Train on 1460 samples, validate on 162 samples
Epoch 1/30

 100/1460 [=>............................] - ETA: 9s - loss: 0.7167 - acc: 0.4200
1460/1460 [==============================] - 1s 554us/step - loss: 0.4807 - acc: 0.8630 - val_loss: 0.2561 - val_acc: 0.9691
Epoch 2/30

 100/1460 [=>............................] - ETA: 0s - loss: 0.2224 - acc: 0.9900
1460/1460 [==============================] - 0s 18us/step - loss: 0.1766 - acc: 0.9726 - val_loss: 0.1286 - val_acc: 0.9630
Epoch 3/30

 100/1460 [=>............................] - ETA: 0s - loss: 0.1013 - acc: 0.9800
1460/1460 [==============================] - 0s 18us/step - loss: 0.0945 - acc: 0.9808 - val_loss: 0.0962 - val_acc: 0.9691
acc: 96.91%
Train on 1460 samples, validate on 162 samples
Epoch 1/30

 100/1460 [=>............................] - ETA: 10s - loss: 0.6922 - acc: 0.5400
1460/1460 [==============================] - 1s 623us/step - loss: 0.4874 - acc: 0.8514 - val_loss: 0.2832 - val_acc: 0.9691
Epoch 2/30

 100/1460 [=>............................] - ETA: 0s - loss: 0.2744 - acc: 0.9500
1460/1460 [==============================] - 0s 19us/step - loss: 0.1903 - acc: 0.9678 - val_loss: 0.1404 - val_acc: 0.9815
Epoch 3/30

 100/1460 [=>............................] - ETA: 0s - loss: 0.0957 - acc: 0.9900
1460/1460 [==============================] - 0s 17us/step - loss: 0.1037 - acc: 0.9767 - val_loss: 0.0972 - val_acc: 0.9815
Epoch 4/30

 100/1460 [=>............................] - ETA: 0s - loss: 0.0929 - acc: 0.9800
1460/1460 [==============================] - 0s 17us/step - loss: 0.0689 - acc: 0.9870 - val_loss: 0.0799 - val_acc: 0.9815
acc: 98.15%
Train on 1460 samples, validate on 162 samples
Epoch 1/30

 100/1460 [=>............................] - ETA: 12s - loss: 0.7093 - acc: 0.4200
1460/1460 [==============================] - 1s 712us/step - loss: 0.4842 - acc: 0.8432 - val_loss: 0.2548 - val_acc: 0.9815
Epoch 2/30

 100/1460 [=>............................] - ETA: 0s - loss: 0.2574 - acc: 0.9600
1460/1460 [==============================] - 0s 21us/step - loss: 0.1842 - acc: 0.9651 - val_loss: 0.1198 - val_acc: 0.9815
Epoch 3/30

 100/1460 [=>............................] - ETA: 0s - loss: 0.1022 - acc: 0.9800
1460/1460 [==============================] - 0s 19us/step - loss: 0.1014 - acc: 0.9733 - val_loss: 0.0841 - val_acc: 0.9753
acc: 98.15%
Train on 1460 samples, validate on 162 samples
Epoch 1/30

 100/1460 [=>............................] - ETA: 13s - loss: 0.7240 - acc: 0.4000
1460/1460 [==============================] - 1s 775us/step - loss: 0.4924 - acc: 0.8158 - val_loss: 0.2727 - val_acc: 0.9877
Epoch 2/30

 100/1460 [=>............................] - ETA: 0s - loss: 0.2727 - acc: 0.9600
1460/1460 [==============================] - 0s 20us/step - loss: 0.1814 - acc: 0.9726 - val_loss: 0.1334 - val_acc: 0.9753
Epoch 3/30

 100/1460 [=>............................] - ETA: 0s - loss: 0.0881 - acc: 0.9900
1460/1460 [==============================] - 0s 18us/step - loss: 0.0938 - acc: 0.9808 - val_loss: 0.0948 - val_acc: 0.9815
acc: 98.77%
Train on 1460 samples, validate on 162 samples
Epoch 1/30

 100/1460 [=>............................] - ETA: 15s - loss: 0.7036 - acc: 0.4900
1460/1460 [==============================] - 1s 880us/step - loss: 0.5146 - acc: 0.8000 - val_loss: 0.2888 - val_acc: 0.9630
Epoch 2/30

 100/1460 [=>............................] - ETA: 0s - loss: 0.2846 - acc: 0.9700
1460/1460 [==============================] - 0s 20us/step - loss: 0.2025 - acc: 0.9719 - val_loss: 0.1338 - val_acc: 0.9691
Epoch 3/30

 100/1460 [=>............................] - ETA: 0s - loss: 0.1222 - acc: 0.9800
1460/1460 [==============================] - 0s 18us/step - loss: 0.1053 - acc: 0.9788 - val_loss: 0.1057 - val_acc: 0.9630
Epoch 4/30

 100/1460 [=>............................] - ETA: 0s - loss: 0.0754 - acc: 0.9900
1460/1460 [==============================] - 0s 18us/step - loss: 0.0683 - acc: 0.9877 - val_loss: 0.0922 - val_acc: 0.9691
acc: 96.91%
Train on 1460 samples, validate on 162 samples
Epoch 1/30

 100/1460 [=>............................] - ETA: 16s - loss: 0.7020 - acc: 0.4800
1460/1460 [==============================] - 1s 936us/step - loss: 0.5203 - acc: 0.8082 - val_loss: 0.3164 - val_acc: 0.9630
Epoch 2/30

 100/1460 [=>............................] - ETA: 0s - loss: 0.3088 - acc: 0.9700
1460/1460 [==============================] - 0s 20us/step - loss: 0.2183 - acc: 0.9671 - val_loss: 0.1535 - val_acc: 0.9630
Epoch 3/30

 100/1460 [=>............................] - ETA: 0s - loss: 0.1437 - acc: 0.9700
1460/1460 [==============================] - 0s 18us/step - loss: 0.1133 - acc: 0.9767 - val_loss: 0.1154 - val_acc: 0.9630
acc: 96.30%
Train on 1461 samples, validate on 161 samples
Epoch 1/30

 100/1461 [=>............................] - ETA: 19s - loss: 0.6890 - acc: 0.5300
1461/1461 [==============================] - 2s 1ms/step - loss: 0.4963 - acc: 0.8316 - val_loss: 0.2630 - val_acc: 0.9752
Epoch 2/30

 100/1461 [=>............................] - ETA: 0s - loss: 0.2555 - acc: 0.9900
1461/1461 [==============================] - 0s 21us/step - loss: 0.1895 - acc: 0.9706 - val_loss: 0.1163 - val_acc: 0.9814
Epoch 3/30

 100/1461 [=>............................] - ETA: 0s - loss: 0.0970 - acc: 1.0000
1461/1461 [==============================] - 0s 20us/step - loss: 0.1047 - acc: 0.9788 - val_loss: 0.0759 - val_acc: 0.9814
Epoch 4/30

 100/1461 [=>............................] - ETA: 0s - loss: 0.0638 - acc: 0.9900
1461/1461 [==============================] - 0s 19us/step - loss: 0.0701 - acc: 0.9863 - val_loss: 0.0633 - val_acc: 0.9876
Epoch 5/30

 100/1461 [=>............................] - ETA: 0s - loss: 0.0487 - acc: 0.9900
1461/1461 [==============================] - 0s 19us/step - loss: 0.0520 - acc: 0.9932 - val_loss: 0.0532 - val_acc: 0.9876
Epoch 6/30

 100/1461 [=>............................] - ETA: 0s - loss: 0.0479 - acc: 0.9900
1461/1461 [==============================] - 0s 19us/step - loss: 0.0404 - acc: 0.9945 - val_loss: 0.0467 - val_acc: 0.9876
acc: 98.76%
Accuracy: 97.41% (+/- 1.06%)
