Train on 1297 samples, validate on 325 samples
Epoch 1/30

  50/1297 [>.............................] - ETA: 10s - loss: 0.6984 - acc: 0.5600
1297/1297 [==============================] - 1s 401us/step - loss: 0.1990 - acc: 0.9214 - val_loss: 0.1249 - val_acc: 0.9569
Epoch 2/30

  50/1297 [>.............................] - ETA: 0s - loss: 0.0479 - acc: 1.0000
1297/1297 [==============================] - 0s 33us/step - loss: 0.0693 - acc: 0.9800 - val_loss: 0.1389 - val_acc: 0.9569
Epoch 3/30

  50/1297 [>.............................] - ETA: 0s - loss: 0.0972 - acc: 0.9600
1297/1297 [==============================] - 0s 30us/step - loss: 0.0401 - acc: 0.9900 - val_loss: 0.1392 - val_acc: 0.9600
Epoch 4/30

  50/1297 [>.............................] - ETA: 0s - loss: 0.0379 - acc: 0.9800
1297/1297 [==============================] - 0s 29us/step - loss: 0.0259 - acc: 0.9931 - val_loss: 0.1232 - val_acc: 0.9631
Epoch 5/30

  50/1297 [>.............................] - ETA: 0s - loss: 0.0036 - acc: 1.0000
1297/1297 [==============================] - 0s 30us/step - loss: 0.0181 - acc: 0.9961 - val_loss: 0.1154 - val_acc: 0.9631
Epoch 6/30

  50/1297 [>.............................] - ETA: 0s - loss: 0.0113 - acc: 1.0000
1297/1297 [==============================] - 0s 30us/step - loss: 0.0169 - acc: 0.9969 - val_loss: 0.1024 - val_acc: 0.9662
Epoch 7/30

  50/1297 [>.............................] - ETA: 0s - loss: 0.0033 - acc: 1.0000
1297/1297 [==============================] - 0s 30us/step - loss: 0.0172 - acc: 0.9946 - val_loss: 0.0857 - val_acc: 0.9692
Epoch 8/30

  50/1297 [>.............................] - ETA: 0s - loss: 0.0063 - acc: 1.0000
1297/1297 [==============================] - 0s 33us/step - loss: 0.0144 - acc: 0.9961 - val_loss: 0.0992 - val_acc: 0.9723
Epoch 9/30

  50/1297 [>.............................] - ETA: 0s - loss: 0.0201 - acc: 0.9800
1297/1297 [==============================] - 0s 31us/step - loss: 0.0081 - acc: 0.9985 - val_loss: 0.0937 - val_acc: 0.9754
Epoch 10/30

  50/1297 [>.............................] - ETA: 0s - loss: 0.0014 - acc: 1.0000
1297/1297 [==============================] - 0s 33us/step - loss: 0.0116 - acc: 0.9969 - val_loss: 0.0978 - val_acc: 0.9754
Epoch 11/30

  50/1297 [>.............................] - ETA: 0s - loss: 0.0014 - acc: 1.0000
1297/1297 [==============================] - 0s 31us/step - loss: 0.0110 - acc: 0.9977 - val_loss: 0.0890 - val_acc: 0.9754
acc: 97.54%
Train on 1297 samples, validate on 325 samples
Epoch 1/30

  50/1297 [>.............................] - ETA: 13s - loss: 0.6984 - acc: 0.5800
1297/1297 [==============================] - 1s 504us/step - loss: 0.2334 - acc: 0.9152 - val_loss: 0.0970 - val_acc: 0.9692
Epoch 2/30

  50/1297 [>.............................] - ETA: 0s - loss: 0.0544 - acc: 0.9800
1297/1297 [==============================] - 0s 34us/step - loss: 0.0661 - acc: 0.9776 - val_loss: 0.0881 - val_acc: 0.9662
Epoch 3/30

  50/1297 [>.............................] - ETA: 0s - loss: 0.0192 - acc: 1.0000
1297/1297 [==============================] - 0s 33us/step - loss: 0.0438 - acc: 0.9854 - val_loss: 0.0894 - val_acc: 0.9538
acc: 96.92%
Train on 1297 samples, validate on 325 samples
Epoch 1/30

  50/1297 [>.............................] - ETA: 15s - loss: 0.7049 - acc: 0.3200
1250/1297 [===========================>..] - ETA: 0s - loss: 0.2818 - acc: 0.8824 
1297/1297 [==============================] - 1s 602us/step - loss: 0.2739 - acc: 0.8859 - val_loss: 0.0928 - val_acc: 0.9754
Epoch 2/30

  50/1297 [>.............................] - ETA: 0s - loss: 0.0722 - acc: 0.9800
1297/1297 [==============================] - 0s 41us/step - loss: 0.0611 - acc: 0.9807 - val_loss: 0.0894 - val_acc: 0.9723
Epoch 3/30

  50/1297 [>.............................] - ETA: 0s - loss: 0.0209 - acc: 1.0000
1297/1297 [==============================] - 0s 40us/step - loss: 0.0447 - acc: 0.9884 - val_loss: 0.0820 - val_acc: 0.9692
acc: 97.54%
Train on 1298 samples, validate on 324 samples
Epoch 1/30

  50/1298 [>.............................] - ETA: 19s - loss: 0.7047 - acc: 0.4800
1298/1298 [==============================] - 1s 717us/step - loss: 0.2757 - acc: 0.8860 - val_loss: 0.0890 - val_acc: 0.9691
Epoch 2/30

  50/1298 [>.............................] - ETA: 0s - loss: 0.0438 - acc: 0.9800
1298/1298 [==============================] - 0s 34us/step - loss: 0.0784 - acc: 0.9730 - val_loss: 0.0825 - val_acc: 0.9784
Epoch 3/30

  50/1298 [>.............................] - ETA: 0s - loss: 0.0671 - acc: 0.9800
1298/1298 [==============================] - 0s 34us/step - loss: 0.0451 - acc: 0.9869 - val_loss: 0.0825 - val_acc: 0.9753
Epoch 4/30

  50/1298 [>.............................] - ETA: 0s - loss: 0.0094 - acc: 1.0000
1298/1298 [==============================] - 0s 33us/step - loss: 0.0424 - acc: 0.9884 - val_loss: 0.0885 - val_acc: 0.9691
acc: 97.84%
Train on 1299 samples, validate on 323 samples
Epoch 1/30

  50/1299 [>.............................] - ETA: 19s - loss: 0.7362 - acc: 0.3800
1299/1299 [==============================] - 1s 710us/step - loss: 0.2348 - acc: 0.8968 - val_loss: 0.0749 - val_acc: 0.9814
Epoch 2/30

  50/1299 [>.............................] - ETA: 0s - loss: 0.0985 - acc: 0.9800
1299/1299 [==============================] - 0s 35us/step - loss: 0.0582 - acc: 0.9854 - val_loss: 0.0611 - val_acc: 0.9814
Epoch 3/30

  50/1299 [>.............................] - ETA: 0s - loss: 0.0814 - acc: 0.9800
1299/1299 [==============================] - 0s 32us/step - loss: 0.0369 - acc: 0.9908 - val_loss: 0.0723 - val_acc: 0.9783
acc: 98.14%
Accuracy: 97.60% (+/- 0.40%)
