Train on 1459 samples, validate on 163 samples
Epoch 1/30

  10/1459 [..............................] - ETA: 1:17 - loss: 0.7125 - acc: 0.2000
 310/1459 [=====>........................] - ETA: 2s - loss: 0.6687 - acc: 0.6000  
 620/1459 [===========>..................] - ETA: 0s - loss: 0.6274 - acc: 0.7032
 910/1459 [=================>............] - ETA: 0s - loss: 0.5775 - acc: 0.7758
1210/1459 [=======================>......] - ETA: 0s - loss: 0.5298 - acc: 0.8198
1459/1459 [==============================] - 1s 583us/step - loss: 0.4894 - acc: 0.8451 - val_loss: 0.2898 - val_acc: 0.9387
Epoch 2/30

  10/1459 [..............................] - ETA: 0s - loss: 0.2458 - acc: 1.0000
 270/1459 [====>.........................] - ETA: 0s - loss: 0.2195 - acc: 0.9889
 550/1459 [==========>...................] - ETA: 0s - loss: 0.1995 - acc: 0.9818
 830/1459 [================>.............] - ETA: 0s - loss: 0.1949 - acc: 0.9711
1160/1459 [======================>.......] - ETA: 0s - loss: 0.1809 - acc: 0.9716
1459/1459 [==============================] - 0s 175us/step - loss: 0.1696 - acc: 0.9740 - val_loss: 0.1537 - val_acc: 0.9387
Epoch 3/30

  10/1459 [..............................] - ETA: 0s - loss: 0.1925 - acc: 0.9000
 350/1459 [======>.......................] - ETA: 0s - loss: 0.1036 - acc: 0.9800
 710/1459 [=============>................] - ETA: 0s - loss: 0.1068 - acc: 0.9775
1050/1459 [====================>.........] - ETA: 0s - loss: 0.0984 - acc: 0.9810
1350/1459 [==========================>...] - ETA: 0s - loss: 0.0944 - acc: 0.9822
1459/1459 [==============================] - 0s 156us/step - loss: 0.0939 - acc: 0.9829 - val_loss: 0.1224 - val_acc: 0.9571
Epoch 4/30

  10/1459 [..............................] - ETA: 0s - loss: 0.0326 - acc: 1.0000
 330/1459 [=====>........................] - ETA: 0s - loss: 0.0721 - acc: 0.9909
 650/1459 [============>.................] - ETA: 0s - loss: 0.0655 - acc: 0.9908
 920/1459 [=================>............] - ETA: 0s - loss: 0.0665 - acc: 0.9891
1250/1459 [========================>.....] - ETA: 0s - loss: 0.0665 - acc: 0.9880
1459/1459 [==============================] - 0s 166us/step - loss: 0.0644 - acc: 0.9890 - val_loss: 0.1149 - val_acc: 0.9632
Epoch 5/30

  10/1459 [..............................] - ETA: 0s - loss: 0.0637 - acc: 1.0000
 340/1459 [=====>........................] - ETA: 0s - loss: 0.0492 - acc: 0.9941
 680/1459 [============>.................] - ETA: 0s - loss: 0.0447 - acc: 0.9941
1040/1459 [====================>.........] - ETA: 0s - loss: 0.0466 - acc: 0.9933
1370/1459 [===========================>..] - ETA: 0s - loss: 0.0449 - acc: 0.9942
1459/1459 [==============================] - 0s 154us/step - loss: 0.0468 - acc: 0.9938 - val_loss: 0.1062 - val_acc: 0.9632
Epoch 6/30

  10/1459 [..............................] - ETA: 0s - loss: 0.0223 - acc: 1.0000
 370/1459 [======>.......................] - ETA: 0s - loss: 0.0413 - acc: 0.9919
 730/1459 [==============>...............] - ETA: 0s - loss: 0.0412 - acc: 0.9945
1070/1459 [=====================>........] - ETA: 0s - loss: 0.0378 - acc: 0.9953
1380/1459 [===========================>..] - ETA: 0s - loss: 0.0362 - acc: 0.9957
1459/1459 [==============================] - 0s 153us/step - loss: 0.0359 - acc: 0.9959 - val_loss: 0.1084 - val_acc: 0.9632
Epoch 7/30

  10/1459 [..............................] - ETA: 0s - loss: 0.0170 - acc: 1.0000
 330/1459 [=====>........................] - ETA: 0s - loss: 0.0273 - acc: 0.9970
 630/1459 [===========>..................] - ETA: 0s - loss: 0.0262 - acc: 0.9984
 950/1459 [==================>...........] - ETA: 0s - loss: 0.0282 - acc: 0.9968
1290/1459 [=========================>....] - ETA: 0s - loss: 0.0283 - acc: 0.9969
1459/1459 [==============================] - 0s 163us/step - loss: 0.0281 - acc: 0.9973 - val_loss: 0.1054 - val_acc: 0.9632
Epoch 8/30

  10/1459 [..............................] - ETA: 0s - loss: 0.0106 - acc: 1.0000
 320/1459 [=====>........................] - ETA: 0s - loss: 0.0143 - acc: 1.0000
 650/1459 [============>.................] - ETA: 0s - loss: 0.0174 - acc: 1.0000
 960/1459 [==================>...........] - ETA: 0s - loss: 0.0197 - acc: 0.9990
1300/1459 [=========================>....] - ETA: 0s - loss: 0.0234 - acc: 0.9977
1459/1459 [==============================] - 0s 164us/step - loss: 0.0226 - acc: 0.9979 - val_loss: 0.1004 - val_acc: 0.9693
Epoch 9/30

  10/1459 [..............................] - ETA: 0s - loss: 0.0177 - acc: 1.0000
 350/1459 [======>.......................] - ETA: 0s - loss: 0.0181 - acc: 0.9971
 700/1459 [=============>................] - ETA: 0s - loss: 0.0164 - acc: 0.9986
1060/1459 [====================>.........] - ETA: 0s - loss: 0.0151 - acc: 0.9991
1400/1459 [===========================>..] - ETA: 0s - loss: 0.0183 - acc: 0.9979
1459/1459 [==============================] - 0s 151us/step - loss: 0.0184 - acc: 0.9979 - val_loss: 0.1037 - val_acc: 0.9693
Epoch 10/30

  10/1459 [..............................] - ETA: 0s - loss: 0.0131 - acc: 1.0000
 350/1459 [======>.......................] - ETA: 0s - loss: 0.0126 - acc: 1.0000
 690/1459 [=============>................] - ETA: 0s - loss: 0.0131 - acc: 1.0000
1030/1459 [====================>.........] - ETA: 0s - loss: 0.0146 - acc: 0.9990
1370/1459 [===========================>..] - ETA: 0s - loss: 0.0158 - acc: 0.9978
1459/1459 [==============================] - 0s 153us/step - loss: 0.0153 - acc: 0.9979 - val_loss: 0.1005 - val_acc: 0.9693
Epoch 11/30

  10/1459 [..............................] - ETA: 0s - loss: 0.0076 - acc: 1.0000
 360/1459 [======>.......................] - ETA: 0s - loss: 0.0109 - acc: 1.0000
 680/1459 [============>.................] - ETA: 0s - loss: 0.0125 - acc: 1.0000
1020/1459 [===================>..........] - ETA: 0s - loss: 0.0139 - acc: 0.9990
1370/1459 [===========================>..] - ETA: 0s - loss: 0.0128 - acc: 0.9993
1459/1459 [==============================] - 0s 153us/step - loss: 0.0124 - acc: 0.9993 - val_loss: 0.0990 - val_acc: 0.9693
Epoch 12/30

  10/1459 [..............................] - ETA: 0s - loss: 0.0036 - acc: 1.0000
 370/1459 [======>.......................] - ETA: 0s - loss: 0.0090 - acc: 1.0000
 730/1459 [==============>...............] - ETA: 0s - loss: 0.0112 - acc: 0.9986
1080/1459 [=====================>........] - ETA: 0s - loss: 0.0113 - acc: 0.9981
1440/1459 [============================>.] - ETA: 0s - loss: 0.0105 - acc: 0.9986
1459/1459 [==============================] - 0s 148us/step - loss: 0.0105 - acc: 0.9986 - val_loss: 0.1008 - val_acc: 0.9693
Epoch 13/30

  10/1459 [..............................] - ETA: 0s - loss: 0.0062 - acc: 1.0000
 360/1459 [======>.......................] - ETA: 0s - loss: 0.0082 - acc: 1.0000
 690/1459 [=============>................] - ETA: 0s - loss: 0.0078 - acc: 1.0000
1030/1459 [====================>.........] - ETA: 0s - loss: 0.0083 - acc: 1.0000
1360/1459 [==========================>...] - ETA: 0s - loss: 0.0088 - acc: 0.9993
1459/1459 [==============================] - 0s 158us/step - loss: 0.0086 - acc: 0.9993 - val_loss: 0.0987 - val_acc: 0.9693
Epoch 14/30

  10/1459 [..............................] - ETA: 0s - loss: 0.0068 - acc: 1.0000
 350/1459 [======>.......................] - ETA: 0s - loss: 0.0060 - acc: 1.0000
 660/1459 [============>.................] - ETA: 0s - loss: 0.0062 - acc: 1.0000
1000/1459 [===================>..........] - ETA: 0s - loss: 0.0069 - acc: 1.0000
1340/1459 [==========================>...] - ETA: 0s - loss: 0.0070 - acc: 1.0000
1459/1459 [==============================] - 0s 157us/step - loss: 0.0073 - acc: 1.0000 - val_loss: 0.0999 - val_acc: 0.9693
Epoch 15/30

  10/1459 [..............................] - ETA: 0s - loss: 0.0072 - acc: 1.0000
 340/1459 [=====>........................] - ETA: 0s - loss: 0.0062 - acc: 1.0000
 700/1459 [=============>................] - ETA: 0s - loss: 0.0059 - acc: 1.0000
1040/1459 [====================>.........] - ETA: 0s - loss: 0.0059 - acc: 1.0000
1380/1459 [===========================>..] - ETA: 0s - loss: 0.0062 - acc: 1.0000
1459/1459 [==============================] - 0s 158us/step - loss: 0.0062 - acc: 1.0000 - val_loss: 0.1013 - val_acc: 0.9693
Epoch 16/30

  10/1459 [..............................] - ETA: 0s - loss: 0.0127 - acc: 1.0000
 280/1459 [====>.........................] - ETA: 0s - loss: 0.0052 - acc: 1.0000
 550/1459 [==========>...................] - ETA: 0s - loss: 0.0058 - acc: 1.0000
 820/1459 [===============>..............] - ETA: 0s - loss: 0.0052 - acc: 1.0000
1120/1459 [======================>.......] - ETA: 0s - loss: 0.0054 - acc: 1.0000
1390/1459 [===========================>..] - ETA: 0s - loss: 0.0055 - acc: 1.0000
1459/1459 [==============================] - 0s 191us/step - loss: 0.0054 - acc: 1.0000 - val_loss: 0.1016 - val_acc: 0.9693
acc: 96.93%
Train on 1459 samples, validate on 163 samples
Epoch 1/30

  10/1459 [..............................] - ETA: 1:17 - loss: 0.7261 - acc: 0.4000
 360/1459 [======>.......................] - ETA: 1s - loss: 0.6489 - acc: 0.6556  
 720/1459 [=============>................] - ETA: 0s - loss: 0.5912 - acc: 0.7597
 970/1459 [==================>...........] - ETA: 0s - loss: 0.5532 - acc: 0.7990
1310/1459 [=========================>....] - ETA: 0s - loss: 0.4992 - acc: 0.8389
1459/1459 [==============================] - 1s 579us/step - loss: 0.4784 - acc: 0.8499 - val_loss: 0.2968 - val_acc: 0.9264
Epoch 2/30

  10/1459 [..............................] - ETA: 0s - loss: 0.2722 - acc: 1.0000
 320/1459 [=====>........................] - ETA: 0s - loss: 0.2246 - acc: 0.9750
 620/1459 [===========>..................] - ETA: 0s - loss: 0.2130 - acc: 0.9710
 960/1459 [==================>...........] - ETA: 0s - loss: 0.1926 - acc: 0.9740
1290/1459 [=========================>....] - ETA: 0s - loss: 0.1812 - acc: 0.9736
1459/1459 [==============================] - 0s 163us/step - loss: 0.1754 - acc: 0.9746 - val_loss: 0.1716 - val_acc: 0.9448
Epoch 3/30

  10/1459 [..............................] - ETA: 0s - loss: 0.2342 - acc: 0.9000
 320/1459 [=====>........................] - ETA: 0s - loss: 0.1187 - acc: 0.9750
 660/1459 [============>.................] - ETA: 0s - loss: 0.1081 - acc: 0.9773
 900/1459 [=================>............] - ETA: 0s - loss: 0.1037 - acc: 0.9789
1050/1459 [====================>.........] - ETA: 0s - loss: 0.1002 - acc: 0.9790
1220/1459 [========================>.....] - ETA: 0s - loss: 0.0956 - acc: 0.9811
1430/1459 [============================>.] - ETA: 0s - loss: 0.0962 - acc: 0.9811
1459/1459 [==============================] - 0s 237us/step - loss: 0.0973 - acc: 0.9801 - val_loss: 0.1290 - val_acc: 0.9571
Epoch 4/30

  10/1459 [..............................] - ETA: 0s - loss: 0.0608 - acc: 1.0000
 160/1459 [==>...........................] - ETA: 0s - loss: 0.0886 - acc: 0.9812
 380/1459 [======>.......................] - ETA: 0s - loss: 0.0772 - acc: 0.9895
 580/1459 [==========>...................] - ETA: 0s - loss: 0.0741 - acc: 0.9879
 880/1459 [=================>............] - ETA: 0s - loss: 0.0733 - acc: 0.9886
1170/1459 [=======================>......] - ETA: 0s - loss: 0.0690 - acc: 0.9889
1459/1459 [==============================] - 0s 219us/step - loss: 0.0673 - acc: 0.9890 - val_loss: 0.1078 - val_acc: 0.9693
Epoch 5/30

  10/1459 [..............................] - ETA: 0s - loss: 0.0663 - acc: 1.0000
 220/1459 [===>..........................] - ETA: 0s - loss: 0.0606 - acc: 0.9909
 420/1459 [=======>......................] - ETA: 0s - loss: 0.0493 - acc: 0.9952
 690/1459 [=============>................] - ETA: 0s - loss: 0.0482 - acc: 0.9942
 970/1459 [==================>...........] - ETA: 0s - loss: 0.0454 - acc: 0.9948
1200/1459 [=======================>......] - ETA: 0s - loss: 0.0480 - acc: 0.9925
1459/1459 [==============================] - 0s 221us/step - loss: 0.0497 - acc: 0.9918 - val_loss: 0.0951 - val_acc: 0.9755
Epoch 6/30

  10/1459 [..............................] - ETA: 0s - loss: 0.0710 - acc: 1.0000
 260/1459 [====>.........................] - ETA: 0s - loss: 0.0382 - acc: 1.0000
 490/1459 [=========>....................] - ETA: 0s - loss: 0.0389 - acc: 0.9980
 770/1459 [==============>...............] - ETA: 0s - loss: 0.0377 - acc: 0.9974
1020/1459 [===================>..........] - ETA: 0s - loss: 0.0366 - acc: 0.9971
1300/1459 [=========================>....] - ETA: 0s - loss: 0.0398 - acc: 0.9938
1459/1459 [==============================] - 0s 203us/step - loss: 0.0387 - acc: 0.9938 - val_loss: 0.0911 - val_acc: 0.9755
Epoch 7/30

  10/1459 [..............................] - ETA: 0s - loss: 0.0154 - acc: 1.0000
 290/1459 [====>.........................] - ETA: 0s - loss: 0.0223 - acc: 1.0000
 580/1459 [==========>...................] - ETA: 0s - loss: 0.0293 - acc: 0.9966
 870/1459 [================>.............] - ETA: 0s - loss: 0.0299 - acc: 0.9966
1120/1459 [======================>.......] - ETA: 0s - loss: 0.0301 - acc: 0.9973
1420/1459 [============================>.] - ETA: 0s - loss: 0.0292 - acc: 0.9972
1459/1459 [==============================] - 0s 186us/step - loss: 0.0308 - acc: 0.9966 - val_loss: 0.0823 - val_acc: 0.9755
Epoch 8/30

  10/1459 [..............................] - ETA: 0s - loss: 0.0204 - acc: 1.0000
 320/1459 [=====>........................] - ETA: 0s - loss: 0.0232 - acc: 1.0000
 610/1459 [===========>..................] - ETA: 0s - loss: 0.0209 - acc: 1.0000
 940/1459 [==================>...........] - ETA: 0s - loss: 0.0202 - acc: 0.9989
1260/1459 [========================>.....] - ETA: 0s - loss: 0.0241 - acc: 0.9976
1459/1459 [==============================] - 0s 165us/step - loss: 0.0245 - acc: 0.9973 - val_loss: 0.0753 - val_acc: 0.9755
Epoch 9/30

  10/1459 [..............................] - ETA: 0s - loss: 0.0372 - acc: 1.0000
 330/1459 [=====>........................] - ETA: 0s - loss: 0.0182 - acc: 1.0000
 670/1459 [============>.................] - ETA: 0s - loss: 0.0163 - acc: 1.0000
1000/1459 [===================>..........] - ETA: 0s - loss: 0.0202 - acc: 0.9990
1340/1459 [==========================>...] - ETA: 0s - loss: 0.0188 - acc: 0.9993
1459/1459 [==============================] - 0s 161us/step - loss: 0.0198 - acc: 0.9986 - val_loss: 0.0723 - val_acc: 0.9755
Epoch 10/30

  10/1459 [..............................] - ETA: 0s - loss: 0.0240 - acc: 1.0000
 340/1459 [=====>........................] - ETA: 0s - loss: 0.0181 - acc: 0.9971
 680/1459 [============>.................] - ETA: 0s - loss: 0.0160 - acc: 0.9985
 970/1459 [==================>...........] - ETA: 0s - loss: 0.0168 - acc: 0.9990
1250/1459 [========================>.....] - ETA: 0s - loss: 0.0171 - acc: 0.9984
1459/1459 [==============================] - 0s 167us/step - loss: 0.0164 - acc: 0.9986 - val_loss: 0.0702 - val_acc: 0.9816
Epoch 11/30

  10/1459 [..............................] - ETA: 0s - loss: 0.0070 - acc: 1.0000
 290/1459 [====>.........................] - ETA: 0s - loss: 0.0173 - acc: 0.9966
 590/1459 [===========>..................] - ETA: 0s - loss: 0.0156 - acc: 0.9983
 940/1459 [==================>...........] - ETA: 0s - loss: 0.0138 - acc: 0.9989
1240/1459 [========================>.....] - ETA: 0s - loss: 0.0135 - acc: 0.9992
1459/1459 [==============================] - 0s 167us/step - loss: 0.0133 - acc: 0.9993 - val_loss: 0.0715 - val_acc: 0.9816
Epoch 12/30

  10/1459 [..............................] - ETA: 0s - loss: 0.0116 - acc: 1.0000
 350/1459 [======>.......................] - ETA: 0s - loss: 0.0098 - acc: 1.0000
 670/1459 [============>.................] - ETA: 0s - loss: 0.0102 - acc: 1.0000
 970/1459 [==================>...........] - ETA: 0s - loss: 0.0125 - acc: 0.9979
1280/1459 [=========================>....] - ETA: 0s - loss: 0.0114 - acc: 0.9984
1459/1459 [==============================] - 0s 164us/step - loss: 0.0117 - acc: 0.9986 - val_loss: 0.0676 - val_acc: 0.9816
Epoch 13/30

  10/1459 [..............................] - ETA: 0s - loss: 0.0045 - acc: 1.0000
 330/1459 [=====>........................] - ETA: 0s - loss: 0.0104 - acc: 0.9970
 660/1459 [============>.................] - ETA: 0s - loss: 0.0103 - acc: 0.9985
1000/1459 [===================>..........] - ETA: 0s - loss: 0.0099 - acc: 0.9990
1290/1459 [=========================>....] - ETA: 0s - loss: 0.0099 - acc: 0.9992
1459/1459 [==============================] - 0s 162us/step - loss: 0.0096 - acc: 0.9993 - val_loss: 0.0662 - val_acc: 0.9816
Epoch 14/30

  10/1459 [..............................] - ETA: 0s - loss: 0.0092 - acc: 1.0000
 360/1459 [======>.......................] - ETA: 0s - loss: 0.0084 - acc: 1.0000
 700/1459 [=============>................] - ETA: 0s - loss: 0.0080 - acc: 1.0000
1040/1459 [====================>.........] - ETA: 0s - loss: 0.0087 - acc: 0.9990
1380/1459 [===========================>..] - ETA: 0s - loss: 0.0081 - acc: 0.9993
1459/1459 [==============================] - 0s 153us/step - loss: 0.0082 - acc: 0.9993 - val_loss: 0.0669 - val_acc: 0.9816
Epoch 15/30

  10/1459 [..............................] - ETA: 0s - loss: 0.0058 - acc: 1.0000
 330/1459 [=====>........................] - ETA: 0s - loss: 0.0062 - acc: 1.0000
 650/1459 [============>.................] - ETA: 0s - loss: 0.0060 - acc: 1.0000
 970/1459 [==================>...........] - ETA: 0s - loss: 0.0068 - acc: 0.9990
1310/1459 [=========================>....] - ETA: 0s - loss: 0.0064 - acc: 0.9992
1459/1459 [==============================] - 0s 165us/step - loss: 0.0070 - acc: 0.9993 - val_loss: 0.0651 - val_acc: 0.9816
Epoch 16/30

  10/1459 [..............................] - ETA: 0s - loss: 0.0014 - acc: 1.0000
 340/1459 [=====>........................] - ETA: 0s - loss: 0.0071 - acc: 1.0000
 670/1459 [============>.................] - ETA: 0s - loss: 0.0065 - acc: 1.0000
1000/1459 [===================>..........] - ETA: 0s - loss: 0.0061 - acc: 1.0000
1330/1459 [==========================>...] - ETA: 0s - loss: 0.0061 - acc: 1.0000
1459/1459 [==============================] - 0s 161us/step - loss: 0.0059 - acc: 1.0000 - val_loss: 0.0656 - val_acc: 0.9755
Epoch 17/30

  10/1459 [..............................] - ETA: 0s - loss: 0.0030 - acc: 1.0000
 360/1459 [======>.......................] - ETA: 0s - loss: 0.0042 - acc: 1.0000
 690/1459 [=============>................] - ETA: 0s - loss: 0.0051 - acc: 1.0000
1030/1459 [====================>.........] - ETA: 0s - loss: 0.0049 - acc: 1.0000
1380/1459 [===========================>..] - ETA: 0s - loss: 0.0052 - acc: 1.0000
1459/1459 [==============================] - 0s 152us/step - loss: 0.0052 - acc: 1.0000 - val_loss: 0.0639 - val_acc: 0.9755
Epoch 18/30

  10/1459 [..............................] - ETA: 0s - loss: 0.0023 - acc: 1.0000
 290/1459 [====>.........................] - ETA: 0s - loss: 0.0053 - acc: 1.0000
 630/1459 [===========>..................] - ETA: 0s - loss: 0.0048 - acc: 1.0000
 960/1459 [==================>...........] - ETA: 0s - loss: 0.0045 - acc: 1.0000
1280/1459 [=========================>....] - ETA: 0s - loss: 0.0044 - acc: 1.0000
1459/1459 [==============================] - 0s 163us/step - loss: 0.0044 - acc: 1.0000 - val_loss: 0.0645 - val_acc: 0.9816
acc: 98.16%
Train on 1459 samples, validate on 163 samples
Epoch 1/30

  10/1459 [..............................] - ETA: 1:43 - loss: 0.6611 - acc: 0.5000
 310/1459 [=====>........................] - ETA: 2s - loss: 0.6524 - acc: 0.6387  
 610/1459 [===========>..................] - ETA: 1s - loss: 0.5995 - acc: 0.7557
 900/1459 [=================>............] - ETA: 0s - loss: 0.5515 - acc: 0.8133
1180/1459 [=======================>......] - ETA: 0s - loss: 0.5042 - acc: 0.8483
1459/1459 [==============================] - 1s 724us/step - loss: 0.4571 - acc: 0.8718 - val_loss: 0.2596 - val_acc: 0.9509
Epoch 2/30

  10/1459 [..............................] - ETA: 0s - loss: 0.1968 - acc: 1.0000
 260/1459 [====>.........................] - ETA: 0s - loss: 0.2028 - acc: 0.9654
 530/1459 [=========>....................] - ETA: 0s - loss: 0.1879 - acc: 0.9736
 790/1459 [===============>..............] - ETA: 0s - loss: 0.1779 - acc: 0.9759
1060/1459 [====================>.........] - ETA: 0s - loss: 0.1719 - acc: 0.9717
1320/1459 [==========================>...] - ETA: 0s - loss: 0.1650 - acc: 0.9705
1459/1459 [==============================] - 0s 199us/step - loss: 0.1596 - acc: 0.9705 - val_loss: 0.1477 - val_acc: 0.9448
Epoch 3/30

  10/1459 [..............................] - ETA: 0s - loss: 0.1571 - acc: 1.0000
 270/1459 [====>.........................] - ETA: 0s - loss: 0.1028 - acc: 0.9889
 570/1459 [==========>...................] - ETA: 0s - loss: 0.1002 - acc: 0.9860
 890/1459 [=================>............] - ETA: 0s - loss: 0.0982 - acc: 0.9820
1210/1459 [=======================>......] - ETA: 0s - loss: 0.0954 - acc: 0.9810
1459/1459 [==============================] - 0s 175us/step - loss: 0.0932 - acc: 0.9801 - val_loss: 0.1163 - val_acc: 0.9632
Epoch 4/30

  10/1459 [..............................] - ETA: 0s - loss: 0.0363 - acc: 1.0000
 340/1459 [=====>........................] - ETA: 0s - loss: 0.0643 - acc: 0.9912
 650/1459 [============>.................] - ETA: 0s - loss: 0.0616 - acc: 0.9908
 970/1459 [==================>...........] - ETA: 0s - loss: 0.0646 - acc: 0.9866
1290/1459 [=========================>....] - ETA: 0s - loss: 0.0629 - acc: 0.9868
1459/1459 [==============================] - 0s 165us/step - loss: 0.0647 - acc: 0.9870 - val_loss: 0.1031 - val_acc: 0.9693
Epoch 5/30

  10/1459 [..............................] - ETA: 0s - loss: 0.0231 - acc: 1.0000
 330/1459 [=====>........................] - ETA: 0s - loss: 0.0490 - acc: 0.9879
 630/1459 [===========>..................] - ETA: 0s - loss: 0.0447 - acc: 0.9937
 940/1459 [==================>...........] - ETA: 0s - loss: 0.0444 - acc: 0.9957
1270/1459 [=========================>....] - ETA: 0s - loss: 0.0458 - acc: 0.9945
1459/1459 [==============================] - 0s 168us/step - loss: 0.0475 - acc: 0.9938 - val_loss: 0.0982 - val_acc: 0.9693
Epoch 6/30

  10/1459 [..............................] - ETA: 0s - loss: 0.0425 - acc: 1.0000
 330/1459 [=====>........................] - ETA: 0s - loss: 0.0314 - acc: 0.9970
 650/1459 [============>.................] - ETA: 0s - loss: 0.0345 - acc: 0.9969
 990/1459 [===================>..........] - ETA: 0s - loss: 0.0364 - acc: 0.9960
1300/1459 [=========================>....] - ETA: 0s - loss: 0.0353 - acc: 0.9962
1459/1459 [==============================] - 0s 161us/step - loss: 0.0360 - acc: 0.9959 - val_loss: 0.0911 - val_acc: 0.9816
Epoch 7/30

  10/1459 [..............................] - ETA: 0s - loss: 0.0098 - acc: 1.0000
 310/1459 [=====>........................] - ETA: 0s - loss: 0.0251 - acc: 0.9968
 630/1459 [===========>..................] - ETA: 0s - loss: 0.0269 - acc: 0.9968
 950/1459 [==================>...........] - ETA: 0s - loss: 0.0273 - acc: 0.9968
1260/1459 [========================>.....] - ETA: 0s - loss: 0.0272 - acc: 0.9968
1459/1459 [==============================] - 0s 168us/step - loss: 0.0274 - acc: 0.9973 - val_loss: 0.0855 - val_acc: 0.9816
Epoch 8/30

  10/1459 [..............................] - ETA: 0s - loss: 0.0399 - acc: 1.0000
 330/1459 [=====>........................] - ETA: 0s - loss: 0.0163 - acc: 1.0000
 630/1459 [===========>..................] - ETA: 0s - loss: 0.0202 - acc: 0.9984
 960/1459 [==================>...........] - ETA: 0s - loss: 0.0228 - acc: 0.9979
1270/1459 [=========================>....] - ETA: 0s - loss: 0.0225 - acc: 0.9984
1459/1459 [==============================] - 0s 166us/step - loss: 0.0217 - acc: 0.9986 - val_loss: 0.0867 - val_acc: 0.9816
Epoch 9/30

  10/1459 [..............................] - ETA: 0s - loss: 0.0157 - acc: 1.0000
 320/1459 [=====>........................] - ETA: 0s - loss: 0.0137 - acc: 1.0000
 660/1459 [============>.................] - ETA: 0s - loss: 0.0148 - acc: 1.0000
 980/1459 [===================>..........] - ETA: 0s - loss: 0.0169 - acc: 0.9990
1240/1459 [========================>.....] - ETA: 0s - loss: 0.0167 - acc: 0.9992
1459/1459 [==============================] - 0s 169us/step - loss: 0.0175 - acc: 0.9993 - val_loss: 0.0840 - val_acc: 0.9755
Epoch 10/30

  10/1459 [..............................] - ETA: 0s - loss: 0.0095 - acc: 1.0000
 330/1459 [=====>........................] - ETA: 0s - loss: 0.0135 - acc: 1.0000
 640/1459 [============>.................] - ETA: 0s - loss: 0.0163 - acc: 0.9984
 970/1459 [==================>...........] - ETA: 0s - loss: 0.0156 - acc: 0.9990
1300/1459 [=========================>....] - ETA: 0s - loss: 0.0150 - acc: 0.9985
1459/1459 [==============================] - 0s 168us/step - loss: 0.0144 - acc: 0.9986 - val_loss: 0.0827 - val_acc: 0.9816
Epoch 11/30

  10/1459 [..............................] - ETA: 0s - loss: 0.0073 - acc: 1.0000
 300/1459 [=====>........................] - ETA: 0s - loss: 0.0110 - acc: 1.0000
 480/1459 [========>.....................] - ETA: 0s - loss: 0.0115 - acc: 1.0000
 750/1459 [==============>...............] - ETA: 0s - loss: 0.0115 - acc: 1.0000
1040/1459 [====================>.........] - ETA: 0s - loss: 0.0111 - acc: 1.0000
1300/1459 [=========================>....] - ETA: 0s - loss: 0.0120 - acc: 0.9992
1459/1459 [==============================] - 0s 198us/step - loss: 0.0119 - acc: 0.9993 - val_loss: 0.0798 - val_acc: 0.9816
Epoch 12/30

  10/1459 [..............................] - ETA: 0s - loss: 0.0153 - acc: 1.0000
 320/1459 [=====>........................] - ETA: 0s - loss: 0.0068 - acc: 1.0000
 610/1459 [===========>..................] - ETA: 0s - loss: 0.0102 - acc: 1.0000
 900/1459 [=================>............] - ETA: 0s - loss: 0.0098 - acc: 1.0000
1180/1459 [=======================>......] - ETA: 0s - loss: 0.0095 - acc: 1.0000
1450/1459 [============================>.] - ETA: 0s - loss: 0.0099 - acc: 1.0000
1459/1459 [==============================] - 0s 182us/step - loss: 0.0099 - acc: 1.0000 - val_loss: 0.0809 - val_acc: 0.9816
Epoch 13/30

  10/1459 [..............................] - ETA: 0s - loss: 0.0166 - acc: 1.0000
 310/1459 [=====>........................] - ETA: 0s - loss: 0.0068 - acc: 1.0000
 570/1459 [==========>...................] - ETA: 0s - loss: 0.0074 - acc: 1.0000
 830/1459 [================>.............] - ETA: 0s - loss: 0.0078 - acc: 1.0000
1090/1459 [=====================>........] - ETA: 0s - loss: 0.0077 - acc: 1.0000
1380/1459 [===========================>..] - ETA: 0s - loss: 0.0086 - acc: 0.9993
1459/1459 [==============================] - 0s 201us/step - loss: 0.0086 - acc: 0.9993 - val_loss: 0.0805 - val_acc: 0.9816
Epoch 14/30

  10/1459 [..............................] - ETA: 0s - loss: 0.0030 - acc: 1.0000
 300/1459 [=====>........................] - ETA: 0s - loss: 0.0088 - acc: 1.0000
 580/1459 [==========>...................] - ETA: 0s - loss: 0.0076 - acc: 1.0000
 870/1459 [================>.............] - ETA: 0s - loss: 0.0073 - acc: 1.0000
1180/1459 [=======================>......] - ETA: 0s - loss: 0.0071 - acc: 1.0000
1459/1459 [==============================] - 0s 175us/step - loss: 0.0072 - acc: 1.0000 - val_loss: 0.0820 - val_acc: 0.9816
acc: 98.16%
Train on 1460 samples, validate on 162 samples
Epoch 1/30

  10/1460 [..............................] - ETA: 1:55 - loss: 0.7528 - acc: 0.3000
 290/1460 [====>.........................] - ETA: 3s - loss: 0.6264 - acc: 0.6966  
 550/1460 [==========>...................] - ETA: 1s - loss: 0.5877 - acc: 0.7455
 830/1460 [================>.............] - ETA: 0s - loss: 0.5369 - acc: 0.8072
1100/1460 [=====================>........] - ETA: 0s - loss: 0.4898 - acc: 0.8436
1370/1460 [===========================>..] - ETA: 0s - loss: 0.4469 - acc: 0.8701
1460/1460 [==============================] - 1s 793us/step - loss: 0.4353 - acc: 0.8726 - val_loss: 0.2220 - val_acc: 0.9568
Epoch 2/30

  10/1460 [..............................] - ETA: 0s - loss: 0.2005 - acc: 1.0000
 280/1460 [====>.........................] - ETA: 0s - loss: 0.1902 - acc: 0.9679
 610/1460 [===========>..................] - ETA: 0s - loss: 0.1746 - acc: 0.9770
 950/1460 [==================>...........] - ETA: 0s - loss: 0.1638 - acc: 0.9768
1270/1460 [=========================>....] - ETA: 0s - loss: 0.1527 - acc: 0.9772
1460/1460 [==============================] - 0s 167us/step - loss: 0.1510 - acc: 0.9747 - val_loss: 0.1173 - val_acc: 0.9691
Epoch 3/30

  10/1460 [..............................] - ETA: 0s - loss: 0.0779 - acc: 1.0000
 360/1460 [======>.......................] - ETA: 0s - loss: 0.0886 - acc: 0.9861
 690/1460 [=============>................] - ETA: 0s - loss: 0.0880 - acc: 0.9841
1010/1460 [===================>..........] - ETA: 0s - loss: 0.0880 - acc: 0.9842
1360/1460 [==========================>...] - ETA: 0s - loss: 0.0893 - acc: 0.9816
1460/1460 [==============================] - 0s 156us/step - loss: 0.0909 - acc: 0.9808 - val_loss: 0.0882 - val_acc: 0.9753
Epoch 4/30

  10/1460 [..............................] - ETA: 0s - loss: 0.1531 - acc: 0.9000
 350/1460 [======>.......................] - ETA: 0s - loss: 0.0763 - acc: 0.9800
 710/1460 [=============>................] - ETA: 0s - loss: 0.0699 - acc: 0.9845
1060/1460 [====================>.........] - ETA: 0s - loss: 0.0646 - acc: 0.9877
1410/1460 [===========================>..] - ETA: 0s - loss: 0.0640 - acc: 0.9879
1460/1460 [==============================] - 0s 152us/step - loss: 0.0636 - acc: 0.9884 - val_loss: 0.0741 - val_acc: 0.9691
Epoch 5/30

  10/1460 [..............................] - ETA: 0s - loss: 0.0234 - acc: 1.0000
 360/1460 [======>.......................] - ETA: 0s - loss: 0.0457 - acc: 0.9917
 690/1460 [=============>................] - ETA: 0s - loss: 0.0543 - acc: 0.9870
1010/1460 [===================>..........] - ETA: 0s - loss: 0.0506 - acc: 0.9891
1350/1460 [==========================>...] - ETA: 0s - loss: 0.0471 - acc: 0.9904
1460/1460 [==============================] - 0s 159us/step - loss: 0.0477 - acc: 0.9890 - val_loss: 0.0628 - val_acc: 0.9753
Epoch 6/30

  10/1460 [..............................] - ETA: 0s - loss: 0.0158 - acc: 1.0000
 280/1460 [====>.........................] - ETA: 0s - loss: 0.0364 - acc: 0.9964
 610/1460 [===========>..................] - ETA: 0s - loss: 0.0331 - acc: 0.9967
 930/1460 [==================>...........] - ETA: 0s - loss: 0.0316 - acc: 0.9978
1260/1460 [========================>.....] - ETA: 0s - loss: 0.0389 - acc: 0.9937
1460/1460 [==============================] - 0s 165us/step - loss: 0.0370 - acc: 0.9945 - val_loss: 0.0564 - val_acc: 0.9877
Epoch 7/30

  10/1460 [..............................] - ETA: 0s - loss: 0.0230 - acc: 1.0000
 330/1460 [=====>........................] - ETA: 0s - loss: 0.0304 - acc: 0.9939
 630/1460 [===========>..................] - ETA: 0s - loss: 0.0316 - acc: 0.9952
 940/1460 [==================>...........] - ETA: 0s - loss: 0.0271 - acc: 0.9968
1230/1460 [========================>.....] - ETA: 0s - loss: 0.0286 - acc: 0.9959
1460/1460 [==============================] - 0s 173us/step - loss: 0.0288 - acc: 0.9959 - val_loss: 0.0530 - val_acc: 0.9815
Epoch 8/30

  10/1460 [..............................] - ETA: 0s - loss: 0.0125 - acc: 1.0000
 300/1460 [=====>........................] - ETA: 0s - loss: 0.0228 - acc: 0.9967
 570/1460 [==========>...................] - ETA: 0s - loss: 0.0222 - acc: 0.9982
 860/1460 [================>.............] - ETA: 0s - loss: 0.0218 - acc: 0.9977
1130/1460 [======================>.......] - ETA: 0s - loss: 0.0230 - acc: 0.9973
1430/1460 [============================>.] - ETA: 0s - loss: 0.0233 - acc: 0.9972
1460/1460 [==============================] - 0s 185us/step - loss: 0.0231 - acc: 0.9973 - val_loss: 0.0510 - val_acc: 0.9815
Epoch 9/30

  10/1460 [..............................] - ETA: 0s - loss: 0.0046 - acc: 1.0000
 310/1460 [=====>........................] - ETA: 0s - loss: 0.0154 - acc: 1.0000
 620/1460 [===========>..................] - ETA: 0s - loss: 0.0181 - acc: 0.9984
 920/1460 [=================>............] - ETA: 0s - loss: 0.0173 - acc: 0.9989
1230/1460 [========================>.....] - ETA: 0s - loss: 0.0172 - acc: 0.9984
1460/1460 [==============================] - 0s 174us/step - loss: 0.0182 - acc: 0.9979 - val_loss: 0.0457 - val_acc: 0.9815
Epoch 10/30

  10/1460 [..............................] - ETA: 0s - loss: 0.0094 - acc: 1.0000
 310/1460 [=====>........................] - ETA: 0s - loss: 0.0166 - acc: 1.0000
 620/1460 [===========>..................] - ETA: 0s - loss: 0.0135 - acc: 1.0000
 900/1460 [=================>............] - ETA: 0s - loss: 0.0152 - acc: 0.9989
1200/1460 [=======================>......] - ETA: 0s - loss: 0.0146 - acc: 0.9992
1460/1460 [==============================] - 0s 176us/step - loss: 0.0148 - acc: 0.9993 - val_loss: 0.0451 - val_acc: 0.9815
Epoch 11/30

  10/1460 [..............................] - ETA: 0s - loss: 0.0072 - acc: 1.0000
 330/1460 [=====>........................] - ETA: 0s - loss: 0.0121 - acc: 0.9970
 610/1460 [===========>..................] - ETA: 0s - loss: 0.0113 - acc: 0.9984
 900/1460 [=================>............] - ETA: 0s - loss: 0.0122 - acc: 0.9978
1180/1460 [=======================>......] - ETA: 0s - loss: 0.0117 - acc: 0.9983
1460/1460 [==============================] - 0s 182us/step - loss: 0.0119 - acc: 0.9986 - val_loss: 0.0435 - val_acc: 0.9815
Epoch 12/30

  10/1460 [..............................] - ETA: 0s - loss: 0.0159 - acc: 1.0000
 300/1460 [=====>........................] - ETA: 0s - loss: 0.0105 - acc: 1.0000
 620/1460 [===========>..................] - ETA: 0s - loss: 0.0105 - acc: 1.0000
 880/1460 [=================>............] - ETA: 0s - loss: 0.0103 - acc: 1.0000
1160/1460 [======================>.......] - ETA: 0s - loss: 0.0102 - acc: 1.0000
1440/1460 [============================>.] - ETA: 0s - loss: 0.0099 - acc: 1.0000
1460/1460 [==============================] - 0s 183us/step - loss: 0.0099 - acc: 1.0000 - val_loss: 0.0432 - val_acc: 0.9815
Epoch 13/30

  10/1460 [..............................] - ETA: 0s - loss: 0.0078 - acc: 1.0000
 320/1460 [=====>........................] - ETA: 0s - loss: 0.0062 - acc: 1.0000
 590/1460 [===========>..................] - ETA: 0s - loss: 0.0083 - acc: 1.0000
 900/1460 [=================>............] - ETA: 0s - loss: 0.0082 - acc: 1.0000
1200/1460 [=======================>......] - ETA: 0s - loss: 0.0079 - acc: 1.0000
1460/1460 [==============================] - 0s 177us/step - loss: 0.0085 - acc: 1.0000 - val_loss: 0.0419 - val_acc: 0.9815
Epoch 14/30

  10/1460 [..............................] - ETA: 0s - loss: 0.0044 - acc: 1.0000
 270/1460 [====>.........................] - ETA: 0s - loss: 0.0076 - acc: 1.0000
 570/1460 [==========>...................] - ETA: 0s - loss: 0.0065 - acc: 1.0000
 870/1460 [================>.............] - ETA: 0s - loss: 0.0064 - acc: 1.0000
1140/1460 [======================>.......] - ETA: 0s - loss: 0.0064 - acc: 1.0000
1460/1460 [==============================] - 0s 179us/step - loss: 0.0069 - acc: 1.0000 - val_loss: 0.0410 - val_acc: 0.9815
acc: 98.77%
Train on 1460 samples, validate on 162 samples
Epoch 1/30

  10/1460 [..............................] - ETA: 2:07 - loss: 0.7200 - acc: 0.3000
 350/1460 [======>.......................] - ETA: 2s - loss: 0.6352 - acc: 0.7257  
 680/1460 [============>.................] - ETA: 1s - loss: 0.5930 - acc: 0.7838
1020/1460 [===================>..........] - ETA: 0s - loss: 0.5463 - acc: 0.8294
1360/1460 [==========================>...] - ETA: 0s - loss: 0.4945 - acc: 0.8640
1460/1460 [==============================] - 1s 820us/step - loss: 0.4796 - acc: 0.8705 - val_loss: 0.2754 - val_acc: 0.9815
Epoch 2/30

  10/1460 [..............................] - ETA: 0s - loss: 0.2991 - acc: 1.0000
 350/1460 [======>.......................] - ETA: 0s - loss: 0.2331 - acc: 0.9686
 670/1460 [============>.................] - ETA: 0s - loss: 0.2084 - acc: 0.9746
1000/1460 [===================>..........] - ETA: 0s - loss: 0.1936 - acc: 0.9720
1340/1460 [==========================>...] - ETA: 0s - loss: 0.1834 - acc: 0.9724
1460/1460 [==============================] - 0s 159us/step - loss: 0.1798 - acc: 0.9719 - val_loss: 0.1311 - val_acc: 0.9815
Epoch 3/30

  10/1460 [..............................] - ETA: 0s - loss: 0.0797 - acc: 1.0000
 350/1460 [======>.......................] - ETA: 0s - loss: 0.1112 - acc: 0.9800
 680/1460 [============>.................] - ETA: 0s - loss: 0.1084 - acc: 0.9779
1010/1460 [===================>..........] - ETA: 0s - loss: 0.1057 - acc: 0.9772
1330/1460 [==========================>...] - ETA: 0s - loss: 0.1027 - acc: 0.9759
1460/1460 [==============================] - 0s 160us/step - loss: 0.1020 - acc: 0.9760 - val_loss: 0.0954 - val_acc: 0.9815
Epoch 4/30

  10/1460 [..............................] - ETA: 0s - loss: 0.0771 - acc: 1.0000
 330/1460 [=====>........................] - ETA: 0s - loss: 0.0804 - acc: 0.9788
 630/1460 [===========>..................] - ETA: 0s - loss: 0.0768 - acc: 0.9825
 910/1460 [=================>............] - ETA: 0s - loss: 0.0739 - acc: 0.9824
1220/1460 [========================>.....] - ETA: 0s - loss: 0.0742 - acc: 0.9820
1460/1460 [==============================] - 0s 174us/step - loss: 0.0722 - acc: 0.9829 - val_loss: 0.0812 - val_acc: 0.9815
Epoch 5/30

  10/1460 [..............................] - ETA: 0s - loss: 0.0235 - acc: 1.0000
 310/1460 [=====>........................] - ETA: 0s - loss: 0.0599 - acc: 0.9871
 620/1460 [===========>..................] - ETA: 0s - loss: 0.0514 - acc: 0.9919
 910/1460 [=================>............] - ETA: 0s - loss: 0.0522 - acc: 0.9912
1210/1460 [=======================>......] - ETA: 0s - loss: 0.0559 - acc: 0.9901
1460/1460 [==============================] - 0s 176us/step - loss: 0.0537 - acc: 0.9904 - val_loss: 0.0690 - val_acc: 0.9877
Epoch 6/30

  10/1460 [..............................] - ETA: 0s - loss: 0.0256 - acc: 1.0000
 320/1460 [=====>........................] - ETA: 0s - loss: 0.0279 - acc: 0.9969
 590/1460 [===========>..................] - ETA: 0s - loss: 0.0331 - acc: 0.9949
 870/1460 [================>.............] - ETA: 0s - loss: 0.0362 - acc: 0.9931
1170/1460 [=======================>......] - ETA: 0s - loss: 0.0386 - acc: 0.9915
1460/1460 [==============================] - 0s 182us/step - loss: 0.0424 - acc: 0.9918 - val_loss: 0.0670 - val_acc: 0.9815
Epoch 7/30

  10/1460 [..............................] - ETA: 0s - loss: 0.0132 - acc: 1.0000
 300/1460 [=====>........................] - ETA: 0s - loss: 0.0325 - acc: 1.0000
 580/1460 [==========>...................] - ETA: 0s - loss: 0.0285 - acc: 1.0000
 850/1460 [================>.............] - ETA: 0s - loss: 0.0277 - acc: 1.0000
1130/1460 [======================>.......] - ETA: 0s - loss: 0.0267 - acc: 1.0000
1410/1460 [===========================>..] - ETA: 0s - loss: 0.0326 - acc: 0.9972
1460/1460 [==============================] - 0s 186us/step - loss: 0.0331 - acc: 0.9973 - val_loss: 0.0623 - val_acc: 0.9877
Epoch 8/30

  10/1460 [..............................] - ETA: 0s - loss: 0.0225 - acc: 1.0000
 290/1460 [====>.........................] - ETA: 0s - loss: 0.0330 - acc: 0.9931
 590/1460 [===========>..................] - ETA: 0s - loss: 0.0283 - acc: 0.9966
 870/1460 [================>.............] - ETA: 0s - loss: 0.0277 - acc: 0.9977
1170/1460 [=======================>......] - ETA: 0s - loss: 0.0263 - acc: 0.9974
1460/1460 [==============================] - 0s 180us/step - loss: 0.0272 - acc: 0.9973 - val_loss: 0.0591 - val_acc: 0.9877
Epoch 9/30

  10/1460 [..............................] - ETA: 0s - loss: 0.0062 - acc: 1.0000
 330/1460 [=====>........................] - ETA: 0s - loss: 0.0217 - acc: 0.9970
 670/1460 [============>.................] - ETA: 0s - loss: 0.0225 - acc: 0.9970
 990/1460 [===================>..........] - ETA: 0s - loss: 0.0217 - acc: 0.9980
1260/1460 [========================>.....] - ETA: 0s - loss: 0.0223 - acc: 0.9976
1460/1460 [==============================] - 0s 173us/step - loss: 0.0223 - acc: 0.9979 - val_loss: 0.0599 - val_acc: 0.9753
Epoch 10/30

  10/1460 [..............................] - ETA: 2s - loss: 0.0126 - acc: 1.0000
 190/1460 [==>...........................] - ETA: 0s - loss: 0.0123 - acc: 1.0000
 420/1460 [=======>......................] - ETA: 0s - loss: 0.0149 - acc: 1.0000
 610/1460 [===========>..................] - ETA: 0s - loss: 0.0155 - acc: 1.0000
 840/1460 [================>.............] - ETA: 0s - loss: 0.0147 - acc: 1.0000
1060/1460 [====================>.........] - ETA: 0s - loss: 0.0178 - acc: 0.9981
1310/1460 [=========================>....] - ETA: 0s - loss: 0.0190 - acc: 0.9977
1460/1460 [==============================] - 0s 249us/step - loss: 0.0187 - acc: 0.9979 - val_loss: 0.0548 - val_acc: 0.9815
Epoch 11/30

  10/1460 [..............................] - ETA: 0s - loss: 0.0541 - acc: 1.0000
 270/1460 [====>.........................] - ETA: 0s - loss: 0.0153 - acc: 1.0000
 520/1460 [=========>....................] - ETA: 0s - loss: 0.0166 - acc: 0.9981
 820/1460 [===============>..............] - ETA: 0s - loss: 0.0182 - acc: 0.9976
1100/1460 [=====================>........] - ETA: 0s - loss: 0.0170 - acc: 0.9982
1390/1460 [===========================>..] - ETA: 0s - loss: 0.0157 - acc: 0.9986
1460/1460 [==============================] - 0s 189us/step - loss: 0.0157 - acc: 0.9986 - val_loss: 0.0526 - val_acc: 0.9815
Epoch 12/30

  10/1460 [..............................] - ETA: 0s - loss: 0.0073 - acc: 1.0000
 310/1460 [=====>........................] - ETA: 0s - loss: 0.0100 - acc: 1.0000
 600/1460 [===========>..................] - ETA: 0s - loss: 0.0092 - acc: 1.0000
 930/1460 [==================>...........] - ETA: 0s - loss: 0.0132 - acc: 0.9978
1240/1460 [========================>.....] - ETA: 0s - loss: 0.0136 - acc: 0.9984
1460/1460 [==============================] - 0s 169us/step - loss: 0.0133 - acc: 0.9986 - val_loss: 0.0528 - val_acc: 0.9815
Epoch 13/30

  10/1460 [..............................] - ETA: 0s - loss: 0.0045 - acc: 1.0000
 310/1460 [=====>........................] - ETA: 0s - loss: 0.0077 - acc: 1.0000
 410/1460 [=======>......................] - ETA: 0s - loss: 0.0080 - acc: 1.0000
 670/1460 [============>.................] - ETA: 0s - loss: 0.0109 - acc: 0.9985
 940/1460 [==================>...........] - ETA: 0s - loss: 0.0113 - acc: 0.9979
1220/1460 [========================>.....] - ETA: 0s - loss: 0.0115 - acc: 0.9984
1460/1460 [==============================] - 0s 209us/step - loss: 0.0112 - acc: 0.9986 - val_loss: 0.0515 - val_acc: 0.9815
acc: 98.77%
Train on 1460 samples, validate on 162 samples
Epoch 1/30

  10/1460 [..............................] - ETA: 2:20 - loss: 0.6854 - acc: 0.5000
 350/1460 [======>.......................] - ETA: 3s - loss: 0.6276 - acc: 0.6829  
 700/1460 [=============>................] - ETA: 1s - loss: 0.5724 - acc: 0.7929
1060/1460 [====================>.........] - ETA: 0s - loss: 0.5112 - acc: 0.8434
1400/1460 [===========================>..] - ETA: 0s - loss: 0.4557 - acc: 0.8750
1460/1460 [==============================] - 1s 884us/step - loss: 0.4465 - acc: 0.8788 - val_loss: 0.2249 - val_acc: 0.9815
Epoch 2/30

  10/1460 [..............................] - ETA: 0s - loss: 0.2128 - acc: 1.0000
 360/1460 [======>.......................] - ETA: 0s - loss: 0.2146 - acc: 0.9694
 720/1460 [=============>................] - ETA: 0s - loss: 0.1905 - acc: 0.9764
1080/1460 [=====================>........] - ETA: 0s - loss: 0.1817 - acc: 0.9713
1430/1460 [============================>.] - ETA: 0s - loss: 0.1675 - acc: 0.9734
1460/1460 [==============================] - 0s 147us/step - loss: 0.1659 - acc: 0.9740 - val_loss: 0.1060 - val_acc: 0.9753
Epoch 3/30

  10/1460 [..............................] - ETA: 0s - loss: 0.1044 - acc: 1.0000
 370/1460 [======>.......................] - ETA: 0s - loss: 0.1063 - acc: 0.9757
 680/1460 [============>.................] - ETA: 0s - loss: 0.1123 - acc: 0.9721
 990/1460 [===================>..........] - ETA: 0s - loss: 0.1026 - acc: 0.9778
1320/1460 [==========================>...] - ETA: 0s - loss: 0.0967 - acc: 0.9818
1460/1460 [==============================] - 0s 160us/step - loss: 0.0964 - acc: 0.9822 - val_loss: 0.0718 - val_acc: 0.9815
Epoch 4/30

  10/1460 [..............................] - ETA: 0s - loss: 0.0474 - acc: 1.0000
 340/1460 [=====>........................] - ETA: 0s - loss: 0.0704 - acc: 0.9853
 690/1460 [=============>................] - ETA: 0s - loss: 0.0759 - acc: 0.9870
1040/1460 [====================>.........] - ETA: 0s - loss: 0.0673 - acc: 0.9904
1390/1460 [===========================>..] - ETA: 0s - loss: 0.0694 - acc: 0.9885
1460/1460 [==============================] - 0s 153us/step - loss: 0.0681 - acc: 0.9890 - val_loss: 0.0604 - val_acc: 0.9815
Epoch 5/30

  10/1460 [..............................] - ETA: 0s - loss: 0.0336 - acc: 1.0000
 360/1460 [======>.......................] - ETA: 0s - loss: 0.0459 - acc: 0.9972
 710/1460 [=============>................] - ETA: 0s - loss: 0.0530 - acc: 0.9901
1050/1460 [====================>.........] - ETA: 0s - loss: 0.0529 - acc: 0.9914
1380/1460 [===========================>..] - ETA: 0s - loss: 0.0523 - acc: 0.9906
1460/1460 [==============================] - 0s 154us/step - loss: 0.0510 - acc: 0.9911 - val_loss: 0.0507 - val_acc: 0.9815
Epoch 6/30

  10/1460 [..............................] - ETA: 0s - loss: 0.0162 - acc: 1.0000
 340/1460 [=====>........................] - ETA: 0s - loss: 0.0291 - acc: 0.9971
 680/1460 [============>.................] - ETA: 0s - loss: 0.0322 - acc: 0.9926
1020/1460 [===================>..........] - ETA: 0s - loss: 0.0362 - acc: 0.9941
1360/1460 [==========================>...] - ETA: 0s - loss: 0.0395 - acc: 0.9941
1460/1460 [==============================] - 0s 157us/step - loss: 0.0388 - acc: 0.9945 - val_loss: 0.0506 - val_acc: 0.9815
Epoch 7/30

  10/1460 [..............................] - ETA: 0s - loss: 0.0263 - acc: 1.0000
 350/1460 [======>.......................] - ETA: 0s - loss: 0.0283 - acc: 0.9971
 680/1460 [============>.................] - ETA: 0s - loss: 0.0345 - acc: 0.9956
1030/1460 [====================>.........] - ETA: 0s - loss: 0.0301 - acc: 0.9971
1380/1460 [===========================>..] - ETA: 0s - loss: 0.0307 - acc: 0.9957
1460/1460 [==============================] - 0s 154us/step - loss: 0.0305 - acc: 0.9959 - val_loss: 0.0436 - val_acc: 0.9815
Epoch 8/30

  10/1460 [..............................] - ETA: 0s - loss: 0.0125 - acc: 1.0000
 360/1460 [======>.......................] - ETA: 0s - loss: 0.0213 - acc: 1.0000
 710/1460 [=============>................] - ETA: 0s - loss: 0.0277 - acc: 0.9972
1060/1460 [====================>.........] - ETA: 0s - loss: 0.0248 - acc: 0.9981
1390/1460 [===========================>..] - ETA: 0s - loss: 0.0229 - acc: 0.9986
1460/1460 [==============================] - 0s 152us/step - loss: 0.0240 - acc: 0.9979 - val_loss: 0.0471 - val_acc: 0.9815
Epoch 9/30

  10/1460 [..............................] - ETA: 0s - loss: 0.0182 - acc: 1.0000
 340/1460 [=====>........................] - ETA: 0s - loss: 0.0153 - acc: 1.0000
 680/1460 [============>.................] - ETA: 0s - loss: 0.0180 - acc: 0.9985
 990/1460 [===================>..........] - ETA: 0s - loss: 0.0185 - acc: 0.9980
1320/1460 [==========================>...] - ETA: 0s - loss: 0.0202 - acc: 0.9970
1460/1460 [==============================] - 0s 160us/step - loss: 0.0200 - acc: 0.9973 - val_loss: 0.0474 - val_acc: 0.9815
acc: 98.15%
Train on 1460 samples, validate on 162 samples
Epoch 1/30

  10/1460 [..............................] - ETA: 2:27 - loss: 0.7330 - acc: 0.2000
 340/1460 [=====>........................] - ETA: 3s - loss: 0.6518 - acc: 0.6853  
 700/1460 [=============>................] - ETA: 1s - loss: 0.5915 - acc: 0.7986
1060/1460 [====================>.........] - ETA: 0s - loss: 0.5285 - acc: 0.8519
1420/1460 [============================>.] - ETA: 0s - loss: 0.4708 - acc: 0.8782
1460/1460 [==============================] - 1s 932us/step - loss: 0.4658 - acc: 0.8795 - val_loss: 0.2405 - val_acc: 0.9815
Epoch 2/30

  10/1460 [..............................] - ETA: 0s - loss: 0.2279 - acc: 1.0000
 270/1460 [====>.........................] - ETA: 0s - loss: 0.2133 - acc: 0.9704
 550/1460 [==========>...................] - ETA: 0s - loss: 0.2047 - acc: 0.9673
 860/1460 [================>.............] - ETA: 0s - loss: 0.1877 - acc: 0.9709
1190/1460 [=======================>......] - ETA: 0s - loss: 0.1745 - acc: 0.9723
1460/1460 [==============================] - 0s 182us/step - loss: 0.1621 - acc: 0.9760 - val_loss: 0.1221 - val_acc: 0.9877
Epoch 3/30

  10/1460 [..............................] - ETA: 0s - loss: 0.1288 - acc: 0.9000
 300/1460 [=====>........................] - ETA: 0s - loss: 0.0949 - acc: 0.9833
 590/1460 [===========>..................] - ETA: 0s - loss: 0.0921 - acc: 0.9864
 860/1460 [================>.............] - ETA: 0s - loss: 0.0891 - acc: 0.9849
1160/1460 [======================>.......] - ETA: 0s - loss: 0.0923 - acc: 0.9819
1460/1460 [==============================] - 0s 177us/step - loss: 0.0923 - acc: 0.9808 - val_loss: 0.0959 - val_acc: 0.9815
Epoch 4/30

  10/1460 [..............................] - ETA: 0s - loss: 0.0377 - acc: 1.0000
 350/1460 [======>.......................] - ETA: 0s - loss: 0.0721 - acc: 0.9886
 680/1460 [============>.................] - ETA: 0s - loss: 0.0777 - acc: 0.9868
1020/1460 [===================>..........] - ETA: 0s - loss: 0.0697 - acc: 0.9892
1350/1460 [==========================>...] - ETA: 0s - loss: 0.0638 - acc: 0.9904
1460/1460 [==============================] - 0s 157us/step - loss: 0.0632 - acc: 0.9897 - val_loss: 0.0820 - val_acc: 0.9815
Epoch 5/30

  10/1460 [..............................] - ETA: 0s - loss: 0.0194 - acc: 1.0000
 340/1460 [=====>........................] - ETA: 0s - loss: 0.0456 - acc: 0.9912
 680/1460 [============>.................] - ETA: 0s - loss: 0.0493 - acc: 0.9926
1020/1460 [===================>..........] - ETA: 0s - loss: 0.0462 - acc: 0.9951
1360/1460 [==========================>...] - ETA: 0s - loss: 0.0484 - acc: 0.9934
1460/1460 [==============================] - 0s 155us/step - loss: 0.0478 - acc: 0.9938 - val_loss: 0.0720 - val_acc: 0.9877
Epoch 6/30

  10/1460 [..............................] - ETA: 0s - loss: 0.0127 - acc: 1.0000
 350/1460 [======>.......................] - ETA: 0s - loss: 0.0460 - acc: 0.9914
 680/1460 [============>.................] - ETA: 0s - loss: 0.0389 - acc: 0.9956
1000/1460 [===================>..........] - ETA: 0s - loss: 0.0382 - acc: 0.9960
1330/1460 [==========================>...] - ETA: 0s - loss: 0.0367 - acc: 0.9962
1460/1460 [==============================] - 0s 158us/step - loss: 0.0365 - acc: 0.9959 - val_loss: 0.0690 - val_acc: 0.9815
Epoch 7/30

  10/1460 [..............................] - ETA: 0s - loss: 0.0109 - acc: 1.0000
 340/1460 [=====>........................] - ETA: 0s - loss: 0.0255 - acc: 0.9971
 680/1460 [============>.................] - ETA: 0s - loss: 0.0296 - acc: 0.9956
1020/1460 [===================>..........] - ETA: 0s - loss: 0.0312 - acc: 0.9961
1350/1460 [==========================>...] - ETA: 0s - loss: 0.0288 - acc: 0.9970
1460/1460 [==============================] - 0s 156us/step - loss: 0.0288 - acc: 0.9966 - val_loss: 0.0688 - val_acc: 0.9877
Epoch 8/30

  10/1460 [..............................] - ETA: 0s - loss: 0.0142 - acc: 1.0000
 360/1460 [======>.......................] - ETA: 0s - loss: 0.0289 - acc: 0.9944
 700/1460 [=============>................] - ETA: 0s - loss: 0.0238 - acc: 0.9971
1010/1460 [===================>..........] - ETA: 0s - loss: 0.0219 - acc: 0.9980
1300/1460 [=========================>....] - ETA: 0s - loss: 0.0225 - acc: 0.9985
1460/1460 [==============================] - 0s 166us/step - loss: 0.0228 - acc: 0.9979 - val_loss: 0.0644 - val_acc: 0.9877
Epoch 9/30

  10/1460 [..............................] - ETA: 0s - loss: 0.0099 - acc: 1.0000
 280/1460 [====>.........................] - ETA: 0s - loss: 0.0149 - acc: 1.0000
 570/1460 [==========>...................] - ETA: 0s - loss: 0.0206 - acc: 0.9982
 860/1460 [================>.............] - ETA: 0s - loss: 0.0187 - acc: 0.9988
1160/1460 [======================>.......] - ETA: 0s - loss: 0.0183 - acc: 0.9991
1460/1460 [==============================] - 0s 176us/step - loss: 0.0183 - acc: 0.9979 - val_loss: 0.0647 - val_acc: 0.9877
Epoch 10/30

  10/1460 [..............................] - ETA: 0s - loss: 0.0163 - acc: 1.0000
 350/1460 [======>.......................] - ETA: 0s - loss: 0.0145 - acc: 1.0000
 680/1460 [============>.................] - ETA: 0s - loss: 0.0133 - acc: 1.0000
1010/1460 [===================>..........] - ETA: 0s - loss: 0.0151 - acc: 0.9990
1330/1460 [==========================>...] - ETA: 0s - loss: 0.0149 - acc: 0.9985
1460/1460 [==============================] - 0s 160us/step - loss: 0.0150 - acc: 0.9986 - val_loss: 0.0667 - val_acc: 0.9877
acc: 98.77%
Train on 1460 samples, validate on 162 samples
Epoch 1/30

  10/1460 [..............................] - ETA: 2:39 - loss: 0.6967 - acc: 0.4000
 360/1460 [======>.......................] - ETA: 3s - loss: 0.6407 - acc: 0.6639  
 720/1460 [=============>................] - ETA: 1s - loss: 0.5852 - acc: 0.7569
1060/1460 [====================>.........] - ETA: 0s - loss: 0.5241 - acc: 0.8198
1400/1460 [===========================>..] - ETA: 0s - loss: 0.4727 - acc: 0.8550
1460/1460 [==============================] - 1s 991us/step - loss: 0.4632 - acc: 0.8603 - val_loss: 0.2377 - val_acc: 0.9753
Epoch 2/30

  10/1460 [..............................] - ETA: 0s - loss: 0.2951 - acc: 0.9000
 330/1460 [=====>........................] - ETA: 0s - loss: 0.2296 - acc: 0.9667
 680/1460 [============>.................] - ETA: 0s - loss: 0.2033 - acc: 0.9676
1040/1460 [====================>.........] - ETA: 0s - loss: 0.1852 - acc: 0.9692
1400/1460 [===========================>..] - ETA: 0s - loss: 0.1676 - acc: 0.9721
1460/1460 [==============================] - 0s 149us/step - loss: 0.1661 - acc: 0.9712 - val_loss: 0.1273 - val_acc: 0.9691
Epoch 3/30

  10/1460 [..............................] - ETA: 0s - loss: 0.0722 - acc: 1.0000
 380/1460 [======>.......................] - ETA: 0s - loss: 0.0979 - acc: 0.9789
 750/1460 [==============>...............] - ETA: 0s - loss: 0.0874 - acc: 0.9853
1090/1460 [=====================>........] - ETA: 0s - loss: 0.0903 - acc: 0.9789
1440/1460 [============================>.] - ETA: 0s - loss: 0.0929 - acc: 0.9799
1460/1460 [==============================] - 0s 147us/step - loss: 0.0936 - acc: 0.9795 - val_loss: 0.1069 - val_acc: 0.9630
Epoch 4/30

  10/1460 [..............................] - ETA: 0s - loss: 0.0555 - acc: 1.0000
 370/1460 [======>.......................] - ETA: 0s - loss: 0.0607 - acc: 0.9892
 720/1460 [=============>................] - ETA: 0s - loss: 0.0662 - acc: 0.9875
1060/1460 [====================>.........] - ETA: 0s - loss: 0.0695 - acc: 0.9858
1390/1460 [===========================>..] - ETA: 0s - loss: 0.0658 - acc: 0.9863
1460/1460 [==============================] - 0s 152us/step - loss: 0.0648 - acc: 0.9863 - val_loss: 0.0901 - val_acc: 0.9630
Epoch 5/30

  10/1460 [..............................] - ETA: 0s - loss: 0.0228 - acc: 1.0000
 340/1460 [=====>........................] - ETA: 0s - loss: 0.0645 - acc: 0.9853
 680/1460 [============>.................] - ETA: 0s - loss: 0.0520 - acc: 0.9912
1020/1460 [===================>..........] - ETA: 0s - loss: 0.0521 - acc: 0.9922
1370/1460 [===========================>..] - ETA: 0s - loss: 0.0498 - acc: 0.9920
1460/1460 [==============================] - 0s 155us/step - loss: 0.0491 - acc: 0.9925 - val_loss: 0.0856 - val_acc: 0.9630
Epoch 6/30

  10/1460 [..............................] - ETA: 0s - loss: 0.0205 - acc: 1.0000
 360/1460 [======>.......................] - ETA: 0s - loss: 0.0336 - acc: 1.0000
 710/1460 [=============>................] - ETA: 0s - loss: 0.0322 - acc: 0.9972
1050/1460 [====================>.........] - ETA: 0s - loss: 0.0377 - acc: 0.9943
1380/1460 [===========================>..] - ETA: 0s - loss: 0.0375 - acc: 0.9949
1460/1460 [==============================] - 0s 154us/step - loss: 0.0376 - acc: 0.9945 - val_loss: 0.0813 - val_acc: 0.9630
Epoch 7/30

  10/1460 [..............................] - ETA: 0s - loss: 0.0374 - acc: 1.0000
 330/1460 [=====>........................] - ETA: 0s - loss: 0.0321 - acc: 0.9970
 660/1460 [============>.................] - ETA: 0s - loss: 0.0278 - acc: 0.9970
 990/1460 [===================>..........] - ETA: 0s - loss: 0.0280 - acc: 0.9970
1310/1460 [=========================>....] - ETA: 0s - loss: 0.0296 - acc: 0.9962
1460/1460 [==============================] - 0s 160us/step - loss: 0.0289 - acc: 0.9966 - val_loss: 0.0798 - val_acc: 0.9630
Epoch 8/30

  10/1460 [..............................] - ETA: 0s - loss: 0.0248 - acc: 1.0000
 340/1460 [=====>........................] - ETA: 0s - loss: 0.0229 - acc: 1.0000
 660/1460 [============>.................] - ETA: 0s - loss: 0.0303 - acc: 0.9970
1010/1460 [===================>..........] - ETA: 0s - loss: 0.0261 - acc: 0.9970
1350/1460 [==========================>...] - ETA: 0s - loss: 0.0238 - acc: 0.9978
1460/1460 [==============================] - 0s 158us/step - loss: 0.0233 - acc: 0.9979 - val_loss: 0.0770 - val_acc: 0.9691
Epoch 9/30

  10/1460 [..............................] - ETA: 0s - loss: 0.0066 - acc: 1.0000
 350/1460 [======>.......................] - ETA: 0s - loss: 0.0133 - acc: 1.0000
 700/1460 [=============>................] - ETA: 0s - loss: 0.0179 - acc: 0.9986
1030/1460 [====================>.........] - ETA: 0s - loss: 0.0206 - acc: 0.9981
1360/1460 [==========================>...] - ETA: 0s - loss: 0.0194 - acc: 0.9985
1460/1460 [==============================] - 0s 156us/step - loss: 0.0194 - acc: 0.9986 - val_loss: 0.0763 - val_acc: 0.9691
acc: 97.53%
Train on 1460 samples, validate on 162 samples
Epoch 1/30

  10/1460 [..............................] - ETA: 2:54 - loss: 0.7623 - acc: 0.4000
 350/1460 [======>.......................] - ETA: 3s - loss: 0.6416 - acc: 0.6571  
 700/1460 [=============>................] - ETA: 1s - loss: 0.5913 - acc: 0.7571
1050/1460 [====================>.........] - ETA: 0s - loss: 0.5370 - acc: 0.8162
1420/1460 [============================>.] - ETA: 0s - loss: 0.4834 - acc: 0.8542
1460/1460 [==============================] - 2s 1ms/step - loss: 0.4776 - acc: 0.8582 - val_loss: 0.2692 - val_acc: 0.9568
Epoch 2/30

  10/1460 [..............................] - ETA: 0s - loss: 0.2915 - acc: 1.0000
 330/1460 [=====>........................] - ETA: 0s - loss: 0.2393 - acc: 0.9606
 660/1460 [============>.................] - ETA: 0s - loss: 0.2183 - acc: 0.9636
 990/1460 [===================>..........] - ETA: 0s - loss: 0.2001 - acc: 0.9687
1340/1460 [==========================>...] - ETA: 0s - loss: 0.1868 - acc: 0.9664
1460/1460 [==============================] - 0s 158us/step - loss: 0.1804 - acc: 0.9678 - val_loss: 0.1320 - val_acc: 0.9630
Epoch 3/30

  10/1460 [..............................] - ETA: 0s - loss: 0.0914 - acc: 1.0000
 360/1460 [======>.......................] - ETA: 0s - loss: 0.1103 - acc: 0.9778
 710/1460 [=============>................] - ETA: 0s - loss: 0.1100 - acc: 0.9761
1060/1460 [====================>.........] - ETA: 0s - loss: 0.1053 - acc: 0.9783
1420/1460 [============================>.] - ETA: 0s - loss: 0.1009 - acc: 0.9789
1460/1460 [==============================] - 0s 150us/step - loss: 0.1016 - acc: 0.9788 - val_loss: 0.0950 - val_acc: 0.9630
Epoch 4/30

  10/1460 [..............................] - ETA: 0s - loss: 0.0809 - acc: 1.0000
 380/1460 [======>.......................] - ETA: 0s - loss: 0.0851 - acc: 0.9763
 740/1460 [==============>...............] - ETA: 0s - loss: 0.0780 - acc: 0.9797
1100/1460 [=====================>........] - ETA: 0s - loss: 0.0760 - acc: 0.9818
1450/1460 [============================>.] - ETA: 0s - loss: 0.0701 - acc: 0.9848
1460/1460 [==============================] - 0s 147us/step - loss: 0.0699 - acc: 0.9849 - val_loss: 0.0813 - val_acc: 0.9691
Epoch 5/30

  10/1460 [..............................] - ETA: 0s - loss: 0.0517 - acc: 1.0000
 340/1460 [=====>........................] - ETA: 0s - loss: 0.0617 - acc: 0.9882
 680/1460 [============>.................] - ETA: 0s - loss: 0.0589 - acc: 0.9882
1010/1460 [===================>..........] - ETA: 0s - loss: 0.0525 - acc: 0.9921
1310/1460 [=========================>....] - ETA: 0s - loss: 0.0516 - acc: 0.9908
1460/1460 [==============================] - 0s 165us/step - loss: 0.0513 - acc: 0.9911 - val_loss: 0.0759 - val_acc: 0.9691
Epoch 6/30

  10/1460 [..............................] - ETA: 0s - loss: 0.0757 - acc: 1.0000
 290/1460 [====>.........................] - ETA: 0s - loss: 0.0359 - acc: 1.0000
 610/1460 [===========>..................] - ETA: 0s - loss: 0.0417 - acc: 0.9967
 950/1460 [==================>...........] - ETA: 0s - loss: 0.0406 - acc: 0.9958
1260/1460 [========================>.....] - ETA: 0s - loss: 0.0401 - acc: 0.9952
1460/1460 [==============================] - 0s 168us/step - loss: 0.0390 - acc: 0.9952 - val_loss: 0.0686 - val_acc: 0.9691
Epoch 7/30

  10/1460 [..............................] - ETA: 0s - loss: 0.0157 - acc: 1.0000
 310/1460 [=====>........................] - ETA: 0s - loss: 0.0277 - acc: 0.9968
 600/1460 [===========>..................] - ETA: 0s - loss: 0.0315 - acc: 0.9967
 890/1460 [=================>............] - ETA: 0s - loss: 0.0310 - acc: 0.9966
1190/1460 [=======================>......] - ETA: 0s - loss: 0.0320 - acc: 0.9966
1460/1460 [==============================] - 0s 175us/step - loss: 0.0305 - acc: 0.9966 - val_loss: 0.0636 - val_acc: 0.9691
Epoch 8/30

  10/1460 [..............................] - ETA: 0s - loss: 0.0142 - acc: 1.0000
 340/1460 [=====>........................] - ETA: 0s - loss: 0.0224 - acc: 1.0000
 660/1460 [============>.................] - ETA: 0s - loss: 0.0206 - acc: 1.0000
 990/1460 [===================>..........] - ETA: 0s - loss: 0.0251 - acc: 0.9980
1320/1460 [==========================>...] - ETA: 0s - loss: 0.0236 - acc: 0.9985
1460/1460 [==============================] - 0s 161us/step - loss: 0.0242 - acc: 0.9979 - val_loss: 0.0626 - val_acc: 0.9691
Epoch 9/30

  10/1460 [..............................] - ETA: 0s - loss: 0.0102 - acc: 1.0000
 330/1460 [=====>........................] - ETA: 0s - loss: 0.0307 - acc: 0.9939
 670/1460 [============>.................] - ETA: 0s - loss: 0.0261 - acc: 0.9970
 920/1460 [=================>............] - ETA: 0s - loss: 0.0230 - acc: 0.9978
1180/1460 [=======================>......] - ETA: 0s - loss: 0.0211 - acc: 0.9983
1460/1460 [==============================] - 0s 177us/step - loss: 0.0199 - acc: 0.9986 - val_loss: 0.0606 - val_acc: 0.9691
Epoch 10/30

  10/1460 [..............................] - ETA: 0s - loss: 0.0189 - acc: 1.0000
 340/1460 [=====>........................] - ETA: 0s - loss: 0.0136 - acc: 1.0000
 670/1460 [============>.................] - ETA: 0s - loss: 0.0125 - acc: 1.0000
 990/1460 [===================>..........] - ETA: 0s - loss: 0.0158 - acc: 0.9990
1320/1460 [==========================>...] - ETA: 0s - loss: 0.0165 - acc: 0.9985
1460/1460 [==============================] - 0s 161us/step - loss: 0.0164 - acc: 0.9986 - val_loss: 0.0641 - val_acc: 0.9691
Epoch 11/30

  10/1460 [..............................] - ETA: 0s - loss: 0.0097 - acc: 1.0000
 350/1460 [======>.......................] - ETA: 0s - loss: 0.0162 - acc: 0.9971
 680/1460 [============>.................] - ETA: 0s - loss: 0.0163 - acc: 0.9971
1010/1460 [===================>..........] - ETA: 0s - loss: 0.0148 - acc: 0.9980
1340/1460 [==========================>...] - ETA: 0s - loss: 0.0140 - acc: 0.9985
1460/1460 [==============================] - 0s 159us/step - loss: 0.0135 - acc: 0.9986 - val_loss: 0.0576 - val_acc: 0.9691
Epoch 12/30

  10/1460 [..............................] - ETA: 0s - loss: 0.0032 - acc: 1.0000
 350/1460 [======>.......................] - ETA: 0s - loss: 0.0120 - acc: 0.9971
 670/1460 [============>.................] - ETA: 0s - loss: 0.0120 - acc: 0.9985
1000/1460 [===================>..........] - ETA: 0s - loss: 0.0122 - acc: 0.9980
1300/1460 [=========================>....] - ETA: 0s - loss: 0.0113 - acc: 0.9985
1460/1460 [==============================] - 0s 163us/step - loss: 0.0117 - acc: 0.9986 - val_loss: 0.0595 - val_acc: 0.9691
acc: 96.91%
Train on 1461 samples, validate on 161 samples
Epoch 1/30

  10/1461 [..............................] - ETA: 3:12 - loss: 0.7352 - acc: 0.4000
 340/1461 [=====>........................] - ETA: 4s - loss: 0.6594 - acc: 0.6441  
 670/1461 [============>.................] - ETA: 1s - loss: 0.6012 - acc: 0.7597
1010/1461 [===================>..........] - ETA: 0s - loss: 0.5400 - acc: 0.8257
1350/1461 [==========================>...] - ETA: 0s - loss: 0.4864 - acc: 0.8548
1461/1461 [==============================] - 2s 1ms/step - loss: 0.4717 - acc: 0.8611 - val_loss: 0.2447 - val_acc: 0.9752
Epoch 2/30

  10/1461 [..............................] - ETA: 0s - loss: 0.1908 - acc: 1.0000
 320/1461 [=====>........................] - ETA: 0s - loss: 0.2196 - acc: 0.9656
 660/1461 [============>.................] - ETA: 0s - loss: 0.1988 - acc: 0.9667
1000/1461 [===================>..........] - ETA: 0s - loss: 0.1861 - acc: 0.9680
1350/1461 [==========================>...] - ETA: 0s - loss: 0.1770 - acc: 0.9667
1461/1461 [==============================] - 0s 159us/step - loss: 0.1751 - acc: 0.9665 - val_loss: 0.1078 - val_acc: 0.9814
Epoch 3/30

  10/1461 [..............................] - ETA: 0s - loss: 0.0677 - acc: 1.0000
 350/1461 [======>.......................] - ETA: 0s - loss: 0.1182 - acc: 0.9800
 680/1461 [============>.................] - ETA: 0s - loss: 0.1102 - acc: 0.9794
1020/1461 [===================>..........] - ETA: 0s - loss: 0.1078 - acc: 0.9784
1350/1461 [==========================>...] - ETA: 0s - loss: 0.1041 - acc: 0.9778
1461/1461 [==============================] - 0s 158us/step - loss: 0.1030 - acc: 0.9774 - val_loss: 0.0745 - val_acc: 0.9814
Epoch 4/30

  10/1461 [..............................] - ETA: 0s - loss: 0.0394 - acc: 1.0000
 360/1461 [======>.......................] - ETA: 0s - loss: 0.0746 - acc: 0.9889
 710/1461 [=============>................] - ETA: 0s - loss: 0.0716 - acc: 0.9915
1060/1461 [====================>.........] - ETA: 0s - loss: 0.0715 - acc: 0.9877
1410/1461 [===========================>..] - ETA: 0s - loss: 0.0727 - acc: 0.9872
1461/1461 [==============================] - 0s 152us/step - loss: 0.0724 - acc: 0.9870 - val_loss: 0.0626 - val_acc: 0.9814
Epoch 5/30

  10/1461 [..............................] - ETA: 0s - loss: 0.0175 - acc: 1.0000
 350/1461 [======>.......................] - ETA: 0s - loss: 0.0563 - acc: 0.9943
 690/1461 [=============>................] - ETA: 0s - loss: 0.0502 - acc: 0.9957
1030/1461 [====================>.........] - ETA: 0s - loss: 0.0572 - acc: 0.9913
1360/1461 [==========================>...] - ETA: 0s - loss: 0.0571 - acc: 0.9897
1461/1461 [==============================] - 0s 159us/step - loss: 0.0570 - acc: 0.9890 - val_loss: 0.0542 - val_acc: 0.9938
Epoch 6/30

  10/1461 [..............................] - ETA: 0s - loss: 0.0347 - acc: 1.0000
 350/1461 [======>.......................] - ETA: 0s - loss: 0.0316 - acc: 1.0000
 690/1461 [=============>................] - ETA: 0s - loss: 0.0389 - acc: 0.9971
1040/1461 [====================>.........] - ETA: 0s - loss: 0.0428 - acc: 0.9942
1370/1461 [===========================>..] - ETA: 0s - loss: 0.0441 - acc: 0.9942
1461/1461 [==============================] - 0s 156us/step - loss: 0.0432 - acc: 0.9945 - val_loss: 0.0497 - val_acc: 0.9876
Epoch 7/30

  10/1461 [..............................] - ETA: 0s - loss: 0.0156 - acc: 1.0000
 360/1461 [======>.......................] - ETA: 0s - loss: 0.0274 - acc: 1.0000
 710/1461 [=============>................] - ETA: 0s - loss: 0.0320 - acc: 0.9972
1060/1461 [====================>.........] - ETA: 0s - loss: 0.0346 - acc: 0.9962
1400/1461 [===========================>..] - ETA: 0s - loss: 0.0349 - acc: 0.9957
1461/1461 [==============================] - 0s 152us/step - loss: 0.0346 - acc: 0.9959 - val_loss: 0.0500 - val_acc: 0.9876
Epoch 8/30

  10/1461 [..............................] - ETA: 0s - loss: 0.0135 - acc: 1.0000
 330/1461 [=====>........................] - ETA: 0s - loss: 0.0215 - acc: 1.0000
 620/1461 [===========>..................] - ETA: 0s - loss: 0.0244 - acc: 0.9968
 930/1461 [==================>...........] - ETA: 0s - loss: 0.0235 - acc: 0.9978
1210/1461 [=======================>......] - ETA: 0s - loss: 0.0272 - acc: 0.9967
1461/1461 [==============================] - 0s 175us/step - loss: 0.0273 - acc: 0.9966 - val_loss: 0.0448 - val_acc: 0.9876
Epoch 9/30

  10/1461 [..............................] - ETA: 0s - loss: 0.0170 - acc: 1.0000
 320/1461 [=====>........................] - ETA: 0s - loss: 0.0180 - acc: 1.0000
 650/1461 [============>.................] - ETA: 0s - loss: 0.0245 - acc: 0.9954
 970/1461 [==================>...........] - ETA: 0s - loss: 0.0229 - acc: 0.9969
1300/1461 [=========================>....] - ETA: 0s - loss: 0.0232 - acc: 0.9977
1461/1461 [==============================] - 0s 164us/step - loss: 0.0225 - acc: 0.9979 - val_loss: 0.0467 - val_acc: 0.9876
Epoch 10/30

  10/1461 [..............................] - ETA: 0s - loss: 0.0379 - acc: 1.0000
 340/1461 [=====>........................] - ETA: 0s - loss: 0.0167 - acc: 0.9971
 620/1461 [===========>..................] - ETA: 0s - loss: 0.0170 - acc: 0.9984
 940/1461 [==================>...........] - ETA: 0s - loss: 0.0199 - acc: 0.9979
1260/1461 [========================>.....] - ETA: 0s - loss: 0.0183 - acc: 0.9984
1461/1461 [==============================] - 0s 167us/step - loss: 0.0178 - acc: 0.9986 - val_loss: 0.0424 - val_acc: 0.9876
Epoch 11/30

  10/1461 [..............................] - ETA: 0s - loss: 0.0068 - acc: 1.0000
 330/1461 [=====>........................] - ETA: 0s - loss: 0.0176 - acc: 0.9939
 640/1461 [============>.................] - ETA: 0s - loss: 0.0155 - acc: 0.9969
 910/1461 [=================>............] - ETA: 0s - loss: 0.0154 - acc: 0.9978
1220/1461 [========================>.....] - ETA: 0s - loss: 0.0148 - acc: 0.9984
1461/1461 [==============================] - 0s 175us/step - loss: 0.0146 - acc: 0.9986 - val_loss: 0.0412 - val_acc: 0.9876
Epoch 12/30

  10/1461 [..............................] - ETA: 0s - loss: 0.0174 - acc: 1.0000
 300/1461 [=====>........................] - ETA: 0s - loss: 0.0106 - acc: 1.0000
 550/1461 [==========>...................] - ETA: 0s - loss: 0.0107 - acc: 1.0000
 800/1461 [===============>..............] - ETA: 0s - loss: 0.0129 - acc: 0.9987
1090/1461 [=====================>........] - ETA: 0s - loss: 0.0120 - acc: 0.9991
1370/1461 [===========================>..] - ETA: 0s - loss: 0.0118 - acc: 0.9993
1461/1461 [==============================] - 0s 193us/step - loss: 0.0122 - acc: 0.9986 - val_loss: 0.0408 - val_acc: 0.9876
Epoch 13/30

  10/1461 [..............................] - ETA: 0s - loss: 0.0050 - acc: 1.0000
 330/1461 [=====>........................] - ETA: 0s - loss: 0.0092 - acc: 1.0000
 650/1461 [============>.................] - ETA: 0s - loss: 0.0117 - acc: 0.9985
 950/1461 [==================>...........] - ETA: 0s - loss: 0.0111 - acc: 0.9989
1260/1461 [========================>.....] - ETA: 0s - loss: 0.0106 - acc: 0.9992
1461/1461 [==============================] - 0s 167us/step - loss: 0.0103 - acc: 0.9993 - val_loss: 0.0392 - val_acc: 0.9876
acc: 99.38%
Accuracy: 98.15% (+/- 0.78%)
