Train on 1459 samples, validate on 163 samples
Epoch 1/30

 100/1459 [=>............................] - ETA: 5s - loss: 0.6833 - acc: 0.5800
1459/1459 [==============================] - 1s 349us/step - loss: 0.4867 - acc: 0.8478 - val_loss: 0.2874 - val_acc: 0.9509
Epoch 2/30

 100/1459 [=>............................] - ETA: 0s - loss: 0.2563 - acc: 0.9700
1459/1459 [==============================] - 0s 18us/step - loss: 0.1754 - acc: 0.9767 - val_loss: 0.1596 - val_acc: 0.9509
Epoch 3/30

 100/1459 [=>............................] - ETA: 0s - loss: 0.0866 - acc: 1.0000
1459/1459 [==============================] - 0s 18us/step - loss: 0.0899 - acc: 0.9836 - val_loss: 0.1319 - val_acc: 0.9571
Epoch 4/30

 100/1459 [=>............................] - ETA: 0s - loss: 0.0737 - acc: 0.9800
1459/1459 [==============================] - 0s 16us/step - loss: 0.0605 - acc: 0.9877 - val_loss: 0.1227 - val_acc: 0.9571
Epoch 5/30

 100/1459 [=>............................] - ETA: 0s - loss: 0.0647 - acc: 0.9800
1459/1459 [==============================] - 0s 17us/step - loss: 0.0441 - acc: 0.9938 - val_loss: 0.1125 - val_acc: 0.9632
Epoch 6/30

 100/1459 [=>............................] - ETA: 0s - loss: 0.0283 - acc: 0.9900
1459/1459 [==============================] - 0s 17us/step - loss: 0.0349 - acc: 0.9945 - val_loss: 0.1113 - val_acc: 0.9632
Epoch 7/30

 100/1459 [=>............................] - ETA: 0s - loss: 0.0299 - acc: 0.9900
1459/1459 [==============================] - 0s 16us/step - loss: 0.0269 - acc: 0.9966 - val_loss: 0.1073 - val_acc: 0.9693
Epoch 8/30

 100/1459 [=>............................] - ETA: 0s - loss: 0.0219 - acc: 1.0000
1459/1459 [==============================] - 0s 18us/step - loss: 0.0221 - acc: 0.9979 - val_loss: 0.1060 - val_acc: 0.9755
Epoch 9/30

 100/1459 [=>............................] - ETA: 0s - loss: 0.0240 - acc: 0.9900
1459/1459 [==============================] - 0s 16us/step - loss: 0.0188 - acc: 0.9979 - val_loss: 0.1076 - val_acc: 0.9632
Epoch 10/30

 100/1459 [=>............................] - ETA: 0s - loss: 0.0112 - acc: 1.0000
1459/1459 [==============================] - 0s 17us/step - loss: 0.0150 - acc: 0.9986 - val_loss: 0.1036 - val_acc: 0.9693
Epoch 11/30

 100/1459 [=>............................] - ETA: 0s - loss: 0.0112 - acc: 1.0000
1459/1459 [==============================] - 0s 18us/step - loss: 0.0131 - acc: 0.9986 - val_loss: 0.1088 - val_acc: 0.9693
Epoch 12/30

 100/1459 [=>............................] - ETA: 0s - loss: 0.0129 - acc: 1.0000
1459/1459 [==============================] - 0s 16us/step - loss: 0.0114 - acc: 0.9993 - val_loss: 0.1057 - val_acc: 0.9755
Epoch 13/30

 100/1459 [=>............................] - ETA: 0s - loss: 0.0080 - acc: 1.0000
1459/1459 [==============================] - 0s 16us/step - loss: 0.0107 - acc: 0.9993 - val_loss: 0.1065 - val_acc: 0.9693
Epoch 14/30

 100/1459 [=>............................] - ETA: 0s - loss: 0.0080 - acc: 1.0000
1459/1459 [==============================] - 0s 17us/step - loss: 0.0086 - acc: 1.0000 - val_loss: 0.1081 - val_acc: 0.9693
Epoch 15/30

 100/1459 [=>............................] - ETA: 0s - loss: 0.0075 - acc: 1.0000
1459/1459 [==============================] - 0s 16us/step - loss: 0.0076 - acc: 1.0000 - val_loss: 0.1085 - val_acc: 0.9693
Epoch 16/30

 100/1459 [=>............................] - ETA: 0s - loss: 0.0047 - acc: 1.0000
1459/1459 [==============================] - 0s 16us/step - loss: 0.0066 - acc: 1.0000 - val_loss: 0.1085 - val_acc: 0.9693
Epoch 17/30

 100/1459 [=>............................] - ETA: 0s - loss: 0.0053 - acc: 1.0000
1459/1459 [==============================] - 0s 16us/step - loss: 0.0059 - acc: 1.0000 - val_loss: 0.1089 - val_acc: 0.9693
Epoch 18/30

 100/1459 [=>............................] - ETA: 0s - loss: 0.0090 - acc: 1.0000
1459/1459 [==============================] - 0s 16us/step - loss: 0.0054 - acc: 1.0000 - val_loss: 0.1094 - val_acc: 0.9755
Epoch 19/30

 100/1459 [=>............................] - ETA: 0s - loss: 0.0038 - acc: 1.0000
1459/1459 [==============================] - 0s 16us/step - loss: 0.0048 - acc: 1.0000 - val_loss: 0.1112 - val_acc: 0.9755
Epoch 20/30

 100/1459 [=>............................] - ETA: 0s - loss: 0.0054 - acc: 1.0000
1459/1459 [==============================] - 0s 16us/step - loss: 0.0044 - acc: 1.0000 - val_loss: 0.1086 - val_acc: 0.9693
Epoch 21/30

 100/1459 [=>............................] - ETA: 0s - loss: 0.0035 - acc: 1.0000
1459/1459 [==============================] - 0s 16us/step - loss: 0.0041 - acc: 1.0000 - val_loss: 0.1105 - val_acc: 0.9693
Epoch 22/30

 100/1459 [=>............................] - ETA: 0s - loss: 0.0031 - acc: 1.0000
1459/1459 [==============================] - 0s 16us/step - loss: 0.0038 - acc: 1.0000 - val_loss: 0.1117 - val_acc: 0.9693
Epoch 23/30

 100/1459 [=>............................] - ETA: 0s - loss: 0.0028 - acc: 1.0000
1459/1459 [==============================] - 0s 16us/step - loss: 0.0035 - acc: 1.0000 - val_loss: 0.1125 - val_acc: 0.9693
Epoch 24/30

 100/1459 [=>............................] - ETA: 0s - loss: 0.0047 - acc: 1.0000
1459/1459 [==============================] - 0s 16us/step - loss: 0.0032 - acc: 1.0000 - val_loss: 0.1118 - val_acc: 0.9693
acc: 97.55%
Train on 1459 samples, validate on 163 samples
Epoch 1/30

 100/1459 [=>............................] - ETA: 6s - loss: 0.7197 - acc: 0.4600
1459/1459 [==============================] - 1s 402us/step - loss: 0.5052 - acc: 0.8437 - val_loss: 0.3164 - val_acc: 0.9632
Epoch 2/30

 100/1459 [=>............................] - ETA: 0s - loss: 0.2977 - acc: 0.9700
1459/1459 [==============================] - 0s 17us/step - loss: 0.1898 - acc: 0.9753 - val_loss: 0.1840 - val_acc: 0.9509
Epoch 3/30

 100/1459 [=>............................] - ETA: 0s - loss: 0.1244 - acc: 0.9800
1459/1459 [==============================] - 0s 17us/step - loss: 0.0994 - acc: 0.9808 - val_loss: 0.1434 - val_acc: 0.9509
Epoch 4/30

 100/1459 [=>............................] - ETA: 0s - loss: 0.0570 - acc: 0.9900
1459/1459 [==============================] - 0s 17us/step - loss: 0.0677 - acc: 0.9863 - val_loss: 0.1291 - val_acc: 0.9571
Epoch 5/30

 100/1459 [=>............................] - ETA: 0s - loss: 0.0554 - acc: 0.9900
1459/1459 [==============================] - 0s 16us/step - loss: 0.0503 - acc: 0.9911 - val_loss: 0.1178 - val_acc: 0.9571
Epoch 6/30

 100/1459 [=>............................] - ETA: 0s - loss: 0.0459 - acc: 1.0000
1459/1459 [==============================] - 0s 17us/step - loss: 0.0386 - acc: 0.9952 - val_loss: 0.1165 - val_acc: 0.9509
Epoch 7/30

 100/1459 [=>............................] - ETA: 0s - loss: 0.0258 - acc: 1.0000
1459/1459 [==============================] - 0s 17us/step - loss: 0.0311 - acc: 0.9952 - val_loss: 0.1130 - val_acc: 0.9509
Epoch 8/30

 100/1459 [=>............................] - ETA: 0s - loss: 0.0209 - acc: 1.0000
1459/1459 [==============================] - 0s 16us/step - loss: 0.0254 - acc: 0.9973 - val_loss: 0.1073 - val_acc: 0.9509
Epoch 9/30

 100/1459 [=>............................] - ETA: 0s - loss: 0.0292 - acc: 1.0000
1459/1459 [==============================] - 0s 16us/step - loss: 0.0213 - acc: 0.9973 - val_loss: 0.1089 - val_acc: 0.9509
Epoch 10/30

 100/1459 [=>............................] - ETA: 0s - loss: 0.0146 - acc: 1.0000
1459/1459 [==============================] - 0s 17us/step - loss: 0.0179 - acc: 0.9986 - val_loss: 0.1055 - val_acc: 0.9448
Epoch 11/30

 100/1459 [=>............................] - ETA: 0s - loss: 0.0138 - acc: 1.0000
1459/1459 [==============================] - 0s 17us/step - loss: 0.0154 - acc: 0.9986 - val_loss: 0.1029 - val_acc: 0.9448
Epoch 12/30

 100/1459 [=>............................] - ETA: 0s - loss: 0.0105 - acc: 1.0000
1459/1459 [==============================] - 0s 16us/step - loss: 0.0132 - acc: 0.9993 - val_loss: 0.1036 - val_acc: 0.9509
Epoch 13/30

 100/1459 [=>............................] - ETA: 0s - loss: 0.0060 - acc: 1.0000
1459/1459 [==============================] - 0s 17us/step - loss: 0.0116 - acc: 0.9993 - val_loss: 0.1043 - val_acc: 0.9448
Epoch 14/30

 100/1459 [=>............................] - ETA: 0s - loss: 0.0111 - acc: 1.0000
1459/1459 [==============================] - 0s 17us/step - loss: 0.0101 - acc: 0.9993 - val_loss: 0.1019 - val_acc: 0.9571
Epoch 15/30

 100/1459 [=>............................] - ETA: 0s - loss: 0.0109 - acc: 1.0000
1459/1459 [==============================] - 0s 17us/step - loss: 0.0092 - acc: 0.9993 - val_loss: 0.1021 - val_acc: 0.9571
Epoch 16/30

 100/1459 [=>............................] - ETA: 0s - loss: 0.0092 - acc: 1.0000
1459/1459 [==============================] - 0s 17us/step - loss: 0.0081 - acc: 0.9993 - val_loss: 0.1024 - val_acc: 0.9571
Epoch 17/30

 100/1459 [=>............................] - ETA: 0s - loss: 0.0061 - acc: 1.0000
1459/1459 [==============================] - 0s 17us/step - loss: 0.0072 - acc: 0.9993 - val_loss: 0.1017 - val_acc: 0.9509
acc: 96.32%
Train on 1459 samples, validate on 163 samples
Epoch 1/30

 100/1459 [=>............................] - ETA: 8s - loss: 0.6994 - acc: 0.5100
1459/1459 [==============================] - 1s 488us/step - loss: 0.5036 - acc: 0.8252 - val_loss: 0.3212 - val_acc: 0.9571
Epoch 2/30

 100/1459 [=>............................] - ETA: 0s - loss: 0.2903 - acc: 0.9600
1459/1459 [==============================] - 0s 19us/step - loss: 0.2022 - acc: 0.9760 - val_loss: 0.1672 - val_acc: 0.9571
Epoch 3/30

 100/1459 [=>............................] - ETA: 0s - loss: 0.1259 - acc: 0.9700
1459/1459 [==============================] - 0s 19us/step - loss: 0.1041 - acc: 0.9815 - val_loss: 0.1206 - val_acc: 0.9632
Epoch 4/30

 100/1459 [=>............................] - ETA: 0s - loss: 0.0620 - acc: 1.0000
1459/1459 [==============================] - 0s 17us/step - loss: 0.0677 - acc: 0.9877 - val_loss: 0.1032 - val_acc: 0.9632
Epoch 5/30

 100/1459 [=>............................] - ETA: 0s - loss: 0.0446 - acc: 0.9900
1459/1459 [==============================] - 0s 19us/step - loss: 0.0485 - acc: 0.9904 - val_loss: 0.0946 - val_acc: 0.9755
Epoch 6/30

 100/1459 [=>............................] - ETA: 0s - loss: 0.0469 - acc: 0.9900
1459/1459 [==============================] - 0s 18us/step - loss: 0.0363 - acc: 0.9952 - val_loss: 0.0893 - val_acc: 0.9755
Epoch 7/30

 100/1459 [=>............................] - ETA: 0s - loss: 0.0272 - acc: 1.0000
1459/1459 [==============================] - 0s 17us/step - loss: 0.0283 - acc: 0.9986 - val_loss: 0.0850 - val_acc: 0.9755
Epoch 8/30

 100/1459 [=>............................] - ETA: 0s - loss: 0.0270 - acc: 0.9900
1459/1459 [==============================] - 0s 17us/step - loss: 0.0230 - acc: 0.9979 - val_loss: 0.0844 - val_acc: 0.9755
Epoch 9/30

 100/1459 [=>............................] - ETA: 0s - loss: 0.0116 - acc: 1.0000
1459/1459 [==============================] - 0s 19us/step - loss: 0.0180 - acc: 0.9993 - val_loss: 0.0829 - val_acc: 0.9755
Epoch 10/30

 100/1459 [=>............................] - ETA: 0s - loss: 0.0119 - acc: 1.0000
1459/1459 [==============================] - 0s 16us/step - loss: 0.0150 - acc: 0.9993 - val_loss: 0.0776 - val_acc: 0.9755
Epoch 11/30

 100/1459 [=>............................] - ETA: 0s - loss: 0.0145 - acc: 1.0000
1459/1459 [==============================] - 0s 18us/step - loss: 0.0128 - acc: 0.9993 - val_loss: 0.0796 - val_acc: 0.9755
Epoch 12/30

 100/1459 [=>............................] - ETA: 0s - loss: 0.0100 - acc: 1.0000
1459/1459 [==============================] - 0s 17us/step - loss: 0.0110 - acc: 0.9993 - val_loss: 0.0781 - val_acc: 0.9755
Epoch 13/30

 100/1459 [=>............................] - ETA: 0s - loss: 0.0077 - acc: 1.0000
1459/1459 [==============================] - 0s 17us/step - loss: 0.0094 - acc: 0.9993 - val_loss: 0.0779 - val_acc: 0.9755
Epoch 14/30

 100/1459 [=>............................] - ETA: 0s - loss: 0.0059 - acc: 1.0000
1459/1459 [==============================] - 0s 18us/step - loss: 0.0084 - acc: 1.0000 - val_loss: 0.0775 - val_acc: 0.9755
Epoch 15/30

 100/1459 [=>............................] - ETA: 0s - loss: 0.0062 - acc: 1.0000
1459/1459 [==============================] - 0s 18us/step - loss: 0.0074 - acc: 1.0000 - val_loss: 0.0800 - val_acc: 0.9755
Epoch 16/30

 100/1459 [=>............................] - ETA: 0s - loss: 0.0110 - acc: 1.0000
1459/1459 [==============================] - 0s 17us/step - loss: 0.0066 - acc: 1.0000 - val_loss: 0.0792 - val_acc: 0.9755
Epoch 17/30

 100/1459 [=>............................] - ETA: 0s - loss: 0.0068 - acc: 1.0000
1459/1459 [==============================] - 0s 19us/step - loss: 0.0060 - acc: 1.0000 - val_loss: 0.0795 - val_acc: 0.9755
Epoch 18/30

 100/1459 [=>............................] - ETA: 0s - loss: 0.0073 - acc: 1.0000
1459/1459 [==============================] - 0s 17us/step - loss: 0.0053 - acc: 1.0000 - val_loss: 0.0797 - val_acc: 0.9755
Epoch 19/30

 100/1459 [=>............................] - ETA: 0s - loss: 0.0038 - acc: 1.0000
1459/1459 [==============================] - 0s 17us/step - loss: 0.0049 - acc: 1.0000 - val_loss: 0.0803 - val_acc: 0.9755
Epoch 20/30

 100/1459 [=>............................] - ETA: 0s - loss: 0.0085 - acc: 1.0000
1459/1459 [==============================] - 0s 17us/step - loss: 0.0044 - acc: 1.0000 - val_loss: 0.0810 - val_acc: 0.9755
Epoch 21/30

 100/1459 [=>............................] - ETA: 0s - loss: 0.0039 - acc: 1.0000
1459/1459 [==============================] - 0s 17us/step - loss: 0.0041 - acc: 1.0000 - val_loss: 0.0809 - val_acc: 0.9755
acc: 97.55%
Train on 1460 samples, validate on 162 samples
Epoch 1/30

 100/1460 [=>............................] - ETA: 10s - loss: 0.6888 - acc: 0.5500
1460/1460 [==============================] - 1s 614us/step - loss: 0.4920 - acc: 0.8575 - val_loss: 0.2822 - val_acc: 0.9630
Epoch 2/30

 100/1460 [=>............................] - ETA: 0s - loss: 0.2601 - acc: 0.9800
1460/1460 [==============================] - 0s 19us/step - loss: 0.1891 - acc: 0.9753 - val_loss: 0.1373 - val_acc: 0.9630
Epoch 3/30

 100/1460 [=>............................] - ETA: 0s - loss: 0.1156 - acc: 0.9800
1460/1460 [==============================] - 0s 17us/step - loss: 0.1019 - acc: 0.9815 - val_loss: 0.0972 - val_acc: 0.9691
Epoch 4/30

 100/1460 [=>............................] - ETA: 0s - loss: 0.0911 - acc: 0.9800
1460/1460 [==============================] - 0s 17us/step - loss: 0.0684 - acc: 0.9870 - val_loss: 0.0845 - val_acc: 0.9691
Epoch 5/30

 100/1460 [=>............................] - ETA: 0s - loss: 0.0795 - acc: 0.9800
1460/1460 [==============================] - 0s 18us/step - loss: 0.0495 - acc: 0.9925 - val_loss: 0.0716 - val_acc: 0.9691
Epoch 6/30

 100/1460 [=>............................] - ETA: 0s - loss: 0.0669 - acc: 0.9900
1460/1460 [==============================] - 0s 17us/step - loss: 0.0386 - acc: 0.9952 - val_loss: 0.0666 - val_acc: 0.9753
Epoch 7/30

 100/1460 [=>............................] - ETA: 0s - loss: 0.0282 - acc: 1.0000
1460/1460 [==============================] - 0s 18us/step - loss: 0.0316 - acc: 0.9959 - val_loss: 0.0610 - val_acc: 0.9630
Epoch 8/30

 100/1460 [=>............................] - ETA: 0s - loss: 0.0392 - acc: 0.9900
1460/1460 [==============================] - 0s 18us/step - loss: 0.0255 - acc: 0.9959 - val_loss: 0.0598 - val_acc: 0.9753
Epoch 9/30

 100/1460 [=>............................] - ETA: 0s - loss: 0.0149 - acc: 1.0000
1460/1460 [==============================] - 0s 18us/step - loss: 0.0207 - acc: 0.9973 - val_loss: 0.0559 - val_acc: 0.9753
Epoch 10/30

 100/1460 [=>............................] - ETA: 0s - loss: 0.0125 - acc: 1.0000
1460/1460 [==============================] - 0s 16us/step - loss: 0.0172 - acc: 0.9986 - val_loss: 0.0552 - val_acc: 0.9691
Epoch 11/30

 100/1460 [=>............................] - ETA: 0s - loss: 0.0096 - acc: 1.0000
1460/1460 [==============================] - 0s 16us/step - loss: 0.0150 - acc: 0.9986 - val_loss: 0.0522 - val_acc: 0.9753
Epoch 12/30

 100/1460 [=>............................] - ETA: 0s - loss: 0.0153 - acc: 1.0000
1460/1460 [==============================] - 0s 17us/step - loss: 0.0128 - acc: 0.9986 - val_loss: 0.0506 - val_acc: 0.9753
Epoch 13/30

 100/1460 [=>............................] - ETA: 0s - loss: 0.0152 - acc: 1.0000
1460/1460 [==============================] - 0s 17us/step - loss: 0.0107 - acc: 1.0000 - val_loss: 0.0501 - val_acc: 0.9753
Epoch 14/30

 100/1460 [=>............................] - ETA: 0s - loss: 0.0091 - acc: 1.0000
1460/1460 [==============================] - 0s 17us/step - loss: 0.0093 - acc: 1.0000 - val_loss: 0.0492 - val_acc: 0.9753
Epoch 15/30

 100/1460 [=>............................] - ETA: 0s - loss: 0.0071 - acc: 1.0000
1460/1460 [==============================] - 0s 16us/step - loss: 0.0082 - acc: 1.0000 - val_loss: 0.0471 - val_acc: 0.9753
Epoch 16/30

 100/1460 [=>............................] - ETA: 0s - loss: 0.0120 - acc: 1.0000
1460/1460 [==============================] - 0s 17us/step - loss: 0.0074 - acc: 1.0000 - val_loss: 0.0466 - val_acc: 0.9753
Epoch 17/30

 100/1460 [=>............................] - ETA: 0s - loss: 0.0054 - acc: 1.0000
1460/1460 [==============================] - 0s 17us/step - loss: 0.0066 - acc: 1.0000 - val_loss: 0.0463 - val_acc: 0.9753
Epoch 18/30

 100/1460 [=>............................] - ETA: 0s - loss: 0.0083 - acc: 1.0000
1460/1460 [==============================] - 0s 16us/step - loss: 0.0060 - acc: 1.0000 - val_loss: 0.0460 - val_acc: 0.9753
Epoch 19/30

 100/1460 [=>............................] - ETA: 0s - loss: 0.0054 - acc: 1.0000
1460/1460 [==============================] - 0s 17us/step - loss: 0.0055 - acc: 1.0000 - val_loss: 0.0461 - val_acc: 0.9753
Epoch 20/30

 100/1460 [=>............................] - ETA: 0s - loss: 0.0036 - acc: 1.0000
1460/1460 [==============================] - 0s 18us/step - loss: 0.0049 - acc: 1.0000 - val_loss: 0.0444 - val_acc: 0.9815
Epoch 21/30

 100/1460 [=>............................] - ETA: 0s - loss: 0.0039 - acc: 1.0000
1460/1460 [==============================] - 0s 18us/step - loss: 0.0045 - acc: 1.0000 - val_loss: 0.0442 - val_acc: 0.9815
Epoch 22/30

 100/1460 [=>............................] - ETA: 0s - loss: 0.0033 - acc: 1.0000
1460/1460 [==============================] - 0s 17us/step - loss: 0.0041 - acc: 1.0000 - val_loss: 0.0440 - val_acc: 0.9815
Epoch 23/30

 100/1460 [=>............................] - ETA: 0s - loss: 0.0033 - acc: 1.0000
1460/1460 [==============================] - 0s 18us/step - loss: 0.0038 - acc: 1.0000 - val_loss: 0.0440 - val_acc: 0.9815
Epoch 24/30

 100/1460 [=>............................] - ETA: 0s - loss: 0.0040 - acc: 1.0000
1460/1460 [==============================] - 0s 17us/step - loss: 0.0036 - acc: 1.0000 - val_loss: 0.0440 - val_acc: 0.9815
Epoch 25/30

 100/1460 [=>............................] - ETA: 0s - loss: 0.0036 - acc: 1.0000
1460/1460 [==============================] - 0s 17us/step - loss: 0.0033 - acc: 1.0000 - val_loss: 0.0427 - val_acc: 0.9815
Epoch 26/30

 100/1460 [=>............................] - ETA: 0s - loss: 0.0036 - acc: 1.0000
1460/1460 [==============================] - 0s 18us/step - loss: 0.0031 - acc: 1.0000 - val_loss: 0.0418 - val_acc: 0.9815
Epoch 27/30

 100/1460 [=>............................] - ETA: 0s - loss: 0.0022 - acc: 1.0000
1460/1460 [==============================] - 0s 18us/step - loss: 0.0029 - acc: 1.0000 - val_loss: 0.0426 - val_acc: 0.9815
Epoch 28/30

 100/1460 [=>............................] - ETA: 0s - loss: 0.0029 - acc: 1.0000
1460/1460 [==============================] - 0s 17us/step - loss: 0.0027 - acc: 1.0000 - val_loss: 0.0417 - val_acc: 0.9815
Epoch 29/30

 100/1460 [=>............................] - ETA: 0s - loss: 0.0019 - acc: 1.0000
1460/1460 [==============================] - 0s 18us/step - loss: 0.0025 - acc: 1.0000 - val_loss: 0.0419 - val_acc: 0.9815
Epoch 30/30

 100/1460 [=>............................] - ETA: 0s - loss: 0.0020 - acc: 1.0000
1460/1460 [==============================] - 0s 17us/step - loss: 0.0024 - acc: 1.0000 - val_loss: 0.0412 - val_acc: 0.9815
acc: 98.15%
Train on 1460 samples, validate on 162 samples
Epoch 1/30

 100/1460 [=>............................] - ETA: 10s - loss: 0.7155 - acc: 0.4700
1460/1460 [==============================] - 1s 628us/step - loss: 0.5142 - acc: 0.8151 - val_loss: 0.2934 - val_acc: 0.9815
Epoch 2/30

 100/1460 [=>............................] - ETA: 0s - loss: 0.3085 - acc: 0.9300
1460/1460 [==============================] - 0s 18us/step - loss: 0.1946 - acc: 0.9712 - val_loss: 0.1274 - val_acc: 0.9815
Epoch 3/30

 100/1460 [=>............................] - ETA: 0s - loss: 0.1323 - acc: 0.9700
1460/1460 [==============================] - 0s 17us/step - loss: 0.1011 - acc: 0.9767 - val_loss: 0.0883 - val_acc: 0.9877
Epoch 4/30

 100/1460 [=>............................] - ETA: 0s - loss: 0.0975 - acc: 0.9800
1460/1460 [==============================] - 0s 17us/step - loss: 0.0683 - acc: 0.9856 - val_loss: 0.0781 - val_acc: 0.9815
Epoch 5/30

 100/1460 [=>............................] - ETA: 0s - loss: 0.0501 - acc: 0.9900
1460/1460 [==============================] - 0s 17us/step - loss: 0.0502 - acc: 0.9897 - val_loss: 0.0679 - val_acc: 0.9815
Epoch 6/30

 100/1460 [=>............................] - ETA: 0s - loss: 0.0395 - acc: 1.0000
1460/1460 [==============================] - 0s 18us/step - loss: 0.0401 - acc: 0.9938 - val_loss: 0.0629 - val_acc: 0.9815
Epoch 7/30

 100/1460 [=>............................] - ETA: 0s - loss: 0.0211 - acc: 1.0000
1460/1460 [==============================] - 0s 18us/step - loss: 0.0312 - acc: 0.9966 - val_loss: 0.0611 - val_acc: 0.9815
Epoch 8/30

 100/1460 [=>............................] - ETA: 0s - loss: 0.0179 - acc: 1.0000
1460/1460 [==============================] - 0s 17us/step - loss: 0.0258 - acc: 0.9979 - val_loss: 0.0592 - val_acc: 0.9815
Epoch 9/30

 100/1460 [=>............................] - ETA: 0s - loss: 0.0140 - acc: 1.0000
1460/1460 [==============================] - 0s 18us/step - loss: 0.0211 - acc: 0.9986 - val_loss: 0.0576 - val_acc: 0.9815
Epoch 10/30

 100/1460 [=>............................] - ETA: 0s - loss: 0.0135 - acc: 1.0000
1460/1460 [==============================] - 0s 17us/step - loss: 0.0173 - acc: 0.9986 - val_loss: 0.0561 - val_acc: 0.9815
Epoch 11/30

 100/1460 [=>............................] - ETA: 0s - loss: 0.0116 - acc: 1.0000
1460/1460 [==============================] - 0s 17us/step - loss: 0.0150 - acc: 0.9986 - val_loss: 0.0549 - val_acc: 0.9815
Epoch 12/30

 100/1460 [=>............................] - ETA: 0s - loss: 0.0169 - acc: 1.0000
1460/1460 [==============================] - 0s 17us/step - loss: 0.0129 - acc: 0.9993 - val_loss: 0.0529 - val_acc: 0.9815
Epoch 13/30

 100/1460 [=>............................] - ETA: 0s - loss: 0.0134 - acc: 1.0000
1460/1460 [==============================] - 0s 18us/step - loss: 0.0115 - acc: 0.9986 - val_loss: 0.0531 - val_acc: 0.9815
Epoch 14/30

 100/1460 [=>............................] - ETA: 0s - loss: 0.0098 - acc: 1.0000
1460/1460 [==============================] - 0s 17us/step - loss: 0.0100 - acc: 0.9993 - val_loss: 0.0541 - val_acc: 0.9815
Epoch 15/30

 100/1460 [=>............................] - ETA: 0s - loss: 0.0076 - acc: 1.0000
1460/1460 [==============================] - 0s 18us/step - loss: 0.0090 - acc: 0.9986 - val_loss: 0.0519 - val_acc: 0.9815
Epoch 16/30

 100/1460 [=>............................] - ETA: 0s - loss: 0.0055 - acc: 1.0000
1460/1460 [==============================] - 0s 18us/step - loss: 0.0080 - acc: 0.9993 - val_loss: 0.0509 - val_acc: 0.9815
Epoch 17/30

 100/1460 [=>............................] - ETA: 0s - loss: 0.0081 - acc: 1.0000
1460/1460 [==============================] - 0s 17us/step - loss: 0.0073 - acc: 0.9993 - val_loss: 0.0514 - val_acc: 0.9815
Epoch 18/30

 100/1460 [=>............................] - ETA: 0s - loss: 0.0050 - acc: 1.0000
1460/1460 [==============================] - 0s 18us/step - loss: 0.0067 - acc: 0.9993 - val_loss: 0.0508 - val_acc: 0.9815
Epoch 19/30

 100/1460 [=>............................] - ETA: 0s - loss: 0.0065 - acc: 1.0000
1460/1460 [==============================] - 0s 18us/step - loss: 0.0061 - acc: 0.9993 - val_loss: 0.0511 - val_acc: 0.9815
acc: 98.77%
Train on 1460 samples, validate on 162 samples
Epoch 1/30

 100/1460 [=>............................] - ETA: 12s - loss: 0.7245 - acc: 0.4500
1460/1460 [==============================] - 1s 703us/step - loss: 0.4943 - acc: 0.8315 - val_loss: 0.2524 - val_acc: 0.9938
Epoch 2/30

 100/1460 [=>............................] - ETA: 0s - loss: 0.2632 - acc: 0.9400
1460/1460 [==============================] - 0s 18us/step - loss: 0.1821 - acc: 0.9726 - val_loss: 0.1092 - val_acc: 0.9815
Epoch 3/30

 100/1460 [=>............................] - ETA: 0s - loss: 0.1058 - acc: 0.9900
1460/1460 [==============================] - 0s 18us/step - loss: 0.0975 - acc: 0.9801 - val_loss: 0.0750 - val_acc: 0.9753
Epoch 4/30

 100/1460 [=>............................] - ETA: 0s - loss: 0.0483 - acc: 1.0000
1460/1460 [==============================] - 0s 17us/step - loss: 0.0650 - acc: 0.9877 - val_loss: 0.0670 - val_acc: 0.9753
Epoch 5/30

 100/1460 [=>............................] - ETA: 0s - loss: 0.0517 - acc: 0.9900
1460/1460 [==============================] - 0s 17us/step - loss: 0.0494 - acc: 0.9904 - val_loss: 0.0571 - val_acc: 0.9815
Epoch 6/30

 100/1460 [=>............................] - ETA: 0s - loss: 0.0350 - acc: 1.0000
1460/1460 [==============================] - 0s 17us/step - loss: 0.0374 - acc: 0.9959 - val_loss: 0.0631 - val_acc: 0.9753
Epoch 7/30

 100/1460 [=>............................] - ETA: 0s - loss: 0.0388 - acc: 0.9900
1460/1460 [==============================] - 0s 17us/step - loss: 0.0294 - acc: 0.9959 - val_loss: 0.0558 - val_acc: 0.9815
Epoch 8/30

 100/1460 [=>............................] - ETA: 0s - loss: 0.0211 - acc: 1.0000
1460/1460 [==============================] - 0s 17us/step - loss: 0.0237 - acc: 0.9979 - val_loss: 0.0548 - val_acc: 0.9815
Epoch 9/30

 100/1460 [=>............................] - ETA: 0s - loss: 0.0153 - acc: 1.0000
1460/1460 [==============================] - 0s 17us/step - loss: 0.0191 - acc: 0.9979 - val_loss: 0.0548 - val_acc: 0.9815
Epoch 10/30

 100/1460 [=>............................] - ETA: 0s - loss: 0.0126 - acc: 1.0000
1460/1460 [==============================] - 0s 16us/step - loss: 0.0158 - acc: 0.9986 - val_loss: 0.0538 - val_acc: 0.9815
Epoch 11/30

 100/1460 [=>............................] - ETA: 0s - loss: 0.0110 - acc: 1.0000
1460/1460 [==============================] - 0s 17us/step - loss: 0.0136 - acc: 0.9993 - val_loss: 0.0534 - val_acc: 0.9815
Epoch 12/30

 100/1460 [=>............................] - ETA: 0s - loss: 0.0072 - acc: 1.0000
1460/1460 [==============================] - 0s 17us/step - loss: 0.0114 - acc: 1.0000 - val_loss: 0.0565 - val_acc: 0.9815
Epoch 13/30

 100/1460 [=>............................] - ETA: 0s - loss: 0.0089 - acc: 1.0000
1460/1460 [==============================] - 0s 18us/step - loss: 0.0098 - acc: 1.0000 - val_loss: 0.0532 - val_acc: 0.9815
Epoch 14/30

 100/1460 [=>............................] - ETA: 0s - loss: 0.0073 - acc: 1.0000
1460/1460 [==============================] - 0s 18us/step - loss: 0.0089 - acc: 0.9993 - val_loss: 0.0536 - val_acc: 0.9815
Epoch 15/30

 100/1460 [=>............................] - ETA: 0s - loss: 0.0111 - acc: 1.0000
1460/1460 [==============================] - 0s 18us/step - loss: 0.0080 - acc: 1.0000 - val_loss: 0.0585 - val_acc: 0.9815
Epoch 16/30

 100/1460 [=>............................] - ETA: 0s - loss: 0.0117 - acc: 1.0000
1460/1460 [==============================] - 0s 18us/step - loss: 0.0068 - acc: 1.0000 - val_loss: 0.0532 - val_acc: 0.9815
Epoch 17/30

 100/1460 [=>............................] - ETA: 0s - loss: 0.0042 - acc: 1.0000
1460/1460 [==============================] - 0s 17us/step - loss: 0.0061 - acc: 1.0000 - val_loss: 0.0587 - val_acc: 0.9815
acc: 99.38%
Train on 1460 samples, validate on 162 samples
Epoch 1/30

 100/1460 [=>............................] - ETA: 13s - loss: 0.6976 - acc: 0.4700
1460/1460 [==============================] - 1s 793us/step - loss: 0.4854 - acc: 0.8623 - val_loss: 0.2735 - val_acc: 0.9630
Epoch 2/30

 100/1460 [=>............................] - ETA: 0s - loss: 0.2696 - acc: 0.9700
1460/1460 [==============================] - 0s 19us/step - loss: 0.1887 - acc: 0.9733 - val_loss: 0.1462 - val_acc: 0.9753
Epoch 3/30

 100/1460 [=>............................] - ETA: 0s - loss: 0.0995 - acc: 0.9900
1460/1460 [==============================] - 0s 19us/step - loss: 0.1003 - acc: 0.9808 - val_loss: 0.1117 - val_acc: 0.9753
Epoch 4/30

 100/1460 [=>............................] - ETA: 0s - loss: 0.0873 - acc: 0.9800
1460/1460 [==============================] - 0s 19us/step - loss: 0.0673 - acc: 0.9884 - val_loss: 0.0964 - val_acc: 0.9815
Epoch 5/30

 100/1460 [=>............................] - ETA: 0s - loss: 0.0510 - acc: 1.0000
1460/1460 [==============================] - 0s 17us/step - loss: 0.0488 - acc: 0.9932 - val_loss: 0.0914 - val_acc: 0.9815
Epoch 6/30

 100/1460 [=>............................] - ETA: 0s - loss: 0.0286 - acc: 1.0000
1460/1460 [==============================] - 0s 19us/step - loss: 0.0370 - acc: 0.9952 - val_loss: 0.0858 - val_acc: 0.9815
Epoch 7/30

 100/1460 [=>............................] - ETA: 0s - loss: 0.0234 - acc: 1.0000
1460/1460 [==============================] - 0s 18us/step - loss: 0.0287 - acc: 0.9973 - val_loss: 0.0824 - val_acc: 0.9815
Epoch 8/30

 100/1460 [=>............................] - ETA: 0s - loss: 0.0293 - acc: 1.0000
1460/1460 [==============================] - 0s 17us/step - loss: 0.0230 - acc: 0.9993 - val_loss: 0.0814 - val_acc: 0.9815
Epoch 9/30

 100/1460 [=>............................] - ETA: 0s - loss: 0.0229 - acc: 1.0000
1460/1460 [==============================] - 0s 17us/step - loss: 0.0192 - acc: 0.9986 - val_loss: 0.0806 - val_acc: 0.9815
Epoch 10/30

 100/1460 [=>............................] - ETA: 0s - loss: 0.0157 - acc: 1.0000
1460/1460 [==============================] - 0s 17us/step - loss: 0.0158 - acc: 0.9993 - val_loss: 0.0789 - val_acc: 0.9753
Epoch 11/30

 100/1460 [=>............................] - ETA: 0s - loss: 0.0117 - acc: 1.0000
1460/1460 [==============================] - 0s 18us/step - loss: 0.0133 - acc: 0.9993 - val_loss: 0.0785 - val_acc: 0.9753
Epoch 12/30

 100/1460 [=>............................] - ETA: 0s - loss: 0.0142 - acc: 1.0000
1460/1460 [==============================] - 0s 17us/step - loss: 0.0114 - acc: 0.9993 - val_loss: 0.0788 - val_acc: 0.9753
Epoch 13/30

 100/1460 [=>............................] - ETA: 0s - loss: 0.0091 - acc: 1.0000
1460/1460 [==============================] - 0s 17us/step - loss: 0.0099 - acc: 1.0000 - val_loss: 0.0776 - val_acc: 0.9815
Epoch 14/30

 100/1460 [=>............................] - ETA: 0s - loss: 0.0079 - acc: 1.0000
1460/1460 [==============================] - 0s 17us/step - loss: 0.0087 - acc: 1.0000 - val_loss: 0.0780 - val_acc: 0.9815
Epoch 15/30

 100/1460 [=>............................] - ETA: 0s - loss: 0.0052 - acc: 1.0000
1460/1460 [==============================] - 0s 18us/step - loss: 0.0077 - acc: 1.0000 - val_loss: 0.0783 - val_acc: 0.9815
Epoch 16/30

 100/1460 [=>............................] - ETA: 0s - loss: 0.0058 - acc: 1.0000
1460/1460 [==============================] - 0s 17us/step - loss: 0.0070 - acc: 1.0000 - val_loss: 0.0789 - val_acc: 0.9815
Epoch 17/30

 100/1460 [=>............................] - ETA: 0s - loss: 0.0050 - acc: 1.0000
1460/1460 [==============================] - 0s 17us/step - loss: 0.0062 - acc: 1.0000 - val_loss: 0.0787 - val_acc: 0.9815
Epoch 18/30

 100/1460 [=>............................] - ETA: 0s - loss: 0.0061 - acc: 1.0000
1460/1460 [==============================] - 0s 18us/step - loss: 0.0056 - acc: 1.0000 - val_loss: 0.0790 - val_acc: 0.9753
Epoch 19/30

 100/1460 [=>............................] - ETA: 0s - loss: 0.0051 - acc: 1.0000
1460/1460 [==============================] - 0s 18us/step - loss: 0.0052 - acc: 1.0000 - val_loss: 0.0800 - val_acc: 0.9753
Epoch 20/30

 100/1460 [=>............................] - ETA: 0s - loss: 0.0049 - acc: 1.0000
1460/1460 [==============================] - 0s 18us/step - loss: 0.0047 - acc: 1.0000 - val_loss: 0.0802 - val_acc: 0.9753
acc: 98.15%
Train on 1460 samples, validate on 162 samples
Epoch 1/30

 100/1460 [=>............................] - ETA: 14s - loss: 0.6962 - acc: 0.4600
1460/1460 [==============================] - 1s 862us/step - loss: 0.5197 - acc: 0.8123 - val_loss: 0.3109 - val_acc: 0.9630
Epoch 2/30

 100/1460 [=>............................] - ETA: 0s - loss: 0.3048 - acc: 0.9600
1460/1460 [==============================] - 0s 19us/step - loss: 0.2147 - acc: 0.9740 - val_loss: 0.1509 - val_acc: 0.9753
Epoch 3/30

 100/1460 [=>............................] - ETA: 0s - loss: 0.1199 - acc: 0.9800
1460/1460 [==============================] - 0s 18us/step - loss: 0.1131 - acc: 0.9801 - val_loss: 0.1065 - val_acc: 0.9753
Epoch 4/30

 100/1460 [=>............................] - ETA: 0s - loss: 0.0717 - acc: 0.9900
1460/1460 [==============================] - 0s 17us/step - loss: 0.0740 - acc: 0.9836 - val_loss: 0.0959 - val_acc: 0.9753
Epoch 5/30

 100/1460 [=>............................] - ETA: 0s - loss: 0.0499 - acc: 0.9900
1460/1460 [==============================] - 0s 17us/step - loss: 0.0535 - acc: 0.9918 - val_loss: 0.0865 - val_acc: 0.9753
Epoch 6/30

 100/1460 [=>............................] - ETA: 0s - loss: 0.0523 - acc: 0.9900
1460/1460 [==============================] - 0s 17us/step - loss: 0.0407 - acc: 0.9959 - val_loss: 0.0832 - val_acc: 0.9753
Epoch 7/30

 100/1460 [=>............................] - ETA: 0s - loss: 0.0246 - acc: 1.0000
1460/1460 [==============================] - 0s 17us/step - loss: 0.0325 - acc: 0.9959 - val_loss: 0.0807 - val_acc: 0.9753
Epoch 8/30

 100/1460 [=>............................] - ETA: 0s - loss: 0.0260 - acc: 1.0000
1460/1460 [==============================] - 0s 19us/step - loss: 0.0264 - acc: 0.9966 - val_loss: 0.0778 - val_acc: 0.9753
Epoch 9/30

 100/1460 [=>............................] - ETA: 0s - loss: 0.0425 - acc: 0.9900
1460/1460 [==============================] - 0s 18us/step - loss: 0.0218 - acc: 0.9979 - val_loss: 0.0751 - val_acc: 0.9753
Epoch 10/30

 100/1460 [=>............................] - ETA: 0s - loss: 0.0133 - acc: 1.0000
1460/1460 [==============================] - 0s 21us/step - loss: 0.0185 - acc: 0.9986 - val_loss: 0.0763 - val_acc: 0.9753
Epoch 11/30

 100/1460 [=>............................] - ETA: 0s - loss: 0.0151 - acc: 1.0000
1460/1460 [==============================] - 0s 19us/step - loss: 0.0156 - acc: 0.9993 - val_loss: 0.0717 - val_acc: 0.9753
Epoch 12/30

 100/1460 [=>............................] - ETA: 0s - loss: 0.0122 - acc: 1.0000
1460/1460 [==============================] - 0s 19us/step - loss: 0.0134 - acc: 0.9986 - val_loss: 0.0702 - val_acc: 0.9753
Epoch 13/30

 100/1460 [=>............................] - ETA: 0s - loss: 0.0133 - acc: 1.0000
1460/1460 [==============================] - 0s 20us/step - loss: 0.0116 - acc: 0.9993 - val_loss: 0.0702 - val_acc: 0.9753
Epoch 14/30

 100/1460 [=>............................] - ETA: 0s - loss: 0.0203 - acc: 1.0000
1460/1460 [==============================] - 0s 19us/step - loss: 0.0102 - acc: 1.0000 - val_loss: 0.0722 - val_acc: 0.9753
Epoch 15/30

 100/1460 [=>............................] - ETA: 0s - loss: 0.0090 - acc: 1.0000
1460/1460 [==============================] - 0s 20us/step - loss: 0.0088 - acc: 1.0000 - val_loss: 0.0731 - val_acc: 0.9753
Epoch 16/30

 100/1460 [=>............................] - ETA: 0s - loss: 0.0080 - acc: 1.0000
1460/1460 [==============================] - 0s 19us/step - loss: 0.0077 - acc: 1.0000 - val_loss: 0.0730 - val_acc: 0.9753
Epoch 17/30

 100/1460 [=>............................] - ETA: 0s - loss: 0.0062 - acc: 1.0000
1460/1460 [==============================] - 0s 20us/step - loss: 0.0070 - acc: 1.0000 - val_loss: 0.0735 - val_acc: 0.9753
Epoch 18/30

 100/1460 [=>............................] - ETA: 0s - loss: 0.0082 - acc: 1.0000
1460/1460 [==============================] - 0s 21us/step - loss: 0.0064 - acc: 1.0000 - val_loss: 0.0732 - val_acc: 0.9753
acc: 97.53%
Train on 1460 samples, validate on 162 samples
Epoch 1/30

 100/1460 [=>............................] - ETA: 16s - loss: 0.6960 - acc: 0.5000
1460/1460 [==============================] - 1s 936us/step - loss: 0.5046 - acc: 0.8486 - val_loss: 0.3025 - val_acc: 0.9630
Epoch 2/30

 100/1460 [=>............................] - ETA: 0s - loss: 0.2938 - acc: 0.9600
1460/1460 [==============================] - 0s 20us/step - loss: 0.2089 - acc: 0.9712 - val_loss: 0.1507 - val_acc: 0.9753
Epoch 3/30

 100/1460 [=>............................] - ETA: 0s - loss: 0.1327 - acc: 0.9800
1460/1460 [==============================] - 0s 19us/step - loss: 0.1095 - acc: 0.9774 - val_loss: 0.1081 - val_acc: 0.9691
Epoch 4/30

 100/1460 [=>............................] - ETA: 0s - loss: 0.0528 - acc: 1.0000
1460/1460 [==============================] - 0s 18us/step - loss: 0.0719 - acc: 0.9842 - val_loss: 0.0994 - val_acc: 0.9630
Epoch 5/30

 100/1460 [=>............................] - ETA: 0s - loss: 0.0473 - acc: 0.9900
1460/1460 [==============================] - 0s 18us/step - loss: 0.0523 - acc: 0.9890 - val_loss: 0.0926 - val_acc: 0.9630
Epoch 6/30

 100/1460 [=>............................] - ETA: 0s - loss: 0.0542 - acc: 0.9800
1460/1460 [==============================] - 0s 19us/step - loss: 0.0395 - acc: 0.9932 - val_loss: 0.0894 - val_acc: 0.9691
Epoch 7/30

 100/1460 [=>............................] - ETA: 0s - loss: 0.0383 - acc: 1.0000
1460/1460 [==============================] - 0s 18us/step - loss: 0.0304 - acc: 0.9966 - val_loss: 0.0897 - val_acc: 0.9630
Epoch 8/30

 100/1460 [=>............................] - ETA: 0s - loss: 0.0223 - acc: 1.0000
1460/1460 [==============================] - 0s 18us/step - loss: 0.0242 - acc: 0.9979 - val_loss: 0.0875 - val_acc: 0.9630
Epoch 9/30

 100/1460 [=>............................] - ETA: 0s - loss: 0.0238 - acc: 1.0000
1460/1460 [==============================] - 0s 17us/step - loss: 0.0194 - acc: 0.9986 - val_loss: 0.0888 - val_acc: 0.9630
Epoch 10/30

 100/1460 [=>............................] - ETA: 0s - loss: 0.0247 - acc: 1.0000
1460/1460 [==============================] - 0s 19us/step - loss: 0.0164 - acc: 0.9986 - val_loss: 0.0888 - val_acc: 0.9630
Epoch 11/30

 100/1460 [=>............................] - ETA: 0s - loss: 0.0190 - acc: 0.9900
1460/1460 [==============================] - 0s 18us/step - loss: 0.0143 - acc: 0.9993 - val_loss: 0.0917 - val_acc: 0.9630
Epoch 12/30

 100/1460 [=>............................] - ETA: 0s - loss: 0.0123 - acc: 1.0000
1460/1460 [==============================] - 0s 18us/step - loss: 0.0117 - acc: 1.0000 - val_loss: 0.0895 - val_acc: 0.9630
Epoch 13/30

 100/1460 [=>............................] - ETA: 0s - loss: 0.0091 - acc: 1.0000
1460/1460 [==============================] - 0s 18us/step - loss: 0.0101 - acc: 1.0000 - val_loss: 0.0888 - val_acc: 0.9630
Epoch 14/30

 100/1460 [=>............................] - ETA: 0s - loss: 0.0107 - acc: 1.0000
1460/1460 [==============================] - 0s 24us/step - loss: 0.0088 - acc: 1.0000 - val_loss: 0.0886 - val_acc: 0.9630
Epoch 15/30

 100/1460 [=>............................] - ETA: 0s - loss: 0.0051 - acc: 1.0000
1460/1460 [==============================] - 0s 20us/step - loss: 0.0077 - acc: 1.0000 - val_loss: 0.0885 - val_acc: 0.9630
Epoch 16/30

 100/1460 [=>............................] - ETA: 0s - loss: 0.0070 - acc: 1.0000
1460/1460 [==============================] - 0s 18us/step - loss: 0.0070 - acc: 1.0000 - val_loss: 0.0893 - val_acc: 0.9630
Epoch 17/30

 100/1460 [=>............................] - ETA: 0s - loss: 0.0059 - acc: 1.0000
1460/1460 [==============================] - 0s 19us/step - loss: 0.0062 - acc: 1.0000 - val_loss: 0.0917 - val_acc: 0.9630
Epoch 18/30

 100/1460 [=>............................] - ETA: 0s - loss: 0.0061 - acc: 1.0000
1460/1460 [==============================] - 0s 18us/step - loss: 0.0056 - acc: 1.0000 - val_loss: 0.0905 - val_acc: 0.9630
acc: 97.53%
Train on 1461 samples, validate on 161 samples
Epoch 1/30

 100/1461 [=>............................] - ETA: 18s - loss: 0.7047 - acc: 0.4700
1461/1461 [==============================] - 2s 1ms/step - loss: 0.4644 - acc: 0.8439 - val_loss: 0.2175 - val_acc: 0.9876
Epoch 2/30

 100/1461 [=>............................] - ETA: 0s - loss: 0.2338 - acc: 0.9800
1461/1461 [==============================] - 0s 20us/step - loss: 0.1649 - acc: 0.9658 - val_loss: 0.0947 - val_acc: 0.9876
Epoch 3/30

 100/1461 [=>............................] - ETA: 0s - loss: 0.1644 - acc: 0.9500
1461/1461 [==============================] - 0s 18us/step - loss: 0.0887 - acc: 0.9788 - val_loss: 0.0638 - val_acc: 0.9876
Epoch 4/30

 100/1461 [=>............................] - ETA: 0s - loss: 0.0744 - acc: 0.9800
1461/1461 [==============================] - 0s 18us/step - loss: 0.0606 - acc: 0.9884 - val_loss: 0.0508 - val_acc: 0.9876
Epoch 5/30

 100/1461 [=>............................] - ETA: 0s - loss: 0.0341 - acc: 1.0000
1461/1461 [==============================] - 0s 18us/step - loss: 0.0450 - acc: 0.9911 - val_loss: 0.0458 - val_acc: 0.9938
Epoch 6/30

 100/1461 [=>............................] - ETA: 0s - loss: 0.0374 - acc: 0.9900
1461/1461 [==============================] - 0s 19us/step - loss: 0.0344 - acc: 0.9952 - val_loss: 0.0426 - val_acc: 0.9938
Epoch 7/30

 100/1461 [=>............................] - ETA: 0s - loss: 0.0250 - acc: 1.0000
1461/1461 [==============================] - 0s 18us/step - loss: 0.0273 - acc: 0.9959 - val_loss: 0.0404 - val_acc: 0.9938
Epoch 8/30

 100/1461 [=>............................] - ETA: 0s - loss: 0.0287 - acc: 1.0000
1461/1461 [==============================] - 0s 18us/step - loss: 0.0217 - acc: 0.9979 - val_loss: 0.0393 - val_acc: 0.9938
Epoch 9/30

 100/1461 [=>............................] - ETA: 0s - loss: 0.0139 - acc: 1.0000
1461/1461 [==============================] - 0s 19us/step - loss: 0.0181 - acc: 0.9986 - val_loss: 0.0376 - val_acc: 0.9938
Epoch 10/30

 100/1461 [=>............................] - ETA: 0s - loss: 0.0121 - acc: 1.0000
1461/1461 [==============================] - 0s 18us/step - loss: 0.0147 - acc: 0.9986 - val_loss: 0.0368 - val_acc: 0.9938
Epoch 11/30

 100/1461 [=>............................] - ETA: 0s - loss: 0.0083 - acc: 1.0000
1461/1461 [==============================] - 0s 20us/step - loss: 0.0125 - acc: 0.9986 - val_loss: 0.0354 - val_acc: 0.9938
Epoch 12/30

 100/1461 [=>............................] - ETA: 0s - loss: 0.0078 - acc: 1.0000
1461/1461 [==============================] - 0s 24us/step - loss: 0.0106 - acc: 0.9993 - val_loss: 0.0355 - val_acc: 0.9938
Epoch 13/30

 100/1461 [=>............................] - ETA: 0s - loss: 0.0067 - acc: 1.0000
1461/1461 [==============================] - 0s 20us/step - loss: 0.0091 - acc: 0.9993 - val_loss: 0.0348 - val_acc: 0.9938
Epoch 14/30

 100/1461 [=>............................] - ETA: 0s - loss: 0.0127 - acc: 1.0000
1461/1461 [==============================] - 0s 18us/step - loss: 0.0082 - acc: 0.9993 - val_loss: 0.0371 - val_acc: 0.9876
Epoch 15/30

 100/1461 [=>............................] - ETA: 0s - loss: 0.0062 - acc: 1.0000
1461/1461 [==============================] - 0s 18us/step - loss: 0.0071 - acc: 1.0000 - val_loss: 0.0368 - val_acc: 0.9876
Epoch 16/30

 100/1461 [=>............................] - ETA: 0s - loss: 0.0054 - acc: 1.0000
1461/1461 [==============================] - 0s 19us/step - loss: 0.0063 - acc: 1.0000 - val_loss: 0.0370 - val_acc: 0.9876
Epoch 17/30

 100/1461 [=>............................] - ETA: 0s - loss: 0.0052 - acc: 1.0000
1461/1461 [==============================] - 0s 18us/step - loss: 0.0057 - acc: 1.0000 - val_loss: 0.0369 - val_acc: 0.9876
Epoch 18/30

 100/1461 [=>............................] - ETA: 0s - loss: 0.0040 - acc: 1.0000
1461/1461 [==============================] - 0s 19us/step - loss: 0.0051 - acc: 1.0000 - val_loss: 0.0375 - val_acc: 0.9876
Epoch 19/30

 100/1461 [=>............................] - ETA: 0s - loss: 0.0058 - acc: 1.0000
1461/1461 [==============================] - 0s 20us/step - loss: 0.0047 - acc: 1.0000 - val_loss: 0.0382 - val_acc: 0.9876
Epoch 20/30

 100/1461 [=>............................] - ETA: 0s - loss: 0.0036 - acc: 1.0000
1461/1461 [==============================] - 0s 19us/step - loss: 0.0042 - acc: 1.0000 - val_loss: 0.0388 - val_acc: 0.9876
Epoch 21/30

 100/1461 [=>............................] - ETA: 0s - loss: 0.0023 - acc: 1.0000
1461/1461 [==============================] - 0s 19us/step - loss: 0.0039 - acc: 1.0000 - val_loss: 0.0384 - val_acc: 0.9876
acc: 99.38%
Accuracy: 98.03% (+/- 0.90%)
