Train on 810 samples, validate on 812 samples
Epoch 1/30

100/810 [==>...........................] - ETA: 3s - loss: 0.6874 - acc: 0.6100
810/810 [==============================] - 1s 631us/step - loss: 0.5997 - acc: 0.7321 - val_loss: 0.4621 - val_acc: 0.8929
Epoch 2/30

100/810 [==>...........................] - ETA: 0s - loss: 0.4264 - acc: 0.9500
810/810 [==============================] - 0s 22us/step - loss: 0.3393 - acc: 0.9642 - val_loss: 0.2868 - val_acc: 0.9409
Epoch 3/30

100/810 [==>...........................] - ETA: 0s - loss: 0.2174 - acc: 0.9900
810/810 [==============================] - 0s 27us/step - loss: 0.1906 - acc: 0.9790 - val_loss: 0.1964 - val_acc: 0.9520
Epoch 4/30

100/810 [==>...........................] - ETA: 0s - loss: 0.1197 - acc: 0.9900
810/810 [==============================] - 0s 24us/step - loss: 0.1212 - acc: 0.9802 - val_loss: 0.1575 - val_acc: 0.9520
Epoch 5/30

100/810 [==>...........................] - ETA: 0s - loss: 0.0824 - acc: 0.9900
810/810 [==============================] - 0s 22us/step - loss: 0.0871 - acc: 0.9852 - val_loss: 0.1348 - val_acc: 0.9606
Epoch 6/30

100/810 [==>...........................] - ETA: 0s - loss: 0.0554 - acc: 0.9900
810/810 [==============================] - 0s 21us/step - loss: 0.0655 - acc: 0.9889 - val_loss: 0.1233 - val_acc: 0.9594
Epoch 7/30

100/810 [==>...........................] - ETA: 0s - loss: 0.0318 - acc: 1.0000
810/810 [==============================] - 0s 24us/step - loss: 0.0520 - acc: 0.9926 - val_loss: 0.1185 - val_acc: 0.9594
Epoch 8/30

100/810 [==>...........................] - ETA: 0s - loss: 0.0360 - acc: 1.0000
810/810 [==============================] - 0s 24us/step - loss: 0.0435 - acc: 0.9951 - val_loss: 0.1140 - val_acc: 0.9581
Epoch 9/30

100/810 [==>...........................] - ETA: 0s - loss: 0.0507 - acc: 0.9900
810/810 [==============================] - 0s 21us/step - loss: 0.0359 - acc: 0.9963 - val_loss: 0.1092 - val_acc: 0.9594
Epoch 10/30

100/810 [==>...........................] - ETA: 0s - loss: 0.0315 - acc: 1.0000
810/810 [==============================] - 0s 21us/step - loss: 0.0297 - acc: 0.9975 - val_loss: 0.1063 - val_acc: 0.9594
Epoch 11/30

100/810 [==>...........................] - ETA: 0s - loss: 0.0327 - acc: 1.0000
810/810 [==============================] - 0s 23us/step - loss: 0.0252 - acc: 0.9975 - val_loss: 0.1045 - val_acc: 0.9606
Epoch 12/30

100/810 [==>...........................] - ETA: 0s - loss: 0.0369 - acc: 0.9900
810/810 [==============================] - 0s 23us/step - loss: 0.0219 - acc: 0.9975 - val_loss: 0.1038 - val_acc: 0.9594
Epoch 13/30

100/810 [==>...........................] - ETA: 0s - loss: 0.0223 - acc: 1.0000
810/810 [==============================] - 0s 21us/step - loss: 0.0198 - acc: 0.9988 - val_loss: 0.1059 - val_acc: 0.9581
Epoch 14/30

100/810 [==>...........................] - ETA: 0s - loss: 0.0256 - acc: 0.9900
810/810 [==============================] - 0s 26us/step - loss: 0.0177 - acc: 0.9988 - val_loss: 0.1051 - val_acc: 0.9581
Epoch 15/30

100/810 [==>...........................] - ETA: 0s - loss: 0.0144 - acc: 1.0000
810/810 [==============================] - 0s 24us/step - loss: 0.0157 - acc: 0.9988 - val_loss: 0.1037 - val_acc: 0.9606
Epoch 16/30

100/810 [==>...........................] - ETA: 0s - loss: 0.0161 - acc: 1.0000
810/810 [==============================] - 0s 23us/step - loss: 0.0138 - acc: 0.9988 - val_loss: 0.1023 - val_acc: 0.9606
Epoch 17/30

100/810 [==>...........................] - ETA: 0s - loss: 0.0143 - acc: 1.0000
810/810 [==============================] - 0s 22us/step - loss: 0.0124 - acc: 0.9988 - val_loss: 0.1023 - val_acc: 0.9618
Epoch 18/30

100/810 [==>...........................] - ETA: 0s - loss: 0.0102 - acc: 1.0000
810/810 [==============================] - 0s 24us/step - loss: 0.0112 - acc: 1.0000 - val_loss: 0.1015 - val_acc: 0.9631
Epoch 19/30

100/810 [==>...........................] - ETA: 0s - loss: 0.0086 - acc: 1.0000
810/810 [==============================] - 0s 25us/step - loss: 0.0103 - acc: 0.9988 - val_loss: 0.1017 - val_acc: 0.9631
Epoch 20/30

100/810 [==>...........................] - ETA: 0s - loss: 0.0104 - acc: 1.0000
810/810 [==============================] - 0s 24us/step - loss: 0.0113 - acc: 1.0000 - val_loss: 0.1048 - val_acc: 0.9594
Epoch 21/30

100/810 [==>...........................] - ETA: 0s - loss: 0.0147 - acc: 1.0000
810/810 [==============================] - 0s 23us/step - loss: 0.0127 - acc: 1.0000 - val_loss: 0.1023 - val_acc: 0.9631
Epoch 22/30

100/810 [==>...........................] - ETA: 0s - loss: 0.0070 - acc: 1.0000
810/810 [==============================] - 0s 24us/step - loss: 0.0094 - acc: 0.9988 - val_loss: 0.1031 - val_acc: 0.9631
Epoch 23/30

100/810 [==>...........................] - ETA: 0s - loss: 0.0147 - acc: 0.9900
810/810 [==============================] - 0s 24us/step - loss: 0.0084 - acc: 0.9988 - val_loss: 0.1020 - val_acc: 0.9631
Epoch 24/30

100/810 [==>...........................] - ETA: 0s - loss: 0.0059 - acc: 1.0000
810/810 [==============================] - 0s 24us/step - loss: 0.0072 - acc: 1.0000 - val_loss: 0.1011 - val_acc: 0.9631
Epoch 25/30

100/810 [==>...........................] - ETA: 0s - loss: 0.0054 - acc: 1.0000
810/810 [==============================] - 0s 22us/step - loss: 0.0065 - acc: 1.0000 - val_loss: 0.1009 - val_acc: 0.9631
Epoch 26/30

100/810 [==>...........................] - ETA: 0s - loss: 0.0045 - acc: 1.0000
810/810 [==============================] - 0s 22us/step - loss: 0.0060 - acc: 1.0000 - val_loss: 0.1012 - val_acc: 0.9631
Epoch 27/30

100/810 [==>...........................] - ETA: 0s - loss: 0.0043 - acc: 1.0000
810/810 [==============================] - 0s 22us/step - loss: 0.0055 - acc: 1.0000 - val_loss: 0.1009 - val_acc: 0.9631
Epoch 28/30

100/810 [==>...........................] - ETA: 0s - loss: 0.0036 - acc: 1.0000
810/810 [==============================] - 0s 23us/step - loss: 0.0054 - acc: 1.0000 - val_loss: 0.1010 - val_acc: 0.9631
Epoch 29/30

100/810 [==>...........................] - ETA: 0s - loss: 0.0054 - acc: 1.0000
810/810 [==============================] - 0s 23us/step - loss: 0.0054 - acc: 1.0000 - val_loss: 0.1011 - val_acc: 0.9631
Epoch 30/30

100/810 [==>...........................] - ETA: 0s - loss: 0.0037 - acc: 1.0000
810/810 [==============================] - 0s 23us/step - loss: 0.0049 - acc: 1.0000 - val_loss: 0.1016 - val_acc: 0.9631
acc: 96.31%
Train on 812 samples, validate on 810 samples
Epoch 1/30

100/812 [==>...........................] - ETA: 3s - loss: 0.6941 - acc: 0.5100
812/812 [==============================] - 1s 726us/step - loss: 0.5801 - acc: 0.7709 - val_loss: 0.4081 - val_acc: 0.9519
Epoch 2/30

100/812 [==>...........................] - ETA: 0s - loss: 0.4119 - acc: 0.9400
812/812 [==============================] - 0s 23us/step - loss: 0.3163 - acc: 0.9704 - val_loss: 0.2227 - val_acc: 0.9765
Epoch 3/30

100/812 [==>...........................] - ETA: 0s - loss: 0.2154 - acc: 0.9800
812/812 [==============================] - 0s 22us/step - loss: 0.1810 - acc: 0.9778 - val_loss: 0.1411 - val_acc: 0.9790
Epoch 4/30

100/812 [==>...........................] - ETA: 0s - loss: 0.1252 - acc: 0.9900
812/812 [==============================] - 0s 23us/step - loss: 0.1162 - acc: 0.9877 - val_loss: 0.1065 - val_acc: 0.9778
Epoch 5/30

100/812 [==>...........................] - ETA: 0s - loss: 0.0881 - acc: 0.9900
812/812 [==============================] - 0s 23us/step - loss: 0.0856 - acc: 0.9901 - val_loss: 0.0913 - val_acc: 0.9802
Epoch 6/30

100/812 [==>...........................] - ETA: 0s - loss: 0.0633 - acc: 0.9900
812/812 [==============================] - 0s 26us/step - loss: 0.0660 - acc: 0.9926 - val_loss: 0.0810 - val_acc: 0.9815
Epoch 7/30

100/812 [==>...........................] - ETA: 0s - loss: 0.0621 - acc: 1.0000
812/812 [==============================] - 0s 23us/step - loss: 0.0520 - acc: 0.9975 - val_loss: 0.0753 - val_acc: 0.9802
Epoch 8/30

100/812 [==>...........................] - ETA: 0s - loss: 0.0548 - acc: 0.9800
812/812 [==============================] - 0s 29us/step - loss: 0.0421 - acc: 0.9963 - val_loss: 0.0709 - val_acc: 0.9815
Epoch 9/30

100/812 [==>...........................] - ETA: 0s - loss: 0.0319 - acc: 1.0000
812/812 [==============================] - 0s 25us/step - loss: 0.0350 - acc: 0.9963 - val_loss: 0.0668 - val_acc: 0.9790
Epoch 10/30

100/812 [==>...........................] - ETA: 0s - loss: 0.0237 - acc: 1.0000
812/812 [==============================] - 0s 24us/step - loss: 0.0297 - acc: 0.9963 - val_loss: 0.0652 - val_acc: 0.9778
Epoch 11/30

100/812 [==>...........................] - ETA: 0s - loss: 0.0367 - acc: 0.9900
812/812 [==============================] - 0s 23us/step - loss: 0.0252 - acc: 0.9975 - val_loss: 0.0640 - val_acc: 0.9778
Epoch 12/30

100/812 [==>...........................] - ETA: 0s - loss: 0.0279 - acc: 1.0000
812/812 [==============================] - 0s 26us/step - loss: 0.0218 - acc: 0.9988 - val_loss: 0.0639 - val_acc: 0.9778
Epoch 13/30

100/812 [==>...........................] - ETA: 0s - loss: 0.0172 - acc: 1.0000
812/812 [==============================] - 0s 27us/step - loss: 0.0191 - acc: 0.9988 - val_loss: 0.0632 - val_acc: 0.9778
Epoch 14/30

100/812 [==>...........................] - ETA: 0s - loss: 0.0142 - acc: 1.0000
812/812 [==============================] - 0s 25us/step - loss: 0.0169 - acc: 0.9988 - val_loss: 0.0631 - val_acc: 0.9790
Epoch 15/30

100/812 [==>...........................] - ETA: 0s - loss: 0.0138 - acc: 1.0000
812/812 [==============================] - 0s 25us/step - loss: 0.0156 - acc: 0.9988 - val_loss: 0.0619 - val_acc: 0.9790
Epoch 16/30

100/812 [==>...........................] - ETA: 0s - loss: 0.0153 - acc: 1.0000
812/812 [==============================] - 0s 26us/step - loss: 0.0135 - acc: 1.0000 - val_loss: 0.0604 - val_acc: 0.9778
Epoch 17/30

100/812 [==>...........................] - ETA: 0s - loss: 0.0116 - acc: 1.0000
812/812 [==============================] - 0s 26us/step - loss: 0.0121 - acc: 1.0000 - val_loss: 0.0589 - val_acc: 0.9790
Epoch 18/30

100/812 [==>...........................] - ETA: 0s - loss: 0.0101 - acc: 1.0000
812/812 [==============================] - 0s 25us/step - loss: 0.0110 - acc: 1.0000 - val_loss: 0.0570 - val_acc: 0.9790
Epoch 19/30

100/812 [==>...........................] - ETA: 0s - loss: 0.0132 - acc: 1.0000
812/812 [==============================] - 0s 28us/step - loss: 0.0100 - acc: 1.0000 - val_loss: 0.0568 - val_acc: 0.9790
Epoch 20/30

100/812 [==>...........................] - ETA: 0s - loss: 0.0109 - acc: 1.0000
812/812 [==============================] - 0s 25us/step - loss: 0.0091 - acc: 1.0000 - val_loss: 0.0572 - val_acc: 0.9790
Epoch 21/30

100/812 [==>...........................] - ETA: 0s - loss: 0.0081 - acc: 1.0000
812/812 [==============================] - 0s 24us/step - loss: 0.0083 - acc: 1.0000 - val_loss: 0.0579 - val_acc: 0.9778
Epoch 22/30

100/812 [==>...........................] - ETA: 0s - loss: 0.0061 - acc: 1.0000
812/812 [==============================] - 0s 26us/step - loss: 0.0077 - acc: 1.0000 - val_loss: 0.0586 - val_acc: 0.9778
acc: 98.15%
Accuracy: 97.23% (+/- 0.92%)
