Train on 1459 samples, validate on 163 samples
Epoch 1/30

  10/1459 [..............................] - ETA: 1:04 - loss: 0.6782 - acc: 0.6000
 360/1459 [======>.......................] - ETA: 1s - loss: 0.5031 - acc: 0.7500  
 730/1459 [==============>...............] - ETA: 0s - loss: 0.3563 - acc: 0.8548
1100/1459 [=====================>........] - ETA: 0s - loss: 0.2810 - acc: 0.8909
1459/1459 [==============================] - 1s 481us/step - loss: 0.2401 - acc: 0.9116 - val_loss: 0.1378 - val_acc: 0.9571
Epoch 2/30

  10/1459 [..............................] - ETA: 0s - loss: 0.1165 - acc: 1.0000
 350/1459 [======>.......................] - ETA: 0s - loss: 0.0657 - acc: 0.9914
 710/1459 [=============>................] - ETA: 0s - loss: 0.0566 - acc: 0.9859
1070/1459 [=====================>........] - ETA: 0s - loss: 0.0533 - acc: 0.9869
1440/1459 [============================>.] - ETA: 0s - loss: 0.0551 - acc: 0.9868
1459/1459 [==============================] - 0s 148us/step - loss: 0.0560 - acc: 0.9863 - val_loss: 0.1018 - val_acc: 0.9632
Epoch 3/30

  10/1459 [..............................] - ETA: 0s - loss: 0.0130 - acc: 1.0000
 370/1459 [======>.......................] - ETA: 0s - loss: 0.0340 - acc: 0.9946
 740/1459 [==============>...............] - ETA: 0s - loss: 0.0294 - acc: 0.9959
1100/1459 [=====================>........] - ETA: 0s - loss: 0.0299 - acc: 0.9964
1420/1459 [============================>.] - ETA: 0s - loss: 0.0272 - acc: 0.9965
1459/1459 [==============================] - 0s 148us/step - loss: 0.0268 - acc: 0.9966 - val_loss: 0.0882 - val_acc: 0.9693
Epoch 4/30

  10/1459 [..............................] - ETA: 0s - loss: 0.0039 - acc: 1.0000
 370/1459 [======>.......................] - ETA: 0s - loss: 0.0177 - acc: 0.9946
 660/1459 [============>.................] - ETA: 0s - loss: 0.0154 - acc: 0.9970
 980/1459 [===================>..........] - ETA: 0s - loss: 0.0217 - acc: 0.9949
1280/1459 [=========================>....] - ETA: 0s - loss: 0.0192 - acc: 0.9961
1459/1459 [==============================] - 0s 170us/step - loss: 0.0184 - acc: 0.9966 - val_loss: 0.0994 - val_acc: 0.9755
Epoch 5/30

  10/1459 [..............................] - ETA: 0s - loss: 0.0017 - acc: 1.0000
 330/1459 [=====>........................] - ETA: 0s - loss: 0.0083 - acc: 0.9970
 650/1459 [============>.................] - ETA: 0s - loss: 0.0074 - acc: 0.9985
 970/1459 [==================>...........] - ETA: 0s - loss: 0.0071 - acc: 0.9990
1300/1459 [=========================>....] - ETA: 0s - loss: 0.0109 - acc: 0.9977
1459/1459 [==============================] - 0s 162us/step - loss: 0.0105 - acc: 0.9979 - val_loss: 0.1014 - val_acc: 0.9693
Epoch 6/30

  10/1459 [..............................] - ETA: 0s - loss: 0.0055 - acc: 1.0000
 340/1459 [=====>........................] - ETA: 0s - loss: 0.0070 - acc: 1.0000
 640/1459 [============>.................] - ETA: 0s - loss: 0.0061 - acc: 0.9984
 920/1459 [=================>............] - ETA: 0s - loss: 0.0073 - acc: 0.9978
1250/1459 [========================>.....] - ETA: 0s - loss: 0.0071 - acc: 0.9976
1459/1459 [==============================] - 0s 167us/step - loss: 0.0068 - acc: 0.9979 - val_loss: 0.1022 - val_acc: 0.9693
Epoch 7/30

  10/1459 [..............................] - ETA: 0s - loss: 0.0053 - acc: 1.0000
 340/1459 [=====>........................] - ETA: 0s - loss: 0.0056 - acc: 0.9971
 630/1459 [===========>..................] - ETA: 0s - loss: 0.0050 - acc: 0.9984
 920/1459 [=================>............] - ETA: 0s - loss: 0.0047 - acc: 0.9989
1240/1459 [========================>.....] - ETA: 0s - loss: 0.0044 - acc: 0.9992
1459/1459 [==============================] - 0s 168us/step - loss: 0.0042 - acc: 0.9993 - val_loss: 0.0968 - val_acc: 0.9755
Epoch 8/30

  10/1459 [..............................] - ETA: 0s - loss: 0.0030 - acc: 1.0000
 330/1459 [=====>........................] - ETA: 0s - loss: 0.0046 - acc: 0.9970
 660/1459 [============>.................] - ETA: 0s - loss: 0.0033 - acc: 0.9985
 980/1459 [===================>..........] - ETA: 0s - loss: 0.0032 - acc: 0.9990
1300/1459 [=========================>....] - ETA: 0s - loss: 0.0029 - acc: 0.9992
1459/1459 [==============================] - 0s 163us/step - loss: 0.0030 - acc: 0.9993 - val_loss: 0.1110 - val_acc: 0.9755
Epoch 9/30

  10/1459 [..............................] - ETA: 0s - loss: 9.8392e-04 - acc: 1.0000
 340/1459 [=====>........................] - ETA: 0s - loss: 0.0019 - acc: 1.0000    
 660/1459 [============>.................] - ETA: 0s - loss: 0.0018 - acc: 1.0000
 970/1459 [==================>...........] - ETA: 0s - loss: 0.0018 - acc: 1.0000
1240/1459 [========================>.....] - ETA: 0s - loss: 0.0017 - acc: 1.0000
1459/1459 [==============================] - 0s 178us/step - loss: 0.0022 - acc: 1.0000 - val_loss: 0.1093 - val_acc: 0.9755
Epoch 10/30

  10/1459 [..............................] - ETA: 0s - loss: 3.5803e-04 - acc: 1.0000
 290/1459 [====>.........................] - ETA: 0s - loss: 0.0020 - acc: 1.0000    
 590/1459 [===========>..................] - ETA: 0s - loss: 0.0019 - acc: 1.0000
 920/1459 [=================>............] - ETA: 0s - loss: 0.0017 - acc: 1.0000
1250/1459 [========================>.....] - ETA: 0s - loss: 0.0019 - acc: 1.0000
1459/1459 [==============================] - 0s 168us/step - loss: 0.0018 - acc: 1.0000 - val_loss: 0.1087 - val_acc: 0.9755
Epoch 11/30

  10/1459 [..............................] - ETA: 0s - loss: 0.0029 - acc: 1.0000
 350/1459 [======>.......................] - ETA: 0s - loss: 0.0010 - acc: 1.0000
 690/1459 [=============>................] - ETA: 0s - loss: 0.0011 - acc: 1.0000
1010/1459 [===================>..........] - ETA: 0s - loss: 0.0012 - acc: 1.0000
1330/1459 [==========================>...] - ETA: 0s - loss: 0.0013 - acc: 1.0000
1459/1459 [==============================] - 0s 159us/step - loss: 0.0013 - acc: 1.0000 - val_loss: 0.1150 - val_acc: 0.9755
Epoch 12/30

  10/1459 [..............................] - ETA: 0s - loss: 0.0015 - acc: 1.0000
 340/1459 [=====>........................] - ETA: 0s - loss: 9.6087e-04 - acc: 1.0000
 660/1459 [============>.................] - ETA: 0s - loss: 9.8651e-04 - acc: 1.0000
 980/1459 [===================>..........] - ETA: 0s - loss: 9.6610e-04 - acc: 1.0000
1310/1459 [=========================>....] - ETA: 0s - loss: 0.0011 - acc: 1.0000    
1459/1459 [==============================] - 0s 161us/step - loss: 0.0011 - acc: 1.0000 - val_loss: 0.1162 - val_acc: 0.9755
acc: 97.55%
Train on 1459 samples, validate on 163 samples
Epoch 1/30

  10/1459 [..............................] - ETA: 1:17 - loss: 0.6775 - acc: 0.4000
 350/1459 [======>.......................] - ETA: 1s - loss: 0.5089 - acc: 0.7714  
 690/1459 [=============>................] - ETA: 0s - loss: 0.3457 - acc: 0.8710
1040/1459 [====================>.........] - ETA: 0s - loss: 0.2719 - acc: 0.8990
1400/1459 [===========================>..] - ETA: 0s - loss: 0.2268 - acc: 0.9157
1459/1459 [==============================] - 1s 555us/step - loss: 0.2197 - acc: 0.9184 - val_loss: 0.1139 - val_acc: 0.9509
Epoch 2/30

  10/1459 [..............................] - ETA: 0s - loss: 0.0358 - acc: 1.0000
 350/1459 [======>.......................] - ETA: 0s - loss: 0.0739 - acc: 0.9857
 720/1459 [=============>................] - ETA: 0s - loss: 0.0674 - acc: 0.9861
1090/1459 [=====================>........] - ETA: 0s - loss: 0.0613 - acc: 0.9862
1440/1459 [============================>.] - ETA: 0s - loss: 0.0600 - acc: 0.9861
1459/1459 [==============================] - 0s 149us/step - loss: 0.0594 - acc: 0.9863 - val_loss: 0.0852 - val_acc: 0.9632
Epoch 3/30

  10/1459 [..............................] - ETA: 0s - loss: 0.0106 - acc: 1.0000
 310/1459 [=====>........................] - ETA: 0s - loss: 0.0207 - acc: 1.0000
 660/1459 [============>.................] - ETA: 0s - loss: 0.0230 - acc: 0.9985
1020/1459 [===================>..........] - ETA: 0s - loss: 0.0293 - acc: 0.9941
1350/1459 [==========================>...] - ETA: 0s - loss: 0.0285 - acc: 0.9941
1459/1459 [==============================] - 0s 156us/step - loss: 0.0284 - acc: 0.9938 - val_loss: 0.0669 - val_acc: 0.9816
Epoch 4/30

  10/1459 [..............................] - ETA: 0s - loss: 0.0076 - acc: 1.0000
 340/1459 [=====>........................] - ETA: 0s - loss: 0.0278 - acc: 0.9912
 680/1459 [============>.................] - ETA: 0s - loss: 0.0234 - acc: 0.9941
1010/1459 [===================>..........] - ETA: 0s - loss: 0.0185 - acc: 0.9960
1320/1459 [==========================>...] - ETA: 0s - loss: 0.0165 - acc: 0.9970
1459/1459 [==============================] - 0s 159us/step - loss: 0.0160 - acc: 0.9973 - val_loss: 0.0775 - val_acc: 0.9755
Epoch 5/30

  10/1459 [..............................] - ETA: 0s - loss: 0.0309 - acc: 1.0000
 330/1459 [=====>........................] - ETA: 0s - loss: 0.0109 - acc: 0.9970
 670/1459 [============>.................] - ETA: 0s - loss: 0.0087 - acc: 0.9985
 980/1459 [===================>..........] - ETA: 0s - loss: 0.0093 - acc: 0.9980
1310/1459 [=========================>....] - ETA: 0s - loss: 0.0094 - acc: 0.9977
1459/1459 [==============================] - 0s 163us/step - loss: 0.0092 - acc: 0.9979 - val_loss: 0.0797 - val_acc: 0.9693
Epoch 6/30

  10/1459 [..............................] - ETA: 0s - loss: 0.0019 - acc: 1.0000
 350/1459 [======>.......................] - ETA: 0s - loss: 0.0041 - acc: 1.0000
 690/1459 [=============>................] - ETA: 0s - loss: 0.0072 - acc: 0.9986
1000/1459 [===================>..........] - ETA: 0s - loss: 0.0068 - acc: 0.9980
1330/1459 [==========================>...] - ETA: 0s - loss: 0.0062 - acc: 0.9985
1459/1459 [==============================] - 0s 162us/step - loss: 0.0059 - acc: 0.9986 - val_loss: 0.0828 - val_acc: 0.9632
Epoch 7/30

  10/1459 [..............................] - ETA: 0s - loss: 0.0049 - acc: 1.0000
 330/1459 [=====>........................] - ETA: 0s - loss: 0.0064 - acc: 0.9970
 670/1459 [============>.................] - ETA: 0s - loss: 0.0070 - acc: 0.9970
 980/1459 [===================>..........] - ETA: 0s - loss: 0.0059 - acc: 0.9980
1310/1459 [=========================>....] - ETA: 0s - loss: 0.0052 - acc: 0.9985
1459/1459 [==============================] - 0s 162us/step - loss: 0.0049 - acc: 0.9986 - val_loss: 0.0703 - val_acc: 0.9816
Epoch 8/30

  10/1459 [..............................] - ETA: 0s - loss: 7.4762e-04 - acc: 1.0000
 360/1459 [======>.......................] - ETA: 0s - loss: 0.0020 - acc: 1.0000    
 710/1459 [=============>................] - ETA: 0s - loss: 0.0036 - acc: 0.9986
1040/1459 [====================>.........] - ETA: 0s - loss: 0.0032 - acc: 0.9990
1390/1459 [===========================>..] - ETA: 0s - loss: 0.0031 - acc: 0.9993
1459/1459 [==============================] - 0s 154us/step - loss: 0.0030 - acc: 0.9993 - val_loss: 0.0782 - val_acc: 0.9816
Epoch 9/30

  10/1459 [..............................] - ETA: 0s - loss: 0.0011 - acc: 1.0000
 350/1459 [======>.......................] - ETA: 0s - loss: 0.0039 - acc: 1.0000
 670/1459 [============>.................] - ETA: 0s - loss: 0.0026 - acc: 1.0000
1000/1459 [===================>..........] - ETA: 0s - loss: 0.0023 - acc: 1.0000
1330/1459 [==========================>...] - ETA: 0s - loss: 0.0020 - acc: 1.0000
1459/1459 [==============================] - 0s 160us/step - loss: 0.0020 - acc: 1.0000 - val_loss: 0.0785 - val_acc: 0.9755
Epoch 10/30

  10/1459 [..............................] - ETA: 0s - loss: 4.9266e-04 - acc: 1.0000
 340/1459 [=====>........................] - ETA: 0s - loss: 9.9792e-04 - acc: 1.0000
 670/1459 [============>.................] - ETA: 0s - loss: 0.0012 - acc: 1.0000    
 980/1459 [===================>..........] - ETA: 0s - loss: 0.0018 - acc: 1.0000
1320/1459 [==========================>...] - ETA: 0s - loss: 0.0016 - acc: 1.0000
1459/1459 [==============================] - 0s 159us/step - loss: 0.0015 - acc: 1.0000 - val_loss: 0.0780 - val_acc: 0.9755
Epoch 11/30

  10/1459 [..............................] - ETA: 0s - loss: 3.5990e-04 - acc: 1.0000
 360/1459 [======>.......................] - ETA: 0s - loss: 7.8879e-04 - acc: 1.0000
 700/1459 [=============>................] - ETA: 0s - loss: 7.3380e-04 - acc: 1.0000
1040/1459 [====================>.........] - ETA: 0s - loss: 8.8320e-04 - acc: 1.0000
1380/1459 [===========================>..] - ETA: 0s - loss: 0.0013 - acc: 1.0000    
1459/1459 [==============================] - 0s 154us/step - loss: 0.0013 - acc: 1.0000 - val_loss: 0.0804 - val_acc: 0.9693
acc: 98.16%
Train on 1459 samples, validate on 163 samples
Epoch 1/30

  10/1459 [..............................] - ETA: 1:26 - loss: 0.7444 - acc: 0.4000
 340/1459 [=====>........................] - ETA: 2s - loss: 0.5359 - acc: 0.7324  
 710/1459 [=============>................] - ETA: 0s - loss: 0.3656 - acc: 0.8493
1080/1459 [=====================>........] - ETA: 0s - loss: 0.2841 - acc: 0.8852
1420/1459 [============================>.] - ETA: 0s - loss: 0.2434 - acc: 0.9049
1459/1459 [==============================] - 1s 605us/step - loss: 0.2378 - acc: 0.9075 - val_loss: 0.0923 - val_acc: 0.9755
Epoch 2/30

  10/1459 [..............................] - ETA: 0s - loss: 0.0580 - acc: 1.0000
 360/1459 [======>.......................] - ETA: 0s - loss: 0.0659 - acc: 0.9889
 720/1459 [=============>................] - ETA: 0s - loss: 0.0548 - acc: 0.9903
1080/1459 [=====================>........] - ETA: 0s - loss: 0.0529 - acc: 0.9898
1450/1459 [============================>.] - ETA: 0s - loss: 0.0600 - acc: 0.9841
1459/1459 [==============================] - 0s 147us/step - loss: 0.0597 - acc: 0.9842 - val_loss: 0.0878 - val_acc: 0.9755
Epoch 3/30

  10/1459 [..............................] - ETA: 0s - loss: 0.0168 - acc: 1.0000
 370/1459 [======>.......................] - ETA: 0s - loss: 0.0374 - acc: 0.9919
 740/1459 [==============>...............] - ETA: 0s - loss: 0.0312 - acc: 0.9946
1100/1459 [=====================>........] - ETA: 0s - loss: 0.0279 - acc: 0.9955
1450/1459 [============================>.] - ETA: 0s - loss: 0.0285 - acc: 0.9959
1459/1459 [==============================] - 0s 146us/step - loss: 0.0283 - acc: 0.9959 - val_loss: 0.0818 - val_acc: 0.9755
Epoch 4/30

  10/1459 [..............................] - ETA: 0s - loss: 0.0064 - acc: 1.0000
 340/1459 [=====>........................] - ETA: 0s - loss: 0.0126 - acc: 1.0000
 680/1459 [============>.................] - ETA: 0s - loss: 0.0105 - acc: 1.0000
1010/1459 [===================>..........] - ETA: 0s - loss: 0.0130 - acc: 0.9990
1320/1459 [==========================>...] - ETA: 0s - loss: 0.0145 - acc: 0.9977
1459/1459 [==============================] - 0s 161us/step - loss: 0.0145 - acc: 0.9979 - val_loss: 0.0757 - val_acc: 0.9755
Epoch 5/30

  10/1459 [..............................] - ETA: 0s - loss: 0.0059 - acc: 1.0000
 350/1459 [======>.......................] - ETA: 0s - loss: 0.0107 - acc: 0.9971
 670/1459 [============>.................] - ETA: 0s - loss: 0.0095 - acc: 0.9985
1030/1459 [====================>.........] - ETA: 0s - loss: 0.0081 - acc: 0.9990
1370/1459 [===========================>..] - ETA: 0s - loss: 0.0078 - acc: 0.9993
1459/1459 [==============================] - 0s 156us/step - loss: 0.0076 - acc: 0.9993 - val_loss: 0.0741 - val_acc: 0.9816
Epoch 6/30

  10/1459 [..............................] - ETA: 0s - loss: 5.9914e-04 - acc: 1.0000
 360/1459 [======>.......................] - ETA: 0s - loss: 0.0038 - acc: 1.0000    
 710/1459 [=============>................] - ETA: 0s - loss: 0.0052 - acc: 0.9986
1050/1459 [====================>.........] - ETA: 0s - loss: 0.0045 - acc: 0.9990
1390/1459 [===========================>..] - ETA: 0s - loss: 0.0042 - acc: 0.9993
1459/1459 [==============================] - 0s 152us/step - loss: 0.0043 - acc: 0.9993 - val_loss: 0.0736 - val_acc: 0.9816
Epoch 7/30

  10/1459 [..............................] - ETA: 0s - loss: 0.0024 - acc: 1.0000
 350/1459 [======>.......................] - ETA: 0s - loss: 0.0029 - acc: 1.0000
 680/1459 [============>.................] - ETA: 0s - loss: 0.0025 - acc: 1.0000
1020/1459 [===================>..........] - ETA: 0s - loss: 0.0025 - acc: 1.0000
1370/1459 [===========================>..] - ETA: 0s - loss: 0.0028 - acc: 1.0000
1459/1459 [==============================] - 0s 159us/step - loss: 0.0028 - acc: 1.0000 - val_loss: 0.0750 - val_acc: 0.9877
Epoch 8/30

  10/1459 [..............................] - ETA: 0s - loss: 8.2689e-04 - acc: 1.0000
 340/1459 [=====>........................] - ETA: 0s - loss: 0.0020 - acc: 1.0000    
 680/1459 [============>.................] - ETA: 0s - loss: 0.0022 - acc: 1.0000
1030/1459 [====================>.........] - ETA: 0s - loss: 0.0024 - acc: 1.0000
1370/1459 [===========================>..] - ETA: 0s - loss: 0.0023 - acc: 1.0000
1459/1459 [==============================] - 0s 157us/step - loss: 0.0022 - acc: 1.0000 - val_loss: 0.0771 - val_acc: 0.9816
Epoch 9/30

  10/1459 [..............................] - ETA: 0s - loss: 0.0013 - acc: 1.0000
 280/1459 [====>.........................] - ETA: 0s - loss: 0.0026 - acc: 1.0000
 580/1459 [==========>...................] - ETA: 0s - loss: 0.0021 - acc: 1.0000
 890/1459 [=================>............] - ETA: 0s - loss: 0.0019 - acc: 1.0000
1160/1459 [======================>.......] - ETA: 0s - loss: 0.0018 - acc: 1.0000
1450/1459 [============================>.] - ETA: 0s - loss: 0.0017 - acc: 1.0000
1459/1459 [==============================] - 0s 184us/step - loss: 0.0017 - acc: 1.0000 - val_loss: 0.0795 - val_acc: 0.9816
Epoch 10/30

  10/1459 [..............................] - ETA: 0s - loss: 0.0014 - acc: 1.0000
 300/1459 [=====>........................] - ETA: 0s - loss: 0.0013 - acc: 1.0000
 580/1459 [==========>...................] - ETA: 0s - loss: 0.0013 - acc: 1.0000
 860/1459 [================>.............] - ETA: 0s - loss: 0.0014 - acc: 1.0000
1150/1459 [======================>.......] - ETA: 0s - loss: 0.0014 - acc: 1.0000
1340/1459 [==========================>...] - ETA: 0s - loss: 0.0013 - acc: 1.0000
1459/1459 [==============================] - 0s 217us/step - loss: 0.0013 - acc: 1.0000 - val_loss: 0.0791 - val_acc: 0.9816
Epoch 11/30

  10/1459 [..............................] - ETA: 0s - loss: 5.6608e-04 - acc: 1.0000
 230/1459 [===>..........................] - ETA: 0s - loss: 9.2983e-04 - acc: 1.0000
 500/1459 [=========>....................] - ETA: 0s - loss: 0.0010 - acc: 1.0000    
 790/1459 [===============>..............] - ETA: 0s - loss: 0.0012 - acc: 1.0000
1080/1459 [=====================>........] - ETA: 0s - loss: 0.0011 - acc: 1.0000
1270/1459 [=========================>....] - ETA: 0s - loss: 0.0010 - acc: 1.0000
1459/1459 [==============================] - 0s 209us/step - loss: 0.0011 - acc: 1.0000 - val_loss: 0.0813 - val_acc: 0.9816
Epoch 12/30

  10/1459 [..............................] - ETA: 0s - loss: 0.0027 - acc: 1.0000
 290/1459 [====>.........................] - ETA: 0s - loss: 0.0011 - acc: 1.0000
 580/1459 [==========>...................] - ETA: 0s - loss: 0.0011 - acc: 1.0000
 860/1459 [================>.............] - ETA: 0s - loss: 0.0011 - acc: 1.0000
1150/1459 [======================>.......] - ETA: 0s - loss: 9.7139e-04 - acc: 1.0000
1440/1459 [============================>.] - ETA: 0s - loss: 9.2759e-04 - acc: 1.0000
1459/1459 [==============================] - 0s 184us/step - loss: 9.2420e-04 - acc: 1.0000 - val_loss: 0.0818 - val_acc: 0.9816
Epoch 13/30

  10/1459 [..............................] - ETA: 0s - loss: 3.3654e-04 - acc: 1.0000
 300/1459 [=====>........................] - ETA: 0s - loss: 7.7316e-04 - acc: 1.0000
 580/1459 [==========>...................] - ETA: 0s - loss: 9.2900e-04 - acc: 1.0000
 890/1459 [=================>............] - ETA: 0s - loss: 9.1282e-04 - acc: 1.0000
1180/1459 [=======================>......] - ETA: 0s - loss: 8.3613e-04 - acc: 1.0000
1459/1459 [==============================] - 0s 180us/step - loss: 8.0874e-04 - acc: 1.0000 - val_loss: 0.0840 - val_acc: 0.9816
Epoch 14/30

  10/1459 [..............................] - ETA: 0s - loss: 2.1709e-04 - acc: 1.0000
 310/1459 [=====>........................] - ETA: 0s - loss: 5.8412e-04 - acc: 1.0000
 600/1459 [===========>..................] - ETA: 0s - loss: 5.9996e-04 - acc: 1.0000
 890/1459 [=================>............] - ETA: 0s - loss: 7.3459e-04 - acc: 1.0000
1180/1459 [=======================>......] - ETA: 0s - loss: 7.0350e-04 - acc: 1.0000
1459/1459 [==============================] - 0s 181us/step - loss: 6.8568e-04 - acc: 1.0000 - val_loss: 0.0843 - val_acc: 0.9816
Epoch 15/30

  10/1459 [..............................] - ETA: 0s - loss: 0.0024 - acc: 1.0000
 300/1459 [=====>........................] - ETA: 0s - loss: 4.8588e-04 - acc: 1.0000
 590/1459 [===========>..................] - ETA: 0s - loss: 5.2618e-04 - acc: 1.0000
 890/1459 [=================>............] - ETA: 0s - loss: 5.4431e-04 - acc: 1.0000
1180/1459 [=======================>......] - ETA: 0s - loss: 5.4061e-04 - acc: 1.0000
1440/1459 [============================>.] - ETA: 0s - loss: 5.9569e-04 - acc: 1.0000
1459/1459 [==============================] - 0s 183us/step - loss: 5.9339e-04 - acc: 1.0000 - val_loss: 0.0850 - val_acc: 0.9816
acc: 98.77%
Train on 1460 samples, validate on 162 samples
Epoch 1/30

  10/1460 [..............................] - ETA: 1:44 - loss: 0.7186 - acc: 0.5000
 340/1460 [=====>........................] - ETA: 2s - loss: 0.5099 - acc: 0.7912  
 690/1460 [=============>................] - ETA: 0s - loss: 0.3561 - acc: 0.8783
1050/1460 [====================>.........] - ETA: 0s - loss: 0.2696 - acc: 0.9133
1380/1460 [===========================>..] - ETA: 0s - loss: 0.2318 - acc: 0.9261
1460/1460 [==============================] - 1s 706us/step - loss: 0.2227 - acc: 0.9295 - val_loss: 0.0716 - val_acc: 0.9691
Epoch 2/30

  10/1460 [..............................] - ETA: 1s - loss: 0.0641 - acc: 1.0000
 210/1460 [===>..........................] - ETA: 0s - loss: 0.0677 - acc: 0.9810
 380/1460 [======>.......................] - ETA: 0s - loss: 0.0543 - acc: 0.9868
 460/1460 [========>.....................] - ETA: 0s - loss: 0.0531 - acc: 0.9870
 570/1460 [==========>...................] - ETA: 0s - loss: 0.0574 - acc: 0.9842
 860/1460 [================>.............] - ETA: 0s - loss: 0.0561 - acc: 0.9826
1140/1460 [======================>.......] - ETA: 0s - loss: 0.0560 - acc: 0.9851
1450/1460 [============================>.] - ETA: 0s - loss: 0.0545 - acc: 0.9862
1460/1460 [==============================] - 0s 257us/step - loss: 0.0555 - acc: 0.9856 - val_loss: 0.0685 - val_acc: 0.9691
Epoch 3/30

  10/1460 [..............................] - ETA: 0s - loss: 0.0126 - acc: 1.0000
 250/1460 [====>.........................] - ETA: 0s - loss: 0.0257 - acc: 0.9960
 500/1460 [=========>....................] - ETA: 0s - loss: 0.0316 - acc: 0.9940
 750/1460 [==============>...............] - ETA: 0s - loss: 0.0312 - acc: 0.9947
1020/1460 [===================>..........] - ETA: 0s - loss: 0.0332 - acc: 0.9931
1280/1460 [=========================>....] - ETA: 0s - loss: 0.0303 - acc: 0.9945
1460/1460 [==============================] - 0s 203us/step - loss: 0.0280 - acc: 0.9952 - val_loss: 0.0500 - val_acc: 0.9815
Epoch 4/30

  10/1460 [..............................] - ETA: 0s - loss: 0.0034 - acc: 1.0000
 310/1460 [=====>........................] - ETA: 0s - loss: 0.0149 - acc: 0.9968
 600/1460 [===========>..................] - ETA: 0s - loss: 0.0122 - acc: 0.9983
 890/1460 [=================>............] - ETA: 0s - loss: 0.0113 - acc: 0.9989
1180/1460 [=======================>......] - ETA: 0s - loss: 0.0156 - acc: 0.9975
1460/1460 [==============================] - 0s 179us/step - loss: 0.0149 - acc: 0.9979 - val_loss: 0.0473 - val_acc: 0.9815
Epoch 5/30

  10/1460 [..............................] - ETA: 0s - loss: 0.0048 - acc: 1.0000
 300/1460 [=====>........................] - ETA: 0s - loss: 0.0060 - acc: 1.0000
 580/1460 [==========>...................] - ETA: 0s - loss: 0.0053 - acc: 1.0000
 860/1460 [================>.............] - ETA: 0s - loss: 0.0098 - acc: 0.9977
1140/1460 [======================>.......] - ETA: 0s - loss: 0.0107 - acc: 0.9982
1390/1460 [===========================>..] - ETA: 0s - loss: 0.0121 - acc: 0.9978
1460/1460 [==============================] - 0s 191us/step - loss: 0.0117 - acc: 0.9979 - val_loss: 0.0506 - val_acc: 0.9815
Epoch 6/30

  10/1460 [..............................] - ETA: 0s - loss: 0.0015 - acc: 1.0000
 290/1460 [====>.........................] - ETA: 0s - loss: 0.0047 - acc: 1.0000
 560/1460 [==========>...................] - ETA: 0s - loss: 0.0075 - acc: 0.9982
 840/1460 [================>.............] - ETA: 0s - loss: 0.0075 - acc: 0.9976
1120/1460 [======================>.......] - ETA: 0s - loss: 0.0090 - acc: 0.9973
1400/1460 [===========================>..] - ETA: 0s - loss: 0.0086 - acc: 0.9979
1460/1460 [==============================] - 0s 190us/step - loss: 0.0084 - acc: 0.9979 - val_loss: 0.0384 - val_acc: 0.9753
Epoch 7/30

  10/1460 [..............................] - ETA: 0s - loss: 0.0012 - acc: 1.0000
 290/1460 [====>.........................] - ETA: 0s - loss: 0.0029 - acc: 1.0000
 560/1460 [==========>...................] - ETA: 0s - loss: 0.0025 - acc: 1.0000
 820/1460 [===============>..............] - ETA: 0s - loss: 0.0051 - acc: 0.9976
1020/1460 [===================>..........] - ETA: 0s - loss: 0.0049 - acc: 0.9980
1190/1460 [=======================>......] - ETA: 0s - loss: 0.0046 - acc: 0.9983
1420/1460 [============================>.] - ETA: 0s - loss: 0.0049 - acc: 0.9979
1460/1460 [==============================] - 0s 224us/step - loss: 0.0048 - acc: 0.9979 - val_loss: 0.0391 - val_acc: 0.9815
Epoch 8/30

  10/1460 [..............................] - ETA: 0s - loss: 8.8668e-04 - acc: 1.0000
 280/1460 [====>.........................] - ETA: 0s - loss: 0.0036 - acc: 1.0000    
 550/1460 [==========>...................] - ETA: 0s - loss: 0.0053 - acc: 0.9982
 810/1460 [===============>..............] - ETA: 0s - loss: 0.0043 - acc: 0.9988
1080/1460 [=====================>........] - ETA: 0s - loss: 0.0054 - acc: 0.9981
1350/1460 [==========================>...] - ETA: 0s - loss: 0.0049 - acc: 0.9985
1460/1460 [==============================] - 0s 195us/step - loss: 0.0046 - acc: 0.9986 - val_loss: 0.0366 - val_acc: 0.9877
Epoch 9/30

  10/1460 [..............................] - ETA: 0s - loss: 0.0461 - acc: 1.0000
 290/1460 [====>.........................] - ETA: 0s - loss: 0.0037 - acc: 1.0000
 570/1460 [==========>...................] - ETA: 0s - loss: 0.0026 - acc: 1.0000
 840/1460 [================>.............] - ETA: 0s - loss: 0.0024 - acc: 1.0000
1100/1460 [=====================>........] - ETA: 0s - loss: 0.0022 - acc: 1.0000
1370/1460 [===========================>..] - ETA: 0s - loss: 0.0024 - acc: 1.0000
1460/1460 [==============================] - 0s 196us/step - loss: 0.0024 - acc: 1.0000 - val_loss: 0.0380 - val_acc: 0.9877
Epoch 10/30

  10/1460 [..............................] - ETA: 0s - loss: 9.8106e-04 - acc: 1.0000
 270/1460 [====>.........................] - ETA: 0s - loss: 0.0014 - acc: 1.0000    
 540/1460 [==========>...................] - ETA: 0s - loss: 0.0020 - acc: 1.0000
 810/1460 [===============>..............] - ETA: 0s - loss: 0.0019 - acc: 1.0000
1080/1460 [=====================>........] - ETA: 0s - loss: 0.0019 - acc: 1.0000
1360/1460 [==========================>...] - ETA: 0s - loss: 0.0018 - acc: 1.0000
1460/1460 [==============================] - 0s 193us/step - loss: 0.0018 - acc: 1.0000 - val_loss: 0.0329 - val_acc: 0.9938
Epoch 11/30

  10/1460 [..............................] - ETA: 0s - loss: 0.0019 - acc: 1.0000
 290/1460 [====>.........................] - ETA: 0s - loss: 0.0013 - acc: 1.0000
 570/1460 [==========>...................] - ETA: 0s - loss: 0.0011 - acc: 1.0000
 840/1460 [================>.............] - ETA: 0s - loss: 0.0013 - acc: 1.0000
1090/1460 [=====================>........] - ETA: 0s - loss: 0.0012 - acc: 1.0000
1380/1460 [===========================>..] - ETA: 0s - loss: 0.0011 - acc: 1.0000
1460/1460 [==============================] - 0s 191us/step - loss: 0.0011 - acc: 1.0000 - val_loss: 0.0309 - val_acc: 0.9938
Epoch 12/30

  10/1460 [..............................] - ETA: 0s - loss: 5.0807e-04 - acc: 1.0000
 270/1460 [====>.........................] - ETA: 0s - loss: 7.6642e-04 - acc: 1.0000
 540/1460 [==========>...................] - ETA: 0s - loss: 9.6781e-04 - acc: 1.0000
 800/1460 [===============>..............] - ETA: 0s - loss: 8.9350e-04 - acc: 1.0000
1070/1460 [====================>.........] - ETA: 0s - loss: 8.9737e-04 - acc: 1.0000
1340/1460 [==========================>...] - ETA: 0s - loss: 8.6786e-04 - acc: 1.0000
1460/1460 [==============================] - 0s 196us/step - loss: 9.8216e-04 - acc: 1.0000 - val_loss: 0.0304 - val_acc: 0.9938
Epoch 13/30

  10/1460 [..............................] - ETA: 0s - loss: 0.0162 - acc: 1.0000
 290/1460 [====>.........................] - ETA: 0s - loss: 0.0011 - acc: 1.0000
 560/1460 [==========>...................] - ETA: 0s - loss: 8.8910e-04 - acc: 1.0000
 840/1460 [================>.............] - ETA: 0s - loss: 8.0587e-04 - acc: 1.0000
1110/1460 [=====================>........] - ETA: 0s - loss: 7.4503e-04 - acc: 1.0000
1400/1460 [===========================>..] - ETA: 0s - loss: 7.2088e-04 - acc: 1.0000
1460/1460 [==============================] - 0s 191us/step - loss: 8.0281e-04 - acc: 1.0000 - val_loss: 0.0294 - val_acc: 0.9938
Epoch 14/30

  10/1460 [..............................] - ETA: 0s - loss: 9.7857e-04 - acc: 1.0000
 260/1460 [====>.........................] - ETA: 0s - loss: 5.0489e-04 - acc: 1.0000
 490/1460 [=========>....................] - ETA: 0s - loss: 7.7447e-04 - acc: 1.0000
 780/1460 [===============>..............] - ETA: 0s - loss: 7.0846e-04 - acc: 1.0000
1040/1460 [====================>.........] - ETA: 0s - loss: 6.6687e-04 - acc: 1.0000
1230/1460 [========================>.....] - ETA: 0s - loss: 7.1963e-04 - acc: 1.0000
1420/1460 [============================>.] - ETA: 0s - loss: 6.8871e-04 - acc: 1.0000
1460/1460 [==============================] - 0s 229us/step - loss: 6.9408e-04 - acc: 1.0000 - val_loss: 0.0282 - val_acc: 0.9938
Epoch 15/30

  10/1460 [..............................] - ETA: 0s - loss: 8.3295e-04 - acc: 1.0000
 190/1460 [==>...........................] - ETA: 0s - loss: 4.7024e-04 - acc: 1.0000
 370/1460 [======>.......................] - ETA: 0s - loss: 7.3451e-04 - acc: 1.0000
 560/1460 [==========>...................] - ETA: 0s - loss: 7.0223e-04 - acc: 1.0000
 730/1460 [==============>...............] - ETA: 0s - loss: 6.3010e-04 - acc: 1.0000
 910/1460 [=================>............] - ETA: 0s - loss: 7.0420e-04 - acc: 1.0000
1100/1460 [=====================>........] - ETA: 0s - loss: 6.5937e-04 - acc: 1.0000
1280/1460 [=========================>....] - ETA: 0s - loss: 6.1679e-04 - acc: 1.0000
1450/1460 [============================>.] - ETA: 0s - loss: 6.0084e-04 - acc: 1.0000
1460/1460 [==============================] - 0s 296us/step - loss: 5.9791e-04 - acc: 1.0000 - val_loss: 0.0278 - val_acc: 0.9938
Epoch 16/30

  10/1460 [..............................] - ETA: 0s - loss: 3.1179e-04 - acc: 1.0000
 190/1460 [==>...........................] - ETA: 0s - loss: 3.9625e-04 - acc: 1.0000
 380/1460 [======>.......................] - ETA: 0s - loss: 3.9233e-04 - acc: 1.0000
 560/1460 [==========>...................] - ETA: 0s - loss: 3.9819e-04 - acc: 1.0000
 740/1460 [==============>...............] - ETA: 0s - loss: 3.8301e-04 - acc: 1.0000
 930/1460 [==================>...........] - ETA: 0s - loss: 4.0069e-04 - acc: 1.0000
1110/1460 [=====================>........] - ETA: 0s - loss: 3.9459e-04 - acc: 1.0000
1300/1460 [=========================>....] - ETA: 0s - loss: 4.7668e-04 - acc: 1.0000
1460/1460 [==============================] - 0s 286us/step - loss: 5.1377e-04 - acc: 1.0000 - val_loss: 0.0272 - val_acc: 0.9938
Epoch 17/30

  10/1460 [..............................] - ETA: 0s - loss: 5.4593e-04 - acc: 1.0000
 290/1460 [====>.........................] - ETA: 0s - loss: 3.7010e-04 - acc: 1.0000
 470/1460 [========>.....................] - ETA: 0s - loss: 3.6406e-04 - acc: 1.0000
 600/1460 [===========>..................] - ETA: 0s - loss: 4.3848e-04 - acc: 1.0000
 790/1460 [===============>..............] - ETA: 0s - loss: 4.1960e-04 - acc: 1.0000
1070/1460 [====================>.........] - ETA: 0s - loss: 4.8636e-04 - acc: 1.0000
1360/1460 [==========================>...] - ETA: 0s - loss: 4.5092e-04 - acc: 1.0000
1460/1460 [==============================] - 0s 233us/step - loss: 4.4370e-04 - acc: 1.0000 - val_loss: 0.0277 - val_acc: 0.9938
Epoch 18/30

  10/1460 [..............................] - ETA: 0s - loss: 1.2103e-04 - acc: 1.0000
 290/1460 [====>.........................] - ETA: 0s - loss: 2.9127e-04 - acc: 1.0000
 570/1460 [==========>...................] - ETA: 0s - loss: 3.1993e-04 - acc: 1.0000
 860/1460 [================>.............] - ETA: 0s - loss: 3.7964e-04 - acc: 1.0000
1130/1460 [======================>.......] - ETA: 0s - loss: 3.8616e-04 - acc: 1.0000
1400/1460 [===========================>..] - ETA: 0s - loss: 3.8393e-04 - acc: 1.0000
1460/1460 [==============================] - 0s 190us/step - loss: 3.7926e-04 - acc: 1.0000 - val_loss: 0.0275 - val_acc: 0.9938
acc: 99.38%
Train on 1460 samples, validate on 162 samples
Epoch 1/30

  10/1460 [..............................] - ETA: 2:50 - loss: 0.6770 - acc: 0.6000
 190/1460 [==>...........................] - ETA: 8s - loss: 0.5857 - acc: 0.6947  
 370/1460 [======>.......................] - ETA: 3s - loss: 0.4809 - acc: 0.8054
 560/1460 [==========>...................] - ETA: 2s - loss: 0.3990 - acc: 0.8589
 750/1460 [==============>...............] - ETA: 1s - loss: 0.3330 - acc: 0.8867
 930/1460 [==================>...........] - ETA: 0s - loss: 0.2965 - acc: 0.8989
1120/1460 [======================>.......] - ETA: 0s - loss: 0.2671 - acc: 0.9089
1300/1460 [=========================>....] - ETA: 0s - loss: 0.2490 - acc: 0.9162
1460/1460 [==============================] - 2s 1ms/step - loss: 0.2337 - acc: 0.9212 - val_loss: 0.0874 - val_acc: 0.9630
Epoch 2/30

  10/1460 [..............................] - ETA: 0s - loss: 0.1598 - acc: 0.9000
 200/1460 [===>..........................] - ETA: 0s - loss: 0.0678 - acc: 0.9800
 400/1460 [=======>......................] - ETA: 0s - loss: 0.0749 - acc: 0.9800
 690/1460 [=============>................] - ETA: 0s - loss: 0.0611 - acc: 0.9870
 980/1460 [===================>..........] - ETA: 0s - loss: 0.0623 - acc: 0.9837
1200/1460 [=======================>......] - ETA: 0s - loss: 0.0615 - acc: 0.9833
1370/1460 [===========================>..] - ETA: 0s - loss: 0.0627 - acc: 0.9825
1460/1460 [==============================] - 0s 242us/step - loss: 0.0619 - acc: 0.9822 - val_loss: 0.0535 - val_acc: 0.9877
Epoch 3/30

  10/1460 [..............................] - ETA: 0s - loss: 0.0093 - acc: 1.0000
 240/1460 [===>..........................] - ETA: 0s - loss: 0.0192 - acc: 1.0000
 480/1460 [========>.....................] - ETA: 0s - loss: 0.0272 - acc: 0.9937
 740/1460 [==============>...............] - ETA: 0s - loss: 0.0319 - acc: 0.9919
 980/1460 [===================>..........] - ETA: 0s - loss: 0.0316 - acc: 0.9929
1210/1460 [=======================>......] - ETA: 0s - loss: 0.0280 - acc: 0.9942
1460/1460 [==============================] - 0s 218us/step - loss: 0.0295 - acc: 0.9925 - val_loss: 0.0678 - val_acc: 0.9753
Epoch 4/30

  10/1460 [..............................] - ETA: 0s - loss: 0.0472 - acc: 1.0000
 280/1460 [====>.........................] - ETA: 0s - loss: 0.0147 - acc: 0.9964
 530/1460 [=========>....................] - ETA: 0s - loss: 0.0129 - acc: 0.9981
 800/1460 [===============>..............] - ETA: 0s - loss: 0.0135 - acc: 0.9975
1080/1460 [=====================>........] - ETA: 0s - loss: 0.0179 - acc: 0.9963
1330/1460 [==========================>...] - ETA: 0s - loss: 0.0174 - acc: 0.9970
1460/1460 [==============================] - 0s 199us/step - loss: 0.0171 - acc: 0.9973 - val_loss: 0.0476 - val_acc: 0.9877
Epoch 5/30

  10/1460 [..............................] - ETA: 0s - loss: 0.0084 - acc: 1.0000
 290/1460 [====>.........................] - ETA: 0s - loss: 0.0063 - acc: 1.0000
 550/1460 [==========>...................] - ETA: 0s - loss: 0.0068 - acc: 1.0000
 820/1460 [===============>..............] - ETA: 0s - loss: 0.0064 - acc: 1.0000
1090/1460 [=====================>........] - ETA: 0s - loss: 0.0083 - acc: 0.9982
1350/1460 [==========================>...] - ETA: 0s - loss: 0.0089 - acc: 0.9985
1460/1460 [==============================] - 0s 196us/step - loss: 0.0087 - acc: 0.9986 - val_loss: 0.0330 - val_acc: 0.9815
Epoch 6/30

  10/1460 [..............................] - ETA: 0s - loss: 0.0096 - acc: 1.0000
 250/1460 [====>.........................] - ETA: 0s - loss: 0.0034 - acc: 1.0000
 510/1460 [=========>....................] - ETA: 0s - loss: 0.0035 - acc: 1.0000
 780/1460 [===============>..............] - ETA: 0s - loss: 0.0076 - acc: 0.9974
1040/1460 [====================>.........] - ETA: 0s - loss: 0.0078 - acc: 0.9981
1300/1460 [=========================>....] - ETA: 0s - loss: 0.0074 - acc: 0.9985
1460/1460 [==============================] - 0s 204us/step - loss: 0.0071 - acc: 0.9986 - val_loss: 0.0334 - val_acc: 0.9877
Epoch 7/30

  10/1460 [..............................] - ETA: 0s - loss: 0.0019 - acc: 1.0000
 270/1460 [====>.........................] - ETA: 0s - loss: 0.0067 - acc: 0.9963
 560/1460 [==========>...................] - ETA: 0s - loss: 0.0054 - acc: 0.9982
 840/1460 [================>.............] - ETA: 0s - loss: 0.0047 - acc: 0.9988
1140/1460 [======================>.......] - ETA: 0s - loss: 0.0041 - acc: 0.9991
1440/1460 [============================>.] - ETA: 0s - loss: 0.0041 - acc: 0.9993
1460/1460 [==============================] - 0s 183us/step - loss: 0.0041 - acc: 0.9993 - val_loss: 0.0315 - val_acc: 0.9877
Epoch 8/30

  10/1460 [..............................] - ETA: 0s - loss: 7.0736e-04 - acc: 1.0000
 290/1460 [====>.........................] - ETA: 0s - loss: 0.0020 - acc: 1.0000    
 550/1460 [==========>...................] - ETA: 0s - loss: 0.0022 - acc: 1.0000
 800/1460 [===============>..............] - ETA: 0s - loss: 0.0034 - acc: 0.9987
1050/1460 [====================>.........] - ETA: 0s - loss: 0.0034 - acc: 0.9990
1310/1460 [=========================>....] - ETA: 0s - loss: 0.0032 - acc: 0.9992
1460/1460 [==============================] - 0s 205us/step - loss: 0.0031 - acc: 0.9993 - val_loss: 0.0271 - val_acc: 0.9877
Epoch 9/30

  10/1460 [..............................] - ETA: 0s - loss: 0.0015 - acc: 1.0000
 260/1460 [====>.........................] - ETA: 0s - loss: 0.0016 - acc: 1.0000
 530/1460 [=========>....................] - ETA: 0s - loss: 0.0029 - acc: 1.0000
 810/1460 [===============>..............] - ETA: 0s - loss: 0.0031 - acc: 1.0000
1080/1460 [=====================>........] - ETA: 0s - loss: 0.0029 - acc: 1.0000
1350/1460 [==========================>...] - ETA: 0s - loss: 0.0026 - acc: 1.0000
1460/1460 [==============================] - 0s 208us/step - loss: 0.0027 - acc: 1.0000 - val_loss: 0.0244 - val_acc: 0.9938
Epoch 10/30

  10/1460 [..............................] - ETA: 0s - loss: 0.0094 - acc: 1.0000
 280/1460 [====>.........................] - ETA: 0s - loss: 0.0018 - acc: 1.0000
 530/1460 [=========>....................] - ETA: 0s - loss: 0.0016 - acc: 1.0000
 770/1460 [==============>...............] - ETA: 0s - loss: 0.0014 - acc: 1.0000
 930/1460 [==================>...........] - ETA: 0s - loss: 0.0014 - acc: 1.0000
1070/1460 [====================>.........] - ETA: 0s - loss: 0.0016 - acc: 1.0000
1210/1460 [=======================>......] - ETA: 0s - loss: 0.0018 - acc: 1.0000
1330/1460 [==========================>...] - ETA: 0s - loss: 0.0018 - acc: 1.0000
1450/1460 [============================>.] - ETA: 0s - loss: 0.0018 - acc: 1.0000
1460/1460 [==============================] - 0s 308us/step - loss: 0.0018 - acc: 1.0000 - val_loss: 0.0266 - val_acc: 0.9877
Epoch 11/30

  10/1460 [..............................] - ETA: 0s - loss: 9.2527e-04 - acc: 1.0000
 110/1460 [=>............................] - ETA: 0s - loss: 9.1632e-04 - acc: 1.0000
 220/1460 [===>..........................] - ETA: 0s - loss: 9.5209e-04 - acc: 1.0000
 330/1460 [=====>........................] - ETA: 0s - loss: 0.0013 - acc: 1.0000    
 440/1460 [========>.....................] - ETA: 0s - loss: 0.0013 - acc: 1.0000
 540/1460 [==========>...................] - ETA: 0s - loss: 0.0012 - acc: 1.0000
 650/1460 [============>.................] - ETA: 0s - loss: 0.0011 - acc: 1.0000
 750/1460 [==============>...............] - ETA: 0s - loss: 0.0011 - acc: 1.0000
 850/1460 [================>.............] - ETA: 0s - loss: 0.0011 - acc: 1.0000
 950/1460 [==================>...........] - ETA: 0s - loss: 0.0013 - acc: 1.0000
1050/1460 [====================>.........] - ETA: 0s - loss: 0.0012 - acc: 1.0000
1130/1460 [======================>.......] - ETA: 0s - loss: 0.0012 - acc: 1.0000
1210/1460 [=======================>......] - ETA: 0s - loss: 0.0012 - acc: 1.0000
1300/1460 [=========================>....] - ETA: 0s - loss: 0.0013 - acc: 1.0000
1380/1460 [===========================>..] - ETA: 0s - loss: 0.0013 - acc: 1.0000
1460/1460 [==============================] - 1s 562us/step - loss: 0.0013 - acc: 1.0000 - val_loss: 0.0262 - val_acc: 0.9877
Epoch 12/30

  10/1460 [..............................] - ETA: 0s - loss: 9.4836e-04 - acc: 1.0000
  90/1460 [>.............................] - ETA: 0s - loss: 0.0012 - acc: 1.0000    
 160/1460 [==>...........................] - ETA: 0s - loss: 0.0010 - acc: 1.0000
 240/1460 [===>..........................] - ETA: 0s - loss: 9.1653e-04 - acc: 1.0000
 310/1460 [=====>........................] - ETA: 0s - loss: 8.9003e-04 - acc: 1.0000
 380/1460 [======>.......................] - ETA: 0s - loss: 9.4188e-04 - acc: 1.0000
 460/1460 [========>.....................] - ETA: 0s - loss: 8.8094e-04 - acc: 1.0000
 540/1460 [==========>...................] - ETA: 0s - loss: 8.7635e-04 - acc: 1.0000
 620/1460 [===========>..................] - ETA: 0s - loss: 8.8701e-04 - acc: 1.0000
 700/1460 [=============>................] - ETA: 0s - loss: 8.8030e-04 - acc: 1.0000
 790/1460 [===============>..............] - ETA: 0s - loss: 8.4634e-04 - acc: 1.0000
 870/1460 [================>.............] - ETA: 0s - loss: 8.3356e-04 - acc: 1.0000
 940/1460 [==================>...........] - ETA: 0s - loss: 7.9494e-04 - acc: 1.0000
1030/1460 [====================>.........] - ETA: 0s - loss: 0.0011 - acc: 1.0000    
1110/1460 [=====================>........] - ETA: 0s - loss: 0.0010 - acc: 1.0000
1210/1460 [=======================>......] - ETA: 0s - loss: 0.0010 - acc: 1.0000
1280/1460 [=========================>....] - ETA: 0s - loss: 0.0010 - acc: 1.0000
1370/1460 [===========================>..] - ETA: 0s - loss: 0.0010 - acc: 1.0000
1450/1460 [============================>.] - ETA: 0s - loss: 0.0010 - acc: 1.0000
1460/1460 [==============================] - 1s 675us/step - loss: 0.0010 - acc: 1.0000 - val_loss: 0.0273 - val_acc: 0.9877
Epoch 13/30

  10/1460 [..............................] - ETA: 0s - loss: 2.1230e-04 - acc: 1.0000
  90/1460 [>.............................] - ETA: 0s - loss: 6.8741e-04 - acc: 1.0000
 160/1460 [==>...........................] - ETA: 0s - loss: 6.5802e-04 - acc: 1.0000
 240/1460 [===>..........................] - ETA: 0s - loss: 6.8091e-04 - acc: 1.0000
 320/1460 [=====>........................] - ETA: 0s - loss: 6.5855e-04 - acc: 1.0000
 400/1460 [=======>......................] - ETA: 0s - loss: 7.1087e-04 - acc: 1.0000
 480/1460 [========>.....................] - ETA: 0s - loss: 8.7883e-04 - acc: 1.0000
 560/1460 [==========>...................] - ETA: 0s - loss: 8.6515e-04 - acc: 1.0000
 630/1460 [===========>..................] - ETA: 0s - loss: 8.8784e-04 - acc: 1.0000
 710/1460 [=============>................] - ETA: 0s - loss: 8.4683e-04 - acc: 1.0000
 790/1460 [===============>..............] - ETA: 0s - loss: 8.0110e-04 - acc: 1.0000
 880/1460 [=================>............] - ETA: 0s - loss: 7.6050e-04 - acc: 1.0000
 970/1460 [==================>...........] - ETA: 0s - loss: 7.3774e-04 - acc: 1.0000
1040/1460 [====================>.........] - ETA: 0s - loss: 7.6320e-04 - acc: 1.0000
1120/1460 [======================>.......] - ETA: 0s - loss: 7.3512e-04 - acc: 1.0000
1200/1460 [=======================>......] - ETA: 0s - loss: 7.3805e-04 - acc: 1.0000
1290/1460 [=========================>....] - ETA: 0s - loss: 7.3329e-04 - acc: 1.0000
1380/1460 [===========================>..] - ETA: 0s - loss: 8.2624e-04 - acc: 1.0000
1460/1460 [==============================] - 1s 672us/step - loss: 8.1440e-04 - acc: 1.0000 - val_loss: 0.0262 - val_acc: 0.9938
Epoch 14/30

  10/1460 [..............................] - ETA: 0s - loss: 3.4625e-04 - acc: 1.0000
 100/1460 [=>............................] - ETA: 0s - loss: 7.4325e-04 - acc: 1.0000
 190/1460 [==>...........................] - ETA: 0s - loss: 5.5448e-04 - acc: 1.0000
 260/1460 [====>.........................] - ETA: 0s - loss: 7.6190e-04 - acc: 1.0000
 340/1460 [=====>........................] - ETA: 0s - loss: 0.0011 - acc: 1.0000    
 420/1460 [=======>......................] - ETA: 0s - loss: 0.0010 - acc: 1.0000
 490/1460 [=========>....................] - ETA: 0s - loss: 9.7916e-04 - acc: 1.0000
 570/1460 [==========>...................] - ETA: 0s - loss: 9.2525e-04 - acc: 1.0000
 650/1460 [============>.................] - ETA: 0s - loss: 8.7141e-04 - acc: 1.0000
 740/1460 [==============>...............] - ETA: 0s - loss: 8.5372e-04 - acc: 1.0000
 860/1460 [================>.............] - ETA: 0s - loss: 8.3234e-04 - acc: 1.0000
 980/1460 [===================>..........] - ETA: 0s - loss: 8.0801e-04 - acc: 1.0000
1090/1460 [=====================>........] - ETA: 0s - loss: 7.7471e-04 - acc: 1.0000
1190/1460 [=======================>......] - ETA: 0s - loss: 7.4171e-04 - acc: 1.0000
1310/1460 [=========================>....] - ETA: 0s - loss: 7.0977e-04 - acc: 1.0000
1430/1460 [============================>.] - ETA: 0s - loss: 7.0150e-04 - acc: 1.0000
1460/1460 [==============================] - 1s 572us/step - loss: 6.9813e-04 - acc: 1.0000 - val_loss: 0.0257 - val_acc: 0.9938
Epoch 15/30

  10/1460 [..............................] - ETA: 0s - loss: 6.5915e-04 - acc: 1.0000
  90/1460 [>.............................] - ETA: 0s - loss: 4.3662e-04 - acc: 1.0000
 140/1460 [=>............................] - ETA: 1s - loss: 4.3692e-04 - acc: 1.0000
 220/1460 [===>..........................] - ETA: 1s - loss: 5.2872e-04 - acc: 1.0000
 310/1460 [=====>........................] - ETA: 0s - loss: 4.9093e-04 - acc: 1.0000
 420/1460 [=======>......................] - ETA: 0s - loss: 5.5458e-04 - acc: 1.0000
 530/1460 [=========>....................] - ETA: 0s - loss: 5.0770e-04 - acc: 1.0000
 650/1460 [============>.................] - ETA: 0s - loss: 5.2104e-04 - acc: 1.0000
 760/1460 [==============>...............] - ETA: 0s - loss: 5.0868e-04 - acc: 1.0000
 870/1460 [================>.............] - ETA: 0s - loss: 4.8262e-04 - acc: 1.0000
 990/1460 [===================>..........] - ETA: 0s - loss: 4.7163e-04 - acc: 1.0000
1110/1460 [=====================>........] - ETA: 0s - loss: 6.0033e-04 - acc: 1.0000
1230/1460 [========================>.....] - ETA: 0s - loss: 5.9615e-04 - acc: 1.0000
1350/1460 [==========================>...] - ETA: 0s - loss: 5.7504e-04 - acc: 1.0000
1460/1460 [==============================] - 1s 519us/step - loss: 6.1273e-04 - acc: 1.0000 - val_loss: 0.0266 - val_acc: 0.9938
Epoch 16/30

  10/1460 [..............................] - ETA: 0s - loss: 2.8024e-04 - acc: 1.0000
 150/1460 [==>...........................] - ETA: 0s - loss: 5.4802e-04 - acc: 1.0000
 280/1460 [====>.........................] - ETA: 0s - loss: 9.0601e-04 - acc: 1.0000
 420/1460 [=======>......................] - ETA: 0s - loss: 6.7942e-04 - acc: 1.0000
 550/1460 [==========>...................] - ETA: 0s - loss: 6.0861e-04 - acc: 1.0000
 680/1460 [============>.................] - ETA: 0s - loss: 5.5271e-04 - acc: 1.0000
 810/1460 [===============>..............] - ETA: 0s - loss: 5.5776e-04 - acc: 1.0000
 930/1460 [==================>...........] - ETA: 0s - loss: 5.3010e-04 - acc: 1.0000
1060/1460 [====================>.........] - ETA: 0s - loss: 5.7138e-04 - acc: 1.0000
1190/1460 [=======================>......] - ETA: 0s - loss: 5.4710e-04 - acc: 1.0000
1310/1460 [=========================>....] - ETA: 0s - loss: 5.3718e-04 - acc: 1.0000
1440/1460 [============================>.] - ETA: 0s - loss: 5.2934e-04 - acc: 1.0000
1460/1460 [==============================] - 1s 417us/step - loss: 5.3827e-04 - acc: 1.0000 - val_loss: 0.0263 - val_acc: 0.9938
Epoch 17/30

  10/1460 [..............................] - ETA: 0s - loss: 1.3186e-04 - acc: 1.0000
 120/1460 [=>............................] - ETA: 0s - loss: 3.0926e-04 - acc: 1.0000
 230/1460 [===>..........................] - ETA: 0s - loss: 3.0443e-04 - acc: 1.0000
 360/1460 [======>.......................] - ETA: 0s - loss: 3.6522e-04 - acc: 1.0000
 480/1460 [========>.....................] - ETA: 0s - loss: 4.9843e-04 - acc: 1.0000
 610/1460 [===========>..................] - ETA: 0s - loss: 4.7272e-04 - acc: 1.0000
 750/1460 [==============>...............] - ETA: 0s - loss: 4.5938e-04 - acc: 1.0000
 880/1460 [=================>............] - ETA: 0s - loss: 4.3531e-04 - acc: 1.0000
1010/1460 [===================>..........] - ETA: 0s - loss: 5.3957e-04 - acc: 1.0000
1130/1460 [======================>.......] - ETA: 0s - loss: 5.2025e-04 - acc: 1.0000
1260/1460 [========================>.....] - ETA: 0s - loss: 4.9756e-04 - acc: 1.0000
1390/1460 [===========================>..] - ETA: 0s - loss: 4.7697e-04 - acc: 1.0000
1460/1460 [==============================] - 1s 427us/step - loss: 4.7592e-04 - acc: 1.0000 - val_loss: 0.0269 - val_acc: 0.9938
acc: 99.38%
Train on 1460 samples, validate on 162 samples
Epoch 1/30

  10/1460 [..............................] - ETA: 5:14 - loss: 0.7030 - acc: 0.5000
 180/1460 [==>...........................] - ETA: 15s - loss: 0.5962 - acc: 0.6944 
 350/1460 [======>.......................] - ETA: 7s - loss: 0.4918 - acc: 0.7829 
 510/1460 [=========>....................] - ETA: 4s - loss: 0.4106 - acc: 0.8333
 670/1460 [============>.................] - ETA: 2s - loss: 0.3601 - acc: 0.8627
 820/1460 [===============>..............] - ETA: 1s - loss: 0.3217 - acc: 0.8768
 990/1460 [===================>..........] - ETA: 1s - loss: 0.2850 - acc: 0.8929
1160/1460 [======================>.......] - ETA: 0s - loss: 0.2639 - acc: 0.9009
1340/1460 [==========================>...] - ETA: 0s - loss: 0.2399 - acc: 0.9104
1460/1460 [==============================] - 3s 2ms/step - loss: 0.2256 - acc: 0.9164 - val_loss: 0.0796 - val_acc: 0.9753
Epoch 2/30

  10/1460 [..............................] - ETA: 0s - loss: 0.0643 - acc: 1.0000
 200/1460 [===>..........................] - ETA: 0s - loss: 0.0698 - acc: 0.9800
 400/1460 [=======>......................] - ETA: 0s - loss: 0.0657 - acc: 0.9825
 590/1460 [===========>..................] - ETA: 0s - loss: 0.0590 - acc: 0.9881
 780/1460 [===============>..............] - ETA: 0s - loss: 0.0567 - acc: 0.9885
 980/1460 [===================>..........] - ETA: 0s - loss: 0.0516 - acc: 0.9898
1160/1460 [======================>.......] - ETA: 0s - loss: 0.0475 - acc: 0.9905
1360/1460 [==========================>...] - ETA: 0s - loss: 0.0496 - acc: 0.9882
1460/1460 [==============================] - 0s 275us/step - loss: 0.0514 - acc: 0.9884 - val_loss: 0.0501 - val_acc: 0.9815
Epoch 3/30

  10/1460 [..............................] - ETA: 0s - loss: 0.0158 - acc: 1.0000
 190/1460 [==>...........................] - ETA: 0s - loss: 0.0383 - acc: 0.9947
 370/1460 [======>.......................] - ETA: 0s - loss: 0.0306 - acc: 0.9973
 560/1460 [==========>...................] - ETA: 0s - loss: 0.0319 - acc: 0.9946
 750/1460 [==============>...............] - ETA: 0s - loss: 0.0318 - acc: 0.9947
 930/1460 [==================>...........] - ETA: 0s - loss: 0.0281 - acc: 0.9957
1120/1460 [======================>.......] - ETA: 0s - loss: 0.0321 - acc: 0.9937
1310/1460 [=========================>....] - ETA: 0s - loss: 0.0295 - acc: 0.9947
1460/1460 [==============================] - 0s 287us/step - loss: 0.0284 - acc: 0.9952 - val_loss: 0.0625 - val_acc: 0.9753
Epoch 4/30

  10/1460 [..............................] - ETA: 0s - loss: 0.0204 - acc: 1.0000
 210/1460 [===>..........................] - ETA: 0s - loss: 0.0099 - acc: 1.0000
 400/1460 [=======>......................] - ETA: 0s - loss: 0.0108 - acc: 1.0000
 590/1460 [===========>..................] - ETA: 0s - loss: 0.0131 - acc: 0.9983
 770/1460 [==============>...............] - ETA: 0s - loss: 0.0128 - acc: 0.9987
 960/1460 [==================>...........] - ETA: 0s - loss: 0.0138 - acc: 0.9979
1150/1460 [======================>.......] - ETA: 0s - loss: 0.0145 - acc: 0.9974
1350/1460 [==========================>...] - ETA: 0s - loss: 0.0159 - acc: 0.9970
1460/1460 [==============================] - 0s 281us/step - loss: 0.0152 - acc: 0.9973 - val_loss: 0.0557 - val_acc: 0.9815
Epoch 5/30

  10/1460 [..............................] - ETA: 0s - loss: 0.0138 - acc: 1.0000
 190/1460 [==>...........................] - ETA: 0s - loss: 0.0101 - acc: 1.0000
 380/1460 [======>.......................] - ETA: 0s - loss: 0.0115 - acc: 0.9974
 570/1460 [==========>...................] - ETA: 0s - loss: 0.0096 - acc: 0.9982
 760/1460 [==============>...............] - ETA: 0s - loss: 0.0088 - acc: 0.9987
 940/1460 [==================>...........] - ETA: 0s - loss: 0.0081 - acc: 0.9989
1120/1460 [======================>.......] - ETA: 0s - loss: 0.0076 - acc: 0.9991
1300/1460 [=========================>....] - ETA: 0s - loss: 0.0102 - acc: 0.9977
1460/1460 [==============================] - 0s 291us/step - loss: 0.0099 - acc: 0.9979 - val_loss: 0.0617 - val_acc: 0.9877
Epoch 6/30

  10/1460 [..............................] - ETA: 0s - loss: 0.0051 - acc: 1.0000
 200/1460 [===>..........................] - ETA: 0s - loss: 0.0132 - acc: 1.0000
 400/1460 [=======>......................] - ETA: 0s - loss: 0.0082 - acc: 1.0000
 590/1460 [===========>..................] - ETA: 0s - loss: 0.0075 - acc: 1.0000
 790/1460 [===============>..............] - ETA: 0s - loss: 0.0078 - acc: 1.0000
 980/1460 [===================>..........] - ETA: 0s - loss: 0.0071 - acc: 1.0000
1170/1460 [=======================>......] - ETA: 0s - loss: 0.0064 - acc: 1.0000
1350/1460 [==========================>...] - ETA: 0s - loss: 0.0060 - acc: 1.0000
1460/1460 [==============================] - 0s 277us/step - loss: 0.0061 - acc: 1.0000 - val_loss: 0.0593 - val_acc: 0.9815
Epoch 7/30

  10/1460 [..............................] - ETA: 0s - loss: 8.2567e-04 - acc: 1.0000
 150/1460 [==>...........................] - ETA: 0s - loss: 0.0025 - acc: 1.0000    
 320/1460 [=====>........................] - ETA: 0s - loss: 0.0023 - acc: 1.0000
 520/1460 [=========>....................] - ETA: 0s - loss: 0.0023 - acc: 1.0000
 710/1460 [=============>................] - ETA: 0s - loss: 0.0026 - acc: 1.0000
 910/1460 [=================>............] - ETA: 0s - loss: 0.0038 - acc: 0.9989
1110/1460 [=====================>........] - ETA: 0s - loss: 0.0036 - acc: 0.9991
1280/1460 [=========================>....] - ETA: 0s - loss: 0.0042 - acc: 0.9984
1420/1460 [============================>.] - ETA: 0s - loss: 0.0057 - acc: 0.9972
1460/1460 [==============================] - 0s 308us/step - loss: 0.0059 - acc: 0.9973 - val_loss: 0.0538 - val_acc: 0.9877
Epoch 8/30

  10/1460 [..............................] - ETA: 0s - loss: 0.0065 - acc: 1.0000
 140/1460 [=>............................] - ETA: 0s - loss: 0.0027 - acc: 1.0000
 260/1460 [====>.........................] - ETA: 0s - loss: 0.0028 - acc: 1.0000
 390/1460 [=======>......................] - ETA: 0s - loss: 0.0028 - acc: 1.0000
 510/1460 [=========>....................] - ETA: 0s - loss: 0.0026 - acc: 1.0000
 640/1460 [============>.................] - ETA: 0s - loss: 0.0039 - acc: 0.9984
 760/1460 [==============>...............] - ETA: 0s - loss: 0.0039 - acc: 0.9987
 890/1460 [=================>............] - ETA: 0s - loss: 0.0035 - acc: 0.9989
1020/1460 [===================>..........] - ETA: 0s - loss: 0.0053 - acc: 0.9980
1140/1460 [======================>.......] - ETA: 0s - loss: 0.0050 - acc: 0.9982
1260/1460 [========================>.....] - ETA: 0s - loss: 0.0047 - acc: 0.9984
1380/1460 [===========================>..] - ETA: 0s - loss: 0.0045 - acc: 0.9986
1460/1460 [==============================] - 1s 431us/step - loss: 0.0045 - acc: 0.9986 - val_loss: 0.0619 - val_acc: 0.9877
Epoch 9/30

  10/1460 [..............................] - ETA: 0s - loss: 7.8303e-04 - acc: 1.0000
 140/1460 [=>............................] - ETA: 0s - loss: 0.0012 - acc: 1.0000    
 270/1460 [====>.........................] - ETA: 0s - loss: 0.0057 - acc: 0.9963
 390/1460 [=======>......................] - ETA: 0s - loss: 0.0045 - acc: 0.9974
 520/1460 [=========>....................] - ETA: 0s - loss: 0.0038 - acc: 0.9981
 640/1460 [============>.................] - ETA: 0s - loss: 0.0036 - acc: 0.9984
 770/1460 [==============>...............] - ETA: 0s - loss: 0.0039 - acc: 0.9987
 900/1460 [=================>............] - ETA: 0s - loss: 0.0035 - acc: 0.9989
1040/1460 [====================>.........] - ETA: 0s - loss: 0.0033 - acc: 0.9990
1190/1460 [=======================>......] - ETA: 0s - loss: 0.0035 - acc: 0.9992
1330/1460 [==========================>...] - ETA: 0s - loss: 0.0033 - acc: 0.9992
1460/1460 [==============================] - 1s 403us/step - loss: 0.0031 - acc: 0.9993 - val_loss: 0.0652 - val_acc: 0.9877
Epoch 10/30

  10/1460 [..............................] - ETA: 0s - loss: 9.0241e-04 - acc: 1.0000
 140/1460 [=>............................] - ETA: 0s - loss: 9.9555e-04 - acc: 1.0000
 310/1460 [=====>........................] - ETA: 0s - loss: 0.0012 - acc: 1.0000    
 510/1460 [=========>....................] - ETA: 0s - loss: 0.0037 - acc: 0.9980
 720/1460 [=============>................] - ETA: 0s - loss: 0.0042 - acc: 0.9986
 930/1460 [==================>...........] - ETA: 0s - loss: 0.0037 - acc: 0.9989
1130/1460 [======================>.......] - ETA: 0s - loss: 0.0037 - acc: 0.9991
1340/1460 [==========================>...] - ETA: 0s - loss: 0.0033 - acc: 0.9993
1460/1460 [==============================] - 0s 279us/step - loss: 0.0032 - acc: 0.9993 - val_loss: 0.0660 - val_acc: 0.9877
Epoch 11/30

  10/1460 [..............................] - ETA: 0s - loss: 5.9199e-04 - acc: 1.0000
 170/1460 [==>...........................] - ETA: 0s - loss: 0.0011 - acc: 1.0000    
 310/1460 [=====>........................] - ETA: 0s - loss: 0.0011 - acc: 1.0000
 390/1460 [=======>......................] - ETA: 0s - loss: 0.0058 - acc: 0.9974
 490/1460 [=========>....................] - ETA: 0s - loss: 0.0049 - acc: 0.9980
 700/1460 [=============>................] - ETA: 0s - loss: 0.0038 - acc: 0.9986
 880/1460 [=================>............] - ETA: 0s - loss: 0.0033 - acc: 0.9989
1080/1460 [=====================>........] - ETA: 0s - loss: 0.0032 - acc: 0.9991
1290/1460 [=========================>....] - ETA: 0s - loss: 0.0028 - acc: 0.9992
1460/1460 [==============================] - 0s 330us/step - loss: 0.0027 - acc: 0.9993 - val_loss: 0.0645 - val_acc: 0.9877
Epoch 12/30

  10/1460 [..............................] - ETA: 0s - loss: 3.3499e-04 - acc: 1.0000
 220/1460 [===>..........................] - ETA: 0s - loss: 6.5004e-04 - acc: 1.0000
 430/1460 [=======>......................] - ETA: 0s - loss: 7.6947e-04 - acc: 1.0000
 640/1460 [============>.................] - ETA: 0s - loss: 8.7933e-04 - acc: 1.0000
 860/1460 [================>.............] - ETA: 0s - loss: 0.0010 - acc: 1.0000    
1080/1460 [=====================>........] - ETA: 0s - loss: 9.8275e-04 - acc: 1.0000
1300/1460 [=========================>....] - ETA: 0s - loss: 0.0020 - acc: 0.9992    
1460/1460 [==============================] - 0s 248us/step - loss: 0.0020 - acc: 0.9993 - val_loss: 0.0635 - val_acc: 0.9877
Epoch 13/30

  10/1460 [..............................] - ETA: 0s - loss: 5.3892e-04 - acc: 1.0000
 220/1460 [===>..........................] - ETA: 0s - loss: 7.4170e-04 - acc: 1.0000
 430/1460 [=======>......................] - ETA: 0s - loss: 9.4545e-04 - acc: 1.0000
 640/1460 [============>.................] - ETA: 0s - loss: 0.0010 - acc: 1.0000    
 860/1460 [================>.............] - ETA: 0s - loss: 0.0019 - acc: 1.0000
1070/1460 [====================>.........] - ETA: 0s - loss: 0.0017 - acc: 1.0000
1280/1460 [=========================>....] - ETA: 0s - loss: 0.0016 - acc: 1.0000
1460/1460 [==============================] - 0s 252us/step - loss: 0.0016 - acc: 1.0000 - val_loss: 0.0654 - val_acc: 0.9877
acc: 98.77%
Train on 1460 samples, validate on 162 samples
Epoch 1/30

  10/1460 [..............................] - ETA: 3:54 - loss: 0.6899 - acc: 0.4000
 220/1460 [===>..........................] - ETA: 9s - loss: 0.6053 - acc: 0.6682  
 410/1460 [=======>......................] - ETA: 4s - loss: 0.5167 - acc: 0.7659
 580/1460 [==========>...................] - ETA: 2s - loss: 0.4341 - acc: 0.8259
 770/1460 [==============>...............] - ETA: 1s - loss: 0.3646 - acc: 0.8636
 970/1460 [==================>...........] - ETA: 0s - loss: 0.3198 - acc: 0.8804
1150/1460 [======================>.......] - ETA: 0s - loss: 0.2865 - acc: 0.8939
1330/1460 [==========================>...] - ETA: 0s - loss: 0.2622 - acc: 0.9038
1460/1460 [==============================] - 2s 2ms/step - loss: 0.2471 - acc: 0.9096 - val_loss: 0.1043 - val_acc: 0.9691
Epoch 2/30

  10/1460 [..............................] - ETA: 0s - loss: 0.0599 - acc: 1.0000
 220/1460 [===>..........................] - ETA: 0s - loss: 0.0610 - acc: 0.9864
 430/1460 [=======>......................] - ETA: 0s - loss: 0.0610 - acc: 0.9837
 620/1460 [===========>..................] - ETA: 0s - loss: 0.0583 - acc: 0.9855
 810/1460 [===============>..............] - ETA: 0s - loss: 0.0595 - acc: 0.9864
1010/1460 [===================>..........] - ETA: 0s - loss: 0.0582 - acc: 0.9871
1200/1460 [=======================>......] - ETA: 0s - loss: 0.0577 - acc: 0.9875
1430/1460 [============================>.] - ETA: 0s - loss: 0.0601 - acc: 0.9860
1460/1460 [==============================] - 0s 260us/step - loss: 0.0610 - acc: 0.9856 - val_loss: 0.0722 - val_acc: 0.9753
Epoch 3/30

  10/1460 [..............................] - ETA: 0s - loss: 0.0172 - acc: 1.0000
 220/1460 [===>..........................] - ETA: 0s - loss: 0.0300 - acc: 1.0000
 440/1460 [========>.....................] - ETA: 0s - loss: 0.0283 - acc: 1.0000
 670/1460 [============>.................] - ETA: 0s - loss: 0.0301 - acc: 0.9955
 880/1460 [=================>............] - ETA: 0s - loss: 0.0314 - acc: 0.9932
1100/1460 [=====================>........] - ETA: 0s - loss: 0.0320 - acc: 0.9927
1330/1460 [==========================>...] - ETA: 0s - loss: 0.0296 - acc: 0.9940
1460/1460 [==============================] - 0s 238us/step - loss: 0.0282 - acc: 0.9945 - val_loss: 0.0710 - val_acc: 0.9877
Epoch 4/30

  10/1460 [..............................] - ETA: 0s - loss: 0.0094 - acc: 1.0000
 230/1460 [===>..........................] - ETA: 0s - loss: 0.0130 - acc: 1.0000
 450/1460 [========>.....................] - ETA: 0s - loss: 0.0124 - acc: 1.0000
 670/1460 [============>.................] - ETA: 0s - loss: 0.0111 - acc: 1.0000
 900/1460 [=================>............] - ETA: 0s - loss: 0.0129 - acc: 0.9989
1130/1460 [======================>.......] - ETA: 0s - loss: 0.0118 - acc: 0.9991
1350/1460 [==========================>...] - ETA: 0s - loss: 0.0119 - acc: 0.9985
1460/1460 [==============================] - 0s 242us/step - loss: 0.0118 - acc: 0.9986 - val_loss: 0.0696 - val_acc: 0.9877
Epoch 5/30

  10/1460 [..............................] - ETA: 0s - loss: 0.0067 - acc: 1.0000
 160/1460 [==>...........................] - ETA: 0s - loss: 0.0103 - acc: 1.0000
 350/1460 [======>.......................] - ETA: 0s - loss: 0.0085 - acc: 1.0000
 550/1460 [==========>...................] - ETA: 0s - loss: 0.0088 - acc: 0.9982
 740/1460 [==============>...............] - ETA: 0s - loss: 0.0078 - acc: 0.9986
 920/1460 [=================>............] - ETA: 0s - loss: 0.0075 - acc: 0.9989
1140/1460 [======================>.......] - ETA: 0s - loss: 0.0075 - acc: 0.9991
1370/1460 [===========================>..] - ETA: 0s - loss: 0.0072 - acc: 0.9993
1460/1460 [==============================] - 0s 271us/step - loss: 0.0074 - acc: 0.9993 - val_loss: 0.0731 - val_acc: 0.9877
Epoch 6/30

  10/1460 [..............................] - ETA: 0s - loss: 0.0035 - acc: 1.0000
 250/1460 [====>.........................] - ETA: 0s - loss: 0.0031 - acc: 1.0000
 470/1460 [========>.....................] - ETA: 0s - loss: 0.0038 - acc: 1.0000
 690/1460 [=============>................] - ETA: 0s - loss: 0.0038 - acc: 1.0000
 920/1460 [=================>............] - ETA: 0s - loss: 0.0047 - acc: 0.9989
1150/1460 [======================>.......] - ETA: 0s - loss: 0.0043 - acc: 0.9991
1370/1460 [===========================>..] - ETA: 0s - loss: 0.0045 - acc: 0.9993
1460/1460 [==============================] - 0s 233us/step - loss: 0.0045 - acc: 0.9993 - val_loss: 0.0753 - val_acc: 0.9877
Epoch 7/30

  10/1460 [..............................] - ETA: 0s - loss: 0.0048 - acc: 1.0000
 240/1460 [===>..........................] - ETA: 0s - loss: 0.0026 - acc: 1.0000
 470/1460 [========>.....................] - ETA: 0s - loss: 0.0028 - acc: 1.0000
 710/1460 [=============>................] - ETA: 0s - loss: 0.0029 - acc: 1.0000
 940/1460 [==================>...........] - ETA: 0s - loss: 0.0027 - acc: 1.0000
1160/1460 [======================>.......] - ETA: 0s - loss: 0.0026 - acc: 1.0000
1370/1460 [===========================>..] - ETA: 0s - loss: 0.0028 - acc: 1.0000
1460/1460 [==============================] - 0s 236us/step - loss: 0.0029 - acc: 1.0000 - val_loss: 0.0790 - val_acc: 0.9877
Epoch 8/30

  10/1460 [..............................] - ETA: 0s - loss: 0.0010 - acc: 1.0000
 250/1460 [====>.........................] - ETA: 0s - loss: 0.0019 - acc: 1.0000
 480/1460 [========>.....................] - ETA: 0s - loss: 0.0026 - acc: 1.0000
 690/1460 [=============>................] - ETA: 0s - loss: 0.0023 - acc: 1.0000
 910/1460 [=================>............] - ETA: 0s - loss: 0.0022 - acc: 1.0000
1130/1460 [======================>.......] - ETA: 0s - loss: 0.0022 - acc: 1.0000
1350/1460 [==========================>...] - ETA: 0s - loss: 0.0022 - acc: 1.0000
1460/1460 [==============================] - 0s 237us/step - loss: 0.0022 - acc: 1.0000 - val_loss: 0.0817 - val_acc: 0.9877
Epoch 9/30

  10/1460 [..............................] - ETA: 0s - loss: 8.2952e-04 - acc: 1.0000
 230/1460 [===>..........................] - ETA: 0s - loss: 0.0015 - acc: 1.0000    
 470/1460 [========>.....................] - ETA: 0s - loss: 0.0018 - acc: 1.0000
 710/1460 [=============>................] - ETA: 0s - loss: 0.0018 - acc: 1.0000
 950/1460 [==================>...........] - ETA: 0s - loss: 0.0017 - acc: 1.0000
1160/1460 [======================>.......] - ETA: 0s - loss: 0.0018 - acc: 1.0000
1330/1460 [==========================>...] - ETA: 0s - loss: 0.0018 - acc: 1.0000
1460/1460 [==============================] - 0s 239us/step - loss: 0.0017 - acc: 1.0000 - val_loss: 0.0823 - val_acc: 0.9877
Epoch 10/30

  10/1460 [..............................] - ETA: 0s - loss: 0.0026 - acc: 1.0000
 240/1460 [===>..........................] - ETA: 0s - loss: 0.0015 - acc: 1.0000
 460/1460 [========>.....................] - ETA: 0s - loss: 0.0014 - acc: 1.0000
 700/1460 [=============>................] - ETA: 0s - loss: 0.0014 - acc: 1.0000
 920/1460 [=================>............] - ETA: 0s - loss: 0.0013 - acc: 1.0000
1110/1460 [=====================>........] - ETA: 0s - loss: 0.0014 - acc: 1.0000
1280/1460 [=========================>....] - ETA: 0s - loss: 0.0014 - acc: 1.0000
1430/1460 [============================>.] - ETA: 0s - loss: 0.0014 - acc: 1.0000
1460/1460 [==============================] - 0s 263us/step - loss: 0.0014 - acc: 1.0000 - val_loss: 0.0841 - val_acc: 0.9877
Epoch 11/30

  10/1460 [..............................] - ETA: 0s - loss: 0.0015 - acc: 1.0000
 180/1460 [==>...........................] - ETA: 0s - loss: 0.0010 - acc: 1.0000
 340/1460 [=====>........................] - ETA: 0s - loss: 0.0012 - acc: 1.0000
 510/1460 [=========>....................] - ETA: 0s - loss: 0.0011 - acc: 1.0000
 670/1460 [============>.................] - ETA: 0s - loss: 0.0012 - acc: 1.0000
 820/1460 [===============>..............] - ETA: 0s - loss: 0.0011 - acc: 1.0000
 990/1460 [===================>..........] - ETA: 0s - loss: 0.0012 - acc: 1.0000
1130/1460 [======================>.......] - ETA: 0s - loss: 0.0012 - acc: 1.0000
1280/1460 [=========================>....] - ETA: 0s - loss: 0.0012 - acc: 1.0000
1430/1460 [============================>.] - ETA: 0s - loss: 0.0011 - acc: 1.0000
1460/1460 [==============================] - 0s 334us/step - loss: 0.0011 - acc: 1.0000 - val_loss: 0.0863 - val_acc: 0.9877
acc: 98.77%
Train on 1460 samples, validate on 162 samples
Epoch 1/30

  10/1460 [..............................] - ETA: 2:56 - loss: 0.7387 - acc: 0.4000
 270/1460 [====>.........................] - ETA: 5s - loss: 0.5456 - acc: 0.7444  
 540/1460 [==========>...................] - ETA: 2s - loss: 0.4068 - acc: 0.8407
 810/1460 [===============>..............] - ETA: 1s - loss: 0.3182 - acc: 0.8827
1090/1460 [=====================>........] - ETA: 0s - loss: 0.2711 - acc: 0.9009
1360/1460 [==========================>...] - ETA: 0s - loss: 0.2344 - acc: 0.9176
1460/1460 [==============================] - 2s 1ms/step - loss: 0.2237 - acc: 0.9212 - val_loss: 0.0840 - val_acc: 0.9815
Epoch 2/30

  10/1460 [..............................] - ETA: 0s - loss: 0.0714 - acc: 1.0000
 280/1460 [====>.........................] - ETA: 0s - loss: 0.0698 - acc: 0.9750
 560/1460 [==========>...................] - ETA: 0s - loss: 0.0776 - acc: 0.9750
 840/1460 [================>.............] - ETA: 0s - loss: 0.0674 - acc: 0.9786
1130/1460 [======================>.......] - ETA: 0s - loss: 0.0625 - acc: 0.9805
1420/1460 [============================>.] - ETA: 0s - loss: 0.0580 - acc: 0.9824
1460/1460 [==============================] - 0s 187us/step - loss: 0.0570 - acc: 0.9829 - val_loss: 0.0732 - val_acc: 0.9877
Epoch 3/30

  10/1460 [..............................] - ETA: 0s - loss: 0.0230 - acc: 1.0000
 210/1460 [===>..........................] - ETA: 0s - loss: 0.0376 - acc: 0.9952
 390/1460 [=======>......................] - ETA: 0s - loss: 0.0366 - acc: 0.9949
 570/1460 [==========>...................] - ETA: 0s - loss: 0.0303 - acc: 0.9965
 760/1460 [==============>...............] - ETA: 0s - loss: 0.0268 - acc: 0.9974
 940/1460 [==================>...........] - ETA: 0s - loss: 0.0262 - acc: 0.9979
1120/1460 [======================>.......] - ETA: 0s - loss: 0.0238 - acc: 0.9982
1300/1460 [=========================>....] - ETA: 0s - loss: 0.0253 - acc: 0.9969
1460/1460 [==============================] - 0s 286us/step - loss: 0.0252 - acc: 0.9973 - val_loss: 0.0703 - val_acc: 0.9877
Epoch 4/30

  10/1460 [..............................] - ETA: 0s - loss: 0.0262 - acc: 1.0000
 170/1460 [==>...........................] - ETA: 0s - loss: 0.0127 - acc: 1.0000
 350/1460 [======>.......................] - ETA: 0s - loss: 0.0117 - acc: 1.0000
 520/1460 [=========>....................] - ETA: 0s - loss: 0.0112 - acc: 1.0000
 690/1460 [=============>................] - ETA: 0s - loss: 0.0103 - acc: 1.0000
 860/1460 [================>.............] - ETA: 0s - loss: 0.0096 - acc: 1.0000
1030/1460 [====================>.........] - ETA: 0s - loss: 0.0121 - acc: 0.9990
1190/1460 [=======================>......] - ETA: 0s - loss: 0.0129 - acc: 0.9992
1370/1460 [===========================>..] - ETA: 0s - loss: 0.0152 - acc: 0.9978
1460/1460 [==============================] - 0s 319us/step - loss: 0.0150 - acc: 0.9979 - val_loss: 0.0579 - val_acc: 0.9938
Epoch 5/30

  10/1460 [..............................] - ETA: 0s - loss: 0.0059 - acc: 1.0000
 170/1460 [==>...........................] - ETA: 0s - loss: 0.0076 - acc: 1.0000
 340/1460 [=====>........................] - ETA: 0s - loss: 0.0076 - acc: 1.0000
 500/1460 [=========>....................] - ETA: 0s - loss: 0.0077 - acc: 1.0000
 650/1460 [============>.................] - ETA: 0s - loss: 0.0071 - acc: 1.0000
 810/1460 [===============>..............] - ETA: 0s - loss: 0.0074 - acc: 1.0000
 980/1460 [===================>..........] - ETA: 0s - loss: 0.0073 - acc: 1.0000
1140/1460 [======================>.......] - ETA: 0s - loss: 0.0071 - acc: 1.0000
1310/1460 [=========================>....] - ETA: 0s - loss: 0.0087 - acc: 0.9992
1460/1460 [==============================] - 0s 323us/step - loss: 0.0089 - acc: 0.9993 - val_loss: 0.0565 - val_acc: 0.9938
Epoch 6/30

  10/1460 [..............................] - ETA: 0s - loss: 0.0109 - acc: 1.0000
 170/1460 [==>...........................] - ETA: 0s - loss: 0.0054 - acc: 1.0000
 400/1460 [=======>......................] - ETA: 0s - loss: 0.0072 - acc: 1.0000
 650/1460 [============>.................] - ETA: 0s - loss: 0.0067 - acc: 1.0000
 890/1460 [=================>............] - ETA: 0s - loss: 0.0058 - acc: 1.0000
1130/1460 [======================>.......] - ETA: 0s - loss: 0.0054 - acc: 1.0000
1380/1460 [===========================>..] - ETA: 0s - loss: 0.0051 - acc: 1.0000
1460/1460 [==============================] - 0s 230us/step - loss: 0.0049 - acc: 1.0000 - val_loss: 0.0580 - val_acc: 0.9877
Epoch 7/30

  10/1460 [..............................] - ETA: 0s - loss: 0.0020 - acc: 1.0000
 250/1460 [====>.........................] - ETA: 0s - loss: 0.0022 - acc: 1.0000
 500/1460 [=========>....................] - ETA: 0s - loss: 0.0031 - acc: 1.0000
 760/1460 [==============>...............] - ETA: 0s - loss: 0.0031 - acc: 1.0000
 980/1460 [===================>..........] - ETA: 0s - loss: 0.0029 - acc: 1.0000
1180/1460 [=======================>......] - ETA: 0s - loss: 0.0028 - acc: 1.0000
1380/1460 [===========================>..] - ETA: 0s - loss: 0.0027 - acc: 1.0000
1460/1460 [==============================] - 0s 230us/step - loss: 0.0031 - acc: 1.0000 - val_loss: 0.0575 - val_acc: 0.9877
Epoch 8/30

  10/1460 [..............................] - ETA: 0s - loss: 0.0025 - acc: 1.0000
 250/1460 [====>.........................] - ETA: 0s - loss: 0.0026 - acc: 1.0000
 500/1460 [=========>....................] - ETA: 0s - loss: 0.0026 - acc: 1.0000
 730/1460 [==============>...............] - ETA: 0s - loss: 0.0023 - acc: 1.0000
 960/1460 [==================>...........] - ETA: 0s - loss: 0.0025 - acc: 1.0000
1210/1460 [=======================>......] - ETA: 0s - loss: 0.0025 - acc: 1.0000
1450/1460 [============================>.] - ETA: 0s - loss: 0.0024 - acc: 1.0000
1460/1460 [==============================] - 0s 219us/step - loss: 0.0024 - acc: 1.0000 - val_loss: 0.0584 - val_acc: 0.9877
Epoch 9/30

  10/1460 [..............................] - ETA: 0s - loss: 5.9004e-04 - acc: 1.0000
 250/1460 [====>.........................] - ETA: 0s - loss: 0.0013 - acc: 1.0000    
 510/1460 [=========>....................] - ETA: 0s - loss: 0.0017 - acc: 1.0000
 760/1460 [==============>...............] - ETA: 0s - loss: 0.0016 - acc: 1.0000
1020/1460 [===================>..........] - ETA: 0s - loss: 0.0017 - acc: 1.0000
1280/1460 [=========================>....] - ETA: 0s - loss: 0.0019 - acc: 1.0000
1460/1460 [==============================] - 0s 206us/step - loss: 0.0020 - acc: 1.0000 - val_loss: 0.0574 - val_acc: 0.9938
Epoch 10/30

  10/1460 [..............................] - ETA: 0s - loss: 2.6705e-04 - acc: 1.0000
 280/1460 [====>.........................] - ETA: 0s - loss: 0.0020 - acc: 1.0000    
 550/1460 [==========>...................] - ETA: 0s - loss: 0.0016 - acc: 1.0000
 800/1460 [===============>..............] - ETA: 0s - loss: 0.0018 - acc: 1.0000
1040/1460 [====================>.........] - ETA: 0s - loss: 0.0018 - acc: 1.0000
1280/1460 [=========================>....] - ETA: 0s - loss: 0.0017 - acc: 1.0000
1460/1460 [==============================] - 0s 210us/step - loss: 0.0017 - acc: 1.0000 - val_loss: 0.0571 - val_acc: 0.9938
Epoch 11/30

  10/1460 [..............................] - ETA: 0s - loss: 6.4521e-04 - acc: 1.0000
 260/1460 [====>.........................] - ETA: 0s - loss: 0.0015 - acc: 1.0000    
 510/1460 [=========>....................] - ETA: 0s - loss: 0.0013 - acc: 1.0000
 770/1460 [==============>...............] - ETA: 0s - loss: 0.0013 - acc: 1.0000
1030/1460 [====================>.........] - ETA: 0s - loss: 0.0013 - acc: 1.0000
1300/1460 [=========================>....] - ETA: 0s - loss: 0.0012 - acc: 1.0000
1460/1460 [==============================] - 0s 204us/step - loss: 0.0012 - acc: 1.0000 - val_loss: 0.0575 - val_acc: 0.9938
Epoch 12/30

  10/1460 [..............................] - ETA: 0s - loss: 8.9376e-04 - acc: 1.0000
 290/1460 [====>.........................] - ETA: 0s - loss: 0.0014 - acc: 1.0000    
 570/1460 [==========>...................] - ETA: 0s - loss: 0.0015 - acc: 1.0000
 840/1460 [================>.............] - ETA: 0s - loss: 0.0012 - acc: 1.0000
1100/1460 [=====================>........] - ETA: 0s - loss: 0.0012 - acc: 1.0000
1360/1460 [==========================>...] - ETA: 0s - loss: 0.0011 - acc: 1.0000
1460/1460 [==============================] - 0s 195us/step - loss: 0.0011 - acc: 1.0000 - val_loss: 0.0582 - val_acc: 0.9938
acc: 99.38%
Train on 1460 samples, validate on 162 samples
Epoch 1/30

  10/1460 [..............................] - ETA: 3:55 - loss: 0.7423 - acc: 0.3000
 280/1460 [====>.........................] - ETA: 7s - loss: 0.5039 - acc: 0.7821  
 560/1460 [==========>...................] - ETA: 2s - loss: 0.3721 - acc: 0.8696
 800/1460 [===============>..............] - ETA: 1s - loss: 0.3056 - acc: 0.8950
1090/1460 [=====================>........] - ETA: 0s - loss: 0.2554 - acc: 0.9128
1370/1460 [===========================>..] - ETA: 0s - loss: 0.2224 - acc: 0.9234
1460/1460 [==============================] - 2s 1ms/step - loss: 0.2157 - acc: 0.9260 - val_loss: 0.0918 - val_acc: 0.9691
Epoch 2/30

  10/1460 [..............................] - ETA: 0s - loss: 0.0312 - acc: 1.0000
 300/1460 [=====>........................] - ETA: 0s - loss: 0.0530 - acc: 0.9867
 590/1460 [===========>..................] - ETA: 0s - loss: 0.0479 - acc: 0.9881
 880/1460 [=================>............] - ETA: 0s - loss: 0.0505 - acc: 0.9864
1170/1460 [=======================>......] - ETA: 0s - loss: 0.0560 - acc: 0.9855
1450/1460 [============================>.] - ETA: 0s - loss: 0.0548 - acc: 0.9862
1460/1460 [==============================] - 0s 185us/step - loss: 0.0546 - acc: 0.9863 - val_loss: 0.0887 - val_acc: 0.9691
Epoch 3/30

  10/1460 [..............................] - ETA: 0s - loss: 0.0499 - acc: 1.0000
 300/1460 [=====>........................] - ETA: 0s - loss: 0.0299 - acc: 0.9967
 590/1460 [===========>..................] - ETA: 0s - loss: 0.0285 - acc: 0.9949
 880/1460 [=================>............] - ETA: 0s - loss: 0.0317 - acc: 0.9932
1170/1460 [=======================>......] - ETA: 0s - loss: 0.0293 - acc: 0.9949
1430/1460 [============================>.] - ETA: 0s - loss: 0.0285 - acc: 0.9951
1460/1460 [==============================] - 0s 184us/step - loss: 0.0285 - acc: 0.9952 - val_loss: 0.0610 - val_acc: 0.9691
Epoch 4/30

  10/1460 [..............................] - ETA: 0s - loss: 0.0033 - acc: 1.0000
 280/1460 [====>.........................] - ETA: 0s - loss: 0.0268 - acc: 0.9893
 560/1460 [==========>...................] - ETA: 0s - loss: 0.0194 - acc: 0.9946
 840/1460 [================>.............] - ETA: 0s - loss: 0.0169 - acc: 0.9952
1130/1460 [======================>.......] - ETA: 0s - loss: 0.0151 - acc: 0.9956
1430/1460 [============================>.] - ETA: 0s - loss: 0.0139 - acc: 0.9965
1460/1460 [==============================] - 0s 186us/step - loss: 0.0137 - acc: 0.9966 - val_loss: 0.0626 - val_acc: 0.9691
Epoch 5/30

  10/1460 [..............................] - ETA: 0s - loss: 0.0041 - acc: 1.0000
 310/1460 [=====>........................] - ETA: 0s - loss: 0.0090 - acc: 0.9968
 600/1460 [===========>..................] - ETA: 0s - loss: 0.0087 - acc: 0.9967
 890/1460 [=================>............] - ETA: 0s - loss: 0.0083 - acc: 0.9978
1180/1460 [=======================>......] - ETA: 0s - loss: 0.0086 - acc: 0.9983
1460/1460 [==============================] - 0s 181us/step - loss: 0.0078 - acc: 0.9986 - val_loss: 0.0612 - val_acc: 0.9691
Epoch 6/30

  10/1460 [..............................] - ETA: 0s - loss: 0.0017 - acc: 1.0000
 290/1460 [====>.........................] - ETA: 0s - loss: 0.0060 - acc: 1.0000
 580/1460 [==========>...................] - ETA: 0s - loss: 0.0068 - acc: 0.9983
 860/1460 [================>.............] - ETA: 0s - loss: 0.0065 - acc: 0.9988
1140/1460 [======================>.......] - ETA: 0s - loss: 0.0058 - acc: 0.9991
1400/1460 [===========================>..] - ETA: 0s - loss: 0.0053 - acc: 0.9993
1460/1460 [==============================] - 0s 188us/step - loss: 0.0052 - acc: 0.9993 - val_loss: 0.0601 - val_acc: 0.9691
Epoch 7/30

  10/1460 [..............................] - ETA: 0s - loss: 0.0032 - acc: 1.0000
 300/1460 [=====>........................] - ETA: 0s - loss: 0.0020 - acc: 1.0000
 590/1460 [===========>..................] - ETA: 0s - loss: 0.0033 - acc: 1.0000
 890/1460 [=================>............] - ETA: 0s - loss: 0.0036 - acc: 1.0000
1180/1460 [=======================>......] - ETA: 0s - loss: 0.0034 - acc: 1.0000
1460/1460 [==============================] - 0s 183us/step - loss: 0.0033 - acc: 1.0000 - val_loss: 0.0660 - val_acc: 0.9691
Epoch 8/30

  10/1460 [..............................] - ETA: 0s - loss: 0.0068 - acc: 1.0000
 300/1460 [=====>........................] - ETA: 0s - loss: 0.0021 - acc: 1.0000
 580/1460 [==========>...................] - ETA: 0s - loss: 0.0020 - acc: 1.0000
 880/1460 [=================>............] - ETA: 0s - loss: 0.0020 - acc: 1.0000
1170/1460 [=======================>......] - ETA: 0s - loss: 0.0019 - acc: 1.0000
1460/1460 [==============================] - 0s 181us/step - loss: 0.0020 - acc: 1.0000 - val_loss: 0.0668 - val_acc: 0.9691
Epoch 9/30

  10/1460 [..............................] - ETA: 0s - loss: 9.7215e-04 - acc: 1.0000
 290/1460 [====>.........................] - ETA: 0s - loss: 0.0016 - acc: 1.0000    
 580/1460 [==========>...................] - ETA: 0s - loss: 0.0015 - acc: 1.0000
 870/1460 [================>.............] - ETA: 0s - loss: 0.0014 - acc: 1.0000
1150/1460 [======================>.......] - ETA: 0s - loss: 0.0015 - acc: 1.0000
1430/1460 [============================>.] - ETA: 0s - loss: 0.0015 - acc: 1.0000
1460/1460 [==============================] - 0s 185us/step - loss: 0.0015 - acc: 1.0000 - val_loss: 0.0671 - val_acc: 0.9691
acc: 96.91%
Train on 1461 samples, validate on 161 samples
Epoch 1/30

  10/1461 [..............................] - ETA: 3:50 - loss: 0.7126 - acc: 0.5000
 300/1461 [=====>........................] - ETA: 6s - loss: 0.5271 - acc: 0.7633  
 580/1461 [==========>...................] - ETA: 2s - loss: 0.3805 - acc: 0.8586
 850/1461 [================>.............] - ETA: 1s - loss: 0.3093 - acc: 0.8894
1140/1461 [======================>.......] - ETA: 0s - loss: 0.2618 - acc: 0.9044
1420/1461 [============================>.] - ETA: 0s - loss: 0.2304 - acc: 0.9190
1461/1461 [==============================] - 2s 1ms/step - loss: 0.2264 - acc: 0.9206 - val_loss: 0.0667 - val_acc: 0.9876
Epoch 2/30

  10/1461 [..............................] - ETA: 0s - loss: 0.0450 - acc: 1.0000
 280/1461 [====>.........................] - ETA: 0s - loss: 0.0609 - acc: 0.9821
 550/1461 [==========>...................] - ETA: 0s - loss: 0.0546 - acc: 0.9855
 810/1461 [===============>..............] - ETA: 0s - loss: 0.0552 - acc: 0.9864
1070/1461 [====================>.........] - ETA: 0s - loss: 0.0647 - acc: 0.9822
1350/1461 [==========================>...] - ETA: 0s - loss: 0.0601 - acc: 0.9837
1461/1461 [==============================] - 0s 197us/step - loss: 0.0593 - acc: 0.9843 - val_loss: 0.0577 - val_acc: 0.9814
Epoch 3/30

  10/1461 [..............................] - ETA: 0s - loss: 0.0227 - acc: 1.0000
 310/1461 [=====>........................] - ETA: 0s - loss: 0.0476 - acc: 0.9871
 590/1461 [===========>..................] - ETA: 0s - loss: 0.0417 - acc: 0.9915
 870/1461 [================>.............] - ETA: 0s - loss: 0.0350 - acc: 0.9943
1150/1461 [======================>.......] - ETA: 0s - loss: 0.0308 - acc: 0.9948
1440/1461 [============================>.] - ETA: 0s - loss: 0.0292 - acc: 0.9951
1461/1461 [==============================] - 0s 186us/step - loss: 0.0289 - acc: 0.9952 - val_loss: 0.0320 - val_acc: 0.9938
Epoch 4/30

  10/1461 [..............................] - ETA: 0s - loss: 0.0030 - acc: 1.0000
 280/1461 [====>.........................] - ETA: 0s - loss: 0.0176 - acc: 0.9964
 540/1461 [==========>...................] - ETA: 0s - loss: 0.0210 - acc: 0.9963
 810/1461 [===============>..............] - ETA: 0s - loss: 0.0178 - acc: 0.9975
1080/1461 [=====================>........] - ETA: 0s - loss: 0.0202 - acc: 0.9963
1340/1461 [==========================>...] - ETA: 0s - loss: 0.0179 - acc: 0.9970
1461/1461 [==============================] - 0s 198us/step - loss: 0.0176 - acc: 0.9966 - val_loss: 0.0409 - val_acc: 0.9938
Epoch 5/30

  10/1461 [..............................] - ETA: 0s - loss: 0.0033 - acc: 1.0000
 270/1461 [====>.........................] - ETA: 0s - loss: 0.0083 - acc: 1.0000
 550/1461 [==========>...................] - ETA: 0s - loss: 0.0069 - acc: 1.0000
 820/1461 [===============>..............] - ETA: 0s - loss: 0.0062 - acc: 1.0000
1100/1461 [=====================>........] - ETA: 0s - loss: 0.0115 - acc: 0.9973
1370/1461 [===========================>..] - ETA: 0s - loss: 0.0123 - acc: 0.9971
1461/1461 [==============================] - 0s 195us/step - loss: 0.0120 - acc: 0.9973 - val_loss: 0.0403 - val_acc: 0.9938
Epoch 6/30

  10/1461 [..............................] - ETA: 0s - loss: 0.0045 - acc: 1.0000
 230/1461 [===>..........................] - ETA: 0s - loss: 0.0123 - acc: 0.9957
 430/1461 [=======>......................] - ETA: 0s - loss: 0.0109 - acc: 0.9977
 700/1461 [=============>................] - ETA: 0s - loss: 0.0088 - acc: 0.9986
 980/1461 [===================>..........] - ETA: 0s - loss: 0.0091 - acc: 0.9980
1240/1461 [========================>.....] - ETA: 0s - loss: 0.0082 - acc: 0.9984
1461/1461 [==============================] - 0s 212us/step - loss: 0.0091 - acc: 0.9979 - val_loss: 0.0370 - val_acc: 0.9938
Epoch 7/30

  10/1461 [..............................] - ETA: 0s - loss: 0.0020 - acc: 1.0000
 290/1461 [====>.........................] - ETA: 0s - loss: 0.0056 - acc: 1.0000
 560/1461 [==========>...................] - ETA: 0s - loss: 0.0041 - acc: 1.0000
 810/1461 [===============>..............] - ETA: 0s - loss: 0.0039 - acc: 1.0000
1000/1461 [===================>..........] - ETA: 0s - loss: 0.0036 - acc: 1.0000
1180/1461 [=======================>......] - ETA: 0s - loss: 0.0035 - acc: 1.0000
1360/1461 [==========================>...] - ETA: 0s - loss: 0.0057 - acc: 0.9985
1461/1461 [==============================] - 0s 245us/step - loss: 0.0066 - acc: 0.9979 - val_loss: 0.0449 - val_acc: 0.9938
Epoch 8/30

  10/1461 [..............................] - ETA: 0s - loss: 0.0053 - acc: 1.0000
 200/1461 [===>..........................] - ETA: 0s - loss: 0.0077 - acc: 0.9950
 390/1461 [=======>......................] - ETA: 0s - loss: 0.0073 - acc: 0.9974
 570/1461 [==========>...................] - ETA: 0s - loss: 0.0061 - acc: 0.9982
 750/1461 [==============>...............] - ETA: 0s - loss: 0.0052 - acc: 0.9987
 930/1461 [==================>...........] - ETA: 0s - loss: 0.0046 - acc: 0.9989
1110/1461 [=====================>........] - ETA: 0s - loss: 0.0044 - acc: 0.9991
1290/1461 [=========================>....] - ETA: 0s - loss: 0.0041 - acc: 0.9992
1461/1461 [==============================] - 0s 292us/step - loss: 0.0047 - acc: 0.9986 - val_loss: 0.0379 - val_acc: 0.9938
Epoch 9/30

  10/1461 [..............................] - ETA: 0s - loss: 0.0015 - acc: 1.0000
 200/1461 [===>..........................] - ETA: 0s - loss: 0.0049 - acc: 1.0000
 370/1461 [======>.......................] - ETA: 0s - loss: 0.0059 - acc: 0.9973
 540/1461 [==========>...................] - ETA: 0s - loss: 0.0053 - acc: 0.9981
 720/1461 [=============>................] - ETA: 0s - loss: 0.0046 - acc: 0.9986
 900/1461 [=================>............] - ETA: 0s - loss: 0.0042 - acc: 0.9989
1080/1461 [=====================>........] - ETA: 0s - loss: 0.0038 - acc: 0.9991
1270/1461 [=========================>....] - ETA: 0s - loss: 0.0036 - acc: 0.9992
1450/1461 [============================>.] - ETA: 0s - loss: 0.0044 - acc: 0.9986
1461/1461 [==============================] - 0s 298us/step - loss: 0.0044 - acc: 0.9986 - val_loss: 0.0346 - val_acc: 0.9938
Epoch 10/30

  10/1461 [..............................] - ETA: 0s - loss: 0.0013 - acc: 1.0000
 190/1461 [==>...........................] - ETA: 0s - loss: 0.0031 - acc: 1.0000
 380/1461 [======>.......................] - ETA: 0s - loss: 0.0034 - acc: 1.0000
 550/1461 [==========>...................] - ETA: 0s - loss: 0.0027 - acc: 1.0000
 730/1461 [=============>................] - ETA: 0s - loss: 0.0023 - acc: 1.0000
 900/1461 [=================>............] - ETA: 0s - loss: 0.0022 - acc: 1.0000
1080/1461 [=====================>........] - ETA: 0s - loss: 0.0033 - acc: 0.9991
1250/1461 [========================>.....] - ETA: 0s - loss: 0.0032 - acc: 0.9992
1420/1461 [============================>.] - ETA: 0s - loss: 0.0033 - acc: 0.9993
1461/1461 [==============================] - 0s 301us/step - loss: 0.0032 - acc: 0.9993 - val_loss: 0.0331 - val_acc: 0.9938
Epoch 11/30

  10/1461 [..............................] - ETA: 0s - loss: 0.0025 - acc: 1.0000
 190/1461 [==>...........................] - ETA: 0s - loss: 0.0017 - acc: 1.0000
 440/1461 [========>.....................] - ETA: 0s - loss: 0.0016 - acc: 1.0000
 730/1461 [=============>................] - ETA: 0s - loss: 0.0017 - acc: 1.0000
1020/1461 [===================>..........] - ETA: 0s - loss: 0.0016 - acc: 1.0000
1290/1461 [=========================>....] - ETA: 0s - loss: 0.0016 - acc: 1.0000
1461/1461 [==============================] - 0s 208us/step - loss: 0.0015 - acc: 1.0000 - val_loss: 0.0330 - val_acc: 0.9938
acc: 99.38%
Accuracy: 98.65% (+/- 0.82%)
