Train on 1459 samples, validate on 163 samples
Epoch 1/30

  20/1459 [..............................] - ETA: 34s - loss: 0.6497 - acc: 0.6500
 620/1459 [===========>..................] - ETA: 0s - loss: 0.3711 - acc: 0.8581 
1240/1459 [========================>.....] - ETA: 0s - loss: 0.2478 - acc: 0.9113
1459/1459 [==============================] - 1s 446us/step - loss: 0.2229 - acc: 0.9198 - val_loss: 0.1260 - val_acc: 0.9448
Epoch 2/30

  20/1459 [..............................] - ETA: 0s - loss: 0.0424 - acc: 1.0000
 640/1459 [============>.................] - ETA: 0s - loss: 0.0956 - acc: 0.9672
1260/1459 [========================>.....] - ETA: 0s - loss: 0.0957 - acc: 0.9683
1459/1459 [==============================] - 0s 85us/step - loss: 0.0951 - acc: 0.9678 - val_loss: 0.1279 - val_acc: 0.9448
Epoch 3/30

  20/1459 [..............................] - ETA: 0s - loss: 0.0149 - acc: 1.0000
 640/1459 [============>.................] - ETA: 0s - loss: 0.0772 - acc: 0.9781
1260/1459 [========================>.....] - ETA: 0s - loss: 0.0728 - acc: 0.9794
1459/1459 [==============================] - 0s 85us/step - loss: 0.0660 - acc: 0.9815 - val_loss: 0.0968 - val_acc: 0.9632
Epoch 4/30

  20/1459 [..............................] - ETA: 0s - loss: 0.0070 - acc: 1.0000
 640/1459 [============>.................] - ETA: 0s - loss: 0.0357 - acc: 0.9906
1260/1459 [========================>.....] - ETA: 0s - loss: 0.0458 - acc: 0.9873
1459/1459 [==============================] - 0s 84us/step - loss: 0.0475 - acc: 0.9870 - val_loss: 0.1379 - val_acc: 0.9632
Epoch 5/30

  20/1459 [..............................] - ETA: 0s - loss: 0.0063 - acc: 1.0000
 640/1459 [============>.................] - ETA: 0s - loss: 0.0321 - acc: 0.9906
1220/1459 [========================>.....] - ETA: 0s - loss: 0.0409 - acc: 0.9877
1459/1459 [==============================] - 0s 86us/step - loss: 0.0438 - acc: 0.9863 - val_loss: 0.0947 - val_acc: 0.9693
Epoch 6/30

  20/1459 [..............................] - ETA: 0s - loss: 0.0345 - acc: 1.0000
 620/1459 [===========>..................] - ETA: 0s - loss: 0.0352 - acc: 0.9887
1220/1459 [========================>.....] - ETA: 0s - loss: 0.0419 - acc: 0.9910
1459/1459 [==============================] - 0s 88us/step - loss: 0.0491 - acc: 0.9870 - val_loss: 0.0747 - val_acc: 0.9816
Epoch 7/30

  20/1459 [..............................] - ETA: 0s - loss: 0.0242 - acc: 1.0000
 640/1459 [============>.................] - ETA: 0s - loss: 0.0531 - acc: 0.9797
1260/1459 [========================>.....] - ETA: 0s - loss: 0.0630 - acc: 0.9778
1459/1459 [==============================] - 0s 86us/step - loss: 0.0644 - acc: 0.9774 - val_loss: 0.0894 - val_acc: 0.9632
Epoch 8/30

  20/1459 [..............................] - ETA: 0s - loss: 0.1057 - acc: 0.9500
 640/1459 [============>.................] - ETA: 0s - loss: 0.0573 - acc: 0.9844
1200/1459 [=======================>......] - ETA: 0s - loss: 0.0640 - acc: 0.9808
1459/1459 [==============================] - 0s 89us/step - loss: 0.0718 - acc: 0.9781 - val_loss: 0.1404 - val_acc: 0.9509
Epoch 9/30

  20/1459 [..............................] - ETA: 0s - loss: 0.0151 - acc: 1.0000
 640/1459 [============>.................] - ETA: 0s - loss: 0.0537 - acc: 0.9797
1280/1459 [=========================>....] - ETA: 0s - loss: 0.0711 - acc: 0.9750
1459/1459 [==============================] - 0s 83us/step - loss: 0.0709 - acc: 0.9760 - val_loss: 0.1084 - val_acc: 0.9571
Epoch 10/30

  20/1459 [..............................] - ETA: 0s - loss: 0.0126 - acc: 1.0000
 680/1459 [============>.................] - ETA: 0s - loss: 0.0750 - acc: 0.9765
1320/1459 [==========================>...] - ETA: 0s - loss: 0.0630 - acc: 0.9765
1459/1459 [==============================] - 0s 81us/step - loss: 0.0618 - acc: 0.9767 - val_loss: 0.1654 - val_acc: 0.9325
Epoch 11/30

  20/1459 [..............................] - ETA: 0s - loss: 0.0062 - acc: 1.0000
 620/1459 [===========>..................] - ETA: 0s - loss: 0.0514 - acc: 0.9823
1220/1459 [========================>.....] - ETA: 0s - loss: 0.0466 - acc: 0.9820
1459/1459 [==============================] - 0s 87us/step - loss: 0.0484 - acc: 0.9815 - val_loss: 0.1824 - val_acc: 0.9448
Epoch 12/30

  20/1459 [..............................] - ETA: 0s - loss: 0.0072 - acc: 1.0000
 660/1459 [============>.................] - ETA: 0s - loss: 0.0486 - acc: 0.9848
1240/1459 [========================>.....] - ETA: 0s - loss: 0.0605 - acc: 0.9798
1459/1459 [==============================] - 0s 85us/step - loss: 0.0580 - acc: 0.9801 - val_loss: 0.1063 - val_acc: 0.9693
Epoch 13/30

  20/1459 [..............................] - ETA: 0s - loss: 0.0040 - acc: 1.0000
 600/1459 [===========>..................] - ETA: 0s - loss: 0.0494 - acc: 0.9817
1220/1459 [========================>.....] - ETA: 0s - loss: 0.0502 - acc: 0.9828
1459/1459 [==============================] - 0s 87us/step - loss: 0.0561 - acc: 0.9808 - val_loss: 0.1177 - val_acc: 0.9632
Epoch 14/30

  20/1459 [..............................] - ETA: 0s - loss: 0.0081 - acc: 1.0000
 640/1459 [============>.................] - ETA: 0s - loss: 0.0533 - acc: 0.9875
1280/1459 [=========================>....] - ETA: 0s - loss: 0.0621 - acc: 0.9812
1459/1459 [==============================] - 0s 83us/step - loss: 0.0624 - acc: 0.9822 - val_loss: 0.1696 - val_acc: 0.9325
Epoch 15/30

  20/1459 [..............................] - ETA: 0s - loss: 0.1501 - acc: 0.9500
 660/1459 [============>.................] - ETA: 0s - loss: 0.0431 - acc: 0.9818
1320/1459 [==========================>...] - ETA: 0s - loss: 0.0455 - acc: 0.9841
1459/1459 [==============================] - 0s 82us/step - loss: 0.0475 - acc: 0.9829 - val_loss: 0.1632 - val_acc: 0.9448
Epoch 16/30

  20/1459 [..............................] - ETA: 0s - loss: 0.0027 - acc: 1.0000
 680/1459 [============>.................] - ETA: 0s - loss: 0.0282 - acc: 0.9912
1300/1459 [=========================>....] - ETA: 0s - loss: 0.0285 - acc: 0.9908
1459/1459 [==============================] - 0s 84us/step - loss: 0.0322 - acc: 0.9883 - val_loss: 0.1367 - val_acc: 0.9571
Epoch 17/30

  20/1459 [..............................] - ETA: 0s - loss: 0.0092 - acc: 1.0000
 520/1459 [=========>....................] - ETA: 0s - loss: 0.0477 - acc: 0.9865
 980/1459 [===================>..........] - ETA: 0s - loss: 0.0427 - acc: 0.9878
1459/1459 [==============================] - 0s 101us/step - loss: 0.0427 - acc: 0.9877 - val_loss: 0.1508 - val_acc: 0.9571
Epoch 18/30

  20/1459 [..............................] - ETA: 0s - loss: 0.0030 - acc: 1.0000
 620/1459 [===========>..................] - ETA: 0s - loss: 0.0261 - acc: 0.9903
1240/1459 [========================>.....] - ETA: 0s - loss: 0.0299 - acc: 0.9895
1459/1459 [==============================] - 0s 85us/step - loss: 0.0297 - acc: 0.9904 - val_loss: 0.1145 - val_acc: 0.9693
Epoch 19/30

  20/1459 [..............................] - ETA: 0s - loss: 0.0016 - acc: 1.0000
 620/1459 [===========>..................] - ETA: 0s - loss: 0.0388 - acc: 0.9871
1260/1459 [========================>.....] - ETA: 0s - loss: 0.0307 - acc: 0.9889
1459/1459 [==============================] - 0s 84us/step - loss: 0.0295 - acc: 0.9897 - val_loss: 0.1706 - val_acc: 0.9509
Epoch 20/30

  20/1459 [..............................] - ETA: 0s - loss: 0.0082 - acc: 1.0000
 640/1459 [============>.................] - ETA: 0s - loss: 0.0264 - acc: 0.9953
1120/1459 [======================>.......] - ETA: 0s - loss: 0.0265 - acc: 0.9937
1459/1459 [==============================] - 0s 100us/step - loss: 0.0262 - acc: 0.9931 - val_loss: 0.1822 - val_acc: 0.9387
acc: 98.16%
Train on 1459 samples, validate on 163 samples
Epoch 1/30

  20/1459 [..............................] - ETA: 1:00 - loss: 0.6522 - acc: 0.6500
 420/1459 [=======>......................] - ETA: 2s - loss: 0.3446 - acc: 0.8476  
1040/1459 [====================>.........] - ETA: 0s - loss: 0.2148 - acc: 0.9125
1459/1459 [==============================] - 1s 717us/step - loss: 0.1935 - acc: 0.9205 - val_loss: 0.1540 - val_acc: 0.9448
Epoch 2/30

  20/1459 [..............................] - ETA: 0s - loss: 0.1051 - acc: 0.9500
 640/1459 [============>.................] - ETA: 0s - loss: 0.1095 - acc: 0.9625
1240/1459 [========================>.....] - ETA: 0s - loss: 0.0995 - acc: 0.9645
1459/1459 [==============================] - 0s 87us/step - loss: 0.0934 - acc: 0.9671 - val_loss: 0.1981 - val_acc: 0.9325
Epoch 3/30

  20/1459 [..............................] - ETA: 0s - loss: 0.0609 - acc: 0.9500
 640/1459 [============>.................] - ETA: 0s - loss: 0.0675 - acc: 0.9828
1240/1459 [========================>.....] - ETA: 0s - loss: 0.0723 - acc: 0.9806
1459/1459 [==============================] - 0s 86us/step - loss: 0.0710 - acc: 0.9801 - val_loss: 0.1510 - val_acc: 0.9448
Epoch 4/30

  20/1459 [..............................] - ETA: 0s - loss: 0.0162 - acc: 1.0000
 620/1459 [===========>..................] - ETA: 0s - loss: 0.0504 - acc: 0.9774
1260/1459 [========================>.....] - ETA: 0s - loss: 0.0683 - acc: 0.9714
1459/1459 [==============================] - 0s 85us/step - loss: 0.0733 - acc: 0.9712 - val_loss: 0.1443 - val_acc: 0.9448
Epoch 5/30

  20/1459 [..............................] - ETA: 0s - loss: 0.0186 - acc: 1.0000
 620/1459 [===========>..................] - ETA: 0s - loss: 0.0903 - acc: 0.9694
1260/1459 [========================>.....] - ETA: 0s - loss: 0.0845 - acc: 0.9698
1459/1459 [==============================] - 0s 85us/step - loss: 0.0799 - acc: 0.9726 - val_loss: 0.1021 - val_acc: 0.9755
Epoch 6/30

  20/1459 [..............................] - ETA: 0s - loss: 0.0297 - acc: 1.0000
 660/1459 [============>.................] - ETA: 0s - loss: 0.0756 - acc: 0.9727
1280/1459 [=========================>....] - ETA: 0s - loss: 0.0685 - acc: 0.9727
1459/1459 [==============================] - 0s 85us/step - loss: 0.0660 - acc: 0.9746 - val_loss: 0.0984 - val_acc: 0.9632
Epoch 7/30

  20/1459 [..............................] - ETA: 0s - loss: 0.0804 - acc: 0.9500
 620/1459 [===========>..................] - ETA: 0s - loss: 0.0607 - acc: 0.9758
1240/1459 [========================>.....] - ETA: 0s - loss: 0.0625 - acc: 0.9782
1459/1459 [==============================] - 0s 86us/step - loss: 0.0606 - acc: 0.9794 - val_loss: 0.1924 - val_acc: 0.9448
Epoch 8/30

  20/1459 [..............................] - ETA: 0s - loss: 0.0569 - acc: 0.9500
 640/1459 [============>.................] - ETA: 0s - loss: 0.0506 - acc: 0.9844
1280/1459 [=========================>....] - ETA: 0s - loss: 0.0486 - acc: 0.9844
1459/1459 [==============================] - 0s 84us/step - loss: 0.0533 - acc: 0.9815 - val_loss: 0.1113 - val_acc: 0.9632
Epoch 9/30

  20/1459 [..............................] - ETA: 0s - loss: 0.0137 - acc: 1.0000
 660/1459 [============>.................] - ETA: 0s - loss: 0.0347 - acc: 0.9909
1260/1459 [========================>.....] - ETA: 0s - loss: 0.0418 - acc: 0.9857
1459/1459 [==============================] - 0s 86us/step - loss: 0.0506 - acc: 0.9822 - val_loss: 0.1451 - val_acc: 0.9571
Epoch 10/30

  20/1459 [..............................] - ETA: 0s - loss: 0.0086 - acc: 1.0000
 640/1459 [============>.................] - ETA: 0s - loss: 0.0438 - acc: 0.9891
1240/1459 [========================>.....] - ETA: 0s - loss: 0.0429 - acc: 0.9871
1459/1459 [==============================] - 0s 86us/step - loss: 0.0451 - acc: 0.9870 - val_loss: 0.2381 - val_acc: 0.9448
Epoch 11/30

  20/1459 [..............................] - ETA: 0s - loss: 0.0065 - acc: 1.0000
 640/1459 [============>.................] - ETA: 0s - loss: 0.0468 - acc: 0.9828
1260/1459 [========================>.....] - ETA: 0s - loss: 0.0586 - acc: 0.9802
1459/1459 [==============================] - 0s 84us/step - loss: 0.0550 - acc: 0.9808 - val_loss: 0.2215 - val_acc: 0.9509
Epoch 12/30

  20/1459 [..............................] - ETA: 0s - loss: 0.0174 - acc: 1.0000
 640/1459 [============>.................] - ETA: 0s - loss: 0.0508 - acc: 0.9797
1240/1459 [========================>.....] - ETA: 0s - loss: 0.0486 - acc: 0.9839
1459/1459 [==============================] - 0s 87us/step - loss: 0.0542 - acc: 0.9822 - val_loss: 0.3274 - val_acc: 0.9325
Epoch 13/30

  20/1459 [..............................] - ETA: 0s - loss: 0.0110 - acc: 1.0000
 600/1459 [===========>..................] - ETA: 0s - loss: 0.0559 - acc: 0.9833
1200/1459 [=======================>......] - ETA: 0s - loss: 0.0543 - acc: 0.9808
1459/1459 [==============================] - 0s 89us/step - loss: 0.0506 - acc: 0.9822 - val_loss: 0.2623 - val_acc: 0.9509
Epoch 14/30

  20/1459 [..............................] - ETA: 0s - loss: 0.0067 - acc: 1.0000
 640/1459 [============>.................] - ETA: 0s - loss: 0.0275 - acc: 0.9891
1240/1459 [========================>.....] - ETA: 0s - loss: 0.0353 - acc: 0.9879
1459/1459 [==============================] - 0s 87us/step - loss: 0.0386 - acc: 0.9870 - val_loss: 0.2674 - val_acc: 0.9509
Epoch 15/30

  20/1459 [..............................] - ETA: 0s - loss: 0.0062 - acc: 1.0000
 600/1459 [===========>..................] - ETA: 0s - loss: 0.0300 - acc: 0.9917
1220/1459 [========================>.....] - ETA: 0s - loss: 0.0403 - acc: 0.9893
1459/1459 [==============================] - 0s 89us/step - loss: 0.0430 - acc: 0.9870 - val_loss: 0.2417 - val_acc: 0.9632
Epoch 16/30

  20/1459 [..............................] - ETA: 0s - loss: 0.0380 - acc: 1.0000
 660/1459 [============>.................] - ETA: 0s - loss: 0.0457 - acc: 0.9818
1300/1459 [=========================>....] - ETA: 0s - loss: 0.0436 - acc: 0.9838
1459/1459 [==============================] - 0s 82us/step - loss: 0.0464 - acc: 0.9849 - val_loss: 0.2450 - val_acc: 0.9448
Epoch 17/30

  20/1459 [..............................] - ETA: 0s - loss: 0.0034 - acc: 1.0000
 680/1459 [============>.................] - ETA: 0s - loss: 0.0411 - acc: 0.9853
1320/1459 [==========================>...] - ETA: 0s - loss: 0.0422 - acc: 0.9856
1459/1459 [==============================] - 0s 81us/step - loss: 0.0447 - acc: 0.9856 - val_loss: 0.3073 - val_acc: 0.9202
Epoch 18/30

  20/1459 [..............................] - ETA: 0s - loss: 0.3453 - acc: 0.9500
 640/1459 [============>.................] - ETA: 0s - loss: 0.0493 - acc: 0.9844
1220/1459 [========================>.....] - ETA: 0s - loss: 0.0517 - acc: 0.9828
1459/1459 [==============================] - 0s 87us/step - loss: 0.0570 - acc: 0.9815 - val_loss: 0.3258 - val_acc: 0.9202
Epoch 19/30

  20/1459 [..............................] - ETA: 0s - loss: 0.0108 - acc: 1.0000
 620/1459 [===========>..................] - ETA: 0s - loss: 0.0361 - acc: 0.9806
1220/1459 [========================>.....] - ETA: 0s - loss: 0.0592 - acc: 0.9787
1459/1459 [==============================] - 0s 88us/step - loss: 0.0585 - acc: 0.9801 - val_loss: 0.2506 - val_acc: 0.9387
acc: 97.55%
Train on 1459 samples, validate on 163 samples
Epoch 1/30

  20/1459 [..............................] - ETA: 1:06 - loss: 0.6921 - acc: 0.6000
 480/1459 [========>.....................] - ETA: 1s - loss: 0.3563 - acc: 0.8375  
 920/1459 [=================>............] - ETA: 0s - loss: 0.2378 - acc: 0.8978
1380/1459 [===========================>..] - ETA: 0s - loss: 0.2006 - acc: 0.9159
1459/1459 [==============================] - 1s 819us/step - loss: 0.1953 - acc: 0.9184 - val_loss: 0.1164 - val_acc: 0.9571
Epoch 2/30

  20/1459 [..............................] - ETA: 0s - loss: 0.1043 - acc: 0.9500
 460/1459 [========>.....................] - ETA: 0s - loss: 0.0849 - acc: 0.9783
 900/1459 [=================>............] - ETA: 0s - loss: 0.0760 - acc: 0.9800
1360/1459 [==========================>...] - ETA: 0s - loss: 0.0731 - acc: 0.9794
1459/1459 [==============================] - 0s 119us/step - loss: 0.0743 - acc: 0.9788 - val_loss: 0.1044 - val_acc: 0.9632
Epoch 3/30

  20/1459 [..............................] - ETA: 0s - loss: 0.0569 - acc: 1.0000
 480/1459 [========>.....................] - ETA: 0s - loss: 0.0407 - acc: 0.9896
 920/1459 [=================>............] - ETA: 0s - loss: 0.0413 - acc: 0.9870
1380/1459 [===========================>..] - ETA: 0s - loss: 0.0610 - acc: 0.9855
1459/1459 [==============================] - 0s 115us/step - loss: 0.0595 - acc: 0.9863 - val_loss: 0.1247 - val_acc: 0.9632
Epoch 4/30

  20/1459 [..............................] - ETA: 0s - loss: 0.0273 - acc: 1.0000
 460/1459 [========>.....................] - ETA: 0s - loss: 0.0474 - acc: 0.9826
 900/1459 [=================>............] - ETA: 0s - loss: 0.0670 - acc: 0.9767
1320/1459 [==========================>...] - ETA: 0s - loss: 0.0680 - acc: 0.9773
1459/1459 [==============================] - 0s 125us/step - loss: 0.0670 - acc: 0.9774 - val_loss: 0.1624 - val_acc: 0.9509
Epoch 5/30

  20/1459 [..............................] - ETA: 0s - loss: 0.0164 - acc: 1.0000
 460/1459 [========>.....................] - ETA: 0s - loss: 0.0451 - acc: 0.9870
 900/1459 [=================>............] - ETA: 0s - loss: 0.0544 - acc: 0.9878
1320/1459 [==========================>...] - ETA: 0s - loss: 0.0521 - acc: 0.9871
1459/1459 [==============================] - 0s 122us/step - loss: 0.0522 - acc: 0.9863 - val_loss: 0.1420 - val_acc: 0.9509
Epoch 6/30

  20/1459 [..............................] - ETA: 0s - loss: 0.1064 - acc: 0.9500
 460/1459 [========>.....................] - ETA: 0s - loss: 0.0339 - acc: 0.9891
 900/1459 [=================>............] - ETA: 0s - loss: 0.0291 - acc: 0.9900
1340/1459 [==========================>...] - ETA: 0s - loss: 0.0390 - acc: 0.9881
1459/1459 [==============================] - 0s 119us/step - loss: 0.0433 - acc: 0.9870 - val_loss: 0.2410 - val_acc: 0.9448
Epoch 7/30

  20/1459 [..............................] - ETA: 0s - loss: 0.0281 - acc: 1.0000
 460/1459 [========>.....................] - ETA: 0s - loss: 0.0492 - acc: 0.9804
 940/1459 [==================>...........] - ETA: 0s - loss: 0.0421 - acc: 0.9840
1380/1459 [===========================>..] - ETA: 0s - loss: 0.0562 - acc: 0.9804
1459/1459 [==============================] - 0s 118us/step - loss: 0.0553 - acc: 0.9808 - val_loss: 0.1975 - val_acc: 0.9264
Epoch 8/30

  20/1459 [..............................] - ETA: 0s - loss: 0.0465 - acc: 1.0000
 520/1459 [=========>....................] - ETA: 0s - loss: 0.0793 - acc: 0.9788
1120/1459 [======================>.......] - ETA: 0s - loss: 0.0595 - acc: 0.9821
1459/1459 [==============================] - 0s 94us/step - loss: 0.0637 - acc: 0.9781 - val_loss: 0.0983 - val_acc: 0.9693
Epoch 9/30

  20/1459 [..............................] - ETA: 0s - loss: 0.0189 - acc: 1.0000
 640/1459 [============>.................] - ETA: 0s - loss: 0.0473 - acc: 0.9812
1220/1459 [========================>.....] - ETA: 0s - loss: 0.0690 - acc: 0.9795
1459/1459 [==============================] - 0s 88us/step - loss: 0.0722 - acc: 0.9774 - val_loss: 0.1655 - val_acc: 0.9571
Epoch 10/30

  20/1459 [..............................] - ETA: 0s - loss: 0.0444 - acc: 1.0000
 620/1459 [===========>..................] - ETA: 0s - loss: 0.0616 - acc: 0.9871
1220/1459 [========================>.....] - ETA: 0s - loss: 0.0654 - acc: 0.9820
1459/1459 [==============================] - 0s 88us/step - loss: 0.0650 - acc: 0.9822 - val_loss: 0.1190 - val_acc: 0.9632
Epoch 11/30

  20/1459 [..............................] - ETA: 0s - loss: 0.0079 - acc: 1.0000
 620/1459 [===========>..................] - ETA: 0s - loss: 0.0472 - acc: 0.9871
1240/1459 [========================>.....] - ETA: 0s - loss: 0.0558 - acc: 0.9839
1459/1459 [==============================] - 0s 86us/step - loss: 0.0552 - acc: 0.9822 - val_loss: 0.1317 - val_acc: 0.9693
Epoch 12/30

  20/1459 [..............................] - ETA: 0s - loss: 0.0161 - acc: 1.0000
 640/1459 [============>.................] - ETA: 0s - loss: 0.0504 - acc: 0.9812
1260/1459 [========================>.....] - ETA: 0s - loss: 0.0575 - acc: 0.9786
1459/1459 [==============================] - 0s 85us/step - loss: 0.0542 - acc: 0.9801 - val_loss: 0.1023 - val_acc: 0.9632
Epoch 13/30

  20/1459 [..............................] - ETA: 0s - loss: 0.0906 - acc: 0.9000
 660/1459 [============>.................] - ETA: 0s - loss: 0.0488 - acc: 0.9803
1260/1459 [========================>.....] - ETA: 0s - loss: 0.0522 - acc: 0.9810
1459/1459 [==============================] - 0s 85us/step - loss: 0.0512 - acc: 0.9815 - val_loss: 0.1022 - val_acc: 0.9693
Epoch 14/30

  20/1459 [..............................] - ETA: 0s - loss: 0.0099 - acc: 1.0000
 620/1459 [===========>..................] - ETA: 0s - loss: 0.0425 - acc: 0.9839
1220/1459 [========================>.....] - ETA: 0s - loss: 0.0448 - acc: 0.9844
1459/1459 [==============================] - 0s 87us/step - loss: 0.0508 - acc: 0.9822 - val_loss: 0.1289 - val_acc: 0.9571
Epoch 15/30

  20/1459 [..............................] - ETA: 0s - loss: 0.0148 - acc: 1.0000
 620/1459 [===========>..................] - ETA: 0s - loss: 0.0304 - acc: 0.9903
1240/1459 [========================>.....] - ETA: 0s - loss: 0.0397 - acc: 0.9855
1459/1459 [==============================] - 0s 87us/step - loss: 0.0408 - acc: 0.9842 - val_loss: 0.1155 - val_acc: 0.9571
Epoch 16/30

  20/1459 [..............................] - ETA: 0s - loss: 0.0666 - acc: 0.9500
 640/1459 [============>.................] - ETA: 0s - loss: 0.0390 - acc: 0.9859
1240/1459 [========================>.....] - ETA: 0s - loss: 0.0369 - acc: 0.9887
1459/1459 [==============================] - 0s 87us/step - loss: 0.0338 - acc: 0.9897 - val_loss: 0.1758 - val_acc: 0.9571
Epoch 17/30

  20/1459 [..............................] - ETA: 0s - loss: 0.0300 - acc: 1.0000
 660/1459 [============>.................] - ETA: 0s - loss: 0.0312 - acc: 0.9894
1260/1459 [========================>.....] - ETA: 0s - loss: 0.0264 - acc: 0.9905
1459/1459 [==============================] - 0s 85us/step - loss: 0.0264 - acc: 0.9897 - val_loss: 0.1696 - val_acc: 0.9632
Epoch 18/30

  20/1459 [..............................] - ETA: 0s - loss: 0.0125 - acc: 1.0000
 620/1459 [===========>..................] - ETA: 0s - loss: 0.0124 - acc: 0.9984
1240/1459 [========================>.....] - ETA: 0s - loss: 0.0204 - acc: 0.9960
1459/1459 [==============================] - 0s 86us/step - loss: 0.0208 - acc: 0.9945 - val_loss: 0.1748 - val_acc: 0.9571
Epoch 19/30

  20/1459 [..............................] - ETA: 0s - loss: 0.0028 - acc: 1.0000
 600/1459 [===========>..................] - ETA: 0s - loss: 0.0177 - acc: 0.9933
1180/1459 [=======================>......] - ETA: 0s - loss: 0.0146 - acc: 0.9949
1459/1459 [==============================] - 0s 90us/step - loss: 0.0181 - acc: 0.9938 - val_loss: 0.1840 - val_acc: 0.9448
Epoch 20/30

  20/1459 [..............................] - ETA: 0s - loss: 0.0288 - acc: 1.0000
 620/1459 [===========>..................] - ETA: 0s - loss: 0.0304 - acc: 0.9919
1200/1459 [=======================>......] - ETA: 0s - loss: 0.0271 - acc: 0.9933
1459/1459 [==============================] - 0s 89us/step - loss: 0.0255 - acc: 0.9925 - val_loss: 0.1351 - val_acc: 0.9693
Epoch 21/30

  20/1459 [..............................] - ETA: 0s - loss: 0.0040 - acc: 1.0000
 600/1459 [===========>..................] - ETA: 0s - loss: 0.0267 - acc: 0.9950
1200/1459 [=======================>......] - ETA: 0s - loss: 0.0266 - acc: 0.9950
1459/1459 [==============================] - 0s 89us/step - loss: 0.0256 - acc: 0.9945 - val_loss: 0.1344 - val_acc: 0.9509
Epoch 22/30

  20/1459 [..............................] - ETA: 0s - loss: 0.0082 - acc: 1.0000
 640/1459 [============>.................] - ETA: 0s - loss: 0.0203 - acc: 0.9969
1240/1459 [========================>.....] - ETA: 0s - loss: 0.0210 - acc: 0.9944
1459/1459 [==============================] - 0s 86us/step - loss: 0.0273 - acc: 0.9918 - val_loss: 0.1685 - val_acc: 0.9571
Epoch 23/30

  20/1459 [..............................] - ETA: 0s - loss: 0.0016 - acc: 1.0000
 660/1459 [============>.................] - ETA: 0s - loss: 0.0229 - acc: 0.9924
1260/1459 [========================>.....] - ETA: 0s - loss: 0.0251 - acc: 0.9937
1459/1459 [==============================] - 0s 86us/step - loss: 0.0257 - acc: 0.9925 - val_loss: 0.1913 - val_acc: 0.9571
Epoch 24/30

  20/1459 [..............................] - ETA: 0s - loss: 4.4864e-04 - acc: 1.0000
 620/1459 [===========>..................] - ETA: 0s - loss: 0.0227 - acc: 0.9935    
1200/1459 [=======================>......] - ETA: 0s - loss: 0.0308 - acc: 0.9917
1459/1459 [==============================] - 0s 89us/step - loss: 0.0277 - acc: 0.9925 - val_loss: 0.1726 - val_acc: 0.9509
Epoch 25/30

  20/1459 [..............................] - ETA: 0s - loss: 3.9052e-04 - acc: 1.0000
 620/1459 [===========>..................] - ETA: 0s - loss: 0.0281 - acc: 0.9919    
1220/1459 [========================>.....] - ETA: 0s - loss: 0.0255 - acc: 0.9934
1459/1459 [==============================] - 0s 88us/step - loss: 0.0290 - acc: 0.9925 - val_loss: 0.1316 - val_acc: 0.9571
acc: 96.93%
Train on 1460 samples, validate on 162 samples
Epoch 1/30

  20/1460 [..............................] - ETA: 1:14 - loss: 0.6677 - acc: 0.6000
 480/1460 [========>.....................] - ETA: 2s - loss: 0.3345 - acc: 0.8688  
 940/1460 [==================>...........] - ETA: 0s - loss: 0.2572 - acc: 0.9011
1380/1460 [===========================>..] - ETA: 0s - loss: 0.2174 - acc: 0.9203
1460/1460 [==============================] - 1s 908us/step - loss: 0.2166 - acc: 0.9219 - val_loss: 0.1459 - val_acc: 0.9630
Epoch 2/30

  20/1460 [..............................] - ETA: 0s - loss: 0.0244 - acc: 1.0000
 460/1460 [========>.....................] - ETA: 0s - loss: 0.0924 - acc: 0.9804
 920/1460 [=================>............] - ETA: 0s - loss: 0.0920 - acc: 0.9739
1400/1460 [===========================>..] - ETA: 0s - loss: 0.0954 - acc: 0.9707
1460/1460 [==============================] - 0s 116us/step - loss: 0.0950 - acc: 0.9705 - val_loss: 0.0788 - val_acc: 0.9753
Epoch 3/30

  20/1460 [..............................] - ETA: 0s - loss: 0.0442 - acc: 1.0000
 480/1460 [========>.....................] - ETA: 0s - loss: 0.0710 - acc: 0.9771
 920/1460 [=================>............] - ETA: 0s - loss: 0.0792 - acc: 0.9717
1380/1460 [===========================>..] - ETA: 0s - loss: 0.0781 - acc: 0.9746
1460/1460 [==============================] - 0s 117us/step - loss: 0.0835 - acc: 0.9726 - val_loss: 0.1567 - val_acc: 0.9444
Epoch 4/30

  20/1460 [..............................] - ETA: 0s - loss: 0.0586 - acc: 0.9500
 440/1460 [========>.....................] - ETA: 0s - loss: 0.0950 - acc: 0.9591
 900/1460 [=================>............] - ETA: 0s - loss: 0.0689 - acc: 0.9733
1360/1460 [==========================>...] - ETA: 0s - loss: 0.0681 - acc: 0.9743
1460/1460 [==============================] - 0s 118us/step - loss: 0.0682 - acc: 0.9747 - val_loss: 0.1224 - val_acc: 0.9506
Epoch 5/30

  20/1460 [..............................] - ETA: 0s - loss: 0.0683 - acc: 0.9500
 460/1460 [========>.....................] - ETA: 0s - loss: 0.0539 - acc: 0.9804
 860/1460 [================>.............] - ETA: 0s - loss: 0.0465 - acc: 0.9826
1320/1460 [==========================>...] - ETA: 0s - loss: 0.0562 - acc: 0.9818
1460/1460 [==============================] - 0s 122us/step - loss: 0.0540 - acc: 0.9822 - val_loss: 0.1470 - val_acc: 0.9444
Epoch 6/30

  20/1460 [..............................] - ETA: 0s - loss: 0.0065 - acc: 1.0000
 460/1460 [========>.....................] - ETA: 0s - loss: 0.0265 - acc: 0.9913
 900/1460 [=================>............] - ETA: 0s - loss: 0.0473 - acc: 0.9844
1320/1460 [==========================>...] - ETA: 0s - loss: 0.0522 - acc: 0.9803
1460/1460 [==============================] - 0s 122us/step - loss: 0.0602 - acc: 0.9801 - val_loss: 0.1633 - val_acc: 0.9383
Epoch 7/30

  20/1460 [..............................] - ETA: 0s - loss: 0.1622 - acc: 0.9500
 460/1460 [========>.....................] - ETA: 0s - loss: 0.0564 - acc: 0.9804
 880/1460 [=================>............] - ETA: 0s - loss: 0.0533 - acc: 0.9807
1340/1460 [==========================>...] - ETA: 0s - loss: 0.0551 - acc: 0.9813
1460/1460 [==============================] - 0s 120us/step - loss: 0.0599 - acc: 0.9808 - val_loss: 0.0855 - val_acc: 0.9691
Epoch 8/30

  20/1460 [..............................] - ETA: 0s - loss: 0.0084 - acc: 1.0000
 500/1460 [=========>....................] - ETA: 0s - loss: 0.0545 - acc: 0.9860
 920/1460 [=================>............] - ETA: 0s - loss: 0.0494 - acc: 0.9848
1360/1460 [==========================>...] - ETA: 0s - loss: 0.0512 - acc: 0.9853
1460/1460 [==============================] - 0s 116us/step - loss: 0.0483 - acc: 0.9863 - val_loss: 0.1064 - val_acc: 0.9506
Epoch 9/30

  20/1460 [..............................] - ETA: 0s - loss: 0.0030 - acc: 1.0000
 640/1460 [============>.................] - ETA: 0s - loss: 0.0335 - acc: 0.9875
1240/1460 [========================>.....] - ETA: 0s - loss: 0.0344 - acc: 0.9895
1460/1460 [==============================] - 0s 87us/step - loss: 0.0323 - acc: 0.9911 - val_loss: 0.1041 - val_acc: 0.9568
Epoch 10/30

  20/1460 [..............................] - ETA: 0s - loss: 0.0966 - acc: 0.9500
 600/1460 [===========>..................] - ETA: 0s - loss: 0.0380 - acc: 0.9867
1160/1460 [======================>.......] - ETA: 0s - loss: 0.0325 - acc: 0.9879
1460/1460 [==============================] - 0s 92us/step - loss: 0.0361 - acc: 0.9877 - val_loss: 0.1366 - val_acc: 0.9691
Epoch 11/30

  20/1460 [..............................] - ETA: 0s - loss: 0.0244 - acc: 1.0000
 600/1460 [===========>..................] - ETA: 0s - loss: 0.0371 - acc: 0.9883
1220/1460 [========================>.....] - ETA: 0s - loss: 0.0328 - acc: 0.9910
1460/1460 [==============================] - 0s 88us/step - loss: 0.0295 - acc: 0.9911 - val_loss: 0.1257 - val_acc: 0.9753
Epoch 12/30

  20/1460 [..............................] - ETA: 0s - loss: 0.0028 - acc: 1.0000
 640/1460 [============>.................] - ETA: 0s - loss: 0.0248 - acc: 0.9906
1260/1460 [========================>.....] - ETA: 0s - loss: 0.0259 - acc: 0.9913
1460/1460 [==============================] - 0s 86us/step - loss: 0.0263 - acc: 0.9918 - val_loss: 0.1044 - val_acc: 0.9691
Epoch 13/30

  20/1460 [..............................] - ETA: 0s - loss: 0.0109 - acc: 1.0000
 640/1460 [============>.................] - ETA: 0s - loss: 0.0290 - acc: 0.9922
1240/1460 [========================>.....] - ETA: 0s - loss: 0.0328 - acc: 0.9903
1460/1460 [==============================] - 0s 86us/step - loss: 0.0305 - acc: 0.9911 - val_loss: 0.1190 - val_acc: 0.9630
Epoch 14/30

  20/1460 [..............................] - ETA: 0s - loss: 0.0027 - acc: 1.0000
 620/1460 [===========>..................] - ETA: 0s - loss: 0.0357 - acc: 0.9903
1240/1460 [========================>.....] - ETA: 0s - loss: 0.0303 - acc: 0.9919
1460/1460 [==============================] - 0s 86us/step - loss: 0.0313 - acc: 0.9911 - val_loss: 0.1874 - val_acc: 0.9630
Epoch 15/30

  20/1460 [..............................] - ETA: 0s - loss: 0.0083 - acc: 1.0000
 640/1460 [============>.................] - ETA: 0s - loss: 0.0195 - acc: 0.9937
1260/1460 [========================>.....] - ETA: 0s - loss: 0.0274 - acc: 0.9905
1460/1460 [==============================] - 0s 84us/step - loss: 0.0294 - acc: 0.9897 - val_loss: 0.1970 - val_acc: 0.9506
Epoch 16/30

  20/1460 [..............................] - ETA: 0s - loss: 0.0611 - acc: 0.9500
 640/1460 [============>.................] - ETA: 0s - loss: 0.0253 - acc: 0.9875
1260/1460 [========================>.....] - ETA: 0s - loss: 0.0305 - acc: 0.9881
1460/1460 [==============================] - 0s 85us/step - loss: 0.0301 - acc: 0.9884 - val_loss: 0.1719 - val_acc: 0.9568
Epoch 17/30

  20/1460 [..............................] - ETA: 0s - loss: 0.0012 - acc: 1.0000
 640/1460 [============>.................] - ETA: 0s - loss: 0.0249 - acc: 0.9906
1260/1460 [========================>.....] - ETA: 0s - loss: 0.0320 - acc: 0.9897
1460/1460 [==============================] - 0s 85us/step - loss: 0.0349 - acc: 0.9890 - val_loss: 0.1492 - val_acc: 0.9506
Epoch 18/30

  20/1460 [..............................] - ETA: 0s - loss: 0.0101 - acc: 1.0000
 640/1460 [============>.................] - ETA: 0s - loss: 0.0467 - acc: 0.9875
1260/1460 [========================>.....] - ETA: 0s - loss: 0.0404 - acc: 0.9873
1460/1460 [==============================] - 0s 86us/step - loss: 0.0394 - acc: 0.9884 - val_loss: 0.1956 - val_acc: 0.9259
Epoch 19/30

  20/1460 [..............................] - ETA: 0s - loss: 0.0041 - acc: 1.0000
 620/1460 [===========>..................] - ETA: 0s - loss: 0.0471 - acc: 0.9839
1260/1460 [========================>.....] - ETA: 0s - loss: 0.0530 - acc: 0.9849
1460/1460 [==============================] - 0s 85us/step - loss: 0.0561 - acc: 0.9829 - val_loss: 0.1908 - val_acc: 0.9321
Epoch 20/30

  20/1460 [..............................] - ETA: 0s - loss: 0.0015 - acc: 1.0000
 640/1460 [============>.................] - ETA: 0s - loss: 0.0550 - acc: 0.9828
1260/1460 [========================>.....] - ETA: 0s - loss: 0.0707 - acc: 0.9794
1460/1460 [==============================] - 0s 85us/step - loss: 0.0694 - acc: 0.9774 - val_loss: 0.2619 - val_acc: 0.9259
Epoch 21/30

  20/1460 [..............................] - ETA: 0s - loss: 0.0654 - acc: 0.9500
 660/1460 [============>.................] - ETA: 0s - loss: 0.0588 - acc: 0.9773
1260/1460 [========================>.....] - ETA: 0s - loss: 0.0512 - acc: 0.9802
1460/1460 [==============================] - 0s 86us/step - loss: 0.0520 - acc: 0.9795 - val_loss: 0.1922 - val_acc: 0.9506
Epoch 22/30

  20/1460 [..............................] - ETA: 0s - loss: 0.0107 - acc: 1.0000
 600/1460 [===========>..................] - ETA: 0s - loss: 0.0641 - acc: 0.9733
1200/1460 [=======================>......] - ETA: 0s - loss: 0.0557 - acc: 0.9792
1460/1460 [==============================] - 0s 88us/step - loss: 0.0560 - acc: 0.9788 - val_loss: 0.2336 - val_acc: 0.9444
Epoch 23/30

  20/1460 [..............................] - ETA: 0s - loss: 0.0456 - acc: 0.9500
 620/1460 [===========>..................] - ETA: 0s - loss: 0.0599 - acc: 0.9806
1220/1460 [========================>.....] - ETA: 0s - loss: 0.0613 - acc: 0.9795
1460/1460 [==============================] - 0s 88us/step - loss: 0.0609 - acc: 0.9788 - val_loss: 0.1244 - val_acc: 0.9630
Epoch 24/30

  20/1460 [..............................] - ETA: 0s - loss: 0.0353 - acc: 1.0000
 640/1460 [============>.................] - ETA: 0s - loss: 0.0615 - acc: 0.9812
1260/1460 [========================>.....] - ETA: 0s - loss: 0.0839 - acc: 0.9690
1460/1460 [==============================] - 0s 84us/step - loss: 0.0808 - acc: 0.9699 - val_loss: 0.1433 - val_acc: 0.9444
Epoch 25/30

  20/1460 [..............................] - ETA: 0s - loss: 0.0695 - acc: 0.9500
 660/1460 [============>.................] - ETA: 0s - loss: 0.0844 - acc: 0.9697
1280/1460 [=========================>....] - ETA: 0s - loss: 0.0747 - acc: 0.9742
1460/1460 [==============================] - 0s 84us/step - loss: 0.0862 - acc: 0.9726 - val_loss: 0.1889 - val_acc: 0.9568
acc: 97.53%
Train on 1460 samples, validate on 162 samples
Epoch 1/30

  20/1460 [..............................] - ETA: 1:07 - loss: 0.6960 - acc: 0.5000
 460/1460 [========>.....................] - ETA: 2s - loss: 0.4387 - acc: 0.8087  
 920/1460 [=================>............] - ETA: 0s - loss: 0.2795 - acc: 0.8859
1360/1460 [==========================>...] - ETA: 0s - loss: 0.2229 - acc: 0.9103
1460/1460 [==============================] - 1s 847us/step - loss: 0.2187 - acc: 0.9123 - val_loss: 0.1108 - val_acc: 0.9630
Epoch 2/30

  20/1460 [..............................] - ETA: 0s - loss: 0.0686 - acc: 1.0000
 480/1460 [========>.....................] - ETA: 0s - loss: 0.0937 - acc: 0.9708
 940/1460 [==================>...........] - ETA: 0s - loss: 0.0868 - acc: 0.9702
1400/1460 [===========================>..] - ETA: 0s - loss: 0.0840 - acc: 0.9693
1460/1460 [==============================] - 0s 116us/step - loss: 0.0860 - acc: 0.9685 - val_loss: 0.1839 - val_acc: 0.9444
Epoch 3/30

  20/1460 [..............................] - ETA: 0s - loss: 0.0165 - acc: 1.0000
 440/1460 [========>.....................] - ETA: 0s - loss: 0.0639 - acc: 0.9795
 860/1460 [================>.............] - ETA: 0s - loss: 0.0762 - acc: 0.9721
1320/1460 [==========================>...] - ETA: 0s - loss: 0.0822 - acc: 0.9689
1460/1460 [==============================] - 0s 122us/step - loss: 0.0827 - acc: 0.9692 - val_loss: 0.1035 - val_acc: 0.9568
Epoch 4/30

  20/1460 [..............................] - ETA: 0s - loss: 0.0067 - acc: 1.0000
 460/1460 [========>.....................] - ETA: 0s - loss: 0.0787 - acc: 0.9652
 900/1460 [=================>............] - ETA: 0s - loss: 0.0954 - acc: 0.9622
1320/1460 [==========================>...] - ETA: 0s - loss: 0.0927 - acc: 0.9659
1460/1460 [==============================] - 0s 123us/step - loss: 0.0943 - acc: 0.9664 - val_loss: 0.1653 - val_acc: 0.9444
Epoch 5/30

  20/1460 [..............................] - ETA: 0s - loss: 0.0108 - acc: 1.0000
 440/1460 [========>.....................] - ETA: 0s - loss: 0.0862 - acc: 0.9682
 880/1460 [=================>............] - ETA: 0s - loss: 0.0698 - acc: 0.9739
1340/1460 [==========================>...] - ETA: 0s - loss: 0.0639 - acc: 0.9769
1460/1460 [==============================] - 0s 121us/step - loss: 0.0741 - acc: 0.9760 - val_loss: 0.1186 - val_acc: 0.9568
Epoch 6/30

  20/1460 [..............................] - ETA: 0s - loss: 0.0130 - acc: 1.0000
 460/1460 [========>.....................] - ETA: 0s - loss: 0.0447 - acc: 0.9913
 900/1460 [=================>............] - ETA: 0s - loss: 0.0553 - acc: 0.9822
1340/1460 [==========================>...] - ETA: 0s - loss: 0.0573 - acc: 0.9821
1460/1460 [==============================] - 0s 119us/step - loss: 0.0542 - acc: 0.9836 - val_loss: 0.0950 - val_acc: 0.9630
Epoch 7/30

  20/1460 [..............................] - ETA: 0s - loss: 0.0712 - acc: 0.9500
 460/1460 [========>.....................] - ETA: 0s - loss: 0.0431 - acc: 0.9826
 900/1460 [=================>............] - ETA: 0s - loss: 0.0385 - acc: 0.9856
1340/1460 [==========================>...] - ETA: 0s - loss: 0.0444 - acc: 0.9851
1460/1460 [==============================] - 0s 120us/step - loss: 0.0448 - acc: 0.9842 - val_loss: 0.0775 - val_acc: 0.9753
Epoch 8/30

  20/1460 [..............................] - ETA: 0s - loss: 0.0500 - acc: 1.0000
 420/1460 [=======>......................] - ETA: 0s - loss: 0.0629 - acc: 0.9833
 880/1460 [=================>............] - ETA: 0s - loss: 0.0479 - acc: 0.9864
1340/1460 [==========================>...] - ETA: 0s - loss: 0.0499 - acc: 0.9843
1460/1460 [==============================] - 0s 120us/step - loss: 0.0505 - acc: 0.9836 - val_loss: 0.0939 - val_acc: 0.9753
Epoch 9/30

  20/1460 [..............................] - ETA: 0s - loss: 0.0038 - acc: 1.0000
 460/1460 [========>.....................] - ETA: 0s - loss: 0.0549 - acc: 0.9848
 900/1460 [=================>............] - ETA: 0s - loss: 0.0524 - acc: 0.9833
1340/1460 [==========================>...] - ETA: 0s - loss: 0.0459 - acc: 0.9851
1460/1460 [==============================] - 0s 120us/step - loss: 0.0478 - acc: 0.9849 - val_loss: 0.0846 - val_acc: 0.9691
Epoch 10/30

  20/1460 [..............................] - ETA: 0s - loss: 0.0685 - acc: 0.9500
 460/1460 [========>.....................] - ETA: 0s - loss: 0.0410 - acc: 0.9870
 900/1460 [=================>............] - ETA: 0s - loss: 0.0351 - acc: 0.9900
1360/1460 [==========================>...] - ETA: 0s - loss: 0.0414 - acc: 0.9890
1460/1460 [==============================] - 0s 119us/step - loss: 0.0428 - acc: 0.9884 - val_loss: 0.0418 - val_acc: 0.9691
Epoch 11/30

  20/1460 [..............................] - ETA: 0s - loss: 0.0187 - acc: 1.0000
 460/1460 [========>.....................] - ETA: 0s - loss: 0.0372 - acc: 0.9870
 880/1460 [=================>............] - ETA: 0s - loss: 0.0447 - acc: 0.9852
1320/1460 [==========================>...] - ETA: 0s - loss: 0.0411 - acc: 0.9856
1460/1460 [==============================] - 0s 121us/step - loss: 0.0399 - acc: 0.9856 - val_loss: 0.0743 - val_acc: 0.9630
Epoch 12/30

  20/1460 [..............................] - ETA: 0s - loss: 0.0049 - acc: 1.0000
 480/1460 [========>.....................] - ETA: 0s - loss: 0.0221 - acc: 0.9917
 920/1460 [=================>............] - ETA: 0s - loss: 0.0308 - acc: 0.9902
1360/1460 [==========================>...] - ETA: 0s - loss: 0.0417 - acc: 0.9853
1460/1460 [==============================] - 0s 119us/step - loss: 0.0403 - acc: 0.9856 - val_loss: 0.0553 - val_acc: 0.9815
Epoch 13/30

  20/1460 [..............................] - ETA: 0s - loss: 0.0060 - acc: 1.0000
 460/1460 [========>.....................] - ETA: 0s - loss: 0.0399 - acc: 0.9870
 920/1460 [=================>............] - ETA: 0s - loss: 0.0441 - acc: 0.9870
1380/1460 [===========================>..] - ETA: 0s - loss: 0.0492 - acc: 0.9862
1460/1460 [==============================] - 0s 118us/step - loss: 0.0510 - acc: 0.9842 - val_loss: 0.0626 - val_acc: 0.9630
Epoch 14/30

  20/1460 [..............................] - ETA: 0s - loss: 0.0115 - acc: 1.0000
 400/1460 [=======>......................] - ETA: 0s - loss: 0.0416 - acc: 0.9875
 960/1460 [==================>...........] - ETA: 0s - loss: 0.0457 - acc: 0.9854
1460/1460 [==============================] - 0s 104us/step - loss: 0.0455 - acc: 0.9877 - val_loss: 0.0699 - val_acc: 0.9753
Epoch 15/30

  20/1460 [..............................] - ETA: 0s - loss: 0.0025 - acc: 1.0000
 580/1460 [==========>...................] - ETA: 0s - loss: 0.0397 - acc: 0.9914
1160/1460 [======================>.......] - ETA: 0s - loss: 0.0482 - acc: 0.9888
1460/1460 [==============================] - 0s 93us/step - loss: 0.0565 - acc: 0.9849 - val_loss: 0.0576 - val_acc: 0.9815
Epoch 16/30

  20/1460 [..............................] - ETA: 0s - loss: 0.0157 - acc: 1.0000
 600/1460 [===========>..................] - ETA: 0s - loss: 0.0350 - acc: 0.9967
1180/1460 [=======================>......] - ETA: 0s - loss: 0.0378 - acc: 0.9932
1460/1460 [==============================] - 0s 91us/step - loss: 0.0426 - acc: 0.9911 - val_loss: 0.0568 - val_acc: 0.9877
Epoch 17/30

  20/1460 [..............................] - ETA: 0s - loss: 0.0185 - acc: 1.0000
 600/1460 [===========>..................] - ETA: 0s - loss: 0.0468 - acc: 0.9900
1200/1460 [=======================>......] - ETA: 0s - loss: 0.0390 - acc: 0.9908
1460/1460 [==============================] - 0s 92us/step - loss: 0.0365 - acc: 0.9911 - val_loss: 0.0877 - val_acc: 0.9691
Epoch 18/30

  20/1460 [..............................] - ETA: 0s - loss: 0.0027 - acc: 1.0000
 620/1460 [===========>..................] - ETA: 0s - loss: 0.0513 - acc: 0.9887
1220/1460 [========================>.....] - ETA: 0s - loss: 0.0463 - acc: 0.9885
1460/1460 [==============================] - 0s 88us/step - loss: 0.0440 - acc: 0.9884 - val_loss: 0.0636 - val_acc: 0.9630
Epoch 19/30

  20/1460 [..............................] - ETA: 0s - loss: 0.0064 - acc: 1.0000
 620/1460 [===========>..................] - ETA: 0s - loss: 0.0294 - acc: 0.9919
1220/1460 [========================>.....] - ETA: 0s - loss: 0.0288 - acc: 0.9926
1460/1460 [==============================] - 0s 87us/step - loss: 0.0331 - acc: 0.9925 - val_loss: 0.0595 - val_acc: 0.9691
Epoch 20/30

  20/1460 [..............................] - ETA: 0s - loss: 0.0067 - acc: 1.0000
 640/1460 [============>.................] - ETA: 0s - loss: 0.0169 - acc: 0.9984
1220/1460 [========================>.....] - ETA: 0s - loss: 0.0344 - acc: 0.9918
1460/1460 [==============================] - 0s 88us/step - loss: 0.0312 - acc: 0.9925 - val_loss: 0.0477 - val_acc: 0.9815
Epoch 21/30

  20/1460 [..............................] - ETA: 0s - loss: 0.0062 - acc: 1.0000
 580/1460 [==========>...................] - ETA: 0s - loss: 0.0268 - acc: 0.9966
1180/1460 [=======================>......] - ETA: 0s - loss: 0.0274 - acc: 0.9941
1460/1460 [==============================] - 0s 91us/step - loss: 0.0319 - acc: 0.9932 - val_loss: 0.0681 - val_acc: 0.9691
Epoch 22/30

  20/1460 [..............................] - ETA: 0s - loss: 0.0011 - acc: 1.0000
 600/1460 [===========>..................] - ETA: 0s - loss: 0.0291 - acc: 0.9933
1180/1460 [=======================>......] - ETA: 0s - loss: 0.0211 - acc: 0.9949
1460/1460 [==============================] - 0s 92us/step - loss: 0.0301 - acc: 0.9932 - val_loss: 0.0671 - val_acc: 0.9753
Epoch 23/30

  20/1460 [..............................] - ETA: 0s - loss: 0.0880 - acc: 0.9500
 600/1460 [===========>..................] - ETA: 0s - loss: 0.0139 - acc: 0.9950
1220/1460 [========================>.....] - ETA: 0s - loss: 0.0162 - acc: 0.9951
1460/1460 [==============================] - 0s 88us/step - loss: 0.0261 - acc: 0.9945 - val_loss: 0.0711 - val_acc: 0.9630
Epoch 24/30

  20/1460 [..............................] - ETA: 0s - loss: 0.0051 - acc: 1.0000
 600/1460 [===========>..................] - ETA: 0s - loss: 0.0146 - acc: 0.9967
1200/1460 [=======================>......] - ETA: 0s - loss: 0.0283 - acc: 0.9950
1460/1460 [==============================] - 0s 91us/step - loss: 0.0240 - acc: 0.9959 - val_loss: 0.0797 - val_acc: 0.9568
Epoch 25/30

  20/1460 [..............................] - ETA: 0s - loss: 0.0014 - acc: 1.0000
 620/1460 [===========>..................] - ETA: 0s - loss: 0.0068 - acc: 1.0000
1240/1460 [========================>.....] - ETA: 0s - loss: 0.0244 - acc: 0.9952
1460/1460 [==============================] - 0s 88us/step - loss: 0.0228 - acc: 0.9952 - val_loss: 0.1044 - val_acc: 0.9568
Epoch 26/30

  20/1460 [..............................] - ETA: 0s - loss: 0.0049 - acc: 1.0000
 600/1460 [===========>..................] - ETA: 0s - loss: 0.0325 - acc: 0.9917
1180/1460 [=======================>......] - ETA: 0s - loss: 0.0344 - acc: 0.9907
1460/1460 [==============================] - 0s 92us/step - loss: 0.0306 - acc: 0.9918 - val_loss: 0.0905 - val_acc: 0.9630
Epoch 27/30

  20/1460 [..............................] - ETA: 0s - loss: 0.0187 - acc: 1.0000
 620/1460 [===========>..................] - ETA: 0s - loss: 0.0180 - acc: 0.9935
1180/1460 [=======================>......] - ETA: 0s - loss: 0.0379 - acc: 0.9881
1460/1460 [==============================] - 0s 90us/step - loss: 0.0325 - acc: 0.9904 - val_loss: 0.1031 - val_acc: 0.9815
Epoch 28/30

  20/1460 [..............................] - ETA: 0s - loss: 0.0026 - acc: 1.0000
 580/1460 [==========>...................] - ETA: 0s - loss: 0.0371 - acc: 0.9879
1180/1460 [=======================>......] - ETA: 0s - loss: 0.0269 - acc: 0.9924
1460/1460 [==============================] - 0s 89us/step - loss: 0.0307 - acc: 0.9925 - val_loss: 0.0889 - val_acc: 0.9691
Epoch 29/30

  20/1460 [..............................] - ETA: 0s - loss: 0.0010 - acc: 1.0000
 660/1460 [============>.................] - ETA: 0s - loss: 0.0220 - acc: 0.9924
1260/1460 [========================>.....] - ETA: 0s - loss: 0.0275 - acc: 0.9929
1460/1460 [==============================] - 0s 86us/step - loss: 0.0248 - acc: 0.9932 - val_loss: 0.0964 - val_acc: 0.9630
Epoch 30/30

  20/1460 [..............................] - ETA: 0s - loss: 0.0187 - acc: 1.0000
 620/1460 [===========>..................] - ETA: 0s - loss: 0.0154 - acc: 0.9984
1220/1460 [========================>.....] - ETA: 0s - loss: 0.0229 - acc: 0.9943
1460/1460 [==============================] - 0s 88us/step - loss: 0.0244 - acc: 0.9938 - val_loss: 0.1133 - val_acc: 0.9568
acc: 98.77%
Train on 1460 samples, validate on 162 samples
Epoch 1/30

  20/1460 [..............................] - ETA: 1:27 - loss: 0.6563 - acc: 0.5000
 440/1460 [========>.....................] - ETA: 2s - loss: 0.4129 - acc: 0.8341  
 880/1460 [=================>............] - ETA: 0s - loss: 0.2956 - acc: 0.8898
1300/1460 [=========================>....] - ETA: 0s - loss: 0.2409 - acc: 0.9162
1460/1460 [==============================] - 2s 1ms/step - loss: 0.2256 - acc: 0.9212 - val_loss: 0.0759 - val_acc: 0.9691
Epoch 2/30

  20/1460 [..............................] - ETA: 0s - loss: 0.3415 - acc: 0.9000
 480/1460 [========>.....................] - ETA: 0s - loss: 0.0840 - acc: 0.9771
 900/1460 [=================>............] - ETA: 0s - loss: 0.0767 - acc: 0.9756
1320/1460 [==========================>...] - ETA: 0s - loss: 0.0776 - acc: 0.9765
1460/1460 [==============================] - 0s 124us/step - loss: 0.0791 - acc: 0.9747 - val_loss: 0.1489 - val_acc: 0.9630
Epoch 3/30

  20/1460 [..............................] - ETA: 0s - loss: 0.0397 - acc: 1.0000
 460/1460 [========>.....................] - ETA: 0s - loss: 0.0672 - acc: 0.9804
 880/1460 [=================>............] - ETA: 0s - loss: 0.0706 - acc: 0.9761
1320/1460 [==========================>...] - ETA: 0s - loss: 0.0771 - acc: 0.9758
1460/1460 [==============================] - 0s 122us/step - loss: 0.0724 - acc: 0.9781 - val_loss: 0.0830 - val_acc: 0.9568
Epoch 4/30

  20/1460 [..............................] - ETA: 0s - loss: 0.1609 - acc: 0.9000
 440/1460 [========>.....................] - ETA: 0s - loss: 0.0490 - acc: 0.9864
 860/1460 [================>.............] - ETA: 0s - loss: 0.0556 - acc: 0.9814
1300/1460 [=========================>....] - ETA: 0s - loss: 0.0568 - acc: 0.9785
1460/1460 [==============================] - 0s 123us/step - loss: 0.0575 - acc: 0.9774 - val_loss: 0.1208 - val_acc: 0.9568
Epoch 5/30

  20/1460 [..............................] - ETA: 0s - loss: 0.0194 - acc: 1.0000
 460/1460 [========>.....................] - ETA: 0s - loss: 0.0430 - acc: 0.9826
 900/1460 [=================>............] - ETA: 0s - loss: 0.0548 - acc: 0.9833
1340/1460 [==========================>...] - ETA: 0s - loss: 0.0574 - acc: 0.9851
1460/1460 [==============================] - 0s 121us/step - loss: 0.0589 - acc: 0.9836 - val_loss: 0.1180 - val_acc: 0.9568
Epoch 6/30

  20/1460 [..............................] - ETA: 0s - loss: 0.1165 - acc: 0.9500
 460/1460 [========>.....................] - ETA: 0s - loss: 0.0414 - acc: 0.9870
 900/1460 [=================>............] - ETA: 0s - loss: 0.0488 - acc: 0.9844
1320/1460 [==========================>...] - ETA: 0s - loss: 0.0620 - acc: 0.9811
1460/1460 [==============================] - 0s 125us/step - loss: 0.0599 - acc: 0.9822 - val_loss: 0.1290 - val_acc: 0.9506
Epoch 7/30

  20/1460 [..............................] - ETA: 0s - loss: 0.0224 - acc: 1.0000
 460/1460 [========>.....................] - ETA: 0s - loss: 0.0668 - acc: 0.9870
 860/1460 [================>.............] - ETA: 0s - loss: 0.0597 - acc: 0.9837
1260/1460 [========================>.....] - ETA: 0s - loss: 0.0597 - acc: 0.9825
1460/1460 [==============================] - 0s 130us/step - loss: 0.0550 - acc: 0.9836 - val_loss: 0.0861 - val_acc: 0.9630
Epoch 8/30

  20/1460 [..............................] - ETA: 0s - loss: 0.0057 - acc: 1.0000
 460/1460 [========>.....................] - ETA: 0s - loss: 0.0560 - acc: 0.9891
 920/1460 [=================>............] - ETA: 0s - loss: 0.0511 - acc: 0.9859
1400/1460 [===========================>..] - ETA: 0s - loss: 0.0647 - acc: 0.9814
1460/1460 [==============================] - 0s 116us/step - loss: 0.0662 - acc: 0.9808 - val_loss: 0.1146 - val_acc: 0.9691
Epoch 9/30

  20/1460 [..............................] - ETA: 0s - loss: 0.0328 - acc: 1.0000
 300/1460 [=====>........................] - ETA: 0s - loss: 0.0420 - acc: 0.9867
 760/1460 [==============>...............] - ETA: 0s - loss: 0.0628 - acc: 0.9763
1380/1460 [===========================>..] - ETA: 0s - loss: 0.0748 - acc: 0.9688
1460/1460 [==============================] - 0s 115us/step - loss: 0.0721 - acc: 0.9705 - val_loss: 0.0944 - val_acc: 0.9877
Epoch 10/30

  20/1460 [..............................] - ETA: 0s - loss: 0.0631 - acc: 1.0000
 580/1460 [==========>...................] - ETA: 0s - loss: 0.0376 - acc: 0.9931
1140/1460 [======================>.......] - ETA: 0s - loss: 0.0434 - acc: 0.9904
1460/1460 [==============================] - 0s 93us/step - loss: 0.0585 - acc: 0.9856 - val_loss: 0.1156 - val_acc: 0.9630
Epoch 11/30

  20/1460 [..............................] - ETA: 0s - loss: 0.0136 - acc: 1.0000
 560/1460 [==========>...................] - ETA: 0s - loss: 0.0530 - acc: 0.9857
1140/1460 [======================>.......] - ETA: 0s - loss: 0.0683 - acc: 0.9798
1460/1460 [==============================] - 0s 94us/step - loss: 0.0659 - acc: 0.9781 - val_loss: 0.1307 - val_acc: 0.9630
Epoch 12/30

  20/1460 [..............................] - ETA: 0s - loss: 0.1974 - acc: 0.9500
 600/1460 [===========>..................] - ETA: 0s - loss: 0.0565 - acc: 0.9883
1180/1460 [=======================>......] - ETA: 0s - loss: 0.0493 - acc: 0.9856
1460/1460 [==============================] - 0s 92us/step - loss: 0.0557 - acc: 0.9849 - val_loss: 0.1256 - val_acc: 0.9753
Epoch 13/30

  20/1460 [..............................] - ETA: 0s - loss: 0.0354 - acc: 1.0000
 620/1460 [===========>..................] - ETA: 0s - loss: 0.0757 - acc: 0.9758
1200/1460 [=======================>......] - ETA: 0s - loss: 0.0683 - acc: 0.9792
1460/1460 [==============================] - 0s 89us/step - loss: 0.0624 - acc: 0.9801 - val_loss: 0.0992 - val_acc: 0.9691
Epoch 14/30

  20/1460 [..............................] - ETA: 0s - loss: 0.0201 - acc: 1.0000
 620/1460 [===========>..................] - ETA: 0s - loss: 0.0242 - acc: 0.9919
1220/1460 [========================>.....] - ETA: 0s - loss: 0.0332 - acc: 0.9910
1460/1460 [==============================] - 0s 91us/step - loss: 0.0406 - acc: 0.9877 - val_loss: 0.0949 - val_acc: 0.9753
Epoch 15/30

  20/1460 [..............................] - ETA: 0s - loss: 0.0050 - acc: 1.0000
 600/1460 [===========>..................] - ETA: 0s - loss: 0.0260 - acc: 0.9900
1180/1460 [=======================>......] - ETA: 0s - loss: 0.0255 - acc: 0.9907
1460/1460 [==============================] - 0s 91us/step - loss: 0.0324 - acc: 0.9897 - val_loss: 0.0456 - val_acc: 0.9815
Epoch 16/30

  20/1460 [..............................] - ETA: 0s - loss: 0.0042 - acc: 1.0000
 600/1460 [===========>..................] - ETA: 0s - loss: 0.0373 - acc: 0.9883
1180/1460 [=======================>......] - ETA: 0s - loss: 0.0337 - acc: 0.9898
1460/1460 [==============================] - 0s 90us/step - loss: 0.0307 - acc: 0.9904 - val_loss: 0.0412 - val_acc: 0.9815
Epoch 17/30

  20/1460 [..............................] - ETA: 0s - loss: 0.0420 - acc: 0.9500
 620/1460 [===========>..................] - ETA: 0s - loss: 0.0138 - acc: 0.9952
1160/1460 [======================>.......] - ETA: 0s - loss: 0.0188 - acc: 0.9922
1460/1460 [==============================] - 0s 92us/step - loss: 0.0258 - acc: 0.9904 - val_loss: 0.0558 - val_acc: 0.9753
Epoch 18/30

  20/1460 [..............................] - ETA: 0s - loss: 5.0813e-04 - acc: 1.0000
 600/1460 [===========>..................] - ETA: 0s - loss: 0.0327 - acc: 0.9883    
1200/1460 [=======================>......] - ETA: 0s - loss: 0.0269 - acc: 0.9900
1460/1460 [==============================] - 0s 89us/step - loss: 0.0270 - acc: 0.9897 - val_loss: 0.0567 - val_acc: 0.9877
Epoch 19/30

  20/1460 [..............................] - ETA: 0s - loss: 0.0015 - acc: 1.0000
 600/1460 [===========>..................] - ETA: 0s - loss: 0.0301 - acc: 0.9933
1180/1460 [=======================>......] - ETA: 0s - loss: 0.0261 - acc: 0.9932
1460/1460 [==============================] - 0s 90us/step - loss: 0.0223 - acc: 0.9945 - val_loss: 0.0736 - val_acc: 0.9815
Epoch 20/30

  20/1460 [..............................] - ETA: 0s - loss: 0.0130 - acc: 1.0000
 620/1460 [===========>..................] - ETA: 0s - loss: 0.0117 - acc: 0.9968
1200/1460 [=======================>......] - ETA: 0s - loss: 0.0199 - acc: 0.9958
1460/1460 [==============================] - 0s 91us/step - loss: 0.0186 - acc: 0.9952 - val_loss: 0.0708 - val_acc: 0.9877
Epoch 21/30

  20/1460 [..............................] - ETA: 0s - loss: 0.0030 - acc: 1.0000
 560/1460 [==========>...................] - ETA: 0s - loss: 0.0263 - acc: 0.9946
1100/1460 [=====================>........] - ETA: 0s - loss: 0.0180 - acc: 0.9964
1460/1460 [==============================] - 0s 97us/step - loss: 0.0174 - acc: 0.9959 - val_loss: 0.0683 - val_acc: 0.9815
Epoch 22/30

  20/1460 [..............................] - ETA: 0s - loss: 9.3453e-04 - acc: 1.0000
 580/1460 [==========>...................] - ETA: 0s - loss: 0.0214 - acc: 0.9966    
1160/1460 [======================>.......] - ETA: 0s - loss: 0.0174 - acc: 0.9957
1460/1460 [==============================] - 0s 93us/step - loss: 0.0191 - acc: 0.9952 - val_loss: 0.0756 - val_acc: 0.9877
Epoch 23/30

  20/1460 [..............................] - ETA: 0s - loss: 0.0039 - acc: 1.0000
 580/1460 [==========>...................] - ETA: 0s - loss: 0.0226 - acc: 0.9948
1140/1460 [======================>.......] - ETA: 0s - loss: 0.0214 - acc: 0.9947
1460/1460 [==============================] - 0s 93us/step - loss: 0.0190 - acc: 0.9952 - val_loss: 0.0834 - val_acc: 0.9815
acc: 98.77%
Train on 1460 samples, validate on 162 samples
Epoch 1/30

  20/1460 [..............................] - ETA: 1:26 - loss: 0.7196 - acc: 0.4500
 420/1460 [=======>......................] - ETA: 3s - loss: 0.3649 - acc: 0.8333  
 840/1460 [================>.............] - ETA: 0s - loss: 0.2388 - acc: 0.8940
1240/1460 [========================>.....] - ETA: 0s - loss: 0.2075 - acc: 0.9105
1460/1460 [==============================] - 2s 1ms/step - loss: 0.1977 - acc: 0.9164 - val_loss: 0.1459 - val_acc: 0.9630
Epoch 2/30

  20/1460 [..............................] - ETA: 0s - loss: 0.1281 - acc: 0.9500
 440/1460 [========>.....................] - ETA: 0s - loss: 0.0988 - acc: 0.9750
 880/1460 [=================>............] - ETA: 0s - loss: 0.1064 - acc: 0.9693
1320/1460 [==========================>...] - ETA: 0s - loss: 0.0956 - acc: 0.9720
1460/1460 [==============================] - 0s 124us/step - loss: 0.0914 - acc: 0.9740 - val_loss: 0.1053 - val_acc: 0.9753
Epoch 3/30

  20/1460 [..............................] - ETA: 0s - loss: 0.0528 - acc: 0.9500
 460/1460 [========>.....................] - ETA: 0s - loss: 0.0684 - acc: 0.9783
 900/1460 [=================>............] - ETA: 0s - loss: 0.0866 - acc: 0.9711
1320/1460 [==========================>...] - ETA: 0s - loss: 0.0793 - acc: 0.9727
1460/1460 [==============================] - 0s 122us/step - loss: 0.0816 - acc: 0.9733 - val_loss: 0.0929 - val_acc: 0.9753
Epoch 4/30

  20/1460 [..............................] - ETA: 0s - loss: 0.0525 - acc: 0.9500
 460/1460 [========>.....................] - ETA: 0s - loss: 0.0454 - acc: 0.9870
 860/1460 [================>.............] - ETA: 0s - loss: 0.0823 - acc: 0.9744
1260/1460 [========================>.....] - ETA: 0s - loss: 0.0884 - acc: 0.9722
1460/1460 [==============================] - 0s 127us/step - loss: 0.0902 - acc: 0.9712 - val_loss: 0.0880 - val_acc: 0.9753
Epoch 5/30

  20/1460 [..............................] - ETA: 0s - loss: 0.0995 - acc: 0.9500
 440/1460 [========>.....................] - ETA: 0s - loss: 0.0395 - acc: 0.9909
 880/1460 [=================>............] - ETA: 0s - loss: 0.0539 - acc: 0.9864
1300/1460 [=========================>....] - ETA: 0s - loss: 0.0626 - acc: 0.9800
1460/1460 [==============================] - 0s 123us/step - loss: 0.0609 - acc: 0.9808 - val_loss: 0.0906 - val_acc: 0.9691
Epoch 6/30

  20/1460 [..............................] - ETA: 0s - loss: 0.0097 - acc: 1.0000
 460/1460 [========>.....................] - ETA: 0s - loss: 0.0733 - acc: 0.9717
 900/1460 [=================>............] - ETA: 0s - loss: 0.0767 - acc: 0.9700
1320/1460 [==========================>...] - ETA: 0s - loss: 0.0770 - acc: 0.9712
1460/1460 [==============================] - 0s 123us/step - loss: 0.0761 - acc: 0.9719 - val_loss: 0.1229 - val_acc: 0.9568
Epoch 7/30

  20/1460 [..............................] - ETA: 0s - loss: 0.3299 - acc: 0.9500
 480/1460 [========>.....................] - ETA: 0s - loss: 0.0656 - acc: 0.9833
 900/1460 [=================>............] - ETA: 0s - loss: 0.0650 - acc: 0.9811
1320/1460 [==========================>...] - ETA: 0s - loss: 0.0737 - acc: 0.9758
1460/1460 [==============================] - 0s 124us/step - loss: 0.0710 - acc: 0.9767 - val_loss: 0.1196 - val_acc: 0.9630
Epoch 8/30

  20/1460 [..............................] - ETA: 0s - loss: 0.0758 - acc: 0.9500
 440/1460 [========>.....................] - ETA: 0s - loss: 0.0667 - acc: 0.9659
 860/1460 [================>.............] - ETA: 0s - loss: 0.0712 - acc: 0.9698
1260/1460 [========================>.....] - ETA: 0s - loss: 0.0792 - acc: 0.9675
1460/1460 [==============================] - 0s 127us/step - loss: 0.0780 - acc: 0.9678 - val_loss: 0.1149 - val_acc: 0.9630
Epoch 9/30

  20/1460 [..............................] - ETA: 0s - loss: 0.0255 - acc: 1.0000
 440/1460 [========>.....................] - ETA: 0s - loss: 0.0528 - acc: 0.9841
 860/1460 [================>.............] - ETA: 0s - loss: 0.0563 - acc: 0.9814
1280/1460 [=========================>....] - ETA: 0s - loss: 0.0665 - acc: 0.9766
1460/1460 [==============================] - 0s 126us/step - loss: 0.0625 - acc: 0.9781 - val_loss: 0.0816 - val_acc: 0.9753
Epoch 10/30

  20/1460 [..............................] - ETA: 0s - loss: 0.2693 - acc: 0.9500
 460/1460 [========>.....................] - ETA: 0s - loss: 0.0549 - acc: 0.9826
 880/1460 [=================>............] - ETA: 0s - loss: 0.0435 - acc: 0.9864
1300/1460 [=========================>....] - ETA: 0s - loss: 0.0438 - acc: 0.9862
1460/1460 [==============================] - 0s 122us/step - loss: 0.0445 - acc: 0.9856 - val_loss: 0.1289 - val_acc: 0.9691
Epoch 11/30

  20/1460 [..............................] - ETA: 0s - loss: 0.1813 - acc: 0.9000
 440/1460 [========>.....................] - ETA: 0s - loss: 0.0471 - acc: 0.9773
 880/1460 [=================>............] - ETA: 0s - loss: 0.0491 - acc: 0.9807
1120/1460 [======================>.......] - ETA: 0s - loss: 0.0472 - acc: 0.9812
1320/1460 [==========================>...] - ETA: 0s - loss: 0.0554 - acc: 0.9788
1460/1460 [==============================] - 0s 153us/step - loss: 0.0519 - acc: 0.9808 - val_loss: 0.0850 - val_acc: 0.9877
Epoch 12/30

  20/1460 [..............................] - ETA: 0s - loss: 0.0641 - acc: 0.9500
 600/1460 [===========>..................] - ETA: 0s - loss: 0.0366 - acc: 0.9883
1160/1460 [======================>.......] - ETA: 0s - loss: 0.0450 - acc: 0.9836
1460/1460 [==============================] - 0s 91us/step - loss: 0.0465 - acc: 0.9822 - val_loss: 0.1027 - val_acc: 0.9691
Epoch 13/30

  20/1460 [..............................] - ETA: 0s - loss: 0.0077 - acc: 1.0000
 580/1460 [==========>...................] - ETA: 0s - loss: 0.0467 - acc: 0.9845
1140/1460 [======================>.......] - ETA: 0s - loss: 0.0545 - acc: 0.9781
1460/1460 [==============================] - 0s 94us/step - loss: 0.0528 - acc: 0.9788 - val_loss: 0.1121 - val_acc: 0.9630
Epoch 14/30

  20/1460 [..............................] - ETA: 0s - loss: 0.0102 - acc: 1.0000
 600/1460 [===========>..................] - ETA: 0s - loss: 0.0334 - acc: 0.9900
1200/1460 [=======================>......] - ETA: 0s - loss: 0.0326 - acc: 0.9900
1460/1460 [==============================] - 0s 89us/step - loss: 0.0381 - acc: 0.9856 - val_loss: 0.0758 - val_acc: 0.9753
Epoch 15/30

  20/1460 [..............................] - ETA: 0s - loss: 0.0043 - acc: 1.0000
 620/1460 [===========>..................] - ETA: 0s - loss: 0.0370 - acc: 0.9823
1220/1460 [========================>.....] - ETA: 0s - loss: 0.0443 - acc: 0.9811
1460/1460 [==============================] - 0s 91us/step - loss: 0.0442 - acc: 0.9808 - val_loss: 0.1016 - val_acc: 0.9815
Epoch 16/30

  20/1460 [..............................] - ETA: 0s - loss: 0.0454 - acc: 1.0000
 580/1460 [==========>...................] - ETA: 0s - loss: 0.0424 - acc: 0.9879
1160/1460 [======================>.......] - ETA: 0s - loss: 0.0448 - acc: 0.9888
1460/1460 [==============================] - 0s 92us/step - loss: 0.0464 - acc: 0.9877 - val_loss: 0.0900 - val_acc: 0.9753
Epoch 17/30

  20/1460 [..............................] - ETA: 0s - loss: 0.0457 - acc: 0.9500
 600/1460 [===========>..................] - ETA: 0s - loss: 0.0492 - acc: 0.9833
1180/1460 [=======================>......] - ETA: 0s - loss: 0.0420 - acc: 0.9847
1460/1460 [==============================] - 0s 92us/step - loss: 0.0395 - acc: 0.9870 - val_loss: 0.1203 - val_acc: 0.9753
Epoch 18/30

  20/1460 [..............................] - ETA: 0s - loss: 1.9582e-04 - acc: 1.0000
 600/1460 [===========>..................] - ETA: 0s - loss: 0.0447 - acc: 0.9867    
1160/1460 [======================>.......] - ETA: 0s - loss: 0.0413 - acc: 0.9888
1460/1460 [==============================] - 0s 92us/step - loss: 0.0417 - acc: 0.9877 - val_loss: 0.0957 - val_acc: 0.9753
Epoch 19/30

  20/1460 [..............................] - ETA: 0s - loss: 0.0042 - acc: 1.0000
 600/1460 [===========>..................] - ETA: 0s - loss: 0.0486 - acc: 0.9850
1200/1460 [=======================>......] - ETA: 0s - loss: 0.0396 - acc: 0.9858
1460/1460 [==============================] - 0s 89us/step - loss: 0.0400 - acc: 0.9856 - val_loss: 0.1293 - val_acc: 0.9691
Epoch 20/30

  20/1460 [..............................] - ETA: 0s - loss: 0.1555 - acc: 0.9500
 640/1460 [============>.................] - ETA: 0s - loss: 0.0455 - acc: 0.9859
1220/1460 [========================>.....] - ETA: 0s - loss: 0.0371 - acc: 0.9885
1460/1460 [==============================] - 0s 88us/step - loss: 0.0352 - acc: 0.9890 - val_loss: 0.1529 - val_acc: 0.9691
Epoch 21/30

  20/1460 [..............................] - ETA: 0s - loss: 0.0950 - acc: 0.9500
 620/1460 [===========>..................] - ETA: 0s - loss: 0.0484 - acc: 0.9887
1160/1460 [======================>.......] - ETA: 0s - loss: 0.0327 - acc: 0.9922
1460/1460 [==============================] - 0s 93us/step - loss: 0.0337 - acc: 0.9897 - val_loss: 0.1263 - val_acc: 0.9753
Epoch 22/30

  20/1460 [..............................] - ETA: 0s - loss: 0.0101 - acc: 1.0000
 560/1460 [==========>...................] - ETA: 0s - loss: 0.0172 - acc: 0.9946
1100/1460 [=====================>........] - ETA: 0s - loss: 0.0227 - acc: 0.9927
1460/1460 [==============================] - 0s 96us/step - loss: 0.0287 - acc: 0.9911 - val_loss: 0.1238 - val_acc: 0.9753
Epoch 23/30

  20/1460 [..............................] - ETA: 0s - loss: 0.0319 - acc: 1.0000
 600/1460 [===========>..................] - ETA: 0s - loss: 0.0157 - acc: 0.9933
1180/1460 [=======================>......] - ETA: 0s - loss: 0.0264 - acc: 0.9907
1460/1460 [==============================] - 0s 93us/step - loss: 0.0266 - acc: 0.9911 - val_loss: 0.1520 - val_acc: 0.9691
Epoch 24/30

  20/1460 [..............................] - ETA: 0s - loss: 0.0155 - acc: 1.0000
 560/1460 [==========>...................] - ETA: 0s - loss: 0.0407 - acc: 0.9857
1120/1460 [======================>.......] - ETA: 0s - loss: 0.0284 - acc: 0.9902
1460/1460 [==============================] - 0s 94us/step - loss: 0.0253 - acc: 0.9911 - val_loss: 0.1303 - val_acc: 0.9691
Epoch 25/30

  20/1460 [..............................] - ETA: 0s - loss: 0.0065 - acc: 1.0000
 620/1460 [===========>..................] - ETA: 0s - loss: 0.0156 - acc: 0.9952
1220/1460 [========================>.....] - ETA: 0s - loss: 0.0219 - acc: 0.9951
1460/1460 [==============================] - 0s 88us/step - loss: 0.0199 - acc: 0.9952 - val_loss: 0.1326 - val_acc: 0.9753
acc: 98.77%
Train on 1460 samples, validate on 162 samples
Epoch 1/30

  20/1460 [..............................] - ETA: 1:38 - loss: 0.7151 - acc: 0.4500
 460/1460 [========>.....................] - ETA: 3s - loss: 0.3545 - acc: 0.8543  
 900/1460 [=================>............] - ETA: 0s - loss: 0.2567 - acc: 0.9022
1340/1460 [==========================>...] - ETA: 0s - loss: 0.2176 - acc: 0.9194
1460/1460 [==============================] - 2s 1ms/step - loss: 0.2102 - acc: 0.9219 - val_loss: 0.0942 - val_acc: 0.9815
Epoch 2/30

  20/1460 [..............................] - ETA: 0s - loss: 0.0772 - acc: 0.9500
 440/1460 [========>.....................] - ETA: 0s - loss: 0.0771 - acc: 0.9727
 860/1460 [================>.............] - ETA: 0s - loss: 0.0787 - acc: 0.9744
1280/1460 [=========================>....] - ETA: 0s - loss: 0.0971 - acc: 0.9687
1460/1460 [==============================] - 0s 126us/step - loss: 0.1054 - acc: 0.9651 - val_loss: 0.1470 - val_acc: 0.9630
Epoch 3/30

  20/1460 [..............................] - ETA: 0s - loss: 0.0489 - acc: 1.0000
 460/1460 [========>.....................] - ETA: 0s - loss: 0.0604 - acc: 0.9783
 880/1460 [=================>............] - ETA: 0s - loss: 0.0774 - acc: 0.9739
1280/1460 [=========================>....] - ETA: 0s - loss: 0.0813 - acc: 0.9734
1460/1460 [==============================] - 0s 125us/step - loss: 0.0812 - acc: 0.9726 - val_loss: 0.1063 - val_acc: 0.9753
Epoch 4/30

  20/1460 [..............................] - ETA: 0s - loss: 0.0355 - acc: 1.0000
 440/1460 [========>.....................] - ETA: 0s - loss: 0.0529 - acc: 0.9773
 860/1460 [================>.............] - ETA: 0s - loss: 0.0582 - acc: 0.9779
1280/1460 [=========================>....] - ETA: 0s - loss: 0.0576 - acc: 0.9805
1460/1460 [==============================] - 0s 125us/step - loss: 0.0613 - acc: 0.9795 - val_loss: 0.1203 - val_acc: 0.9753
Epoch 5/30

  20/1460 [..............................] - ETA: 0s - loss: 0.0097 - acc: 1.0000
 480/1460 [========>.....................] - ETA: 0s - loss: 0.0477 - acc: 0.9854
 880/1460 [=================>............] - ETA: 0s - loss: 0.0500 - acc: 0.9830
1280/1460 [=========================>....] - ETA: 0s - loss: 0.0459 - acc: 0.9852
1460/1460 [==============================] - 0s 125us/step - loss: 0.0502 - acc: 0.9829 - val_loss: 0.1371 - val_acc: 0.9691
Epoch 6/30

  20/1460 [..............................] - ETA: 0s - loss: 0.0041 - acc: 1.0000
 420/1460 [=======>......................] - ETA: 0s - loss: 0.0352 - acc: 0.9905
 880/1460 [=================>............] - ETA: 0s - loss: 0.0480 - acc: 0.9875
1300/1460 [=========================>....] - ETA: 0s - loss: 0.0523 - acc: 0.9838
1460/1460 [==============================] - 0s 124us/step - loss: 0.0534 - acc: 0.9842 - val_loss: 0.1238 - val_acc: 0.9630
Epoch 7/30

  20/1460 [..............................] - ETA: 0s - loss: 0.0176 - acc: 1.0000
 440/1460 [========>.....................] - ETA: 0s - loss: 0.0604 - acc: 0.9818
 860/1460 [================>.............] - ETA: 0s - loss: 0.0580 - acc: 0.9791
1320/1460 [==========================>...] - ETA: 0s - loss: 0.0643 - acc: 0.9765
1460/1460 [==============================] - 0s 124us/step - loss: 0.0656 - acc: 0.9767 - val_loss: 0.1719 - val_acc: 0.9630
Epoch 8/30

  20/1460 [..............................] - ETA: 0s - loss: 0.2014 - acc: 0.9500
 440/1460 [========>.....................] - ETA: 0s - loss: 0.0592 - acc: 0.9864
 840/1460 [================>.............] - ETA: 0s - loss: 0.0515 - acc: 0.9869
1280/1460 [=========================>....] - ETA: 0s - loss: 0.0516 - acc: 0.9836
1460/1460 [==============================] - 0s 126us/step - loss: 0.0605 - acc: 0.9822 - val_loss: 0.1474 - val_acc: 0.9753
Epoch 9/30

  20/1460 [..............................] - ETA: 0s - loss: 0.0640 - acc: 0.9500
 460/1460 [========>.....................] - ETA: 0s - loss: 0.0578 - acc: 0.9804
 880/1460 [=================>............] - ETA: 0s - loss: 0.0544 - acc: 0.9807
1280/1460 [=========================>....] - ETA: 0s - loss: 0.0509 - acc: 0.9820
1460/1460 [==============================] - 0s 126us/step - loss: 0.0564 - acc: 0.9808 - val_loss: 0.1269 - val_acc: 0.9753
Epoch 10/30

  20/1460 [..............................] - ETA: 0s - loss: 0.0116 - acc: 1.0000
 420/1460 [=======>......................] - ETA: 0s - loss: 0.0228 - acc: 0.9952
 860/1460 [================>.............] - ETA: 0s - loss: 0.0401 - acc: 0.9860
1220/1460 [========================>.....] - ETA: 0s - loss: 0.0392 - acc: 0.9869
1460/1460 [==============================] - 0s 131us/step - loss: 0.0410 - acc: 0.9856 - val_loss: 0.1254 - val_acc: 0.9753
Epoch 11/30

  20/1460 [..............................] - ETA: 0s - loss: 0.0181 - acc: 1.0000
 560/1460 [==========>...................] - ETA: 0s - loss: 0.0485 - acc: 0.9839
1100/1460 [=====================>........] - ETA: 0s - loss: 0.0457 - acc: 0.9836
1460/1460 [==============================] - 0s 96us/step - loss: 0.0407 - acc: 0.9856 - val_loss: 0.1446 - val_acc: 0.9753
Epoch 12/30

  20/1460 [..............................] - ETA: 0s - loss: 0.0029 - acc: 1.0000
 580/1460 [==========>...................] - ETA: 0s - loss: 0.0358 - acc: 0.9879
1140/1460 [======================>.......] - ETA: 0s - loss: 0.0479 - acc: 0.9860
1460/1460 [==============================] - 0s 95us/step - loss: 0.0502 - acc: 0.9842 - val_loss: 0.1076 - val_acc: 0.9691
Epoch 13/30

  20/1460 [..............................] - ETA: 0s - loss: 0.0174 - acc: 1.0000
 580/1460 [==========>...................] - ETA: 0s - loss: 0.0666 - acc: 0.9810
1140/1460 [======================>.......] - ETA: 0s - loss: 0.0557 - acc: 0.9833
1460/1460 [==============================] - 0s 93us/step - loss: 0.0592 - acc: 0.9822 - val_loss: 0.0868 - val_acc: 0.9691
Epoch 14/30

  20/1460 [..............................] - ETA: 0s - loss: 0.2027 - acc: 0.9000
 600/1460 [===========>..................] - ETA: 0s - loss: 0.0635 - acc: 0.9767
1160/1460 [======================>.......] - ETA: 0s - loss: 0.0645 - acc: 0.9802
1460/1460 [==============================] - 0s 93us/step - loss: 0.0590 - acc: 0.9815 - val_loss: 0.0849 - val_acc: 0.9691
Epoch 15/30

  20/1460 [..............................] - ETA: 0s - loss: 0.0028 - acc: 1.0000
 580/1460 [==========>...................] - ETA: 0s - loss: 0.0291 - acc: 0.9914
1140/1460 [======================>.......] - ETA: 0s - loss: 0.0350 - acc: 0.9921
1460/1460 [==============================] - 0s 94us/step - loss: 0.0372 - acc: 0.9897 - val_loss: 0.0835 - val_acc: 0.9691
acc: 98.15%
Train on 1460 samples, validate on 162 samples
Epoch 1/30

  20/1460 [..............................] - ETA: 1:36 - loss: 0.7537 - acc: 0.3500
 600/1460 [===========>..................] - ETA: 2s - loss: 0.4119 - acc: 0.8350  
1160/1460 [======================>.......] - ETA: 0s - loss: 0.2951 - acc: 0.8905
1460/1460 [==============================] - 2s 1ms/step - loss: 0.2660 - acc: 0.9021 - val_loss: 0.1245 - val_acc: 0.9568
Epoch 2/30

  20/1460 [..............................] - ETA: 0s - loss: 0.0378 - acc: 1.0000
 440/1460 [========>.....................] - ETA: 0s - loss: 0.1325 - acc: 0.9500
 960/1460 [==================>...........] - ETA: 0s - loss: 0.1174 - acc: 0.9594
1460/1460 [==============================] - 0s 107us/step - loss: 0.1140 - acc: 0.9616 - val_loss: 0.1256 - val_acc: 0.9506
Epoch 3/30

  20/1460 [..............................] - ETA: 0s - loss: 0.0218 - acc: 1.0000
 600/1460 [===========>..................] - ETA: 0s - loss: 0.0715 - acc: 0.9833
1180/1460 [=======================>......] - ETA: 0s - loss: 0.0759 - acc: 0.9797
1460/1460 [==============================] - 0s 93us/step - loss: 0.0758 - acc: 0.9788 - val_loss: 0.1443 - val_acc: 0.9383
Epoch 4/30

  20/1460 [..............................] - ETA: 0s - loss: 0.1020 - acc: 0.9500
 600/1460 [===========>..................] - ETA: 0s - loss: 0.0844 - acc: 0.9800
1140/1460 [======================>.......] - ETA: 0s - loss: 0.0717 - acc: 0.9798
1460/1460 [==============================] - 0s 94us/step - loss: 0.0728 - acc: 0.9795 - val_loss: 0.1065 - val_acc: 0.9691
Epoch 5/30

  20/1460 [..............................] - ETA: 0s - loss: 0.0393 - acc: 1.0000
 600/1460 [===========>..................] - ETA: 0s - loss: 0.0651 - acc: 0.9783
1200/1460 [=======================>......] - ETA: 0s - loss: 0.0646 - acc: 0.9783
1460/1460 [==============================] - 0s 89us/step - loss: 0.0618 - acc: 0.9788 - val_loss: 0.0861 - val_acc: 0.9630
Epoch 6/30

  20/1460 [..............................] - ETA: 0s - loss: 0.1300 - acc: 0.9500
 620/1460 [===========>..................] - ETA: 0s - loss: 0.0406 - acc: 0.9871
1180/1460 [=======================>......] - ETA: 0s - loss: 0.0577 - acc: 0.9822
1460/1460 [==============================] - 0s 102us/step - loss: 0.0602 - acc: 0.9822 - val_loss: 0.0945 - val_acc: 0.9691
Epoch 7/30

  20/1460 [..............................] - ETA: 0s - loss: 0.0151 - acc: 1.0000
 440/1460 [========>.....................] - ETA: 0s - loss: 0.0772 - acc: 0.9773
 840/1460 [================>.............] - ETA: 0s - loss: 0.0627 - acc: 0.9798
1260/1460 [========================>.....] - ETA: 0s - loss: 0.0603 - acc: 0.9810
1460/1460 [==============================] - 0s 130us/step - loss: 0.0621 - acc: 0.9808 - val_loss: 0.0825 - val_acc: 0.9630
Epoch 8/30

  20/1460 [..............................] - ETA: 0s - loss: 0.0131 - acc: 1.0000
 440/1460 [========>.....................] - ETA: 0s - loss: 0.0361 - acc: 0.9864
 860/1460 [================>.............] - ETA: 0s - loss: 0.0393 - acc: 0.9884
1300/1460 [=========================>....] - ETA: 0s - loss: 0.0454 - acc: 0.9877
1460/1460 [==============================] - 0s 124us/step - loss: 0.0487 - acc: 0.9856 - val_loss: 0.1370 - val_acc: 0.9568
Epoch 9/30

  20/1460 [..............................] - ETA: 0s - loss: 0.0092 - acc: 1.0000
 440/1460 [========>.....................] - ETA: 0s - loss: 0.0320 - acc: 0.9864
 840/1460 [================>.............] - ETA: 0s - loss: 0.0327 - acc: 0.9893
1280/1460 [=========================>....] - ETA: 0s - loss: 0.0387 - acc: 0.9875
1460/1460 [==============================] - 0s 125us/step - loss: 0.0405 - acc: 0.9870 - val_loss: 0.1027 - val_acc: 0.9630
Epoch 10/30

  20/1460 [..............................] - ETA: 0s - loss: 0.2419 - acc: 0.9500
 420/1460 [=======>......................] - ETA: 0s - loss: 0.0205 - acc: 0.9976
 840/1460 [================>.............] - ETA: 0s - loss: 0.0407 - acc: 0.9929
1240/1460 [========================>.....] - ETA: 0s - loss: 0.0379 - acc: 0.9911
1460/1460 [==============================] - 0s 127us/step - loss: 0.0365 - acc: 0.9918 - val_loss: 0.0987 - val_acc: 0.9691
Epoch 11/30

  20/1460 [..............................] - ETA: 0s - loss: 0.0155 - acc: 1.0000
 420/1460 [=======>......................] - ETA: 0s - loss: 0.0150 - acc: 1.0000
 840/1460 [================>.............] - ETA: 0s - loss: 0.0134 - acc: 0.9988
1260/1460 [========================>.....] - ETA: 0s - loss: 0.0237 - acc: 0.9937
1460/1460 [==============================] - 0s 130us/step - loss: 0.0272 - acc: 0.9932 - val_loss: 0.0904 - val_acc: 0.9753
Epoch 12/30

  20/1460 [..............................] - ETA: 0s - loss: 0.0080 - acc: 1.0000
 460/1460 [========>.....................] - ETA: 0s - loss: 0.0449 - acc: 0.9848
 860/1460 [================>.............] - ETA: 0s - loss: 0.0405 - acc: 0.9895
1260/1460 [========================>.....] - ETA: 0s - loss: 0.0357 - acc: 0.9897
1460/1460 [==============================] - 0s 128us/step - loss: 0.0410 - acc: 0.9890 - val_loss: 0.0700 - val_acc: 0.9630
Epoch 13/30

  20/1460 [..............................] - ETA: 0s - loss: 0.2319 - acc: 0.9500
 420/1460 [=======>......................] - ETA: 0s - loss: 0.0284 - acc: 0.9929
 840/1460 [================>.............] - ETA: 0s - loss: 0.0220 - acc: 0.9940
1260/1460 [========================>.....] - ETA: 0s - loss: 0.0291 - acc: 0.9897
1460/1460 [==============================] - 0s 128us/step - loss: 0.0315 - acc: 0.9890 - val_loss: 0.1107 - val_acc: 0.9568
Epoch 14/30

  20/1460 [..............................] - ETA: 0s - loss: 0.0725 - acc: 0.9500
 440/1460 [========>.....................] - ETA: 0s - loss: 0.0186 - acc: 0.9909
 880/1460 [=================>............] - ETA: 0s - loss: 0.0346 - acc: 0.9864
1300/1460 [=========================>....] - ETA: 0s - loss: 0.0282 - acc: 0.9892
1460/1460 [==============================] - 0s 125us/step - loss: 0.0277 - acc: 0.9897 - val_loss: 0.1378 - val_acc: 0.9568
Epoch 15/30

  20/1460 [..............................] - ETA: 0s - loss: 0.0018 - acc: 1.0000
 420/1460 [=======>......................] - ETA: 0s - loss: 0.0275 - acc: 0.9952
 840/1460 [================>.............] - ETA: 0s - loss: 0.0190 - acc: 0.9964
1260/1460 [========================>.....] - ETA: 0s - loss: 0.0307 - acc: 0.9905
1460/1460 [==============================] - 0s 129us/step - loss: 0.0296 - acc: 0.9904 - val_loss: 0.1778 - val_acc: 0.9506
Epoch 16/30

  20/1460 [..............................] - ETA: 0s - loss: 0.0107 - acc: 1.0000
 420/1460 [=======>......................] - ETA: 0s - loss: 0.0284 - acc: 0.9905
 820/1460 [===============>..............] - ETA: 0s - loss: 0.0227 - acc: 0.9927
1260/1460 [========================>.....] - ETA: 0s - loss: 0.0247 - acc: 0.9929
1460/1460 [==============================] - 0s 128us/step - loss: 0.0272 - acc: 0.9911 - val_loss: 0.1764 - val_acc: 0.9630
Epoch 17/30

  20/1460 [..............................] - ETA: 0s - loss: 0.0207 - acc: 1.0000
 440/1460 [========>.....................] - ETA: 0s - loss: 0.0314 - acc: 0.9864
 880/1460 [=================>............] - ETA: 0s - loss: 0.0282 - acc: 0.9909
1320/1460 [==========================>...] - ETA: 0s - loss: 0.0289 - acc: 0.9902
1460/1460 [==============================] - 0s 122us/step - loss: 0.0275 - acc: 0.9911 - val_loss: 0.1462 - val_acc: 0.9753
Epoch 18/30

  20/1460 [..............................] - ETA: 0s - loss: 0.0026 - acc: 1.0000
 440/1460 [========>.....................] - ETA: 0s - loss: 0.0229 - acc: 0.9955
 860/1460 [================>.............] - ETA: 0s - loss: 0.0346 - acc: 0.9930
1280/1460 [=========================>....] - ETA: 0s - loss: 0.0322 - acc: 0.9914
1460/1460 [==============================] - 0s 128us/step - loss: 0.0301 - acc: 0.9911 - val_loss: 0.1281 - val_acc: 0.9691
Epoch 19/30

  20/1460 [..............................] - ETA: 0s - loss: 0.0062 - acc: 1.0000
 440/1460 [========>.....................] - ETA: 0s - loss: 0.0313 - acc: 0.9886
 880/1460 [=================>............] - ETA: 0s - loss: 0.0256 - acc: 0.9909
1280/1460 [=========================>....] - ETA: 0s - loss: 0.0290 - acc: 0.9898
1460/1460 [==============================] - 0s 127us/step - loss: 0.0331 - acc: 0.9877 - val_loss: 0.1212 - val_acc: 0.9691
Epoch 20/30

  20/1460 [..............................] - ETA: 0s - loss: 0.0253 - acc: 1.0000
 440/1460 [========>.....................] - ETA: 0s - loss: 0.0145 - acc: 0.9955
 860/1460 [================>.............] - ETA: 0s - loss: 0.0274 - acc: 0.9907
1280/1460 [=========================>....] - ETA: 0s - loss: 0.0308 - acc: 0.9891
1460/1460 [==============================] - 0s 126us/step - loss: 0.0325 - acc: 0.9884 - val_loss: 0.1444 - val_acc: 0.9691
Epoch 21/30

  20/1460 [..............................] - ETA: 0s - loss: 0.0020 - acc: 1.0000
 440/1460 [========>.....................] - ETA: 0s - loss: 0.0229 - acc: 0.9932
 860/1460 [================>.............] - ETA: 0s - loss: 0.0347 - acc: 0.9895
1320/1460 [==========================>...] - ETA: 0s - loss: 0.0301 - acc: 0.9894
1460/1460 [==============================] - 0s 122us/step - loss: 0.0320 - acc: 0.9884 - val_loss: 0.1104 - val_acc: 0.9753
Epoch 22/30

  20/1460 [..............................] - ETA: 0s - loss: 5.7157e-04 - acc: 1.0000
 400/1460 [=======>......................] - ETA: 0s - loss: 0.0260 - acc: 0.9925    
 820/1460 [===============>..............] - ETA: 0s - loss: 0.0276 - acc: 0.9915
1400/1460 [===========================>..] - ETA: 0s - loss: 0.0347 - acc: 0.9886
1460/1460 [==============================] - 0s 115us/step - loss: 0.0382 - acc: 0.9884 - val_loss: 0.0956 - val_acc: 0.9691
Epoch 23/30

  20/1460 [..............................] - ETA: 0s - loss: 0.0046 - acc: 1.0000
 560/1460 [==========>...................] - ETA: 0s - loss: 0.0263 - acc: 0.9893
1100/1460 [=====================>........] - ETA: 0s - loss: 0.0248 - acc: 0.9909
1460/1460 [==============================] - 0s 96us/step - loss: 0.0308 - acc: 0.9897 - val_loss: 0.1207 - val_acc: 0.9568
Epoch 24/30

  20/1460 [..............................] - ETA: 0s - loss: 0.0017 - acc: 1.0000
 580/1460 [==========>...................] - ETA: 0s - loss: 0.0326 - acc: 0.9879
1120/1460 [======================>.......] - ETA: 0s - loss: 0.0410 - acc: 0.9884
1460/1460 [==============================] - 0s 98us/step - loss: 0.0430 - acc: 0.9856 - val_loss: 0.1342 - val_acc: 0.9568
Epoch 25/30

  20/1460 [..............................] - ETA: 0s - loss: 0.0622 - acc: 0.9500
 560/1460 [==========>...................] - ETA: 0s - loss: 0.0408 - acc: 0.9893
1120/1460 [======================>.......] - ETA: 0s - loss: 0.0366 - acc: 0.9893
1460/1460 [==============================] - 0s 95us/step - loss: 0.0377 - acc: 0.9877 - val_loss: 0.1214 - val_acc: 0.9506
acc: 97.53%
Train on 1461 samples, validate on 161 samples
Epoch 1/30

  20/1461 [..............................] - ETA: 1:47 - loss: 0.6951 - acc: 0.5000
 540/1461 [==========>...................] - ETA: 2s - loss: 0.4373 - acc: 0.7981  
 960/1461 [==================>...........] - ETA: 0s - loss: 0.3256 - acc: 0.8594
1420/1461 [============================>.] - ETA: 0s - loss: 0.2587 - acc: 0.8930
1461/1461 [==============================] - 2s 1ms/step - loss: 0.2548 - acc: 0.8953 - val_loss: 0.0583 - val_acc: 0.9814
Epoch 2/30

  20/1461 [..............................] - ETA: 0s - loss: 0.0180 - acc: 1.0000
 600/1461 [===========>..................] - ETA: 0s - loss: 0.0822 - acc: 0.9733
1220/1461 [========================>.....] - ETA: 0s - loss: 0.1047 - acc: 0.9639
1461/1461 [==============================] - 0s 90us/step - loss: 0.1056 - acc: 0.9658 - val_loss: 0.0662 - val_acc: 0.9689
Epoch 3/30

  20/1461 [..............................] - ETA: 0s - loss: 0.0288 - acc: 1.0000
 620/1461 [===========>..................] - ETA: 0s - loss: 0.0813 - acc: 0.9694
1180/1461 [=======================>......] - ETA: 0s - loss: 0.0840 - acc: 0.9653
1461/1461 [==============================] - 0s 102us/step - loss: 0.0923 - acc: 0.9617 - val_loss: 0.1098 - val_acc: 0.9752
Epoch 4/30

  20/1461 [..............................] - ETA: 0s - loss: 0.0310 - acc: 1.0000
 400/1461 [=======>......................] - ETA: 0s - loss: 0.0474 - acc: 0.9850
 840/1461 [================>.............] - ETA: 0s - loss: 0.0481 - acc: 0.9821
1220/1461 [========================>.....] - ETA: 0s - loss: 0.0635 - acc: 0.9754
1461/1461 [==============================] - 0s 136us/step - loss: 0.0696 - acc: 0.9733 - val_loss: 0.0683 - val_acc: 0.9752
Epoch 5/30

  20/1461 [..............................] - ETA: 0s - loss: 0.0923 - acc: 0.9500
 400/1461 [=======>......................] - ETA: 0s - loss: 0.0432 - acc: 0.9850
 820/1461 [===============>..............] - ETA: 0s - loss: 0.0571 - acc: 0.9780
1240/1461 [========================>.....] - ETA: 0s - loss: 0.0578 - acc: 0.9774
1461/1461 [==============================] - 0s 132us/step - loss: 0.0582 - acc: 0.9788 - val_loss: 0.0553 - val_acc: 0.9752
Epoch 6/30

  20/1461 [..............................] - ETA: 0s - loss: 0.0182 - acc: 1.0000
 440/1461 [========>.....................] - ETA: 0s - loss: 0.0251 - acc: 0.9932
 860/1461 [================>.............] - ETA: 0s - loss: 0.0396 - acc: 0.9884
1280/1461 [=========================>....] - ETA: 0s - loss: 0.0472 - acc: 0.9852
1461/1461 [==============================] - 0s 128us/step - loss: 0.0490 - acc: 0.9849 - val_loss: 0.0420 - val_acc: 0.9814
Epoch 7/30

  20/1461 [..............................] - ETA: 0s - loss: 0.0149 - acc: 1.0000
 420/1461 [=======>......................] - ETA: 0s - loss: 0.0360 - acc: 0.9881
 840/1461 [================>.............] - ETA: 0s - loss: 0.0501 - acc: 0.9810
1220/1461 [========================>.....] - ETA: 0s - loss: 0.0466 - acc: 0.9828
1461/1461 [==============================] - 0s 132us/step - loss: 0.0505 - acc: 0.9829 - val_loss: 0.0547 - val_acc: 0.9752
Epoch 8/30

  20/1461 [..............................] - ETA: 0s - loss: 0.0148 - acc: 1.0000
 420/1461 [=======>......................] - ETA: 0s - loss: 0.0594 - acc: 0.9810
 840/1461 [================>.............] - ETA: 0s - loss: 0.0674 - acc: 0.9786
1260/1461 [========================>.....] - ETA: 0s - loss: 0.0590 - acc: 0.9825
1461/1461 [==============================] - 0s 131us/step - loss: 0.0605 - acc: 0.9802 - val_loss: 0.0770 - val_acc: 0.9752
Epoch 9/30

  20/1461 [..............................] - ETA: 0s - loss: 0.0114 - acc: 1.0000
 420/1461 [=======>......................] - ETA: 0s - loss: 0.0486 - acc: 0.9857
 820/1461 [===============>..............] - ETA: 0s - loss: 0.0603 - acc: 0.9793
1220/1461 [========================>.....] - ETA: 0s - loss: 0.0564 - acc: 0.9803
1461/1461 [==============================] - 0s 136us/step - loss: 0.0616 - acc: 0.9788 - val_loss: 0.0240 - val_acc: 1.0000
Epoch 10/30

  20/1461 [..............................] - ETA: 0s - loss: 0.3043 - acc: 0.9500
 460/1461 [========>.....................] - ETA: 0s - loss: 0.0459 - acc: 0.9870
 900/1461 [=================>............] - ETA: 0s - loss: 0.0587 - acc: 0.9811
1320/1461 [==========================>...] - ETA: 0s - loss: 0.0670 - acc: 0.9765
1461/1461 [==============================] - 0s 124us/step - loss: 0.0684 - acc: 0.9774 - val_loss: 0.0900 - val_acc: 0.9752
Epoch 11/30

  20/1461 [..............................] - ETA: 0s - loss: 0.0893 - acc: 0.9500
 420/1461 [=======>......................] - ETA: 0s - loss: 0.1005 - acc: 0.9619
 840/1461 [================>.............] - ETA: 0s - loss: 0.0869 - acc: 0.9679
1260/1461 [========================>.....] - ETA: 0s - loss: 0.0823 - acc: 0.9698
1461/1461 [==============================] - 0s 130us/step - loss: 0.0817 - acc: 0.9699 - val_loss: 0.0991 - val_acc: 0.9565
Epoch 12/30

  20/1461 [..............................] - ETA: 0s - loss: 0.1636 - acc: 0.9000
 460/1461 [========>.....................] - ETA: 0s - loss: 0.0560 - acc: 0.9804
 880/1461 [=================>............] - ETA: 0s - loss: 0.0600 - acc: 0.9784
1320/1461 [==========================>...] - ETA: 0s - loss: 0.0639 - acc: 0.9765
1461/1461 [==============================] - 0s 125us/step - loss: 0.0683 - acc: 0.9747 - val_loss: 0.1254 - val_acc: 0.9627
Epoch 13/30

  20/1461 [..............................] - ETA: 0s - loss: 0.3011 - acc: 0.9000
 400/1461 [=======>......................] - ETA: 0s - loss: 0.0531 - acc: 0.9800
 780/1461 [===============>..............] - ETA: 0s - loss: 0.0515 - acc: 0.9821
1200/1461 [=======================>......] - ETA: 0s - loss: 0.0531 - acc: 0.9833
1461/1461 [==============================] - 0s 133us/step - loss: 0.0576 - acc: 0.9815 - val_loss: 0.1122 - val_acc: 0.9752
Epoch 14/30

  20/1461 [..............................] - ETA: 0s - loss: 0.0584 - acc: 1.0000
 440/1461 [========>.....................] - ETA: 0s - loss: 0.0412 - acc: 0.9886
 860/1461 [================>.............] - ETA: 0s - loss: 0.0585 - acc: 0.9826
1260/1461 [========================>.....] - ETA: 0s - loss: 0.0580 - acc: 0.9825
1461/1461 [==============================] - 0s 131us/step - loss: 0.0590 - acc: 0.9815 - val_loss: 0.1254 - val_acc: 0.9814
Epoch 15/30

  20/1461 [..............................] - ETA: 0s - loss: 0.0269 - acc: 1.0000
 440/1461 [========>.....................] - ETA: 0s - loss: 0.0609 - acc: 0.9727
 840/1461 [================>.............] - ETA: 0s - loss: 0.0567 - acc: 0.9762
1260/1461 [========================>.....] - ETA: 0s - loss: 0.0514 - acc: 0.9786
1461/1461 [==============================] - 0s 130us/step - loss: 0.0547 - acc: 0.9781 - val_loss: 0.1167 - val_acc: 0.9814
Epoch 16/30

  20/1461 [..............................] - ETA: 0s - loss: 0.0151 - acc: 1.0000
 440/1461 [========>.....................] - ETA: 0s - loss: 0.0405 - acc: 0.9909
 860/1461 [================>.............] - ETA: 0s - loss: 0.0364 - acc: 0.9895
1240/1461 [========================>.....] - ETA: 0s - loss: 0.0403 - acc: 0.9863
1461/1461 [==============================] - 0s 135us/step - loss: 0.0401 - acc: 0.9856 - val_loss: 0.0733 - val_acc: 0.9814
Epoch 17/30

  20/1461 [..............................] - ETA: 0s - loss: 0.0084 - acc: 1.0000
 440/1461 [========>.....................] - ETA: 0s - loss: 0.0250 - acc: 0.9909
 860/1461 [================>.............] - ETA: 0s - loss: 0.0464 - acc: 0.9826
1280/1461 [=========================>....] - ETA: 0s - loss: 0.0416 - acc: 0.9844
1461/1461 [==============================] - 0s 126us/step - loss: 0.0413 - acc: 0.9849 - val_loss: 0.1138 - val_acc: 0.9627
Epoch 18/30

  20/1461 [..............................] - ETA: 0s - loss: 0.0206 - acc: 1.0000
 420/1461 [=======>......................] - ETA: 0s - loss: 0.0496 - acc: 0.9833
 840/1461 [================>.............] - ETA: 0s - loss: 0.0555 - acc: 0.9810
1200/1461 [=======================>......] - ETA: 0s - loss: 0.0539 - acc: 0.9825
1461/1461 [==============================] - 0s 135us/step - loss: 0.0479 - acc: 0.9849 - val_loss: 0.0539 - val_acc: 0.9876
Epoch 19/30

  20/1461 [..............................] - ETA: 0s - loss: 0.0544 - acc: 0.9500
 580/1461 [==========>...................] - ETA: 0s - loss: 0.0309 - acc: 0.9862
1140/1461 [======================>.......] - ETA: 0s - loss: 0.0403 - acc: 0.9842
1461/1461 [==============================] - 0s 98us/step - loss: 0.0459 - acc: 0.9849 - val_loss: 0.0561 - val_acc: 0.9814
Epoch 20/30

  20/1461 [..............................] - ETA: 0s - loss: 0.0070 - acc: 1.0000
 560/1461 [==========>...................] - ETA: 0s - loss: 0.0293 - acc: 0.9893
1100/1461 [=====================>........] - ETA: 0s - loss: 0.0333 - acc: 0.9873
1461/1461 [==============================] - 0s 99us/step - loss: 0.0386 - acc: 0.9836 - val_loss: 0.0609 - val_acc: 0.9752
Epoch 21/30

  20/1461 [..............................] - ETA: 0s - loss: 0.0160 - acc: 1.0000
 540/1461 [==========>...................] - ETA: 0s - loss: 0.0226 - acc: 0.9944
1080/1461 [=====================>........] - ETA: 0s - loss: 0.0391 - acc: 0.9843
1461/1461 [==============================] - 0s 98us/step - loss: 0.0455 - acc: 0.9815 - val_loss: 0.0851 - val_acc: 0.9565
Epoch 22/30

  20/1461 [..............................] - ETA: 0s - loss: 0.0205 - acc: 1.0000
 580/1461 [==========>...................] - ETA: 0s - loss: 0.0613 - acc: 0.9776
1160/1461 [======================>.......] - ETA: 0s - loss: 0.0638 - acc: 0.9724
1461/1461 [==============================] - 0s 95us/step - loss: 0.0632 - acc: 0.9740 - val_loss: 0.1074 - val_acc: 0.9565
Epoch 23/30

  20/1461 [..............................] - ETA: 0s - loss: 0.0053 - acc: 1.0000
 600/1461 [===========>..................] - ETA: 0s - loss: 0.0288 - acc: 0.9900
1160/1461 [======================>.......] - ETA: 0s - loss: 0.0270 - acc: 0.9905
1461/1461 [==============================] - 0s 96us/step - loss: 0.0354 - acc: 0.9884 - val_loss: 0.1184 - val_acc: 0.9689
acc: 100.00%
Accuracy: 98.21% (+/- 0.84%)
