Train on 810 samples, validate on 812 samples
Epoch 1/30

100/810 [==>...........................] - ETA: 3s - loss: 0.6952 - acc: 0.5200
810/810 [==============================] - 0s 610us/step - loss: 0.5823 - acc: 0.7975 - val_loss: 0.4256 - val_acc: 0.9397
Epoch 2/30

100/810 [==>...........................] - ETA: 0s - loss: 0.3890 - acc: 0.9600
810/810 [==============================] - 0s 24us/step - loss: 0.3122 - acc: 0.9716 - val_loss: 0.2556 - val_acc: 0.9569
Epoch 3/30

100/810 [==>...........................] - ETA: 0s - loss: 0.2080 - acc: 0.9600
810/810 [==============================] - 0s 24us/step - loss: 0.1735 - acc: 0.9827 - val_loss: 0.1766 - val_acc: 0.9581
Epoch 4/30

100/810 [==>...........................] - ETA: 0s - loss: 0.1189 - acc: 0.9900
810/810 [==============================] - 0s 24us/step - loss: 0.1092 - acc: 0.9864 - val_loss: 0.1409 - val_acc: 0.9606
Epoch 5/30

100/810 [==>...........................] - ETA: 0s - loss: 0.0732 - acc: 1.0000
810/810 [==============================] - 0s 25us/step - loss: 0.0772 - acc: 0.9889 - val_loss: 0.1252 - val_acc: 0.9606
Epoch 6/30

100/810 [==>...........................] - ETA: 0s - loss: 0.0801 - acc: 0.9900
810/810 [==============================] - 0s 23us/step - loss: 0.0579 - acc: 0.9951 - val_loss: 0.1171 - val_acc: 0.9643
Epoch 7/30

100/810 [==>...........................] - ETA: 0s - loss: 0.0602 - acc: 0.9900
810/810 [==============================] - 0s 24us/step - loss: 0.0451 - acc: 0.9975 - val_loss: 0.1132 - val_acc: 0.9643
Epoch 8/30

100/810 [==>...........................] - ETA: 0s - loss: 0.0686 - acc: 0.9800
810/810 [==============================] - 0s 23us/step - loss: 0.0370 - acc: 0.9975 - val_loss: 0.1102 - val_acc: 0.9606
Epoch 9/30

100/810 [==>...........................] - ETA: 0s - loss: 0.0294 - acc: 1.0000
810/810 [==============================] - 0s 25us/step - loss: 0.0313 - acc: 0.9975 - val_loss: 0.1070 - val_acc: 0.9618
Epoch 10/30

100/810 [==>...........................] - ETA: 0s - loss: 0.0246 - acc: 1.0000
810/810 [==============================] - 0s 25us/step - loss: 0.0264 - acc: 0.9975 - val_loss: 0.1043 - val_acc: 0.9606
Epoch 11/30

100/810 [==>...........................] - ETA: 0s - loss: 0.0247 - acc: 1.0000
810/810 [==============================] - 0s 23us/step - loss: 0.0228 - acc: 0.9988 - val_loss: 0.1023 - val_acc: 0.9643
Epoch 12/30

100/810 [==>...........................] - ETA: 0s - loss: 0.0342 - acc: 0.9900
810/810 [==============================] - 0s 25us/step - loss: 0.0198 - acc: 0.9988 - val_loss: 0.1016 - val_acc: 0.9643
Epoch 13/30

100/810 [==>...........................] - ETA: 0s - loss: 0.0139 - acc: 1.0000
810/810 [==============================] - 0s 26us/step - loss: 0.0202 - acc: 0.9988 - val_loss: 0.1096 - val_acc: 0.9606
Epoch 14/30

100/810 [==>...........................] - ETA: 0s - loss: 0.0218 - acc: 1.0000
810/810 [==============================] - 0s 24us/step - loss: 0.0169 - acc: 0.9988 - val_loss: 0.1003 - val_acc: 0.9655
Epoch 15/30

100/810 [==>...........................] - ETA: 0s - loss: 0.0112 - acc: 1.0000
810/810 [==============================] - 0s 25us/step - loss: 0.0140 - acc: 0.9988 - val_loss: 0.0981 - val_acc: 0.9655
Epoch 16/30

100/810 [==>...........................] - ETA: 0s - loss: 0.0122 - acc: 1.0000
810/810 [==============================] - 0s 25us/step - loss: 0.0125 - acc: 0.9988 - val_loss: 0.0979 - val_acc: 0.9631
Epoch 17/30

100/810 [==>...........................] - ETA: 0s - loss: 0.0089 - acc: 1.0000
810/810 [==============================] - 0s 26us/step - loss: 0.0112 - acc: 0.9988 - val_loss: 0.0987 - val_acc: 0.9631
Epoch 18/30

100/810 [==>...........................] - ETA: 0s - loss: 0.0073 - acc: 1.0000
810/810 [==============================] - 0s 24us/step - loss: 0.0100 - acc: 0.9988 - val_loss: 0.0990 - val_acc: 0.9631
Epoch 19/30

100/810 [==>...........................] - ETA: 0s - loss: 0.0092 - acc: 1.0000
810/810 [==============================] - 0s 27us/step - loss: 0.0093 - acc: 0.9988 - val_loss: 0.0976 - val_acc: 0.9631
Epoch 20/30

100/810 [==>...........................] - ETA: 0s - loss: 0.0087 - acc: 1.0000
810/810 [==============================] - 0s 23us/step - loss: 0.0086 - acc: 0.9988 - val_loss: 0.0970 - val_acc: 0.9631
Epoch 21/30

100/810 [==>...........................] - ETA: 0s - loss: 0.0073 - acc: 1.0000
810/810 [==============================] - 0s 21us/step - loss: 0.0079 - acc: 0.9988 - val_loss: 0.0969 - val_acc: 0.9631
Epoch 22/30

100/810 [==>...........................] - ETA: 0s - loss: 0.0059 - acc: 1.0000
810/810 [==============================] - 0s 25us/step - loss: 0.0073 - acc: 0.9988 - val_loss: 0.0977 - val_acc: 0.9618
Epoch 23/30

100/810 [==>...........................] - ETA: 0s - loss: 0.0052 - acc: 1.0000
810/810 [==============================] - 0s 23us/step - loss: 0.0069 - acc: 0.9988 - val_loss: 0.0986 - val_acc: 0.9618
acc: 96.55%
Train on 812 samples, validate on 810 samples
Epoch 1/30

100/812 [==>...........................] - ETA: 3s - loss: 0.7100 - acc: 0.5100
812/812 [==============================] - 1s 737us/step - loss: 0.5859 - acc: 0.7401 - val_loss: 0.3992 - val_acc: 0.9506
Epoch 2/30

100/812 [==>...........................] - ETA: 0s - loss: 0.3504 - acc: 0.9900
812/812 [==============================] - 0s 25us/step - loss: 0.3126 - acc: 0.9631 - val_loss: 0.2147 - val_acc: 0.9728
Epoch 3/30

100/812 [==>...........................] - ETA: 0s - loss: 0.1831 - acc: 0.9700
812/812 [==============================] - 0s 24us/step - loss: 0.1754 - acc: 0.9729 - val_loss: 0.1386 - val_acc: 0.9765
Epoch 4/30

100/812 [==>...........................] - ETA: 0s - loss: 0.1466 - acc: 0.9700
812/812 [==============================] - 0s 23us/step - loss: 0.1160 - acc: 0.9828 - val_loss: 0.1085 - val_acc: 0.9778
Epoch 5/30

100/812 [==>...........................] - ETA: 0s - loss: 0.0930 - acc: 0.9900
812/812 [==============================] - 0s 25us/step - loss: 0.0833 - acc: 0.9877 - val_loss: 0.0928 - val_acc: 0.9765
Epoch 6/30

100/812 [==>...........................] - ETA: 0s - loss: 0.0803 - acc: 0.9800
812/812 [==============================] - 0s 23us/step - loss: 0.0629 - acc: 0.9889 - val_loss: 0.0845 - val_acc: 0.9753
Epoch 7/30

100/812 [==>...........................] - ETA: 0s - loss: 0.0598 - acc: 0.9900
812/812 [==============================] - 0s 24us/step - loss: 0.0493 - acc: 0.9938 - val_loss: 0.0772 - val_acc: 0.9765
Epoch 8/30

100/812 [==>...........................] - ETA: 0s - loss: 0.0346 - acc: 1.0000
812/812 [==============================] - 0s 22us/step - loss: 0.0407 - acc: 0.9975 - val_loss: 0.0746 - val_acc: 0.9753
Epoch 9/30

100/812 [==>...........................] - ETA: 0s - loss: 0.0243 - acc: 1.0000
812/812 [==============================] - 0s 24us/step - loss: 0.0336 - acc: 0.9988 - val_loss: 0.0731 - val_acc: 0.9753
Epoch 10/30

100/812 [==>...........................] - ETA: 0s - loss: 0.0261 - acc: 1.0000
812/812 [==============================] - 0s 24us/step - loss: 0.0280 - acc: 0.9988 - val_loss: 0.0723 - val_acc: 0.9753
Epoch 11/30

100/812 [==>...........................] - ETA: 0s - loss: 0.0222 - acc: 1.0000
812/812 [==============================] - 0s 24us/step - loss: 0.0240 - acc: 0.9988 - val_loss: 0.0707 - val_acc: 0.9753
Epoch 12/30

100/812 [==>...........................] - ETA: 0s - loss: 0.0255 - acc: 1.0000
812/812 [==============================] - 0s 23us/step - loss: 0.0206 - acc: 1.0000 - val_loss: 0.0687 - val_acc: 0.9753
acc: 97.78%
Accuracy: 97.16% (+/- 0.61%)
