Train on 1297 samples, validate on 325 samples
Epoch 1/30

 100/1297 [=>............................] - ETA: 5s - loss: 0.7075 - acc: 0.4400
1297/1297 [==============================] - 1s 401us/step - loss: 0.4305 - acc: 0.8520 - val_loss: 0.2294 - val_acc: 0.9415
Epoch 2/30

 100/1297 [=>............................] - ETA: 0s - loss: 0.2236 - acc: 0.9200
1297/1297 [==============================] - 0s 17us/step - loss: 0.1256 - acc: 0.9753 - val_loss: 0.1426 - val_acc: 0.9385
Epoch 3/30

 100/1297 [=>............................] - ETA: 0s - loss: 0.0489 - acc: 1.0000
1297/1297 [==============================] - 0s 18us/step - loss: 0.0613 - acc: 0.9884 - val_loss: 0.1258 - val_acc: 0.9415
acc: 94.15%
Train on 1297 samples, validate on 325 samples
Epoch 1/30

 100/1297 [=>............................] - ETA: 6s - loss: 0.6940 - acc: 0.4900
1297/1297 [==============================] - 1s 504us/step - loss: 0.3988 - acc: 0.8736 - val_loss: 0.1639 - val_acc: 0.9631
Epoch 2/30

 100/1297 [=>............................] - ETA: 0s - loss: 0.1624 - acc: 0.9700
1297/1297 [==============================] - 0s 22us/step - loss: 0.1083 - acc: 0.9792 - val_loss: 0.0877 - val_acc: 0.9754
Epoch 3/30

 100/1297 [=>............................] - ETA: 0s - loss: 0.0890 - acc: 0.9800
1297/1297 [==============================] - 0s 22us/step - loss: 0.0550 - acc: 0.9861 - val_loss: 0.0720 - val_acc: 0.9723
Epoch 4/30

 100/1297 [=>............................] - ETA: 0s - loss: 0.0325 - acc: 0.9900
1297/1297 [==============================] - 0s 28us/step - loss: 0.0344 - acc: 0.9946 - val_loss: 0.0685 - val_acc: 0.9754
acc: 97.54%
Train on 1297 samples, validate on 325 samples
Epoch 1/30

 100/1297 [=>............................] - ETA: 7s - loss: 0.7003 - acc: 0.4600
1297/1297 [==============================] - 1s 545us/step - loss: 0.4134 - acc: 0.8527 - val_loss: 0.1792 - val_acc: 0.9692
Epoch 2/30

 100/1297 [=>............................] - ETA: 0s - loss: 0.1830 - acc: 0.9700
1297/1297 [==============================] - 0s 19us/step - loss: 0.1257 - acc: 0.9699 - val_loss: 0.0851 - val_acc: 0.9785
Epoch 3/30

 100/1297 [=>............................] - ETA: 0s - loss: 0.0894 - acc: 0.9700
1297/1297 [==============================] - 0s 17us/step - loss: 0.0619 - acc: 0.9869 - val_loss: 0.0698 - val_acc: 0.9754
Epoch 4/30

 100/1297 [=>............................] - ETA: 0s - loss: 0.0445 - acc: 0.9900
1297/1297 [==============================] - 0s 19us/step - loss: 0.0377 - acc: 0.9915 - val_loss: 0.0606 - val_acc: 0.9785
acc: 97.85%
Train on 1298 samples, validate on 324 samples
Epoch 1/30

 100/1298 [=>............................] - ETA: 8s - loss: 0.7003 - acc: 0.5700
1298/1298 [==============================] - 1s 617us/step - loss: 0.4051 - acc: 0.8644 - val_loss: 0.1663 - val_acc: 0.9660
Epoch 2/30

 100/1298 [=>............................] - ETA: 0s - loss: 0.1449 - acc: 0.9900
1298/1298 [==============================] - 0s 18us/step - loss: 0.1116 - acc: 0.9730 - val_loss: 0.0989 - val_acc: 0.9691
Epoch 3/30

 100/1298 [=>............................] - ETA: 0s - loss: 0.0946 - acc: 0.9700
1298/1298 [==============================] - 0s 17us/step - loss: 0.0521 - acc: 0.9900 - val_loss: 0.0825 - val_acc: 0.9691
Epoch 4/30

 100/1298 [=>............................] - ETA: 0s - loss: 0.0276 - acc: 1.0000
1298/1298 [==============================] - 0s 18us/step - loss: 0.0303 - acc: 0.9954 - val_loss: 0.0770 - val_acc: 0.9784
Epoch 5/30

 100/1298 [=>............................] - ETA: 0s - loss: 0.0155 - acc: 1.0000
1298/1298 [==============================] - 0s 17us/step - loss: 0.0184 - acc: 0.9992 - val_loss: 0.0763 - val_acc: 0.9815
Epoch 6/30

 100/1298 [=>............................] - ETA: 0s - loss: 0.0134 - acc: 1.0000
1298/1298 [==============================] - 0s 19us/step - loss: 0.0122 - acc: 0.9992 - val_loss: 0.0806 - val_acc: 0.9722
Epoch 7/30

 100/1298 [=>............................] - ETA: 0s - loss: 0.0081 - acc: 1.0000
1298/1298 [==============================] - 0s 18us/step - loss: 0.0093 - acc: 1.0000 - val_loss: 0.0786 - val_acc: 0.9722
acc: 98.15%
Train on 1299 samples, validate on 323 samples
Epoch 1/30

 100/1299 [=>............................] - ETA: 10s - loss: 0.6888 - acc: 0.5000
1299/1299 [==============================] - 1s 819us/step - loss: 0.4018 - acc: 0.8668 - val_loss: 0.1582 - val_acc: 0.9783
Epoch 2/30

 100/1299 [=>............................] - ETA: 0s - loss: 0.1465 - acc: 0.9900
1299/1299 [==============================] - 0s 20us/step - loss: 0.1188 - acc: 0.9746 - val_loss: 0.0785 - val_acc: 0.9845
Epoch 3/30

 100/1299 [=>............................] - ETA: 0s - loss: 0.0719 - acc: 0.9900
1299/1299 [==============================] - 0s 21us/step - loss: 0.0605 - acc: 0.9892 - val_loss: 0.0695 - val_acc: 0.9814
Epoch 4/30

 100/1299 [=>............................] - ETA: 0s - loss: 0.0463 - acc: 0.9900
1299/1299 [==============================] - 0s 19us/step - loss: 0.0392 - acc: 0.9915 - val_loss: 0.0686 - val_acc: 0.9845
acc: 98.45%
Accuracy: 97.23% (+/- 1.57%)
