Train on 1297 samples, validate on 325 samples
Epoch 1/30

  20/1297 [..............................] - ETA: 28s - loss: 0.7129 - acc: 0.5000
 740/1297 [================>.............] - ETA: 0s - loss: 0.2851 - acc: 0.8986 
1297/1297 [==============================] - 1s 450us/step - loss: 0.2204 - acc: 0.9190 - val_loss: 0.1660 - val_acc: 0.9354
Epoch 2/30

  20/1297 [..............................] - ETA: 0s - loss: 0.0815 - acc: 1.0000
 740/1297 [================>.............] - ETA: 0s - loss: 0.0850 - acc: 0.9703
1297/1297 [==============================] - 0s 76us/step - loss: 0.0869 - acc: 0.9699 - val_loss: 0.1299 - val_acc: 0.9538
Epoch 3/30

  20/1297 [..............................] - ETA: 0s - loss: 0.0979 - acc: 0.9000
 740/1297 [================>.............] - ETA: 0s - loss: 0.0629 - acc: 0.9824
1297/1297 [==============================] - 0s 75us/step - loss: 0.0682 - acc: 0.9792 - val_loss: 0.1960 - val_acc: 0.9200
Epoch 4/30

  20/1297 [..............................] - ETA: 0s - loss: 0.0188 - acc: 1.0000
 700/1297 [===============>..............] - ETA: 0s - loss: 0.0566 - acc: 0.9771
1297/1297 [==============================] - 0s 77us/step - loss: 0.0678 - acc: 0.9784 - val_loss: 0.1704 - val_acc: 0.9354
Epoch 5/30

  20/1297 [..............................] - ETA: 0s - loss: 0.0137 - acc: 1.0000
 760/1297 [================>.............] - ETA: 0s - loss: 0.0696 - acc: 0.9724
1297/1297 [==============================] - 0s 76us/step - loss: 0.0570 - acc: 0.9792 - val_loss: 0.1962 - val_acc: 0.9477
Epoch 6/30

  20/1297 [..............................] - ETA: 0s - loss: 0.0515 - acc: 1.0000
 740/1297 [================>.............] - ETA: 0s - loss: 0.0578 - acc: 0.9838
1297/1297 [==============================] - 0s 76us/step - loss: 0.0554 - acc: 0.9838 - val_loss: 0.1639 - val_acc: 0.9569
Epoch 7/30

  20/1297 [..............................] - ETA: 0s - loss: 0.0083 - acc: 1.0000
 740/1297 [================>.............] - ETA: 0s - loss: 0.0578 - acc: 0.9865
1297/1297 [==============================] - 0s 78us/step - loss: 0.0541 - acc: 0.9830 - val_loss: 0.1929 - val_acc: 0.9477
Epoch 8/30

  20/1297 [..............................] - ETA: 0s - loss: 0.0049 - acc: 1.0000
 720/1297 [===============>..............] - ETA: 0s - loss: 0.0496 - acc: 0.9847
1297/1297 [==============================] - 0s 78us/step - loss: 0.0637 - acc: 0.9830 - val_loss: 0.1494 - val_acc: 0.9477
Epoch 9/30

  20/1297 [..............................] - ETA: 0s - loss: 0.0143 - acc: 1.0000
 720/1297 [===============>..............] - ETA: 0s - loss: 0.0521 - acc: 0.9861
1297/1297 [==============================] - 0s 78us/step - loss: 0.0540 - acc: 0.9846 - val_loss: 0.1539 - val_acc: 0.9477
Epoch 10/30

  20/1297 [..............................] - ETA: 0s - loss: 0.0058 - acc: 1.0000
 680/1297 [==============>...............] - ETA: 0s - loss: 0.0361 - acc: 0.9882
1297/1297 [==============================] - 0s 81us/step - loss: 0.0542 - acc: 0.9823 - val_loss: 0.1379 - val_acc: 0.9538
Epoch 11/30

  20/1297 [..............................] - ETA: 0s - loss: 0.0509 - acc: 1.0000
 700/1297 [===============>..............] - ETA: 0s - loss: 0.0381 - acc: 0.9900
1297/1297 [==============================] - 0s 78us/step - loss: 0.0434 - acc: 0.9877 - val_loss: 0.1572 - val_acc: 0.9600
Epoch 12/30

  20/1297 [..............................] - ETA: 0s - loss: 0.0650 - acc: 0.9500
 740/1297 [================>.............] - ETA: 0s - loss: 0.0255 - acc: 0.9932
1297/1297 [==============================] - 0s 75us/step - loss: 0.0288 - acc: 0.9938 - val_loss: 0.1889 - val_acc: 0.9600
Epoch 13/30

  20/1297 [..............................] - ETA: 0s - loss: 0.0101 - acc: 1.0000
 740/1297 [================>.............] - ETA: 0s - loss: 0.0528 - acc: 0.9851
1297/1297 [==============================] - 0s 77us/step - loss: 0.0372 - acc: 0.9884 - val_loss: 0.1858 - val_acc: 0.9569
Epoch 14/30

  20/1297 [..............................] - ETA: 0s - loss: 0.0102 - acc: 1.0000
 740/1297 [================>.............] - ETA: 0s - loss: 0.0233 - acc: 0.9932
1297/1297 [==============================] - 0s 78us/step - loss: 0.0329 - acc: 0.9907 - val_loss: 0.1530 - val_acc: 0.9508
Epoch 15/30

  20/1297 [..............................] - ETA: 0s - loss: 0.0019 - acc: 1.0000
 720/1297 [===============>..............] - ETA: 0s - loss: 0.0166 - acc: 0.9931
1297/1297 [==============================] - 0s 78us/step - loss: 0.0311 - acc: 0.9907 - val_loss: 0.1388 - val_acc: 0.9538
Epoch 16/30

  20/1297 [..............................] - ETA: 0s - loss: 0.0093 - acc: 1.0000
 700/1297 [===============>..............] - ETA: 0s - loss: 0.0217 - acc: 0.9929
1297/1297 [==============================] - 0s 80us/step - loss: 0.0236 - acc: 0.9946 - val_loss: 0.1214 - val_acc: 0.9662
Epoch 17/30

  20/1297 [..............................] - ETA: 0s - loss: 0.2543 - acc: 0.9500
 720/1297 [===============>..............] - ETA: 0s - loss: 0.0186 - acc: 0.9958
1297/1297 [==============================] - 0s 79us/step - loss: 0.0198 - acc: 0.9938 - val_loss: 0.1336 - val_acc: 0.9631
Epoch 18/30

  20/1297 [..............................] - ETA: 0s - loss: 0.0011 - acc: 1.0000
 720/1297 [===============>..............] - ETA: 0s - loss: 0.0253 - acc: 0.9931
1297/1297 [==============================] - 0s 79us/step - loss: 0.0188 - acc: 0.9954 - val_loss: 0.1359 - val_acc: 0.9631
Epoch 19/30

  20/1297 [..............................] - ETA: 0s - loss: 0.0011 - acc: 1.0000
 700/1297 [===============>..............] - ETA: 0s - loss: 0.0152 - acc: 0.9971
1297/1297 [==============================] - 0s 81us/step - loss: 0.0194 - acc: 0.9954 - val_loss: 0.1355 - val_acc: 0.9600
Epoch 20/30

  20/1297 [..............................] - ETA: 0s - loss: 6.0533e-04 - acc: 1.0000
 660/1297 [==============>...............] - ETA: 0s - loss: 0.0236 - acc: 0.9955    
1297/1297 [==============================] - 0s 84us/step - loss: 0.0197 - acc: 0.9938 - val_loss: 0.1518 - val_acc: 0.9569
Epoch 21/30

  20/1297 [..............................] - ETA: 0s - loss: 0.0015 - acc: 1.0000
 680/1297 [==============>...............] - ETA: 0s - loss: 0.0177 - acc: 0.9956
1280/1297 [============================>.] - ETA: 0s - loss: 0.0227 - acc: 0.9930
1297/1297 [==============================] - 0s 86us/step - loss: 0.0231 - acc: 0.9923 - val_loss: 0.1698 - val_acc: 0.9631
Epoch 22/30

  20/1297 [..............................] - ETA: 0s - loss: 0.0021 - acc: 1.0000
 640/1297 [=============>................] - ETA: 0s - loss: 0.0209 - acc: 0.9969
1240/1297 [===========================>..] - ETA: 0s - loss: 0.0262 - acc: 0.9944
1297/1297 [==============================] - 0s 89us/step - loss: 0.0270 - acc: 0.9938 - val_loss: 0.2088 - val_acc: 0.9508
Epoch 23/30

  20/1297 [..............................] - ETA: 0s - loss: 9.8122e-04 - acc: 1.0000
 620/1297 [=============>................] - ETA: 0s - loss: 0.0212 - acc: 0.9952    
1200/1297 [==========================>...] - ETA: 0s - loss: 0.0203 - acc: 0.9950
1297/1297 [==============================] - 0s 92us/step - loss: 0.0203 - acc: 0.9946 - val_loss: 0.2062 - val_acc: 0.9538
Epoch 24/30

  20/1297 [..............................] - ETA: 0s - loss: 0.0021 - acc: 1.0000
 660/1297 [==============>...............] - ETA: 0s - loss: 0.0266 - acc: 0.9924
1280/1297 [============================>.] - ETA: 0s - loss: 0.0177 - acc: 0.9953
1297/1297 [==============================] - 0s 87us/step - loss: 0.0178 - acc: 0.9954 - val_loss: 0.2393 - val_acc: 0.9477
acc: 96.62%
Train on 1297 samples, validate on 325 samples
Epoch 1/30

  20/1297 [..............................] - ETA: 32s - loss: 0.7128 - acc: 0.4500
 760/1297 [================>.............] - ETA: 0s - loss: 0.2645 - acc: 0.8974 
1297/1297 [==============================] - 1s 509us/step - loss: 0.1977 - acc: 0.9229 - val_loss: 0.1097 - val_acc: 0.9538
Epoch 2/30

  20/1297 [..............................] - ETA: 0s - loss: 0.0301 - acc: 1.0000
 760/1297 [================>.............] - ETA: 0s - loss: 0.1000 - acc: 0.9605
1297/1297 [==============================] - 0s 73us/step - loss: 0.0977 - acc: 0.9668 - val_loss: 0.0852 - val_acc: 0.9723
Epoch 3/30

  20/1297 [..............................] - ETA: 0s - loss: 0.0399 - acc: 1.0000
 760/1297 [================>.............] - ETA: 0s - loss: 0.0690 - acc: 0.9789
1297/1297 [==============================] - 0s 75us/step - loss: 0.0803 - acc: 0.9746 - val_loss: 0.0981 - val_acc: 0.9723
Epoch 4/30

  20/1297 [..............................] - ETA: 0s - loss: 0.1396 - acc: 0.9000
 720/1297 [===============>..............] - ETA: 0s - loss: 0.1020 - acc: 0.9694
1297/1297 [==============================] - 0s 78us/step - loss: 0.0862 - acc: 0.9769 - val_loss: 0.1182 - val_acc: 0.9446
Epoch 5/30

  20/1297 [..............................] - ETA: 0s - loss: 0.0173 - acc: 1.0000
 700/1297 [===============>..............] - ETA: 0s - loss: 0.0574 - acc: 0.9800
1297/1297 [==============================] - 0s 79us/step - loss: 0.0544 - acc: 0.9807 - val_loss: 0.1279 - val_acc: 0.9631
Epoch 6/30

  20/1297 [..............................] - ETA: 0s - loss: 0.0150 - acc: 1.0000
 700/1297 [===============>..............] - ETA: 0s - loss: 0.0468 - acc: 0.9843
1297/1297 [==============================] - 0s 80us/step - loss: 0.0539 - acc: 0.9815 - val_loss: 0.1401 - val_acc: 0.9692
Epoch 7/30

  20/1297 [..............................] - ETA: 0s - loss: 0.1494 - acc: 0.9500
 720/1297 [===============>..............] - ETA: 0s - loss: 0.0617 - acc: 0.9792
1297/1297 [==============================] - 0s 78us/step - loss: 0.0521 - acc: 0.9838 - val_loss: 0.1183 - val_acc: 0.9631
Epoch 8/30

  20/1297 [..............................] - ETA: 0s - loss: 0.0341 - acc: 1.0000
 740/1297 [================>.............] - ETA: 0s - loss: 0.0362 - acc: 0.9851
1297/1297 [==============================] - 0s 77us/step - loss: 0.0417 - acc: 0.9854 - val_loss: 0.1335 - val_acc: 0.9569
Epoch 9/30

  20/1297 [..............................] - ETA: 0s - loss: 0.0091 - acc: 1.0000
 720/1297 [===============>..............] - ETA: 0s - loss: 0.0343 - acc: 0.9903
1297/1297 [==============================] - 0s 78us/step - loss: 0.0443 - acc: 0.9884 - val_loss: 0.0898 - val_acc: 0.9785
Epoch 10/30

  20/1297 [..............................] - ETA: 0s - loss: 0.0254 - acc: 1.0000
 700/1297 [===============>..............] - ETA: 0s - loss: 0.0265 - acc: 0.9929
1297/1297 [==============================] - 0s 81us/step - loss: 0.0323 - acc: 0.9900 - val_loss: 0.0949 - val_acc: 0.9785
Epoch 11/30

  20/1297 [..............................] - ETA: 0s - loss: 0.0085 - acc: 1.0000
 700/1297 [===============>..............] - ETA: 0s - loss: 0.0176 - acc: 0.9971
1297/1297 [==============================] - 0s 81us/step - loss: 0.0250 - acc: 0.9938 - val_loss: 0.0872 - val_acc: 0.9785
Epoch 12/30

  20/1297 [..............................] - ETA: 0s - loss: 0.0016 - acc: 1.0000
 700/1297 [===============>..............] - ETA: 0s - loss: 0.0357 - acc: 0.9929
1297/1297 [==============================] - 0s 80us/step - loss: 0.0224 - acc: 0.9961 - val_loss: 0.0901 - val_acc: 0.9692
Epoch 13/30

  20/1297 [..............................] - ETA: 0s - loss: 0.0015 - acc: 1.0000
 720/1297 [===============>..............] - ETA: 0s - loss: 0.0285 - acc: 0.9944
1297/1297 [==============================] - 0s 80us/step - loss: 0.0240 - acc: 0.9938 - val_loss: 0.1127 - val_acc: 0.9692
Epoch 14/30

  20/1297 [..............................] - ETA: 0s - loss: 0.1930 - acc: 0.9500
 740/1297 [================>.............] - ETA: 0s - loss: 0.0223 - acc: 0.9946
1297/1297 [==============================] - 0s 77us/step - loss: 0.0242 - acc: 0.9938 - val_loss: 0.0780 - val_acc: 0.9754
Epoch 15/30

  20/1297 [..............................] - ETA: 0s - loss: 0.0309 - acc: 1.0000
 720/1297 [===============>..............] - ETA: 0s - loss: 0.0211 - acc: 0.9944
1297/1297 [==============================] - 0s 78us/step - loss: 0.0198 - acc: 0.9954 - val_loss: 0.0958 - val_acc: 0.9662
Epoch 16/30

  20/1297 [..............................] - ETA: 0s - loss: 9.7491e-04 - acc: 1.0000
 740/1297 [================>.............] - ETA: 0s - loss: 0.0158 - acc: 0.9919    
1297/1297 [==============================] - 0s 77us/step - loss: 0.0179 - acc: 0.9938 - val_loss: 0.1062 - val_acc: 0.9692
Epoch 17/30

  20/1297 [..............................] - ETA: 0s - loss: 0.0155 - acc: 1.0000
 700/1297 [===============>..............] - ETA: 0s - loss: 0.0154 - acc: 0.9957
1297/1297 [==============================] - 0s 80us/step - loss: 0.0193 - acc: 0.9954 - val_loss: 0.1030 - val_acc: 0.9662
acc: 97.85%
Train on 1297 samples, validate on 325 samples
Epoch 1/30

  20/1297 [..............................] - ETA: 38s - loss: 0.7133 - acc: 0.3500
 720/1297 [===============>..............] - ETA: 0s - loss: 0.3091 - acc: 0.8583 
1297/1297 [==============================] - 1s 593us/step - loss: 0.2189 - acc: 0.9052 - val_loss: 0.1072 - val_acc: 0.9692
Epoch 2/30

  20/1297 [..............................] - ETA: 0s - loss: 0.0227 - acc: 1.0000
 720/1297 [===============>..............] - ETA: 0s - loss: 0.0876 - acc: 0.9681
1297/1297 [==============================] - 0s 77us/step - loss: 0.0842 - acc: 0.9707 - val_loss: 0.1018 - val_acc: 0.9785
Epoch 3/30

  20/1297 [..............................] - ETA: 0s - loss: 0.0156 - acc: 1.0000
 780/1297 [=================>............] - ETA: 0s - loss: 0.0749 - acc: 0.9718
1297/1297 [==============================] - 0s 73us/step - loss: 0.0735 - acc: 0.9722 - val_loss: 0.1031 - val_acc: 0.9662
Epoch 4/30

  20/1297 [..............................] - ETA: 0s - loss: 0.0207 - acc: 1.0000
 760/1297 [================>.............] - ETA: 0s - loss: 0.0486 - acc: 0.9816
1297/1297 [==============================] - 0s 75us/step - loss: 0.0660 - acc: 0.9776 - val_loss: 0.1188 - val_acc: 0.9662
Epoch 5/30

  20/1297 [..............................] - ETA: 0s - loss: 0.0120 - acc: 1.0000
 720/1297 [===============>..............] - ETA: 0s - loss: 0.0536 - acc: 0.9847
1297/1297 [==============================] - 0s 81us/step - loss: 0.0596 - acc: 0.9792 - val_loss: 0.1149 - val_acc: 0.9662
Epoch 6/30

  20/1297 [..............................] - ETA: 0s - loss: 0.0235 - acc: 1.0000
 700/1297 [===============>..............] - ETA: 0s - loss: 0.0488 - acc: 0.9829
1297/1297 [==============================] - 0s 82us/step - loss: 0.0543 - acc: 0.9823 - val_loss: 0.1060 - val_acc: 0.9631
Epoch 7/30

  20/1297 [..............................] - ETA: 0s - loss: 0.0038 - acc: 1.0000
 700/1297 [===============>..............] - ETA: 0s - loss: 0.0308 - acc: 0.9900
1297/1297 [==============================] - 0s 80us/step - loss: 0.0540 - acc: 0.9792 - val_loss: 0.1281 - val_acc: 0.9754
Epoch 8/30

  20/1297 [..............................] - ETA: 0s - loss: 0.0222 - acc: 1.0000
 700/1297 [===============>..............] - ETA: 0s - loss: 0.0501 - acc: 0.9871
1297/1297 [==============================] - 0s 81us/step - loss: 0.0586 - acc: 0.9800 - val_loss: 0.1589 - val_acc: 0.9508
Epoch 9/30

  20/1297 [..............................] - ETA: 0s - loss: 0.0502 - acc: 1.0000
 700/1297 [===============>..............] - ETA: 0s - loss: 0.0360 - acc: 0.9914
1297/1297 [==============================] - 0s 80us/step - loss: 0.0415 - acc: 0.9884 - val_loss: 0.1044 - val_acc: 0.9692
Epoch 10/30

  20/1297 [..............................] - ETA: 0s - loss: 0.0262 - acc: 1.0000
 720/1297 [===============>..............] - ETA: 0s - loss: 0.0371 - acc: 0.9861
1297/1297 [==============================] - 0s 80us/step - loss: 0.0402 - acc: 0.9869 - val_loss: 0.1500 - val_acc: 0.9538
acc: 97.85%
Train on 1298 samples, validate on 324 samples
Epoch 1/30

  20/1298 [..............................] - ETA: 46s - loss: 0.7687 - acc: 0.1500
 660/1298 [==============>...............] - ETA: 0s - loss: 0.3835 - acc: 0.8333 
1298/1298 [==============================] - 1s 708us/step - loss: 0.2578 - acc: 0.8921 - val_loss: 0.1283 - val_acc: 0.9599
Epoch 2/30

  20/1298 [..............................] - ETA: 0s - loss: 0.0230 - acc: 1.0000
 620/1298 [=============>................] - ETA: 0s - loss: 0.0881 - acc: 0.9694
1298/1298 [==============================] - 0s 83us/step - loss: 0.0952 - acc: 0.9700 - val_loss: 0.0964 - val_acc: 0.9815
Epoch 3/30

  20/1298 [..............................] - ETA: 0s - loss: 0.0207 - acc: 1.0000
 760/1298 [================>.............] - ETA: 0s - loss: 0.0738 - acc: 0.9750
1298/1298 [==============================] - 0s 74us/step - loss: 0.0889 - acc: 0.9676 - val_loss: 0.1284 - val_acc: 0.9599
Epoch 4/30

  20/1298 [..............................] - ETA: 0s - loss: 0.0693 - acc: 0.9500
 760/1298 [================>.............] - ETA: 0s - loss: 0.0977 - acc: 0.9658
1298/1298 [==============================] - 0s 74us/step - loss: 0.0844 - acc: 0.9661 - val_loss: 0.1394 - val_acc: 0.9568
Epoch 5/30

  20/1298 [..............................] - ETA: 0s - loss: 0.1002 - acc: 0.9500
 720/1298 [===============>..............] - ETA: 0s - loss: 0.0663 - acc: 0.9792
1298/1298 [==============================] - 0s 81us/step - loss: 0.0810 - acc: 0.9723 - val_loss: 0.1078 - val_acc: 0.9630
Epoch 6/30

  20/1298 [..............................] - ETA: 0s - loss: 0.0214 - acc: 1.0000
 680/1298 [==============>...............] - ETA: 0s - loss: 0.0858 - acc: 0.9721
1298/1298 [==============================] - 0s 82us/step - loss: 0.0895 - acc: 0.9684 - val_loss: 0.1169 - val_acc: 0.9691
Epoch 7/30

  20/1298 [..............................] - ETA: 0s - loss: 0.0819 - acc: 0.9500
 680/1298 [==============>...............] - ETA: 0s - loss: 0.0512 - acc: 0.9809
1298/1298 [==============================] - 0s 84us/step - loss: 0.0543 - acc: 0.9807 - val_loss: 0.1299 - val_acc: 0.9630
Epoch 8/30

  20/1298 [..............................] - ETA: 0s - loss: 0.0392 - acc: 1.0000
 680/1298 [==============>...............] - ETA: 0s - loss: 0.0424 - acc: 0.9853
1298/1298 [==============================] - 0s 82us/step - loss: 0.0510 - acc: 0.9823 - val_loss: 0.1200 - val_acc: 0.9691
Epoch 9/30

  20/1298 [..............................] - ETA: 0s - loss: 0.0050 - acc: 1.0000
 680/1298 [==============>...............] - ETA: 0s - loss: 0.0327 - acc: 0.9897
1298/1298 [==============================] - 0s 84us/step - loss: 0.0358 - acc: 0.9877 - val_loss: 0.1102 - val_acc: 0.9722
Epoch 10/30

  20/1298 [..............................] - ETA: 0s - loss: 0.0384 - acc: 1.0000
 720/1298 [===============>..............] - ETA: 0s - loss: 0.0350 - acc: 0.9875
1298/1298 [==============================] - 0s 78us/step - loss: 0.0344 - acc: 0.9877 - val_loss: 0.1288 - val_acc: 0.9722
acc: 98.15%
Train on 1299 samples, validate on 323 samples
Epoch 1/30

  20/1299 [..............................] - ETA: 52s - loss: 0.6967 - acc: 0.5500
 720/1299 [===============>..............] - ETA: 0s - loss: 0.2946 - acc: 0.8889 
1299/1299 [==============================] - 1s 795us/step - loss: 0.2327 - acc: 0.9138 - val_loss: 0.1286 - val_acc: 0.9474
Epoch 2/30

  20/1299 [..............................] - ETA: 0s - loss: 0.1480 - acc: 0.9500
 700/1299 [===============>..............] - ETA: 0s - loss: 0.1102 - acc: 0.9614
1299/1299 [==============================] - 0s 79us/step - loss: 0.1047 - acc: 0.9630 - val_loss: 0.0724 - val_acc: 0.9814
Epoch 3/30

  20/1299 [..............................] - ETA: 0s - loss: 0.1031 - acc: 0.9500
 760/1299 [================>.............] - ETA: 0s - loss: 0.0827 - acc: 0.9724
1299/1299 [==============================] - 0s 73us/step - loss: 0.0756 - acc: 0.9746 - val_loss: 0.0613 - val_acc: 0.9814
Epoch 4/30

  20/1299 [..............................] - ETA: 0s - loss: 0.2024 - acc: 0.9500
 720/1299 [===============>..............] - ETA: 0s - loss: 0.0641 - acc: 0.9819
1299/1299 [==============================] - 0s 77us/step - loss: 0.0572 - acc: 0.9815 - val_loss: 0.0948 - val_acc: 0.9690
Epoch 5/30

  20/1299 [..............................] - ETA: 0s - loss: 0.0306 - acc: 1.0000
 720/1299 [===============>..............] - ETA: 0s - loss: 0.0383 - acc: 0.9889
1299/1299 [==============================] - 0s 80us/step - loss: 0.0470 - acc: 0.9885 - val_loss: 0.0515 - val_acc: 0.9814
Epoch 6/30

  20/1299 [..............................] - ETA: 0s - loss: 0.0072 - acc: 1.0000
 700/1299 [===============>..............] - ETA: 0s - loss: 0.0514 - acc: 0.9857
1299/1299 [==============================] - 0s 82us/step - loss: 0.0447 - acc: 0.9869 - val_loss: 0.0442 - val_acc: 0.9783
Epoch 7/30

  20/1299 [..............................] - ETA: 0s - loss: 0.2175 - acc: 0.9000
 700/1299 [===============>..............] - ETA: 0s - loss: 0.0474 - acc: 0.9829
1299/1299 [==============================] - 0s 81us/step - loss: 0.0410 - acc: 0.9854 - val_loss: 0.0334 - val_acc: 0.9938
Epoch 8/30

  20/1299 [..............................] - ETA: 0s - loss: 0.0532 - acc: 1.0000
 720/1299 [===============>..............] - ETA: 0s - loss: 0.0287 - acc: 0.9917
1299/1299 [==============================] - 0s 78us/step - loss: 0.0313 - acc: 0.9885 - val_loss: 0.0613 - val_acc: 0.9783
Epoch 9/30

  20/1299 [..............................] - ETA: 0s - loss: 0.0081 - acc: 1.0000
 720/1299 [===============>..............] - ETA: 0s - loss: 0.0302 - acc: 0.9875
1299/1299 [==============================] - 0s 79us/step - loss: 0.0275 - acc: 0.9908 - val_loss: 0.0643 - val_acc: 0.9752
Epoch 10/30

  20/1299 [..............................] - ETA: 0s - loss: 0.0743 - acc: 0.9500
 700/1299 [===============>..............] - ETA: 0s - loss: 0.0342 - acc: 0.9886
1299/1299 [==============================] - 0s 80us/step - loss: 0.0392 - acc: 0.9885 - val_loss: 0.0389 - val_acc: 0.9907
Epoch 11/30

  20/1299 [..............................] - ETA: 0s - loss: 9.1270e-04 - acc: 1.0000
 700/1299 [===============>..............] - ETA: 0s - loss: 0.0351 - acc: 0.9914    
1299/1299 [==============================] - 0s 81us/step - loss: 0.0426 - acc: 0.9908 - val_loss: 0.0500 - val_acc: 0.9845
Epoch 12/30

  20/1299 [..............................] - ETA: 0s - loss: 0.0057 - acc: 1.0000
 680/1299 [==============>...............] - ETA: 0s - loss: 0.0183 - acc: 0.9941
1299/1299 [==============================] - 0s 83us/step - loss: 0.0379 - acc: 0.9900 - val_loss: 0.0335 - val_acc: 0.9845
Epoch 13/30

  20/1299 [..............................] - ETA: 0s - loss: 0.0025 - acc: 1.0000
 700/1299 [===============>..............] - ETA: 0s - loss: 0.0308 - acc: 0.9900
1299/1299 [==============================] - 0s 82us/step - loss: 0.0414 - acc: 0.9861 - val_loss: 0.0584 - val_acc: 0.9721
Epoch 14/30

  20/1299 [..............................] - ETA: 0s - loss: 0.0278 - acc: 1.0000
 700/1299 [===============>..............] - ETA: 0s - loss: 0.0398 - acc: 0.9843
1299/1299 [==============================] - 0s 82us/step - loss: 0.0630 - acc: 0.9792 - val_loss: 0.0927 - val_acc: 0.9690
Epoch 15/30

  20/1299 [..............................] - ETA: 0s - loss: 0.2697 - acc: 0.9500
 720/1299 [===============>..............] - ETA: 0s - loss: 0.0887 - acc: 0.9722
1299/1299 [==============================] - 0s 79us/step - loss: 0.0739 - acc: 0.9738 - val_loss: 0.1471 - val_acc: 0.9536
acc: 99.38%
Accuracy: 97.97% (+/- 0.88%)
