Train on 1505 samples, validate on 117 samples
Epoch 1/30

  20/1505 [..............................] - ETA: 41s - loss: 0.6903 - acc: 0.4500
 480/1505 [========>.....................] - ETA: 1s - loss: 0.4164 - acc: 0.8146 
 900/1505 [================>.............] - ETA: 0s - loss: 0.2936 - acc: 0.8800
1340/1505 [=========================>....] - ETA: 0s - loss: 0.2431 - acc: 0.9007
1505/1505 [==============================] - 1s 549us/step - loss: 0.2296 - acc: 0.9063 - val_loss: 0.1049 - val_acc: 0.9658
Epoch 2/30

  20/1505 [..............................] - ETA: 0s - loss: 0.0459 - acc: 1.0000
 440/1505 [=======>......................] - ETA: 0s - loss: 0.0942 - acc: 0.9750
 800/1505 [==============>...............] - ETA: 0s - loss: 0.0955 - acc: 0.9725
1200/1505 [======================>.......] - ETA: 0s - loss: 0.1007 - acc: 0.9708
1505/1505 [==============================] - 0s 135us/step - loss: 0.0948 - acc: 0.9721 - val_loss: 0.1830 - val_acc: 0.9402
Epoch 3/30

  20/1505 [..............................] - ETA: 0s - loss: 0.1998 - acc: 0.9500
 420/1505 [=======>......................] - ETA: 0s - loss: 0.0634 - acc: 0.9833
 820/1505 [===============>..............] - ETA: 0s - loss: 0.0694 - acc: 0.9744
1240/1505 [=======================>......] - ETA: 0s - loss: 0.0630 - acc: 0.9766
1505/1505 [==============================] - 0s 130us/step - loss: 0.0665 - acc: 0.9767 - val_loss: 0.1784 - val_acc: 0.9402
Epoch 4/30

  20/1505 [..............................] - ETA: 0s - loss: 0.0041 - acc: 1.0000
 420/1505 [=======>......................] - ETA: 0s - loss: 0.0718 - acc: 0.9762
 820/1505 [===============>..............] - ETA: 0s - loss: 0.0565 - acc: 0.9817
1240/1505 [=======================>......] - ETA: 0s - loss: 0.0571 - acc: 0.9806
1505/1505 [==============================] - 0s 131us/step - loss: 0.0620 - acc: 0.9781 - val_loss: 0.1158 - val_acc: 0.9487
Epoch 5/30

  20/1505 [..............................] - ETA: 0s - loss: 0.0053 - acc: 1.0000
 440/1505 [=======>......................] - ETA: 0s - loss: 0.0393 - acc: 0.9795
 780/1505 [==============>...............] - ETA: 0s - loss: 0.0392 - acc: 0.9833
1200/1505 [======================>.......] - ETA: 0s - loss: 0.0545 - acc: 0.9792
1505/1505 [==============================] - 0s 133us/step - loss: 0.0531 - acc: 0.9814 - val_loss: 0.0727 - val_acc: 0.9744
Epoch 6/30

  20/1505 [..............................] - ETA: 0s - loss: 0.0415 - acc: 1.0000
 440/1505 [=======>......................] - ETA: 0s - loss: 0.0559 - acc: 0.9773
 840/1505 [===============>..............] - ETA: 0s - loss: 0.0582 - acc: 0.9762
1240/1505 [=======================>......] - ETA: 0s - loss: 0.0501 - acc: 0.9806
1505/1505 [==============================] - 0s 130us/step - loss: 0.0521 - acc: 0.9821 - val_loss: 0.1081 - val_acc: 0.9744
Epoch 7/30

  20/1505 [..............................] - ETA: 0s - loss: 0.1144 - acc: 0.9500
 420/1505 [=======>......................] - ETA: 0s - loss: 0.0554 - acc: 0.9833
 800/1505 [==============>...............] - ETA: 0s - loss: 0.0548 - acc: 0.9825
1180/1505 [======================>.......] - ETA: 0s - loss: 0.0524 - acc: 0.9814
1505/1505 [==============================] - 0s 136us/step - loss: 0.0551 - acc: 0.9794 - val_loss: 0.1236 - val_acc: 0.9744
Epoch 8/30

  20/1505 [..............................] - ETA: 0s - loss: 0.0037 - acc: 1.0000
 420/1505 [=======>......................] - ETA: 0s - loss: 0.0691 - acc: 0.9762
 820/1505 [===============>..............] - ETA: 0s - loss: 0.0581 - acc: 0.9793
1180/1505 [======================>.......] - ETA: 0s - loss: 0.0562 - acc: 0.9814
1505/1505 [==============================] - 0s 136us/step - loss: 0.0589 - acc: 0.9807 - val_loss: 0.1522 - val_acc: 0.9744
Epoch 9/30

  20/1505 [..............................] - ETA: 0s - loss: 0.0492 - acc: 0.9500
 420/1505 [=======>......................] - ETA: 0s - loss: 0.0391 - acc: 0.9881
 820/1505 [===============>..............] - ETA: 0s - loss: 0.0361 - acc: 0.9890
1220/1505 [=======================>......] - ETA: 0s - loss: 0.0428 - acc: 0.9861
1505/1505 [==============================] - 0s 134us/step - loss: 0.0487 - acc: 0.9821 - val_loss: 0.1077 - val_acc: 0.9658
Epoch 10/30

  20/1505 [..............................] - ETA: 0s - loss: 0.0141 - acc: 1.0000
 440/1505 [=======>......................] - ETA: 0s - loss: 0.0435 - acc: 0.9886
 840/1505 [===============>..............] - ETA: 0s - loss: 0.0482 - acc: 0.9857
1240/1505 [=======================>......] - ETA: 0s - loss: 0.0533 - acc: 0.9847
1505/1505 [==============================] - 0s 132us/step - loss: 0.0590 - acc: 0.9821 - val_loss: 0.1511 - val_acc: 0.9573
Epoch 11/30

  20/1505 [..............................] - ETA: 0s - loss: 0.1289 - acc: 0.9500
 400/1505 [======>.......................] - ETA: 0s - loss: 0.0388 - acc: 0.9875
 800/1505 [==============>...............] - ETA: 0s - loss: 0.0387 - acc: 0.9875
1180/1505 [======================>.......] - ETA: 0s - loss: 0.0413 - acc: 0.9873
1505/1505 [==============================] - 0s 135us/step - loss: 0.0434 - acc: 0.9854 - val_loss: 0.1356 - val_acc: 0.9658
Epoch 12/30

  20/1505 [..............................] - ETA: 0s - loss: 0.0197 - acc: 1.0000
 420/1505 [=======>......................] - ETA: 0s - loss: 0.0211 - acc: 0.9905
 820/1505 [===============>..............] - ETA: 0s - loss: 0.0207 - acc: 0.9915
1240/1505 [=======================>......] - ETA: 0s - loss: 0.0225 - acc: 0.9919
1505/1505 [==============================] - 0s 131us/step - loss: 0.0265 - acc: 0.9914 - val_loss: 0.0956 - val_acc: 0.9658
Epoch 13/30

  20/1505 [..............................] - ETA: 0s - loss: 0.0155 - acc: 1.0000
 420/1505 [=======>......................] - ETA: 0s - loss: 0.0235 - acc: 0.9929
 840/1505 [===============>..............] - ETA: 0s - loss: 0.0275 - acc: 0.9893
1240/1505 [=======================>......] - ETA: 0s - loss: 0.0322 - acc: 0.9879
1505/1505 [==============================] - 0s 129us/step - loss: 0.0304 - acc: 0.9894 - val_loss: 0.0957 - val_acc: 0.9829
Epoch 14/30

  20/1505 [..............................] - ETA: 0s - loss: 0.0052 - acc: 1.0000
 400/1505 [======>.......................] - ETA: 0s - loss: 0.0160 - acc: 0.9950
 800/1505 [==============>...............] - ETA: 0s - loss: 0.0120 - acc: 0.9975
1220/1505 [=======================>......] - ETA: 0s - loss: 0.0209 - acc: 0.9943
1505/1505 [==============================] - 0s 134us/step - loss: 0.0229 - acc: 0.9940 - val_loss: 0.1122 - val_acc: 0.9658
Epoch 15/30

  20/1505 [..............................] - ETA: 0s - loss: 6.8420e-04 - acc: 1.0000
 420/1505 [=======>......................] - ETA: 0s - loss: 0.0293 - acc: 0.9905    
 820/1505 [===============>..............] - ETA: 0s - loss: 0.0300 - acc: 0.9915
1220/1505 [=======================>......] - ETA: 0s - loss: 0.0320 - acc: 0.9918
1505/1505 [==============================] - 0s 135us/step - loss: 0.0366 - acc: 0.9900 - val_loss: 0.0807 - val_acc: 0.9658
Epoch 16/30

  20/1505 [..............................] - ETA: 0s - loss: 0.0036 - acc: 1.0000
 420/1505 [=======>......................] - ETA: 0s - loss: 0.0287 - acc: 0.9929
 800/1505 [==============>...............] - ETA: 0s - loss: 0.0267 - acc: 0.9937
1220/1505 [=======================>......] - ETA: 0s - loss: 0.0367 - acc: 0.9893
1505/1505 [==============================] - 0s 132us/step - loss: 0.0328 - acc: 0.9914 - val_loss: 0.1077 - val_acc: 0.9744
Epoch 17/30

  20/1505 [..............................] - ETA: 0s - loss: 0.0055 - acc: 1.0000
 440/1505 [=======>......................] - ETA: 0s - loss: 0.0225 - acc: 0.9932
 820/1505 [===============>..............] - ETA: 0s - loss: 0.0328 - acc: 0.9927
1200/1505 [======================>.......] - ETA: 0s - loss: 0.0417 - acc: 0.9908
1505/1505 [==============================] - 0s 135us/step - loss: 0.0535 - acc: 0.9860 - val_loss: 0.1855 - val_acc: 0.9744
Epoch 18/30

  20/1505 [..............................] - ETA: 0s - loss: 0.0190 - acc: 1.0000
 440/1505 [=======>......................] - ETA: 0s - loss: 0.0530 - acc: 0.9841
 820/1505 [===============>..............] - ETA: 0s - loss: 0.0517 - acc: 0.9829
1220/1505 [=======================>......] - ETA: 0s - loss: 0.0607 - acc: 0.9820
1505/1505 [==============================] - 0s 133us/step - loss: 0.0649 - acc: 0.9814 - val_loss: 0.2364 - val_acc: 0.9658
Epoch 19/30

  20/1505 [..............................] - ETA: 0s - loss: 0.0645 - acc: 0.9500
 420/1505 [=======>......................] - ETA: 0s - loss: 0.0463 - acc: 0.9810
 820/1505 [===============>..............] - ETA: 0s - loss: 0.0451 - acc: 0.9841
1220/1505 [=======================>......] - ETA: 0s - loss: 0.0486 - acc: 0.9852
1505/1505 [==============================] - 0s 134us/step - loss: 0.0467 - acc: 0.9847 - val_loss: 0.2773 - val_acc: 0.9487
Epoch 20/30

  20/1505 [..............................] - ETA: 0s - loss: 0.0241 - acc: 1.0000
 420/1505 [=======>......................] - ETA: 0s - loss: 0.0448 - acc: 0.9810
 840/1505 [===============>..............] - ETA: 0s - loss: 0.0381 - acc: 0.9881
1240/1505 [=======================>......] - ETA: 0s - loss: 0.0413 - acc: 0.9871
1505/1505 [==============================] - 0s 131us/step - loss: 0.0484 - acc: 0.9867 - val_loss: 0.1923 - val_acc: 0.9573
Epoch 21/30

  20/1505 [..............................] - ETA: 0s - loss: 0.0053 - acc: 1.0000
 420/1505 [=======>......................] - ETA: 0s - loss: 0.0601 - acc: 0.9833
 800/1505 [==============>...............] - ETA: 0s - loss: 0.0555 - acc: 0.9837
1180/1505 [======================>.......] - ETA: 0s - loss: 0.0479 - acc: 0.9839
1505/1505 [==============================] - 0s 135us/step - loss: 0.0485 - acc: 0.9834 - val_loss: 0.1511 - val_acc: 0.9573
Epoch 22/30

  20/1505 [..............................] - ETA: 0s - loss: 0.1209 - acc: 0.9500
 400/1505 [======>.......................] - ETA: 0s - loss: 0.0270 - acc: 0.9900
 780/1505 [==============>...............] - ETA: 0s - loss: 0.0372 - acc: 0.9897
1200/1505 [======================>.......] - ETA: 0s - loss: 0.0408 - acc: 0.9883
1505/1505 [==============================] - 0s 136us/step - loss: 0.0482 - acc: 0.9860 - val_loss: 0.1842 - val_acc: 0.9573
Epoch 23/30

  20/1505 [..............................] - ETA: 0s - loss: 0.0114 - acc: 1.0000
 420/1505 [=======>......................] - ETA: 0s - loss: 0.0727 - acc: 0.9810
 820/1505 [===============>..............] - ETA: 0s - loss: 0.0494 - acc: 0.9878
1240/1505 [=======================>......] - ETA: 0s - loss: 0.0485 - acc: 0.9887
1505/1505 [==============================] - 0s 131us/step - loss: 0.0469 - acc: 0.9887 - val_loss: 0.1655 - val_acc: 0.9658
acc: 98.29%
Train on 1505 samples, validate on 117 samples
Epoch 1/30

  20/1505 [..............................] - ETA: 43s - loss: 0.7262 - acc: 0.5000
 620/1505 [===========>..................] - ETA: 0s - loss: 0.3282 - acc: 0.8710 
1220/1505 [=======================>......] - ETA: 0s - loss: 0.2536 - acc: 0.9057
1505/1505 [==============================] - 1s 523us/step - loss: 0.2294 - acc: 0.9156 - val_loss: 0.1293 - val_acc: 0.9573
Epoch 2/30

  20/1505 [..............................] - ETA: 0s - loss: 0.0392 - acc: 1.0000
 580/1505 [==========>...................] - ETA: 0s - loss: 0.1020 - acc: 0.9724
1120/1505 [=====================>........] - ETA: 0s - loss: 0.0935 - acc: 0.9714
1505/1505 [==============================] - 0s 95us/step - loss: 0.0914 - acc: 0.9728 - val_loss: 0.1183 - val_acc: 0.9744
Epoch 3/30

  20/1505 [..............................] - ETA: 0s - loss: 0.0559 - acc: 0.9500
 560/1505 [==========>...................] - ETA: 0s - loss: 0.0635 - acc: 0.9768
1120/1505 [=====================>........] - ETA: 0s - loss: 0.0635 - acc: 0.9768
1505/1505 [==============================] - 0s 97us/step - loss: 0.0745 - acc: 0.9754 - val_loss: 0.1294 - val_acc: 0.9573
Epoch 4/30

  20/1505 [..............................] - ETA: 0s - loss: 0.0154 - acc: 1.0000
 540/1505 [=========>....................] - ETA: 0s - loss: 0.0747 - acc: 0.9704
1080/1505 [====================>.........] - ETA: 0s - loss: 0.0756 - acc: 0.9713
1505/1505 [==============================] - 0s 97us/step - loss: 0.0661 - acc: 0.9748 - val_loss: 0.1132 - val_acc: 0.9744
Epoch 5/30

  20/1505 [..............................] - ETA: 0s - loss: 0.0116 - acc: 1.0000
 600/1505 [==========>...................] - ETA: 0s - loss: 0.0315 - acc: 0.9950
1160/1505 [======================>.......] - ETA: 0s - loss: 0.0454 - acc: 0.9862
1505/1505 [==============================] - 0s 93us/step - loss: 0.0550 - acc: 0.9834 - val_loss: 0.1402 - val_acc: 0.9487
Epoch 6/30

  20/1505 [..............................] - ETA: 0s - loss: 0.1357 - acc: 0.9500
 600/1505 [==========>...................] - ETA: 0s - loss: 0.0460 - acc: 0.9850
1160/1505 [======================>.......] - ETA: 0s - loss: 0.0612 - acc: 0.9810
1505/1505 [==============================] - 0s 93us/step - loss: 0.0565 - acc: 0.9827 - val_loss: 0.0803 - val_acc: 0.9658
Epoch 7/30

  20/1505 [..............................] - ETA: 0s - loss: 0.0147 - acc: 1.0000
 560/1505 [==========>...................] - ETA: 0s - loss: 0.0394 - acc: 0.9857
1080/1505 [====================>.........] - ETA: 0s - loss: 0.0657 - acc: 0.9787
1505/1505 [==============================] - 0s 102us/step - loss: 0.0609 - acc: 0.9794 - val_loss: 0.1612 - val_acc: 0.9402
Epoch 8/30

  20/1505 [..............................] - ETA: 0s - loss: 0.0053 - acc: 1.0000
 520/1505 [=========>....................] - ETA: 0s - loss: 0.0633 - acc: 0.9788
1020/1505 [===================>..........] - ETA: 0s - loss: 0.0555 - acc: 0.9824
1505/1505 [==============================] - 0s 103us/step - loss: 0.0544 - acc: 0.9841 - val_loss: 0.1979 - val_acc: 0.9402
Epoch 9/30

  20/1505 [..............................] - ETA: 0s - loss: 0.0319 - acc: 1.0000
 560/1505 [==========>...................] - ETA: 0s - loss: 0.0513 - acc: 0.9875
1060/1505 [====================>.........] - ETA: 0s - loss: 0.0485 - acc: 0.9849
1505/1505 [==============================] - 0s 98us/step - loss: 0.0574 - acc: 0.9821 - val_loss: 0.1027 - val_acc: 0.9915
Epoch 10/30

  20/1505 [..............................] - ETA: 0s - loss: 0.0249 - acc: 1.0000
 600/1505 [==========>...................] - ETA: 0s - loss: 0.0770 - acc: 0.9683
1160/1505 [======================>.......] - ETA: 0s - loss: 0.0660 - acc: 0.9741
1505/1505 [==============================] - 0s 94us/step - loss: 0.0681 - acc: 0.9721 - val_loss: 0.0688 - val_acc: 0.9658
Epoch 11/30

  20/1505 [..............................] - ETA: 0s - loss: 0.0331 - acc: 1.0000
 560/1505 [==========>...................] - ETA: 0s - loss: 0.0471 - acc: 0.9857
1020/1505 [===================>..........] - ETA: 0s - loss: 0.0561 - acc: 0.9814
1500/1505 [============================>.] - ETA: 0s - loss: 0.0552 - acc: 0.9800
1505/1505 [==============================] - 0s 107us/step - loss: 0.0550 - acc: 0.9801 - val_loss: 0.1225 - val_acc: 0.9744
Epoch 12/30

  20/1505 [..............................] - ETA: 0s - loss: 0.0366 - acc: 1.0000
 520/1505 [=========>....................] - ETA: 0s - loss: 0.0504 - acc: 0.9788
1080/1505 [====================>.........] - ETA: 0s - loss: 0.0540 - acc: 0.9815
1505/1505 [==============================] - 0s 98us/step - loss: 0.0514 - acc: 0.9827 - val_loss: 0.1804 - val_acc: 0.9573
Epoch 13/30

  20/1505 [..............................] - ETA: 0s - loss: 0.0453 - acc: 1.0000
 520/1505 [=========>....................] - ETA: 0s - loss: 0.0396 - acc: 0.9827
1120/1505 [=====================>........] - ETA: 0s - loss: 0.0449 - acc: 0.9848
1505/1505 [==============================] - 0s 94us/step - loss: 0.0396 - acc: 0.9860 - val_loss: 0.2288 - val_acc: 0.9573
Epoch 14/30

  20/1505 [..............................] - ETA: 0s - loss: 0.0356 - acc: 1.0000
 640/1505 [===========>..................] - ETA: 0s - loss: 0.0334 - acc: 0.9937
1260/1505 [========================>.....] - ETA: 0s - loss: 0.0226 - acc: 0.9960
1505/1505 [==============================] - 0s 85us/step - loss: 0.0314 - acc: 0.9940 - val_loss: 0.1122 - val_acc: 0.9658
Epoch 15/30

  20/1505 [..............................] - ETA: 0s - loss: 0.0531 - acc: 0.9500
 660/1505 [============>.................] - ETA: 0s - loss: 0.0498 - acc: 0.9833
1300/1505 [========================>.....] - ETA: 0s - loss: 0.0426 - acc: 0.9877
1505/1505 [==============================] - 0s 82us/step - loss: 0.0411 - acc: 0.9874 - val_loss: 0.2053 - val_acc: 0.9658
Epoch 16/30

  20/1505 [..............................] - ETA: 0s - loss: 0.0043 - acc: 1.0000
 660/1505 [============>.................] - ETA: 0s - loss: 0.0451 - acc: 0.9848
1300/1505 [========================>.....] - ETA: 0s - loss: 0.0382 - acc: 0.9869
1505/1505 [==============================] - 0s 83us/step - loss: 0.0396 - acc: 0.9860 - val_loss: 0.1640 - val_acc: 0.9658
Epoch 17/30

  20/1505 [..............................] - ETA: 0s - loss: 0.2513 - acc: 0.9500
 660/1505 [============>.................] - ETA: 0s - loss: 0.0589 - acc: 0.9833
1280/1505 [========================>.....] - ETA: 0s - loss: 0.0496 - acc: 0.9844
1505/1505 [==============================] - 0s 84us/step - loss: 0.0498 - acc: 0.9854 - val_loss: 0.1005 - val_acc: 0.9487
Epoch 18/30

  20/1505 [..............................] - ETA: 0s - loss: 0.0071 - acc: 1.0000
 640/1505 [===========>..................] - ETA: 0s - loss: 0.0507 - acc: 0.9875
1260/1505 [========================>.....] - ETA: 0s - loss: 0.0536 - acc: 0.9857
1505/1505 [==============================] - 0s 85us/step - loss: 0.0498 - acc: 0.9860 - val_loss: 0.2119 - val_acc: 0.9402
Epoch 19/30

  20/1505 [..............................] - ETA: 0s - loss: 0.0067 - acc: 1.0000
 660/1505 [============>.................] - ETA: 0s - loss: 0.0414 - acc: 0.9879
1280/1505 [========================>.....] - ETA: 0s - loss: 0.0554 - acc: 0.9852
1505/1505 [==============================] - 0s 84us/step - loss: 0.0546 - acc: 0.9854 - val_loss: 0.1188 - val_acc: 0.9658
acc: 99.15%
Train on 1505 samples, validate on 117 samples
Epoch 1/30

  20/1505 [..............................] - ETA: 49s - loss: 0.6706 - acc: 0.6500
 400/1505 [======>.......................] - ETA: 1s - loss: 0.4158 - acc: 0.8425 
 700/1505 [============>.................] - ETA: 0s - loss: 0.3035 - acc: 0.8943
1000/1505 [==================>...........] - ETA: 0s - loss: 0.2414 - acc: 0.9170
1280/1505 [========================>.....] - ETA: 0s - loss: 0.2075 - acc: 0.9273
1505/1505 [==============================] - 1s 698us/step - loss: 0.1964 - acc: 0.9316 - val_loss: 0.1677 - val_acc: 0.9145
Epoch 2/30

  20/1505 [..............................] - ETA: 0s - loss: 0.0432 - acc: 1.0000
 360/1505 [======>.......................] - ETA: 0s - loss: 0.0707 - acc: 0.9750
 740/1505 [=============>................] - ETA: 0s - loss: 0.0671 - acc: 0.9770
1100/1505 [====================>.........] - ETA: 0s - loss: 0.0744 - acc: 0.9773
1460/1505 [============================>.] - ETA: 0s - loss: 0.0750 - acc: 0.9760
1505/1505 [==============================] - 0s 147us/step - loss: 0.0750 - acc: 0.9761 - val_loss: 0.1860 - val_acc: 0.9402
Epoch 3/30

  20/1505 [..............................] - ETA: 0s - loss: 0.0294 - acc: 1.0000
 400/1505 [======>.......................] - ETA: 0s - loss: 0.0833 - acc: 0.9775
 760/1505 [==============>...............] - ETA: 0s - loss: 0.0886 - acc: 0.9776
1140/1505 [=====================>........] - ETA: 0s - loss: 0.0861 - acc: 0.9763
1500/1505 [============================>.] - ETA: 0s - loss: 0.0936 - acc: 0.9727
1505/1505 [==============================] - 0s 145us/step - loss: 0.0936 - acc: 0.9728 - val_loss: 0.1910 - val_acc: 0.9145
Epoch 4/30

  20/1505 [..............................] - ETA: 0s - loss: 0.0253 - acc: 1.0000
 380/1505 [======>.......................] - ETA: 0s - loss: 0.0534 - acc: 0.9842
 720/1505 [=============>................] - ETA: 0s - loss: 0.0619 - acc: 0.9806
1040/1505 [===================>..........] - ETA: 0s - loss: 0.0696 - acc: 0.9798
1380/1505 [==========================>...] - ETA: 0s - loss: 0.0734 - acc: 0.9768
1505/1505 [==============================] - 0s 159us/step - loss: 0.0753 - acc: 0.9748 - val_loss: 0.1788 - val_acc: 0.9316
Epoch 5/30

  20/1505 [..............................] - ETA: 0s - loss: 0.1658 - acc: 0.9500
 340/1505 [=====>........................] - ETA: 0s - loss: 0.0531 - acc: 0.9853
 660/1505 [============>.................] - ETA: 0s - loss: 0.0660 - acc: 0.9803
 980/1505 [==================>...........] - ETA: 0s - loss: 0.0593 - acc: 0.9837
1300/1505 [========================>.....] - ETA: 0s - loss: 0.0558 - acc: 0.9846
1505/1505 [==============================] - 0s 164us/step - loss: 0.0621 - acc: 0.9807 - val_loss: 0.1558 - val_acc: 0.9402
Epoch 6/30

  20/1505 [..............................] - ETA: 0s - loss: 0.0167 - acc: 1.0000
 340/1505 [=====>........................] - ETA: 0s - loss: 0.0422 - acc: 0.9794
 680/1505 [============>.................] - ETA: 0s - loss: 0.0339 - acc: 0.9853
1020/1505 [===================>..........] - ETA: 0s - loss: 0.0404 - acc: 0.9863
1320/1505 [=========================>....] - ETA: 0s - loss: 0.0437 - acc: 0.9856
1505/1505 [==============================] - 0s 166us/step - loss: 0.0512 - acc: 0.9834 - val_loss: 0.1277 - val_acc: 0.9573
Epoch 7/30

  20/1505 [..............................] - ETA: 0s - loss: 0.0428 - acc: 1.0000
 300/1505 [====>.........................] - ETA: 0s - loss: 0.0557 - acc: 0.9867
 620/1505 [===========>..................] - ETA: 0s - loss: 0.0391 - acc: 0.9887
 940/1505 [=================>............] - ETA: 0s - loss: 0.0484 - acc: 0.9840
1260/1505 [========================>.....] - ETA: 0s - loss: 0.0568 - acc: 0.9817
1505/1505 [==============================] - 0s 170us/step - loss: 0.0611 - acc: 0.9814 - val_loss: 0.2073 - val_acc: 0.9402
Epoch 8/30

  20/1505 [..............................] - ETA: 0s - loss: 0.0033 - acc: 1.0000
 320/1505 [=====>........................] - ETA: 0s - loss: 0.0381 - acc: 0.9906
 600/1505 [==========>...................] - ETA: 0s - loss: 0.0336 - acc: 0.9933
 840/1505 [===============>..............] - ETA: 0s - loss: 0.0359 - acc: 0.9905
1100/1505 [====================>.........] - ETA: 0s - loss: 0.0430 - acc: 0.9873
1380/1505 [==========================>...] - ETA: 0s - loss: 0.0485 - acc: 0.9841
1505/1505 [==============================] - 0s 195us/step - loss: 0.0483 - acc: 0.9841 - val_loss: 0.1240 - val_acc: 0.9402
Epoch 9/30

  20/1505 [..............................] - ETA: 0s - loss: 0.0761 - acc: 0.9500
 340/1505 [=====>........................] - ETA: 0s - loss: 0.0745 - acc: 0.9824
 660/1505 [============>.................] - ETA: 0s - loss: 0.0542 - acc: 0.9848
 980/1505 [==================>...........] - ETA: 0s - loss: 0.0479 - acc: 0.9847
1280/1505 [========================>.....] - ETA: 0s - loss: 0.0455 - acc: 0.9836
1505/1505 [==============================] - 0s 172us/step - loss: 0.0424 - acc: 0.9854 - val_loss: 0.0974 - val_acc: 0.9573
Epoch 10/30

  20/1505 [..............................] - ETA: 0s - loss: 0.0127 - acc: 1.0000
 320/1505 [=====>........................] - ETA: 0s - loss: 0.0193 - acc: 0.9906
 540/1505 [=========>....................] - ETA: 0s - loss: 0.0183 - acc: 0.9926
 780/1505 [==============>...............] - ETA: 0s - loss: 0.0185 - acc: 0.9936
1060/1505 [====================>.........] - ETA: 0s - loss: 0.0295 - acc: 0.9896
1280/1505 [========================>.....] - ETA: 0s - loss: 0.0334 - acc: 0.9875
1505/1505 [==============================] - 0s 214us/step - loss: 0.0402 - acc: 0.9867 - val_loss: 0.1846 - val_acc: 0.9402
Epoch 11/30

  20/1505 [..............................] - ETA: 0s - loss: 0.0672 - acc: 0.9500
 300/1505 [====>.........................] - ETA: 0s - loss: 0.0565 - acc: 0.9733
 660/1505 [============>.................] - ETA: 0s - loss: 0.0397 - acc: 0.9864
1020/1505 [===================>..........] - ETA: 0s - loss: 0.0476 - acc: 0.9814
1400/1505 [==========================>...] - ETA: 0s - loss: 0.0465 - acc: 0.9807
1505/1505 [==============================] - 0s 154us/step - loss: 0.0485 - acc: 0.9807 - val_loss: 0.1245 - val_acc: 0.9658
Epoch 12/30

  20/1505 [..............................] - ETA: 0s - loss: 0.0108 - acc: 1.0000
 380/1505 [======>.......................] - ETA: 0s - loss: 0.0355 - acc: 0.9921
 760/1505 [==============>...............] - ETA: 0s - loss: 0.0411 - acc: 0.9895
1100/1505 [====================>.........] - ETA: 0s - loss: 0.0442 - acc: 0.9891
1480/1505 [============================>.] - ETA: 0s - loss: 0.0492 - acc: 0.9865
1505/1505 [==============================] - 0s 150us/step - loss: 0.0491 - acc: 0.9860 - val_loss: 0.1883 - val_acc: 0.9573
Epoch 13/30

  20/1505 [..............................] - ETA: 0s - loss: 0.0282 - acc: 1.0000
 260/1505 [====>.........................] - ETA: 0s - loss: 0.0264 - acc: 0.9962
 560/1505 [==========>...................] - ETA: 0s - loss: 0.0381 - acc: 0.9893
 840/1505 [===============>..............] - ETA: 0s - loss: 0.0350 - acc: 0.9905
1180/1505 [======================>.......] - ETA: 0s - loss: 0.0393 - acc: 0.9890
1460/1505 [============================>.] - ETA: 0s - loss: 0.0455 - acc: 0.9863
1505/1505 [==============================] - 0s 183us/step - loss: 0.0453 - acc: 0.9860 - val_loss: 0.1525 - val_acc: 0.9658
Epoch 14/30

  20/1505 [..............................] - ETA: 0s - loss: 0.0278 - acc: 1.0000
 380/1505 [======>.......................] - ETA: 0s - loss: 0.0254 - acc: 0.9921
 760/1505 [==============>...............] - ETA: 0s - loss: 0.0371 - acc: 0.9868
1120/1505 [=====================>........] - ETA: 0s - loss: 0.0332 - acc: 0.9884
1460/1505 [============================>.] - ETA: 0s - loss: 0.0451 - acc: 0.9836
1505/1505 [==============================] - 0s 152us/step - loss: 0.0443 - acc: 0.9841 - val_loss: 0.1387 - val_acc: 0.9744
Epoch 15/30

  20/1505 [..............................] - ETA: 0s - loss: 0.0076 - acc: 1.0000
 320/1505 [=====>........................] - ETA: 0s - loss: 0.0363 - acc: 0.9937
 680/1505 [============>.................] - ETA: 0s - loss: 0.0410 - acc: 0.9912
1040/1505 [===================>..........] - ETA: 0s - loss: 0.0380 - acc: 0.9894
1360/1505 [==========================>...] - ETA: 0s - loss: 0.0419 - acc: 0.9890
1505/1505 [==============================] - 0s 157us/step - loss: 0.0448 - acc: 0.9880 - val_loss: 0.1555 - val_acc: 0.9487
Epoch 16/30

  20/1505 [..............................] - ETA: 0s - loss: 0.0434 - acc: 1.0000
 360/1505 [======>.......................] - ETA: 0s - loss: 0.0239 - acc: 0.9944
 800/1505 [==============>...............] - ETA: 0s - loss: 0.0373 - acc: 0.9900
1260/1505 [========================>.....] - ETA: 0s - loss: 0.0478 - acc: 0.9833
1505/1505 [==============================] - 0s 125us/step - loss: 0.0452 - acc: 0.9847 - val_loss: 0.1773 - val_acc: 0.9487
Epoch 17/30

  20/1505 [..............................] - ETA: 0s - loss: 0.0200 - acc: 1.0000
 500/1505 [========>.....................] - ETA: 0s - loss: 0.0347 - acc: 0.9880
 960/1505 [==================>...........] - ETA: 0s - loss: 0.0404 - acc: 0.9875
1380/1505 [==========================>...] - ETA: 0s - loss: 0.0449 - acc: 0.9862
1505/1505 [==============================] - 0s 125us/step - loss: 0.0462 - acc: 0.9860 - val_loss: 0.2675 - val_acc: 0.9487
Epoch 18/30

  20/1505 [..............................] - ETA: 0s - loss: 0.0159 - acc: 1.0000
 300/1505 [====>.........................] - ETA: 0s - loss: 0.0188 - acc: 0.9900
 720/1505 [=============>................] - ETA: 0s - loss: 0.0326 - acc: 0.9847
1120/1505 [=====================>........] - ETA: 0s - loss: 0.0281 - acc: 0.9875
1505/1505 [==============================] - 0s 141us/step - loss: 0.0362 - acc: 0.9854 - val_loss: 0.2123 - val_acc: 0.9402
Epoch 19/30

  20/1505 [..............................] - ETA: 0s - loss: 0.0017 - acc: 1.0000
 460/1505 [========>.....................] - ETA: 0s - loss: 0.0386 - acc: 0.9870
 900/1505 [================>.............] - ETA: 0s - loss: 0.0354 - acc: 0.9878
1360/1505 [==========================>...] - ETA: 0s - loss: 0.0311 - acc: 0.9897
1505/1505 [==============================] - 0s 118us/step - loss: 0.0312 - acc: 0.9900 - val_loss: 0.2562 - val_acc: 0.9487
Epoch 20/30

  20/1505 [..............................] - ETA: 0s - loss: 0.0074 - acc: 1.0000
 440/1505 [=======>......................] - ETA: 0s - loss: 0.0287 - acc: 0.9886
 800/1505 [==============>...............] - ETA: 0s - loss: 0.0343 - acc: 0.9887
1240/1505 [=======================>......] - ETA: 0s - loss: 0.0349 - acc: 0.9887
1505/1505 [==============================] - 0s 134us/step - loss: 0.0307 - acc: 0.9900 - val_loss: 0.2500 - val_acc: 0.9231
Epoch 21/30

  20/1505 [..............................] - ETA: 0s - loss: 0.0043 - acc: 1.0000
 420/1505 [=======>......................] - ETA: 0s - loss: 0.0165 - acc: 0.9976
 860/1505 [================>.............] - ETA: 0s - loss: 0.0326 - acc: 0.9884
1280/1505 [========================>.....] - ETA: 0s - loss: 0.0285 - acc: 0.9891
1505/1505 [==============================] - 0s 127us/step - loss: 0.0320 - acc: 0.9880 - val_loss: 0.2042 - val_acc: 0.9402
Epoch 22/30

  20/1505 [..............................] - ETA: 0s - loss: 0.0082 - acc: 1.0000
 460/1505 [========>.....................] - ETA: 0s - loss: 0.0142 - acc: 0.9957
 900/1505 [================>.............] - ETA: 0s - loss: 0.0321 - acc: 0.9911
1340/1505 [=========================>....] - ETA: 0s - loss: 0.0341 - acc: 0.9896
1505/1505 [==============================] - 0s 119us/step - loss: 0.0350 - acc: 0.9894 - val_loss: 0.1869 - val_acc: 0.9231
Epoch 23/30

  20/1505 [..............................] - ETA: 0s - loss: 0.3150 - acc: 0.8500
 440/1505 [=======>......................] - ETA: 0s - loss: 0.0509 - acc: 0.9818
 860/1505 [================>.............] - ETA: 0s - loss: 0.0461 - acc: 0.9849
1320/1505 [=========================>....] - ETA: 0s - loss: 0.0383 - acc: 0.9879
1505/1505 [==============================] - 0s 124us/step - loss: 0.0409 - acc: 0.9867 - val_loss: 0.2046 - val_acc: 0.9316
Epoch 24/30

  20/1505 [..............................] - ETA: 0s - loss: 0.1167 - acc: 0.9500
 500/1505 [========>.....................] - ETA: 0s - loss: 0.0308 - acc: 0.9900
 980/1505 [==================>...........] - ETA: 0s - loss: 0.0448 - acc: 0.9857
1440/1505 [===========================>..] - ETA: 0s - loss: 0.0419 - acc: 0.9875
1505/1505 [==============================] - 0s 112us/step - loss: 0.0406 - acc: 0.9880 - val_loss: 0.3323 - val_acc: 0.8974
acc: 97.44%
Train on 1506 samples, validate on 116 samples
Epoch 1/30

  20/1506 [..............................] - ETA: 51s - loss: 0.7001 - acc: 0.5500
 720/1506 [=============>................] - ETA: 0s - loss: 0.3136 - acc: 0.8778 
1440/1506 [===========================>..] - ETA: 0s - loss: 0.2233 - acc: 0.9153
1506/1506 [==============================] - 1s 589us/step - loss: 0.2209 - acc: 0.9163 - val_loss: 0.0766 - val_acc: 0.9741
Epoch 2/30

  20/1506 [..............................] - ETA: 0s - loss: 0.0544 - acc: 1.0000
 740/1506 [=============>................] - ETA: 0s - loss: 0.0890 - acc: 0.9730
1420/1506 [===========================>..] - ETA: 0s - loss: 0.0863 - acc: 0.9754
1506/1506 [==============================] - 0s 76us/step - loss: 0.0884 - acc: 0.9748 - val_loss: 0.0992 - val_acc: 0.9828
Epoch 3/30

  20/1506 [..............................] - ETA: 0s - loss: 0.1046 - acc: 0.9500
 660/1506 [============>.................] - ETA: 0s - loss: 0.0897 - acc: 0.9697
1280/1506 [========================>.....] - ETA: 0s - loss: 0.0900 - acc: 0.9719
1506/1506 [==============================] - 0s 85us/step - loss: 0.0842 - acc: 0.9734 - val_loss: 0.0501 - val_acc: 0.9828
Epoch 4/30

  20/1506 [..............................] - ETA: 0s - loss: 0.0173 - acc: 1.0000
 600/1506 [==========>...................] - ETA: 0s - loss: 0.0761 - acc: 0.9833
1180/1506 [======================>.......] - ETA: 0s - loss: 0.0624 - acc: 0.9822
1506/1506 [==============================] - 0s 92us/step - loss: 0.0628 - acc: 0.9814 - val_loss: 0.0413 - val_acc: 0.9828
Epoch 5/30

  20/1506 [..............................] - ETA: 0s - loss: 0.0055 - acc: 1.0000
 560/1506 [==========>...................] - ETA: 0s - loss: 0.0673 - acc: 0.9821
1100/1506 [====================>.........] - ETA: 0s - loss: 0.0648 - acc: 0.9818
1506/1506 [==============================] - 0s 97us/step - loss: 0.0651 - acc: 0.9814 - val_loss: 0.0484 - val_acc: 0.9828
Epoch 6/30

  20/1506 [..............................] - ETA: 0s - loss: 0.0137 - acc: 1.0000
 560/1506 [==========>...................] - ETA: 0s - loss: 0.0435 - acc: 0.9821
1120/1506 [=====================>........] - ETA: 0s - loss: 0.0449 - acc: 0.9857
1506/1506 [==============================] - 0s 96us/step - loss: 0.0510 - acc: 0.9834 - val_loss: 0.0764 - val_acc: 0.9569
Epoch 7/30

  20/1506 [..............................] - ETA: 0s - loss: 0.0616 - acc: 0.9500
 560/1506 [==========>...................] - ETA: 0s - loss: 0.0439 - acc: 0.9857
1100/1506 [====================>.........] - ETA: 0s - loss: 0.0503 - acc: 0.9855
1506/1506 [==============================] - 0s 98us/step - loss: 0.0499 - acc: 0.9841 - val_loss: 0.0778 - val_acc: 0.9741
Epoch 8/30

  20/1506 [..............................] - ETA: 0s - loss: 0.0862 - acc: 0.9500
 560/1506 [==========>...................] - ETA: 0s - loss: 0.0485 - acc: 0.9875
1100/1506 [====================>.........] - ETA: 0s - loss: 0.0423 - acc: 0.9873
1506/1506 [==============================] - 0s 99us/step - loss: 0.0376 - acc: 0.9887 - val_loss: 0.0635 - val_acc: 0.9828
Epoch 9/30

  20/1506 [..............................] - ETA: 0s - loss: 0.0108 - acc: 1.0000
 540/1506 [=========>....................] - ETA: 0s - loss: 0.0283 - acc: 0.9907
1060/1506 [====================>.........] - ETA: 0s - loss: 0.0453 - acc: 0.9830
1506/1506 [==============================] - 0s 103us/step - loss: 0.0486 - acc: 0.9801 - val_loss: 0.0929 - val_acc: 0.9569
Epoch 10/30

  20/1506 [..............................] - ETA: 0s - loss: 0.0088 - acc: 1.0000
 520/1506 [=========>....................] - ETA: 0s - loss: 0.0557 - acc: 0.9846
1060/1506 [====================>.........] - ETA: 0s - loss: 0.0490 - acc: 0.9840
1506/1506 [==============================] - 0s 102us/step - loss: 0.0522 - acc: 0.9841 - val_loss: 0.0855 - val_acc: 0.9741
Epoch 11/30

  20/1506 [..............................] - ETA: 0s - loss: 0.0090 - acc: 1.0000
 540/1506 [=========>....................] - ETA: 0s - loss: 0.0440 - acc: 0.9852
1080/1506 [====================>.........] - ETA: 0s - loss: 0.0603 - acc: 0.9806
1506/1506 [==============================] - 0s 99us/step - loss: 0.0717 - acc: 0.9754 - val_loss: 0.1196 - val_acc: 0.9741
Epoch 12/30

  20/1506 [..............................] - ETA: 0s - loss: 0.0217 - acc: 1.0000
 560/1506 [==========>...................] - ETA: 0s - loss: 0.0805 - acc: 0.9750
1100/1506 [====================>.........] - ETA: 0s - loss: 0.0667 - acc: 0.9773
1506/1506 [==============================] - 0s 98us/step - loss: 0.0715 - acc: 0.9761 - val_loss: 0.1276 - val_acc: 0.9569
acc: 98.28%
Train on 1506 samples, validate on 116 samples
Epoch 1/30

  20/1506 [..............................] - ETA: 1:02 - loss: 0.6860 - acc: 0.5500
 660/1506 [============>.................] - ETA: 1s - loss: 0.2880 - acc: 0.8909  
1340/1506 [=========================>....] - ETA: 0s - loss: 0.2094 - acc: 0.9269
1506/1506 [==============================] - 1s 697us/step - loss: 0.1993 - acc: 0.9323 - val_loss: 0.1449 - val_acc: 0.9569
Epoch 2/30

  20/1506 [..............................] - ETA: 0s - loss: 0.0956 - acc: 0.9500
 640/1506 [===========>..................] - ETA: 0s - loss: 0.0680 - acc: 0.9750
1140/1506 [=====================>........] - ETA: 0s - loss: 0.0709 - acc: 0.9763
1506/1506 [==============================] - 0s 96us/step - loss: 0.0726 - acc: 0.9761 - val_loss: 0.1539 - val_acc: 0.9569
Epoch 3/30

  20/1506 [..............................] - ETA: 0s - loss: 0.0676 - acc: 0.9500
 560/1506 [==========>...................] - ETA: 0s - loss: 0.0590 - acc: 0.9839
1080/1506 [====================>.........] - ETA: 0s - loss: 0.0751 - acc: 0.9778
1506/1506 [==============================] - 0s 99us/step - loss: 0.0736 - acc: 0.9781 - val_loss: 0.1663 - val_acc: 0.9397
Epoch 4/30

  20/1506 [..............................] - ETA: 0s - loss: 0.1536 - acc: 0.9500
 540/1506 [=========>....................] - ETA: 0s - loss: 0.0944 - acc: 0.9685
1080/1506 [====================>.........] - ETA: 0s - loss: 0.0758 - acc: 0.9741
1506/1506 [==============================] - 0s 98us/step - loss: 0.0798 - acc: 0.9721 - val_loss: 0.1883 - val_acc: 0.9224
Epoch 5/30

  20/1506 [..............................] - ETA: 0s - loss: 0.0766 - acc: 0.9500
 620/1506 [===========>..................] - ETA: 0s - loss: 0.0568 - acc: 0.9790
1240/1506 [=======================>......] - ETA: 0s - loss: 0.0684 - acc: 0.9742
1506/1506 [==============================] - 0s 87us/step - loss: 0.0754 - acc: 0.9714 - val_loss: 0.1428 - val_acc: 0.9569
Epoch 6/30

  20/1506 [..............................] - ETA: 0s - loss: 0.0176 - acc: 1.0000
 640/1506 [===========>..................] - ETA: 0s - loss: 0.0736 - acc: 0.9750
1240/1506 [=======================>......] - ETA: 0s - loss: 0.0778 - acc: 0.9750
1506/1506 [==============================] - 0s 87us/step - loss: 0.0765 - acc: 0.9754 - val_loss: 0.1664 - val_acc: 0.9397
Epoch 7/30

  20/1506 [..............................] - ETA: 0s - loss: 0.0474 - acc: 0.9500
 620/1506 [===========>..................] - ETA: 0s - loss: 0.0364 - acc: 0.9871
1200/1506 [======================>.......] - ETA: 0s - loss: 0.0559 - acc: 0.9817
1506/1506 [==============================] - 0s 88us/step - loss: 0.0563 - acc: 0.9821 - val_loss: 0.2431 - val_acc: 0.9310
Epoch 8/30

  20/1506 [..............................] - ETA: 0s - loss: 0.0105 - acc: 1.0000
 600/1506 [==========>...................] - ETA: 0s - loss: 0.0451 - acc: 0.9900
1200/1506 [======================>.......] - ETA: 0s - loss: 0.0457 - acc: 0.9867
1506/1506 [==============================] - 0s 89us/step - loss: 0.0421 - acc: 0.9874 - val_loss: 0.1823 - val_acc: 0.9310
Epoch 9/30

  20/1506 [..............................] - ETA: 0s - loss: 0.0211 - acc: 1.0000
 620/1506 [===========>..................] - ETA: 0s - loss: 0.0334 - acc: 0.9919
1240/1506 [=======================>......] - ETA: 0s - loss: 0.0365 - acc: 0.9887
1506/1506 [==============================] - 0s 87us/step - loss: 0.0399 - acc: 0.9874 - val_loss: 0.1506 - val_acc: 0.9569
Epoch 10/30

  20/1506 [..............................] - ETA: 0s - loss: 0.0190 - acc: 1.0000
 640/1506 [===========>..................] - ETA: 0s - loss: 0.0585 - acc: 0.9766
1240/1506 [=======================>......] - ETA: 0s - loss: 0.0417 - acc: 0.9839
1506/1506 [==============================] - 0s 86us/step - loss: 0.0413 - acc: 0.9854 - val_loss: 0.2713 - val_acc: 0.9224
Epoch 11/30

  20/1506 [..............................] - ETA: 0s - loss: 0.0073 - acc: 1.0000
 640/1506 [===========>..................] - ETA: 0s - loss: 0.0276 - acc: 0.9906
1240/1506 [=======================>......] - ETA: 0s - loss: 0.0385 - acc: 0.9879
1506/1506 [==============================] - 0s 88us/step - loss: 0.0362 - acc: 0.9887 - val_loss: 0.2262 - val_acc: 0.9397
acc: 95.69%
Train on 1506 samples, validate on 116 samples
Epoch 1/30

  20/1506 [..............................] - ETA: 1:32:01 - loss: 0.6944 - acc: 0.5500
 660/1506 [============>.................] - ETA: 1:35 - loss: 0.3529 - acc: 0.8667   
1320/1506 [=========================>....] - ETA: 10s - loss: 0.2459 - acc: 0.9091 
1506/1506 [==============================] - 75s 49ms/step - loss: 0.2379 - acc: 0.9150 - val_loss: 0.2044 - val_acc: 0.9397
Epoch 2/30

  20/1506 [..............................] - ETA: 0s - loss: 0.1052 - acc: 0.9500
 600/1506 [==========>...................] - ETA: 0s - loss: 0.1186 - acc: 0.9567
 620/1506 [===========>..................] - ETA: 0s - loss: 0.1161 - acc: 0.9581
 820/1506 [===============>..............] - ETA: 0s - loss: 0.1076 - acc: 0.9622
1040/1506 [===================>..........] - ETA: 0s - loss: 0.1055 - acc: 0.9635
1240/1506 [=======================>......] - ETA: 0s - loss: 0.1058 - acc: 0.9637
1380/1506 [==========================>...] - ETA: 0s - loss: 0.0999 - acc: 0.9667
1506/1506 [==============================] - 0s 256us/step - loss: 0.0989 - acc: 0.9668 - val_loss: 0.1359 - val_acc: 0.9655
Epoch 3/30

  20/1506 [..............................] - ETA: 0s - loss: 0.0590 - acc: 0.9500
 460/1506 [========>.....................] - ETA: 0s - loss: 0.0501 - acc: 0.9826
1120/1506 [=====================>........] - ETA: 0s - loss: 0.0667 - acc: 0.9714
1506/1506 [==============================] - 0s 98us/step - loss: 0.0740 - acc: 0.9714 - val_loss: 0.1117 - val_acc: 0.9655
Epoch 4/30

  20/1506 [..............................] - ETA: 0s - loss: 0.1319 - acc: 0.9500
 740/1506 [=============>................] - ETA: 0s - loss: 0.0737 - acc: 0.9770
1180/1506 [======================>.......] - ETA: 0s - loss: 0.0612 - acc: 0.9805
1506/1506 [==============================] - 0s 91us/step - loss: 0.0623 - acc: 0.9794 - val_loss: 0.1511 - val_acc: 0.9569
Epoch 5/30

  20/1506 [..............................] - ETA: 0s - loss: 0.0362 - acc: 1.0000
 680/1506 [============>.................] - ETA: 0s - loss: 0.0709 - acc: 0.9750
1360/1506 [==========================>...] - ETA: 0s - loss: 0.0697 - acc: 0.9728
1506/1506 [==============================] - 0s 78us/step - loss: 0.0654 - acc: 0.9741 - val_loss: 0.1651 - val_acc: 0.9569
Epoch 6/30

  20/1506 [..............................] - ETA: 0s - loss: 0.0138 - acc: 1.0000
 680/1506 [============>.................] - ETA: 0s - loss: 0.0694 - acc: 0.9824
1360/1506 [==========================>...] - ETA: 0s - loss: 0.0766 - acc: 0.9809
1506/1506 [==============================] - 0s 78us/step - loss: 0.0745 - acc: 0.9814 - val_loss: 0.1938 - val_acc: 0.9310
Epoch 7/30

  20/1506 [..............................] - ETA: 0s - loss: 0.0917 - acc: 0.9500
 700/1506 [============>.................] - ETA: 0s - loss: 0.0469 - acc: 0.9900
1360/1506 [==========================>...] - ETA: 0s - loss: 0.0566 - acc: 0.9794
1506/1506 [==============================] - 0s 78us/step - loss: 0.0568 - acc: 0.9781 - val_loss: 0.1643 - val_acc: 0.9569
Epoch 8/30

  20/1506 [..............................] - ETA: 0s - loss: 0.0218 - acc: 1.0000
 680/1506 [============>.................] - ETA: 0s - loss: 0.0500 - acc: 0.9912
1360/1506 [==========================>...] - ETA: 0s - loss: 0.0564 - acc: 0.9875
1506/1506 [==============================] - 0s 78us/step - loss: 0.0606 - acc: 0.9874 - val_loss: 0.1512 - val_acc: 0.9569
Epoch 9/30

  20/1506 [..............................] - ETA: 0s - loss: 0.0063 - acc: 1.0000
 700/1506 [============>.................] - ETA: 0s - loss: 0.0520 - acc: 0.9871
1400/1506 [==========================>...] - ETA: 0s - loss: 0.0558 - acc: 0.9807
1506/1506 [==============================] - 0s 76us/step - loss: 0.0553 - acc: 0.9801 - val_loss: 0.1901 - val_acc: 0.9483
Epoch 10/30

  20/1506 [..............................] - ETA: 0s - loss: 0.3733 - acc: 0.9000
 720/1506 [=============>................] - ETA: 0s - loss: 0.0703 - acc: 0.9750
1420/1506 [===========================>..] - ETA: 0s - loss: 0.0673 - acc: 0.9782
1506/1506 [==============================] - 0s 74us/step - loss: 0.0651 - acc: 0.9788 - val_loss: 0.1211 - val_acc: 0.9741
Epoch 11/30

  20/1506 [..............................] - ETA: 0s - loss: 0.2558 - acc: 0.9500
 720/1506 [=============>................] - ETA: 0s - loss: 0.0597 - acc: 0.9847
1380/1506 [==========================>...] - ETA: 0s - loss: 0.0661 - acc: 0.9826
1506/1506 [==============================] - 0s 77us/step - loss: 0.0663 - acc: 0.9821 - val_loss: 0.1055 - val_acc: 0.9741
Epoch 12/30

  20/1506 [..............................] - ETA: 0s - loss: 0.0828 - acc: 0.9500
 680/1506 [============>.................] - ETA: 0s - loss: 0.0881 - acc: 0.9721
1100/1506 [====================>.........] - ETA: 0s - loss: 0.0719 - acc: 0.9745
1506/1506 [==============================] - 0s 99us/step - loss: 0.0690 - acc: 0.9761 - val_loss: 0.1522 - val_acc: 0.9655
Epoch 13/30

  20/1506 [..............................] - ETA: 0s - loss: 0.0316 - acc: 1.0000
 540/1506 [=========>....................] - ETA: 0s - loss: 0.0324 - acc: 0.9889
1040/1506 [===================>..........] - ETA: 0s - loss: 0.0384 - acc: 0.9856
1506/1506 [==============================] - 0s 104us/step - loss: 0.0516 - acc: 0.9801 - val_loss: 0.1255 - val_acc: 0.9655
Epoch 14/30

  20/1506 [..............................] - ETA: 0s - loss: 0.0765 - acc: 1.0000
 580/1506 [==========>...................] - ETA: 0s - loss: 0.0436 - acc: 0.9897
1200/1506 [======================>.......] - ETA: 0s - loss: 0.0473 - acc: 0.9867
1506/1506 [==============================] - 0s 96us/step - loss: 0.0509 - acc: 0.9841 - val_loss: 0.2008 - val_acc: 0.9569
Epoch 15/30

  20/1506 [..............................] - ETA: 0s - loss: 0.0212 - acc: 1.0000
 500/1506 [========>.....................] - ETA: 0s - loss: 0.0464 - acc: 0.9840
1040/1506 [===================>..........] - ETA: 0s - loss: 0.0501 - acc: 0.9817
1506/1506 [==============================] - 0s 102us/step - loss: 0.0456 - acc: 0.9834 - val_loss: 0.1276 - val_acc: 0.9569
Epoch 16/30

  20/1506 [..............................] - ETA: 0s - loss: 0.0010 - acc: 1.0000
 640/1506 [===========>..................] - ETA: 0s - loss: 0.0333 - acc: 0.9922
1280/1506 [========================>.....] - ETA: 0s - loss: 0.0328 - acc: 0.9914
1506/1506 [==============================] - 0s 83us/step - loss: 0.0353 - acc: 0.9914 - val_loss: 0.1718 - val_acc: 0.9397
Epoch 17/30

  20/1506 [..............................] - ETA: 0s - loss: 0.0113 - acc: 1.0000
 680/1506 [============>.................] - ETA: 0s - loss: 0.0218 - acc: 0.9926
1220/1506 [=======================>......] - ETA: 0s - loss: 0.0223 - acc: 0.9934
1506/1506 [==============================] - 0s 87us/step - loss: 0.0295 - acc: 0.9914 - val_loss: 0.1817 - val_acc: 0.9310
Epoch 18/30

  20/1506 [..............................] - ETA: 0s - loss: 0.0040 - acc: 1.0000
 660/1506 [============>.................] - ETA: 0s - loss: 0.0242 - acc: 0.9924
1300/1506 [========================>.....] - ETA: 0s - loss: 0.0238 - acc: 0.9923
1506/1506 [==============================] - 0s 82us/step - loss: 0.0258 - acc: 0.9920 - val_loss: 0.1773 - val_acc: 0.9569
Epoch 19/30

  20/1506 [..............................] - ETA: 0s - loss: 0.0035 - acc: 1.0000
 620/1506 [===========>..................] - ETA: 0s - loss: 0.0171 - acc: 0.9952
1300/1506 [========================>.....] - ETA: 0s - loss: 0.0179 - acc: 0.9946
1506/1506 [==============================] - 0s 82us/step - loss: 0.0227 - acc: 0.9927 - val_loss: 0.2082 - val_acc: 0.9483
Epoch 20/30

  20/1506 [..............................] - ETA: 0s - loss: 0.0356 - acc: 1.0000
 660/1506 [============>.................] - ETA: 0s - loss: 0.0249 - acc: 0.9924
1340/1506 [=========================>....] - ETA: 0s - loss: 0.0218 - acc: 0.9925
1506/1506 [==============================] - 0s 79us/step - loss: 0.0209 - acc: 0.9934 - val_loss: 0.2047 - val_acc: 0.9569
acc: 97.41%
Train on 1506 samples, validate on 116 samples
Epoch 1/30

  20/1506 [..............................] - ETA: 1:11 - loss: 0.6706 - acc: 0.6500
 720/1506 [=============>................] - ETA: 1s - loss: 0.3136 - acc: 0.8764  
1460/1506 [============================>.] - ETA: 0s - loss: 0.2131 - acc: 0.9144
1506/1506 [==============================] - 1s 806us/step - loss: 0.2089 - acc: 0.9163 - val_loss: 0.0742 - val_acc: 0.9828
Epoch 2/30

  20/1506 [..............................] - ETA: 0s - loss: 0.1349 - acc: 0.9500
 680/1506 [============>.................] - ETA: 0s - loss: 0.1126 - acc: 0.9603
1360/1506 [==========================>...] - ETA: 0s - loss: 0.1056 - acc: 0.9625
1506/1506 [==============================] - 0s 78us/step - loss: 0.1075 - acc: 0.9628 - val_loss: 0.1290 - val_acc: 0.9569
Epoch 3/30

  20/1506 [..............................] - ETA: 0s - loss: 0.0176 - acc: 1.0000
 740/1506 [=============>................] - ETA: 0s - loss: 0.0773 - acc: 0.9716
1400/1506 [==========================>...] - ETA: 0s - loss: 0.0727 - acc: 0.9757
1506/1506 [==============================] - 0s 76us/step - loss: 0.0752 - acc: 0.9734 - val_loss: 0.0930 - val_acc: 0.9569
Epoch 4/30

  20/1506 [..............................] - ETA: 0s - loss: 0.0281 - acc: 1.0000
 660/1506 [============>.................] - ETA: 0s - loss: 0.0676 - acc: 0.9788
1280/1506 [========================>.....] - ETA: 0s - loss: 0.0861 - acc: 0.9719
1506/1506 [==============================] - 0s 83us/step - loss: 0.0836 - acc: 0.9734 - val_loss: 0.1121 - val_acc: 0.9483
Epoch 5/30

  20/1506 [..............................] - ETA: 0s - loss: 0.0071 - acc: 1.0000
 680/1506 [============>.................] - ETA: 0s - loss: 0.0612 - acc: 0.9824
1320/1506 [=========================>....] - ETA: 0s - loss: 0.0586 - acc: 0.9833
1506/1506 [==============================] - 0s 80us/step - loss: 0.0603 - acc: 0.9827 - val_loss: 0.1109 - val_acc: 0.9569
Epoch 6/30

  20/1506 [..............................] - ETA: 0s - loss: 0.0172 - acc: 1.0000
 660/1506 [============>.................] - ETA: 0s - loss: 0.0428 - acc: 0.9909
1300/1506 [========================>.....] - ETA: 0s - loss: 0.0543 - acc: 0.9854
1506/1506 [==============================] - 0s 82us/step - loss: 0.0541 - acc: 0.9841 - val_loss: 0.1027 - val_acc: 0.9741
Epoch 7/30

  20/1506 [..............................] - ETA: 0s - loss: 0.0053 - acc: 1.0000
 660/1506 [============>.................] - ETA: 0s - loss: 0.0412 - acc: 0.9864
1280/1506 [========================>.....] - ETA: 0s - loss: 0.0599 - acc: 0.9836
1506/1506 [==============================] - 0s 84us/step - loss: 0.0612 - acc: 0.9847 - val_loss: 0.0604 - val_acc: 0.9828
Epoch 8/30

  20/1506 [..............................] - ETA: 0s - loss: 0.0045 - acc: 1.0000
 480/1506 [========>.....................] - ETA: 0s - loss: 0.0315 - acc: 0.9875
 900/1506 [================>.............] - ETA: 0s - loss: 0.0363 - acc: 0.9878
1380/1506 [==========================>...] - ETA: 0s - loss: 0.0448 - acc: 0.9841
1506/1506 [==============================] - 0s 117us/step - loss: 0.0484 - acc: 0.9821 - val_loss: 0.0477 - val_acc: 0.9828
Epoch 9/30

  20/1506 [..............................] - ETA: 0s - loss: 0.1070 - acc: 0.9500
 560/1506 [==========>...................] - ETA: 0s - loss: 0.0510 - acc: 0.9804
1080/1506 [====================>.........] - ETA: 0s - loss: 0.0509 - acc: 0.9806
1506/1506 [==============================] - 0s 97us/step - loss: 0.0662 - acc: 0.9754 - val_loss: 0.0519 - val_acc: 0.9828
Epoch 10/30

  20/1506 [..............................] - ETA: 0s - loss: 0.0064 - acc: 1.0000
 580/1506 [==========>...................] - ETA: 0s - loss: 0.0260 - acc: 0.9897
1160/1506 [======================>.......] - ETA: 0s - loss: 0.0431 - acc: 0.9845
1506/1506 [==============================] - 0s 89us/step - loss: 0.0453 - acc: 0.9827 - val_loss: 0.0864 - val_acc: 0.9569
Epoch 11/30

  20/1506 [..............................] - ETA: 0s - loss: 0.0082 - acc: 1.0000
 680/1506 [============>.................] - ETA: 0s - loss: 0.0477 - acc: 0.9838
1320/1506 [=========================>....] - ETA: 0s - loss: 0.0534 - acc: 0.9788
1506/1506 [==============================] - 0s 79us/step - loss: 0.0560 - acc: 0.9788 - val_loss: 0.0489 - val_acc: 0.9741
acc: 98.28%
Train on 1506 samples, validate on 116 samples
Epoch 1/30

  20/1506 [..............................] - ETA: 1:22 - loss: 0.6876 - acc: 0.6000
 700/1506 [============>.................] - ETA: 1s - loss: 0.3683 - acc: 0.8471  
1360/1506 [==========================>...] - ETA: 0s - loss: 0.2577 - acc: 0.8993
1506/1506 [==============================] - 1s 899us/step - loss: 0.2498 - acc: 0.9037 - val_loss: 0.0789 - val_acc: 0.9828
Epoch 2/30

  20/1506 [..............................] - ETA: 0s - loss: 0.0462 - acc: 1.0000
 640/1506 [===========>..................] - ETA: 0s - loss: 0.0749 - acc: 0.9703
1260/1506 [========================>.....] - ETA: 0s - loss: 0.1027 - acc: 0.9627
1506/1506 [==============================] - 0s 85us/step - loss: 0.0970 - acc: 0.9655 - val_loss: 0.0612 - val_acc: 0.9741
Epoch 3/30

  20/1506 [..............................] - ETA: 0s - loss: 0.0514 - acc: 1.0000
 680/1506 [============>.................] - ETA: 0s - loss: 0.0889 - acc: 0.9676
1380/1506 [==========================>...] - ETA: 0s - loss: 0.0779 - acc: 0.9739
1506/1506 [==============================] - 0s 77us/step - loss: 0.0744 - acc: 0.9754 - val_loss: 0.0727 - val_acc: 0.9828
Epoch 4/30

  20/1506 [..............................] - ETA: 0s - loss: 0.0080 - acc: 1.0000
 660/1506 [============>.................] - ETA: 0s - loss: 0.0606 - acc: 0.9803
1300/1506 [========================>.....] - ETA: 0s - loss: 0.0621 - acc: 0.9785
1506/1506 [==============================] - 0s 82us/step - loss: 0.0618 - acc: 0.9788 - val_loss: 0.0798 - val_acc: 0.9741
Epoch 5/30

  20/1506 [..............................] - ETA: 0s - loss: 0.0167 - acc: 1.0000
 640/1506 [===========>..................] - ETA: 0s - loss: 0.0831 - acc: 0.9766
1220/1506 [=======================>......] - ETA: 0s - loss: 0.0818 - acc: 0.9738
1506/1506 [==============================] - 0s 86us/step - loss: 0.0827 - acc: 0.9721 - val_loss: 0.0913 - val_acc: 0.9741
Epoch 6/30

  20/1506 [..............................] - ETA: 0s - loss: 0.0456 - acc: 1.0000
 680/1506 [============>.................] - ETA: 0s - loss: 0.0813 - acc: 0.9721
1300/1506 [========================>.....] - ETA: 0s - loss: 0.0650 - acc: 0.9815
1506/1506 [==============================] - 0s 85us/step - loss: 0.0701 - acc: 0.9801 - val_loss: 0.1211 - val_acc: 0.9741
Epoch 7/30

  20/1506 [..............................] - ETA: 0s - loss: 0.0798 - acc: 0.9500
 500/1506 [========>.....................] - ETA: 0s - loss: 0.0531 - acc: 0.9840
1060/1506 [====================>.........] - ETA: 0s - loss: 0.0556 - acc: 0.9792
1506/1506 [==============================] - 0s 96us/step - loss: 0.0801 - acc: 0.9721 - val_loss: 0.1685 - val_acc: 0.9483
Epoch 8/30

  20/1506 [..............................] - ETA: 0s - loss: 0.0440 - acc: 1.0000
 660/1506 [============>.................] - ETA: 0s - loss: 0.0611 - acc: 0.9773
1140/1506 [=====================>........] - ETA: 0s - loss: 0.0605 - acc: 0.9789
1506/1506 [==============================] - 0s 104us/step - loss: 0.0675 - acc: 0.9768 - val_loss: 0.1053 - val_acc: 0.9655
Epoch 9/30

  20/1506 [..............................] - ETA: 0s - loss: 0.0385 - acc: 1.0000
 380/1506 [======>.......................] - ETA: 0s - loss: 0.0638 - acc: 0.9763
 820/1506 [===============>..............] - ETA: 0s - loss: 0.0843 - acc: 0.9695
1340/1506 [=========================>....] - ETA: 0s - loss: 0.0760 - acc: 0.9739
1506/1506 [==============================] - 0s 119us/step - loss: 0.0746 - acc: 0.9754 - val_loss: 0.0510 - val_acc: 0.9741
Epoch 10/30

  20/1506 [..............................] - ETA: 0s - loss: 0.0369 - acc: 1.0000
 560/1506 [==========>...................] - ETA: 0s - loss: 0.0825 - acc: 0.9679
1100/1506 [====================>.........] - ETA: 0s - loss: 0.0609 - acc: 0.9764
1380/1506 [==========================>...] - ETA: 0s - loss: 0.0684 - acc: 0.9754
1506/1506 [==============================] - 0s 124us/step - loss: 0.0652 - acc: 0.9768 - val_loss: 0.1101 - val_acc: 0.9655
Epoch 11/30

  20/1506 [..............................] - ETA: 0s - loss: 0.0042 - acc: 1.0000
 420/1506 [=======>......................] - ETA: 0s - loss: 0.0390 - acc: 0.9905
 800/1506 [==============>...............] - ETA: 0s - loss: 0.0364 - acc: 0.9900
1320/1506 [=========================>....] - ETA: 0s - loss: 0.0475 - acc: 0.9841
1506/1506 [==============================] - 0s 117us/step - loss: 0.0498 - acc: 0.9827 - val_loss: 0.0837 - val_acc: 0.9741
Epoch 12/30

  20/1506 [..............................] - ETA: 0s - loss: 0.0169 - acc: 1.0000
 560/1506 [==========>...................] - ETA: 0s - loss: 0.0430 - acc: 0.9839
1120/1506 [=====================>........] - ETA: 0s - loss: 0.0514 - acc: 0.9795
1506/1506 [==============================] - 0s 96us/step - loss: 0.0578 - acc: 0.9774 - val_loss: 0.1285 - val_acc: 0.9741
Epoch 13/30

  20/1506 [..............................] - ETA: 0s - loss: 0.0355 - acc: 1.0000
 540/1506 [=========>....................] - ETA: 0s - loss: 0.0320 - acc: 0.9889
1080/1506 [====================>.........] - ETA: 0s - loss: 0.0438 - acc: 0.9833
1506/1506 [==============================] - 0s 96us/step - loss: 0.0521 - acc: 0.9814 - val_loss: 0.1481 - val_acc: 0.9483
acc: 98.28%
Train on 1506 samples, validate on 116 samples
Epoch 1/30

  20/1506 [..............................] - ETA: 1:36 - loss: 0.6879 - acc: 0.5000
 620/1506 [===========>..................] - ETA: 1s - loss: 0.3299 - acc: 0.8613  
1240/1506 [=======================>......] - ETA: 0s - loss: 0.2158 - acc: 0.9121
1506/1506 [==============================] - 2s 1ms/step - loss: 0.1966 - acc: 0.9210 - val_loss: 0.0898 - val_acc: 0.9741
Epoch 2/30

  20/1506 [..............................] - ETA: 0s - loss: 0.0759 - acc: 1.0000
 620/1506 [===========>..................] - ETA: 0s - loss: 0.1007 - acc: 0.9710
1240/1506 [=======================>......] - ETA: 0s - loss: 0.0910 - acc: 0.9742
1506/1506 [==============================] - 0s 86us/step - loss: 0.0893 - acc: 0.9741 - val_loss: 0.0988 - val_acc: 0.9569
Epoch 3/30

  20/1506 [..............................] - ETA: 0s - loss: 0.0205 - acc: 1.0000
 560/1506 [==========>...................] - ETA: 0s - loss: 0.0834 - acc: 0.9786
1120/1506 [=====================>........] - ETA: 0s - loss: 0.0823 - acc: 0.9750
1506/1506 [==============================] - 0s 94us/step - loss: 0.0808 - acc: 0.9761 - val_loss: 0.1398 - val_acc: 0.9569
Epoch 4/30

  20/1506 [..............................] - ETA: 0s - loss: 0.0785 - acc: 0.9000
 600/1506 [==========>...................] - ETA: 0s - loss: 0.0957 - acc: 0.9633
1100/1506 [====================>.........] - ETA: 0s - loss: 0.0877 - acc: 0.9682
1506/1506 [==============================] - 0s 98us/step - loss: 0.0849 - acc: 0.9714 - val_loss: 0.1613 - val_acc: 0.9397
Epoch 5/30

  20/1506 [..............................] - ETA: 0s - loss: 0.0504 - acc: 1.0000
 560/1506 [==========>...................] - ETA: 0s - loss: 0.0817 - acc: 0.9696
1160/1506 [======================>.......] - ETA: 0s - loss: 0.0823 - acc: 0.9716
1506/1506 [==============================] - 0s 91us/step - loss: 0.0739 - acc: 0.9734 - val_loss: 0.1122 - val_acc: 0.9655
Epoch 6/30

  20/1506 [..............................] - ETA: 0s - loss: 0.0329 - acc: 1.0000
 640/1506 [===========>..................] - ETA: 0s - loss: 0.0583 - acc: 0.9766
1300/1506 [========================>.....] - ETA: 0s - loss: 0.0640 - acc: 0.9754
1506/1506 [==============================] - 0s 85us/step - loss: 0.0677 - acc: 0.9741 - val_loss: 0.1264 - val_acc: 0.9397
Epoch 7/30

  20/1506 [..............................] - ETA: 0s - loss: 0.1608 - acc: 0.9500
 640/1506 [===========>..................] - ETA: 0s - loss: 0.0595 - acc: 0.9812
1280/1506 [========================>.....] - ETA: 0s - loss: 0.0586 - acc: 0.9797
1506/1506 [==============================] - 0s 85us/step - loss: 0.0623 - acc: 0.9801 - val_loss: 0.1056 - val_acc: 0.9741
Epoch 8/30

  20/1506 [..............................] - ETA: 0s - loss: 0.0732 - acc: 1.0000
 640/1506 [===========>..................] - ETA: 0s - loss: 0.0493 - acc: 0.9875
1240/1506 [=======================>......] - ETA: 0s - loss: 0.0604 - acc: 0.9847
1506/1506 [==============================] - 0s 89us/step - loss: 0.0610 - acc: 0.9834 - val_loss: 0.1140 - val_acc: 0.9741
Epoch 9/30

  20/1506 [..............................] - ETA: 0s - loss: 0.0586 - acc: 1.0000
 500/1506 [========>.....................] - ETA: 0s - loss: 0.0655 - acc: 0.9800
1080/1506 [====================>.........] - ETA: 0s - loss: 0.0714 - acc: 0.9796
1506/1506 [==============================] - 0s 95us/step - loss: 0.0661 - acc: 0.9801 - val_loss: 0.0917 - val_acc: 0.9828
Epoch 10/30

  20/1506 [..............................] - ETA: 0s - loss: 0.0286 - acc: 1.0000
 640/1506 [===========>..................] - ETA: 0s - loss: 0.0532 - acc: 0.9859
1200/1506 [======================>.......] - ETA: 0s - loss: 0.0623 - acc: 0.9808
1506/1506 [==============================] - 0s 88us/step - loss: 0.0639 - acc: 0.9807 - val_loss: 0.1295 - val_acc: 0.9828
Epoch 11/30

  20/1506 [..............................] - ETA: 0s - loss: 0.0188 - acc: 1.0000
 640/1506 [===========>..................] - ETA: 0s - loss: 0.0437 - acc: 0.9797
1280/1506 [========================>.....] - ETA: 0s - loss: 0.0436 - acc: 0.9836
1506/1506 [==============================] - 0s 84us/step - loss: 0.0435 - acc: 0.9841 - val_loss: 0.1031 - val_acc: 0.9655
Epoch 12/30

  20/1506 [..............................] - ETA: 0s - loss: 0.0063 - acc: 1.0000
 660/1506 [============>.................] - ETA: 0s - loss: 0.0240 - acc: 0.9894
1280/1506 [========================>.....] - ETA: 0s - loss: 0.0290 - acc: 0.9898
1506/1506 [==============================] - 0s 84us/step - loss: 0.0328 - acc: 0.9880 - val_loss: 0.0738 - val_acc: 0.9828
Epoch 13/30

  20/1506 [..............................] - ETA: 0s - loss: 0.0032 - acc: 1.0000
 620/1506 [===========>..................] - ETA: 0s - loss: 0.0356 - acc: 0.9887
1220/1506 [=======================>......] - ETA: 0s - loss: 0.0253 - acc: 0.9926
1506/1506 [==============================] - 0s 87us/step - loss: 0.0284 - acc: 0.9907 - val_loss: 0.0696 - val_acc: 0.9741
Epoch 14/30

  20/1506 [..............................] - ETA: 0s - loss: 0.0103 - acc: 1.0000
 640/1506 [===========>..................] - ETA: 0s - loss: 0.0158 - acc: 0.9953
1220/1506 [=======================>......] - ETA: 0s - loss: 0.0146 - acc: 0.9967
1506/1506 [==============================] - 0s 87us/step - loss: 0.0234 - acc: 0.9934 - val_loss: 0.0553 - val_acc: 0.9741
Epoch 15/30

  20/1506 [..............................] - ETA: 0s - loss: 0.0576 - acc: 0.9500
 640/1506 [===========>..................] - ETA: 0s - loss: 0.0250 - acc: 0.9922
1220/1506 [=======================>......] - ETA: 0s - loss: 0.0243 - acc: 0.9918
1506/1506 [==============================] - 0s 88us/step - loss: 0.0237 - acc: 0.9920 - val_loss: 0.0931 - val_acc: 0.9741
Epoch 16/30

  20/1506 [..............................] - ETA: 0s - loss: 0.0019 - acc: 1.0000
 620/1506 [===========>..................] - ETA: 0s - loss: 0.0247 - acc: 0.9919
1220/1506 [=======================>......] - ETA: 0s - loss: 0.0209 - acc: 0.9934
1506/1506 [==============================] - 0s 88us/step - loss: 0.0194 - acc: 0.9940 - val_loss: 0.0871 - val_acc: 0.9741
Epoch 17/30

  20/1506 [..............................] - ETA: 0s - loss: 0.0106 - acc: 1.0000
 580/1506 [==========>...................] - ETA: 0s - loss: 0.0197 - acc: 0.9948
1200/1506 [======================>.......] - ETA: 0s - loss: 0.0188 - acc: 0.9958
1506/1506 [==============================] - 0s 90us/step - loss: 0.0181 - acc: 0.9960 - val_loss: 0.0929 - val_acc: 0.9741
Epoch 18/30

  20/1506 [..............................] - ETA: 0s - loss: 0.0049 - acc: 1.0000
 660/1506 [============>.................] - ETA: 0s - loss: 0.0287 - acc: 0.9864
1260/1506 [========================>.....] - ETA: 0s - loss: 0.0266 - acc: 0.9873
1506/1506 [==============================] - 0s 85us/step - loss: 0.0235 - acc: 0.9894 - val_loss: 0.1017 - val_acc: 0.9655
Epoch 19/30

  20/1506 [..............................] - ETA: 0s - loss: 0.0073 - acc: 1.0000
 580/1506 [==========>...................] - ETA: 0s - loss: 0.0129 - acc: 0.9966
1200/1506 [======================>.......] - ETA: 0s - loss: 0.0167 - acc: 0.9950
1506/1506 [==============================] - 0s 90us/step - loss: 0.0207 - acc: 0.9934 - val_loss: 0.1133 - val_acc: 0.9741
acc: 98.28%
Train on 1507 samples, validate on 115 samples
Epoch 1/30

  20/1507 [..............................] - ETA: 1:45 - loss: 0.6465 - acc: 0.7000
 620/1507 [===========>..................] - ETA: 2s - loss: 0.2875 - acc: 0.8919  
1220/1507 [=======================>......] - ETA: 0s - loss: 0.2033 - acc: 0.9246
1507/1507 [==============================] - 2s 1ms/step - loss: 0.1893 - acc: 0.9297 - val_loss: 0.1197 - val_acc: 0.9565
Epoch 2/30

  20/1507 [..............................] - ETA: 0s - loss: 0.0860 - acc: 1.0000
 600/1507 [==========>...................] - ETA: 0s - loss: 0.0655 - acc: 0.9817
1220/1507 [=======================>......] - ETA: 0s - loss: 0.0861 - acc: 0.9721
1507/1507 [==============================] - 0s 87us/step - loss: 0.0852 - acc: 0.9708 - val_loss: 0.1474 - val_acc: 0.9304
Epoch 3/30

  20/1507 [..............................] - ETA: 0s - loss: 0.1486 - acc: 0.9500
 660/1507 [============>.................] - ETA: 0s - loss: 0.0726 - acc: 0.9788
1260/1507 [========================>.....] - ETA: 0s - loss: 0.0979 - acc: 0.9667
1507/1507 [==============================] - 0s 87us/step - loss: 0.1012 - acc: 0.9648 - val_loss: 0.1422 - val_acc: 0.9565
Epoch 4/30

  20/1507 [..............................] - ETA: 0s - loss: 0.0614 - acc: 0.9500
 600/1507 [==========>...................] - ETA: 0s - loss: 0.0793 - acc: 0.9733
1220/1507 [=======================>......] - ETA: 0s - loss: 0.0738 - acc: 0.9730
1507/1507 [==============================] - 0s 86us/step - loss: 0.0736 - acc: 0.9748 - val_loss: 0.0958 - val_acc: 0.9739
Epoch 5/30

  20/1507 [..............................] - ETA: 0s - loss: 0.0097 - acc: 1.0000
 660/1507 [============>.................] - ETA: 0s - loss: 0.0478 - acc: 0.9864
1260/1507 [========================>.....] - ETA: 0s - loss: 0.0568 - acc: 0.9825
1507/1507 [==============================] - 0s 85us/step - loss: 0.0595 - acc: 0.9808 - val_loss: 0.1211 - val_acc: 0.9739
Epoch 6/30

  20/1507 [..............................] - ETA: 0s - loss: 0.0040 - acc: 1.0000
 640/1507 [===========>..................] - ETA: 0s - loss: 0.0433 - acc: 0.9906
1240/1507 [=======================>......] - ETA: 0s - loss: 0.0534 - acc: 0.9847
1507/1507 [==============================] - 0s 88us/step - loss: 0.0536 - acc: 0.9841 - val_loss: 0.0999 - val_acc: 0.9739
Epoch 7/30

  20/1507 [..............................] - ETA: 0s - loss: 0.0171 - acc: 1.0000
 500/1507 [========>.....................] - ETA: 0s - loss: 0.0316 - acc: 0.9900
1020/1507 [===================>..........] - ETA: 0s - loss: 0.0418 - acc: 0.9873
1507/1507 [==============================] - 0s 100us/step - loss: 0.0563 - acc: 0.9827 - val_loss: 0.0797 - val_acc: 0.9826
Epoch 8/30

  20/1507 [..............................] - ETA: 0s - loss: 0.0737 - acc: 0.9500
 600/1507 [==========>...................] - ETA: 0s - loss: 0.0563 - acc: 0.9833
1200/1507 [======================>.......] - ETA: 0s - loss: 0.0493 - acc: 0.9842
1507/1507 [==============================] - 0s 89us/step - loss: 0.0520 - acc: 0.9841 - val_loss: 0.0981 - val_acc: 0.9652
Epoch 9/30

  20/1507 [..............................] - ETA: 0s - loss: 0.0023 - acc: 1.0000
 600/1507 [==========>...................] - ETA: 0s - loss: 0.0391 - acc: 0.9917
1140/1507 [=====================>........] - ETA: 0s - loss: 0.0473 - acc: 0.9851
1507/1507 [==============================] - 0s 94us/step - loss: 0.0539 - acc: 0.9821 - val_loss: 0.1533 - val_acc: 0.9652
Epoch 10/30

  20/1507 [..............................] - ETA: 0s - loss: 0.0303 - acc: 1.0000
 660/1507 [============>.................] - ETA: 0s - loss: 0.0192 - acc: 0.9939
1240/1507 [=======================>......] - ETA: 0s - loss: 0.0261 - acc: 0.9911
1507/1507 [==============================] - 0s 88us/step - loss: 0.0335 - acc: 0.9874 - val_loss: 0.0996 - val_acc: 0.9652
Epoch 11/30

  20/1507 [..............................] - ETA: 0s - loss: 0.0030 - acc: 1.0000
 540/1507 [=========>....................] - ETA: 0s - loss: 0.0164 - acc: 0.9944
1140/1507 [=====================>........] - ETA: 0s - loss: 0.0197 - acc: 0.9947
1507/1507 [==============================] - 0s 91us/step - loss: 0.0258 - acc: 0.9927 - val_loss: 0.1641 - val_acc: 0.9391
Epoch 12/30

  20/1507 [..............................] - ETA: 0s - loss: 0.0092 - acc: 1.0000
 600/1507 [==========>...................] - ETA: 0s - loss: 0.0234 - acc: 0.9917
1200/1507 [======================>.......] - ETA: 0s - loss: 0.0226 - acc: 0.9925
1507/1507 [==============================] - 0s 92us/step - loss: 0.0226 - acc: 0.9914 - val_loss: 0.1549 - val_acc: 0.9565
Epoch 13/30

  20/1507 [..............................] - ETA: 0s - loss: 0.0069 - acc: 1.0000
 540/1507 [=========>....................] - ETA: 0s - loss: 0.0132 - acc: 0.9963
1020/1507 [===================>..........] - ETA: 0s - loss: 0.0155 - acc: 0.9951
1507/1507 [==============================] - 0s 104us/step - loss: 0.0195 - acc: 0.9940 - val_loss: 0.1697 - val_acc: 0.9565
Epoch 14/30

  20/1507 [..............................] - ETA: 0s - loss: 0.0090 - acc: 1.0000
 480/1507 [========>.....................] - ETA: 0s - loss: 0.0213 - acc: 0.9896
1040/1507 [===================>..........] - ETA: 0s - loss: 0.0210 - acc: 0.9913
1507/1507 [==============================] - 0s 100us/step - loss: 0.0255 - acc: 0.9900 - val_loss: 0.1811 - val_acc: 0.9565
Epoch 15/30

  20/1507 [..............................] - ETA: 0s - loss: 0.0017 - acc: 1.0000
 600/1507 [==========>...................] - ETA: 0s - loss: 0.0152 - acc: 0.9933
1200/1507 [======================>.......] - ETA: 0s - loss: 0.0215 - acc: 0.9900
1507/1507 [==============================] - 0s 90us/step - loss: 0.0246 - acc: 0.9887 - val_loss: 0.1904 - val_acc: 0.9652
Epoch 16/30

  20/1507 [..............................] - ETA: 0s - loss: 0.0432 - acc: 0.9500
 620/1507 [===========>..................] - ETA: 0s - loss: 0.0276 - acc: 0.9919
1140/1507 [=====================>........] - ETA: 0s - loss: 0.0280 - acc: 0.9895
1507/1507 [==============================] - 0s 92us/step - loss: 0.0247 - acc: 0.9914 - val_loss: 0.1727 - val_acc: 0.9565
Epoch 17/30

  20/1507 [..............................] - ETA: 0s - loss: 0.0011 - acc: 1.0000
 600/1507 [==========>...................] - ETA: 0s - loss: 0.0201 - acc: 0.9900
1160/1507 [======================>.......] - ETA: 0s - loss: 0.0253 - acc: 0.9897
1507/1507 [==============================] - 0s 92us/step - loss: 0.0232 - acc: 0.9907 - val_loss: 0.1808 - val_acc: 0.9565
acc: 98.26%
Train on 1507 samples, validate on 115 samples
Epoch 1/30

  20/1507 [..............................] - ETA: 1:51 - loss: 0.6994 - acc: 0.4500
 600/1507 [==========>...................] - ETA: 2s - loss: 0.3917 - acc: 0.8367  
1220/1507 [=======================>......] - ETA: 0s - loss: 0.2703 - acc: 0.8918
1507/1507 [==============================] - 2s 1ms/step - loss: 0.2422 - acc: 0.9051 - val_loss: 0.1114 - val_acc: 0.9739
Epoch 2/30

  20/1507 [..............................] - ETA: 0s - loss: 0.0694 - acc: 1.0000
 600/1507 [==========>...................] - ETA: 0s - loss: 0.1071 - acc: 0.9683
1220/1507 [=======================>......] - ETA: 0s - loss: 0.0974 - acc: 0.9730
1507/1507 [==============================] - 0s 89us/step - loss: 0.0992 - acc: 0.9701 - val_loss: 0.1068 - val_acc: 0.9478
Epoch 3/30

  20/1507 [..............................] - ETA: 0s - loss: 0.0270 - acc: 1.0000
 640/1507 [===========>..................] - ETA: 0s - loss: 0.0716 - acc: 0.9750
1240/1507 [=======================>......] - ETA: 0s - loss: 0.0837 - acc: 0.9742
1507/1507 [==============================] - 0s 87us/step - loss: 0.0840 - acc: 0.9741 - val_loss: 0.1358 - val_acc: 0.9826
Epoch 4/30

  20/1507 [..............................] - ETA: 0s - loss: 0.2413 - acc: 0.9000
 600/1507 [==========>...................] - ETA: 0s - loss: 0.0705 - acc: 0.9700
1200/1507 [======================>.......] - ETA: 0s - loss: 0.0714 - acc: 0.9733
1507/1507 [==============================] - 0s 90us/step - loss: 0.0731 - acc: 0.9735 - val_loss: 0.1672 - val_acc: 0.9652
Epoch 5/30

  20/1507 [..............................] - ETA: 0s - loss: 0.0134 - acc: 1.0000
 620/1507 [===========>..................] - ETA: 0s - loss: 0.0576 - acc: 0.9839
1220/1507 [=======================>......] - ETA: 0s - loss: 0.0504 - acc: 0.9861
1507/1507 [==============================] - 0s 88us/step - loss: 0.0507 - acc: 0.9854 - val_loss: 0.1476 - val_acc: 0.9739
Epoch 6/30

  20/1507 [..............................] - ETA: 0s - loss: 0.0059 - acc: 1.0000
 620/1507 [===========>..................] - ETA: 0s - loss: 0.0303 - acc: 0.9919
1200/1507 [======================>.......] - ETA: 0s - loss: 0.0437 - acc: 0.9858
1507/1507 [==============================] - 0s 87us/step - loss: 0.0509 - acc: 0.9834 - val_loss: 0.1512 - val_acc: 0.9565
Epoch 7/30

  20/1507 [..............................] - ETA: 0s - loss: 0.0214 - acc: 1.0000
 640/1507 [===========>..................] - ETA: 0s - loss: 0.0547 - acc: 0.9891
1280/1507 [========================>.....] - ETA: 0s - loss: 0.0694 - acc: 0.9789
1507/1507 [==============================] - 0s 84us/step - loss: 0.0673 - acc: 0.9794 - val_loss: 0.1505 - val_acc: 0.9652
Epoch 8/30

  20/1507 [..............................] - ETA: 0s - loss: 0.0145 - acc: 1.0000
 640/1507 [===========>..................] - ETA: 0s - loss: 0.0725 - acc: 0.9797
1260/1507 [========================>.....] - ETA: 0s - loss: 0.0545 - acc: 0.9833
1507/1507 [==============================] - 0s 85us/step - loss: 0.0541 - acc: 0.9841 - val_loss: 0.1613 - val_acc: 0.9565
Epoch 9/30

  20/1507 [..............................] - ETA: 0s - loss: 0.0180 - acc: 1.0000
 600/1507 [==========>...................] - ETA: 0s - loss: 0.0470 - acc: 0.9883
1220/1507 [=======================>......] - ETA: 0s - loss: 0.0397 - acc: 0.9869
1507/1507 [==============================] - 0s 88us/step - loss: 0.0405 - acc: 0.9861 - val_loss: 0.1585 - val_acc: 0.9565
Epoch 10/30

  20/1507 [..............................] - ETA: 0s - loss: 0.0429 - acc: 1.0000
 620/1507 [===========>..................] - ETA: 0s - loss: 0.0310 - acc: 0.9887
1220/1507 [=======================>......] - ETA: 0s - loss: 0.0344 - acc: 0.9902
1507/1507 [==============================] - 0s 88us/step - loss: 0.0330 - acc: 0.9907 - val_loss: 0.1119 - val_acc: 0.9478
Epoch 11/30

  20/1507 [..............................] - ETA: 0s - loss: 0.0497 - acc: 0.9500
 640/1507 [===========>..................] - ETA: 0s - loss: 0.0195 - acc: 0.9922
1240/1507 [=======================>......] - ETA: 0s - loss: 0.0239 - acc: 0.9903
1507/1507 [==============================] - 0s 87us/step - loss: 0.0348 - acc: 0.9861 - val_loss: 0.1352 - val_acc: 0.9565
Epoch 12/30

  20/1507 [..............................] - ETA: 0s - loss: 0.0020 - acc: 1.0000
 580/1507 [==========>...................] - ETA: 0s - loss: 0.0248 - acc: 0.9879
1180/1507 [======================>.......] - ETA: 0s - loss: 0.0327 - acc: 0.9864
1507/1507 [==============================] - 0s 90us/step - loss: 0.0314 - acc: 0.9861 - val_loss: 0.2060 - val_acc: 0.9565
Epoch 13/30

  20/1507 [..............................] - ETA: 0s - loss: 0.0032 - acc: 1.0000
 640/1507 [===========>..................] - ETA: 0s - loss: 0.0246 - acc: 0.9922
1260/1507 [========================>.....] - ETA: 0s - loss: 0.0335 - acc: 0.9921
1507/1507 [==============================] - 0s 85us/step - loss: 0.0333 - acc: 0.9920 - val_loss: 0.2189 - val_acc: 0.9565
acc: 98.26%
Train on 1507 samples, validate on 115 samples
Epoch 1/30

  20/1507 [..............................] - ETA: 2:02 - loss: 0.7139 - acc: 0.5000
 600/1507 [==========>...................] - ETA: 2s - loss: 0.2755 - acc: 0.8900  
1180/1507 [======================>.......] - ETA: 0s - loss: 0.2061 - acc: 0.9220
1507/1507 [==============================] - 2s 1ms/step - loss: 0.1789 - acc: 0.9323 - val_loss: 0.1322 - val_acc: 0.9652
Epoch 2/30

  20/1507 [..............................] - ETA: 0s - loss: 0.0202 - acc: 1.0000
 600/1507 [==========>...................] - ETA: 0s - loss: 0.0641 - acc: 0.9833
1220/1507 [=======================>......] - ETA: 0s - loss: 0.0882 - acc: 0.9730
1507/1507 [==============================] - 0s 88us/step - loss: 0.0864 - acc: 0.9735 - val_loss: 0.0701 - val_acc: 0.9826
Epoch 3/30

  20/1507 [..............................] - ETA: 0s - loss: 0.0377 - acc: 1.0000
 660/1507 [============>.................] - ETA: 0s - loss: 0.0607 - acc: 0.9803
1260/1507 [========================>.....] - ETA: 0s - loss: 0.0715 - acc: 0.9794
1507/1507 [==============================] - 0s 86us/step - loss: 0.0806 - acc: 0.9774 - val_loss: 0.1027 - val_acc: 0.9565
Epoch 4/30

  20/1507 [..............................] - ETA: 0s - loss: 0.0178 - acc: 1.0000
 580/1507 [==========>...................] - ETA: 0s - loss: 0.0684 - acc: 0.9776
1160/1507 [======================>.......] - ETA: 0s - loss: 0.0654 - acc: 0.9793
1507/1507 [==============================] - 0s 94us/step - loss: 0.0616 - acc: 0.9801 - val_loss: 0.0961 - val_acc: 0.9739
Epoch 5/30

  20/1507 [..............................] - ETA: 0s - loss: 0.0040 - acc: 1.0000
 520/1507 [=========>....................] - ETA: 0s - loss: 0.0525 - acc: 0.9827
1100/1507 [====================>.........] - ETA: 0s - loss: 0.0509 - acc: 0.9818
1507/1507 [==============================] - 0s 94us/step - loss: 0.0634 - acc: 0.9788 - val_loss: 0.1433 - val_acc: 0.9652
Epoch 6/30

  20/1507 [..............................] - ETA: 0s - loss: 0.0207 - acc: 1.0000
 640/1507 [===========>..................] - ETA: 0s - loss: 0.0446 - acc: 0.9812
1240/1507 [=======================>......] - ETA: 0s - loss: 0.0574 - acc: 0.9798
1507/1507 [==============================] - 0s 86us/step - loss: 0.0594 - acc: 0.9788 - val_loss: 0.1081 - val_acc: 0.9652
Epoch 7/30

  20/1507 [..............................] - ETA: 0s - loss: 0.0543 - acc: 0.9500
 640/1507 [===========>..................] - ETA: 0s - loss: 0.0615 - acc: 0.9797
1240/1507 [=======================>......] - ETA: 0s - loss: 0.0675 - acc: 0.9782
1507/1507 [==============================] - 0s 85us/step - loss: 0.0638 - acc: 0.9801 - val_loss: 0.2405 - val_acc: 0.9391
Epoch 8/30

  20/1507 [..............................] - ETA: 0s - loss: 0.0968 - acc: 0.9500
 580/1507 [==========>...................] - ETA: 0s - loss: 0.0518 - acc: 0.9828
1160/1507 [======================>.......] - ETA: 0s - loss: 0.0539 - acc: 0.9828
1507/1507 [==============================] - 0s 91us/step - loss: 0.0563 - acc: 0.9847 - val_loss: 0.1593 - val_acc: 0.9652
Epoch 9/30

  20/1507 [..............................] - ETA: 0s - loss: 0.0125 - acc: 1.0000
 620/1507 [===========>..................] - ETA: 0s - loss: 0.0469 - acc: 0.9823
1180/1507 [======================>.......] - ETA: 0s - loss: 0.0580 - acc: 0.9831
1507/1507 [==============================] - 0s 89us/step - loss: 0.0535 - acc: 0.9841 - val_loss: 0.1083 - val_acc: 0.9565
Epoch 10/30

  20/1507 [..............................] - ETA: 0s - loss: 0.0033 - acc: 1.0000
 600/1507 [==========>...................] - ETA: 0s - loss: 0.0481 - acc: 0.9867
1180/1507 [======================>.......] - ETA: 0s - loss: 0.0521 - acc: 0.9839
1507/1507 [==============================] - 0s 92us/step - loss: 0.0476 - acc: 0.9854 - val_loss: 0.1483 - val_acc: 0.9565
Epoch 11/30

  20/1507 [..............................] - ETA: 0s - loss: 0.0158 - acc: 1.0000
 640/1507 [===========>..................] - ETA: 0s - loss: 0.0264 - acc: 0.9922
1260/1507 [========================>.....] - ETA: 0s - loss: 0.0293 - acc: 0.9929
1507/1507 [==============================] - 0s 86us/step - loss: 0.0321 - acc: 0.9914 - val_loss: 0.1494 - val_acc: 0.9652
Epoch 12/30

  20/1507 [..............................] - ETA: 0s - loss: 0.0131 - acc: 1.0000
 640/1507 [===========>..................] - ETA: 0s - loss: 0.0382 - acc: 0.9906
1240/1507 [=======================>......] - ETA: 0s - loss: 0.0284 - acc: 0.9927
1507/1507 [==============================] - 0s 88us/step - loss: 0.0331 - acc: 0.9920 - val_loss: 0.1393 - val_acc: 0.9565
acc: 98.26%
Train on 1507 samples, validate on 115 samples
Epoch 1/30

  20/1507 [..............................] - ETA: 2:10 - loss: 0.7550 - acc: 0.4500
 600/1507 [==========>...................] - ETA: 2s - loss: 0.4087 - acc: 0.8217  
1180/1507 [======================>.......] - ETA: 0s - loss: 0.2753 - acc: 0.8873
1507/1507 [==============================] - 2s 1ms/step - loss: 0.2535 - acc: 0.8985 - val_loss: 0.1314 - val_acc: 0.9565
Epoch 2/30

  20/1507 [..............................] - ETA: 0s - loss: 0.2487 - acc: 0.8000
 580/1507 [==========>...................] - ETA: 0s - loss: 0.1091 - acc: 0.9586
1160/1507 [======================>.......] - ETA: 0s - loss: 0.1197 - acc: 0.9569
1507/1507 [==============================] - 0s 95us/step - loss: 0.1151 - acc: 0.9582 - val_loss: 0.0781 - val_acc: 0.9739
Epoch 3/30

  20/1507 [..............................] - ETA: 0s - loss: 0.0368 - acc: 1.0000
 620/1507 [===========>..................] - ETA: 0s - loss: 0.1282 - acc: 0.9500
1220/1507 [=======================>......] - ETA: 0s - loss: 0.1066 - acc: 0.9623
1507/1507 [==============================] - 0s 89us/step - loss: 0.1006 - acc: 0.9648 - val_loss: 0.0690 - val_acc: 0.9826
Epoch 4/30

  20/1507 [..............................] - ETA: 0s - loss: 0.0333 - acc: 1.0000
 620/1507 [===========>..................] - ETA: 0s - loss: 0.0773 - acc: 0.9758
1220/1507 [=======================>......] - ETA: 0s - loss: 0.0769 - acc: 0.9738
1507/1507 [==============================] - 0s 87us/step - loss: 0.0794 - acc: 0.9741 - val_loss: 0.0838 - val_acc: 0.9739
Epoch 5/30

  20/1507 [..............................] - ETA: 0s - loss: 0.0389 - acc: 1.0000
 620/1507 [===========>..................] - ETA: 0s - loss: 0.0548 - acc: 0.9855
1240/1507 [=======================>......] - ETA: 0s - loss: 0.0607 - acc: 0.9798
1507/1507 [==============================] - 0s 86us/step - loss: 0.0616 - acc: 0.9801 - val_loss: 0.1068 - val_acc: 0.9739
Epoch 6/30

  20/1507 [..............................] - ETA: 0s - loss: 0.3217 - acc: 0.9500
 640/1507 [===========>..................] - ETA: 0s - loss: 0.0479 - acc: 0.9875
1260/1507 [========================>.....] - ETA: 0s - loss: 0.0435 - acc: 0.9857
1507/1507 [==============================] - 0s 86us/step - loss: 0.0532 - acc: 0.9834 - val_loss: 0.0455 - val_acc: 0.9913
Epoch 7/30

  20/1507 [..............................] - ETA: 0s - loss: 0.0565 - acc: 0.9500
 580/1507 [==========>...................] - ETA: 0s - loss: 0.0372 - acc: 0.9828
1140/1507 [=====================>........] - ETA: 0s - loss: 0.0429 - acc: 0.9833
1507/1507 [==============================] - 0s 95us/step - loss: 0.0496 - acc: 0.9814 - val_loss: 0.0533 - val_acc: 0.9826
Epoch 8/30

  20/1507 [..............................] - ETA: 0s - loss: 0.0065 - acc: 1.0000
 620/1507 [===========>..................] - ETA: 0s - loss: 0.0606 - acc: 0.9823
1200/1507 [======================>.......] - ETA: 0s - loss: 0.0610 - acc: 0.9808
1507/1507 [==============================] - 0s 88us/step - loss: 0.0643 - acc: 0.9781 - val_loss: 0.0567 - val_acc: 0.9826
Epoch 9/30

  20/1507 [..............................] - ETA: 0s - loss: 0.0103 - acc: 1.0000
 600/1507 [==========>...................] - ETA: 0s - loss: 0.0651 - acc: 0.9767
1180/1507 [======================>.......] - ETA: 0s - loss: 0.0642 - acc: 0.9797
1507/1507 [==============================] - 0s 90us/step - loss: 0.0797 - acc: 0.9741 - val_loss: 0.0741 - val_acc: 0.9826
Epoch 10/30

  20/1507 [..............................] - ETA: 0s - loss: 0.0148 - acc: 1.0000
 600/1507 [==========>...................] - ETA: 0s - loss: 0.0658 - acc: 0.9767
1160/1507 [======================>.......] - ETA: 0s - loss: 0.0611 - acc: 0.9776
1507/1507 [==============================] - 0s 93us/step - loss: 0.0661 - acc: 0.9774 - val_loss: 0.0657 - val_acc: 0.9739
Epoch 11/30

  20/1507 [..............................] - ETA: 0s - loss: 0.3914 - acc: 0.9000
 640/1507 [===========>..................] - ETA: 0s - loss: 0.0652 - acc: 0.9844
1260/1507 [========================>.....] - ETA: 0s - loss: 0.0532 - acc: 0.9865
1507/1507 [==============================] - 0s 86us/step - loss: 0.0550 - acc: 0.9861 - val_loss: 0.1126 - val_acc: 0.9652
Epoch 12/30

  20/1507 [..............................] - ETA: 0s - loss: 0.0015 - acc: 1.0000
 580/1507 [==========>...................] - ETA: 0s - loss: 0.0385 - acc: 0.9845
1180/1507 [======================>.......] - ETA: 0s - loss: 0.0586 - acc: 0.9831
1507/1507 [==============================] - 0s 90us/step - loss: 0.0670 - acc: 0.9788 - val_loss: 0.0555 - val_acc: 0.9826
Epoch 13/30

  20/1507 [..............................] - ETA: 0s - loss: 0.1429 - acc: 0.9500
 600/1507 [==========>...................] - ETA: 0s - loss: 0.0475 - acc: 0.9800
1200/1507 [======================>.......] - ETA: 0s - loss: 0.0568 - acc: 0.9775
1507/1507 [==============================] - 0s 88us/step - loss: 0.0604 - acc: 0.9774 - val_loss: 0.0759 - val_acc: 0.9652
Epoch 14/30

  20/1507 [..............................] - ETA: 0s - loss: 0.0070 - acc: 1.0000
 560/1507 [==========>...................] - ETA: 0s - loss: 0.0597 - acc: 0.9786
1120/1507 [=====================>........] - ETA: 0s - loss: 0.0539 - acc: 0.9804
1507/1507 [==============================] - 0s 98us/step - loss: 0.0550 - acc: 0.9788 - val_loss: 0.1087 - val_acc: 0.9565
Epoch 15/30

  20/1507 [..............................] - ETA: 0s - loss: 0.0635 - acc: 0.9500
 600/1507 [==========>...................] - ETA: 0s - loss: 0.0356 - acc: 0.9867
1220/1507 [=======================>......] - ETA: 0s - loss: 0.0397 - acc: 0.9844
1507/1507 [==============================] - 0s 87us/step - loss: 0.0388 - acc: 0.9854 - val_loss: 0.0858 - val_acc: 0.9652
Epoch 16/30

  20/1507 [..............................] - ETA: 0s - loss: 0.0329 - acc: 1.0000
 640/1507 [===========>..................] - ETA: 0s - loss: 0.0424 - acc: 0.9891
1260/1507 [========================>.....] - ETA: 0s - loss: 0.0513 - acc: 0.9857
1507/1507 [==============================] - 0s 86us/step - loss: 0.0522 - acc: 0.9854 - val_loss: 0.0988 - val_acc: 0.9478
acc: 99.13%
Train on 1507 samples, validate on 115 samples
Epoch 1/30

  20/1507 [..............................] - ETA: 2:24 - loss: 0.7287 - acc: 0.4500
 580/1507 [==========>...................] - ETA: 3s - loss: 0.3287 - acc: 0.8534  
1180/1507 [======================>.......] - ETA: 0s - loss: 0.2298 - acc: 0.9042
1507/1507 [==============================] - 2s 2ms/step - loss: 0.2036 - acc: 0.9190 - val_loss: 0.0588 - val_acc: 0.9826
Epoch 2/30

  20/1507 [..............................] - ETA: 0s - loss: 0.0840 - acc: 0.9500
 560/1507 [==========>...................] - ETA: 0s - loss: 0.0862 - acc: 0.9732
1140/1507 [=====================>........] - ETA: 0s - loss: 0.0869 - acc: 0.9737
1507/1507 [==============================] - 0s 93us/step - loss: 0.0920 - acc: 0.9728 - val_loss: 0.1487 - val_acc: 0.9652
Epoch 3/30

  20/1507 [..............................] - ETA: 0s - loss: 0.0238 - acc: 1.0000
 580/1507 [==========>...................] - ETA: 0s - loss: 0.0977 - acc: 0.9741
1200/1507 [======================>.......] - ETA: 0s - loss: 0.0983 - acc: 0.9717
1507/1507 [==============================] - 0s 90us/step - loss: 0.0911 - acc: 0.9748 - val_loss: 0.0680 - val_acc: 0.9739
Epoch 4/30

  20/1507 [..............................] - ETA: 0s - loss: 0.0130 - acc: 1.0000
 580/1507 [==========>...................] - ETA: 0s - loss: 0.0575 - acc: 0.9862
1200/1507 [======================>.......] - ETA: 0s - loss: 0.0672 - acc: 0.9817
1507/1507 [==============================] - 0s 89us/step - loss: 0.0678 - acc: 0.9801 - val_loss: 0.0724 - val_acc: 0.9739
Epoch 5/30

  20/1507 [..............................] - ETA: 0s - loss: 0.0163 - acc: 1.0000
 580/1507 [==========>...................] - ETA: 0s - loss: 0.0371 - acc: 0.9897
1180/1507 [======================>.......] - ETA: 0s - loss: 0.0555 - acc: 0.9805
1507/1507 [==============================] - 0s 93us/step - loss: 0.0561 - acc: 0.9781 - val_loss: 0.1120 - val_acc: 0.9739
Epoch 6/30

  20/1507 [..............................] - ETA: 0s - loss: 0.0105 - acc: 1.0000
 620/1507 [===========>..................] - ETA: 0s - loss: 0.0450 - acc: 0.9839
1200/1507 [======================>.......] - ETA: 0s - loss: 0.0450 - acc: 0.9825
1507/1507 [==============================] - 0s 91us/step - loss: 0.0468 - acc: 0.9814 - val_loss: 0.1777 - val_acc: 0.9739
Epoch 7/30

  20/1507 [..............................] - ETA: 0s - loss: 0.0133 - acc: 1.0000
 600/1507 [==========>...................] - ETA: 0s - loss: 0.0394 - acc: 0.9833
1200/1507 [======================>.......] - ETA: 0s - loss: 0.0567 - acc: 0.9808
1507/1507 [==============================] - 0s 88us/step - loss: 0.0519 - acc: 0.9827 - val_loss: 0.2068 - val_acc: 0.9652
Epoch 8/30

  20/1507 [..............................] - ETA: 0s - loss: 0.0025 - acc: 1.0000
 600/1507 [==========>...................] - ETA: 0s - loss: 0.0415 - acc: 0.9883
1180/1507 [======================>.......] - ETA: 0s - loss: 0.0459 - acc: 0.9873
1507/1507 [==============================] - 0s 92us/step - loss: 0.0484 - acc: 0.9867 - val_loss: 0.2001 - val_acc: 0.9652
Epoch 9/30

  20/1507 [..............................] - ETA: 0s - loss: 0.0025 - acc: 1.0000
 580/1507 [==========>...................] - ETA: 0s - loss: 0.0358 - acc: 0.9897
1140/1507 [=====================>........] - ETA: 0s - loss: 0.0367 - acc: 0.9877
1507/1507 [==============================] - 0s 97us/step - loss: 0.0439 - acc: 0.9874 - val_loss: 0.0901 - val_acc: 0.9739
Epoch 10/30

  20/1507 [..............................] - ETA: 0s - loss: 0.0083 - acc: 1.0000
 560/1507 [==========>...................] - ETA: 0s - loss: 0.0441 - acc: 0.9875
1100/1507 [====================>.........] - ETA: 0s - loss: 0.0429 - acc: 0.9882
1507/1507 [==============================] - 0s 97us/step - loss: 0.0444 - acc: 0.9874 - val_loss: 0.0791 - val_acc: 0.9826
Epoch 11/30

  20/1507 [..............................] - ETA: 0s - loss: 0.0147 - acc: 1.0000
 580/1507 [==========>...................] - ETA: 0s - loss: 0.0249 - acc: 0.9931
1160/1507 [======================>.......] - ETA: 0s - loss: 0.0293 - acc: 0.9905
1507/1507 [==============================] - 0s 93us/step - loss: 0.0378 - acc: 0.9887 - val_loss: 0.0318 - val_acc: 0.9739
acc: 98.26%
Accuracy: 98.09% (+/- 0.81%)
