Train on 1505 samples, validate on 117 samples
Epoch 1/30

  20/1505 [..............................] - ETA: 43s - loss: 0.6886 - acc: 0.5000
 480/1505 [========>.....................] - ETA: 1s - loss: 0.3737 - acc: 0.8583 
1040/1505 [===================>..........] - ETA: 0s - loss: 0.2475 - acc: 0.9125
1505/1505 [==============================] - 1s 533us/step - loss: 0.1966 - acc: 0.9329 - val_loss: 0.0949 - val_acc: 0.9573
Epoch 2/30

  20/1505 [..............................] - ETA: 0s - loss: 0.0323 - acc: 1.0000
 520/1505 [=========>....................] - ETA: 0s - loss: 0.0326 - acc: 0.9942
1080/1505 [====================>.........] - ETA: 0s - loss: 0.0468 - acc: 0.9852
1505/1505 [==============================] - 0s 99us/step - loss: 0.0487 - acc: 0.9854 - val_loss: 0.0761 - val_acc: 0.9744
Epoch 3/30

  20/1505 [..............................] - ETA: 0s - loss: 0.0297 - acc: 1.0000
 560/1505 [==========>...................] - ETA: 0s - loss: 0.0351 - acc: 0.9929
1040/1505 [===================>..........] - ETA: 0s - loss: 0.0270 - acc: 0.9952
1505/1505 [==============================] - 0s 103us/step - loss: 0.0243 - acc: 0.9960 - val_loss: 0.0685 - val_acc: 0.9573
Epoch 4/30

  20/1505 [..............................] - ETA: 0s - loss: 0.0070 - acc: 1.0000
 500/1505 [========>.....................] - ETA: 0s - loss: 0.0067 - acc: 1.0000
1040/1505 [===================>..........] - ETA: 0s - loss: 0.0150 - acc: 0.9971
1505/1505 [==============================] - 0s 103us/step - loss: 0.0150 - acc: 0.9973 - val_loss: 0.0669 - val_acc: 0.9744
Epoch 5/30

  20/1505 [..............................] - ETA: 0s - loss: 0.0099 - acc: 1.0000
 540/1505 [=========>....................] - ETA: 0s - loss: 0.0077 - acc: 0.9981
1060/1505 [====================>.........] - ETA: 0s - loss: 0.0068 - acc: 0.9981
1505/1505 [==============================] - 0s 104us/step - loss: 0.0119 - acc: 0.9967 - val_loss: 0.0557 - val_acc: 0.9744
Epoch 6/30

  20/1505 [..............................] - ETA: 0s - loss: 0.0062 - acc: 1.0000
 520/1505 [=========>....................] - ETA: 0s - loss: 0.0064 - acc: 1.0000
1020/1505 [===================>..........] - ETA: 0s - loss: 0.0059 - acc: 1.0000
1500/1505 [============================>.] - ETA: 0s - loss: 0.0098 - acc: 0.9980
1505/1505 [==============================] - 0s 105us/step - loss: 0.0098 - acc: 0.9980 - val_loss: 0.0541 - val_acc: 0.9915
Epoch 7/30

  20/1505 [..............................] - ETA: 0s - loss: 0.0019 - acc: 1.0000
 560/1505 [==========>...................] - ETA: 0s - loss: 0.0040 - acc: 1.0000
1060/1505 [====================>.........] - ETA: 0s - loss: 0.0051 - acc: 0.9991
1505/1505 [==============================] - 0s 101us/step - loss: 0.0055 - acc: 0.9987 - val_loss: 0.0491 - val_acc: 0.9829
Epoch 8/30

  20/1505 [..............................] - ETA: 0s - loss: 0.0027 - acc: 1.0000
 540/1505 [=========>....................] - ETA: 0s - loss: 0.0058 - acc: 0.9963
1020/1505 [===================>..........] - ETA: 0s - loss: 0.0048 - acc: 0.9980
1480/1505 [============================>.] - ETA: 0s - loss: 0.0044 - acc: 0.9980
1505/1505 [==============================] - 0s 109us/step - loss: 0.0043 - acc: 0.9980 - val_loss: 0.0524 - val_acc: 0.9915
Epoch 9/30

  20/1505 [..............................] - ETA: 0s - loss: 0.0027 - acc: 1.0000
 520/1505 [=========>....................] - ETA: 0s - loss: 0.0081 - acc: 0.9962
1020/1505 [===================>..........] - ETA: 0s - loss: 0.0058 - acc: 0.9980
1505/1505 [==============================] - 0s 107us/step - loss: 0.0053 - acc: 0.9980 - val_loss: 0.0544 - val_acc: 0.9915
Epoch 10/30

  20/1505 [..............................] - ETA: 0s - loss: 0.0048 - acc: 1.0000
 560/1505 [==========>...................] - ETA: 0s - loss: 0.0021 - acc: 1.0000
1000/1505 [==================>...........] - ETA: 0s - loss: 0.0021 - acc: 1.0000
1505/1505 [==============================] - 0s 107us/step - loss: 0.0025 - acc: 0.9993 - val_loss: 0.0495 - val_acc: 0.9915
Epoch 11/30

  20/1505 [..............................] - ETA: 0s - loss: 9.4856e-04 - acc: 1.0000
 560/1505 [==========>...................] - ETA: 0s - loss: 0.0010 - acc: 1.0000    
1140/1505 [=====================>........] - ETA: 0s - loss: 0.0015 - acc: 1.0000
1505/1505 [==============================] - 0s 97us/step - loss: 0.0017 - acc: 1.0000 - val_loss: 0.0484 - val_acc: 0.9915
Epoch 12/30

  20/1505 [..............................] - ETA: 0s - loss: 4.3899e-04 - acc: 1.0000
 520/1505 [=========>....................] - ETA: 0s - loss: 0.0010 - acc: 1.0000    
1060/1505 [====================>.........] - ETA: 0s - loss: 0.0010 - acc: 1.0000
1505/1505 [==============================] - 0s 100us/step - loss: 0.0013 - acc: 1.0000 - val_loss: 0.0504 - val_acc: 0.9915
Epoch 13/30

  20/1505 [..............................] - ETA: 0s - loss: 2.2229e-04 - acc: 1.0000
 520/1505 [=========>....................] - ETA: 0s - loss: 9.2051e-04 - acc: 1.0000
1020/1505 [===================>..........] - ETA: 0s - loss: 7.5751e-04 - acc: 1.0000
1505/1505 [==============================] - 0s 105us/step - loss: 9.4651e-04 - acc: 1.0000 - val_loss: 0.0501 - val_acc: 0.9915
acc: 99.15%
Train on 1505 samples, validate on 117 samples
Epoch 1/30

  20/1505 [..............................] - ETA: 48s - loss: 0.7081 - acc: 0.4000
 540/1505 [=========>....................] - ETA: 1s - loss: 0.3943 - acc: 0.8315 
1080/1505 [====================>.........] - ETA: 0s - loss: 0.2562 - acc: 0.8991
1505/1505 [==============================] - 1s 580us/step - loss: 0.2126 - acc: 0.9176 - val_loss: 0.1133 - val_acc: 0.9487
Epoch 2/30

  20/1505 [..............................] - ETA: 0s - loss: 0.0284 - acc: 1.0000
 500/1505 [========>.....................] - ETA: 0s - loss: 0.0514 - acc: 0.9940
1000/1505 [==================>...........] - ETA: 0s - loss: 0.0553 - acc: 0.9860
1500/1505 [============================>.] - ETA: 0s - loss: 0.0576 - acc: 0.9853
1505/1505 [==============================] - 0s 107us/step - loss: 0.0574 - acc: 0.9854 - val_loss: 0.0918 - val_acc: 0.9744
Epoch 3/30

  20/1505 [..............................] - ETA: 0s - loss: 0.0566 - acc: 1.0000
 520/1505 [=========>....................] - ETA: 0s - loss: 0.0271 - acc: 0.9962
1060/1505 [====================>.........] - ETA: 0s - loss: 0.0272 - acc: 0.9962
1505/1505 [==============================] - 0s 102us/step - loss: 0.0244 - acc: 0.9967 - val_loss: 0.0639 - val_acc: 0.9829
Epoch 4/30

  20/1505 [..............................] - ETA: 0s - loss: 0.0141 - acc: 1.0000
 360/1505 [======>.......................] - ETA: 0s - loss: 0.0127 - acc: 0.9972
 600/1505 [==========>...................] - ETA: 0s - loss: 0.0108 - acc: 0.9983
 800/1505 [==============>...............] - ETA: 0s - loss: 0.0143 - acc: 0.9975
1040/1505 [===================>..........] - ETA: 0s - loss: 0.0159 - acc: 0.9971
1280/1505 [========================>.....] - ETA: 0s - loss: 0.0149 - acc: 0.9969
1505/1505 [==============================] - 0s 208us/step - loss: 0.0139 - acc: 0.9973 - val_loss: 0.0615 - val_acc: 0.9744
Epoch 5/30

  20/1505 [..............................] - ETA: 0s - loss: 0.0043 - acc: 1.0000
 420/1505 [=======>......................] - ETA: 0s - loss: 0.0073 - acc: 1.0000
 860/1505 [================>.............] - ETA: 0s - loss: 0.0062 - acc: 1.0000
1180/1505 [======================>.......] - ETA: 0s - loss: 0.0078 - acc: 0.9992
1505/1505 [==============================] - 0s 138us/step - loss: 0.0089 - acc: 0.9987 - val_loss: 0.0694 - val_acc: 0.9744
Epoch 6/30

  20/1505 [..............................] - ETA: 0s - loss: 0.0040 - acc: 1.0000
 480/1505 [========>.....................] - ETA: 0s - loss: 0.0092 - acc: 0.9979
 980/1505 [==================>...........] - ETA: 0s - loss: 0.0072 - acc: 0.9990
1280/1505 [========================>.....] - ETA: 0s - loss: 0.0093 - acc: 0.9984
1505/1505 [==============================] - 0s 137us/step - loss: 0.0094 - acc: 0.9987 - val_loss: 0.0669 - val_acc: 0.9744
Epoch 7/30

  20/1505 [..............................] - ETA: 0s - loss: 0.0013 - acc: 1.0000
 460/1505 [========>.....................] - ETA: 0s - loss: 0.0031 - acc: 1.0000
 880/1505 [================>.............] - ETA: 0s - loss: 0.0046 - acc: 0.9989
1280/1505 [========================>.....] - ETA: 0s - loss: 0.0066 - acc: 0.9984
1505/1505 [==============================] - 0s 124us/step - loss: 0.0066 - acc: 0.9987 - val_loss: 0.0725 - val_acc: 0.9658
Epoch 8/30

  20/1505 [..............................] - ETA: 0s - loss: 8.0712e-04 - acc: 1.0000
 480/1505 [========>.....................] - ETA: 0s - loss: 0.0086 - acc: 0.9958    
 900/1505 [================>.............] - ETA: 0s - loss: 0.0066 - acc: 0.9978
1300/1505 [========================>.....] - ETA: 0s - loss: 0.0054 - acc: 0.9985
1505/1505 [==============================] - 0s 126us/step - loss: 0.0053 - acc: 0.9987 - val_loss: 0.0760 - val_acc: 0.9744
Epoch 9/30

  20/1505 [..............................] - ETA: 0s - loss: 0.0013 - acc: 1.0000
 300/1505 [====>.........................] - ETA: 0s - loss: 0.0025 - acc: 1.0000
 620/1505 [===========>..................] - ETA: 0s - loss: 0.0047 - acc: 0.9984
 900/1505 [================>.............] - ETA: 0s - loss: 0.0065 - acc: 0.9978
1160/1505 [======================>.......] - ETA: 0s - loss: 0.0077 - acc: 0.9966
1380/1505 [==========================>...] - ETA: 0s - loss: 0.0070 - acc: 0.9971
1505/1505 [==============================] - 0s 198us/step - loss: 0.0068 - acc: 0.9973 - val_loss: 0.0752 - val_acc: 0.9658
Epoch 10/30

  20/1505 [..............................] - ETA: 0s - loss: 5.7483e-04 - acc: 1.0000
 300/1505 [====>.........................] - ETA: 0s - loss: 0.0021 - acc: 1.0000    
 580/1505 [==========>...................] - ETA: 0s - loss: 0.0028 - acc: 1.0000
 820/1505 [===============>..............] - ETA: 0s - loss: 0.0065 - acc: 0.9988
1080/1505 [====================>.........] - ETA: 0s - loss: 0.0056 - acc: 0.9991
1340/1505 [=========================>....] - ETA: 0s - loss: 0.0086 - acc: 0.9985
1505/1505 [==============================] - 0s 207us/step - loss: 0.0079 - acc: 0.9987 - val_loss: 0.0696 - val_acc: 0.9658
acc: 98.29%
Train on 1505 samples, validate on 117 samples
Epoch 1/30

  20/1505 [..............................] - ETA: 1:21 - loss: 0.7349 - acc: 0.3000
 380/1505 [======>.......................] - ETA: 3s - loss: 0.4921 - acc: 0.7500  
 720/1505 [=============>................] - ETA: 1s - loss: 0.3516 - acc: 0.8458
1080/1505 [====================>.........] - ETA: 0s - loss: 0.2687 - acc: 0.8898
1400/1505 [==========================>...] - ETA: 0s - loss: 0.2290 - acc: 0.9086
1505/1505 [==============================] - 1s 959us/step - loss: 0.2204 - acc: 0.9110 - val_loss: 0.1320 - val_acc: 0.9402
Epoch 2/30

  20/1505 [..............................] - ETA: 0s - loss: 0.0392 - acc: 1.0000
 340/1505 [=====>........................] - ETA: 0s - loss: 0.0635 - acc: 0.9824
 680/1505 [============>.................] - ETA: 0s - loss: 0.0551 - acc: 0.9868
1000/1505 [==================>...........] - ETA: 0s - loss: 0.0557 - acc: 0.9860
1360/1505 [==========================>...] - ETA: 0s - loss: 0.0536 - acc: 0.9868
1505/1505 [==============================] - 0s 160us/step - loss: 0.0526 - acc: 0.9874 - val_loss: 0.0968 - val_acc: 0.9487
Epoch 3/30

  20/1505 [..............................] - ETA: 0s - loss: 0.0239 - acc: 1.0000
 340/1505 [=====>........................] - ETA: 0s - loss: 0.0285 - acc: 0.9941
 680/1505 [============>.................] - ETA: 0s - loss: 0.0309 - acc: 0.9912
1040/1505 [===================>..........] - ETA: 0s - loss: 0.0266 - acc: 0.9933
1320/1505 [=========================>....] - ETA: 0s - loss: 0.0302 - acc: 0.9932
1505/1505 [==============================] - 0s 161us/step - loss: 0.0287 - acc: 0.9934 - val_loss: 0.0789 - val_acc: 0.9573
Epoch 4/30

  20/1505 [..............................] - ETA: 0s - loss: 0.1364 - acc: 0.9500
 400/1505 [======>.......................] - ETA: 0s - loss: 0.0257 - acc: 0.9925
 720/1505 [=============>................] - ETA: 0s - loss: 0.0259 - acc: 0.9931
1040/1505 [===================>..........] - ETA: 0s - loss: 0.0225 - acc: 0.9942
1360/1505 [==========================>...] - ETA: 0s - loss: 0.0194 - acc: 0.9956
1505/1505 [==============================] - 0s 163us/step - loss: 0.0183 - acc: 0.9960 - val_loss: 0.0732 - val_acc: 0.9829
Epoch 5/30

  20/1505 [..............................] - ETA: 0s - loss: 0.0090 - acc: 1.0000
 320/1505 [=====>........................] - ETA: 0s - loss: 0.0186 - acc: 0.9906
 600/1505 [==========>...................] - ETA: 0s - loss: 0.0153 - acc: 0.9950
 920/1505 [=================>............] - ETA: 0s - loss: 0.0126 - acc: 0.9967
1260/1505 [========================>.....] - ETA: 0s - loss: 0.0109 - acc: 0.9976
1505/1505 [==============================] - 0s 169us/step - loss: 0.0113 - acc: 0.9973 - val_loss: 0.0644 - val_acc: 0.9829
Epoch 6/30

  20/1505 [..............................] - ETA: 0s - loss: 0.0016 - acc: 1.0000
 340/1505 [=====>........................] - ETA: 0s - loss: 0.0029 - acc: 1.0000
 680/1505 [============>.................] - ETA: 0s - loss: 0.0095 - acc: 0.9971
1040/1505 [===================>..........] - ETA: 0s - loss: 0.0076 - acc: 0.9981
1380/1505 [==========================>...] - ETA: 0s - loss: 0.0073 - acc: 0.9986
1505/1505 [==============================] - 0s 161us/step - loss: 0.0069 - acc: 0.9987 - val_loss: 0.0683 - val_acc: 0.9829
Epoch 7/30

  20/1505 [..............................] - ETA: 0s - loss: 0.0038 - acc: 1.0000
 320/1505 [=====>........................] - ETA: 0s - loss: 0.0020 - acc: 1.0000
 660/1505 [============>.................] - ETA: 0s - loss: 0.0036 - acc: 1.0000
 960/1505 [==================>...........] - ETA: 0s - loss: 0.0042 - acc: 0.9990
1300/1505 [========================>.....] - ETA: 0s - loss: 0.0045 - acc: 0.9985
1505/1505 [==============================] - 0s 165us/step - loss: 0.0043 - acc: 0.9987 - val_loss: 0.0735 - val_acc: 0.9829
Epoch 8/30

  20/1505 [..............................] - ETA: 0s - loss: 7.5005e-04 - acc: 1.0000
 340/1505 [=====>........................] - ETA: 0s - loss: 0.0029 - acc: 1.0000    
 660/1505 [============>.................] - ETA: 0s - loss: 0.0025 - acc: 1.0000
 980/1505 [==================>...........] - ETA: 0s - loss: 0.0032 - acc: 0.9990
1340/1505 [=========================>....] - ETA: 0s - loss: 0.0035 - acc: 0.9985
1505/1505 [==============================] - 0s 161us/step - loss: 0.0034 - acc: 0.9987 - val_loss: 0.0689 - val_acc: 0.9829
Epoch 9/30

  20/1505 [..............................] - ETA: 0s - loss: 5.6553e-04 - acc: 1.0000
 400/1505 [======>.......................] - ETA: 0s - loss: 0.0014 - acc: 1.0000    
 780/1505 [==============>...............] - ETA: 0s - loss: 0.0033 - acc: 0.9987
1160/1505 [======================>.......] - ETA: 0s - loss: 0.0026 - acc: 0.9991
1505/1505 [==============================] - 0s 146us/step - loss: 0.0023 - acc: 0.9993 - val_loss: 0.0729 - val_acc: 0.9829
Epoch 10/30

  20/1505 [..............................] - ETA: 0s - loss: 0.0011 - acc: 1.0000
 180/1505 [==>...........................] - ETA: 0s - loss: 0.0046 - acc: 1.0000
 480/1505 [========>.....................] - ETA: 0s - loss: 0.0036 - acc: 1.0000
 840/1505 [===============>..............] - ETA: 0s - loss: 0.0026 - acc: 1.0000
1140/1505 [=====================>........] - ETA: 0s - loss: 0.0022 - acc: 1.0000
1460/1505 [============================>.] - ETA: 0s - loss: 0.0020 - acc: 1.0000
1505/1505 [==============================] - 0s 189us/step - loss: 0.0019 - acc: 1.0000 - val_loss: 0.0660 - val_acc: 0.9829
Epoch 11/30

  20/1505 [..............................] - ETA: 0s - loss: 0.0011 - acc: 1.0000
 360/1505 [======>.......................] - ETA: 0s - loss: 7.9723e-04 - acc: 1.0000
 660/1505 [============>.................] - ETA: 0s - loss: 7.5851e-04 - acc: 1.0000
1000/1505 [==================>...........] - ETA: 0s - loss: 7.5111e-04 - acc: 1.0000
1340/1505 [=========================>....] - ETA: 0s - loss: 0.0012 - acc: 1.0000    
1505/1505 [==============================] - 0s 160us/step - loss: 0.0015 - acc: 1.0000 - val_loss: 0.0661 - val_acc: 0.9829
acc: 98.29%
Train on 1506 samples, validate on 116 samples
Epoch 1/30

  20/1506 [..............................] - ETA: 1:36 - loss: 0.7035 - acc: 0.5500
 380/1506 [======>.......................] - ETA: 3s - loss: 0.4711 - acc: 0.8132  
 720/1506 [=============>................] - ETA: 1s - loss: 0.3473 - acc: 0.8736
1060/1506 [====================>.........] - ETA: 0s - loss: 0.2723 - acc: 0.9047
1440/1506 [===========================>..] - ETA: 0s - loss: 0.2263 - acc: 0.9181
1506/1506 [==============================] - 2s 1ms/step - loss: 0.2199 - acc: 0.9210 - val_loss: 0.0828 - val_acc: 0.9741
Epoch 2/30

  20/1506 [..............................] - ETA: 0s - loss: 0.0449 - acc: 1.0000
 380/1506 [======>.......................] - ETA: 0s - loss: 0.0633 - acc: 0.9868
 740/1506 [=============>................] - ETA: 0s - loss: 0.0613 - acc: 0.9865
1100/1506 [====================>.........] - ETA: 0s - loss: 0.0552 - acc: 0.9873
1460/1506 [============================>.] - ETA: 0s - loss: 0.0551 - acc: 0.9877
1506/1506 [==============================] - 0s 151us/step - loss: 0.0545 - acc: 0.9874 - val_loss: 0.0617 - val_acc: 0.9828
Epoch 3/30

  20/1506 [..............................] - ETA: 0s - loss: 0.0105 - acc: 1.0000
 380/1506 [======>.......................] - ETA: 0s - loss: 0.0338 - acc: 0.9947
 740/1506 [=============>................] - ETA: 0s - loss: 0.0305 - acc: 0.9973
1080/1506 [====================>.........] - ETA: 0s - loss: 0.0290 - acc: 0.9972
1420/1506 [===========================>..] - ETA: 0s - loss: 0.0329 - acc: 0.9944
1506/1506 [==============================] - 0s 152us/step - loss: 0.0317 - acc: 0.9947 - val_loss: 0.0787 - val_acc: 0.9828
Epoch 4/30

  20/1506 [..............................] - ETA: 0s - loss: 0.0074 - acc: 1.0000
 320/1506 [=====>........................] - ETA: 0s - loss: 0.0248 - acc: 0.9906
 640/1506 [===========>..................] - ETA: 0s - loss: 0.0182 - acc: 0.9953
 960/1506 [==================>...........] - ETA: 0s - loss: 0.0169 - acc: 0.9958
1260/1506 [========================>.....] - ETA: 0s - loss: 0.0188 - acc: 0.9960
1506/1506 [==============================] - 0s 167us/step - loss: 0.0175 - acc: 0.9960 - val_loss: 0.0650 - val_acc: 0.9828
Epoch 5/30

  20/1506 [..............................] - ETA: 0s - loss: 0.0024 - acc: 1.0000
 360/1506 [======>.......................] - ETA: 0s - loss: 0.0150 - acc: 0.9972
 720/1506 [=============>................] - ETA: 0s - loss: 0.0176 - acc: 0.9958
1080/1506 [====================>.........] - ETA: 0s - loss: 0.0148 - acc: 0.9972
1460/1506 [============================>.] - ETA: 0s - loss: 0.0129 - acc: 0.9979
1506/1506 [==============================] - 0s 150us/step - loss: 0.0126 - acc: 0.9980 - val_loss: 0.0673 - val_acc: 0.9741
Epoch 6/30

  20/1506 [..............................] - ETA: 0s - loss: 0.0063 - acc: 1.0000
 360/1506 [======>.......................] - ETA: 0s - loss: 0.0050 - acc: 1.0000
 680/1506 [============>.................] - ETA: 0s - loss: 0.0111 - acc: 0.9985
1060/1506 [====================>.........] - ETA: 0s - loss: 0.0086 - acc: 0.9991
1440/1506 [===========================>..] - ETA: 0s - loss: 0.0092 - acc: 0.9986
1506/1506 [==============================] - 0s 153us/step - loss: 0.0089 - acc: 0.9987 - val_loss: 0.0521 - val_acc: 0.9914
Epoch 7/30

  20/1506 [..............................] - ETA: 0s - loss: 0.0047 - acc: 1.0000
 360/1506 [======>.......................] - ETA: 0s - loss: 0.0028 - acc: 1.0000
 680/1506 [============>.................] - ETA: 0s - loss: 0.0078 - acc: 0.9985
1040/1506 [===================>..........] - ETA: 0s - loss: 0.0064 - acc: 0.9990
1400/1506 [==========================>...] - ETA: 0s - loss: 0.0064 - acc: 0.9986
1506/1506 [==============================] - 0s 159us/step - loss: 0.0069 - acc: 0.9987 - val_loss: 0.0491 - val_acc: 0.9914
Epoch 8/30

  20/1506 [..............................] - ETA: 0s - loss: 0.0034 - acc: 1.0000
 340/1506 [=====>........................] - ETA: 0s - loss: 0.0031 - acc: 1.0000
 640/1506 [===========>..................] - ETA: 0s - loss: 0.0031 - acc: 1.0000
 980/1506 [==================>...........] - ETA: 0s - loss: 0.0041 - acc: 0.9990
1340/1506 [=========================>....] - ETA: 0s - loss: 0.0036 - acc: 0.9993
1506/1506 [==============================] - 0s 163us/step - loss: 0.0052 - acc: 0.9987 - val_loss: 0.0404 - val_acc: 0.9914
Epoch 9/30

  20/1506 [..............................] - ETA: 0s - loss: 5.8119e-04 - acc: 1.0000
 400/1506 [======>.......................] - ETA: 0s - loss: 0.0018 - acc: 1.0000    
 760/1506 [==============>...............] - ETA: 0s - loss: 0.0020 - acc: 1.0000
1080/1506 [====================>.........] - ETA: 0s - loss: 0.0042 - acc: 0.9991
1440/1506 [===========================>..] - ETA: 0s - loss: 0.0035 - acc: 0.9993
1506/1506 [==============================] - 0s 155us/step - loss: 0.0034 - acc: 0.9993 - val_loss: 0.0396 - val_acc: 0.9914
Epoch 10/30

  20/1506 [..............................] - ETA: 0s - loss: 8.5196e-04 - acc: 1.0000
 360/1506 [======>.......................] - ETA: 0s - loss: 0.0079 - acc: 0.9972    
 720/1506 [=============>................] - ETA: 0s - loss: 0.0053 - acc: 0.9986
1080/1506 [====================>.........] - ETA: 0s - loss: 0.0041 - acc: 0.9991
1400/1506 [==========================>...] - ETA: 0s - loss: 0.0036 - acc: 0.9993
1506/1506 [==============================] - 0s 159us/step - loss: 0.0034 - acc: 0.9993 - val_loss: 0.0468 - val_acc: 0.9914
Epoch 11/30

  20/1506 [..............................] - ETA: 0s - loss: 0.0013 - acc: 1.0000
 340/1506 [=====>........................] - ETA: 0s - loss: 0.0011 - acc: 1.0000
 700/1506 [============>.................] - ETA: 0s - loss: 0.0010 - acc: 1.0000
1020/1506 [===================>..........] - ETA: 0s - loss: 9.9072e-04 - acc: 1.0000
1360/1506 [==========================>...] - ETA: 0s - loss: 0.0014 - acc: 1.0000    
1506/1506 [==============================] - 0s 157us/step - loss: 0.0036 - acc: 0.9993 - val_loss: 0.0468 - val_acc: 0.9828
Epoch 12/30

  20/1506 [..............................] - ETA: 0s - loss: 6.9445e-04 - acc: 1.0000
 380/1506 [======>.......................] - ETA: 0s - loss: 0.0040 - acc: 1.0000    
 700/1506 [============>.................] - ETA: 0s - loss: 0.0060 - acc: 0.9986
 940/1506 [=================>............] - ETA: 0s - loss: 0.0048 - acc: 0.9989
1260/1506 [========================>.....] - ETA: 0s - loss: 0.0050 - acc: 0.9984
1506/1506 [==============================] - 0s 174us/step - loss: 0.0045 - acc: 0.9987 - val_loss: 0.0492 - val_acc: 0.9914
Epoch 13/30

  20/1506 [..............................] - ETA: 0s - loss: 6.1409e-04 - acc: 1.0000
 320/1506 [=====>........................] - ETA: 0s - loss: 0.0070 - acc: 0.9969    
 700/1506 [============>.................] - ETA: 0s - loss: 0.0044 - acc: 0.9986
1040/1506 [===================>..........] - ETA: 0s - loss: 0.0035 - acc: 0.9990
1360/1506 [==========================>...] - ETA: 0s - loss: 0.0029 - acc: 0.9993
1506/1506 [==============================] - 0s 157us/step - loss: 0.0027 - acc: 0.9993 - val_loss: 0.0571 - val_acc: 0.9914
acc: 99.14%
Train on 1506 samples, validate on 116 samples
Epoch 1/30

  20/1506 [..............................] - ETA: 1:44 - loss: 0.6376 - acc: 0.7000
 360/1506 [======>.......................] - ETA: 4s - loss: 0.4694 - acc: 0.7889  
 720/1506 [=============>................] - ETA: 1s - loss: 0.3302 - acc: 0.8667
1080/1506 [====================>.........] - ETA: 0s - loss: 0.2535 - acc: 0.9037
1440/1506 [===========================>..] - ETA: 0s - loss: 0.2220 - acc: 0.9167
1506/1506 [==============================] - 2s 1ms/step - loss: 0.2150 - acc: 0.9197 - val_loss: 0.1229 - val_acc: 0.9569
Epoch 2/30

  20/1506 [..............................] - ETA: 0s - loss: 0.0529 - acc: 1.0000
 320/1506 [=====>........................] - ETA: 0s - loss: 0.0422 - acc: 0.9969
 640/1506 [===========>..................] - ETA: 0s - loss: 0.0532 - acc: 0.9859
 980/1506 [==================>...........] - ETA: 0s - loss: 0.0545 - acc: 0.9867
1280/1506 [========================>.....] - ETA: 0s - loss: 0.0534 - acc: 0.9867
1506/1506 [==============================] - 0s 168us/step - loss: 0.0498 - acc: 0.9887 - val_loss: 0.0850 - val_acc: 0.9828
Epoch 3/30

  20/1506 [..............................] - ETA: 0s - loss: 0.0390 - acc: 1.0000
 360/1506 [======>.......................] - ETA: 0s - loss: 0.0167 - acc: 1.0000
 660/1506 [============>.................] - ETA: 0s - loss: 0.0278 - acc: 0.9939
 980/1506 [==================>...........] - ETA: 0s - loss: 0.0280 - acc: 0.9939
1300/1506 [========================>.....] - ETA: 0s - loss: 0.0248 - acc: 0.9954
1506/1506 [==============================] - 0s 171us/step - loss: 0.0240 - acc: 0.9960 - val_loss: 0.0905 - val_acc: 0.9741
Epoch 4/30

  20/1506 [..............................] - ETA: 0s - loss: 0.0088 - acc: 1.0000
 360/1506 [======>.......................] - ETA: 0s - loss: 0.0091 - acc: 1.0000
 700/1506 [============>.................] - ETA: 0s - loss: 0.0088 - acc: 1.0000
1040/1506 [===================>..........] - ETA: 0s - loss: 0.0080 - acc: 1.0000
1400/1506 [==========================>...] - ETA: 0s - loss: 0.0099 - acc: 0.9993
1506/1506 [==============================] - 0s 155us/step - loss: 0.0095 - acc: 0.9993 - val_loss: 0.0884 - val_acc: 0.9741
Epoch 5/30

  20/1506 [..............................] - ETA: 0s - loss: 0.0043 - acc: 1.0000
 360/1506 [======>.......................] - ETA: 0s - loss: 0.0057 - acc: 1.0000
 720/1506 [=============>................] - ETA: 0s - loss: 0.0058 - acc: 1.0000
1060/1506 [====================>.........] - ETA: 0s - loss: 0.0051 - acc: 1.0000
1440/1506 [===========================>..] - ETA: 0s - loss: 0.0047 - acc: 1.0000
1506/1506 [==============================] - 0s 150us/step - loss: 0.0046 - acc: 1.0000 - val_loss: 0.0954 - val_acc: 0.9741
Epoch 6/30

  20/1506 [..............................] - ETA: 0s - loss: 0.0020 - acc: 1.0000
 380/1506 [======>.......................] - ETA: 0s - loss: 0.0022 - acc: 1.0000
 740/1506 [=============>................] - ETA: 0s - loss: 0.0040 - acc: 0.9986
1060/1506 [====================>.........] - ETA: 0s - loss: 0.0038 - acc: 0.9991
1400/1506 [==========================>...] - ETA: 0s - loss: 0.0038 - acc: 0.9993
1506/1506 [==============================] - 0s 152us/step - loss: 0.0037 - acc: 0.9993 - val_loss: 0.1083 - val_acc: 0.9741
Epoch 7/30

  20/1506 [..............................] - ETA: 0s - loss: 0.0010 - acc: 1.0000
 380/1506 [======>.......................] - ETA: 0s - loss: 0.0055 - acc: 0.9974
 680/1506 [============>.................] - ETA: 0s - loss: 0.0040 - acc: 0.9985
 980/1506 [==================>...........] - ETA: 0s - loss: 0.0037 - acc: 0.9990
1320/1506 [=========================>....] - ETA: 0s - loss: 0.0032 - acc: 0.9992
1506/1506 [==============================] - 0s 160us/step - loss: 0.0029 - acc: 0.9993 - val_loss: 0.1060 - val_acc: 0.9741
Epoch 8/30

  20/1506 [..............................] - ETA: 0s - loss: 6.8178e-04 - acc: 1.0000
 360/1506 [======>.......................] - ETA: 0s - loss: 0.0014 - acc: 1.0000    
 720/1506 [=============>................] - ETA: 0s - loss: 0.0016 - acc: 1.0000
1040/1506 [===================>..........] - ETA: 0s - loss: 0.0014 - acc: 1.0000
1340/1506 [=========================>....] - ETA: 0s - loss: 0.0019 - acc: 1.0000
1506/1506 [==============================] - 0s 163us/step - loss: 0.0018 - acc: 1.0000 - val_loss: 0.1070 - val_acc: 0.9741
Epoch 9/30

  20/1506 [..............................] - ETA: 0s - loss: 5.2535e-04 - acc: 1.0000
 380/1506 [======>.......................] - ETA: 0s - loss: 0.0021 - acc: 1.0000    
 660/1506 [============>.................] - ETA: 0s - loss: 0.0019 - acc: 1.0000
 980/1506 [==================>...........] - ETA: 0s - loss: 0.0036 - acc: 0.9990
1320/1506 [=========================>....] - ETA: 0s - loss: 0.0032 - acc: 0.9992
1506/1506 [==============================] - 0s 165us/step - loss: 0.0030 - acc: 0.9993 - val_loss: 0.1130 - val_acc: 0.9741
acc: 98.28%
Train on 1506 samples, validate on 116 samples
Epoch 1/30

  20/1506 [..............................] - ETA: 2:00 - loss: 0.7191 - acc: 0.4500
 340/1506 [=====>........................] - ETA: 5s - loss: 0.5092 - acc: 0.7529  
 680/1506 [============>.................] - ETA: 2s - loss: 0.3563 - acc: 0.8544
1000/1506 [==================>...........] - ETA: 0s - loss: 0.2890 - acc: 0.8860
1340/1506 [=========================>....] - ETA: 0s - loss: 0.2394 - acc: 0.9090
1506/1506 [==============================] - 2s 1ms/step - loss: 0.2217 - acc: 0.9163 - val_loss: 0.0873 - val_acc: 0.9655
Epoch 2/30

  20/1506 [..............................] - ETA: 0s - loss: 0.0255 - acc: 1.0000
 340/1506 [=====>........................] - ETA: 0s - loss: 0.0607 - acc: 0.9853
 660/1506 [============>.................] - ETA: 0s - loss: 0.0590 - acc: 0.9818
 940/1506 [=================>............] - ETA: 0s - loss: 0.0562 - acc: 0.9851
1300/1506 [========================>.....] - ETA: 0s - loss: 0.0548 - acc: 0.9854
1506/1506 [==============================] - 0s 166us/step - loss: 0.0534 - acc: 0.9861 - val_loss: 0.0630 - val_acc: 0.9741
Epoch 3/30

  20/1506 [..............................] - ETA: 0s - loss: 0.0234 - acc: 1.0000
 340/1506 [=====>........................] - ETA: 0s - loss: 0.0259 - acc: 0.9971
 680/1506 [============>.................] - ETA: 0s - loss: 0.0281 - acc: 0.9941
1020/1506 [===================>..........] - ETA: 0s - loss: 0.0270 - acc: 0.9951
1360/1506 [==========================>...] - ETA: 0s - loss: 0.0245 - acc: 0.9956
1506/1506 [==============================] - 0s 167us/step - loss: 0.0276 - acc: 0.9940 - val_loss: 0.0687 - val_acc: 0.9655
Epoch 4/30

  20/1506 [..............................] - ETA: 0s - loss: 0.0108 - acc: 1.0000
 340/1506 [=====>........................] - ETA: 0s - loss: 0.0242 - acc: 0.9941
 620/1506 [===========>..................] - ETA: 0s - loss: 0.0214 - acc: 0.9952
 880/1506 [================>.............] - ETA: 0s - loss: 0.0213 - acc: 0.9955
1180/1506 [======================>.......] - ETA: 0s - loss: 0.0217 - acc: 0.9949
1440/1506 [===========================>..] - ETA: 0s - loss: 0.0208 - acc: 0.9951
1506/1506 [==============================] - 0s 185us/step - loss: 0.0205 - acc: 0.9954 - val_loss: 0.0813 - val_acc: 0.9655
Epoch 5/30

  20/1506 [..............................] - ETA: 0s - loss: 0.0046 - acc: 1.0000
 340/1506 [=====>........................] - ETA: 0s - loss: 0.0131 - acc: 0.9971
 660/1506 [============>.................] - ETA: 0s - loss: 0.0143 - acc: 0.9970
 980/1506 [==================>...........] - ETA: 0s - loss: 0.0116 - acc: 0.9980
1320/1506 [=========================>....] - ETA: 0s - loss: 0.0106 - acc: 0.9977
1506/1506 [==============================] - 0s 163us/step - loss: 0.0100 - acc: 0.9980 - val_loss: 0.0537 - val_acc: 0.9655
Epoch 6/30

  20/1506 [..............................] - ETA: 0s - loss: 0.0015 - acc: 1.0000
 340/1506 [=====>........................] - ETA: 0s - loss: 0.0073 - acc: 0.9971
 660/1506 [============>.................] - ETA: 0s - loss: 0.0086 - acc: 0.9970
1000/1506 [==================>...........] - ETA: 0s - loss: 0.0089 - acc: 0.9970
1300/1506 [========================>.....] - ETA: 0s - loss: 0.0085 - acc: 0.9969
1506/1506 [==============================] - 0s 163us/step - loss: 0.0080 - acc: 0.9973 - val_loss: 0.0538 - val_acc: 0.9655
Epoch 7/30

  20/1506 [..............................] - ETA: 0s - loss: 0.0019 - acc: 1.0000
 360/1506 [======>.......................] - ETA: 0s - loss: 0.0072 - acc: 0.9972
 700/1506 [============>.................] - ETA: 0s - loss: 0.0050 - acc: 0.9986
1020/1506 [===================>..........] - ETA: 0s - loss: 0.0056 - acc: 0.9980
1360/1506 [==========================>...] - ETA: 0s - loss: 0.0066 - acc: 0.9978
1506/1506 [==============================] - 0s 157us/step - loss: 0.0063 - acc: 0.9980 - val_loss: 0.0596 - val_acc: 0.9655
Epoch 8/30

  20/1506 [..............................] - ETA: 0s - loss: 0.0014 - acc: 1.0000
 360/1506 [======>.......................] - ETA: 0s - loss: 0.0024 - acc: 1.0000
 660/1506 [============>.................] - ETA: 0s - loss: 0.0023 - acc: 1.0000
1020/1506 [===================>..........] - ETA: 0s - loss: 0.0040 - acc: 0.9990
1340/1506 [=========================>....] - ETA: 0s - loss: 0.0053 - acc: 0.9978
1506/1506 [==============================] - 0s 159us/step - loss: 0.0050 - acc: 0.9980 - val_loss: 0.0629 - val_acc: 0.9655
Epoch 9/30

  20/1506 [..............................] - ETA: 0s - loss: 0.0023 - acc: 1.0000
 420/1506 [=======>......................] - ETA: 0s - loss: 0.0037 - acc: 1.0000
 780/1506 [==============>...............] - ETA: 0s - loss: 0.0050 - acc: 0.9987
1100/1506 [====================>.........] - ETA: 0s - loss: 0.0040 - acc: 0.9991
1506/1506 [==============================] - 0s 139us/step - loss: 0.0061 - acc: 0.9980 - val_loss: 0.0711 - val_acc: 0.9655
acc: 97.41%
Train on 1506 samples, validate on 116 samples
Epoch 1/30

  20/1506 [..............................] - ETA: 1:32 - loss: 0.6692 - acc: 0.5000
 460/1506 [========>.....................] - ETA: 2s - loss: 0.4295 - acc: 0.8087  
 940/1506 [=================>............] - ETA: 0s - loss: 0.2872 - acc: 0.8872
1420/1506 [===========================>..] - ETA: 0s - loss: 0.2230 - acc: 0.9155
1506/1506 [==============================] - 2s 1ms/step - loss: 0.2167 - acc: 0.9183 - val_loss: 0.0684 - val_acc: 0.9828
Epoch 2/30

  20/1506 [..............................] - ETA: 0s - loss: 0.0397 - acc: 1.0000
 520/1506 [=========>....................] - ETA: 0s - loss: 0.0519 - acc: 0.9923
 940/1506 [=================>............] - ETA: 0s - loss: 0.0450 - acc: 0.9926
1380/1506 [==========================>...] - ETA: 0s - loss: 0.0459 - acc: 0.9899
1506/1506 [==============================] - 0s 116us/step - loss: 0.0528 - acc: 0.9880 - val_loss: 0.0486 - val_acc: 0.9914
Epoch 3/30

  20/1506 [..............................] - ETA: 0s - loss: 0.0136 - acc: 1.0000
 520/1506 [=========>....................] - ETA: 0s - loss: 0.0317 - acc: 0.9942
 960/1506 [==================>...........] - ETA: 0s - loss: 0.0340 - acc: 0.9927
1440/1506 [===========================>..] - ETA: 0s - loss: 0.0275 - acc: 0.9944
1506/1506 [==============================] - 0s 113us/step - loss: 0.0266 - acc: 0.9947 - val_loss: 0.0268 - val_acc: 0.9914
Epoch 4/30

  20/1506 [..............................] - ETA: 0s - loss: 0.0100 - acc: 1.0000
 480/1506 [========>.....................] - ETA: 0s - loss: 0.0141 - acc: 0.9958
 940/1506 [=================>............] - ETA: 0s - loss: 0.0177 - acc: 0.9957
1380/1506 [==========================>...] - ETA: 0s - loss: 0.0155 - acc: 0.9964
1506/1506 [==============================] - 0s 115us/step - loss: 0.0149 - acc: 0.9967 - val_loss: 0.0350 - val_acc: 0.9914
Epoch 5/30

  20/1506 [..............................] - ETA: 0s - loss: 0.0025 - acc: 1.0000
 460/1506 [========>.....................] - ETA: 0s - loss: 0.0162 - acc: 0.9935
 960/1506 [==================>...........] - ETA: 0s - loss: 0.0109 - acc: 0.9969
1480/1506 [============================>.] - ETA: 0s - loss: 0.0087 - acc: 0.9980
1506/1506 [==============================] - 0s 109us/step - loss: 0.0087 - acc: 0.9980 - val_loss: 0.0266 - val_acc: 0.9914
Epoch 6/30

  20/1506 [..............................] - ETA: 0s - loss: 0.0019 - acc: 1.0000
 520/1506 [=========>....................] - ETA: 0s - loss: 0.0055 - acc: 0.9981
1000/1506 [==================>...........] - ETA: 0s - loss: 0.0057 - acc: 0.9980
1506/1506 [==============================] - 0s 104us/step - loss: 0.0049 - acc: 0.9987 - val_loss: 0.0339 - val_acc: 0.9914
Epoch 7/30

  20/1506 [..............................] - ETA: 0s - loss: 0.0011 - acc: 1.0000
 500/1506 [========>.....................] - ETA: 0s - loss: 0.0072 - acc: 0.9960
 980/1506 [==================>...........] - ETA: 0s - loss: 0.0052 - acc: 0.9980
1440/1506 [===========================>..] - ETA: 0s - loss: 0.0042 - acc: 0.9986
1506/1506 [==============================] - 0s 110us/step - loss: 0.0040 - acc: 0.9987 - val_loss: 0.0299 - val_acc: 0.9914
Epoch 8/30

  20/1506 [..............................] - ETA: 0s - loss: 0.0010 - acc: 1.0000
 500/1506 [========>.....................] - ETA: 0s - loss: 0.0033 - acc: 0.9980
1000/1506 [==================>...........] - ETA: 0s - loss: 0.0032 - acc: 0.9980
1460/1506 [============================>.] - ETA: 0s - loss: 0.0027 - acc: 0.9986
1506/1506 [==============================] - 0s 110us/step - loss: 0.0027 - acc: 0.9987 - val_loss: 0.0282 - val_acc: 0.9914
Epoch 9/30

  20/1506 [..............................] - ETA: 0s - loss: 7.3143e-04 - acc: 1.0000
 520/1506 [=========>....................] - ETA: 0s - loss: 0.0012 - acc: 1.0000    
1000/1506 [==================>...........] - ETA: 0s - loss: 0.0018 - acc: 1.0000
1500/1506 [============================>.] - ETA: 0s - loss: 0.0021 - acc: 1.0000
1506/1506 [==============================] - 0s 108us/step - loss: 0.0021 - acc: 1.0000 - val_loss: 0.0367 - val_acc: 0.9914
acc: 99.14%
Train on 1506 samples, validate on 116 samples
Epoch 1/30

  20/1506 [..............................] - ETA: 1:50 - loss: 0.7524 - acc: 0.2500
 380/1506 [======>.......................] - ETA: 4s - loss: 0.4811 - acc: 0.7658  
 740/1506 [=============>................] - ETA: 1s - loss: 0.3412 - acc: 0.8568
1080/1506 [====================>.........] - ETA: 0s - loss: 0.2733 - acc: 0.8880
1506/1506 [==============================] - 2s 1ms/step - loss: 0.2220 - acc: 0.9097 - val_loss: 0.0657 - val_acc: 0.9914
Epoch 2/30

  20/1506 [..............................] - ETA: 0s - loss: 0.0550 - acc: 1.0000
 500/1506 [========>.....................] - ETA: 0s - loss: 0.0576 - acc: 0.9840
 960/1506 [==================>...........] - ETA: 0s - loss: 0.0564 - acc: 0.9875
1480/1506 [============================>.] - ETA: 0s - loss: 0.0511 - acc: 0.9878
1506/1506 [==============================] - 0s 108us/step - loss: 0.0504 - acc: 0.9880 - val_loss: 0.0443 - val_acc: 0.9828
Epoch 3/30

  20/1506 [..............................] - ETA: 0s - loss: 0.0098 - acc: 1.0000
 520/1506 [=========>....................] - ETA: 0s - loss: 0.0249 - acc: 0.9962
1000/1506 [==================>...........] - ETA: 0s - loss: 0.0202 - acc: 0.9970
1506/1506 [==============================] - 0s 106us/step - loss: 0.0212 - acc: 0.9960 - val_loss: 0.0332 - val_acc: 0.9828
Epoch 4/30

  20/1506 [..............................] - ETA: 0s - loss: 0.0073 - acc: 1.0000
 500/1506 [========>.....................] - ETA: 0s - loss: 0.0105 - acc: 0.9980
 980/1506 [==================>...........] - ETA: 0s - loss: 0.0149 - acc: 0.9959
1480/1506 [============================>.] - ETA: 0s - loss: 0.0143 - acc: 0.9966
1506/1506 [==============================] - 0s 108us/step - loss: 0.0141 - acc: 0.9967 - val_loss: 0.0396 - val_acc: 0.9828
Epoch 5/30

  20/1506 [..............................] - ETA: 0s - loss: 0.0070 - acc: 1.0000
 500/1506 [========>.....................] - ETA: 0s - loss: 0.0089 - acc: 1.0000
1020/1506 [===================>..........] - ETA: 0s - loss: 0.0107 - acc: 0.9980
1480/1506 [============================>.] - ETA: 0s - loss: 0.0097 - acc: 0.9986
1506/1506 [==============================] - 0s 108us/step - loss: 0.0112 - acc: 0.9980 - val_loss: 0.0321 - val_acc: 0.9828
Epoch 6/30

  20/1506 [..............................] - ETA: 0s - loss: 0.0029 - acc: 1.0000
 500/1506 [========>.....................] - ETA: 0s - loss: 0.0112 - acc: 0.9980
 980/1506 [==================>...........] - ETA: 0s - loss: 0.0099 - acc: 0.9990
1460/1506 [============================>.] - ETA: 0s - loss: 0.0094 - acc: 0.9986
1506/1506 [==============================] - 0s 109us/step - loss: 0.0100 - acc: 0.9980 - val_loss: 0.0302 - val_acc: 0.9828
Epoch 7/30

  20/1506 [..............................] - ETA: 0s - loss: 0.0017 - acc: 1.0000
 500/1506 [========>.....................] - ETA: 0s - loss: 0.0080 - acc: 0.9980
 920/1506 [=================>............] - ETA: 0s - loss: 0.0066 - acc: 0.9989
1300/1506 [========================>.....] - ETA: 0s - loss: 0.0078 - acc: 0.9977
1506/1506 [==============================] - 0s 129us/step - loss: 0.0074 - acc: 0.9980 - val_loss: 0.0285 - val_acc: 0.9828
Epoch 8/30

  20/1506 [..............................] - ETA: 0s - loss: 6.3320e-04 - acc: 1.0000
 380/1506 [======>.......................] - ETA: 0s - loss: 0.0037 - acc: 1.0000    
 660/1506 [============>.................] - ETA: 0s - loss: 0.0034 - acc: 1.0000
 960/1506 [==================>...........] - ETA: 0s - loss: 0.0031 - acc: 1.0000
1280/1506 [========================>.....] - ETA: 0s - loss: 0.0028 - acc: 1.0000
1506/1506 [==============================] - 0s 165us/step - loss: 0.0041 - acc: 0.9993 - val_loss: 0.0346 - val_acc: 0.9828
acc: 99.14%
Train on 1506 samples, validate on 116 samples
Epoch 1/30

  20/1506 [..............................] - ETA: 2:30 - loss: 0.7474 - acc: 0.2500
 360/1506 [======>.......................] - ETA: 6s - loss: 0.5113 - acc: 0.7694  
 720/1506 [=============>................] - ETA: 2s - loss: 0.3505 - acc: 0.8583
 980/1506 [==================>...........] - ETA: 1s - loss: 0.2894 - acc: 0.8888
1320/1506 [=========================>....] - ETA: 0s - loss: 0.2437 - acc: 0.9076
1506/1506 [==============================] - 2s 2ms/step - loss: 0.2242 - acc: 0.9150 - val_loss: 0.0895 - val_acc: 0.9655
Epoch 2/30

  20/1506 [..............................] - ETA: 0s - loss: 0.0186 - acc: 1.0000
 340/1506 [=====>........................] - ETA: 0s - loss: 0.0459 - acc: 0.9912
 680/1506 [============>.................] - ETA: 0s - loss: 0.0461 - acc: 0.9897
1000/1506 [==================>...........] - ETA: 0s - loss: 0.0498 - acc: 0.9880
1340/1506 [=========================>....] - ETA: 0s - loss: 0.0462 - acc: 0.9881
1506/1506 [==============================] - 0s 166us/step - loss: 0.0509 - acc: 0.9834 - val_loss: 0.0730 - val_acc: 0.9828
Epoch 3/30

  20/1506 [..............................] - ETA: 0s - loss: 0.0198 - acc: 1.0000
 360/1506 [======>.......................] - ETA: 0s - loss: 0.0424 - acc: 0.9889
 700/1506 [============>.................] - ETA: 0s - loss: 0.0355 - acc: 0.9943
1060/1506 [====================>.........] - ETA: 0s - loss: 0.0295 - acc: 0.9962
1400/1506 [==========================>...] - ETA: 0s - loss: 0.0280 - acc: 0.9957
1506/1506 [==============================] - 0s 154us/step - loss: 0.0273 - acc: 0.9960 - val_loss: 0.0883 - val_acc: 0.9828
Epoch 4/30

  20/1506 [..............................] - ETA: 0s - loss: 0.0040 - acc: 1.0000
 380/1506 [======>.......................] - ETA: 0s - loss: 0.0083 - acc: 1.0000
 700/1506 [============>.................] - ETA: 0s - loss: 0.0101 - acc: 0.9986
1040/1506 [===================>..........] - ETA: 0s - loss: 0.0105 - acc: 0.9990
1400/1506 [==========================>...] - ETA: 0s - loss: 0.0127 - acc: 0.9979
1506/1506 [==============================] - 0s 152us/step - loss: 0.0128 - acc: 0.9980 - val_loss: 0.0917 - val_acc: 0.9741
Epoch 5/30

  20/1506 [..............................] - ETA: 0s - loss: 0.0022 - acc: 1.0000
 380/1506 [======>.......................] - ETA: 0s - loss: 0.0077 - acc: 0.9974
 760/1506 [==============>...............] - ETA: 0s - loss: 0.0097 - acc: 0.9974
1100/1506 [====================>.........] - ETA: 0s - loss: 0.0083 - acc: 0.9982
1420/1506 [===========================>..] - ETA: 0s - loss: 0.0078 - acc: 0.9986
1506/1506 [==============================] - 0s 153us/step - loss: 0.0075 - acc: 0.9987 - val_loss: 0.1033 - val_acc: 0.9741
Epoch 6/30

  20/1506 [..............................] - ETA: 0s - loss: 0.0036 - acc: 1.0000
 340/1506 [=====>........................] - ETA: 0s - loss: 0.0081 - acc: 0.9971
 660/1506 [============>.................] - ETA: 0s - loss: 0.0064 - acc: 0.9985
1000/1506 [==================>...........] - ETA: 0s - loss: 0.0056 - acc: 0.9990
1360/1506 [==========================>...] - ETA: 0s - loss: 0.0048 - acc: 0.9993
1506/1506 [==============================] - 0s 158us/step - loss: 0.0045 - acc: 0.9993 - val_loss: 0.1099 - val_acc: 0.9741
Epoch 7/30

  20/1506 [..............................] - ETA: 0s - loss: 0.0012 - acc: 1.0000
 380/1506 [======>.......................] - ETA: 0s - loss: 0.0021 - acc: 1.0000
 720/1506 [=============>................] - ETA: 0s - loss: 0.0021 - acc: 1.0000
1060/1506 [====================>.........] - ETA: 0s - loss: 0.0038 - acc: 0.9991
1420/1506 [===========================>..] - ETA: 0s - loss: 0.0036 - acc: 0.9993
1506/1506 [==============================] - 0s 155us/step - loss: 0.0035 - acc: 0.9993 - val_loss: 0.1161 - val_acc: 0.9741
Epoch 8/30

  20/1506 [..............................] - ETA: 0s - loss: 7.9991e-04 - acc: 1.0000
 360/1506 [======>.......................] - ETA: 0s - loss: 0.0021 - acc: 1.0000    
 700/1506 [============>.................] - ETA: 0s - loss: 0.0028 - acc: 1.0000
1080/1506 [====================>.........] - ETA: 0s - loss: 0.0023 - acc: 1.0000
1420/1506 [===========================>..] - ETA: 0s - loss: 0.0023 - acc: 1.0000
1506/1506 [==============================] - 0s 153us/step - loss: 0.0023 - acc: 1.0000 - val_loss: 0.1205 - val_acc: 0.9741
Epoch 9/30

  20/1506 [..............................] - ETA: 0s - loss: 0.0013 - acc: 1.0000
 340/1506 [=====>........................] - ETA: 0s - loss: 0.0017 - acc: 1.0000
 700/1506 [============>.................] - ETA: 0s - loss: 0.0016 - acc: 1.0000
1040/1506 [===================>..........] - ETA: 0s - loss: 0.0020 - acc: 1.0000
1400/1506 [==========================>...] - ETA: 0s - loss: 0.0018 - acc: 1.0000
1506/1506 [==============================] - 0s 158us/step - loss: 0.0017 - acc: 1.0000 - val_loss: 0.1157 - val_acc: 0.9741
acc: 98.28%
Train on 1507 samples, validate on 115 samples
Epoch 1/30

  20/1507 [..............................] - ETA: 2:47 - loss: 0.7193 - acc: 0.4500
 360/1507 [======>.......................] - ETA: 7s - loss: 0.4751 - acc: 0.7583  
 700/1507 [============>.................] - ETA: 2s - loss: 0.3227 - acc: 0.8586
1040/1507 [===================>..........] - ETA: 1s - loss: 0.2552 - acc: 0.8913
1360/1507 [==========================>...] - ETA: 0s - loss: 0.2159 - acc: 0.9096
1507/1507 [==============================] - 3s 2ms/step - loss: 0.2059 - acc: 0.9131 - val_loss: 0.1150 - val_acc: 0.9652
Epoch 2/30

  20/1507 [..............................] - ETA: 0s - loss: 0.2841 - acc: 0.9000
 380/1507 [======>.......................] - ETA: 0s - loss: 0.0572 - acc: 0.9895
 700/1507 [============>.................] - ETA: 0s - loss: 0.0530 - acc: 0.9871
1060/1507 [====================>.........] - ETA: 0s - loss: 0.0465 - acc: 0.9868
1420/1507 [===========================>..] - ETA: 0s - loss: 0.0405 - acc: 0.9901
1507/1507 [==============================] - 0s 156us/step - loss: 0.0468 - acc: 0.9881 - val_loss: 0.0976 - val_acc: 0.9652
Epoch 3/30

  20/1507 [..............................] - ETA: 0s - loss: 0.0137 - acc: 1.0000
 320/1507 [=====>........................] - ETA: 0s - loss: 0.0236 - acc: 1.0000
 680/1507 [============>.................] - ETA: 0s - loss: 0.0234 - acc: 0.9971
1020/1507 [===================>..........] - ETA: 0s - loss: 0.0253 - acc: 0.9961
1320/1507 [=========================>....] - ETA: 0s - loss: 0.0233 - acc: 0.9970
1507/1507 [==============================] - 0s 162us/step - loss: 0.0221 - acc: 0.9973 - val_loss: 0.0914 - val_acc: 0.9739
Epoch 4/30

  20/1507 [..............................] - ETA: 0s - loss: 0.0176 - acc: 1.0000
 340/1507 [=====>........................] - ETA: 0s - loss: 0.0074 - acc: 1.0000
 680/1507 [============>.................] - ETA: 0s - loss: 0.0131 - acc: 0.9971
1020/1507 [===================>..........] - ETA: 0s - loss: 0.0133 - acc: 0.9971
1360/1507 [==========================>...] - ETA: 0s - loss: 0.0138 - acc: 0.9963
1507/1507 [==============================] - 0s 161us/step - loss: 0.0146 - acc: 0.9960 - val_loss: 0.1066 - val_acc: 0.9652
Epoch 5/30

  20/1507 [..............................] - ETA: 0s - loss: 0.0046 - acc: 1.0000
 360/1507 [======>.......................] - ETA: 0s - loss: 0.0057 - acc: 1.0000
 720/1507 [=============>................] - ETA: 0s - loss: 0.0053 - acc: 1.0000
1060/1507 [====================>.........] - ETA: 0s - loss: 0.0076 - acc: 0.9991
1360/1507 [==========================>...] - ETA: 0s - loss: 0.0091 - acc: 0.9985
1507/1507 [==============================] - 0s 158us/step - loss: 0.0089 - acc: 0.9987 - val_loss: 0.1078 - val_acc: 0.9565
Epoch 6/30

  20/1507 [..............................] - ETA: 0s - loss: 0.0058 - acc: 1.0000
 360/1507 [======>.......................] - ETA: 0s - loss: 0.0043 - acc: 1.0000
 680/1507 [============>.................] - ETA: 0s - loss: 0.0044 - acc: 1.0000
1020/1507 [===================>..........] - ETA: 0s - loss: 0.0047 - acc: 0.9990
1340/1507 [=========================>....] - ETA: 0s - loss: 0.0054 - acc: 0.9985
1507/1507 [==============================] - 0s 159us/step - loss: 0.0056 - acc: 0.9987 - val_loss: 0.0982 - val_acc: 0.9652
Epoch 7/30

  20/1507 [..............................] - ETA: 0s - loss: 0.0024 - acc: 1.0000
 360/1507 [======>.......................] - ETA: 0s - loss: 0.0036 - acc: 1.0000
 680/1507 [============>.................] - ETA: 0s - loss: 0.0027 - acc: 1.0000
1020/1507 [===================>..........] - ETA: 0s - loss: 0.0027 - acc: 1.0000
1340/1507 [=========================>....] - ETA: 0s - loss: 0.0041 - acc: 0.9993
1507/1507 [==============================] - 0s 157us/step - loss: 0.0039 - acc: 0.9993 - val_loss: 0.1057 - val_acc: 0.9652
Epoch 8/30

  20/1507 [..............................] - ETA: 0s - loss: 0.0016 - acc: 1.0000
 360/1507 [======>.......................] - ETA: 0s - loss: 0.0021 - acc: 1.0000
 720/1507 [=============>................] - ETA: 0s - loss: 0.0019 - acc: 1.0000
1040/1507 [===================>..........] - ETA: 0s - loss: 0.0024 - acc: 1.0000
1360/1507 [==========================>...] - ETA: 0s - loss: 0.0024 - acc: 1.0000
1507/1507 [==============================] - 0s 155us/step - loss: 0.0028 - acc: 1.0000 - val_loss: 0.1165 - val_acc: 0.9565
Epoch 9/30

  20/1507 [..............................] - ETA: 0s - loss: 0.0014 - acc: 1.0000
 360/1507 [======>.......................] - ETA: 0s - loss: 0.0017 - acc: 1.0000
 660/1507 [============>.................] - ETA: 0s - loss: 0.0023 - acc: 1.0000
 980/1507 [==================>...........] - ETA: 0s - loss: 0.0020 - acc: 1.0000
1260/1507 [========================>.....] - ETA: 0s - loss: 0.0020 - acc: 1.0000
1507/1507 [==============================] - 0s 176us/step - loss: 0.0019 - acc: 1.0000 - val_loss: 0.1095 - val_acc: 0.9565
Epoch 10/30

  20/1507 [..............................] - ETA: 0s - loss: 0.0014 - acc: 1.0000
 360/1507 [======>.......................] - ETA: 0s - loss: 9.5031e-04 - acc: 1.0000
 740/1507 [=============>................] - ETA: 0s - loss: 0.0018 - acc: 1.0000    
1100/1507 [====================>.........] - ETA: 0s - loss: 0.0015 - acc: 1.0000
1460/1507 [============================>.] - ETA: 0s - loss: 0.0013 - acc: 1.0000
1507/1507 [==============================] - 0s 147us/step - loss: 0.0013 - acc: 1.0000 - val_loss: 0.1139 - val_acc: 0.9652
acc: 97.39%
Train on 1507 samples, validate on 115 samples
Epoch 1/30

  20/1507 [..............................] - ETA: 2:57 - loss: 0.7087 - acc: 0.5500
 380/1507 [======>.......................] - ETA: 7s - loss: 0.4744 - acc: 0.7947  
 700/1507 [============>.................] - ETA: 2s - loss: 0.3452 - acc: 0.8686
1040/1507 [===================>..........] - ETA: 1s - loss: 0.2762 - acc: 0.8981
1360/1507 [==========================>...] - ETA: 0s - loss: 0.2365 - acc: 0.9147
1507/1507 [==============================] - 3s 2ms/step - loss: 0.2228 - acc: 0.9197 - val_loss: 0.0965 - val_acc: 0.9739
Epoch 2/30

  20/1507 [..............................] - ETA: 0s - loss: 0.0457 - acc: 1.0000
 280/1507 [====>.........................] - ETA: 0s - loss: 0.0590 - acc: 0.9857
 600/1507 [==========>...................] - ETA: 0s - loss: 0.0584 - acc: 0.9867
 960/1507 [==================>...........] - ETA: 0s - loss: 0.0497 - acc: 0.9906
1300/1507 [========================>.....] - ETA: 0s - loss: 0.0487 - acc: 0.9900
1507/1507 [==============================] - 0s 163us/step - loss: 0.0537 - acc: 0.9874 - val_loss: 0.0728 - val_acc: 0.9913
Epoch 3/30

  20/1507 [..............................] - ETA: 0s - loss: 0.0963 - acc: 0.9500
 360/1507 [======>.......................] - ETA: 0s - loss: 0.0460 - acc: 0.9861
 700/1507 [============>.................] - ETA: 0s - loss: 0.0445 - acc: 0.9886
1020/1507 [===================>..........] - ETA: 0s - loss: 0.0369 - acc: 0.9912
1360/1507 [==========================>...] - ETA: 0s - loss: 0.0319 - acc: 0.9934
1507/1507 [==============================] - 0s 159us/step - loss: 0.0299 - acc: 0.9940 - val_loss: 0.0591 - val_acc: 0.9913
Epoch 4/30

  20/1507 [..............................] - ETA: 0s - loss: 0.0101 - acc: 1.0000
 360/1507 [======>.......................] - ETA: 0s - loss: 0.0171 - acc: 0.9972
 700/1507 [============>.................] - ETA: 0s - loss: 0.0127 - acc: 0.9986
1000/1507 [==================>...........] - ETA: 0s - loss: 0.0154 - acc: 0.9960
1360/1507 [==========================>...] - ETA: 0s - loss: 0.0166 - acc: 0.9963
1507/1507 [==============================] - 0s 158us/step - loss: 0.0164 - acc: 0.9967 - val_loss: 0.0652 - val_acc: 0.9913
Epoch 5/30

  20/1507 [..............................] - ETA: 0s - loss: 0.0050 - acc: 1.0000
 360/1507 [======>.......................] - ETA: 0s - loss: 0.0047 - acc: 1.0000
 720/1507 [=============>................] - ETA: 0s - loss: 0.0050 - acc: 1.0000
1040/1507 [===================>..........] - ETA: 0s - loss: 0.0087 - acc: 0.9981
1360/1507 [==========================>...] - ETA: 0s - loss: 0.0096 - acc: 0.9978
1507/1507 [==============================] - 0s 162us/step - loss: 0.0093 - acc: 0.9980 - val_loss: 0.0650 - val_acc: 0.9913
Epoch 6/30

  20/1507 [..............................] - ETA: 0s - loss: 0.0053 - acc: 1.0000
 520/1507 [=========>....................] - ETA: 0s - loss: 0.0045 - acc: 1.0000
1000/1507 [==================>...........] - ETA: 0s - loss: 0.0051 - acc: 1.0000
1480/1507 [============================>.] - ETA: 0s - loss: 0.0071 - acc: 0.9993
1507/1507 [==============================] - 0s 108us/step - loss: 0.0071 - acc: 0.9993 - val_loss: 0.0718 - val_acc: 0.9913
Epoch 7/30

  20/1507 [..............................] - ETA: 0s - loss: 0.0017 - acc: 1.0000
 540/1507 [=========>....................] - ETA: 0s - loss: 0.0057 - acc: 0.9981
 980/1507 [==================>...........] - ETA: 0s - loss: 0.0042 - acc: 0.9990
1460/1507 [============================>.] - ETA: 0s - loss: 0.0049 - acc: 0.9986
1507/1507 [==============================] - 0s 110us/step - loss: 0.0048 - acc: 0.9987 - val_loss: 0.0782 - val_acc: 0.9913
Epoch 8/30

  20/1507 [..............................] - ETA: 0s - loss: 0.0020 - acc: 1.0000
 460/1507 [========>.....................] - ETA: 0s - loss: 0.0029 - acc: 1.0000
 920/1507 [=================>............] - ETA: 0s - loss: 0.0023 - acc: 1.0000
1380/1507 [==========================>...] - ETA: 0s - loss: 0.0026 - acc: 1.0000
1507/1507 [==============================] - 0s 118us/step - loss: 0.0029 - acc: 1.0000 - val_loss: 0.0728 - val_acc: 0.9913
Epoch 9/30

  20/1507 [..............................] - ETA: 0s - loss: 0.0027 - acc: 1.0000
 500/1507 [========>.....................] - ETA: 0s - loss: 0.0020 - acc: 1.0000
 960/1507 [==================>...........] - ETA: 0s - loss: 0.0017 - acc: 1.0000
1420/1507 [===========================>..] - ETA: 0s - loss: 0.0025 - acc: 0.9993
1507/1507 [==============================] - 0s 115us/step - loss: 0.0025 - acc: 0.9993 - val_loss: 0.0763 - val_acc: 0.9913
acc: 99.13%
Train on 1507 samples, validate on 115 samples
Epoch 1/30

  20/1507 [..............................] - ETA: 2:20 - loss: 0.6773 - acc: 0.6000
 460/1507 [========>.....................] - ETA: 4s - loss: 0.4576 - acc: 0.7978  
 920/1507 [=================>............] - ETA: 1s - loss: 0.2984 - acc: 0.8815
1400/1507 [==========================>...] - ETA: 0s - loss: 0.2397 - acc: 0.9057
1507/1507 [==============================] - 2s 2ms/step - loss: 0.2329 - acc: 0.9091 - val_loss: 0.0949 - val_acc: 0.9739
Epoch 2/30

  20/1507 [..............................] - ETA: 0s - loss: 0.0199 - acc: 1.0000
 440/1507 [=======>......................] - ETA: 0s - loss: 0.0633 - acc: 0.9886
 860/1507 [================>.............] - ETA: 0s - loss: 0.0552 - acc: 0.9907
1320/1507 [=========================>....] - ETA: 0s - loss: 0.0487 - acc: 0.9909
1507/1507 [==============================] - 0s 121us/step - loss: 0.0538 - acc: 0.9881 - val_loss: 0.0687 - val_acc: 0.9826
Epoch 3/30

  20/1507 [..............................] - ETA: 0s - loss: 0.0338 - acc: 1.0000
 440/1507 [=======>......................] - ETA: 0s - loss: 0.0331 - acc: 0.9977
 900/1507 [================>.............] - ETA: 0s - loss: 0.0271 - acc: 0.9989
1380/1507 [==========================>...] - ETA: 0s - loss: 0.0283 - acc: 0.9971
1507/1507 [==============================] - 0s 115us/step - loss: 0.0290 - acc: 0.9960 - val_loss: 0.0405 - val_acc: 0.9826
Epoch 4/30

  20/1507 [..............................] - ETA: 0s - loss: 0.0117 - acc: 1.0000
 520/1507 [=========>....................] - ETA: 0s - loss: 0.0205 - acc: 0.9962
1000/1507 [==================>...........] - ETA: 0s - loss: 0.0162 - acc: 0.9970
1507/1507 [==============================] - 0s 106us/step - loss: 0.0163 - acc: 0.9967 - val_loss: 0.0581 - val_acc: 0.9739
Epoch 5/30

  20/1507 [..............................] - ETA: 0s - loss: 0.0036 - acc: 1.0000
 500/1507 [========>.....................] - ETA: 0s - loss: 0.0145 - acc: 0.9960
1000/1507 [==================>...........] - ETA: 0s - loss: 0.0127 - acc: 0.9970
1420/1507 [===========================>..] - ETA: 0s - loss: 0.0105 - acc: 0.9979
1507/1507 [==============================] - 0s 114us/step - loss: 0.0100 - acc: 0.9980 - val_loss: 0.0619 - val_acc: 0.9739
Epoch 6/30

  20/1507 [..............................] - ETA: 0s - loss: 0.0026 - acc: 1.0000
 460/1507 [========>.....................] - ETA: 0s - loss: 0.0111 - acc: 0.9978
 940/1507 [=================>............] - ETA: 0s - loss: 0.0086 - acc: 0.9979
1360/1507 [==========================>...] - ETA: 0s - loss: 0.0070 - acc: 0.9985
1507/1507 [==============================] - 0s 118us/step - loss: 0.0069 - acc: 0.9987 - val_loss: 0.0584 - val_acc: 0.9739
Epoch 7/30

  20/1507 [..............................] - ETA: 0s - loss: 0.0014 - acc: 1.0000
 520/1507 [=========>....................] - ETA: 0s - loss: 0.0069 - acc: 0.9981
 980/1507 [==================>...........] - ETA: 0s - loss: 0.0051 - acc: 0.9990
1500/1507 [============================>.] - ETA: 0s - loss: 0.0048 - acc: 0.9993
1507/1507 [==============================] - 0s 108us/step - loss: 0.0048 - acc: 0.9993 - val_loss: 0.0633 - val_acc: 0.9826
Epoch 8/30

  20/1507 [..............................] - ETA: 0s - loss: 0.0012 - acc: 1.0000
 500/1507 [========>.....................] - ETA: 0s - loss: 0.0057 - acc: 0.9980
 940/1507 [=================>............] - ETA: 0s - loss: 0.0046 - acc: 0.9989
1400/1507 [==========================>...] - ETA: 0s - loss: 0.0044 - acc: 0.9993
1507/1507 [==============================] - 0s 112us/step - loss: 0.0043 - acc: 0.9993 - val_loss: 0.0493 - val_acc: 0.9826
Epoch 9/30

  20/1507 [..............................] - ETA: 0s - loss: 0.0010 - acc: 1.0000
 520/1507 [=========>....................] - ETA: 0s - loss: 0.0019 - acc: 1.0000
 960/1507 [==================>...........] - ETA: 0s - loss: 0.0039 - acc: 0.9990
1420/1507 [===========================>..] - ETA: 0s - loss: 0.0034 - acc: 0.9993
1507/1507 [==============================] - 0s 112us/step - loss: 0.0033 - acc: 0.9993 - val_loss: 0.0553 - val_acc: 0.9826
acc: 98.26%
Train on 1507 samples, validate on 115 samples
Epoch 1/30

  20/1507 [..............................] - ETA: 3:29 - loss: 0.7577 - acc: 0.1500
 360/1507 [======>.......................] - ETA: 9s - loss: 0.4863 - acc: 0.7806  
 680/1507 [============>.................] - ETA: 3s - loss: 0.3561 - acc: 0.8574
1000/1507 [==================>...........] - ETA: 1s - loss: 0.2809 - acc: 0.8920
1300/1507 [========================>.....] - ETA: 0s - loss: 0.2370 - acc: 0.9115
1507/1507 [==============================] - 3s 2ms/step - loss: 0.2132 - acc: 0.9210 - val_loss: 0.0666 - val_acc: 0.9826
Epoch 2/30

  20/1507 [..............................] - ETA: 0s - loss: 0.0256 - acc: 1.0000
 320/1507 [=====>........................] - ETA: 0s - loss: 0.0400 - acc: 0.9937
 640/1507 [===========>..................] - ETA: 0s - loss: 0.0498 - acc: 0.9859
1000/1507 [==================>...........] - ETA: 0s - loss: 0.0505 - acc: 0.9850
1320/1507 [=========================>....] - ETA: 0s - loss: 0.0554 - acc: 0.9848
1507/1507 [==============================] - 0s 169us/step - loss: 0.0541 - acc: 0.9854 - val_loss: 0.0700 - val_acc: 0.9826
Epoch 3/30

  20/1507 [..............................] - ETA: 0s - loss: 0.0601 - acc: 1.0000
 360/1507 [======>.......................] - ETA: 0s - loss: 0.0247 - acc: 0.9972
 700/1507 [============>.................] - ETA: 0s - loss: 0.0301 - acc: 0.9957
1040/1507 [===================>..........] - ETA: 0s - loss: 0.0292 - acc: 0.9952
1360/1507 [==========================>...] - ETA: 0s - loss: 0.0292 - acc: 0.9941
1507/1507 [==============================] - 0s 157us/step - loss: 0.0306 - acc: 0.9940 - val_loss: 0.0419 - val_acc: 0.9826
Epoch 4/30

  20/1507 [..............................] - ETA: 0s - loss: 0.0111 - acc: 1.0000
 340/1507 [=====>........................] - ETA: 0s - loss: 0.0135 - acc: 0.9971
 700/1507 [============>.................] - ETA: 0s - loss: 0.0133 - acc: 0.9986
1020/1507 [===================>..........] - ETA: 0s - loss: 0.0135 - acc: 0.9980
1360/1507 [==========================>...] - ETA: 0s - loss: 0.0142 - acc: 0.9978
1507/1507 [==============================] - 0s 162us/step - loss: 0.0145 - acc: 0.9973 - val_loss: 0.0384 - val_acc: 0.9913
Epoch 5/30

  20/1507 [..............................] - ETA: 0s - loss: 0.0028 - acc: 1.0000
 380/1507 [======>.......................] - ETA: 0s - loss: 0.0074 - acc: 1.0000
 700/1507 [============>.................] - ETA: 0s - loss: 0.0100 - acc: 0.9986
1020/1507 [===================>..........] - ETA: 0s - loss: 0.0092 - acc: 0.9990
1340/1507 [=========================>....] - ETA: 0s - loss: 0.0080 - acc: 0.9993
1507/1507 [==============================] - 0s 161us/step - loss: 0.0075 - acc: 0.9993 - val_loss: 0.0401 - val_acc: 0.9826
Epoch 6/30

  20/1507 [..............................] - ETA: 0s - loss: 8.8195e-04 - acc: 1.0000
 340/1507 [=====>........................] - ETA: 0s - loss: 0.0027 - acc: 1.0000    
 700/1507 [============>.................] - ETA: 0s - loss: 0.0057 - acc: 0.9986
1060/1507 [====================>.........] - ETA: 0s - loss: 0.0050 - acc: 0.9991
1400/1507 [==========================>...] - ETA: 0s - loss: 0.0046 - acc: 0.9993
1507/1507 [==============================] - 0s 155us/step - loss: 0.0045 - acc: 0.9993 - val_loss: 0.0363 - val_acc: 0.9913
Epoch 7/30

  20/1507 [..............................] - ETA: 0s - loss: 0.0033 - acc: 1.0000
 340/1507 [=====>........................] - ETA: 0s - loss: 0.0041 - acc: 0.9971
 680/1507 [============>.................] - ETA: 0s - loss: 0.0031 - acc: 0.9985
 980/1507 [==================>...........] - ETA: 0s - loss: 0.0028 - acc: 0.9990
1300/1507 [========================>.....] - ETA: 0s - loss: 0.0028 - acc: 0.9992
1507/1507 [==============================] - 0s 165us/step - loss: 0.0028 - acc: 0.9993 - val_loss: 0.0381 - val_acc: 0.9913
Epoch 8/30

  20/1507 [..............................] - ETA: 0s - loss: 8.9694e-04 - acc: 1.0000
 320/1507 [=====>........................] - ETA: 0s - loss: 0.0014 - acc: 1.0000    
 680/1507 [============>.................] - ETA: 0s - loss: 0.0021 - acc: 1.0000
1020/1507 [===================>..........] - ETA: 0s - loss: 0.0021 - acc: 1.0000
1320/1507 [=========================>....] - ETA: 0s - loss: 0.0020 - acc: 1.0000
1507/1507 [==============================] - 0s 172us/step - loss: 0.0021 - acc: 1.0000 - val_loss: 0.0413 - val_acc: 0.9913
Epoch 9/30

  20/1507 [..............................] - ETA: 0s - loss: 0.0011 - acc: 1.0000
 360/1507 [======>.......................] - ETA: 0s - loss: 0.0018 - acc: 1.0000
 680/1507 [============>.................] - ETA: 0s - loss: 0.0015 - acc: 1.0000
1000/1507 [==================>...........] - ETA: 0s - loss: 0.0014 - acc: 1.0000
1320/1507 [=========================>....] - ETA: 0s - loss: 0.0014 - acc: 1.0000
1507/1507 [==============================] - 0s 161us/step - loss: 0.0013 - acc: 1.0000 - val_loss: 0.0398 - val_acc: 0.9913
Epoch 10/30

  20/1507 [..............................] - ETA: 0s - loss: 8.9088e-04 - acc: 1.0000
 380/1507 [======>.......................] - ETA: 0s - loss: 0.0010 - acc: 1.0000    
 680/1507 [============>.................] - ETA: 0s - loss: 9.0980e-04 - acc: 1.0000
 980/1507 [==================>...........] - ETA: 0s - loss: 0.0011 - acc: 1.0000    
1300/1507 [========================>.....] - ETA: 0s - loss: 0.0011 - acc: 1.0000
1507/1507 [==============================] - 0s 169us/step - loss: 0.0011 - acc: 1.0000 - val_loss: 0.0400 - val_acc: 0.9913
Epoch 11/30

  20/1507 [..............................] - ETA: 0s - loss: 3.3971e-04 - acc: 1.0000
 360/1507 [======>.......................] - ETA: 0s - loss: 8.5756e-04 - acc: 1.0000
 680/1507 [============>.................] - ETA: 0s - loss: 9.2959e-04 - acc: 1.0000
1020/1507 [===================>..........] - ETA: 0s - loss: 8.7112e-04 - acc: 1.0000
1340/1507 [=========================>....] - ETA: 0s - loss: 8.4484e-04 - acc: 1.0000
1507/1507 [==============================] - 0s 158us/step - loss: 8.6529e-04 - acc: 1.0000 - val_loss: 0.0405 - val_acc: 0.9913
acc: 99.13%
Train on 1507 samples, validate on 115 samples
Epoch 1/30

  20/1507 [..............................] - ETA: 3:39 - loss: 0.7478 - acc: 0.3000
 360/1507 [======>.......................] - ETA: 9s - loss: 0.4591 - acc: 0.7833  
 700/1507 [============>.................] - ETA: 3s - loss: 0.3174 - acc: 0.8686
1000/1507 [==================>...........] - ETA: 1s - loss: 0.2678 - acc: 0.8940
1320/1507 [=========================>....] - ETA: 0s - loss: 0.2294 - acc: 0.9114
1507/1507 [==============================] - 4s 2ms/step - loss: 0.2138 - acc: 0.9164 - val_loss: 0.0516 - val_acc: 0.9913
Epoch 2/30

  20/1507 [..............................] - ETA: 0s - loss: 0.2471 - acc: 0.9000
 340/1507 [=====>........................] - ETA: 0s - loss: 0.0516 - acc: 0.9853
 660/1507 [============>.................] - ETA: 0s - loss: 0.0607 - acc: 0.9833
 960/1507 [==================>...........] - ETA: 0s - loss: 0.0598 - acc: 0.9812
1280/1507 [========================>.....] - ETA: 0s - loss: 0.0596 - acc: 0.9820
1507/1507 [==============================] - 0s 169us/step - loss: 0.0567 - acc: 0.9834 - val_loss: 0.0523 - val_acc: 0.9913
Epoch 3/30

  20/1507 [..............................] - ETA: 0s - loss: 0.0082 - acc: 1.0000
 320/1507 [=====>........................] - ETA: 0s - loss: 0.0329 - acc: 0.9906
 640/1507 [===========>..................] - ETA: 0s - loss: 0.0281 - acc: 0.9922
 940/1507 [=================>............] - ETA: 0s - loss: 0.0284 - acc: 0.9915
1220/1507 [=======================>......] - ETA: 0s - loss: 0.0261 - acc: 0.9926
1507/1507 [==============================] - 0s 179us/step - loss: 0.0284 - acc: 0.9934 - val_loss: 0.0493 - val_acc: 0.9913
Epoch 4/30

  20/1507 [..............................] - ETA: 0s - loss: 0.0061 - acc: 1.0000
 340/1507 [=====>........................] - ETA: 0s - loss: 0.0190 - acc: 0.9971
 600/1507 [==========>...................] - ETA: 0s - loss: 0.0195 - acc: 0.9967
 900/1507 [================>.............] - ETA: 0s - loss: 0.0176 - acc: 0.9967
1220/1507 [=======================>......] - ETA: 0s - loss: 0.0167 - acc: 0.9967
1507/1507 [==============================] - 0s 182us/step - loss: 0.0173 - acc: 0.9967 - val_loss: 0.0515 - val_acc: 0.9913
Epoch 5/30

  20/1507 [..............................] - ETA: 0s - loss: 0.0025 - acc: 1.0000
 320/1507 [=====>........................] - ETA: 0s - loss: 0.0079 - acc: 0.9969
 600/1507 [==========>...................] - ETA: 0s - loss: 0.0067 - acc: 0.9983
 920/1507 [=================>............] - ETA: 0s - loss: 0.0106 - acc: 0.9978
1220/1507 [=======================>......] - ETA: 0s - loss: 0.0117 - acc: 0.9975
1507/1507 [==============================] - 0s 177us/step - loss: 0.0128 - acc: 0.9973 - val_loss: 0.0629 - val_acc: 0.9739
Epoch 6/30

  20/1507 [..............................] - ETA: 0s - loss: 0.0213 - acc: 1.0000
 320/1507 [=====>........................] - ETA: 0s - loss: 0.0073 - acc: 1.0000
 620/1507 [===========>..................] - ETA: 0s - loss: 0.0108 - acc: 0.9984
 920/1507 [=================>............] - ETA: 0s - loss: 0.0085 - acc: 0.9989
1240/1507 [=======================>......] - ETA: 0s - loss: 0.0071 - acc: 0.9992
1507/1507 [==============================] - 0s 168us/step - loss: 0.0076 - acc: 0.9987 - val_loss: 0.0500 - val_acc: 0.9913
Epoch 7/30

  20/1507 [..............................] - ETA: 0s - loss: 9.0769e-04 - acc: 1.0000
 300/1507 [====>.........................] - ETA: 0s - loss: 0.0033 - acc: 1.0000    
 580/1507 [==========>...................] - ETA: 0s - loss: 0.0034 - acc: 1.0000
 920/1507 [=================>............] - ETA: 0s - loss: 0.0053 - acc: 0.9989
1240/1507 [=======================>......] - ETA: 0s - loss: 0.0055 - acc: 0.9984
1507/1507 [==============================] - 0s 180us/step - loss: 0.0063 - acc: 0.9980 - val_loss: 0.0663 - val_acc: 0.9739
Epoch 8/30

  20/1507 [..............................] - ETA: 0s - loss: 0.0031 - acc: 1.0000
 320/1507 [=====>........................] - ETA: 0s - loss: 0.0087 - acc: 0.9969
 620/1507 [===========>..................] - ETA: 0s - loss: 0.0066 - acc: 0.9984
 940/1507 [=================>............] - ETA: 0s - loss: 0.0053 - acc: 0.9989
1260/1507 [========================>.....] - ETA: 0s - loss: 0.0065 - acc: 0.9984
1507/1507 [==============================] - 0s 175us/step - loss: 0.0061 - acc: 0.9987 - val_loss: 0.0556 - val_acc: 0.9913
acc: 99.13%
Accuracy: 98.58% (+/- 0.62%)
