Train on 1297 samples, validate on 325 samples
Epoch 1/30

 100/1297 [=>............................] - ETA: 5s - loss: 0.6863 - acc: 0.5000
1297/1297 [==============================] - 0s 380us/step - loss: 0.2525 - acc: 0.8990 - val_loss: 0.1269 - val_acc: 0.9477
Epoch 2/30

 100/1297 [=>............................] - ETA: 0s - loss: 0.0821 - acc: 0.9600
1297/1297 [==============================] - 0s 18us/step - loss: 0.0455 - acc: 0.9869 - val_loss: 0.1098 - val_acc: 0.9446
Epoch 3/30

 100/1297 [=>............................] - ETA: 0s - loss: 0.0097 - acc: 1.0000
1297/1297 [==============================] - 0s 17us/step - loss: 0.0216 - acc: 0.9954 - val_loss: 0.1143 - val_acc: 0.9569
Epoch 4/30

 100/1297 [=>............................] - ETA: 0s - loss: 0.0103 - acc: 1.0000
1297/1297 [==============================] - 0s 17us/step - loss: 0.0156 - acc: 0.9954 - val_loss: 0.1330 - val_acc: 0.9477
Epoch 5/30

 100/1297 [=>............................] - ETA: 0s - loss: 0.0082 - acc: 1.0000
1297/1297 [==============================] - 0s 16us/step - loss: 0.0119 - acc: 0.9969 - val_loss: 0.1385 - val_acc: 0.9538
Epoch 6/30

 100/1297 [=>............................] - ETA: 0s - loss: 0.0048 - acc: 1.0000
1297/1297 [==============================] - 0s 17us/step - loss: 0.0096 - acc: 0.9969 - val_loss: 0.1393 - val_acc: 0.9477
Epoch 7/30

 100/1297 [=>............................] - ETA: 0s - loss: 0.0034 - acc: 1.0000
1297/1297 [==============================] - 0s 17us/step - loss: 0.0073 - acc: 0.9977 - val_loss: 0.1431 - val_acc: 0.9538
Epoch 8/30

 100/1297 [=>............................] - ETA: 0s - loss: 0.0035 - acc: 1.0000
1297/1297 [==============================] - 0s 16us/step - loss: 0.0049 - acc: 0.9985 - val_loss: 0.1591 - val_acc: 0.9446
Epoch 9/30

 100/1297 [=>............................] - ETA: 0s - loss: 0.0013 - acc: 1.0000
1297/1297 [==============================] - 0s 17us/step - loss: 0.0040 - acc: 0.9985 - val_loss: 0.1603 - val_acc: 0.9446
Epoch 10/30

 100/1297 [=>............................] - ETA: 0s - loss: 0.0065 - acc: 1.0000
1297/1297 [==============================] - 0s 16us/step - loss: 0.0030 - acc: 1.0000 - val_loss: 0.1536 - val_acc: 0.9508
Epoch 11/30

 100/1297 [=>............................] - ETA: 0s - loss: 8.5618e-04 - acc: 1.0000
1297/1297 [==============================] - 0s 17us/step - loss: 0.0025 - acc: 1.0000 - val_loss: 0.1540 - val_acc: 0.9477
Epoch 12/30

 100/1297 [=>............................] - ETA: 0s - loss: 0.0018 - acc: 1.0000
1297/1297 [==============================] - 0s 17us/step - loss: 0.0021 - acc: 1.0000 - val_loss: 0.1585 - val_acc: 0.9477
Epoch 13/30

 100/1297 [=>............................] - ETA: 0s - loss: 0.0021 - acc: 1.0000
1297/1297 [==============================] - 0s 17us/step - loss: 0.0017 - acc: 1.0000 - val_loss: 0.1629 - val_acc: 0.9446
Epoch 14/30

 100/1297 [=>............................] - ETA: 0s - loss: 0.0023 - acc: 1.0000
1297/1297 [==============================] - 0s 17us/step - loss: 0.0015 - acc: 1.0000 - val_loss: 0.1679 - val_acc: 0.9477
Epoch 15/30

 100/1297 [=>............................] - ETA: 0s - loss: 0.0031 - acc: 1.0000
1297/1297 [==============================] - 0s 17us/step - loss: 0.0014 - acc: 1.0000 - val_loss: 0.1633 - val_acc: 0.9508
Epoch 16/30

 100/1297 [=>............................] - ETA: 0s - loss: 2.0026e-04 - acc: 1.0000
1297/1297 [==============================] - 0s 17us/step - loss: 0.0012 - acc: 1.0000 - val_loss: 0.1638 - val_acc: 0.9538
Epoch 17/30

 100/1297 [=>............................] - ETA: 0s - loss: 3.6031e-04 - acc: 1.0000
1297/1297 [==============================] - 0s 16us/step - loss: 9.9238e-04 - acc: 1.0000 - val_loss: 0.1653 - val_acc: 0.9538
Epoch 18/30

 100/1297 [=>............................] - ETA: 0s - loss: 7.4224e-04 - acc: 1.0000
1297/1297 [==============================] - 0s 17us/step - loss: 8.4922e-04 - acc: 1.0000 - val_loss: 0.1667 - val_acc: 0.9508
Epoch 19/30

 100/1297 [=>............................] - ETA: 0s - loss: 0.0037 - acc: 1.0000
1297/1297 [==============================] - 0s 17us/step - loss: 7.6968e-04 - acc: 1.0000 - val_loss: 0.1669 - val_acc: 0.9508
acc: 95.69%
Train on 1297 samples, validate on 325 samples
Epoch 1/30

 100/1297 [=>............................] - ETA: 6s - loss: 0.6818 - acc: 0.5400
1297/1297 [==============================] - 1s 463us/step - loss: 0.2903 - acc: 0.8751 - val_loss: 0.1253 - val_acc: 0.9508
Epoch 2/30

 100/1297 [=>............................] - ETA: 0s - loss: 0.0855 - acc: 0.9500
1297/1297 [==============================] - 0s 20us/step - loss: 0.0633 - acc: 0.9792 - val_loss: 0.0966 - val_acc: 0.9569
Epoch 3/30

 100/1297 [=>............................] - ETA: 0s - loss: 0.0205 - acc: 1.0000
1297/1297 [==============================] - 0s 18us/step - loss: 0.0301 - acc: 0.9931 - val_loss: 0.1076 - val_acc: 0.9662
Epoch 4/30

 100/1297 [=>............................] - ETA: 0s - loss: 0.0093 - acc: 1.0000
1297/1297 [==============================] - 0s 19us/step - loss: 0.0168 - acc: 0.9954 - val_loss: 0.1304 - val_acc: 0.9600
Epoch 5/30

 100/1297 [=>............................] - ETA: 0s - loss: 0.0167 - acc: 0.9900
1297/1297 [==============================] - 0s 18us/step - loss: 0.0116 - acc: 0.9969 - val_loss: 0.1294 - val_acc: 0.9569
Epoch 6/30

 100/1297 [=>............................] - ETA: 0s - loss: 0.0173 - acc: 0.9900
1297/1297 [==============================] - 0s 18us/step - loss: 0.0086 - acc: 0.9985 - val_loss: 0.1412 - val_acc: 0.9600
Epoch 7/30

 100/1297 [=>............................] - ETA: 0s - loss: 0.0042 - acc: 1.0000
1297/1297 [==============================] - 0s 17us/step - loss: 0.0067 - acc: 0.9985 - val_loss: 0.1393 - val_acc: 0.9631
Epoch 8/30

 100/1297 [=>............................] - ETA: 0s - loss: 0.0032 - acc: 1.0000
1297/1297 [==============================] - 0s 17us/step - loss: 0.0055 - acc: 0.9992 - val_loss: 0.1399 - val_acc: 0.9631
Epoch 9/30

 100/1297 [=>............................] - ETA: 0s - loss: 0.0018 - acc: 1.0000
1297/1297 [==============================] - 0s 17us/step - loss: 0.0051 - acc: 0.9992 - val_loss: 0.1419 - val_acc: 0.9600
Epoch 10/30

 100/1297 [=>............................] - ETA: 0s - loss: 0.0059 - acc: 1.0000
1297/1297 [==============================] - 0s 18us/step - loss: 0.0044 - acc: 0.9992 - val_loss: 0.1433 - val_acc: 0.9600
Epoch 11/30

 100/1297 [=>............................] - ETA: 0s - loss: 0.0020 - acc: 1.0000
1297/1297 [==============================] - 0s 17us/step - loss: 0.0039 - acc: 0.9992 - val_loss: 0.1422 - val_acc: 0.9600
Epoch 12/30

 100/1297 [=>............................] - ETA: 0s - loss: 0.0274 - acc: 0.9900
1297/1297 [==============================] - 0s 17us/step - loss: 0.0034 - acc: 0.9992 - val_loss: 0.1407 - val_acc: 0.9600
Epoch 13/30

 100/1297 [=>............................] - ETA: 0s - loss: 0.0030 - acc: 1.0000
1297/1297 [==============================] - 0s 17us/step - loss: 0.0031 - acc: 0.9992 - val_loss: 0.1386 - val_acc: 0.9600
Epoch 14/30

 100/1297 [=>............................] - ETA: 0s - loss: 6.0596e-04 - acc: 1.0000
1297/1297 [==============================] - 0s 18us/step - loss: 0.0029 - acc: 0.9992 - val_loss: 0.1303 - val_acc: 0.9600
Epoch 15/30

 100/1297 [=>............................] - ETA: 0s - loss: 0.0013 - acc: 1.0000
1297/1297 [==============================] - 0s 18us/step - loss: 0.0042 - acc: 0.9992 - val_loss: 0.1319 - val_acc: 0.9600
Epoch 16/30

 100/1297 [=>............................] - ETA: 0s - loss: 7.8299e-04 - acc: 1.0000
1297/1297 [==============================] - 0s 18us/step - loss: 0.0038 - acc: 0.9992 - val_loss: 0.1266 - val_acc: 0.9600
Epoch 17/30

 100/1297 [=>............................] - ETA: 0s - loss: 0.0016 - acc: 1.0000
1297/1297 [==============================] - 0s 17us/step - loss: 0.0036 - acc: 0.9992 - val_loss: 0.1268 - val_acc: 0.9631
Epoch 18/30

 100/1297 [=>............................] - ETA: 0s - loss: 5.9762e-04 - acc: 1.0000
1297/1297 [==============================] - 0s 18us/step - loss: 0.0031 - acc: 0.9992 - val_loss: 0.1278 - val_acc: 0.9600
Epoch 19/30

 100/1297 [=>............................] - ETA: 0s - loss: 9.2404e-04 - acc: 1.0000
1297/1297 [==============================] - 0s 19us/step - loss: 0.0028 - acc: 0.9992 - val_loss: 0.1282 - val_acc: 0.9600
acc: 96.62%
Train on 1297 samples, validate on 325 samples
Epoch 1/30

 100/1297 [=>............................] - ETA: 7s - loss: 0.6937 - acc: 0.4700
1297/1297 [==============================] - 1s 520us/step - loss: 0.3030 - acc: 0.8867 - val_loss: 0.1010 - val_acc: 0.9692
Epoch 2/30

 100/1297 [=>............................] - ETA: 0s - loss: 0.0409 - acc: 0.9900
1297/1297 [==============================] - 0s 19us/step - loss: 0.0654 - acc: 0.9792 - val_loss: 0.0845 - val_acc: 0.9723
Epoch 3/30

 100/1297 [=>............................] - ETA: 0s - loss: 0.0523 - acc: 0.9900
1297/1297 [==============================] - 0s 17us/step - loss: 0.0358 - acc: 0.9938 - val_loss: 0.0736 - val_acc: 0.9723
Epoch 4/30

 100/1297 [=>............................] - ETA: 0s - loss: 0.0109 - acc: 1.0000
1297/1297 [==============================] - 0s 18us/step - loss: 0.0251 - acc: 0.9946 - val_loss: 0.0752 - val_acc: 0.9723
Epoch 5/30

 100/1297 [=>............................] - ETA: 0s - loss: 0.0071 - acc: 1.0000
1297/1297 [==============================] - 0s 19us/step - loss: 0.0189 - acc: 0.9954 - val_loss: 0.0812 - val_acc: 0.9754
Epoch 6/30

 100/1297 [=>............................] - ETA: 0s - loss: 0.0075 - acc: 1.0000
1297/1297 [==============================] - 0s 17us/step - loss: 0.0159 - acc: 0.9961 - val_loss: 0.0818 - val_acc: 0.9723
Epoch 7/30

 100/1297 [=>............................] - ETA: 0s - loss: 0.0040 - acc: 1.0000
1297/1297 [==============================] - 0s 20us/step - loss: 0.0122 - acc: 0.9969 - val_loss: 0.0802 - val_acc: 0.9723
Epoch 8/30

 100/1297 [=>............................] - ETA: 0s - loss: 0.0028 - acc: 1.0000
1297/1297 [==============================] - 0s 18us/step - loss: 0.0097 - acc: 0.9977 - val_loss: 0.0803 - val_acc: 0.9723
Epoch 9/30

 100/1297 [=>............................] - ETA: 0s - loss: 0.0041 - acc: 1.0000
1297/1297 [==============================] - 0s 18us/step - loss: 0.0086 - acc: 0.9977 - val_loss: 0.0773 - val_acc: 0.9723
Epoch 10/30

 100/1297 [=>............................] - ETA: 0s - loss: 0.0098 - acc: 0.9900
1297/1297 [==============================] - 0s 18us/step - loss: 0.0080 - acc: 0.9977 - val_loss: 0.0776 - val_acc: 0.9692
Epoch 11/30

 100/1297 [=>............................] - ETA: 0s - loss: 0.0032 - acc: 1.0000
1297/1297 [==============================] - 0s 17us/step - loss: 0.0087 - acc: 0.9977 - val_loss: 0.0796 - val_acc: 0.9662
Epoch 12/30

 100/1297 [=>............................] - ETA: 0s - loss: 0.0033 - acc: 1.0000
1297/1297 [==============================] - 0s 17us/step - loss: 0.0062 - acc: 0.9977 - val_loss: 0.0792 - val_acc: 0.9723
Epoch 13/30

 100/1297 [=>............................] - ETA: 0s - loss: 0.0218 - acc: 0.9900
1297/1297 [==============================] - 0s 19us/step - loss: 0.0048 - acc: 0.9985 - val_loss: 0.0815 - val_acc: 0.9692
Epoch 14/30

 100/1297 [=>............................] - ETA: 0s - loss: 0.0017 - acc: 1.0000
1297/1297 [==============================] - 0s 17us/step - loss: 0.0048 - acc: 0.9985 - val_loss: 0.0806 - val_acc: 0.9723
Epoch 15/30

 100/1297 [=>............................] - ETA: 0s - loss: 8.9757e-04 - acc: 1.0000
1297/1297 [==============================] - 0s 17us/step - loss: 0.0043 - acc: 0.9985 - val_loss: 0.0795 - val_acc: 0.9723
Epoch 16/30

 100/1297 [=>............................] - ETA: 0s - loss: 0.0017 - acc: 1.0000
1297/1297 [==============================] - 0s 18us/step - loss: 0.0039 - acc: 0.9985 - val_loss: 0.0806 - val_acc: 0.9692
Epoch 17/30

 100/1297 [=>............................] - ETA: 0s - loss: 0.0011 - acc: 1.0000
1297/1297 [==============================] - 0s 18us/step - loss: 0.0036 - acc: 0.9985 - val_loss: 0.0769 - val_acc: 0.9723
Epoch 18/30

 100/1297 [=>............................] - ETA: 0s - loss: 0.0013 - acc: 1.0000
1297/1297 [==============================] - 0s 17us/step - loss: 0.0035 - acc: 0.9992 - val_loss: 0.0746 - val_acc: 0.9723
Epoch 19/30

 100/1297 [=>............................] - ETA: 0s - loss: 0.0066 - acc: 1.0000
1297/1297 [==============================] - 0s 17us/step - loss: 0.0033 - acc: 0.9992 - val_loss: 0.0785 - val_acc: 0.9723
Epoch 20/30

 100/1297 [=>............................] - ETA: 0s - loss: 0.0025 - acc: 1.0000
1297/1297 [==============================] - 0s 18us/step - loss: 0.0035 - acc: 0.9992 - val_loss: 0.0809 - val_acc: 0.9692
Epoch 21/30

 100/1297 [=>............................] - ETA: 0s - loss: 0.0051 - acc: 1.0000
1297/1297 [==============================] - 0s 17us/step - loss: 0.0033 - acc: 0.9992 - val_loss: 0.0921 - val_acc: 0.9692
acc: 97.54%
Train on 1298 samples, validate on 324 samples
Epoch 1/30

 100/1298 [=>............................] - ETA: 8s - loss: 0.6821 - acc: 0.5100
1298/1298 [==============================] - 1s 649us/step - loss: 0.2766 - acc: 0.8914 - val_loss: 0.1223 - val_acc: 0.9660
Epoch 2/30

 100/1298 [=>............................] - ETA: 0s - loss: 0.0727 - acc: 0.9800
1298/1298 [==============================] - 0s 20us/step - loss: 0.0614 - acc: 0.9777 - val_loss: 0.1115 - val_acc: 0.9722
Epoch 3/30

 100/1298 [=>............................] - ETA: 0s - loss: 0.0129 - acc: 1.0000
1298/1298 [==============================] - 0s 18us/step - loss: 0.0307 - acc: 0.9938 - val_loss: 0.1148 - val_acc: 0.9660
Epoch 4/30

 100/1298 [=>............................] - ETA: 0s - loss: 0.0092 - acc: 1.0000
1298/1298 [==============================] - 0s 18us/step - loss: 0.0176 - acc: 0.9954 - val_loss: 0.1310 - val_acc: 0.9660
Epoch 5/30

 100/1298 [=>............................] - ETA: 0s - loss: 0.0077 - acc: 1.0000
1298/1298 [==============================] - 0s 18us/step - loss: 0.0114 - acc: 0.9977 - val_loss: 0.1225 - val_acc: 0.9630
Epoch 6/30

 100/1298 [=>............................] - ETA: 0s - loss: 0.0051 - acc: 1.0000
1298/1298 [==============================] - 0s 18us/step - loss: 0.0096 - acc: 0.9977 - val_loss: 0.1220 - val_acc: 0.9722
Epoch 7/30

 100/1298 [=>............................] - ETA: 0s - loss: 0.0039 - acc: 1.0000
1298/1298 [==============================] - 0s 18us/step - loss: 0.0070 - acc: 0.9985 - val_loss: 0.1209 - val_acc: 0.9722
Epoch 8/30

 100/1298 [=>............................] - ETA: 0s - loss: 0.0025 - acc: 1.0000
1298/1298 [==============================] - 0s 18us/step - loss: 0.0066 - acc: 0.9985 - val_loss: 0.1255 - val_acc: 0.9691
Epoch 9/30

 100/1298 [=>............................] - ETA: 0s - loss: 0.0058 - acc: 1.0000
1298/1298 [==============================] - 0s 17us/step - loss: 0.0043 - acc: 0.9985 - val_loss: 0.1232 - val_acc: 0.9722
Epoch 10/30

 100/1298 [=>............................] - ETA: 0s - loss: 0.0022 - acc: 1.0000
1298/1298 [==============================] - 0s 17us/step - loss: 0.0039 - acc: 0.9985 - val_loss: 0.1273 - val_acc: 0.9722
Epoch 11/30

 100/1298 [=>............................] - ETA: 0s - loss: 0.0011 - acc: 1.0000
1298/1298 [==============================] - 0s 18us/step - loss: 0.0029 - acc: 0.9992 - val_loss: 0.1281 - val_acc: 0.9722
Epoch 12/30

 100/1298 [=>............................] - ETA: 0s - loss: 0.0128 - acc: 0.9900
1298/1298 [==============================] - 0s 17us/step - loss: 0.0026 - acc: 0.9992 - val_loss: 0.1278 - val_acc: 0.9722
Epoch 13/30

 100/1298 [=>............................] - ETA: 0s - loss: 0.0064 - acc: 1.0000
1298/1298 [==============================] - 0s 17us/step - loss: 0.0027 - acc: 0.9992 - val_loss: 0.1293 - val_acc: 0.9722
Epoch 14/30

 100/1298 [=>............................] - ETA: 0s - loss: 7.0540e-04 - acc: 1.0000
1298/1298 [==============================] - 0s 18us/step - loss: 0.0023 - acc: 0.9992 - val_loss: 0.1304 - val_acc: 0.9753
Epoch 15/30

 100/1298 [=>............................] - ETA: 0s - loss: 9.1730e-04 - acc: 1.0000
1298/1298 [==============================] - 0s 18us/step - loss: 0.0021 - acc: 0.9992 - val_loss: 0.1305 - val_acc: 0.9753
Epoch 16/30

 100/1298 [=>............................] - ETA: 0s - loss: 0.0097 - acc: 0.9900
1298/1298 [==============================] - 0s 17us/step - loss: 0.0020 - acc: 0.9992 - val_loss: 0.1307 - val_acc: 0.9753
Epoch 17/30

 100/1298 [=>............................] - ETA: 0s - loss: 0.0067 - acc: 1.0000
1298/1298 [==============================] - 0s 17us/step - loss: 0.0017 - acc: 1.0000 - val_loss: 0.1331 - val_acc: 0.9753
Epoch 18/30

 100/1298 [=>............................] - ETA: 0s - loss: 5.4203e-04 - acc: 1.0000
1298/1298 [==============================] - 0s 18us/step - loss: 0.0016 - acc: 1.0000 - val_loss: 0.1349 - val_acc: 0.9753
Epoch 19/30

 100/1298 [=>............................] - ETA: 0s - loss: 4.3754e-04 - acc: 1.0000
1298/1298 [==============================] - 0s 18us/step - loss: 0.0015 - acc: 1.0000 - val_loss: 0.1360 - val_acc: 0.9753
Epoch 20/30

 100/1298 [=>............................] - ETA: 0s - loss: 0.0022 - acc: 1.0000
1298/1298 [==============================] - 0s 17us/step - loss: 0.0014 - acc: 1.0000 - val_loss: 0.1370 - val_acc: 0.9753
Epoch 21/30

 100/1298 [=>............................] - ETA: 0s - loss: 2.8848e-04 - acc: 1.0000
1298/1298 [==============================] - 0s 18us/step - loss: 0.0013 - acc: 1.0000 - val_loss: 0.1381 - val_acc: 0.9753
Epoch 22/30

 100/1298 [=>............................] - ETA: 0s - loss: 0.0023 - acc: 1.0000
1298/1298 [==============================] - 0s 18us/step - loss: 0.0012 - acc: 1.0000 - val_loss: 0.1388 - val_acc: 0.9753
Epoch 23/30

 100/1298 [=>............................] - ETA: 0s - loss: 2.9456e-04 - acc: 1.0000
1298/1298 [==============================] - 0s 17us/step - loss: 0.0011 - acc: 1.0000 - val_loss: 0.1398 - val_acc: 0.9753
Epoch 24/30

 100/1298 [=>............................] - ETA: 0s - loss: 2.1886e-04 - acc: 1.0000
1298/1298 [==============================] - 0s 17us/step - loss: 0.0011 - acc: 1.0000 - val_loss: 0.1385 - val_acc: 0.9753
Epoch 25/30

 100/1298 [=>............................] - ETA: 0s - loss: 2.0027e-04 - acc: 1.0000
1298/1298 [==============================] - 0s 17us/step - loss: 0.0010 - acc: 1.0000 - val_loss: 0.1395 - val_acc: 0.9753
Epoch 26/30

 100/1298 [=>............................] - ETA: 0s - loss: 0.0023 - acc: 1.0000
1298/1298 [==============================] - 0s 17us/step - loss: 9.6813e-04 - acc: 1.0000 - val_loss: 0.1405 - val_acc: 0.9753
Epoch 27/30

 100/1298 [=>............................] - ETA: 0s - loss: 2.5179e-04 - acc: 1.0000
1298/1298 [==============================] - 0s 18us/step - loss: 9.1054e-04 - acc: 1.0000 - val_loss: 0.1410 - val_acc: 0.9753
Epoch 28/30

 100/1298 [=>............................] - ETA: 0s - loss: 0.0013 - acc: 1.0000
1298/1298 [==============================] - 0s 18us/step - loss: 8.6113e-04 - acc: 1.0000 - val_loss: 0.1411 - val_acc: 0.9753
Epoch 29/30

 100/1298 [=>............................] - ETA: 0s - loss: 8.8837e-04 - acc: 1.0000
1298/1298 [==============================] - 0s 18us/step - loss: 8.2012e-04 - acc: 1.0000 - val_loss: 0.1412 - val_acc: 0.9753
Epoch 30/30

 100/1298 [=>............................] - ETA: 0s - loss: 2.0149e-04 - acc: 1.0000
1298/1298 [==============================] - 0s 18us/step - loss: 7.9478e-04 - acc: 1.0000 - val_loss: 0.1416 - val_acc: 0.9753
acc: 97.53%
Train on 1299 samples, validate on 323 samples
Epoch 1/30

 100/1299 [=>............................] - ETA: 9s - loss: 0.6893 - acc: 0.5300
1299/1299 [==============================] - 1s 688us/step - loss: 0.2893 - acc: 0.8791 - val_loss: 0.0729 - val_acc: 0.9783
Epoch 2/30

 100/1299 [=>............................] - ETA: 0s - loss: 0.0457 - acc: 0.9900
1299/1299 [==============================] - 0s 20us/step - loss: 0.0592 - acc: 0.9815 - val_loss: 0.0554 - val_acc: 0.9814
Epoch 3/30

 100/1299 [=>............................] - ETA: 0s - loss: 0.0533 - acc: 0.9900
1299/1299 [==============================] - 0s 17us/step - loss: 0.0335 - acc: 0.9908 - val_loss: 0.0518 - val_acc: 0.9907
Epoch 4/30

 100/1299 [=>............................] - ETA: 0s - loss: 0.0306 - acc: 0.9900
1299/1299 [==============================] - 0s 17us/step - loss: 0.0209 - acc: 0.9954 - val_loss: 0.0631 - val_acc: 0.9845
Epoch 5/30

 100/1299 [=>............................] - ETA: 0s - loss: 0.0505 - acc: 0.9800
1299/1299 [==============================] - 0s 17us/step - loss: 0.0162 - acc: 0.9962 - val_loss: 0.0557 - val_acc: 0.9845
Epoch 6/30

 100/1299 [=>............................] - ETA: 0s - loss: 0.0043 - acc: 1.0000
1299/1299 [==============================] - 0s 18us/step - loss: 0.0137 - acc: 0.9962 - val_loss: 0.0533 - val_acc: 0.9845
Epoch 7/30

 100/1299 [=>............................] - ETA: 0s - loss: 0.0029 - acc: 1.0000
1299/1299 [==============================] - 0s 19us/step - loss: 0.0098 - acc: 0.9977 - val_loss: 0.0616 - val_acc: 0.9845
Epoch 8/30

 100/1299 [=>............................] - ETA: 0s - loss: 0.0096 - acc: 1.0000
1299/1299 [==============================] - 0s 17us/step - loss: 0.0077 - acc: 0.9985 - val_loss: 0.0619 - val_acc: 0.9876
Epoch 9/30

 100/1299 [=>............................] - ETA: 0s - loss: 0.0064 - acc: 1.0000
1299/1299 [==============================] - 0s 18us/step - loss: 0.0075 - acc: 0.9977 - val_loss: 0.0593 - val_acc: 0.9876
Epoch 10/30

 100/1299 [=>............................] - ETA: 0s - loss: 0.0121 - acc: 0.9900
1299/1299 [==============================] - 0s 19us/step - loss: 0.0066 - acc: 0.9977 - val_loss: 0.0597 - val_acc: 0.9845
Epoch 11/30

 100/1299 [=>............................] - ETA: 0s - loss: 0.0028 - acc: 1.0000
1299/1299 [==============================] - 0s 17us/step - loss: 0.0058 - acc: 0.9977 - val_loss: 0.0589 - val_acc: 0.9845
Epoch 12/30

 100/1299 [=>............................] - ETA: 0s - loss: 8.6598e-04 - acc: 1.0000
1299/1299 [==============================] - 0s 17us/step - loss: 0.0052 - acc: 0.9985 - val_loss: 0.0607 - val_acc: 0.9845
Epoch 13/30

 100/1299 [=>............................] - ETA: 0s - loss: 0.0018 - acc: 1.0000
1299/1299 [==============================] - 0s 19us/step - loss: 0.0047 - acc: 0.9992 - val_loss: 0.0601 - val_acc: 0.9845
Epoch 14/30

 100/1299 [=>............................] - ETA: 0s - loss: 0.0039 - acc: 1.0000
1299/1299 [==============================] - 0s 17us/step - loss: 0.0044 - acc: 0.9992 - val_loss: 0.0601 - val_acc: 0.9845
Epoch 15/30

 100/1299 [=>............................] - ETA: 0s - loss: 4.1944e-04 - acc: 1.0000
1299/1299 [==============================] - 0s 17us/step - loss: 0.0039 - acc: 0.9992 - val_loss: 0.0597 - val_acc: 0.9845
Epoch 16/30

 100/1299 [=>............................] - ETA: 0s - loss: 8.5802e-04 - acc: 1.0000
1299/1299 [==============================] - 0s 18us/step - loss: 0.0042 - acc: 0.9985 - val_loss: 0.0621 - val_acc: 0.9845
Epoch 17/30

 100/1299 [=>............................] - ETA: 0s - loss: 0.0013 - acc: 1.0000
1299/1299 [==============================] - 0s 18us/step - loss: 0.0045 - acc: 0.9992 - val_loss: 0.0726 - val_acc: 0.9845
Epoch 18/30

 100/1299 [=>............................] - ETA: 0s - loss: 0.0065 - acc: 1.0000
1299/1299 [==============================] - 0s 17us/step - loss: 0.0048 - acc: 0.9992 - val_loss: 0.0776 - val_acc: 0.9814
Epoch 19/30

 100/1299 [=>............................] - ETA: 0s - loss: 0.0201 - acc: 0.9900
1299/1299 [==============================] - 0s 18us/step - loss: 0.0044 - acc: 0.9985 - val_loss: 0.0709 - val_acc: 0.9814
acc: 99.07%
Accuracy: 97.29% (+/- 1.12%)
