Train on 1574 samples, validate on 48 samples
Epoch 1/30

  50/1574 [..............................] - ETA: 25s - loss: 0.7087 - acc: 0.5200
1000/1574 [==================>...........] - ETA: 0s - loss: 0.3506 - acc: 0.8820 
1574/1574 [==============================] - 1s 649us/step - loss: 0.2678 - acc: 0.9123 - val_loss: 0.0698 - val_acc: 1.0000
Epoch 2/30

  50/1574 [..............................] - ETA: 0s - loss: 0.0430 - acc: 1.0000
 850/1574 [===============>..............] - ETA: 0s - loss: 0.0727 - acc: 0.9788
1574/1574 [==============================] - 0s 67us/step - loss: 0.0615 - acc: 0.9816 - val_loss: 0.0429 - val_acc: 1.0000
Epoch 3/30

  50/1574 [..............................] - ETA: 0s - loss: 0.0140 - acc: 1.0000
 750/1574 [=============>................] - ETA: 0s - loss: 0.0215 - acc: 1.0000
1550/1574 [============================>.] - ETA: 0s - loss: 0.0267 - acc: 0.9961
1574/1574 [==============================] - 0s 69us/step - loss: 0.0296 - acc: 0.9949 - val_loss: 0.0401 - val_acc: 1.0000
Epoch 4/30

  50/1574 [..............................] - ETA: 0s - loss: 0.0180 - acc: 1.0000
 850/1574 [===============>..............] - ETA: 0s - loss: 0.0205 - acc: 0.9965
1574/1574 [==============================] - 0s 63us/step - loss: 0.0176 - acc: 0.9975 - val_loss: 0.0455 - val_acc: 1.0000
Epoch 5/30

  50/1574 [..............................] - ETA: 0s - loss: 0.0083 - acc: 1.0000
 850/1574 [===============>..............] - ETA: 0s - loss: 0.0145 - acc: 0.9965
1574/1574 [==============================] - 0s 65us/step - loss: 0.0125 - acc: 0.9975 - val_loss: 0.0243 - val_acc: 1.0000
Epoch 6/30

  50/1574 [..............................] - ETA: 0s - loss: 0.0099 - acc: 1.0000
 850/1574 [===============>..............] - ETA: 0s - loss: 0.0100 - acc: 0.9988
1574/1574 [==============================] - 0s 64us/step - loss: 0.0082 - acc: 0.9994 - val_loss: 0.0220 - val_acc: 1.0000
acc: 100.00%
Train on 1574 samples, validate on 48 samples
Epoch 1/30

  50/1574 [..............................] - ETA: 19s - loss: 0.6879 - acc: 0.5400
1500/1574 [===========================>..] - ETA: 0s - loss: 0.3112 - acc: 0.8867 
1574/1574 [==============================] - 1s 487us/step - loss: 0.3015 - acc: 0.8907 - val_loss: 0.1225 - val_acc: 0.9583
Epoch 2/30

  50/1574 [..............................] - ETA: 0s - loss: 0.0982 - acc: 0.9800
1350/1574 [========================>.....] - ETA: 0s - loss: 0.0758 - acc: 0.9807
1574/1574 [==============================] - 0s 40us/step - loss: 0.0710 - acc: 0.9816 - val_loss: 0.0846 - val_acc: 0.9792
Epoch 3/30

  50/1574 [..............................] - ETA: 0s - loss: 0.0173 - acc: 1.0000
1400/1574 [=========================>....] - ETA: 0s - loss: 0.0383 - acc: 0.9921
1574/1574 [==============================] - 0s 38us/step - loss: 0.0386 - acc: 0.9924 - val_loss: 0.0702 - val_acc: 0.9792
Epoch 4/30

  50/1574 [..............................] - ETA: 0s - loss: 0.0186 - acc: 1.0000
1550/1574 [============================>.] - ETA: 0s - loss: 0.0218 - acc: 0.9961
1574/1574 [==============================] - 0s 35us/step - loss: 0.0216 - acc: 0.9962 - val_loss: 0.0516 - val_acc: 0.9792
Epoch 5/30

  50/1574 [..............................] - ETA: 0s - loss: 0.0114 - acc: 1.0000
1500/1574 [===========================>..] - ETA: 0s - loss: 0.0127 - acc: 0.9980
1574/1574 [==============================] - 0s 36us/step - loss: 0.0125 - acc: 0.9981 - val_loss: 0.0496 - val_acc: 0.9792
Epoch 6/30

  50/1574 [..............................] - ETA: 0s - loss: 0.0055 - acc: 1.0000
1550/1574 [============================>.] - ETA: 0s - loss: 0.0083 - acc: 0.9981
1574/1574 [==============================] - 0s 35us/step - loss: 0.0083 - acc: 0.9981 - val_loss: 0.0533 - val_acc: 0.9792
Epoch 7/30

  50/1574 [..............................] - ETA: 0s - loss: 0.0064 - acc: 1.0000
1500/1574 [===========================>..] - ETA: 0s - loss: 0.0075 - acc: 0.9987
1574/1574 [==============================] - 0s 36us/step - loss: 0.0074 - acc: 0.9987 - val_loss: 0.0472 - val_acc: 0.9792
acc: 97.92%
Train on 1574 samples, validate on 48 samples
Epoch 1/30

  50/1574 [..............................] - ETA: 22s - loss: 0.6787 - acc: 0.6200
 900/1574 [================>.............] - ETA: 0s - loss: 0.3681 - acc: 0.8722 
1574/1574 [==============================] - 1s 574us/step - loss: 0.2610 - acc: 0.9136 - val_loss: 0.2616 - val_acc: 0.9167
Epoch 2/30

  50/1574 [..............................] - ETA: 0s - loss: 0.0684 - acc: 0.9600
1500/1574 [===========================>..] - ETA: 0s - loss: 0.0644 - acc: 0.9833
1574/1574 [==============================] - 0s 36us/step - loss: 0.0637 - acc: 0.9835 - val_loss: 0.2774 - val_acc: 0.9167
Epoch 3/30

  50/1574 [..............................] - ETA: 0s - loss: 0.0135 - acc: 1.0000
1500/1574 [===========================>..] - ETA: 0s - loss: 0.0329 - acc: 0.9953
1574/1574 [==============================] - 0s 36us/step - loss: 0.0329 - acc: 0.9949 - val_loss: 0.2737 - val_acc: 0.9167
Epoch 4/30

  50/1574 [..............................] - ETA: 0s - loss: 0.0170 - acc: 1.0000
1574/1574 [==============================] - 0s 34us/step - loss: 0.0189 - acc: 0.9968 - val_loss: 0.3141 - val_acc: 0.9167
Epoch 5/30

  50/1574 [..............................] - ETA: 0s - loss: 0.0136 - acc: 1.0000
1550/1574 [============================>.] - ETA: 0s - loss: 0.0111 - acc: 0.9987
1574/1574 [==============================] - 0s 35us/step - loss: 0.0109 - acc: 0.9987 - val_loss: 0.3353 - val_acc: 0.9167
Epoch 6/30

  50/1574 [..............................] - ETA: 0s - loss: 0.0057 - acc: 1.0000
1100/1574 [===================>..........] - ETA: 0s - loss: 0.0067 - acc: 1.0000
1574/1574 [==============================] - 0s 53us/step - loss: 0.0072 - acc: 0.9994 - val_loss: 0.3534 - val_acc: 0.9167
acc: 91.67%
Train on 1575 samples, validate on 47 samples
Epoch 1/30

  50/1575 [..............................] - ETA: 37s - loss: 0.6930 - acc: 0.4800
1000/1575 [==================>...........] - ETA: 0s - loss: 0.3667 - acc: 0.8750 
1575/1575 [==============================] - 1s 928us/step - loss: 0.2808 - acc: 0.9067 - val_loss: 0.1029 - val_acc: 0.9574
Epoch 2/30

  50/1575 [..............................] - ETA: 0s - loss: 0.0707 - acc: 1.0000
 950/1575 [=================>............] - ETA: 0s - loss: 0.0618 - acc: 0.9842
1575/1575 [==============================] - 0s 59us/step - loss: 0.0573 - acc: 0.9860 - val_loss: 0.0625 - val_acc: 0.9787
Epoch 3/30

  50/1575 [..............................] - ETA: 0s - loss: 0.0391 - acc: 0.9800
1000/1575 [==================>...........] - ETA: 0s - loss: 0.0298 - acc: 0.9960
1575/1575 [==============================] - 0s 57us/step - loss: 0.0290 - acc: 0.9956 - val_loss: 0.0433 - val_acc: 0.9787
Epoch 4/30

  50/1575 [..............................] - ETA: 0s - loss: 0.0220 - acc: 1.0000
 950/1575 [=================>............] - ETA: 0s - loss: 0.0224 - acc: 0.9947
1575/1575 [==============================] - 0s 60us/step - loss: 0.0182 - acc: 0.9968 - val_loss: 0.0471 - val_acc: 0.9787
Epoch 5/30

  50/1575 [..............................] - ETA: 0s - loss: 0.0068 - acc: 1.0000
 950/1575 [=================>............] - ETA: 0s - loss: 0.0113 - acc: 0.9979
1575/1575 [==============================] - 0s 59us/step - loss: 0.0101 - acc: 0.9981 - val_loss: 0.0399 - val_acc: 0.9787
Epoch 6/30

  50/1575 [..............................] - ETA: 0s - loss: 0.0029 - acc: 1.0000
 950/1575 [=================>............] - ETA: 0s - loss: 0.0052 - acc: 1.0000
1575/1575 [==============================] - 0s 60us/step - loss: 0.0076 - acc: 0.9987 - val_loss: 0.0395 - val_acc: 0.9787
Epoch 7/30

  50/1575 [..............................] - ETA: 0s - loss: 0.0051 - acc: 1.0000
 950/1575 [=================>............] - ETA: 0s - loss: 0.0056 - acc: 1.0000
1575/1575 [==============================] - 0s 58us/step - loss: 0.0058 - acc: 0.9994 - val_loss: 0.0344 - val_acc: 0.9787
acc: 97.87%
Train on 1575 samples, validate on 47 samples
Epoch 1/30

  50/1575 [..............................] - ETA: 45s - loss: 0.6965 - acc: 0.4400
 900/1575 [================>.............] - ETA: 1s - loss: 0.3818 - acc: 0.8478 
1575/1575 [==============================] - 2s 1ms/step - loss: 0.2774 - acc: 0.8978 - val_loss: 0.0901 - val_acc: 0.9787
Epoch 2/30

  50/1575 [..............................] - ETA: 0s - loss: 0.0515 - acc: 1.0000
 750/1575 [=============>................] - ETA: 0s - loss: 0.0633 - acc: 0.9853
1550/1575 [============================>.] - ETA: 0s - loss: 0.0604 - acc: 0.9852
1575/1575 [==============================] - 0s 75us/step - loss: 0.0596 - acc: 0.9854 - val_loss: 0.0548 - val_acc: 0.9787
Epoch 3/30

  50/1575 [..............................] - ETA: 0s - loss: 0.0167 - acc: 1.0000
 900/1575 [================>.............] - ETA: 0s - loss: 0.0275 - acc: 0.9956
1575/1575 [==============================] - 0s 67us/step - loss: 0.0303 - acc: 0.9943 - val_loss: 0.0320 - val_acc: 0.9787
Epoch 4/30

  50/1575 [..............................] - ETA: 0s - loss: 0.0167 - acc: 1.0000
 800/1575 [==============>...............] - ETA: 0s - loss: 0.0153 - acc: 0.9988
1450/1575 [==========================>...] - ETA: 0s - loss: 0.0173 - acc: 0.9979
1575/1575 [==============================] - 0s 75us/step - loss: 0.0165 - acc: 0.9981 - val_loss: 0.0161 - val_acc: 1.0000
Epoch 5/30

  50/1575 [..............................] - ETA: 0s - loss: 0.0151 - acc: 1.0000
 850/1575 [===============>..............] - ETA: 0s - loss: 0.0116 - acc: 0.9988
1575/1575 [==============================] - 0s 66us/step - loss: 0.0100 - acc: 0.9994 - val_loss: 0.0198 - val_acc: 1.0000
Epoch 6/30

  50/1575 [..............................] - ETA: 0s - loss: 0.0072 - acc: 1.0000
 850/1575 [===============>..............] - ETA: 0s - loss: 0.0066 - acc: 0.9988
1550/1575 [============================>.] - ETA: 0s - loss: 0.0066 - acc: 0.9994
1575/1575 [==============================] - 0s 71us/step - loss: 0.0066 - acc: 0.9994 - val_loss: 0.0171 - val_acc: 1.0000
Epoch 7/30

  50/1575 [..............................] - ETA: 0s - loss: 0.0049 - acc: 1.0000
 800/1575 [==============>...............] - ETA: 0s - loss: 0.0039 - acc: 1.0000
1400/1575 [=========================>....] - ETA: 0s - loss: 0.0052 - acc: 0.9993
1575/1575 [==============================] - 0s 78us/step - loss: 0.0049 - acc: 0.9994 - val_loss: 0.0170 - val_acc: 1.0000
Epoch 8/30

  50/1575 [..............................] - ETA: 0s - loss: 0.0034 - acc: 1.0000
 800/1575 [==============>...............] - ETA: 0s - loss: 0.0029 - acc: 1.0000
1550/1575 [============================>.] - ETA: 0s - loss: 0.0039 - acc: 1.0000
1575/1575 [==============================] - 0s 73us/step - loss: 0.0039 - acc: 1.0000 - val_loss: 0.0191 - val_acc: 1.0000
Epoch 9/30

  50/1575 [..............................] - ETA: 0s - loss: 0.0030 - acc: 1.0000
 750/1575 [=============>................] - ETA: 0s - loss: 0.0029 - acc: 1.0000
1575/1575 [==============================] - 0s 71us/step - loss: 0.0029 - acc: 1.0000 - val_loss: 0.0192 - val_acc: 1.0000
acc: 100.00%
Train on 1575 samples, validate on 47 samples
Epoch 1/30

  50/1575 [..............................] - ETA: 34s - loss: 0.7194 - acc: 0.4600
1350/1575 [========================>.....] - ETA: 0s - loss: 0.2906 - acc: 0.9007 
1575/1575 [==============================] - 1s 828us/step - loss: 0.2625 - acc: 0.9105 - val_loss: 0.1090 - val_acc: 0.9574
Epoch 2/30

  50/1575 [..............................] - ETA: 0s - loss: 0.1373 - acc: 0.9400
1350/1575 [========================>.....] - ETA: 0s - loss: 0.0592 - acc: 0.9837
1575/1575 [==============================] - 0s 42us/step - loss: 0.0596 - acc: 0.9841 - val_loss: 0.0860 - val_acc: 0.9574
Epoch 3/30

  50/1575 [..............................] - ETA: 0s - loss: 0.0416 - acc: 0.9800
1300/1575 [=======================>......] - ETA: 0s - loss: 0.0301 - acc: 0.9938
1575/1575 [==============================] - 0s 41us/step - loss: 0.0293 - acc: 0.9937 - val_loss: 0.0731 - val_acc: 0.9574
Epoch 4/30

  50/1575 [..............................] - ETA: 0s - loss: 0.0128 - acc: 1.0000
1350/1575 [========================>.....] - ETA: 0s - loss: 0.0180 - acc: 0.9956
1575/1575 [==============================] - 0s 41us/step - loss: 0.0168 - acc: 0.9962 - val_loss: 0.0803 - val_acc: 0.9574
Epoch 5/30

  50/1575 [..............................] - ETA: 0s - loss: 0.0060 - acc: 1.0000
1250/1575 [======================>.......] - ETA: 0s - loss: 0.0095 - acc: 0.9992
1575/1575 [==============================] - 0s 43us/step - loss: 0.0104 - acc: 0.9987 - val_loss: 0.0738 - val_acc: 0.9574
Epoch 6/30

  50/1575 [..............................] - ETA: 0s - loss: 0.0070 - acc: 1.0000
1300/1575 [=======================>......] - ETA: 0s - loss: 0.0077 - acc: 0.9985
1575/1575 [==============================] - 0s 49us/step - loss: 0.0080 - acc: 0.9987 - val_loss: 0.0756 - val_acc: 0.9787
Epoch 7/30

  50/1575 [..............................] - ETA: 0s - loss: 0.0027 - acc: 1.0000
 850/1575 [===============>..............] - ETA: 0s - loss: 0.0053 - acc: 1.0000
1350/1575 [========================>.....] - ETA: 0s - loss: 0.0064 - acc: 0.9993
1575/1575 [==============================] - 0s 79us/step - loss: 0.0059 - acc: 0.9994 - val_loss: 0.0696 - val_acc: 0.9574
Epoch 8/30

  50/1575 [..............................] - ETA: 0s - loss: 0.0084 - acc: 1.0000
 750/1575 [=============>................] - ETA: 0s - loss: 0.0047 - acc: 1.0000
1575/1575 [==============================] - 0s 69us/step - loss: 0.0055 - acc: 0.9994 - val_loss: 0.0680 - val_acc: 0.9574
Epoch 9/30

  50/1575 [..............................] - ETA: 0s - loss: 0.0020 - acc: 1.0000
 850/1575 [===============>..............] - ETA: 0s - loss: 0.0032 - acc: 1.0000
1575/1575 [==============================] - 0s 61us/step - loss: 0.0032 - acc: 1.0000 - val_loss: 0.0655 - val_acc: 0.9787
Epoch 10/30

  50/1575 [..............................] - ETA: 0s - loss: 7.1657e-04 - acc: 1.0000
1300/1575 [=======================>......] - ETA: 0s - loss: 0.0024 - acc: 1.0000    
1575/1575 [==============================] - 0s 42us/step - loss: 0.0024 - acc: 1.0000 - val_loss: 0.0652 - val_acc: 0.9787
Epoch 11/30

  50/1575 [..............................] - ETA: 0s - loss: 0.0029 - acc: 1.0000
1200/1575 [=====================>........] - ETA: 0s - loss: 0.0021 - acc: 1.0000
1575/1575 [==============================] - 0s 52us/step - loss: 0.0019 - acc: 1.0000 - val_loss: 0.0694 - val_acc: 0.9787
acc: 97.87%
Train on 1575 samples, validate on 47 samples
Epoch 1/30

  50/1575 [..............................] - ETA: 57s - loss: 0.6990 - acc: 0.4800
 900/1575 [================>.............] - ETA: 1s - loss: 0.4070 - acc: 0.8444 
1575/1575 [==============================] - 2s 1ms/step - loss: 0.2828 - acc: 0.8978 - val_loss: 0.1395 - val_acc: 0.9362
Epoch 2/30

  50/1575 [..............................] - ETA: 0s - loss: 0.1215 - acc: 0.9400
 900/1575 [================>.............] - ETA: 0s - loss: 0.0726 - acc: 0.9811
1575/1575 [==============================] - 0s 63us/step - loss: 0.0671 - acc: 0.9797 - val_loss: 0.0973 - val_acc: 0.9787
Epoch 3/30

  50/1575 [..............................] - ETA: 0s - loss: 0.0201 - acc: 1.0000
 950/1575 [=================>............] - ETA: 0s - loss: 0.0364 - acc: 0.9926
1575/1575 [==============================] - 0s 61us/step - loss: 0.0367 - acc: 0.9917 - val_loss: 0.0552 - val_acc: 1.0000
Epoch 4/30

  50/1575 [..............................] - ETA: 0s - loss: 0.0134 - acc: 1.0000
 950/1575 [=================>............] - ETA: 0s - loss: 0.0202 - acc: 0.9968
1575/1575 [==============================] - 0s 59us/step - loss: 0.0188 - acc: 0.9968 - val_loss: 0.0456 - val_acc: 1.0000
Epoch 5/30

  50/1575 [..............................] - ETA: 0s - loss: 0.0159 - acc: 1.0000
 900/1575 [================>.............] - ETA: 0s - loss: 0.0111 - acc: 0.9989
1575/1575 [==============================] - 0s 63us/step - loss: 0.0122 - acc: 0.9981 - val_loss: 0.0382 - val_acc: 1.0000
Epoch 6/30

  50/1575 [..............................] - ETA: 0s - loss: 0.0088 - acc: 1.0000
 950/1575 [=================>............] - ETA: 0s - loss: 0.0075 - acc: 1.0000
1575/1575 [==============================] - 0s 60us/step - loss: 0.0081 - acc: 0.9987 - val_loss: 0.0403 - val_acc: 1.0000
Epoch 7/30

  50/1575 [..............................] - ETA: 0s - loss: 0.0029 - acc: 1.0000
 900/1575 [================>.............] - ETA: 0s - loss: 0.0048 - acc: 1.0000
1575/1575 [==============================] - 0s 64us/step - loss: 0.0052 - acc: 1.0000 - val_loss: 0.0313 - val_acc: 1.0000
Epoch 8/30

  50/1575 [..............................] - ETA: 0s - loss: 0.0024 - acc: 1.0000
 700/1575 [============>.................] - ETA: 0s - loss: 0.0046 - acc: 1.0000
1350/1575 [========================>.....] - ETA: 0s - loss: 0.0039 - acc: 1.0000
1575/1575 [==============================] - 0s 85us/step - loss: 0.0036 - acc: 1.0000 - val_loss: 0.0293 - val_acc: 1.0000
acc: 100.00%
Train on 1575 samples, validate on 47 samples
Epoch 1/30

  50/1575 [..............................] - ETA: 55s - loss: 0.7235 - acc: 0.3400
1250/1575 [======================>.......] - ETA: 0s - loss: 0.3269 - acc: 0.8736 
1575/1575 [==============================] - 2s 1ms/step - loss: 0.2824 - acc: 0.8914 - val_loss: 0.1165 - val_acc: 0.9362
Epoch 2/30

  50/1575 [..............................] - ETA: 0s - loss: 0.0788 - acc: 0.9600
1400/1575 [=========================>....] - ETA: 0s - loss: 0.0647 - acc: 0.9850
1575/1575 [==============================] - 0s 38us/step - loss: 0.0643 - acc: 0.9854 - val_loss: 0.0973 - val_acc: 0.9574
Epoch 3/30

  50/1575 [..............................] - ETA: 0s - loss: 0.0236 - acc: 1.0000
1400/1575 [=========================>....] - ETA: 0s - loss: 0.0344 - acc: 0.9943
1575/1575 [==============================] - 0s 39us/step - loss: 0.0326 - acc: 0.9949 - val_loss: 0.0597 - val_acc: 0.9787
Epoch 4/30

  50/1575 [..............................] - ETA: 0s - loss: 0.0145 - acc: 1.0000
1450/1575 [==========================>...] - ETA: 0s - loss: 0.0205 - acc: 0.9972
1575/1575 [==============================] - 0s 38us/step - loss: 0.0196 - acc: 0.9975 - val_loss: 0.0660 - val_acc: 0.9574
Epoch 5/30

  50/1575 [..............................] - ETA: 0s - loss: 0.0255 - acc: 0.9800
1500/1575 [===========================>..] - ETA: 0s - loss: 0.0149 - acc: 0.9967
1575/1575 [==============================] - 0s 37us/step - loss: 0.0146 - acc: 0.9968 - val_loss: 0.0553 - val_acc: 0.9787
Epoch 6/30

  50/1575 [..............................] - ETA: 0s - loss: 0.0052 - acc: 1.0000
1400/1575 [=========================>....] - ETA: 0s - loss: 0.0110 - acc: 0.9979
1575/1575 [==============================] - 0s 38us/step - loss: 0.0106 - acc: 0.9981 - val_loss: 0.0722 - val_acc: 0.9574
Epoch 7/30

  50/1575 [..............................] - ETA: 0s - loss: 0.0056 - acc: 1.0000
1400/1575 [=========================>....] - ETA: 0s - loss: 0.0084 - acc: 0.9979
1575/1575 [==============================] - 0s 38us/step - loss: 0.0081 - acc: 0.9981 - val_loss: 0.0524 - val_acc: 0.9787
Epoch 8/30

  50/1575 [..............................] - ETA: 0s - loss: 0.0027 - acc: 1.0000
1450/1575 [==========================>...] - ETA: 0s - loss: 0.0058 - acc: 0.9986
1575/1575 [==============================] - 0s 44us/step - loss: 0.0057 - acc: 0.9987 - val_loss: 0.0580 - val_acc: 0.9787
acc: 97.87%
Train on 1575 samples, validate on 47 samples
Epoch 1/30

  50/1575 [..............................] - ETA: 44s - loss: 0.7220 - acc: 0.3800
1350/1575 [========================>.....] - ETA: 0s - loss: 0.3162 - acc: 0.8837 
1575/1575 [==============================] - 2s 1ms/step - loss: 0.2837 - acc: 0.8965 - val_loss: 0.0675 - val_acc: 1.0000
Epoch 2/30

  50/1575 [..............................] - ETA: 0s - loss: 0.0594 - acc: 0.9800
 900/1575 [================>.............] - ETA: 0s - loss: 0.0663 - acc: 0.9789
1575/1575 [==============================] - 0s 61us/step - loss: 0.0624 - acc: 0.9822 - val_loss: 0.0688 - val_acc: 0.9574
Epoch 3/30

  50/1575 [..............................] - ETA: 0s - loss: 0.0180 - acc: 1.0000
 950/1575 [=================>............] - ETA: 0s - loss: 0.0294 - acc: 0.9947
1575/1575 [==============================] - 0s 59us/step - loss: 0.0319 - acc: 0.9930 - val_loss: 0.0491 - val_acc: 0.9574
Epoch 4/30

  50/1575 [..............................] - ETA: 0s - loss: 0.0286 - acc: 0.9800
 900/1575 [================>.............] - ETA: 0s - loss: 0.0181 - acc: 0.9989
1575/1575 [==============================] - 0s 62us/step - loss: 0.0195 - acc: 0.9975 - val_loss: 0.0496 - val_acc: 0.9787
Epoch 5/30

  50/1575 [..............................] - ETA: 0s - loss: 0.0119 - acc: 1.0000
 950/1575 [=================>............] - ETA: 0s - loss: 0.0102 - acc: 1.0000
1575/1575 [==============================] - 0s 59us/step - loss: 0.0128 - acc: 0.9987 - val_loss: 0.0570 - val_acc: 0.9574
Epoch 6/30

  50/1575 [..............................] - ETA: 0s - loss: 0.0049 - acc: 1.0000
1000/1575 [==================>...........] - ETA: 0s - loss: 0.0086 - acc: 0.9980
1575/1575 [==============================] - 0s 56us/step - loss: 0.0084 - acc: 0.9981 - val_loss: 0.0293 - val_acc: 1.0000
acc: 100.00%
Train on 1576 samples, validate on 46 samples
Epoch 1/30

  50/1576 [..............................] - ETA: 1:11 - loss: 0.7090 - acc: 0.5400
 950/1576 [=================>............] - ETA: 1s - loss: 0.3689 - acc: 0.8705  
1576/1576 [==============================] - 3s 2ms/step - loss: 0.2718 - acc: 0.9105 - val_loss: 0.0918 - val_acc: 0.9783
Epoch 2/30

  50/1576 [..............................] - ETA: 0s - loss: 0.0681 - acc: 0.9800
 900/1576 [================>.............] - ETA: 0s - loss: 0.0702 - acc: 0.9822
1576/1576 [==============================] - 0s 61us/step - loss: 0.0660 - acc: 0.9829 - val_loss: 0.0645 - val_acc: 0.9783
Epoch 3/30

  50/1576 [..............................] - ETA: 0s - loss: 0.0485 - acc: 1.0000
 900/1576 [================>.............] - ETA: 0s - loss: 0.0338 - acc: 0.9933
1576/1576 [==============================] - 0s 63us/step - loss: 0.0383 - acc: 0.9911 - val_loss: 0.0569 - val_acc: 0.9783
Epoch 4/30

  50/1576 [..............................] - ETA: 0s - loss: 0.0750 - acc: 0.9800
 850/1576 [===============>..............] - ETA: 0s - loss: 0.0263 - acc: 0.9965
1576/1576 [==============================] - 0s 64us/step - loss: 0.0220 - acc: 0.9968 - val_loss: 0.0683 - val_acc: 0.9783
Epoch 5/30

  50/1576 [..............................] - ETA: 0s - loss: 0.0189 - acc: 1.0000
 850/1576 [===============>..............] - ETA: 0s - loss: 0.0110 - acc: 0.9988
1576/1576 [==============================] - 0s 64us/step - loss: 0.0139 - acc: 0.9981 - val_loss: 0.0637 - val_acc: 0.9783
Epoch 6/30

  50/1576 [..............................] - ETA: 0s - loss: 0.0052 - acc: 1.0000
 900/1576 [================>.............] - ETA: 0s - loss: 0.0091 - acc: 0.9989
1576/1576 [==============================] - 0s 63us/step - loss: 0.0101 - acc: 0.9981 - val_loss: 0.0709 - val_acc: 0.9783
acc: 97.83%
Train on 1576 samples, validate on 46 samples
Epoch 1/30

  50/1576 [..............................] - ETA: 53s - loss: 0.6834 - acc: 0.5400
 700/1576 [============>.................] - ETA: 2s - loss: 0.4539 - acc: 0.8043 
1576/1576 [==============================] - 2s 1ms/step - loss: 0.2844 - acc: 0.8934 - val_loss: 0.1778 - val_acc: 0.9348
Epoch 2/30

  50/1576 [..............................] - ETA: 0s - loss: 0.0544 - acc: 1.0000
1200/1576 [=====================>........] - ETA: 0s - loss: 0.0641 - acc: 0.9867
1576/1576 [==============================] - 0s 48us/step - loss: 0.0652 - acc: 0.9841 - val_loss: 0.1998 - val_acc: 0.9565
Epoch 3/30

  50/1576 [..............................] - ETA: 0s - loss: 0.0264 - acc: 1.0000
1100/1576 [===================>..........] - ETA: 0s - loss: 0.0309 - acc: 0.9945
1576/1576 [==============================] - 0s 48us/step - loss: 0.0328 - acc: 0.9943 - val_loss: 0.2047 - val_acc: 0.9348
Epoch 4/30

  50/1576 [..............................] - ETA: 0s - loss: 0.0171 - acc: 1.0000
1200/1576 [=====================>........] - ETA: 0s - loss: 0.0160 - acc: 0.9992
1576/1576 [==============================] - 0s 44us/step - loss: 0.0162 - acc: 0.9987 - val_loss: 0.2149 - val_acc: 0.9565
Epoch 5/30

  50/1576 [..............................] - ETA: 0s - loss: 0.0091 - acc: 1.0000
1400/1576 [=========================>....] - ETA: 0s - loss: 0.0100 - acc: 0.9993
1576/1576 [==============================] - 0s 40us/step - loss: 0.0099 - acc: 0.9994 - val_loss: 0.2378 - val_acc: 0.9565
Epoch 6/30

  50/1576 [..............................] - ETA: 0s - loss: 0.0057 - acc: 1.0000
1400/1576 [=========================>....] - ETA: 0s - loss: 0.0072 - acc: 0.9986
1576/1576 [==============================] - 0s 39us/step - loss: 0.0075 - acc: 0.9987 - val_loss: 0.2555 - val_acc: 0.9565
Epoch 7/30

  50/1576 [..............................] - ETA: 0s - loss: 0.0051 - acc: 1.0000
1400/1576 [=========================>....] - ETA: 0s - loss: 0.0047 - acc: 1.0000
1576/1576 [==============================] - 0s 40us/step - loss: 0.0047 - acc: 1.0000 - val_loss: 0.2623 - val_acc: 0.9565
acc: 95.65%
Train on 1576 samples, validate on 46 samples
Epoch 1/30

  50/1576 [..............................] - ETA: 1:07 - loss: 0.6800 - acc: 0.5200
1000/1576 [==================>...........] - ETA: 1s - loss: 0.3577 - acc: 0.8710  
1576/1576 [==============================] - 3s 2ms/step - loss: 0.2800 - acc: 0.9042 - val_loss: 0.1022 - val_acc: 0.9783
Epoch 2/30

  50/1576 [..............................] - ETA: 0s - loss: 0.0544 - acc: 1.0000
1000/1576 [==================>...........] - ETA: 0s - loss: 0.0716 - acc: 0.9840
1576/1576 [==============================] - 0s 54us/step - loss: 0.0715 - acc: 0.9803 - val_loss: 0.0484 - val_acc: 0.9783
Epoch 3/30

  50/1576 [..............................] - ETA: 0s - loss: 0.0744 - acc: 0.9800
1000/1576 [==================>...........] - ETA: 0s - loss: 0.0389 - acc: 0.9910
1576/1576 [==============================] - 0s 55us/step - loss: 0.0355 - acc: 0.9924 - val_loss: 0.0307 - val_acc: 1.0000
Epoch 4/30

  50/1576 [..............................] - ETA: 0s - loss: 0.0148 - acc: 1.0000
1100/1576 [===================>..........] - ETA: 0s - loss: 0.0173 - acc: 0.9991
1576/1576 [==============================] - 0s 53us/step - loss: 0.0199 - acc: 0.9975 - val_loss: 0.0286 - val_acc: 1.0000
Epoch 5/30

  50/1576 [..............................] - ETA: 0s - loss: 0.0070 - acc: 1.0000
1050/1576 [==================>...........] - ETA: 0s - loss: 0.0110 - acc: 0.9990
1576/1576 [==============================] - 0s 54us/step - loss: 0.0123 - acc: 0.9981 - val_loss: 0.0250 - val_acc: 0.9783
Epoch 6/30

  50/1576 [..............................] - ETA: 0s - loss: 0.0040 - acc: 1.0000
1000/1576 [==================>...........] - ETA: 0s - loss: 0.0087 - acc: 0.9980
1576/1576 [==============================] - 0s 55us/step - loss: 0.0078 - acc: 0.9987 - val_loss: 0.0194 - val_acc: 1.0000
Epoch 7/30

  50/1576 [..............................] - ETA: 0s - loss: 0.0033 - acc: 1.0000
1050/1576 [==================>...........] - ETA: 0s - loss: 0.0049 - acc: 1.0000
1576/1576 [==============================] - 0s 56us/step - loss: 0.0053 - acc: 0.9994 - val_loss: 0.0166 - val_acc: 1.0000
Epoch 8/30

  50/1576 [..............................] - ETA: 0s - loss: 0.0031 - acc: 1.0000
1000/1576 [==================>...........] - ETA: 0s - loss: 0.0039 - acc: 1.0000
1576/1576 [==============================] - 0s 57us/step - loss: 0.0038 - acc: 1.0000 - val_loss: 0.0096 - val_acc: 1.0000
acc: 100.00%
Train on 1576 samples, validate on 46 samples
Epoch 1/30

  50/1576 [..............................] - ETA: 1:07 - loss: 0.7248 - acc: 0.4400
 900/1576 [================>.............] - ETA: 1s - loss: 0.4068 - acc: 0.8522  
1576/1576 [==============================] - 3s 2ms/step - loss: 0.2885 - acc: 0.9036 - val_loss: 0.1001 - val_acc: 0.9783
Epoch 2/30

  50/1576 [..............................] - ETA: 0s - loss: 0.0655 - acc: 0.9600
1000/1576 [==================>...........] - ETA: 0s - loss: 0.0729 - acc: 0.9770
1576/1576 [==============================] - 0s 56us/step - loss: 0.0669 - acc: 0.9791 - val_loss: 0.0879 - val_acc: 0.9565
Epoch 3/30

  50/1576 [..............................] - ETA: 0s - loss: 0.0264 - acc: 1.0000
1000/1576 [==================>...........] - ETA: 0s - loss: 0.0336 - acc: 0.9960
1576/1576 [==============================] - 0s 56us/step - loss: 0.0309 - acc: 0.9956 - val_loss: 0.0628 - val_acc: 0.9783
Epoch 4/30

  50/1576 [..............................] - ETA: 0s - loss: 0.0151 - acc: 1.0000
1000/1576 [==================>...........] - ETA: 0s - loss: 0.0189 - acc: 0.9970
1576/1576 [==============================] - 0s 54us/step - loss: 0.0183 - acc: 0.9968 - val_loss: 0.0415 - val_acc: 0.9783
Epoch 5/30

  50/1576 [..............................] - ETA: 0s - loss: 0.0076 - acc: 1.0000
1050/1576 [==================>...........] - ETA: 0s - loss: 0.0141 - acc: 0.9981
1576/1576 [==============================] - 0s 54us/step - loss: 0.0121 - acc: 0.9987 - val_loss: 0.0402 - val_acc: 0.9783
Epoch 6/30

  50/1576 [..............................] - ETA: 0s - loss: 0.0073 - acc: 1.0000
1000/1576 [==================>...........] - ETA: 0s - loss: 0.0107 - acc: 0.9980
1576/1576 [==============================] - 0s 56us/step - loss: 0.0087 - acc: 0.9987 - val_loss: 0.0454 - val_acc: 0.9783
acc: 97.83%
Train on 1576 samples, validate on 46 samples
Epoch 1/30

  50/1576 [..............................] - ETA: 1:08 - loss: 0.6734 - acc: 0.5600
1100/1576 [===================>..........] - ETA: 0s - loss: 0.3439 - acc: 0.8791  
1576/1576 [==============================] - 3s 2ms/step - loss: 0.2783 - acc: 0.9048 - val_loss: 0.1214 - val_acc: 0.9565
Epoch 2/30

  50/1576 [..............................] - ETA: 0s - loss: 0.0836 - acc: 0.9600
1000/1576 [==================>...........] - ETA: 0s - loss: 0.0685 - acc: 0.9770
1576/1576 [==============================] - 0s 57us/step - loss: 0.0678 - acc: 0.9772 - val_loss: 0.0807 - val_acc: 0.9783
Epoch 3/30

  50/1576 [..............................] - ETA: 0s - loss: 0.0228 - acc: 1.0000
 950/1576 [=================>............] - ETA: 0s - loss: 0.0389 - acc: 0.9926
1576/1576 [==============================] - 0s 56us/step - loss: 0.0356 - acc: 0.9924 - val_loss: 0.0650 - val_acc: 0.9783
Epoch 4/30

  50/1576 [..............................] - ETA: 0s - loss: 0.0127 - acc: 1.0000
 950/1576 [=================>............] - ETA: 0s - loss: 0.0199 - acc: 0.9947
1576/1576 [==============================] - 0s 58us/step - loss: 0.0204 - acc: 0.9949 - val_loss: 0.0785 - val_acc: 0.9783
Epoch 5/30

  50/1576 [..............................] - ETA: 0s - loss: 0.0140 - acc: 1.0000
 950/1576 [=================>............] - ETA: 0s - loss: 0.0136 - acc: 0.9989
1576/1576 [==============================] - 0s 57us/step - loss: 0.0134 - acc: 0.9987 - val_loss: 0.0834 - val_acc: 0.9783
Epoch 6/30

  50/1576 [..............................] - ETA: 0s - loss: 0.0093 - acc: 1.0000
 950/1576 [=================>............] - ETA: 0s - loss: 0.0071 - acc: 1.0000
1576/1576 [==============================] - 0s 59us/step - loss: 0.0088 - acc: 0.9981 - val_loss: 0.0964 - val_acc: 0.9783
Epoch 7/30

  50/1576 [..............................] - ETA: 0s - loss: 0.0067 - acc: 1.0000
1000/1576 [==================>...........] - ETA: 0s - loss: 0.0077 - acc: 0.9990
1576/1576 [==============================] - 0s 55us/step - loss: 0.0072 - acc: 0.9987 - val_loss: 0.0926 - val_acc: 0.9565
acc: 97.83%
Train on 1576 samples, validate on 46 samples
Epoch 1/30

  50/1576 [..............................] - ETA: 1:22 - loss: 0.7152 - acc: 0.3400
1250/1576 [======================>.......] - ETA: 0s - loss: 0.3229 - acc: 0.8912  
1576/1576 [==============================] - 3s 2ms/step - loss: 0.2807 - acc: 0.9061 - val_loss: 0.1652 - val_acc: 0.9565
Epoch 2/30

  50/1576 [..............................] - ETA: 0s - loss: 0.0947 - acc: 0.9600
1300/1576 [=======================>......] - ETA: 0s - loss: 0.0692 - acc: 0.9815
1576/1576 [==============================] - 0s 43us/step - loss: 0.0638 - acc: 0.9829 - val_loss: 0.1180 - val_acc: 0.9565
Epoch 3/30

  50/1576 [..............................] - ETA: 0s - loss: 0.0153 - acc: 1.0000
1250/1576 [======================>.......] - ETA: 0s - loss: 0.0306 - acc: 0.9944
1576/1576 [==============================] - 0s 44us/step - loss: 0.0333 - acc: 0.9930 - val_loss: 0.1243 - val_acc: 0.9565
Epoch 4/30

  50/1576 [..............................] - ETA: 0s - loss: 0.0193 - acc: 1.0000
1300/1576 [=======================>......] - ETA: 0s - loss: 0.0197 - acc: 0.9962
1576/1576 [==============================] - 0s 43us/step - loss: 0.0203 - acc: 0.9962 - val_loss: 0.0900 - val_acc: 0.9348
Epoch 5/30

  50/1576 [..............................] - ETA: 0s - loss: 0.0069 - acc: 1.0000
1350/1576 [========================>.....] - ETA: 0s - loss: 0.0137 - acc: 0.9970
1576/1576 [==============================] - 0s 41us/step - loss: 0.0128 - acc: 0.9975 - val_loss: 0.0975 - val_acc: 0.9565
Epoch 6/30

  50/1576 [..............................] - ETA: 0s - loss: 0.0046 - acc: 1.0000
1200/1576 [=====================>........] - ETA: 0s - loss: 0.0081 - acc: 0.9992
1576/1576 [==============================] - 0s 47us/step - loss: 0.0091 - acc: 0.9987 - val_loss: 0.1013 - val_acc: 0.9348
acc: 95.65%
Train on 1576 samples, validate on 46 samples
Epoch 1/30

  50/1576 [..............................] - ETA: 1:27 - loss: 0.7180 - acc: 0.4400
 950/1576 [=================>............] - ETA: 1s - loss: 0.3867 - acc: 0.8747  
1576/1576 [==============================] - 3s 2ms/step - loss: 0.2821 - acc: 0.9137 - val_loss: 0.0876 - val_acc: 0.9565
Epoch 2/30

  50/1576 [..............................] - ETA: 0s - loss: 0.0868 - acc: 0.9400
 900/1576 [================>.............] - ETA: 0s - loss: 0.0604 - acc: 0.9844
1576/1576 [==============================] - 0s 62us/step - loss: 0.0645 - acc: 0.9803 - val_loss: 0.0441 - val_acc: 1.0000
Epoch 3/30

  50/1576 [..............................] - ETA: 0s - loss: 0.0248 - acc: 1.0000
 800/1576 [==============>...............] - ETA: 0s - loss: 0.0371 - acc: 0.9925
1576/1576 [==============================] - 0s 66us/step - loss: 0.0330 - acc: 0.9949 - val_loss: 0.0332 - val_acc: 0.9783
Epoch 4/30

  50/1576 [..............................] - ETA: 0s - loss: 0.0110 - acc: 1.0000
 750/1576 [=============>................] - ETA: 0s - loss: 0.0241 - acc: 0.9960
1400/1576 [=========================>....] - ETA: 0s - loss: 0.0203 - acc: 0.9964
1576/1576 [==============================] - 0s 79us/step - loss: 0.0195 - acc: 0.9968 - val_loss: 0.0289 - val_acc: 0.9783
Epoch 5/30

  50/1576 [..............................] - ETA: 0s - loss: 0.0116 - acc: 1.0000
1100/1576 [===================>..........] - ETA: 0s - loss: 0.0092 - acc: 1.0000
1576/1576 [==============================] - 0s 50us/step - loss: 0.0116 - acc: 0.9981 - val_loss: 0.0284 - val_acc: 0.9783
Epoch 6/30

  50/1576 [..............................] - ETA: 0s - loss: 0.0122 - acc: 1.0000
1100/1576 [===================>..........] - ETA: 0s - loss: 0.0077 - acc: 1.0000
1576/1576 [==============================] - 0s 50us/step - loss: 0.0079 - acc: 0.9994 - val_loss: 0.0248 - val_acc: 0.9783
Epoch 7/30

  50/1576 [..............................] - ETA: 0s - loss: 0.0026 - acc: 1.0000
1250/1576 [======================>.......] - ETA: 0s - loss: 0.0062 - acc: 0.9992
1576/1576 [==============================] - 0s 44us/step - loss: 0.0058 - acc: 0.9994 - val_loss: 0.0230 - val_acc: 0.9783
acc: 100.00%
Train on 1576 samples, validate on 46 samples
Epoch 1/30

  50/1576 [..............................] - ETA: 1:43 - loss: 0.6672 - acc: 0.6000
 950/1576 [=================>............] - ETA: 2s - loss: 0.3562 - acc: 0.8821  
1576/1576 [==============================] - 4s 2ms/step - loss: 0.2568 - acc: 0.9175 - val_loss: 0.0664 - val_acc: 1.0000
Epoch 2/30

  50/1576 [..............................] - ETA: 0s - loss: 0.0763 - acc: 0.9800
 700/1576 [============>.................] - ETA: 0s - loss: 0.0545 - acc: 0.9886
1300/1576 [=======================>......] - ETA: 0s - loss: 0.0614 - acc: 0.9838
1576/1576 [==============================] - 0s 87us/step - loss: 0.0602 - acc: 0.9841 - val_loss: 0.0542 - val_acc: 0.9783
Epoch 3/30

  50/1576 [..............................] - ETA: 0s - loss: 0.0311 - acc: 1.0000
 700/1576 [============>.................] - ETA: 0s - loss: 0.0362 - acc: 0.9943
1300/1576 [=======================>......] - ETA: 0s - loss: 0.0326 - acc: 0.9946
1576/1576 [==============================] - 0s 81us/step - loss: 0.0321 - acc: 0.9937 - val_loss: 0.0290 - val_acc: 1.0000
Epoch 4/30

  50/1576 [..............................] - ETA: 0s - loss: 0.0169 - acc: 1.0000
 850/1576 [===============>..............] - ETA: 0s - loss: 0.0211 - acc: 0.9976
1576/1576 [==============================] - 0s 70us/step - loss: 0.0194 - acc: 0.9975 - val_loss: 0.0246 - val_acc: 1.0000
Epoch 5/30

  50/1576 [..............................] - ETA: 0s - loss: 0.0076 - acc: 1.0000
 800/1576 [==============>...............] - ETA: 0s - loss: 0.0093 - acc: 0.9988
1550/1576 [============================>.] - ETA: 0s - loss: 0.0110 - acc: 0.9981
1576/1576 [==============================] - 0s 75us/step - loss: 0.0110 - acc: 0.9981 - val_loss: 0.0175 - val_acc: 1.0000
Epoch 6/30

  50/1576 [..............................] - ETA: 0s - loss: 0.0057 - acc: 1.0000
 500/1576 [========>.....................] - ETA: 0s - loss: 0.0076 - acc: 0.9980
 900/1576 [================>.............] - ETA: 0s - loss: 0.0066 - acc: 0.9989
1550/1576 [============================>.] - ETA: 0s - loss: 0.0072 - acc: 0.9987
1576/1576 [==============================] - 0s 122us/step - loss: 0.0071 - acc: 0.9987 - val_loss: 0.0135 - val_acc: 1.0000
acc: 100.00%
Train on 1576 samples, validate on 46 samples
Epoch 1/30

  50/1576 [..............................] - ETA: 1:32 - loss: 0.6822 - acc: 0.6200
 800/1576 [==============>...............] - ETA: 2s - loss: 0.3842 - acc: 0.8600  
1550/1576 [============================>.] - ETA: 0s - loss: 0.2632 - acc: 0.9090
1576/1576 [==============================] - 4s 2ms/step - loss: 0.2610 - acc: 0.9093 - val_loss: 0.0385 - val_acc: 1.0000
Epoch 2/30

  50/1576 [..............................] - ETA: 0s - loss: 0.0620 - acc: 1.0000
 900/1576 [================>.............] - ETA: 0s - loss: 0.0631 - acc: 0.9844
1576/1576 [==============================] - 0s 61us/step - loss: 0.0600 - acc: 0.9854 - val_loss: 0.0178 - val_acc: 1.0000
Epoch 3/30

  50/1576 [..............................] - ETA: 0s - loss: 0.0250 - acc: 1.0000
 850/1576 [===============>..............] - ETA: 0s - loss: 0.0323 - acc: 0.9953
1576/1576 [==============================] - 0s 65us/step - loss: 0.0302 - acc: 0.9937 - val_loss: 0.0110 - val_acc: 1.0000
Epoch 4/30

  50/1576 [..............................] - ETA: 0s - loss: 0.0144 - acc: 1.0000
 900/1576 [================>.............] - ETA: 0s - loss: 0.0191 - acc: 0.9978
1576/1576 [==============================] - 0s 68us/step - loss: 0.0186 - acc: 0.9981 - val_loss: 0.0057 - val_acc: 1.0000
Epoch 5/30

  50/1576 [..............................] - ETA: 0s - loss: 0.0054 - acc: 1.0000
 800/1576 [==============>...............] - ETA: 0s - loss: 0.0117 - acc: 0.9988
1576/1576 [==============================] - 0s 66us/step - loss: 0.0126 - acc: 0.9981 - val_loss: 0.0042 - val_acc: 1.0000
Epoch 6/30

  50/1576 [..............................] - ETA: 0s - loss: 0.0060 - acc: 1.0000
 900/1576 [================>.............] - ETA: 0s - loss: 0.0080 - acc: 0.9989
1576/1576 [==============================] - 0s 63us/step - loss: 0.0083 - acc: 0.9987 - val_loss: 0.0034 - val_acc: 1.0000
acc: 100.00%
Train on 1576 samples, validate on 46 samples
Epoch 1/30

  50/1576 [..............................] - ETA: 1:32 - loss: 0.7171 - acc: 0.3400
1250/1576 [======================>.......] - ETA: 0s - loss: 0.3234 - acc: 0.8696  
1576/1576 [==============================] - 3s 2ms/step - loss: 0.2811 - acc: 0.8896 - val_loss: 0.0948 - val_acc: 0.9783
Epoch 2/30

  50/1576 [..............................] - ETA: 0s - loss: 0.0610 - acc: 1.0000
 950/1576 [=================>............] - ETA: 0s - loss: 0.0732 - acc: 0.9789
1576/1576 [==============================] - 0s 62us/step - loss: 0.0633 - acc: 0.9803 - val_loss: 0.0449 - val_acc: 0.9783
Epoch 3/30

  50/1576 [..............................] - ETA: 0s - loss: 0.0420 - acc: 1.0000
 850/1576 [===============>..............] - ETA: 0s - loss: 0.0252 - acc: 0.9988
1576/1576 [==============================] - 0s 61us/step - loss: 0.0312 - acc: 0.9956 - val_loss: 0.0364 - val_acc: 0.9783
Epoch 4/30

  50/1576 [..............................] - ETA: 0s - loss: 0.0150 - acc: 1.0000
1000/1576 [==================>...........] - ETA: 0s - loss: 0.0135 - acc: 0.9990
1576/1576 [==============================] - 0s 57us/step - loss: 0.0181 - acc: 0.9968 - val_loss: 0.0408 - val_acc: 0.9783
Epoch 5/30

  50/1576 [..............................] - ETA: 0s - loss: 0.0047 - acc: 1.0000
 950/1576 [=================>............] - ETA: 0s - loss: 0.0115 - acc: 0.9979
1576/1576 [==============================] - 0s 57us/step - loss: 0.0124 - acc: 0.9981 - val_loss: 0.0489 - val_acc: 0.9783
Epoch 6/30

  50/1576 [..............................] - ETA: 0s - loss: 0.0080 - acc: 1.0000
 700/1576 [============>.................] - ETA: 0s - loss: 0.0093 - acc: 0.9986
1576/1576 [==============================] - 0s 66us/step - loss: 0.0081 - acc: 0.9981 - val_loss: 0.0468 - val_acc: 0.9783
acc: 97.83%
Train on 1576 samples, validate on 46 samples
Epoch 1/30

  50/1576 [..............................] - ETA: 1:45 - loss: 0.7102 - acc: 0.4400
1100/1576 [===================>..........] - ETA: 1s - loss: 0.3166 - acc: 0.8873  
1576/1576 [==============================] - 4s 2ms/step - loss: 0.2601 - acc: 0.9086 - val_loss: 0.0728 - val_acc: 0.9783
Epoch 2/30

  50/1576 [..............................] - ETA: 0s - loss: 0.0716 - acc: 0.9800
1000/1576 [==================>...........] - ETA: 0s - loss: 0.0651 - acc: 0.9830
1576/1576 [==============================] - 0s 54us/step - loss: 0.0629 - acc: 0.9835 - val_loss: 0.0504 - val_acc: 0.9783
Epoch 3/30

  50/1576 [..............................] - ETA: 0s - loss: 0.0206 - acc: 1.0000
1100/1576 [===================>..........] - ETA: 0s - loss: 0.0387 - acc: 0.9909
1576/1576 [==============================] - 0s 52us/step - loss: 0.0344 - acc: 0.9924 - val_loss: 0.0530 - val_acc: 0.9783
Epoch 4/30

  50/1576 [..............................] - ETA: 0s - loss: 0.0216 - acc: 1.0000
1200/1576 [=====================>........] - ETA: 0s - loss: 0.0172 - acc: 0.9975
1576/1576 [==============================] - 0s 47us/step - loss: 0.0185 - acc: 0.9968 - val_loss: 0.0364 - val_acc: 0.9783
Epoch 5/30

  50/1576 [..............................] - ETA: 0s - loss: 0.0090 - acc: 1.0000
1200/1576 [=====================>........] - ETA: 0s - loss: 0.0096 - acc: 1.0000
1576/1576 [==============================] - 0s 45us/step - loss: 0.0120 - acc: 0.9987 - val_loss: 0.0554 - val_acc: 0.9783
Epoch 6/30

  50/1576 [..............................] - ETA: 0s - loss: 0.0072 - acc: 1.0000
1000/1576 [==================>...........] - ETA: 0s - loss: 0.0093 - acc: 1.0000
1576/1576 [==============================] - 0s 56us/step - loss: 0.0096 - acc: 0.9994 - val_loss: 0.0376 - val_acc: 0.9783
acc: 97.83%
Train on 1576 samples, validate on 46 samples
Epoch 1/30

  50/1576 [..............................] - ETA: 1:58 - loss: 0.7162 - acc: 0.4800
 950/1576 [=================>............] - ETA: 2s - loss: 0.3748 - acc: 0.8716  
1576/1576 [==============================] - 4s 3ms/step - loss: 0.2790 - acc: 0.9112 - val_loss: 0.1269 - val_acc: 0.9565
Epoch 2/30

  50/1576 [..............................] - ETA: 0s - loss: 0.0753 - acc: 1.0000
1050/1576 [==================>...........] - ETA: 0s - loss: 0.0685 - acc: 0.9838
1576/1576 [==============================] - 0s 51us/step - loss: 0.0663 - acc: 0.9822 - val_loss: 0.1271 - val_acc: 0.9565
Epoch 3/30

  50/1576 [..............................] - ETA: 0s - loss: 0.0571 - acc: 0.9800
1050/1576 [==================>...........] - ETA: 0s - loss: 0.0325 - acc: 0.9914
1576/1576 [==============================] - 0s 52us/step - loss: 0.0343 - acc: 0.9898 - val_loss: 0.1271 - val_acc: 0.9565
Epoch 4/30

  50/1576 [..............................] - ETA: 0s - loss: 0.0527 - acc: 0.9800
1150/1576 [====================>.........] - ETA: 0s - loss: 0.0194 - acc: 0.9957
1576/1576 [==============================] - 0s 48us/step - loss: 0.0193 - acc: 0.9962 - val_loss: 0.1414 - val_acc: 0.9565
Epoch 5/30

  50/1576 [..............................] - ETA: 0s - loss: 0.0115 - acc: 1.0000
1100/1576 [===================>..........] - ETA: 0s - loss: 0.0126 - acc: 0.9991
1576/1576 [==============================] - 0s 54us/step - loss: 0.0120 - acc: 0.9987 - val_loss: 0.1355 - val_acc: 0.9565
Epoch 6/30

  50/1576 [..............................] - ETA: 0s - loss: 0.0079 - acc: 1.0000
 950/1576 [=================>............] - ETA: 0s - loss: 0.0083 - acc: 0.9989
1576/1576 [==============================] - 0s 54us/step - loss: 0.0078 - acc: 0.9987 - val_loss: 0.1464 - val_acc: 0.9565
acc: 95.65%
Train on 1576 samples, validate on 46 samples
Epoch 1/30

  50/1576 [..............................] - ETA: 2:18 - loss: 0.7111 - acc: 0.4400
1250/1576 [======================>.......] - ETA: 1s - loss: 0.3184 - acc: 0.8864  
1576/1576 [==============================] - 5s 3ms/step - loss: 0.2678 - acc: 0.9080 - val_loss: 0.0667 - val_acc: 0.9783
Epoch 2/30

  50/1576 [..............................] - ETA: 0s - loss: 0.0506 - acc: 1.0000
1200/1576 [=====================>........] - ETA: 0s - loss: 0.0684 - acc: 0.9825
1576/1576 [==============================] - 0s 46us/step - loss: 0.0652 - acc: 0.9829 - val_loss: 0.0737 - val_acc: 0.9783
Epoch 3/30

  50/1576 [..............................] - ETA: 0s - loss: 0.0386 - acc: 0.9800
1250/1576 [======================>.......] - ETA: 0s - loss: 0.0364 - acc: 0.9912
1576/1576 [==============================] - 0s 44us/step - loss: 0.0348 - acc: 0.9918 - val_loss: 0.0460 - val_acc: 0.9783
Epoch 4/30

  50/1576 [..............................] - ETA: 0s - loss: 0.0274 - acc: 1.0000
1250/1576 [======================>.......] - ETA: 0s - loss: 0.0221 - acc: 0.9952
1576/1576 [==============================] - 0s 44us/step - loss: 0.0226 - acc: 0.9949 - val_loss: 0.0716 - val_acc: 0.9783
Epoch 5/30

  50/1576 [..............................] - ETA: 0s - loss: 0.0082 - acc: 1.0000
1300/1576 [=======================>......] - ETA: 0s - loss: 0.0119 - acc: 0.9985
1576/1576 [==============================] - 0s 42us/step - loss: 0.0144 - acc: 0.9968 - val_loss: 0.0696 - val_acc: 0.9783
Epoch 6/30

  50/1576 [..............................] - ETA: 0s - loss: 0.0059 - acc: 1.0000
1200/1576 [=====================>........] - ETA: 0s - loss: 0.0100 - acc: 0.9983
1576/1576 [==============================] - 0s 45us/step - loss: 0.0096 - acc: 0.9981 - val_loss: 0.0737 - val_acc: 0.9783
acc: 97.83%
Train on 1576 samples, validate on 46 samples
Epoch 1/30

  50/1576 [..............................] - ETA: 2:13 - loss: 0.7026 - acc: 0.4600
1150/1576 [====================>.........] - ETA: 1s - loss: 0.3455 - acc: 0.8774  
1576/1576 [==============================] - 5s 3ms/step - loss: 0.2850 - acc: 0.9004 - val_loss: 0.0847 - val_acc: 0.9783
Epoch 2/30

  50/1576 [..............................] - ETA: 0s - loss: 0.0690 - acc: 0.9800
1250/1576 [======================>.......] - ETA: 0s - loss: 0.0692 - acc: 0.9816
1576/1576 [==============================] - 0s 43us/step - loss: 0.0698 - acc: 0.9816 - val_loss: 0.0559 - val_acc: 0.9565
Epoch 3/30

  50/1576 [..............................] - ETA: 0s - loss: 0.0381 - acc: 1.0000
1250/1576 [======================>.......] - ETA: 0s - loss: 0.0332 - acc: 0.9944
1576/1576 [==============================] - 0s 43us/step - loss: 0.0346 - acc: 0.9943 - val_loss: 0.0289 - val_acc: 1.0000
Epoch 4/30

  50/1576 [..............................] - ETA: 0s - loss: 0.0105 - acc: 1.0000
1300/1576 [=======================>......] - ETA: 0s - loss: 0.0182 - acc: 0.9977
1576/1576 [==============================] - 0s 44us/step - loss: 0.0192 - acc: 0.9975 - val_loss: 0.0312 - val_acc: 0.9783
Epoch 5/30

  50/1576 [..............................] - ETA: 0s - loss: 0.0099 - acc: 1.0000
1200/1576 [=====================>........] - ETA: 0s - loss: 0.0121 - acc: 0.9983
1576/1576 [==============================] - 0s 46us/step - loss: 0.0117 - acc: 0.9987 - val_loss: 0.0242 - val_acc: 0.9783
Epoch 6/30

  50/1576 [..............................] - ETA: 0s - loss: 0.0051 - acc: 1.0000
1200/1576 [=====================>........] - ETA: 0s - loss: 0.0077 - acc: 0.9992
1576/1576 [==============================] - 0s 45us/step - loss: 0.0088 - acc: 0.9987 - val_loss: 0.0230 - val_acc: 0.9783
Epoch 7/30

  50/1576 [..............................] - ETA: 0s - loss: 0.0050 - acc: 1.0000
1200/1576 [=====================>........] - ETA: 0s - loss: 0.0072 - acc: 0.9983
1576/1576 [==============================] - 0s 59us/step - loss: 0.0065 - acc: 0.9987 - val_loss: 0.0218 - val_acc: 0.9783
Epoch 8/30

  50/1576 [..............................] - ETA: 0s - loss: 0.0022 - acc: 1.0000
1200/1576 [=====================>........] - ETA: 0s - loss: 0.0051 - acc: 0.9992
1576/1576 [==============================] - 0s 47us/step - loss: 0.0054 - acc: 0.9987 - val_loss: 0.0205 - val_acc: 0.9783
acc: 100.00%
Train on 1576 samples, validate on 46 samples
Epoch 1/30

  50/1576 [..............................] - ETA: 2:39 - loss: 0.6998 - acc: 0.5600
 800/1576 [==============>...............] - ETA: 5s - loss: 0.4408 - acc: 0.8388  
1576/1576 [==============================] - 6s 4ms/step - loss: 0.2937 - acc: 0.8997 - val_loss: 0.1359 - val_acc: 0.9565
Epoch 2/30

  50/1576 [..............................] - ETA: 0s - loss: 0.0921 - acc: 0.9800
1100/1576 [===================>..........] - ETA: 0s - loss: 0.0669 - acc: 0.9800
1576/1576 [==============================] - 0s 54us/step - loss: 0.0668 - acc: 0.9810 - val_loss: 0.1381 - val_acc: 0.9565
Epoch 3/30

  50/1576 [..............................] - ETA: 0s - loss: 0.0515 - acc: 0.9800
1100/1576 [===================>..........] - ETA: 0s - loss: 0.0336 - acc: 0.9909
1576/1576 [==============================] - 0s 52us/step - loss: 0.0353 - acc: 0.9911 - val_loss: 0.1380 - val_acc: 0.9565
Epoch 4/30

  50/1576 [..............................] - ETA: 0s - loss: 0.0103 - acc: 1.0000
1050/1576 [==================>...........] - ETA: 0s - loss: 0.0183 - acc: 0.9981
1576/1576 [==============================] - 0s 55us/step - loss: 0.0196 - acc: 0.9975 - val_loss: 0.1510 - val_acc: 0.9565
Epoch 5/30

  50/1576 [..............................] - ETA: 0s - loss: 0.0148 - acc: 1.0000
 950/1576 [=================>............] - ETA: 0s - loss: 0.0134 - acc: 0.9989
1576/1576 [==============================] - 0s 54us/step - loss: 0.0117 - acc: 0.9994 - val_loss: 0.1671 - val_acc: 0.9565
Epoch 6/30

  50/1576 [..............................] - ETA: 0s - loss: 0.0041 - acc: 1.0000
1000/1576 [==================>...........] - ETA: 0s - loss: 0.0105 - acc: 0.9980
1576/1576 [==============================] - 0s 54us/step - loss: 0.0088 - acc: 0.9987 - val_loss: 0.1605 - val_acc: 0.9565
acc: 95.65%
Train on 1576 samples, validate on 46 samples
Epoch 1/30

  50/1576 [..............................] - ETA: 2:24 - loss: 0.6927 - acc: 0.5200
 800/1576 [==============>...............] - ETA: 4s - loss: 0.3812 - acc: 0.8587  
1576/1576 [==============================] - 5s 3ms/step - loss: 0.2487 - acc: 0.9156 - val_loss: 0.0925 - val_acc: 0.9565
Epoch 2/30

  50/1576 [..............................] - ETA: 0s - loss: 0.0977 - acc: 0.9800
1100/1576 [===================>..........] - ETA: 0s - loss: 0.0602 - acc: 0.9827
1576/1576 [==============================] - 0s 47us/step - loss: 0.0562 - acc: 0.9835 - val_loss: 0.0600 - val_acc: 0.9565
Epoch 3/30

  50/1576 [..............................] - ETA: 0s - loss: 0.0286 - acc: 1.0000
1250/1576 [======================>.......] - ETA: 0s - loss: 0.0288 - acc: 0.9944
1576/1576 [==============================] - 0s 44us/step - loss: 0.0275 - acc: 0.9943 - val_loss: 0.0486 - val_acc: 0.9565
Epoch 4/30

  50/1576 [..............................] - ETA: 0s - loss: 0.0082 - acc: 1.0000
1200/1576 [=====================>........] - ETA: 0s - loss: 0.0160 - acc: 0.9983
1576/1576 [==============================] - 0s 47us/step - loss: 0.0166 - acc: 0.9975 - val_loss: 0.0459 - val_acc: 0.9565
Epoch 5/30

  50/1576 [..............................] - ETA: 0s - loss: 0.0046 - acc: 1.0000
1200/1576 [=====================>........] - ETA: 0s - loss: 0.0107 - acc: 0.9975
1576/1576 [==============================] - 0s 46us/step - loss: 0.0097 - acc: 0.9981 - val_loss: 0.0372 - val_acc: 0.9565
Epoch 6/30

  50/1576 [..............................] - ETA: 0s - loss: 0.0046 - acc: 1.0000
1200/1576 [=====================>........] - ETA: 0s - loss: 0.0069 - acc: 0.9983
1576/1576 [==============================] - 0s 46us/step - loss: 0.0068 - acc: 0.9987 - val_loss: 0.0351 - val_acc: 0.9783
Epoch 7/30

  50/1576 [..............................] - ETA: 0s - loss: 0.0055 - acc: 1.0000
1150/1576 [====================>.........] - ETA: 0s - loss: 0.0050 - acc: 1.0000
1576/1576 [==============================] - 0s 48us/step - loss: 0.0046 - acc: 1.0000 - val_loss: 0.0401 - val_acc: 0.9565
Epoch 8/30

  50/1576 [..............................] - ETA: 0s - loss: 0.0027 - acc: 1.0000
1200/1576 [=====================>........] - ETA: 0s - loss: 0.0033 - acc: 1.0000
1576/1576 [==============================] - 0s 45us/step - loss: 0.0032 - acc: 1.0000 - val_loss: 0.0404 - val_acc: 0.9565
Epoch 9/30

  50/1576 [..............................] - ETA: 0s - loss: 0.0031 - acc: 1.0000
1050/1576 [==================>...........] - ETA: 0s - loss: 0.0028 - acc: 1.0000
1576/1576 [==============================] - 0s 54us/step - loss: 0.0025 - acc: 1.0000 - val_loss: 0.0422 - val_acc: 0.9783
Epoch 10/30

  50/1576 [..............................] - ETA: 0s - loss: 0.0012 - acc: 1.0000
1050/1576 [==================>...........] - ETA: 0s - loss: 0.0017 - acc: 1.0000
1576/1576 [==============================] - 0s 58us/step - loss: 0.0021 - acc: 1.0000 - val_loss: 0.0408 - val_acc: 0.9783
Epoch 11/30

  50/1576 [..............................] - ETA: 0s - loss: 0.0017 - acc: 1.0000
1050/1576 [==================>...........] - ETA: 0s - loss: 0.0017 - acc: 1.0000
1576/1576 [==============================] - 0s 51us/step - loss: 0.0017 - acc: 1.0000 - val_loss: 0.0425 - val_acc: 0.9783
acc: 97.83%
Train on 1576 samples, validate on 46 samples
Epoch 1/30

  50/1576 [..............................] - ETA: 2:35 - loss: 0.6834 - acc: 0.6200
1050/1576 [==================>...........] - ETA: 2s - loss: 0.3174 - acc: 0.8895  
1576/1576 [==============================] - 6s 4ms/step - loss: 0.2464 - acc: 0.9162 - val_loss: 0.1092 - val_acc: 0.9565
Epoch 2/30

  50/1576 [..............................] - ETA: 0s - loss: 0.0468 - acc: 1.0000
 950/1576 [=================>............] - ETA: 0s - loss: 0.0508 - acc: 0.9916
1576/1576 [==============================] - 0s 57us/step - loss: 0.0554 - acc: 0.9873 - val_loss: 0.0639 - val_acc: 0.9783
Epoch 3/30

  50/1576 [..............................] - ETA: 0s - loss: 0.0417 - acc: 0.9800
1150/1576 [====================>.........] - ETA: 0s - loss: 0.0266 - acc: 0.9957
1576/1576 [==============================] - 0s 49us/step - loss: 0.0286 - acc: 0.9949 - val_loss: 0.0744 - val_acc: 0.9783
Epoch 4/30

  50/1576 [..............................] - ETA: 0s - loss: 0.0163 - acc: 1.0000
1100/1576 [===================>..........] - ETA: 0s - loss: 0.0144 - acc: 0.9982
1576/1576 [==============================] - 0s 49us/step - loss: 0.0136 - acc: 0.9981 - val_loss: 0.0960 - val_acc: 0.9783
Epoch 5/30

  50/1576 [..............................] - ETA: 0s - loss: 0.0050 - acc: 1.0000
1100/1576 [===================>..........] - ETA: 0s - loss: 0.0099 - acc: 0.9982
1576/1576 [==============================] - 0s 49us/step - loss: 0.0096 - acc: 0.9987 - val_loss: 0.1044 - val_acc: 0.9783
Epoch 6/30

  50/1576 [..............................] - ETA: 0s - loss: 0.0033 - acc: 1.0000
1000/1576 [==================>...........] - ETA: 0s - loss: 0.0053 - acc: 0.9990
1576/1576 [==============================] - 0s 53us/step - loss: 0.0062 - acc: 0.9987 - val_loss: 0.1148 - val_acc: 0.9783
Epoch 7/30

  50/1576 [..............................] - ETA: 0s - loss: 0.0112 - acc: 1.0000
1200/1576 [=====================>........] - ETA: 0s - loss: 0.0066 - acc: 0.9992
1576/1576 [==============================] - 0s 47us/step - loss: 0.0058 - acc: 0.9994 - val_loss: 0.1202 - val_acc: 0.9783
acc: 97.83%
Train on 1576 samples, validate on 46 samples
Epoch 1/30

  50/1576 [..............................] - ETA: 2:34 - loss: 0.6917 - acc: 0.5400
1250/1576 [======================>.......] - ETA: 1s - loss: 0.3229 - acc: 0.8840  
1576/1576 [==============================] - 6s 4ms/step - loss: 0.2819 - acc: 0.8997 - val_loss: 0.1014 - val_acc: 0.9565
Epoch 2/30

  50/1576 [..............................] - ETA: 0s - loss: 0.1103 - acc: 0.9400
1100/1576 [===================>..........] - ETA: 0s - loss: 0.0689 - acc: 0.9827
1576/1576 [==============================] - 0s 50us/step - loss: 0.0662 - acc: 0.9829 - val_loss: 0.0726 - val_acc: 0.9565
Epoch 3/30

  50/1576 [..............................] - ETA: 0s - loss: 0.0120 - acc: 1.0000
1150/1576 [====================>.........] - ETA: 0s - loss: 0.0349 - acc: 0.9922
1576/1576 [==============================] - 0s 48us/step - loss: 0.0356 - acc: 0.9911 - val_loss: 0.0555 - val_acc: 0.9783
Epoch 4/30

  50/1576 [..............................] - ETA: 0s - loss: 0.0145 - acc: 1.0000
1200/1576 [=====================>........] - ETA: 0s - loss: 0.0209 - acc: 0.9967
1576/1576 [==============================] - 0s 46us/step - loss: 0.0196 - acc: 0.9975 - val_loss: 0.0426 - val_acc: 0.9783
Epoch 5/30

  50/1576 [..............................] - ETA: 0s - loss: 0.0124 - acc: 1.0000
1150/1576 [====================>.........] - ETA: 0s - loss: 0.0122 - acc: 0.9983
1576/1576 [==============================] - 0s 48us/step - loss: 0.0138 - acc: 0.9975 - val_loss: 0.0333 - val_acc: 1.0000
Epoch 6/30

  50/1576 [..............................] - ETA: 0s - loss: 0.0101 - acc: 1.0000
1200/1576 [=====================>........] - ETA: 0s - loss: 0.0101 - acc: 0.9992
1576/1576 [==============================] - 0s 45us/step - loss: 0.0089 - acc: 0.9994 - val_loss: 0.0446 - val_acc: 0.9783
Epoch 7/30

  50/1576 [..............................] - ETA: 0s - loss: 0.0120 - acc: 1.0000
1150/1576 [====================>.........] - ETA: 0s - loss: 0.0071 - acc: 0.9991
1576/1576 [==============================] - 0s 47us/step - loss: 0.0071 - acc: 0.9987 - val_loss: 0.0419 - val_acc: 0.9783
Epoch 8/30

  50/1576 [..............................] - ETA: 0s - loss: 0.0130 - acc: 1.0000
1250/1576 [======================>.......] - ETA: 0s - loss: 0.0047 - acc: 0.9992
1576/1576 [==============================] - 0s 44us/step - loss: 0.0046 - acc: 0.9994 - val_loss: 0.0412 - val_acc: 0.9565
Epoch 9/30

  50/1576 [..............................] - ETA: 0s - loss: 0.0088 - acc: 1.0000
1200/1576 [=====================>........] - ETA: 0s - loss: 0.0028 - acc: 1.0000
1576/1576 [==============================] - 0s 45us/step - loss: 0.0037 - acc: 0.9987 - val_loss: 0.0413 - val_acc: 0.9565
Epoch 10/30

  50/1576 [..............................] - ETA: 0s - loss: 0.0019 - acc: 1.0000
1200/1576 [=====================>........] - ETA: 0s - loss: 0.0037 - acc: 1.0000
1576/1576 [==============================] - 0s 46us/step - loss: 0.0035 - acc: 1.0000 - val_loss: 0.0434 - val_acc: 0.9565
acc: 100.00%
Train on 1576 samples, validate on 46 samples
Epoch 1/30

  50/1576 [..............................] - ETA: 2:58 - loss: 0.7234 - acc: 0.4600
1100/1576 [===================>..........] - ETA: 2s - loss: 0.3390 - acc: 0.8791  
1576/1576 [==============================] - 7s 4ms/step - loss: 0.2734 - acc: 0.9048 - val_loss: 0.0403 - val_acc: 1.0000
Epoch 2/30

  50/1576 [..............................] - ETA: 0s - loss: 0.0314 - acc: 1.0000
1000/1576 [==================>...........] - ETA: 0s - loss: 0.0738 - acc: 0.9760
1576/1576 [==============================] - 0s 54us/step - loss: 0.0643 - acc: 0.9810 - val_loss: 0.0196 - val_acc: 1.0000
Epoch 3/30

  50/1576 [..............................] - ETA: 0s - loss: 0.0539 - acc: 0.9800
1000/1576 [==================>...........] - ETA: 0s - loss: 0.0356 - acc: 0.9910
1576/1576 [==============================] - 0s 53us/step - loss: 0.0357 - acc: 0.9911 - val_loss: 0.0118 - val_acc: 1.0000
Epoch 4/30

  50/1576 [..............................] - ETA: 0s - loss: 0.0112 - acc: 1.0000
1150/1576 [====================>.........] - ETA: 0s - loss: 0.0221 - acc: 0.9965
1576/1576 [==============================] - 0s 48us/step - loss: 0.0210 - acc: 0.9962 - val_loss: 0.0143 - val_acc: 1.0000
Epoch 5/30

  50/1576 [..............................] - ETA: 0s - loss: 0.0067 - acc: 1.0000
1100/1576 [===================>..........] - ETA: 0s - loss: 0.0139 - acc: 0.9982
1576/1576 [==============================] - 0s 51us/step - loss: 0.0136 - acc: 0.9981 - val_loss: 0.0070 - val_acc: 1.0000
Epoch 6/30

  50/1576 [..............................] - ETA: 0s - loss: 0.0039 - acc: 1.0000
 950/1576 [=================>............] - ETA: 0s - loss: 0.0085 - acc: 0.9989
1576/1576 [==============================] - 0s 56us/step - loss: 0.0081 - acc: 0.9994 - val_loss: 0.0062 - val_acc: 1.0000
acc: 100.00%
Train on 1576 samples, validate on 46 samples
Epoch 1/30

  50/1576 [..............................] - ETA: 2:41 - loss: 0.7264 - acc: 0.4000
1150/1576 [====================>.........] - ETA: 1s - loss: 0.3481 - acc: 0.8852  
1576/1576 [==============================] - 6s 4ms/step - loss: 0.2824 - acc: 0.9099 - val_loss: 0.1572 - val_acc: 0.9565
Epoch 2/30

  50/1576 [..............................] - ETA: 0s - loss: 0.0479 - acc: 1.0000
1150/1576 [====================>.........] - ETA: 0s - loss: 0.0687 - acc: 0.9817
1576/1576 [==============================] - 0s 50us/step - loss: 0.0742 - acc: 0.9784 - val_loss: 0.1770 - val_acc: 0.9565
Epoch 3/30

  50/1576 [..............................] - ETA: 0s - loss: 0.0413 - acc: 0.9800
1100/1576 [===================>..........] - ETA: 0s - loss: 0.0440 - acc: 0.9882
1576/1576 [==============================] - 0s 50us/step - loss: 0.0400 - acc: 0.9911 - val_loss: 0.1503 - val_acc: 0.9565
Epoch 4/30

  50/1576 [..............................] - ETA: 0s - loss: 0.0230 - acc: 1.0000
1150/1576 [====================>.........] - ETA: 0s - loss: 0.0233 - acc: 0.9948
1576/1576 [==============================] - 0s 47us/step - loss: 0.0238 - acc: 0.9956 - val_loss: 0.1428 - val_acc: 0.9783
Epoch 5/30

  50/1576 [..............................] - ETA: 0s - loss: 0.0517 - acc: 0.9600
1150/1576 [====================>.........] - ETA: 0s - loss: 0.0157 - acc: 0.9965
1576/1576 [==============================] - 0s 47us/step - loss: 0.0138 - acc: 0.9975 - val_loss: 0.1342 - val_acc: 0.9783
Epoch 6/30

  50/1576 [..............................] - ETA: 0s - loss: 0.0053 - acc: 1.0000
1150/1576 [====================>.........] - ETA: 0s - loss: 0.0102 - acc: 0.9983
1576/1576 [==============================] - 0s 51us/step - loss: 0.0101 - acc: 0.9981 - val_loss: 0.1355 - val_acc: 0.9783
Epoch 7/30

  50/1576 [..............................] - ETA: 0s - loss: 0.0064 - acc: 1.0000
1000/1576 [==================>...........] - ETA: 0s - loss: 0.0060 - acc: 1.0000
1576/1576 [==============================] - 0s 55us/step - loss: 0.0076 - acc: 0.9994 - val_loss: 0.1381 - val_acc: 0.9783
Epoch 8/30

  50/1576 [..............................] - ETA: 0s - loss: 0.0031 - acc: 1.0000
1200/1576 [=====================>........] - ETA: 0s - loss: 0.0056 - acc: 0.9992
1576/1576 [==============================] - 0s 46us/step - loss: 0.0058 - acc: 0.9987 - val_loss: 0.1368 - val_acc: 0.9783
Epoch 9/30

  50/1576 [..............................] - ETA: 0s - loss: 0.0020 - acc: 1.0000
1200/1576 [=====================>........] - ETA: 0s - loss: 0.0039 - acc: 0.9992
1576/1576 [==============================] - 0s 46us/step - loss: 0.0041 - acc: 0.9994 - val_loss: 0.1492 - val_acc: 0.9783
acc: 97.83%
Train on 1576 samples, validate on 46 samples
Epoch 1/30

  50/1576 [..............................] - ETA: 2:47 - loss: 0.6784 - acc: 0.6000
1150/1576 [====================>.........] - ETA: 2s - loss: 0.3276 - acc: 0.8878  
1576/1576 [==============================] - 6s 4ms/step - loss: 0.2714 - acc: 0.9074 - val_loss: 0.0651 - val_acc: 0.9783
Epoch 2/30

  50/1576 [..............................] - ETA: 0s - loss: 0.1538 - acc: 0.9600
1050/1576 [==================>...........] - ETA: 0s - loss: 0.0644 - acc: 0.9829
1576/1576 [==============================] - 0s 51us/step - loss: 0.0628 - acc: 0.9803 - val_loss: 0.0816 - val_acc: 0.9783
Epoch 3/30

  50/1576 [..............................] - ETA: 0s - loss: 0.0271 - acc: 1.0000
1100/1576 [===================>..........] - ETA: 0s - loss: 0.0361 - acc: 0.9936
1576/1576 [==============================] - 0s 54us/step - loss: 0.0321 - acc: 0.9949 - val_loss: 0.0378 - val_acc: 0.9783
Epoch 4/30

  50/1576 [..............................] - ETA: 0s - loss: 0.0111 - acc: 1.0000
 900/1576 [================>.............] - ETA: 0s - loss: 0.0179 - acc: 0.9967
1576/1576 [==============================] - 0s 62us/step - loss: 0.0183 - acc: 0.9968 - val_loss: 0.0470 - val_acc: 0.9783
Epoch 5/30

  50/1576 [..............................] - ETA: 0s - loss: 0.0075 - acc: 1.0000
 850/1576 [===============>..............] - ETA: 0s - loss: 0.0135 - acc: 0.9976
1550/1576 [============================>.] - ETA: 0s - loss: 0.0113 - acc: 0.9987
1576/1576 [==============================] - 0s 71us/step - loss: 0.0112 - acc: 0.9987 - val_loss: 0.0394 - val_acc: 0.9783
Epoch 6/30

  50/1576 [..............................] - ETA: 0s - loss: 0.0112 - acc: 1.0000
1100/1576 [===================>..........] - ETA: 0s - loss: 0.0086 - acc: 0.9991
1576/1576 [==============================] - 0s 52us/step - loss: 0.0084 - acc: 0.9987 - val_loss: 0.0445 - val_acc: 0.9783
acc: 97.83%
Train on 1576 samples, validate on 46 samples
Epoch 1/30

  50/1576 [..............................] - ETA: 2:47 - loss: 0.7175 - acc: 0.4600
1150/1576 [====================>.........] - ETA: 2s - loss: 0.3394 - acc: 0.8826  
1576/1576 [==============================] - 6s 4ms/step - loss: 0.2797 - acc: 0.9055 - val_loss: 0.1273 - val_acc: 0.9565
Epoch 2/30

  50/1576 [..............................] - ETA: 0s - loss: 0.0454 - acc: 1.0000
1100/1576 [===================>..........] - ETA: 0s - loss: 0.0680 - acc: 0.9864
1576/1576 [==============================] - 0s 50us/step - loss: 0.0616 - acc: 0.9879 - val_loss: 0.0786 - val_acc: 0.9565
Epoch 3/30

  50/1576 [..............................] - ETA: 0s - loss: 0.0248 - acc: 1.0000
1150/1576 [====================>.........] - ETA: 0s - loss: 0.0317 - acc: 0.9957
1576/1576 [==============================] - 0s 48us/step - loss: 0.0317 - acc: 0.9943 - val_loss: 0.0723 - val_acc: 0.9565
Epoch 4/30

  50/1576 [..............................] - ETA: 0s - loss: 0.0153 - acc: 1.0000
1150/1576 [====================>.........] - ETA: 0s - loss: 0.0188 - acc: 0.9983
1576/1576 [==============================] - 0s 47us/step - loss: 0.0169 - acc: 0.9987 - val_loss: 0.0524 - val_acc: 0.9783
Epoch 5/30

  50/1576 [..............................] - ETA: 0s - loss: 0.0063 - acc: 1.0000
1200/1576 [=====================>........] - ETA: 0s - loss: 0.0097 - acc: 0.9983
1576/1576 [==============================] - 0s 47us/step - loss: 0.0110 - acc: 0.9975 - val_loss: 0.0826 - val_acc: 0.9565
Epoch 6/30

  50/1576 [..............................] - ETA: 0s - loss: 0.0079 - acc: 1.0000
1150/1576 [====================>.........] - ETA: 0s - loss: 0.0073 - acc: 1.0000
1576/1576 [==============================] - 0s 48us/step - loss: 0.0070 - acc: 1.0000 - val_loss: 0.0759 - val_acc: 0.9783
Epoch 7/30

  50/1576 [..............................] - ETA: 0s - loss: 0.0046 - acc: 1.0000
1000/1576 [==================>...........] - ETA: 0s - loss: 0.0060 - acc: 0.9990
1576/1576 [==============================] - 0s 61us/step - loss: 0.0056 - acc: 0.9994 - val_loss: 0.0812 - val_acc: 0.9565
Epoch 8/30

  50/1576 [..............................] - ETA: 0s - loss: 0.0144 - acc: 1.0000
 850/1576 [===============>..............] - ETA: 0s - loss: 0.0042 - acc: 1.0000
1576/1576 [==============================] - 0s 69us/step - loss: 0.0052 - acc: 0.9994 - val_loss: 0.0784 - val_acc: 0.9783
Epoch 9/30

  50/1576 [..............................] - ETA: 0s - loss: 0.0028 - acc: 1.0000
 800/1576 [==============>...............] - ETA: 0s - loss: 0.0042 - acc: 1.0000
1576/1576 [==============================] - 0s 66us/step - loss: 0.0035 - acc: 1.0000 - val_loss: 0.0873 - val_acc: 0.9783
acc: 97.83%
Train on 1576 samples, validate on 46 samples
Epoch 1/30

  50/1576 [..............................] - ETA: 2:51 - loss: 0.6912 - acc: 0.5600
1050/1576 [==================>...........] - ETA: 2s - loss: 0.3480 - acc: 0.8762  
1576/1576 [==============================] - 6s 4ms/step - loss: 0.2714 - acc: 0.9048 - val_loss: 0.0442 - val_acc: 1.0000
Epoch 2/30

  50/1576 [..............................] - ETA: 0s - loss: 0.0692 - acc: 0.9800
 900/1576 [================>.............] - ETA: 0s - loss: 0.0636 - acc: 0.9800
1576/1576 [==============================] - 0s 61us/step - loss: 0.0671 - acc: 0.9784 - val_loss: 0.0336 - val_acc: 1.0000
Epoch 3/30

  50/1576 [..............................] - ETA: 0s - loss: 0.0296 - acc: 1.0000
 850/1576 [===============>..............] - ETA: 0s - loss: 0.0301 - acc: 0.9965
1576/1576 [==============================] - 0s 65us/step - loss: 0.0343 - acc: 0.9937 - val_loss: 0.0195 - val_acc: 1.0000
Epoch 4/30

  50/1576 [..............................] - ETA: 0s - loss: 0.0129 - acc: 1.0000
 700/1576 [============>.................] - ETA: 0s - loss: 0.0186 - acc: 1.0000
1450/1576 [==========================>...] - ETA: 0s - loss: 0.0177 - acc: 0.9993
1576/1576 [==============================] - 0s 76us/step - loss: 0.0198 - acc: 0.9981 - val_loss: 0.0102 - val_acc: 1.0000
Epoch 5/30

  50/1576 [..............................] - ETA: 0s - loss: 0.0133 - acc: 1.0000
 850/1576 [===============>..............] - ETA: 0s - loss: 0.0128 - acc: 1.0000
1576/1576 [==============================] - 0s 64us/step - loss: 0.0123 - acc: 1.0000 - val_loss: 0.0110 - val_acc: 1.0000
Epoch 6/30

  50/1576 [..............................] - ETA: 0s - loss: 0.0057 - acc: 1.0000
 900/1576 [================>.............] - ETA: 0s - loss: 0.0095 - acc: 0.9989
1576/1576 [==============================] - 0s 65us/step - loss: 0.0094 - acc: 0.9987 - val_loss: 0.0098 - val_acc: 1.0000
acc: 100.00%
Train on 1576 samples, validate on 46 samples
Epoch 1/30

  50/1576 [..............................] - ETA: 2:55 - loss: 0.7318 - acc: 0.4200
1150/1576 [====================>.........] - ETA: 2s - loss: 0.3778 - acc: 0.8652  
1576/1576 [==============================] - 7s 4ms/step - loss: 0.3089 - acc: 0.8966 - val_loss: 0.0976 - val_acc: 0.9783
Epoch 2/30

  50/1576 [..............................] - ETA: 0s - loss: 0.0661 - acc: 1.0000
 850/1576 [===============>..............] - ETA: 0s - loss: 0.0794 - acc: 0.9776
1576/1576 [==============================] - 0s 67us/step - loss: 0.0650 - acc: 0.9835 - val_loss: 0.1031 - val_acc: 0.9565
Epoch 3/30

  50/1576 [..............................] - ETA: 0s - loss: 0.0247 - acc: 1.0000
 900/1576 [================>.............] - ETA: 0s - loss: 0.0325 - acc: 0.9956
1576/1576 [==============================] - 0s 63us/step - loss: 0.0326 - acc: 0.9943 - val_loss: 0.1095 - val_acc: 0.9565
Epoch 4/30

  50/1576 [..............................] - ETA: 0s - loss: 0.0126 - acc: 1.0000
 900/1576 [================>.............] - ETA: 0s - loss: 0.0225 - acc: 0.9956
1576/1576 [==============================] - 0s 63us/step - loss: 0.0182 - acc: 0.9968 - val_loss: 0.1080 - val_acc: 0.9565
Epoch 5/30

  50/1576 [..............................] - ETA: 0s - loss: 0.0103 - acc: 1.0000
 850/1576 [===============>..............] - ETA: 0s - loss: 0.0120 - acc: 0.9988
1576/1576 [==============================] - 0s 65us/step - loss: 0.0124 - acc: 0.9981 - val_loss: 0.1152 - val_acc: 0.9565
Epoch 6/30

  50/1576 [..............................] - ETA: 0s - loss: 0.0072 - acc: 1.0000
 800/1576 [==============>...............] - ETA: 0s - loss: 0.0104 - acc: 0.9975
1550/1576 [============================>.] - ETA: 0s - loss: 0.0084 - acc: 0.9987
1576/1576 [==============================] - 0s 71us/step - loss: 0.0083 - acc: 0.9987 - val_loss: 0.1308 - val_acc: 0.9565
acc: 97.83%
Train on 1576 samples, validate on 46 samples
Epoch 1/30

  50/1576 [..............................] - ETA: 2:59 - loss: 0.7001 - acc: 0.5400
 850/1576 [===============>..............] - ETA: 5s - loss: 0.3768 - acc: 0.8776  
1576/1576 [==============================] - 7s 4ms/step - loss: 0.2592 - acc: 0.9181 - val_loss: 0.0519 - val_acc: 1.0000
Epoch 2/30

  50/1576 [..............................] - ETA: 0s - loss: 0.0564 - acc: 1.0000
 850/1576 [===============>..............] - ETA: 0s - loss: 0.0551 - acc: 0.9871
1576/1576 [==============================] - 0s 67us/step - loss: 0.0601 - acc: 0.9829 - val_loss: 0.0299 - val_acc: 1.0000
Epoch 3/30

  50/1576 [..............................] - ETA: 0s - loss: 0.0150 - acc: 1.0000
 850/1576 [===============>..............] - ETA: 0s - loss: 0.0320 - acc: 0.9941
1576/1576 [==============================] - 0s 64us/step - loss: 0.0313 - acc: 0.9943 - val_loss: 0.0231 - val_acc: 1.0000
Epoch 4/30

  50/1576 [..............................] - ETA: 0s - loss: 0.0545 - acc: 0.9800
 850/1576 [===============>..............] - ETA: 0s - loss: 0.0194 - acc: 0.9976
1576/1576 [==============================] - 0s 63us/step - loss: 0.0204 - acc: 0.9975 - val_loss: 0.0219 - val_acc: 1.0000
Epoch 5/30

  50/1576 [..............................] - ETA: 0s - loss: 0.0064 - acc: 1.0000
 900/1576 [================>.............] - ETA: 0s - loss: 0.0142 - acc: 0.9989
1576/1576 [==============================] - 0s 64us/step - loss: 0.0129 - acc: 0.9987 - val_loss: 0.0109 - val_acc: 1.0000
Epoch 6/30

  50/1576 [..............................] - ETA: 0s - loss: 0.0054 - acc: 1.0000
 850/1576 [===============>..............] - ETA: 0s - loss: 0.0064 - acc: 1.0000
1576/1576 [==============================] - 0s 64us/step - loss: 0.0078 - acc: 0.9987 - val_loss: 0.0116 - val_acc: 1.0000
acc: 100.00%
Train on 1576 samples, validate on 46 samples
Epoch 1/30

  50/1576 [..............................] - ETA: 3:09 - loss: 0.6991 - acc: 0.5200
 900/1576 [================>.............] - ETA: 4s - loss: 0.4123 - acc: 0.8322  
1576/1576 [==============================] - 7s 5ms/step - loss: 0.2978 - acc: 0.8877 - val_loss: 0.0619 - val_acc: 1.0000
Epoch 2/30

  50/1576 [..............................] - ETA: 0s - loss: 0.1302 - acc: 0.9600
 900/1576 [================>.............] - ETA: 0s - loss: 0.0672 - acc: 0.9856
1576/1576 [==============================] - 0s 63us/step - loss: 0.0682 - acc: 0.9829 - val_loss: 0.0217 - val_acc: 1.0000
Epoch 3/30

  50/1576 [..............................] - ETA: 0s - loss: 0.0216 - acc: 1.0000
 900/1576 [================>.............] - ETA: 0s - loss: 0.0340 - acc: 0.9933
1576/1576 [==============================] - 0s 65us/step - loss: 0.0365 - acc: 0.9905 - val_loss: 0.0165 - val_acc: 1.0000
Epoch 4/30

  50/1576 [..............................] - ETA: 0s - loss: 0.0174 - acc: 1.0000
 900/1576 [================>.............] - ETA: 0s - loss: 0.0186 - acc: 0.9978
1576/1576 [==============================] - 0s 66us/step - loss: 0.0211 - acc: 0.9968 - val_loss: 0.0095 - val_acc: 1.0000
Epoch 5/30

  50/1576 [..............................] - ETA: 0s - loss: 0.0156 - acc: 1.0000
 850/1576 [===============>..............] - ETA: 0s - loss: 0.0157 - acc: 0.9965
1576/1576 [==============================] - 0s 65us/step - loss: 0.0126 - acc: 0.9981 - val_loss: 0.0214 - val_acc: 1.0000
Epoch 6/30

  50/1576 [..............................] - ETA: 0s - loss: 0.0078 - acc: 1.0000
 850/1576 [===============>..............] - ETA: 0s - loss: 0.0073 - acc: 1.0000
1576/1576 [==============================] - 0s 65us/step - loss: 0.0093 - acc: 0.9981 - val_loss: 0.0094 - val_acc: 1.0000
acc: 100.00%
Accuracy: 98.28% (+/- 1.82%)
