Train on 1389 samples, validate on 233 samples
Epoch 1/30

 100/1389 [=>............................] - ETA: 5s - loss: 0.6833 - acc: 0.5400
1389/1389 [==============================] - 0s 358us/step - loss: 0.4882 - acc: 0.8438 - val_loss: 0.3066 - val_acc: 0.9528
Epoch 2/30

 100/1389 [=>............................] - ETA: 0s - loss: 0.2655 - acc: 0.9800
1389/1389 [==============================] - 0s 17us/step - loss: 0.1973 - acc: 0.9712 - val_loss: 0.1659 - val_acc: 0.9528
Epoch 3/30

 100/1389 [=>............................] - ETA: 0s - loss: 0.1101 - acc: 0.9900
1389/1389 [==============================] - 0s 16us/step - loss: 0.1032 - acc: 0.9798 - val_loss: 0.1308 - val_acc: 0.9442
Epoch 4/30

 100/1389 [=>............................] - ETA: 0s - loss: 0.0869 - acc: 0.9900
1389/1389 [==============================] - 0s 16us/step - loss: 0.0684 - acc: 0.9892 - val_loss: 0.1230 - val_acc: 0.9485
Epoch 5/30

 100/1389 [=>............................] - ETA: 0s - loss: 0.0507 - acc: 0.9900
1389/1389 [==============================] - 0s 16us/step - loss: 0.0490 - acc: 0.9942 - val_loss: 0.1127 - val_acc: 0.9571
Epoch 6/30

 100/1389 [=>............................] - ETA: 0s - loss: 0.0462 - acc: 1.0000
1389/1389 [==============================] - 0s 16us/step - loss: 0.0369 - acc: 0.9964 - val_loss: 0.1118 - val_acc: 0.9571
Epoch 7/30

 100/1389 [=>............................] - ETA: 0s - loss: 0.0253 - acc: 1.0000
1389/1389 [==============================] - 0s 16us/step - loss: 0.0290 - acc: 0.9971 - val_loss: 0.1055 - val_acc: 0.9614
Epoch 8/30

 100/1389 [=>............................] - ETA: 0s - loss: 0.0189 - acc: 1.0000
1389/1389 [==============================] - 0s 16us/step - loss: 0.0232 - acc: 0.9971 - val_loss: 0.1058 - val_acc: 0.9571
Epoch 9/30

 100/1389 [=>............................] - ETA: 0s - loss: 0.0165 - acc: 1.0000
1389/1389 [==============================] - 0s 17us/step - loss: 0.0192 - acc: 0.9978 - val_loss: 0.1034 - val_acc: 0.9571
Epoch 10/30

 100/1389 [=>............................] - ETA: 0s - loss: 0.0169 - acc: 1.0000
1389/1389 [==============================] - 0s 16us/step - loss: 0.0161 - acc: 0.9986 - val_loss: 0.1033 - val_acc: 0.9614
Epoch 11/30

 100/1389 [=>............................] - ETA: 0s - loss: 0.0147 - acc: 1.0000
1389/1389 [==============================] - 0s 16us/step - loss: 0.0136 - acc: 0.9993 - val_loss: 0.1022 - val_acc: 0.9571
Epoch 12/30

 100/1389 [=>............................] - ETA: 0s - loss: 0.0143 - acc: 1.0000
1389/1389 [==============================] - 0s 16us/step - loss: 0.0117 - acc: 0.9993 - val_loss: 0.1014 - val_acc: 0.9571
Epoch 13/30

 100/1389 [=>............................] - ETA: 0s - loss: 0.0080 - acc: 1.0000
1389/1389 [==============================] - 0s 17us/step - loss: 0.0101 - acc: 1.0000 - val_loss: 0.1018 - val_acc: 0.9571
Epoch 14/30

 100/1389 [=>............................] - ETA: 0s - loss: 0.0109 - acc: 1.0000
1389/1389 [==============================] - 0s 16us/step - loss: 0.0089 - acc: 1.0000 - val_loss: 0.0998 - val_acc: 0.9614
Epoch 15/30

 100/1389 [=>............................] - ETA: 0s - loss: 0.0122 - acc: 1.0000
1389/1389 [==============================] - 0s 17us/step - loss: 0.0081 - acc: 1.0000 - val_loss: 0.1016 - val_acc: 0.9571
Epoch 16/30

 100/1389 [=>............................] - ETA: 0s - loss: 0.0058 - acc: 1.0000
1389/1389 [==============================] - 0s 17us/step - loss: 0.0070 - acc: 1.0000 - val_loss: 0.0984 - val_acc: 0.9614
Epoch 17/30

 100/1389 [=>............................] - ETA: 0s - loss: 0.0091 - acc: 1.0000
1389/1389 [==============================] - 0s 19us/step - loss: 0.0064 - acc: 1.0000 - val_loss: 0.0985 - val_acc: 0.9614
Epoch 18/30

 100/1389 [=>............................] - ETA: 0s - loss: 0.0068 - acc: 1.0000
1389/1389 [==============================] - 0s 18us/step - loss: 0.0059 - acc: 1.0000 - val_loss: 0.1006 - val_acc: 0.9614
Epoch 19/30

 100/1389 [=>............................] - ETA: 0s - loss: 0.0048 - acc: 1.0000
1389/1389 [==============================] - 0s 18us/step - loss: 0.0053 - acc: 1.0000 - val_loss: 0.1001 - val_acc: 0.9614
Epoch 20/30

 100/1389 [=>............................] - ETA: 0s - loss: 0.0061 - acc: 1.0000
1389/1389 [==============================] - 0s 18us/step - loss: 0.0049 - acc: 1.0000 - val_loss: 0.0996 - val_acc: 0.9614
Epoch 21/30

 100/1389 [=>............................] - ETA: 0s - loss: 0.0026 - acc: 1.0000
1389/1389 [==============================] - 0s 18us/step - loss: 0.0044 - acc: 1.0000 - val_loss: 0.0992 - val_acc: 0.9614
Epoch 22/30

 100/1389 [=>............................] - ETA: 0s - loss: 0.0058 - acc: 1.0000
1389/1389 [==============================] - 0s 18us/step - loss: 0.0041 - acc: 1.0000 - val_loss: 0.0997 - val_acc: 0.9614
Epoch 23/30

 100/1389 [=>............................] - ETA: 0s - loss: 0.0034 - acc: 1.0000
1389/1389 [==============================] - 0s 18us/step - loss: 0.0038 - acc: 1.0000 - val_loss: 0.1002 - val_acc: 0.9614
Epoch 24/30

 100/1389 [=>............................] - ETA: 0s - loss: 0.0033 - acc: 1.0000
1389/1389 [==============================] - 0s 18us/step - loss: 0.0035 - acc: 1.0000 - val_loss: 0.1000 - val_acc: 0.9614
Epoch 25/30

 100/1389 [=>............................] - ETA: 0s - loss: 0.0045 - acc: 1.0000
1389/1389 [==============================] - 0s 18us/step - loss: 0.0033 - acc: 1.0000 - val_loss: 0.1004 - val_acc: 0.9614
Epoch 26/30

 100/1389 [=>............................] - ETA: 0s - loss: 0.0025 - acc: 1.0000
1389/1389 [==============================] - 0s 18us/step - loss: 0.0031 - acc: 1.0000 - val_loss: 0.1004 - val_acc: 0.9614
Epoch 27/30

 100/1389 [=>............................] - ETA: 0s - loss: 0.0017 - acc: 1.0000
1389/1389 [==============================] - 0s 19us/step - loss: 0.0029 - acc: 1.0000 - val_loss: 0.1006 - val_acc: 0.9614
Epoch 28/30

 100/1389 [=>............................] - ETA: 0s - loss: 0.0031 - acc: 1.0000
1389/1389 [==============================] - 0s 18us/step - loss: 0.0027 - acc: 1.0000 - val_loss: 0.1009 - val_acc: 0.9614
Epoch 29/30

 100/1389 [=>............................] - ETA: 0s - loss: 0.0040 - acc: 1.0000
1389/1389 [==============================] - 0s 17us/step - loss: 0.0026 - acc: 1.0000 - val_loss: 0.1014 - val_acc: 0.9614
Epoch 30/30

 100/1389 [=>............................] - ETA: 0s - loss: 0.0016 - acc: 1.0000
1389/1389 [==============================] - 0s 18us/step - loss: 0.0024 - acc: 1.0000 - val_loss: 0.1008 - val_acc: 0.9614
acc: 96.14%
Train on 1389 samples, validate on 233 samples
Epoch 1/30

 100/1389 [=>............................] - ETA: 6s - loss: 0.7222 - acc: 0.3400
1389/1389 [==============================] - 1s 409us/step - loss: 0.5116 - acc: 0.8265 - val_loss: 0.3198 - val_acc: 0.9614
Epoch 2/30

 100/1389 [=>............................] - ETA: 0s - loss: 0.2875 - acc: 1.0000
1389/1389 [==============================] - 0s 17us/step - loss: 0.2030 - acc: 0.9755 - val_loss: 0.1642 - val_acc: 0.9528
Epoch 3/30

 100/1389 [=>............................] - ETA: 0s - loss: 0.1252 - acc: 0.9900
1389/1389 [==============================] - 0s 17us/step - loss: 0.1061 - acc: 0.9813 - val_loss: 0.1146 - val_acc: 0.9657
Epoch 4/30

 100/1389 [=>............................] - ETA: 0s - loss: 0.0685 - acc: 0.9900
1389/1389 [==============================] - 0s 17us/step - loss: 0.0708 - acc: 0.9878 - val_loss: 0.0927 - val_acc: 0.9700
Epoch 5/30

 100/1389 [=>............................] - ETA: 0s - loss: 0.0693 - acc: 0.9800
1389/1389 [==============================] - 0s 17us/step - loss: 0.0523 - acc: 0.9914 - val_loss: 0.0820 - val_acc: 0.9742
Epoch 6/30

 100/1389 [=>............................] - ETA: 0s - loss: 0.0331 - acc: 1.0000
1389/1389 [==============================] - 0s 16us/step - loss: 0.0409 - acc: 0.9950 - val_loss: 0.0756 - val_acc: 0.9742
Epoch 7/30

 100/1389 [=>............................] - ETA: 0s - loss: 0.0278 - acc: 1.0000
1389/1389 [==============================] - 0s 17us/step - loss: 0.0324 - acc: 0.9957 - val_loss: 0.0707 - val_acc: 0.9785
Epoch 8/30

 100/1389 [=>............................] - ETA: 0s - loss: 0.0344 - acc: 1.0000
1389/1389 [==============================] - 0s 16us/step - loss: 0.0265 - acc: 0.9971 - val_loss: 0.0677 - val_acc: 0.9785
Epoch 9/30

 100/1389 [=>............................] - ETA: 0s - loss: 0.0181 - acc: 1.0000
1389/1389 [==============================] - 0s 16us/step - loss: 0.0218 - acc: 0.9978 - val_loss: 0.0665 - val_acc: 0.9785
Epoch 10/30

 100/1389 [=>............................] - ETA: 0s - loss: 0.0273 - acc: 0.9900
1389/1389 [==============================] - 0s 16us/step - loss: 0.0181 - acc: 0.9986 - val_loss: 0.0667 - val_acc: 0.9742
Epoch 11/30

 100/1389 [=>............................] - ETA: 0s - loss: 0.0330 - acc: 0.9900
1389/1389 [==============================] - 0s 16us/step - loss: 0.0154 - acc: 0.9986 - val_loss: 0.0652 - val_acc: 0.9742
Epoch 12/30

 100/1389 [=>............................] - ETA: 0s - loss: 0.0118 - acc: 1.0000
1389/1389 [==============================] - 0s 16us/step - loss: 0.0131 - acc: 0.9986 - val_loss: 0.0649 - val_acc: 0.9742
Epoch 13/30

 100/1389 [=>............................] - ETA: 0s - loss: 0.0144 - acc: 0.9900
1389/1389 [==============================] - 0s 16us/step - loss: 0.0116 - acc: 0.9993 - val_loss: 0.0637 - val_acc: 0.9742
Epoch 14/30

 100/1389 [=>............................] - ETA: 0s - loss: 0.0158 - acc: 1.0000
1389/1389 [==============================] - 0s 16us/step - loss: 0.0102 - acc: 0.9993 - val_loss: 0.0630 - val_acc: 0.9785
Epoch 15/30

 100/1389 [=>............................] - ETA: 0s - loss: 0.0068 - acc: 1.0000
1389/1389 [==============================] - 0s 17us/step - loss: 0.0088 - acc: 1.0000 - val_loss: 0.0610 - val_acc: 0.9785
Epoch 16/30

 100/1389 [=>............................] - ETA: 0s - loss: 0.0081 - acc: 1.0000
1389/1389 [==============================] - 0s 17us/step - loss: 0.0078 - acc: 1.0000 - val_loss: 0.0605 - val_acc: 0.9785
Epoch 17/30

 100/1389 [=>............................] - ETA: 0s - loss: 0.0066 - acc: 1.0000
1389/1389 [==============================] - 0s 16us/step - loss: 0.0069 - acc: 1.0000 - val_loss: 0.0599 - val_acc: 0.9785
Epoch 18/30

 100/1389 [=>............................] - ETA: 0s - loss: 0.0061 - acc: 1.0000
1389/1389 [==============================] - 0s 19us/step - loss: 0.0062 - acc: 1.0000 - val_loss: 0.0584 - val_acc: 0.9785
Epoch 19/30

 100/1389 [=>............................] - ETA: 0s - loss: 0.0056 - acc: 1.0000
1389/1389 [==============================] - 0s 16us/step - loss: 0.0056 - acc: 1.0000 - val_loss: 0.0578 - val_acc: 0.9785
Epoch 20/30

 100/1389 [=>............................] - ETA: 0s - loss: 0.0051 - acc: 1.0000
1389/1389 [==============================] - 0s 16us/step - loss: 0.0052 - acc: 1.0000 - val_loss: 0.0571 - val_acc: 0.9785
Epoch 21/30

 100/1389 [=>............................] - ETA: 0s - loss: 0.0039 - acc: 1.0000
1389/1389 [==============================] - 0s 18us/step - loss: 0.0048 - acc: 1.0000 - val_loss: 0.0579 - val_acc: 0.9785
Epoch 22/30

 100/1389 [=>............................] - ETA: 0s - loss: 0.0028 - acc: 1.0000
1389/1389 [==============================] - 0s 17us/step - loss: 0.0044 - acc: 1.0000 - val_loss: 0.0571 - val_acc: 0.9785
Epoch 23/30

 100/1389 [=>............................] - ETA: 0s - loss: 0.0042 - acc: 1.0000
1389/1389 [==============================] - 0s 16us/step - loss: 0.0040 - acc: 1.0000 - val_loss: 0.0564 - val_acc: 0.9785
Epoch 24/30

 100/1389 [=>............................] - ETA: 0s - loss: 0.0036 - acc: 1.0000
1389/1389 [==============================] - 0s 17us/step - loss: 0.0037 - acc: 1.0000 - val_loss: 0.0555 - val_acc: 0.9785
Epoch 25/30

 100/1389 [=>............................] - ETA: 0s - loss: 0.0044 - acc: 1.0000
1389/1389 [==============================] - 0s 17us/step - loss: 0.0035 - acc: 1.0000 - val_loss: 0.0561 - val_acc: 0.9785
Epoch 26/30

 100/1389 [=>............................] - ETA: 0s - loss: 0.0039 - acc: 1.0000
1389/1389 [==============================] - 0s 16us/step - loss: 0.0032 - acc: 1.0000 - val_loss: 0.0554 - val_acc: 0.9785
Epoch 27/30

 100/1389 [=>............................] - ETA: 0s - loss: 0.0026 - acc: 1.0000
1389/1389 [==============================] - 0s 18us/step - loss: 0.0030 - acc: 1.0000 - val_loss: 0.0558 - val_acc: 0.9785
Epoch 28/30

 100/1389 [=>............................] - ETA: 0s - loss: 0.0028 - acc: 1.0000
1389/1389 [==============================] - 0s 18us/step - loss: 0.0029 - acc: 1.0000 - val_loss: 0.0553 - val_acc: 0.9785
Epoch 29/30

 100/1389 [=>............................] - ETA: 0s - loss: 0.0022 - acc: 1.0000
1389/1389 [==============================] - 0s 16us/step - loss: 0.0027 - acc: 1.0000 - val_loss: 0.0552 - val_acc: 0.9785
Epoch 30/30

 100/1389 [=>............................] - ETA: 0s - loss: 0.0017 - acc: 1.0000
1389/1389 [==============================] - 0s 17us/step - loss: 0.0025 - acc: 1.0000 - val_loss: 0.0550 - val_acc: 0.9785
acc: 97.85%
Train on 1390 samples, validate on 232 samples
Epoch 1/30

 100/1390 [=>............................] - ETA: 7s - loss: 0.7120 - acc: 0.4700
1390/1390 [==============================] - 1s 476us/step - loss: 0.5012 - acc: 0.8460 - val_loss: 0.3060 - val_acc: 0.9569
Epoch 2/30

 100/1390 [=>............................] - ETA: 0s - loss: 0.2718 - acc: 0.9800
1390/1390 [==============================] - 0s 18us/step - loss: 0.2027 - acc: 0.9727 - val_loss: 0.1577 - val_acc: 0.9655
Epoch 3/30

 100/1390 [=>............................] - ETA: 0s - loss: 0.1329 - acc: 0.9600
1390/1390 [==============================] - 0s 17us/step - loss: 0.1083 - acc: 0.9777 - val_loss: 0.1163 - val_acc: 0.9698
Epoch 4/30

 100/1390 [=>............................] - ETA: 0s - loss: 0.0595 - acc: 1.0000
1390/1390 [==============================] - 0s 18us/step - loss: 0.0716 - acc: 0.9871 - val_loss: 0.1031 - val_acc: 0.9741
Epoch 5/30

 100/1390 [=>............................] - ETA: 0s - loss: 0.0627 - acc: 0.9900
1390/1390 [==============================] - 0s 16us/step - loss: 0.0528 - acc: 0.9921 - val_loss: 0.0977 - val_acc: 0.9741
Epoch 6/30

 100/1390 [=>............................] - ETA: 0s - loss: 0.0367 - acc: 0.9900
1390/1390 [==============================] - 0s 16us/step - loss: 0.0402 - acc: 0.9935 - val_loss: 0.0909 - val_acc: 0.9741
Epoch 7/30

 100/1390 [=>............................] - ETA: 0s - loss: 0.0423 - acc: 0.9900
1390/1390 [==============================] - 0s 16us/step - loss: 0.0325 - acc: 0.9957 - val_loss: 0.0905 - val_acc: 0.9741
Epoch 8/30

 100/1390 [=>............................] - ETA: 0s - loss: 0.0190 - acc: 1.0000
1390/1390 [==============================] - 0s 16us/step - loss: 0.0258 - acc: 0.9971 - val_loss: 0.0846 - val_acc: 0.9741
Epoch 9/30

 100/1390 [=>............................] - ETA: 0s - loss: 0.0190 - acc: 1.0000
1390/1390 [==============================] - 0s 16us/step - loss: 0.0215 - acc: 0.9978 - val_loss: 0.0854 - val_acc: 0.9741
Epoch 10/30

 100/1390 [=>............................] - ETA: 0s - loss: 0.0138 - acc: 1.0000
1390/1390 [==============================] - 0s 16us/step - loss: 0.0185 - acc: 0.9978 - val_loss: 0.0848 - val_acc: 0.9741
Epoch 11/30

 100/1390 [=>............................] - ETA: 0s - loss: 0.0126 - acc: 1.0000
1390/1390 [==============================] - 0s 16us/step - loss: 0.0159 - acc: 0.9993 - val_loss: 0.0814 - val_acc: 0.9784
Epoch 12/30

 100/1390 [=>............................] - ETA: 0s - loss: 0.0163 - acc: 1.0000
1390/1390 [==============================] - 0s 16us/step - loss: 0.0135 - acc: 0.9993 - val_loss: 0.0821 - val_acc: 0.9741
Epoch 13/30

 100/1390 [=>............................] - ETA: 0s - loss: 0.0114 - acc: 1.0000
1390/1390 [==============================] - 0s 16us/step - loss: 0.0118 - acc: 0.9993 - val_loss: 0.0803 - val_acc: 0.9741
Epoch 14/30

 100/1390 [=>............................] - ETA: 0s - loss: 0.0097 - acc: 1.0000
1390/1390 [==============================] - 0s 16us/step - loss: 0.0102 - acc: 0.9993 - val_loss: 0.0798 - val_acc: 0.9741
Epoch 15/30

 100/1390 [=>............................] - ETA: 0s - loss: 0.0098 - acc: 1.0000
1390/1390 [==============================] - 0s 17us/step - loss: 0.0091 - acc: 0.9993 - val_loss: 0.0790 - val_acc: 0.9828
Epoch 16/30

 100/1390 [=>............................] - ETA: 0s - loss: 0.0092 - acc: 1.0000
1390/1390 [==============================] - 0s 17us/step - loss: 0.0081 - acc: 0.9993 - val_loss: 0.0780 - val_acc: 0.9828
Epoch 17/30

 100/1390 [=>............................] - ETA: 0s - loss: 0.0061 - acc: 1.0000
1390/1390 [==============================] - 0s 17us/step - loss: 0.0073 - acc: 0.9993 - val_loss: 0.0781 - val_acc: 0.9828
Epoch 18/30

 100/1390 [=>............................] - ETA: 0s - loss: 0.0088 - acc: 1.0000
1390/1390 [==============================] - 0s 16us/step - loss: 0.0067 - acc: 1.0000 - val_loss: 0.0778 - val_acc: 0.9828
Epoch 19/30

 100/1390 [=>............................] - ETA: 0s - loss: 0.0046 - acc: 1.0000
1390/1390 [==============================] - 0s 18us/step - loss: 0.0060 - acc: 1.0000 - val_loss: 0.0769 - val_acc: 0.9828
Epoch 20/30

 100/1390 [=>............................] - ETA: 0s - loss: 0.0057 - acc: 1.0000
1390/1390 [==============================] - 0s 16us/step - loss: 0.0055 - acc: 1.0000 - val_loss: 0.0768 - val_acc: 0.9828
Epoch 21/30

 100/1390 [=>............................] - ETA: 0s - loss: 0.0045 - acc: 1.0000
1390/1390 [==============================] - 0s 17us/step - loss: 0.0050 - acc: 1.0000 - val_loss: 0.0767 - val_acc: 0.9828
Epoch 22/30

 100/1390 [=>............................] - ETA: 0s - loss: 0.0048 - acc: 1.0000
1390/1390 [==============================] - 0s 17us/step - loss: 0.0046 - acc: 1.0000 - val_loss: 0.0764 - val_acc: 0.9828
Epoch 23/30

 100/1390 [=>............................] - ETA: 0s - loss: 0.0045 - acc: 1.0000
1390/1390 [==============================] - 0s 17us/step - loss: 0.0043 - acc: 1.0000 - val_loss: 0.0762 - val_acc: 0.9828
Epoch 24/30

 100/1390 [=>............................] - ETA: 0s - loss: 0.0035 - acc: 1.0000
1390/1390 [==============================] - 0s 17us/step - loss: 0.0040 - acc: 1.0000 - val_loss: 0.0755 - val_acc: 0.9828
Epoch 25/30

 100/1390 [=>............................] - ETA: 0s - loss: 0.0043 - acc: 1.0000
1390/1390 [==============================] - 0s 18us/step - loss: 0.0036 - acc: 1.0000 - val_loss: 0.0765 - val_acc: 0.9828
Epoch 26/30

 100/1390 [=>............................] - ETA: 0s - loss: 0.0033 - acc: 1.0000
1390/1390 [==============================] - 0s 17us/step - loss: 0.0034 - acc: 1.0000 - val_loss: 0.0761 - val_acc: 0.9828
Epoch 27/30

 100/1390 [=>............................] - ETA: 0s - loss: 0.0025 - acc: 1.0000
1390/1390 [==============================] - 0s 17us/step - loss: 0.0032 - acc: 1.0000 - val_loss: 0.0761 - val_acc: 0.9828
Epoch 28/30

 100/1390 [=>............................] - ETA: 0s - loss: 0.0027 - acc: 1.0000
1390/1390 [==============================] - 0s 18us/step - loss: 0.0030 - acc: 1.0000 - val_loss: 0.0757 - val_acc: 0.9828
Epoch 29/30

 100/1390 [=>............................] - ETA: 0s - loss: 0.0033 - acc: 1.0000
1390/1390 [==============================] - 0s 17us/step - loss: 0.0028 - acc: 1.0000 - val_loss: 0.0765 - val_acc: 0.9828
Epoch 30/30

 100/1390 [=>............................] - ETA: 0s - loss: 0.0018 - acc: 1.0000
1390/1390 [==============================] - 0s 17us/step - loss: 0.0026 - acc: 1.0000 - val_loss: 0.0762 - val_acc: 0.9828
acc: 98.28%
Train on 1391 samples, validate on 231 samples
Epoch 1/30

 100/1391 [=>............................] - ETA: 8s - loss: 0.6962 - acc: 0.4800
1391/1391 [==============================] - 1s 554us/step - loss: 0.5253 - acc: 0.8124 - val_loss: 0.3348 - val_acc: 0.9827
Epoch 2/30

 100/1391 [=>............................] - ETA: 0s - loss: 0.2913 - acc: 1.0000
1391/1391 [==============================] - 0s 19us/step - loss: 0.2336 - acc: 0.9662 - val_loss: 0.1526 - val_acc: 0.9827
Epoch 3/30

 100/1391 [=>............................] - ETA: 0s - loss: 0.1367 - acc: 0.9800
1391/1391 [==============================] - 0s 19us/step - loss: 0.1247 - acc: 0.9734 - val_loss: 0.0987 - val_acc: 0.9784
Epoch 4/30

 100/1391 [=>............................] - ETA: 0s - loss: 0.0933 - acc: 0.9900
1391/1391 [==============================] - 0s 17us/step - loss: 0.0830 - acc: 0.9820 - val_loss: 0.0771 - val_acc: 0.9784
Epoch 5/30

 100/1391 [=>............................] - ETA: 0s - loss: 0.0761 - acc: 0.9800
1391/1391 [==============================] - 0s 17us/step - loss: 0.0596 - acc: 0.9885 - val_loss: 0.0681 - val_acc: 0.9784
Epoch 6/30

 100/1391 [=>............................] - ETA: 0s - loss: 0.0542 - acc: 0.9900
1391/1391 [==============================] - 0s 17us/step - loss: 0.0457 - acc: 0.9942 - val_loss: 0.0640 - val_acc: 0.9784
Epoch 7/30

 100/1391 [=>............................] - ETA: 0s - loss: 0.0281 - acc: 1.0000
1391/1391 [==============================] - 0s 16us/step - loss: 0.0352 - acc: 0.9957 - val_loss: 0.0596 - val_acc: 0.9784
Epoch 8/30

 100/1391 [=>............................] - ETA: 0s - loss: 0.0237 - acc: 1.0000
1391/1391 [==============================] - 0s 17us/step - loss: 0.0287 - acc: 0.9986 - val_loss: 0.0577 - val_acc: 0.9784
Epoch 9/30

 100/1391 [=>............................] - ETA: 0s - loss: 0.0179 - acc: 1.0000
1391/1391 [==============================] - 0s 18us/step - loss: 0.0236 - acc: 0.9986 - val_loss: 0.0577 - val_acc: 0.9784
Epoch 10/30

 100/1391 [=>............................] - ETA: 0s - loss: 0.0315 - acc: 0.9900
1391/1391 [==============================] - 0s 16us/step - loss: 0.0197 - acc: 0.9986 - val_loss: 0.0515 - val_acc: 0.9784
Epoch 11/30

 100/1391 [=>............................] - ETA: 0s - loss: 0.0166 - acc: 1.0000
1391/1391 [==============================] - 0s 18us/step - loss: 0.0171 - acc: 0.9986 - val_loss: 0.0540 - val_acc: 0.9784
Epoch 12/30

 100/1391 [=>............................] - ETA: 0s - loss: 0.0209 - acc: 1.0000
1391/1391 [==============================] - 0s 17us/step - loss: 0.0146 - acc: 0.9986 - val_loss: 0.0521 - val_acc: 0.9784
Epoch 13/30

 100/1391 [=>............................] - ETA: 0s - loss: 0.0162 - acc: 1.0000
1391/1391 [==============================] - 0s 17us/step - loss: 0.0129 - acc: 0.9993 - val_loss: 0.0509 - val_acc: 0.9784
Epoch 14/30

 100/1391 [=>............................] - ETA: 0s - loss: 0.0201 - acc: 1.0000
1391/1391 [==============================] - 0s 18us/step - loss: 0.0112 - acc: 1.0000 - val_loss: 0.0506 - val_acc: 0.9827
Epoch 15/30

 100/1391 [=>............................] - ETA: 0s - loss: 0.0075 - acc: 1.0000
1391/1391 [==============================] - 0s 17us/step - loss: 0.0100 - acc: 0.9993 - val_loss: 0.0474 - val_acc: 0.9827
Epoch 16/30

 100/1391 [=>............................] - ETA: 0s - loss: 0.0080 - acc: 1.0000
1391/1391 [==============================] - 0s 18us/step - loss: 0.0086 - acc: 1.0000 - val_loss: 0.0481 - val_acc: 0.9784
Epoch 17/30

 100/1391 [=>............................] - ETA: 0s - loss: 0.0067 - acc: 1.0000
1391/1391 [==============================] - 0s 18us/step - loss: 0.0076 - acc: 1.0000 - val_loss: 0.0466 - val_acc: 0.9827
Epoch 18/30

 100/1391 [=>............................] - ETA: 0s - loss: 0.0045 - acc: 1.0000
1391/1391 [==============================] - 0s 17us/step - loss: 0.0068 - acc: 1.0000 - val_loss: 0.0456 - val_acc: 0.9827
Epoch 19/30

 100/1391 [=>............................] - ETA: 0s - loss: 0.0061 - acc: 1.0000
1391/1391 [==============================] - 0s 17us/step - loss: 0.0062 - acc: 1.0000 - val_loss: 0.0460 - val_acc: 0.9827
Epoch 20/30

 100/1391 [=>............................] - ETA: 0s - loss: 0.0062 - acc: 1.0000
1391/1391 [==============================] - 0s 20us/step - loss: 0.0056 - acc: 1.0000 - val_loss: 0.0458 - val_acc: 0.9827
Epoch 21/30

 100/1391 [=>............................] - ETA: 0s - loss: 0.0065 - acc: 1.0000
1391/1391 [==============================] - 0s 17us/step - loss: 0.0052 - acc: 1.0000 - val_loss: 0.0441 - val_acc: 0.9827
Epoch 22/30

 100/1391 [=>............................] - ETA: 0s - loss: 0.0050 - acc: 1.0000
1391/1391 [==============================] - 0s 20us/step - loss: 0.0048 - acc: 1.0000 - val_loss: 0.0459 - val_acc: 0.9827
Epoch 23/30

 100/1391 [=>............................] - ETA: 0s - loss: 0.0046 - acc: 1.0000
1391/1391 [==============================] - 0s 18us/step - loss: 0.0044 - acc: 1.0000 - val_loss: 0.0439 - val_acc: 0.9827
Epoch 24/30

 100/1391 [=>............................] - ETA: 0s - loss: 0.0029 - acc: 1.0000
1391/1391 [==============================] - 0s 17us/step - loss: 0.0041 - acc: 1.0000 - val_loss: 0.0443 - val_acc: 0.9827
Epoch 25/30

 100/1391 [=>............................] - ETA: 0s - loss: 0.0029 - acc: 1.0000
1391/1391 [==============================] - 0s 17us/step - loss: 0.0038 - acc: 1.0000 - val_loss: 0.0440 - val_acc: 0.9827
Epoch 26/30

 100/1391 [=>............................] - ETA: 0s - loss: 0.0031 - acc: 1.0000
1391/1391 [==============================] - 0s 17us/step - loss: 0.0035 - acc: 1.0000 - val_loss: 0.0446 - val_acc: 0.9827
Epoch 27/30

 100/1391 [=>............................] - ETA: 0s - loss: 0.0042 - acc: 1.0000
1391/1391 [==============================] - 0s 17us/step - loss: 0.0033 - acc: 1.0000 - val_loss: 0.0446 - val_acc: 0.9827
Epoch 28/30

 100/1391 [=>............................] - ETA: 0s - loss: 0.0031 - acc: 1.0000
1391/1391 [==============================] - 0s 17us/step - loss: 0.0031 - acc: 1.0000 - val_loss: 0.0448 - val_acc: 0.9827
Epoch 29/30

 100/1391 [=>............................] - ETA: 0s - loss: 0.0028 - acc: 1.0000
1391/1391 [==============================] - 0s 17us/step - loss: 0.0029 - acc: 1.0000 - val_loss: 0.0444 - val_acc: 0.9827
Epoch 30/30

 100/1391 [=>............................] - ETA: 0s - loss: 0.0019 - acc: 1.0000
1391/1391 [==============================] - 0s 17us/step - loss: 0.0027 - acc: 1.0000 - val_loss: 0.0441 - val_acc: 0.9827
acc: 98.27%
Train on 1391 samples, validate on 231 samples
Epoch 1/30

 100/1391 [=>............................] - ETA: 9s - loss: 0.6884 - acc: 0.6200
1391/1391 [==============================] - 1s 626us/step - loss: 0.5090 - acc: 0.8174 - val_loss: 0.2887 - val_acc: 0.9740
Epoch 2/30

 100/1391 [=>............................] - ETA: 0s - loss: 0.3270 - acc: 0.9600
1391/1391 [==============================] - 0s 19us/step - loss: 0.2032 - acc: 0.9712 - val_loss: 0.1357 - val_acc: 0.9740
Epoch 3/30

 100/1391 [=>............................] - ETA: 0s - loss: 0.1500 - acc: 0.9700
1391/1391 [==============================] - 0s 17us/step - loss: 0.1049 - acc: 0.9827 - val_loss: 0.0953 - val_acc: 0.9740
Epoch 4/30

 100/1391 [=>............................] - ETA: 0s - loss: 0.0755 - acc: 0.9900
1391/1391 [==============================] - 0s 18us/step - loss: 0.0669 - acc: 0.9863 - val_loss: 0.0851 - val_acc: 0.9740
Epoch 5/30

 100/1391 [=>............................] - ETA: 0s - loss: 0.0408 - acc: 1.0000
1391/1391 [==============================] - 0s 18us/step - loss: 0.0466 - acc: 0.9950 - val_loss: 0.0803 - val_acc: 0.9740
Epoch 6/30

 100/1391 [=>............................] - ETA: 0s - loss: 0.0328 - acc: 1.0000
1391/1391 [==============================] - 0s 17us/step - loss: 0.0353 - acc: 0.9957 - val_loss: 0.0778 - val_acc: 0.9740
Epoch 7/30

 100/1391 [=>............................] - ETA: 0s - loss: 0.0375 - acc: 1.0000
1391/1391 [==============================] - 0s 18us/step - loss: 0.0274 - acc: 0.9978 - val_loss: 0.0753 - val_acc: 0.9740
Epoch 8/30

 100/1391 [=>............................] - ETA: 0s - loss: 0.0190 - acc: 1.0000
1391/1391 [==============================] - 0s 17us/step - loss: 0.0214 - acc: 0.9986 - val_loss: 0.0738 - val_acc: 0.9740
Epoch 9/30

 100/1391 [=>............................] - ETA: 0s - loss: 0.0129 - acc: 1.0000
1391/1391 [==============================] - 0s 18us/step - loss: 0.0177 - acc: 0.9993 - val_loss: 0.0747 - val_acc: 0.9740
Epoch 10/30

 100/1391 [=>............................] - ETA: 0s - loss: 0.0116 - acc: 1.0000
1391/1391 [==============================] - 0s 18us/step - loss: 0.0149 - acc: 0.9993 - val_loss: 0.0727 - val_acc: 0.9740
Epoch 11/30

 100/1391 [=>............................] - ETA: 0s - loss: 0.0127 - acc: 1.0000
1391/1391 [==============================] - 0s 18us/step - loss: 0.0126 - acc: 0.9993 - val_loss: 0.0732 - val_acc: 0.9697
Epoch 12/30

 100/1391 [=>............................] - ETA: 0s - loss: 0.0165 - acc: 0.9900
1391/1391 [==============================] - 0s 17us/step - loss: 0.0109 - acc: 0.9993 - val_loss: 0.0735 - val_acc: 0.9740
Epoch 13/30

 100/1391 [=>............................] - ETA: 0s - loss: 0.0083 - acc: 1.0000
1391/1391 [==============================] - 0s 18us/step - loss: 0.0094 - acc: 0.9993 - val_loss: 0.0745 - val_acc: 0.9740
Epoch 14/30

 100/1391 [=>............................] - ETA: 0s - loss: 0.0060 - acc: 1.0000
1391/1391 [==============================] - 0s 18us/step - loss: 0.0084 - acc: 0.9993 - val_loss: 0.0739 - val_acc: 0.9740
Epoch 15/30

 100/1391 [=>............................] - ETA: 0s - loss: 0.0061 - acc: 1.0000
1391/1391 [==============================] - 0s 17us/step - loss: 0.0074 - acc: 1.0000 - val_loss: 0.0754 - val_acc: 0.9697
Epoch 16/30

 100/1391 [=>............................] - ETA: 0s - loss: 0.0066 - acc: 1.0000
1391/1391 [==============================] - 0s 17us/step - loss: 0.0066 - acc: 1.0000 - val_loss: 0.0754 - val_acc: 0.9740
Epoch 17/30

 100/1391 [=>............................] - ETA: 0s - loss: 0.0056 - acc: 1.0000
1391/1391 [==============================] - 0s 17us/step - loss: 0.0060 - acc: 1.0000 - val_loss: 0.0751 - val_acc: 0.9740
Epoch 18/30

 100/1391 [=>............................] - ETA: 0s - loss: 0.0052 - acc: 1.0000
1391/1391 [==============================] - 0s 17us/step - loss: 0.0055 - acc: 1.0000 - val_loss: 0.0743 - val_acc: 0.9740
Epoch 19/30

 100/1391 [=>............................] - ETA: 0s - loss: 0.0040 - acc: 1.0000
1391/1391 [==============================] - 0s 18us/step - loss: 0.0049 - acc: 1.0000 - val_loss: 0.0739 - val_acc: 0.9740
Epoch 20/30

 100/1391 [=>............................] - ETA: 0s - loss: 0.0043 - acc: 1.0000
1391/1391 [==============================] - 0s 17us/step - loss: 0.0045 - acc: 1.0000 - val_loss: 0.0749 - val_acc: 0.9740
Epoch 21/30

 100/1391 [=>............................] - ETA: 0s - loss: 0.0040 - acc: 1.0000
1391/1391 [==============================] - 0s 17us/step - loss: 0.0041 - acc: 1.0000 - val_loss: 0.0737 - val_acc: 0.9740
Epoch 22/30

 100/1391 [=>............................] - ETA: 0s - loss: 0.0055 - acc: 1.0000
1391/1391 [==============================] - 0s 17us/step - loss: 0.0038 - acc: 1.0000 - val_loss: 0.0744 - val_acc: 0.9740
Epoch 23/30

 100/1391 [=>............................] - ETA: 0s - loss: 0.0031 - acc: 1.0000
1391/1391 [==============================] - 0s 17us/step - loss: 0.0035 - acc: 1.0000 - val_loss: 0.0749 - val_acc: 0.9740
Epoch 24/30

 100/1391 [=>............................] - ETA: 0s - loss: 0.0035 - acc: 1.0000
1391/1391 [==============================] - 0s 17us/step - loss: 0.0032 - acc: 1.0000 - val_loss: 0.0748 - val_acc: 0.9784
Epoch 25/30

 100/1391 [=>............................] - ETA: 0s - loss: 0.0035 - acc: 1.0000
1391/1391 [==============================] - 0s 17us/step - loss: 0.0030 - acc: 1.0000 - val_loss: 0.0751 - val_acc: 0.9740
Epoch 26/30

 100/1391 [=>............................] - ETA: 0s - loss: 0.0029 - acc: 1.0000
1391/1391 [==============================] - 0s 17us/step - loss: 0.0028 - acc: 1.0000 - val_loss: 0.0756 - val_acc: 0.9784
Epoch 27/30

 100/1391 [=>............................] - ETA: 0s - loss: 0.0024 - acc: 1.0000
1391/1391 [==============================] - 0s 17us/step - loss: 0.0026 - acc: 1.0000 - val_loss: 0.0760 - val_acc: 0.9740
Epoch 28/30

 100/1391 [=>............................] - ETA: 0s - loss: 0.0029 - acc: 1.0000
1391/1391 [==============================] - 0s 18us/step - loss: 0.0025 - acc: 1.0000 - val_loss: 0.0762 - val_acc: 0.9784
Epoch 29/30

 100/1391 [=>............................] - ETA: 0s - loss: 0.0043 - acc: 1.0000
1391/1391 [==============================] - 0s 18us/step - loss: 0.0023 - acc: 1.0000 - val_loss: 0.0768 - val_acc: 0.9784
Epoch 30/30

 100/1391 [=>............................] - ETA: 0s - loss: 0.0045 - acc: 1.0000
1391/1391 [==============================] - 0s 19us/step - loss: 0.0022 - acc: 1.0000 - val_loss: 0.0773 - val_acc: 0.9740
acc: 97.40%
Train on 1391 samples, validate on 231 samples
Epoch 1/30

 100/1391 [=>............................] - ETA: 11s - loss: 0.6946 - acc: 0.5200
1391/1391 [==============================] - 1s 741us/step - loss: 0.5131 - acc: 0.8174 - val_loss: 0.3103 - val_acc: 0.9697
Epoch 2/30

 100/1391 [=>............................] - ETA: 0s - loss: 0.2916 - acc: 0.9900
1391/1391 [==============================] - 0s 18us/step - loss: 0.2185 - acc: 0.9720 - val_loss: 0.1499 - val_acc: 0.9697
Epoch 3/30

 100/1391 [=>............................] - ETA: 0s - loss: 0.1320 - acc: 0.9800
1391/1391 [==============================] - 0s 18us/step - loss: 0.1123 - acc: 0.9813 - val_loss: 0.1080 - val_acc: 0.9697
Epoch 4/30

 100/1391 [=>............................] - ETA: 0s - loss: 0.0902 - acc: 0.9800
1391/1391 [==============================] - 0s 19us/step - loss: 0.0745 - acc: 0.9871 - val_loss: 0.0931 - val_acc: 0.9697
Epoch 5/30

 100/1391 [=>............................] - ETA: 0s - loss: 0.0498 - acc: 1.0000
1391/1391 [==============================] - 0s 17us/step - loss: 0.0535 - acc: 0.9914 - val_loss: 0.0862 - val_acc: 0.9654
Epoch 6/30

 100/1391 [=>............................] - ETA: 0s - loss: 0.0637 - acc: 0.9800
1391/1391 [==============================] - 0s 18us/step - loss: 0.0412 - acc: 0.9942 - val_loss: 0.0849 - val_acc: 0.9697
Epoch 7/30

 100/1391 [=>............................] - ETA: 0s - loss: 0.0292 - acc: 1.0000
1391/1391 [==============================] - 0s 17us/step - loss: 0.0326 - acc: 0.9964 - val_loss: 0.0824 - val_acc: 0.9654
Epoch 8/30

 100/1391 [=>............................] - ETA: 0s - loss: 0.0338 - acc: 1.0000
1391/1391 [==============================] - 0s 17us/step - loss: 0.0260 - acc: 0.9978 - val_loss: 0.0783 - val_acc: 0.9740
Epoch 9/30

 100/1391 [=>............................] - ETA: 0s - loss: 0.0205 - acc: 1.0000
1391/1391 [==============================] - 0s 18us/step - loss: 0.0214 - acc: 0.9978 - val_loss: 0.0757 - val_acc: 0.9697
Epoch 10/30

 100/1391 [=>............................] - ETA: 0s - loss: 0.0129 - acc: 1.0000
1391/1391 [==============================] - 0s 18us/step - loss: 0.0179 - acc: 0.9986 - val_loss: 0.0771 - val_acc: 0.9740
Epoch 11/30

 100/1391 [=>............................] - ETA: 0s - loss: 0.0168 - acc: 1.0000
1391/1391 [==============================] - 0s 17us/step - loss: 0.0155 - acc: 0.9986 - val_loss: 0.0742 - val_acc: 0.9697
Epoch 12/30

 100/1391 [=>............................] - ETA: 0s - loss: 0.0100 - acc: 1.0000
1391/1391 [==============================] - 0s 20us/step - loss: 0.0129 - acc: 0.9993 - val_loss: 0.0756 - val_acc: 0.9740
Epoch 13/30

 100/1391 [=>............................] - ETA: 0s - loss: 0.0117 - acc: 1.0000
1391/1391 [==============================] - 0s 17us/step - loss: 0.0115 - acc: 0.9993 - val_loss: 0.0747 - val_acc: 0.9740
Epoch 14/30

 100/1391 [=>............................] - ETA: 0s - loss: 0.0100 - acc: 1.0000
1391/1391 [==============================] - 0s 18us/step - loss: 0.0100 - acc: 0.9993 - val_loss: 0.0737 - val_acc: 0.9740
Epoch 15/30

 100/1391 [=>............................] - ETA: 0s - loss: 0.0060 - acc: 1.0000
1391/1391 [==============================] - 0s 18us/step - loss: 0.0089 - acc: 1.0000 - val_loss: 0.0752 - val_acc: 0.9740
Epoch 16/30

 100/1391 [=>............................] - ETA: 0s - loss: 0.0069 - acc: 1.0000
1391/1391 [==============================] - 0s 18us/step - loss: 0.0079 - acc: 1.0000 - val_loss: 0.0749 - val_acc: 0.9740
Epoch 17/30

 100/1391 [=>............................] - ETA: 0s - loss: 0.0074 - acc: 1.0000
1391/1391 [==============================] - 0s 18us/step - loss: 0.0071 - acc: 1.0000 - val_loss: 0.0751 - val_acc: 0.9740
Epoch 18/30

 100/1391 [=>............................] - ETA: 0s - loss: 0.0080 - acc: 1.0000
1391/1391 [==============================] - 0s 18us/step - loss: 0.0065 - acc: 1.0000 - val_loss: 0.0758 - val_acc: 0.9784
Epoch 19/30

 100/1391 [=>............................] - ETA: 0s - loss: 0.0063 - acc: 1.0000
1391/1391 [==============================] - 0s 17us/step - loss: 0.0059 - acc: 1.0000 - val_loss: 0.0742 - val_acc: 0.9740
Epoch 20/30

 100/1391 [=>............................] - ETA: 0s - loss: 0.0098 - acc: 1.0000
1391/1391 [==============================] - 0s 17us/step - loss: 0.0053 - acc: 1.0000 - val_loss: 0.0755 - val_acc: 0.9784
Epoch 21/30

 100/1391 [=>............................] - ETA: 0s - loss: 0.0053 - acc: 1.0000
1391/1391 [==============================] - 0s 18us/step - loss: 0.0049 - acc: 1.0000 - val_loss: 0.0762 - val_acc: 0.9784
Epoch 22/30

 100/1391 [=>............................] - ETA: 0s - loss: 0.0032 - acc: 1.0000
1391/1391 [==============================] - 0s 17us/step - loss: 0.0045 - acc: 1.0000 - val_loss: 0.0758 - val_acc: 0.9784
Epoch 23/30

 100/1391 [=>............................] - ETA: 0s - loss: 0.0032 - acc: 1.0000
1391/1391 [==============================] - 0s 17us/step - loss: 0.0042 - acc: 1.0000 - val_loss: 0.0764 - val_acc: 0.9784
Epoch 24/30

 100/1391 [=>............................] - ETA: 0s - loss: 0.0039 - acc: 1.0000
1391/1391 [==============================] - 0s 17us/step - loss: 0.0039 - acc: 1.0000 - val_loss: 0.0764 - val_acc: 0.9784
Epoch 25/30

 100/1391 [=>............................] - ETA: 0s - loss: 0.0043 - acc: 1.0000
1391/1391 [==============================] - 0s 17us/step - loss: 0.0036 - acc: 1.0000 - val_loss: 0.0777 - val_acc: 0.9784
Epoch 26/30

 100/1391 [=>............................] - ETA: 0s - loss: 0.0030 - acc: 1.0000
1391/1391 [==============================] - 0s 17us/step - loss: 0.0034 - acc: 1.0000 - val_loss: 0.0773 - val_acc: 0.9784
Epoch 27/30

 100/1391 [=>............................] - ETA: 0s - loss: 0.0029 - acc: 1.0000
1391/1391 [==============================] - 0s 17us/step - loss: 0.0032 - acc: 1.0000 - val_loss: 0.0778 - val_acc: 0.9784
Epoch 28/30

 100/1391 [=>............................] - ETA: 0s - loss: 0.0026 - acc: 1.0000
1391/1391 [==============================] - 0s 17us/step - loss: 0.0030 - acc: 1.0000 - val_loss: 0.0780 - val_acc: 0.9784
Epoch 29/30

 100/1391 [=>............................] - ETA: 0s - loss: 0.0063 - acc: 1.0000
1391/1391 [==============================] - 0s 18us/step - loss: 0.0028 - acc: 1.0000 - val_loss: 0.0783 - val_acc: 0.9784
Epoch 30/30

 100/1391 [=>............................] - ETA: 0s - loss: 0.0022 - acc: 1.0000
1391/1391 [==============================] - 0s 17us/step - loss: 0.0027 - acc: 1.0000 - val_loss: 0.0785 - val_acc: 0.9784
acc: 97.84%
Train on 1391 samples, validate on 231 samples
Epoch 1/30

 100/1391 [=>............................] - ETA: 13s - loss: 0.6892 - acc: 0.5100
1391/1391 [==============================] - 1s 831us/step - loss: 0.4889 - acc: 0.8497 - val_loss: 0.2704 - val_acc: 0.9784
Epoch 2/30

 100/1391 [=>............................] - ETA: 0s - loss: 0.2664 - acc: 0.9900
1391/1391 [==============================] - 0s 19us/step - loss: 0.1955 - acc: 0.9720 - val_loss: 0.1167 - val_acc: 0.9784
Epoch 3/30

 100/1391 [=>............................] - ETA: 0s - loss: 0.1597 - acc: 0.9600
1391/1391 [==============================] - 0s 18us/step - loss: 0.1050 - acc: 0.9813 - val_loss: 0.0793 - val_acc: 0.9784
Epoch 4/30

 100/1391 [=>............................] - ETA: 0s - loss: 0.0739 - acc: 0.9900
1391/1391 [==============================] - 0s 18us/step - loss: 0.0703 - acc: 0.9863 - val_loss: 0.0625 - val_acc: 0.9827
Epoch 5/30

 100/1391 [=>............................] - ETA: 0s - loss: 0.0516 - acc: 1.0000
1391/1391 [==============================] - 0s 17us/step - loss: 0.0516 - acc: 0.9928 - val_loss: 0.0540 - val_acc: 0.9870
Epoch 6/30

 100/1391 [=>............................] - ETA: 0s - loss: 0.0428 - acc: 0.9900
1391/1391 [==============================] - 0s 18us/step - loss: 0.0385 - acc: 0.9950 - val_loss: 0.0479 - val_acc: 0.9870
Epoch 7/30

 100/1391 [=>............................] - ETA: 0s - loss: 0.0377 - acc: 1.0000
1391/1391 [==============================] - 0s 18us/step - loss: 0.0310 - acc: 0.9964 - val_loss: 0.0453 - val_acc: 0.9870
Epoch 8/30

 100/1391 [=>............................] - ETA: 0s - loss: 0.0234 - acc: 1.0000
1391/1391 [==============================] - 0s 17us/step - loss: 0.0247 - acc: 0.9978 - val_loss: 0.0409 - val_acc: 0.9870
Epoch 9/30

 100/1391 [=>............................] - ETA: 0s - loss: 0.0188 - acc: 1.0000
1391/1391 [==============================] - 0s 17us/step - loss: 0.0204 - acc: 0.9986 - val_loss: 0.0401 - val_acc: 0.9870
Epoch 10/30

 100/1391 [=>............................] - ETA: 0s - loss: 0.0126 - acc: 1.0000
1391/1391 [==============================] - 0s 18us/step - loss: 0.0173 - acc: 0.9993 - val_loss: 0.0385 - val_acc: 0.9870
Epoch 11/30

 100/1391 [=>............................] - ETA: 0s - loss: 0.0142 - acc: 1.0000
1391/1391 [==============================] - 0s 18us/step - loss: 0.0147 - acc: 0.9993 - val_loss: 0.0374 - val_acc: 0.9870
Epoch 12/30

 100/1391 [=>............................] - ETA: 0s - loss: 0.0216 - acc: 0.9900
1391/1391 [==============================] - 0s 17us/step - loss: 0.0125 - acc: 0.9993 - val_loss: 0.0363 - val_acc: 0.9870
Epoch 13/30

 100/1391 [=>............................] - ETA: 0s - loss: 0.0089 - acc: 1.0000
1391/1391 [==============================] - 0s 18us/step - loss: 0.0109 - acc: 0.9993 - val_loss: 0.0370 - val_acc: 0.9870
Epoch 14/30

 100/1391 [=>............................] - ETA: 0s - loss: 0.0082 - acc: 1.0000
1391/1391 [==============================] - 0s 17us/step - loss: 0.0096 - acc: 0.9993 - val_loss: 0.0359 - val_acc: 0.9870
Epoch 15/30

 100/1391 [=>............................] - ETA: 0s - loss: 0.0098 - acc: 1.0000
1391/1391 [==============================] - 0s 18us/step - loss: 0.0084 - acc: 0.9993 - val_loss: 0.0350 - val_acc: 0.9870
Epoch 16/30

 100/1391 [=>............................] - ETA: 0s - loss: 0.0056 - acc: 1.0000
1391/1391 [==============================] - 0s 19us/step - loss: 0.0075 - acc: 1.0000 - val_loss: 0.0357 - val_acc: 0.9870
Epoch 17/30

 100/1391 [=>............................] - ETA: 0s - loss: 0.0079 - acc: 1.0000
1391/1391 [==============================] - 0s 18us/step - loss: 0.0068 - acc: 1.0000 - val_loss: 0.0359 - val_acc: 0.9870
Epoch 18/30

 100/1391 [=>............................] - ETA: 0s - loss: 0.0056 - acc: 1.0000
1391/1391 [==============================] - 0s 18us/step - loss: 0.0062 - acc: 0.9993 - val_loss: 0.0345 - val_acc: 0.9870
Epoch 19/30

 100/1391 [=>............................] - ETA: 0s - loss: 0.0060 - acc: 1.0000
1391/1391 [==============================] - 0s 18us/step - loss: 0.0056 - acc: 1.0000 - val_loss: 0.0343 - val_acc: 0.9870
Epoch 20/30

 100/1391 [=>............................] - ETA: 0s - loss: 0.0047 - acc: 1.0000
1391/1391 [==============================] - 0s 18us/step - loss: 0.0052 - acc: 1.0000 - val_loss: 0.0342 - val_acc: 0.9870
Epoch 21/30

 100/1391 [=>............................] - ETA: 0s - loss: 0.0054 - acc: 1.0000
1391/1391 [==============================] - 0s 18us/step - loss: 0.0047 - acc: 1.0000 - val_loss: 0.0344 - val_acc: 0.9870
Epoch 22/30

 100/1391 [=>............................] - ETA: 0s - loss: 0.0046 - acc: 1.0000
1391/1391 [==============================] - 0s 18us/step - loss: 0.0044 - acc: 1.0000 - val_loss: 0.0341 - val_acc: 0.9870
Epoch 23/30

 100/1391 [=>............................] - ETA: 0s - loss: 0.0043 - acc: 1.0000
1391/1391 [==============================] - 0s 18us/step - loss: 0.0041 - acc: 1.0000 - val_loss: 0.0349 - val_acc: 0.9870
Epoch 24/30

 100/1391 [=>............................] - ETA: 0s - loss: 0.0033 - acc: 1.0000
1391/1391 [==============================] - 0s 18us/step - loss: 0.0038 - acc: 1.0000 - val_loss: 0.0338 - val_acc: 0.9870
Epoch 25/30

 100/1391 [=>............................] - ETA: 0s - loss: 0.0029 - acc: 1.0000
1391/1391 [==============================] - 0s 18us/step - loss: 0.0035 - acc: 1.0000 - val_loss: 0.0345 - val_acc: 0.9870
Epoch 26/30

 100/1391 [=>............................] - ETA: 0s - loss: 0.0049 - acc: 1.0000
1391/1391 [==============================] - 0s 18us/step - loss: 0.0033 - acc: 1.0000 - val_loss: 0.0340 - val_acc: 0.9870
Epoch 27/30

 100/1391 [=>............................] - ETA: 0s - loss: 0.0021 - acc: 1.0000
1391/1391 [==============================] - 0s 17us/step - loss: 0.0031 - acc: 1.0000 - val_loss: 0.0337 - val_acc: 0.9870
Epoch 28/30

 100/1391 [=>............................] - ETA: 0s - loss: 0.0025 - acc: 1.0000
1391/1391 [==============================] - 0s 17us/step - loss: 0.0029 - acc: 1.0000 - val_loss: 0.0343 - val_acc: 0.9870
Epoch 29/30

 100/1391 [=>............................] - ETA: 0s - loss: 0.0042 - acc: 1.0000
1391/1391 [==============================] - 0s 17us/step - loss: 0.0027 - acc: 1.0000 - val_loss: 0.0343 - val_acc: 0.9870
Epoch 30/30

 100/1391 [=>............................] - ETA: 0s - loss: 0.0017 - acc: 1.0000
1391/1391 [==============================] - 0s 18us/step - loss: 0.0026 - acc: 1.0000 - val_loss: 0.0342 - val_acc: 0.9870
acc: 98.70%
Accuracy: 97.78% (+/- 0.77%)
