Train on 1459 samples, validate on 163 samples
Epoch 1/30

  20/1459 [..............................] - ETA: 40s - loss: 0.7006 - acc: 0.5500
 580/1459 [==========>...................] - ETA: 0s - loss: 0.3673 - acc: 0.8517 
1120/1459 [======================>.......] - ETA: 0s - loss: 0.2541 - acc: 0.9018
1459/1459 [==============================] - 1s 525us/step - loss: 0.2140 - acc: 0.9184 - val_loss: 0.1111 - val_acc: 0.9632
Epoch 2/30

  20/1459 [..............................] - ETA: 0s - loss: 0.0473 - acc: 1.0000
 440/1459 [========>.....................] - ETA: 0s - loss: 0.0450 - acc: 0.9955
 800/1459 [===============>..............] - ETA: 0s - loss: 0.0409 - acc: 0.9937
1260/1459 [========================>.....] - ETA: 0s - loss: 0.0461 - acc: 0.9897
1459/1459 [==============================] - 0s 123us/step - loss: 0.0477 - acc: 0.9883 - val_loss: 0.1046 - val_acc: 0.9571
Epoch 3/30

  20/1459 [..............................] - ETA: 0s - loss: 0.0124 - acc: 1.0000
 480/1459 [========>.....................] - ETA: 0s - loss: 0.0262 - acc: 0.9958
 860/1459 [================>.............] - ETA: 0s - loss: 0.0257 - acc: 0.9953
1360/1459 [==========================>...] - ETA: 0s - loss: 0.0216 - acc: 0.9971
1459/1459 [==============================] - 0s 114us/step - loss: 0.0214 - acc: 0.9973 - val_loss: 0.0881 - val_acc: 0.9632
Epoch 4/30

  20/1459 [..............................] - ETA: 0s - loss: 0.0131 - acc: 1.0000
 500/1459 [=========>....................] - ETA: 0s - loss: 0.0064 - acc: 1.0000
1000/1459 [===================>..........] - ETA: 0s - loss: 0.0127 - acc: 0.9980
1459/1459 [==============================] - 0s 112us/step - loss: 0.0130 - acc: 0.9979 - val_loss: 0.0909 - val_acc: 0.9693
Epoch 5/30

  20/1459 [..............................] - ETA: 0s - loss: 0.0047 - acc: 1.0000
 500/1459 [=========>....................] - ETA: 0s - loss: 0.0086 - acc: 0.9980
1000/1459 [===================>..........] - ETA: 0s - loss: 0.0088 - acc: 0.9980
1459/1459 [==============================] - 0s 105us/step - loss: 0.0095 - acc: 0.9979 - val_loss: 0.0978 - val_acc: 0.9693
Epoch 6/30

  20/1459 [..............................] - ETA: 0s - loss: 0.0014 - acc: 1.0000
 560/1459 [==========>...................] - ETA: 0s - loss: 0.0086 - acc: 0.9964
1120/1459 [======================>.......] - ETA: 0s - loss: 0.0091 - acc: 0.9973
1459/1459 [==============================] - 0s 97us/step - loss: 0.0078 - acc: 0.9979 - val_loss: 0.0954 - val_acc: 0.9632
Epoch 7/30

  20/1459 [..............................] - ETA: 0s - loss: 0.0016 - acc: 1.0000
 560/1459 [==========>...................] - ETA: 0s - loss: 0.0041 - acc: 0.9982
1120/1459 [======================>.......] - ETA: 0s - loss: 0.0053 - acc: 0.9982
1459/1459 [==============================] - 0s 97us/step - loss: 0.0050 - acc: 0.9986 - val_loss: 0.1052 - val_acc: 0.9693
Epoch 8/30

  20/1459 [..............................] - ETA: 0s - loss: 0.0011 - acc: 1.0000
 560/1459 [==========>...................] - ETA: 0s - loss: 0.0025 - acc: 1.0000
1120/1459 [======================>.......] - ETA: 0s - loss: 0.0037 - acc: 0.9991
1459/1459 [==============================] - 0s 101us/step - loss: 0.0042 - acc: 0.9993 - val_loss: 0.1046 - val_acc: 0.9755
Epoch 9/30

  20/1459 [..............................] - ETA: 0s - loss: 5.6310e-04 - acc: 1.0000
 560/1459 [==========>...................] - ETA: 0s - loss: 0.0025 - acc: 1.0000    
1060/1459 [====================>.........] - ETA: 0s - loss: 0.0023 - acc: 1.0000
1459/1459 [==============================] - 0s 100us/step - loss: 0.0030 - acc: 0.9993 - val_loss: 0.1036 - val_acc: 0.9693
Epoch 10/30

  20/1459 [..............................] - ETA: 0s - loss: 9.6375e-04 - acc: 1.0000
 560/1459 [==========>...................] - ETA: 0s - loss: 0.0012 - acc: 1.0000    
1060/1459 [====================>.........] - ETA: 0s - loss: 0.0025 - acc: 0.9991
1459/1459 [==============================] - 0s 102us/step - loss: 0.0023 - acc: 0.9993 - val_loss: 0.1008 - val_acc: 0.9693
Epoch 11/30

  20/1459 [..............................] - ETA: 0s - loss: 0.0012 - acc: 1.0000
 500/1459 [=========>....................] - ETA: 0s - loss: 0.0034 - acc: 0.9980
1080/1459 [=====================>........] - ETA: 0s - loss: 0.0021 - acc: 0.9991
1459/1459 [==============================] - 0s 99us/step - loss: 0.0020 - acc: 0.9993 - val_loss: 0.1033 - val_acc: 0.9693
Epoch 12/30

  20/1459 [..............................] - ETA: 0s - loss: 6.8003e-04 - acc: 1.0000
 540/1459 [==========>...................] - ETA: 0s - loss: 0.0020 - acc: 0.9981    
1080/1459 [=====================>........] - ETA: 0s - loss: 0.0015 - acc: 0.9991
1459/1459 [==============================] - 0s 99us/step - loss: 0.0015 - acc: 0.9993 - val_loss: 0.1060 - val_acc: 0.9693
Epoch 13/30

  20/1459 [..............................] - ETA: 0s - loss: 0.0148 - acc: 1.0000
 580/1459 [==========>...................] - ETA: 0s - loss: 0.0015 - acc: 1.0000
1180/1459 [=======================>......] - ETA: 0s - loss: 0.0018 - acc: 0.9992
1459/1459 [==============================] - 0s 92us/step - loss: 0.0016 - acc: 0.9993 - val_loss: 0.1122 - val_acc: 0.9693
Epoch 14/30

  20/1459 [..............................] - ETA: 0s - loss: 2.0090e-04 - acc: 1.0000
 660/1459 [============>.................] - ETA: 0s - loss: 9.3432e-04 - acc: 1.0000
1260/1459 [========================>.....] - ETA: 0s - loss: 0.0013 - acc: 1.0000    
1459/1459 [==============================] - 0s 88us/step - loss: 0.0012 - acc: 1.0000 - val_loss: 0.1143 - val_acc: 0.9693
Epoch 15/30

  20/1459 [..............................] - ETA: 0s - loss: 0.0236 - acc: 1.0000
 620/1459 [===========>..................] - ETA: 0s - loss: 0.0015 - acc: 1.0000
1220/1459 [========================>.....] - ETA: 0s - loss: 0.0011 - acc: 1.0000
1459/1459 [==============================] - 0s 86us/step - loss: 0.0010 - acc: 1.0000 - val_loss: 0.1127 - val_acc: 0.9693
Epoch 16/30

  20/1459 [..............................] - ETA: 0s - loss: 0.0047 - acc: 1.0000
 640/1459 [============>.................] - ETA: 0s - loss: 0.0012 - acc: 1.0000
1260/1459 [========================>.....] - ETA: 0s - loss: 8.5039e-04 - acc: 1.0000
1459/1459 [==============================] - 0s 86us/step - loss: 8.0777e-04 - acc: 1.0000 - val_loss: 0.1131 - val_acc: 0.9693
acc: 97.55%
Train on 1459 samples, validate on 163 samples
Epoch 1/30

  20/1459 [..............................] - ETA: 38s - loss: 0.6882 - acc: 0.4000
 680/1459 [============>.................] - ETA: 0s - loss: 0.3443 - acc: 0.8691 
1320/1459 [==========================>...] - ETA: 0s - loss: 0.2247 - acc: 0.9197
1459/1459 [==============================] - 1s 492us/step - loss: 0.2136 - acc: 0.9246 - val_loss: 0.1036 - val_acc: 0.9755
Epoch 2/30

  20/1459 [..............................] - ETA: 0s - loss: 0.0210 - acc: 1.0000
 620/1459 [===========>..................] - ETA: 0s - loss: 0.0576 - acc: 0.9871
1220/1459 [========================>.....] - ETA: 0s - loss: 0.0599 - acc: 0.9844
1459/1459 [==============================] - 0s 90us/step - loss: 0.0584 - acc: 0.9836 - val_loss: 0.0986 - val_acc: 0.9571
Epoch 3/30

  20/1459 [..............................] - ETA: 0s - loss: 0.0093 - acc: 1.0000
 680/1459 [============>.................] - ETA: 0s - loss: 0.0310 - acc: 0.9941
1320/1459 [==========================>...] - ETA: 0s - loss: 0.0287 - acc: 0.9947
1459/1459 [==============================] - 0s 81us/step - loss: 0.0280 - acc: 0.9938 - val_loss: 0.0802 - val_acc: 0.9755
Epoch 4/30

  20/1459 [..............................] - ETA: 0s - loss: 0.0100 - acc: 1.0000
 700/1459 [=============>................] - ETA: 0s - loss: 0.0232 - acc: 0.9943
1360/1459 [==========================>...] - ETA: 0s - loss: 0.0176 - acc: 0.9963
1459/1459 [==============================] - 0s 79us/step - loss: 0.0168 - acc: 0.9966 - val_loss: 0.0932 - val_acc: 0.9632
Epoch 5/30

  20/1459 [..............................] - ETA: 0s - loss: 0.0033 - acc: 1.0000
 680/1459 [============>.................] - ETA: 0s - loss: 0.0054 - acc: 1.0000
1320/1459 [==========================>...] - ETA: 0s - loss: 0.0084 - acc: 0.9985
1459/1459 [==============================] - 0s 80us/step - loss: 0.0088 - acc: 0.9979 - val_loss: 0.0927 - val_acc: 0.9693
Epoch 6/30

  20/1459 [..............................] - ETA: 0s - loss: 0.0037 - acc: 1.0000
 680/1459 [============>.................] - ETA: 0s - loss: 0.0046 - acc: 1.0000
1320/1459 [==========================>...] - ETA: 0s - loss: 0.0055 - acc: 0.9992
1459/1459 [==============================] - 0s 81us/step - loss: 0.0053 - acc: 0.9993 - val_loss: 0.0876 - val_acc: 0.9755
Epoch 7/30

  20/1459 [..............................] - ETA: 0s - loss: 8.1068e-04 - acc: 1.0000
 620/1459 [===========>..................] - ETA: 0s - loss: 0.0026 - acc: 1.0000    
1260/1459 [========================>.....] - ETA: 0s - loss: 0.0042 - acc: 0.9984
1459/1459 [==============================] - 0s 84us/step - loss: 0.0042 - acc: 0.9986 - val_loss: 0.1013 - val_acc: 0.9693
Epoch 8/30

  20/1459 [..............................] - ETA: 0s - loss: 0.0342 - acc: 1.0000
 600/1459 [===========>..................] - ETA: 0s - loss: 0.0042 - acc: 1.0000
1240/1459 [========================>.....] - ETA: 0s - loss: 0.0029 - acc: 1.0000
1459/1459 [==============================] - 0s 86us/step - loss: 0.0027 - acc: 1.0000 - val_loss: 0.0954 - val_acc: 0.9816
Epoch 9/30

  20/1459 [..............................] - ETA: 0s - loss: 0.0013 - acc: 1.0000
 680/1459 [============>.................] - ETA: 0s - loss: 0.0017 - acc: 1.0000
1340/1459 [==========================>...] - ETA: 0s - loss: 0.0022 - acc: 0.9993
1459/1459 [==============================] - 0s 80us/step - loss: 0.0021 - acc: 0.9993 - val_loss: 0.0899 - val_acc: 0.9755
Epoch 10/30

  20/1459 [..............................] - ETA: 0s - loss: 0.0015 - acc: 1.0000
 660/1459 [============>.................] - ETA: 0s - loss: 0.0017 - acc: 1.0000
1320/1459 [==========================>...] - ETA: 0s - loss: 0.0018 - acc: 1.0000
1459/1459 [==============================] - 0s 81us/step - loss: 0.0017 - acc: 1.0000 - val_loss: 0.0928 - val_acc: 0.9755
Epoch 11/30

  20/1459 [..............................] - ETA: 0s - loss: 7.4921e-04 - acc: 1.0000
 700/1459 [=============>................] - ETA: 0s - loss: 0.0021 - acc: 1.0000    
1340/1459 [==========================>...] - ETA: 0s - loss: 0.0015 - acc: 1.0000
1459/1459 [==============================] - 0s 79us/step - loss: 0.0015 - acc: 1.0000 - val_loss: 0.0924 - val_acc: 0.9755
Epoch 12/30

  20/1459 [..............................] - ETA: 0s - loss: 7.0447e-04 - acc: 1.0000
 680/1459 [============>.................] - ETA: 0s - loss: 7.6883e-04 - acc: 1.0000
1100/1459 [=====================>........] - ETA: 0s - loss: 9.4828e-04 - acc: 1.0000
1459/1459 [==============================] - 0s 103us/step - loss: 0.0012 - acc: 1.0000 - val_loss: 0.0929 - val_acc: 0.9755
Epoch 13/30

  20/1459 [..............................] - ETA: 0s - loss: 0.0020 - acc: 1.0000
 520/1459 [=========>....................] - ETA: 0s - loss: 8.2316e-04 - acc: 1.0000
1100/1459 [=====================>........] - ETA: 0s - loss: 0.0010 - acc: 1.0000    
1459/1459 [==============================] - 0s 93us/step - loss: 0.0010 - acc: 1.0000 - val_loss: 0.0946 - val_acc: 0.9693
Epoch 14/30

  20/1459 [..............................] - ETA: 0s - loss: 6.8314e-04 - acc: 1.0000
 700/1459 [=============>................] - ETA: 0s - loss: 4.8895e-04 - acc: 1.0000
1340/1459 [==========================>...] - ETA: 0s - loss: 6.9158e-04 - acc: 1.0000
1459/1459 [==============================] - 0s 79us/step - loss: 9.3756e-04 - acc: 1.0000 - val_loss: 0.0945 - val_acc: 0.9693
Epoch 15/30

  20/1459 [..............................] - ETA: 0s - loss: 7.1223e-04 - acc: 1.0000
 660/1459 [============>.................] - ETA: 0s - loss: 9.9206e-04 - acc: 1.0000
1320/1459 [==========================>...] - ETA: 0s - loss: 7.8788e-04 - acc: 1.0000
1459/1459 [==============================] - 0s 80us/step - loss: 7.9430e-04 - acc: 1.0000 - val_loss: 0.0952 - val_acc: 0.9693
Epoch 16/30

  20/1459 [..............................] - ETA: 0s - loss: 5.2541e-04 - acc: 1.0000
 700/1459 [=============>................] - ETA: 0s - loss: 9.9817e-04 - acc: 1.0000
1360/1459 [==========================>...] - ETA: 0s - loss: 7.3956e-04 - acc: 1.0000
1459/1459 [==============================] - 0s 80us/step - loss: 7.1577e-04 - acc: 1.0000 - val_loss: 0.0963 - val_acc: 0.9693
acc: 98.16%
Train on 1459 samples, validate on 163 samples
Epoch 1/30

  20/1459 [..............................] - ETA: 44s - loss: 0.7079 - acc: 0.4000
 660/1459 [============>.................] - ETA: 0s - loss: 0.3311 - acc: 0.8727 
1320/1459 [==========================>...] - ETA: 0s - loss: 0.2200 - acc: 0.9205
1459/1459 [==============================] - 1s 558us/step - loss: 0.2059 - acc: 0.9253 - val_loss: 0.0898 - val_acc: 0.9816
Epoch 2/30

  20/1459 [..............................] - ETA: 0s - loss: 0.0206 - acc: 1.0000
 600/1459 [===========>..................] - ETA: 0s - loss: 0.0676 - acc: 0.9800
1200/1459 [=======================>......] - ETA: 0s - loss: 0.0572 - acc: 0.9842
1459/1459 [==============================] - 0s 87us/step - loss: 0.0551 - acc: 0.9842 - val_loss: 0.0800 - val_acc: 0.9816
Epoch 3/30

  20/1459 [..............................] - ETA: 0s - loss: 0.0232 - acc: 1.0000
 680/1459 [============>.................] - ETA: 0s - loss: 0.0252 - acc: 0.9956
1340/1459 [==========================>...] - ETA: 0s - loss: 0.0250 - acc: 0.9955
1459/1459 [==============================] - 0s 81us/step - loss: 0.0278 - acc: 0.9952 - val_loss: 0.0786 - val_acc: 0.9755
Epoch 4/30

  20/1459 [..............................] - ETA: 0s - loss: 0.0069 - acc: 1.0000
 680/1459 [============>.................] - ETA: 0s - loss: 0.0128 - acc: 1.0000
1320/1459 [==========================>...] - ETA: 0s - loss: 0.0147 - acc: 0.9985
1459/1459 [==============================] - 0s 81us/step - loss: 0.0147 - acc: 0.9979 - val_loss: 0.0583 - val_acc: 0.9877
Epoch 5/30

  20/1459 [..............................] - ETA: 0s - loss: 0.0042 - acc: 1.0000
 680/1459 [============>.................] - ETA: 0s - loss: 0.0077 - acc: 0.9985
1340/1459 [==========================>...] - ETA: 0s - loss: 0.0083 - acc: 0.9985
1459/1459 [==============================] - 0s 81us/step - loss: 0.0082 - acc: 0.9986 - val_loss: 0.0581 - val_acc: 0.9816
Epoch 6/30

  20/1459 [..............................] - ETA: 0s - loss: 0.0018 - acc: 1.0000
 640/1459 [============>.................] - ETA: 0s - loss: 0.0119 - acc: 0.9969
1280/1459 [=========================>....] - ETA: 0s - loss: 0.0083 - acc: 0.9984
1459/1459 [==============================] - 0s 83us/step - loss: 0.0079 - acc: 0.9986 - val_loss: 0.0578 - val_acc: 0.9877
Epoch 7/30

  20/1459 [..............................] - ETA: 0s - loss: 0.0021 - acc: 1.0000
 680/1459 [============>.................] - ETA: 0s - loss: 0.0059 - acc: 0.9985
1320/1459 [==========================>...] - ETA: 0s - loss: 0.0049 - acc: 0.9985
1459/1459 [==============================] - 0s 82us/step - loss: 0.0045 - acc: 0.9986 - val_loss: 0.0539 - val_acc: 0.9877
Epoch 8/30

  20/1459 [..............................] - ETA: 0s - loss: 9.0244e-04 - acc: 1.0000
 660/1459 [============>.................] - ETA: 0s - loss: 0.0016 - acc: 1.0000    
1300/1459 [=========================>....] - ETA: 0s - loss: 0.0037 - acc: 0.9992
1459/1459 [==============================] - 0s 83us/step - loss: 0.0038 - acc: 0.9993 - val_loss: 0.0577 - val_acc: 0.9816
Epoch 9/30

  20/1459 [..............................] - ETA: 0s - loss: 0.0012 - acc: 1.0000
 680/1459 [============>.................] - ETA: 0s - loss: 0.0046 - acc: 0.9985
1320/1459 [==========================>...] - ETA: 0s - loss: 0.0032 - acc: 0.9992
1459/1459 [==============================] - 0s 81us/step - loss: 0.0030 - acc: 0.9993 - val_loss: 0.0587 - val_acc: 0.9939
Epoch 10/30

  20/1459 [..............................] - ETA: 0s - loss: 5.6208e-04 - acc: 1.0000
 660/1459 [============>.................] - ETA: 0s - loss: 9.2979e-04 - acc: 1.0000
1300/1459 [=========================>....] - ETA: 0s - loss: 0.0012 - acc: 1.0000    
1459/1459 [==============================] - 0s 81us/step - loss: 0.0025 - acc: 0.9993 - val_loss: 0.0602 - val_acc: 0.9877
Epoch 11/30

  20/1459 [..............................] - ETA: 0s - loss: 4.2718e-04 - acc: 1.0000
 620/1459 [===========>..................] - ETA: 0s - loss: 0.0034 - acc: 0.9984    
1260/1459 [========================>.....] - ETA: 0s - loss: 0.0022 - acc: 0.9992
1459/1459 [==============================] - 0s 85us/step - loss: 0.0021 - acc: 0.9993 - val_loss: 0.0644 - val_acc: 0.9877
Epoch 12/30

  20/1459 [..............................] - ETA: 0s - loss: 0.0011 - acc: 1.0000
 660/1459 [============>.................] - ETA: 0s - loss: 0.0010 - acc: 1.0000
1300/1459 [=========================>....] - ETA: 0s - loss: 0.0020 - acc: 0.9992
1459/1459 [==============================] - 0s 83us/step - loss: 0.0019 - acc: 0.9993 - val_loss: 0.0688 - val_acc: 0.9816
Epoch 13/30

  20/1459 [..............................] - ETA: 0s - loss: 1.8711e-04 - acc: 1.0000
 700/1459 [=============>................] - ETA: 0s - loss: 0.0017 - acc: 1.0000    
1320/1459 [==========================>...] - ETA: 0s - loss: 0.0014 - acc: 1.0000
1459/1459 [==============================] - 0s 82us/step - loss: 0.0013 - acc: 1.0000 - val_loss: 0.0728 - val_acc: 0.9816
Epoch 14/30

  20/1459 [..............................] - ETA: 0s - loss: 1.2431e-04 - acc: 1.0000
 660/1459 [============>.................] - ETA: 0s - loss: 5.2721e-04 - acc: 1.0000
1340/1459 [==========================>...] - ETA: 0s - loss: 0.0012 - acc: 1.0000    
1459/1459 [==============================] - 0s 81us/step - loss: 0.0012 - acc: 1.0000 - val_loss: 0.0643 - val_acc: 0.9816
Epoch 15/30

  20/1459 [..............................] - ETA: 0s - loss: 0.0111 - acc: 1.0000
 700/1459 [=============>................] - ETA: 0s - loss: 0.0013 - acc: 1.0000
1340/1459 [==========================>...] - ETA: 0s - loss: 9.2867e-04 - acc: 1.0000
1459/1459 [==============================] - 0s 80us/step - loss: 8.9487e-04 - acc: 1.0000 - val_loss: 0.0679 - val_acc: 0.9877
Epoch 16/30

  20/1459 [..............................] - ETA: 0s - loss: 3.3829e-04 - acc: 1.0000
 680/1459 [============>.................] - ETA: 0s - loss: 4.6645e-04 - acc: 1.0000
1360/1459 [==========================>...] - ETA: 0s - loss: 0.0011 - acc: 0.9993    
1459/1459 [==============================] - 0s 80us/step - loss: 0.0011 - acc: 0.9993 - val_loss: 0.0600 - val_acc: 0.9816
Epoch 17/30

  20/1459 [..............................] - ETA: 0s - loss: 0.0013 - acc: 1.0000
 660/1459 [============>.................] - ETA: 0s - loss: 0.0012 - acc: 1.0000
1280/1459 [=========================>....] - ETA: 0s - loss: 0.0034 - acc: 0.9992
1459/1459 [==============================] - 0s 82us/step - loss: 0.0032 - acc: 0.9993 - val_loss: 0.0649 - val_acc: 0.9877
acc: 99.39%
Train on 1460 samples, validate on 162 samples
Epoch 1/30

  20/1460 [..............................] - ETA: 56s - loss: 0.7661 - acc: 0.4500
 640/1460 [============>.................] - ETA: 1s - loss: 0.3546 - acc: 0.8672 
1280/1460 [=========================>....] - ETA: 0s - loss: 0.2222 - acc: 0.9227
1460/1460 [==============================] - 1s 679us/step - loss: 0.2101 - acc: 0.9253 - val_loss: 0.0791 - val_acc: 0.9691
Epoch 2/30

  20/1460 [..............................] - ETA: 0s - loss: 0.0277 - acc: 1.0000
 600/1460 [===========>..................] - ETA: 0s - loss: 0.0613 - acc: 0.9883
1220/1460 [========================>.....] - ETA: 0s - loss: 0.0585 - acc: 0.9861
1460/1460 [==============================] - 0s 93us/step - loss: 0.0574 - acc: 0.9856 - val_loss: 0.0817 - val_acc: 0.9630
Epoch 3/30

  20/1460 [..............................] - ETA: 0s - loss: 0.0116 - acc: 1.0000
 560/1460 [==========>...................] - ETA: 0s - loss: 0.0301 - acc: 0.9911
1120/1460 [======================>.......] - ETA: 0s - loss: 0.0284 - acc: 0.9937
1460/1460 [==============================] - 0s 94us/step - loss: 0.0278 - acc: 0.9945 - val_loss: 0.0563 - val_acc: 0.9691
Epoch 4/30

  20/1460 [..............................] - ETA: 0s - loss: 0.0371 - acc: 1.0000
 600/1460 [===========>..................] - ETA: 0s - loss: 0.0176 - acc: 0.9967
1240/1460 [========================>.....] - ETA: 0s - loss: 0.0187 - acc: 0.9960
1460/1460 [==============================] - 0s 86us/step - loss: 0.0186 - acc: 0.9966 - val_loss: 0.0600 - val_acc: 0.9753
Epoch 5/30

  20/1460 [..............................] - ETA: 0s - loss: 0.0038 - acc: 1.0000
 640/1460 [============>.................] - ETA: 0s - loss: 0.0104 - acc: 0.9969
1260/1460 [========================>.....] - ETA: 0s - loss: 0.0135 - acc: 0.9968
1460/1460 [==============================] - 0s 86us/step - loss: 0.0129 - acc: 0.9973 - val_loss: 0.0491 - val_acc: 0.9815
Epoch 6/30

  20/1460 [..............................] - ETA: 0s - loss: 0.0024 - acc: 1.0000
 660/1460 [============>.................] - ETA: 0s - loss: 0.0100 - acc: 0.9955
1300/1460 [=========================>....] - ETA: 0s - loss: 0.0093 - acc: 0.9962
1460/1460 [==============================] - 0s 85us/step - loss: 0.0095 - acc: 0.9959 - val_loss: 0.0477 - val_acc: 0.9815
Epoch 7/30

  20/1460 [..............................] - ETA: 0s - loss: 0.0038 - acc: 1.0000
 640/1460 [============>.................] - ETA: 0s - loss: 0.0065 - acc: 0.9984
1260/1460 [========================>.....] - ETA: 0s - loss: 0.0062 - acc: 0.9984
1460/1460 [==============================] - 0s 85us/step - loss: 0.0067 - acc: 0.9979 - val_loss: 0.0420 - val_acc: 0.9753
Epoch 8/30

  20/1460 [..............................] - ETA: 0s - loss: 0.0013 - acc: 1.0000
 640/1460 [============>.................] - ETA: 0s - loss: 0.0025 - acc: 1.0000
1280/1460 [=========================>....] - ETA: 0s - loss: 0.0050 - acc: 0.9984
1460/1460 [==============================] - 0s 84us/step - loss: 0.0047 - acc: 0.9986 - val_loss: 0.0382 - val_acc: 0.9815
Epoch 9/30

  20/1460 [..............................] - ETA: 0s - loss: 0.0016 - acc: 1.0000
 640/1460 [============>.................] - ETA: 0s - loss: 0.0047 - acc: 0.9984
1280/1460 [=========================>....] - ETA: 0s - loss: 0.0036 - acc: 0.9992
1460/1460 [==============================] - 0s 84us/step - loss: 0.0036 - acc: 0.9993 - val_loss: 0.0360 - val_acc: 0.9815
Epoch 10/30

  20/1460 [..............................] - ETA: 0s - loss: 0.0020 - acc: 1.0000
 620/1460 [===========>..................] - ETA: 0s - loss: 0.0040 - acc: 0.9984
1260/1460 [========================>.....] - ETA: 0s - loss: 0.0025 - acc: 0.9992
1460/1460 [==============================] - 0s 86us/step - loss: 0.0024 - acc: 0.9993 - val_loss: 0.0383 - val_acc: 0.9815
Epoch 11/30

  20/1460 [..............................] - ETA: 0s - loss: 4.4625e-04 - acc: 1.0000
 600/1460 [===========>..................] - ETA: 0s - loss: 0.0036 - acc: 0.9983    
1220/1460 [========================>.....] - ETA: 0s - loss: 0.0024 - acc: 0.9992
1460/1460 [==============================] - 0s 86us/step - loss: 0.0021 - acc: 0.9993 - val_loss: 0.0425 - val_acc: 0.9815
Epoch 12/30

  20/1460 [..............................] - ETA: 0s - loss: 7.1448e-04 - acc: 1.0000
 600/1460 [===========>..................] - ETA: 0s - loss: 0.0012 - acc: 1.0000    
1240/1460 [========================>.....] - ETA: 0s - loss: 0.0012 - acc: 1.0000
1460/1460 [==============================] - 0s 86us/step - loss: 0.0018 - acc: 0.9993 - val_loss: 0.0438 - val_acc: 0.9815
Epoch 13/30

  20/1460 [..............................] - ETA: 0s - loss: 7.5536e-04 - acc: 1.0000
 640/1460 [============>.................] - ETA: 0s - loss: 0.0021 - acc: 0.9984    
1280/1460 [=========================>....] - ETA: 0s - loss: 0.0017 - acc: 0.9992
1460/1460 [==============================] - 0s 86us/step - loss: 0.0016 - acc: 0.9993 - val_loss: 0.0464 - val_acc: 0.9815
acc: 98.15%
Train on 1460 samples, validate on 162 samples
Epoch 1/30

  20/1460 [..............................] - ETA: 1:01 - loss: 0.6839 - acc: 0.5000
 580/1460 [==========>...................] - ETA: 1s - loss: 0.4031 - acc: 0.8483  
1160/1460 [======================>.......] - ETA: 0s - loss: 0.2658 - acc: 0.9052
1460/1460 [==============================] - 1s 743us/step - loss: 0.2334 - acc: 0.9178 - val_loss: 0.0784 - val_acc: 0.9877
Epoch 2/30

  20/1460 [..............................] - ETA: 0s - loss: 0.0225 - acc: 1.0000
 660/1460 [============>.................] - ETA: 0s - loss: 0.0715 - acc: 0.9803
1320/1460 [==========================>...] - ETA: 0s - loss: 0.0581 - acc: 0.9818
1460/1460 [==============================] - 0s 81us/step - loss: 0.0585 - acc: 0.9829 - val_loss: 0.0521 - val_acc: 0.9877
Epoch 3/30

  20/1460 [..............................] - ETA: 0s - loss: 0.0089 - acc: 1.0000
 660/1460 [============>.................] - ETA: 0s - loss: 0.0317 - acc: 0.9924
1320/1460 [==========================>...] - ETA: 0s - loss: 0.0292 - acc: 0.9947
1460/1460 [==============================] - 0s 81us/step - loss: 0.0291 - acc: 0.9938 - val_loss: 0.0515 - val_acc: 0.9877
Epoch 4/30

  20/1460 [..............................] - ETA: 0s - loss: 0.0094 - acc: 1.0000
 640/1460 [============>.................] - ETA: 0s - loss: 0.0120 - acc: 0.9984
1260/1460 [========================>.....] - ETA: 0s - loss: 0.0194 - acc: 0.9952
1460/1460 [==============================] - 0s 86us/step - loss: 0.0200 - acc: 0.9952 - val_loss: 0.0443 - val_acc: 0.9815
Epoch 5/30

  20/1460 [..............................] - ETA: 0s - loss: 0.0062 - acc: 1.0000
 640/1460 [============>.................] - ETA: 0s - loss: 0.0118 - acc: 0.9984
1240/1460 [========================>.....] - ETA: 0s - loss: 0.0162 - acc: 0.9960
1460/1460 [==============================] - 0s 85us/step - loss: 0.0153 - acc: 0.9966 - val_loss: 0.0476 - val_acc: 0.9877
Epoch 6/30

  20/1460 [..............................] - ETA: 0s - loss: 0.0074 - acc: 1.0000
 640/1460 [============>.................] - ETA: 0s - loss: 0.0117 - acc: 0.9969
1280/1460 [=========================>....] - ETA: 0s - loss: 0.0101 - acc: 0.9977
1460/1460 [==============================] - 0s 83us/step - loss: 0.0097 - acc: 0.9979 - val_loss: 0.0435 - val_acc: 0.9877
Epoch 7/30

  20/1460 [..............................] - ETA: 0s - loss: 0.0015 - acc: 1.0000
 620/1460 [===========>..................] - ETA: 0s - loss: 0.0076 - acc: 0.9968
1280/1460 [=========================>....] - ETA: 0s - loss: 0.0065 - acc: 0.9984
1460/1460 [==============================] - 0s 83us/step - loss: 0.0060 - acc: 0.9986 - val_loss: 0.0296 - val_acc: 0.9938
Epoch 8/30

  20/1460 [..............................] - ETA: 0s - loss: 0.0014 - acc: 1.0000
 660/1460 [============>.................] - ETA: 0s - loss: 0.0035 - acc: 0.9985
1300/1460 [=========================>....] - ETA: 0s - loss: 0.0040 - acc: 0.9985
1460/1460 [==============================] - 0s 82us/step - loss: 0.0040 - acc: 0.9986 - val_loss: 0.0352 - val_acc: 0.9877
Epoch 9/30

  20/1460 [..............................] - ETA: 0s - loss: 0.0025 - acc: 1.0000
 680/1460 [============>.................] - ETA: 0s - loss: 0.0026 - acc: 1.0000
1260/1460 [========================>.....] - ETA: 0s - loss: 0.0030 - acc: 0.9992
1460/1460 [==============================] - 0s 84us/step - loss: 0.0029 - acc: 0.9993 - val_loss: 0.0320 - val_acc: 0.9877
Epoch 10/30

  20/1460 [..............................] - ETA: 0s - loss: 0.0021 - acc: 1.0000
 640/1460 [============>.................] - ETA: 0s - loss: 0.0017 - acc: 1.0000
1280/1460 [=========================>....] - ETA: 0s - loss: 0.0023 - acc: 1.0000
1460/1460 [==============================] - 0s 82us/step - loss: 0.0022 - acc: 1.0000 - val_loss: 0.0283 - val_acc: 0.9877
Epoch 11/30

  20/1460 [..............................] - ETA: 0s - loss: 3.1574e-04 - acc: 1.0000
 660/1460 [============>.................] - ETA: 0s - loss: 0.0012 - acc: 1.0000    
1300/1460 [=========================>....] - ETA: 0s - loss: 0.0016 - acc: 1.0000
1460/1460 [==============================] - 0s 81us/step - loss: 0.0017 - acc: 1.0000 - val_loss: 0.0266 - val_acc: 0.9877
Epoch 12/30

  20/1460 [..............................] - ETA: 0s - loss: 6.8822e-04 - acc: 1.0000
 640/1460 [============>.................] - ETA: 0s - loss: 0.0011 - acc: 1.0000    
1280/1460 [=========================>....] - ETA: 0s - loss: 0.0015 - acc: 1.0000
1460/1460 [==============================] - 0s 83us/step - loss: 0.0014 - acc: 1.0000 - val_loss: 0.0255 - val_acc: 0.9877
Epoch 13/30

  20/1460 [..............................] - ETA: 0s - loss: 5.0280e-04 - acc: 1.0000
 660/1460 [============>.................] - ETA: 0s - loss: 0.0016 - acc: 1.0000    
1340/1460 [==========================>...] - ETA: 0s - loss: 0.0012 - acc: 1.0000
1460/1460 [==============================] - 0s 82us/step - loss: 0.0012 - acc: 1.0000 - val_loss: 0.0237 - val_acc: 0.9877
Epoch 14/30

  20/1460 [..............................] - ETA: 0s - loss: 6.2168e-04 - acc: 1.0000
 680/1460 [============>.................] - ETA: 0s - loss: 8.2952e-04 - acc: 1.0000
1320/1460 [==========================>...] - ETA: 0s - loss: 6.7043e-04 - acc: 1.0000
1460/1460 [==============================] - 0s 81us/step - loss: 0.0010 - acc: 1.0000 - val_loss: 0.0237 - val_acc: 0.9877
Epoch 15/30

  20/1460 [..............................] - ETA: 0s - loss: 4.4888e-04 - acc: 1.0000
 620/1460 [===========>..................] - ETA: 0s - loss: 6.4523e-04 - acc: 1.0000
1280/1460 [=========================>....] - ETA: 0s - loss: 7.5093e-04 - acc: 1.0000
1460/1460 [==============================] - 0s 83us/step - loss: 7.8091e-04 - acc: 1.0000 - val_loss: 0.0234 - val_acc: 0.9877
acc: 99.38%
Train on 1460 samples, validate on 162 samples
Epoch 1/30

  20/1460 [..............................] - ETA: 1:08 - loss: 0.7233 - acc: 0.5000
 660/1460 [============>.................] - ETA: 1s - loss: 0.3553 - acc: 0.8591  
1280/1460 [=========================>....] - ETA: 0s - loss: 0.2462 - acc: 0.9094
1460/1460 [==============================] - 1s 810us/step - loss: 0.2285 - acc: 0.9151 - val_loss: 0.0789 - val_acc: 0.9815
Epoch 2/30

  20/1460 [..............................] - ETA: 0s - loss: 0.0600 - acc: 0.9500
 640/1460 [============>.................] - ETA: 0s - loss: 0.0623 - acc: 0.9828
1300/1460 [=========================>....] - ETA: 0s - loss: 0.0563 - acc: 0.9862
1460/1460 [==============================] - 0s 84us/step - loss: 0.0563 - acc: 0.9856 - val_loss: 0.0715 - val_acc: 0.9815
Epoch 3/30

  20/1460 [..............................] - ETA: 0s - loss: 0.0301 - acc: 1.0000
 680/1460 [============>.................] - ETA: 0s - loss: 0.0266 - acc: 0.9956
1360/1460 [==========================>...] - ETA: 0s - loss: 0.0244 - acc: 0.9949
1460/1460 [==============================] - 0s 80us/step - loss: 0.0254 - acc: 0.9945 - val_loss: 0.0465 - val_acc: 0.9877
Epoch 4/30

  20/1460 [..............................] - ETA: 0s - loss: 0.0077 - acc: 1.0000
 680/1460 [============>.................] - ETA: 0s - loss: 0.0151 - acc: 0.9985
1320/1460 [==========================>...] - ETA: 0s - loss: 0.0154 - acc: 0.9977
1460/1460 [==============================] - 0s 81us/step - loss: 0.0145 - acc: 0.9979 - val_loss: 0.0535 - val_acc: 0.9815
Epoch 5/30

  20/1460 [..............................] - ETA: 0s - loss: 0.0091 - acc: 1.0000
 620/1460 [===========>..................] - ETA: 0s - loss: 0.0114 - acc: 0.9968
1220/1460 [========================>.....] - ETA: 0s - loss: 0.0094 - acc: 0.9984
1460/1460 [==============================] - 0s 87us/step - loss: 0.0087 - acc: 0.9986 - val_loss: 0.0348 - val_acc: 0.9877
Epoch 6/30

  20/1460 [..............................] - ETA: 0s - loss: 0.0031 - acc: 1.0000
 660/1460 [============>.................] - ETA: 0s - loss: 0.0054 - acc: 0.9985
1260/1460 [========================>.....] - ETA: 0s - loss: 0.0067 - acc: 0.9976
1460/1460 [==============================] - 0s 85us/step - loss: 0.0060 - acc: 0.9979 - val_loss: 0.0292 - val_acc: 0.9938
Epoch 7/30

  20/1460 [..............................] - ETA: 0s - loss: 0.0030 - acc: 1.0000
 640/1460 [============>.................] - ETA: 0s - loss: 0.0051 - acc: 0.9969
1260/1460 [========================>.....] - ETA: 0s - loss: 0.0047 - acc: 0.9976
1460/1460 [==============================] - 0s 83us/step - loss: 0.0044 - acc: 0.9979 - val_loss: 0.0297 - val_acc: 0.9938
Epoch 8/30

  20/1460 [..............................] - ETA: 0s - loss: 0.0013 - acc: 1.0000
 680/1460 [============>.................] - ETA: 0s - loss: 0.0018 - acc: 1.0000
1340/1460 [==========================>...] - ETA: 0s - loss: 0.0021 - acc: 1.0000
1460/1460 [==============================] - 0s 79us/step - loss: 0.0039 - acc: 0.9986 - val_loss: 0.0328 - val_acc: 0.9938
Epoch 9/30

  20/1460 [..............................] - ETA: 0s - loss: 0.0016 - acc: 1.0000
 660/1460 [============>.................] - ETA: 0s - loss: 0.0028 - acc: 1.0000
1340/1460 [==========================>...] - ETA: 0s - loss: 0.0043 - acc: 0.9993
1460/1460 [==============================] - 0s 80us/step - loss: 0.0045 - acc: 0.9986 - val_loss: 0.0317 - val_acc: 0.9877
Epoch 10/30

  20/1460 [..............................] - ETA: 0s - loss: 9.5657e-04 - acc: 1.0000
 620/1460 [===========>..................] - ETA: 0s - loss: 0.0035 - acc: 0.9984    
1240/1460 [========================>.....] - ETA: 0s - loss: 0.0030 - acc: 0.9992
1460/1460 [==============================] - 0s 86us/step - loss: 0.0030 - acc: 0.9993 - val_loss: 0.0401 - val_acc: 0.9815
Epoch 11/30

  20/1460 [..............................] - ETA: 0s - loss: 3.6614e-04 - acc: 1.0000
 660/1460 [============>.................] - ETA: 0s - loss: 0.0019 - acc: 1.0000    
1300/1460 [=========================>....] - ETA: 0s - loss: 0.0023 - acc: 1.0000
1460/1460 [==============================] - 0s 82us/step - loss: 0.0021 - acc: 1.0000 - val_loss: 0.0363 - val_acc: 0.9877
Epoch 12/30

  20/1460 [..............................] - ETA: 0s - loss: 6.0984e-04 - acc: 1.0000
 680/1460 [============>.................] - ETA: 0s - loss: 9.8416e-04 - acc: 1.0000
1320/1460 [==========================>...] - ETA: 0s - loss: 0.0016 - acc: 1.0000    
1460/1460 [==============================] - 0s 82us/step - loss: 0.0019 - acc: 1.0000 - val_loss: 0.0506 - val_acc: 0.9815
Epoch 13/30

  20/1460 [..............................] - ETA: 0s - loss: 2.2115e-04 - acc: 1.0000
 660/1460 [============>.................] - ETA: 0s - loss: 0.0014 - acc: 1.0000    
1340/1460 [==========================>...] - ETA: 0s - loss: 0.0014 - acc: 1.0000
1460/1460 [==============================] - 0s 81us/step - loss: 0.0015 - acc: 1.0000 - val_loss: 0.0444 - val_acc: 0.9815
Epoch 14/30

  20/1460 [..............................] - ETA: 0s - loss: 2.9424e-04 - acc: 1.0000
 680/1460 [============>.................] - ETA: 0s - loss: 0.0011 - acc: 1.0000    
1320/1460 [==========================>...] - ETA: 0s - loss: 0.0014 - acc: 1.0000
1460/1460 [==============================] - 0s 82us/step - loss: 0.0013 - acc: 1.0000 - val_loss: 0.0457 - val_acc: 0.9815
acc: 99.38%
Train on 1460 samples, validate on 162 samples
Epoch 1/30

  20/1460 [..............................] - ETA: 1:17 - loss: 0.6817 - acc: 0.5500
 620/1460 [===========>..................] - ETA: 1s - loss: 0.3783 - acc: 0.8484  
1240/1460 [========================>.....] - ETA: 0s - loss: 0.2410 - acc: 0.9081
1460/1460 [==============================] - 1s 918us/step - loss: 0.2189 - acc: 0.9178 - val_loss: 0.0814 - val_acc: 0.9753
Epoch 2/30

  20/1460 [..............................] - ETA: 0s - loss: 0.0162 - acc: 1.0000
 620/1460 [===========>..................] - ETA: 0s - loss: 0.0519 - acc: 0.9903
1240/1460 [========================>.....] - ETA: 0s - loss: 0.0542 - acc: 0.9879
1460/1460 [==============================] - 0s 87us/step - loss: 0.0516 - acc: 0.9877 - val_loss: 0.0914 - val_acc: 0.9691
Epoch 3/30

  20/1460 [..............................] - ETA: 0s - loss: 0.0259 - acc: 1.0000
 620/1460 [===========>..................] - ETA: 0s - loss: 0.0342 - acc: 0.9935
1280/1460 [=========================>....] - ETA: 0s - loss: 0.0274 - acc: 0.9961
1460/1460 [==============================] - 0s 83us/step - loss: 0.0264 - acc: 0.9959 - val_loss: 0.1006 - val_acc: 0.9691
Epoch 4/30

  20/1460 [..............................] - ETA: 0s - loss: 0.0074 - acc: 1.0000
 640/1460 [============>.................] - ETA: 0s - loss: 0.0132 - acc: 0.9969
1260/1460 [========================>.....] - ETA: 0s - loss: 0.0140 - acc: 0.9960
1460/1460 [==============================] - 0s 84us/step - loss: 0.0131 - acc: 0.9966 - val_loss: 0.0853 - val_acc: 0.9815
Epoch 5/30

  20/1460 [..............................] - ETA: 0s - loss: 0.0018 - acc: 1.0000
 660/1460 [============>.................] - ETA: 0s - loss: 0.0065 - acc: 0.9985
1200/1460 [=======================>......] - ETA: 0s - loss: 0.0065 - acc: 0.9992
1460/1460 [==============================] - 0s 88us/step - loss: 0.0077 - acc: 0.9986 - val_loss: 0.0851 - val_acc: 0.9815
Epoch 6/30

  20/1460 [..............................] - ETA: 0s - loss: 0.0053 - acc: 1.0000
 600/1460 [===========>..................] - ETA: 0s - loss: 0.0035 - acc: 1.0000
1160/1460 [======================>.......] - ETA: 0s - loss: 0.0054 - acc: 0.9983
1460/1460 [==============================] - 0s 93us/step - loss: 0.0048 - acc: 0.9986 - val_loss: 0.0880 - val_acc: 0.9815
Epoch 7/30

  20/1460 [..............................] - ETA: 0s - loss: 0.0020 - acc: 1.0000
 620/1460 [===========>..................] - ETA: 0s - loss: 0.0043 - acc: 0.9984
1140/1460 [======================>.......] - ETA: 0s - loss: 0.0039 - acc: 0.9991
1460/1460 [==============================] - 0s 92us/step - loss: 0.0035 - acc: 0.9993 - val_loss: 0.0884 - val_acc: 0.9815
Epoch 8/30

  20/1460 [..............................] - ETA: 0s - loss: 0.0012 - acc: 1.0000
 620/1460 [===========>..................] - ETA: 0s - loss: 0.0016 - acc: 1.0000
1220/1460 [========================>.....] - ETA: 0s - loss: 0.0019 - acc: 1.0000
1460/1460 [==============================] - 0s 87us/step - loss: 0.0026 - acc: 0.9993 - val_loss: 0.0932 - val_acc: 0.9815
Epoch 9/30

  20/1460 [..............................] - ETA: 0s - loss: 0.0018 - acc: 1.0000
 620/1460 [===========>..................] - ETA: 0s - loss: 0.0020 - acc: 1.0000
1180/1460 [=======================>......] - ETA: 0s - loss: 0.0016 - acc: 1.0000
1460/1460 [==============================] - 0s 90us/step - loss: 0.0020 - acc: 1.0000 - val_loss: 0.0939 - val_acc: 0.9815
Epoch 10/30

  20/1460 [..............................] - ETA: 0s - loss: 0.0012 - acc: 1.0000
 620/1460 [===========>..................] - ETA: 0s - loss: 0.0014 - acc: 1.0000
1220/1460 [========================>.....] - ETA: 0s - loss: 0.0015 - acc: 1.0000
1460/1460 [==============================] - 0s 88us/step - loss: 0.0015 - acc: 1.0000 - val_loss: 0.0926 - val_acc: 0.9815
Epoch 11/30

  20/1460 [..............................] - ETA: 0s - loss: 8.0434e-04 - acc: 1.0000
 640/1460 [============>.................] - ETA: 0s - loss: 0.0013 - acc: 1.0000    
1280/1460 [=========================>....] - ETA: 0s - loss: 0.0011 - acc: 1.0000
1460/1460 [==============================] - 0s 85us/step - loss: 0.0011 - acc: 1.0000 - val_loss: 0.0943 - val_acc: 0.9815
Epoch 12/30

  20/1460 [..............................] - ETA: 0s - loss: 6.0848e-04 - acc: 1.0000
 660/1460 [============>.................] - ETA: 0s - loss: 0.0012 - acc: 1.0000    
1280/1460 [=========================>....] - ETA: 0s - loss: 9.5486e-04 - acc: 1.0000
1460/1460 [==============================] - 0s 85us/step - loss: 0.0011 - acc: 1.0000 - val_loss: 0.0951 - val_acc: 0.9815
acc: 98.15%
Train on 1460 samples, validate on 162 samples
Epoch 1/30

  20/1460 [..............................] - ETA: 1:24 - loss: 0.7211 - acc: 0.4000
 600/1460 [===========>..................] - ETA: 1s - loss: 0.3666 - acc: 0.8550  
1240/1460 [========================>.....] - ETA: 0s - loss: 0.2279 - acc: 0.9137
1460/1460 [==============================] - 1s 980us/step - loss: 0.2120 - acc: 0.9205 - val_loss: 0.1096 - val_acc: 0.9691
Epoch 2/30

  20/1460 [..............................] - ETA: 0s - loss: 0.0421 - acc: 1.0000
 580/1460 [==========>...................] - ETA: 0s - loss: 0.0488 - acc: 0.9914
1200/1460 [=======================>......] - ETA: 0s - loss: 0.0504 - acc: 0.9875
1460/1460 [==============================] - 0s 87us/step - loss: 0.0497 - acc: 0.9877 - val_loss: 0.0987 - val_acc: 0.9691
Epoch 3/30

  20/1460 [..............................] - ETA: 0s - loss: 0.0228 - acc: 1.0000
 640/1460 [============>.................] - ETA: 0s - loss: 0.0247 - acc: 0.9953
1280/1460 [=========================>....] - ETA: 0s - loss: 0.0243 - acc: 0.9945
1460/1460 [==============================] - 0s 84us/step - loss: 0.0249 - acc: 0.9938 - val_loss: 0.0846 - val_acc: 0.9815
Epoch 4/30

  20/1460 [..............................] - ETA: 0s - loss: 0.0131 - acc: 1.0000
 620/1460 [===========>..................] - ETA: 0s - loss: 0.0171 - acc: 0.9968
1160/1460 [======================>.......] - ETA: 0s - loss: 0.0142 - acc: 0.9983
1460/1460 [==============================] - 0s 90us/step - loss: 0.0153 - acc: 0.9973 - val_loss: 0.0504 - val_acc: 0.9938
Epoch 5/30

  20/1460 [..............................] - ETA: 0s - loss: 0.0056 - acc: 1.0000
 640/1460 [============>.................] - ETA: 0s - loss: 0.0076 - acc: 0.9984
1260/1460 [========================>.....] - ETA: 0s - loss: 0.0133 - acc: 0.9968
1460/1460 [==============================] - 0s 84us/step - loss: 0.0123 - acc: 0.9973 - val_loss: 0.0635 - val_acc: 0.9815
Epoch 6/30

  20/1460 [..............................] - ETA: 0s - loss: 0.0147 - acc: 1.0000
 640/1460 [============>.................] - ETA: 0s - loss: 0.0044 - acc: 1.0000
1280/1460 [=========================>....] - ETA: 0s - loss: 0.0064 - acc: 0.9992
1460/1460 [==============================] - 0s 83us/step - loss: 0.0077 - acc: 0.9986 - val_loss: 0.0820 - val_acc: 0.9815
Epoch 7/30

  20/1460 [..............................] - ETA: 0s - loss: 0.0043 - acc: 1.0000
 680/1460 [============>.................] - ETA: 0s - loss: 0.0051 - acc: 0.9985
1320/1460 [==========================>...] - ETA: 0s - loss: 0.0067 - acc: 0.9985
1460/1460 [==============================] - 0s 81us/step - loss: 0.0066 - acc: 0.9986 - val_loss: 0.0837 - val_acc: 0.9815
Epoch 8/30

  20/1460 [..............................] - ETA: 0s - loss: 0.0026 - acc: 1.0000
 640/1460 [============>.................] - ETA: 0s - loss: 0.0060 - acc: 0.9984
1260/1460 [========================>.....] - ETA: 0s - loss: 0.0054 - acc: 0.9984
1460/1460 [==============================] - 0s 84us/step - loss: 0.0049 - acc: 0.9986 - val_loss: 0.0901 - val_acc: 0.9691
Epoch 9/30

  20/1460 [..............................] - ETA: 0s - loss: 0.0017 - acc: 1.0000
 620/1460 [===========>..................] - ETA: 0s - loss: 0.0017 - acc: 1.0000
1240/1460 [========================>.....] - ETA: 0s - loss: 0.0035 - acc: 0.9984
1460/1460 [==============================] - 0s 86us/step - loss: 0.0033 - acc: 0.9986 - val_loss: 0.0855 - val_acc: 0.9753
Epoch 10/30

  20/1460 [..............................] - ETA: 0s - loss: 0.0010 - acc: 1.0000
 640/1460 [============>.................] - ETA: 0s - loss: 0.0023 - acc: 1.0000
1260/1460 [========================>.....] - ETA: 0s - loss: 0.0018 - acc: 1.0000
1460/1460 [==============================] - 0s 84us/step - loss: 0.0023 - acc: 0.9993 - val_loss: 0.0955 - val_acc: 0.9691
Epoch 11/30

  20/1460 [..............................] - ETA: 0s - loss: 0.0012 - acc: 1.0000
 640/1460 [============>.................] - ETA: 0s - loss: 0.0015 - acc: 1.0000
1260/1460 [========================>.....] - ETA: 0s - loss: 0.0019 - acc: 1.0000
1460/1460 [==============================] - 0s 85us/step - loss: 0.0018 - acc: 1.0000 - val_loss: 0.1046 - val_acc: 0.9753
Epoch 12/30

  20/1460 [..............................] - ETA: 0s - loss: 0.0020 - acc: 1.0000
 660/1460 [============>.................] - ETA: 0s - loss: 0.0012 - acc: 1.0000
1280/1460 [=========================>....] - ETA: 0s - loss: 0.0018 - acc: 0.9992
1460/1460 [==============================] - 0s 83us/step - loss: 0.0016 - acc: 0.9993 - val_loss: 0.1035 - val_acc: 0.9630
acc: 99.38%
Train on 1460 samples, validate on 162 samples
Epoch 1/30

  20/1460 [..............................] - ETA: 1:31 - loss: 0.7216 - acc: 0.4500
 600/1460 [===========>..................] - ETA: 1s - loss: 0.3659 - acc: 0.8633  
1180/1460 [=======================>......] - ETA: 0s - loss: 0.2390 - acc: 0.9178
1460/1460 [==============================] - 2s 1ms/step - loss: 0.2082 - acc: 0.9274 - val_loss: 0.0879 - val_acc: 0.9568
Epoch 2/30

  20/1460 [..............................] - ETA: 0s - loss: 0.0208 - acc: 1.0000
 620/1460 [===========>..................] - ETA: 0s - loss: 0.0512 - acc: 0.9903
1200/1460 [=======================>......] - ETA: 0s - loss: 0.0508 - acc: 0.9892
1460/1460 [==============================] - 0s 90us/step - loss: 0.0518 - acc: 0.9884 - val_loss: 0.0857 - val_acc: 0.9691
Epoch 3/30

  20/1460 [..............................] - ETA: 0s - loss: 0.0139 - acc: 1.0000
 640/1460 [============>.................] - ETA: 0s - loss: 0.0354 - acc: 0.9906
1240/1460 [========================>.....] - ETA: 0s - loss: 0.0299 - acc: 0.9935
1460/1460 [==============================] - 0s 87us/step - loss: 0.0292 - acc: 0.9938 - val_loss: 0.0738 - val_acc: 0.9691
Epoch 4/30

  20/1460 [..............................] - ETA: 0s - loss: 0.0063 - acc: 1.0000
 660/1460 [============>.................] - ETA: 0s - loss: 0.0110 - acc: 0.9985
1300/1460 [=========================>....] - ETA: 0s - loss: 0.0112 - acc: 0.9985
1460/1460 [==============================] - 0s 83us/step - loss: 0.0153 - acc: 0.9973 - val_loss: 0.0717 - val_acc: 0.9691
Epoch 5/30

  20/1460 [..............................] - ETA: 0s - loss: 0.0061 - acc: 1.0000
 640/1460 [============>.................] - ETA: 0s - loss: 0.0153 - acc: 0.9969
1280/1460 [=========================>....] - ETA: 0s - loss: 0.0132 - acc: 0.9977
1460/1460 [==============================] - 0s 85us/step - loss: 0.0138 - acc: 0.9973 - val_loss: 0.0671 - val_acc: 0.9753
Epoch 6/30

  20/1460 [..............................] - ETA: 0s - loss: 0.0033 - acc: 1.0000
 620/1460 [===========>..................] - ETA: 0s - loss: 0.0042 - acc: 1.0000
1240/1460 [========================>.....] - ETA: 0s - loss: 0.0084 - acc: 0.9976
1460/1460 [==============================] - 0s 89us/step - loss: 0.0077 - acc: 0.9979 - val_loss: 0.0820 - val_acc: 0.9630
Epoch 7/30

  20/1460 [..............................] - ETA: 0s - loss: 0.0106 - acc: 1.0000
 640/1460 [============>.................] - ETA: 0s - loss: 0.0083 - acc: 0.9984
1260/1460 [========================>.....] - ETA: 0s - loss: 0.0073 - acc: 0.9984
1460/1460 [==============================] - 0s 88us/step - loss: 0.0066 - acc: 0.9986 - val_loss: 0.0787 - val_acc: 0.9691
Epoch 8/30

  20/1460 [..............................] - ETA: 0s - loss: 0.0016 - acc: 1.0000
 640/1460 [============>.................] - ETA: 0s - loss: 0.0054 - acc: 0.9984
1240/1460 [========================>.....] - ETA: 0s - loss: 0.0042 - acc: 0.9992
1460/1460 [==============================] - 0s 87us/step - loss: 0.0041 - acc: 0.9993 - val_loss: 0.0841 - val_acc: 0.9691
Epoch 9/30

  20/1460 [..............................] - ETA: 0s - loss: 0.0061 - acc: 1.0000
 640/1460 [============>.................] - ETA: 0s - loss: 0.0021 - acc: 1.0000
1260/1460 [========================>.....] - ETA: 0s - loss: 0.0033 - acc: 0.9992
1460/1460 [==============================] - 0s 86us/step - loss: 0.0030 - acc: 0.9993 - val_loss: 0.0852 - val_acc: 0.9691
Epoch 10/30

  20/1460 [..............................] - ETA: 0s - loss: 0.0027 - acc: 1.0000
 640/1460 [============>.................] - ETA: 0s - loss: 0.0014 - acc: 1.0000
1280/1460 [=========================>....] - ETA: 0s - loss: 0.0023 - acc: 0.9992
1460/1460 [==============================] - 0s 86us/step - loss: 0.0023 - acc: 0.9993 - val_loss: 0.0862 - val_acc: 0.9691
Epoch 11/30

  20/1460 [..............................] - ETA: 0s - loss: 9.3368e-04 - acc: 1.0000
 620/1460 [===========>..................] - ETA: 0s - loss: 0.0010 - acc: 1.0000    
1200/1460 [=======================>......] - ETA: 0s - loss: 0.0016 - acc: 1.0000
1460/1460 [==============================] - 0s 91us/step - loss: 0.0016 - acc: 1.0000 - val_loss: 0.0909 - val_acc: 0.9691
Epoch 12/30

  20/1460 [..............................] - ETA: 0s - loss: 7.7869e-04 - acc: 1.0000
 620/1460 [===========>..................] - ETA: 0s - loss: 8.4131e-04 - acc: 1.0000
1240/1460 [========================>.....] - ETA: 0s - loss: 0.0013 - acc: 1.0000    
1460/1460 [==============================] - 0s 86us/step - loss: 0.0013 - acc: 1.0000 - val_loss: 0.0926 - val_acc: 0.9691
Epoch 13/30

  20/1460 [..............................] - ETA: 0s - loss: 9.0666e-04 - acc: 1.0000
 580/1460 [==========>...................] - ETA: 0s - loss: 0.0016 - acc: 1.0000    
1200/1460 [=======================>......] - ETA: 0s - loss: 0.0012 - acc: 1.0000
1460/1460 [==============================] - 0s 89us/step - loss: 0.0011 - acc: 1.0000 - val_loss: 0.0950 - val_acc: 0.9691
acc: 97.53%
Train on 1461 samples, validate on 161 samples
Epoch 1/30

  20/1461 [..............................] - ETA: 1:41 - loss: 0.6827 - acc: 0.5500
 620/1461 [===========>..................] - ETA: 1s - loss: 0.3625 - acc: 0.8597  
1220/1461 [========================>.....] - ETA: 0s - loss: 0.2375 - acc: 0.9098
1461/1461 [==============================] - 2s 1ms/step - loss: 0.2193 - acc: 0.9151 - val_loss: 0.0597 - val_acc: 0.9876
Epoch 2/30

  20/1461 [..............................] - ETA: 0s - loss: 0.0669 - acc: 0.9500
 620/1461 [===========>..................] - ETA: 0s - loss: 0.0567 - acc: 0.9887
1180/1461 [=======================>......] - ETA: 0s - loss: 0.0482 - acc: 0.9907
1461/1461 [==============================] - 0s 90us/step - loss: 0.0562 - acc: 0.9870 - val_loss: 0.0381 - val_acc: 0.9938
Epoch 3/30

  20/1461 [..............................] - ETA: 0s - loss: 0.0227 - acc: 1.0000
 600/1461 [===========>..................] - ETA: 0s - loss: 0.0399 - acc: 0.9917
1220/1461 [========================>.....] - ETA: 0s - loss: 0.0270 - acc: 0.9951
1461/1461 [==============================] - 0s 90us/step - loss: 0.0291 - acc: 0.9938 - val_loss: 0.0305 - val_acc: 0.9938
Epoch 4/30

  20/1461 [..............................] - ETA: 0s - loss: 0.0148 - acc: 1.0000
 640/1461 [============>.................] - ETA: 0s - loss: 0.0125 - acc: 0.9969
1240/1461 [========================>.....] - ETA: 0s - loss: 0.0112 - acc: 0.9984
1461/1461 [==============================] - 0s 86us/step - loss: 0.0165 - acc: 0.9966 - val_loss: 0.0351 - val_acc: 0.9938
Epoch 5/30

  20/1461 [..............................] - ETA: 0s - loss: 0.0053 - acc: 1.0000
 600/1461 [===========>..................] - ETA: 0s - loss: 0.0151 - acc: 0.9950
1220/1461 [========================>.....] - ETA: 0s - loss: 0.0107 - acc: 0.9975
1461/1461 [==============================] - 0s 87us/step - loss: 0.0101 - acc: 0.9979 - val_loss: 0.0262 - val_acc: 0.9938
Epoch 6/30

  20/1461 [..............................] - ETA: 0s - loss: 0.0028 - acc: 1.0000
 640/1461 [============>.................] - ETA: 0s - loss: 0.0029 - acc: 1.0000
1260/1461 [========================>.....] - ETA: 0s - loss: 0.0084 - acc: 0.9984
1461/1461 [==============================] - 0s 85us/step - loss: 0.0088 - acc: 0.9979 - val_loss: 0.0232 - val_acc: 0.9938
Epoch 7/30

  20/1461 [..............................] - ETA: 0s - loss: 0.0019 - acc: 1.0000
 660/1461 [============>.................] - ETA: 0s - loss: 0.0074 - acc: 0.9985
1240/1461 [========================>.....] - ETA: 0s - loss: 0.0082 - acc: 0.9984
1461/1461 [==============================] - 0s 88us/step - loss: 0.0074 - acc: 0.9986 - val_loss: 0.0304 - val_acc: 0.9876
Epoch 8/30

  20/1461 [..............................] - ETA: 0s - loss: 0.0015 - acc: 1.0000
 620/1461 [===========>..................] - ETA: 0s - loss: 0.0030 - acc: 1.0000
1180/1461 [=======================>......] - ETA: 0s - loss: 0.0053 - acc: 0.9983
1461/1461 [==============================] - 0s 93us/step - loss: 0.0054 - acc: 0.9986 - val_loss: 0.0268 - val_acc: 0.9938
Epoch 9/30

  20/1461 [..............................] - ETA: 0s - loss: 0.0013 - acc: 1.0000
 580/1461 [==========>...................] - ETA: 0s - loss: 0.0044 - acc: 0.9983
1140/1461 [======================>.......] - ETA: 0s - loss: 0.0033 - acc: 0.9991
1461/1461 [==============================] - 0s 93us/step - loss: 0.0029 - acc: 0.9993 - val_loss: 0.0269 - val_acc: 0.9938
Epoch 10/30

  20/1461 [..............................] - ETA: 0s - loss: 0.0013 - acc: 1.0000
 600/1461 [===========>..................] - ETA: 0s - loss: 0.0015 - acc: 1.0000
1220/1461 [========================>.....] - ETA: 0s - loss: 0.0024 - acc: 0.9992
1461/1461 [==============================] - 0s 89us/step - loss: 0.0023 - acc: 0.9993 - val_loss: 0.0308 - val_acc: 0.9938
acc: 99.38%
Accuracy: 98.64% (+/- 0.77%)
