Train on 1297 samples, validate on 325 samples
Epoch 1/30

 100/1297 [=>............................] - ETA: 5s - loss: 0.6879 - acc: 0.5100
1297/1297 [==============================] - 1s 412us/step - loss: 0.4125 - acc: 0.8620 - val_loss: 0.2233 - val_acc: 0.9292
Epoch 2/30

 100/1297 [=>............................] - ETA: 0s - loss: 0.1683 - acc: 0.9800
1297/1297 [==============================] - 0s 19us/step - loss: 0.1147 - acc: 0.9761 - val_loss: 0.1394 - val_acc: 0.9354
Epoch 3/30

 100/1297 [=>............................] - ETA: 0s - loss: 0.0607 - acc: 1.0000
1297/1297 [==============================] - 0s 17us/step - loss: 0.0515 - acc: 0.9900 - val_loss: 0.1180 - val_acc: 0.9569
Epoch 4/30

 100/1297 [=>............................] - ETA: 0s - loss: 0.0271 - acc: 1.0000
1297/1297 [==============================] - 0s 17us/step - loss: 0.0298 - acc: 0.9961 - val_loss: 0.1166 - val_acc: 0.9508
Epoch 5/30

 100/1297 [=>............................] - ETA: 0s - loss: 0.0276 - acc: 1.0000
1297/1297 [==============================] - 0s 19us/step - loss: 0.0196 - acc: 0.9985 - val_loss: 0.1159 - val_acc: 0.9477
Epoch 6/30

 100/1297 [=>............................] - ETA: 0s - loss: 0.0126 - acc: 1.0000
1297/1297 [==============================] - 0s 20us/step - loss: 0.0134 - acc: 0.9985 - val_loss: 0.1151 - val_acc: 0.9477
Epoch 7/30

 100/1297 [=>............................] - ETA: 0s - loss: 0.0097 - acc: 1.0000
1297/1297 [==============================] - 0s 17us/step - loss: 0.0101 - acc: 0.9985 - val_loss: 0.1180 - val_acc: 0.9538
Epoch 8/30

 100/1297 [=>............................] - ETA: 0s - loss: 0.0097 - acc: 1.0000
1297/1297 [==============================] - 0s 17us/step - loss: 0.0082 - acc: 0.9992 - val_loss: 0.1201 - val_acc: 0.9538
Epoch 9/30

 100/1297 [=>............................] - ETA: 0s - loss: 0.0103 - acc: 1.0000
1297/1297 [==============================] - 0s 17us/step - loss: 0.0067 - acc: 1.0000 - val_loss: 0.1223 - val_acc: 0.9508
Epoch 10/30

 100/1297 [=>............................] - ETA: 0s - loss: 0.0064 - acc: 1.0000
1297/1297 [==============================] - 0s 17us/step - loss: 0.0056 - acc: 1.0000 - val_loss: 0.1235 - val_acc: 0.9508
Epoch 11/30

 100/1297 [=>............................] - ETA: 0s - loss: 0.0037 - acc: 1.0000
1297/1297 [==============================] - 0s 17us/step - loss: 0.0047 - acc: 1.0000 - val_loss: 0.1242 - val_acc: 0.9538
acc: 95.69%
Train on 1297 samples, validate on 325 samples
Epoch 1/30

 100/1297 [=>............................] - ETA: 6s - loss: 0.7167 - acc: 0.4600
1297/1297 [==============================] - 1s 462us/step - loss: 0.4245 - acc: 0.8489 - val_loss: 0.2144 - val_acc: 0.9600
Epoch 2/30

 100/1297 [=>............................] - ETA: 0s - loss: 0.1751 - acc: 0.9700
1297/1297 [==============================] - 0s 18us/step - loss: 0.1316 - acc: 0.9715 - val_loss: 0.1165 - val_acc: 0.9692
Epoch 3/30

 100/1297 [=>............................] - ETA: 0s - loss: 0.0994 - acc: 0.9800
1297/1297 [==============================] - 0s 17us/step - loss: 0.0635 - acc: 0.9861 - val_loss: 0.0909 - val_acc: 0.9723
Epoch 4/30

 100/1297 [=>............................] - ETA: 0s - loss: 0.0298 - acc: 1.0000
1297/1297 [==============================] - 0s 16us/step - loss: 0.0381 - acc: 0.9938 - val_loss: 0.0779 - val_acc: 0.9723
Epoch 5/30

 100/1297 [=>............................] - ETA: 0s - loss: 0.0362 - acc: 0.9900
1297/1297 [==============================] - 0s 16us/step - loss: 0.0249 - acc: 0.9977 - val_loss: 0.0721 - val_acc: 0.9754
Epoch 6/30

 100/1297 [=>............................] - ETA: 0s - loss: 0.0213 - acc: 1.0000
1297/1297 [==============================] - 0s 19us/step - loss: 0.0173 - acc: 0.9985 - val_loss: 0.0684 - val_acc: 0.9754
Epoch 7/30

 100/1297 [=>............................] - ETA: 0s - loss: 0.0115 - acc: 1.0000
1297/1297 [==============================] - 0s 16us/step - loss: 0.0122 - acc: 0.9985 - val_loss: 0.0678 - val_acc: 0.9723
Epoch 8/30

 100/1297 [=>............................] - ETA: 0s - loss: 0.0082 - acc: 1.0000
1297/1297 [==============================] - 0s 16us/step - loss: 0.0091 - acc: 0.9992 - val_loss: 0.0681 - val_acc: 0.9754
Epoch 9/30

 100/1297 [=>............................] - ETA: 0s - loss: 0.0060 - acc: 1.0000
1297/1297 [==============================] - 0s 16us/step - loss: 0.0071 - acc: 1.0000 - val_loss: 0.0667 - val_acc: 0.9754
Epoch 10/30

 100/1297 [=>............................] - ETA: 0s - loss: 0.0049 - acc: 1.0000
1297/1297 [==============================] - 0s 16us/step - loss: 0.0058 - acc: 1.0000 - val_loss: 0.0663 - val_acc: 0.9754
Epoch 11/30

 100/1297 [=>............................] - ETA: 0s - loss: 0.0085 - acc: 1.0000
1297/1297 [==============================] - 0s 16us/step - loss: 0.0049 - acc: 1.0000 - val_loss: 0.0683 - val_acc: 0.9754
Epoch 12/30

 100/1297 [=>............................] - ETA: 0s - loss: 0.0031 - acc: 1.0000
1297/1297 [==============================] - 0s 17us/step - loss: 0.0042 - acc: 1.0000 - val_loss: 0.0687 - val_acc: 0.9754
Epoch 13/30

 100/1297 [=>............................] - ETA: 0s - loss: 0.0028 - acc: 1.0000
1297/1297 [==============================] - 0s 18us/step - loss: 0.0036 - acc: 1.0000 - val_loss: 0.0679 - val_acc: 0.9754
acc: 97.54%
Train on 1297 samples, validate on 325 samples
Epoch 1/30

 100/1297 [=>............................] - ETA: 7s - loss: 0.7066 - acc: 0.4300
1297/1297 [==============================] - 1s 541us/step - loss: 0.4162 - acc: 0.8597 - val_loss: 0.1708 - val_acc: 0.9877
Epoch 2/30

 100/1297 [=>............................] - ETA: 0s - loss: 0.2047 - acc: 0.9600
1297/1297 [==============================] - 0s 20us/step - loss: 0.1242 - acc: 0.9707 - val_loss: 0.0779 - val_acc: 0.9877
Epoch 3/30

 100/1297 [=>............................] - ETA: 0s - loss: 0.0895 - acc: 0.9700
1297/1297 [==============================] - 0s 18us/step - loss: 0.0661 - acc: 0.9823 - val_loss: 0.0676 - val_acc: 0.9815
Epoch 4/30

 100/1297 [=>............................] - ETA: 0s - loss: 0.0569 - acc: 0.9900
1297/1297 [==============================] - 0s 18us/step - loss: 0.0389 - acc: 0.9923 - val_loss: 0.0640 - val_acc: 0.9846
Epoch 5/30

 100/1297 [=>............................] - ETA: 0s - loss: 0.0294 - acc: 0.9900
1297/1297 [==============================] - 0s 16us/step - loss: 0.0261 - acc: 0.9954 - val_loss: 0.0608 - val_acc: 0.9815
Epoch 6/30

 100/1297 [=>............................] - ETA: 0s - loss: 0.0151 - acc: 1.0000
1297/1297 [==============================] - 0s 18us/step - loss: 0.0167 - acc: 0.9977 - val_loss: 0.0582 - val_acc: 0.9815
Epoch 7/30

 100/1297 [=>............................] - ETA: 0s - loss: 0.0141 - acc: 1.0000
1297/1297 [==============================] - 0s 19us/step - loss: 0.0123 - acc: 0.9992 - val_loss: 0.0560 - val_acc: 0.9785
Epoch 8/30

 100/1297 [=>............................] - ETA: 0s - loss: 0.0114 - acc: 1.0000
1297/1297 [==============================] - 0s 17us/step - loss: 0.0093 - acc: 0.9992 - val_loss: 0.0541 - val_acc: 0.9785
Epoch 9/30

 100/1297 [=>............................] - ETA: 0s - loss: 0.0092 - acc: 1.0000
1297/1297 [==============================] - 0s 17us/step - loss: 0.0073 - acc: 1.0000 - val_loss: 0.0552 - val_acc: 0.9785
acc: 98.77%
Train on 1298 samples, validate on 324 samples
Epoch 1/30

 100/1298 [=>............................] - ETA: 8s - loss: 0.7134 - acc: 0.4900
1298/1298 [==============================] - 1s 628us/step - loss: 0.4080 - acc: 0.8590 - val_loss: 0.1736 - val_acc: 0.9691
Epoch 2/30

 100/1298 [=>............................] - ETA: 0s - loss: 0.1498 - acc: 0.9900
1298/1298 [==============================] - 0s 25us/step - loss: 0.1158 - acc: 0.9784 - val_loss: 0.0970 - val_acc: 0.9753
Epoch 3/30

 100/1298 [=>............................] - ETA: 0s - loss: 0.0601 - acc: 0.9900
1298/1298 [==============================] - 0s 19us/step - loss: 0.0559 - acc: 0.9900 - val_loss: 0.0884 - val_acc: 0.9753
Epoch 4/30

 100/1298 [=>............................] - ETA: 0s - loss: 0.0248 - acc: 1.0000
1298/1298 [==============================] - 0s 19us/step - loss: 0.0320 - acc: 0.9954 - val_loss: 0.0815 - val_acc: 0.9784
Epoch 5/30

 100/1298 [=>............................] - ETA: 0s - loss: 0.0167 - acc: 1.0000
1298/1298 [==============================] - 0s 26us/step - loss: 0.0210 - acc: 0.9985 - val_loss: 0.0794 - val_acc: 0.9784
Epoch 6/30

 100/1298 [=>............................] - ETA: 0s - loss: 0.0133 - acc: 1.0000
1298/1298 [==============================] - 0s 30us/step - loss: 0.0142 - acc: 0.9992 - val_loss: 0.0802 - val_acc: 0.9784
Epoch 7/30

 100/1298 [=>............................] - ETA: 0s - loss: 0.0111 - acc: 1.0000
1298/1298 [==============================] - 0s 27us/step - loss: 0.0103 - acc: 0.9992 - val_loss: 0.0817 - val_acc: 0.9784
Epoch 8/30

 100/1298 [=>............................] - ETA: 0s - loss: 0.0085 - acc: 1.0000
1298/1298 [==============================] - 0s 24us/step - loss: 0.0082 - acc: 0.9992 - val_loss: 0.0816 - val_acc: 0.9784
Epoch 9/30

 100/1298 [=>............................] - ETA: 0s - loss: 0.0065 - acc: 1.0000
1298/1298 [==============================] - 0s 24us/step - loss: 0.0067 - acc: 0.9992 - val_loss: 0.0816 - val_acc: 0.9784
Epoch 10/30

 100/1298 [=>............................] - ETA: 0s - loss: 0.0055 - acc: 1.0000
1298/1298 [==============================] - 0s 27us/step - loss: 0.0056 - acc: 0.9992 - val_loss: 0.0819 - val_acc: 0.9784
Epoch 11/30

 100/1298 [=>............................] - ETA: 0s - loss: 0.0028 - acc: 1.0000
1298/1298 [==============================] - 0s 23us/step - loss: 0.0048 - acc: 0.9992 - val_loss: 0.0818 - val_acc: 0.9784
Epoch 12/30

 100/1298 [=>............................] - ETA: 0s - loss: 0.0046 - acc: 1.0000
1298/1298 [==============================] - 0s 21us/step - loss: 0.0042 - acc: 1.0000 - val_loss: 0.0830 - val_acc: 0.9784
acc: 97.84%
Train on 1299 samples, validate on 323 samples
Epoch 1/30

 100/1299 [=>............................] - ETA: 10s - loss: 0.7133 - acc: 0.4700
1299/1299 [==============================] - 1s 769us/step - loss: 0.4050 - acc: 0.8514 - val_loss: 0.1573 - val_acc: 0.9721
Epoch 2/30

 100/1299 [=>............................] - ETA: 0s - loss: 0.2006 - acc: 0.9400
1299/1299 [==============================] - 0s 20us/step - loss: 0.1257 - acc: 0.9707 - val_loss: 0.0824 - val_acc: 0.9845
Epoch 3/30

 100/1299 [=>............................] - ETA: 0s - loss: 0.0736 - acc: 0.9700
1299/1299 [==============================] - 0s 20us/step - loss: 0.0620 - acc: 0.9854 - val_loss: 0.0670 - val_acc: 0.9752
Epoch 4/30

 100/1299 [=>............................] - ETA: 0s - loss: 0.0486 - acc: 0.9800
1299/1299 [==============================] - 0s 18us/step - loss: 0.0366 - acc: 0.9938 - val_loss: 0.0596 - val_acc: 0.9783
Epoch 5/30

 100/1299 [=>............................] - ETA: 0s - loss: 0.0298 - acc: 0.9900
1299/1299 [==============================] - 0s 19us/step - loss: 0.0231 - acc: 0.9977 - val_loss: 0.0560 - val_acc: 0.9783
Epoch 6/30

 100/1299 [=>............................] - ETA: 0s - loss: 0.0157 - acc: 1.0000
1299/1299 [==============================] - 0s 22us/step - loss: 0.0168 - acc: 0.9977 - val_loss: 0.0540 - val_acc: 0.9783
Epoch 7/30

 100/1299 [=>............................] - ETA: 0s - loss: 0.0133 - acc: 1.0000
1299/1299 [==============================] - 0s 18us/step - loss: 0.0122 - acc: 0.9985 - val_loss: 0.0542 - val_acc: 0.9752
Epoch 8/30

 100/1299 [=>............................] - ETA: 0s - loss: 0.0088 - acc: 1.0000
1299/1299 [==============================] - 0s 18us/step - loss: 0.0091 - acc: 0.9992 - val_loss: 0.0534 - val_acc: 0.9752
Epoch 9/30

 100/1299 [=>............................] - ETA: 0s - loss: 0.0082 - acc: 1.0000
1299/1299 [==============================] - 0s 18us/step - loss: 0.0074 - acc: 0.9992 - val_loss: 0.0537 - val_acc: 0.9752
Epoch 10/30

 100/1299 [=>............................] - ETA: 0s - loss: 0.0036 - acc: 1.0000
1299/1299 [==============================] - 0s 19us/step - loss: 0.0062 - acc: 1.0000 - val_loss: 0.0560 - val_acc: 0.9752
acc: 98.45%
Accuracy: 97.66% (+/- 1.07%)
