Train on 1459 samples, validate on 163 samples
Epoch 1/30

  20/1459 [..............................] - ETA: 30s - loss: 0.6464 - acc: 0.6500
 720/1459 [=============>................] - ETA: 0s - loss: 0.6678 - acc: 0.6194 
1459/1459 [==============================] - 1s 390us/step - loss: 0.6482 - acc: 0.6744 - val_loss: 0.5673 - val_acc: 0.8896
Epoch 2/30

  20/1459 [..............................] - ETA: 0s - loss: 0.5753 - acc: 0.9000
 820/1459 [===============>..............] - ETA: 0s - loss: 0.5368 - acc: 0.8939
1459/1459 [==============================] - 0s 66us/step - loss: 0.5048 - acc: 0.9143 - val_loss: 0.4309 - val_acc: 0.9387
Epoch 3/30

  20/1459 [..............................] - ETA: 0s - loss: 0.4235 - acc: 1.0000
 880/1459 [=================>............] - ETA: 0s - loss: 0.3997 - acc: 0.9625
1459/1459 [==============================] - 0s 61us/step - loss: 0.3860 - acc: 0.9541 - val_loss: 0.3527 - val_acc: 0.9202
Epoch 4/30

  20/1459 [..............................] - ETA: 0s - loss: 0.3079 - acc: 1.0000
 900/1459 [=================>............] - ETA: 0s - loss: 0.3206 - acc: 0.9678
1459/1459 [==============================] - 0s 60us/step - loss: 0.3202 - acc: 0.9623 - val_loss: 0.3104 - val_acc: 0.9387
Epoch 5/30

  20/1459 [..............................] - ETA: 0s - loss: 0.2963 - acc: 1.0000
 840/1459 [================>.............] - ETA: 0s - loss: 0.2779 - acc: 0.9738
1459/1459 [==============================] - 0s 63us/step - loss: 0.2794 - acc: 0.9644 - val_loss: 0.2827 - val_acc: 0.9448
Epoch 6/30

  20/1459 [..............................] - ETA: 0s - loss: 0.2614 - acc: 1.0000
 840/1459 [================>.............] - ETA: 0s - loss: 0.2544 - acc: 0.9619
1459/1459 [==============================] - 0s 64us/step - loss: 0.2495 - acc: 0.9650 - val_loss: 0.2650 - val_acc: 0.9448
Epoch 7/30

  20/1459 [..............................] - ETA: 0s - loss: 0.2711 - acc: 0.9500
 700/1459 [=============>................] - ETA: 0s - loss: 0.2326 - acc: 0.9686
1420/1459 [============================>.] - ETA: 0s - loss: 0.2255 - acc: 0.9697
1459/1459 [==============================] - 0s 75us/step - loss: 0.2248 - acc: 0.9705 - val_loss: 0.2506 - val_acc: 0.9448
Epoch 8/30

  20/1459 [..............................] - ETA: 0s - loss: 0.2067 - acc: 0.9500
 840/1459 [================>.............] - ETA: 0s - loss: 0.2020 - acc: 0.9750
1459/1459 [==============================] - 0s 64us/step - loss: 0.2043 - acc: 0.9712 - val_loss: 0.2379 - val_acc: 0.9509
Epoch 9/30

  20/1459 [..............................] - ETA: 0s - loss: 0.1676 - acc: 1.0000
 860/1459 [================>.............] - ETA: 0s - loss: 0.1911 - acc: 0.9744
1459/1459 [==============================] - 0s 63us/step - loss: 0.1874 - acc: 0.9746 - val_loss: 0.2289 - val_acc: 0.9571
Epoch 10/30

  20/1459 [..............................] - ETA: 0s - loss: 0.1262 - acc: 1.0000
 780/1459 [===============>..............] - ETA: 0s - loss: 0.1680 - acc: 0.9846
1459/1459 [==============================] - 0s 66us/step - loss: 0.1726 - acc: 0.9760 - val_loss: 0.2216 - val_acc: 0.9509
Epoch 11/30

  20/1459 [..............................] - ETA: 0s - loss: 0.1552 - acc: 1.0000
 820/1459 [===============>..............] - ETA: 0s - loss: 0.1542 - acc: 0.9829
1459/1459 [==============================] - 0s 66us/step - loss: 0.1600 - acc: 0.9774 - val_loss: 0.2164 - val_acc: 0.9509
Epoch 12/30

  20/1459 [..............................] - ETA: 0s - loss: 0.2117 - acc: 0.9500
 820/1459 [===============>..............] - ETA: 0s - loss: 0.1501 - acc: 0.9780
1459/1459 [==============================] - 0s 66us/step - loss: 0.1492 - acc: 0.9767 - val_loss: 0.2081 - val_acc: 0.9632
Epoch 13/30

  20/1459 [..............................] - ETA: 0s - loss: 0.1054 - acc: 1.0000
 820/1459 [===============>..............] - ETA: 0s - loss: 0.1442 - acc: 0.9768
1459/1459 [==============================] - 0s 67us/step - loss: 0.1394 - acc: 0.9788 - val_loss: 0.2037 - val_acc: 0.9632
Epoch 14/30

  20/1459 [..............................] - ETA: 0s - loss: 0.1542 - acc: 1.0000
 800/1459 [===============>..............] - ETA: 0s - loss: 0.1366 - acc: 0.9812
1459/1459 [==============================] - 0s 67us/step - loss: 0.1312 - acc: 0.9808 - val_loss: 0.1990 - val_acc: 0.9571
Epoch 15/30

  20/1459 [..............................] - ETA: 0s - loss: 0.1154 - acc: 1.0000
 860/1459 [================>.............] - ETA: 0s - loss: 0.1275 - acc: 0.9814
1459/1459 [==============================] - 0s 63us/step - loss: 0.1236 - acc: 0.9808 - val_loss: 0.1967 - val_acc: 0.9571
Epoch 16/30

  20/1459 [..............................] - ETA: 0s - loss: 0.0983 - acc: 1.0000
 600/1459 [===========>..................] - ETA: 0s - loss: 0.1185 - acc: 0.9850
1320/1459 [==========================>...] - ETA: 0s - loss: 0.1150 - acc: 0.9848
1459/1459 [==============================] - 0s 79us/step - loss: 0.1166 - acc: 0.9822 - val_loss: 0.1939 - val_acc: 0.9571
Epoch 17/30

  20/1459 [..............................] - ETA: 0s - loss: 0.0869 - acc: 1.0000
 700/1459 [=============>................] - ETA: 0s - loss: 0.1118 - acc: 0.9786
1459/1459 [==============================] - 0s 69us/step - loss: 0.1103 - acc: 0.9822 - val_loss: 0.1904 - val_acc: 0.9571
Epoch 18/30

  20/1459 [..............................] - ETA: 0s - loss: 0.1218 - acc: 1.0000
 820/1459 [===============>..............] - ETA: 0s - loss: 0.1006 - acc: 0.9890
1280/1459 [=========================>....] - ETA: 0s - loss: 0.1053 - acc: 0.9836
1459/1459 [==============================] - 0s 88us/step - loss: 0.1045 - acc: 0.9842 - val_loss: 0.1881 - val_acc: 0.9632
Epoch 19/30

  20/1459 [..............................] - ETA: 0s - loss: 0.1150 - acc: 0.9500
 540/1459 [==========>...................] - ETA: 0s - loss: 0.0997 - acc: 0.9796
 980/1459 [===================>..........] - ETA: 0s - loss: 0.0961 - acc: 0.9837
1459/1459 [==============================] - 0s 108us/step - loss: 0.0992 - acc: 0.9836 - val_loss: 0.1862 - val_acc: 0.9571
Epoch 20/30

  20/1459 [..............................] - ETA: 0s - loss: 0.0855 - acc: 1.0000
 580/1459 [==========>...................] - ETA: 0s - loss: 0.0842 - acc: 0.9862
1180/1459 [=======================>......] - ETA: 0s - loss: 0.0939 - acc: 0.9847
1459/1459 [==============================] - 0s 97us/step - loss: 0.0939 - acc: 0.9849 - val_loss: 0.1845 - val_acc: 0.9571
Epoch 21/30

  20/1459 [..............................] - ETA: 0s - loss: 0.1446 - acc: 1.0000
 580/1459 [==========>...................] - ETA: 0s - loss: 0.0903 - acc: 0.9879
1200/1459 [=======================>......] - ETA: 0s - loss: 0.0916 - acc: 0.9858
1459/1459 [==============================] - 0s 87us/step - loss: 0.0891 - acc: 0.9863 - val_loss: 0.1822 - val_acc: 0.9571
Epoch 22/30

  20/1459 [..............................] - ETA: 0s - loss: 0.0752 - acc: 1.0000
 660/1459 [============>.................] - ETA: 0s - loss: 0.0787 - acc: 0.9879
1260/1459 [========================>.....] - ETA: 0s - loss: 0.0867 - acc: 0.9849
1459/1459 [==============================] - 0s 84us/step - loss: 0.0848 - acc: 0.9870 - val_loss: 0.1796 - val_acc: 0.9571
Epoch 23/30

  20/1459 [..............................] - ETA: 0s - loss: 0.0720 - acc: 1.0000
 620/1459 [===========>..................] - ETA: 0s - loss: 0.0766 - acc: 0.9903
1340/1459 [==========================>...] - ETA: 0s - loss: 0.0812 - acc: 0.9873
1459/1459 [==============================] - 0s 82us/step - loss: 0.0809 - acc: 0.9870 - val_loss: 0.1788 - val_acc: 0.9571
Epoch 24/30

  20/1459 [..............................] - ETA: 0s - loss: 0.0692 - acc: 1.0000
 660/1459 [============>.................] - ETA: 0s - loss: 0.0739 - acc: 0.9909
1400/1459 [===========================>..] - ETA: 0s - loss: 0.0772 - acc: 0.9886
1459/1459 [==============================] - 0s 76us/step - loss: 0.0771 - acc: 0.9883 - val_loss: 0.1785 - val_acc: 0.9571
Epoch 25/30

  20/1459 [..............................] - ETA: 0s - loss: 0.0858 - acc: 1.0000
 760/1459 [==============>...............] - ETA: 0s - loss: 0.0700 - acc: 0.9908
1459/1459 [==============================] - 0s 70us/step - loss: 0.0739 - acc: 0.9890 - val_loss: 0.1774 - val_acc: 0.9632
Epoch 26/30

  20/1459 [..............................] - ETA: 0s - loss: 0.0593 - acc: 1.0000
 680/1459 [============>.................] - ETA: 0s - loss: 0.0662 - acc: 0.9912
1360/1459 [==========================>...] - ETA: 0s - loss: 0.0704 - acc: 0.9890
1459/1459 [==============================] - 0s 78us/step - loss: 0.0704 - acc: 0.9890 - val_loss: 0.1774 - val_acc: 0.9509
Epoch 27/30

  20/1459 [..............................] - ETA: 0s - loss: 0.0394 - acc: 1.0000
 740/1459 [==============>...............] - ETA: 0s - loss: 0.0670 - acc: 0.9919
1459/1459 [==============================] - 0s 73us/step - loss: 0.0671 - acc: 0.9904 - val_loss: 0.1763 - val_acc: 0.9571
Epoch 28/30

  20/1459 [..............................] - ETA: 0s - loss: 0.0591 - acc: 1.0000
 740/1459 [==============>...............] - ETA: 0s - loss: 0.0683 - acc: 0.9865
1459/1459 [==============================] - 0s 71us/step - loss: 0.0644 - acc: 0.9904 - val_loss: 0.1749 - val_acc: 0.9509
acc: 96.32%
Train on 1459 samples, validate on 163 samples
Epoch 1/30

  20/1459 [..............................] - ETA: 41s - loss: 0.7076 - acc: 0.4000
 780/1459 [===============>..............] - ETA: 0s - loss: 0.6750 - acc: 0.5551 
1459/1459 [==============================] - 1s 513us/step - loss: 0.6459 - acc: 0.6217 - val_loss: 0.5763 - val_acc: 0.7546
Epoch 2/30

  20/1459 [..............................] - ETA: 0s - loss: 0.5629 - acc: 0.8000
 780/1459 [===============>..............] - ETA: 0s - loss: 0.5299 - acc: 0.8564
1459/1459 [==============================] - 0s 71us/step - loss: 0.5045 - acc: 0.8842 - val_loss: 0.4761 - val_acc: 0.8405
Epoch 3/30

  20/1459 [..............................] - ETA: 0s - loss: 0.4595 - acc: 0.8500
 560/1459 [==========>...................] - ETA: 0s - loss: 0.4288 - acc: 0.9196
1120/1459 [======================>.......] - ETA: 0s - loss: 0.4110 - acc: 0.9268
1459/1459 [==============================] - 0s 96us/step - loss: 0.4033 - acc: 0.9328 - val_loss: 0.4068 - val_acc: 0.8957
Epoch 4/30

  20/1459 [..............................] - ETA: 0s - loss: 0.4261 - acc: 0.8500
 620/1459 [===========>..................] - ETA: 0s - loss: 0.3387 - acc: 0.9597
1200/1459 [=======================>......] - ETA: 0s - loss: 0.3366 - acc: 0.9633
1459/1459 [==============================] - 0s 90us/step - loss: 0.3341 - acc: 0.9616 - val_loss: 0.3612 - val_acc: 0.9080
Epoch 5/30

  20/1459 [..............................] - ETA: 0s - loss: 0.3265 - acc: 1.0000
 520/1459 [=========>....................] - ETA: 0s - loss: 0.2863 - acc: 0.9750
1120/1459 [======================>.......] - ETA: 0s - loss: 0.2905 - acc: 0.9679
1459/1459 [==============================] - 0s 91us/step - loss: 0.2895 - acc: 0.9685 - val_loss: 0.3320 - val_acc: 0.9202
Epoch 6/30

  20/1459 [..............................] - ETA: 0s - loss: 0.2428 - acc: 1.0000
 720/1459 [=============>................] - ETA: 0s - loss: 0.2581 - acc: 0.9694
1340/1459 [==========================>...] - ETA: 0s - loss: 0.2565 - acc: 0.9709
1459/1459 [==============================] - 0s 81us/step - loss: 0.2573 - acc: 0.9705 - val_loss: 0.3109 - val_acc: 0.9202
Epoch 7/30

  20/1459 [..............................] - ETA: 0s - loss: 0.2050 - acc: 1.0000
 780/1459 [===============>..............] - ETA: 0s - loss: 0.2489 - acc: 0.9654
1459/1459 [==============================] - 0s 70us/step - loss: 0.2323 - acc: 0.9726 - val_loss: 0.2898 - val_acc: 0.9325
Epoch 8/30

  20/1459 [..............................] - ETA: 0s - loss: 0.2569 - acc: 0.9500
 780/1459 [===============>..............] - ETA: 0s - loss: 0.2121 - acc: 0.9744
1459/1459 [==============================] - 0s 70us/step - loss: 0.2119 - acc: 0.9753 - val_loss: 0.2748 - val_acc: 0.9202
Epoch 9/30

  20/1459 [..............................] - ETA: 0s - loss: 0.3001 - acc: 0.9000
 760/1459 [==============>...............] - ETA: 0s - loss: 0.1952 - acc: 0.9842
1459/1459 [==============================] - 0s 71us/step - loss: 0.1945 - acc: 0.9794 - val_loss: 0.2627 - val_acc: 0.9264
Epoch 10/30

  20/1459 [..............................] - ETA: 0s - loss: 0.1903 - acc: 1.0000
 700/1459 [=============>................] - ETA: 0s - loss: 0.1721 - acc: 0.9843
1440/1459 [============================>.] - ETA: 0s - loss: 0.1803 - acc: 0.9792
1459/1459 [==============================] - 0s 75us/step - loss: 0.1798 - acc: 0.9794 - val_loss: 0.2489 - val_acc: 0.9141
Epoch 11/30

  20/1459 [..............................] - ETA: 0s - loss: 0.2662 - acc: 0.9500
 740/1459 [==============>...............] - ETA: 0s - loss: 0.1615 - acc: 0.9851
1459/1459 [==============================] - 0s 70us/step - loss: 0.1670 - acc: 0.9801 - val_loss: 0.2383 - val_acc: 0.9141
Epoch 12/30

  20/1459 [..............................] - ETA: 0s - loss: 0.1626 - acc: 1.0000
 780/1459 [===============>..............] - ETA: 0s - loss: 0.1611 - acc: 0.9808
1459/1459 [==============================] - 0s 69us/step - loss: 0.1555 - acc: 0.9829 - val_loss: 0.2319 - val_acc: 0.9202
Epoch 13/30

  20/1459 [..............................] - ETA: 0s - loss: 0.1339 - acc: 1.0000
 800/1459 [===============>..............] - ETA: 0s - loss: 0.1492 - acc: 0.9800
1459/1459 [==============================] - 0s 68us/step - loss: 0.1453 - acc: 0.9815 - val_loss: 0.2233 - val_acc: 0.9264
Epoch 14/30

  20/1459 [..............................] - ETA: 0s - loss: 0.1357 - acc: 1.0000
 720/1459 [=============>................] - ETA: 0s - loss: 0.1292 - acc: 0.9889
1459/1459 [==============================] - 0s 71us/step - loss: 0.1366 - acc: 0.9842 - val_loss: 0.2154 - val_acc: 0.9202
Epoch 15/30

  20/1459 [..............................] - ETA: 0s - loss: 0.1667 - acc: 0.9500
 620/1459 [===========>..................] - ETA: 0s - loss: 0.1315 - acc: 0.9855
1300/1459 [=========================>....] - ETA: 0s - loss: 0.1291 - acc: 0.9854
1459/1459 [==============================] - 0s 81us/step - loss: 0.1281 - acc: 0.9856 - val_loss: 0.2111 - val_acc: 0.9264
Epoch 16/30

  20/1459 [..............................] - ETA: 0s - loss: 0.1465 - acc: 0.9500
 720/1459 [=============>................] - ETA: 0s - loss: 0.1145 - acc: 0.9875
1440/1459 [============================>.] - ETA: 0s - loss: 0.1206 - acc: 0.9854
1459/1459 [==============================] - 0s 73us/step - loss: 0.1212 - acc: 0.9849 - val_loss: 0.2041 - val_acc: 0.9202
Epoch 17/30

  20/1459 [..............................] - ETA: 0s - loss: 0.1262 - acc: 1.0000
 740/1459 [==============>...............] - ETA: 0s - loss: 0.1151 - acc: 0.9892
1220/1459 [========================>.....] - ETA: 0s - loss: 0.1154 - acc: 0.9877
1459/1459 [==============================] - 0s 86us/step - loss: 0.1143 - acc: 0.9877 - val_loss: 0.1991 - val_acc: 0.9202
Epoch 18/30

  20/1459 [..............................] - ETA: 0s - loss: 0.0897 - acc: 1.0000
 600/1459 [===========>..................] - ETA: 0s - loss: 0.1110 - acc: 0.9883
1200/1459 [=======================>......] - ETA: 0s - loss: 0.1066 - acc: 0.9892
1459/1459 [==============================] - 0s 87us/step - loss: 0.1087 - acc: 0.9877 - val_loss: 0.1945 - val_acc: 0.9264
Epoch 19/30

  20/1459 [..............................] - ETA: 0s - loss: 0.0710 - acc: 1.0000
 680/1459 [============>.................] - ETA: 0s - loss: 0.1001 - acc: 0.9926
1380/1459 [===========================>..] - ETA: 0s - loss: 0.1023 - acc: 0.9891
1459/1459 [==============================] - 0s 78us/step - loss: 0.1025 - acc: 0.9890 - val_loss: 0.1922 - val_acc: 0.9264
Epoch 20/30

  20/1459 [..............................] - ETA: 0s - loss: 0.0809 - acc: 1.0000
 540/1459 [==========>...................] - ETA: 0s - loss: 0.0909 - acc: 0.9907
1100/1459 [=====================>........] - ETA: 0s - loss: 0.0966 - acc: 0.9891
1459/1459 [==============================] - 0s 95us/step - loss: 0.0976 - acc: 0.9883 - val_loss: 0.1881 - val_acc: 0.9325
Epoch 21/30

  20/1459 [..............................] - ETA: 0s - loss: 0.0801 - acc: 1.0000
 680/1459 [============>.................] - ETA: 0s - loss: 0.0937 - acc: 0.9882
1240/1459 [========================>.....] - ETA: 0s - loss: 0.0946 - acc: 0.9887
1459/1459 [==============================] - 0s 94us/step - loss: 0.0928 - acc: 0.9890 - val_loss: 0.1820 - val_acc: 0.9325
Epoch 22/30

  20/1459 [..............................] - ETA: 0s - loss: 0.0789 - acc: 1.0000
 540/1459 [==========>...................] - ETA: 0s - loss: 0.0825 - acc: 0.9926
1020/1459 [===================>..........] - ETA: 0s - loss: 0.0863 - acc: 0.9882
1459/1459 [==============================] - 0s 108us/step - loss: 0.0881 - acc: 0.9890 - val_loss: 0.1819 - val_acc: 0.9325
Epoch 23/30

  20/1459 [..............................] - ETA: 0s - loss: 0.0666 - acc: 1.0000
 520/1459 [=========>....................] - ETA: 0s - loss: 0.0742 - acc: 0.9923
1020/1459 [===================>..........] - ETA: 0s - loss: 0.0829 - acc: 0.9902
1360/1459 [==========================>...] - ETA: 0s - loss: 0.0840 - acc: 0.9897
1459/1459 [==============================] - 0s 119us/step - loss: 0.0834 - acc: 0.9904 - val_loss: 0.1758 - val_acc: 0.9325
Epoch 24/30

  20/1459 [..............................] - ETA: 0s - loss: 0.0455 - acc: 1.0000
 700/1459 [=============>................] - ETA: 0s - loss: 0.0802 - acc: 0.9886
1440/1459 [============================>.] - ETA: 0s - loss: 0.0796 - acc: 0.9903
1459/1459 [==============================] - 0s 78us/step - loss: 0.0795 - acc: 0.9904 - val_loss: 0.1725 - val_acc: 0.9387
Epoch 25/30

  20/1459 [..............................] - ETA: 0s - loss: 0.1096 - acc: 0.9500
 380/1459 [======>.......................] - ETA: 0s - loss: 0.0844 - acc: 0.9868
 740/1459 [==============>...............] - ETA: 0s - loss: 0.0786 - acc: 0.9892
1180/1459 [=======================>......] - ETA: 0s - loss: 0.0764 - acc: 0.9898
1459/1459 [==============================] - 0s 133us/step - loss: 0.0756 - acc: 0.9911 - val_loss: 0.1705 - val_acc: 0.9387
Epoch 26/30

  20/1459 [..............................] - ETA: 0s - loss: 0.0673 - acc: 1.0000
 560/1459 [==========>...................] - ETA: 0s - loss: 0.0707 - acc: 0.9911
1200/1459 [=======================>......] - ETA: 0s - loss: 0.0711 - acc: 0.9908
1459/1459 [==============================] - 0s 87us/step - loss: 0.0722 - acc: 0.9911 - val_loss: 0.1690 - val_acc: 0.9387
Epoch 27/30

  20/1459 [..............................] - ETA: 0s - loss: 0.0585 - acc: 1.0000
 780/1459 [===============>..............] - ETA: 0s - loss: 0.0685 - acc: 0.9949
1440/1459 [============================>.] - ETA: 0s - loss: 0.0683 - acc: 0.9924
1459/1459 [==============================] - 0s 74us/step - loss: 0.0688 - acc: 0.9918 - val_loss: 0.1636 - val_acc: 0.9387
Epoch 28/30

  20/1459 [..............................] - ETA: 0s - loss: 0.0584 - acc: 1.0000
 700/1459 [=============>................] - ETA: 0s - loss: 0.0664 - acc: 0.9914
1420/1459 [============================>.] - ETA: 0s - loss: 0.0661 - acc: 0.9915
1459/1459 [==============================] - 0s 76us/step - loss: 0.0662 - acc: 0.9918 - val_loss: 0.1658 - val_acc: 0.9325
Epoch 29/30

  20/1459 [..............................] - ETA: 0s - loss: 0.0735 - acc: 1.0000
 780/1459 [===============>..............] - ETA: 0s - loss: 0.0608 - acc: 0.9936
1459/1459 [==============================] - 0s 69us/step - loss: 0.0633 - acc: 0.9931 - val_loss: 0.1638 - val_acc: 0.9387
Epoch 30/30

  20/1459 [..............................] - ETA: 0s - loss: 0.0294 - acc: 1.0000
 820/1459 [===============>..............] - ETA: 0s - loss: 0.0571 - acc: 0.9939
1459/1459 [==============================] - 0s 68us/step - loss: 0.0605 - acc: 0.9931 - val_loss: 0.1633 - val_acc: 0.9387
acc: 93.87%
Train on 1459 samples, validate on 163 samples
Epoch 1/30

  20/1459 [..............................] - ETA: 43s - loss: 0.7097 - acc: 0.5000
 740/1459 [==============>...............] - ETA: 0s - loss: 0.6775 - acc: 0.5865 
1459/1459 [==============================] - 1s 535us/step - loss: 0.6519 - acc: 0.6477 - val_loss: 0.6026 - val_acc: 0.7607
Epoch 2/30

  20/1459 [..............................] - ETA: 0s - loss: 0.5773 - acc: 0.8000
 780/1459 [===============>..............] - ETA: 0s - loss: 0.5563 - acc: 0.8346
1459/1459 [==============================] - 0s 68us/step - loss: 0.5346 - acc: 0.8472 - val_loss: 0.5062 - val_acc: 0.8528
Epoch 3/30

  20/1459 [..............................] - ETA: 0s - loss: 0.5047 - acc: 0.8500
 760/1459 [==============>...............] - ETA: 0s - loss: 0.4605 - acc: 0.8868
1459/1459 [==============================] - 0s 67us/step - loss: 0.4427 - acc: 0.8890 - val_loss: 0.4427 - val_acc: 0.8650
Epoch 4/30

  20/1459 [..............................] - ETA: 0s - loss: 0.5138 - acc: 0.8000
 860/1459 [================>.............] - ETA: 0s - loss: 0.3990 - acc: 0.8895
1459/1459 [==============================] - 0s 63us/step - loss: 0.3893 - acc: 0.8965 - val_loss: 0.4029 - val_acc: 0.8528
Epoch 5/30

  20/1459 [..............................] - ETA: 0s - loss: 0.4135 - acc: 0.9000
 860/1459 [================>.............] - ETA: 0s - loss: 0.3603 - acc: 0.9012
1459/1459 [==============================] - 0s 65us/step - loss: 0.3522 - acc: 0.9027 - val_loss: 0.3756 - val_acc: 0.8712
Epoch 6/30

  20/1459 [..............................] - ETA: 0s - loss: 0.4028 - acc: 0.8500
 760/1459 [==============>...............] - ETA: 0s - loss: 0.3341 - acc: 0.9039
1459/1459 [==============================] - 0s 73us/step - loss: 0.3231 - acc: 0.9123 - val_loss: 0.3519 - val_acc: 0.8834
Epoch 7/30

  20/1459 [..............................] - ETA: 0s - loss: 0.2490 - acc: 0.9500
 740/1459 [==============>...............] - ETA: 0s - loss: 0.3041 - acc: 0.9162
1459/1459 [==============================] - 0s 70us/step - loss: 0.2982 - acc: 0.9178 - val_loss: 0.3328 - val_acc: 0.8957
Epoch 8/30

  20/1459 [..............................] - ETA: 0s - loss: 0.3009 - acc: 0.8000
 540/1459 [==========>...................] - ETA: 0s - loss: 0.2967 - acc: 0.8963
1220/1459 [========================>.....] - ETA: 0s - loss: 0.2795 - acc: 0.9172
1459/1459 [==============================] - 0s 83us/step - loss: 0.2778 - acc: 0.9198 - val_loss: 0.3185 - val_acc: 0.8957
Epoch 9/30

  20/1459 [..............................] - ETA: 0s - loss: 0.2858 - acc: 0.9000
 780/1459 [===============>..............] - ETA: 0s - loss: 0.2636 - acc: 0.9179
1459/1459 [==============================] - 0s 68us/step - loss: 0.2600 - acc: 0.9260 - val_loss: 0.3070 - val_acc: 0.9141
Epoch 10/30

  20/1459 [..............................] - ETA: 0s - loss: 0.2896 - acc: 0.8500
 800/1459 [===============>..............] - ETA: 0s - loss: 0.2436 - acc: 0.9350
1459/1459 [==============================] - 0s 66us/step - loss: 0.2443 - acc: 0.9308 - val_loss: 0.2953 - val_acc: 0.9018
Epoch 11/30

  20/1459 [..............................] - ETA: 0s - loss: 0.2438 - acc: 0.9000
 800/1459 [===============>..............] - ETA: 0s - loss: 0.2289 - acc: 0.9362
1459/1459 [==============================] - 0s 66us/step - loss: 0.2304 - acc: 0.9321 - val_loss: 0.2861 - val_acc: 0.9202
Epoch 12/30

  20/1459 [..............................] - ETA: 0s - loss: 0.1884 - acc: 1.0000
 800/1459 [===============>..............] - ETA: 0s - loss: 0.2197 - acc: 0.9325
1459/1459 [==============================] - 0s 68us/step - loss: 0.2177 - acc: 0.9363 - val_loss: 0.2749 - val_acc: 0.9202
Epoch 13/30

  20/1459 [..............................] - ETA: 0s - loss: 0.2489 - acc: 0.9000
 800/1459 [===============>..............] - ETA: 0s - loss: 0.2117 - acc: 0.9450
1459/1459 [==============================] - 0s 67us/step - loss: 0.2056 - acc: 0.9397 - val_loss: 0.2660 - val_acc: 0.9202
Epoch 14/30

  20/1459 [..............................] - ETA: 0s - loss: 0.2279 - acc: 0.9000
 800/1459 [===============>..............] - ETA: 0s - loss: 0.2097 - acc: 0.9350
1459/1459 [==============================] - 0s 68us/step - loss: 0.1952 - acc: 0.9417 - val_loss: 0.2582 - val_acc: 0.9202
Epoch 15/30

  20/1459 [..............................] - ETA: 0s - loss: 0.2321 - acc: 0.9000
 780/1459 [===============>..............] - ETA: 0s - loss: 0.2017 - acc: 0.9346
1459/1459 [==============================] - 0s 67us/step - loss: 0.1852 - acc: 0.9479 - val_loss: 0.2517 - val_acc: 0.9325
Epoch 16/30

  20/1459 [..............................] - ETA: 0s - loss: 0.2418 - acc: 0.9500
 760/1459 [==============>...............] - ETA: 0s - loss: 0.1765 - acc: 0.9566
1459/1459 [==============================] - 0s 70us/step - loss: 0.1759 - acc: 0.9527 - val_loss: 0.2449 - val_acc: 0.9325
Epoch 17/30

  20/1459 [..............................] - ETA: 0s - loss: 0.1755 - acc: 0.9500
 800/1459 [===============>..............] - ETA: 0s - loss: 0.1641 - acc: 0.9612
1459/1459 [==============================] - 0s 66us/step - loss: 0.1672 - acc: 0.9575 - val_loss: 0.2392 - val_acc: 0.9325
Epoch 18/30

  20/1459 [..............................] - ETA: 0s - loss: 0.1280 - acc: 1.0000
 820/1459 [===============>..............] - ETA: 0s - loss: 0.1495 - acc: 0.9707
1459/1459 [==============================] - 0s 66us/step - loss: 0.1585 - acc: 0.9630 - val_loss: 0.2355 - val_acc: 0.9325
Epoch 19/30

  20/1459 [..............................] - ETA: 0s - loss: 0.2195 - acc: 0.9500
 820/1459 [===============>..............] - ETA: 0s - loss: 0.1515 - acc: 0.9683
1459/1459 [==============================] - 0s 67us/step - loss: 0.1508 - acc: 0.9705 - val_loss: 0.2294 - val_acc: 0.9325
Epoch 20/30

  20/1459 [..............................] - ETA: 0s - loss: 0.1928 - acc: 1.0000
 800/1459 [===============>..............] - ETA: 0s - loss: 0.1452 - acc: 0.9787
1459/1459 [==============================] - 0s 67us/step - loss: 0.1422 - acc: 0.9794 - val_loss: 0.2245 - val_acc: 0.9325
Epoch 21/30

  20/1459 [..............................] - ETA: 0s - loss: 0.1509 - acc: 0.9500
 780/1459 [===============>..............] - ETA: 0s - loss: 0.1374 - acc: 0.9795
1459/1459 [==============================] - 0s 68us/step - loss: 0.1345 - acc: 0.9815 - val_loss: 0.2192 - val_acc: 0.9325
Epoch 22/30

  20/1459 [..............................] - ETA: 0s - loss: 0.0966 - acc: 1.0000
 800/1459 [===============>..............] - ETA: 0s - loss: 0.1199 - acc: 0.9887
1459/1459 [==============================] - 0s 69us/step - loss: 0.1270 - acc: 0.9856 - val_loss: 0.2137 - val_acc: 0.9325
Epoch 23/30

  20/1459 [..............................] - ETA: 0s - loss: 0.0718 - acc: 1.0000
 820/1459 [===============>..............] - ETA: 0s - loss: 0.1262 - acc: 0.9841
1459/1459 [==============================] - 0s 66us/step - loss: 0.1204 - acc: 0.9870 - val_loss: 0.2074 - val_acc: 0.9387
Epoch 24/30

  20/1459 [..............................] - ETA: 0s - loss: 0.0989 - acc: 1.0000
 820/1459 [===============>..............] - ETA: 0s - loss: 0.1098 - acc: 0.9902
1459/1459 [==============================] - 0s 66us/step - loss: 0.1150 - acc: 0.9877 - val_loss: 0.2005 - val_acc: 0.9387
Epoch 25/30

  20/1459 [..............................] - ETA: 0s - loss: 0.0710 - acc: 1.0000
 820/1459 [===============>..............] - ETA: 0s - loss: 0.1020 - acc: 0.9939
1459/1459 [==============================] - 0s 65us/step - loss: 0.1097 - acc: 0.9911 - val_loss: 0.1956 - val_acc: 0.9325
Epoch 26/30

  20/1459 [..............................] - ETA: 0s - loss: 0.1019 - acc: 1.0000
 840/1459 [================>.............] - ETA: 0s - loss: 0.1034 - acc: 0.9917
1459/1459 [==============================] - 0s 68us/step - loss: 0.1046 - acc: 0.9897 - val_loss: 0.1909 - val_acc: 0.9387
Epoch 27/30

  20/1459 [..............................] - ETA: 0s - loss: 0.0545 - acc: 1.0000
 760/1459 [==============>...............] - ETA: 0s - loss: 0.1049 - acc: 0.9882
1440/1459 [============================>.] - ETA: 0s - loss: 0.0990 - acc: 0.9903
1459/1459 [==============================] - 0s 73us/step - loss: 0.0996 - acc: 0.9897 - val_loss: 0.1868 - val_acc: 0.9387
Epoch 28/30

  20/1459 [..............................] - ETA: 0s - loss: 0.1407 - acc: 0.9500
 800/1459 [===============>..............] - ETA: 0s - loss: 0.0943 - acc: 0.9925
1459/1459 [==============================] - 0s 68us/step - loss: 0.0955 - acc: 0.9911 - val_loss: 0.1836 - val_acc: 0.9387
Epoch 29/30

  20/1459 [..............................] - ETA: 0s - loss: 0.0579 - acc: 1.0000
 820/1459 [===============>..............] - ETA: 0s - loss: 0.0859 - acc: 0.9927
1459/1459 [==============================] - 0s 67us/step - loss: 0.0914 - acc: 0.9904 - val_loss: 0.1788 - val_acc: 0.9387
Epoch 30/30

  20/1459 [..............................] - ETA: 0s - loss: 0.0616 - acc: 1.0000
 780/1459 [===============>..............] - ETA: 0s - loss: 0.0884 - acc: 0.9885
1459/1459 [==============================] - 0s 68us/step - loss: 0.0874 - acc: 0.9918 - val_loss: 0.1740 - val_acc: 0.9387
acc: 93.87%
Train on 1460 samples, validate on 162 samples
Epoch 1/30

  20/1460 [..............................] - ETA: 49s - loss: 0.7382 - acc: 0.4000
 860/1460 [================>.............] - ETA: 0s - loss: 0.6783 - acc: 0.5186 
1460/1460 [==============================] - 1s 590us/step - loss: 0.6543 - acc: 0.6089 - val_loss: 0.6049 - val_acc: 0.7593
Epoch 2/30

  20/1460 [..............................] - ETA: 0s - loss: 0.6092 - acc: 0.8000
 780/1460 [===============>..............] - ETA: 0s - loss: 0.5664 - acc: 0.8038
1460/1460 [==============================] - 0s 69us/step - loss: 0.5376 - acc: 0.8384 - val_loss: 0.4788 - val_acc: 0.9383
Epoch 3/30

  20/1460 [..............................] - ETA: 0s - loss: 0.4392 - acc: 0.9000
 800/1460 [===============>..............] - ETA: 0s - loss: 0.4553 - acc: 0.9100
1460/1460 [==============================] - 0s 70us/step - loss: 0.4442 - acc: 0.9144 - val_loss: 0.4042 - val_acc: 0.9444
Epoch 4/30

  20/1460 [..............................] - ETA: 0s - loss: 0.4272 - acc: 0.8000
 820/1460 [===============>..............] - ETA: 0s - loss: 0.3935 - acc: 0.9220
1460/1460 [==============================] - 0s 65us/step - loss: 0.3851 - acc: 0.9295 - val_loss: 0.3570 - val_acc: 0.9506
Epoch 5/30

  20/1460 [..............................] - ETA: 0s - loss: 0.3206 - acc: 1.0000
 840/1460 [================>.............] - ETA: 0s - loss: 0.3443 - acc: 0.9440
1460/1460 [==============================] - 0s 64us/step - loss: 0.3437 - acc: 0.9397 - val_loss: 0.3239 - val_acc: 0.9444
Epoch 6/30

  20/1460 [..............................] - ETA: 0s - loss: 0.3118 - acc: 1.0000
 820/1460 [===============>..............] - ETA: 0s - loss: 0.3166 - acc: 0.9488
1460/1460 [==============================] - 0s 66us/step - loss: 0.3113 - acc: 0.9500 - val_loss: 0.2992 - val_acc: 0.9383
Epoch 7/30

  20/1460 [..............................] - ETA: 0s - loss: 0.2966 - acc: 0.9500
 800/1460 [===============>..............] - ETA: 0s - loss: 0.2843 - acc: 0.9512
1460/1460 [==============================] - 0s 67us/step - loss: 0.2845 - acc: 0.9521 - val_loss: 0.2757 - val_acc: 0.9506
Epoch 8/30

  20/1460 [..............................] - ETA: 0s - loss: 0.2508 - acc: 1.0000
 800/1460 [===============>..............] - ETA: 0s - loss: 0.2602 - acc: 0.9637
1420/1460 [============================>.] - ETA: 0s - loss: 0.2594 - acc: 0.9592
1460/1460 [==============================] - 0s 74us/step - loss: 0.2608 - acc: 0.9575 - val_loss: 0.2555 - val_acc: 0.9506
Epoch 9/30

  20/1460 [..............................] - ETA: 0s - loss: 0.2353 - acc: 0.9500
 800/1460 [===============>..............] - ETA: 0s - loss: 0.2425 - acc: 0.9612
1460/1460 [==============================] - 0s 69us/step - loss: 0.2402 - acc: 0.9637 - val_loss: 0.2365 - val_acc: 0.9568
Epoch 10/30

  20/1460 [..............................] - ETA: 0s - loss: 0.1443 - acc: 1.0000
 800/1460 [===============>..............] - ETA: 0s - loss: 0.2271 - acc: 0.9650
1460/1460 [==============================] - 0s 69us/step - loss: 0.2227 - acc: 0.9699 - val_loss: 0.2217 - val_acc: 0.9568
Epoch 11/30

  20/1460 [..............................] - ETA: 0s - loss: 0.2292 - acc: 1.0000
 780/1460 [===============>..............] - ETA: 0s - loss: 0.2074 - acc: 0.9731
1460/1460 [==============================] - 0s 69us/step - loss: 0.2075 - acc: 0.9692 - val_loss: 0.2087 - val_acc: 0.9568
Epoch 12/30

  20/1460 [..............................] - ETA: 0s - loss: 0.1930 - acc: 1.0000
 760/1460 [==============>...............] - ETA: 0s - loss: 0.1948 - acc: 0.9737
1460/1460 [==============================] - 0s 70us/step - loss: 0.1935 - acc: 0.9726 - val_loss: 0.1993 - val_acc: 0.9568
Epoch 13/30

  20/1460 [..............................] - ETA: 0s - loss: 0.2875 - acc: 0.9000
 840/1460 [================>.............] - ETA: 0s - loss: 0.1764 - acc: 0.9786
1460/1460 [==============================] - 0s 66us/step - loss: 0.1814 - acc: 0.9760 - val_loss: 0.1893 - val_acc: 0.9568
Epoch 14/30

  20/1460 [..............................] - ETA: 0s - loss: 0.1210 - acc: 1.0000
 820/1460 [===============>..............] - ETA: 0s - loss: 0.1686 - acc: 0.9756
1460/1460 [==============================] - 0s 66us/step - loss: 0.1704 - acc: 0.9760 - val_loss: 0.1799 - val_acc: 0.9568
Epoch 15/30

  20/1460 [..............................] - ETA: 0s - loss: 0.1497 - acc: 1.0000
 840/1460 [================>.............] - ETA: 0s - loss: 0.1620 - acc: 0.9786
1460/1460 [==============================] - 0s 68us/step - loss: 0.1602 - acc: 0.9788 - val_loss: 0.1732 - val_acc: 0.9568
Epoch 16/30

  20/1460 [..............................] - ETA: 0s - loss: 0.1736 - acc: 1.0000
 800/1460 [===============>..............] - ETA: 0s - loss: 0.1517 - acc: 0.9825
1460/1460 [==============================] - 0s 68us/step - loss: 0.1514 - acc: 0.9801 - val_loss: 0.1646 - val_acc: 0.9568
Epoch 17/30

  20/1460 [..............................] - ETA: 0s - loss: 0.1179 - acc: 1.0000
 780/1460 [===============>..............] - ETA: 0s - loss: 0.1484 - acc: 0.9782
1460/1460 [==============================] - 0s 71us/step - loss: 0.1424 - acc: 0.9808 - val_loss: 0.1592 - val_acc: 0.9568
Epoch 18/30

  20/1460 [..............................] - ETA: 0s - loss: 0.1133 - acc: 1.0000
 780/1460 [===============>..............] - ETA: 0s - loss: 0.1371 - acc: 0.9833
1460/1460 [==============================] - 0s 68us/step - loss: 0.1347 - acc: 0.9836 - val_loss: 0.1543 - val_acc: 0.9568
Epoch 19/30

  20/1460 [..............................] - ETA: 0s - loss: 0.0663 - acc: 1.0000
 780/1460 [===============>..............] - ETA: 0s - loss: 0.1264 - acc: 0.9846
1460/1460 [==============================] - 0s 68us/step - loss: 0.1273 - acc: 0.9842 - val_loss: 0.1484 - val_acc: 0.9630
Epoch 20/30

  20/1460 [..............................] - ETA: 0s - loss: 0.0981 - acc: 1.0000
 840/1460 [================>.............] - ETA: 0s - loss: 0.1262 - acc: 0.9857
1460/1460 [==============================] - 0s 65us/step - loss: 0.1209 - acc: 0.9849 - val_loss: 0.1449 - val_acc: 0.9630
Epoch 21/30

  20/1460 [..............................] - ETA: 0s - loss: 0.1328 - acc: 0.9500
 760/1460 [==============>...............] - ETA: 0s - loss: 0.1107 - acc: 0.9882
1460/1460 [==============================] - 0s 69us/step - loss: 0.1149 - acc: 0.9863 - val_loss: 0.1402 - val_acc: 0.9691
Epoch 22/30

  20/1460 [..............................] - ETA: 0s - loss: 0.0871 - acc: 1.0000
 840/1460 [================>.............] - ETA: 0s - loss: 0.1131 - acc: 0.9857
1460/1460 [==============================] - 0s 67us/step - loss: 0.1093 - acc: 0.9870 - val_loss: 0.1340 - val_acc: 0.9691
Epoch 23/30

  20/1460 [..............................] - ETA: 0s - loss: 0.0831 - acc: 1.0000
 800/1460 [===============>..............] - ETA: 0s - loss: 0.1028 - acc: 0.9900
1420/1460 [============================>.] - ETA: 0s - loss: 0.1051 - acc: 0.9873
1460/1460 [==============================] - 0s 76us/step - loss: 0.1046 - acc: 0.9870 - val_loss: 0.1327 - val_acc: 0.9691
Epoch 24/30

  20/1460 [..............................] - ETA: 0s - loss: 0.0646 - acc: 1.0000
 780/1460 [===============>..............] - ETA: 0s - loss: 0.0959 - acc: 0.9885
1460/1460 [==============================] - 0s 68us/step - loss: 0.1000 - acc: 0.9870 - val_loss: 0.1294 - val_acc: 0.9691
Epoch 25/30

  20/1460 [..............................] - ETA: 0s - loss: 0.0642 - acc: 1.0000
 800/1460 [===============>..............] - ETA: 0s - loss: 0.0923 - acc: 0.9925
1460/1460 [==============================] - 0s 70us/step - loss: 0.0956 - acc: 0.9870 - val_loss: 0.1238 - val_acc: 0.9691
Epoch 26/30

  20/1460 [..............................] - ETA: 0s - loss: 0.0775 - acc: 1.0000
 800/1460 [===============>..............] - ETA: 0s - loss: 0.0969 - acc: 0.9862
1460/1460 [==============================] - 0s 67us/step - loss: 0.0917 - acc: 0.9884 - val_loss: 0.1220 - val_acc: 0.9691
Epoch 27/30

  20/1460 [..............................] - ETA: 0s - loss: 0.0780 - acc: 1.0000
 820/1460 [===============>..............] - ETA: 0s - loss: 0.0904 - acc: 0.9902
1460/1460 [==============================] - 0s 66us/step - loss: 0.0882 - acc: 0.9890 - val_loss: 0.1194 - val_acc: 0.9691
Epoch 28/30

  20/1460 [..............................] - ETA: 0s - loss: 0.0806 - acc: 1.0000
 820/1460 [===============>..............] - ETA: 0s - loss: 0.0805 - acc: 0.9890
1460/1460 [==============================] - 0s 66us/step - loss: 0.0843 - acc: 0.9897 - val_loss: 0.1153 - val_acc: 0.9630
Epoch 29/30

  20/1460 [..............................] - ETA: 0s - loss: 0.0753 - acc: 1.0000
 820/1460 [===============>..............] - ETA: 0s - loss: 0.0781 - acc: 0.9927
1460/1460 [==============================] - 0s 73us/step - loss: 0.0812 - acc: 0.9897 - val_loss: 0.1140 - val_acc: 0.9691
Epoch 30/30

  20/1460 [..............................] - ETA: 0s - loss: 0.1150 - acc: 1.0000
 800/1460 [===============>..............] - ETA: 0s - loss: 0.0805 - acc: 0.9887
1460/1460 [==============================] - 0s 68us/step - loss: 0.0781 - acc: 0.9890 - val_loss: 0.1105 - val_acc: 0.9691
acc: 96.91%
Train on 1460 samples, validate on 162 samples
Epoch 1/30

  20/1460 [..............................] - ETA: 55s - loss: 0.6723 - acc: 0.6500
 820/1460 [===============>..............] - ETA: 0s - loss: 0.6712 - acc: 0.6085 
1460/1460 [==============================] - 1s 664us/step - loss: 0.6388 - acc: 0.7027 - val_loss: 0.5697 - val_acc: 0.8272
Epoch 2/30

  20/1460 [..............................] - ETA: 0s - loss: 0.5676 - acc: 0.8500
 800/1460 [===============>..............] - ETA: 0s - loss: 0.5294 - acc: 0.8625
1460/1460 [==============================] - 0s 67us/step - loss: 0.5139 - acc: 0.8603 - val_loss: 0.4642 - val_acc: 0.8765
Epoch 3/30

  20/1460 [..............................] - ETA: 0s - loss: 0.5000 - acc: 0.9000
 800/1460 [===============>..............] - ETA: 0s - loss: 0.4419 - acc: 0.8875
1460/1460 [==============================] - 0s 67us/step - loss: 0.4306 - acc: 0.8884 - val_loss: 0.4020 - val_acc: 0.8827
Epoch 4/30

  20/1460 [..............................] - ETA: 0s - loss: 0.4636 - acc: 0.8000
 800/1460 [===============>..............] - ETA: 0s - loss: 0.3833 - acc: 0.9025
1460/1460 [==============================] - 0s 68us/step - loss: 0.3767 - acc: 0.9027 - val_loss: 0.3591 - val_acc: 0.9074
Epoch 5/30

  20/1460 [..............................] - ETA: 0s - loss: 0.3504 - acc: 0.9000
 860/1460 [================>.............] - ETA: 0s - loss: 0.3402 - acc: 0.9081
1460/1460 [==============================] - 0s 66us/step - loss: 0.3370 - acc: 0.9096 - val_loss: 0.3237 - val_acc: 0.9136
Epoch 6/30

  20/1460 [..............................] - ETA: 0s - loss: 0.3444 - acc: 0.8500
 780/1460 [===============>..............] - ETA: 0s - loss: 0.3110 - acc: 0.9167
1420/1460 [============================>.] - ETA: 0s - loss: 0.3061 - acc: 0.9134
1460/1460 [==============================] - 0s 76us/step - loss: 0.3056 - acc: 0.9123 - val_loss: 0.2989 - val_acc: 0.9136
Epoch 7/30

  20/1460 [..............................] - ETA: 0s - loss: 0.2798 - acc: 0.9500
 740/1460 [==============>...............] - ETA: 0s - loss: 0.2754 - acc: 0.9311
1460/1460 [==============================] - 0s 74us/step - loss: 0.2810 - acc: 0.9192 - val_loss: 0.2786 - val_acc: 0.9136
Epoch 8/30

  20/1460 [..............................] - ETA: 0s - loss: 0.2421 - acc: 1.0000
 760/1460 [==============>...............] - ETA: 0s - loss: 0.2657 - acc: 0.9211
1460/1460 [==============================] - 0s 71us/step - loss: 0.2600 - acc: 0.9267 - val_loss: 0.2625 - val_acc: 0.9198
Epoch 9/30

  20/1460 [..............................] - ETA: 0s - loss: 0.2291 - acc: 1.0000
 760/1460 [==============>...............] - ETA: 0s - loss: 0.2369 - acc: 0.9408
1460/1460 [==============================] - 0s 71us/step - loss: 0.2418 - acc: 0.9315 - val_loss: 0.2493 - val_acc: 0.9259
Epoch 10/30

  20/1460 [..............................] - ETA: 0s - loss: 0.3389 - acc: 0.9000
 740/1460 [==============>...............] - ETA: 0s - loss: 0.2194 - acc: 0.9486
1420/1460 [============================>.] - ETA: 0s - loss: 0.2251 - acc: 0.9366
1460/1460 [==============================] - 0s 77us/step - loss: 0.2254 - acc: 0.9363 - val_loss: 0.2387 - val_acc: 0.9198
Epoch 11/30

  20/1460 [..............................] - ETA: 0s - loss: 0.2352 - acc: 0.9500
 680/1460 [============>.................] - ETA: 0s - loss: 0.2162 - acc: 0.9368
1380/1460 [===========================>..] - ETA: 0s - loss: 0.2111 - acc: 0.9428
1460/1460 [==============================] - 0s 78us/step - loss: 0.2103 - acc: 0.9438 - val_loss: 0.2295 - val_acc: 0.9198
Epoch 12/30

  20/1460 [..............................] - ETA: 0s - loss: 0.2663 - acc: 0.9000
 740/1460 [==============>...............] - ETA: 0s - loss: 0.1993 - acc: 0.9514
1460/1460 [==============================] - 0s 74us/step - loss: 0.1969 - acc: 0.9514 - val_loss: 0.2197 - val_acc: 0.9198
Epoch 13/30

  20/1460 [..............................] - ETA: 0s - loss: 0.1778 - acc: 0.9500
 760/1460 [==============>...............] - ETA: 0s - loss: 0.1924 - acc: 0.9500
1440/1460 [============================>.] - ETA: 0s - loss: 0.1856 - acc: 0.9542
1460/1460 [==============================] - 0s 76us/step - loss: 0.1846 - acc: 0.9548 - val_loss: 0.2112 - val_acc: 0.9259
Epoch 14/30

  20/1460 [..............................] - ETA: 0s - loss: 0.1451 - acc: 1.0000
 640/1460 [============>.................] - ETA: 0s - loss: 0.1768 - acc: 0.9531
1360/1460 [==========================>...] - ETA: 0s - loss: 0.1752 - acc: 0.9581
1460/1460 [==============================] - 0s 78us/step - loss: 0.1732 - acc: 0.9582 - val_loss: 0.2027 - val_acc: 0.9259
Epoch 15/30

  20/1460 [..............................] - ETA: 0s - loss: 0.1098 - acc: 1.0000
 760/1460 [==============>...............] - ETA: 0s - loss: 0.1710 - acc: 0.9592
1460/1460 [==============================] - 0s 73us/step - loss: 0.1627 - acc: 0.9644 - val_loss: 0.1951 - val_acc: 0.9444
Epoch 16/30

  20/1460 [..............................] - ETA: 0s - loss: 0.1244 - acc: 1.0000
 740/1460 [==============>...............] - ETA: 0s - loss: 0.1468 - acc: 0.9703
1440/1460 [============================>.] - ETA: 0s - loss: 0.1527 - acc: 0.9674
1460/1460 [==============================] - 0s 74us/step - loss: 0.1535 - acc: 0.9671 - val_loss: 0.1875 - val_acc: 0.9444
Epoch 17/30

  20/1460 [..............................] - ETA: 0s - loss: 0.2012 - acc: 0.9500
 740/1460 [==============>...............] - ETA: 0s - loss: 0.1425 - acc: 0.9757
1460/1460 [==============================] - 0s 73us/step - loss: 0.1448 - acc: 0.9705 - val_loss: 0.1782 - val_acc: 0.9506
Epoch 18/30

  20/1460 [..............................] - ETA: 0s - loss: 0.1768 - acc: 0.9000
 740/1460 [==============>...............] - ETA: 0s - loss: 0.1435 - acc: 0.9649
1460/1460 [==============================] - 0s 74us/step - loss: 0.1367 - acc: 0.9705 - val_loss: 0.1738 - val_acc: 0.9506
Epoch 19/30

  20/1460 [..............................] - ETA: 0s - loss: 0.1905 - acc: 0.9500
 740/1460 [==============>...............] - ETA: 0s - loss: 0.1294 - acc: 0.9716
1460/1460 [==============================] - 0s 73us/step - loss: 0.1298 - acc: 0.9705 - val_loss: 0.1688 - val_acc: 0.9444
Epoch 20/30

  20/1460 [..............................] - ETA: 0s - loss: 0.1441 - acc: 0.9500
 740/1460 [==============>...............] - ETA: 0s - loss: 0.1254 - acc: 0.9689
1440/1460 [============================>.] - ETA: 0s - loss: 0.1231 - acc: 0.9736
1460/1460 [==============================] - 0s 73us/step - loss: 0.1224 - acc: 0.9740 - val_loss: 0.1630 - val_acc: 0.9691
Epoch 21/30

  20/1460 [..............................] - ETA: 0s - loss: 0.1397 - acc: 1.0000
 660/1460 [============>.................] - ETA: 0s - loss: 0.1092 - acc: 0.9788
1280/1460 [=========================>....] - ETA: 0s - loss: 0.1147 - acc: 0.9758
1460/1460 [==============================] - 0s 84us/step - loss: 0.1163 - acc: 0.9747 - val_loss: 0.1573 - val_acc: 0.9630
Epoch 22/30

  20/1460 [..............................] - ETA: 0s - loss: 0.1456 - acc: 0.9500
 680/1460 [============>.................] - ETA: 0s - loss: 0.1069 - acc: 0.9735
1320/1460 [==========================>...] - ETA: 0s - loss: 0.1103 - acc: 0.9750
1460/1460 [==============================] - 0s 81us/step - loss: 0.1104 - acc: 0.9760 - val_loss: 0.1535 - val_acc: 0.9691
Epoch 23/30

  20/1460 [..............................] - ETA: 0s - loss: 0.0978 - acc: 1.0000
 660/1460 [============>.................] - ETA: 0s - loss: 0.1031 - acc: 0.9833
1340/1460 [==========================>...] - ETA: 0s - loss: 0.1057 - acc: 0.9761
1460/1460 [==============================] - 0s 80us/step - loss: 0.1050 - acc: 0.9774 - val_loss: 0.1460 - val_acc: 0.9691
Epoch 24/30

  20/1460 [..............................] - ETA: 0s - loss: 0.0764 - acc: 1.0000
 740/1460 [==============>...............] - ETA: 0s - loss: 0.0986 - acc: 0.9838
1460/1460 [==============================] - 0s 69us/step - loss: 0.1003 - acc: 0.9808 - val_loss: 0.1433 - val_acc: 0.9691
Epoch 25/30

  20/1460 [..............................] - ETA: 0s - loss: 0.0616 - acc: 1.0000
 800/1460 [===============>..............] - ETA: 0s - loss: 0.0974 - acc: 0.9787
1460/1460 [==============================] - 0s 66us/step - loss: 0.0955 - acc: 0.9829 - val_loss: 0.1400 - val_acc: 0.9691
Epoch 26/30

  20/1460 [..............................] - ETA: 0s - loss: 0.0599 - acc: 1.0000
 820/1460 [===============>..............] - ETA: 0s - loss: 0.0811 - acc: 0.9902
1460/1460 [==============================] - 0s 66us/step - loss: 0.0910 - acc: 0.9836 - val_loss: 0.1386 - val_acc: 0.9691
Epoch 27/30

  20/1460 [..............................] - ETA: 0s - loss: 0.0639 - acc: 1.0000
 780/1460 [===============>..............] - ETA: 0s - loss: 0.0788 - acc: 0.9910
1460/1460 [==============================] - 0s 68us/step - loss: 0.0870 - acc: 0.9842 - val_loss: 0.1337 - val_acc: 0.9691
Epoch 28/30

  20/1460 [..............................] - ETA: 0s - loss: 0.0624 - acc: 1.0000
 800/1460 [===============>..............] - ETA: 0s - loss: 0.0807 - acc: 0.9837
1460/1460 [==============================] - 0s 66us/step - loss: 0.0831 - acc: 0.9842 - val_loss: 0.1310 - val_acc: 0.9691
Epoch 29/30

  20/1460 [..............................] - ETA: 0s - loss: 0.0661 - acc: 1.0000
 800/1460 [===============>..............] - ETA: 0s - loss: 0.0759 - acc: 0.9912
1460/1460 [==============================] - 0s 67us/step - loss: 0.0795 - acc: 0.9863 - val_loss: 0.1290 - val_acc: 0.9691
Epoch 30/30

  20/1460 [..............................] - ETA: 0s - loss: 0.0707 - acc: 1.0000
 800/1460 [===============>..............] - ETA: 0s - loss: 0.0786 - acc: 0.9875
1460/1460 [==============================] - 0s 69us/step - loss: 0.0761 - acc: 0.9884 - val_loss: 0.1280 - val_acc: 0.9691
acc: 96.91%
Train on 1460 samples, validate on 162 samples
Epoch 1/30

  20/1460 [..............................] - ETA: 1:03 - loss: 0.6979 - acc: 0.5000
 800/1460 [===============>..............] - ETA: 0s - loss: 0.6779 - acc: 0.6138  
1460/1460 [==============================] - 1s 740us/step - loss: 0.6556 - acc: 0.6747 - val_loss: 0.5798 - val_acc: 0.8519
Epoch 2/30

  20/1460 [..............................] - ETA: 0s - loss: 0.5744 - acc: 0.9000
 800/1460 [===============>..............] - ETA: 0s - loss: 0.5605 - acc: 0.8762
1460/1460 [==============================] - 0s 67us/step - loss: 0.5324 - acc: 0.9007 - val_loss: 0.4729 - val_acc: 0.9506
Epoch 3/30

  20/1460 [..............................] - ETA: 0s - loss: 0.4458 - acc: 0.9500
 800/1460 [===============>..............] - ETA: 0s - loss: 0.4502 - acc: 0.9475
1460/1460 [==============================] - 0s 70us/step - loss: 0.4316 - acc: 0.9534 - val_loss: 0.3974 - val_acc: 0.9691
Epoch 4/30

  20/1460 [..............................] - ETA: 0s - loss: 0.3875 - acc: 1.0000
 820/1460 [===============>..............] - ETA: 0s - loss: 0.3764 - acc: 0.9622
1460/1460 [==============================] - 0s 68us/step - loss: 0.3694 - acc: 0.9610 - val_loss: 0.3485 - val_acc: 0.9753
Epoch 5/30

  20/1460 [..............................] - ETA: 0s - loss: 0.3138 - acc: 1.0000
 780/1460 [===============>..............] - ETA: 0s - loss: 0.3344 - acc: 0.9679
1460/1460 [==============================] - 0s 70us/step - loss: 0.3279 - acc: 0.9651 - val_loss: 0.3160 - val_acc: 0.9753
Epoch 6/30

  20/1460 [..............................] - ETA: 0s - loss: 0.3044 - acc: 1.0000
 800/1460 [===============>..............] - ETA: 0s - loss: 0.2950 - acc: 0.9700
1460/1460 [==============================] - 0s 68us/step - loss: 0.2967 - acc: 0.9637 - val_loss: 0.2890 - val_acc: 0.9753
Epoch 7/30

  20/1460 [..............................] - ETA: 0s - loss: 0.2565 - acc: 1.0000
 780/1460 [===============>..............] - ETA: 0s - loss: 0.2812 - acc: 0.9654
1460/1460 [==============================] - 0s 69us/step - loss: 0.2700 - acc: 0.9671 - val_loss: 0.2691 - val_acc: 0.9691
Epoch 8/30

  20/1460 [..............................] - ETA: 0s - loss: 0.2213 - acc: 1.0000
 800/1460 [===============>..............] - ETA: 0s - loss: 0.2511 - acc: 0.9687
1460/1460 [==============================] - 0s 67us/step - loss: 0.2484 - acc: 0.9719 - val_loss: 0.2518 - val_acc: 0.9630
Epoch 9/30

  20/1460 [..............................] - ETA: 0s - loss: 0.2313 - acc: 1.0000
 840/1460 [================>.............] - ETA: 0s - loss: 0.2358 - acc: 0.9702
1460/1460 [==============================] - 0s 65us/step - loss: 0.2298 - acc: 0.9712 - val_loss: 0.2370 - val_acc: 0.9691
Epoch 10/30

  20/1460 [..............................] - ETA: 0s - loss: 0.2318 - acc: 0.9500
 820/1460 [===============>..............] - ETA: 0s - loss: 0.2164 - acc: 0.9744
1460/1460 [==============================] - 0s 67us/step - loss: 0.2136 - acc: 0.9753 - val_loss: 0.2256 - val_acc: 0.9753
Epoch 11/30

  20/1460 [..............................] - ETA: 0s - loss: 0.1850 - acc: 1.0000
 820/1460 [===============>..............] - ETA: 0s - loss: 0.2008 - acc: 0.9780
1460/1460 [==============================] - 0s 69us/step - loss: 0.1999 - acc: 0.9767 - val_loss: 0.2146 - val_acc: 0.9815
Epoch 12/30

  20/1460 [..............................] - ETA: 0s - loss: 0.2028 - acc: 0.9500
 800/1460 [===============>..............] - ETA: 0s - loss: 0.1888 - acc: 0.9737
1460/1460 [==============================] - 0s 69us/step - loss: 0.1871 - acc: 0.9767 - val_loss: 0.2037 - val_acc: 0.9815
Epoch 13/30

  20/1460 [..............................] - ETA: 0s - loss: 0.2375 - acc: 0.9500
 780/1460 [===============>..............] - ETA: 0s - loss: 0.1804 - acc: 0.9769
1460/1460 [==============================] - 0s 71us/step - loss: 0.1752 - acc: 0.9781 - val_loss: 0.1933 - val_acc: 0.9691
Epoch 14/30

  20/1460 [..............................] - ETA: 0s - loss: 0.1716 - acc: 0.9500
 780/1460 [===============>..............] - ETA: 0s - loss: 0.1697 - acc: 0.9795
1460/1460 [==============================] - 0s 69us/step - loss: 0.1647 - acc: 0.9795 - val_loss: 0.1855 - val_acc: 0.9753
Epoch 15/30

  20/1460 [..............................] - ETA: 0s - loss: 0.1171 - acc: 1.0000
 780/1460 [===============>..............] - ETA: 0s - loss: 0.1551 - acc: 0.9795
1460/1460 [==============================] - 0s 71us/step - loss: 0.1546 - acc: 0.9815 - val_loss: 0.1755 - val_acc: 0.9753
Epoch 16/30

  20/1460 [..............................] - ETA: 0s - loss: 0.1621 - acc: 1.0000
 800/1460 [===============>..............] - ETA: 0s - loss: 0.1439 - acc: 0.9850
1460/1460 [==============================] - 0s 68us/step - loss: 0.1458 - acc: 0.9836 - val_loss: 0.1704 - val_acc: 0.9691
Epoch 17/30

  20/1460 [..............................] - ETA: 0s - loss: 0.1421 - acc: 0.9500
 820/1460 [===============>..............] - ETA: 0s - loss: 0.1384 - acc: 0.9866
1460/1460 [==============================] - 0s 66us/step - loss: 0.1377 - acc: 0.9849 - val_loss: 0.1643 - val_acc: 0.9691
Epoch 18/30

  20/1460 [..............................] - ETA: 0s - loss: 0.1301 - acc: 1.0000
 820/1460 [===============>..............] - ETA: 0s - loss: 0.1264 - acc: 0.9878
1460/1460 [==============================] - 0s 69us/step - loss: 0.1304 - acc: 0.9863 - val_loss: 0.1589 - val_acc: 0.9691
Epoch 19/30

  20/1460 [..............................] - ETA: 0s - loss: 0.1611 - acc: 1.0000
 780/1460 [===============>..............] - ETA: 0s - loss: 0.1294 - acc: 0.9846
1460/1460 [==============================] - 0s 70us/step - loss: 0.1239 - acc: 0.9863 - val_loss: 0.1517 - val_acc: 0.9691
Epoch 20/30

  20/1460 [..............................] - ETA: 0s - loss: 0.0889 - acc: 1.0000
 800/1460 [===============>..............] - ETA: 0s - loss: 0.1217 - acc: 0.9862
1460/1460 [==============================] - 0s 71us/step - loss: 0.1178 - acc: 0.9870 - val_loss: 0.1489 - val_acc: 0.9691
Epoch 21/30

  20/1460 [..............................] - ETA: 0s - loss: 0.0980 - acc: 1.0000
 760/1460 [==============>...............] - ETA: 0s - loss: 0.1161 - acc: 0.9882
1460/1460 [==============================] - 0s 71us/step - loss: 0.1121 - acc: 0.9877 - val_loss: 0.1430 - val_acc: 0.9691
Epoch 22/30

  20/1460 [..............................] - ETA: 0s - loss: 0.0820 - acc: 1.0000
 800/1460 [===============>..............] - ETA: 0s - loss: 0.1059 - acc: 0.9887
1460/1460 [==============================] - 0s 69us/step - loss: 0.1064 - acc: 0.9884 - val_loss: 0.1379 - val_acc: 0.9691
Epoch 23/30

  20/1460 [..............................] - ETA: 0s - loss: 0.0809 - acc: 1.0000
 820/1460 [===============>..............] - ETA: 0s - loss: 0.1020 - acc: 0.9890
1460/1460 [==============================] - 0s 68us/step - loss: 0.1017 - acc: 0.9890 - val_loss: 0.1358 - val_acc: 0.9691
Epoch 24/30

  20/1460 [..............................] - ETA: 0s - loss: 0.0822 - acc: 1.0000
 800/1460 [===============>..............] - ETA: 0s - loss: 0.0899 - acc: 0.9937
1460/1460 [==============================] - 0s 69us/step - loss: 0.0972 - acc: 0.9897 - val_loss: 0.1316 - val_acc: 0.9691
Epoch 25/30

  20/1460 [..............................] - ETA: 0s - loss: 0.1170 - acc: 1.0000
 800/1460 [===============>..............] - ETA: 0s - loss: 0.0918 - acc: 0.9900
1460/1460 [==============================] - 0s 69us/step - loss: 0.0924 - acc: 0.9897 - val_loss: 0.1269 - val_acc: 0.9691
Epoch 26/30

  20/1460 [..............................] - ETA: 0s - loss: 0.0512 - acc: 1.0000
 700/1460 [=============>................] - ETA: 0s - loss: 0.0844 - acc: 0.9957
1440/1460 [============================>.] - ETA: 0s - loss: 0.0885 - acc: 0.9917
1460/1460 [==============================] - 0s 74us/step - loss: 0.0885 - acc: 0.9918 - val_loss: 0.1240 - val_acc: 0.9691
Epoch 27/30

  20/1460 [..............................] - ETA: 0s - loss: 0.1048 - acc: 1.0000
 780/1460 [===============>..............] - ETA: 0s - loss: 0.0846 - acc: 0.9962
1460/1460 [==============================] - 0s 70us/step - loss: 0.0847 - acc: 0.9925 - val_loss: 0.1215 - val_acc: 0.9753
acc: 98.15%
Train on 1460 samples, validate on 162 samples
Epoch 1/30

  20/1460 [..............................] - ETA: 1:11 - loss: 0.7496 - acc: 0.3500
 700/1460 [=============>................] - ETA: 1s - loss: 0.6754 - acc: 0.5629  
1460/1460 [==============================] - 1s 831us/step - loss: 0.6354 - acc: 0.6575 - val_loss: 0.5420 - val_acc: 0.8086
Epoch 2/30

  20/1460 [..............................] - ETA: 0s - loss: 0.5346 - acc: 0.8500
 760/1460 [==============>...............] - ETA: 0s - loss: 0.5411 - acc: 0.8053
1460/1460 [==============================] - 0s 69us/step - loss: 0.5155 - acc: 0.8404 - val_loss: 0.4335 - val_acc: 0.9074
Epoch 3/30

  20/1460 [..............................] - ETA: 0s - loss: 0.4964 - acc: 0.8000
 800/1460 [===============>..............] - ETA: 0s - loss: 0.4463 - acc: 0.8887
1460/1460 [==============================] - 0s 67us/step - loss: 0.4323 - acc: 0.9075 - val_loss: 0.3654 - val_acc: 0.9321
Epoch 4/30

  20/1460 [..............................] - ETA: 0s - loss: 0.4254 - acc: 0.9000
 840/1460 [================>.............] - ETA: 0s - loss: 0.3921 - acc: 0.9214
1460/1460 [==============================] - 0s 66us/step - loss: 0.3773 - acc: 0.9288 - val_loss: 0.3173 - val_acc: 0.9630
Epoch 5/30

  20/1460 [..............................] - ETA: 0s - loss: 0.4409 - acc: 0.8500
 780/1460 [===============>..............] - ETA: 0s - loss: 0.3450 - acc: 0.9372
1460/1460 [==============================] - 0s 69us/step - loss: 0.3376 - acc: 0.9445 - val_loss: 0.2826 - val_acc: 0.9630
Epoch 6/30

  20/1460 [..............................] - ETA: 0s - loss: 0.3676 - acc: 0.9500
 780/1460 [===============>..............] - ETA: 0s - loss: 0.3075 - acc: 0.9487
1460/1460 [==============================] - 0s 69us/step - loss: 0.3056 - acc: 0.9534 - val_loss: 0.2577 - val_acc: 0.9753
Epoch 7/30

  20/1460 [..............................] - ETA: 0s - loss: 0.2660 - acc: 1.0000
 780/1460 [===============>..............] - ETA: 0s - loss: 0.2927 - acc: 0.9564
1460/1460 [==============================] - 0s 69us/step - loss: 0.2811 - acc: 0.9610 - val_loss: 0.2369 - val_acc: 0.9815
Epoch 8/30

  20/1460 [..............................] - ETA: 0s - loss: 0.2668 - acc: 0.9500
 780/1460 [===============>..............] - ETA: 0s - loss: 0.2684 - acc: 0.9603
1460/1460 [==============================] - 0s 67us/step - loss: 0.2596 - acc: 0.9678 - val_loss: 0.2190 - val_acc: 0.9815
Epoch 9/30

  20/1460 [..............................] - ETA: 0s - loss: 0.3242 - acc: 0.9000
 820/1460 [===============>..............] - ETA: 0s - loss: 0.2397 - acc: 0.9707
1460/1460 [==============================] - 0s 66us/step - loss: 0.2413 - acc: 0.9692 - val_loss: 0.2051 - val_acc: 0.9815
Epoch 10/30

  20/1460 [..............................] - ETA: 0s - loss: 0.2015 - acc: 1.0000
 800/1460 [===============>..............] - ETA: 0s - loss: 0.2217 - acc: 0.9687
1460/1460 [==============================] - 0s 67us/step - loss: 0.2245 - acc: 0.9726 - val_loss: 0.1926 - val_acc: 0.9815
Epoch 11/30

  20/1460 [..............................] - ETA: 0s - loss: 0.2206 - acc: 1.0000
 800/1460 [===============>..............] - ETA: 0s - loss: 0.2124 - acc: 0.9700
1460/1460 [==============================] - 0s 71us/step - loss: 0.2099 - acc: 0.9760 - val_loss: 0.1825 - val_acc: 0.9815
Epoch 12/30

  20/1460 [..............................] - ETA: 0s - loss: 0.2117 - acc: 0.9500
 780/1460 [===============>..............] - ETA: 0s - loss: 0.1852 - acc: 0.9859
1460/1460 [==============================] - 0s 71us/step - loss: 0.1973 - acc: 0.9788 - val_loss: 0.1727 - val_acc: 0.9815
Epoch 13/30

  20/1460 [..............................] - ETA: 0s - loss: 0.1751 - acc: 1.0000
 720/1460 [=============>................] - ETA: 0s - loss: 0.1908 - acc: 0.9736
1460/1460 [==============================] - 0s 73us/step - loss: 0.1859 - acc: 0.9795 - val_loss: 0.1636 - val_acc: 0.9815
Epoch 14/30

  20/1460 [..............................] - ETA: 0s - loss: 0.1821 - acc: 1.0000
 780/1460 [===============>..............] - ETA: 0s - loss: 0.1724 - acc: 0.9846
1460/1460 [==============================] - 0s 71us/step - loss: 0.1751 - acc: 0.9829 - val_loss: 0.1569 - val_acc: 0.9815
Epoch 15/30

  20/1460 [..............................] - ETA: 0s - loss: 0.2178 - acc: 0.9500
 740/1460 [==============>...............] - ETA: 0s - loss: 0.1669 - acc: 0.9824
1460/1460 [==============================] - 0s 71us/step - loss: 0.1656 - acc: 0.9836 - val_loss: 0.1497 - val_acc: 0.9815
Epoch 16/30

  20/1460 [..............................] - ETA: 0s - loss: 0.1722 - acc: 0.9500
 800/1460 [===============>..............] - ETA: 0s - loss: 0.1590 - acc: 0.9850
1460/1460 [==============================] - 0s 67us/step - loss: 0.1570 - acc: 0.9836 - val_loss: 0.1450 - val_acc: 0.9815
Epoch 17/30

  20/1460 [..............................] - ETA: 0s - loss: 0.2748 - acc: 0.9500
 800/1460 [===============>..............] - ETA: 0s - loss: 0.1584 - acc: 0.9812
1460/1460 [==============================] - 0s 67us/step - loss: 0.1486 - acc: 0.9842 - val_loss: 0.1397 - val_acc: 0.9815
Epoch 18/30

  20/1460 [..............................] - ETA: 0s - loss: 0.1573 - acc: 0.9500
 780/1460 [===============>..............] - ETA: 0s - loss: 0.1404 - acc: 0.9821
1460/1460 [==============================] - 0s 70us/step - loss: 0.1411 - acc: 0.9863 - val_loss: 0.1340 - val_acc: 0.9815
Epoch 19/30

  20/1460 [..............................] - ETA: 0s - loss: 0.1315 - acc: 1.0000
 760/1460 [==============>...............] - ETA: 0s - loss: 0.1307 - acc: 0.9921
1460/1460 [==============================] - 0s 72us/step - loss: 0.1344 - acc: 0.9877 - val_loss: 0.1296 - val_acc: 0.9815
Epoch 20/30

  20/1460 [..............................] - ETA: 0s - loss: 0.0953 - acc: 1.0000
 740/1460 [==============>...............] - ETA: 0s - loss: 0.1280 - acc: 0.9851
1460/1460 [==============================] - 0s 72us/step - loss: 0.1279 - acc: 0.9870 - val_loss: 0.1268 - val_acc: 0.9753
Epoch 21/30

  20/1460 [..............................] - ETA: 0s - loss: 0.1346 - acc: 1.0000
 740/1460 [==============>...............] - ETA: 0s - loss: 0.1137 - acc: 0.9919
1460/1460 [==============================] - 0s 73us/step - loss: 0.1222 - acc: 0.9877 - val_loss: 0.1230 - val_acc: 0.9753
Epoch 22/30

  20/1460 [..............................] - ETA: 0s - loss: 0.0613 - acc: 1.0000
 780/1460 [===============>..............] - ETA: 0s - loss: 0.1069 - acc: 0.9923
1460/1460 [==============================] - 0s 70us/step - loss: 0.1160 - acc: 0.9870 - val_loss: 0.1192 - val_acc: 0.9753
Epoch 23/30

  20/1460 [..............................] - ETA: 0s - loss: 0.0735 - acc: 1.0000
 800/1460 [===============>..............] - ETA: 0s - loss: 0.1091 - acc: 0.9887
1460/1460 [==============================] - 0s 67us/step - loss: 0.1110 - acc: 0.9884 - val_loss: 0.1176 - val_acc: 0.9753
acc: 98.15%
Train on 1460 samples, validate on 162 samples
Epoch 1/30

  20/1460 [..............................] - ETA: 1:21 - loss: 0.7258 - acc: 0.3500
 780/1460 [===============>..............] - ETA: 1s - loss: 0.6778 - acc: 0.5769  
1440/1460 [============================>.] - ETA: 0s - loss: 0.6451 - acc: 0.6417
1460/1460 [==============================] - 1s 934us/step - loss: 0.6446 - acc: 0.6418 - val_loss: 0.5835 - val_acc: 0.7716
Epoch 2/30

  20/1460 [..............................] - ETA: 0s - loss: 0.6121 - acc: 0.7000
 720/1460 [=============>................] - ETA: 0s - loss: 0.5442 - acc: 0.8056
1460/1460 [==============================] - 0s 71us/step - loss: 0.5230 - acc: 0.8390 - val_loss: 0.4658 - val_acc: 0.9136
Epoch 3/30

  20/1460 [..............................] - ETA: 0s - loss: 0.4456 - acc: 0.8500
 800/1460 [===============>..............] - ETA: 0s - loss: 0.4490 - acc: 0.9200
1460/1460 [==============================] - 0s 68us/step - loss: 0.4289 - acc: 0.9336 - val_loss: 0.3900 - val_acc: 0.9506
Epoch 4/30

  20/1460 [..............................] - ETA: 0s - loss: 0.3190 - acc: 1.0000
 820/1460 [===============>..............] - ETA: 0s - loss: 0.3757 - acc: 0.9488
1460/1460 [==============================] - 0s 65us/step - loss: 0.3675 - acc: 0.9445 - val_loss: 0.3443 - val_acc: 0.9506
Epoch 5/30

  20/1460 [..............................] - ETA: 0s - loss: 0.2856 - acc: 0.9500
 860/1460 [================>.............] - ETA: 0s - loss: 0.3347 - acc: 0.9616
1460/1460 [==============================] - 0s 66us/step - loss: 0.3240 - acc: 0.9603 - val_loss: 0.3089 - val_acc: 0.9506
Epoch 6/30

  20/1460 [..............................] - ETA: 0s - loss: 0.2627 - acc: 0.9500
 780/1460 [===============>..............] - ETA: 0s - loss: 0.2930 - acc: 0.9603
1460/1460 [==============================] - 0s 71us/step - loss: 0.2902 - acc: 0.9616 - val_loss: 0.2790 - val_acc: 0.9568
Epoch 7/30

  20/1460 [..............................] - ETA: 0s - loss: 0.2182 - acc: 1.0000
 740/1460 [==============>...............] - ETA: 0s - loss: 0.2668 - acc: 0.9622
1460/1460 [==============================] - 0s 72us/step - loss: 0.2623 - acc: 0.9644 - val_loss: 0.2562 - val_acc: 0.9568
Epoch 8/30

  20/1460 [..............................] - ETA: 0s - loss: 0.1984 - acc: 1.0000
 760/1460 [==============>...............] - ETA: 0s - loss: 0.2344 - acc: 0.9750
1460/1460 [==============================] - 0s 70us/step - loss: 0.2391 - acc: 0.9699 - val_loss: 0.2369 - val_acc: 0.9630
Epoch 9/30

  20/1460 [..............................] - ETA: 0s - loss: 0.2500 - acc: 0.9500
 720/1460 [=============>................] - ETA: 0s - loss: 0.2231 - acc: 0.9736
1460/1460 [==============================] - 0s 73us/step - loss: 0.2196 - acc: 0.9740 - val_loss: 0.2201 - val_acc: 0.9630
Epoch 10/30

  20/1460 [..............................] - ETA: 0s - loss: 0.2321 - acc: 1.0000
 800/1460 [===============>..............] - ETA: 0s - loss: 0.2122 - acc: 0.9725
1460/1460 [==============================] - 0s 69us/step - loss: 0.2024 - acc: 0.9753 - val_loss: 0.2070 - val_acc: 0.9630
Epoch 11/30

  20/1460 [..............................] - ETA: 0s - loss: 0.1421 - acc: 1.0000
 800/1460 [===============>..............] - ETA: 0s - loss: 0.1773 - acc: 0.9850
1460/1460 [==============================] - 0s 68us/step - loss: 0.1871 - acc: 0.9774 - val_loss: 0.1936 - val_acc: 0.9568
Epoch 12/30

  20/1460 [..............................] - ETA: 0s - loss: 0.2064 - acc: 0.9500
 780/1460 [===============>..............] - ETA: 0s - loss: 0.1790 - acc: 0.9744
1460/1460 [==============================] - 0s 71us/step - loss: 0.1741 - acc: 0.9781 - val_loss: 0.1859 - val_acc: 0.9568
Epoch 13/30

  20/1460 [..............................] - ETA: 0s - loss: 0.2091 - acc: 0.9500
 760/1460 [==============>...............] - ETA: 0s - loss: 0.1668 - acc: 0.9789
1460/1460 [==============================] - 0s 72us/step - loss: 0.1625 - acc: 0.9801 - val_loss: 0.1789 - val_acc: 0.9568
Epoch 14/30

  20/1460 [..............................] - ETA: 0s - loss: 0.1548 - acc: 1.0000
 780/1460 [===============>..............] - ETA: 0s - loss: 0.1564 - acc: 0.9795
1460/1460 [==============================] - 0s 70us/step - loss: 0.1523 - acc: 0.9815 - val_loss: 0.1709 - val_acc: 0.9568
Epoch 15/30

  20/1460 [..............................] - ETA: 0s - loss: 0.1429 - acc: 1.0000
 760/1460 [==============>...............] - ETA: 0s - loss: 0.1423 - acc: 0.9829
1460/1460 [==============================] - 0s 72us/step - loss: 0.1432 - acc: 0.9829 - val_loss: 0.1650 - val_acc: 0.9630
Epoch 16/30

  20/1460 [..............................] - ETA: 0s - loss: 0.0980 - acc: 1.0000
 780/1460 [===============>..............] - ETA: 0s - loss: 0.1362 - acc: 0.9833
1460/1460 [==============================] - 0s 72us/step - loss: 0.1346 - acc: 0.9836 - val_loss: 0.1577 - val_acc: 0.9568
Epoch 17/30

  20/1460 [..............................] - ETA: 0s - loss: 0.0813 - acc: 1.0000
 780/1460 [===============>..............] - ETA: 0s - loss: 0.1229 - acc: 0.9897
1460/1460 [==============================] - 0s 69us/step - loss: 0.1268 - acc: 0.9849 - val_loss: 0.1538 - val_acc: 0.9568
Epoch 18/30

  20/1460 [..............................] - ETA: 0s - loss: 0.1951 - acc: 0.9500
 800/1460 [===============>..............] - ETA: 0s - loss: 0.1200 - acc: 0.9875
1460/1460 [==============================] - 0s 68us/step - loss: 0.1198 - acc: 0.9870 - val_loss: 0.1490 - val_acc: 0.9568
Epoch 19/30

  20/1460 [..............................] - ETA: 0s - loss: 0.2109 - acc: 0.9500
 780/1460 [===============>..............] - ETA: 0s - loss: 0.1150 - acc: 0.9872
1460/1460 [==============================] - 0s 70us/step - loss: 0.1140 - acc: 0.9884 - val_loss: 0.1444 - val_acc: 0.9630
Epoch 20/30

  20/1460 [..............................] - ETA: 0s - loss: 0.1093 - acc: 1.0000
 760/1460 [==============>...............] - ETA: 0s - loss: 0.1064 - acc: 0.9947
1460/1460 [==============================] - 0s 71us/step - loss: 0.1083 - acc: 0.9890 - val_loss: 0.1405 - val_acc: 0.9630
Epoch 21/30

  20/1460 [..............................] - ETA: 0s - loss: 0.1841 - acc: 0.9500
 780/1460 [===============>..............] - ETA: 0s - loss: 0.1072 - acc: 0.9872
1460/1460 [==============================] - 0s 70us/step - loss: 0.1033 - acc: 0.9890 - val_loss: 0.1355 - val_acc: 0.9630
Epoch 22/30

  20/1460 [..............................] - ETA: 0s - loss: 0.0905 - acc: 1.0000
 760/1460 [==============>...............] - ETA: 0s - loss: 0.0925 - acc: 0.9961
1460/1460 [==============================] - 0s 72us/step - loss: 0.0982 - acc: 0.9904 - val_loss: 0.1349 - val_acc: 0.9630
Epoch 23/30

  20/1460 [..............................] - ETA: 0s - loss: 0.0618 - acc: 1.0000
 800/1460 [===============>..............] - ETA: 0s - loss: 0.0952 - acc: 0.9912
1460/1460 [==============================] - 0s 68us/step - loss: 0.0935 - acc: 0.9918 - val_loss: 0.1324 - val_acc: 0.9630
Epoch 24/30

  20/1460 [..............................] - ETA: 0s - loss: 0.0781 - acc: 1.0000
 800/1460 [===============>..............] - ETA: 0s - loss: 0.0852 - acc: 0.9937
1460/1460 [==============================] - 0s 69us/step - loss: 0.0894 - acc: 0.9911 - val_loss: 0.1283 - val_acc: 0.9630
acc: 96.30%
Train on 1460 samples, validate on 162 samples
Epoch 1/30

  20/1460 [..............................] - ETA: 1:26 - loss: 0.7022 - acc: 0.4500
 760/1460 [==============>...............] - ETA: 1s - loss: 0.6739 - acc: 0.6000  
1460/1460 [==============================] - 1s 988us/step - loss: 0.6427 - acc: 0.6719 - val_loss: 0.5766 - val_acc: 0.7531
Epoch 2/30

  20/1460 [..............................] - ETA: 0s - loss: 0.5861 - acc: 0.8000
 760/1460 [==============>...............] - ETA: 0s - loss: 0.5357 - acc: 0.8539
1460/1460 [==============================] - 0s 71us/step - loss: 0.5178 - acc: 0.8630 - val_loss: 0.4866 - val_acc: 0.8704
Epoch 3/30

  20/1460 [..............................] - ETA: 0s - loss: 0.4120 - acc: 0.9500
 800/1460 [===============>..............] - ETA: 0s - loss: 0.4387 - acc: 0.9200
1460/1460 [==============================] - 0s 69us/step - loss: 0.4278 - acc: 0.9171 - val_loss: 0.4125 - val_acc: 0.9198
Epoch 4/30

  20/1460 [..............................] - ETA: 0s - loss: 0.3654 - acc: 0.9500
 820/1460 [===============>..............] - ETA: 0s - loss: 0.3819 - acc: 0.9341
1460/1460 [==============================] - 0s 69us/step - loss: 0.3642 - acc: 0.9452 - val_loss: 0.3654 - val_acc: 0.9444
Epoch 5/30

  20/1460 [..............................] - ETA: 0s - loss: 0.3153 - acc: 1.0000
 760/1460 [==============>...............] - ETA: 0s - loss: 0.3309 - acc: 0.9487
1460/1460 [==============================] - 0s 72us/step - loss: 0.3167 - acc: 0.9562 - val_loss: 0.3289 - val_acc: 0.9444
Epoch 6/30

  20/1460 [..............................] - ETA: 0s - loss: 0.2488 - acc: 1.0000
 760/1460 [==============>...............] - ETA: 0s - loss: 0.2859 - acc: 0.9724
1460/1460 [==============================] - 0s 72us/step - loss: 0.2787 - acc: 0.9671 - val_loss: 0.2986 - val_acc: 0.9568
Epoch 7/30

  20/1460 [..............................] - ETA: 0s - loss: 0.3179 - acc: 0.9000
 720/1460 [=============>................] - ETA: 0s - loss: 0.2556 - acc: 0.9639
1440/1460 [============================>.] - ETA: 0s - loss: 0.2483 - acc: 0.9701
1460/1460 [==============================] - 0s 74us/step - loss: 0.2487 - acc: 0.9692 - val_loss: 0.2771 - val_acc: 0.9630
Epoch 8/30

  20/1460 [..............................] - ETA: 0s - loss: 0.2185 - acc: 0.9500
 760/1460 [==============>...............] - ETA: 0s - loss: 0.2400 - acc: 0.9632
1460/1460 [==============================] - 0s 71us/step - loss: 0.2261 - acc: 0.9692 - val_loss: 0.2620 - val_acc: 0.9506
Epoch 9/30

  20/1460 [..............................] - ETA: 0s - loss: 0.2232 - acc: 1.0000
 780/1460 [===============>..............] - ETA: 0s - loss: 0.2129 - acc: 0.9705
1460/1460 [==============================] - 0s 70us/step - loss: 0.2076 - acc: 0.9719 - val_loss: 0.2492 - val_acc: 0.9506
Epoch 10/30

  20/1460 [..............................] - ETA: 0s - loss: 0.1601 - acc: 1.0000
 800/1460 [===============>..............] - ETA: 0s - loss: 0.1993 - acc: 0.9712
1460/1460 [==============================] - 0s 68us/step - loss: 0.1919 - acc: 0.9726 - val_loss: 0.2327 - val_acc: 0.9568
Epoch 11/30

  20/1460 [..............................] - ETA: 0s - loss: 0.1711 - acc: 1.0000
 800/1460 [===============>..............] - ETA: 0s - loss: 0.1746 - acc: 0.9825
1460/1460 [==============================] - 0s 69us/step - loss: 0.1787 - acc: 0.9753 - val_loss: 0.2253 - val_acc: 0.9568
Epoch 12/30

  20/1460 [..............................] - ETA: 0s - loss: 0.1635 - acc: 0.9500
 720/1460 [=============>................] - ETA: 0s - loss: 0.1583 - acc: 0.9833
1440/1460 [============================>.] - ETA: 0s - loss: 0.1670 - acc: 0.9764
1460/1460 [==============================] - 0s 74us/step - loss: 0.1670 - acc: 0.9767 - val_loss: 0.2178 - val_acc: 0.9506
Epoch 13/30

  20/1460 [..............................] - ETA: 0s - loss: 0.1571 - acc: 1.0000
 740/1460 [==============>...............] - ETA: 0s - loss: 0.1646 - acc: 0.9770
1460/1460 [==============================] - 0s 72us/step - loss: 0.1566 - acc: 0.9788 - val_loss: 0.2073 - val_acc: 0.9506
Epoch 14/30

  20/1460 [..............................] - ETA: 0s - loss: 0.1211 - acc: 1.0000
 620/1460 [===========>..................] - ETA: 0s - loss: 0.1426 - acc: 0.9806
1300/1460 [=========================>....] - ETA: 0s - loss: 0.1483 - acc: 0.9762
1460/1460 [==============================] - 0s 83us/step - loss: 0.1474 - acc: 0.9767 - val_loss: 0.1984 - val_acc: 0.9506
Epoch 15/30

  20/1460 [..............................] - ETA: 0s - loss: 0.1081 - acc: 1.0000
 760/1460 [==============>...............] - ETA: 0s - loss: 0.1395 - acc: 0.9763
1460/1460 [==============================] - 0s 70us/step - loss: 0.1391 - acc: 0.9767 - val_loss: 0.1923 - val_acc: 0.9506
Epoch 16/30

  20/1460 [..............................] - ETA: 0s - loss: 0.0907 - acc: 1.0000
 800/1460 [===============>..............] - ETA: 0s - loss: 0.1303 - acc: 0.9787
1460/1460 [==============================] - 0s 72us/step - loss: 0.1314 - acc: 0.9815 - val_loss: 0.1896 - val_acc: 0.9506
Epoch 17/30

  20/1460 [..............................] - ETA: 0s - loss: 0.0916 - acc: 1.0000
 740/1460 [==============>...............] - ETA: 0s - loss: 0.1280 - acc: 0.9797
1460/1460 [==============================] - 0s 71us/step - loss: 0.1249 - acc: 0.9808 - val_loss: 0.1849 - val_acc: 0.9506
Epoch 18/30

  20/1460 [..............................] - ETA: 0s - loss: 0.1749 - acc: 0.9500
 740/1460 [==============>...............] - ETA: 0s - loss: 0.1203 - acc: 0.9784
1460/1460 [==============================] - 0s 72us/step - loss: 0.1183 - acc: 0.9808 - val_loss: 0.1775 - val_acc: 0.9506
Epoch 19/30

  20/1460 [..............................] - ETA: 0s - loss: 0.2044 - acc: 0.9000
 740/1460 [==============>...............] - ETA: 0s - loss: 0.1085 - acc: 0.9851
1400/1460 [===========================>..] - ETA: 0s - loss: 0.1139 - acc: 0.9807
1460/1460 [==============================] - 0s 77us/step - loss: 0.1124 - acc: 0.9815 - val_loss: 0.1732 - val_acc: 0.9506
Epoch 20/30

  20/1460 [..............................] - ETA: 0s - loss: 0.0968 - acc: 1.0000
 660/1460 [============>.................] - ETA: 0s - loss: 0.1117 - acc: 0.9833
1380/1460 [===========================>..] - ETA: 0s - loss: 0.1085 - acc: 0.9826
1460/1460 [==============================] - 0s 76us/step - loss: 0.1067 - acc: 0.9836 - val_loss: 0.1706 - val_acc: 0.9444
Epoch 21/30

  20/1460 [..............................] - ETA: 0s - loss: 0.1287 - acc: 1.0000
 760/1460 [==============>...............] - ETA: 0s - loss: 0.1008 - acc: 0.9868
1460/1460 [==============================] - 0s 70us/step - loss: 0.1024 - acc: 0.9842 - val_loss: 0.1655 - val_acc: 0.9444
Epoch 22/30

  20/1460 [..............................] - ETA: 0s - loss: 0.1022 - acc: 0.9500
 760/1460 [==============>...............] - ETA: 0s - loss: 0.0895 - acc: 0.9895
1460/1460 [==============================] - 0s 73us/step - loss: 0.0973 - acc: 0.9842 - val_loss: 0.1611 - val_acc: 0.9444
Epoch 23/30

  20/1460 [..............................] - ETA: 0s - loss: 0.1388 - acc: 0.9500
 740/1460 [==============>...............] - ETA: 0s - loss: 0.0982 - acc: 0.9838
1460/1460 [==============================] - 0s 72us/step - loss: 0.0931 - acc: 0.9856 - val_loss: 0.1600 - val_acc: 0.9444
acc: 96.30%
Train on 1461 samples, validate on 161 samples
Epoch 1/30

  20/1461 [..............................] - ETA: 1:35 - loss: 0.6933 - acc: 0.6000
 760/1461 [==============>...............] - ETA: 1s - loss: 0.6881 - acc: 0.5066  
1461/1461 [==============================] - 2s 1ms/step - loss: 0.6517 - acc: 0.6331 - val_loss: 0.5805 - val_acc: 0.8509
Epoch 2/30

  20/1461 [..............................] - ETA: 0s - loss: 0.6026 - acc: 0.7500
 720/1461 [=============>................] - ETA: 0s - loss: 0.5351 - acc: 0.9042
1420/1461 [============================>.] - ETA: 0s - loss: 0.5053 - acc: 0.9225
1461/1461 [==============================] - 0s 76us/step - loss: 0.5032 - acc: 0.9233 - val_loss: 0.4410 - val_acc: 0.9565
Epoch 3/30

  20/1461 [..............................] - ETA: 0s - loss: 0.4808 - acc: 0.8500
 740/1461 [==============>...............] - ETA: 0s - loss: 0.4197 - acc: 0.9500
1461/1461 [==============================] - 0s 73us/step - loss: 0.4010 - acc: 0.9521 - val_loss: 0.3621 - val_acc: 0.9689
Epoch 4/30

  20/1461 [..............................] - ETA: 0s - loss: 0.4702 - acc: 0.8000
 780/1461 [===============>..............] - ETA: 0s - loss: 0.3519 - acc: 0.9603
1461/1461 [==============================] - 0s 70us/step - loss: 0.3428 - acc: 0.9603 - val_loss: 0.3154 - val_acc: 0.9752
Epoch 5/30

  20/1461 [..............................] - ETA: 0s - loss: 0.3880 - acc: 0.9000
 800/1461 [===============>..............] - ETA: 0s - loss: 0.3094 - acc: 0.9650
1461/1461 [==============================] - 0s 70us/step - loss: 0.3031 - acc: 0.9637 - val_loss: 0.2809 - val_acc: 0.9814
Epoch 6/30

  20/1461 [..............................] - ETA: 0s - loss: 0.2369 - acc: 1.0000
 820/1461 [===============>..............] - ETA: 0s - loss: 0.2765 - acc: 0.9646
1461/1461 [==============================] - 0s 67us/step - loss: 0.2730 - acc: 0.9651 - val_loss: 0.2544 - val_acc: 0.9876
Epoch 7/30

  20/1461 [..............................] - ETA: 0s - loss: 0.2242 - acc: 1.0000
 820/1461 [===============>..............] - ETA: 0s - loss: 0.2503 - acc: 0.9707
1461/1461 [==============================] - 0s 71us/step - loss: 0.2478 - acc: 0.9678 - val_loss: 0.2327 - val_acc: 0.9876
Epoch 8/30

  20/1461 [..............................] - ETA: 0s - loss: 0.2019 - acc: 1.0000
 780/1461 [===============>..............] - ETA: 0s - loss: 0.2233 - acc: 0.9795
1461/1461 [==============================] - 0s 72us/step - loss: 0.2269 - acc: 0.9726 - val_loss: 0.2157 - val_acc: 0.9876
Epoch 9/30

  20/1461 [..............................] - ETA: 0s - loss: 0.2140 - acc: 1.0000
 760/1461 [==============>...............] - ETA: 0s - loss: 0.2074 - acc: 0.9776
1440/1461 [============================>.] - ETA: 0s - loss: 0.2076 - acc: 0.9757
1461/1461 [==============================] - 0s 76us/step - loss: 0.2085 - acc: 0.9747 - val_loss: 0.2003 - val_acc: 0.9938
Epoch 10/30

  20/1461 [..............................] - ETA: 0s - loss: 0.1607 - acc: 0.9500
 740/1461 [==============>...............] - ETA: 0s - loss: 0.1891 - acc: 0.9797
1461/1461 [==============================] - 0s 73us/step - loss: 0.1932 - acc: 0.9767 - val_loss: 0.1887 - val_acc: 0.9876
Epoch 11/30

  20/1461 [..............................] - ETA: 0s - loss: 0.1725 - acc: 1.0000
 700/1461 [=============>................] - ETA: 0s - loss: 0.1863 - acc: 0.9757
1440/1461 [============================>.] - ETA: 0s - loss: 0.1791 - acc: 0.9799
1461/1461 [==============================] - 0s 75us/step - loss: 0.1791 - acc: 0.9795 - val_loss: 0.1783 - val_acc: 0.9814
Epoch 12/30

  20/1461 [..............................] - ETA: 0s - loss: 0.1372 - acc: 1.0000
 760/1461 [==============>...............] - ETA: 0s - loss: 0.1718 - acc: 0.9789
1461/1461 [==============================] - 0s 73us/step - loss: 0.1669 - acc: 0.9795 - val_loss: 0.1680 - val_acc: 0.9814
Epoch 13/30

  20/1461 [..............................] - ETA: 0s - loss: 0.1278 - acc: 1.0000
 760/1461 [==============>...............] - ETA: 0s - loss: 0.1618 - acc: 0.9855
1461/1461 [==============================] - 0s 72us/step - loss: 0.1572 - acc: 0.9815 - val_loss: 0.1601 - val_acc: 0.9814
Epoch 14/30

  20/1461 [..............................] - ETA: 0s - loss: 0.1111 - acc: 1.0000
 780/1461 [===============>..............] - ETA: 0s - loss: 0.1473 - acc: 0.9833
1461/1461 [==============================] - 0s 70us/step - loss: 0.1466 - acc: 0.9822 - val_loss: 0.1545 - val_acc: 0.9814
Epoch 15/30

  20/1461 [..............................] - ETA: 0s - loss: 0.1185 - acc: 1.0000
 800/1461 [===============>..............] - ETA: 0s - loss: 0.1385 - acc: 0.9837
1461/1461 [==============================] - 0s 71us/step - loss: 0.1382 - acc: 0.9829 - val_loss: 0.1470 - val_acc: 0.9938
Epoch 16/30

  20/1461 [..............................] - ETA: 0s - loss: 0.1268 - acc: 1.0000
 760/1461 [==============>...............] - ETA: 0s - loss: 0.1313 - acc: 0.9855
1461/1461 [==============================] - 0s 74us/step - loss: 0.1297 - acc: 0.9843 - val_loss: 0.1411 - val_acc: 0.9938
Epoch 17/30

  20/1461 [..............................] - ETA: 0s - loss: 0.0914 - acc: 1.0000
 760/1461 [==============>...............] - ETA: 0s - loss: 0.1256 - acc: 0.9855
1461/1461 [==============================] - 0s 72us/step - loss: 0.1228 - acc: 0.9863 - val_loss: 0.1368 - val_acc: 0.9876
Epoch 18/30

  20/1461 [..............................] - ETA: 0s - loss: 0.0887 - acc: 1.0000
 780/1461 [===============>..............] - ETA: 0s - loss: 0.1211 - acc: 0.9846
1460/1461 [============================>.] - ETA: 0s - loss: 0.1171 - acc: 0.9877
1461/1461 [==============================] - 0s 75us/step - loss: 0.1171 - acc: 0.9877 - val_loss: 0.1349 - val_acc: 0.9938
Epoch 19/30

  20/1461 [..............................] - ETA: 0s - loss: 0.0960 - acc: 1.0000
 740/1461 [==============>...............] - ETA: 0s - loss: 0.1181 - acc: 0.9838
1461/1461 [==============================] - 0s 72us/step - loss: 0.1100 - acc: 0.9890 - val_loss: 0.1293 - val_acc: 0.9938
Epoch 20/30

  20/1461 [..............................] - ETA: 0s - loss: 0.1123 - acc: 1.0000
 800/1461 [===============>..............] - ETA: 0s - loss: 0.1042 - acc: 0.9887
1461/1461 [==============================] - 0s 70us/step - loss: 0.1045 - acc: 0.9877 - val_loss: 0.1249 - val_acc: 0.9938
Epoch 21/30

  20/1461 [..............................] - ETA: 0s - loss: 0.1122 - acc: 1.0000
 800/1461 [===============>..............] - ETA: 0s - loss: 0.0938 - acc: 0.9950
1461/1461 [==============================] - 0s 70us/step - loss: 0.0992 - acc: 0.9904 - val_loss: 0.1225 - val_acc: 0.9876
Epoch 22/30

  20/1461 [..............................] - ETA: 0s - loss: 0.0846 - acc: 1.0000
 760/1461 [==============>...............] - ETA: 0s - loss: 0.0984 - acc: 0.9882
1461/1461 [==============================] - 0s 73us/step - loss: 0.0939 - acc: 0.9904 - val_loss: 0.1197 - val_acc: 0.9814
Epoch 23/30

  20/1461 [..............................] - ETA: 0s - loss: 0.0655 - acc: 1.0000
 660/1461 [============>.................] - ETA: 0s - loss: 0.0937 - acc: 0.9894
1380/1461 [===========================>..] - ETA: 0s - loss: 0.0901 - acc: 0.9913
1461/1461 [==============================] - 0s 78us/step - loss: 0.0898 - acc: 0.9918 - val_loss: 0.1171 - val_acc: 0.9814
Epoch 24/30

  20/1461 [..............................] - ETA: 0s - loss: 0.0952 - acc: 0.9500
 780/1461 [===============>..............] - ETA: 0s - loss: 0.0823 - acc: 0.9923
1461/1461 [==============================] - 0s 71us/step - loss: 0.0851 - acc: 0.9918 - val_loss: 0.1145 - val_acc: 0.9814
Epoch 25/30

  20/1461 [..............................] - ETA: 0s - loss: 0.0857 - acc: 1.0000
 740/1461 [==============>...............] - ETA: 0s - loss: 0.0841 - acc: 0.9932
1440/1461 [============================>.] - ETA: 0s - loss: 0.0812 - acc: 0.9917
1461/1461 [==============================] - 0s 75us/step - loss: 0.0811 - acc: 0.9918 - val_loss: 0.1129 - val_acc: 0.9814
acc: 99.38%
Accuracy: 96.61% (+/- 1.67%)
