Train on 1459 samples, validate on 163 samples
Epoch 1/30

  10/1459 [..............................] - ETA: 1:01 - loss: 0.6863 - acc: 0.6000
 390/1459 [=======>......................] - ETA: 1s - loss: 0.6319 - acc: 0.6974  
 790/1459 [===============>..............] - ETA: 0s - loss: 0.5584 - acc: 0.8000
1190/1459 [=======================>......] - ETA: 0s - loss: 0.5144 - acc: 0.8445
1459/1459 [==============================] - 1s 461us/step - loss: 0.4865 - acc: 0.8609 - val_loss: 0.3559 - val_acc: 0.9264
Epoch 2/30

  10/1459 [..............................] - ETA: 0s - loss: 0.3349 - acc: 0.9000
 430/1459 [=======>......................] - ETA: 0s - loss: 0.2949 - acc: 0.9698
 840/1459 [================>.............] - ETA: 0s - loss: 0.2768 - acc: 0.9643
1280/1459 [=========================>....] - ETA: 0s - loss: 0.2643 - acc: 0.9594
1459/1459 [==============================] - 0s 125us/step - loss: 0.2581 - acc: 0.9589 - val_loss: 0.2535 - val_acc: 0.9448
Epoch 3/30

  10/1459 [..............................] - ETA: 0s - loss: 0.1988 - acc: 1.0000
 410/1459 [=======>......................] - ETA: 0s - loss: 0.1695 - acc: 0.9756
 810/1459 [===============>..............] - ETA: 0s - loss: 0.1721 - acc: 0.9716
1210/1459 [=======================>......] - ETA: 0s - loss: 0.1735 - acc: 0.9678
1459/1459 [==============================] - 0s 130us/step - loss: 0.1757 - acc: 0.9664 - val_loss: 0.2060 - val_acc: 0.9325
Epoch 4/30

  10/1459 [..............................] - ETA: 0s - loss: 0.0762 - acc: 1.0000
 410/1459 [=======>......................] - ETA: 0s - loss: 0.1429 - acc: 0.9780
 810/1459 [===============>..............] - ETA: 0s - loss: 0.1353 - acc: 0.9765
1220/1459 [========================>.....] - ETA: 0s - loss: 0.1320 - acc: 0.9754
1459/1459 [==============================] - 0s 130us/step - loss: 0.1287 - acc: 0.9760 - val_loss: 0.1858 - val_acc: 0.9448
Epoch 5/30

  10/1459 [..............................] - ETA: 0s - loss: 0.0937 - acc: 1.0000
 420/1459 [=======>......................] - ETA: 0s - loss: 0.0992 - acc: 0.9762
 830/1459 [================>.............] - ETA: 0s - loss: 0.0943 - acc: 0.9783
1230/1459 [========================>.....] - ETA: 0s - loss: 0.0985 - acc: 0.9772
1459/1459 [==============================] - 0s 129us/step - loss: 0.0957 - acc: 0.9788 - val_loss: 0.1932 - val_acc: 0.9387
Epoch 6/30

  10/1459 [..............................] - ETA: 0s - loss: 0.0511 - acc: 1.0000
 420/1459 [=======>......................] - ETA: 0s - loss: 0.0718 - acc: 0.9905
 830/1459 [================>.............] - ETA: 0s - loss: 0.0762 - acc: 0.9867
1240/1459 [========================>.....] - ETA: 0s - loss: 0.0742 - acc: 0.9879
1459/1459 [==============================] - 0s 128us/step - loss: 0.0767 - acc: 0.9842 - val_loss: 0.1821 - val_acc: 0.9387
Epoch 7/30

  10/1459 [..............................] - ETA: 0s - loss: 0.0418 - acc: 1.0000
 420/1459 [=======>......................] - ETA: 0s - loss: 0.0545 - acc: 0.9929
 830/1459 [================>.............] - ETA: 0s - loss: 0.0590 - acc: 0.9892
1220/1459 [========================>.....] - ETA: 0s - loss: 0.0624 - acc: 0.9877
1459/1459 [==============================] - 0s 129us/step - loss: 0.0636 - acc: 0.9883 - val_loss: 0.1801 - val_acc: 0.9264
Epoch 8/30

  10/1459 [..............................] - ETA: 0s - loss: 0.0291 - acc: 1.0000
 410/1459 [=======>......................] - ETA: 0s - loss: 0.0539 - acc: 0.9902
 810/1459 [===============>..............] - ETA: 0s - loss: 0.0524 - acc: 0.9901
1220/1459 [========================>.....] - ETA: 0s - loss: 0.0559 - acc: 0.9893
1459/1459 [==============================] - 0s 130us/step - loss: 0.0531 - acc: 0.9911 - val_loss: 0.1772 - val_acc: 0.9387
Epoch 9/30

  10/1459 [..............................] - ETA: 0s - loss: 0.0645 - acc: 1.0000
 410/1459 [=======>......................] - ETA: 0s - loss: 0.0340 - acc: 0.9951
 810/1459 [===============>..............] - ETA: 0s - loss: 0.0360 - acc: 0.9951
1220/1459 [========================>.....] - ETA: 0s - loss: 0.0457 - acc: 0.9910
1459/1459 [==============================] - 0s 129us/step - loss: 0.0443 - acc: 0.9918 - val_loss: 0.1801 - val_acc: 0.9387
Epoch 10/30

  10/1459 [..............................] - ETA: 0s - loss: 0.0225 - acc: 1.0000
 430/1459 [=======>......................] - ETA: 0s - loss: 0.0386 - acc: 0.9953
 850/1459 [================>.............] - ETA: 0s - loss: 0.0328 - acc: 0.9976
1250/1459 [========================>.....] - ETA: 0s - loss: 0.0360 - acc: 0.9960
1459/1459 [==============================] - 0s 127us/step - loss: 0.0382 - acc: 0.9945 - val_loss: 0.2048 - val_acc: 0.9325
acc: 94.48%
Train on 1459 samples, validate on 163 samples
Epoch 1/30

  10/1459 [..............................] - ETA: 1:11 - loss: 0.7184 - acc: 0.5000
 400/1459 [=======>......................] - ETA: 1s - loss: 0.6045 - acc: 0.7025  
 780/1459 [===============>..............] - ETA: 0s - loss: 0.5070 - acc: 0.8218
1180/1459 [=======================>......] - ETA: 0s - loss: 0.4348 - acc: 0.8729
1459/1459 [==============================] - 1s 517us/step - loss: 0.4073 - acc: 0.8883 - val_loss: 0.2444 - val_acc: 0.9632
Epoch 2/30

  10/1459 [..............................] - ETA: 0s - loss: 0.2426 - acc: 1.0000
 400/1459 [=======>......................] - ETA: 0s - loss: 0.2180 - acc: 0.9650
 780/1459 [===============>..............] - ETA: 0s - loss: 0.2013 - acc: 0.9731
1180/1459 [=======================>......] - ETA: 0s - loss: 0.1887 - acc: 0.9763
1459/1459 [==============================] - 0s 131us/step - loss: 0.1901 - acc: 0.9719 - val_loss: 0.1810 - val_acc: 0.9509
Epoch 3/30

  10/1459 [..............................] - ETA: 0s - loss: 0.1000 - acc: 1.0000
 450/1459 [========>.....................] - ETA: 0s - loss: 0.1318 - acc: 0.9844
 860/1459 [================>.............] - ETA: 0s - loss: 0.1213 - acc: 0.9860
1280/1459 [=========================>....] - ETA: 0s - loss: 0.1241 - acc: 0.9820
1459/1459 [==============================] - 0s 124us/step - loss: 0.1281 - acc: 0.9794 - val_loss: 0.1446 - val_acc: 0.9509
Epoch 4/30

  10/1459 [..............................] - ETA: 0s - loss: 0.0563 - acc: 1.0000
 430/1459 [=======>......................] - ETA: 0s - loss: 0.1125 - acc: 0.9814
 820/1459 [===============>..............] - ETA: 0s - loss: 0.1077 - acc: 0.9817
1220/1459 [========================>.....] - ETA: 0s - loss: 0.1039 - acc: 0.9836
1459/1459 [==============================] - 0s 130us/step - loss: 0.1027 - acc: 0.9822 - val_loss: 0.1294 - val_acc: 0.9693
Epoch 5/30

  10/1459 [..............................] - ETA: 0s - loss: 0.0552 - acc: 1.0000
 400/1459 [=======>......................] - ETA: 0s - loss: 0.0754 - acc: 0.9900
 800/1459 [===============>..............] - ETA: 0s - loss: 0.0719 - acc: 0.9912
1200/1459 [=======================>......] - ETA: 0s - loss: 0.0758 - acc: 0.9850
1459/1459 [==============================] - 0s 132us/step - loss: 0.0739 - acc: 0.9849 - val_loss: 0.1248 - val_acc: 0.9448
Epoch 6/30

  10/1459 [..............................] - ETA: 0s - loss: 0.0585 - acc: 1.0000
 410/1459 [=======>......................] - ETA: 0s - loss: 0.0669 - acc: 0.9878
 820/1459 [===============>..............] - ETA: 0s - loss: 0.0641 - acc: 0.9890
1230/1459 [========================>.....] - ETA: 0s - loss: 0.0574 - acc: 0.9919
1459/1459 [==============================] - 0s 128us/step - loss: 0.0571 - acc: 0.9931 - val_loss: 0.1180 - val_acc: 0.9571
Epoch 7/30

  10/1459 [..............................] - ETA: 0s - loss: 0.0441 - acc: 1.0000
 430/1459 [=======>......................] - ETA: 0s - loss: 0.0521 - acc: 0.9930
 850/1459 [================>.............] - ETA: 0s - loss: 0.0505 - acc: 0.9941
1270/1459 [=========================>....] - ETA: 0s - loss: 0.0479 - acc: 0.9937
1459/1459 [==============================] - 0s 126us/step - loss: 0.0456 - acc: 0.9945 - val_loss: 0.1096 - val_acc: 0.9571
Epoch 8/30

  10/1459 [..............................] - ETA: 0s - loss: 0.0116 - acc: 1.0000
 400/1459 [=======>......................] - ETA: 0s - loss: 0.0254 - acc: 1.0000
 800/1459 [===============>..............] - ETA: 0s - loss: 0.0344 - acc: 0.9950
1200/1459 [=======================>......] - ETA: 0s - loss: 0.0335 - acc: 0.9950
1459/1459 [==============================] - 0s 133us/step - loss: 0.0352 - acc: 0.9938 - val_loss: 0.1028 - val_acc: 0.9571
Epoch 9/30

  10/1459 [..............................] - ETA: 0s - loss: 0.0207 - acc: 1.0000
 420/1459 [=======>......................] - ETA: 0s - loss: 0.0370 - acc: 0.9905
 830/1459 [================>.............] - ETA: 0s - loss: 0.0341 - acc: 0.9928
1230/1459 [========================>.....] - ETA: 0s - loss: 0.0324 - acc: 0.9943
1459/1459 [==============================] - 0s 131us/step - loss: 0.0319 - acc: 0.9938 - val_loss: 0.1054 - val_acc: 0.9632
Epoch 10/30

  10/1459 [..............................] - ETA: 0s - loss: 0.0106 - acc: 1.0000
 420/1459 [=======>......................] - ETA: 0s - loss: 0.0318 - acc: 0.9952
 830/1459 [================>.............] - ETA: 0s - loss: 0.0320 - acc: 0.9940
1250/1459 [========================>.....] - ETA: 0s - loss: 0.0340 - acc: 0.9928
1459/1459 [==============================] - 0s 128us/step - loss: 0.0321 - acc: 0.9938 - val_loss: 0.1066 - val_acc: 0.9632
Epoch 11/30

  10/1459 [..............................] - ETA: 0s - loss: 0.0093 - acc: 1.0000
 390/1459 [=======>......................] - ETA: 0s - loss: 0.0383 - acc: 0.9897
 750/1459 [==============>...............] - ETA: 0s - loss: 0.0285 - acc: 0.9947
1060/1459 [====================>.........] - ETA: 0s - loss: 0.0279 - acc: 0.9934
1360/1459 [==========================>...] - ETA: 0s - loss: 0.0288 - acc: 0.9934
1459/1459 [==============================] - 0s 156us/step - loss: 0.0281 - acc: 0.9938 - val_loss: 0.1120 - val_acc: 0.9509
Epoch 12/30

  10/1459 [..............................] - ETA: 0s - loss: 0.1613 - acc: 0.9000
 350/1459 [======>.......................] - ETA: 0s - loss: 0.0343 - acc: 0.9857
 670/1459 [============>.................] - ETA: 0s - loss: 0.0255 - acc: 0.9925
1000/1459 [===================>..........] - ETA: 0s - loss: 0.0234 - acc: 0.9940
1340/1459 [==========================>...] - ETA: 0s - loss: 0.0258 - acc: 0.9940
1459/1459 [==============================] - 0s 156us/step - loss: 0.0247 - acc: 0.9945 - val_loss: 0.0974 - val_acc: 0.9693
acc: 96.93%
Train on 1459 samples, validate on 163 samples
Epoch 1/30

  10/1459 [..............................] - ETA: 1:25 - loss: 0.8149 - acc: 0.3000
 390/1459 [=======>......................] - ETA: 1s - loss: 0.6101 - acc: 0.6667  
 790/1459 [===============>..............] - ETA: 0s - loss: 0.5164 - acc: 0.7418
1150/1459 [======================>.......] - ETA: 0s - loss: 0.4748 - acc: 0.7678
1459/1459 [==============================] - 1s 586us/step - loss: 0.4434 - acc: 0.7875 - val_loss: 0.3308 - val_acc: 0.8712
Epoch 2/30

  10/1459 [..............................] - ETA: 0s - loss: 0.4528 - acc: 0.6000
 410/1459 [=======>......................] - ETA: 0s - loss: 0.2636 - acc: 0.9000
 820/1459 [===============>..............] - ETA: 0s - loss: 0.2511 - acc: 0.9037
1240/1459 [========================>.....] - ETA: 0s - loss: 0.2401 - acc: 0.9129
1459/1459 [==============================] - 0s 126us/step - loss: 0.2327 - acc: 0.9198 - val_loss: 0.2172 - val_acc: 0.9264
Epoch 3/30

  10/1459 [..............................] - ETA: 0s - loss: 0.4469 - acc: 0.7000
 410/1459 [=======>......................] - ETA: 0s - loss: 0.1669 - acc: 0.9634
 800/1459 [===============>..............] - ETA: 0s - loss: 0.1653 - acc: 0.9612
1180/1459 [=======================>......] - ETA: 0s - loss: 0.1619 - acc: 0.9627
1459/1459 [==============================] - 0s 135us/step - loss: 0.1593 - acc: 0.9630 - val_loss: 0.2036 - val_acc: 0.9387
Epoch 4/30

  10/1459 [..............................] - ETA: 0s - loss: 0.1011 - acc: 1.0000
 390/1459 [=======>......................] - ETA: 0s - loss: 0.1200 - acc: 0.9795
 780/1459 [===============>..............] - ETA: 0s - loss: 0.1181 - acc: 0.9808
1160/1459 [======================>.......] - ETA: 0s - loss: 0.1166 - acc: 0.9784
1459/1459 [==============================] - 0s 137us/step - loss: 0.1156 - acc: 0.9781 - val_loss: 0.1689 - val_acc: 0.9509
Epoch 5/30

  10/1459 [..............................] - ETA: 0s - loss: 0.1304 - acc: 1.0000
 390/1459 [=======>......................] - ETA: 0s - loss: 0.0964 - acc: 0.9795
 780/1459 [===============>..............] - ETA: 0s - loss: 0.0992 - acc: 0.9731
1150/1459 [======================>.......] - ETA: 0s - loss: 0.1014 - acc: 0.9757
1459/1459 [==============================] - 0s 138us/step - loss: 0.1007 - acc: 0.9760 - val_loss: 0.1703 - val_acc: 0.9448
Epoch 6/30

  10/1459 [..............................] - ETA: 0s - loss: 0.3272 - acc: 0.9000
 390/1459 [=======>......................] - ETA: 0s - loss: 0.0833 - acc: 0.9821
 780/1459 [===============>..............] - ETA: 0s - loss: 0.0804 - acc: 0.9846
1170/1459 [=======================>......] - ETA: 0s - loss: 0.0777 - acc: 0.9846
1459/1459 [==============================] - 0s 136us/step - loss: 0.0747 - acc: 0.9870 - val_loss: 0.1505 - val_acc: 0.9509
Epoch 7/30

  10/1459 [..............................] - ETA: 0s - loss: 0.0246 - acc: 1.0000
 390/1459 [=======>......................] - ETA: 0s - loss: 0.0716 - acc: 0.9821
 780/1459 [===============>..............] - ETA: 0s - loss: 0.0650 - acc: 0.9859
1150/1459 [======================>.......] - ETA: 0s - loss: 0.0611 - acc: 0.9887
1459/1459 [==============================] - 0s 137us/step - loss: 0.0631 - acc: 0.9890 - val_loss: 0.1502 - val_acc: 0.9448
Epoch 8/30

  10/1459 [..............................] - ETA: 0s - loss: 0.0450 - acc: 1.0000
 380/1459 [======>.......................] - ETA: 0s - loss: 0.0542 - acc: 0.9868
 760/1459 [==============>...............] - ETA: 0s - loss: 0.0497 - acc: 0.9895
1140/1459 [======================>.......] - ETA: 0s - loss: 0.0570 - acc: 0.9886
1459/1459 [==============================] - 0s 139us/step - loss: 0.0571 - acc: 0.9897 - val_loss: 0.1574 - val_acc: 0.9387
Epoch 9/30

  10/1459 [..............................] - ETA: 0s - loss: 0.0936 - acc: 1.0000
 400/1459 [=======>......................] - ETA: 0s - loss: 0.0721 - acc: 0.9825
 790/1459 [===============>..............] - ETA: 0s - loss: 0.0605 - acc: 0.9873
1180/1459 [=======================>......] - ETA: 0s - loss: 0.0632 - acc: 0.9839
1459/1459 [==============================] - 0s 136us/step - loss: 0.0612 - acc: 0.9863 - val_loss: 0.1583 - val_acc: 0.9509
Epoch 10/30

  10/1459 [..............................] - ETA: 0s - loss: 0.1112 - acc: 0.9000
 380/1459 [======>.......................] - ETA: 0s - loss: 0.0623 - acc: 0.9816
 770/1459 [==============>...............] - ETA: 0s - loss: 0.0553 - acc: 0.9870
1160/1459 [======================>.......] - ETA: 0s - loss: 0.0498 - acc: 0.9888
1459/1459 [==============================] - 0s 137us/step - loss: 0.0484 - acc: 0.9897 - val_loss: 0.1548 - val_acc: 0.9509
Epoch 11/30

  10/1459 [..............................] - ETA: 0s - loss: 0.0819 - acc: 1.0000
 400/1459 [=======>......................] - ETA: 0s - loss: 0.0479 - acc: 0.9875
 780/1459 [===============>..............] - ETA: 0s - loss: 0.0415 - acc: 0.9897
1170/1459 [=======================>......] - ETA: 0s - loss: 0.0452 - acc: 0.9880
1459/1459 [==============================] - 0s 136us/step - loss: 0.0421 - acc: 0.9897 - val_loss: 0.1485 - val_acc: 0.9448
Epoch 12/30

  10/1459 [..............................] - ETA: 0s - loss: 0.1299 - acc: 0.9000
 390/1459 [=======>......................] - ETA: 0s - loss: 0.0370 - acc: 0.9897
 780/1459 [===============>..............] - ETA: 0s - loss: 0.0393 - acc: 0.9910
1170/1459 [=======================>......] - ETA: 0s - loss: 0.0375 - acc: 0.9923
1459/1459 [==============================] - 0s 137us/step - loss: 0.0362 - acc: 0.9925 - val_loss: 0.1662 - val_acc: 0.9448
acc: 95.09%
Train on 1460 samples, validate on 162 samples
Epoch 1/30

  10/1460 [..............................] - ETA: 1:44 - loss: 0.6825 - acc: 0.7000
 440/1460 [========>.....................] - ETA: 1s - loss: 0.5815 - acc: 0.7295  
 820/1460 [===============>..............] - ETA: 0s - loss: 0.5039 - acc: 0.8244
1220/1460 [========================>.....] - ETA: 0s - loss: 0.4460 - acc: 0.8623
1460/1460 [==============================] - 1s 683us/step - loss: 0.4128 - acc: 0.8801 - val_loss: 0.2445 - val_acc: 0.9753
Epoch 2/30

  10/1460 [..............................] - ETA: 0s - loss: 0.2213 - acc: 1.0000
 400/1460 [=======>......................] - ETA: 0s - loss: 0.2149 - acc: 0.9675
 790/1460 [===============>..............] - ETA: 0s - loss: 0.2130 - acc: 0.9608
1160/1460 [======================>.......] - ETA: 0s - loss: 0.2102 - acc: 0.9586
1460/1460 [==============================] - 0s 135us/step - loss: 0.1999 - acc: 0.9610 - val_loss: 0.1470 - val_acc: 0.9815
Epoch 3/30

  10/1460 [..............................] - ETA: 0s - loss: 0.1503 - acc: 1.0000
 430/1460 [=======>......................] - ETA: 0s - loss: 0.1393 - acc: 0.9791
 830/1460 [================>.............] - ETA: 0s - loss: 0.1477 - acc: 0.9711
1230/1460 [========================>.....] - ETA: 0s - loss: 0.1400 - acc: 0.9707
1460/1460 [==============================] - 0s 131us/step - loss: 0.1369 - acc: 0.9726 - val_loss: 0.1283 - val_acc: 0.9753
Epoch 4/30

  10/1460 [..............................] - ETA: 0s - loss: 0.0561 - acc: 1.0000
 410/1460 [=======>......................] - ETA: 0s - loss: 0.1043 - acc: 0.9829
 820/1460 [===============>..............] - ETA: 0s - loss: 0.1035 - acc: 0.9817
1210/1460 [=======================>......] - ETA: 0s - loss: 0.1100 - acc: 0.9744
1460/1460 [==============================] - 0s 132us/step - loss: 0.1090 - acc: 0.9747 - val_loss: 0.1063 - val_acc: 0.9815
Epoch 5/30

  10/1460 [..............................] - ETA: 0s - loss: 0.0542 - acc: 1.0000
 410/1460 [=======>......................] - ETA: 0s - loss: 0.0866 - acc: 0.9780
 810/1460 [===============>..............] - ETA: 0s - loss: 0.0806 - acc: 0.9790
1200/1460 [=======================>......] - ETA: 0s - loss: 0.0876 - acc: 0.9758
1460/1460 [==============================] - 0s 134us/step - loss: 0.0846 - acc: 0.9788 - val_loss: 0.1032 - val_acc: 0.9630
Epoch 6/30

  10/1460 [..............................] - ETA: 0s - loss: 0.2394 - acc: 0.9000
 410/1460 [=======>......................] - ETA: 0s - loss: 0.0582 - acc: 0.9902
 810/1460 [===============>..............] - ETA: 0s - loss: 0.0710 - acc: 0.9852
1200/1460 [=======================>......] - ETA: 0s - loss: 0.0711 - acc: 0.9833
1460/1460 [==============================] - 0s 133us/step - loss: 0.0709 - acc: 0.9829 - val_loss: 0.1029 - val_acc: 0.9691
Epoch 7/30

  10/1460 [..............................] - ETA: 0s - loss: 0.0231 - acc: 1.0000
 420/1460 [=======>......................] - ETA: 0s - loss: 0.0438 - acc: 0.9952
 800/1460 [===============>..............] - ETA: 0s - loss: 0.0491 - acc: 0.9912
1200/1460 [=======================>......] - ETA: 0s - loss: 0.0553 - acc: 0.9883
1460/1460 [==============================] - 0s 134us/step - loss: 0.0616 - acc: 0.9863 - val_loss: 0.0765 - val_acc: 0.9877
Epoch 8/30

  10/1460 [..............................] - ETA: 0s - loss: 0.0485 - acc: 1.0000
 410/1460 [=======>......................] - ETA: 0s - loss: 0.0488 - acc: 0.9902
 810/1460 [===============>..............] - ETA: 0s - loss: 0.0602 - acc: 0.9864
1200/1460 [=======================>......] - ETA: 0s - loss: 0.0595 - acc: 0.9875
1460/1460 [==============================] - 0s 132us/step - loss: 0.0562 - acc: 0.9884 - val_loss: 0.0622 - val_acc: 0.9815
Epoch 9/30

  10/1460 [..............................] - ETA: 0s - loss: 0.0681 - acc: 1.0000
 400/1460 [=======>......................] - ETA: 0s - loss: 0.0457 - acc: 0.9925
 800/1460 [===============>..............] - ETA: 0s - loss: 0.0600 - acc: 0.9875
1180/1460 [=======================>......] - ETA: 0s - loss: 0.0573 - acc: 0.9873
1460/1460 [==============================] - 0s 133us/step - loss: 0.0574 - acc: 0.9863 - val_loss: 0.0862 - val_acc: 0.9691
Epoch 10/30

  10/1460 [..............................] - ETA: 0s - loss: 0.4114 - acc: 0.9000
 410/1460 [=======>......................] - ETA: 0s - loss: 0.0503 - acc: 0.9878
 800/1460 [===============>..............] - ETA: 0s - loss: 0.0456 - acc: 0.9875
1200/1460 [=======================>......] - ETA: 0s - loss: 0.0444 - acc: 0.9892
1460/1460 [==============================] - 0s 137us/step - loss: 0.0446 - acc: 0.9884 - val_loss: 0.0653 - val_acc: 0.9815
Epoch 11/30

  10/1460 [..............................] - ETA: 0s - loss: 0.0239 - acc: 1.0000
 360/1460 [======>.......................] - ETA: 0s - loss: 0.0331 - acc: 0.9889
 730/1460 [==============>...............] - ETA: 0s - loss: 0.0358 - acc: 0.9918
1090/1460 [=====================>........] - ETA: 0s - loss: 0.0448 - acc: 0.9872
1460/1460 [==============================] - 0s 143us/step - loss: 0.0446 - acc: 0.9856 - val_loss: 0.0870 - val_acc: 0.9753
Epoch 12/30

  10/1460 [..............................] - ETA: 0s - loss: 0.3691 - acc: 0.8000
 390/1460 [=======>......................] - ETA: 0s - loss: 0.0411 - acc: 0.9872
 760/1460 [==============>...............] - ETA: 0s - loss: 0.0374 - acc: 0.9895
1110/1460 [=====================>........] - ETA: 0s - loss: 0.0382 - acc: 0.9919
1460/1460 [==============================] - 0s 140us/step - loss: 0.0367 - acc: 0.9911 - val_loss: 0.0665 - val_acc: 0.9753
Epoch 13/30

  10/1460 [..............................] - ETA: 0s - loss: 0.0264 - acc: 1.0000
 420/1460 [=======>......................] - ETA: 0s - loss: 0.0262 - acc: 0.9929
 810/1460 [===============>..............] - ETA: 0s - loss: 0.0283 - acc: 0.9914
1200/1460 [=======================>......] - ETA: 0s - loss: 0.0269 - acc: 0.9933
1460/1460 [==============================] - 0s 133us/step - loss: 0.0273 - acc: 0.9925 - val_loss: 0.0646 - val_acc: 0.9877
Epoch 14/30

  10/1460 [..............................] - ETA: 0s - loss: 0.0092 - acc: 1.0000
 410/1460 [=======>......................] - ETA: 0s - loss: 0.0497 - acc: 0.9805
 810/1460 [===============>..............] - ETA: 0s - loss: 0.0408 - acc: 0.9827
1200/1460 [=======================>......] - ETA: 0s - loss: 0.0343 - acc: 0.9875
1460/1460 [==============================] - 0s 132us/step - loss: 0.0316 - acc: 0.9890 - val_loss: 0.0683 - val_acc: 0.9753
Epoch 15/30

  10/1460 [..............................] - ETA: 0s - loss: 0.0101 - acc: 1.0000
 400/1460 [=======>......................] - ETA: 0s - loss: 0.0238 - acc: 0.9950
 800/1460 [===============>..............] - ETA: 0s - loss: 0.0220 - acc: 0.9937
1210/1460 [=======================>......] - ETA: 0s - loss: 0.0221 - acc: 0.9934
1460/1460 [==============================] - 0s 131us/step - loss: 0.0208 - acc: 0.9938 - val_loss: 0.0696 - val_acc: 0.9815
acc: 98.77%
Train on 1460 samples, validate on 162 samples
Epoch 1/30

  10/1460 [..............................] - ETA: 1:51 - loss: 0.6156 - acc: 0.9000
 410/1460 [=======>......................] - ETA: 2s - loss: 0.6058 - acc: 0.7000  
 790/1460 [===============>..............] - ETA: 0s - loss: 0.5384 - acc: 0.7684
1170/1460 [=======================>......] - ETA: 0s - loss: 0.4911 - acc: 0.8120
1460/1460 [==============================] - 1s 728us/step - loss: 0.4542 - acc: 0.8397 - val_loss: 0.3105 - val_acc: 0.9383
Epoch 2/30

  10/1460 [..............................] - ETA: 0s - loss: 0.1842 - acc: 1.0000
 400/1460 [=======>......................] - ETA: 0s - loss: 0.2464 - acc: 0.9750
 780/1460 [===============>..............] - ETA: 0s - loss: 0.2494 - acc: 0.9590
1160/1460 [======================>.......] - ETA: 0s - loss: 0.2332 - acc: 0.9647
1460/1460 [==============================] - 0s 135us/step - loss: 0.2220 - acc: 0.9658 - val_loss: 0.2091 - val_acc: 0.9568
Epoch 3/30

  10/1460 [..............................] - ETA: 0s - loss: 0.1668 - acc: 1.0000
 420/1460 [=======>......................] - ETA: 0s - loss: 0.1617 - acc: 0.9667
 820/1460 [===============>..............] - ETA: 0s - loss: 0.1527 - acc: 0.9732
1220/1460 [========================>.....] - ETA: 0s - loss: 0.1484 - acc: 0.9738
1460/1460 [==============================] - 0s 131us/step - loss: 0.1459 - acc: 0.9747 - val_loss: 0.1326 - val_acc: 0.9815
Epoch 4/30

  10/1460 [..............................] - ETA: 0s - loss: 0.1414 - acc: 1.0000
 410/1460 [=======>......................] - ETA: 0s - loss: 0.1152 - acc: 0.9780
 810/1460 [===============>..............] - ETA: 0s - loss: 0.1101 - acc: 0.9790
1210/1460 [=======================>......] - ETA: 0s - loss: 0.1115 - acc: 0.9785
1460/1460 [==============================] - 0s 132us/step - loss: 0.1073 - acc: 0.9801 - val_loss: 0.1007 - val_acc: 0.9877
Epoch 5/30

  10/1460 [..............................] - ETA: 0s - loss: 0.1072 - acc: 1.0000
 410/1460 [=======>......................] - ETA: 0s - loss: 0.1010 - acc: 0.9732
 790/1460 [===============>..............] - ETA: 0s - loss: 0.0924 - acc: 0.9810
1190/1460 [=======================>......] - ETA: 0s - loss: 0.0887 - acc: 0.9840
1460/1460 [==============================] - 0s 133us/step - loss: 0.0872 - acc: 0.9842 - val_loss: 0.0950 - val_acc: 0.9938
Epoch 6/30

  10/1460 [..............................] - ETA: 0s - loss: 0.0675 - acc: 1.0000
 410/1460 [=======>......................] - ETA: 0s - loss: 0.0588 - acc: 0.9951
 800/1460 [===============>..............] - ETA: 0s - loss: 0.0582 - acc: 0.9937
1200/1460 [=======================>......] - ETA: 0s - loss: 0.0616 - acc: 0.9908
1460/1460 [==============================] - 0s 132us/step - loss: 0.0671 - acc: 0.9877 - val_loss: 0.0818 - val_acc: 0.9938
Epoch 7/30

  10/1460 [..............................] - ETA: 0s - loss: 0.0327 - acc: 1.0000
 410/1460 [=======>......................] - ETA: 0s - loss: 0.0550 - acc: 0.9902
 800/1460 [===============>..............] - ETA: 0s - loss: 0.0531 - acc: 0.9925
1210/1460 [=======================>......] - ETA: 0s - loss: 0.0525 - acc: 0.9909
1460/1460 [==============================] - 0s 133us/step - loss: 0.0523 - acc: 0.9911 - val_loss: 0.0673 - val_acc: 0.9815
Epoch 8/30

  10/1460 [..............................] - ETA: 0s - loss: 0.0278 - acc: 1.0000
 400/1460 [=======>......................] - ETA: 0s - loss: 0.0428 - acc: 0.9900
 770/1460 [==============>...............] - ETA: 0s - loss: 0.0418 - acc: 0.9935
1110/1460 [=====================>........] - ETA: 0s - loss: 0.0450 - acc: 0.9919
1450/1460 [============================>.] - ETA: 0s - loss: 0.0455 - acc: 0.9917
1460/1460 [==============================] - 0s 146us/step - loss: 0.0457 - acc: 0.9918 - val_loss: 0.0729 - val_acc: 0.9877
Epoch 9/30

  10/1460 [..............................] - ETA: 0s - loss: 0.0462 - acc: 1.0000
 390/1460 [=======>......................] - ETA: 0s - loss: 0.0500 - acc: 0.9872
 770/1460 [==============>...............] - ETA: 0s - loss: 0.0448 - acc: 0.9896
1150/1460 [======================>.......] - ETA: 0s - loss: 0.0395 - acc: 0.9930
1460/1460 [==============================] - 0s 138us/step - loss: 0.0385 - acc: 0.9938 - val_loss: 0.0566 - val_acc: 0.9877
Epoch 10/30

  10/1460 [..............................] - ETA: 0s - loss: 0.4668 - acc: 0.9000
 360/1460 [======>.......................] - ETA: 0s - loss: 0.0446 - acc: 0.9917
 690/1460 [=============>................] - ETA: 0s - loss: 0.0360 - acc: 0.9942
1050/1460 [====================>.........] - ETA: 0s - loss: 0.0367 - acc: 0.9933
1440/1460 [============================>.] - ETA: 0s - loss: 0.0353 - acc: 0.9937
1460/1460 [==============================] - 0s 147us/step - loss: 0.0352 - acc: 0.9938 - val_loss: 0.0587 - val_acc: 0.9877
Epoch 11/30

  10/1460 [..............................] - ETA: 0s - loss: 0.0158 - acc: 1.0000
 400/1460 [=======>......................] - ETA: 0s - loss: 0.0439 - acc: 0.9900
 790/1460 [===============>..............] - ETA: 0s - loss: 0.0360 - acc: 0.9937
1170/1460 [=======================>......] - ETA: 0s - loss: 0.0324 - acc: 0.9957
1460/1460 [==============================] - 0s 137us/step - loss: 0.0316 - acc: 0.9952 - val_loss: 0.0612 - val_acc: 0.9877
Epoch 12/30

  10/1460 [..............................] - ETA: 0s - loss: 0.0136 - acc: 1.0000
 370/1460 [======>.......................] - ETA: 0s - loss: 0.0257 - acc: 0.9973
 740/1460 [==============>...............] - ETA: 0s - loss: 0.0316 - acc: 0.9959
1120/1460 [======================>.......] - ETA: 0s - loss: 0.0287 - acc: 0.9964
1460/1460 [==============================] - 0s 141us/step - loss: 0.0303 - acc: 0.9932 - val_loss: 0.0570 - val_acc: 0.9877
Epoch 13/30

  10/1460 [..............................] - ETA: 0s - loss: 0.0206 - acc: 1.0000
 390/1460 [=======>......................] - ETA: 0s - loss: 0.0268 - acc: 0.9974
 770/1460 [==============>...............] - ETA: 0s - loss: 0.0268 - acc: 0.9948
1140/1460 [======================>.......] - ETA: 0s - loss: 0.0246 - acc: 0.9956
1460/1460 [==============================] - 0s 139us/step - loss: 0.0300 - acc: 0.9918 - val_loss: 0.0718 - val_acc: 0.9691
acc: 99.38%
Train on 1460 samples, validate on 162 samples
Epoch 1/30

  10/1460 [..............................] - ETA: 2:12 - loss: 0.6668 - acc: 0.5000
 350/1460 [======>.......................] - ETA: 3s - loss: 0.6246 - acc: 0.6629  
 710/1460 [=============>................] - ETA: 1s - loss: 0.5664 - acc: 0.7394
1040/1460 [====================>.........] - ETA: 0s - loss: 0.5158 - acc: 0.7808
1400/1460 [===========================>..] - ETA: 0s - loss: 0.4739 - acc: 0.8143
1460/1460 [==============================] - 1s 854us/step - loss: 0.4655 - acc: 0.8205 - val_loss: 0.3065 - val_acc: 0.9259
Epoch 2/30

  10/1460 [..............................] - ETA: 0s - loss: 0.2281 - acc: 1.0000
 360/1460 [======>.......................] - ETA: 0s - loss: 0.2532 - acc: 0.9500
 740/1460 [==============>...............] - ETA: 0s - loss: 0.2540 - acc: 0.9405
1150/1460 [======================>.......] - ETA: 0s - loss: 0.2449 - acc: 0.9470
1460/1460 [==============================] - 0s 136us/step - loss: 0.2363 - acc: 0.9486 - val_loss: 0.2103 - val_acc: 0.9568
Epoch 3/30

  10/1460 [..............................] - ETA: 0s - loss: 0.1724 - acc: 0.9000
 420/1460 [=======>......................] - ETA: 0s - loss: 0.1524 - acc: 0.9810
 820/1460 [===============>..............] - ETA: 0s - loss: 0.1548 - acc: 0.9720
1190/1460 [=======================>......] - ETA: 0s - loss: 0.1503 - acc: 0.9714
1460/1460 [==============================] - 0s 134us/step - loss: 0.1548 - acc: 0.9699 - val_loss: 0.1545 - val_acc: 0.9630
Epoch 4/30

  10/1460 [..............................] - ETA: 0s - loss: 0.0895 - acc: 1.0000
 400/1460 [=======>......................] - ETA: 0s - loss: 0.1291 - acc: 0.9675
 800/1460 [===============>..............] - ETA: 0s - loss: 0.1199 - acc: 0.9737
1200/1460 [=======================>......] - ETA: 0s - loss: 0.1138 - acc: 0.9750
1460/1460 [==============================] - 0s 135us/step - loss: 0.1128 - acc: 0.9753 - val_loss: 0.1390 - val_acc: 0.9630
Epoch 5/30

  10/1460 [..............................] - ETA: 0s - loss: 0.1542 - acc: 0.9000
 400/1460 [=======>......................] - ETA: 0s - loss: 0.0907 - acc: 0.9825
 790/1460 [===============>..............] - ETA: 0s - loss: 0.0852 - acc: 0.9810
1180/1460 [=======================>......] - ETA: 0s - loss: 0.0884 - acc: 0.9814
1460/1460 [==============================] - 0s 135us/step - loss: 0.0890 - acc: 0.9815 - val_loss: 0.1219 - val_acc: 0.9691
Epoch 6/30

  10/1460 [..............................] - ETA: 0s - loss: 0.1845 - acc: 0.9000
 400/1460 [=======>......................] - ETA: 0s - loss: 0.0818 - acc: 0.9775
 800/1460 [===============>..............] - ETA: 0s - loss: 0.0689 - acc: 0.9875
1190/1460 [=======================>......] - ETA: 0s - loss: 0.0632 - acc: 0.9908
1460/1460 [==============================] - 0s 133us/step - loss: 0.0657 - acc: 0.9890 - val_loss: 0.1248 - val_acc: 0.9630
Epoch 7/30

  10/1460 [..............................] - ETA: 0s - loss: 0.0947 - acc: 0.9000
 400/1460 [=======>......................] - ETA: 0s - loss: 0.0435 - acc: 0.9950
 790/1460 [===============>..............] - ETA: 0s - loss: 0.0501 - acc: 0.9924
1180/1460 [=======================>......] - ETA: 0s - loss: 0.0541 - acc: 0.9898
1460/1460 [==============================] - 0s 135us/step - loss: 0.0550 - acc: 0.9904 - val_loss: 0.0947 - val_acc: 0.9753
Epoch 8/30

  10/1460 [..............................] - ETA: 0s - loss: 0.0262 - acc: 1.0000
 350/1460 [======>.......................] - ETA: 0s - loss: 0.0487 - acc: 0.9886
 710/1460 [=============>................] - ETA: 0s - loss: 0.0480 - acc: 0.9901
1100/1460 [=====================>........] - ETA: 0s - loss: 0.0493 - acc: 0.9900
1460/1460 [==============================] - 0s 142us/step - loss: 0.0463 - acc: 0.9925 - val_loss: 0.0868 - val_acc: 0.9630
Epoch 9/30

  10/1460 [..............................] - ETA: 0s - loss: 0.0119 - acc: 1.0000
 380/1460 [======>.......................] - ETA: 0s - loss: 0.0480 - acc: 0.9842
 750/1460 [==============>...............] - ETA: 0s - loss: 0.0417 - acc: 0.9893
1110/1460 [=====================>........] - ETA: 0s - loss: 0.0391 - acc: 0.9919
1460/1460 [==============================] - 0s 143us/step - loss: 0.0372 - acc: 0.9932 - val_loss: 0.0871 - val_acc: 0.9691
Epoch 10/30

  10/1460 [..............................] - ETA: 0s - loss: 0.0166 - acc: 1.0000
 380/1460 [======>.......................] - ETA: 0s - loss: 0.0261 - acc: 1.0000
 730/1460 [==============>...............] - ETA: 0s - loss: 0.0328 - acc: 0.9945
1100/1460 [=====================>........] - ETA: 0s - loss: 0.0331 - acc: 0.9945
1460/1460 [==============================] - 0s 141us/step - loss: 0.0321 - acc: 0.9938 - val_loss: 0.0976 - val_acc: 0.9568
Epoch 11/30

  10/1460 [..............................] - ETA: 0s - loss: 0.0490 - acc: 1.0000
 370/1460 [======>.......................] - ETA: 0s - loss: 0.0212 - acc: 1.0000
 750/1460 [==============>...............] - ETA: 0s - loss: 0.0251 - acc: 0.9987
1130/1460 [======================>.......] - ETA: 0s - loss: 0.0265 - acc: 0.9965
1460/1460 [==============================] - 0s 139us/step - loss: 0.0282 - acc: 0.9938 - val_loss: 0.0875 - val_acc: 0.9691
Epoch 12/30

  10/1460 [..............................] - ETA: 0s - loss: 0.0099 - acc: 1.0000
 400/1460 [=======>......................] - ETA: 0s - loss: 0.0285 - acc: 0.9950
 790/1460 [===============>..............] - ETA: 0s - loss: 0.0245 - acc: 0.9962
1180/1460 [=======================>......] - ETA: 0s - loss: 0.0249 - acc: 0.9949
1460/1460 [==============================] - 0s 135us/step - loss: 0.0249 - acc: 0.9952 - val_loss: 0.0955 - val_acc: 0.9630
Epoch 13/30

  10/1460 [..............................] - ETA: 0s - loss: 0.0400 - acc: 1.0000
 390/1460 [=======>......................] - ETA: 0s - loss: 0.0140 - acc: 1.0000
 780/1460 [===============>..............] - ETA: 0s - loss: 0.0211 - acc: 0.9936
1170/1460 [=======================>......] - ETA: 0s - loss: 0.0229 - acc: 0.9940
1460/1460 [==============================] - 0s 136us/step - loss: 0.0225 - acc: 0.9952 - val_loss: 0.0974 - val_acc: 0.9630
Epoch 14/30

  10/1460 [..............................] - ETA: 0s - loss: 0.0072 - acc: 1.0000
 410/1460 [=======>......................] - ETA: 0s - loss: 0.0253 - acc: 0.9927
 810/1460 [===============>..............] - ETA: 0s - loss: 0.0193 - acc: 0.9963
1200/1460 [=======================>......] - ETA: 0s - loss: 0.0189 - acc: 0.9958
1460/1460 [==============================] - 0s 135us/step - loss: 0.0198 - acc: 0.9959 - val_loss: 0.0957 - val_acc: 0.9691
Epoch 15/30

  10/1460 [..............................] - ETA: 0s - loss: 0.0100 - acc: 1.0000
 400/1460 [=======>......................] - ETA: 0s - loss: 0.0217 - acc: 0.9950
 770/1460 [==============>...............] - ETA: 0s - loss: 0.0214 - acc: 0.9948
1140/1460 [======================>.......] - ETA: 0s - loss: 0.0201 - acc: 0.9947
1460/1460 [==============================] - 0s 140us/step - loss: 0.0178 - acc: 0.9959 - val_loss: 0.0956 - val_acc: 0.9630
acc: 97.53%
Train on 1460 samples, validate on 162 samples
Epoch 1/30

  10/1460 [..............................] - ETA: 2:21 - loss: 0.6773 - acc: 0.5000
 400/1460 [=======>......................] - ETA: 2s - loss: 0.6230 - acc: 0.6425  
 800/1460 [===============>..............] - ETA: 0s - loss: 0.5298 - acc: 0.7713
1180/1460 [=======================>......] - ETA: 0s - loss: 0.4751 - acc: 0.8186
1460/1460 [==============================] - 1s 883us/step - loss: 0.4464 - acc: 0.8390 - val_loss: 0.3215 - val_acc: 0.9321
Epoch 2/30

  10/1460 [..............................] - ETA: 0s - loss: 0.3512 - acc: 1.0000
 370/1460 [======>.......................] - ETA: 0s - loss: 0.2826 - acc: 0.9432
 750/1460 [==============>...............] - ETA: 0s - loss: 0.2461 - acc: 0.9573
1140/1460 [======================>.......] - ETA: 0s - loss: 0.2314 - acc: 0.9623
1460/1460 [==============================] - 0s 141us/step - loss: 0.2209 - acc: 0.9596 - val_loss: 0.2107 - val_acc: 0.9506
Epoch 3/30

  10/1460 [..............................] - ETA: 0s - loss: 0.1849 - acc: 1.0000
 400/1460 [=======>......................] - ETA: 0s - loss: 0.1714 - acc: 0.9650
 790/1460 [===============>..............] - ETA: 0s - loss: 0.1611 - acc: 0.9633
1180/1460 [=======================>......] - ETA: 0s - loss: 0.1556 - acc: 0.9653
1460/1460 [==============================] - 0s 136us/step - loss: 0.1526 - acc: 0.9658 - val_loss: 0.1722 - val_acc: 0.9630
Epoch 4/30

  10/1460 [..............................] - ETA: 0s - loss: 0.0590 - acc: 1.0000
 400/1460 [=======>......................] - ETA: 0s - loss: 0.1151 - acc: 0.9775
 800/1460 [===============>..............] - ETA: 0s - loss: 0.1162 - acc: 0.9800
1180/1460 [=======================>......] - ETA: 0s - loss: 0.1195 - acc: 0.9754
1460/1460 [==============================] - 0s 136us/step - loss: 0.1173 - acc: 0.9740 - val_loss: 0.1521 - val_acc: 0.9568
Epoch 5/30

  10/1460 [..............................] - ETA: 0s - loss: 0.0777 - acc: 1.0000
 400/1460 [=======>......................] - ETA: 0s - loss: 0.0879 - acc: 0.9825
 800/1460 [===============>..............] - ETA: 0s - loss: 0.0876 - acc: 0.9812
1190/1460 [=======================>......] - ETA: 0s - loss: 0.0899 - acc: 0.9815
1460/1460 [==============================] - 0s 135us/step - loss: 0.0910 - acc: 0.9815 - val_loss: 0.1433 - val_acc: 0.9630
Epoch 6/30

  10/1460 [..............................] - ETA: 0s - loss: 0.0352 - acc: 1.0000
 400/1460 [=======>......................] - ETA: 0s - loss: 0.0778 - acc: 0.9825
 790/1460 [===============>..............] - ETA: 0s - loss: 0.0730 - acc: 0.9823
1170/1460 [=======================>......] - ETA: 0s - loss: 0.0735 - acc: 0.9821
1460/1460 [==============================] - 0s 142us/step - loss: 0.0733 - acc: 0.9836 - val_loss: 0.1538 - val_acc: 0.9506
Epoch 7/30

  10/1460 [..............................] - ETA: 0s - loss: 0.0235 - acc: 1.0000
 370/1460 [======>.......................] - ETA: 0s - loss: 0.0507 - acc: 0.9946
 720/1460 [=============>................] - ETA: 0s - loss: 0.0554 - acc: 0.9917
1060/1460 [====================>.........] - ETA: 0s - loss: 0.0567 - acc: 0.9896
1420/1460 [============================>.] - ETA: 0s - loss: 0.0594 - acc: 0.9880
1460/1460 [==============================] - 0s 151us/step - loss: 0.0588 - acc: 0.9884 - val_loss: 0.1508 - val_acc: 0.9444
Epoch 8/30

  10/1460 [..............................] - ETA: 0s - loss: 0.0199 - acc: 1.0000
 380/1460 [======>.......................] - ETA: 0s - loss: 0.0527 - acc: 0.9921
 760/1460 [==============>...............] - ETA: 0s - loss: 0.0586 - acc: 0.9921
1130/1460 [======================>.......] - ETA: 0s - loss: 0.0565 - acc: 0.9912
1460/1460 [==============================] - 0s 143us/step - loss: 0.0582 - acc: 0.9884 - val_loss: 0.1262 - val_acc: 0.9444
Epoch 9/30

  10/1460 [..............................] - ETA: 0s - loss: 0.0209 - acc: 1.0000
 380/1460 [======>.......................] - ETA: 0s - loss: 0.0452 - acc: 0.9947
 750/1460 [==============>...............] - ETA: 0s - loss: 0.0509 - acc: 0.9893
1120/1460 [======================>.......] - ETA: 0s - loss: 0.0504 - acc: 0.9902
1460/1460 [==============================] - 0s 142us/step - loss: 0.0503 - acc: 0.9897 - val_loss: 0.1597 - val_acc: 0.9506
Epoch 10/30

  10/1460 [..............................] - ETA: 0s - loss: 0.0236 - acc: 1.0000
 380/1460 [======>.......................] - ETA: 0s - loss: 0.0347 - acc: 0.9921
 750/1460 [==============>...............] - ETA: 0s - loss: 0.0349 - acc: 0.9947
1130/1460 [======================>.......] - ETA: 0s - loss: 0.0368 - acc: 0.9938
1460/1460 [==============================] - 0s 140us/step - loss: 0.0367 - acc: 0.9945 - val_loss: 0.1498 - val_acc: 0.9321
Epoch 11/30

  10/1460 [..............................] - ETA: 0s - loss: 0.0918 - acc: 0.9000
 380/1460 [======>.......................] - ETA: 0s - loss: 0.0366 - acc: 0.9921
 760/1460 [==============>...............] - ETA: 0s - loss: 0.0323 - acc: 0.9934
1130/1460 [======================>.......] - ETA: 0s - loss: 0.0299 - acc: 0.9947
1460/1460 [==============================] - 0s 141us/step - loss: 0.0317 - acc: 0.9932 - val_loss: 0.1380 - val_acc: 0.9506
Epoch 12/30

  10/1460 [..............................] - ETA: 0s - loss: 0.0083 - acc: 1.0000
 390/1460 [=======>......................] - ETA: 0s - loss: 0.0252 - acc: 1.0000
 770/1460 [==============>...............] - ETA: 0s - loss: 0.0273 - acc: 0.9961
1150/1460 [======================>.......] - ETA: 0s - loss: 0.0270 - acc: 0.9965
1460/1460 [==============================] - 0s 140us/step - loss: 0.0252 - acc: 0.9973 - val_loss: 0.1557 - val_acc: 0.9444
Epoch 13/30

  10/1460 [..............................] - ETA: 0s - loss: 0.0122 - acc: 1.0000
 390/1460 [=======>......................] - ETA: 0s - loss: 0.0187 - acc: 0.9974
 760/1460 [==============>...............] - ETA: 0s - loss: 0.0191 - acc: 0.9974
1130/1460 [======================>.......] - ETA: 0s - loss: 0.0181 - acc: 0.9982
1460/1460 [==============================] - 0s 141us/step - loss: 0.0224 - acc: 0.9966 - val_loss: 0.1465 - val_acc: 0.9506
acc: 96.30%
Train on 1460 samples, validate on 162 samples
Epoch 1/30

  10/1460 [..............................] - ETA: 2:40 - loss: 0.7102 - acc: 0.3000
 350/1460 [======>.......................] - ETA: 3s - loss: 0.6561 - acc: 0.6200  
 740/1460 [==============>...............] - ETA: 1s - loss: 0.6006 - acc: 0.7311
1130/1460 [======================>.......] - ETA: 0s - loss: 0.5563 - acc: 0.7814
1460/1460 [==============================] - 1s 987us/step - loss: 0.5238 - acc: 0.8096 - val_loss: 0.3825 - val_acc: 0.8889
Epoch 2/30

  10/1460 [..............................] - ETA: 0s - loss: 0.3310 - acc: 1.0000
 380/1460 [======>.......................] - ETA: 0s - loss: 0.3442 - acc: 0.9263
 770/1460 [==============>...............] - ETA: 0s - loss: 0.3299 - acc: 0.9286
1140/1460 [======================>.......] - ETA: 0s - loss: 0.3012 - acc: 0.9377
1460/1460 [==============================] - 0s 140us/step - loss: 0.2848 - acc: 0.9432 - val_loss: 0.2381 - val_acc: 0.9321
Epoch 3/30

  10/1460 [..............................] - ETA: 0s - loss: 0.2071 - acc: 1.0000
 400/1460 [=======>......................] - ETA: 0s - loss: 0.1961 - acc: 0.9600
 800/1460 [===============>..............] - ETA: 0s - loss: 0.1956 - acc: 0.9612
1190/1460 [=======================>......] - ETA: 0s - loss: 0.1943 - acc: 0.9605
1460/1460 [==============================] - 0s 133us/step - loss: 0.1915 - acc: 0.9603 - val_loss: 0.1882 - val_acc: 0.9506
Epoch 4/30

  10/1460 [..............................] - ETA: 0s - loss: 0.1495 - acc: 1.0000
 410/1460 [=======>......................] - ETA: 0s - loss: 0.1472 - acc: 0.9756
 790/1460 [===============>..............] - ETA: 0s - loss: 0.1443 - acc: 0.9734
1160/1460 [======================>.......] - ETA: 0s - loss: 0.1429 - acc: 0.9759
1460/1460 [==============================] - 0s 141us/step - loss: 0.1405 - acc: 0.9747 - val_loss: 0.1560 - val_acc: 0.9630
Epoch 5/30

  10/1460 [..............................] - ETA: 0s - loss: 0.1124 - acc: 1.0000
 350/1460 [======>.......................] - ETA: 0s - loss: 0.1071 - acc: 0.9800
 710/1460 [=============>................] - ETA: 0s - loss: 0.1104 - acc: 0.9775
1060/1460 [====================>.........] - ETA: 0s - loss: 0.1135 - acc: 0.9764
1420/1460 [============================>.] - ETA: 0s - loss: 0.1141 - acc: 0.9746
1460/1460 [==============================] - 0s 150us/step - loss: 0.1141 - acc: 0.9747 - val_loss: 0.1484 - val_acc: 0.9630
Epoch 6/30

  10/1460 [..............................] - ETA: 0s - loss: 0.1293 - acc: 1.0000
 370/1460 [======>.......................] - ETA: 0s - loss: 0.0913 - acc: 0.9865
 740/1460 [==============>...............] - ETA: 0s - loss: 0.0900 - acc: 0.9838
1120/1460 [======================>.......] - ETA: 0s - loss: 0.0913 - acc: 0.9839
1460/1460 [==============================] - 0s 142us/step - loss: 0.0887 - acc: 0.9836 - val_loss: 0.1456 - val_acc: 0.9630
Epoch 7/30

  10/1460 [..............................] - ETA: 0s - loss: 0.0844 - acc: 1.0000
 380/1460 [======>.......................] - ETA: 0s - loss: 0.0840 - acc: 0.9789
 750/1460 [==============>...............] - ETA: 0s - loss: 0.0768 - acc: 0.9840
1120/1460 [======================>.......] - ETA: 0s - loss: 0.0761 - acc: 0.9839
1460/1460 [==============================] - 0s 141us/step - loss: 0.0795 - acc: 0.9842 - val_loss: 0.1350 - val_acc: 0.9630
Epoch 8/30

  10/1460 [..............................] - ETA: 0s - loss: 0.0295 - acc: 1.0000
 390/1460 [=======>......................] - ETA: 0s - loss: 0.0615 - acc: 0.9974
 750/1460 [==============>...............] - ETA: 0s - loss: 0.0629 - acc: 0.9933
1120/1460 [======================>.......] - ETA: 0s - loss: 0.0619 - acc: 0.9911
1460/1460 [==============================] - 0s 142us/step - loss: 0.0664 - acc: 0.9890 - val_loss: 0.1239 - val_acc: 0.9568
Epoch 9/30

  10/1460 [..............................] - ETA: 0s - loss: 0.0427 - acc: 1.0000
 380/1460 [======>.......................] - ETA: 0s - loss: 0.0653 - acc: 0.9842
 750/1460 [==============>...............] - ETA: 0s - loss: 0.0604 - acc: 0.9840
1130/1460 [======================>.......] - ETA: 0s - loss: 0.0586 - acc: 0.9850
1460/1460 [==============================] - 0s 141us/step - loss: 0.0584 - acc: 0.9863 - val_loss: 0.1061 - val_acc: 0.9691
Epoch 10/30

  10/1460 [..............................] - ETA: 0s - loss: 0.0197 - acc: 1.0000
 380/1460 [======>.......................] - ETA: 0s - loss: 0.0485 - acc: 0.9895
 760/1460 [==============>...............] - ETA: 0s - loss: 0.0525 - acc: 0.9868
1120/1460 [======================>.......] - ETA: 0s - loss: 0.0473 - acc: 0.9902
1460/1460 [==============================] - 0s 141us/step - loss: 0.0532 - acc: 0.9884 - val_loss: 0.1201 - val_acc: 0.9630
Epoch 11/30

  10/1460 [..............................] - ETA: 0s - loss: 0.0459 - acc: 1.0000
 380/1460 [======>.......................] - ETA: 0s - loss: 0.0508 - acc: 0.9895
 750/1460 [==============>...............] - ETA: 0s - loss: 0.0472 - acc: 0.9907
1130/1460 [======================>.......] - ETA: 0s - loss: 0.0479 - acc: 0.9903
1460/1460 [==============================] - 0s 140us/step - loss: 0.0455 - acc: 0.9911 - val_loss: 0.1023 - val_acc: 0.9691
Epoch 12/30

  10/1460 [..............................] - ETA: 0s - loss: 0.0317 - acc: 1.0000
 380/1460 [======>.......................] - ETA: 0s - loss: 0.0325 - acc: 0.9947
 760/1460 [==============>...............] - ETA: 0s - loss: 0.0388 - acc: 0.9921
1100/1460 [=====================>........] - ETA: 0s - loss: 0.0351 - acc: 0.9936
1420/1460 [============================>.] - ETA: 0s - loss: 0.0387 - acc: 0.9923
1460/1460 [==============================] - 0s 151us/step - loss: 0.0389 - acc: 0.9925 - val_loss: 0.1055 - val_acc: 0.9630
Epoch 13/30

  10/1460 [..............................] - ETA: 0s - loss: 0.0346 - acc: 1.0000
 360/1460 [======>.......................] - ETA: 0s - loss: 0.0216 - acc: 1.0000
 700/1460 [=============>................] - ETA: 0s - loss: 0.0303 - acc: 0.9943
1050/1460 [====================>.........] - ETA: 0s - loss: 0.0384 - acc: 0.9924
1400/1460 [===========================>..] - ETA: 0s - loss: 0.0349 - acc: 0.9936
1460/1460 [==============================] - 0s 151us/step - loss: 0.0342 - acc: 0.9938 - val_loss: 0.0861 - val_acc: 0.9630
Epoch 14/30

  10/1460 [..............................] - ETA: 0s - loss: 0.0139 - acc: 1.0000
 370/1460 [======>.......................] - ETA: 0s - loss: 0.0226 - acc: 0.9973
 710/1460 [=============>................] - ETA: 0s - loss: 0.0284 - acc: 0.9958
1070/1460 [====================>.........] - ETA: 0s - loss: 0.0307 - acc: 0.9944
1420/1460 [============================>.] - ETA: 0s - loss: 0.0318 - acc: 0.9944
1460/1460 [==============================] - 0s 149us/step - loss: 0.0313 - acc: 0.9945 - val_loss: 0.0847 - val_acc: 0.9630
Epoch 15/30

  10/1460 [..............................] - ETA: 0s - loss: 0.0234 - acc: 1.0000
 360/1460 [======>.......................] - ETA: 0s - loss: 0.0205 - acc: 0.9972
 710/1460 [=============>................] - ETA: 0s - loss: 0.0271 - acc: 0.9944
1070/1460 [====================>.........] - ETA: 0s - loss: 0.0313 - acc: 0.9925
1430/1460 [============================>.] - ETA: 0s - loss: 0.0281 - acc: 0.9944
1460/1460 [==============================] - 0s 149us/step - loss: 0.0278 - acc: 0.9945 - val_loss: 0.0922 - val_acc: 0.9630
Epoch 16/30

  10/1460 [..............................] - ETA: 0s - loss: 0.0169 - acc: 1.0000
 360/1460 [======>.......................] - ETA: 0s - loss: 0.0281 - acc: 0.9917
 730/1460 [==============>...............] - ETA: 0s - loss: 0.0274 - acc: 0.9932
1100/1460 [=====================>........] - ETA: 0s - loss: 0.0276 - acc: 0.9936
1460/1460 [==============================] - 0s 144us/step - loss: 0.0264 - acc: 0.9945 - val_loss: 0.1030 - val_acc: 0.9691
Epoch 17/30

  10/1460 [..............................] - ETA: 0s - loss: 0.0052 - acc: 1.0000
 390/1460 [=======>......................] - ETA: 0s - loss: 0.0137 - acc: 0.9974
 740/1460 [==============>...............] - ETA: 0s - loss: 0.0207 - acc: 0.9959
1120/1460 [======================>.......] - ETA: 0s - loss: 0.0236 - acc: 0.9946
1460/1460 [==============================] - 0s 144us/step - loss: 0.0236 - acc: 0.9952 - val_loss: 0.0994 - val_acc: 0.9691
acc: 96.91%
Train on 1460 samples, validate on 162 samples
Epoch 1/30

  10/1460 [..............................] - ETA: 2:53 - loss: 0.6115 - acc: 0.8000
 380/1460 [======>.......................] - ETA: 3s - loss: 0.6391 - acc: 0.6421  
 770/1460 [==============>...............] - ETA: 1s - loss: 0.5746 - acc: 0.7519
1140/1460 [======================>.......] - ETA: 0s - loss: 0.5195 - acc: 0.8061
1460/1460 [==============================] - 2s 1ms/step - loss: 0.4785 - acc: 0.8336 - val_loss: 0.3210 - val_acc: 0.9568
Epoch 2/30

  10/1460 [..............................] - ETA: 0s - loss: 0.3143 - acc: 0.9000
 370/1460 [======>.......................] - ETA: 0s - loss: 0.2960 - acc: 0.9459
 760/1460 [==============>...............] - ETA: 0s - loss: 0.2766 - acc: 0.9461
1110/1460 [=====================>........] - ETA: 0s - loss: 0.2610 - acc: 0.9523
1460/1460 [==============================] - 0s 142us/step - loss: 0.2565 - acc: 0.9466 - val_loss: 0.2199 - val_acc: 0.9568
Epoch 3/30

  10/1460 [..............................] - ETA: 0s - loss: 0.2865 - acc: 0.9000
 390/1460 [=======>......................] - ETA: 0s - loss: 0.1916 - acc: 0.9615
 790/1460 [===============>..............] - ETA: 0s - loss: 0.1777 - acc: 0.9608
1180/1460 [=======================>......] - ETA: 0s - loss: 0.1775 - acc: 0.9619
1460/1460 [==============================] - 0s 135us/step - loss: 0.1746 - acc: 0.9623 - val_loss: 0.2150 - val_acc: 0.9506
Epoch 4/30

  10/1460 [..............................] - ETA: 0s - loss: 0.1178 - acc: 1.0000
 390/1460 [=======>......................] - ETA: 0s - loss: 0.1609 - acc: 0.9692
 780/1460 [===============>..............] - ETA: 0s - loss: 0.1437 - acc: 0.9756
1170/1460 [=======================>......] - ETA: 0s - loss: 0.1347 - acc: 0.9726
1460/1460 [==============================] - 0s 137us/step - loss: 0.1323 - acc: 0.9740 - val_loss: 0.1718 - val_acc: 0.9568
Epoch 5/30

  10/1460 [..............................] - ETA: 0s - loss: 0.1098 - acc: 1.0000
 390/1460 [=======>......................] - ETA: 0s - loss: 0.1172 - acc: 0.9744
 770/1460 [==============>...............] - ETA: 0s - loss: 0.1110 - acc: 0.9779
1160/1460 [======================>.......] - ETA: 0s - loss: 0.1104 - acc: 0.9793
1460/1460 [==============================] - 0s 137us/step - loss: 0.1092 - acc: 0.9788 - val_loss: 0.1406 - val_acc: 0.9753
Epoch 6/30

  10/1460 [..............................] - ETA: 0s - loss: 0.1141 - acc: 1.0000
 360/1460 [======>.......................] - ETA: 0s - loss: 0.0833 - acc: 0.9917
 730/1460 [==============>...............] - ETA: 0s - loss: 0.0821 - acc: 0.9904
1110/1460 [=====================>........] - ETA: 0s - loss: 0.0846 - acc: 0.9874
1460/1460 [==============================] - 0s 141us/step - loss: 0.0837 - acc: 0.9870 - val_loss: 0.1369 - val_acc: 0.9630
Epoch 7/30

  10/1460 [..............................] - ETA: 0s - loss: 0.0249 - acc: 1.0000
 400/1460 [=======>......................] - ETA: 0s - loss: 0.0744 - acc: 0.9850
 770/1460 [==============>...............] - ETA: 0s - loss: 0.0699 - acc: 0.9909
1140/1460 [======================>.......] - ETA: 0s - loss: 0.0656 - acc: 0.9904
1460/1460 [==============================] - 0s 141us/step - loss: 0.0688 - acc: 0.9884 - val_loss: 0.1343 - val_acc: 0.9630
Epoch 8/30

  10/1460 [..............................] - ETA: 0s - loss: 0.0350 - acc: 1.0000
 380/1460 [======>.......................] - ETA: 0s - loss: 0.0621 - acc: 0.9895
 740/1460 [==============>...............] - ETA: 0s - loss: 0.0595 - acc: 0.9919
1080/1460 [=====================>........] - ETA: 0s - loss: 0.0605 - acc: 0.9880
1420/1460 [============================>.] - ETA: 0s - loss: 0.0575 - acc: 0.9894
1460/1460 [==============================] - 0s 150us/step - loss: 0.0571 - acc: 0.9897 - val_loss: 0.1296 - val_acc: 0.9691
Epoch 9/30

  10/1460 [..............................] - ETA: 0s - loss: 0.1534 - acc: 0.9000
 350/1460 [======>.......................] - ETA: 0s - loss: 0.0455 - acc: 0.9914
 710/1460 [=============>................] - ETA: 0s - loss: 0.0474 - acc: 0.9958
1070/1460 [====================>.........] - ETA: 0s - loss: 0.0500 - acc: 0.9925
1430/1460 [============================>.] - ETA: 0s - loss: 0.0484 - acc: 0.9923
1460/1460 [==============================] - 0s 149us/step - loss: 0.0482 - acc: 0.9925 - val_loss: 0.1223 - val_acc: 0.9753
Epoch 10/30

  10/1460 [..............................] - ETA: 0s - loss: 0.0629 - acc: 1.0000
 370/1460 [======>.......................] - ETA: 0s - loss: 0.0520 - acc: 0.9892
 700/1460 [=============>................] - ETA: 0s - loss: 0.0469 - acc: 0.9914
1030/1460 [====================>.........] - ETA: 0s - loss: 0.0439 - acc: 0.9932
1340/1460 [==========================>...] - ETA: 0s - loss: 0.0420 - acc: 0.9933
1460/1460 [==============================] - 0s 159us/step - loss: 0.0419 - acc: 0.9932 - val_loss: 0.1208 - val_acc: 0.9691
Epoch 11/30

  10/1460 [..............................] - ETA: 0s - loss: 0.0183 - acc: 1.0000
 360/1460 [======>.......................] - ETA: 0s - loss: 0.0462 - acc: 0.9889
 720/1460 [=============>................] - ETA: 0s - loss: 0.0415 - acc: 0.9903
1080/1460 [=====================>........] - ETA: 0s - loss: 0.0409 - acc: 0.9917
1440/1460 [============================>.] - ETA: 0s - loss: 0.0417 - acc: 0.9917
1460/1460 [==============================] - 0s 147us/step - loss: 0.0416 - acc: 0.9918 - val_loss: 0.1377 - val_acc: 0.9630
Epoch 12/30

  10/1460 [..............................] - ETA: 0s - loss: 0.0141 - acc: 1.0000
 350/1460 [======>.......................] - ETA: 0s - loss: 0.0314 - acc: 0.9943
 700/1460 [=============>................] - ETA: 0s - loss: 0.0335 - acc: 0.9943
1030/1460 [====================>.........] - ETA: 0s - loss: 0.0373 - acc: 0.9922
1350/1460 [==========================>...] - ETA: 0s - loss: 0.0370 - acc: 0.9933
1460/1460 [==============================] - 0s 158us/step - loss: 0.0391 - acc: 0.9925 - val_loss: 0.1223 - val_acc: 0.9691
Epoch 13/30

  10/1460 [..............................] - ETA: 0s - loss: 0.0048 - acc: 1.0000
 300/1460 [=====>........................] - ETA: 0s - loss: 0.0200 - acc: 1.0000
 630/1460 [===========>..................] - ETA: 0s - loss: 0.0276 - acc: 0.9968
 960/1460 [==================>...........] - ETA: 0s - loss: 0.0362 - acc: 0.9917
1300/1460 [=========================>....] - ETA: 0s - loss: 0.0400 - acc: 0.9908
1460/1460 [==============================] - 0s 163us/step - loss: 0.0412 - acc: 0.9897 - val_loss: 0.1428 - val_acc: 0.9568
acc: 97.53%
Train on 1461 samples, validate on 161 samples
Epoch 1/30

  10/1461 [..............................] - ETA: 3:11 - loss: 0.6447 - acc: 0.7000
 370/1461 [======>.......................] - ETA: 4s - loss: 0.5847 - acc: 0.7270  
 760/1461 [==============>...............] - ETA: 1s - loss: 0.4885 - acc: 0.8197
1080/1461 [=====================>........] - ETA: 0s - loss: 0.4475 - acc: 0.8426
1450/1461 [============================>.] - ETA: 0s - loss: 0.4024 - acc: 0.8683
1461/1461 [==============================] - 2s 1ms/step - loss: 0.4012 - acc: 0.8693 - val_loss: 0.2345 - val_acc: 0.9627
Epoch 2/30

  10/1461 [..............................] - ETA: 0s - loss: 0.1670 - acc: 1.0000
 330/1461 [=====>........................] - ETA: 0s - loss: 0.2132 - acc: 0.9667
 700/1461 [=============>................] - ETA: 0s - loss: 0.2196 - acc: 0.9571
1100/1461 [=====================>........] - ETA: 0s - loss: 0.2086 - acc: 0.9582
1461/1461 [==============================] - 0s 145us/step - loss: 0.2040 - acc: 0.9555 - val_loss: 0.1405 - val_acc: 0.9876
Epoch 3/30

  10/1461 [..............................] - ETA: 0s - loss: 0.0892 - acc: 1.0000
 380/1461 [======>.......................] - ETA: 0s - loss: 0.1521 - acc: 0.9737
 770/1461 [==============>...............] - ETA: 0s - loss: 0.1322 - acc: 0.9792
1150/1461 [======================>.......] - ETA: 0s - loss: 0.1335 - acc: 0.9774
1461/1461 [==============================] - 0s 140us/step - loss: 0.1358 - acc: 0.9713 - val_loss: 0.0872 - val_acc: 0.9876
Epoch 4/30

  10/1461 [..............................] - ETA: 0s - loss: 0.0545 - acc: 1.0000
 390/1461 [=======>......................] - ETA: 0s - loss: 0.1195 - acc: 0.9744
 750/1461 [==============>...............] - ETA: 0s - loss: 0.1047 - acc: 0.9800
1130/1461 [======================>.......] - ETA: 0s - loss: 0.1082 - acc: 0.9788
1461/1461 [==============================] - 0s 142us/step - loss: 0.1076 - acc: 0.9788 - val_loss: 0.0696 - val_acc: 0.9876
Epoch 5/30

  10/1461 [..............................] - ETA: 0s - loss: 0.0217 - acc: 1.0000
 390/1461 [=======>......................] - ETA: 0s - loss: 0.0766 - acc: 0.9872
 760/1461 [==============>...............] - ETA: 0s - loss: 0.0731 - acc: 0.9895
1130/1461 [======================>.......] - ETA: 0s - loss: 0.0767 - acc: 0.9885
1461/1461 [==============================] - 0s 141us/step - loss: 0.0800 - acc: 0.9863 - val_loss: 0.0799 - val_acc: 0.9876
Epoch 6/30

  10/1461 [..............................] - ETA: 0s - loss: 0.0263 - acc: 1.0000
 390/1461 [=======>......................] - ETA: 0s - loss: 0.0673 - acc: 0.9897
 740/1461 [==============>...............] - ETA: 0s - loss: 0.0699 - acc: 0.9878
1120/1461 [=====================>........] - ETA: 0s - loss: 0.0651 - acc: 0.9893
1460/1461 [============================>.] - ETA: 0s - loss: 0.0663 - acc: 0.9884
1461/1461 [==============================] - 0s 146us/step - loss: 0.0664 - acc: 0.9884 - val_loss: 0.0490 - val_acc: 0.9938
Epoch 7/30

  10/1461 [..............................] - ETA: 0s - loss: 0.0249 - acc: 1.0000
 390/1461 [=======>......................] - ETA: 0s - loss: 0.0468 - acc: 0.9949
 780/1461 [===============>..............] - ETA: 0s - loss: 0.0585 - acc: 0.9910
1160/1461 [======================>.......] - ETA: 0s - loss: 0.0600 - acc: 0.9905
1461/1461 [==============================] - 0s 141us/step - loss: 0.0589 - acc: 0.9897 - val_loss: 0.0416 - val_acc: 0.9876
Epoch 8/30

  10/1461 [..............................] - ETA: 0s - loss: 0.3031 - acc: 0.9000
 390/1461 [=======>......................] - ETA: 0s - loss: 0.0520 - acc: 0.9923
 750/1461 [==============>...............] - ETA: 0s - loss: 0.0485 - acc: 0.9920
1120/1461 [=====================>........] - ETA: 0s - loss: 0.0461 - acc: 0.9929
1461/1461 [==============================] - 0s 145us/step - loss: 0.0450 - acc: 0.9925 - val_loss: 0.0454 - val_acc: 0.9938
Epoch 9/30

  10/1461 [..............................] - ETA: 0s - loss: 0.0327 - acc: 1.0000
 390/1461 [=======>......................] - ETA: 0s - loss: 0.0341 - acc: 0.9949
 770/1461 [==============>...............] - ETA: 0s - loss: 0.0323 - acc: 0.9961
1150/1461 [======================>.......] - ETA: 0s - loss: 0.0384 - acc: 0.9922
1461/1461 [==============================] - 0s 142us/step - loss: 0.0372 - acc: 0.9932 - val_loss: 0.0258 - val_acc: 1.0000
Epoch 10/30

  10/1461 [..............................] - ETA: 0s - loss: 0.0612 - acc: 1.0000
 380/1461 [======>.......................] - ETA: 0s - loss: 0.0272 - acc: 0.9974
 710/1461 [=============>................] - ETA: 0s - loss: 0.0276 - acc: 0.9972
1080/1461 [=====================>........] - ETA: 0s - loss: 0.0304 - acc: 0.9954
1450/1461 [============================>.] - ETA: 0s - loss: 0.0307 - acc: 0.9945
1461/1461 [==============================] - 0s 148us/step - loss: 0.0305 - acc: 0.9945 - val_loss: 0.0230 - val_acc: 1.0000
Epoch 11/30

  10/1461 [..............................] - ETA: 0s - loss: 0.0099 - acc: 1.0000
 340/1461 [=====>........................] - ETA: 0s - loss: 0.0174 - acc: 1.0000
 560/1461 [==========>...................] - ETA: 0s - loss: 0.0168 - acc: 1.0000
 780/1461 [===============>..............] - ETA: 0s - loss: 0.0183 - acc: 0.9987
1000/1461 [===================>..........] - ETA: 0s - loss: 0.0237 - acc: 0.9960
1250/1461 [========================>.....] - ETA: 0s - loss: 0.0257 - acc: 0.9952
1461/1461 [==============================] - 0s 208us/step - loss: 0.0285 - acc: 0.9938 - val_loss: 0.0229 - val_acc: 0.9938
Epoch 12/30

  10/1461 [..............................] - ETA: 0s - loss: 0.0176 - acc: 1.0000
 310/1461 [=====>........................] - ETA: 0s - loss: 0.0220 - acc: 0.9968
 600/1461 [===========>..................] - ETA: 0s - loss: 0.0271 - acc: 0.9933
 980/1461 [===================>..........] - ETA: 0s - loss: 0.0286 - acc: 0.9929
1350/1461 [==========================>...] - ETA: 0s - loss: 0.0311 - acc: 0.9926
1461/1461 [==============================] - 0s 156us/step - loss: 0.0305 - acc: 0.9932 - val_loss: 0.0508 - val_acc: 0.9752
Epoch 13/30

  10/1461 [..............................] - ETA: 0s - loss: 0.1103 - acc: 0.9000
 350/1461 [======>.......................] - ETA: 0s - loss: 0.0257 - acc: 0.9971
 710/1461 [=============>................] - ETA: 0s - loss: 0.0344 - acc: 0.9915
1060/1461 [====================>.........] - ETA: 0s - loss: 0.0286 - acc: 0.9943
1360/1461 [==========================>...] - ETA: 0s - loss: 0.0296 - acc: 0.9941
1461/1461 [==============================] - 0s 168us/step - loss: 0.0304 - acc: 0.9938 - val_loss: 0.0283 - val_acc: 0.9938
Epoch 14/30

  10/1461 [..............................] - ETA: 0s - loss: 0.0056 - acc: 1.0000
 240/1461 [===>..........................] - ETA: 0s - loss: 0.0295 - acc: 0.9917
 440/1461 [========>.....................] - ETA: 0s - loss: 0.0289 - acc: 0.9932
 670/1461 [============>.................] - ETA: 0s - loss: 0.0276 - acc: 0.9925
 950/1461 [==================>...........] - ETA: 0s - loss: 0.0267 - acc: 0.9937
1230/1461 [========================>.....] - ETA: 0s - loss: 0.0251 - acc: 0.9943
1461/1461 [==============================] - 0s 209us/step - loss: 0.0264 - acc: 0.9938 - val_loss: 0.0214 - val_acc: 0.9938
Epoch 15/30

  10/1461 [..............................] - ETA: 0s - loss: 0.0070 - acc: 1.0000
 370/1461 [======>.......................] - ETA: 0s - loss: 0.0319 - acc: 0.9892
 730/1461 [=============>................] - ETA: 0s - loss: 0.0289 - acc: 0.9904
1090/1461 [=====================>........] - ETA: 0s - loss: 0.0251 - acc: 0.9927
1450/1461 [============================>.] - ETA: 0s - loss: 0.0236 - acc: 0.9931
1461/1461 [==============================] - 0s 148us/step - loss: 0.0234 - acc: 0.9932 - val_loss: 0.0112 - val_acc: 1.0000
Epoch 16/30

  10/1461 [..............................] - ETA: 0s - loss: 0.0050 - acc: 1.0000
 380/1461 [======>.......................] - ETA: 0s - loss: 0.0259 - acc: 0.9947
 740/1461 [==============>...............] - ETA: 0s - loss: 0.0207 - acc: 0.9946
1120/1461 [=====================>........] - ETA: 0s - loss: 0.0205 - acc: 0.9955
1461/1461 [==============================] - 0s 143us/step - loss: 0.0191 - acc: 0.9959 - val_loss: 0.0123 - val_acc: 1.0000
Epoch 17/30

  10/1461 [..............................] - ETA: 0s - loss: 0.0135 - acc: 1.0000
 390/1461 [=======>......................] - ETA: 0s - loss: 0.0175 - acc: 0.9974
 760/1461 [==============>...............] - ETA: 0s - loss: 0.0191 - acc: 0.9961
1150/1461 [======================>.......] - ETA: 0s - loss: 0.0163 - acc: 0.9974
1461/1461 [==============================] - 0s 138us/step - loss: 0.0153 - acc: 0.9979 - val_loss: 0.0153 - val_acc: 0.9938
acc: 100.00%
Accuracy: 97.29% (+/- 1.67%)
