Train on 1459 samples, validate on 163 samples
Epoch 1/30

  50/1459 [>.............................] - ETA: 11s - loss: 0.6695 - acc: 0.6000
1459/1459 [==============================] - 1s 346us/step - loss: 0.6453 - acc: 0.6511 - val_loss: 0.6350 - val_acc: 0.6748
Epoch 2/30

  50/1459 [>.............................] - ETA: 0s - loss: 0.6480 - acc: 0.6800
1459/1459 [==============================] - 0s 27us/step - loss: 0.5812 - acc: 0.8081 - val_loss: 0.5814 - val_acc: 0.7607
Epoch 3/30

  50/1459 [>.............................] - ETA: 0s - loss: 0.5797 - acc: 0.7800
1459/1459 [==============================] - 0s 26us/step - loss: 0.5245 - acc: 0.8849 - val_loss: 0.5362 - val_acc: 0.8712
Epoch 4/30

  50/1459 [>.............................] - ETA: 0s - loss: 0.4843 - acc: 0.8800
1459/1459 [==============================] - 0s 27us/step - loss: 0.4801 - acc: 0.9198 - val_loss: 0.4974 - val_acc: 0.9141
Epoch 5/30

  50/1459 [>.............................] - ETA: 0s - loss: 0.4435 - acc: 0.9600
1459/1459 [==============================] - 0s 28us/step - loss: 0.4442 - acc: 0.9438 - val_loss: 0.4659 - val_acc: 0.9141
Epoch 6/30

  50/1459 [>.............................] - ETA: 0s - loss: 0.3955 - acc: 0.9600
1459/1459 [==============================] - 0s 29us/step - loss: 0.4143 - acc: 0.9548 - val_loss: 0.4409 - val_acc: 0.9264
Epoch 7/30

  50/1459 [>.............................] - ETA: 0s - loss: 0.3888 - acc: 0.9600
1459/1459 [==============================] - 0s 27us/step - loss: 0.3896 - acc: 0.9602 - val_loss: 0.4196 - val_acc: 0.9264
Epoch 8/30

  50/1459 [>.............................] - ETA: 0s - loss: 0.3985 - acc: 0.9400
1459/1459 [==============================] - 0s 28us/step - loss: 0.3686 - acc: 0.9657 - val_loss: 0.4010 - val_acc: 0.9325
Epoch 9/30

  50/1459 [>.............................] - ETA: 0s - loss: 0.3575 - acc: 0.9600
1459/1459 [==============================] - 0s 28us/step - loss: 0.3498 - acc: 0.9671 - val_loss: 0.3865 - val_acc: 0.9325
Epoch 10/30

  50/1459 [>.............................] - ETA: 0s - loss: 0.3224 - acc: 0.9800
1459/1459 [==============================] - 0s 27us/step - loss: 0.3331 - acc: 0.9698 - val_loss: 0.3732 - val_acc: 0.9325
Epoch 11/30

  50/1459 [>.............................] - ETA: 0s - loss: 0.2983 - acc: 0.9800
1459/1459 [==============================] - 0s 27us/step - loss: 0.3179 - acc: 0.9726 - val_loss: 0.3606 - val_acc: 0.9325
Epoch 12/30

  50/1459 [>.............................] - ETA: 0s - loss: 0.3203 - acc: 0.9600
1459/1459 [==============================] - 0s 27us/step - loss: 0.3038 - acc: 0.9740 - val_loss: 0.3483 - val_acc: 0.9387
Epoch 13/30

  50/1459 [>.............................] - ETA: 0s - loss: 0.2985 - acc: 0.9600
1459/1459 [==============================] - 0s 27us/step - loss: 0.2911 - acc: 0.9733 - val_loss: 0.3388 - val_acc: 0.9387
Epoch 14/30

  50/1459 [>.............................] - ETA: 0s - loss: 0.2848 - acc: 0.9600
1459/1459 [==============================] - 0s 26us/step - loss: 0.2795 - acc: 0.9753 - val_loss: 0.3299 - val_acc: 0.9448
Epoch 15/30

  50/1459 [>.............................] - ETA: 0s - loss: 0.2250 - acc: 1.0000
1459/1459 [==============================] - 0s 26us/step - loss: 0.2684 - acc: 0.9760 - val_loss: 0.3212 - val_acc: 0.9387
Epoch 16/30

  50/1459 [>.............................] - ETA: 0s - loss: 0.2477 - acc: 0.9800
1459/1459 [==============================] - 0s 27us/step - loss: 0.2580 - acc: 0.9774 - val_loss: 0.3138 - val_acc: 0.9387
Epoch 17/30

  50/1459 [>.............................] - ETA: 0s - loss: 0.2841 - acc: 0.9400
1459/1459 [==============================] - 0s 26us/step - loss: 0.2484 - acc: 0.9774 - val_loss: 0.3059 - val_acc: 0.9387
Epoch 18/30

  50/1459 [>.............................] - ETA: 0s - loss: 0.2277 - acc: 1.0000
1459/1459 [==============================] - 0s 28us/step - loss: 0.2392 - acc: 0.9781 - val_loss: 0.2994 - val_acc: 0.9448
Epoch 19/30

  50/1459 [>.............................] - ETA: 0s - loss: 0.2291 - acc: 1.0000
1459/1459 [==============================] - 0s 27us/step - loss: 0.2310 - acc: 0.9788 - val_loss: 0.2929 - val_acc: 0.9387
Epoch 20/30

  50/1459 [>.............................] - ETA: 0s - loss: 0.2165 - acc: 0.9800
1459/1459 [==============================] - 0s 26us/step - loss: 0.2230 - acc: 0.9788 - val_loss: 0.2864 - val_acc: 0.9387
Epoch 21/30

  50/1459 [>.............................] - ETA: 0s - loss: 0.2051 - acc: 1.0000
1459/1459 [==============================] - 0s 28us/step - loss: 0.2153 - acc: 0.9794 - val_loss: 0.2805 - val_acc: 0.9387
Epoch 22/30

  50/1459 [>.............................] - ETA: 0s - loss: 0.2129 - acc: 1.0000
1459/1459 [==============================] - 0s 27us/step - loss: 0.2080 - acc: 0.9801 - val_loss: 0.2772 - val_acc: 0.9387
Epoch 23/30

  50/1459 [>.............................] - ETA: 0s - loss: 0.1768 - acc: 1.0000
1459/1459 [==============================] - 0s 28us/step - loss: 0.2013 - acc: 0.9815 - val_loss: 0.2697 - val_acc: 0.9325
Epoch 24/30

  50/1459 [>.............................] - ETA: 0s - loss: 0.1780 - acc: 0.9800
1459/1459 [==============================] - 0s 28us/step - loss: 0.1948 - acc: 0.9836 - val_loss: 0.2658 - val_acc: 0.9387
Epoch 25/30

  50/1459 [>.............................] - ETA: 0s - loss: 0.1974 - acc: 1.0000
1459/1459 [==============================] - 0s 27us/step - loss: 0.1889 - acc: 0.9836 - val_loss: 0.2611 - val_acc: 0.9387
Epoch 26/30

  50/1459 [>.............................] - ETA: 0s - loss: 0.1809 - acc: 0.9800
1459/1459 [==============================] - 0s 28us/step - loss: 0.1828 - acc: 0.9849 - val_loss: 0.2585 - val_acc: 0.9325
Epoch 27/30

  50/1459 [>.............................] - ETA: 0s - loss: 0.1944 - acc: 0.9800
1459/1459 [==============================] - 0s 28us/step - loss: 0.1772 - acc: 0.9856 - val_loss: 0.2540 - val_acc: 0.9325
Epoch 28/30

  50/1459 [>.............................] - ETA: 0s - loss: 0.1504 - acc: 0.9800
1459/1459 [==============================] - 0s 29us/step - loss: 0.1722 - acc: 0.9856 - val_loss: 0.2486 - val_acc: 0.9325
Epoch 29/30

  50/1459 [>.............................] - ETA: 0s - loss: 0.1609 - acc: 1.0000
1459/1459 [==============================] - 0s 27us/step - loss: 0.1670 - acc: 0.9856 - val_loss: 0.2466 - val_acc: 0.9264
Epoch 30/30

  50/1459 [>.............................] - ETA: 0s - loss: 0.1443 - acc: 1.0000
1459/1459 [==============================] - 0s 28us/step - loss: 0.1620 - acc: 0.9863 - val_loss: 0.2428 - val_acc: 0.9264
acc: 94.48%
Train on 1459 samples, validate on 163 samples
Epoch 1/30

  50/1459 [>.............................] - ETA: 13s - loss: 0.6930 - acc: 0.5200
1459/1459 [==============================] - 1s 400us/step - loss: 0.6683 - acc: 0.5627 - val_loss: 0.6397 - val_acc: 0.6074
Epoch 2/30

  50/1459 [>.............................] - ETA: 0s - loss: 0.6450 - acc: 0.6800
1459/1459 [==============================] - 0s 28us/step - loss: 0.6129 - acc: 0.6909 - val_loss: 0.5950 - val_acc: 0.7178
Epoch 3/30

  50/1459 [>.............................] - ETA: 0s - loss: 0.5894 - acc: 0.7000
1459/1459 [==============================] - 0s 27us/step - loss: 0.5565 - acc: 0.7916 - val_loss: 0.5457 - val_acc: 0.8221
Epoch 4/30

  50/1459 [>.............................] - ETA: 0s - loss: 0.5040 - acc: 0.8600
1459/1459 [==============================] - 0s 27us/step - loss: 0.5000 - acc: 0.8732 - val_loss: 0.4976 - val_acc: 0.8957
Epoch 5/30

  50/1459 [>.............................] - ETA: 0s - loss: 0.4619 - acc: 0.9400
1459/1459 [==============================] - 0s 27us/step - loss: 0.4508 - acc: 0.9273 - val_loss: 0.4553 - val_acc: 0.9141
Epoch 6/30

  50/1459 [>.............................] - ETA: 0s - loss: 0.3890 - acc: 0.9600
1459/1459 [==============================] - 0s 29us/step - loss: 0.4130 - acc: 0.9459 - val_loss: 0.4235 - val_acc: 0.9141
Epoch 7/30

  50/1459 [>.............................] - ETA: 0s - loss: 0.4190 - acc: 0.9200
1459/1459 [==============================] - 0s 26us/step - loss: 0.3839 - acc: 0.9520 - val_loss: 0.4004 - val_acc: 0.9264
Epoch 8/30

  50/1459 [>.............................] - ETA: 0s - loss: 0.3586 - acc: 0.9200
1459/1459 [==============================] - 0s 25us/step - loss: 0.3601 - acc: 0.9554 - val_loss: 0.3828 - val_acc: 0.9202
Epoch 9/30

  50/1459 [>.............................] - ETA: 0s - loss: 0.3437 - acc: 0.9400
1459/1459 [==============================] - 0s 26us/step - loss: 0.3401 - acc: 0.9630 - val_loss: 0.3657 - val_acc: 0.9202
Epoch 10/30

  50/1459 [>.............................] - ETA: 0s - loss: 0.3096 - acc: 1.0000
1459/1459 [==============================] - 0s 28us/step - loss: 0.3221 - acc: 0.9685 - val_loss: 0.3515 - val_acc: 0.9264
Epoch 11/30

  50/1459 [>.............................] - ETA: 0s - loss: 0.3234 - acc: 0.9600
1459/1459 [==============================] - 0s 30us/step - loss: 0.3063 - acc: 0.9692 - val_loss: 0.3395 - val_acc: 0.9202
Epoch 12/30

  50/1459 [>.............................] - ETA: 0s - loss: 0.3257 - acc: 0.9600
1459/1459 [==============================] - 0s 28us/step - loss: 0.2915 - acc: 0.9719 - val_loss: 0.3266 - val_acc: 0.9264
Epoch 13/30

  50/1459 [>.............................] - ETA: 0s - loss: 0.3254 - acc: 0.9400
1459/1459 [==============================] - 0s 29us/step - loss: 0.2781 - acc: 0.9774 - val_loss: 0.3148 - val_acc: 0.9202
Epoch 14/30

  50/1459 [>.............................] - ETA: 0s - loss: 0.2799 - acc: 0.9600
1459/1459 [==============================] - 0s 28us/step - loss: 0.2657 - acc: 0.9788 - val_loss: 0.3052 - val_acc: 0.9202
Epoch 15/30

  50/1459 [>.............................] - ETA: 0s - loss: 0.2659 - acc: 0.9800
1459/1459 [==============================] - 0s 29us/step - loss: 0.2542 - acc: 0.9794 - val_loss: 0.2957 - val_acc: 0.9202
Epoch 16/30

  50/1459 [>.............................] - ETA: 0s - loss: 0.2681 - acc: 0.9600
1459/1459 [==============================] - 0s 29us/step - loss: 0.2436 - acc: 0.9794 - val_loss: 0.2865 - val_acc: 0.9202
Epoch 17/30

  50/1459 [>.............................] - ETA: 0s - loss: 0.2551 - acc: 0.9800
1459/1459 [==============================] - 0s 28us/step - loss: 0.2339 - acc: 0.9794 - val_loss: 0.2789 - val_acc: 0.9202
Epoch 18/30

  50/1459 [>.............................] - ETA: 0s - loss: 0.2229 - acc: 0.9800
1459/1459 [==============================] - 0s 28us/step - loss: 0.2250 - acc: 0.9794 - val_loss: 0.2712 - val_acc: 0.9202
Epoch 19/30

  50/1459 [>.............................] - ETA: 0s - loss: 0.2180 - acc: 0.9800
1459/1459 [==============================] - 0s 27us/step - loss: 0.2165 - acc: 0.9801 - val_loss: 0.2630 - val_acc: 0.9202
Epoch 20/30

  50/1459 [>.............................] - ETA: 0s - loss: 0.1946 - acc: 1.0000
1459/1459 [==============================] - 0s 27us/step - loss: 0.2088 - acc: 0.9808 - val_loss: 0.2561 - val_acc: 0.9202
Epoch 21/30

  50/1459 [>.............................] - ETA: 0s - loss: 0.1933 - acc: 0.9800
1459/1459 [==============================] - 0s 27us/step - loss: 0.2012 - acc: 0.9822 - val_loss: 0.2517 - val_acc: 0.9202
Epoch 22/30

  50/1459 [>.............................] - ETA: 0s - loss: 0.1812 - acc: 0.9800
1459/1459 [==============================] - 0s 27us/step - loss: 0.1947 - acc: 0.9836 - val_loss: 0.2443 - val_acc: 0.9202
Epoch 23/30

  50/1459 [>.............................] - ETA: 0s - loss: 0.2206 - acc: 0.9600
1459/1459 [==============================] - 0s 27us/step - loss: 0.1880 - acc: 0.9836 - val_loss: 0.2394 - val_acc: 0.9202
acc: 92.64%
Train on 1459 samples, validate on 163 samples
Epoch 1/30

  50/1459 [>.............................] - ETA: 16s - loss: 0.7031 - acc: 0.5800
1459/1459 [==============================] - 1s 480us/step - loss: 0.6751 - acc: 0.5833 - val_loss: 0.6349 - val_acc: 0.7055
Epoch 2/30

  50/1459 [>.............................] - ETA: 0s - loss: 0.6419 - acc: 0.6800
1459/1459 [==============================] - 0s 29us/step - loss: 0.6189 - acc: 0.7505 - val_loss: 0.5926 - val_acc: 0.7975
Epoch 3/30

  50/1459 [>.............................] - ETA: 0s - loss: 0.5940 - acc: 0.8000
1459/1459 [==============================] - 0s 28us/step - loss: 0.5708 - acc: 0.8280 - val_loss: 0.5526 - val_acc: 0.8650
Epoch 4/30

  50/1459 [>.............................] - ETA: 0s - loss: 0.5348 - acc: 0.9000
1459/1459 [==============================] - 0s 28us/step - loss: 0.5245 - acc: 0.8965 - val_loss: 0.5108 - val_acc: 0.9325
Epoch 5/30

  50/1459 [>.............................] - ETA: 0s - loss: 0.4935 - acc: 0.9600
1459/1459 [==============================] - 0s 29us/step - loss: 0.4812 - acc: 0.9363 - val_loss: 0.4754 - val_acc: 0.9387
Epoch 6/30

  50/1459 [>.............................] - ETA: 0s - loss: 0.4515 - acc: 0.9600
1459/1459 [==============================] - 0s 30us/step - loss: 0.4454 - acc: 0.9520 - val_loss: 0.4449 - val_acc: 0.9509
Epoch 7/30

  50/1459 [>.............................] - ETA: 0s - loss: 0.4147 - acc: 0.9600
1459/1459 [==============================] - 0s 26us/step - loss: 0.4149 - acc: 0.9575 - val_loss: 0.4202 - val_acc: 0.9571
Epoch 8/30

  50/1459 [>.............................] - ETA: 0s - loss: 0.3571 - acc: 1.0000
1459/1459 [==============================] - 0s 28us/step - loss: 0.3891 - acc: 0.9589 - val_loss: 0.3975 - val_acc: 0.9571
Epoch 9/30

  50/1459 [>.............................] - ETA: 0s - loss: 0.3538 - acc: 0.9800
1459/1459 [==============================] - 0s 27us/step - loss: 0.3667 - acc: 0.9630 - val_loss: 0.3801 - val_acc: 0.9571
Epoch 10/30

  50/1459 [>.............................] - ETA: 0s - loss: 0.3313 - acc: 0.9600
1459/1459 [==============================] - 0s 28us/step - loss: 0.3474 - acc: 0.9644 - val_loss: 0.3638 - val_acc: 0.9571
Epoch 11/30

  50/1459 [>.............................] - ETA: 0s - loss: 0.3514 - acc: 0.9600
1459/1459 [==============================] - 0s 27us/step - loss: 0.3303 - acc: 0.9650 - val_loss: 0.3501 - val_acc: 0.9632
Epoch 12/30

  50/1459 [>.............................] - ETA: 0s - loss: 0.3104 - acc: 0.9800
1459/1459 [==============================] - 0s 27us/step - loss: 0.3150 - acc: 0.9650 - val_loss: 0.3363 - val_acc: 0.9632
Epoch 13/30

  50/1459 [>.............................] - ETA: 0s - loss: 0.2797 - acc: 1.0000
1459/1459 [==============================] - 0s 27us/step - loss: 0.3012 - acc: 0.9664 - val_loss: 0.3261 - val_acc: 0.9571
Epoch 14/30

  50/1459 [>.............................] - ETA: 0s - loss: 0.2823 - acc: 0.9600
1459/1459 [==============================] - 0s 28us/step - loss: 0.2888 - acc: 0.9692 - val_loss: 0.3152 - val_acc: 0.9571
Epoch 15/30

  50/1459 [>.............................] - ETA: 0s - loss: 0.2582 - acc: 1.0000
1459/1459 [==============================] - 0s 28us/step - loss: 0.2772 - acc: 0.9712 - val_loss: 0.3057 - val_acc: 0.9571
Epoch 16/30

  50/1459 [>.............................] - ETA: 0s - loss: 0.2831 - acc: 0.9800
1459/1459 [==============================] - 0s 27us/step - loss: 0.2663 - acc: 0.9712 - val_loss: 0.2965 - val_acc: 0.9632
Epoch 17/30

  50/1459 [>.............................] - ETA: 0s - loss: 0.2808 - acc: 0.9600
1459/1459 [==============================] - 0s 28us/step - loss: 0.2561 - acc: 0.9712 - val_loss: 0.2881 - val_acc: 0.9693
Epoch 18/30

  50/1459 [>.............................] - ETA: 0s - loss: 0.2822 - acc: 0.9600
1459/1459 [==============================] - 0s 28us/step - loss: 0.2470 - acc: 0.9726 - val_loss: 0.2802 - val_acc: 0.9693
Epoch 19/30

  50/1459 [>.............................] - ETA: 0s - loss: 0.2630 - acc: 0.9800
1459/1459 [==============================] - 0s 29us/step - loss: 0.2382 - acc: 0.9740 - val_loss: 0.2730 - val_acc: 0.9693
Epoch 20/30

  50/1459 [>.............................] - ETA: 0s - loss: 0.2280 - acc: 1.0000
1459/1459 [==============================] - 0s 29us/step - loss: 0.2299 - acc: 0.9760 - val_loss: 0.2668 - val_acc: 0.9693
Epoch 21/30

  50/1459 [>.............................] - ETA: 0s - loss: 0.2476 - acc: 0.9800
1459/1459 [==============================] - 0s 28us/step - loss: 0.2223 - acc: 0.9753 - val_loss: 0.2604 - val_acc: 0.9693
Epoch 22/30

  50/1459 [>.............................] - ETA: 0s - loss: 0.2262 - acc: 0.9800
1459/1459 [==============================] - 0s 28us/step - loss: 0.2150 - acc: 0.9760 - val_loss: 0.2544 - val_acc: 0.9693
Epoch 23/30

  50/1459 [>.............................] - ETA: 0s - loss: 0.2177 - acc: 0.9600
1459/1459 [==============================] - 0s 29us/step - loss: 0.2077 - acc: 0.9760 - val_loss: 0.2489 - val_acc: 0.9693
Epoch 24/30

  50/1459 [>.............................] - ETA: 0s - loss: 0.2684 - acc: 0.9400
1459/1459 [==============================] - 0s 28us/step - loss: 0.2014 - acc: 0.9788 - val_loss: 0.2424 - val_acc: 0.9693
Epoch 25/30

  50/1459 [>.............................] - ETA: 0s - loss: 0.1963 - acc: 0.9800
1459/1459 [==============================] - 0s 29us/step - loss: 0.1951 - acc: 0.9801 - val_loss: 0.2378 - val_acc: 0.9693
Epoch 26/30

  50/1459 [>.............................] - ETA: 0s - loss: 0.1862 - acc: 1.0000
1459/1459 [==============================] - 0s 28us/step - loss: 0.1889 - acc: 0.9829 - val_loss: 0.2330 - val_acc: 0.9693
Epoch 27/30

  50/1459 [>.............................] - ETA: 0s - loss: 0.2118 - acc: 0.9400
1459/1459 [==============================] - 0s 29us/step - loss: 0.1832 - acc: 0.9836 - val_loss: 0.2280 - val_acc: 0.9693
Epoch 28/30

  50/1459 [>.............................] - ETA: 0s - loss: 0.1782 - acc: 1.0000
1459/1459 [==============================] - 0s 28us/step - loss: 0.1780 - acc: 0.9836 - val_loss: 0.2232 - val_acc: 0.9693
Epoch 29/30

  50/1459 [>.............................] - ETA: 0s - loss: 0.1664 - acc: 0.9800
1459/1459 [==============================] - 0s 27us/step - loss: 0.1728 - acc: 0.9836 - val_loss: 0.2193 - val_acc: 0.9755
Epoch 30/30

  50/1459 [>.............................] - ETA: 0s - loss: 0.1749 - acc: 0.9800
1459/1459 [==============================] - 0s 29us/step - loss: 0.1679 - acc: 0.9836 - val_loss: 0.2145 - val_acc: 0.9755
acc: 97.55%
Train on 1460 samples, validate on 162 samples
Epoch 1/30

  50/1460 [>.............................] - ETA: 19s - loss: 0.7045 - acc: 0.5000
1460/1460 [==============================] - 1s 554us/step - loss: 0.6756 - acc: 0.5842 - val_loss: 0.6417 - val_acc: 0.6420
Epoch 2/30

  50/1460 [>.............................] - ETA: 0s - loss: 0.6225 - acc: 0.6400
1460/1460 [==============================] - 0s 29us/step - loss: 0.5921 - acc: 0.7541 - val_loss: 0.5649 - val_acc: 0.7901
Epoch 3/30

  50/1460 [>.............................] - ETA: 0s - loss: 0.6103 - acc: 0.7200
1460/1460 [==============================] - 0s 28us/step - loss: 0.5147 - acc: 0.8390 - val_loss: 0.5001 - val_acc: 0.8580
Epoch 4/30

  50/1460 [>.............................] - ETA: 0s - loss: 0.4365 - acc: 0.9000
1460/1460 [==============================] - 0s 29us/step - loss: 0.4540 - acc: 0.8801 - val_loss: 0.4503 - val_acc: 0.8889
Epoch 5/30

  50/1460 [>.............................] - ETA: 0s - loss: 0.4509 - acc: 0.9200
1460/1460 [==============================] - 0s 30us/step - loss: 0.4091 - acc: 0.9089 - val_loss: 0.4099 - val_acc: 0.9074
Epoch 6/30

  50/1460 [>.............................] - ETA: 0s - loss: 0.3767 - acc: 0.9400
1460/1460 [==============================] - 0s 29us/step - loss: 0.3736 - acc: 0.9308 - val_loss: 0.3770 - val_acc: 0.9136
Epoch 7/30

  50/1460 [>.............................] - ETA: 0s - loss: 0.3598 - acc: 0.9400
1460/1460 [==============================] - 0s 26us/step - loss: 0.3460 - acc: 0.9397 - val_loss: 0.3522 - val_acc: 0.9383
Epoch 8/30

  50/1460 [>.............................] - ETA: 0s - loss: 0.3873 - acc: 0.9200
1460/1460 [==============================] - 0s 27us/step - loss: 0.3239 - acc: 0.9521 - val_loss: 0.3316 - val_acc: 0.9383
Epoch 9/30

  50/1460 [>.............................] - ETA: 0s - loss: 0.3599 - acc: 0.9600
1460/1460 [==============================] - 0s 26us/step - loss: 0.3055 - acc: 0.9534 - val_loss: 0.3155 - val_acc: 0.9383
Epoch 10/30

  50/1460 [>.............................] - ETA: 0s - loss: 0.3015 - acc: 0.9400
1460/1460 [==============================] - 0s 26us/step - loss: 0.2898 - acc: 0.9582 - val_loss: 0.2992 - val_acc: 0.9506
Epoch 11/30

  50/1460 [>.............................] - ETA: 0s - loss: 0.2871 - acc: 0.9800
1460/1460 [==============================] - 0s 27us/step - loss: 0.2764 - acc: 0.9603 - val_loss: 0.2842 - val_acc: 0.9568
Epoch 12/30

  50/1460 [>.............................] - ETA: 0s - loss: 0.2800 - acc: 0.9800
1460/1460 [==============================] - 0s 27us/step - loss: 0.2642 - acc: 0.9644 - val_loss: 0.2727 - val_acc: 0.9630
Epoch 13/30

  50/1460 [>.............................] - ETA: 0s - loss: 0.2800 - acc: 0.9800
1460/1460 [==============================] - 0s 28us/step - loss: 0.2527 - acc: 0.9658 - val_loss: 0.2600 - val_acc: 0.9630
Epoch 14/30

  50/1460 [>.............................] - ETA: 0s - loss: 0.2578 - acc: 0.9400
1460/1460 [==============================] - 0s 28us/step - loss: 0.2426 - acc: 0.9699 - val_loss: 0.2500 - val_acc: 0.9630
Epoch 15/30

  50/1460 [>.............................] - ETA: 0s - loss: 0.2927 - acc: 0.9600
1460/1460 [==============================] - 0s 28us/step - loss: 0.2331 - acc: 0.9692 - val_loss: 0.2394 - val_acc: 0.9691
Epoch 16/30

  50/1460 [>.............................] - ETA: 0s - loss: 0.2243 - acc: 0.9800
1460/1460 [==============================] - 0s 28us/step - loss: 0.2246 - acc: 0.9705 - val_loss: 0.2324 - val_acc: 0.9753
Epoch 17/30

  50/1460 [>.............................] - ETA: 0s - loss: 0.2379 - acc: 1.0000
1460/1460 [==============================] - 0s 29us/step - loss: 0.2167 - acc: 0.9733 - val_loss: 0.2237 - val_acc: 0.9753
Epoch 18/30

  50/1460 [>.............................] - ETA: 0s - loss: 0.2060 - acc: 0.9800
1460/1460 [==============================] - 0s 31us/step - loss: 0.2088 - acc: 0.9733 - val_loss: 0.2155 - val_acc: 0.9815
Epoch 19/30

  50/1460 [>.............................] - ETA: 0s - loss: 0.2637 - acc: 0.9600
1460/1460 [==============================] - 0s 30us/step - loss: 0.2019 - acc: 0.9747 - val_loss: 0.2088 - val_acc: 0.9753
Epoch 20/30

  50/1460 [>.............................] - ETA: 0s - loss: 0.1925 - acc: 1.0000
1400/1460 [===========================>..] - ETA: 0s - loss: 0.1954 - acc: 0.9757
1460/1460 [==============================] - 0s 39us/step - loss: 0.1955 - acc: 0.9760 - val_loss: 0.2017 - val_acc: 0.9753
Epoch 21/30

  50/1460 [>.............................] - ETA: 0s - loss: 0.1874 - acc: 1.0000
1460/1460 [==============================] - 0s 29us/step - loss: 0.1890 - acc: 0.9767 - val_loss: 0.1959 - val_acc: 0.9815
Epoch 22/30

  50/1460 [>.............................] - ETA: 0s - loss: 0.2101 - acc: 0.9600
1460/1460 [==============================] - 0s 28us/step - loss: 0.1829 - acc: 0.9767 - val_loss: 0.1906 - val_acc: 0.9815
Epoch 23/30

  50/1460 [>.............................] - ETA: 0s - loss: 0.1529 - acc: 1.0000
1460/1460 [==============================] - 0s 29us/step - loss: 0.1774 - acc: 0.9774 - val_loss: 0.1855 - val_acc: 0.9815
Epoch 24/30

  50/1460 [>.............................] - ETA: 0s - loss: 0.1489 - acc: 1.0000
1460/1460 [==============================] - 0s 29us/step - loss: 0.1717 - acc: 0.9767 - val_loss: 0.1802 - val_acc: 0.9815
Epoch 25/30

  50/1460 [>.............................] - ETA: 0s - loss: 0.1859 - acc: 0.9400
1460/1460 [==============================] - 0s 29us/step - loss: 0.1667 - acc: 0.9781 - val_loss: 0.1759 - val_acc: 0.9815
Epoch 26/30

  50/1460 [>.............................] - ETA: 0s - loss: 0.1360 - acc: 1.0000
1460/1460 [==============================] - 0s 28us/step - loss: 0.1616 - acc: 0.9781 - val_loss: 0.1713 - val_acc: 0.9815
Epoch 27/30

  50/1460 [>.............................] - ETA: 0s - loss: 0.1809 - acc: 0.9600
1460/1460 [==============================] - 0s 30us/step - loss: 0.1568 - acc: 0.9788 - val_loss: 0.1682 - val_acc: 0.9877
Epoch 28/30

  50/1460 [>.............................] - ETA: 0s - loss: 0.1292 - acc: 1.0000
1460/1460 [==============================] - 0s 29us/step - loss: 0.1526 - acc: 0.9815 - val_loss: 0.1639 - val_acc: 0.9877
Epoch 29/30

  50/1460 [>.............................] - ETA: 0s - loss: 0.1484 - acc: 1.0000
1460/1460 [==============================] - 0s 28us/step - loss: 0.1480 - acc: 0.9822 - val_loss: 0.1605 - val_acc: 0.9877
Epoch 30/30

  50/1460 [>.............................] - ETA: 0s - loss: 0.1394 - acc: 1.0000
1460/1460 [==============================] - 0s 28us/step - loss: 0.1440 - acc: 0.9836 - val_loss: 0.1586 - val_acc: 0.9877
acc: 98.77%
Train on 1460 samples, validate on 162 samples
Epoch 1/30

  50/1460 [>.............................] - ETA: 21s - loss: 0.6861 - acc: 0.4600
1460/1460 [==============================] - 1s 623us/step - loss: 0.6600 - acc: 0.5589 - val_loss: 0.6331 - val_acc: 0.6358
Epoch 2/30

  50/1460 [>.............................] - ETA: 0s - loss: 0.5984 - acc: 0.6200
1460/1460 [==============================] - 0s 30us/step - loss: 0.5837 - acc: 0.7363 - val_loss: 0.5611 - val_acc: 0.7840
Epoch 3/30

  50/1460 [>.............................] - ETA: 0s - loss: 0.5257 - acc: 0.7600
1460/1460 [==============================] - 0s 27us/step - loss: 0.5156 - acc: 0.8534 - val_loss: 0.4937 - val_acc: 0.8642
Epoch 4/30

  50/1460 [>.............................] - ETA: 0s - loss: 0.4601 - acc: 0.8800
1460/1460 [==============================] - 0s 29us/step - loss: 0.4575 - acc: 0.9089 - val_loss: 0.4410 - val_acc: 0.9136
Epoch 5/30

  50/1460 [>.............................] - ETA: 0s - loss: 0.3918 - acc: 0.9800
1460/1460 [==============================] - 0s 29us/step - loss: 0.4138 - acc: 0.9301 - val_loss: 0.4016 - val_acc: 0.9444
Epoch 6/30

  50/1460 [>.............................] - ETA: 0s - loss: 0.3980 - acc: 0.9400
1460/1460 [==============================] - 0s 27us/step - loss: 0.3801 - acc: 0.9418 - val_loss: 0.3715 - val_acc: 0.9444
Epoch 7/30

  50/1460 [>.............................] - ETA: 0s - loss: 0.4360 - acc: 0.8800
1460/1460 [==============================] - 0s 27us/step - loss: 0.3536 - acc: 0.9479 - val_loss: 0.3460 - val_acc: 0.9506
Epoch 8/30

  50/1460 [>.............................] - ETA: 0s - loss: 0.4097 - acc: 0.9000
1460/1460 [==============================] - 0s 27us/step - loss: 0.3318 - acc: 0.9534 - val_loss: 0.3274 - val_acc: 0.9506
Epoch 9/30

  50/1460 [>.............................] - ETA: 0s - loss: 0.3239 - acc: 0.9200
1460/1460 [==============================] - 0s 27us/step - loss: 0.3135 - acc: 0.9596 - val_loss: 0.3099 - val_acc: 0.9506
Epoch 10/30

  50/1460 [>.............................] - ETA: 0s - loss: 0.3333 - acc: 0.8800
1460/1460 [==============================] - 0s 27us/step - loss: 0.2973 - acc: 0.9644 - val_loss: 0.2967 - val_acc: 0.9568
Epoch 11/30

  50/1460 [>.............................] - ETA: 0s - loss: 0.2449 - acc: 0.9800
1460/1460 [==============================] - 0s 27us/step - loss: 0.2830 - acc: 0.9699 - val_loss: 0.2861 - val_acc: 0.9568
Epoch 12/30

  50/1460 [>.............................] - ETA: 0s - loss: 0.3201 - acc: 0.9200
1460/1460 [==============================] - 0s 28us/step - loss: 0.2702 - acc: 0.9712 - val_loss: 0.2751 - val_acc: 0.9506
Epoch 13/30

  50/1460 [>.............................] - ETA: 0s - loss: 0.2469 - acc: 0.9600
1460/1460 [==============================] - 0s 36us/step - loss: 0.2584 - acc: 0.9719 - val_loss: 0.2655 - val_acc: 0.9568
Epoch 14/30

  50/1460 [>.............................] - ETA: 0s - loss: 0.2422 - acc: 0.9800
1460/1460 [==============================] - 0s 30us/step - loss: 0.2471 - acc: 0.9733 - val_loss: 0.2582 - val_acc: 0.9506
Epoch 15/30

  50/1460 [>.............................] - ETA: 0s - loss: 0.2839 - acc: 0.9800
1460/1460 [==============================] - 0s 34us/step - loss: 0.2367 - acc: 0.9747 - val_loss: 0.2499 - val_acc: 0.9506
Epoch 16/30

  50/1460 [>.............................] - ETA: 0s - loss: 0.2013 - acc: 1.0000
1460/1460 [==============================] - 0s 32us/step - loss: 0.2267 - acc: 0.9740 - val_loss: 0.2406 - val_acc: 0.9568
Epoch 17/30

  50/1460 [>.............................] - ETA: 0s - loss: 0.1999 - acc: 1.0000
1460/1460 [==============================] - 0s 35us/step - loss: 0.2173 - acc: 0.9740 - val_loss: 0.2344 - val_acc: 0.9568
Epoch 18/30

  50/1460 [>.............................] - ETA: 0s - loss: 0.2442 - acc: 0.9800
1460/1460 [==============================] - 0s 32us/step - loss: 0.2089 - acc: 0.9753 - val_loss: 0.2274 - val_acc: 0.9568
Epoch 19/30

  50/1460 [>.............................] - ETA: 0s - loss: 0.1672 - acc: 1.0000
1460/1460 [==============================] - 0s 32us/step - loss: 0.2006 - acc: 0.9767 - val_loss: 0.2222 - val_acc: 0.9568
Epoch 20/30

  50/1460 [>.............................] - ETA: 0s - loss: 0.1674 - acc: 1.0000
1460/1460 [==============================] - 0s 32us/step - loss: 0.1931 - acc: 0.9774 - val_loss: 0.2161 - val_acc: 0.9568
Epoch 21/30

  50/1460 [>.............................] - ETA: 0s - loss: 0.1781 - acc: 0.9800
1460/1460 [==============================] - 0s 33us/step - loss: 0.1863 - acc: 0.9774 - val_loss: 0.2117 - val_acc: 0.9568
Epoch 22/30

  50/1460 [>.............................] - ETA: 0s - loss: 0.1918 - acc: 0.9800
1460/1460 [==============================] - 0s 32us/step - loss: 0.1795 - acc: 0.9795 - val_loss: 0.2052 - val_acc: 0.9568
Epoch 23/30

  50/1460 [>.............................] - ETA: 0s - loss: 0.1559 - acc: 0.9800
1400/1460 [===========================>..] - ETA: 0s - loss: 0.1712 - acc: 0.9800
1460/1460 [==============================] - 0s 40us/step - loss: 0.1734 - acc: 0.9781 - val_loss: 0.2004 - val_acc: 0.9568
Epoch 24/30

  50/1460 [>.............................] - ETA: 0s - loss: 0.1733 - acc: 0.9800
1460/1460 [==============================] - 0s 34us/step - loss: 0.1677 - acc: 0.9795 - val_loss: 0.1977 - val_acc: 0.9568
Epoch 25/30

  50/1460 [>.............................] - ETA: 0s - loss: 0.1543 - acc: 1.0000
1460/1460 [==============================] - 0s 31us/step - loss: 0.1619 - acc: 0.9808 - val_loss: 0.1928 - val_acc: 0.9568
Epoch 26/30

  50/1460 [>.............................] - ETA: 0s - loss: 0.1545 - acc: 0.9600
1350/1460 [==========================>...] - ETA: 0s - loss: 0.1531 - acc: 0.9837
1460/1460 [==============================] - 0s 43us/step - loss: 0.1566 - acc: 0.9822 - val_loss: 0.1873 - val_acc: 0.9568
Epoch 27/30

  50/1460 [>.............................] - ETA: 0s - loss: 0.1314 - acc: 1.0000
1250/1460 [========================>.....] - ETA: 0s - loss: 0.1522 - acc: 0.9832
1460/1460 [==============================] - 0s 45us/step - loss: 0.1520 - acc: 0.9829 - val_loss: 0.1835 - val_acc: 0.9630
Epoch 28/30

  50/1460 [>.............................] - ETA: 0s - loss: 0.1632 - acc: 0.9800
1350/1460 [==========================>...] - ETA: 0s - loss: 0.1450 - acc: 0.9844
1460/1460 [==============================] - 0s 41us/step - loss: 0.1472 - acc: 0.9829 - val_loss: 0.1794 - val_acc: 0.9568
Epoch 29/30

  50/1460 [>.............................] - ETA: 0s - loss: 0.1200 - acc: 1.0000
1460/1460 [==============================] - 0s 34us/step - loss: 0.1427 - acc: 0.9829 - val_loss: 0.1755 - val_acc: 0.9568
Epoch 30/30

  50/1460 [>.............................] - ETA: 0s - loss: 0.1532 - acc: 0.9600
1460/1460 [==============================] - 0s 30us/step - loss: 0.1387 - acc: 0.9829 - val_loss: 0.1718 - val_acc: 0.9568
acc: 95.68%
Train on 1460 samples, validate on 162 samples
Epoch 1/30

  50/1460 [>.............................] - ETA: 26s - loss: 0.6947 - acc: 0.4800
1460/1460 [==============================] - 1s 750us/step - loss: 0.6796 - acc: 0.6432 - val_loss: 0.6599 - val_acc: 0.7778
Epoch 2/30

  50/1460 [>.............................] - ETA: 0s - loss: 0.6583 - acc: 0.7000
1460/1460 [==============================] - 0s 31us/step - loss: 0.6475 - acc: 0.7986 - val_loss: 0.6226 - val_acc: 0.8395
Epoch 3/30

  50/1460 [>.............................] - ETA: 0s - loss: 0.6226 - acc: 0.9000
1460/1460 [==============================] - 0s 28us/step - loss: 0.6049 - acc: 0.8616 - val_loss: 0.5769 - val_acc: 0.8642
Epoch 4/30

  50/1460 [>.............................] - ETA: 0s - loss: 0.5633 - acc: 0.9000
1460/1460 [==============================] - 0s 28us/step - loss: 0.5603 - acc: 0.8863 - val_loss: 0.5369 - val_acc: 0.9444
Epoch 5/30

  50/1460 [>.............................] - ETA: 0s - loss: 0.5312 - acc: 0.9600
1460/1460 [==============================] - 0s 28us/step - loss: 0.5230 - acc: 0.9116 - val_loss: 0.5047 - val_acc: 0.9630
Epoch 6/30

  50/1460 [>.............................] - ETA: 0s - loss: 0.4911 - acc: 0.9600
1460/1460 [==============================] - 0s 29us/step - loss: 0.4929 - acc: 0.9281 - val_loss: 0.4777 - val_acc: 0.9691
Epoch 7/30

  50/1460 [>.............................] - ETA: 0s - loss: 0.4750 - acc: 0.9600
1460/1460 [==============================] - 0s 28us/step - loss: 0.4666 - acc: 0.9370 - val_loss: 0.4544 - val_acc: 0.9630
Epoch 8/30

  50/1460 [>.............................] - ETA: 0s - loss: 0.4553 - acc: 0.9400
1460/1460 [==============================] - 0s 30us/step - loss: 0.4431 - acc: 0.9452 - val_loss: 0.4336 - val_acc: 0.9630
Epoch 9/30

  50/1460 [>.............................] - ETA: 0s - loss: 0.4351 - acc: 0.9200
1460/1460 [==============================] - 0s 29us/step - loss: 0.4212 - acc: 0.9541 - val_loss: 0.4139 - val_acc: 0.9753
Epoch 10/30

  50/1460 [>.............................] - ETA: 0s - loss: 0.4253 - acc: 0.9600
1460/1460 [==============================] - 0s 30us/step - loss: 0.4010 - acc: 0.9596 - val_loss: 0.3973 - val_acc: 0.9815
Epoch 11/30

  50/1460 [>.............................] - ETA: 0s - loss: 0.3566 - acc: 0.9800
1460/1460 [==============================] - 0s 28us/step - loss: 0.3820 - acc: 0.9671 - val_loss: 0.3816 - val_acc: 0.9753
Epoch 12/30

  50/1460 [>.............................] - ETA: 0s - loss: 0.3829 - acc: 0.9600
1460/1460 [==============================] - 0s 28us/step - loss: 0.3647 - acc: 0.9678 - val_loss: 0.3650 - val_acc: 0.9753
Epoch 13/30

  50/1460 [>.............................] - ETA: 0s - loss: 0.3447 - acc: 0.9800
1460/1460 [==============================] - 0s 30us/step - loss: 0.3486 - acc: 0.9712 - val_loss: 0.3518 - val_acc: 0.9691
Epoch 14/30

  50/1460 [>.............................] - ETA: 0s - loss: 0.3502 - acc: 0.9600
1460/1460 [==============================] - 0s 28us/step - loss: 0.3340 - acc: 0.9733 - val_loss: 0.3387 - val_acc: 0.9815
Epoch 15/30

  50/1460 [>.............................] - ETA: 0s - loss: 0.2838 - acc: 1.0000
1460/1460 [==============================] - 0s 28us/step - loss: 0.3196 - acc: 0.9733 - val_loss: 0.3259 - val_acc: 0.9815
Epoch 16/30

  50/1460 [>.............................] - ETA: 0s - loss: 0.3189 - acc: 0.9600
1460/1460 [==============================] - 0s 28us/step - loss: 0.3066 - acc: 0.9740 - val_loss: 0.3153 - val_acc: 0.9815
Epoch 17/30

  50/1460 [>.............................] - ETA: 0s - loss: 0.2942 - acc: 0.9800
1460/1460 [==============================] - 0s 28us/step - loss: 0.2946 - acc: 0.9753 - val_loss: 0.3040 - val_acc: 0.9815
Epoch 18/30

  50/1460 [>.............................] - ETA: 0s - loss: 0.2831 - acc: 0.9800
1460/1460 [==============================] - 0s 28us/step - loss: 0.2833 - acc: 0.9747 - val_loss: 0.2932 - val_acc: 0.9815
Epoch 19/30

  50/1460 [>.............................] - ETA: 0s - loss: 0.2929 - acc: 0.9600
1460/1460 [==============================] - 0s 27us/step - loss: 0.2725 - acc: 0.9760 - val_loss: 0.2835 - val_acc: 0.9815
Epoch 20/30

  50/1460 [>.............................] - ETA: 0s - loss: 0.2611 - acc: 1.0000
1460/1460 [==============================] - 0s 28us/step - loss: 0.2626 - acc: 0.9767 - val_loss: 0.2749 - val_acc: 0.9753
Epoch 21/30

  50/1460 [>.............................] - ETA: 0s - loss: 0.2497 - acc: 0.9600
1460/1460 [==============================] - 0s 28us/step - loss: 0.2534 - acc: 0.9788 - val_loss: 0.2660 - val_acc: 0.9815
Epoch 22/30

  50/1460 [>.............................] - ETA: 0s - loss: 0.2490 - acc: 0.9800
1460/1460 [==============================] - 0s 30us/step - loss: 0.2442 - acc: 0.9781 - val_loss: 0.2583 - val_acc: 0.9815
Epoch 23/30

  50/1460 [>.............................] - ETA: 0s - loss: 0.2311 - acc: 0.9600
1460/1460 [==============================] - 0s 35us/step - loss: 0.2362 - acc: 0.9774 - val_loss: 0.2513 - val_acc: 0.9815
Epoch 24/30

  50/1460 [>.............................] - ETA: 0s - loss: 0.2191 - acc: 0.9800
1460/1460 [==============================] - 0s 33us/step - loss: 0.2282 - acc: 0.9795 - val_loss: 0.2450 - val_acc: 0.9815
Epoch 25/30

  50/1460 [>.............................] - ETA: 0s - loss: 0.2130 - acc: 0.9600
1450/1460 [============================>.] - ETA: 0s - loss: 0.2208 - acc: 0.9807
1460/1460 [==============================] - 0s 39us/step - loss: 0.2206 - acc: 0.9808 - val_loss: 0.2377 - val_acc: 0.9815
Epoch 26/30

  50/1460 [>.............................] - ETA: 0s - loss: 0.2604 - acc: 0.9400
1400/1460 [===========================>..] - ETA: 0s - loss: 0.2158 - acc: 0.9814
1460/1460 [==============================] - 0s 40us/step - loss: 0.2136 - acc: 0.9822 - val_loss: 0.2318 - val_acc: 0.9815
acc: 98.15%
Train on 1460 samples, validate on 162 samples
Epoch 1/30

  50/1460 [>.............................] - ETA: 27s - loss: 0.6769 - acc: 0.5200
1460/1460 [==============================] - 1s 777us/step - loss: 0.6686 - acc: 0.5760 - val_loss: 0.6064 - val_acc: 0.7222
Epoch 2/30

  50/1460 [>.............................] - ETA: 0s - loss: 0.6100 - acc: 0.7600
1460/1460 [==============================] - 0s 31us/step - loss: 0.5834 - acc: 0.7836 - val_loss: 0.5340 - val_acc: 0.8210
Epoch 3/30

  50/1460 [>.............................] - ETA: 0s - loss: 0.5323 - acc: 0.8800
1460/1460 [==============================] - 0s 30us/step - loss: 0.5129 - acc: 0.8582 - val_loss: 0.4689 - val_acc: 0.8889
Epoch 4/30

  50/1460 [>.............................] - ETA: 0s - loss: 0.4919 - acc: 0.8200
1460/1460 [==============================] - 0s 28us/step - loss: 0.4551 - acc: 0.8966 - val_loss: 0.4216 - val_acc: 0.9198
Epoch 5/30

  50/1460 [>.............................] - ETA: 0s - loss: 0.4280 - acc: 0.9400
1460/1460 [==============================] - 0s 29us/step - loss: 0.4119 - acc: 0.9315 - val_loss: 0.3859 - val_acc: 0.9136
Epoch 6/30

  50/1460 [>.............................] - ETA: 0s - loss: 0.4179 - acc: 0.9000
1460/1460 [==============================] - 0s 29us/step - loss: 0.3788 - acc: 0.9432 - val_loss: 0.3562 - val_acc: 0.9259
Epoch 7/30

  50/1460 [>.............................] - ETA: 0s - loss: 0.3770 - acc: 0.9000
1460/1460 [==============================] - 0s 29us/step - loss: 0.3518 - acc: 0.9493 - val_loss: 0.3364 - val_acc: 0.9259
Epoch 8/30

  50/1460 [>.............................] - ETA: 0s - loss: 0.3328 - acc: 0.9800
1460/1460 [==============================] - 0s 27us/step - loss: 0.3286 - acc: 0.9548 - val_loss: 0.3182 - val_acc: 0.9383
Epoch 9/30

  50/1460 [>.............................] - ETA: 0s - loss: 0.2924 - acc: 1.0000
1460/1460 [==============================] - 0s 26us/step - loss: 0.3089 - acc: 0.9582 - val_loss: 0.3020 - val_acc: 0.9506
Epoch 10/30

  50/1460 [>.............................] - ETA: 0s - loss: 0.2960 - acc: 0.9800
1460/1460 [==============================] - 0s 26us/step - loss: 0.2920 - acc: 0.9637 - val_loss: 0.2889 - val_acc: 0.9506
Epoch 11/30

  50/1460 [>.............................] - ETA: 0s - loss: 0.2691 - acc: 0.9400
1460/1460 [==============================] - 0s 28us/step - loss: 0.2765 - acc: 0.9644 - val_loss: 0.2795 - val_acc: 0.9506
Epoch 12/30

  50/1460 [>.............................] - ETA: 0s - loss: 0.2530 - acc: 0.9800
1460/1460 [==============================] - 0s 28us/step - loss: 0.2633 - acc: 0.9678 - val_loss: 0.2670 - val_acc: 0.9568
Epoch 13/30

  50/1460 [>.............................] - ETA: 0s - loss: 0.3240 - acc: 0.9000
1460/1460 [==============================] - 0s 28us/step - loss: 0.2514 - acc: 0.9712 - val_loss: 0.2591 - val_acc: 0.9568
Epoch 14/30

  50/1460 [>.............................] - ETA: 0s - loss: 0.2038 - acc: 1.0000
1460/1460 [==============================] - 0s 28us/step - loss: 0.2405 - acc: 0.9712 - val_loss: 0.2500 - val_acc: 0.9568
Epoch 15/30

  50/1460 [>.............................] - ETA: 0s - loss: 0.2312 - acc: 0.9800
1460/1460 [==============================] - 0s 31us/step - loss: 0.2304 - acc: 0.9740 - val_loss: 0.2430 - val_acc: 0.9506
Epoch 16/30

  50/1460 [>.............................] - ETA: 0s - loss: 0.1791 - acc: 1.0000
1460/1460 [==============================] - 0s 31us/step - loss: 0.2213 - acc: 0.9733 - val_loss: 0.2351 - val_acc: 0.9506
Epoch 17/30

  50/1460 [>.............................] - ETA: 0s - loss: 0.2352 - acc: 0.9800
1460/1460 [==============================] - 0s 30us/step - loss: 0.2131 - acc: 0.9747 - val_loss: 0.2262 - val_acc: 0.9568
Epoch 18/30

  50/1460 [>.............................] - ETA: 0s - loss: 0.2568 - acc: 0.9400
1460/1460 [==============================] - 0s 30us/step - loss: 0.2052 - acc: 0.9740 - val_loss: 0.2207 - val_acc: 0.9568
Epoch 19/30

  50/1460 [>.............................] - ETA: 0s - loss: 0.2011 - acc: 0.9800
1460/1460 [==============================] - 0s 29us/step - loss: 0.1980 - acc: 0.9774 - val_loss: 0.2148 - val_acc: 0.9568
Epoch 20/30

  50/1460 [>.............................] - ETA: 0s - loss: 0.1692 - acc: 1.0000
1460/1460 [==============================] - 0s 30us/step - loss: 0.1912 - acc: 0.9774 - val_loss: 0.2092 - val_acc: 0.9568
Epoch 21/30

  50/1460 [>.............................] - ETA: 0s - loss: 0.1657 - acc: 0.9800
1460/1460 [==============================] - 0s 30us/step - loss: 0.1848 - acc: 0.9788 - val_loss: 0.2049 - val_acc: 0.9568
Epoch 22/30

  50/1460 [>.............................] - ETA: 0s - loss: 0.1848 - acc: 1.0000
1460/1460 [==============================] - 0s 29us/step - loss: 0.1788 - acc: 0.9795 - val_loss: 0.2002 - val_acc: 0.9568
Epoch 23/30

  50/1460 [>.............................] - ETA: 0s - loss: 0.1829 - acc: 0.9600
1460/1460 [==============================] - 0s 29us/step - loss: 0.1732 - acc: 0.9815 - val_loss: 0.1955 - val_acc: 0.9568
Epoch 24/30

  50/1460 [>.............................] - ETA: 0s - loss: 0.2109 - acc: 0.9800
1460/1460 [==============================] - 0s 29us/step - loss: 0.1678 - acc: 0.9808 - val_loss: 0.1907 - val_acc: 0.9506
Epoch 25/30

  50/1460 [>.............................] - ETA: 0s - loss: 0.1866 - acc: 0.9600
1460/1460 [==============================] - 0s 28us/step - loss: 0.1629 - acc: 0.9829 - val_loss: 0.1860 - val_acc: 0.9506
Epoch 26/30

  50/1460 [>.............................] - ETA: 0s - loss: 0.1512 - acc: 1.0000
1460/1460 [==============================] - 0s 28us/step - loss: 0.1582 - acc: 0.9829 - val_loss: 0.1833 - val_acc: 0.9506
Epoch 27/30

  50/1460 [>.............................] - ETA: 0s - loss: 0.1327 - acc: 1.0000
1460/1460 [==============================] - 0s 28us/step - loss: 0.1535 - acc: 0.9836 - val_loss: 0.1789 - val_acc: 0.9506
Epoch 28/30

  50/1460 [>.............................] - ETA: 0s - loss: 0.2162 - acc: 0.9600
1460/1460 [==============================] - 0s 28us/step - loss: 0.1488 - acc: 0.9829 - val_loss: 0.1774 - val_acc: 0.9506
acc: 95.68%
Train on 1460 samples, validate on 162 samples
Epoch 1/30

  50/1460 [>.............................] - ETA: 30s - loss: 0.7070 - acc: 0.5200
1460/1460 [==============================] - 1s 863us/step - loss: 0.6566 - acc: 0.6459 - val_loss: 0.5966 - val_acc: 0.7901
Epoch 2/30

  50/1460 [>.............................] - ETA: 0s - loss: 0.6320 - acc: 0.6800
1460/1460 [==============================] - 0s 34us/step - loss: 0.5658 - acc: 0.8192 - val_loss: 0.5079 - val_acc: 0.8642
Epoch 3/30

  50/1460 [>.............................] - ETA: 0s - loss: 0.4719 - acc: 0.9000
1460/1460 [==============================] - 0s 30us/step - loss: 0.4844 - acc: 0.8740 - val_loss: 0.4375 - val_acc: 0.9198
Epoch 4/30

  50/1460 [>.............................] - ETA: 0s - loss: 0.4448 - acc: 0.9000
1460/1460 [==============================] - 0s 29us/step - loss: 0.4260 - acc: 0.8952 - val_loss: 0.3938 - val_acc: 0.9259
Epoch 5/30

  50/1460 [>.............................] - ETA: 0s - loss: 0.3556 - acc: 0.9400
1460/1460 [==============================] - 0s 29us/step - loss: 0.3858 - acc: 0.9096 - val_loss: 0.3662 - val_acc: 0.9259
Epoch 6/30

  50/1460 [>.............................] - ETA: 0s - loss: 0.3447 - acc: 0.9600
1460/1460 [==============================] - 0s 29us/step - loss: 0.3568 - acc: 0.9205 - val_loss: 0.3467 - val_acc: 0.9259
Epoch 7/30

  50/1460 [>.............................] - ETA: 0s - loss: 0.3328 - acc: 0.9200
1460/1460 [==============================] - 0s 29us/step - loss: 0.3336 - acc: 0.9301 - val_loss: 0.3303 - val_acc: 0.9321
Epoch 8/30

  50/1460 [>.............................] - ETA: 0s - loss: 0.2612 - acc: 0.9600
1460/1460 [==============================] - 0s 29us/step - loss: 0.3144 - acc: 0.9384 - val_loss: 0.3178 - val_acc: 0.9383
Epoch 9/30

  50/1460 [>.............................] - ETA: 0s - loss: 0.3228 - acc: 0.9200
1460/1460 [==============================] - 0s 28us/step - loss: 0.2985 - acc: 0.9438 - val_loss: 0.3067 - val_acc: 0.9444
Epoch 10/30

  50/1460 [>.............................] - ETA: 0s - loss: 0.2845 - acc: 0.9400
1460/1460 [==============================] - 0s 29us/step - loss: 0.2847 - acc: 0.9521 - val_loss: 0.2962 - val_acc: 0.9506
Epoch 11/30

  50/1460 [>.............................] - ETA: 0s - loss: 0.2371 - acc: 1.0000
1460/1460 [==============================] - 0s 31us/step - loss: 0.2715 - acc: 0.9534 - val_loss: 0.2876 - val_acc: 0.9568
Epoch 12/30

  50/1460 [>.............................] - ETA: 0s - loss: 0.3186 - acc: 0.9000
1460/1460 [==============================] - 0s 30us/step - loss: 0.2601 - acc: 0.9568 - val_loss: 0.2799 - val_acc: 0.9568
Epoch 13/30

  50/1460 [>.............................] - ETA: 0s - loss: 0.2796 - acc: 0.9400
1460/1460 [==============================] - 0s 32us/step - loss: 0.2499 - acc: 0.9589 - val_loss: 0.2742 - val_acc: 0.9568
Epoch 14/30

  50/1460 [>.............................] - ETA: 0s - loss: 0.1952 - acc: 1.0000
1460/1460 [==============================] - 0s 32us/step - loss: 0.2393 - acc: 0.9616 - val_loss: 0.2661 - val_acc: 0.9568
Epoch 15/30

  50/1460 [>.............................] - ETA: 0s - loss: 0.2047 - acc: 0.9600
1460/1460 [==============================] - 0s 32us/step - loss: 0.2304 - acc: 0.9637 - val_loss: 0.2607 - val_acc: 0.9568
Epoch 16/30

  50/1460 [>.............................] - ETA: 0s - loss: 0.2107 - acc: 0.9800
1460/1460 [==============================] - 0s 31us/step - loss: 0.2218 - acc: 0.9685 - val_loss: 0.2551 - val_acc: 0.9568
Epoch 17/30

  50/1460 [>.............................] - ETA: 0s - loss: 0.2001 - acc: 1.0000
1460/1460 [==============================] - 0s 30us/step - loss: 0.2143 - acc: 0.9705 - val_loss: 0.2506 - val_acc: 0.9568
Epoch 18/30

  50/1460 [>.............................] - ETA: 0s - loss: 0.2318 - acc: 0.9400
1460/1460 [==============================] - 0s 31us/step - loss: 0.2067 - acc: 0.9712 - val_loss: 0.2455 - val_acc: 0.9568
Epoch 19/30

  50/1460 [>.............................] - ETA: 0s - loss: 0.2033 - acc: 0.9600
1460/1460 [==============================] - 0s 31us/step - loss: 0.1999 - acc: 0.9719 - val_loss: 0.2418 - val_acc: 0.9568
Epoch 20/30

  50/1460 [>.............................] - ETA: 0s - loss: 0.1545 - acc: 0.9800
1460/1460 [==============================] - 0s 29us/step - loss: 0.1934 - acc: 0.9760 - val_loss: 0.2380 - val_acc: 0.9568
Epoch 21/30

  50/1460 [>.............................] - ETA: 0s - loss: 0.1740 - acc: 1.0000
1460/1460 [==============================] - 0s 29us/step - loss: 0.1870 - acc: 0.9747 - val_loss: 0.2338 - val_acc: 0.9568
Epoch 22/30

  50/1460 [>.............................] - ETA: 0s - loss: 0.1937 - acc: 0.9600
1460/1460 [==============================] - 0s 28us/step - loss: 0.1815 - acc: 0.9767 - val_loss: 0.2302 - val_acc: 0.9506
Epoch 23/30

  50/1460 [>.............................] - ETA: 0s - loss: 0.1677 - acc: 0.9800
1460/1460 [==============================] - 0s 29us/step - loss: 0.1754 - acc: 0.9781 - val_loss: 0.2271 - val_acc: 0.9506
Epoch 24/30

  50/1460 [>.............................] - ETA: 0s - loss: 0.1697 - acc: 0.9800
1460/1460 [==============================] - 0s 28us/step - loss: 0.1706 - acc: 0.9781 - val_loss: 0.2245 - val_acc: 0.9506
Epoch 25/30

  50/1460 [>.............................] - ETA: 0s - loss: 0.1396 - acc: 1.0000
1460/1460 [==============================] - 0s 29us/step - loss: 0.1657 - acc: 0.9795 - val_loss: 0.2199 - val_acc: 0.9506
Epoch 26/30

  50/1460 [>.............................] - ETA: 0s - loss: 0.2021 - acc: 0.9600
1460/1460 [==============================] - 0s 28us/step - loss: 0.1605 - acc: 0.9788 - val_loss: 0.2176 - val_acc: 0.9506
Epoch 27/30

  50/1460 [>.............................] - ETA: 0s - loss: 0.1667 - acc: 0.9800
1460/1460 [==============================] - 0s 29us/step - loss: 0.1564 - acc: 0.9801 - val_loss: 0.2149 - val_acc: 0.9506
acc: 95.68%
Train on 1460 samples, validate on 162 samples
Epoch 1/30

  50/1460 [>.............................] - ETA: 34s - loss: 0.7619 - acc: 0.3800
1460/1460 [==============================] - 1s 973us/step - loss: 0.6844 - acc: 0.5342 - val_loss: 0.6352 - val_acc: 0.6173
Epoch 2/30

  50/1460 [>.............................] - ETA: 0s - loss: 0.6544 - acc: 0.6200
1460/1460 [==============================] - 0s 30us/step - loss: 0.6185 - acc: 0.6623 - val_loss: 0.5810 - val_acc: 0.7222
Epoch 3/30

  50/1460 [>.............................] - ETA: 0s - loss: 0.6032 - acc: 0.6800
1460/1460 [==============================] - 0s 28us/step - loss: 0.5515 - acc: 0.7432 - val_loss: 0.5314 - val_acc: 0.7531
Epoch 4/30

  50/1460 [>.............................] - ETA: 0s - loss: 0.4797 - acc: 0.7600
1460/1460 [==============================] - 0s 27us/step - loss: 0.4986 - acc: 0.7890 - val_loss: 0.4955 - val_acc: 0.7716
Epoch 5/30

  50/1460 [>.............................] - ETA: 0s - loss: 0.4798 - acc: 0.8000
1460/1460 [==============================] - 0s 29us/step - loss: 0.4595 - acc: 0.8089 - val_loss: 0.4677 - val_acc: 0.7901
Epoch 6/30

  50/1460 [>.............................] - ETA: 0s - loss: 0.4415 - acc: 0.8000
1460/1460 [==============================] - 0s 29us/step - loss: 0.4287 - acc: 0.8274 - val_loss: 0.4458 - val_acc: 0.7901
Epoch 7/30

  50/1460 [>.............................] - ETA: 0s - loss: 0.4204 - acc: 0.8000
1460/1460 [==============================] - 0s 28us/step - loss: 0.4022 - acc: 0.8493 - val_loss: 0.4243 - val_acc: 0.8086
Epoch 8/30

  50/1460 [>.............................] - ETA: 0s - loss: 0.4110 - acc: 0.8000
1460/1460 [==============================] - 0s 31us/step - loss: 0.3795 - acc: 0.8664 - val_loss: 0.4072 - val_acc: 0.8272
Epoch 9/30

  50/1460 [>.............................] - ETA: 0s - loss: 0.3247 - acc: 0.9400
1460/1460 [==============================] - 0s 29us/step - loss: 0.3596 - acc: 0.8781 - val_loss: 0.3903 - val_acc: 0.8272
Epoch 10/30

  50/1460 [>.............................] - ETA: 0s - loss: 0.2909 - acc: 1.0000
1460/1460 [==============================] - 0s 28us/step - loss: 0.3421 - acc: 0.8870 - val_loss: 0.3761 - val_acc: 0.8457
Epoch 11/30

  50/1460 [>.............................] - ETA: 0s - loss: 0.3235 - acc: 0.9000
1460/1460 [==============================] - 0s 28us/step - loss: 0.3269 - acc: 0.8979 - val_loss: 0.3611 - val_acc: 0.8457
Epoch 12/30

  50/1460 [>.............................] - ETA: 0s - loss: 0.3266 - acc: 0.8600
1460/1460 [==============================] - 0s 32us/step - loss: 0.3130 - acc: 0.9055 - val_loss: 0.3481 - val_acc: 0.8457
Epoch 13/30

  50/1460 [>.............................] - ETA: 0s - loss: 0.3412 - acc: 0.8400
1460/1460 [==============================] - 0s 30us/step - loss: 0.3001 - acc: 0.9158 - val_loss: 0.3358 - val_acc: 0.8704
Epoch 14/30

  50/1460 [>.............................] - ETA: 0s - loss: 0.3070 - acc: 0.9000
1460/1460 [==============================] - 0s 30us/step - loss: 0.2889 - acc: 0.9233 - val_loss: 0.3260 - val_acc: 0.8827
Epoch 15/30

  50/1460 [>.............................] - ETA: 0s - loss: 0.2517 - acc: 0.9800
1460/1460 [==============================] - 0s 30us/step - loss: 0.2778 - acc: 0.9322 - val_loss: 0.3165 - val_acc: 0.9012
Epoch 16/30

  50/1460 [>.............................] - ETA: 0s - loss: 0.2704 - acc: 0.9600
1460/1460 [==============================] - 0s 30us/step - loss: 0.2676 - acc: 0.9356 - val_loss: 0.3068 - val_acc: 0.9012
Epoch 17/30

  50/1460 [>.............................] - ETA: 0s - loss: 0.2015 - acc: 0.9600
1460/1460 [==============================] - 0s 30us/step - loss: 0.2579 - acc: 0.9404 - val_loss: 0.2993 - val_acc: 0.9074
Epoch 18/30

  50/1460 [>.............................] - ETA: 0s - loss: 0.2640 - acc: 0.9200
1460/1460 [==============================] - 0s 31us/step - loss: 0.2490 - acc: 0.9466 - val_loss: 0.2905 - val_acc: 0.9136
Epoch 19/30

  50/1460 [>.............................] - ETA: 0s - loss: 0.2475 - acc: 0.9400
1460/1460 [==============================] - 0s 30us/step - loss: 0.2411 - acc: 0.9507 - val_loss: 0.2842 - val_acc: 0.9136
Epoch 20/30

  50/1460 [>.............................] - ETA: 0s - loss: 0.2083 - acc: 0.9600
1460/1460 [==============================] - 0s 30us/step - loss: 0.2336 - acc: 0.9541 - val_loss: 0.2766 - val_acc: 0.9198
Epoch 21/30

  50/1460 [>.............................] - ETA: 0s - loss: 0.1648 - acc: 0.9800
1460/1460 [==============================] - 0s 33us/step - loss: 0.2263 - acc: 0.9548 - val_loss: 0.2703 - val_acc: 0.9321
Epoch 22/30

  50/1460 [>.............................] - ETA: 0s - loss: 0.2214 - acc: 0.9600
1460/1460 [==============================] - 0s 29us/step - loss: 0.2194 - acc: 0.9562 - val_loss: 0.2636 - val_acc: 0.9321
Epoch 23/30

  50/1460 [>.............................] - ETA: 0s - loss: 0.2799 - acc: 0.9600
1460/1460 [==============================] - 0s 30us/step - loss: 0.2127 - acc: 0.9596 - val_loss: 0.2566 - val_acc: 0.9321
Epoch 24/30

  50/1460 [>.............................] - ETA: 0s - loss: 0.2128 - acc: 0.9800
1460/1460 [==============================] - 0s 30us/step - loss: 0.2059 - acc: 0.9603 - val_loss: 0.2503 - val_acc: 0.9383
Epoch 25/30

  50/1460 [>.............................] - ETA: 0s - loss: 0.1959 - acc: 0.9400
1460/1460 [==============================] - 0s 30us/step - loss: 0.1993 - acc: 0.9616 - val_loss: 0.2453 - val_acc: 0.9383
Epoch 26/30

  50/1460 [>.............................] - ETA: 0s - loss: 0.2428 - acc: 0.9400
1460/1460 [==============================] - 0s 30us/step - loss: 0.1931 - acc: 0.9658 - val_loss: 0.2405 - val_acc: 0.9383
Epoch 27/30

  50/1460 [>.............................] - ETA: 0s - loss: 0.1900 - acc: 0.9800
1460/1460 [==============================] - 0s 30us/step - loss: 0.1871 - acc: 0.9671 - val_loss: 0.2365 - val_acc: 0.9383
Epoch 28/30

  50/1460 [>.............................] - ETA: 0s - loss: 0.1661 - acc: 1.0000
1460/1460 [==============================] - 0s 30us/step - loss: 0.1813 - acc: 0.9678 - val_loss: 0.2326 - val_acc: 0.9383
Epoch 29/30

  50/1460 [>.............................] - ETA: 0s - loss: 0.1249 - acc: 1.0000
1460/1460 [==============================] - 0s 29us/step - loss: 0.1757 - acc: 0.9685 - val_loss: 0.2285 - val_acc: 0.9444
Epoch 30/30

  50/1460 [>.............................] - ETA: 0s - loss: 0.1978 - acc: 0.9400
1460/1460 [==============================] - 0s 30us/step - loss: 0.1706 - acc: 0.9726 - val_loss: 0.2236 - val_acc: 0.9444
acc: 94.44%
Train on 1461 samples, validate on 161 samples
Epoch 1/30

  50/1461 [>.............................] - ETA: 38s - loss: 0.6938 - acc: 0.4400
1461/1461 [==============================] - 2s 1ms/step - loss: 0.6702 - acc: 0.5825 - val_loss: 0.6394 - val_acc: 0.7391
Epoch 2/30

  50/1461 [>.............................] - ETA: 0s - loss: 0.6518 - acc: 0.6800
1461/1461 [==============================] - 0s 36us/step - loss: 0.6141 - acc: 0.7741 - val_loss: 0.5704 - val_acc: 0.8820
Epoch 3/30

  50/1461 [>.............................] - ETA: 0s - loss: 0.5952 - acc: 0.8000
1461/1461 [==============================] - 0s 30us/step - loss: 0.5532 - acc: 0.9021 - val_loss: 0.5072 - val_acc: 0.9565
Epoch 4/30

  50/1461 [>.............................] - ETA: 0s - loss: 0.5127 - acc: 0.9200
1461/1461 [==============================] - 0s 28us/step - loss: 0.4991 - acc: 0.9418 - val_loss: 0.4602 - val_acc: 0.9689
Epoch 5/30

  50/1461 [>.............................] - ETA: 0s - loss: 0.4932 - acc: 0.9200
1461/1461 [==============================] - 0s 31us/step - loss: 0.4571 - acc: 0.9555 - val_loss: 0.4246 - val_acc: 0.9752
Epoch 6/30

  50/1461 [>.............................] - ETA: 0s - loss: 0.4297 - acc: 0.9800
1461/1461 [==============================] - 0s 27us/step - loss: 0.4254 - acc: 0.9603 - val_loss: 0.3967 - val_acc: 0.9814
Epoch 7/30

  50/1461 [>.............................] - ETA: 0s - loss: 0.4154 - acc: 0.9600
1461/1461 [==============================] - 0s 28us/step - loss: 0.3993 - acc: 0.9589 - val_loss: 0.3727 - val_acc: 0.9814
Epoch 8/30

  50/1461 [>.............................] - ETA: 0s - loss: 0.3718 - acc: 0.9600
1461/1461 [==============================] - 0s 28us/step - loss: 0.3768 - acc: 0.9617 - val_loss: 0.3518 - val_acc: 0.9752
Epoch 9/30

  50/1461 [>.............................] - ETA: 0s - loss: 0.3507 - acc: 0.9600
1461/1461 [==============================] - 0s 27us/step - loss: 0.3572 - acc: 0.9644 - val_loss: 0.3335 - val_acc: 0.9752
Epoch 10/30

  50/1461 [>.............................] - ETA: 0s - loss: 0.3428 - acc: 0.9800
1461/1461 [==============================] - 0s 28us/step - loss: 0.3394 - acc: 0.9658 - val_loss: 0.3173 - val_acc: 0.9814
Epoch 11/30

  50/1461 [>.............................] - ETA: 0s - loss: 0.3629 - acc: 0.9400
1461/1461 [==============================] - 0s 28us/step - loss: 0.3234 - acc: 0.9665 - val_loss: 0.3022 - val_acc: 0.9876
Epoch 12/30

  50/1461 [>.............................] - ETA: 0s - loss: 0.3389 - acc: 0.9400
1461/1461 [==============================] - 0s 30us/step - loss: 0.3092 - acc: 0.9678 - val_loss: 0.2900 - val_acc: 0.9876
Epoch 13/30

  50/1461 [>.............................] - ETA: 0s - loss: 0.2835 - acc: 0.9800
1461/1461 [==============================] - 0s 32us/step - loss: 0.2960 - acc: 0.9692 - val_loss: 0.2774 - val_acc: 0.9876
Epoch 14/30

  50/1461 [>.............................] - ETA: 0s - loss: 0.2895 - acc: 0.9600
1461/1461 [==============================] - 0s 30us/step - loss: 0.2837 - acc: 0.9706 - val_loss: 0.2651 - val_acc: 0.9876
Epoch 15/30

  50/1461 [>.............................] - ETA: 0s - loss: 0.2641 - acc: 1.0000
1461/1461 [==============================] - 0s 30us/step - loss: 0.2722 - acc: 0.9747 - val_loss: 0.2546 - val_acc: 0.9876
Epoch 16/30

  50/1461 [>.............................] - ETA: 0s - loss: 0.2603 - acc: 0.9600
1461/1461 [==============================] - 0s 29us/step - loss: 0.2617 - acc: 0.9760 - val_loss: 0.2456 - val_acc: 0.9876
Epoch 17/30

  50/1461 [>.............................] - ETA: 0s - loss: 0.2172 - acc: 1.0000
1461/1461 [==============================] - 0s 31us/step - loss: 0.2518 - acc: 0.9747 - val_loss: 0.2365 - val_acc: 0.9876
Epoch 18/30

  50/1461 [>.............................] - ETA: 0s - loss: 0.2389 - acc: 1.0000
1461/1461 [==============================] - 0s 28us/step - loss: 0.2425 - acc: 0.9781 - val_loss: 0.2288 - val_acc: 0.9876
Epoch 19/30

  50/1461 [>.............................] - ETA: 0s - loss: 0.2265 - acc: 0.9800
1461/1461 [==============================] - 0s 30us/step - loss: 0.2338 - acc: 0.9781 - val_loss: 0.2213 - val_acc: 0.9876
Epoch 20/30

  50/1461 [>.............................] - ETA: 0s - loss: 0.2665 - acc: 0.9800
1461/1461 [==============================] - 0s 28us/step - loss: 0.2259 - acc: 0.9795 - val_loss: 0.2130 - val_acc: 0.9876
Epoch 21/30

  50/1461 [>.............................] - ETA: 0s - loss: 0.2138 - acc: 0.9800
1461/1461 [==============================] - 0s 28us/step - loss: 0.2184 - acc: 0.9795 - val_loss: 0.2067 - val_acc: 0.9876
Epoch 22/30

  50/1461 [>.............................] - ETA: 0s - loss: 0.2262 - acc: 1.0000
1461/1461 [==============================] - 0s 28us/step - loss: 0.2110 - acc: 0.9795 - val_loss: 0.2006 - val_acc: 0.9876
Epoch 23/30

  50/1461 [>.............................] - ETA: 0s - loss: 0.1772 - acc: 1.0000
1461/1461 [==============================] - 0s 29us/step - loss: 0.2043 - acc: 0.9815 - val_loss: 0.1950 - val_acc: 0.9938
Epoch 24/30

  50/1461 [>.............................] - ETA: 0s - loss: 0.2218 - acc: 0.9400
1461/1461 [==============================] - 0s 28us/step - loss: 0.1978 - acc: 0.9802 - val_loss: 0.1894 - val_acc: 0.9938
Epoch 25/30

  50/1461 [>.............................] - ETA: 0s - loss: 0.1863 - acc: 0.9800
1461/1461 [==============================] - 0s 29us/step - loss: 0.1918 - acc: 0.9822 - val_loss: 0.1844 - val_acc: 0.9938
Epoch 26/30

  50/1461 [>.............................] - ETA: 0s - loss: 0.1564 - acc: 1.0000
1461/1461 [==============================] - 0s 28us/step - loss: 0.1860 - acc: 0.9808 - val_loss: 0.1798 - val_acc: 0.9938
Epoch 27/30

  50/1461 [>.............................] - ETA: 0s - loss: 0.2151 - acc: 0.9600
1461/1461 [==============================] - 0s 28us/step - loss: 0.1806 - acc: 0.9815 - val_loss: 0.1745 - val_acc: 0.9938
Epoch 28/30

  50/1461 [>.............................] - ETA: 0s - loss: 0.2173 - acc: 0.9600
1461/1461 [==============================] - 0s 30us/step - loss: 0.1754 - acc: 0.9822 - val_loss: 0.1706 - val_acc: 0.9938
Epoch 29/30

  50/1461 [>.............................] - ETA: 0s - loss: 0.1786 - acc: 1.0000
1461/1461 [==============================] - 0s 31us/step - loss: 0.1703 - acc: 0.9849 - val_loss: 0.1657 - val_acc: 0.9938
Epoch 30/30

  50/1461 [>.............................] - ETA: 0s - loss: 0.1453 - acc: 1.0000
1461/1461 [==============================] - 0s 30us/step - loss: 0.1655 - acc: 0.9843 - val_loss: 0.1618 - val_acc: 0.9938
acc: 99.38%
Accuracy: 96.24% (+/- 2.05%)
