Train on 1297 samples, validate on 325 samples
Epoch 1/30

  50/1297 [>.............................] - ETA: 10s - loss: 0.7174 - acc: 0.5200
1297/1297 [==============================] - 1s 392us/step - loss: 0.4366 - acc: 0.8389 - val_loss: 0.3033 - val_acc: 0.8923
Epoch 2/30

  50/1297 [>.............................] - ETA: 0s - loss: 0.2482 - acc: 0.9200
1297/1297 [==============================] - 0s 35us/step - loss: 0.2061 - acc: 0.9391 - val_loss: 0.2016 - val_acc: 0.9262
Epoch 3/30

  50/1297 [>.............................] - ETA: 0s - loss: 0.1220 - acc: 0.9600
1297/1297 [==============================] - 0s 29us/step - loss: 0.1290 - acc: 0.9584 - val_loss: 0.1676 - val_acc: 0.9446
Epoch 4/30

  50/1297 [>.............................] - ETA: 0s - loss: 0.1496 - acc: 0.9400
1297/1297 [==============================] - 0s 29us/step - loss: 0.0988 - acc: 0.9722 - val_loss: 0.1831 - val_acc: 0.9262
Epoch 5/30

  50/1297 [>.............................] - ETA: 0s - loss: 0.0967 - acc: 0.9600
1297/1297 [==============================] - 0s 26us/step - loss: 0.0925 - acc: 0.9653 - val_loss: 0.2080 - val_acc: 0.9108
Epoch 6/30

  50/1297 [>.............................] - ETA: 0s - loss: 0.0858 - acc: 0.9800
1297/1297 [==============================] - 0s 27us/step - loss: 0.0850 - acc: 0.9730 - val_loss: 0.1759 - val_acc: 0.9323
Epoch 7/30

  50/1297 [>.............................] - ETA: 0s - loss: 0.0737 - acc: 0.9800
1297/1297 [==============================] - 0s 27us/step - loss: 0.0776 - acc: 0.9769 - val_loss: 0.1807 - val_acc: 0.9354
Epoch 8/30

  50/1297 [>.............................] - ETA: 0s - loss: 0.0291 - acc: 1.0000
1297/1297 [==============================] - 0s 27us/step - loss: 0.0681 - acc: 0.9800 - val_loss: 0.2154 - val_acc: 0.9231
Epoch 9/30

  50/1297 [>.............................] - ETA: 0s - loss: 0.1023 - acc: 0.9600
1297/1297 [==============================] - 0s 26us/step - loss: 0.0682 - acc: 0.9807 - val_loss: 0.1993 - val_acc: 0.9262
Epoch 10/30

  50/1297 [>.............................] - ETA: 0s - loss: 0.0301 - acc: 1.0000
1297/1297 [==============================] - 0s 27us/step - loss: 0.0622 - acc: 0.9846 - val_loss: 0.1934 - val_acc: 0.9262
Epoch 11/30

  50/1297 [>.............................] - ETA: 0s - loss: 0.0525 - acc: 0.9800
1297/1297 [==============================] - 0s 26us/step - loss: 0.0571 - acc: 0.9823 - val_loss: 0.1961 - val_acc: 0.9323
acc: 94.46%
Train on 1297 samples, validate on 325 samples
Epoch 1/30

  50/1297 [>.............................] - ETA: 12s - loss: 0.7329 - acc: 0.4600
1297/1297 [==============================] - 1s 451us/step - loss: 0.4732 - acc: 0.8180 - val_loss: 0.3182 - val_acc: 0.9323
Epoch 2/30

  50/1297 [>.............................] - ETA: 0s - loss: 0.2753 - acc: 0.9200
1297/1297 [==============================] - 0s 28us/step - loss: 0.2391 - acc: 0.9383 - val_loss: 0.2321 - val_acc: 0.9138
Epoch 3/30

  50/1297 [>.............................] - ETA: 0s - loss: 0.1807 - acc: 0.9800
1297/1297 [==============================] - 0s 27us/step - loss: 0.1767 - acc: 0.9507 - val_loss: 0.1835 - val_acc: 0.9415
Epoch 4/30

  50/1297 [>.............................] - ETA: 0s - loss: 0.1636 - acc: 0.9200
1297/1297 [==============================] - 0s 28us/step - loss: 0.1439 - acc: 0.9522 - val_loss: 0.1806 - val_acc: 0.9354
Epoch 5/30

  50/1297 [>.............................] - ETA: 0s - loss: 0.0641 - acc: 0.9800
1297/1297 [==============================] - 0s 28us/step - loss: 0.1280 - acc: 0.9638 - val_loss: 0.1476 - val_acc: 0.9446
Epoch 6/30

  50/1297 [>.............................] - ETA: 0s - loss: 0.0996 - acc: 0.9600
1297/1297 [==============================] - 0s 28us/step - loss: 0.1455 - acc: 0.9561 - val_loss: 0.1538 - val_acc: 0.9538
Epoch 7/30

  50/1297 [>.............................] - ETA: 0s - loss: 0.1410 - acc: 0.9400
1297/1297 [==============================] - 0s 26us/step - loss: 0.1212 - acc: 0.9638 - val_loss: 0.2146 - val_acc: 0.9354
Epoch 8/30

  50/1297 [>.............................] - ETA: 0s - loss: 0.0411 - acc: 1.0000
1297/1297 [==============================] - 0s 26us/step - loss: 0.1217 - acc: 0.9584 - val_loss: 0.1416 - val_acc: 0.9569
Epoch 9/30

  50/1297 [>.............................] - ETA: 0s - loss: 0.1869 - acc: 0.9000
1297/1297 [==============================] - 0s 26us/step - loss: 0.1042 - acc: 0.9676 - val_loss: 0.1798 - val_acc: 0.9477
Epoch 10/30

  50/1297 [>.............................] - ETA: 0s - loss: 0.0354 - acc: 1.0000
1297/1297 [==============================] - 0s 28us/step - loss: 0.0926 - acc: 0.9722 - val_loss: 0.1762 - val_acc: 0.9508
Epoch 11/30

  50/1297 [>.............................] - ETA: 0s - loss: 0.0670 - acc: 0.9600
1297/1297 [==============================] - 0s 28us/step - loss: 0.1034 - acc: 0.9692 - val_loss: 0.2116 - val_acc: 0.9354
Epoch 12/30

  50/1297 [>.............................] - ETA: 0s - loss: 0.1263 - acc: 0.9600
1297/1297 [==============================] - 0s 29us/step - loss: 0.0948 - acc: 0.9692 - val_loss: 0.1728 - val_acc: 0.9354
Epoch 13/30

  50/1297 [>.............................] - ETA: 0s - loss: 0.0220 - acc: 1.0000
1297/1297 [==============================] - 0s 27us/step - loss: 0.0888 - acc: 0.9715 - val_loss: 0.1474 - val_acc: 0.9477
Epoch 14/30

  50/1297 [>.............................] - ETA: 0s - loss: 0.0308 - acc: 1.0000
1297/1297 [==============================] - 0s 29us/step - loss: 0.0787 - acc: 0.9800 - val_loss: 0.1888 - val_acc: 0.9323
Epoch 15/30

  50/1297 [>.............................] - ETA: 0s - loss: 0.0551 - acc: 0.9800
1297/1297 [==============================] - 0s 27us/step - loss: 0.0715 - acc: 0.9761 - val_loss: 0.1846 - val_acc: 0.9446
Epoch 16/30

  50/1297 [>.............................] - ETA: 0s - loss: 0.0305 - acc: 1.0000
1297/1297 [==============================] - 0s 28us/step - loss: 0.0804 - acc: 0.9746 - val_loss: 0.1822 - val_acc: 0.9354
acc: 95.69%
Train on 1297 samples, validate on 325 samples
Epoch 1/30

  50/1297 [>.............................] - ETA: 15s - loss: 0.7097 - acc: 0.4600
1297/1297 [==============================] - 1s 567us/step - loss: 0.3630 - acc: 0.8658 - val_loss: 0.1928 - val_acc: 0.9569
Epoch 2/30

  50/1297 [>.............................] - ETA: 0s - loss: 0.1903 - acc: 0.9400
1297/1297 [==============================] - 0s 29us/step - loss: 0.1731 - acc: 0.9460 - val_loss: 0.1346 - val_acc: 0.9662
Epoch 3/30

  50/1297 [>.............................] - ETA: 0s - loss: 0.1229 - acc: 0.9800
1297/1297 [==============================] - 0s 28us/step - loss: 0.1326 - acc: 0.9607 - val_loss: 0.1573 - val_acc: 0.9508
Epoch 4/30

  50/1297 [>.............................] - ETA: 0s - loss: 0.0626 - acc: 1.0000
1297/1297 [==============================] - 0s 28us/step - loss: 0.1204 - acc: 0.9614 - val_loss: 0.1431 - val_acc: 0.9508
Epoch 5/30

  50/1297 [>.............................] - ETA: 0s - loss: 0.0596 - acc: 1.0000
1297/1297 [==============================] - 0s 28us/step - loss: 0.1022 - acc: 0.9715 - val_loss: 0.1368 - val_acc: 0.9508
Epoch 6/30

  50/1297 [>.............................] - ETA: 0s - loss: 0.0340 - acc: 1.0000
1297/1297 [==============================] - 0s 28us/step - loss: 0.0916 - acc: 0.9699 - val_loss: 0.1536 - val_acc: 0.9446
Epoch 7/30

  50/1297 [>.............................] - ETA: 0s - loss: 0.0246 - acc: 1.0000
1297/1297 [==============================] - 0s 27us/step - loss: 0.0810 - acc: 0.9746 - val_loss: 0.1717 - val_acc: 0.9292
Epoch 8/30

  50/1297 [>.............................] - ETA: 0s - loss: 0.2404 - acc: 0.9400
1297/1297 [==============================] - 0s 27us/step - loss: 0.1071 - acc: 0.9622 - val_loss: 0.1333 - val_acc: 0.9415
Epoch 9/30

  50/1297 [>.............................] - ETA: 0s - loss: 0.0638 - acc: 0.9800
1297/1297 [==============================] - 0s 26us/step - loss: 0.1000 - acc: 0.9699 - val_loss: 0.1702 - val_acc: 0.9385
Epoch 10/30

  50/1297 [>.............................] - ETA: 0s - loss: 0.0701 - acc: 0.9800
1297/1297 [==============================] - 0s 27us/step - loss: 0.1040 - acc: 0.9622 - val_loss: 0.1325 - val_acc: 0.9477
acc: 96.62%
Train on 1298 samples, validate on 324 samples
Epoch 1/30

  50/1298 [>.............................] - ETA: 17s - loss: 0.7082 - acc: 0.4600
1298/1298 [==============================] - 1s 631us/step - loss: 0.5207 - acc: 0.7773 - val_loss: 0.3270 - val_acc: 0.9136
Epoch 2/30

  50/1298 [>.............................] - ETA: 0s - loss: 0.3443 - acc: 0.9000
1298/1298 [==============================] - 0s 31us/step - loss: 0.2458 - acc: 0.9422 - val_loss: 0.1893 - val_acc: 0.9475
Epoch 3/30

  50/1298 [>.............................] - ETA: 0s - loss: 0.1189 - acc: 0.9800
1298/1298 [==============================] - 0s 29us/step - loss: 0.1601 - acc: 0.9584 - val_loss: 0.1858 - val_acc: 0.9383
Epoch 4/30

  50/1298 [>.............................] - ETA: 0s - loss: 0.1346 - acc: 0.9400
1298/1298 [==============================] - 0s 27us/step - loss: 0.1384 - acc: 0.9599 - val_loss: 0.2105 - val_acc: 0.9414
Epoch 5/30

  50/1298 [>.............................] - ETA: 0s - loss: 0.0762 - acc: 0.9800
1298/1298 [==============================] - 0s 29us/step - loss: 0.1457 - acc: 0.9499 - val_loss: 0.1854 - val_acc: 0.9352
Epoch 6/30

  50/1298 [>.............................] - ETA: 0s - loss: 0.0615 - acc: 0.9800
1298/1298 [==============================] - 0s 30us/step - loss: 0.1329 - acc: 0.9499 - val_loss: 0.1695 - val_acc: 0.9475
Epoch 7/30

  50/1298 [>.............................] - ETA: 0s - loss: 0.0695 - acc: 0.9800
1298/1298 [==============================] - 0s 27us/step - loss: 0.1342 - acc: 0.9599 - val_loss: 0.1505 - val_acc: 0.9475
Epoch 8/30

  50/1298 [>.............................] - ETA: 0s - loss: 0.2289 - acc: 0.9400
1298/1298 [==============================] - 0s 26us/step - loss: 0.1323 - acc: 0.9545 - val_loss: 0.1459 - val_acc: 0.9568
Epoch 9/30

  50/1298 [>.............................] - ETA: 0s - loss: 0.0760 - acc: 0.9800
1298/1298 [==============================] - 0s 27us/step - loss: 0.1111 - acc: 0.9684 - val_loss: 0.1766 - val_acc: 0.9414
Epoch 10/30

  50/1298 [>.............................] - ETA: 0s - loss: 0.2881 - acc: 0.9200
1298/1298 [==============================] - 0s 29us/step - loss: 0.1030 - acc: 0.9715 - val_loss: 0.1628 - val_acc: 0.9414
Epoch 11/30

  50/1298 [>.............................] - ETA: 0s - loss: 0.0709 - acc: 0.9600
1298/1298 [==============================] - 0s 28us/step - loss: 0.1099 - acc: 0.9653 - val_loss: 0.1712 - val_acc: 0.9259
Epoch 12/30

  50/1298 [>.............................] - ETA: 0s - loss: 0.1875 - acc: 0.9600
1298/1298 [==============================] - 0s 27us/step - loss: 0.1045 - acc: 0.9692 - val_loss: 0.1650 - val_acc: 0.9444
Epoch 13/30

  50/1298 [>.............................] - ETA: 0s - loss: 0.0296 - acc: 1.0000
1298/1298 [==============================] - 0s 29us/step - loss: 0.0914 - acc: 0.9723 - val_loss: 0.1947 - val_acc: 0.9475
Epoch 14/30

  50/1298 [>.............................] - ETA: 0s - loss: 0.0842 - acc: 0.9800
1298/1298 [==============================] - 0s 28us/step - loss: 0.1058 - acc: 0.9684 - val_loss: 0.1593 - val_acc: 0.9630
Epoch 15/30

  50/1298 [>.............................] - ETA: 0s - loss: 0.0446 - acc: 0.9800
1298/1298 [==============================] - 0s 26us/step - loss: 0.0827 - acc: 0.9784 - val_loss: 0.1768 - val_acc: 0.9475
Epoch 16/30

  50/1298 [>.............................] - ETA: 0s - loss: 0.1172 - acc: 0.9800
1298/1298 [==============================] - 0s 29us/step - loss: 0.0721 - acc: 0.9792 - val_loss: 0.1683 - val_acc: 0.9537
Epoch 17/30

  50/1298 [>.............................] - ETA: 0s - loss: 0.1452 - acc: 0.9600
1298/1298 [==============================] - 0s 29us/step - loss: 0.0675 - acc: 0.9831 - val_loss: 0.1714 - val_acc: 0.9506
Epoch 18/30

  50/1298 [>.............................] - ETA: 0s - loss: 0.0555 - acc: 0.9800
1298/1298 [==============================] - 0s 28us/step - loss: 0.0697 - acc: 0.9800 - val_loss: 0.1775 - val_acc: 0.9506
Epoch 19/30

  50/1298 [>.............................] - ETA: 0s - loss: 0.0410 - acc: 1.0000
1298/1298 [==============================] - 0s 28us/step - loss: 0.0662 - acc: 0.9807 - val_loss: 0.1894 - val_acc: 0.9444
Epoch 20/30

  50/1298 [>.............................] - ETA: 0s - loss: 0.0386 - acc: 0.9800
1298/1298 [==============================] - 0s 29us/step - loss: 0.0606 - acc: 0.9815 - val_loss: 0.1876 - val_acc: 0.9414
Epoch 21/30

  50/1298 [>.............................] - ETA: 0s - loss: 0.0963 - acc: 0.9800
1298/1298 [==============================] - 0s 28us/step - loss: 0.0542 - acc: 0.9831 - val_loss: 0.1529 - val_acc: 0.9537
Epoch 22/30

  50/1298 [>.............................] - ETA: 0s - loss: 0.0419 - acc: 0.9800
1298/1298 [==============================] - 0s 26us/step - loss: 0.0625 - acc: 0.9769 - val_loss: 0.1531 - val_acc: 0.9537
acc: 96.30%
Train on 1299 samples, validate on 323 samples
Epoch 1/30

  50/1299 [>.............................] - ETA: 19s - loss: 0.6975 - acc: 0.5000
1299/1299 [==============================] - 1s 694us/step - loss: 0.4385 - acc: 0.8222 - val_loss: 0.2741 - val_acc: 0.9195
Epoch 2/30

  50/1299 [>.............................] - ETA: 0s - loss: 0.2229 - acc: 0.9600
1299/1299 [==============================] - 0s 29us/step - loss: 0.2015 - acc: 0.9507 - val_loss: 0.1924 - val_acc: 0.9505
Epoch 3/30

  50/1299 [>.............................] - ETA: 0s - loss: 0.1798 - acc: 0.9400
1299/1299 [==============================] - 0s 29us/step - loss: 0.1479 - acc: 0.9592 - val_loss: 0.1619 - val_acc: 0.9505
Epoch 4/30

  50/1299 [>.............................] - ETA: 0s - loss: 0.0773 - acc: 1.0000
1299/1299 [==============================] - 0s 31us/step - loss: 0.1400 - acc: 0.9569 - val_loss: 0.1581 - val_acc: 0.9443
Epoch 5/30

  50/1299 [>.............................] - ETA: 0s - loss: 0.1940 - acc: 0.9600
1299/1299 [==============================] - 0s 32us/step - loss: 0.1106 - acc: 0.9700 - val_loss: 0.1476 - val_acc: 0.9628
Epoch 6/30

  50/1299 [>.............................] - ETA: 0s - loss: 0.1878 - acc: 0.9600
1299/1299 [==============================] - 0s 30us/step - loss: 0.0959 - acc: 0.9769 - val_loss: 0.1221 - val_acc: 0.9659
Epoch 7/30

  50/1299 [>.............................] - ETA: 0s - loss: 0.0334 - acc: 1.0000
1299/1299 [==============================] - 0s 28us/step - loss: 0.0987 - acc: 0.9731 - val_loss: 0.1739 - val_acc: 0.9412
Epoch 8/30

  50/1299 [>.............................] - ETA: 0s - loss: 0.0601 - acc: 0.9800
1299/1299 [==============================] - 0s 27us/step - loss: 0.0968 - acc: 0.9754 - val_loss: 0.1337 - val_acc: 0.9567
Epoch 9/30

  50/1299 [>.............................] - ETA: 0s - loss: 0.1001 - acc: 0.9800
1299/1299 [==============================] - 0s 26us/step - loss: 0.0787 - acc: 0.9784 - val_loss: 0.1186 - val_acc: 0.9567
Epoch 10/30

  50/1299 [>.............................] - ETA: 0s - loss: 0.0475 - acc: 0.9800
1299/1299 [==============================] - 0s 26us/step - loss: 0.0869 - acc: 0.9684 - val_loss: 0.1557 - val_acc: 0.9381
Epoch 11/30

  50/1299 [>.............................] - ETA: 0s - loss: 0.1915 - acc: 0.9200
1299/1299 [==============================] - 0s 26us/step - loss: 0.0817 - acc: 0.9707 - val_loss: 0.1148 - val_acc: 0.9505
Epoch 12/30

  50/1299 [>.............................] - ETA: 0s - loss: 0.0548 - acc: 0.9800
1299/1299 [==============================] - 0s 27us/step - loss: 0.0716 - acc: 0.9792 - val_loss: 0.1188 - val_acc: 0.9628
Epoch 13/30

  50/1299 [>.............................] - ETA: 0s - loss: 0.0732 - acc: 0.9800
1299/1299 [==============================] - 0s 27us/step - loss: 0.0602 - acc: 0.9808 - val_loss: 0.1080 - val_acc: 0.9567
Epoch 14/30

  50/1299 [>.............................] - ETA: 0s - loss: 0.0385 - acc: 0.9800
1299/1299 [==============================] - 0s 27us/step - loss: 0.0507 - acc: 0.9792 - val_loss: 0.1268 - val_acc: 0.9536
acc: 96.59%
Accuracy: 95.93% (+/- 0.81%)
