Train on 810 samples, validate on 812 samples
Epoch 1/30

 10/810 [..............................] - ETA: 32s - loss: 0.7093 - acc: 0.5000
420/810 [==============>...............] - ETA: 0s - loss: 0.6085 - acc: 0.6452 
810/810 [==============================] - 1s 735us/step - loss: 0.5392 - acc: 0.7111 - val_loss: 0.4542 - val_acc: 0.7525
Epoch 2/30

 10/810 [..............................] - ETA: 0s - loss: 0.2565 - acc: 0.8000
410/810 [==============>...............] - ETA: 0s - loss: 0.3773 - acc: 0.8073
800/810 [============================>.] - ETA: 0s - loss: 0.3610 - acc: 0.8137
810/810 [==============================] - 0s 166us/step - loss: 0.3590 - acc: 0.8148 - val_loss: 0.3827 - val_acc: 0.8264
Epoch 3/30

 10/810 [..............................] - ETA: 0s - loss: 0.1916 - acc: 0.9000
420/810 [==============>...............] - ETA: 0s - loss: 0.2900 - acc: 0.8690
810/810 [==============================] - 0s 158us/step - loss: 0.2934 - acc: 0.8802 - val_loss: 0.3850 - val_acc: 0.8485
Epoch 4/30

 10/810 [..............................] - ETA: 0s - loss: 0.0564 - acc: 1.0000
450/810 [===============>..............] - ETA: 0s - loss: 0.2897 - acc: 0.9022
810/810 [==============================] - 0s 150us/step - loss: 0.2623 - acc: 0.9074 - val_loss: 0.2842 - val_acc: 0.8990
Epoch 5/30

 10/810 [..............................] - ETA: 0s - loss: 0.0443 - acc: 1.0000
430/810 [==============>...............] - ETA: 0s - loss: 0.2261 - acc: 0.9349
810/810 [==============================] - 0s 157us/step - loss: 0.2022 - acc: 0.9346 - val_loss: 0.2729 - val_acc: 0.8966
Epoch 6/30

 10/810 [..............................] - ETA: 0s - loss: 0.1201 - acc: 0.9000
430/810 [==============>...............] - ETA: 0s - loss: 0.2376 - acc: 0.9116
810/810 [==============================] - 0s 162us/step - loss: 0.2162 - acc: 0.9222 - val_loss: 0.2807 - val_acc: 0.8966
Epoch 7/30

 10/810 [..............................] - ETA: 0s - loss: 0.1129 - acc: 1.0000
410/810 [==============>...............] - ETA: 0s - loss: 0.1939 - acc: 0.9220
810/810 [==============================] - 0s 164us/step - loss: 0.1969 - acc: 0.9296 - val_loss: 0.2815 - val_acc: 0.8830
Epoch 8/30

 10/810 [..............................] - ETA: 0s - loss: 0.0826 - acc: 1.0000
380/810 [=============>................] - ETA: 0s - loss: 0.1880 - acc: 0.9342
780/810 [===========================>..] - ETA: 0s - loss: 0.1926 - acc: 0.9269
810/810 [==============================] - 0s 170us/step - loss: 0.1974 - acc: 0.9259 - val_loss: 0.2585 - val_acc: 0.9052
Epoch 9/30

 10/810 [..............................] - ETA: 0s - loss: 0.4200 - acc: 0.9000
410/810 [==============>...............] - ETA: 0s - loss: 0.1637 - acc: 0.9512
810/810 [==============================] - 0s 163us/step - loss: 0.1992 - acc: 0.9395 - val_loss: 0.2756 - val_acc: 0.8966
Epoch 10/30

 10/810 [..............................] - ETA: 0s - loss: 0.1570 - acc: 1.0000
430/810 [==============>...............] - ETA: 0s - loss: 0.2179 - acc: 0.9209
810/810 [==============================] - 0s 157us/step - loss: 0.1861 - acc: 0.9358 - val_loss: 0.2896 - val_acc: 0.8867
Epoch 11/30

 10/810 [..............................] - ETA: 0s - loss: 0.1283 - acc: 0.9000
430/810 [==============>...............] - ETA: 0s - loss: 0.1544 - acc: 0.9581
810/810 [==============================] - 0s 162us/step - loss: 0.1609 - acc: 0.9494 - val_loss: 0.2908 - val_acc: 0.9015
Epoch 12/30

 10/810 [..............................] - ETA: 0s - loss: 0.0690 - acc: 1.0000
410/810 [==============>...............] - ETA: 0s - loss: 0.1735 - acc: 0.9561
810/810 [==============================] - 0s 166us/step - loss: 0.1572 - acc: 0.9519 - val_loss: 0.3217 - val_acc: 0.8867
Epoch 13/30

 10/810 [..............................] - ETA: 0s - loss: 0.1220 - acc: 0.9000
410/810 [==============>...............] - ETA: 0s - loss: 0.1829 - acc: 0.9293
810/810 [==============================] - 0s 164us/step - loss: 0.1662 - acc: 0.9444 - val_loss: 0.2968 - val_acc: 0.8916
Epoch 14/30

 10/810 [..............................] - ETA: 0s - loss: 0.0413 - acc: 1.0000
400/810 [=============>................] - ETA: 0s - loss: 0.1371 - acc: 0.9550
800/810 [============================>.] - ETA: 0s - loss: 0.1529 - acc: 0.9500
810/810 [==============================] - 0s 166us/step - loss: 0.1560 - acc: 0.9494 - val_loss: 0.2773 - val_acc: 0.8966
Epoch 15/30

 10/810 [..............................] - ETA: 0s - loss: 0.8929 - acc: 0.8000
430/810 [==============>...............] - ETA: 0s - loss: 0.1214 - acc: 0.9674
810/810 [==============================] - 0s 159us/step - loss: 0.1511 - acc: 0.9543 - val_loss: 0.3356 - val_acc: 0.8830
Epoch 16/30

 10/810 [..............................] - ETA: 0s - loss: 0.1605 - acc: 0.9000
430/810 [==============>...............] - ETA: 0s - loss: 0.1493 - acc: 0.9442
810/810 [==============================] - 0s 158us/step - loss: 0.1546 - acc: 0.9457 - val_loss: 0.3614 - val_acc: 0.8805
acc: 90.52%
Train on 812 samples, validate on 810 samples
Epoch 1/30

 10/812 [..............................] - ETA: 38s - loss: 0.7129 - acc: 0.6000
420/812 [==============>...............] - ETA: 0s - loss: 0.6125 - acc: 0.6738 
812/812 [==============================] - 1s 842us/step - loss: 0.5298 - acc: 0.7574 - val_loss: 0.4014 - val_acc: 0.8593
Epoch 2/30

 10/812 [..............................] - ETA: 0s - loss: 0.3183 - acc: 1.0000
410/812 [==============>...............] - ETA: 0s - loss: 0.3467 - acc: 0.8805
800/812 [============================>.] - ETA: 0s - loss: 0.3814 - acc: 0.8575
812/812 [==============================] - 0s 170us/step - loss: 0.3794 - acc: 0.8584 - val_loss: 0.3609 - val_acc: 0.8741
Epoch 3/30

 10/812 [..............................] - ETA: 0s - loss: 0.2082 - acc: 0.9000
420/812 [==============>...............] - ETA: 0s - loss: 0.3374 - acc: 0.8714
812/812 [==============================] - 0s 158us/step - loss: 0.3197 - acc: 0.8855 - val_loss: 0.2309 - val_acc: 0.9346
Epoch 4/30

 10/812 [..............................] - ETA: 0s - loss: 0.2788 - acc: 0.9000
440/812 [===============>..............] - ETA: 0s - loss: 0.2751 - acc: 0.9114
812/812 [==============================] - 0s 155us/step - loss: 0.2695 - acc: 0.9150 - val_loss: 0.2669 - val_acc: 0.9074
Epoch 5/30

 10/812 [..............................] - ETA: 0s - loss: 0.0708 - acc: 1.0000
440/812 [===============>..............] - ETA: 0s - loss: 0.2870 - acc: 0.8818
812/812 [==============================] - 0s 156us/step - loss: 0.3314 - acc: 0.8719 - val_loss: 0.3001 - val_acc: 0.8901
Epoch 6/30

 10/812 [..............................] - ETA: 0s - loss: 0.3627 - acc: 0.9000
430/812 [==============>...............] - ETA: 0s - loss: 0.3281 - acc: 0.8884
812/812 [==============================] - 0s 159us/step - loss: 0.3083 - acc: 0.8867 - val_loss: 0.2656 - val_acc: 0.9247
Epoch 7/30

 10/812 [..............................] - ETA: 0s - loss: 0.3676 - acc: 0.9000
410/812 [==============>...............] - ETA: 0s - loss: 0.2719 - acc: 0.8927
812/812 [==============================] - 0s 164us/step - loss: 0.2632 - acc: 0.9064 - val_loss: 0.2336 - val_acc: 0.9235
Epoch 8/30

 10/812 [..............................] - ETA: 0s - loss: 0.1417 - acc: 0.9000
410/812 [==============>...............] - ETA: 0s - loss: 0.2612 - acc: 0.9146
812/812 [==============================] - 0s 163us/step - loss: 0.2374 - acc: 0.9236 - val_loss: 0.2600 - val_acc: 0.8951
Epoch 9/30

 10/812 [..............................] - ETA: 0s - loss: 0.6024 - acc: 0.9000
420/812 [==============>...............] - ETA: 0s - loss: 0.2107 - acc: 0.9405
812/812 [==============================] - 0s 161us/step - loss: 0.2097 - acc: 0.9310 - val_loss: 0.2001 - val_acc: 0.9136
Epoch 10/30

 10/812 [..............................] - ETA: 0s - loss: 0.0165 - acc: 1.0000
440/812 [===============>..............] - ETA: 0s - loss: 0.2290 - acc: 0.9136
812/812 [==============================] - 0s 157us/step - loss: 0.2506 - acc: 0.9076 - val_loss: 0.2280 - val_acc: 0.9136
Epoch 11/30

 10/812 [..............................] - ETA: 0s - loss: 0.1274 - acc: 1.0000
440/812 [===============>..............] - ETA: 0s - loss: 0.2115 - acc: 0.9295
812/812 [==============================] - 0s 158us/step - loss: 0.1853 - acc: 0.9360 - val_loss: 0.1852 - val_acc: 0.9420
Epoch 12/30

 10/812 [..............................] - ETA: 0s - loss: 0.0575 - acc: 1.0000
420/812 [==============>...............] - ETA: 0s - loss: 0.1933 - acc: 0.9333
812/812 [==============================] - 0s 162us/step - loss: 0.2012 - acc: 0.9335 - val_loss: 0.1726 - val_acc: 0.9321
Epoch 13/30

 10/812 [..............................] - ETA: 0s - loss: 0.0152 - acc: 1.0000
410/812 [==============>...............] - ETA: 0s - loss: 0.1371 - acc: 0.9610
812/812 [==============================] - 0s 164us/step - loss: 0.1848 - acc: 0.9384 - val_loss: 0.1661 - val_acc: 0.9444
Epoch 14/30

 10/812 [..............................] - ETA: 0s - loss: 0.1190 - acc: 0.9000
410/812 [==============>...............] - ETA: 0s - loss: 0.2020 - acc: 0.9317
780/812 [===========================>..] - ETA: 0s - loss: 0.1790 - acc: 0.9397
812/812 [==============================] - 0s 170us/step - loss: 0.1801 - acc: 0.9384 - val_loss: 0.1784 - val_acc: 0.9407
Epoch 15/30

 10/812 [..............................] - ETA: 0s - loss: 0.1256 - acc: 1.0000
430/812 [==============>...............] - ETA: 0s - loss: 0.1506 - acc: 0.9512
812/812 [==============================] - 0s 157us/step - loss: 0.1631 - acc: 0.9421 - val_loss: 0.1780 - val_acc: 0.9407
Epoch 16/30

 10/812 [..............................] - ETA: 0s - loss: 0.2452 - acc: 0.9000
430/812 [==============>...............] - ETA: 0s - loss: 0.1573 - acc: 0.9465
812/812 [==============================] - 0s 159us/step - loss: 0.1596 - acc: 0.9458 - val_loss: 0.1770 - val_acc: 0.9407
Epoch 17/30

 10/812 [..............................] - ETA: 0s - loss: 0.1102 - acc: 1.0000
410/812 [==============>...............] - ETA: 0s - loss: 0.1866 - acc: 0.9366
812/812 [==============================] - 0s 167us/step - loss: 0.1659 - acc: 0.9495 - val_loss: 0.1941 - val_acc: 0.9395
Epoch 18/30

 10/812 [..............................] - ETA: 0s - loss: 0.0490 - acc: 1.0000
410/812 [==============>...............] - ETA: 0s - loss: 0.1406 - acc: 0.9610
810/812 [============================>.] - ETA: 0s - loss: 0.1403 - acc: 0.9531
812/812 [==============================] - 0s 168us/step - loss: 0.1399 - acc: 0.9532 - val_loss: 0.1995 - val_acc: 0.9370
Epoch 19/30

 10/812 [..............................] - ETA: 0s - loss: 0.0192 - acc: 1.0000
410/812 [==============>...............] - ETA: 0s - loss: 0.1167 - acc: 0.9610
800/812 [============================>.] - ETA: 0s - loss: 0.1698 - acc: 0.9462
812/812 [==============================] - 0s 171us/step - loss: 0.1747 - acc: 0.9446 - val_loss: 0.2545 - val_acc: 0.9185
Epoch 20/30

 10/812 [..............................] - ETA: 0s - loss: 0.4474 - acc: 0.9000
410/812 [==============>...............] - ETA: 0s - loss: 0.1799 - acc: 0.9390
812/812 [==============================] - 0s 162us/step - loss: 0.1610 - acc: 0.9433 - val_loss: 0.1882 - val_acc: 0.9358
Epoch 21/30

 10/812 [..............................] - ETA: 0s - loss: 0.0484 - acc: 1.0000
420/812 [==============>...............] - ETA: 0s - loss: 0.1472 - acc: 0.9452
812/812 [==============================] - 0s 161us/step - loss: 0.1395 - acc: 0.9544 - val_loss: 0.1645 - val_acc: 0.9432
acc: 94.44%
Accuracy: 92.48% (+/- 1.96%)
