Train on 1459 samples, validate on 163 samples
Epoch 1/30

  20/1459 [..............................] - ETA: 30s - loss: 0.7463 - acc: 0.2000
 780/1459 [===============>..............] - ETA: 0s - loss: 0.5901 - acc: 0.7526 
1459/1459 [==============================] - 1s 387us/step - loss: 0.5130 - acc: 0.8382 - val_loss: 0.3634 - val_acc: 0.9509
Epoch 2/30

  20/1459 [..............................] - ETA: 0s - loss: 0.4118 - acc: 0.9000
 860/1459 [================>.............] - ETA: 0s - loss: 0.3162 - acc: 0.9535
1459/1459 [==============================] - 0s 66us/step - loss: 0.2887 - acc: 0.9596 - val_loss: 0.2515 - val_acc: 0.9509
Epoch 3/30

  20/1459 [..............................] - ETA: 0s - loss: 0.2540 - acc: 0.9500
 800/1459 [===============>..............] - ETA: 0s - loss: 0.2122 - acc: 0.9662
1459/1459 [==============================] - 0s 65us/step - loss: 0.1979 - acc: 0.9685 - val_loss: 0.2069 - val_acc: 0.9509
Epoch 4/30

  20/1459 [..............................] - ETA: 0s - loss: 0.1315 - acc: 1.0000
 880/1459 [=================>............] - ETA: 0s - loss: 0.1521 - acc: 0.9773
1459/1459 [==============================] - 0s 63us/step - loss: 0.1483 - acc: 0.9746 - val_loss: 0.1756 - val_acc: 0.9571
Epoch 5/30

  20/1459 [..............................] - ETA: 0s - loss: 0.1722 - acc: 0.9000
 860/1459 [================>.............] - ETA: 0s - loss: 0.1214 - acc: 0.9779
1459/1459 [==============================] - 0s 63us/step - loss: 0.1174 - acc: 0.9794 - val_loss: 0.1577 - val_acc: 0.9509
Epoch 6/30

  20/1459 [..............................] - ETA: 0s - loss: 0.0781 - acc: 1.0000
 860/1459 [================>.............] - ETA: 0s - loss: 0.0938 - acc: 0.9849
1459/1459 [==============================] - 0s 64us/step - loss: 0.0920 - acc: 0.9863 - val_loss: 0.1494 - val_acc: 0.9693
Epoch 7/30

  20/1459 [..............................] - ETA: 0s - loss: 0.0929 - acc: 0.9500
 840/1459 [================>.............] - ETA: 0s - loss: 0.0704 - acc: 0.9881
1459/1459 [==============================] - 0s 65us/step - loss: 0.0769 - acc: 0.9897 - val_loss: 0.1391 - val_acc: 0.9632
Epoch 8/30

  20/1459 [..............................] - ETA: 0s - loss: 0.0359 - acc: 1.0000
 800/1459 [===============>..............] - ETA: 0s - loss: 0.0659 - acc: 0.9900
1459/1459 [==============================] - 0s 66us/step - loss: 0.0633 - acc: 0.9925 - val_loss: 0.1280 - val_acc: 0.9632
Epoch 9/30

  20/1459 [..............................] - ETA: 0s - loss: 0.0399 - acc: 1.0000
 820/1459 [===============>..............] - ETA: 0s - loss: 0.0537 - acc: 0.9939
1459/1459 [==============================] - 0s 66us/step - loss: 0.0528 - acc: 0.9925 - val_loss: 0.1202 - val_acc: 0.9693
Epoch 10/30

  20/1459 [..............................] - ETA: 0s - loss: 0.0284 - acc: 1.0000
 840/1459 [================>.............] - ETA: 0s - loss: 0.0442 - acc: 0.9952
1459/1459 [==============================] - 0s 65us/step - loss: 0.0449 - acc: 0.9952 - val_loss: 0.1220 - val_acc: 0.9632
Epoch 11/30

  20/1459 [..............................] - ETA: 0s - loss: 0.0289 - acc: 1.0000
 820/1459 [===============>..............] - ETA: 0s - loss: 0.0391 - acc: 0.9963
1459/1459 [==============================] - 0s 66us/step - loss: 0.0386 - acc: 0.9959 - val_loss: 0.1225 - val_acc: 0.9632
Epoch 12/30

  20/1459 [..............................] - ETA: 0s - loss: 0.0959 - acc: 1.0000
 840/1459 [================>.............] - ETA: 0s - loss: 0.0346 - acc: 0.9952
1459/1459 [==============================] - 0s 67us/step - loss: 0.0355 - acc: 0.9952 - val_loss: 0.1217 - val_acc: 0.9509
Epoch 13/30

  20/1459 [..............................] - ETA: 0s - loss: 0.0216 - acc: 1.0000
 800/1459 [===============>..............] - ETA: 0s - loss: 0.0291 - acc: 0.9962
1459/1459 [==============================] - 0s 66us/step - loss: 0.0314 - acc: 0.9959 - val_loss: 0.1301 - val_acc: 0.9571
Epoch 14/30

  20/1459 [..............................] - ETA: 0s - loss: 0.0157 - acc: 1.0000
 800/1459 [===============>..............] - ETA: 0s - loss: 0.0319 - acc: 0.9950
1459/1459 [==============================] - 0s 67us/step - loss: 0.0284 - acc: 0.9966 - val_loss: 0.1210 - val_acc: 0.9571
Epoch 15/30

  20/1459 [..............................] - ETA: 0s - loss: 0.0192 - acc: 1.0000
 820/1459 [===============>..............] - ETA: 0s - loss: 0.0256 - acc: 0.9951
1459/1459 [==============================] - 0s 65us/step - loss: 0.0255 - acc: 0.9966 - val_loss: 0.1242 - val_acc: 0.9571
Epoch 16/30

  20/1459 [..............................] - ETA: 0s - loss: 0.0171 - acc: 1.0000
 840/1459 [================>.............] - ETA: 0s - loss: 0.0251 - acc: 0.9976
1459/1459 [==============================] - 0s 64us/step - loss: 0.0235 - acc: 0.9973 - val_loss: 0.1269 - val_acc: 0.9571
Epoch 17/30

  20/1459 [..............................] - ETA: 0s - loss: 0.0392 - acc: 1.0000
 840/1459 [================>.............] - ETA: 0s - loss: 0.0228 - acc: 0.9988
1459/1459 [==============================] - 0s 64us/step - loss: 0.0220 - acc: 0.9979 - val_loss: 0.1231 - val_acc: 0.9571
Epoch 18/30

  20/1459 [..............................] - ETA: 0s - loss: 0.0242 - acc: 1.0000
 840/1459 [================>.............] - ETA: 0s - loss: 0.0198 - acc: 0.9976
1459/1459 [==============================] - 0s 66us/step - loss: 0.0201 - acc: 0.9973 - val_loss: 0.1238 - val_acc: 0.9571
Epoch 19/30

  20/1459 [..............................] - ETA: 0s - loss: 0.0093 - acc: 1.0000
 820/1459 [===============>..............] - ETA: 0s - loss: 0.0192 - acc: 0.9976
1459/1459 [==============================] - 0s 67us/step - loss: 0.0185 - acc: 0.9979 - val_loss: 0.1276 - val_acc: 0.9509
Epoch 20/30

  20/1459 [..............................] - ETA: 0s - loss: 0.0076 - acc: 1.0000
 820/1459 [===============>..............] - ETA: 0s - loss: 0.0179 - acc: 0.9963
1459/1459 [==============================] - 0s 66us/step - loss: 0.0175 - acc: 0.9979 - val_loss: 0.1246 - val_acc: 0.9509
Epoch 21/30

  20/1459 [..............................] - ETA: 0s - loss: 0.0060 - acc: 1.0000
 800/1459 [===============>..............] - ETA: 0s - loss: 0.0157 - acc: 0.9987
1459/1459 [==============================] - 0s 67us/step - loss: 0.0159 - acc: 0.9979 - val_loss: 0.1305 - val_acc: 0.9509
Epoch 22/30

  20/1459 [..............................] - ETA: 0s - loss: 0.0104 - acc: 1.0000
 800/1459 [===============>..............] - ETA: 0s - loss: 0.0106 - acc: 1.0000
1459/1459 [==============================] - 0s 66us/step - loss: 0.0154 - acc: 0.9979 - val_loss: 0.1288 - val_acc: 0.9509
acc: 96.93%
Train on 1459 samples, validate on 163 samples
Epoch 1/30

  20/1459 [..............................] - ETA: 37s - loss: 0.7276 - acc: 0.4500
 820/1459 [===============>..............] - ETA: 0s - loss: 0.5724 - acc: 0.7488 
1459/1459 [==============================] - 1s 465us/step - loss: 0.5042 - acc: 0.8067 - val_loss: 0.4068 - val_acc: 0.8773
Epoch 2/30

  20/1459 [..............................] - ETA: 0s - loss: 0.4176 - acc: 0.9000
 800/1459 [===============>..............] - ETA: 0s - loss: 0.3264 - acc: 0.9475
1459/1459 [==============================] - 0s 71us/step - loss: 0.3069 - acc: 0.9500 - val_loss: 0.3010 - val_acc: 0.9325
Epoch 3/30

  20/1459 [..............................] - ETA: 0s - loss: 0.2607 - acc: 0.9500
 780/1459 [===============>..............] - ETA: 0s - loss: 0.2219 - acc: 0.9692
1459/1459 [==============================] - 0s 65us/step - loss: 0.2182 - acc: 0.9630 - val_loss: 0.2531 - val_acc: 0.9325
Epoch 4/30

  20/1459 [..............................] - ETA: 0s - loss: 0.1932 - acc: 0.9500
 860/1459 [================>.............] - ETA: 0s - loss: 0.1678 - acc: 0.9709
1459/1459 [==============================] - 0s 63us/step - loss: 0.1603 - acc: 0.9753 - val_loss: 0.2059 - val_acc: 0.9325
Epoch 5/30

  20/1459 [..............................] - ETA: 0s - loss: 0.1460 - acc: 0.9500
 800/1459 [===============>..............] - ETA: 0s - loss: 0.1256 - acc: 0.9825
1459/1459 [==============================] - 0s 70us/step - loss: 0.1260 - acc: 0.9815 - val_loss: 0.1845 - val_acc: 0.9325
Epoch 6/30

  20/1459 [..............................] - ETA: 0s - loss: 0.0936 - acc: 1.0000
 800/1459 [===============>..............] - ETA: 0s - loss: 0.1038 - acc: 0.9887
1459/1459 [==============================] - 0s 68us/step - loss: 0.1020 - acc: 0.9856 - val_loss: 0.1787 - val_acc: 0.9387
Epoch 7/30

  20/1459 [..............................] - ETA: 0s - loss: 0.1291 - acc: 1.0000
 780/1459 [===============>..............] - ETA: 0s - loss: 0.0844 - acc: 0.9923
1459/1459 [==============================] - 0s 70us/step - loss: 0.0853 - acc: 0.9904 - val_loss: 0.1557 - val_acc: 0.9387
Epoch 8/30

  20/1459 [..............................] - ETA: 0s - loss: 0.0371 - acc: 1.0000
 800/1459 [===============>..............] - ETA: 0s - loss: 0.0709 - acc: 0.9937
1459/1459 [==============================] - 0s 68us/step - loss: 0.0711 - acc: 0.9918 - val_loss: 0.1594 - val_acc: 0.9448
Epoch 9/30

  20/1459 [..............................] - ETA: 0s - loss: 0.0474 - acc: 1.0000
 760/1459 [==============>...............] - ETA: 0s - loss: 0.0639 - acc: 0.9921
1459/1459 [==============================] - 0s 69us/step - loss: 0.0608 - acc: 0.9918 - val_loss: 0.1539 - val_acc: 0.9387
Epoch 10/30

  20/1459 [..............................] - ETA: 0s - loss: 0.0413 - acc: 1.0000
 820/1459 [===============>..............] - ETA: 0s - loss: 0.0585 - acc: 0.9902
1459/1459 [==============================] - 0s 65us/step - loss: 0.0547 - acc: 0.9918 - val_loss: 0.1458 - val_acc: 0.9387
Epoch 11/30

  20/1459 [..............................] - ETA: 0s - loss: 0.0477 - acc: 1.0000
 840/1459 [================>.............] - ETA: 0s - loss: 0.0498 - acc: 0.9917
1459/1459 [==============================] - 0s 66us/step - loss: 0.0466 - acc: 0.9931 - val_loss: 0.1365 - val_acc: 0.9509
Epoch 12/30

  20/1459 [..............................] - ETA: 0s - loss: 0.0349 - acc: 1.0000
 820/1459 [===============>..............] - ETA: 0s - loss: 0.0409 - acc: 0.9951
1459/1459 [==============================] - 0s 66us/step - loss: 0.0429 - acc: 0.9931 - val_loss: 0.1466 - val_acc: 0.9448
Epoch 13/30

  20/1459 [..............................] - ETA: 0s - loss: 0.0211 - acc: 1.0000
 800/1459 [===============>..............] - ETA: 0s - loss: 0.0424 - acc: 0.9950
1459/1459 [==============================] - 0s 68us/step - loss: 0.0384 - acc: 0.9945 - val_loss: 0.1340 - val_acc: 0.9509
Epoch 14/30

  20/1459 [..............................] - ETA: 0s - loss: 0.0175 - acc: 1.0000
 740/1459 [==============>...............] - ETA: 0s - loss: 0.0370 - acc: 0.9946
1459/1459 [==============================] - 0s 70us/step - loss: 0.0353 - acc: 0.9952 - val_loss: 0.1525 - val_acc: 0.9509
Epoch 15/30

  20/1459 [..............................] - ETA: 0s - loss: 0.0188 - acc: 1.0000
 800/1459 [===============>..............] - ETA: 0s - loss: 0.0334 - acc: 0.9925
1459/1459 [==============================] - 0s 68us/step - loss: 0.0322 - acc: 0.9945 - val_loss: 0.1418 - val_acc: 0.9509
Epoch 16/30

  20/1459 [..............................] - ETA: 0s - loss: 0.0188 - acc: 1.0000
 800/1459 [===============>..............] - ETA: 0s - loss: 0.0267 - acc: 0.9962
1459/1459 [==============================] - 0s 67us/step - loss: 0.0297 - acc: 0.9952 - val_loss: 0.1329 - val_acc: 0.9509
Epoch 17/30

  20/1459 [..............................] - ETA: 0s - loss: 0.1839 - acc: 0.9500
 780/1459 [===============>..............] - ETA: 0s - loss: 0.0300 - acc: 0.9949
1459/1459 [==============================] - 0s 69us/step - loss: 0.0276 - acc: 0.9952 - val_loss: 0.1452 - val_acc: 0.9509
Epoch 18/30

  20/1459 [..............................] - ETA: 0s - loss: 0.0189 - acc: 1.0000
 800/1459 [===============>..............] - ETA: 0s - loss: 0.0227 - acc: 0.9962
1459/1459 [==============================] - 0s 67us/step - loss: 0.0266 - acc: 0.9952 - val_loss: 0.1385 - val_acc: 0.9448
Epoch 19/30

  20/1459 [..............................] - ETA: 0s - loss: 0.0117 - acc: 1.0000
 800/1459 [===============>..............] - ETA: 0s - loss: 0.0226 - acc: 0.9975
1459/1459 [==============================] - 0s 67us/step - loss: 0.0261 - acc: 0.9952 - val_loss: 0.1336 - val_acc: 0.9509
Epoch 20/30

  20/1459 [..............................] - ETA: 0s - loss: 0.0156 - acc: 1.0000
 780/1459 [===============>..............] - ETA: 0s - loss: 0.0322 - acc: 0.9897
1459/1459 [==============================] - 0s 73us/step - loss: 0.0240 - acc: 0.9945 - val_loss: 0.1468 - val_acc: 0.9448
Epoch 21/30

  20/1459 [..............................] - ETA: 0s - loss: 0.0155 - acc: 1.0000
 800/1459 [===============>..............] - ETA: 0s - loss: 0.0222 - acc: 0.9950
1459/1459 [==============================] - 0s 69us/step - loss: 0.0225 - acc: 0.9952 - val_loss: 0.1333 - val_acc: 0.9448
Epoch 22/30

  20/1459 [..............................] - ETA: 0s - loss: 0.0222 - acc: 1.0000
 760/1459 [==============>...............] - ETA: 0s - loss: 0.0182 - acc: 0.9961
1459/1459 [==============================] - 0s 70us/step - loss: 0.0208 - acc: 0.9952 - val_loss: 0.1362 - val_acc: 0.9448
Epoch 23/30

  20/1459 [..............................] - ETA: 0s - loss: 0.0100 - acc: 1.0000
 780/1459 [===============>..............] - ETA: 0s - loss: 0.0262 - acc: 0.9923
1459/1459 [==============================] - 0s 70us/step - loss: 0.0200 - acc: 0.9952 - val_loss: 0.1382 - val_acc: 0.9448
Epoch 24/30

  20/1459 [..............................] - ETA: 0s - loss: 0.0467 - acc: 1.0000
 780/1459 [===============>..............] - ETA: 0s - loss: 0.0189 - acc: 0.9949
1440/1459 [============================>.] - ETA: 0s - loss: 0.0192 - acc: 0.9951
1459/1459 [==============================] - 0s 74us/step - loss: 0.0191 - acc: 0.9952 - val_loss: 0.1379 - val_acc: 0.9448
Epoch 25/30

  20/1459 [..............................] - ETA: 0s - loss: 0.0055 - acc: 1.0000
 780/1459 [===============>..............] - ETA: 0s - loss: 0.0177 - acc: 0.9949
1459/1459 [==============================] - 0s 68us/step - loss: 0.0185 - acc: 0.9952 - val_loss: 0.1333 - val_acc: 0.9448
Epoch 26/30

  20/1459 [..............................] - ETA: 0s - loss: 0.0173 - acc: 1.0000
 780/1459 [===============>..............] - ETA: 0s - loss: 0.0140 - acc: 0.9962
1459/1459 [==============================] - 0s 68us/step - loss: 0.0181 - acc: 0.9952 - val_loss: 0.1400 - val_acc: 0.9448
Epoch 27/30

  20/1459 [..............................] - ETA: 0s - loss: 0.0093 - acc: 1.0000
 800/1459 [===============>..............] - ETA: 0s - loss: 0.0166 - acc: 0.9975
1260/1459 [========================>.....] - ETA: 0s - loss: 0.0174 - acc: 0.9960
1459/1459 [==============================] - 0s 90us/step - loss: 0.0175 - acc: 0.9959 - val_loss: 0.1460 - val_acc: 0.9448
Epoch 28/30

  20/1459 [..............................] - ETA: 0s - loss: 0.0066 - acc: 1.0000
 680/1459 [============>.................] - ETA: 0s - loss: 0.0163 - acc: 0.9971
1440/1459 [============================>.] - ETA: 0s - loss: 0.0214 - acc: 0.9937
1459/1459 [==============================] - 0s 75us/step - loss: 0.0219 - acc: 0.9931 - val_loss: 0.1669 - val_acc: 0.9325
Epoch 29/30

  20/1459 [..............................] - ETA: 0s - loss: 0.0071 - acc: 1.0000
 780/1459 [===============>..............] - ETA: 0s - loss: 0.0356 - acc: 0.9897
1459/1459 [==============================] - 0s 70us/step - loss: 0.0302 - acc: 0.9911 - val_loss: 0.1170 - val_acc: 0.9509
Epoch 30/30

  20/1459 [..............................] - ETA: 0s - loss: 0.0612 - acc: 0.9500
 780/1459 [===============>..............] - ETA: 0s - loss: 0.0254 - acc: 0.9936
1459/1459 [==============================] - 0s 69us/step - loss: 0.0215 - acc: 0.9959 - val_loss: 0.1509 - val_acc: 0.9509
acc: 95.09%
Train on 1459 samples, validate on 163 samples
Epoch 1/30

  20/1459 [..............................] - ETA: 41s - loss: 0.7308 - acc: 0.4000
 820/1459 [===============>..............] - ETA: 0s - loss: 0.5823 - acc: 0.7622 
1459/1459 [==============================] - 1s 508us/step - loss: 0.5033 - acc: 0.8424 - val_loss: 0.3590 - val_acc: 0.9141
Epoch 2/30

  20/1459 [..............................] - ETA: 0s - loss: 0.3084 - acc: 1.0000
 820/1459 [===============>..............] - ETA: 0s - loss: 0.3077 - acc: 0.9610
1459/1459 [==============================] - 0s 66us/step - loss: 0.2821 - acc: 0.9644 - val_loss: 0.2439 - val_acc: 0.9571
Epoch 3/30

  20/1459 [..............................] - ETA: 0s - loss: 0.1799 - acc: 1.0000
 840/1459 [================>.............] - ETA: 0s - loss: 0.2047 - acc: 0.9774
1459/1459 [==============================] - 0s 65us/step - loss: 0.1943 - acc: 0.9760 - val_loss: 0.2053 - val_acc: 0.9632
Epoch 4/30

  20/1459 [..............................] - ETA: 0s - loss: 0.1609 - acc: 1.0000
 880/1459 [=================>............] - ETA: 0s - loss: 0.1546 - acc: 0.9841
1459/1459 [==============================] - 0s 64us/step - loss: 0.1447 - acc: 0.9842 - val_loss: 0.1693 - val_acc: 0.9632
Epoch 5/30

  20/1459 [..............................] - ETA: 0s - loss: 0.0942 - acc: 1.0000
 800/1459 [===============>..............] - ETA: 0s - loss: 0.1174 - acc: 0.9875
1459/1459 [==============================] - 0s 67us/step - loss: 0.1156 - acc: 0.9856 - val_loss: 0.1593 - val_acc: 0.9632
Epoch 6/30

  20/1459 [..............................] - ETA: 0s - loss: 0.0600 - acc: 1.0000
 780/1459 [===============>..............] - ETA: 0s - loss: 0.0894 - acc: 0.9910
1459/1459 [==============================] - 0s 70us/step - loss: 0.0915 - acc: 0.9897 - val_loss: 0.1587 - val_acc: 0.9571
Epoch 7/30

  20/1459 [..............................] - ETA: 0s - loss: 0.1132 - acc: 0.9500
 800/1459 [===============>..............] - ETA: 0s - loss: 0.0774 - acc: 0.9937
1459/1459 [==============================] - 0s 69us/step - loss: 0.0764 - acc: 0.9938 - val_loss: 0.1463 - val_acc: 0.9571
Epoch 8/30

  20/1459 [..............................] - ETA: 0s - loss: 0.0656 - acc: 1.0000
 780/1459 [===============>..............] - ETA: 0s - loss: 0.0717 - acc: 0.9923
1459/1459 [==============================] - 0s 69us/step - loss: 0.0719 - acc: 0.9897 - val_loss: 0.1369 - val_acc: 0.9509
Epoch 9/30

  20/1459 [..............................] - ETA: 0s - loss: 0.0362 - acc: 1.0000
 820/1459 [===============>..............] - ETA: 0s - loss: 0.0584 - acc: 0.9915
1459/1459 [==============================] - 0s 67us/step - loss: 0.0582 - acc: 0.9918 - val_loss: 0.1454 - val_acc: 0.9571
Epoch 10/30

  20/1459 [..............................] - ETA: 0s - loss: 0.0699 - acc: 0.9500
 840/1459 [================>.............] - ETA: 0s - loss: 0.0460 - acc: 0.9976
1459/1459 [==============================] - 0s 65us/step - loss: 0.0473 - acc: 0.9959 - val_loss: 0.1507 - val_acc: 0.9632
Epoch 11/30

  20/1459 [..............................] - ETA: 0s - loss: 0.0237 - acc: 1.0000
 840/1459 [================>.............] - ETA: 0s - loss: 0.0397 - acc: 0.9964
1459/1459 [==============================] - 0s 66us/step - loss: 0.0396 - acc: 0.9966 - val_loss: 0.1553 - val_acc: 0.9448
Epoch 12/30

  20/1459 [..............................] - ETA: 0s - loss: 0.0461 - acc: 1.0000
 740/1459 [==============>...............] - ETA: 0s - loss: 0.0360 - acc: 0.9973
1459/1459 [==============================] - 0s 71us/step - loss: 0.0367 - acc: 0.9966 - val_loss: 0.1518 - val_acc: 0.9632
Epoch 13/30

  20/1459 [..............................] - ETA: 0s - loss: 0.0297 - acc: 1.0000
 800/1459 [===============>..............] - ETA: 0s - loss: 0.0352 - acc: 0.9962
1459/1459 [==============================] - 0s 67us/step - loss: 0.0315 - acc: 0.9973 - val_loss: 0.1528 - val_acc: 0.9571
Epoch 14/30

  20/1459 [..............................] - ETA: 0s - loss: 0.0349 - acc: 1.0000
 800/1459 [===============>..............] - ETA: 0s - loss: 0.0281 - acc: 0.9975
1459/1459 [==============================] - 0s 69us/step - loss: 0.0275 - acc: 0.9973 - val_loss: 0.1444 - val_acc: 0.9571
Epoch 15/30

  20/1459 [..............................] - ETA: 0s - loss: 0.0153 - acc: 1.0000
 800/1459 [===============>..............] - ETA: 0s - loss: 0.0256 - acc: 0.9962
1459/1459 [==============================] - 0s 67us/step - loss: 0.0250 - acc: 0.9973 - val_loss: 0.1415 - val_acc: 0.9571
Epoch 16/30

  20/1459 [..............................] - ETA: 0s - loss: 0.0249 - acc: 1.0000
 840/1459 [================>.............] - ETA: 0s - loss: 0.0246 - acc: 0.9964
1459/1459 [==============================] - 0s 65us/step - loss: 0.0230 - acc: 0.9973 - val_loss: 0.1509 - val_acc: 0.9509
Epoch 17/30

  20/1459 [..............................] - ETA: 0s - loss: 0.0368 - acc: 1.0000
 820/1459 [===============>..............] - ETA: 0s - loss: 0.0200 - acc: 0.9988
1459/1459 [==============================] - 0s 65us/step - loss: 0.0210 - acc: 0.9973 - val_loss: 0.1484 - val_acc: 0.9448
Epoch 18/30

  20/1459 [..............................] - ETA: 0s - loss: 0.0139 - acc: 1.0000
 840/1459 [================>.............] - ETA: 0s - loss: 0.0207 - acc: 0.9964
1459/1459 [==============================] - 0s 65us/step - loss: 0.0190 - acc: 0.9979 - val_loss: 0.1467 - val_acc: 0.9571
Epoch 19/30

  20/1459 [..............................] - ETA: 0s - loss: 0.0237 - acc: 1.0000
 760/1459 [==============>...............] - ETA: 0s - loss: 0.0158 - acc: 0.9987
1459/1459 [==============================] - 0s 68us/step - loss: 0.0176 - acc: 0.9979 - val_loss: 0.1517 - val_acc: 0.9509
acc: 96.32%
Train on 1460 samples, validate on 162 samples
Epoch 1/30

  20/1460 [..............................] - ETA: 49s - loss: 0.7191 - acc: 0.5000
 780/1460 [===============>..............] - ETA: 0s - loss: 0.5842 - acc: 0.7026 
1460/1460 [==============================] - 1s 594us/step - loss: 0.5333 - acc: 0.7459 - val_loss: 0.4081 - val_acc: 0.9136
Epoch 2/30

  20/1460 [..............................] - ETA: 0s - loss: 0.4328 - acc: 0.8500
 800/1460 [===============>..............] - ETA: 0s - loss: 0.3655 - acc: 0.9250
1460/1460 [==============================] - 0s 67us/step - loss: 0.3386 - acc: 0.9288 - val_loss: 0.2818 - val_acc: 0.9259
Epoch 3/30

  20/1460 [..............................] - ETA: 0s - loss: 0.2880 - acc: 0.9500
 820/1460 [===============>..............] - ETA: 0s - loss: 0.2489 - acc: 0.9646
1460/1460 [==============================] - 0s 68us/step - loss: 0.2377 - acc: 0.9630 - val_loss: 0.2466 - val_acc: 0.9444
Epoch 4/30

  20/1460 [..............................] - ETA: 0s - loss: 0.1233 - acc: 1.0000
 840/1460 [================>.............] - ETA: 0s - loss: 0.1903 - acc: 0.9690
1460/1460 [==============================] - 0s 64us/step - loss: 0.1790 - acc: 0.9719 - val_loss: 0.2013 - val_acc: 0.9568
Epoch 5/30

  20/1460 [..............................] - ETA: 0s - loss: 0.1000 - acc: 1.0000
 780/1460 [===============>..............] - ETA: 0s - loss: 0.1465 - acc: 0.9795
1460/1460 [==============================] - 0s 68us/step - loss: 0.1448 - acc: 0.9767 - val_loss: 0.1909 - val_acc: 0.9630
Epoch 6/30

  20/1460 [..............................] - ETA: 0s - loss: 0.1215 - acc: 0.9500
 800/1460 [===============>..............] - ETA: 0s - loss: 0.1274 - acc: 0.9750
1460/1460 [==============================] - 0s 69us/step - loss: 0.1186 - acc: 0.9795 - val_loss: 0.1788 - val_acc: 0.9506
Epoch 7/30

  20/1460 [..............................] - ETA: 0s - loss: 0.0780 - acc: 0.9500
 780/1460 [===============>..............] - ETA: 0s - loss: 0.1029 - acc: 0.9872
1460/1460 [==============================] - 0s 68us/step - loss: 0.1000 - acc: 0.9836 - val_loss: 0.1608 - val_acc: 0.9630
Epoch 8/30

  20/1460 [..............................] - ETA: 0s - loss: 0.0903 - acc: 1.0000
 820/1460 [===============>..............] - ETA: 0s - loss: 0.0824 - acc: 0.9878
1460/1460 [==============================] - 0s 66us/step - loss: 0.0845 - acc: 0.9863 - val_loss: 0.1612 - val_acc: 0.9630
Epoch 9/30

  20/1460 [..............................] - ETA: 0s - loss: 0.0449 - acc: 1.0000
 820/1460 [===============>..............] - ETA: 0s - loss: 0.0743 - acc: 0.9902
1460/1460 [==============================] - 0s 66us/step - loss: 0.0748 - acc: 0.9890 - val_loss: 0.1494 - val_acc: 0.9630
Epoch 10/30

  20/1460 [..............................] - ETA: 0s - loss: 0.1369 - acc: 0.9500
 820/1460 [===============>..............] - ETA: 0s - loss: 0.0634 - acc: 0.9939
1460/1460 [==============================] - 0s 67us/step - loss: 0.0672 - acc: 0.9904 - val_loss: 0.1499 - val_acc: 0.9568
Epoch 11/30

  20/1460 [..............................] - ETA: 0s - loss: 0.0320 - acc: 1.0000
 780/1460 [===============>..............] - ETA: 0s - loss: 0.0603 - acc: 0.9897
1460/1460 [==============================] - 0s 69us/step - loss: 0.0608 - acc: 0.9877 - val_loss: 0.1465 - val_acc: 0.9506
Epoch 12/30

  20/1460 [..............................] - ETA: 0s - loss: 0.0408 - acc: 1.0000
 780/1460 [===============>..............] - ETA: 0s - loss: 0.0546 - acc: 0.9897
1460/1460 [==============================] - 0s 69us/step - loss: 0.0533 - acc: 0.9911 - val_loss: 0.1319 - val_acc: 0.9630
Epoch 13/30

  20/1460 [..............................] - ETA: 0s - loss: 0.0284 - acc: 1.0000
 780/1460 [===============>..............] - ETA: 0s - loss: 0.0482 - acc: 0.9910
1460/1460 [==============================] - 0s 70us/step - loss: 0.0476 - acc: 0.9925 - val_loss: 0.1319 - val_acc: 0.9568
Epoch 14/30

  20/1460 [..............................] - ETA: 0s - loss: 0.0575 - acc: 1.0000
 780/1460 [===============>..............] - ETA: 0s - loss: 0.0429 - acc: 0.9949
1460/1460 [==============================] - 0s 68us/step - loss: 0.0433 - acc: 0.9925 - val_loss: 0.1278 - val_acc: 0.9568
Epoch 15/30

  20/1460 [..............................] - ETA: 0s - loss: 0.0351 - acc: 1.0000
 820/1460 [===============>..............] - ETA: 0s - loss: 0.0389 - acc: 0.9939
1460/1460 [==============================] - 0s 66us/step - loss: 0.0408 - acc: 0.9925 - val_loss: 0.1214 - val_acc: 0.9630
Epoch 16/30

  20/1460 [..............................] - ETA: 0s - loss: 0.0177 - acc: 1.0000
 820/1460 [===============>..............] - ETA: 0s - loss: 0.0358 - acc: 0.9963
1460/1460 [==============================] - 0s 68us/step - loss: 0.0385 - acc: 0.9932 - val_loss: 0.1321 - val_acc: 0.9568
Epoch 17/30

  20/1460 [..............................] - ETA: 0s - loss: 0.0628 - acc: 1.0000
 720/1460 [=============>................] - ETA: 0s - loss: 0.0366 - acc: 0.9958
1440/1460 [============================>.] - ETA: 0s - loss: 0.0359 - acc: 0.9944
1460/1460 [==============================] - 0s 74us/step - loss: 0.0359 - acc: 0.9945 - val_loss: 0.1254 - val_acc: 0.9568
Epoch 18/30

  20/1460 [..............................] - ETA: 0s - loss: 0.0161 - acc: 1.0000
 660/1460 [============>.................] - ETA: 0s - loss: 0.0355 - acc: 0.9939
1280/1460 [=========================>....] - ETA: 0s - loss: 0.0338 - acc: 0.9937
1460/1460 [==============================] - 0s 81us/step - loss: 0.0337 - acc: 0.9938 - val_loss: 0.1288 - val_acc: 0.9568
Epoch 19/30

  20/1460 [..............................] - ETA: 0s - loss: 0.0549 - acc: 0.9500
 620/1460 [===========>..................] - ETA: 0s - loss: 0.0329 - acc: 0.9935
1360/1460 [==========================>...] - ETA: 0s - loss: 0.0338 - acc: 0.9941
1460/1460 [==============================] - 0s 78us/step - loss: 0.0334 - acc: 0.9945 - val_loss: 0.1324 - val_acc: 0.9506
Epoch 20/30

  20/1460 [..............................] - ETA: 0s - loss: 0.0173 - acc: 1.0000
 700/1460 [=============>................] - ETA: 0s - loss: 0.0268 - acc: 0.9957
1420/1460 [============================>.] - ETA: 0s - loss: 0.0303 - acc: 0.9944
1460/1460 [==============================] - 0s 75us/step - loss: 0.0305 - acc: 0.9945 - val_loss: 0.1354 - val_acc: 0.9568
Epoch 21/30

  20/1460 [..............................] - ETA: 0s - loss: 0.0882 - acc: 0.9500
 660/1460 [============>.................] - ETA: 0s - loss: 0.0327 - acc: 0.9939
1400/1460 [===========================>..] - ETA: 0s - loss: 0.0284 - acc: 0.9950
1460/1460 [==============================] - 0s 75us/step - loss: 0.0283 - acc: 0.9952 - val_loss: 0.1313 - val_acc: 0.9568
acc: 96.30%
Train on 1460 samples, validate on 162 samples
Epoch 1/30

  20/1460 [..............................] - ETA: 57s - loss: 0.6841 - acc: 0.4000
 800/1460 [===============>..............] - ETA: 0s - loss: 0.5698 - acc: 0.7663 
1460/1460 [==============================] - 1s 679us/step - loss: 0.4832 - acc: 0.8527 - val_loss: 0.3503 - val_acc: 0.9444
Epoch 2/30

  20/1460 [..............................] - ETA: 0s - loss: 0.3506 - acc: 0.9000
 780/1460 [===============>..............] - ETA: 0s - loss: 0.2875 - acc: 0.9615
1460/1460 [==============================] - 0s 70us/step - loss: 0.2740 - acc: 0.9589 - val_loss: 0.2482 - val_acc: 0.9506
Epoch 3/30

  20/1460 [..............................] - ETA: 0s - loss: 0.2052 - acc: 1.0000
 780/1460 [===============>..............] - ETA: 0s - loss: 0.2073 - acc: 0.9667
1460/1460 [==============================] - 0s 67us/step - loss: 0.1940 - acc: 0.9733 - val_loss: 0.2095 - val_acc: 0.9506
Epoch 4/30

  20/1460 [..............................] - ETA: 0s - loss: 0.1234 - acc: 1.0000
 860/1460 [================>.............] - ETA: 0s - loss: 0.1548 - acc: 0.9733
1460/1460 [==============================] - 0s 63us/step - loss: 0.1493 - acc: 0.9781 - val_loss: 0.1767 - val_acc: 0.9506
Epoch 5/30

  20/1460 [..............................] - ETA: 0s - loss: 0.1042 - acc: 1.0000
 820/1460 [===============>..............] - ETA: 0s - loss: 0.1255 - acc: 0.9841
1460/1460 [==============================] - 0s 66us/step - loss: 0.1204 - acc: 0.9856 - val_loss: 0.1572 - val_acc: 0.9568
Epoch 6/30

  20/1460 [..............................] - ETA: 0s - loss: 0.1398 - acc: 0.9500
 780/1460 [===============>..............] - ETA: 0s - loss: 0.1076 - acc: 0.9821
1460/1460 [==============================] - 0s 69us/step - loss: 0.1000 - acc: 0.9849 - val_loss: 0.1428 - val_acc: 0.9630
Epoch 7/30

  20/1460 [..............................] - ETA: 0s - loss: 0.0572 - acc: 1.0000
 800/1460 [===============>..............] - ETA: 0s - loss: 0.0870 - acc: 0.9912
1460/1460 [==============================] - 0s 69us/step - loss: 0.0812 - acc: 0.9897 - val_loss: 0.1307 - val_acc: 0.9630
Epoch 8/30

  20/1460 [..............................] - ETA: 0s - loss: 0.0367 - acc: 1.0000
 700/1460 [=============>................] - ETA: 0s - loss: 0.0645 - acc: 0.9957
1460/1460 [==============================] - 0s 72us/step - loss: 0.0710 - acc: 0.9918 - val_loss: 0.1316 - val_acc: 0.9568
Epoch 9/30

  20/1460 [..............................] - ETA: 0s - loss: 0.0274 - acc: 1.0000
 800/1460 [===============>..............] - ETA: 0s - loss: 0.0662 - acc: 0.9900
1460/1460 [==============================] - 0s 69us/step - loss: 0.0618 - acc: 0.9918 - val_loss: 0.1355 - val_acc: 0.9630
Epoch 10/30

  20/1460 [..............................] - ETA: 0s - loss: 0.0647 - acc: 1.0000
 820/1460 [===============>..............] - ETA: 0s - loss: 0.0542 - acc: 0.9915
1460/1460 [==============================] - 0s 67us/step - loss: 0.0576 - acc: 0.9904 - val_loss: 0.1248 - val_acc: 0.9691
Epoch 11/30

  20/1460 [..............................] - ETA: 0s - loss: 0.0371 - acc: 1.0000
 820/1460 [===============>..............] - ETA: 0s - loss: 0.0517 - acc: 0.9878
1460/1460 [==============================] - 0s 66us/step - loss: 0.0519 - acc: 0.9904 - val_loss: 0.1332 - val_acc: 0.9630
Epoch 12/30

  20/1460 [..............................] - ETA: 0s - loss: 0.0333 - acc: 1.0000
 820/1460 [===============>..............] - ETA: 0s - loss: 0.0475 - acc: 0.9927
1460/1460 [==============================] - 0s 66us/step - loss: 0.0452 - acc: 0.9932 - val_loss: 0.1368 - val_acc: 0.9568
Epoch 13/30

  20/1460 [..............................] - ETA: 0s - loss: 0.0322 - acc: 1.0000
 760/1460 [==============>...............] - ETA: 0s - loss: 0.0411 - acc: 0.9934
1460/1460 [==============================] - 0s 70us/step - loss: 0.0411 - acc: 0.9932 - val_loss: 0.1313 - val_acc: 0.9630
Epoch 14/30

  20/1460 [..............................] - ETA: 0s - loss: 0.0731 - acc: 0.9500
 740/1460 [==============>...............] - ETA: 0s - loss: 0.0384 - acc: 0.9932
1460/1460 [==============================] - 0s 72us/step - loss: 0.0417 - acc: 0.9918 - val_loss: 0.1378 - val_acc: 0.9568
Epoch 15/30

  20/1460 [..............................] - ETA: 0s - loss: 0.0216 - acc: 1.0000
 780/1460 [===============>..............] - ETA: 0s - loss: 0.0312 - acc: 0.9962
1460/1460 [==============================] - 0s 70us/step - loss: 0.0343 - acc: 0.9932 - val_loss: 0.1232 - val_acc: 0.9630
Epoch 16/30

  20/1460 [..............................] - ETA: 0s - loss: 0.0204 - acc: 1.0000
 800/1460 [===============>..............] - ETA: 0s - loss: 0.0295 - acc: 0.9937
1460/1460 [==============================] - 0s 69us/step - loss: 0.0295 - acc: 0.9932 - val_loss: 0.1205 - val_acc: 0.9753
Epoch 17/30

  20/1460 [..............................] - ETA: 0s - loss: 0.0580 - acc: 1.0000
 820/1460 [===============>..............] - ETA: 0s - loss: 0.0231 - acc: 0.9988
1460/1460 [==============================] - 0s 67us/step - loss: 0.0271 - acc: 0.9952 - val_loss: 0.1216 - val_acc: 0.9630
Epoch 18/30

  20/1460 [..............................] - ETA: 0s - loss: 0.0154 - acc: 1.0000
 800/1460 [===============>..............] - ETA: 0s - loss: 0.0252 - acc: 0.9937
1460/1460 [==============================] - 0s 69us/step - loss: 0.0259 - acc: 0.9945 - val_loss: 0.1216 - val_acc: 0.9691
Epoch 19/30

  20/1460 [..............................] - ETA: 0s - loss: 0.0109 - acc: 1.0000
 820/1460 [===============>..............] - ETA: 0s - loss: 0.0180 - acc: 0.9988
1460/1460 [==============================] - 0s 66us/step - loss: 0.0232 - acc: 0.9952 - val_loss: 0.1266 - val_acc: 0.9630
Epoch 20/30

  20/1460 [..............................] - ETA: 0s - loss: 0.0097 - acc: 1.0000
 760/1460 [==============>...............] - ETA: 0s - loss: 0.0223 - acc: 0.9987
1460/1460 [==============================] - 0s 71us/step - loss: 0.0228 - acc: 0.9959 - val_loss: 0.1161 - val_acc: 0.9691
Epoch 21/30

  20/1460 [..............................] - ETA: 0s - loss: 0.0516 - acc: 0.9500
 760/1460 [==============>...............] - ETA: 0s - loss: 0.0226 - acc: 0.9934
1460/1460 [==============================] - 0s 70us/step - loss: 0.0212 - acc: 0.9952 - val_loss: 0.1285 - val_acc: 0.9568
Epoch 22/30

  20/1460 [..............................] - ETA: 0s - loss: 0.0113 - acc: 1.0000
 740/1460 [==============>...............] - ETA: 0s - loss: 0.0234 - acc: 0.9959
1460/1460 [==============================] - 0s 71us/step - loss: 0.0204 - acc: 0.9959 - val_loss: 0.1343 - val_acc: 0.9506
Epoch 23/30

  20/1460 [..............................] - ETA: 0s - loss: 0.0163 - acc: 1.0000
 780/1460 [===============>..............] - ETA: 0s - loss: 0.0176 - acc: 0.9962
1460/1460 [==============================] - 0s 69us/step - loss: 0.0193 - acc: 0.9959 - val_loss: 0.1253 - val_acc: 0.9630
Epoch 24/30

  20/1460 [..............................] - ETA: 0s - loss: 0.0147 - acc: 1.0000
 800/1460 [===============>..............] - ETA: 0s - loss: 0.0211 - acc: 0.9937
1460/1460 [==============================] - 0s 67us/step - loss: 0.0184 - acc: 0.9959 - val_loss: 0.1188 - val_acc: 0.9630
Epoch 25/30

  20/1460 [..............................] - ETA: 0s - loss: 0.0141 - acc: 1.0000
 800/1460 [===============>..............] - ETA: 0s - loss: 0.0157 - acc: 0.9962
1460/1460 [==============================] - 0s 67us/step - loss: 0.0181 - acc: 0.9959 - val_loss: 0.1206 - val_acc: 0.9568
Epoch 26/30

  20/1460 [..............................] - ETA: 0s - loss: 0.0037 - acc: 1.0000
 820/1460 [===============>..............] - ETA: 0s - loss: 0.0203 - acc: 0.9963
1460/1460 [==============================] - 0s 66us/step - loss: 0.0187 - acc: 0.9973 - val_loss: 0.1271 - val_acc: 0.9630
Epoch 27/30

  20/1460 [..............................] - ETA: 0s - loss: 0.0495 - acc: 0.9500
 780/1460 [===============>..............] - ETA: 0s - loss: 0.0129 - acc: 0.9987
1460/1460 [==============================] - 0s 69us/step - loss: 0.0175 - acc: 0.9959 - val_loss: 0.1298 - val_acc: 0.9691
Epoch 28/30

  20/1460 [..............................] - ETA: 0s - loss: 0.0070 - acc: 1.0000
 800/1460 [===============>..............] - ETA: 0s - loss: 0.0188 - acc: 0.9962
1460/1460 [==============================] - 0s 69us/step - loss: 0.0167 - acc: 0.9973 - val_loss: 0.1249 - val_acc: 0.9691
Epoch 29/30

  20/1460 [..............................] - ETA: 0s - loss: 0.0098 - acc: 1.0000
 780/1460 [===============>..............] - ETA: 0s - loss: 0.0194 - acc: 0.9962
1460/1460 [==============================] - 0s 68us/step - loss: 0.0172 - acc: 0.9973 - val_loss: 0.1136 - val_acc: 0.9630
Epoch 30/30

  20/1460 [..............................] - ETA: 0s - loss: 0.0036 - acc: 1.0000
 800/1460 [===============>..............] - ETA: 0s - loss: 0.0140 - acc: 0.9975
1460/1460 [==============================] - 0s 69us/step - loss: 0.0159 - acc: 0.9973 - val_loss: 0.1304 - val_acc: 0.9568
acc: 95.68%
Train on 1460 samples, validate on 162 samples
Epoch 1/30

  20/1460 [..............................] - ETA: 1:04 - loss: 0.6628 - acc: 0.7000
 720/1460 [=============>................] - ETA: 0s - loss: 0.5800 - acc: 0.7250  
1460/1460 [==============================] - 1s 758us/step - loss: 0.4849 - acc: 0.8130 - val_loss: 0.3495 - val_acc: 0.9198
Epoch 2/30

  20/1460 [..............................] - ETA: 0s - loss: 0.3186 - acc: 1.0000
 780/1460 [===============>..............] - ETA: 0s - loss: 0.2879 - acc: 0.9385
1460/1460 [==============================] - 0s 69us/step - loss: 0.2810 - acc: 0.9370 - val_loss: 0.2680 - val_acc: 0.9383
Epoch 3/30

  20/1460 [..............................] - ETA: 0s - loss: 0.2330 - acc: 1.0000
 780/1460 [===============>..............] - ETA: 0s - loss: 0.2264 - acc: 0.9487
1460/1460 [==============================] - 0s 70us/step - loss: 0.2089 - acc: 0.9507 - val_loss: 0.2057 - val_acc: 0.9444
Epoch 4/30

  20/1460 [..............................] - ETA: 0s - loss: 0.1448 - acc: 1.0000
 820/1460 [===============>..............] - ETA: 0s - loss: 0.1700 - acc: 0.9585
1460/1460 [==============================] - 0s 69us/step - loss: 0.1659 - acc: 0.9596 - val_loss: 0.1822 - val_acc: 0.9568
Epoch 5/30

  20/1460 [..............................] - ETA: 0s - loss: 0.1346 - acc: 0.9500
 720/1460 [=============>................] - ETA: 0s - loss: 0.1353 - acc: 0.9736
1420/1460 [============================>.] - ETA: 0s - loss: 0.1342 - acc: 0.9718
1460/1460 [==============================] - 0s 76us/step - loss: 0.1355 - acc: 0.9705 - val_loss: 0.1470 - val_acc: 0.9815
Epoch 6/30

  20/1460 [..............................] - ETA: 0s - loss: 0.1182 - acc: 1.0000
 660/1460 [============>.................] - ETA: 0s - loss: 0.1188 - acc: 0.9758
1260/1460 [========================>.....] - ETA: 0s - loss: 0.1146 - acc: 0.9802
1460/1460 [==============================] - 0s 85us/step - loss: 0.1120 - acc: 0.9795 - val_loss: 0.1461 - val_acc: 0.9444
Epoch 7/30

  20/1460 [..............................] - ETA: 0s - loss: 0.0557 - acc: 1.0000
 700/1460 [=============>................] - ETA: 0s - loss: 0.0984 - acc: 0.9857
1360/1460 [==========================>...] - ETA: 0s - loss: 0.0949 - acc: 0.9846
1460/1460 [==============================] - 0s 80us/step - loss: 0.0949 - acc: 0.9842 - val_loss: 0.1557 - val_acc: 0.9444
Epoch 8/30

  20/1460 [..............................] - ETA: 0s - loss: 0.0605 - acc: 1.0000
 640/1460 [============>.................] - ETA: 0s - loss: 0.0814 - acc: 0.9844
1320/1460 [==========================>...] - ETA: 0s - loss: 0.0810 - acc: 0.9856
1460/1460 [==============================] - 0s 82us/step - loss: 0.0785 - acc: 0.9870 - val_loss: 0.1406 - val_acc: 0.9444
Epoch 9/30

  20/1460 [..............................] - ETA: 0s - loss: 0.1245 - acc: 0.9500
 680/1460 [============>.................] - ETA: 0s - loss: 0.0721 - acc: 0.9868
1360/1460 [==========================>...] - ETA: 0s - loss: 0.0687 - acc: 0.9882
1460/1460 [==============================] - 0s 79us/step - loss: 0.0682 - acc: 0.9890 - val_loss: 0.1500 - val_acc: 0.9444
Epoch 10/30

  20/1460 [..............................] - ETA: 0s - loss: 0.0499 - acc: 1.0000
 680/1460 [============>.................] - ETA: 0s - loss: 0.0587 - acc: 0.9882
1360/1460 [==========================>...] - ETA: 0s - loss: 0.0605 - acc: 0.9904
1460/1460 [==============================] - 0s 80us/step - loss: 0.0597 - acc: 0.9904 - val_loss: 0.1344 - val_acc: 0.9444
Epoch 11/30

  20/1460 [..............................] - ETA: 0s - loss: 0.0442 - acc: 1.0000
 760/1460 [==============>...............] - ETA: 0s - loss: 0.0535 - acc: 0.9921
1460/1460 [==============================] - 0s 72us/step - loss: 0.0545 - acc: 0.9932 - val_loss: 0.1240 - val_acc: 0.9506
Epoch 12/30

  20/1460 [..............................] - ETA: 0s - loss: 0.0279 - acc: 1.0000
 780/1460 [===============>..............] - ETA: 0s - loss: 0.0459 - acc: 0.9923
1460/1460 [==============================] - 0s 70us/step - loss: 0.0501 - acc: 0.9925 - val_loss: 0.1383 - val_acc: 0.9383
Epoch 13/30

  20/1460 [..............................] - ETA: 0s - loss: 0.0462 - acc: 1.0000
 760/1460 [==============>...............] - ETA: 0s - loss: 0.0423 - acc: 0.9947
1460/1460 [==============================] - 0s 71us/step - loss: 0.0463 - acc: 0.9925 - val_loss: 0.1283 - val_acc: 0.9444
Epoch 14/30

  20/1460 [..............................] - ETA: 0s - loss: 0.0550 - acc: 0.9500
 780/1460 [===============>..............] - ETA: 0s - loss: 0.0406 - acc: 0.9910
1460/1460 [==============================] - 0s 72us/step - loss: 0.0441 - acc: 0.9925 - val_loss: 0.1451 - val_acc: 0.9383
Epoch 15/30

  20/1460 [..............................] - ETA: 0s - loss: 0.0190 - acc: 1.0000
 760/1460 [==============>...............] - ETA: 0s - loss: 0.0356 - acc: 0.9947
1460/1460 [==============================] - 0s 70us/step - loss: 0.0387 - acc: 0.9945 - val_loss: 0.1504 - val_acc: 0.9444
Epoch 16/30

  20/1460 [..............................] - ETA: 0s - loss: 0.0178 - acc: 1.0000
 740/1460 [==============>...............] - ETA: 0s - loss: 0.0403 - acc: 0.9932
1460/1460 [==============================] - 0s 74us/step - loss: 0.0352 - acc: 0.9952 - val_loss: 0.1427 - val_acc: 0.9506
Epoch 17/30

  20/1460 [..............................] - ETA: 0s - loss: 0.0486 - acc: 1.0000
 760/1460 [==============>...............] - ETA: 0s - loss: 0.0326 - acc: 0.9974
1460/1460 [==============================] - 0s 72us/step - loss: 0.0330 - acc: 0.9959 - val_loss: 0.1366 - val_acc: 0.9506
Epoch 18/30

  20/1460 [..............................] - ETA: 0s - loss: 0.0165 - acc: 1.0000
 760/1460 [==============>...............] - ETA: 0s - loss: 0.0322 - acc: 0.9934
1460/1460 [==============================] - 0s 72us/step - loss: 0.0309 - acc: 0.9952 - val_loss: 0.1489 - val_acc: 0.9444
Epoch 19/30

  20/1460 [..............................] - ETA: 0s - loss: 0.0137 - acc: 1.0000
 760/1460 [==============>...............] - ETA: 0s - loss: 0.0357 - acc: 0.9934
1460/1460 [==============================] - 0s 73us/step - loss: 0.0292 - acc: 0.9959 - val_loss: 0.1244 - val_acc: 0.9506
Epoch 20/30

  20/1460 [..............................] - ETA: 0s - loss: 0.0250 - acc: 1.0000
 760/1460 [==============>...............] - ETA: 0s - loss: 0.0261 - acc: 0.9974
1460/1460 [==============================] - 0s 72us/step - loss: 0.0253 - acc: 0.9959 - val_loss: 0.1269 - val_acc: 0.9506
Epoch 21/30

  20/1460 [..............................] - ETA: 0s - loss: 0.0176 - acc: 1.0000
 740/1460 [==============>...............] - ETA: 0s - loss: 0.0284 - acc: 0.9946
1460/1460 [==============================] - 0s 72us/step - loss: 0.0238 - acc: 0.9973 - val_loss: 0.1299 - val_acc: 0.9506
acc: 98.15%
Train on 1460 samples, validate on 162 samples
Epoch 1/30

  20/1460 [..............................] - ETA: 1:12 - loss: 0.6682 - acc: 0.7000
 780/1460 [===============>..............] - ETA: 0s - loss: 0.5496 - acc: 0.7910  
1460/1460 [==============================] - 1s 833us/step - loss: 0.4631 - acc: 0.8568 - val_loss: 0.3281 - val_acc: 0.9506
Epoch 2/30

  20/1460 [..............................] - ETA: 0s - loss: 0.2672 - acc: 1.0000
 760/1460 [==============>...............] - ETA: 0s - loss: 0.2619 - acc: 0.9632
1460/1460 [==============================] - 0s 70us/step - loss: 0.2513 - acc: 0.9589 - val_loss: 0.2290 - val_acc: 0.9568
Epoch 3/30

  20/1460 [..............................] - ETA: 0s - loss: 0.2148 - acc: 1.0000
 780/1460 [===============>..............] - ETA: 0s - loss: 0.1765 - acc: 0.9782
1460/1460 [==============================] - 0s 72us/step - loss: 0.1795 - acc: 0.9719 - val_loss: 0.1920 - val_acc: 0.9568
Epoch 4/30

  20/1460 [..............................] - ETA: 0s - loss: 0.2463 - acc: 0.9000
 820/1460 [===============>..............] - ETA: 0s - loss: 0.1439 - acc: 0.9732
1460/1460 [==============================] - 0s 66us/step - loss: 0.1374 - acc: 0.9774 - val_loss: 0.1472 - val_acc: 0.9753
Epoch 5/30

  20/1460 [..............................] - ETA: 0s - loss: 0.0956 - acc: 1.0000
 820/1460 [===============>..............] - ETA: 0s - loss: 0.1088 - acc: 0.9829
1460/1460 [==============================] - 0s 69us/step - loss: 0.1134 - acc: 0.9781 - val_loss: 0.1438 - val_acc: 0.9630
Epoch 6/30

  20/1460 [..............................] - ETA: 0s - loss: 0.0894 - acc: 1.0000
 780/1460 [===============>..............] - ETA: 0s - loss: 0.1007 - acc: 0.9872
1460/1460 [==============================] - 0s 69us/step - loss: 0.0929 - acc: 0.9877 - val_loss: 0.1265 - val_acc: 0.9691
Epoch 7/30

  20/1460 [..............................] - ETA: 0s - loss: 0.0898 - acc: 1.0000
 780/1460 [===============>..............] - ETA: 0s - loss: 0.0735 - acc: 0.9923
1460/1460 [==============================] - 0s 69us/step - loss: 0.0760 - acc: 0.9890 - val_loss: 0.1155 - val_acc: 0.9691
Epoch 8/30

  20/1460 [..............................] - ETA: 0s - loss: 0.0914 - acc: 0.9500
 780/1460 [===============>..............] - ETA: 0s - loss: 0.0786 - acc: 0.9821
1460/1460 [==============================] - 0s 70us/step - loss: 0.0702 - acc: 0.9863 - val_loss: 0.1041 - val_acc: 0.9691
Epoch 9/30

  20/1460 [..............................] - ETA: 0s - loss: 0.0346 - acc: 1.0000
 800/1460 [===============>..............] - ETA: 0s - loss: 0.0491 - acc: 0.9937
1460/1460 [==============================] - 0s 69us/step - loss: 0.0566 - acc: 0.9918 - val_loss: 0.1096 - val_acc: 0.9691
Epoch 10/30

  20/1460 [..............................] - ETA: 0s - loss: 0.0920 - acc: 0.9500
 800/1460 [===============>..............] - ETA: 0s - loss: 0.0545 - acc: 0.9912
1460/1460 [==============================] - 0s 69us/step - loss: 0.0541 - acc: 0.9918 - val_loss: 0.1038 - val_acc: 0.9691
Epoch 11/30

  20/1460 [..............................] - ETA: 0s - loss: 0.0460 - acc: 1.0000
 780/1460 [===============>..............] - ETA: 0s - loss: 0.0388 - acc: 0.9974
1460/1460 [==============================] - 0s 70us/step - loss: 0.0409 - acc: 0.9952 - val_loss: 0.1148 - val_acc: 0.9691
Epoch 12/30

  20/1460 [..............................] - ETA: 0s - loss: 0.0265 - acc: 1.0000
 780/1460 [===============>..............] - ETA: 0s - loss: 0.0403 - acc: 0.9936
1460/1460 [==============================] - 0s 69us/step - loss: 0.0359 - acc: 0.9952 - val_loss: 0.1048 - val_acc: 0.9691
Epoch 13/30

  20/1460 [..............................] - ETA: 0s - loss: 0.0245 - acc: 1.0000
 780/1460 [===============>..............] - ETA: 0s - loss: 0.0341 - acc: 0.9936
1460/1460 [==============================] - 0s 69us/step - loss: 0.0311 - acc: 0.9959 - val_loss: 0.0940 - val_acc: 0.9691
Epoch 14/30

  20/1460 [..............................] - ETA: 0s - loss: 0.0228 - acc: 1.0000
 800/1460 [===============>..............] - ETA: 0s - loss: 0.0225 - acc: 1.0000
1460/1460 [==============================] - 0s 69us/step - loss: 0.0265 - acc: 0.9966 - val_loss: 0.0975 - val_acc: 0.9691
Epoch 15/30

  20/1460 [..............................] - ETA: 0s - loss: 0.0298 - acc: 1.0000
 780/1460 [===============>..............] - ETA: 0s - loss: 0.0211 - acc: 0.9987
1460/1460 [==============================] - 0s 70us/step - loss: 0.0241 - acc: 0.9966 - val_loss: 0.1040 - val_acc: 0.9753
Epoch 16/30

  20/1460 [..............................] - ETA: 0s - loss: 0.0167 - acc: 1.0000
 800/1460 [===============>..............] - ETA: 0s - loss: 0.0182 - acc: 1.0000
1460/1460 [==============================] - 0s 68us/step - loss: 0.0214 - acc: 0.9973 - val_loss: 0.0949 - val_acc: 0.9753
Epoch 17/30

  20/1460 [..............................] - ETA: 0s - loss: 0.0270 - acc: 1.0000
 720/1460 [=============>................] - ETA: 0s - loss: 0.0211 - acc: 0.9986
1400/1460 [===========================>..] - ETA: 0s - loss: 0.0193 - acc: 0.9986
1460/1460 [==============================] - 0s 77us/step - loss: 0.0189 - acc: 0.9986 - val_loss: 0.0943 - val_acc: 0.9753
Epoch 18/30

  20/1460 [..............................] - ETA: 0s - loss: 0.0107 - acc: 1.0000
 760/1460 [==============>...............] - ETA: 0s - loss: 0.0169 - acc: 0.9974
1460/1460 [==============================] - 0s 70us/step - loss: 0.0174 - acc: 0.9979 - val_loss: 0.0903 - val_acc: 0.9691
Epoch 19/30

  20/1460 [..............................] - ETA: 0s - loss: 0.0108 - acc: 1.0000
 800/1460 [===============>..............] - ETA: 0s - loss: 0.0149 - acc: 0.9987
1460/1460 [==============================] - 0s 69us/step - loss: 0.0162 - acc: 0.9973 - val_loss: 0.0907 - val_acc: 0.9815
Epoch 20/30

  20/1460 [..............................] - ETA: 0s - loss: 0.0126 - acc: 1.0000
 780/1460 [===============>..............] - ETA: 0s - loss: 0.0141 - acc: 1.0000
1460/1460 [==============================] - 0s 70us/step - loss: 0.0150 - acc: 0.9979 - val_loss: 0.0887 - val_acc: 0.9691
Epoch 21/30

  20/1460 [..............................] - ETA: 0s - loss: 0.0059 - acc: 1.0000
 740/1460 [==============>...............] - ETA: 0s - loss: 0.0131 - acc: 0.9986
1460/1460 [==============================] - 0s 72us/step - loss: 0.0138 - acc: 0.9986 - val_loss: 0.0903 - val_acc: 0.9691
Epoch 22/30

  20/1460 [..............................] - ETA: 0s - loss: 0.0128 - acc: 1.0000
 780/1460 [===============>..............] - ETA: 0s - loss: 0.0132 - acc: 0.9974
1460/1460 [==============================] - 0s 70us/step - loss: 0.0130 - acc: 0.9979 - val_loss: 0.0881 - val_acc: 0.9815
Epoch 23/30

  20/1460 [..............................] - ETA: 0s - loss: 0.0065 - acc: 1.0000
 760/1460 [==============>...............] - ETA: 0s - loss: 0.0119 - acc: 0.9987
1460/1460 [==============================] - 0s 72us/step - loss: 0.0122 - acc: 0.9986 - val_loss: 0.0889 - val_acc: 0.9815
Epoch 24/30

  20/1460 [..............................] - ETA: 0s - loss: 0.0407 - acc: 1.0000
 700/1460 [=============>................] - ETA: 0s - loss: 0.0110 - acc: 0.9986
1440/1460 [============================>.] - ETA: 0s - loss: 0.0115 - acc: 0.9986
1460/1460 [==============================] - 0s 74us/step - loss: 0.0114 - acc: 0.9986 - val_loss: 0.0879 - val_acc: 0.9753
Epoch 25/30

  20/1460 [..............................] - ETA: 0s - loss: 0.0066 - acc: 1.0000
 740/1460 [==============>...............] - ETA: 0s - loss: 0.0098 - acc: 0.9986
1460/1460 [==============================] - 0s 72us/step - loss: 0.0109 - acc: 0.9979 - val_loss: 0.0868 - val_acc: 0.9753
Epoch 26/30

  20/1460 [..............................] - ETA: 0s - loss: 0.0099 - acc: 1.0000
 740/1460 [==============>...............] - ETA: 0s - loss: 0.0105 - acc: 1.0000
1420/1460 [============================>.] - ETA: 0s - loss: 0.0108 - acc: 0.9986
1460/1460 [==============================] - 0s 77us/step - loss: 0.0107 - acc: 0.9986 - val_loss: 0.0869 - val_acc: 0.9753
Epoch 27/30

  20/1460 [..............................] - ETA: 0s - loss: 0.0055 - acc: 1.0000
 740/1460 [==============>...............] - ETA: 0s - loss: 0.0079 - acc: 0.9986
1440/1460 [============================>.] - ETA: 0s - loss: 0.0097 - acc: 0.9979
1460/1460 [==============================] - 0s 73us/step - loss: 0.0100 - acc: 0.9979 - val_loss: 0.0906 - val_acc: 0.9753
Epoch 28/30

  20/1460 [..............................] - ETA: 0s - loss: 0.0092 - acc: 1.0000
 640/1460 [============>.................] - ETA: 0s - loss: 0.0099 - acc: 1.0000
1340/1460 [==========================>...] - ETA: 0s - loss: 0.0099 - acc: 0.9985
1460/1460 [==============================] - 0s 80us/step - loss: 0.0095 - acc: 0.9986 - val_loss: 0.0901 - val_acc: 0.9753
Epoch 29/30

  20/1460 [..............................] - ETA: 0s - loss: 0.0071 - acc: 1.0000
 740/1460 [==============>...............] - ETA: 0s - loss: 0.0066 - acc: 1.0000
1420/1460 [============================>.] - ETA: 0s - loss: 0.0093 - acc: 0.9979
1460/1460 [==============================] - 0s 75us/step - loss: 0.0092 - acc: 0.9979 - val_loss: 0.0943 - val_acc: 0.9753
Epoch 30/30

  20/1460 [..............................] - ETA: 0s - loss: 0.0092 - acc: 1.0000
 780/1460 [===============>..............] - ETA: 0s - loss: 0.0092 - acc: 0.9987
1460/1460 [==============================] - 0s 69us/step - loss: 0.0088 - acc: 0.9986 - val_loss: 0.0955 - val_acc: 0.9753
acc: 97.53%
Train on 1460 samples, validate on 162 samples
Epoch 1/30

  20/1460 [..............................] - ETA: 1:18 - loss: 0.7209 - acc: 0.5000
 660/1460 [============>.................] - ETA: 1s - loss: 0.5868 - acc: 0.7652  
1400/1460 [===========================>..] - ETA: 0s - loss: 0.5001 - acc: 0.8286
1460/1460 [==============================] - 1s 908us/step - loss: 0.4944 - acc: 0.8329 - val_loss: 0.3589 - val_acc: 0.9136
Epoch 2/30

  20/1460 [..............................] - ETA: 0s - loss: 0.3673 - acc: 0.8500
 740/1460 [==============>...............] - ETA: 0s - loss: 0.3105 - acc: 0.9378
1460/1460 [==============================] - 0s 72us/step - loss: 0.2877 - acc: 0.9438 - val_loss: 0.2508 - val_acc: 0.9568
Epoch 3/30

  20/1460 [..............................] - ETA: 0s - loss: 0.2506 - acc: 0.9000
 760/1460 [==============>...............] - ETA: 0s - loss: 0.2237 - acc: 0.9618
1460/1460 [==============================] - 0s 73us/step - loss: 0.2038 - acc: 0.9637 - val_loss: 0.1847 - val_acc: 0.9691
Epoch 4/30

  20/1460 [..............................] - ETA: 0s - loss: 0.1306 - acc: 1.0000
 760/1460 [==============>...............] - ETA: 0s - loss: 0.1563 - acc: 0.9763
1460/1460 [==============================] - 0s 70us/step - loss: 0.1535 - acc: 0.9699 - val_loss: 0.1672 - val_acc: 0.9568
Epoch 5/30

  20/1460 [..............................] - ETA: 0s - loss: 0.1334 - acc: 0.9500
 800/1460 [===============>..............] - ETA: 0s - loss: 0.1256 - acc: 0.9762
1460/1460 [==============================] - 0s 68us/step - loss: 0.1223 - acc: 0.9767 - val_loss: 0.1482 - val_acc: 0.9691
Epoch 6/30

  20/1460 [..............................] - ETA: 0s - loss: 0.0703 - acc: 1.0000
 780/1460 [===============>..............] - ETA: 0s - loss: 0.1028 - acc: 0.9808
1460/1460 [==============================] - 0s 69us/step - loss: 0.1033 - acc: 0.9795 - val_loss: 0.1272 - val_acc: 0.9691
Epoch 7/30

  20/1460 [..............................] - ETA: 0s - loss: 0.0635 - acc: 1.0000
 780/1460 [===============>..............] - ETA: 0s - loss: 0.0870 - acc: 0.9859
1460/1460 [==============================] - 0s 70us/step - loss: 0.0850 - acc: 0.9842 - val_loss: 0.1331 - val_acc: 0.9568
Epoch 8/30

  20/1460 [..............................] - ETA: 0s - loss: 0.0465 - acc: 1.0000
 800/1460 [===============>..............] - ETA: 0s - loss: 0.0729 - acc: 0.9887
1460/1460 [==============================] - 0s 70us/step - loss: 0.0750 - acc: 0.9877 - val_loss: 0.1138 - val_acc: 0.9691
Epoch 9/30

  20/1460 [..............................] - ETA: 0s - loss: 0.0500 - acc: 1.0000
 780/1460 [===============>..............] - ETA: 0s - loss: 0.0688 - acc: 0.9885
1460/1460 [==============================] - 0s 70us/step - loss: 0.0680 - acc: 0.9877 - val_loss: 0.1194 - val_acc: 0.9568
Epoch 10/30

  20/1460 [..............................] - ETA: 0s - loss: 0.0561 - acc: 1.0000
 720/1460 [=============>................] - ETA: 0s - loss: 0.0590 - acc: 0.9917
1460/1460 [==============================] - 0s 73us/step - loss: 0.0579 - acc: 0.9904 - val_loss: 0.1172 - val_acc: 0.9630
Epoch 11/30

  20/1460 [..............................] - ETA: 0s - loss: 0.0451 - acc: 1.0000
 720/1460 [=============>................] - ETA: 0s - loss: 0.0500 - acc: 0.9931
1440/1460 [============================>.] - ETA: 0s - loss: 0.0497 - acc: 0.9931
1460/1460 [==============================] - 0s 75us/step - loss: 0.0493 - acc: 0.9932 - val_loss: 0.1047 - val_acc: 0.9691
Epoch 12/30

  20/1460 [..............................] - ETA: 0s - loss: 0.0489 - acc: 1.0000
 760/1460 [==============>...............] - ETA: 0s - loss: 0.0462 - acc: 0.9908
1440/1460 [============================>.] - ETA: 0s - loss: 0.0430 - acc: 0.9937
1460/1460 [==============================] - 0s 74us/step - loss: 0.0429 - acc: 0.9938 - val_loss: 0.1127 - val_acc: 0.9568
Epoch 13/30

  20/1460 [..............................] - ETA: 0s - loss: 0.0237 - acc: 1.0000
 740/1460 [==============>...............] - ETA: 0s - loss: 0.0431 - acc: 0.9932
1460/1460 [==============================] - 0s 72us/step - loss: 0.0421 - acc: 0.9911 - val_loss: 0.1177 - val_acc: 0.9506
Epoch 14/30

  20/1460 [..............................] - ETA: 0s - loss: 0.0311 - acc: 1.0000
 760/1460 [==============>...............] - ETA: 0s - loss: 0.0374 - acc: 0.9947
1460/1460 [==============================] - 0s 71us/step - loss: 0.0362 - acc: 0.9945 - val_loss: 0.0988 - val_acc: 0.9630
Epoch 15/30

  20/1460 [..............................] - ETA: 0s - loss: 0.0648 - acc: 0.9500
 720/1460 [=============>................] - ETA: 0s - loss: 0.0294 - acc: 0.9958
1440/1460 [============================>.] - ETA: 0s - loss: 0.0330 - acc: 0.9944
1460/1460 [==============================] - 0s 76us/step - loss: 0.0327 - acc: 0.9945 - val_loss: 0.1075 - val_acc: 0.9630
Epoch 16/30

  20/1460 [..............................] - ETA: 0s - loss: 0.0144 - acc: 1.0000
 740/1460 [==============>...............] - ETA: 0s - loss: 0.0336 - acc: 0.9919
1460/1460 [==============================] - 0s 73us/step - loss: 0.0291 - acc: 0.9952 - val_loss: 0.0924 - val_acc: 0.9630
Epoch 17/30

  20/1460 [..............................] - ETA: 0s - loss: 0.0136 - acc: 1.0000
 760/1460 [==============>...............] - ETA: 0s - loss: 0.0289 - acc: 0.9908
1440/1460 [============================>.] - ETA: 0s - loss: 0.0246 - acc: 0.9951
1460/1460 [==============================] - 0s 74us/step - loss: 0.0263 - acc: 0.9945 - val_loss: 0.0928 - val_acc: 0.9630
Epoch 18/30

  20/1460 [..............................] - ETA: 0s - loss: 0.0101 - acc: 1.0000
 740/1460 [==============>...............] - ETA: 0s - loss: 0.0297 - acc: 0.9919
1460/1460 [==============================] - 0s 73us/step - loss: 0.0251 - acc: 0.9952 - val_loss: 0.0895 - val_acc: 0.9568
Epoch 19/30

  20/1460 [..............................] - ETA: 0s - loss: 0.0126 - acc: 1.0000
 780/1460 [===============>..............] - ETA: 0s - loss: 0.0265 - acc: 0.9923
1460/1460 [==============================] - 0s 70us/step - loss: 0.0239 - acc: 0.9952 - val_loss: 0.0788 - val_acc: 0.9691
acc: 96.91%
Train on 1460 samples, validate on 162 samples
Epoch 1/30

  20/1460 [..............................] - ETA: 1:25 - loss: 0.7779 - acc: 0.4500
 780/1460 [===============>..............] - ETA: 1s - loss: 0.5888 - acc: 0.7449  
1460/1460 [==============================] - 1s 977us/step - loss: 0.4971 - acc: 0.8288 - val_loss: 0.3186 - val_acc: 0.9444
Epoch 2/30

  20/1460 [..............................] - ETA: 0s - loss: 0.3737 - acc: 0.9000
 740/1460 [==============>...............] - ETA: 0s - loss: 0.2903 - acc: 0.9608
1460/1460 [==============================] - 0s 70us/step - loss: 0.2678 - acc: 0.9658 - val_loss: 0.2234 - val_acc: 0.9691
Epoch 3/30

  20/1460 [..............................] - ETA: 0s - loss: 0.1871 - acc: 1.0000
 740/1460 [==============>...............] - ETA: 0s - loss: 0.1953 - acc: 0.9716
1460/1460 [==============================] - 0s 72us/step - loss: 0.1891 - acc: 0.9733 - val_loss: 0.1721 - val_acc: 0.9630
Epoch 4/30

  20/1460 [..............................] - ETA: 0s - loss: 0.1150 - acc: 1.0000
 740/1460 [==============>...............] - ETA: 0s - loss: 0.1501 - acc: 0.9770
1400/1460 [===========================>..] - ETA: 0s - loss: 0.1453 - acc: 0.9807
1460/1460 [==============================] - 0s 76us/step - loss: 0.1455 - acc: 0.9795 - val_loss: 0.1457 - val_acc: 0.9753
Epoch 5/30

  20/1460 [..............................] - ETA: 0s - loss: 0.1115 - acc: 1.0000
 740/1460 [==============>...............] - ETA: 0s - loss: 0.1096 - acc: 0.9878
1460/1460 [==============================] - 0s 73us/step - loss: 0.1171 - acc: 0.9849 - val_loss: 0.1235 - val_acc: 0.9691
Epoch 6/30

  20/1460 [..............................] - ETA: 0s - loss: 0.1087 - acc: 1.0000
 740/1460 [==============>...............] - ETA: 0s - loss: 0.0994 - acc: 0.9838
1420/1460 [============================>.] - ETA: 0s - loss: 0.0989 - acc: 0.9852
1460/1460 [==============================] - 0s 76us/step - loss: 0.0991 - acc: 0.9856 - val_loss: 0.1192 - val_acc: 0.9753
Epoch 7/30

  20/1460 [..............................] - ETA: 0s - loss: 0.0600 - acc: 1.0000
 740/1460 [==============>...............] - ETA: 0s - loss: 0.0854 - acc: 0.9851
1460/1460 [==============================] - 0s 72us/step - loss: 0.0831 - acc: 0.9863 - val_loss: 0.1137 - val_acc: 0.9691
Epoch 8/30

  20/1460 [..............................] - ETA: 0s - loss: 0.0394 - acc: 1.0000
 720/1460 [=============>................] - ETA: 0s - loss: 0.0673 - acc: 0.9917
1440/1460 [============================>.] - ETA: 0s - loss: 0.0702 - acc: 0.9889
1460/1460 [==============================] - 0s 75us/step - loss: 0.0699 - acc: 0.9890 - val_loss: 0.1146 - val_acc: 0.9630
Epoch 9/30

  20/1460 [..............................] - ETA: 0s - loss: 0.0412 - acc: 1.0000
 740/1460 [==============>...............] - ETA: 0s - loss: 0.0541 - acc: 0.9919
1460/1460 [==============================] - 0s 72us/step - loss: 0.0591 - acc: 0.9911 - val_loss: 0.1121 - val_acc: 0.9630
Epoch 10/30

  20/1460 [..............................] - ETA: 0s - loss: 0.0726 - acc: 1.0000
 780/1460 [===============>..............] - ETA: 0s - loss: 0.0508 - acc: 0.9949
1460/1460 [==============================] - 0s 71us/step - loss: 0.0501 - acc: 0.9938 - val_loss: 0.1017 - val_acc: 0.9691
Epoch 11/30

  20/1460 [..............................] - ETA: 0s - loss: 0.0332 - acc: 1.0000
 760/1460 [==============>...............] - ETA: 0s - loss: 0.0421 - acc: 0.9961
1460/1460 [==============================] - 0s 71us/step - loss: 0.0442 - acc: 0.9952 - val_loss: 0.1041 - val_acc: 0.9691
Epoch 12/30

  20/1460 [..............................] - ETA: 0s - loss: 0.0439 - acc: 1.0000
 760/1460 [==============>...............] - ETA: 0s - loss: 0.0358 - acc: 0.9974
1420/1460 [============================>.] - ETA: 0s - loss: 0.0400 - acc: 0.9944
1460/1460 [==============================] - 0s 76us/step - loss: 0.0394 - acc: 0.9945 - val_loss: 0.1038 - val_acc: 0.9691
Epoch 13/30

  20/1460 [..............................] - ETA: 0s - loss: 0.0154 - acc: 1.0000
 700/1460 [=============>................] - ETA: 0s - loss: 0.0352 - acc: 0.9943
1420/1460 [============================>.] - ETA: 0s - loss: 0.0337 - acc: 0.9965
1460/1460 [==============================] - 0s 78us/step - loss: 0.0360 - acc: 0.9952 - val_loss: 0.1064 - val_acc: 0.9691
Epoch 14/30

  20/1460 [..............................] - ETA: 0s - loss: 0.1011 - acc: 0.9500
 740/1460 [==============>...............] - ETA: 0s - loss: 0.0355 - acc: 0.9946
1440/1460 [============================>.] - ETA: 0s - loss: 0.0319 - acc: 0.9958
1460/1460 [==============================] - 0s 75us/step - loss: 0.0317 - acc: 0.9959 - val_loss: 0.1080 - val_acc: 0.9691
Epoch 15/30

  20/1460 [..............................] - ETA: 0s - loss: 0.0094 - acc: 1.0000
 760/1460 [==============>...............] - ETA: 0s - loss: 0.0298 - acc: 0.9947
1460/1460 [==============================] - 0s 72us/step - loss: 0.0295 - acc: 0.9959 - val_loss: 0.1113 - val_acc: 0.9630
Epoch 16/30

  20/1460 [..............................] - ETA: 0s - loss: 0.0171 - acc: 1.0000
 760/1460 [==============>...............] - ETA: 0s - loss: 0.0240 - acc: 0.9961
1460/1460 [==============================] - 0s 71us/step - loss: 0.0269 - acc: 0.9959 - val_loss: 0.1057 - val_acc: 0.9691
Epoch 17/30

  20/1460 [..............................] - ETA: 0s - loss: 0.0140 - acc: 1.0000
 780/1460 [===============>..............] - ETA: 0s - loss: 0.0224 - acc: 0.9962
1460/1460 [==============================] - 0s 71us/step - loss: 0.0245 - acc: 0.9952 - val_loss: 0.1194 - val_acc: 0.9568
Epoch 18/30

  20/1460 [..............................] - ETA: 0s - loss: 0.0338 - acc: 1.0000
 760/1460 [==============>...............] - ETA: 0s - loss: 0.0208 - acc: 0.9974
1460/1460 [==============================] - 0s 71us/step - loss: 0.0234 - acc: 0.9959 - val_loss: 0.1201 - val_acc: 0.9630
Epoch 19/30

  20/1460 [..............................] - ETA: 0s - loss: 0.0157 - acc: 1.0000
 780/1460 [===============>..............] - ETA: 0s - loss: 0.0247 - acc: 0.9949
1460/1460 [==============================] - 0s 71us/step - loss: 0.0214 - acc: 0.9959 - val_loss: 0.1245 - val_acc: 0.9568
Epoch 20/30

  20/1460 [..............................] - ETA: 0s - loss: 0.0183 - acc: 1.0000
 780/1460 [===============>..............] - ETA: 0s - loss: 0.0238 - acc: 0.9949
1460/1460 [==============================] - 0s 71us/step - loss: 0.0205 - acc: 0.9966 - val_loss: 0.1208 - val_acc: 0.9630
acc: 97.53%
Train on 1461 samples, validate on 161 samples
Epoch 1/30

  20/1461 [..............................] - ETA: 1:46 - loss: 0.7041 - acc: 0.4500
 560/1461 [==========>...................] - ETA: 2s - loss: 0.6157 - acc: 0.6661  
1140/1461 [======================>.......] - ETA: 0s - loss: 0.5400 - acc: 0.7579
1461/1461 [==============================] - 2s 1ms/step - loss: 0.5112 - acc: 0.7782 - val_loss: 0.3492 - val_acc: 0.9130
Epoch 2/30

  20/1461 [..............................] - ETA: 0s - loss: 0.4065 - acc: 0.9500
 620/1461 [===========>..................] - ETA: 0s - loss: 0.3430 - acc: 0.9113
1240/1461 [========================>.....] - ETA: 0s - loss: 0.3179 - acc: 0.9145
1461/1461 [==============================] - 0s 89us/step - loss: 0.3157 - acc: 0.9151 - val_loss: 0.2408 - val_acc: 0.9689
Epoch 3/30

  20/1461 [..............................] - ETA: 0s - loss: 0.2872 - acc: 0.9500
 620/1461 [===========>..................] - ETA: 0s - loss: 0.2358 - acc: 0.9645
1240/1461 [========================>.....] - ETA: 0s - loss: 0.2311 - acc: 0.9573
1461/1461 [==============================] - 0s 88us/step - loss: 0.2259 - acc: 0.9589 - val_loss: 0.1809 - val_acc: 0.9814
Epoch 4/30

  20/1461 [..............................] - ETA: 0s - loss: 0.1454 - acc: 1.0000
 640/1461 [============>.................] - ETA: 0s - loss: 0.1891 - acc: 0.9672
1240/1461 [========================>.....] - ETA: 0s - loss: 0.1779 - acc: 0.9685
1461/1461 [==============================] - 0s 88us/step - loss: 0.1727 - acc: 0.9719 - val_loss: 0.1411 - val_acc: 0.9814
Epoch 5/30

  20/1461 [..............................] - ETA: 0s - loss: 0.1291 - acc: 0.9500
 640/1461 [============>.................] - ETA: 0s - loss: 0.1416 - acc: 0.9750
1220/1461 [========================>.....] - ETA: 0s - loss: 0.1405 - acc: 0.9762
1461/1461 [==============================] - 0s 89us/step - loss: 0.1370 - acc: 0.9774 - val_loss: 0.1215 - val_acc: 0.9752
Epoch 6/30

  20/1461 [..............................] - ETA: 0s - loss: 0.0666 - acc: 1.0000
 520/1461 [=========>....................] - ETA: 0s - loss: 0.1122 - acc: 0.9865
 900/1461 [=================>............] - ETA: 0s - loss: 0.1145 - acc: 0.9844
1240/1461 [========================>.....] - ETA: 0s - loss: 0.1102 - acc: 0.9855
1461/1461 [==============================] - 0s 126us/step - loss: 0.1109 - acc: 0.9829 - val_loss: 0.1223 - val_acc: 0.9689
Epoch 7/30

  20/1461 [..............................] - ETA: 0s - loss: 0.0800 - acc: 1.0000
 620/1461 [===========>..................] - ETA: 0s - loss: 0.1002 - acc: 0.9839
1240/1461 [========================>.....] - ETA: 0s - loss: 0.0992 - acc: 0.9823
1461/1461 [==============================] - 0s 89us/step - loss: 0.0964 - acc: 0.9849 - val_loss: 0.1003 - val_acc: 0.9814
Epoch 8/30

  20/1461 [..............................] - ETA: 0s - loss: 0.0892 - acc: 1.0000
 640/1461 [============>.................] - ETA: 0s - loss: 0.0882 - acc: 0.9844
1240/1461 [========================>.....] - ETA: 0s - loss: 0.0855 - acc: 0.9847
1461/1461 [==============================] - 0s 89us/step - loss: 0.0839 - acc: 0.9843 - val_loss: 0.0920 - val_acc: 0.9752
Epoch 9/30

  20/1461 [..............................] - ETA: 0s - loss: 0.0586 - acc: 1.0000
 660/1461 [============>.................] - ETA: 0s - loss: 0.0737 - acc: 0.9879
1240/1461 [========================>.....] - ETA: 0s - loss: 0.0698 - acc: 0.9895
1461/1461 [==============================] - 0s 88us/step - loss: 0.0704 - acc: 0.9897 - val_loss: 0.0866 - val_acc: 0.9814
Epoch 10/30

  20/1461 [..............................] - ETA: 0s - loss: 0.0819 - acc: 1.0000
 580/1461 [==========>...................] - ETA: 0s - loss: 0.0646 - acc: 0.9914
1180/1461 [=======================>......] - ETA: 0s - loss: 0.0609 - acc: 0.9907
1461/1461 [==============================] - 0s 92us/step - loss: 0.0617 - acc: 0.9890 - val_loss: 0.0791 - val_acc: 0.9876
Epoch 11/30

  20/1461 [..............................] - ETA: 0s - loss: 0.0753 - acc: 0.9500
 600/1461 [===========>..................] - ETA: 0s - loss: 0.0668 - acc: 0.9867
1200/1461 [=======================>......] - ETA: 0s - loss: 0.0616 - acc: 0.9900
1461/1461 [==============================] - 0s 91us/step - loss: 0.0587 - acc: 0.9897 - val_loss: 0.0979 - val_acc: 0.9627
Epoch 12/30

  20/1461 [..............................] - ETA: 0s - loss: 0.0381 - acc: 1.0000
 620/1461 [===========>..................] - ETA: 0s - loss: 0.0506 - acc: 0.9903
1240/1461 [========================>.....] - ETA: 0s - loss: 0.0505 - acc: 0.9903
1461/1461 [==============================] - 0s 88us/step - loss: 0.0495 - acc: 0.9911 - val_loss: 0.0809 - val_acc: 0.9814
Epoch 13/30

  20/1461 [..............................] - ETA: 0s - loss: 0.0957 - acc: 0.9500
 640/1461 [============>.................] - ETA: 0s - loss: 0.0456 - acc: 0.9922
1240/1461 [========================>.....] - ETA: 0s - loss: 0.0467 - acc: 0.9911
1461/1461 [==============================] - 0s 87us/step - loss: 0.0455 - acc: 0.9918 - val_loss: 0.1050 - val_acc: 0.9627
Epoch 14/30

  20/1461 [..............................] - ETA: 0s - loss: 0.0404 - acc: 1.0000
 560/1461 [==========>...................] - ETA: 0s - loss: 0.0378 - acc: 0.9964
1140/1461 [======================>.......] - ETA: 0s - loss: 0.0396 - acc: 0.9939
1461/1461 [==============================] - 0s 93us/step - loss: 0.0419 - acc: 0.9925 - val_loss: 0.0730 - val_acc: 0.9876
Epoch 15/30

  20/1461 [..............................] - ETA: 0s - loss: 0.0309 - acc: 1.0000
 600/1461 [===========>..................] - ETA: 0s - loss: 0.0448 - acc: 0.9883
1200/1461 [=======================>......] - ETA: 0s - loss: 0.0384 - acc: 0.9925
1461/1461 [==============================] - 0s 91us/step - loss: 0.0367 - acc: 0.9938 - val_loss: 0.0902 - val_acc: 0.9752
Epoch 16/30

  20/1461 [..............................] - ETA: 0s - loss: 0.0232 - acc: 1.0000
 640/1461 [============>.................] - ETA: 0s - loss: 0.0327 - acc: 0.9937
1260/1461 [========================>.....] - ETA: 0s - loss: 0.0329 - acc: 0.9929
1461/1461 [==============================] - 0s 87us/step - loss: 0.0328 - acc: 0.9932 - val_loss: 0.0826 - val_acc: 0.9752
Epoch 17/30

  20/1461 [..............................] - ETA: 0s - loss: 0.0490 - acc: 1.0000
 640/1461 [============>.................] - ETA: 0s - loss: 0.0329 - acc: 0.9922
1240/1461 [========================>.....] - ETA: 0s - loss: 0.0275 - acc: 0.9952
1461/1461 [==============================] - 0s 91us/step - loss: 0.0296 - acc: 0.9945 - val_loss: 0.0826 - val_acc: 0.9752
Epoch 18/30

  20/1461 [..............................] - ETA: 0s - loss: 0.0105 - acc: 1.0000
 640/1461 [============>.................] - ETA: 0s - loss: 0.0213 - acc: 0.9984
1260/1461 [========================>.....] - ETA: 0s - loss: 0.0284 - acc: 0.9944
1461/1461 [==============================] - 0s 90us/step - loss: 0.0273 - acc: 0.9945 - val_loss: 0.0754 - val_acc: 0.9814
Epoch 19/30

  20/1461 [..............................] - ETA: 0s - loss: 0.0132 - acc: 1.0000
 520/1461 [=========>....................] - ETA: 0s - loss: 0.0205 - acc: 0.9981
 920/1461 [=================>............] - ETA: 0s - loss: 0.0247 - acc: 0.9946
1280/1461 [=========================>....] - ETA: 0s - loss: 0.0235 - acc: 0.9953
1461/1461 [==============================] - 0s 124us/step - loss: 0.0250 - acc: 0.9952 - val_loss: 0.0795 - val_acc: 0.9752
Epoch 20/30

  20/1461 [..............................] - ETA: 0s - loss: 0.0296 - acc: 1.0000
 540/1461 [==========>...................] - ETA: 0s - loss: 0.0240 - acc: 0.9926
1000/1461 [===================>..........] - ETA: 0s - loss: 0.0254 - acc: 0.9930
1380/1461 [===========================>..] - ETA: 0s - loss: 0.0232 - acc: 0.9949
1461/1461 [==============================] - 0s 122us/step - loss: 0.0231 - acc: 0.9952 - val_loss: 0.0755 - val_acc: 0.9814
Epoch 21/30

  20/1461 [..............................] - ETA: 0s - loss: 0.0053 - acc: 1.0000
 420/1461 [=======>......................] - ETA: 0s - loss: 0.0216 - acc: 0.9952
 840/1461 [================>.............] - ETA: 0s - loss: 0.0193 - acc: 0.9964
1260/1461 [========================>.....] - ETA: 0s - loss: 0.0208 - acc: 0.9960
1461/1461 [==============================] - 0s 130us/step - loss: 0.0217 - acc: 0.9952 - val_loss: 0.0762 - val_acc: 0.9752
Epoch 22/30

  20/1461 [..............................] - ETA: 0s - loss: 0.0087 - acc: 1.0000
 460/1461 [========>.....................] - ETA: 0s - loss: 0.0192 - acc: 0.9957
 880/1461 [=================>............] - ETA: 0s - loss: 0.0187 - acc: 0.9955
1320/1461 [==========================>...] - ETA: 0s - loss: 0.0217 - acc: 0.9947
1461/1461 [==============================] - 0s 124us/step - loss: 0.0215 - acc: 0.9945 - val_loss: 0.0715 - val_acc: 0.9752
Epoch 23/30

  20/1461 [..............................] - ETA: 0s - loss: 0.0102 - acc: 1.0000
 400/1461 [=======>......................] - ETA: 0s - loss: 0.0249 - acc: 0.9925
 800/1461 [===============>..............] - ETA: 0s - loss: 0.0202 - acc: 0.9950
1240/1461 [========================>.....] - ETA: 0s - loss: 0.0187 - acc: 0.9960
1461/1461 [==============================] - 0s 134us/step - loss: 0.0199 - acc: 0.9952 - val_loss: 0.0826 - val_acc: 0.9752
Epoch 24/30

  20/1461 [..............................] - ETA: 0s - loss: 0.0109 - acc: 1.0000
 420/1461 [=======>......................] - ETA: 0s - loss: 0.0192 - acc: 0.9952
 840/1461 [================>.............] - ETA: 0s - loss: 0.0199 - acc: 0.9952
1240/1461 [========================>.....] - ETA: 0s - loss: 0.0197 - acc: 0.9944
1461/1461 [==============================] - 0s 131us/step - loss: 0.0186 - acc: 0.9952 - val_loss: 0.0740 - val_acc: 0.9689
Epoch 25/30

  20/1461 [..............................] - ETA: 0s - loss: 0.0152 - acc: 1.0000
 460/1461 [========>.....................] - ETA: 0s - loss: 0.0175 - acc: 0.9957
 880/1461 [=================>............] - ETA: 0s - loss: 0.0186 - acc: 0.9943
1280/1461 [=========================>....] - ETA: 0s - loss: 0.0187 - acc: 0.9945
1461/1461 [==============================] - 0s 127us/step - loss: 0.0180 - acc: 0.9952 - val_loss: 0.0760 - val_acc: 0.9752
Epoch 26/30

  20/1461 [..............................] - ETA: 0s - loss: 0.0112 - acc: 1.0000
 400/1461 [=======>......................] - ETA: 0s - loss: 0.0133 - acc: 0.9975
 780/1461 [===============>..............] - ETA: 0s - loss: 0.0161 - acc: 0.9962
1180/1461 [=======================>......] - ETA: 0s - loss: 0.0156 - acc: 0.9966
1461/1461 [==============================] - 0s 138us/step - loss: 0.0172 - acc: 0.9952 - val_loss: 0.0744 - val_acc: 0.9752
acc: 98.76%
Accuracy: 96.92% (+/- 1.06%)
