Train on 810 samples, validate on 812 samples
Epoch 1/30

100/810 [==>...........................] - ETA: 3s - loss: 0.6785 - acc: 0.6100
810/810 [==============================] - 0s 613us/step - loss: 0.6202 - acc: 0.7852 - val_loss: 0.5296 - val_acc: 0.9175
Epoch 2/30

100/810 [==>...........................] - ETA: 0s - loss: 0.5081 - acc: 0.9600
810/810 [==============================] - 0s 22us/step - loss: 0.4691 - acc: 0.9605 - val_loss: 0.4477 - val_acc: 0.9298
Epoch 3/30

100/810 [==>...........................] - ETA: 0s - loss: 0.4256 - acc: 0.9600
810/810 [==============================] - 0s 22us/step - loss: 0.3916 - acc: 0.9630 - val_loss: 0.3958 - val_acc: 0.9409
Epoch 4/30

100/810 [==>...........................] - ETA: 0s - loss: 0.3460 - acc: 0.9700
810/810 [==============================] - 0s 22us/step - loss: 0.3355 - acc: 0.9728 - val_loss: 0.3564 - val_acc: 0.9470
Epoch 5/30

100/810 [==>...........................] - ETA: 0s - loss: 0.3002 - acc: 0.9800
810/810 [==============================] - 0s 21us/step - loss: 0.2924 - acc: 0.9765 - val_loss: 0.3252 - val_acc: 0.9433
Epoch 6/30

100/810 [==>...........................] - ETA: 0s - loss: 0.2594 - acc: 0.9900
810/810 [==============================] - 0s 22us/step - loss: 0.2599 - acc: 0.9790 - val_loss: 0.3014 - val_acc: 0.9446
Epoch 7/30

100/810 [==>...........................] - ETA: 0s - loss: 0.2235 - acc: 1.0000
810/810 [==============================] - 0s 21us/step - loss: 0.2287 - acc: 0.9827 - val_loss: 0.2751 - val_acc: 0.9446
Epoch 8/30

100/810 [==>...........................] - ETA: 0s - loss: 0.2191 - acc: 0.9600
810/810 [==============================] - 0s 21us/step - loss: 0.2032 - acc: 0.9815 - val_loss: 0.2600 - val_acc: 0.9507
Epoch 9/30

100/810 [==>...........................] - ETA: 0s - loss: 0.2028 - acc: 0.9800
810/810 [==============================] - 0s 21us/step - loss: 0.1816 - acc: 0.9840 - val_loss: 0.2474 - val_acc: 0.9520
Epoch 10/30

100/810 [==>...........................] - ETA: 0s - loss: 0.1714 - acc: 0.9900
810/810 [==============================] - 0s 24us/step - loss: 0.1637 - acc: 0.9852 - val_loss: 0.2369 - val_acc: 0.9483
Epoch 11/30

100/810 [==>...........................] - ETA: 0s - loss: 0.1684 - acc: 0.9900
810/810 [==============================] - 0s 21us/step - loss: 0.1485 - acc: 0.9914 - val_loss: 0.2240 - val_acc: 0.9495
Epoch 12/30

100/810 [==>...........................] - ETA: 0s - loss: 0.1407 - acc: 0.9900
810/810 [==============================] - 0s 20us/step - loss: 0.1347 - acc: 0.9914 - val_loss: 0.2157 - val_acc: 0.9483
Epoch 13/30

100/810 [==>...........................] - ETA: 0s - loss: 0.1332 - acc: 0.9900
810/810 [==============================] - 0s 21us/step - loss: 0.1243 - acc: 0.9914 - val_loss: 0.2081 - val_acc: 0.9483
Epoch 14/30

100/810 [==>...........................] - ETA: 0s - loss: 0.1021 - acc: 1.0000
810/810 [==============================] - 0s 21us/step - loss: 0.1151 - acc: 0.9914 - val_loss: 0.2014 - val_acc: 0.9483
Epoch 15/30

100/810 [==>...........................] - ETA: 0s - loss: 0.1103 - acc: 0.9900
810/810 [==============================] - 0s 19us/step - loss: 0.1065 - acc: 0.9901 - val_loss: 0.1985 - val_acc: 0.9495
Epoch 16/30

100/810 [==>...........................] - ETA: 0s - loss: 0.1147 - acc: 0.9900
810/810 [==============================] - 0s 22us/step - loss: 0.1000 - acc: 0.9901 - val_loss: 0.1944 - val_acc: 0.9483
Epoch 17/30

100/810 [==>...........................] - ETA: 0s - loss: 0.0884 - acc: 1.0000
810/810 [==============================] - 0s 20us/step - loss: 0.0932 - acc: 0.9914 - val_loss: 0.1916 - val_acc: 0.9458
acc: 95.20%
Train on 812 samples, validate on 810 samples
Epoch 1/30

100/812 [==>...........................] - ETA: 3s - loss: 0.6923 - acc: 0.4800
812/812 [==============================] - 1s 704us/step - loss: 0.6308 - acc: 0.6736 - val_loss: 0.5152 - val_acc: 0.8716
Epoch 2/30

100/812 [==>...........................] - ETA: 0s - loss: 0.5085 - acc: 0.8900
812/812 [==============================] - 0s 21us/step - loss: 0.4667 - acc: 0.9224 - val_loss: 0.4058 - val_acc: 0.9272
Epoch 3/30

100/812 [==>...........................] - ETA: 0s - loss: 0.4149 - acc: 0.9200
812/812 [==============================] - 0s 19us/step - loss: 0.3743 - acc: 0.9433 - val_loss: 0.3428 - val_acc: 0.9506
Epoch 4/30

100/812 [==>...........................] - ETA: 0s - loss: 0.3417 - acc: 0.9300
812/812 [==============================] - 0s 19us/step - loss: 0.3188 - acc: 0.9557 - val_loss: 0.2992 - val_acc: 0.9593
Epoch 5/30

100/812 [==>...........................] - ETA: 0s - loss: 0.2939 - acc: 0.9700
812/812 [==============================] - 0s 20us/step - loss: 0.2769 - acc: 0.9692 - val_loss: 0.2727 - val_acc: 0.9531
Epoch 6/30

100/812 [==>...........................] - ETA: 0s - loss: 0.2561 - acc: 0.9800
812/812 [==============================] - 0s 21us/step - loss: 0.2434 - acc: 0.9704 - val_loss: 0.2460 - val_acc: 0.9568
Epoch 7/30

100/812 [==>...........................] - ETA: 0s - loss: 0.2095 - acc: 0.9800
812/812 [==============================] - 0s 20us/step - loss: 0.2156 - acc: 0.9778 - val_loss: 0.2275 - val_acc: 0.9568
Epoch 8/30

100/812 [==>...........................] - ETA: 0s - loss: 0.2267 - acc: 0.9600
812/812 [==============================] - 0s 20us/step - loss: 0.1919 - acc: 0.9815 - val_loss: 0.2130 - val_acc: 0.9605
Epoch 9/30

100/812 [==>...........................] - ETA: 0s - loss: 0.1645 - acc: 1.0000
812/812 [==============================] - 0s 19us/step - loss: 0.1713 - acc: 0.9852 - val_loss: 0.1971 - val_acc: 0.9642
Epoch 10/30

100/812 [==>...........................] - ETA: 0s - loss: 0.1357 - acc: 1.0000
812/812 [==============================] - 0s 19us/step - loss: 0.1554 - acc: 0.9852 - val_loss: 0.1862 - val_acc: 0.9642
Epoch 11/30

100/812 [==>...........................] - ETA: 0s - loss: 0.1402 - acc: 1.0000
812/812 [==============================] - 0s 20us/step - loss: 0.1391 - acc: 0.9926 - val_loss: 0.1772 - val_acc: 0.9605
Epoch 12/30

100/812 [==>...........................] - ETA: 0s - loss: 0.1294 - acc: 0.9900
812/812 [==============================] - 0s 19us/step - loss: 0.1261 - acc: 0.9938 - val_loss: 0.1659 - val_acc: 0.9605
Epoch 13/30

100/812 [==>...........................] - ETA: 0s - loss: 0.1079 - acc: 1.0000
812/812 [==============================] - 0s 21us/step - loss: 0.1138 - acc: 0.9951 - val_loss: 0.1600 - val_acc: 0.9593
Epoch 14/30

100/812 [==>...........................] - ETA: 0s - loss: 0.1167 - acc: 1.0000
812/812 [==============================] - 0s 19us/step - loss: 0.1031 - acc: 0.9975 - val_loss: 0.1521 - val_acc: 0.9654
Epoch 15/30

100/812 [==>...........................] - ETA: 0s - loss: 0.1009 - acc: 1.0000
812/812 [==============================] - 0s 20us/step - loss: 0.0942 - acc: 0.9975 - val_loss: 0.1477 - val_acc: 0.9630
Epoch 16/30

100/812 [==>...........................] - ETA: 0s - loss: 0.0714 - acc: 1.0000
812/812 [==============================] - 0s 21us/step - loss: 0.0871 - acc: 0.9963 - val_loss: 0.1449 - val_acc: 0.9630
Epoch 17/30

100/812 [==>...........................] - ETA: 0s - loss: 0.0877 - acc: 0.9900
812/812 [==============================] - 0s 20us/step - loss: 0.0807 - acc: 0.9975 - val_loss: 0.1401 - val_acc: 0.9642
Epoch 18/30

100/812 [==>...........................] - ETA: 0s - loss: 0.0605 - acc: 1.0000
812/812 [==============================] - 0s 19us/step - loss: 0.0749 - acc: 0.9975 - val_loss: 0.1346 - val_acc: 0.9642
Epoch 19/30

100/812 [==>...........................] - ETA: 0s - loss: 0.0642 - acc: 1.0000
812/812 [==============================] - 0s 20us/step - loss: 0.0699 - acc: 0.9975 - val_loss: 0.1340 - val_acc: 0.9617
Epoch 20/30

100/812 [==>...........................] - ETA: 0s - loss: 0.0758 - acc: 1.0000
812/812 [==============================] - 0s 19us/step - loss: 0.0658 - acc: 0.9975 - val_loss: 0.1336 - val_acc: 0.9605
Epoch 21/30

100/812 [==>...........................] - ETA: 0s - loss: 0.0652 - acc: 1.0000
812/812 [==============================] - 0s 20us/step - loss: 0.0620 - acc: 0.9975 - val_loss: 0.1309 - val_acc: 0.9605
Epoch 22/30

100/812 [==>...........................] - ETA: 0s - loss: 0.0553 - acc: 1.0000
812/812 [==============================] - 0s 20us/step - loss: 0.0575 - acc: 0.9975 - val_loss: 0.1261 - val_acc: 0.9617
acc: 96.54%
Accuracy: 95.87% (+/- 0.67%)
