Train on 1297 samples, validate on 325 samples
Epoch 1/30

 100/1297 [=>............................] - ETA: 5s - loss: 0.6816 - acc: 0.5800
1297/1297 [==============================] - 0s 381us/step - loss: 0.5579 - acc: 0.8049 - val_loss: 0.4660 - val_acc: 0.8985
Epoch 2/30

 100/1297 [=>............................] - ETA: 0s - loss: 0.4560 - acc: 0.8900
1297/1297 [==============================] - 0s 14us/step - loss: 0.3884 - acc: 0.9476 - val_loss: 0.3819 - val_acc: 0.9077
Epoch 3/30

 100/1297 [=>............................] - ETA: 0s - loss: 0.3088 - acc: 0.9400
1297/1297 [==============================] - 0s 14us/step - loss: 0.3109 - acc: 0.9553 - val_loss: 0.3352 - val_acc: 0.9138
Epoch 4/30

 100/1297 [=>............................] - ETA: 0s - loss: 0.2766 - acc: 0.9700
1297/1297 [==============================] - 0s 14us/step - loss: 0.2560 - acc: 0.9692 - val_loss: 0.2990 - val_acc: 0.9292
Epoch 5/30

 100/1297 [=>............................] - ETA: 0s - loss: 0.2298 - acc: 0.9900
1297/1297 [==============================] - 0s 14us/step - loss: 0.2139 - acc: 0.9753 - val_loss: 0.2733 - val_acc: 0.9292
Epoch 6/30

 100/1297 [=>............................] - ETA: 0s - loss: 0.1857 - acc: 0.9900
1297/1297 [==============================] - 0s 14us/step - loss: 0.1825 - acc: 0.9792 - val_loss: 0.2515 - val_acc: 0.9292
Epoch 7/30

 100/1297 [=>............................] - ETA: 0s - loss: 0.1771 - acc: 0.9700
1297/1297 [==============================] - 0s 16us/step - loss: 0.1573 - acc: 0.9792 - val_loss: 0.2405 - val_acc: 0.9231
Epoch 8/30

 100/1297 [=>............................] - ETA: 0s - loss: 0.1491 - acc: 0.9800
1297/1297 [==============================] - 0s 16us/step - loss: 0.1382 - acc: 0.9815 - val_loss: 0.2258 - val_acc: 0.9262
Epoch 9/30

 100/1297 [=>............................] - ETA: 0s - loss: 0.1407 - acc: 0.9800
1297/1297 [==============================] - 0s 14us/step - loss: 0.1218 - acc: 0.9815 - val_loss: 0.2213 - val_acc: 0.9231
Epoch 10/30

 100/1297 [=>............................] - ETA: 0s - loss: 0.1182 - acc: 0.9800
1297/1297 [==============================] - 0s 14us/step - loss: 0.1089 - acc: 0.9861 - val_loss: 0.2127 - val_acc: 0.9262
Epoch 11/30

 100/1297 [=>............................] - ETA: 0s - loss: 0.1215 - acc: 0.9600
1297/1297 [==============================] - 0s 15us/step - loss: 0.0990 - acc: 0.9869 - val_loss: 0.2051 - val_acc: 0.9292
Epoch 12/30

 100/1297 [=>............................] - ETA: 0s - loss: 0.0948 - acc: 0.9800
1297/1297 [==============================] - 0s 15us/step - loss: 0.0888 - acc: 0.9861 - val_loss: 0.2057 - val_acc: 0.9323
Epoch 13/30

 100/1297 [=>............................] - ETA: 0s - loss: 0.1147 - acc: 0.9700
1297/1297 [==============================] - 0s 14us/step - loss: 0.0813 - acc: 0.9892 - val_loss: 0.2052 - val_acc: 0.9231
Epoch 14/30

 100/1297 [=>............................] - ETA: 0s - loss: 0.0864 - acc: 0.9900
1297/1297 [==============================] - 0s 13us/step - loss: 0.0728 - acc: 0.9907 - val_loss: 0.1981 - val_acc: 0.9262
Epoch 15/30

 100/1297 [=>............................] - ETA: 0s - loss: 0.0637 - acc: 0.9900
1297/1297 [==============================] - 0s 15us/step - loss: 0.0672 - acc: 0.9907 - val_loss: 0.2019 - val_acc: 0.9262
Epoch 16/30

 100/1297 [=>............................] - ETA: 0s - loss: 0.0777 - acc: 0.9800
1297/1297 [==============================] - 0s 15us/step - loss: 0.0613 - acc: 0.9923 - val_loss: 0.2087 - val_acc: 0.9292
Epoch 17/30

 100/1297 [=>............................] - ETA: 0s - loss: 0.0599 - acc: 1.0000
1297/1297 [==============================] - 0s 14us/step - loss: 0.0545 - acc: 0.9931 - val_loss: 0.1949 - val_acc: 0.9323
Epoch 18/30

 100/1297 [=>............................] - ETA: 0s - loss: 0.0403 - acc: 0.9900
1297/1297 [==============================] - 0s 13us/step - loss: 0.0510 - acc: 0.9938 - val_loss: 0.1986 - val_acc: 0.9323
Epoch 19/30

 100/1297 [=>............................] - ETA: 0s - loss: 0.0461 - acc: 1.0000
1297/1297 [==============================] - 0s 15us/step - loss: 0.0474 - acc: 0.9938 - val_loss: 0.1903 - val_acc: 0.9292
Epoch 20/30

 100/1297 [=>............................] - ETA: 0s - loss: 0.0498 - acc: 0.9900
1297/1297 [==============================] - 0s 15us/step - loss: 0.0444 - acc: 0.9931 - val_loss: 0.1932 - val_acc: 0.9292
acc: 93.23%
Train on 1297 samples, validate on 325 samples
Epoch 1/30

 100/1297 [=>............................] - ETA: 5s - loss: 0.7185 - acc: 0.5600
1297/1297 [==============================] - 1s 436us/step - loss: 0.5613 - acc: 0.7741 - val_loss: 0.4442 - val_acc: 0.9231
Epoch 2/30

 100/1297 [=>............................] - ETA: 0s - loss: 0.4455 - acc: 0.9100
1297/1297 [==============================] - 0s 16us/step - loss: 0.3864 - acc: 0.9406 - val_loss: 0.3554 - val_acc: 0.9323
Epoch 3/30

 100/1297 [=>............................] - ETA: 0s - loss: 0.3546 - acc: 0.9500
1297/1297 [==============================] - 0s 15us/step - loss: 0.3112 - acc: 0.9530 - val_loss: 0.3080 - val_acc: 0.9385
Epoch 4/30

 100/1297 [=>............................] - ETA: 0s - loss: 0.2632 - acc: 0.9800
1297/1297 [==============================] - 0s 16us/step - loss: 0.2638 - acc: 0.9614 - val_loss: 0.2761 - val_acc: 0.9415
Epoch 5/30

 100/1297 [=>............................] - ETA: 0s - loss: 0.3013 - acc: 0.9200
1297/1297 [==============================] - 0s 15us/step - loss: 0.2280 - acc: 0.9661 - val_loss: 0.2566 - val_acc: 0.9262
Epoch 6/30

 100/1297 [=>............................] - ETA: 0s - loss: 0.2465 - acc: 0.9300
1297/1297 [==============================] - 0s 15us/step - loss: 0.2009 - acc: 0.9668 - val_loss: 0.2333 - val_acc: 0.9354
Epoch 7/30

 100/1297 [=>............................] - ETA: 0s - loss: 0.2038 - acc: 0.9600
1297/1297 [==============================] - 0s 15us/step - loss: 0.1760 - acc: 0.9746 - val_loss: 0.2144 - val_acc: 0.9292
Epoch 8/30

 100/1297 [=>............................] - ETA: 0s - loss: 0.1786 - acc: 0.9700
1297/1297 [==============================] - 0s 14us/step - loss: 0.1591 - acc: 0.9738 - val_loss: 0.2015 - val_acc: 0.9385
Epoch 9/30

 100/1297 [=>............................] - ETA: 0s - loss: 0.1464 - acc: 0.9800
1297/1297 [==============================] - 0s 14us/step - loss: 0.1433 - acc: 0.9753 - val_loss: 0.1925 - val_acc: 0.9446
Epoch 10/30

 100/1297 [=>............................] - ETA: 0s - loss: 0.1315 - acc: 0.9700
1297/1297 [==============================] - 0s 14us/step - loss: 0.1290 - acc: 0.9776 - val_loss: 0.1798 - val_acc: 0.9477
Epoch 11/30

 100/1297 [=>............................] - ETA: 0s - loss: 0.1195 - acc: 0.9600
1297/1297 [==============================] - 0s 14us/step - loss: 0.1179 - acc: 0.9815 - val_loss: 0.1765 - val_acc: 0.9508
Epoch 12/30

 100/1297 [=>............................] - ETA: 0s - loss: 0.0784 - acc: 1.0000
1297/1297 [==============================] - 0s 14us/step - loss: 0.1074 - acc: 0.9838 - val_loss: 0.1727 - val_acc: 0.9569
Epoch 13/30

 100/1297 [=>............................] - ETA: 0s - loss: 0.0766 - acc: 0.9900
1297/1297 [==============================] - 0s 15us/step - loss: 0.0992 - acc: 0.9838 - val_loss: 0.1664 - val_acc: 0.9477
Epoch 14/30

 100/1297 [=>............................] - ETA: 0s - loss: 0.0982 - acc: 0.9900
1297/1297 [==============================] - 0s 14us/step - loss: 0.0914 - acc: 0.9877 - val_loss: 0.1628 - val_acc: 0.9538
Epoch 15/30

 100/1297 [=>............................] - ETA: 0s - loss: 0.1109 - acc: 0.9700
1297/1297 [==============================] - 0s 14us/step - loss: 0.0847 - acc: 0.9884 - val_loss: 0.1529 - val_acc: 0.9600
Epoch 16/30

 100/1297 [=>............................] - ETA: 0s - loss: 0.0758 - acc: 0.9800
1297/1297 [==============================] - 0s 14us/step - loss: 0.0785 - acc: 0.9877 - val_loss: 0.1557 - val_acc: 0.9508
Epoch 17/30

 100/1297 [=>............................] - ETA: 0s - loss: 0.0720 - acc: 1.0000
1297/1297 [==============================] - 0s 13us/step - loss: 0.0726 - acc: 0.9915 - val_loss: 0.1479 - val_acc: 0.9538
Epoch 18/30

 100/1297 [=>............................] - ETA: 0s - loss: 0.0696 - acc: 1.0000
1297/1297 [==============================] - 0s 13us/step - loss: 0.0690 - acc: 0.9931 - val_loss: 0.1470 - val_acc: 0.9477
Epoch 19/30

 100/1297 [=>............................] - ETA: 0s - loss: 0.0604 - acc: 1.0000
1297/1297 [==============================] - 0s 14us/step - loss: 0.0631 - acc: 0.9938 - val_loss: 0.1450 - val_acc: 0.9569
Epoch 20/30

 100/1297 [=>............................] - ETA: 0s - loss: 0.0660 - acc: 0.9800
1297/1297 [==============================] - 0s 14us/step - loss: 0.0597 - acc: 0.9938 - val_loss: 0.1431 - val_acc: 0.9538
Epoch 21/30

 100/1297 [=>............................] - ETA: 0s - loss: 0.0534 - acc: 1.0000
1297/1297 [==============================] - 0s 14us/step - loss: 0.0561 - acc: 0.9938 - val_loss: 0.1361 - val_acc: 0.9569
Epoch 22/30

 100/1297 [=>............................] - ETA: 0s - loss: 0.0385 - acc: 1.0000
1297/1297 [==============================] - 0s 14us/step - loss: 0.0525 - acc: 0.9938 - val_loss: 0.1389 - val_acc: 0.9477
Epoch 23/30

 100/1297 [=>............................] - ETA: 0s - loss: 0.0463 - acc: 0.9900
1297/1297 [==============================] - 0s 14us/step - loss: 0.0502 - acc: 0.9931 - val_loss: 0.1381 - val_acc: 0.9508
acc: 96.00%
Train on 1297 samples, validate on 325 samples
Epoch 1/30

 100/1297 [=>............................] - ETA: 7s - loss: 0.6931 - acc: 0.5000
1297/1297 [==============================] - 1s 534us/step - loss: 0.5786 - acc: 0.7487 - val_loss: 0.4553 - val_acc: 0.8923
Epoch 2/30

 100/1297 [=>............................] - ETA: 0s - loss: 0.4636 - acc: 0.8900
1297/1297 [==============================] - 0s 16us/step - loss: 0.4046 - acc: 0.9244 - val_loss: 0.3467 - val_acc: 0.9292
Epoch 3/30

 100/1297 [=>............................] - ETA: 0s - loss: 0.3493 - acc: 0.9300
1297/1297 [==============================] - 0s 16us/step - loss: 0.3235 - acc: 0.9483 - val_loss: 0.2949 - val_acc: 0.9415
Epoch 4/30

 100/1297 [=>............................] - ETA: 0s - loss: 0.2880 - acc: 0.9600
1297/1297 [==============================] - 0s 14us/step - loss: 0.2731 - acc: 0.9568 - val_loss: 0.2635 - val_acc: 0.9415
Epoch 5/30

 100/1297 [=>............................] - ETA: 0s - loss: 0.2525 - acc: 0.9800
1297/1297 [==============================] - 0s 14us/step - loss: 0.2366 - acc: 0.9591 - val_loss: 0.2340 - val_acc: 0.9600
Epoch 6/30

 100/1297 [=>............................] - ETA: 0s - loss: 0.2118 - acc: 0.9900
1297/1297 [==============================] - 0s 16us/step - loss: 0.2095 - acc: 0.9668 - val_loss: 0.2135 - val_acc: 0.9662
Epoch 7/30

 100/1297 [=>............................] - ETA: 0s - loss: 0.2343 - acc: 0.9600
1297/1297 [==============================] - 0s 15us/step - loss: 0.1846 - acc: 0.9730 - val_loss: 0.1986 - val_acc: 0.9662
Epoch 8/30

 100/1297 [=>............................] - ETA: 0s - loss: 0.1427 - acc: 1.0000
1297/1297 [==============================] - 0s 15us/step - loss: 0.1672 - acc: 0.9746 - val_loss: 0.1854 - val_acc: 0.9692
Epoch 9/30

 100/1297 [=>............................] - ETA: 0s - loss: 0.1373 - acc: 0.9800
1297/1297 [==============================] - 0s 16us/step - loss: 0.1495 - acc: 0.9815 - val_loss: 0.1771 - val_acc: 0.9631
Epoch 10/30

 100/1297 [=>............................] - ETA: 0s - loss: 0.1171 - acc: 1.0000
1297/1297 [==============================] - 0s 15us/step - loss: 0.1369 - acc: 0.9792 - val_loss: 0.1691 - val_acc: 0.9631
Epoch 11/30

 100/1297 [=>............................] - ETA: 0s - loss: 0.1277 - acc: 0.9800
1297/1297 [==============================] - 0s 16us/step - loss: 0.1241 - acc: 0.9830 - val_loss: 0.1593 - val_acc: 0.9662
Epoch 12/30

 100/1297 [=>............................] - ETA: 0s - loss: 0.1092 - acc: 0.9800
1297/1297 [==============================] - 0s 15us/step - loss: 0.1137 - acc: 0.9838 - val_loss: 0.1546 - val_acc: 0.9692
Epoch 13/30

 100/1297 [=>............................] - ETA: 0s - loss: 0.0882 - acc: 0.9900
1297/1297 [==============================] - 0s 16us/step - loss: 0.1053 - acc: 0.9830 - val_loss: 0.1490 - val_acc: 0.9662
Epoch 14/30

 100/1297 [=>............................] - ETA: 0s - loss: 0.1196 - acc: 0.9800
1297/1297 [==============================] - 0s 15us/step - loss: 0.0964 - acc: 0.9854 - val_loss: 0.1508 - val_acc: 0.9600
Epoch 15/30

 100/1297 [=>............................] - ETA: 0s - loss: 0.0913 - acc: 0.9800
1297/1297 [==============================] - 0s 14us/step - loss: 0.0883 - acc: 0.9869 - val_loss: 0.1417 - val_acc: 0.9692
Epoch 16/30

 100/1297 [=>............................] - ETA: 0s - loss: 0.1045 - acc: 0.9700
1297/1297 [==============================] - 0s 14us/step - loss: 0.0816 - acc: 0.9869 - val_loss: 0.1377 - val_acc: 0.9631
acc: 96.92%
Train on 1298 samples, validate on 324 samples
Epoch 1/30

 100/1298 [=>............................] - ETA: 8s - loss: 0.6937 - acc: 0.5600
1298/1298 [==============================] - 1s 602us/step - loss: 0.5936 - acc: 0.7196 - val_loss: 0.4924 - val_acc: 0.8981
Epoch 2/30

 100/1298 [=>............................] - ETA: 0s - loss: 0.4931 - acc: 0.8700
1298/1298 [==============================] - 0s 16us/step - loss: 0.4220 - acc: 0.9407 - val_loss: 0.3751 - val_acc: 0.9568
Epoch 3/30

 100/1298 [=>............................] - ETA: 0s - loss: 0.3482 - acc: 0.9600
1298/1298 [==============================] - 0s 17us/step - loss: 0.3344 - acc: 0.9653 - val_loss: 0.3082 - val_acc: 0.9599
Epoch 4/30

 100/1298 [=>............................] - ETA: 0s - loss: 0.3033 - acc: 0.9700
1298/1298 [==============================] - 0s 16us/step - loss: 0.2761 - acc: 0.9707 - val_loss: 0.2618 - val_acc: 0.9599
Epoch 5/30

 100/1298 [=>............................] - ETA: 0s - loss: 0.2349 - acc: 1.0000
1298/1298 [==============================] - 0s 15us/step - loss: 0.2316 - acc: 0.9792 - val_loss: 0.2298 - val_acc: 0.9691
Epoch 6/30

 100/1298 [=>............................] - ETA: 0s - loss: 0.2048 - acc: 0.9800
1298/1298 [==============================] - 0s 15us/step - loss: 0.1983 - acc: 0.9792 - val_loss: 0.2101 - val_acc: 0.9660
Epoch 7/30

 100/1298 [=>............................] - ETA: 0s - loss: 0.2086 - acc: 0.9600
1298/1298 [==============================] - 0s 15us/step - loss: 0.1716 - acc: 0.9823 - val_loss: 0.1907 - val_acc: 0.9784
Epoch 8/30

 100/1298 [=>............................] - ETA: 0s - loss: 0.1504 - acc: 1.0000
1298/1298 [==============================] - 0s 15us/step - loss: 0.1508 - acc: 0.9884 - val_loss: 0.1784 - val_acc: 0.9722
Epoch 9/30

 100/1298 [=>............................] - ETA: 0s - loss: 0.1372 - acc: 0.9900
1298/1298 [==============================] - 0s 16us/step - loss: 0.1343 - acc: 0.9877 - val_loss: 0.1693 - val_acc: 0.9660
Epoch 10/30

 100/1298 [=>............................] - ETA: 0s - loss: 0.1072 - acc: 1.0000
1298/1298 [==============================] - 0s 16us/step - loss: 0.1207 - acc: 0.9923 - val_loss: 0.1566 - val_acc: 0.9691
Epoch 11/30

 100/1298 [=>............................] - ETA: 0s - loss: 0.1016 - acc: 0.9900
1298/1298 [==============================] - 0s 15us/step - loss: 0.1100 - acc: 0.9923 - val_loss: 0.1509 - val_acc: 0.9660
Epoch 12/30

 100/1298 [=>............................] - ETA: 0s - loss: 0.0954 - acc: 0.9900
1298/1298 [==============================] - 0s 15us/step - loss: 0.1003 - acc: 0.9938 - val_loss: 0.1449 - val_acc: 0.9722
Epoch 13/30

 100/1298 [=>............................] - ETA: 0s - loss: 0.0924 - acc: 1.0000
1298/1298 [==============================] - 0s 15us/step - loss: 0.0928 - acc: 0.9931 - val_loss: 0.1408 - val_acc: 0.9630
Epoch 14/30

 100/1298 [=>............................] - ETA: 0s - loss: 0.0821 - acc: 1.0000
1298/1298 [==============================] - 0s 14us/step - loss: 0.0838 - acc: 0.9946 - val_loss: 0.1390 - val_acc: 0.9691
Epoch 15/30

 100/1298 [=>............................] - ETA: 0s - loss: 0.0667 - acc: 1.0000
1298/1298 [==============================] - 0s 14us/step - loss: 0.0769 - acc: 0.9946 - val_loss: 0.1322 - val_acc: 0.9691
acc: 97.84%
Train on 1299 samples, validate on 323 samples
Epoch 1/30

 100/1299 [=>............................] - ETA: 9s - loss: 0.7034 - acc: 0.4300
1299/1299 [==============================] - 1s 679us/step - loss: 0.6231 - acc: 0.7760 - val_loss: 0.5365 - val_acc: 0.9226
Epoch 2/30

 100/1299 [=>............................] - ETA: 0s - loss: 0.5502 - acc: 0.9300
1299/1299 [==============================] - 0s 16us/step - loss: 0.4903 - acc: 0.9307 - val_loss: 0.4362 - val_acc: 0.9412
Epoch 3/30

 100/1299 [=>............................] - ETA: 0s - loss: 0.4231 - acc: 0.9700
1299/1299 [==============================] - 0s 17us/step - loss: 0.3963 - acc: 0.9592 - val_loss: 0.3756 - val_acc: 0.9443
Epoch 4/30

 100/1299 [=>............................] - ETA: 0s - loss: 0.3546 - acc: 0.9800
1299/1299 [==============================] - 0s 15us/step - loss: 0.3291 - acc: 0.9638 - val_loss: 0.3218 - val_acc: 0.9567
Epoch 5/30

 100/1299 [=>............................] - ETA: 0s - loss: 0.2998 - acc: 0.9500
1299/1299 [==============================] - 0s 14us/step - loss: 0.2772 - acc: 0.9723 - val_loss: 0.2862 - val_acc: 0.9598
Epoch 6/30

 100/1299 [=>............................] - ETA: 0s - loss: 0.2212 - acc: 0.9900
1299/1299 [==============================] - 0s 15us/step - loss: 0.2389 - acc: 0.9761 - val_loss: 0.2589 - val_acc: 0.9628
Epoch 7/30

 100/1299 [=>............................] - ETA: 0s - loss: 0.2417 - acc: 0.9800
1299/1299 [==============================] - 0s 16us/step - loss: 0.2096 - acc: 0.9784 - val_loss: 0.2323 - val_acc: 0.9721
Epoch 8/30

 100/1299 [=>............................] - ETA: 0s - loss: 0.1993 - acc: 0.9700
1299/1299 [==============================] - 0s 15us/step - loss: 0.1866 - acc: 0.9777 - val_loss: 0.2162 - val_acc: 0.9721
Epoch 9/30

 100/1299 [=>............................] - ETA: 0s - loss: 0.1676 - acc: 0.9800
1299/1299 [==============================] - 0s 15us/step - loss: 0.1677 - acc: 0.9823 - val_loss: 0.2005 - val_acc: 0.9783
Epoch 10/30

 100/1299 [=>............................] - ETA: 0s - loss: 0.1466 - acc: 0.9900
1299/1299 [==============================] - 0s 16us/step - loss: 0.1481 - acc: 0.9861 - val_loss: 0.1878 - val_acc: 0.9783
Epoch 11/30

 100/1299 [=>............................] - ETA: 0s - loss: 0.1394 - acc: 1.0000
1299/1299 [==============================] - 0s 15us/step - loss: 0.1333 - acc: 0.9885 - val_loss: 0.1801 - val_acc: 0.9783
Epoch 12/30

 100/1299 [=>............................] - ETA: 0s - loss: 0.1125 - acc: 0.9800
1299/1299 [==============================] - 0s 15us/step - loss: 0.1215 - acc: 0.9877 - val_loss: 0.1654 - val_acc: 0.9752
Epoch 13/30

 100/1299 [=>............................] - ETA: 0s - loss: 0.1057 - acc: 0.9900
1299/1299 [==============================] - 0s 16us/step - loss: 0.1104 - acc: 0.9892 - val_loss: 0.1637 - val_acc: 0.9659
Epoch 14/30

 100/1299 [=>............................] - ETA: 0s - loss: 0.1024 - acc: 0.9800
1299/1299 [==============================] - 0s 15us/step - loss: 0.1017 - acc: 0.9892 - val_loss: 0.1559 - val_acc: 0.9690
Epoch 15/30

 100/1299 [=>............................] - ETA: 0s - loss: 0.0915 - acc: 1.0000
1299/1299 [==============================] - 0s 14us/step - loss: 0.0933 - acc: 0.9908 - val_loss: 0.1564 - val_acc: 0.9628
Epoch 16/30

 100/1299 [=>............................] - ETA: 0s - loss: 0.0785 - acc: 1.0000
1299/1299 [==============================] - 0s 14us/step - loss: 0.0863 - acc: 0.9908 - val_loss: 0.1418 - val_acc: 0.9628
Epoch 17/30

 100/1299 [=>............................] - ETA: 0s - loss: 0.0804 - acc: 1.0000
1299/1299 [==============================] - 0s 15us/step - loss: 0.0800 - acc: 0.9923 - val_loss: 0.1443 - val_acc: 0.9628
acc: 97.83%
Accuracy: 96.37% (+/- 1.71%)
