Train on 1297 samples, validate on 325 samples
Epoch 1/30

  20/1297 [..............................] - ETA: 28s - loss: 0.6716 - acc: 0.6500
 760/1297 [================>.............] - ETA: 0s - loss: 0.6614 - acc: 0.5987 
1297/1297 [==============================] - 1s 460us/step - loss: 0.6504 - acc: 0.6307 - val_loss: 0.6123 - val_acc: 0.7538
Epoch 2/30

  20/1297 [..............................] - ETA: 0s - loss: 0.6344 - acc: 0.7000
 600/1297 [============>.................] - ETA: 0s - loss: 0.5758 - acc: 0.8033
1297/1297 [==============================] - 0s 83us/step - loss: 0.5546 - acc: 0.8373 - val_loss: 0.5354 - val_acc: 0.8492
Epoch 3/30

  20/1297 [..............................] - ETA: 0s - loss: 0.4842 - acc: 1.0000
 800/1297 [=================>............] - ETA: 0s - loss: 0.4879 - acc: 0.8925
1297/1297 [==============================] - 0s 71us/step - loss: 0.4748 - acc: 0.8951 - val_loss: 0.4787 - val_acc: 0.8738
Epoch 4/30

  20/1297 [..............................] - ETA: 0s - loss: 0.4049 - acc: 1.0000
 740/1297 [================>.............] - ETA: 0s - loss: 0.4255 - acc: 0.9122
1297/1297 [==============================] - 0s 76us/step - loss: 0.4193 - acc: 0.9167 - val_loss: 0.4357 - val_acc: 0.9015
Epoch 5/30

  20/1297 [..............................] - ETA: 0s - loss: 0.4084 - acc: 0.9500
 780/1297 [=================>............] - ETA: 0s - loss: 0.3793 - acc: 0.9410
1297/1297 [==============================] - 0s 75us/step - loss: 0.3769 - acc: 0.9360 - val_loss: 0.3994 - val_acc: 0.9231
Epoch 6/30

  20/1297 [..............................] - ETA: 0s - loss: 0.2764 - acc: 1.0000
 800/1297 [=================>............] - ETA: 0s - loss: 0.3479 - acc: 0.9425
1297/1297 [==============================] - 0s 72us/step - loss: 0.3424 - acc: 0.9491 - val_loss: 0.3684 - val_acc: 0.9385
Epoch 7/30

  20/1297 [..............................] - ETA: 0s - loss: 0.3167 - acc: 1.0000
 780/1297 [=================>............] - ETA: 0s - loss: 0.3113 - acc: 0.9679
1297/1297 [==============================] - 0s 77us/step - loss: 0.3136 - acc: 0.9584 - val_loss: 0.3431 - val_acc: 0.9415
Epoch 8/30

  20/1297 [..............................] - ETA: 0s - loss: 0.2838 - acc: 0.9500
 760/1297 [================>.............] - ETA: 0s - loss: 0.2961 - acc: 0.9592
1297/1297 [==============================] - 0s 74us/step - loss: 0.2895 - acc: 0.9599 - val_loss: 0.3209 - val_acc: 0.9477
Epoch 9/30

  20/1297 [..............................] - ETA: 0s - loss: 0.2107 - acc: 1.0000
 740/1297 [================>.............] - ETA: 0s - loss: 0.2661 - acc: 0.9662
1297/1297 [==============================] - 0s 76us/step - loss: 0.2676 - acc: 0.9638 - val_loss: 0.3000 - val_acc: 0.9538
Epoch 10/30

  20/1297 [..............................] - ETA: 0s - loss: 0.2858 - acc: 0.9000
 740/1297 [================>.............] - ETA: 0s - loss: 0.2570 - acc: 0.9649
1297/1297 [==============================] - 0s 74us/step - loss: 0.2476 - acc: 0.9684 - val_loss: 0.2813 - val_acc: 0.9569
Epoch 11/30

  20/1297 [..............................] - ETA: 0s - loss: 0.2504 - acc: 0.9000
 740/1297 [================>.............] - ETA: 0s - loss: 0.2404 - acc: 0.9608
1297/1297 [==============================] - 0s 74us/step - loss: 0.2300 - acc: 0.9699 - val_loss: 0.2670 - val_acc: 0.9569
Epoch 12/30

  20/1297 [..............................] - ETA: 0s - loss: 0.1798 - acc: 1.0000
 800/1297 [=================>............] - ETA: 0s - loss: 0.2169 - acc: 0.9700
1297/1297 [==============================] - 0s 73us/step - loss: 0.2138 - acc: 0.9715 - val_loss: 0.2539 - val_acc: 0.9600
Epoch 13/30

  20/1297 [..............................] - ETA: 0s - loss: 0.2140 - acc: 1.0000
 760/1297 [================>.............] - ETA: 0s - loss: 0.2025 - acc: 0.9763
1297/1297 [==============================] - 0s 74us/step - loss: 0.1996 - acc: 0.9746 - val_loss: 0.2427 - val_acc: 0.9600
Epoch 14/30

  20/1297 [..............................] - ETA: 0s - loss: 0.1877 - acc: 1.0000
 680/1297 [==============>...............] - ETA: 0s - loss: 0.1927 - acc: 0.9779
1297/1297 [==============================] - 0s 79us/step - loss: 0.1867 - acc: 0.9776 - val_loss: 0.2315 - val_acc: 0.9600
Epoch 15/30

  20/1297 [..............................] - ETA: 0s - loss: 0.2912 - acc: 0.8500
 680/1297 [==============>...............] - ETA: 0s - loss: 0.1854 - acc: 0.9765
1297/1297 [==============================] - 0s 80us/step - loss: 0.1744 - acc: 0.9800 - val_loss: 0.2225 - val_acc: 0.9600
Epoch 16/30

  20/1297 [..............................] - ETA: 0s - loss: 0.1908 - acc: 0.9500
 740/1297 [================>.............] - ETA: 0s - loss: 0.1607 - acc: 0.9851
1297/1297 [==============================] - 0s 76us/step - loss: 0.1633 - acc: 0.9823 - val_loss: 0.2124 - val_acc: 0.9569
Epoch 17/30

  20/1297 [..............................] - ETA: 0s - loss: 0.1700 - acc: 1.0000
 760/1297 [================>.............] - ETA: 0s - loss: 0.1496 - acc: 0.9895
1297/1297 [==============================] - 0s 74us/step - loss: 0.1524 - acc: 0.9838 - val_loss: 0.2034 - val_acc: 0.9569
Epoch 18/30

  20/1297 [..............................] - ETA: 0s - loss: 0.1856 - acc: 1.0000
 800/1297 [=================>............] - ETA: 0s - loss: 0.1448 - acc: 0.9850
1297/1297 [==============================] - 0s 71us/step - loss: 0.1418 - acc: 0.9861 - val_loss: 0.1942 - val_acc: 0.9569
Epoch 19/30

  20/1297 [..............................] - ETA: 0s - loss: 0.1712 - acc: 0.9500
 780/1297 [=================>............] - ETA: 0s - loss: 0.1302 - acc: 0.9936
1297/1297 [==============================] - 0s 71us/step - loss: 0.1327 - acc: 0.9892 - val_loss: 0.1854 - val_acc: 0.9600
Epoch 20/30

  20/1297 [..............................] - ETA: 0s - loss: 0.1525 - acc: 0.9500
 780/1297 [=================>............] - ETA: 0s - loss: 0.1169 - acc: 0.9897
1297/1297 [==============================] - 0s 74us/step - loss: 0.1252 - acc: 0.9869 - val_loss: 0.1785 - val_acc: 0.9600
acc: 96.00%
Train on 1297 samples, validate on 325 samples
Epoch 1/30

  20/1297 [..............................] - ETA: 31s - loss: 0.6463 - acc: 0.6500
 800/1297 [=================>............] - ETA: 0s - loss: 0.6511 - acc: 0.6750 
1297/1297 [==============================] - 1s 501us/step - loss: 0.6231 - acc: 0.7379 - val_loss: 0.5547 - val_acc: 0.8708
Epoch 2/30

  20/1297 [..............................] - ETA: 0s - loss: 0.4989 - acc: 0.9000
 820/1297 [=================>............] - ETA: 0s - loss: 0.5121 - acc: 0.8805
1297/1297 [==============================] - 0s 70us/step - loss: 0.4982 - acc: 0.8928 - val_loss: 0.4619 - val_acc: 0.9138
Epoch 3/30

  20/1297 [..............................] - ETA: 0s - loss: 0.4981 - acc: 0.8500
 800/1297 [=================>............] - ETA: 0s - loss: 0.4329 - acc: 0.9262
1297/1297 [==============================] - 0s 69us/step - loss: 0.4229 - acc: 0.9306 - val_loss: 0.4071 - val_acc: 0.9262
Epoch 4/30

  20/1297 [..............................] - ETA: 0s - loss: 0.3833 - acc: 0.9500
 820/1297 [=================>............] - ETA: 0s - loss: 0.3743 - acc: 0.9488
1297/1297 [==============================] - 0s 67us/step - loss: 0.3750 - acc: 0.9453 - val_loss: 0.3713 - val_acc: 0.9354
Epoch 5/30

  20/1297 [..............................] - ETA: 0s - loss: 0.3419 - acc: 0.9500
 880/1297 [===================>..........] - ETA: 0s - loss: 0.3410 - acc: 0.9557
1297/1297 [==============================] - 0s 65us/step - loss: 0.3391 - acc: 0.9545 - val_loss: 0.3430 - val_acc: 0.9385
Epoch 6/30

  20/1297 [..............................] - ETA: 0s - loss: 0.3039 - acc: 0.9500
 840/1297 [==================>...........] - ETA: 0s - loss: 0.3137 - acc: 0.9595
1297/1297 [==============================] - 0s 70us/step - loss: 0.3108 - acc: 0.9599 - val_loss: 0.3215 - val_acc: 0.9385
Epoch 7/30

  20/1297 [..............................] - ETA: 0s - loss: 0.2946 - acc: 0.9500
 820/1297 [=================>............] - ETA: 0s - loss: 0.2913 - acc: 0.9585
1297/1297 [==============================] - 0s 71us/step - loss: 0.2870 - acc: 0.9638 - val_loss: 0.3017 - val_acc: 0.9415
Epoch 8/30

  20/1297 [..............................] - ETA: 0s - loss: 0.2829 - acc: 0.9500
 780/1297 [=================>............] - ETA: 0s - loss: 0.2716 - acc: 0.9641
1297/1297 [==============================] - 0s 72us/step - loss: 0.2661 - acc: 0.9630 - val_loss: 0.2852 - val_acc: 0.9415
Epoch 9/30

  20/1297 [..............................] - ETA: 0s - loss: 0.2052 - acc: 1.0000
 780/1297 [=================>............] - ETA: 0s - loss: 0.2454 - acc: 0.9705
1297/1297 [==============================] - 0s 74us/step - loss: 0.2484 - acc: 0.9653 - val_loss: 0.2715 - val_acc: 0.9354
Epoch 10/30

  20/1297 [..............................] - ETA: 0s - loss: 0.1976 - acc: 0.9500
 800/1297 [=================>............] - ETA: 0s - loss: 0.2291 - acc: 0.9737
1297/1297 [==============================] - 0s 69us/step - loss: 0.2324 - acc: 0.9684 - val_loss: 0.2587 - val_acc: 0.9415
Epoch 11/30

  20/1297 [..............................] - ETA: 0s - loss: 0.2343 - acc: 1.0000
 820/1297 [=================>............] - ETA: 0s - loss: 0.2196 - acc: 0.9732
1297/1297 [==============================] - 0s 69us/step - loss: 0.2182 - acc: 0.9699 - val_loss: 0.2476 - val_acc: 0.9446
Epoch 12/30

  20/1297 [..............................] - ETA: 0s - loss: 0.2361 - acc: 1.0000
 780/1297 [=================>............] - ETA: 0s - loss: 0.2057 - acc: 0.9756
1297/1297 [==============================] - 0s 69us/step - loss: 0.2050 - acc: 0.9753 - val_loss: 0.2362 - val_acc: 0.9477
Epoch 13/30

  20/1297 [..............................] - ETA: 0s - loss: 0.1469 - acc: 1.0000
 840/1297 [==================>...........] - ETA: 0s - loss: 0.1913 - acc: 0.9762
1297/1297 [==============================] - 0s 68us/step - loss: 0.1937 - acc: 0.9753 - val_loss: 0.2299 - val_acc: 0.9477
Epoch 14/30

  20/1297 [..............................] - ETA: 0s - loss: 0.1618 - acc: 1.0000
 820/1297 [=================>............] - ETA: 0s - loss: 0.1844 - acc: 0.9780
1297/1297 [==============================] - 0s 68us/step - loss: 0.1830 - acc: 0.9784 - val_loss: 0.2213 - val_acc: 0.9446
Epoch 15/30

  20/1297 [..............................] - ETA: 0s - loss: 0.1980 - acc: 0.9500
 800/1297 [=================>............] - ETA: 0s - loss: 0.1731 - acc: 0.9825
1297/1297 [==============================] - 0s 71us/step - loss: 0.1731 - acc: 0.9807 - val_loss: 0.2152 - val_acc: 0.9446
Epoch 16/30

  20/1297 [..............................] - ETA: 0s - loss: 0.1298 - acc: 1.0000
 800/1297 [=================>............] - ETA: 0s - loss: 0.1649 - acc: 0.9812
1297/1297 [==============================] - 0s 70us/step - loss: 0.1646 - acc: 0.9807 - val_loss: 0.2089 - val_acc: 0.9446
Epoch 17/30

  20/1297 [..............................] - ETA: 0s - loss: 0.1137 - acc: 1.0000
 800/1297 [=================>............] - ETA: 0s - loss: 0.1525 - acc: 0.9825
1297/1297 [==============================] - 0s 73us/step - loss: 0.1565 - acc: 0.9800 - val_loss: 0.2035 - val_acc: 0.9446
Epoch 18/30

  20/1297 [..............................] - ETA: 0s - loss: 0.1305 - acc: 1.0000
 820/1297 [=================>............] - ETA: 0s - loss: 0.1500 - acc: 0.9805
1297/1297 [==============================] - 0s 70us/step - loss: 0.1492 - acc: 0.9815 - val_loss: 0.1977 - val_acc: 0.9415
Epoch 19/30

  20/1297 [..............................] - ETA: 0s - loss: 0.1460 - acc: 1.0000
 780/1297 [=================>............] - ETA: 0s - loss: 0.1436 - acc: 0.9782
1297/1297 [==============================] - 0s 71us/step - loss: 0.1418 - acc: 0.9815 - val_loss: 0.1941 - val_acc: 0.9446
Epoch 20/30

  20/1297 [..............................] - ETA: 0s - loss: 0.0955 - acc: 1.0000
 800/1297 [=================>............] - ETA: 0s - loss: 0.1333 - acc: 0.9862
1297/1297 [==============================] - 0s 69us/step - loss: 0.1354 - acc: 0.9815 - val_loss: 0.1893 - val_acc: 0.9446
acc: 94.77%
Train on 1297 samples, validate on 325 samples
Epoch 1/30

  20/1297 [..............................] - ETA: 39s - loss: 0.7182 - acc: 0.5000
 820/1297 [=================>............] - ETA: 0s - loss: 0.6762 - acc: 0.5598 
1297/1297 [==============================] - 1s 597us/step - loss: 0.6605 - acc: 0.6176 - val_loss: 0.6088 - val_acc: 0.7415
Epoch 2/30

  20/1297 [..............................] - ETA: 0s - loss: 0.6073 - acc: 0.7500
 760/1297 [================>.............] - ETA: 0s - loss: 0.5874 - acc: 0.8303
1297/1297 [==============================] - 0s 76us/step - loss: 0.5642 - acc: 0.8574 - val_loss: 0.5178 - val_acc: 0.8800
Epoch 3/30

  20/1297 [..............................] - ETA: 0s - loss: 0.4909 - acc: 0.9500
 740/1297 [================>.............] - ETA: 0s - loss: 0.4892 - acc: 0.9243
1297/1297 [==============================] - 0s 75us/step - loss: 0.4787 - acc: 0.9252 - val_loss: 0.4495 - val_acc: 0.9169
Epoch 4/30

  20/1297 [..............................] - ETA: 0s - loss: 0.4161 - acc: 0.9500
 820/1297 [=================>............] - ETA: 0s - loss: 0.4281 - acc: 0.9280
1297/1297 [==============================] - 0s 69us/step - loss: 0.4184 - acc: 0.9352 - val_loss: 0.4037 - val_acc: 0.9200
Epoch 5/30

  20/1297 [..............................] - ETA: 0s - loss: 0.3564 - acc: 0.9000
 840/1297 [==================>...........] - ETA: 0s - loss: 0.3850 - acc: 0.9369
1297/1297 [==============================] - 0s 72us/step - loss: 0.3757 - acc: 0.9391 - val_loss: 0.3687 - val_acc: 0.9200
Epoch 6/30

  20/1297 [..............................] - ETA: 0s - loss: 0.3594 - acc: 0.9500
 300/1297 [=====>........................] - ETA: 0s - loss: 0.3423 - acc: 0.9500
 580/1297 [============>.................] - ETA: 0s - loss: 0.3480 - acc: 0.9431
 840/1297 [==================>...........] - ETA: 0s - loss: 0.3446 - acc: 0.9500
1120/1297 [========================>.....] - ETA: 0s - loss: 0.3432 - acc: 0.9455
1297/1297 [==============================] - 0s 207us/step - loss: 0.3435 - acc: 0.9453 - val_loss: 0.3438 - val_acc: 0.9292
Epoch 7/30

  20/1297 [..............................] - ETA: 0s - loss: 0.2615 - acc: 0.9500
 300/1297 [=====>........................] - ETA: 0s - loss: 0.3178 - acc: 0.9600
 560/1297 [===========>..................] - ETA: 0s - loss: 0.3096 - acc: 0.9661
 800/1297 [=================>............] - ETA: 0s - loss: 0.3133 - acc: 0.9600
1060/1297 [=======================>......] - ETA: 0s - loss: 0.3161 - acc: 0.9547
1297/1297 [==============================] - 0s 222us/step - loss: 0.3176 - acc: 0.9514 - val_loss: 0.3232 - val_acc: 0.9323
Epoch 8/30

  20/1297 [..............................] - ETA: 0s - loss: 0.2877 - acc: 1.0000
 280/1297 [=====>........................] - ETA: 0s - loss: 0.3105 - acc: 0.9357
 540/1297 [===========>..................] - ETA: 0s - loss: 0.3023 - acc: 0.9463
 820/1297 [=================>............] - ETA: 0s - loss: 0.2979 - acc: 0.9549
1080/1297 [=======================>......] - ETA: 0s - loss: 0.2965 - acc: 0.9546
1297/1297 [==============================] - 0s 211us/step - loss: 0.2947 - acc: 0.9568 - val_loss: 0.3043 - val_acc: 0.9323
Epoch 9/30

  20/1297 [..............................] - ETA: 0s - loss: 0.3914 - acc: 0.9500
 300/1297 [=====>........................] - ETA: 0s - loss: 0.2927 - acc: 0.9500
 580/1297 [============>.................] - ETA: 0s - loss: 0.2777 - acc: 0.9621
 840/1297 [==================>...........] - ETA: 0s - loss: 0.2772 - acc: 0.9643
1100/1297 [========================>.....] - ETA: 0s - loss: 0.2757 - acc: 0.9636
1297/1297 [==============================] - 0s 206us/step - loss: 0.2751 - acc: 0.9638 - val_loss: 0.2889 - val_acc: 0.9323
Epoch 10/30

  20/1297 [..............................] - ETA: 0s - loss: 0.1988 - acc: 1.0000
 300/1297 [=====>........................] - ETA: 0s - loss: 0.2478 - acc: 0.9767
 560/1297 [===========>..................] - ETA: 0s - loss: 0.2577 - acc: 0.9750
 840/1297 [==================>...........] - ETA: 0s - loss: 0.2514 - acc: 0.9762
1120/1297 [========================>.....] - ETA: 0s - loss: 0.2522 - acc: 0.9750
1297/1297 [==============================] - 0s 205us/step - loss: 0.2570 - acc: 0.9707 - val_loss: 0.2745 - val_acc: 0.9446
Epoch 11/30

  20/1297 [..............................] - ETA: 0s - loss: 0.2353 - acc: 1.0000
 300/1297 [=====>........................] - ETA: 0s - loss: 0.2306 - acc: 0.9733
 580/1297 [============>.................] - ETA: 0s - loss: 0.2364 - acc: 0.9759
 860/1297 [==================>...........] - ETA: 0s - loss: 0.2376 - acc: 0.9767
1140/1297 [=========================>....] - ETA: 0s - loss: 0.2406 - acc: 0.9754
1297/1297 [==============================] - 0s 203us/step - loss: 0.2406 - acc: 0.9746 - val_loss: 0.2613 - val_acc: 0.9477
Epoch 12/30

  20/1297 [..............................] - ETA: 0s - loss: 0.1958 - acc: 1.0000
 280/1297 [=====>........................] - ETA: 0s - loss: 0.2307 - acc: 0.9821
 540/1297 [===========>..................] - ETA: 0s - loss: 0.2366 - acc: 0.9722
 800/1297 [=================>............] - ETA: 0s - loss: 0.2304 - acc: 0.9762
1080/1297 [=======================>......] - ETA: 0s - loss: 0.2289 - acc: 0.9759
1297/1297 [==============================] - 0s 210us/step - loss: 0.2257 - acc: 0.9776 - val_loss: 0.2502 - val_acc: 0.9477
Epoch 13/30

  20/1297 [..............................] - ETA: 0s - loss: 0.1854 - acc: 1.0000
 280/1297 [=====>........................] - ETA: 0s - loss: 0.2187 - acc: 0.9643
 560/1297 [===========>..................] - ETA: 0s - loss: 0.2054 - acc: 0.9786
 840/1297 [==================>...........] - ETA: 0s - loss: 0.2096 - acc: 0.9786
1120/1297 [========================>.....] - ETA: 0s - loss: 0.2109 - acc: 0.9786
1297/1297 [==============================] - 0s 206us/step - loss: 0.2120 - acc: 0.9792 - val_loss: 0.2399 - val_acc: 0.9538
Epoch 14/30

  20/1297 [..............................] - ETA: 0s - loss: 0.1884 - acc: 1.0000
 300/1297 [=====>........................] - ETA: 0s - loss: 0.1952 - acc: 0.9867
 580/1297 [============>.................] - ETA: 0s - loss: 0.1915 - acc: 0.9879
 860/1297 [==================>...........] - ETA: 0s - loss: 0.1964 - acc: 0.9849
1120/1297 [========================>.....] - ETA: 0s - loss: 0.1983 - acc: 0.9821
1297/1297 [==============================] - 0s 203us/step - loss: 0.1999 - acc: 0.9807 - val_loss: 0.2315 - val_acc: 0.9508
Epoch 15/30

  20/1297 [..............................] - ETA: 0s - loss: 0.1654 - acc: 1.0000
 280/1297 [=====>........................] - ETA: 0s - loss: 0.1831 - acc: 0.9786
 540/1297 [===========>..................] - ETA: 0s - loss: 0.1878 - acc: 0.9815
 800/1297 [=================>............] - ETA: 0s - loss: 0.1864 - acc: 0.9812
1060/1297 [=======================>......] - ETA: 0s - loss: 0.1906 - acc: 0.9802
1297/1297 [==============================] - 0s 212us/step - loss: 0.1888 - acc: 0.9823 - val_loss: 0.2226 - val_acc: 0.9538
Epoch 16/30

  20/1297 [..............................] - ETA: 0s - loss: 0.2021 - acc: 1.0000
 280/1297 [=====>........................] - ETA: 0s - loss: 0.1843 - acc: 0.9821
 560/1297 [===========>..................] - ETA: 0s - loss: 0.1825 - acc: 0.9821
 860/1297 [==================>...........] - ETA: 0s - loss: 0.1836 - acc: 0.9826
1140/1297 [=========================>....] - ETA: 0s - loss: 0.1804 - acc: 0.9833
1297/1297 [==============================] - 0s 201us/step - loss: 0.1790 - acc: 0.9838 - val_loss: 0.2163 - val_acc: 0.9538
Epoch 17/30

  20/1297 [..............................] - ETA: 0s - loss: 0.1694 - acc: 1.0000
 300/1297 [=====>........................] - ETA: 0s - loss: 0.1658 - acc: 0.9900
 580/1297 [============>.................] - ETA: 0s - loss: 0.1644 - acc: 0.9879
 860/1297 [==================>...........] - ETA: 0s - loss: 0.1685 - acc: 0.9849
1140/1297 [=========================>....] - ETA: 0s - loss: 0.1694 - acc: 0.9868
1297/1297 [==============================] - 0s 203us/step - loss: 0.1693 - acc: 0.9861 - val_loss: 0.2100 - val_acc: 0.9508
Epoch 18/30

  20/1297 [..............................] - ETA: 0s - loss: 0.1122 - acc: 1.0000
 300/1297 [=====>........................] - ETA: 0s - loss: 0.1731 - acc: 0.9800
 580/1297 [============>.................] - ETA: 0s - loss: 0.1723 - acc: 0.9828
 840/1297 [==================>...........] - ETA: 0s - loss: 0.1641 - acc: 0.9869
1100/1297 [========================>.....] - ETA: 0s - loss: 0.1627 - acc: 0.9873
1297/1297 [==============================] - 0s 209us/step - loss: 0.1606 - acc: 0.9884 - val_loss: 0.2043 - val_acc: 0.9538
Epoch 19/30

  20/1297 [..............................] - ETA: 0s - loss: 0.1507 - acc: 1.0000
 300/1297 [=====>........................] - ETA: 0s - loss: 0.1523 - acc: 0.9900
 580/1297 [============>.................] - ETA: 0s - loss: 0.1529 - acc: 0.9879
 860/1297 [==================>...........] - ETA: 0s - loss: 0.1497 - acc: 0.9919
1140/1297 [=========================>....] - ETA: 0s - loss: 0.1473 - acc: 0.9930
1297/1297 [==============================] - 0s 200us/step - loss: 0.1529 - acc: 0.9892 - val_loss: 0.1976 - val_acc: 0.9538
Epoch 20/30

  20/1297 [..............................] - ETA: 0s - loss: 0.1362 - acc: 1.0000
 280/1297 [=====>........................] - ETA: 0s - loss: 0.1535 - acc: 0.9786
 560/1297 [===========>..................] - ETA: 0s - loss: 0.1457 - acc: 0.9857
 820/1297 [=================>............] - ETA: 0s - loss: 0.1478 - acc: 0.9878
1100/1297 [========================>.....] - ETA: 0s - loss: 0.1469 - acc: 0.9882
1297/1297 [==============================] - 0s 211us/step - loss: 0.1458 - acc: 0.9884 - val_loss: 0.1926 - val_acc: 0.9508
Epoch 21/30

  20/1297 [..............................] - ETA: 0s - loss: 0.1004 - acc: 1.0000
 300/1297 [=====>........................] - ETA: 0s - loss: 0.1442 - acc: 0.9867
 580/1297 [============>.................] - ETA: 0s - loss: 0.1324 - acc: 0.9879
 860/1297 [==================>...........] - ETA: 0s - loss: 0.1398 - acc: 0.9849
1160/1297 [=========================>....] - ETA: 0s - loss: 0.1394 - acc: 0.9871
1297/1297 [==============================] - 0s 200us/step - loss: 0.1391 - acc: 0.9877 - val_loss: 0.1876 - val_acc: 0.9538
acc: 95.38%
Train on 1298 samples, validate on 324 samples
Epoch 1/30

  20/1298 [..............................] - ETA: 44s - loss: 0.7099 - acc: 0.4500
 820/1298 [=================>............] - ETA: 0s - loss: 0.6579 - acc: 0.6305 
1298/1298 [==============================] - 1s 664us/step - loss: 0.6382 - acc: 0.6810 - val_loss: 0.5821 - val_acc: 0.8210
Epoch 2/30

  20/1298 [..............................] - ETA: 0s - loss: 0.5593 - acc: 0.8500
 780/1298 [=================>............] - ETA: 0s - loss: 0.5623 - acc: 0.8244
1298/1298 [==============================] - 0s 73us/step - loss: 0.5483 - acc: 0.8405 - val_loss: 0.5015 - val_acc: 0.8951
Epoch 3/30

  20/1298 [..............................] - ETA: 0s - loss: 0.4710 - acc: 1.0000
 800/1298 [=================>............] - ETA: 0s - loss: 0.4907 - acc: 0.8937
1298/1298 [==============================] - 0s 71us/step - loss: 0.4816 - acc: 0.8937 - val_loss: 0.4479 - val_acc: 0.9198
Epoch 4/30

  20/1298 [..............................] - ETA: 0s - loss: 0.5195 - acc: 0.8500
 880/1298 [===================>..........] - ETA: 0s - loss: 0.4390 - acc: 0.9114
1298/1298 [==============================] - 0s 64us/step - loss: 0.4304 - acc: 0.9191 - val_loss: 0.4032 - val_acc: 0.9290
Epoch 5/30

  20/1298 [..............................] - ETA: 0s - loss: 0.4103 - acc: 0.9000
 860/1298 [==================>...........] - ETA: 0s - loss: 0.3937 - acc: 0.9291
1298/1298 [==============================] - 0s 66us/step - loss: 0.3873 - acc: 0.9268 - val_loss: 0.3680 - val_acc: 0.9290
Epoch 6/30

  20/1298 [..............................] - ETA: 0s - loss: 0.3163 - acc: 0.9500
 860/1298 [==================>...........] - ETA: 0s - loss: 0.3534 - acc: 0.9384
1298/1298 [==============================] - 0s 74us/step - loss: 0.3518 - acc: 0.9314 - val_loss: 0.3400 - val_acc: 0.9321
Epoch 7/30

  20/1298 [..............................] - ETA: 0s - loss: 0.3187 - acc: 0.9500
 680/1298 [==============>...............] - ETA: 0s - loss: 0.3219 - acc: 0.9485
1298/1298 [==============================] - 0s 83us/step - loss: 0.3188 - acc: 0.9461 - val_loss: 0.3161 - val_acc: 0.9506
Epoch 8/30

  20/1298 [..............................] - ETA: 0s - loss: 0.3087 - acc: 0.9500
 640/1298 [=============>................] - ETA: 0s - loss: 0.2977 - acc: 0.9500
1298/1298 [==============================] - 0s 84us/step - loss: 0.2912 - acc: 0.9569 - val_loss: 0.2940 - val_acc: 0.9537
Epoch 9/30

  20/1298 [..............................] - ETA: 0s - loss: 0.2553 - acc: 1.0000
 800/1298 [=================>............] - ETA: 0s - loss: 0.2696 - acc: 0.9637
1298/1298 [==============================] - 0s 71us/step - loss: 0.2698 - acc: 0.9592 - val_loss: 0.2777 - val_acc: 0.9537
Epoch 10/30

  20/1298 [..............................] - ETA: 0s - loss: 0.2148 - acc: 1.0000
 800/1298 [=================>............] - ETA: 0s - loss: 0.2620 - acc: 0.9575
1298/1298 [==============================] - 0s 69us/step - loss: 0.2513 - acc: 0.9615 - val_loss: 0.2641 - val_acc: 0.9537
Epoch 11/30

  20/1298 [..............................] - ETA: 0s - loss: 0.2279 - acc: 1.0000
 820/1298 [=================>............] - ETA: 0s - loss: 0.2414 - acc: 0.9598
1298/1298 [==============================] - 0s 68us/step - loss: 0.2359 - acc: 0.9630 - val_loss: 0.2474 - val_acc: 0.9630
Epoch 12/30

  20/1298 [..............................] - ETA: 0s - loss: 0.2150 - acc: 0.9500
 820/1298 [=================>............] - ETA: 0s - loss: 0.2222 - acc: 0.9659
1298/1298 [==============================] - 0s 68us/step - loss: 0.2213 - acc: 0.9638 - val_loss: 0.2389 - val_acc: 0.9599
Epoch 13/30

  20/1298 [..............................] - ETA: 0s - loss: 0.1766 - acc: 1.0000
 840/1298 [==================>...........] - ETA: 0s - loss: 0.2084 - acc: 0.9667
1298/1298 [==============================] - 0s 69us/step - loss: 0.2087 - acc: 0.9661 - val_loss: 0.2282 - val_acc: 0.9568
Epoch 14/30

  20/1298 [..............................] - ETA: 0s - loss: 0.1361 - acc: 1.0000
 800/1298 [=================>............] - ETA: 0s - loss: 0.1975 - acc: 0.9712
1298/1298 [==============================] - 0s 71us/step - loss: 0.1971 - acc: 0.9676 - val_loss: 0.2172 - val_acc: 0.9568
Epoch 15/30

  20/1298 [..............................] - ETA: 0s - loss: 0.2950 - acc: 0.8500
 800/1298 [=================>............] - ETA: 0s - loss: 0.1772 - acc: 0.9762
1298/1298 [==============================] - 0s 70us/step - loss: 0.1870 - acc: 0.9707 - val_loss: 0.2101 - val_acc: 0.9599
Epoch 16/30

  20/1298 [..............................] - ETA: 0s - loss: 0.2398 - acc: 0.9000
 780/1298 [=================>............] - ETA: 0s - loss: 0.1762 - acc: 0.9744
1298/1298 [==============================] - 0s 71us/step - loss: 0.1773 - acc: 0.9723 - val_loss: 0.2031 - val_acc: 0.9599
Epoch 17/30

  20/1298 [..............................] - ETA: 0s - loss: 0.1747 - acc: 0.9500
 800/1298 [=================>............] - ETA: 0s - loss: 0.1734 - acc: 0.9725
1298/1298 [==============================] - 0s 72us/step - loss: 0.1686 - acc: 0.9738 - val_loss: 0.1969 - val_acc: 0.9599
Epoch 18/30

  20/1298 [..............................] - ETA: 0s - loss: 0.2099 - acc: 0.9500
 660/1298 [==============>...............] - ETA: 0s - loss: 0.1654 - acc: 0.9727
1298/1298 [==============================] - 0s 78us/step - loss: 0.1603 - acc: 0.9761 - val_loss: 0.1901 - val_acc: 0.9630
Epoch 19/30

  20/1298 [..............................] - ETA: 0s - loss: 0.1450 - acc: 1.0000
 680/1298 [==============>...............] - ETA: 0s - loss: 0.1650 - acc: 0.9735
1298/1298 [==============================] - 0s 82us/step - loss: 0.1531 - acc: 0.9753 - val_loss: 0.1846 - val_acc: 0.9660
Epoch 20/30

  20/1298 [..............................] - ETA: 0s - loss: 0.1433 - acc: 1.0000
 660/1298 [==============>...............] - ETA: 0s - loss: 0.1477 - acc: 0.9788
1298/1298 [==============================] - 0s 82us/step - loss: 0.1458 - acc: 0.9769 - val_loss: 0.1800 - val_acc: 0.9660
Epoch 21/30

  20/1298 [..............................] - ETA: 0s - loss: 0.1620 - acc: 1.0000
 760/1298 [================>.............] - ETA: 0s - loss: 0.1465 - acc: 0.9737
1298/1298 [==============================] - 0s 78us/step - loss: 0.1395 - acc: 0.9784 - val_loss: 0.1751 - val_acc: 0.9630
Epoch 22/30

  20/1298 [..............................] - ETA: 0s - loss: 0.1140 - acc: 1.0000
 700/1298 [===============>..............] - ETA: 0s - loss: 0.1335 - acc: 0.9829
1298/1298 [==============================] - 0s 76us/step - loss: 0.1334 - acc: 0.9800 - val_loss: 0.1719 - val_acc: 0.9630
Epoch 23/30

  20/1298 [..............................] - ETA: 0s - loss: 0.2389 - acc: 0.9000
 700/1298 [===============>..............] - ETA: 0s - loss: 0.1316 - acc: 0.9757
1298/1298 [==============================] - 0s 77us/step - loss: 0.1280 - acc: 0.9777 - val_loss: 0.1682 - val_acc: 0.9630
Epoch 24/30

  20/1298 [..............................] - ETA: 0s - loss: 0.1326 - acc: 1.0000
 680/1298 [==============>...............] - ETA: 0s - loss: 0.1240 - acc: 0.9838
1298/1298 [==============================] - 0s 85us/step - loss: 0.1224 - acc: 0.9823 - val_loss: 0.1647 - val_acc: 0.9660
Epoch 25/30

  20/1298 [..............................] - ETA: 0s - loss: 0.1416 - acc: 1.0000
 620/1298 [=============>................] - ETA: 0s - loss: 0.1127 - acc: 0.9871
1298/1298 [==============================] - 0s 84us/step - loss: 0.1174 - acc: 0.9823 - val_loss: 0.1611 - val_acc: 0.9630
Epoch 26/30

  20/1298 [..............................] - ETA: 0s - loss: 0.0781 - acc: 1.0000
 740/1298 [================>.............] - ETA: 0s - loss: 0.1114 - acc: 0.9838
1298/1298 [==============================] - 0s 73us/step - loss: 0.1131 - acc: 0.9823 - val_loss: 0.1600 - val_acc: 0.9630
Epoch 27/30

  20/1298 [..............................] - ETA: 0s - loss: 0.0905 - acc: 1.0000
 800/1298 [=================>............] - ETA: 0s - loss: 0.1031 - acc: 0.9887
1298/1298 [==============================] - 0s 72us/step - loss: 0.1086 - acc: 0.9838 - val_loss: 0.1559 - val_acc: 0.9660
acc: 96.60%
Train on 1299 samples, validate on 323 samples
Epoch 1/30

  20/1299 [..............................] - ETA: 51s - loss: 0.6881 - acc: 0.6000
 640/1299 [=============>................] - ETA: 0s - loss: 0.6783 - acc: 0.5688 
1299/1299 [==============================] - 1s 772us/step - loss: 0.6470 - acc: 0.6690 - val_loss: 0.5826 - val_acc: 0.8019
Epoch 2/30

  20/1299 [..............................] - ETA: 0s - loss: 0.5931 - acc: 0.7000
 720/1299 [===============>..............] - ETA: 0s - loss: 0.5506 - acc: 0.8319
1299/1299 [==============================] - 0s 77us/step - loss: 0.5285 - acc: 0.8468 - val_loss: 0.4795 - val_acc: 0.8576
Epoch 3/30

  20/1299 [..............................] - ETA: 0s - loss: 0.4830 - acc: 0.9500
 800/1299 [=================>............] - ETA: 0s - loss: 0.4524 - acc: 0.8950
1299/1299 [==============================] - 0s 71us/step - loss: 0.4421 - acc: 0.8899 - val_loss: 0.4049 - val_acc: 0.8947
Epoch 4/30

  20/1299 [..............................] - ETA: 0s - loss: 0.4495 - acc: 0.9000
 820/1299 [=================>............] - ETA: 0s - loss: 0.3941 - acc: 0.9207
1299/1299 [==============================] - 0s 69us/step - loss: 0.3831 - acc: 0.9238 - val_loss: 0.3572 - val_acc: 0.9226
Epoch 5/30

  20/1299 [..............................] - ETA: 0s - loss: 0.3456 - acc: 1.0000
 800/1299 [=================>............] - ETA: 0s - loss: 0.3472 - acc: 0.9425
1299/1299 [==============================] - 0s 71us/step - loss: 0.3421 - acc: 0.9438 - val_loss: 0.3238 - val_acc: 0.9350
Epoch 6/30

  20/1299 [..............................] - ETA: 0s - loss: 0.4132 - acc: 0.8500
 800/1299 [=================>............] - ETA: 0s - loss: 0.3130 - acc: 0.9537
1299/1299 [==============================] - 0s 70us/step - loss: 0.3101 - acc: 0.9538 - val_loss: 0.2993 - val_acc: 0.9288
Epoch 7/30

  20/1299 [..............................] - ETA: 0s - loss: 0.3025 - acc: 0.9500
 780/1299 [=================>............] - ETA: 0s - loss: 0.2885 - acc: 0.9603
1299/1299 [==============================] - 0s 71us/step - loss: 0.2848 - acc: 0.9554 - val_loss: 0.2789 - val_acc: 0.9412
Epoch 8/30

  20/1299 [..............................] - ETA: 0s - loss: 0.3559 - acc: 0.9000
 820/1299 [=================>............] - ETA: 0s - loss: 0.2676 - acc: 0.9549
1299/1299 [==============================] - 0s 69us/step - loss: 0.2631 - acc: 0.9600 - val_loss: 0.2594 - val_acc: 0.9474
Epoch 9/30

  20/1299 [..............................] - ETA: 0s - loss: 0.2503 - acc: 0.9000
 780/1299 [=================>............] - ETA: 0s - loss: 0.2514 - acc: 0.9628
1299/1299 [==============================] - 0s 70us/step - loss: 0.2449 - acc: 0.9630 - val_loss: 0.2469 - val_acc: 0.9505
Epoch 10/30

  20/1299 [..............................] - ETA: 0s - loss: 0.2916 - acc: 0.9000
 820/1299 [=================>............] - ETA: 0s - loss: 0.2233 - acc: 0.9622
1299/1299 [==============================] - 0s 69us/step - loss: 0.2284 - acc: 0.9607 - val_loss: 0.2353 - val_acc: 0.9474
Epoch 11/30

  20/1299 [..............................] - ETA: 0s - loss: 0.2118 - acc: 1.0000
 800/1299 [=================>............] - ETA: 0s - loss: 0.2210 - acc: 0.9587
1299/1299 [==============================] - 0s 70us/step - loss: 0.2146 - acc: 0.9630 - val_loss: 0.2231 - val_acc: 0.9536
Epoch 12/30

  20/1299 [..............................] - ETA: 0s - loss: 0.1602 - acc: 1.0000
 800/1299 [=================>............] - ETA: 0s - loss: 0.2046 - acc: 0.9612
1299/1299 [==============================] - 0s 70us/step - loss: 0.2019 - acc: 0.9646 - val_loss: 0.2141 - val_acc: 0.9567
Epoch 13/30

  20/1299 [..............................] - ETA: 0s - loss: 0.1133 - acc: 1.0000
 780/1299 [=================>............] - ETA: 0s - loss: 0.1920 - acc: 0.9692
1299/1299 [==============================] - 0s 70us/step - loss: 0.1907 - acc: 0.9684 - val_loss: 0.2050 - val_acc: 0.9567
Epoch 14/30

  20/1299 [..............................] - ETA: 0s - loss: 0.1731 - acc: 0.9500
 800/1299 [=================>............] - ETA: 0s - loss: 0.1939 - acc: 0.9587
1299/1299 [==============================] - 0s 69us/step - loss: 0.1806 - acc: 0.9684 - val_loss: 0.1965 - val_acc: 0.9567
Epoch 15/30

  20/1299 [..............................] - ETA: 0s - loss: 0.1105 - acc: 1.0000
 820/1299 [=================>............] - ETA: 0s - loss: 0.1706 - acc: 0.9695
1299/1299 [==============================] - 0s 69us/step - loss: 0.1708 - acc: 0.9692 - val_loss: 0.1894 - val_acc: 0.9567
Epoch 16/30

  20/1299 [..............................] - ETA: 0s - loss: 0.1208 - acc: 1.0000
 800/1299 [=================>............] - ETA: 0s - loss: 0.1506 - acc: 0.9812
1299/1299 [==============================] - 0s 71us/step - loss: 0.1622 - acc: 0.9700 - val_loss: 0.1844 - val_acc: 0.9567
Epoch 17/30

  20/1299 [..............................] - ETA: 0s - loss: 0.1277 - acc: 1.0000
 820/1299 [=================>............] - ETA: 0s - loss: 0.1511 - acc: 0.9805
1299/1299 [==============================] - 0s 69us/step - loss: 0.1541 - acc: 0.9723 - val_loss: 0.1775 - val_acc: 0.9567
Epoch 18/30

  20/1299 [..............................] - ETA: 0s - loss: 0.2533 - acc: 0.9000
 800/1299 [=================>............] - ETA: 0s - loss: 0.1535 - acc: 0.9675
1299/1299 [==============================] - 0s 70us/step - loss: 0.1462 - acc: 0.9738 - val_loss: 0.1704 - val_acc: 0.9567
Epoch 19/30

  20/1299 [..............................] - ETA: 0s - loss: 0.1174 - acc: 1.0000
 800/1299 [=================>............] - ETA: 0s - loss: 0.1337 - acc: 0.9812
1299/1299 [==============================] - 0s 70us/step - loss: 0.1394 - acc: 0.9754 - val_loss: 0.1686 - val_acc: 0.9536
Epoch 20/30

  20/1299 [..............................] - ETA: 0s - loss: 0.2063 - acc: 0.9500
 820/1299 [=================>............] - ETA: 0s - loss: 0.1277 - acc: 0.9780
1299/1299 [==============================] - 0s 67us/step - loss: 0.1331 - acc: 0.9777 - val_loss: 0.1610 - val_acc: 0.9536
acc: 95.67%
Accuracy: 95.68% (+/- 0.61%)
