Train on 1459 samples, validate on 163 samples
Epoch 1/30

 100/1459 [=>............................] - ETA: 6s - loss: 0.6866 - acc: 0.5800
1459/1459 [==============================] - 1s 354us/step - loss: 0.5878 - acc: 0.7978 - val_loss: 0.5188 - val_acc: 0.8712
Epoch 2/30

 100/1459 [=>............................] - ETA: 0s - loss: 0.4609 - acc: 0.9600
1459/1459 [==============================] - 0s 14us/step - loss: 0.4233 - acc: 0.9486 - val_loss: 0.4030 - val_acc: 0.9325
Epoch 3/30

 100/1459 [=>............................] - ETA: 0s - loss: 0.3730 - acc: 0.9400
1459/1459 [==============================] - 0s 13us/step - loss: 0.3299 - acc: 0.9630 - val_loss: 0.3387 - val_acc: 0.9448
Epoch 4/30

 100/1459 [=>............................] - ETA: 0s - loss: 0.2874 - acc: 0.9600
1459/1459 [==============================] - 0s 14us/step - loss: 0.2744 - acc: 0.9678 - val_loss: 0.2993 - val_acc: 0.9448
Epoch 5/30

 100/1459 [=>............................] - ETA: 0s - loss: 0.2272 - acc: 0.9900
1459/1459 [==============================] - 0s 14us/step - loss: 0.2335 - acc: 0.9760 - val_loss: 0.2705 - val_acc: 0.9448
acc: 94.48%
Train on 1459 samples, validate on 163 samples
Epoch 1/30

 100/1459 [=>............................] - ETA: 6s - loss: 0.7111 - acc: 0.4900
1459/1459 [==============================] - 1s 406us/step - loss: 0.6105 - acc: 0.7217 - val_loss: 0.5019 - val_acc: 0.8834
Epoch 2/30

 100/1459 [=>............................] - ETA: 0s - loss: 0.4703 - acc: 0.9200
1459/1459 [==============================] - 0s 15us/step - loss: 0.4257 - acc: 0.9541 - val_loss: 0.3765 - val_acc: 0.9509
Epoch 3/30

 100/1459 [=>............................] - ETA: 0s - loss: 0.3641 - acc: 0.9700
1459/1459 [==============================] - 0s 16us/step - loss: 0.3209 - acc: 0.9657 - val_loss: 0.3140 - val_acc: 0.9387
Epoch 4/30

 100/1459 [=>............................] - ETA: 0s - loss: 0.2690 - acc: 0.9800
1459/1459 [==============================] - 0s 14us/step - loss: 0.2623 - acc: 0.9740 - val_loss: 0.2765 - val_acc: 0.9387
acc: 95.09%
Train on 1459 samples, validate on 163 samples
Epoch 1/30

 100/1459 [=>............................] - ETA: 8s - loss: 0.6843 - acc: 0.5900
1459/1459 [==============================] - 1s 475us/step - loss: 0.6205 - acc: 0.7368 - val_loss: 0.5383 - val_acc: 0.8405
Epoch 2/30

 100/1459 [=>............................] - ETA: 0s - loss: 0.5260 - acc: 0.8700
1459/1459 [==============================] - 0s 17us/step - loss: 0.4867 - acc: 0.8965 - val_loss: 0.4442 - val_acc: 0.9325
Epoch 3/30

 100/1459 [=>............................] - ETA: 0s - loss: 0.4160 - acc: 0.9300
1459/1459 [==============================] - 0s 16us/step - loss: 0.3969 - acc: 0.9486 - val_loss: 0.3775 - val_acc: 0.9509
Epoch 4/30

 100/1459 [=>............................] - ETA: 0s - loss: 0.3488 - acc: 0.9900
1459/1459 [==============================] - 0s 14us/step - loss: 0.3336 - acc: 0.9644 - val_loss: 0.3309 - val_acc: 0.9693
Epoch 5/30

 100/1459 [=>............................] - ETA: 0s - loss: 0.3138 - acc: 0.9700
1459/1459 [==============================] - 0s 15us/step - loss: 0.2851 - acc: 0.9692 - val_loss: 0.2963 - val_acc: 0.9632
Epoch 6/30

 100/1459 [=>............................] - ETA: 0s - loss: 0.2693 - acc: 1.0000
1459/1459 [==============================] - 0s 16us/step - loss: 0.2460 - acc: 0.9740 - val_loss: 0.2692 - val_acc: 0.9571
acc: 96.93%
Train on 1460 samples, validate on 162 samples
Epoch 1/30

 100/1460 [=>............................] - ETA: 9s - loss: 0.6940 - acc: 0.5900
1460/1460 [==============================] - 1s 545us/step - loss: 0.5843 - acc: 0.7479 - val_loss: 0.4641 - val_acc: 0.9074
Epoch 2/30

 100/1460 [=>............................] - ETA: 0s - loss: 0.4503 - acc: 0.9300
1460/1460 [==============================] - 0s 17us/step - loss: 0.3813 - acc: 0.9582 - val_loss: 0.3244 - val_acc: 0.9691
Epoch 3/30

 100/1460 [=>............................] - ETA: 0s - loss: 0.3168 - acc: 0.9800
1460/1460 [==============================] - 0s 16us/step - loss: 0.2790 - acc: 0.9719 - val_loss: 0.2562 - val_acc: 0.9691
Epoch 4/30

 100/1460 [=>............................] - ETA: 0s - loss: 0.2207 - acc: 0.9900
1460/1460 [==============================] - 0s 14us/step - loss: 0.2256 - acc: 0.9760 - val_loss: 0.2143 - val_acc: 0.9753
Epoch 5/30

 100/1460 [=>............................] - ETA: 0s - loss: 0.2127 - acc: 0.9600
1460/1460 [==============================] - 0s 14us/step - loss: 0.1899 - acc: 0.9774 - val_loss: 0.1867 - val_acc: 0.9753
Epoch 6/30

 100/1460 [=>............................] - ETA: 0s - loss: 0.1730 - acc: 0.9800
1460/1460 [==============================] - 0s 15us/step - loss: 0.1628 - acc: 0.9795 - val_loss: 0.1678 - val_acc: 0.9753
acc: 97.53%
Train on 1460 samples, validate on 162 samples
Epoch 1/30

 100/1460 [=>............................] - ETA: 10s - loss: 0.7117 - acc: 0.4100
1460/1460 [==============================] - 1s 608us/step - loss: 0.6137 - acc: 0.7253 - val_loss: 0.5014 - val_acc: 0.9321
Epoch 2/30

 100/1460 [=>............................] - ETA: 0s - loss: 0.4716 - acc: 0.9600
1460/1460 [==============================] - 0s 17us/step - loss: 0.4197 - acc: 0.9486 - val_loss: 0.3645 - val_acc: 0.9630
Epoch 3/30

 100/1460 [=>............................] - ETA: 0s - loss: 0.3655 - acc: 0.9400
1460/1460 [==============================] - 0s 16us/step - loss: 0.3177 - acc: 0.9603 - val_loss: 0.3057 - val_acc: 0.9630
Epoch 4/30

 100/1460 [=>............................] - ETA: 0s - loss: 0.2648 - acc: 0.9700
1460/1460 [==============================] - 0s 19us/step - loss: 0.2614 - acc: 0.9678 - val_loss: 0.2635 - val_acc: 0.9691
Epoch 5/30

 100/1460 [=>............................] - ETA: 0s - loss: 0.2429 - acc: 0.9700
1460/1460 [==============================] - 0s 15us/step - loss: 0.2221 - acc: 0.9712 - val_loss: 0.2318 - val_acc: 0.9630
Epoch 6/30

 100/1460 [=>............................] - ETA: 0s - loss: 0.1747 - acc: 0.9800
1460/1460 [==============================] - 0s 17us/step - loss: 0.1936 - acc: 0.9747 - val_loss: 0.2066 - val_acc: 0.9691
acc: 96.91%
Train on 1460 samples, validate on 162 samples
Epoch 1/30

 100/1460 [=>............................] - ETA: 12s - loss: 0.7028 - acc: 0.5200
1460/1460 [==============================] - 1s 705us/step - loss: 0.6091 - acc: 0.7315 - val_loss: 0.4851 - val_acc: 0.9136
Epoch 2/30

 100/1460 [=>............................] - ETA: 0s - loss: 0.5098 - acc: 0.8500
1460/1460 [==============================] - 0s 17us/step - loss: 0.4211 - acc: 0.9281 - val_loss: 0.3560 - val_acc: 0.9630
Epoch 3/30

 100/1460 [=>............................] - ETA: 0s - loss: 0.3534 - acc: 0.9500
1460/1460 [==============================] - 0s 16us/step - loss: 0.3192 - acc: 0.9514 - val_loss: 0.2864 - val_acc: 0.9753
Epoch 4/30

 100/1460 [=>............................] - ETA: 0s - loss: 0.2670 - acc: 0.9800
1460/1460 [==============================] - 0s 15us/step - loss: 0.2664 - acc: 0.9603 - val_loss: 0.2444 - val_acc: 0.9815
Epoch 5/30

 100/1460 [=>............................] - ETA: 0s - loss: 0.2380 - acc: 0.9500
1460/1460 [==============================] - 0s 16us/step - loss: 0.2306 - acc: 0.9651 - val_loss: 0.2162 - val_acc: 0.9815
Epoch 6/30

 100/1460 [=>............................] - ETA: 0s - loss: 0.2323 - acc: 0.9700
1460/1460 [==============================] - 0s 15us/step - loss: 0.2035 - acc: 0.9692 - val_loss: 0.1940 - val_acc: 0.9815
acc: 98.15%
Train on 1460 samples, validate on 162 samples
Epoch 1/30

 100/1460 [=>............................] - ETA: 13s - loss: 0.7039 - acc: 0.5000
1460/1460 [==============================] - 1s 777us/step - loss: 0.6336 - acc: 0.6993 - val_loss: 0.5396 - val_acc: 0.8827
Epoch 2/30

 100/1460 [=>............................] - ETA: 0s - loss: 0.5337 - acc: 0.9000
1460/1460 [==============================] - 0s 17us/step - loss: 0.4565 - acc: 0.9349 - val_loss: 0.4106 - val_acc: 0.9383
Epoch 3/30

 100/1460 [=>............................] - ETA: 0s - loss: 0.4047 - acc: 0.9400
1460/1460 [==============================] - 0s 18us/step - loss: 0.3498 - acc: 0.9692 - val_loss: 0.3417 - val_acc: 0.9383
Epoch 4/30

 100/1460 [=>............................] - ETA: 0s - loss: 0.2933 - acc: 0.9700
1460/1460 [==============================] - 0s 17us/step - loss: 0.2876 - acc: 0.9740 - val_loss: 0.2939 - val_acc: 0.9506
Epoch 5/30

 100/1460 [=>............................] - ETA: 0s - loss: 0.2574 - acc: 0.9800
1460/1460 [==============================] - 0s 18us/step - loss: 0.2443 - acc: 0.9781 - val_loss: 0.2601 - val_acc: 0.9506
Epoch 6/30

 100/1460 [=>............................] - ETA: 0s - loss: 0.2069 - acc: 0.9700
1460/1460 [==============================] - 0s 16us/step - loss: 0.2114 - acc: 0.9808 - val_loss: 0.2350 - val_acc: 0.9630
Epoch 7/30

 100/1460 [=>............................] - ETA: 0s - loss: 0.1973 - acc: 0.9900
1460/1460 [==============================] - 0s 14us/step - loss: 0.1867 - acc: 0.9801 - val_loss: 0.2140 - val_acc: 0.9691
Epoch 8/30

 100/1460 [=>............................] - ETA: 0s - loss: 0.1912 - acc: 0.9800
1460/1460 [==============================] - 0s 15us/step - loss: 0.1665 - acc: 0.9808 - val_loss: 0.1994 - val_acc: 0.9691
Epoch 9/30

 100/1460 [=>............................] - ETA: 0s - loss: 0.1460 - acc: 0.9900
1460/1460 [==============================] - 0s 15us/step - loss: 0.1488 - acc: 0.9836 - val_loss: 0.1858 - val_acc: 0.9691
acc: 96.91%
Train on 1460 samples, validate on 162 samples
Epoch 1/30

 100/1460 [=>............................] - ETA: 15s - loss: 0.6802 - acc: 0.5700
1460/1460 [==============================] - 1s 860us/step - loss: 0.5937 - acc: 0.7445 - val_loss: 0.5008 - val_acc: 0.8642
Epoch 2/30

 100/1460 [=>............................] - ETA: 0s - loss: 0.4620 - acc: 0.9300
1460/1460 [==============================] - 0s 19us/step - loss: 0.4163 - acc: 0.9281 - val_loss: 0.3639 - val_acc: 0.9630
Epoch 3/30

 100/1460 [=>............................] - ETA: 0s - loss: 0.3254 - acc: 0.9700
1460/1460 [==============================] - 0s 16us/step - loss: 0.3165 - acc: 0.9596 - val_loss: 0.2849 - val_acc: 0.9753
Epoch 4/30

 100/1460 [=>............................] - ETA: 0s - loss: 0.2942 - acc: 0.9500
1460/1460 [==============================] - 0s 16us/step - loss: 0.2596 - acc: 0.9637 - val_loss: 0.2394 - val_acc: 0.9753
Epoch 5/30

 100/1460 [=>............................] - ETA: 0s - loss: 0.2939 - acc: 0.9400
1460/1460 [==============================] - 0s 20us/step - loss: 0.2196 - acc: 0.9699 - val_loss: 0.2116 - val_acc: 0.9753
acc: 97.53%
Train on 1460 samples, validate on 162 samples
Epoch 1/30

 100/1460 [=>............................] - ETA: 16s - loss: 0.7480 - acc: 0.3500
1460/1460 [==============================] - 1s 937us/step - loss: 0.6448 - acc: 0.6123 - val_loss: 0.5327 - val_acc: 0.8457
Epoch 2/30

 100/1460 [=>............................] - ETA: 0s - loss: 0.5289 - acc: 0.8400
1460/1460 [==============================] - 0s 17us/step - loss: 0.4859 - acc: 0.8603 - val_loss: 0.3950 - val_acc: 0.9568
Epoch 3/30

 100/1460 [=>............................] - ETA: 0s - loss: 0.3990 - acc: 0.9400
1460/1460 [==============================] - 0s 16us/step - loss: 0.3804 - acc: 0.9233 - val_loss: 0.3169 - val_acc: 0.9444
Epoch 4/30

 100/1460 [=>............................] - ETA: 0s - loss: 0.3240 - acc: 0.9800
1460/1460 [==============================] - 0s 15us/step - loss: 0.3096 - acc: 0.9493 - val_loss: 0.2779 - val_acc: 0.9568
acc: 95.68%
Train on 1461 samples, validate on 161 samples
Epoch 1/30

 100/1461 [=>............................] - ETA: 18s - loss: 0.7000 - acc: 0.5100
1461/1461 [==============================] - 2s 1ms/step - loss: 0.6238 - acc: 0.7139 - val_loss: 0.5378 - val_acc: 0.8323
Epoch 2/30

 100/1461 [=>............................] - ETA: 0s - loss: 0.5454 - acc: 0.8100
1461/1461 [==============================] - 0s 17us/step - loss: 0.4777 - acc: 0.9028 - val_loss: 0.4254 - val_acc: 0.9441
Epoch 3/30

 100/1461 [=>............................] - ETA: 0s - loss: 0.4235 - acc: 0.9300
1461/1461 [==============================] - 0s 18us/step - loss: 0.3826 - acc: 0.9439 - val_loss: 0.3555 - val_acc: 0.9565
Epoch 4/30

 100/1461 [=>............................] - ETA: 0s - loss: 0.3371 - acc: 0.9500
1461/1461 [==============================] - 0s 17us/step - loss: 0.3184 - acc: 0.9603 - val_loss: 0.3020 - val_acc: 0.9627
Epoch 5/30

 100/1461 [=>............................] - ETA: 0s - loss: 0.2935 - acc: 0.9400
1461/1461 [==============================] - 0s 17us/step - loss: 0.2717 - acc: 0.9630 - val_loss: 0.2658 - val_acc: 0.9627
Epoch 6/30

 100/1461 [=>............................] - ETA: 0s - loss: 0.2596 - acc: 0.9500
1461/1461 [==============================] - 0s 16us/step - loss: 0.2361 - acc: 0.9685 - val_loss: 0.2401 - val_acc: 0.9627
acc: 96.27%
Accuracy: 96.55% (+/- 1.10%)
