Train on 1459 samples, validate on 163 samples
Epoch 1/30

  50/1459 [>.............................] - ETA: 15s - loss: 0.6902 - acc: 0.5200
1459/1459 [==============================] - 1s 440us/step - loss: 0.3423 - acc: 0.8725 - val_loss: 0.2411 - val_acc: 0.9264
Epoch 2/30

  50/1459 [>.............................] - ETA: 0s - loss: 0.1670 - acc: 0.9400
1459/1459 [==============================] - 0s 30us/step - loss: 0.1411 - acc: 0.9609 - val_loss: 0.1666 - val_acc: 0.9325
Epoch 3/30

  50/1459 [>.............................] - ETA: 0s - loss: 0.1220 - acc: 0.9600
1459/1459 [==============================] - 0s 30us/step - loss: 0.1279 - acc: 0.9554 - val_loss: 0.1712 - val_acc: 0.9325
Epoch 4/30

  50/1459 [>.............................] - ETA: 0s - loss: 0.0473 - acc: 1.0000
1459/1459 [==============================] - 0s 28us/step - loss: 0.1182 - acc: 0.9602 - val_loss: 0.2124 - val_acc: 0.9387
Epoch 5/30

  50/1459 [>.............................] - ETA: 0s - loss: 0.1069 - acc: 0.9600
1459/1459 [==============================] - 0s 29us/step - loss: 0.1136 - acc: 0.9644 - val_loss: 0.1029 - val_acc: 0.9571
Epoch 6/30

  50/1459 [>.............................] - ETA: 0s - loss: 0.0315 - acc: 1.0000
1459/1459 [==============================] - 0s 29us/step - loss: 0.0846 - acc: 0.9781 - val_loss: 0.1364 - val_acc: 0.9387
Epoch 7/30

  50/1459 [>.............................] - ETA: 0s - loss: 0.0651 - acc: 0.9800
1459/1459 [==============================] - 0s 32us/step - loss: 0.0734 - acc: 0.9794 - val_loss: 0.1591 - val_acc: 0.9509
Epoch 8/30

  50/1459 [>.............................] - ETA: 0s - loss: 0.0302 - acc: 0.9800
1459/1459 [==============================] - 0s 30us/step - loss: 0.0625 - acc: 0.9842 - val_loss: 0.1604 - val_acc: 0.9325
Epoch 9/30

  50/1459 [>.............................] - ETA: 0s - loss: 0.0287 - acc: 1.0000
1459/1459 [==============================] - 0s 29us/step - loss: 0.0476 - acc: 0.9883 - val_loss: 0.1653 - val_acc: 0.9387
Epoch 10/30

  50/1459 [>.............................] - ETA: 0s - loss: 0.0467 - acc: 0.9800
1459/1459 [==============================] - 0s 31us/step - loss: 0.0525 - acc: 0.9863 - val_loss: 0.1911 - val_acc: 0.9264
Epoch 11/30

  50/1459 [>.............................] - ETA: 0s - loss: 0.0083 - acc: 1.0000
1459/1459 [==============================] - 0s 34us/step - loss: 0.0597 - acc: 0.9842 - val_loss: 0.1699 - val_acc: 0.9202
Epoch 12/30

  50/1459 [>.............................] - ETA: 0s - loss: 0.0389 - acc: 0.9800
1459/1459 [==============================] - 0s 31us/step - loss: 0.0594 - acc: 0.9829 - val_loss: 0.1586 - val_acc: 0.9387
Epoch 13/30

  50/1459 [>.............................] - ETA: 0s - loss: 0.1808 - acc: 0.9600
1459/1459 [==============================] - 0s 33us/step - loss: 0.0804 - acc: 0.9753 - val_loss: 0.1544 - val_acc: 0.9387
Epoch 14/30

  50/1459 [>.............................] - ETA: 0s - loss: 0.0944 - acc: 0.9600
1459/1459 [==============================] - 0s 31us/step - loss: 0.0615 - acc: 0.9815 - val_loss: 0.1249 - val_acc: 0.9571
Epoch 15/30

  50/1459 [>.............................] - ETA: 0s - loss: 0.0787 - acc: 0.9800
1459/1459 [==============================] - 0s 31us/step - loss: 0.0606 - acc: 0.9801 - val_loss: 0.1114 - val_acc: 0.9509
Epoch 16/30

  50/1459 [>.............................] - ETA: 0s - loss: 0.0159 - acc: 1.0000
1459/1459 [==============================] - 0s 31us/step - loss: 0.0583 - acc: 0.9842 - val_loss: 0.1759 - val_acc: 0.9325
Epoch 17/30

  50/1459 [>.............................] - ETA: 0s - loss: 0.0920 - acc: 0.9600
1459/1459 [==============================] - 0s 33us/step - loss: 0.0521 - acc: 0.9849 - val_loss: 0.1463 - val_acc: 0.9448
Epoch 18/30

  50/1459 [>.............................] - ETA: 0s - loss: 0.0123 - acc: 1.0000
1459/1459 [==============================] - 0s 32us/step - loss: 0.0499 - acc: 0.9849 - val_loss: 0.1638 - val_acc: 0.9264
Epoch 19/30

  50/1459 [>.............................] - ETA: 0s - loss: 0.0224 - acc: 0.9800
1459/1459 [==============================] - 0s 30us/step - loss: 0.0384 - acc: 0.9904 - val_loss: 0.1433 - val_acc: 0.9571
Epoch 20/30

  50/1459 [>.............................] - ETA: 0s - loss: 0.0166 - acc: 1.0000
1459/1459 [==============================] - 0s 31us/step - loss: 0.0341 - acc: 0.9918 - val_loss: 0.1674 - val_acc: 0.9509
Epoch 21/30

  50/1459 [>.............................] - ETA: 0s - loss: 0.0078 - acc: 1.0000
1459/1459 [==============================] - 0s 32us/step - loss: 0.0314 - acc: 0.9931 - val_loss: 0.1593 - val_acc: 0.9448
acc: 95.71%
Train on 1459 samples, validate on 163 samples
Epoch 1/30

  50/1459 [>.............................] - ETA: 16s - loss: 0.6931 - acc: 0.5000
1459/1459 [==============================] - 1s 470us/step - loss: 0.3917 - acc: 0.8430 - val_loss: 0.3001 - val_acc: 0.8712
Epoch 2/30

  50/1459 [>.............................] - ETA: 0s - loss: 0.2199 - acc: 0.9200
1459/1459 [==============================] - 0s 34us/step - loss: 0.1840 - acc: 0.9424 - val_loss: 0.2154 - val_acc: 0.9264
Epoch 3/30

  50/1459 [>.............................] - ETA: 0s - loss: 0.1243 - acc: 0.9600
1459/1459 [==============================] - 0s 32us/step - loss: 0.1640 - acc: 0.9445 - val_loss: 0.1506 - val_acc: 0.9571
Epoch 4/30

  50/1459 [>.............................] - ETA: 0s - loss: 0.1206 - acc: 0.9800
1459/1459 [==============================] - 0s 30us/step - loss: 0.1133 - acc: 0.9712 - val_loss: 0.1651 - val_acc: 0.9509
Epoch 5/30

  50/1459 [>.............................] - ETA: 0s - loss: 0.0882 - acc: 0.9800
1459/1459 [==============================] - 0s 31us/step - loss: 0.1002 - acc: 0.9719 - val_loss: 0.1581 - val_acc: 0.9387
Epoch 6/30

  50/1459 [>.............................] - ETA: 0s - loss: 0.0443 - acc: 1.0000
1459/1459 [==============================] - 0s 31us/step - loss: 0.0996 - acc: 0.9650 - val_loss: 0.2239 - val_acc: 0.9018
Epoch 7/30

  50/1459 [>.............................] - ETA: 0s - loss: 0.1508 - acc: 0.9400
1459/1459 [==============================] - 0s 29us/step - loss: 0.1032 - acc: 0.9692 - val_loss: 0.1957 - val_acc: 0.9264
Epoch 8/30

  50/1459 [>.............................] - ETA: 0s - loss: 0.0325 - acc: 1.0000
1459/1459 [==============================] - 0s 29us/step - loss: 0.0926 - acc: 0.9705 - val_loss: 0.2255 - val_acc: 0.9325
Epoch 9/30

  50/1459 [>.............................] - ETA: 0s - loss: 0.0231 - acc: 1.0000
1459/1459 [==============================] - 0s 32us/step - loss: 0.0875 - acc: 0.9712 - val_loss: 0.2418 - val_acc: 0.9387
Epoch 10/30

  50/1459 [>.............................] - ETA: 0s - loss: 0.0558 - acc: 0.9800
1459/1459 [==============================] - 0s 30us/step - loss: 0.0885 - acc: 0.9705 - val_loss: 0.2140 - val_acc: 0.9387
Epoch 11/30

  50/1459 [>.............................] - ETA: 0s - loss: 0.0422 - acc: 0.9800
1459/1459 [==============================] - 0s 30us/step - loss: 0.0712 - acc: 0.9753 - val_loss: 0.2105 - val_acc: 0.9325
Epoch 12/30

  50/1459 [>.............................] - ETA: 0s - loss: 0.0635 - acc: 0.9800
1459/1459 [==============================] - 0s 36us/step - loss: 0.0635 - acc: 0.9788 - val_loss: 0.2592 - val_acc: 0.9264
Epoch 13/30

  50/1459 [>.............................] - ETA: 0s - loss: 0.0271 - acc: 1.0000
1459/1459 [==============================] - 0s 33us/step - loss: 0.0526 - acc: 0.9842 - val_loss: 0.2265 - val_acc: 0.9448
Epoch 14/30

  50/1459 [>.............................] - ETA: 0s - loss: 0.0593 - acc: 0.9600
1459/1459 [==============================] - 0s 31us/step - loss: 0.0995 - acc: 0.9616 - val_loss: 0.3077 - val_acc: 0.9325
Epoch 15/30

  50/1459 [>.............................] - ETA: 0s - loss: 0.1259 - acc: 0.9600
1459/1459 [==============================] - 0s 35us/step - loss: 0.0998 - acc: 0.9609 - val_loss: 0.2564 - val_acc: 0.9202
Epoch 16/30

  50/1459 [>.............................] - ETA: 0s - loss: 0.1646 - acc: 0.9400
1459/1459 [==============================] - 0s 32us/step - loss: 0.0857 - acc: 0.9719 - val_loss: 0.1980 - val_acc: 0.9509
Epoch 17/30

  50/1459 [>.............................] - ETA: 0s - loss: 0.0133 - acc: 1.0000
1459/1459 [==============================] - 0s 31us/step - loss: 0.0615 - acc: 0.9781 - val_loss: 0.2024 - val_acc: 0.9448
Epoch 18/30

  50/1459 [>.............................] - ETA: 0s - loss: 0.1256 - acc: 0.9800
1459/1459 [==============================] - 0s 33us/step - loss: 0.0640 - acc: 0.9794 - val_loss: 0.2064 - val_acc: 0.9264
Epoch 19/30

  50/1459 [>.............................] - ETA: 0s - loss: 0.0559 - acc: 0.9400
1459/1459 [==============================] - 0s 30us/step - loss: 0.0594 - acc: 0.9801 - val_loss: 0.2413 - val_acc: 0.9141
acc: 95.71%
Train on 1459 samples, validate on 163 samples
Epoch 1/30

  50/1459 [>.............................] - ETA: 19s - loss: 0.7256 - acc: 0.4200
1459/1459 [==============================] - 1s 554us/step - loss: 0.3751 - acc: 0.8554 - val_loss: 0.2314 - val_acc: 0.9325
Epoch 2/30

  50/1459 [>.............................] - ETA: 0s - loss: 0.1766 - acc: 0.9600
1400/1459 [===========================>..] - ETA: 0s - loss: 0.1586 - acc: 0.9564
1459/1459 [==============================] - 0s 40us/step - loss: 0.1604 - acc: 0.9561 - val_loss: 0.2055 - val_acc: 0.9448
Epoch 3/30

  50/1459 [>.............................] - ETA: 0s - loss: 0.1018 - acc: 0.9600
1459/1459 [==============================] - 0s 33us/step - loss: 0.1130 - acc: 0.9678 - val_loss: 0.1979 - val_acc: 0.9325
Epoch 4/30

  50/1459 [>.............................] - ETA: 0s - loss: 0.1528 - acc: 0.9600
1459/1459 [==============================] - 0s 33us/step - loss: 0.0950 - acc: 0.9767 - val_loss: 0.1562 - val_acc: 0.9571
Epoch 5/30

  50/1459 [>.............................] - ETA: 0s - loss: 0.0580 - acc: 0.9800
1459/1459 [==============================] - 0s 34us/step - loss: 0.0803 - acc: 0.9774 - val_loss: 0.2427 - val_acc: 0.9264
Epoch 6/30

  50/1459 [>.............................] - ETA: 0s - loss: 0.0536 - acc: 1.0000
1459/1459 [==============================] - 0s 31us/step - loss: 0.0819 - acc: 0.9733 - val_loss: 0.2214 - val_acc: 0.9387
Epoch 7/30

  50/1459 [>.............................] - ETA: 0s - loss: 0.0755 - acc: 0.9800
1350/1459 [==========================>...] - ETA: 0s - loss: 0.1017 - acc: 0.9696
1459/1459 [==============================] - 0s 42us/step - loss: 0.1022 - acc: 0.9692 - val_loss: 0.1886 - val_acc: 0.9509
Epoch 8/30

  50/1459 [>.............................] - ETA: 0s - loss: 0.0793 - acc: 0.9800
1450/1459 [============================>.] - ETA: 0s - loss: 0.0730 - acc: 0.9772
1459/1459 [==============================] - 0s 41us/step - loss: 0.0731 - acc: 0.9767 - val_loss: 0.2242 - val_acc: 0.9325
Epoch 9/30

  50/1459 [>.............................] - ETA: 0s - loss: 0.0837 - acc: 0.9800
1459/1459 [==============================] - 0s 37us/step - loss: 0.0715 - acc: 0.9808 - val_loss: 0.2104 - val_acc: 0.9325
Epoch 10/30

  50/1459 [>.............................] - ETA: 0s - loss: 0.2257 - acc: 0.9600
1459/1459 [==============================] - 0s 34us/step - loss: 0.0851 - acc: 0.9788 - val_loss: 0.1725 - val_acc: 0.9571
Epoch 11/30

  50/1459 [>.............................] - ETA: 0s - loss: 0.0466 - acc: 0.9800
1450/1459 [============================>.] - ETA: 0s - loss: 0.0591 - acc: 0.9855
1459/1459 [==============================] - 0s 39us/step - loss: 0.0589 - acc: 0.9856 - val_loss: 0.1104 - val_acc: 0.9509
Epoch 12/30

  50/1459 [>.............................] - ETA: 0s - loss: 0.1148 - acc: 0.9400
1450/1459 [============================>.] - ETA: 0s - loss: 0.0608 - acc: 0.9814
1459/1459 [==============================] - 0s 38us/step - loss: 0.0636 - acc: 0.9808 - val_loss: 0.1134 - val_acc: 0.9509
Epoch 13/30

  50/1459 [>.............................] - ETA: 0s - loss: 0.1429 - acc: 0.9600
1459/1459 [==============================] - 0s 36us/step - loss: 0.0614 - acc: 0.9794 - val_loss: 0.1031 - val_acc: 0.9632
Epoch 14/30

  50/1459 [>.............................] - ETA: 0s - loss: 0.0185 - acc: 1.0000
1459/1459 [==============================] - 0s 38us/step - loss: 0.0593 - acc: 0.9808 - val_loss: 0.1183 - val_acc: 0.9632
Epoch 15/30

  50/1459 [>.............................] - ETA: 0s - loss: 0.0528 - acc: 0.9800
1459/1459 [==============================] - 0s 40us/step - loss: 0.0622 - acc: 0.9794 - val_loss: 0.0794 - val_acc: 0.9693
Epoch 16/30

  50/1459 [>.............................] - ETA: 0s - loss: 0.1232 - acc: 0.9800
1250/1459 [========================>.....] - ETA: 0s - loss: 0.0804 - acc: 0.9744
1459/1459 [==============================] - 0s 44us/step - loss: 0.0756 - acc: 0.9767 - val_loss: 0.0847 - val_acc: 0.9693
Epoch 17/30

  50/1459 [>.............................] - ETA: 0s - loss: 0.0158 - acc: 1.0000
1459/1459 [==============================] - 0s 36us/step - loss: 0.0779 - acc: 0.9774 - val_loss: 0.0896 - val_acc: 0.9693
Epoch 18/30

  50/1459 [>.............................] - ETA: 0s - loss: 0.0135 - acc: 1.0000
1459/1459 [==============================] - 0s 35us/step - loss: 0.0608 - acc: 0.9842 - val_loss: 0.0598 - val_acc: 0.9816
Epoch 19/30

  50/1459 [>.............................] - ETA: 0s - loss: 0.0664 - acc: 0.9800
1459/1459 [==============================] - 0s 34us/step - loss: 0.0567 - acc: 0.9842 - val_loss: 0.0629 - val_acc: 0.9816
Epoch 20/30

  50/1459 [>.............................] - ETA: 0s - loss: 0.1205 - acc: 0.9800
1459/1459 [==============================] - 0s 35us/step - loss: 0.0479 - acc: 0.9870 - val_loss: 0.0558 - val_acc: 0.9693
Epoch 21/30

  50/1459 [>.............................] - ETA: 0s - loss: 0.0134 - acc: 1.0000
1459/1459 [==============================] - 0s 36us/step - loss: 0.0654 - acc: 0.9801 - val_loss: 0.1344 - val_acc: 0.9571
Epoch 22/30

  50/1459 [>.............................] - ETA: 0s - loss: 0.0978 - acc: 0.9800
1459/1459 [==============================] - 0s 33us/step - loss: 0.0584 - acc: 0.9849 - val_loss: 0.1324 - val_acc: 0.9632
Epoch 23/30

  50/1459 [>.............................] - ETA: 0s - loss: 0.0438 - acc: 0.9800
1459/1459 [==============================] - 0s 34us/step - loss: 0.0572 - acc: 0.9829 - val_loss: 0.1403 - val_acc: 0.9632
Epoch 24/30

  50/1459 [>.............................] - ETA: 0s - loss: 0.1050 - acc: 0.9600
1459/1459 [==============================] - 0s 33us/step - loss: 0.0569 - acc: 0.9856 - val_loss: 0.1122 - val_acc: 0.9632
Epoch 25/30

  50/1459 [>.............................] - ETA: 0s - loss: 0.0181 - acc: 1.0000
1459/1459 [==============================] - 0s 35us/step - loss: 0.0542 - acc: 0.9863 - val_loss: 0.1141 - val_acc: 0.9632
Epoch 26/30

  50/1459 [>.............................] - ETA: 0s - loss: 0.0149 - acc: 1.0000
 450/1459 [========>.....................] - ETA: 0s - loss: 0.0301 - acc: 0.9911
1459/1459 [==============================] - 0s 66us/step - loss: 0.0420 - acc: 0.9890 - val_loss: 0.1034 - val_acc: 0.9693
Epoch 27/30

  50/1459 [>.............................] - ETA: 0s - loss: 0.0886 - acc: 0.9600
1459/1459 [==============================] - 0s 39us/step - loss: 0.0409 - acc: 0.9904 - val_loss: 0.1044 - val_acc: 0.9693
Epoch 28/30

  50/1459 [>.............................] - ETA: 0s - loss: 0.0232 - acc: 1.0000
1000/1459 [===================>..........] - ETA: 0s - loss: 0.0233 - acc: 0.9960
1459/1459 [==============================] - 0s 56us/step - loss: 0.0402 - acc: 0.9904 - val_loss: 0.1006 - val_acc: 0.9693
Epoch 29/30

  50/1459 [>.............................] - ETA: 0s - loss: 0.0157 - acc: 1.0000
1150/1459 [======================>.......] - ETA: 0s - loss: 0.0383 - acc: 0.9904
1459/1459 [==============================] - 0s 46us/step - loss: 0.0361 - acc: 0.9918 - val_loss: 0.1001 - val_acc: 0.9755
Epoch 30/30

  50/1459 [>.............................] - ETA: 0s - loss: 0.0113 - acc: 1.0000
1459/1459 [==============================] - 0s 38us/step - loss: 0.0338 - acc: 0.9918 - val_loss: 0.1002 - val_acc: 0.9755
acc: 97.55%
Train on 1460 samples, validate on 162 samples
Epoch 1/30

  50/1460 [>.............................] - ETA: 21s - loss: 0.7177 - acc: 0.4400
1460/1460 [==============================] - 1s 624us/step - loss: 0.3918 - acc: 0.8555 - val_loss: 0.1973 - val_acc: 0.9506
Epoch 2/30

  50/1460 [>.............................] - ETA: 0s - loss: 0.1489 - acc: 0.9600
1350/1460 [==========================>...] - ETA: 0s - loss: 0.1691 - acc: 0.9444
1460/1460 [==============================] - 0s 43us/step - loss: 0.1695 - acc: 0.9438 - val_loss: 0.1835 - val_acc: 0.9383
Epoch 3/30

  50/1460 [>.............................] - ETA: 0s - loss: 0.0567 - acc: 1.0000
1460/1460 [==============================] - 0s 34us/step - loss: 0.1210 - acc: 0.9658 - val_loss: 0.1409 - val_acc: 0.9630
Epoch 4/30

  50/1460 [>.............................] - ETA: 0s - loss: 0.0809 - acc: 0.9800
1460/1460 [==============================] - 0s 34us/step - loss: 0.0934 - acc: 0.9719 - val_loss: 0.1555 - val_acc: 0.9444
Epoch 5/30

  50/1460 [>.............................] - ETA: 0s - loss: 0.0848 - acc: 0.9800
1460/1460 [==============================] - 0s 35us/step - loss: 0.0843 - acc: 0.9740 - val_loss: 0.1003 - val_acc: 0.9691
Epoch 6/30

  50/1460 [>.............................] - ETA: 0s - loss: 0.0667 - acc: 0.9800
1460/1460 [==============================] - 0s 34us/step - loss: 0.0930 - acc: 0.9712 - val_loss: 0.1166 - val_acc: 0.9568
Epoch 7/30

  50/1460 [>.............................] - ETA: 0s - loss: 0.0651 - acc: 0.9800
1460/1460 [==============================] - 0s 38us/step - loss: 0.0782 - acc: 0.9781 - val_loss: 0.1047 - val_acc: 0.9630
Epoch 8/30

  50/1460 [>.............................] - ETA: 0s - loss: 0.0339 - acc: 1.0000
1460/1460 [==============================] - 0s 34us/step - loss: 0.0868 - acc: 0.9740 - val_loss: 0.0885 - val_acc: 0.9630
Epoch 9/30

  50/1460 [>.............................] - ETA: 0s - loss: 0.0339 - acc: 1.0000
1460/1460 [==============================] - 0s 34us/step - loss: 0.0832 - acc: 0.9740 - val_loss: 0.0782 - val_acc: 0.9753
Epoch 10/30

  50/1460 [>.............................] - ETA: 0s - loss: 0.0923 - acc: 0.9600
1460/1460 [==============================] - 0s 32us/step - loss: 0.1140 - acc: 0.9575 - val_loss: 0.1743 - val_acc: 0.9321
Epoch 11/30

  50/1460 [>.............................] - ETA: 0s - loss: 0.1009 - acc: 0.9600
1460/1460 [==============================] - 0s 37us/step - loss: 0.1086 - acc: 0.9610 - val_loss: 0.1491 - val_acc: 0.9568
Epoch 12/30

  50/1460 [>.............................] - ETA: 0s - loss: 0.0412 - acc: 1.0000
1460/1460 [==============================] - 0s 32us/step - loss: 0.0816 - acc: 0.9753 - val_loss: 0.1405 - val_acc: 0.9506
Epoch 13/30

  50/1460 [>.............................] - ETA: 0s - loss: 0.0531 - acc: 0.9800
1460/1460 [==============================] - 0s 36us/step - loss: 0.0671 - acc: 0.9753 - val_loss: 0.0785 - val_acc: 0.9630
Epoch 14/30

  50/1460 [>.............................] - ETA: 0s - loss: 0.0527 - acc: 0.9800
1460/1460 [==============================] - 0s 34us/step - loss: 0.0845 - acc: 0.9692 - val_loss: 0.1943 - val_acc: 0.9383
Epoch 15/30

  50/1460 [>.............................] - ETA: 0s - loss: 0.1586 - acc: 0.9200
1460/1460 [==============================] - 0s 34us/step - loss: 0.0928 - acc: 0.9658 - val_loss: 0.1538 - val_acc: 0.9506
Epoch 16/30

  50/1460 [>.............................] - ETA: 0s - loss: 0.0713 - acc: 0.9800
1460/1460 [==============================] - 0s 36us/step - loss: 0.0872 - acc: 0.9685 - val_loss: 0.1743 - val_acc: 0.9506
Epoch 17/30

  50/1460 [>.............................] - ETA: 0s - loss: 0.0669 - acc: 0.9800
1460/1460 [==============================] - 0s 38us/step - loss: 0.0874 - acc: 0.9705 - val_loss: 0.1603 - val_acc: 0.9198
Epoch 18/30

  50/1460 [>.............................] - ETA: 0s - loss: 0.1002 - acc: 0.9400
1460/1460 [==============================] - 0s 34us/step - loss: 0.0756 - acc: 0.9740 - val_loss: 0.1617 - val_acc: 0.9383
Epoch 19/30

  50/1460 [>.............................] - ETA: 0s - loss: 0.0793 - acc: 0.9600
1460/1460 [==============================] - 0s 34us/step - loss: 0.0713 - acc: 0.9753 - val_loss: 0.0958 - val_acc: 0.9691
Epoch 20/30

  50/1460 [>.............................] - ETA: 0s - loss: 0.0501 - acc: 0.9800
1460/1460 [==============================] - 0s 36us/step - loss: 0.0570 - acc: 0.9829 - val_loss: 0.1145 - val_acc: 0.9568
Epoch 21/30

  50/1460 [>.............................] - ETA: 0s - loss: 0.0149 - acc: 1.0000
1450/1460 [============================>.] - ETA: 0s - loss: 0.0450 - acc: 0.9855
1460/1460 [==============================] - 0s 38us/step - loss: 0.0455 - acc: 0.9849 - val_loss: 0.1210 - val_acc: 0.9568
Epoch 22/30

  50/1460 [>.............................] - ETA: 0s - loss: 0.0128 - acc: 1.0000
1460/1460 [==============================] - 0s 37us/step - loss: 0.0521 - acc: 0.9829 - val_loss: 0.1427 - val_acc: 0.9506
Epoch 23/30

  50/1460 [>.............................] - ETA: 0s - loss: 0.0186 - acc: 1.0000
1460/1460 [==============================] - 0s 33us/step - loss: 0.0383 - acc: 0.9890 - val_loss: 0.1358 - val_acc: 0.9568
Epoch 24/30

  50/1460 [>.............................] - ETA: 0s - loss: 0.0083 - acc: 1.0000
1460/1460 [==============================] - 0s 32us/step - loss: 0.0366 - acc: 0.9884 - val_loss: 0.1242 - val_acc: 0.9568
Epoch 25/30

  50/1460 [>.............................] - ETA: 0s - loss: 0.0621 - acc: 0.9800
1460/1460 [==============================] - 0s 35us/step - loss: 0.0341 - acc: 0.9890 - val_loss: 0.1239 - val_acc: 0.9568
acc: 97.53%
Train on 1460 samples, validate on 162 samples
Epoch 1/30

  50/1460 [>.............................] - ETA: 25s - loss: 0.7176 - acc: 0.4600
1460/1460 [==============================] - 1s 713us/step - loss: 0.3601 - acc: 0.8822 - val_loss: 0.1864 - val_acc: 0.9383
Epoch 2/30

  50/1460 [>.............................] - ETA: 0s - loss: 0.2000 - acc: 0.9200
1460/1460 [==============================] - 0s 32us/step - loss: 0.1446 - acc: 0.9596 - val_loss: 0.1451 - val_acc: 0.9383
Epoch 3/30

  50/1460 [>.............................] - ETA: 0s - loss: 0.0771 - acc: 0.9800
1460/1460 [==============================] - 0s 30us/step - loss: 0.1002 - acc: 0.9705 - val_loss: 0.1347 - val_acc: 0.9506
Epoch 4/30

  50/1460 [>.............................] - ETA: 0s - loss: 0.1698 - acc: 0.9600
1460/1460 [==============================] - 0s 30us/step - loss: 0.0824 - acc: 0.9753 - val_loss: 0.1321 - val_acc: 0.9506
Epoch 5/30

  50/1460 [>.............................] - ETA: 0s - loss: 0.0229 - acc: 1.0000
1460/1460 [==============================] - 0s 35us/step - loss: 0.0725 - acc: 0.9822 - val_loss: 0.1514 - val_acc: 0.9383
Epoch 6/30

  50/1460 [>.............................] - ETA: 0s - loss: 0.0639 - acc: 0.9800
1460/1460 [==============================] - 0s 39us/step - loss: 0.0671 - acc: 0.9795 - val_loss: 0.0832 - val_acc: 0.9568
Epoch 7/30

  50/1460 [>.............................] - ETA: 0s - loss: 0.0612 - acc: 0.9800
1460/1460 [==============================] - 0s 36us/step - loss: 0.0739 - acc: 0.9726 - val_loss: 0.1006 - val_acc: 0.9568
Epoch 8/30

  50/1460 [>.............................] - ETA: 0s - loss: 0.0449 - acc: 0.9800
1460/1460 [==============================] - 0s 36us/step - loss: 0.0769 - acc: 0.9726 - val_loss: 0.1060 - val_acc: 0.9568
Epoch 9/30

  50/1460 [>.............................] - ETA: 0s - loss: 0.0226 - acc: 1.0000
1460/1460 [==============================] - 0s 37us/step - loss: 0.0601 - acc: 0.9829 - val_loss: 0.0712 - val_acc: 0.9815
Epoch 10/30

  50/1460 [>.............................] - ETA: 0s - loss: 0.0653 - acc: 0.9800
1350/1460 [==========================>...] - ETA: 0s - loss: 0.0612 - acc: 0.9830
1460/1460 [==============================] - 0s 42us/step - loss: 0.0607 - acc: 0.9829 - val_loss: 0.1374 - val_acc: 0.9753
Epoch 11/30

  50/1460 [>.............................] - ETA: 0s - loss: 0.0122 - acc: 1.0000
1460/1460 [==============================] - 0s 37us/step - loss: 0.0547 - acc: 0.9863 - val_loss: 0.0805 - val_acc: 0.9753
Epoch 12/30

  50/1460 [>.............................] - ETA: 0s - loss: 0.1220 - acc: 0.9600
1460/1460 [==============================] - 0s 35us/step - loss: 0.0541 - acc: 0.9863 - val_loss: 0.0623 - val_acc: 0.9877
Epoch 13/30

  50/1460 [>.............................] - ETA: 0s - loss: 0.0119 - acc: 1.0000
1460/1460 [==============================] - 0s 33us/step - loss: 0.0495 - acc: 0.9870 - val_loss: 0.0324 - val_acc: 0.9877
Epoch 14/30

  50/1460 [>.............................] - ETA: 0s - loss: 0.0521 - acc: 0.9800
1460/1460 [==============================] - 0s 35us/step - loss: 0.0541 - acc: 0.9815 - val_loss: 0.0434 - val_acc: 0.9877
Epoch 15/30

  50/1460 [>.............................] - ETA: 0s - loss: 0.0271 - acc: 1.0000
1460/1460 [==============================] - 0s 38us/step - loss: 0.0631 - acc: 0.9795 - val_loss: 0.0391 - val_acc: 0.9877
Epoch 16/30

  50/1460 [>.............................] - ETA: 0s - loss: 0.0476 - acc: 0.9800
1460/1460 [==============================] - 0s 35us/step - loss: 0.0627 - acc: 0.9808 - val_loss: 0.0789 - val_acc: 0.9815
Epoch 17/30

  50/1460 [>.............................] - ETA: 0s - loss: 0.0153 - acc: 1.0000
1300/1460 [=========================>....] - ETA: 0s - loss: 0.0802 - acc: 0.9754
1460/1460 [==============================] - 0s 41us/step - loss: 0.0866 - acc: 0.9719 - val_loss: 0.1404 - val_acc: 0.9444
Epoch 18/30

  50/1460 [>.............................] - ETA: 0s - loss: 0.1645 - acc: 0.9400
1460/1460 [==============================] - 0s 35us/step - loss: 0.1024 - acc: 0.9658 - val_loss: 0.0916 - val_acc: 0.9630
Epoch 19/30

  50/1460 [>.............................] - ETA: 0s - loss: 0.0394 - acc: 1.0000
1460/1460 [==============================] - 0s 40us/step - loss: 0.1024 - acc: 0.9671 - val_loss: 0.1252 - val_acc: 0.9506
Epoch 20/30

  50/1460 [>.............................] - ETA: 0s - loss: 0.0262 - acc: 1.0000
1450/1460 [============================>.] - ETA: 0s - loss: 0.0807 - acc: 0.9724
1460/1460 [==============================] - 0s 39us/step - loss: 0.0804 - acc: 0.9726 - val_loss: 0.0957 - val_acc: 0.9753
Epoch 21/30

  50/1460 [>.............................] - ETA: 0s - loss: 0.0280 - acc: 1.0000
1460/1460 [==============================] - 0s 39us/step - loss: 0.0620 - acc: 0.9815 - val_loss: 0.1167 - val_acc: 0.9630
Epoch 22/30

  50/1460 [>.............................] - ETA: 0s - loss: 0.0247 - acc: 1.0000
1460/1460 [==============================] - 0s 37us/step - loss: 0.0646 - acc: 0.9842 - val_loss: 0.1457 - val_acc: 0.9444
Epoch 23/30

  50/1460 [>.............................] - ETA: 0s - loss: 0.0096 - acc: 1.0000
1460/1460 [==============================] - 0s 36us/step - loss: 0.0665 - acc: 0.9795 - val_loss: 0.1771 - val_acc: 0.9444
Epoch 24/30

  50/1460 [>.............................] - ETA: 0s - loss: 0.0721 - acc: 0.9600
1400/1460 [===========================>..] - ETA: 0s - loss: 0.0636 - acc: 0.9786
1460/1460 [==============================] - 0s 40us/step - loss: 0.0638 - acc: 0.9781 - val_loss: 0.1070 - val_acc: 0.9630
Epoch 25/30

  50/1460 [>.............................] - ETA: 0s - loss: 0.0274 - acc: 1.0000
1460/1460 [==============================] - 0s 33us/step - loss: 0.0478 - acc: 0.9849 - val_loss: 0.0754 - val_acc: 0.9691
Epoch 26/30

  50/1460 [>.............................] - ETA: 0s - loss: 0.0178 - acc: 1.0000
1460/1460 [==============================] - 0s 36us/step - loss: 0.0421 - acc: 0.9890 - val_loss: 0.0654 - val_acc: 0.9815
Epoch 27/30

  50/1460 [>.............................] - ETA: 0s - loss: 0.0054 - acc: 1.0000
1250/1460 [========================>.....] - ETA: 0s - loss: 0.0285 - acc: 0.9928
1460/1460 [==============================] - 0s 43us/step - loss: 0.0369 - acc: 0.9904 - val_loss: 0.0784 - val_acc: 0.9753
Epoch 28/30

  50/1460 [>.............................] - ETA: 0s - loss: 0.0082 - acc: 1.0000
1460/1460 [==============================] - 0s 33us/step - loss: 0.0337 - acc: 0.9897 - val_loss: 0.0849 - val_acc: 0.9753
acc: 98.77%
Train on 1460 samples, validate on 162 samples
Epoch 1/30

  50/1460 [>.............................] - ETA: 28s - loss: 0.6830 - acc: 0.6000
1460/1460 [==============================] - 1s 793us/step - loss: 0.3763 - acc: 0.8411 - val_loss: 0.1898 - val_acc: 0.9444
Epoch 2/30

  50/1460 [>.............................] - ETA: 0s - loss: 0.2006 - acc: 0.9200
1460/1460 [==============================] - 0s 37us/step - loss: 0.1664 - acc: 0.9493 - val_loss: 0.1617 - val_acc: 0.9506
Epoch 3/30

  50/1460 [>.............................] - ETA: 0s - loss: 0.0645 - acc: 0.9800
1460/1460 [==============================] - 0s 35us/step - loss: 0.1365 - acc: 0.9541 - val_loss: 0.1349 - val_acc: 0.9630
Epoch 4/30

  50/1460 [>.............................] - ETA: 0s - loss: 0.0721 - acc: 1.0000
1460/1460 [==============================] - 0s 34us/step - loss: 0.1164 - acc: 0.9623 - val_loss: 0.1374 - val_acc: 0.9630
Epoch 5/30

  50/1460 [>.............................] - ETA: 0s - loss: 0.0446 - acc: 1.0000
1460/1460 [==============================] - 0s 33us/step - loss: 0.0997 - acc: 0.9712 - val_loss: 0.1065 - val_acc: 0.9630
Epoch 6/30

  50/1460 [>.............................] - ETA: 0s - loss: 0.0718 - acc: 0.9800
1460/1460 [==============================] - 0s 35us/step - loss: 0.0886 - acc: 0.9705 - val_loss: 0.1549 - val_acc: 0.9383
Epoch 7/30

  50/1460 [>.............................] - ETA: 0s - loss: 0.1345 - acc: 0.9800
1460/1460 [==============================] - 0s 30us/step - loss: 0.1002 - acc: 0.9658 - val_loss: 0.1118 - val_acc: 0.9383
Epoch 8/30

  50/1460 [>.............................] - ETA: 0s - loss: 0.0231 - acc: 1.0000
1460/1460 [==============================] - 0s 30us/step - loss: 0.0906 - acc: 0.9692 - val_loss: 0.1883 - val_acc: 0.9444
Epoch 9/30

  50/1460 [>.............................] - ETA: 0s - loss: 0.1031 - acc: 0.9600
1460/1460 [==============================] - 0s 32us/step - loss: 0.0688 - acc: 0.9788 - val_loss: 0.1670 - val_acc: 0.9444
Epoch 10/30

  50/1460 [>.............................] - ETA: 0s - loss: 0.0215 - acc: 1.0000
1460/1460 [==============================] - 0s 31us/step - loss: 0.0622 - acc: 0.9836 - val_loss: 0.1329 - val_acc: 0.9630
Epoch 11/30

  50/1460 [>.............................] - ETA: 0s - loss: 0.1242 - acc: 0.9600
1460/1460 [==============================] - 0s 31us/step - loss: 0.0612 - acc: 0.9822 - val_loss: 0.1131 - val_acc: 0.9815
Epoch 12/30

  50/1460 [>.............................] - ETA: 0s - loss: 0.0253 - acc: 1.0000
1460/1460 [==============================] - 0s 30us/step - loss: 0.0601 - acc: 0.9788 - val_loss: 0.1360 - val_acc: 0.9753
Epoch 13/30

  50/1460 [>.............................] - ETA: 0s - loss: 0.0482 - acc: 0.9800
1460/1460 [==============================] - 0s 37us/step - loss: 0.0517 - acc: 0.9836 - val_loss: 0.1368 - val_acc: 0.9630
Epoch 14/30

  50/1460 [>.............................] - ETA: 0s - loss: 0.0084 - acc: 1.0000
1460/1460 [==============================] - 0s 33us/step - loss: 0.0476 - acc: 0.9829 - val_loss: 0.1938 - val_acc: 0.9383
Epoch 15/30

  50/1460 [>.............................] - ETA: 0s - loss: 0.0901 - acc: 0.9600
1460/1460 [==============================] - 0s 36us/step - loss: 0.0731 - acc: 0.9760 - val_loss: 0.2478 - val_acc: 0.9198
Epoch 16/30

  50/1460 [>.............................] - ETA: 0s - loss: 0.1161 - acc: 0.9800
1460/1460 [==============================] - 0s 35us/step - loss: 0.0848 - acc: 0.9733 - val_loss: 0.1904 - val_acc: 0.9444
Epoch 17/30

  50/1460 [>.............................] - ETA: 0s - loss: 0.0960 - acc: 0.9800
1460/1460 [==============================] - 0s 35us/step - loss: 0.0986 - acc: 0.9610 - val_loss: 0.1527 - val_acc: 0.9259
Epoch 18/30

  50/1460 [>.............................] - ETA: 0s - loss: 0.0422 - acc: 1.0000
1460/1460 [==============================] - 0s 33us/step - loss: 0.0863 - acc: 0.9664 - val_loss: 0.1455 - val_acc: 0.9568
Epoch 19/30

  50/1460 [>.............................] - ETA: 0s - loss: 0.0151 - acc: 1.0000
1460/1460 [==============================] - 0s 35us/step - loss: 0.0605 - acc: 0.9733 - val_loss: 0.1604 - val_acc: 0.9259
Epoch 20/30

  50/1460 [>.............................] - ETA: 0s - loss: 0.0548 - acc: 0.9600
1450/1460 [============================>.] - ETA: 0s - loss: 0.0590 - acc: 0.9772
1460/1460 [==============================] - 0s 38us/step - loss: 0.0592 - acc: 0.9774 - val_loss: 0.1807 - val_acc: 0.9630
Epoch 21/30

  50/1460 [>.............................] - ETA: 0s - loss: 0.0226 - acc: 1.0000
1460/1460 [==============================] - 0s 35us/step - loss: 0.0541 - acc: 0.9801 - val_loss: 0.1955 - val_acc: 0.9568
Epoch 22/30

  50/1460 [>.............................] - ETA: 0s - loss: 0.0622 - acc: 0.9800
1460/1460 [==============================] - 0s 33us/step - loss: 0.0394 - acc: 0.9829 - val_loss: 0.0990 - val_acc: 0.9691
Epoch 23/30

  50/1460 [>.............................] - ETA: 0s - loss: 0.0643 - acc: 0.9800
1460/1460 [==============================] - 0s 36us/step - loss: 0.0435 - acc: 0.9856 - val_loss: 0.1469 - val_acc: 0.9753
Epoch 24/30

  50/1460 [>.............................] - ETA: 0s - loss: 0.0095 - acc: 1.0000
1460/1460 [==============================] - 0s 33us/step - loss: 0.0345 - acc: 0.9863 - val_loss: 0.1498 - val_acc: 0.9691
Epoch 25/30

  50/1460 [>.............................] - ETA: 0s - loss: 0.0070 - acc: 1.0000
1460/1460 [==============================] - 0s 34us/step - loss: 0.0279 - acc: 0.9897 - val_loss: 0.1614 - val_acc: 0.9691
Epoch 26/30

  50/1460 [>.............................] - ETA: 0s - loss: 0.0056 - acc: 1.0000
1460/1460 [==============================] - 0s 33us/step - loss: 0.0244 - acc: 0.9918 - val_loss: 0.1463 - val_acc: 0.9753
Epoch 27/30

  50/1460 [>.............................] - ETA: 0s - loss: 0.0267 - acc: 0.9800
1460/1460 [==============================] - 0s 35us/step - loss: 0.0242 - acc: 0.9918 - val_loss: 0.1497 - val_acc: 0.9568
acc: 98.15%
Train on 1460 samples, validate on 162 samples
Epoch 1/30

  50/1460 [>.............................] - ETA: 30s - loss: 0.6828 - acc: 0.5600
1460/1460 [==============================] - 1s 859us/step - loss: 0.3836 - acc: 0.8685 - val_loss: 0.2306 - val_acc: 0.9506
Epoch 2/30

  50/1460 [>.............................] - ETA: 0s - loss: 0.2139 - acc: 0.9800
1460/1460 [==============================] - 0s 34us/step - loss: 0.1746 - acc: 0.9534 - val_loss: 0.1507 - val_acc: 0.9753
Epoch 3/30

  50/1460 [>.............................] - ETA: 0s - loss: 0.1632 - acc: 0.9400
1460/1460 [==============================] - 0s 33us/step - loss: 0.1549 - acc: 0.9473 - val_loss: 0.1543 - val_acc: 0.9444
Epoch 4/30

  50/1460 [>.............................] - ETA: 0s - loss: 0.1247 - acc: 0.9400
1460/1460 [==============================] - 0s 31us/step - loss: 0.1208 - acc: 0.9644 - val_loss: 0.1277 - val_acc: 0.9630
Epoch 5/30

  50/1460 [>.............................] - ETA: 0s - loss: 0.1509 - acc: 0.9600
1460/1460 [==============================] - 0s 31us/step - loss: 0.1059 - acc: 0.9678 - val_loss: 0.1422 - val_acc: 0.9630
Epoch 6/30

  50/1460 [>.............................] - ETA: 0s - loss: 0.0707 - acc: 1.0000
1460/1460 [==============================] - 0s 30us/step - loss: 0.0773 - acc: 0.9781 - val_loss: 0.1495 - val_acc: 0.9506
Epoch 7/30

  50/1460 [>.............................] - ETA: 0s - loss: 0.1093 - acc: 0.9800
1460/1460 [==============================] - 0s 31us/step - loss: 0.0872 - acc: 0.9712 - val_loss: 0.1956 - val_acc: 0.9568
Epoch 8/30

  50/1460 [>.............................] - ETA: 0s - loss: 0.1110 - acc: 0.9800
1460/1460 [==============================] - 0s 32us/step - loss: 0.1044 - acc: 0.9685 - val_loss: 0.3039 - val_acc: 0.9321
Epoch 9/30

  50/1460 [>.............................] - ETA: 0s - loss: 0.0436 - acc: 0.9800
1460/1460 [==============================] - 0s 36us/step - loss: 0.0806 - acc: 0.9712 - val_loss: 0.2249 - val_acc: 0.9630
Epoch 10/30

  50/1460 [>.............................] - ETA: 0s - loss: 0.0362 - acc: 1.0000
1460/1460 [==============================] - 0s 35us/step - loss: 0.0688 - acc: 0.9781 - val_loss: 0.1831 - val_acc: 0.9506
Epoch 11/30

  50/1460 [>.............................] - ETA: 0s - loss: 0.0229 - acc: 1.0000
1460/1460 [==============================] - 0s 37us/step - loss: 0.0610 - acc: 0.9822 - val_loss: 0.1574 - val_acc: 0.9691
Epoch 12/30

  50/1460 [>.............................] - ETA: 0s - loss: 0.0986 - acc: 0.9600
1300/1460 [=========================>....] - ETA: 0s - loss: 0.0699 - acc: 0.9800
1460/1460 [==============================] - 0s 43us/step - loss: 0.0790 - acc: 0.9774 - val_loss: 0.2005 - val_acc: 0.9383
Epoch 13/30

  50/1460 [>.............................] - ETA: 0s - loss: 0.0779 - acc: 0.9600
1400/1460 [===========================>..] - ETA: 0s - loss: 0.0911 - acc: 0.9743
1460/1460 [==============================] - 0s 40us/step - loss: 0.0932 - acc: 0.9733 - val_loss: 0.2687 - val_acc: 0.9259
Epoch 14/30

  50/1460 [>.............................] - ETA: 0s - loss: 0.2117 - acc: 0.9200
1460/1460 [==============================] - 0s 38us/step - loss: 0.1692 - acc: 0.9445 - val_loss: 0.2552 - val_acc: 0.9259
Epoch 15/30

  50/1460 [>.............................] - ETA: 0s - loss: 0.1202 - acc: 0.9600
1450/1460 [============================>.] - ETA: 0s - loss: 0.1130 - acc: 0.9710
1460/1460 [==============================] - 0s 39us/step - loss: 0.1125 - acc: 0.9712 - val_loss: 0.2792 - val_acc: 0.9259
Epoch 16/30

  50/1460 [>.............................] - ETA: 0s - loss: 0.0452 - acc: 0.9800
1460/1460 [==============================] - 0s 34us/step - loss: 0.0770 - acc: 0.9795 - val_loss: 0.2554 - val_acc: 0.9259
Epoch 17/30

  50/1460 [>.............................] - ETA: 0s - loss: 0.1576 - acc: 0.9800
1460/1460 [==============================] - 0s 36us/step - loss: 0.0782 - acc: 0.9781 - val_loss: 0.1995 - val_acc: 0.9321
Epoch 18/30

  50/1460 [>.............................] - ETA: 0s - loss: 0.0442 - acc: 0.9800
1460/1460 [==============================] - 0s 34us/step - loss: 0.0748 - acc: 0.9815 - val_loss: 0.1662 - val_acc: 0.9444
acc: 97.53%
Train on 1460 samples, validate on 162 samples
Epoch 1/30

  50/1460 [>.............................] - ETA: 33s - loss: 0.7013 - acc: 0.5200
1460/1460 [==============================] - 1s 951us/step - loss: 0.3496 - acc: 0.8651 - val_loss: 0.1530 - val_acc: 0.9630
Epoch 2/30

  50/1460 [>.............................] - ETA: 0s - loss: 0.1219 - acc: 0.9600
1460/1460 [==============================] - 0s 35us/step - loss: 0.1405 - acc: 0.9575 - val_loss: 0.1424 - val_acc: 0.9444
Epoch 3/30

  50/1460 [>.............................] - ETA: 0s - loss: 0.1184 - acc: 0.9600
1460/1460 [==============================] - 0s 35us/step - loss: 0.1026 - acc: 0.9692 - val_loss: 0.1286 - val_acc: 0.9753
Epoch 4/30

  50/1460 [>.............................] - ETA: 0s - loss: 0.0376 - acc: 1.0000
1460/1460 [==============================] - 0s 33us/step - loss: 0.1051 - acc: 0.9651 - val_loss: 0.1196 - val_acc: 0.9568
Epoch 5/30

  50/1460 [>.............................] - ETA: 0s - loss: 0.0421 - acc: 0.9800
1460/1460 [==============================] - 0s 34us/step - loss: 0.0956 - acc: 0.9678 - val_loss: 0.1748 - val_acc: 0.9506
Epoch 6/30

  50/1460 [>.............................] - ETA: 0s - loss: 0.1401 - acc: 0.9600
1450/1460 [============================>.] - ETA: 0s - loss: 0.0926 - acc: 0.9662
1460/1460 [==============================] - 0s 38us/step - loss: 0.0965 - acc: 0.9658 - val_loss: 0.1310 - val_acc: 0.9691
Epoch 7/30

  50/1460 [>.............................] - ETA: 0s - loss: 0.1096 - acc: 0.9800
1460/1460 [==============================] - 0s 37us/step - loss: 0.0919 - acc: 0.9767 - val_loss: 0.0779 - val_acc: 0.9691
Epoch 8/30

  50/1460 [>.............................] - ETA: 0s - loss: 0.1075 - acc: 0.9800
1460/1460 [==============================] - 0s 38us/step - loss: 0.0757 - acc: 0.9712 - val_loss: 0.1033 - val_acc: 0.9630
Epoch 9/30

  50/1460 [>.............................] - ETA: 0s - loss: 0.0450 - acc: 0.9800
1460/1460 [==============================] - 0s 37us/step - loss: 0.0701 - acc: 0.9808 - val_loss: 0.1300 - val_acc: 0.9630
Epoch 10/30

  50/1460 [>.............................] - ETA: 0s - loss: 0.0295 - acc: 1.0000
1460/1460 [==============================] - 0s 36us/step - loss: 0.0790 - acc: 0.9733 - val_loss: 0.1050 - val_acc: 0.9753
Epoch 11/30

  50/1460 [>.............................] - ETA: 0s - loss: 0.1228 - acc: 0.9200
1460/1460 [==============================] - 0s 36us/step - loss: 0.0808 - acc: 0.9719 - val_loss: 0.1230 - val_acc: 0.9753
Epoch 12/30

  50/1460 [>.............................] - ETA: 0s - loss: 0.0134 - acc: 1.0000
1460/1460 [==============================] - 0s 37us/step - loss: 0.0691 - acc: 0.9815 - val_loss: 0.0915 - val_acc: 0.9691
Epoch 13/30

  50/1460 [>.............................] - ETA: 0s - loss: 0.0635 - acc: 0.9800
1460/1460 [==============================] - 0s 37us/step - loss: 0.0871 - acc: 0.9699 - val_loss: 0.1044 - val_acc: 0.9815
Epoch 14/30

  50/1460 [>.............................] - ETA: 0s - loss: 0.0949 - acc: 0.9800
1460/1460 [==============================] - 0s 33us/step - loss: 0.0758 - acc: 0.9767 - val_loss: 0.0982 - val_acc: 0.9815
Epoch 15/30

  50/1460 [>.............................] - ETA: 0s - loss: 0.0991 - acc: 0.9800
1460/1460 [==============================] - 0s 35us/step - loss: 0.0674 - acc: 0.9822 - val_loss: 0.1090 - val_acc: 0.9753
Epoch 16/30

  50/1460 [>.............................] - ETA: 0s - loss: 0.0460 - acc: 1.0000
1460/1460 [==============================] - 0s 38us/step - loss: 0.0589 - acc: 0.9829 - val_loss: 0.1172 - val_acc: 0.9691
Epoch 17/30

  50/1460 [>.............................] - ETA: 0s - loss: 0.0561 - acc: 0.9800
1450/1460 [============================>.] - ETA: 0s - loss: 0.0675 - acc: 0.9793
1460/1460 [==============================] - 0s 39us/step - loss: 0.0672 - acc: 0.9795 - val_loss: 0.1246 - val_acc: 0.9753
Epoch 18/30

  50/1460 [>.............................] - ETA: 0s - loss: 0.0071 - acc: 1.0000
1460/1460 [==============================] - 0s 35us/step - loss: 0.0559 - acc: 0.9808 - val_loss: 0.1061 - val_acc: 0.9753
Epoch 19/30

  50/1460 [>.............................] - ETA: 0s - loss: 0.0079 - acc: 1.0000
1460/1460 [==============================] - 0s 36us/step - loss: 0.0507 - acc: 0.9822 - val_loss: 0.1146 - val_acc: 0.9753
Epoch 20/30

  50/1460 [>.............................] - ETA: 0s - loss: 0.0195 - acc: 1.0000
1460/1460 [==============================] - 0s 35us/step - loss: 0.0506 - acc: 0.9788 - val_loss: 0.1053 - val_acc: 0.9753
Epoch 21/30

  50/1460 [>.............................] - ETA: 0s - loss: 0.0581 - acc: 0.9600
1450/1460 [============================>.] - ETA: 0s - loss: 0.0448 - acc: 0.9841
1460/1460 [==============================] - 0s 39us/step - loss: 0.0446 - acc: 0.9842 - val_loss: 0.0697 - val_acc: 0.9753
Epoch 22/30

  50/1460 [>.............................] - ETA: 0s - loss: 0.0205 - acc: 1.0000
1450/1460 [============================>.] - ETA: 0s - loss: 0.0470 - acc: 0.9828
1460/1460 [==============================] - 0s 39us/step - loss: 0.0467 - acc: 0.9829 - val_loss: 0.0989 - val_acc: 0.9753
Epoch 23/30

  50/1460 [>.............................] - ETA: 0s - loss: 0.0248 - acc: 0.9800
1460/1460 [==============================] - 0s 36us/step - loss: 0.0381 - acc: 0.9863 - val_loss: 0.0475 - val_acc: 0.9815
Epoch 24/30

  50/1460 [>.............................] - ETA: 0s - loss: 0.0116 - acc: 1.0000
1460/1460 [==============================] - 0s 38us/step - loss: 0.0389 - acc: 0.9849 - val_loss: 0.1118 - val_acc: 0.9568
Epoch 25/30

  50/1460 [>.............................] - ETA: 0s - loss: 0.0121 - acc: 1.0000
1460/1460 [==============================] - 0s 38us/step - loss: 0.0292 - acc: 0.9925 - val_loss: 0.1196 - val_acc: 0.9630
Epoch 26/30

  50/1460 [>.............................] - ETA: 0s - loss: 0.0112 - acc: 1.0000
1450/1460 [============================>.] - ETA: 0s - loss: 0.0264 - acc: 0.9924
1460/1460 [==============================] - 0s 38us/step - loss: 0.0263 - acc: 0.9925 - val_loss: 0.1221 - val_acc: 0.9691
Epoch 27/30

  50/1460 [>.............................] - ETA: 0s - loss: 0.0145 - acc: 1.0000
1460/1460 [==============================] - 0s 36us/step - loss: 0.0246 - acc: 0.9938 - val_loss: 0.1246 - val_acc: 0.9630
Epoch 28/30

  50/1460 [>.............................] - ETA: 0s - loss: 0.0686 - acc: 0.9800
1460/1460 [==============================] - 0s 39us/step - loss: 0.0305 - acc: 0.9918 - val_loss: 0.1321 - val_acc: 0.9568
Epoch 29/30

  50/1460 [>.............................] - ETA: 0s - loss: 0.0073 - acc: 1.0000
1460/1460 [==============================] - 0s 37us/step - loss: 0.0240 - acc: 0.9945 - val_loss: 0.1484 - val_acc: 0.9568
Epoch 30/30

  50/1460 [>.............................] - ETA: 0s - loss: 0.0075 - acc: 1.0000
1460/1460 [==============================] - 0s 35us/step - loss: 0.0325 - acc: 0.9918 - val_loss: 0.1443 - val_acc: 0.9568
acc: 98.15%
Train on 1460 samples, validate on 162 samples
Epoch 1/30

  50/1460 [>.............................] - ETA: 37s - loss: 0.7688 - acc: 0.4000
1460/1460 [==============================] - 2s 1ms/step - loss: 0.4035 - acc: 0.8397 - val_loss: 0.2444 - val_acc: 0.9198
Epoch 2/30

  50/1460 [>.............................] - ETA: 0s - loss: 0.2697 - acc: 0.9000
1460/1460 [==============================] - 0s 35us/step - loss: 0.1572 - acc: 0.9603 - val_loss: 0.1868 - val_acc: 0.9383
Epoch 3/30

  50/1460 [>.............................] - ETA: 0s - loss: 0.1653 - acc: 0.9600
1460/1460 [==============================] - 0s 35us/step - loss: 0.1314 - acc: 0.9548 - val_loss: 0.2051 - val_acc: 0.9383
Epoch 4/30

  50/1460 [>.............................] - ETA: 0s - loss: 0.1451 - acc: 0.9200
1460/1460 [==============================] - 0s 33us/step - loss: 0.1234 - acc: 0.9575 - val_loss: 0.1565 - val_acc: 0.9506
Epoch 5/30

  50/1460 [>.............................] - ETA: 0s - loss: 0.0457 - acc: 1.0000
1460/1460 [==============================] - 0s 33us/step - loss: 0.0977 - acc: 0.9678 - val_loss: 0.1678 - val_acc: 0.9506
Epoch 6/30

  50/1460 [>.............................] - ETA: 0s - loss: 0.0663 - acc: 0.9600
1460/1460 [==============================] - 0s 33us/step - loss: 0.0965 - acc: 0.9658 - val_loss: 0.1611 - val_acc: 0.9506
Epoch 7/30

  50/1460 [>.............................] - ETA: 0s - loss: 0.0693 - acc: 0.9600
1460/1460 [==============================] - 0s 32us/step - loss: 0.0809 - acc: 0.9733 - val_loss: 0.1772 - val_acc: 0.9568
Epoch 8/30

  50/1460 [>.............................] - ETA: 0s - loss: 0.0184 - acc: 1.0000
1460/1460 [==============================] - 0s 33us/step - loss: 0.0829 - acc: 0.9753 - val_loss: 0.1883 - val_acc: 0.9259
Epoch 9/30

  50/1460 [>.............................] - ETA: 0s - loss: 0.0454 - acc: 0.9800
1460/1460 [==============================] - 0s 33us/step - loss: 0.0857 - acc: 0.9740 - val_loss: 0.1542 - val_acc: 0.9383
Epoch 10/30

  50/1460 [>.............................] - ETA: 0s - loss: 0.1308 - acc: 0.9400
1460/1460 [==============================] - 0s 34us/step - loss: 0.0755 - acc: 0.9767 - val_loss: 0.1590 - val_acc: 0.9383
Epoch 11/30

  50/1460 [>.............................] - ETA: 0s - loss: 0.0914 - acc: 0.9800
1460/1460 [==============================] - 0s 32us/step - loss: 0.0484 - acc: 0.9877 - val_loss: 0.1374 - val_acc: 0.9506
Epoch 12/30

  50/1460 [>.............................] - ETA: 0s - loss: 0.1341 - acc: 0.9600
1460/1460 [==============================] - 0s 33us/step - loss: 0.0513 - acc: 0.9849 - val_loss: 0.1367 - val_acc: 0.9568
Epoch 13/30

  50/1460 [>.............................] - ETA: 0s - loss: 0.0197 - acc: 1.0000
1460/1460 [==============================] - 0s 33us/step - loss: 0.0391 - acc: 0.9897 - val_loss: 0.1204 - val_acc: 0.9691
Epoch 14/30

  50/1460 [>.............................] - ETA: 0s - loss: 0.0169 - acc: 1.0000
1460/1460 [==============================] - 0s 34us/step - loss: 0.0344 - acc: 0.9897 - val_loss: 0.1566 - val_acc: 0.9506
Epoch 15/30

  50/1460 [>.............................] - ETA: 0s - loss: 0.0213 - acc: 1.0000
1460/1460 [==============================] - 0s 37us/step - loss: 0.0296 - acc: 0.9918 - val_loss: 0.1040 - val_acc: 0.9691
Epoch 16/30

  50/1460 [>.............................] - ETA: 0s - loss: 0.0122 - acc: 1.0000
1460/1460 [==============================] - 0s 33us/step - loss: 0.0288 - acc: 0.9925 - val_loss: 0.1229 - val_acc: 0.9630
Epoch 17/30

  50/1460 [>.............................] - ETA: 0s - loss: 0.0088 - acc: 1.0000
1460/1460 [==============================] - 0s 35us/step - loss: 0.0255 - acc: 0.9925 - val_loss: 0.1213 - val_acc: 0.9630
Epoch 18/30

  50/1460 [>.............................] - ETA: 0s - loss: 0.1316 - acc: 0.9600
1460/1460 [==============================] - 0s 34us/step - loss: 0.0278 - acc: 0.9925 - val_loss: 0.1749 - val_acc: 0.9506
Epoch 19/30

  50/1460 [>.............................] - ETA: 0s - loss: 0.0121 - acc: 1.0000
1460/1460 [==============================] - 0s 32us/step - loss: 0.0289 - acc: 0.9918 - val_loss: 0.1471 - val_acc: 0.9568
Epoch 20/30

  50/1460 [>.............................] - ETA: 0s - loss: 0.0095 - acc: 1.0000
1460/1460 [==============================] - 0s 34us/step - loss: 0.0383 - acc: 0.9849 - val_loss: 0.1481 - val_acc: 0.9506
Epoch 21/30

  50/1460 [>.............................] - ETA: 0s - loss: 0.0652 - acc: 0.9800
1460/1460 [==============================] - 0s 35us/step - loss: 0.0776 - acc: 0.9808 - val_loss: 0.1575 - val_acc: 0.9630
Epoch 22/30

  50/1460 [>.............................] - ETA: 0s - loss: 0.0206 - acc: 1.0000
1460/1460 [==============================] - 0s 34us/step - loss: 0.0682 - acc: 0.9795 - val_loss: 0.1228 - val_acc: 0.9630
Epoch 23/30

  50/1460 [>.............................] - ETA: 0s - loss: 0.0820 - acc: 0.9600
1460/1460 [==============================] - 0s 36us/step - loss: 0.0626 - acc: 0.9781 - val_loss: 0.0712 - val_acc: 0.9691
Epoch 24/30

  50/1460 [>.............................] - ETA: 0s - loss: 0.0653 - acc: 0.9800
1460/1460 [==============================] - 0s 34us/step - loss: 0.0677 - acc: 0.9788 - val_loss: 0.0615 - val_acc: 0.9691
Epoch 25/30

  50/1460 [>.............................] - ETA: 0s - loss: 0.0108 - acc: 1.0000
1460/1460 [==============================] - 0s 34us/step - loss: 0.0716 - acc: 0.9712 - val_loss: 0.0964 - val_acc: 0.9630
Epoch 26/30

  50/1460 [>.............................] - ETA: 0s - loss: 0.0256 - acc: 1.0000
1460/1460 [==============================] - 0s 33us/step - loss: 0.0752 - acc: 0.9774 - val_loss: 0.0937 - val_acc: 0.9753
Epoch 27/30

  50/1460 [>.............................] - ETA: 0s - loss: 0.0801 - acc: 0.9600
1460/1460 [==============================] - 0s 33us/step - loss: 0.0764 - acc: 0.9705 - val_loss: 0.1453 - val_acc: 0.9630
Epoch 28/30

  50/1460 [>.............................] - ETA: 0s - loss: 0.0534 - acc: 0.9600
1460/1460 [==============================] - 0s 34us/step - loss: 0.0577 - acc: 0.9781 - val_loss: 0.1509 - val_acc: 0.9630
Epoch 29/30

  50/1460 [>.............................] - ETA: 0s - loss: 0.1133 - acc: 0.9600
1460/1460 [==============================] - 0s 37us/step - loss: 0.0664 - acc: 0.9733 - val_loss: 0.1454 - val_acc: 0.9630
Epoch 30/30

  50/1460 [>.............................] - ETA: 0s - loss: 0.0955 - acc: 0.9400
1460/1460 [==============================] - 0s 35us/step - loss: 0.1112 - acc: 0.9493 - val_loss: 0.1467 - val_acc: 0.9568
acc: 95.68%
Train on 1461 samples, validate on 161 samples
Epoch 1/30

  50/1461 [>.............................] - ETA: 40s - loss: 0.7064 - acc: 0.4800
1461/1461 [==============================] - 2s 1ms/step - loss: 0.3591 - acc: 0.8734 - val_loss: 0.1447 - val_acc: 0.9689
Epoch 2/30

  50/1461 [>.............................] - ETA: 0s - loss: 0.2173 - acc: 0.9400
1461/1461 [==============================] - 0s 36us/step - loss: 0.1516 - acc: 0.9548 - val_loss: 0.1040 - val_acc: 0.9752
Epoch 3/30

  50/1461 [>.............................] - ETA: 0s - loss: 0.1043 - acc: 0.9800
1461/1461 [==============================] - 0s 33us/step - loss: 0.1050 - acc: 0.9706 - val_loss: 0.0872 - val_acc: 0.9814
Epoch 4/30

  50/1461 [>.............................] - ETA: 0s - loss: 0.0414 - acc: 1.0000
1461/1461 [==============================] - 0s 31us/step - loss: 0.1016 - acc: 0.9726 - val_loss: 0.0843 - val_acc: 0.9876
Epoch 5/30

  50/1461 [>.............................] - ETA: 0s - loss: 0.0322 - acc: 0.9800
1461/1461 [==============================] - 0s 33us/step - loss: 0.0810 - acc: 0.9747 - val_loss: 0.0627 - val_acc: 0.9876
Epoch 6/30

  50/1461 [>.............................] - ETA: 0s - loss: 0.0509 - acc: 1.0000
1461/1461 [==============================] - 0s 32us/step - loss: 0.0867 - acc: 0.9774 - val_loss: 0.1025 - val_acc: 0.9689
Epoch 7/30

  50/1461 [>.............................] - ETA: 0s - loss: 0.0673 - acc: 1.0000
1461/1461 [==============================] - 0s 32us/step - loss: 0.1120 - acc: 0.9630 - val_loss: 0.0580 - val_acc: 0.9814
Epoch 8/30

  50/1461 [>.............................] - ETA: 0s - loss: 0.0514 - acc: 0.9600
1461/1461 [==============================] - 0s 31us/step - loss: 0.1036 - acc: 0.9624 - val_loss: 0.0706 - val_acc: 0.9876
Epoch 9/30

  50/1461 [>.............................] - ETA: 0s - loss: 0.0235 - acc: 1.0000
1461/1461 [==============================] - 0s 32us/step - loss: 0.0872 - acc: 0.9719 - val_loss: 0.0884 - val_acc: 0.9814
Epoch 10/30

  50/1461 [>.............................] - ETA: 0s - loss: 0.0213 - acc: 1.0000
1461/1461 [==============================] - 0s 34us/step - loss: 0.0662 - acc: 0.9802 - val_loss: 0.0960 - val_acc: 0.9752
Epoch 11/30

  50/1461 [>.............................] - ETA: 0s - loss: 0.0809 - acc: 0.9800
1461/1461 [==============================] - 0s 35us/step - loss: 0.0756 - acc: 0.9747 - val_loss: 0.1001 - val_acc: 0.9752
Epoch 12/30

  50/1461 [>.............................] - ETA: 0s - loss: 0.0244 - acc: 1.0000
1461/1461 [==============================] - 0s 33us/step - loss: 0.0755 - acc: 0.9740 - val_loss: 0.0989 - val_acc: 0.9752
Epoch 13/30

  50/1461 [>.............................] - ETA: 0s - loss: 0.1143 - acc: 0.9600
1461/1461 [==============================] - 0s 34us/step - loss: 0.0660 - acc: 0.9788 - val_loss: 0.0640 - val_acc: 0.9814
Epoch 14/30

  50/1461 [>.............................] - ETA: 0s - loss: 0.0247 - acc: 1.0000
1461/1461 [==============================] - 0s 33us/step - loss: 0.0610 - acc: 0.9815 - val_loss: 0.0421 - val_acc: 0.9876
Epoch 15/30

  50/1461 [>.............................] - ETA: 0s - loss: 0.0445 - acc: 0.9800
1461/1461 [==============================] - 0s 33us/step - loss: 0.0636 - acc: 0.9795 - val_loss: 0.0910 - val_acc: 0.9752
Epoch 16/30

  50/1461 [>.............................] - ETA: 0s - loss: 0.0147 - acc: 1.0000
1461/1461 [==============================] - 0s 35us/step - loss: 0.0570 - acc: 0.9822 - val_loss: 0.0929 - val_acc: 0.9752
Epoch 17/30

  50/1461 [>.............................] - ETA: 0s - loss: 0.1605 - acc: 0.9400
1461/1461 [==============================] - 0s 38us/step - loss: 0.0546 - acc: 0.9822 - val_loss: 0.0776 - val_acc: 0.9814
Epoch 18/30

  50/1461 [>.............................] - ETA: 0s - loss: 0.1142 - acc: 0.9600
1461/1461 [==============================] - 0s 36us/step - loss: 0.0456 - acc: 0.9856 - val_loss: 0.0875 - val_acc: 0.9689
Epoch 19/30

  50/1461 [>.............................] - ETA: 0s - loss: 0.0207 - acc: 1.0000
1461/1461 [==============================] - 0s 35us/step - loss: 0.0469 - acc: 0.9856 - val_loss: 0.1001 - val_acc: 0.9752
Epoch 20/30

  50/1461 [>.............................] - ETA: 0s - loss: 0.0058 - acc: 1.0000
1461/1461 [==============================] - 0s 38us/step - loss: 0.0407 - acc: 0.9884 - val_loss: 0.0772 - val_acc: 0.9814
Epoch 21/30

  50/1461 [>.............................] - ETA: 0s - loss: 0.0131 - acc: 1.0000
1461/1461 [==============================] - 0s 36us/step - loss: 0.0411 - acc: 0.9856 - val_loss: 0.0705 - val_acc: 0.9814
acc: 98.76%
Accuracy: 97.35% (+/- 1.16%)
