Train on 1459 samples, validate on 163 samples
Epoch 1/30

  10/1459 [..............................] - ETA: 1:00 - loss: 0.6318 - acc: 0.7000
 410/1459 [=======>......................] - ETA: 1s - loss: 0.4945 - acc: 0.7756  
 790/1459 [===============>..............] - ETA: 0s - loss: 0.4125 - acc: 0.8253
1170/1459 [=======================>......] - ETA: 0s - loss: 0.3458 - acc: 0.8692
1459/1459 [==============================] - 1s 455us/step - loss: 0.3116 - acc: 0.8897 - val_loss: 0.2105 - val_acc: 0.9325
Epoch 2/30

  10/1459 [..............................] - ETA: 0s - loss: 0.1069 - acc: 1.0000
 430/1459 [=======>......................] - ETA: 0s - loss: 0.1370 - acc: 0.9721
 840/1459 [================>.............] - ETA: 0s - loss: 0.1271 - acc: 0.9690
1280/1459 [=========================>....] - ETA: 0s - loss: 0.1252 - acc: 0.9687
1459/1459 [==============================] - 0s 123us/step - loss: 0.1235 - acc: 0.9692 - val_loss: 0.1666 - val_acc: 0.9571
Epoch 3/30

  10/1459 [..............................] - ETA: 0s - loss: 0.1858 - acc: 0.9000
 440/1459 [========>.....................] - ETA: 0s - loss: 0.0888 - acc: 0.9795
 870/1459 [================>.............] - ETA: 0s - loss: 0.0805 - acc: 0.9793
1300/1459 [=========================>....] - ETA: 0s - loss: 0.0805 - acc: 0.9800
1459/1459 [==============================] - 0s 123us/step - loss: 0.0788 - acc: 0.9815 - val_loss: 0.1501 - val_acc: 0.9509
Epoch 4/30

  10/1459 [..............................] - ETA: 0s - loss: 0.0264 - acc: 1.0000
 440/1459 [========>.....................] - ETA: 0s - loss: 0.0533 - acc: 0.9795
 860/1459 [================>.............] - ETA: 0s - loss: 0.0572 - acc: 0.9802
1290/1459 [=========================>....] - ETA: 0s - loss: 0.0597 - acc: 0.9822
1459/1459 [==============================] - 0s 123us/step - loss: 0.0662 - acc: 0.9808 - val_loss: 0.1424 - val_acc: 0.9632
Epoch 5/30

  10/1459 [..............................] - ETA: 0s - loss: 0.0221 - acc: 1.0000
 430/1459 [=======>......................] - ETA: 0s - loss: 0.0397 - acc: 0.9930
 860/1459 [================>.............] - ETA: 0s - loss: 0.0533 - acc: 0.9849
1290/1459 [=========================>....] - ETA: 0s - loss: 0.0503 - acc: 0.9860
1459/1459 [==============================] - 0s 122us/step - loss: 0.0527 - acc: 0.9856 - val_loss: 0.1662 - val_acc: 0.9509
Epoch 6/30

  10/1459 [..............................] - ETA: 0s - loss: 0.0112 - acc: 1.0000
 440/1459 [========>.....................] - ETA: 0s - loss: 0.0494 - acc: 0.9841
 870/1459 [================>.............] - ETA: 0s - loss: 0.0468 - acc: 0.9862
1300/1459 [=========================>....] - ETA: 0s - loss: 0.0469 - acc: 0.9869
1459/1459 [==============================] - 0s 121us/step - loss: 0.0477 - acc: 0.9870 - val_loss: 0.1497 - val_acc: 0.9509
acc: 96.32%
Train on 1459 samples, validate on 163 samples
Epoch 1/30

  10/1459 [..............................] - ETA: 1:16 - loss: 0.6303 - acc: 0.6000
 350/1459 [======>.......................] - ETA: 1s - loss: 0.5057 - acc: 0.7800  
 720/1459 [=============>................] - ETA: 0s - loss: 0.3842 - acc: 0.8681
1110/1459 [=====================>........] - ETA: 0s - loss: 0.3241 - acc: 0.8946
1459/1459 [==============================] - 1s 538us/step - loss: 0.2848 - acc: 0.9109 - val_loss: 0.1603 - val_acc: 0.9632
Epoch 2/30

  10/1459 [..............................] - ETA: 0s - loss: 0.0650 - acc: 1.0000
 420/1459 [=======>......................] - ETA: 0s - loss: 0.1102 - acc: 0.9833
 810/1459 [===============>..............] - ETA: 0s - loss: 0.1132 - acc: 0.9802
1240/1459 [========================>.....] - ETA: 0s - loss: 0.1158 - acc: 0.9750
1459/1459 [==============================] - 0s 127us/step - loss: 0.1118 - acc: 0.9760 - val_loss: 0.1488 - val_acc: 0.9387
Epoch 3/30

  10/1459 [..............................] - ETA: 0s - loss: 0.0463 - acc: 1.0000
 440/1459 [========>.....................] - ETA: 0s - loss: 0.0801 - acc: 0.9841
 860/1459 [================>.............] - ETA: 0s - loss: 0.0858 - acc: 0.9802
1290/1459 [=========================>....] - ETA: 0s - loss: 0.0844 - acc: 0.9791
1459/1459 [==============================] - 0s 123us/step - loss: 0.0817 - acc: 0.9801 - val_loss: 0.1017 - val_acc: 0.9571
acc: 96.32%
Train on 1459 samples, validate on 163 samples
Epoch 1/30

  10/1459 [..............................] - ETA: 1:23 - loss: 0.8298 - acc: 0.1000
 400/1459 [=======>......................] - ETA: 1s - loss: 0.5547 - acc: 0.7475  
 790/1459 [===============>..............] - ETA: 0s - loss: 0.4389 - acc: 0.8380
1160/1459 [======================>.......] - ETA: 0s - loss: 0.3690 - acc: 0.8776
1459/1459 [==============================] - 1s 586us/step - loss: 0.3293 - acc: 0.8938 - val_loss: 0.1931 - val_acc: 0.9387
Epoch 2/30

  10/1459 [..............................] - ETA: 0s - loss: 0.1095 - acc: 1.0000
 420/1459 [=======>......................] - ETA: 0s - loss: 0.1344 - acc: 0.9762
 800/1459 [===============>..............] - ETA: 0s - loss: 0.1313 - acc: 0.9775
1180/1459 [=======================>......] - ETA: 0s - loss: 0.1252 - acc: 0.9771
1459/1459 [==============================] - 0s 133us/step - loss: 0.1296 - acc: 0.9733 - val_loss: 0.1710 - val_acc: 0.9571
Epoch 3/30

  10/1459 [..............................] - ETA: 0s - loss: 0.1134 - acc: 1.0000
 430/1459 [=======>......................] - ETA: 0s - loss: 0.0956 - acc: 0.9721
 860/1459 [================>.............] - ETA: 0s - loss: 0.0879 - acc: 0.9779
1270/1459 [=========================>....] - ETA: 0s - loss: 0.0851 - acc: 0.9780
1459/1459 [==============================] - 0s 125us/step - loss: 0.0826 - acc: 0.9794 - val_loss: 0.1202 - val_acc: 0.9693
Epoch 4/30

  10/1459 [..............................] - ETA: 0s - loss: 0.0305 - acc: 1.0000
 430/1459 [=======>......................] - ETA: 0s - loss: 0.0518 - acc: 0.9884
 850/1459 [================>.............] - ETA: 0s - loss: 0.0564 - acc: 0.9847
1280/1459 [=========================>....] - ETA: 0s - loss: 0.0591 - acc: 0.9828
1459/1459 [==============================] - 0s 126us/step - loss: 0.0633 - acc: 0.9829 - val_loss: 0.1402 - val_acc: 0.9448
Epoch 5/30

  10/1459 [..............................] - ETA: 0s - loss: 0.0636 - acc: 1.0000
 420/1459 [=======>......................] - ETA: 0s - loss: 0.0569 - acc: 0.9881
 830/1459 [================>.............] - ETA: 0s - loss: 0.0595 - acc: 0.9855
1250/1459 [========================>.....] - ETA: 0s - loss: 0.0538 - acc: 0.9872
1459/1459 [==============================] - 0s 127us/step - loss: 0.0556 - acc: 0.9856 - val_loss: 0.0895 - val_acc: 0.9693
acc: 96.93%
Train on 1460 samples, validate on 162 samples
Epoch 1/30

  10/1460 [..............................] - ETA: 1:41 - loss: 0.6781 - acc: 0.5000
 400/1460 [=======>......................] - ETA: 1s - loss: 0.5147 - acc: 0.8050  
 790/1460 [===============>..............] - ETA: 0s - loss: 0.4096 - acc: 0.8747
1180/1460 [=======================>......] - ETA: 0s - loss: 0.3409 - acc: 0.9025
1460/1460 [==============================] - 1s 671us/step - loss: 0.3132 - acc: 0.9110 - val_loss: 0.1808 - val_acc: 0.9506
Epoch 2/30

  10/1460 [..............................] - ETA: 0s - loss: 0.0818 - acc: 1.0000
 410/1460 [=======>......................] - ETA: 0s - loss: 0.1250 - acc: 0.9756
 790/1460 [===============>..............] - ETA: 0s - loss: 0.1347 - acc: 0.9709
1170/1460 [=======================>......] - ETA: 0s - loss: 0.1255 - acc: 0.9709
1460/1460 [==============================] - 0s 135us/step - loss: 0.1204 - acc: 0.9726 - val_loss: 0.1716 - val_acc: 0.9506
Epoch 3/30

  10/1460 [..............................] - ETA: 0s - loss: 0.0523 - acc: 1.0000
 430/1460 [=======>......................] - ETA: 0s - loss: 0.0893 - acc: 0.9791
 860/1460 [================>.............] - ETA: 0s - loss: 0.0906 - acc: 0.9767
1270/1460 [=========================>....] - ETA: 0s - loss: 0.0945 - acc: 0.9740
1460/1460 [==============================] - 0s 124us/step - loss: 0.0936 - acc: 0.9753 - val_loss: 0.1012 - val_acc: 0.9753
Epoch 4/30

  10/1460 [..............................] - ETA: 0s - loss: 0.0263 - acc: 1.0000
 430/1460 [=======>......................] - ETA: 0s - loss: 0.0483 - acc: 0.9953
 850/1460 [================>.............] - ETA: 0s - loss: 0.0518 - acc: 0.9894
1260/1460 [========================>.....] - ETA: 0s - loss: 0.0574 - acc: 0.9881
1460/1460 [==============================] - 0s 127us/step - loss: 0.0594 - acc: 0.9863 - val_loss: 0.1089 - val_acc: 0.9568
Epoch 5/30

  10/1460 [..............................] - ETA: 0s - loss: 0.0419 - acc: 1.0000
 430/1460 [=======>......................] - ETA: 0s - loss: 0.0374 - acc: 0.9953
 840/1460 [================>.............] - ETA: 0s - loss: 0.0427 - acc: 0.9929
1250/1460 [========================>.....] - ETA: 0s - loss: 0.0476 - acc: 0.9920
1460/1460 [==============================] - 0s 128us/step - loss: 0.0470 - acc: 0.9918 - val_loss: 0.1055 - val_acc: 0.9630
acc: 97.53%
Train on 1460 samples, validate on 162 samples
Epoch 1/30

  10/1460 [..............................] - ETA: 1:53 - loss: 0.7665 - acc: 0.3000
 410/1460 [=======>......................] - ETA: 2s - loss: 0.5404 - acc: 0.7659  
 770/1460 [==============>...............] - ETA: 0s - loss: 0.4376 - acc: 0.8325
1140/1460 [======================>.......] - ETA: 0s - loss: 0.3704 - acc: 0.8675
1460/1460 [==============================] - 1s 736us/step - loss: 0.3319 - acc: 0.8836 - val_loss: 0.2313 - val_acc: 0.9444
Epoch 2/30

  10/1460 [..............................] - ETA: 0s - loss: 0.2160 - acc: 1.0000
 390/1460 [=======>......................] - ETA: 0s - loss: 0.1883 - acc: 0.9436
 780/1460 [===============>..............] - ETA: 0s - loss: 0.1528 - acc: 0.9538
1160/1460 [======================>.......] - ETA: 0s - loss: 0.1363 - acc: 0.9586
1460/1460 [==============================] - 0s 137us/step - loss: 0.1313 - acc: 0.9603 - val_loss: 0.1635 - val_acc: 0.9444
Epoch 3/30

  10/1460 [..............................] - ETA: 0s - loss: 0.0617 - acc: 1.0000
 430/1460 [=======>......................] - ETA: 0s - loss: 0.0991 - acc: 0.9721
 820/1460 [===============>..............] - ETA: 0s - loss: 0.0903 - acc: 0.9732
1240/1460 [========================>.....] - ETA: 0s - loss: 0.0915 - acc: 0.9718
1460/1460 [==============================] - 0s 127us/step - loss: 0.0861 - acc: 0.9740 - val_loss: 0.1252 - val_acc: 0.9691
Epoch 4/30

  10/1460 [..............................] - ETA: 0s - loss: 0.0416 - acc: 1.0000
 430/1460 [=======>......................] - ETA: 0s - loss: 0.0794 - acc: 0.9837
 850/1460 [================>.............] - ETA: 0s - loss: 0.0691 - acc: 0.9859
1270/1460 [=========================>....] - ETA: 0s - loss: 0.0738 - acc: 0.9819
1460/1460 [==============================] - 0s 125us/step - loss: 0.0722 - acc: 0.9822 - val_loss: 0.1143 - val_acc: 0.9568
Epoch 5/30

  10/1460 [..............................] - ETA: 0s - loss: 0.0227 - acc: 1.0000
 420/1460 [=======>......................] - ETA: 0s - loss: 0.0506 - acc: 0.9857
 840/1460 [================>.............] - ETA: 0s - loss: 0.0597 - acc: 0.9821
1250/1460 [========================>.....] - ETA: 0s - loss: 0.0549 - acc: 0.9832
1460/1460 [==============================] - 0s 127us/step - loss: 0.0509 - acc: 0.9849 - val_loss: 0.1094 - val_acc: 0.9691
acc: 96.91%
Train on 1460 samples, validate on 162 samples
Epoch 1/30

  10/1460 [..............................] - ETA: 2:06 - loss: 0.6867 - acc: 0.4000
 410/1460 [=======>......................] - ETA: 2s - loss: 0.5827 - acc: 0.6610  
 780/1460 [===============>..............] - ETA: 0s - loss: 0.4966 - acc: 0.7308
1160/1460 [======================>.......] - ETA: 0s - loss: 0.4350 - acc: 0.7707
1460/1460 [==============================] - 1s 804us/step - loss: 0.3965 - acc: 0.7938 - val_loss: 0.2450 - val_acc: 0.8889
Epoch 2/30

  10/1460 [..............................] - ETA: 0s - loss: 0.1861 - acc: 0.8000
 390/1460 [=======>......................] - ETA: 0s - loss: 0.2038 - acc: 0.9103
 770/1460 [==============>...............] - ETA: 0s - loss: 0.2073 - acc: 0.9312
1130/1460 [======================>.......] - ETA: 0s - loss: 0.1922 - acc: 0.9451
1460/1460 [==============================] - 0s 138us/step - loss: 0.1846 - acc: 0.9493 - val_loss: 0.1299 - val_acc: 0.9815
Epoch 3/30

  10/1460 [..............................] - ETA: 0s - loss: 0.1498 - acc: 0.9000
 420/1460 [=======>......................] - ETA: 0s - loss: 0.1387 - acc: 0.9690
 830/1460 [================>.............] - ETA: 0s - loss: 0.1345 - acc: 0.9675
1230/1460 [========================>.....] - ETA: 0s - loss: 0.1231 - acc: 0.9707
1460/1460 [==============================] - 0s 129us/step - loss: 0.1230 - acc: 0.9699 - val_loss: 0.1347 - val_acc: 0.9691
Epoch 4/30

  10/1460 [..............................] - ETA: 0s - loss: 0.1317 - acc: 1.0000
 420/1460 [=======>......................] - ETA: 0s - loss: 0.0922 - acc: 0.9881
 830/1460 [================>.............] - ETA: 0s - loss: 0.0983 - acc: 0.9843
1240/1460 [========================>.....] - ETA: 0s - loss: 0.0955 - acc: 0.9855
1460/1460 [==============================] - 0s 127us/step - loss: 0.0936 - acc: 0.9849 - val_loss: 0.1035 - val_acc: 0.9753
acc: 98.15%
Train on 1460 samples, validate on 162 samples
Epoch 1/30

  10/1460 [..............................] - ETA: 2:37 - loss: 0.7318 - acc: 0.4000
 380/1460 [======>.......................] - ETA: 3s - loss: 0.4803 - acc: 0.8132  
 760/1460 [==============>...............] - ETA: 1s - loss: 0.3754 - acc: 0.8737
1130/1460 [======================>.......] - ETA: 0s - loss: 0.3171 - acc: 0.8973
1460/1460 [==============================] - 1s 962us/step - loss: 0.2784 - acc: 0.9110 - val_loss: 0.1265 - val_acc: 0.9691
Epoch 2/30

  10/1460 [..............................] - ETA: 0s - loss: 0.0838 - acc: 1.0000
 370/1460 [======>.......................] - ETA: 0s - loss: 0.1206 - acc: 0.9730
 770/1460 [==============>...............] - ETA: 0s - loss: 0.1064 - acc: 0.9766
1140/1460 [======================>.......] - ETA: 0s - loss: 0.0997 - acc: 0.9763
1460/1460 [==============================] - 0s 140us/step - loss: 0.1063 - acc: 0.9733 - val_loss: 0.1198 - val_acc: 0.9691
Epoch 3/30

  10/1460 [..............................] - ETA: 0s - loss: 0.1353 - acc: 0.9000
 410/1460 [=======>......................] - ETA: 0s - loss: 0.0874 - acc: 0.9805
 830/1460 [================>.............] - ETA: 0s - loss: 0.0944 - acc: 0.9735
1240/1460 [========================>.....] - ETA: 0s - loss: 0.0839 - acc: 0.9758
1460/1460 [==============================] - 0s 128us/step - loss: 0.0814 - acc: 0.9781 - val_loss: 0.0966 - val_acc: 0.9753
Epoch 4/30

  10/1460 [..............................] - ETA: 0s - loss: 0.0303 - acc: 1.0000
 380/1460 [======>.......................] - ETA: 0s - loss: 0.0654 - acc: 0.9816
 780/1460 [===============>..............] - ETA: 0s - loss: 0.0645 - acc: 0.9833
1170/1460 [=======================>......] - ETA: 0s - loss: 0.0631 - acc: 0.9855
1460/1460 [==============================] - 0s 135us/step - loss: 0.0586 - acc: 0.9870 - val_loss: 0.0781 - val_acc: 0.9691
Epoch 5/30

  10/1460 [..............................] - ETA: 0s - loss: 0.0151 - acc: 1.0000
 410/1460 [=======>......................] - ETA: 0s - loss: 0.0382 - acc: 0.9878
 810/1460 [===============>..............] - ETA: 0s - loss: 0.0400 - acc: 0.9901
1210/1460 [=======================>......] - ETA: 0s - loss: 0.0451 - acc: 0.9876
1460/1460 [==============================] - 0s 133us/step - loss: 0.0443 - acc: 0.9884 - val_loss: 0.0892 - val_acc: 0.9691
acc: 97.53%
Train on 1460 samples, validate on 162 samples
Epoch 1/30

  10/1460 [..............................] - ETA: 2:38 - loss: 0.7440 - acc: 0.3000
 390/1460 [=======>......................] - ETA: 3s - loss: 0.5246 - acc: 0.7897  
 760/1460 [==============>...............] - ETA: 1s - loss: 0.4094 - acc: 0.8750
1130/1460 [======================>.......] - ETA: 0s - loss: 0.3370 - acc: 0.9018
1460/1460 [==============================] - 1s 986us/step - loss: 0.2945 - acc: 0.9158 - val_loss: 0.1347 - val_acc: 0.9691
Epoch 2/30

  10/1460 [..............................] - ETA: 0s - loss: 0.1554 - acc: 0.9000
 380/1460 [======>.......................] - ETA: 0s - loss: 0.1326 - acc: 0.9711
 750/1460 [==============>...............] - ETA: 0s - loss: 0.1134 - acc: 0.9773
1110/1460 [=====================>........] - ETA: 0s - loss: 0.1105 - acc: 0.9766
1460/1460 [==============================] - 0s 142us/step - loss: 0.1119 - acc: 0.9753 - val_loss: 0.1129 - val_acc: 0.9753
Epoch 3/30

  10/1460 [..............................] - ETA: 0s - loss: 0.0517 - acc: 1.0000
 410/1460 [=======>......................] - ETA: 0s - loss: 0.1220 - acc: 0.9732
 820/1460 [===============>..............] - ETA: 0s - loss: 0.0925 - acc: 0.9793
1220/1460 [========================>.....] - ETA: 0s - loss: 0.0823 - acc: 0.9820
1460/1460 [==============================] - 0s 130us/step - loss: 0.0786 - acc: 0.9829 - val_loss: 0.1182 - val_acc: 0.9691
Epoch 4/30

  10/1460 [..............................] - ETA: 0s - loss: 0.0331 - acc: 1.0000
 410/1460 [=======>......................] - ETA: 0s - loss: 0.0557 - acc: 0.9854
 800/1460 [===============>..............] - ETA: 0s - loss: 0.0524 - acc: 0.9887
1200/1460 [=======================>......] - ETA: 0s - loss: 0.0520 - acc: 0.9883
1460/1460 [==============================] - 0s 131us/step - loss: 0.0494 - acc: 0.9890 - val_loss: 0.1042 - val_acc: 0.9691
acc: 97.53%
Train on 1460 samples, validate on 162 samples
Epoch 1/30

  10/1460 [..............................] - ETA: 2:48 - loss: 0.7349 - acc: 0.5000
 380/1460 [======>.......................] - ETA: 3s - loss: 0.5485 - acc: 0.7553  
 750/1460 [==============>...............] - ETA: 1s - loss: 0.4625 - acc: 0.8120
1140/1460 [======================>.......] - ETA: 0s - loss: 0.4032 - acc: 0.8500
1460/1460 [==============================] - 2s 1ms/step - loss: 0.3662 - acc: 0.8658 - val_loss: 0.2175 - val_acc: 0.9383
Epoch 2/30

  10/1460 [..............................] - ETA: 0s - loss: 0.1365 - acc: 1.0000
 360/1460 [======>.......................] - ETA: 0s - loss: 0.1547 - acc: 0.9611
 750/1460 [==============>...............] - ETA: 0s - loss: 0.1560 - acc: 0.9587
1110/1460 [=====================>........] - ETA: 0s - loss: 0.1573 - acc: 0.9568
1460/1460 [==============================] - 0s 143us/step - loss: 0.1586 - acc: 0.9541 - val_loss: 0.1731 - val_acc: 0.9383
Epoch 3/30

  10/1460 [..............................] - ETA: 0s - loss: 0.1404 - acc: 1.0000
 410/1460 [=======>......................] - ETA: 0s - loss: 0.1255 - acc: 0.9610
 810/1460 [===============>..............] - ETA: 0s - loss: 0.1122 - acc: 0.9617
1220/1460 [========================>.....] - ETA: 0s - loss: 0.1133 - acc: 0.9615
1460/1460 [==============================] - 0s 130us/step - loss: 0.1127 - acc: 0.9623 - val_loss: 0.1575 - val_acc: 0.9506
Epoch 4/30

  10/1460 [..............................] - ETA: 0s - loss: 0.0469 - acc: 1.0000
 420/1460 [=======>......................] - ETA: 0s - loss: 0.0834 - acc: 0.9786
 820/1460 [===============>..............] - ETA: 0s - loss: 0.0804 - acc: 0.9805
1230/1460 [========================>.....] - ETA: 0s - loss: 0.0796 - acc: 0.9797
1460/1460 [==============================] - 0s 130us/step - loss: 0.0835 - acc: 0.9767 - val_loss: 0.1554 - val_acc: 0.9568
Epoch 5/30

  10/1460 [..............................] - ETA: 0s - loss: 0.0692 - acc: 1.0000
 420/1460 [=======>......................] - ETA: 0s - loss: 0.0656 - acc: 0.9690
 830/1460 [================>.............] - ETA: 0s - loss: 0.0644 - acc: 0.9771
1240/1460 [========================>.....] - ETA: 0s - loss: 0.0665 - acc: 0.9790
1460/1460 [==============================] - 0s 130us/step - loss: 0.0685 - acc: 0.9801 - val_loss: 0.1883 - val_acc: 0.9506
Epoch 6/30

  10/1460 [..............................] - ETA: 0s - loss: 0.0186 - acc: 1.0000
 420/1460 [=======>......................] - ETA: 0s - loss: 0.0313 - acc: 0.9976
 820/1460 [===============>..............] - ETA: 0s - loss: 0.0336 - acc: 0.9951
1210/1460 [=======================>......] - ETA: 0s - loss: 0.0413 - acc: 0.9901
1460/1460 [==============================] - 0s 133us/step - loss: 0.0498 - acc: 0.9856 - val_loss: 0.1653 - val_acc: 0.9568
acc: 95.68%
Train on 1461 samples, validate on 161 samples
Epoch 1/30

  10/1461 [..............................] - ETA: 3:15 - loss: 0.6929 - acc: 0.7000
 390/1461 [=======>......................] - ETA: 3s - loss: 0.5545 - acc: 0.7410  
 750/1461 [==============>...............] - ETA: 1s - loss: 0.4623 - acc: 0.8200
1110/1461 [=====================>........] - ETA: 0s - loss: 0.3961 - acc: 0.8568
1461/1461 [==============================] - 2s 1ms/step - loss: 0.3603 - acc: 0.8741 - val_loss: 0.1689 - val_acc: 0.9814
Epoch 2/30

  10/1461 [..............................] - ETA: 0s - loss: 0.1557 - acc: 1.0000
 360/1461 [======>.......................] - ETA: 0s - loss: 0.1816 - acc: 0.9556
 740/1461 [==============>...............] - ETA: 0s - loss: 0.1728 - acc: 0.9568
1090/1461 [=====================>........] - ETA: 0s - loss: 0.1546 - acc: 0.9633
1450/1461 [============================>.] - ETA: 0s - loss: 0.1540 - acc: 0.9621
1461/1461 [==============================] - 0s 147us/step - loss: 0.1539 - acc: 0.9617 - val_loss: 0.1095 - val_acc: 0.9752
Epoch 3/30

  10/1461 [..............................] - ETA: 0s - loss: 0.1705 - acc: 0.9000
 380/1461 [======>.......................] - ETA: 0s - loss: 0.1152 - acc: 0.9632
 770/1461 [==============>...............] - ETA: 0s - loss: 0.1078 - acc: 0.9701
1160/1461 [======================>.......] - ETA: 0s - loss: 0.1035 - acc: 0.9724
1461/1461 [==============================] - 0s 139us/step - loss: 0.1078 - acc: 0.9692 - val_loss: 0.1020 - val_acc: 0.9752
acc: 98.14%
Accuracy: 97.10% (+/- 0.78%)
