Train on 810 samples, validate on 812 samples
Epoch 1/30

 50/810 [>.............................] - ETA: 6s - loss: 0.6875 - acc: 0.5000
810/810 [==============================] - 1s 628us/step - loss: 0.5512 - acc: 0.7519 - val_loss: 0.4461 - val_acc: 0.8510
Epoch 2/30

 50/810 [>.............................] - ETA: 0s - loss: 0.3469 - acc: 0.9000
810/810 [==============================] - 0s 38us/step - loss: 0.3559 - acc: 0.8963 - val_loss: 0.3436 - val_acc: 0.9027
Epoch 3/30

 50/810 [>.............................] - ETA: 0s - loss: 0.2504 - acc: 0.9800
810/810 [==============================] - 0s 35us/step - loss: 0.2570 - acc: 0.9580 - val_loss: 0.2864 - val_acc: 0.9224
Epoch 4/30

 50/810 [>.............................] - ETA: 0s - loss: 0.2374 - acc: 0.9400
810/810 [==============================] - 0s 37us/step - loss: 0.1971 - acc: 0.9728 - val_loss: 0.2516 - val_acc: 0.9298
Epoch 5/30

 50/810 [>.............................] - ETA: 0s - loss: 0.1721 - acc: 0.9800
810/810 [==============================] - 0s 38us/step - loss: 0.1553 - acc: 0.9827 - val_loss: 0.2287 - val_acc: 0.9360
Epoch 6/30

 50/810 [>.............................] - ETA: 0s - loss: 0.1656 - acc: 0.9800
810/810 [==============================] - 0s 43us/step - loss: 0.1334 - acc: 0.9827 - val_loss: 0.2154 - val_acc: 0.9360
Epoch 7/30

 50/810 [>.............................] - ETA: 0s - loss: 0.0919 - acc: 1.0000
810/810 [==============================] - 0s 36us/step - loss: 0.1117 - acc: 0.9864 - val_loss: 0.2054 - val_acc: 0.9446
Epoch 8/30

 50/810 [>.............................] - ETA: 0s - loss: 0.0898 - acc: 1.0000
810/810 [==============================] - 0s 37us/step - loss: 0.0938 - acc: 0.9889 - val_loss: 0.1908 - val_acc: 0.9483
Epoch 9/30

 50/810 [>.............................] - ETA: 0s - loss: 0.0672 - acc: 1.0000
810/810 [==============================] - 0s 36us/step - loss: 0.0777 - acc: 0.9926 - val_loss: 0.1856 - val_acc: 0.9409
Epoch 10/30

 50/810 [>.............................] - ETA: 0s - loss: 0.0594 - acc: 1.0000
810/810 [==============================] - 0s 32us/step - loss: 0.0672 - acc: 0.9914 - val_loss: 0.1824 - val_acc: 0.9433
acc: 94.83%
Train on 812 samples, validate on 810 samples
Epoch 1/30

 50/812 [>.............................] - ETA: 7s - loss: 0.6906 - acc: 0.6000
812/812 [==============================] - 1s 728us/step - loss: 0.6233 - acc: 0.6897 - val_loss: 0.5159 - val_acc: 0.8864
Epoch 2/30

 50/812 [>.............................] - ETA: 0s - loss: 0.4735 - acc: 0.9000
812/812 [==============================] - 0s 36us/step - loss: 0.4424 - acc: 0.8916 - val_loss: 0.3718 - val_acc: 0.9506
Epoch 3/30

 50/812 [>.............................] - ETA: 0s - loss: 0.3149 - acc: 0.9800
812/812 [==============================] - 0s 37us/step - loss: 0.3196 - acc: 0.9520 - val_loss: 0.2824 - val_acc: 0.9630
Epoch 4/30

 50/812 [>.............................] - ETA: 0s - loss: 0.2308 - acc: 0.9800
812/812 [==============================] - 0s 35us/step - loss: 0.2417 - acc: 0.9631 - val_loss: 0.2252 - val_acc: 0.9642
Epoch 5/30

 50/812 [>.............................] - ETA: 0s - loss: 0.1900 - acc: 0.9800
812/812 [==============================] - 0s 36us/step - loss: 0.1920 - acc: 0.9729 - val_loss: 0.1919 - val_acc: 0.9642
Epoch 6/30

 50/812 [>.............................] - ETA: 0s - loss: 0.1504 - acc: 1.0000
812/812 [==============================] - 0s 34us/step - loss: 0.1564 - acc: 0.9840 - val_loss: 0.1686 - val_acc: 0.9667
Epoch 7/30

 50/812 [>.............................] - ETA: 0s - loss: 0.1400 - acc: 1.0000
812/812 [==============================] - 0s 32us/step - loss: 0.1285 - acc: 0.9889 - val_loss: 0.1514 - val_acc: 0.9667
Epoch 8/30

 50/812 [>.............................] - ETA: 0s - loss: 0.0907 - acc: 1.0000
812/812 [==============================] - 0s 35us/step - loss: 0.1067 - acc: 0.9889 - val_loss: 0.1339 - val_acc: 0.9716
Epoch 9/30

 50/812 [>.............................] - ETA: 0s - loss: 0.0850 - acc: 1.0000
812/812 [==============================] - 0s 33us/step - loss: 0.0894 - acc: 0.9901 - val_loss: 0.1269 - val_acc: 0.9679
Epoch 10/30

 50/812 [>.............................] - ETA: 0s - loss: 0.0705 - acc: 1.0000
812/812 [==============================] - 0s 33us/step - loss: 0.0787 - acc: 0.9938 - val_loss: 0.1240 - val_acc: 0.9667
acc: 97.16%
Accuracy: 95.99% (+/- 1.17%)
