Train on 810 samples, validate on 812 samples
Epoch 1/30

 10/810 [..............................] - ETA: 34s - loss: 0.7258 - acc: 0.4000
400/810 [=============>................] - ETA: 0s - loss: 0.6574 - acc: 0.6350 
810/810 [==============================] - 1s 754us/step - loss: 0.6152 - acc: 0.7099 - val_loss: 0.5312 - val_acc: 0.8374
Epoch 2/30

 10/810 [..............................] - ETA: 0s - loss: 0.5137 - acc: 0.9000
380/810 [=============>................] - ETA: 0s - loss: 0.4818 - acc: 0.9053
770/810 [===========================>..] - ETA: 0s - loss: 0.4512 - acc: 0.9195
810/810 [==============================] - 0s 170us/step - loss: 0.4469 - acc: 0.9235 - val_loss: 0.4207 - val_acc: 0.9101
Epoch 3/30

 10/810 [..............................] - ETA: 0s - loss: 0.4300 - acc: 0.9000
410/810 [==============>...............] - ETA: 0s - loss: 0.3634 - acc: 0.9488
810/810 [==============================] - 0s 160us/step - loss: 0.3381 - acc: 0.9519 - val_loss: 0.3517 - val_acc: 0.9236
Epoch 4/30

 10/810 [..............................] - ETA: 0s - loss: 0.2496 - acc: 1.0000
430/810 [==============>...............] - ETA: 0s - loss: 0.2825 - acc: 0.9698
810/810 [==============================] - 0s 153us/step - loss: 0.2728 - acc: 0.9728 - val_loss: 0.3077 - val_acc: 0.9335
Epoch 5/30

 10/810 [..............................] - ETA: 0s - loss: 0.2131 - acc: 1.0000
450/810 [===============>..............] - ETA: 0s - loss: 0.2362 - acc: 0.9711
810/810 [==============================] - 0s 149us/step - loss: 0.2287 - acc: 0.9753 - val_loss: 0.2776 - val_acc: 0.9409
Epoch 6/30

 10/810 [..............................] - ETA: 0s - loss: 0.2148 - acc: 1.0000
450/810 [===============>..............] - ETA: 0s - loss: 0.2013 - acc: 0.9778
810/810 [==============================] - 0s 149us/step - loss: 0.1975 - acc: 0.9802 - val_loss: 0.2558 - val_acc: 0.9347
Epoch 7/30

 10/810 [..............................] - ETA: 0s - loss: 0.1764 - acc: 1.0000
430/810 [==============>...............] - ETA: 0s - loss: 0.1728 - acc: 0.9791
810/810 [==============================] - 0s 157us/step - loss: 0.1734 - acc: 0.9802 - val_loss: 0.2395 - val_acc: 0.9384
Epoch 8/30

 10/810 [..............................] - ETA: 0s - loss: 0.1019 - acc: 1.0000
430/810 [==============>...............] - ETA: 0s - loss: 0.1474 - acc: 0.9860
810/810 [==============================] - 0s 156us/step - loss: 0.1526 - acc: 0.9827 - val_loss: 0.2247 - val_acc: 0.9384
Epoch 9/30

 10/810 [..............................] - ETA: 0s - loss: 0.1092 - acc: 1.0000
430/810 [==============>...............] - ETA: 0s - loss: 0.1310 - acc: 0.9884
810/810 [==============================] - 0s 158us/step - loss: 0.1377 - acc: 0.9827 - val_loss: 0.2128 - val_acc: 0.9409
Epoch 10/30

 10/810 [..............................] - ETA: 0s - loss: 0.1517 - acc: 1.0000
450/810 [===============>..............] - ETA: 0s - loss: 0.1322 - acc: 0.9844
810/810 [==============================] - 0s 150us/step - loss: 0.1236 - acc: 0.9864 - val_loss: 0.2068 - val_acc: 0.9360
Epoch 11/30

 10/810 [..............................] - ETA: 0s - loss: 0.0897 - acc: 1.0000
450/810 [===============>..............] - ETA: 0s - loss: 0.1097 - acc: 0.9889
810/810 [==============================] - 0s 149us/step - loss: 0.1117 - acc: 0.9901 - val_loss: 0.1965 - val_acc: 0.9458
Epoch 12/30

 10/810 [..............................] - ETA: 0s - loss: 0.0894 - acc: 1.0000
450/810 [===============>..............] - ETA: 0s - loss: 0.1068 - acc: 0.9822
810/810 [==============================] - 0s 152us/step - loss: 0.1018 - acc: 0.9889 - val_loss: 0.1901 - val_acc: 0.9458
Epoch 13/30

 10/810 [..............................] - ETA: 0s - loss: 0.2077 - acc: 0.9000
430/810 [==============>...............] - ETA: 0s - loss: 0.0917 - acc: 0.9884
810/810 [==============================] - 0s 156us/step - loss: 0.0935 - acc: 0.9901 - val_loss: 0.1851 - val_acc: 0.9458
Epoch 14/30

 10/810 [..............................] - ETA: 0s - loss: 0.0560 - acc: 1.0000
440/810 [===============>..............] - ETA: 0s - loss: 0.0873 - acc: 0.9886
810/810 [==============================] - 0s 154us/step - loss: 0.0861 - acc: 0.9901 - val_loss: 0.1816 - val_acc: 0.9470
Epoch 15/30

 10/810 [..............................] - ETA: 0s - loss: 0.0471 - acc: 1.0000
430/810 [==============>...............] - ETA: 0s - loss: 0.0731 - acc: 0.9953
810/810 [==============================] - 0s 156us/step - loss: 0.0793 - acc: 0.9926 - val_loss: 0.1761 - val_acc: 0.9483
Epoch 16/30

 10/810 [..............................] - ETA: 0s - loss: 0.1022 - acc: 1.0000
450/810 [===============>..............] - ETA: 0s - loss: 0.0719 - acc: 0.9956
810/810 [==============================] - 0s 148us/step - loss: 0.0737 - acc: 0.9938 - val_loss: 0.1741 - val_acc: 0.9483
Epoch 17/30

 10/810 [..............................] - ETA: 0s - loss: 0.0544 - acc: 1.0000
450/810 [===============>..............] - ETA: 0s - loss: 0.0681 - acc: 0.9956
810/810 [==============================] - 0s 149us/step - loss: 0.0685 - acc: 0.9938 - val_loss: 0.1707 - val_acc: 0.9483
Epoch 18/30

 10/810 [..............................] - ETA: 0s - loss: 0.0311 - acc: 1.0000
450/810 [===============>..............] - ETA: 0s - loss: 0.0681 - acc: 0.9956
810/810 [==============================] - 0s 155us/step - loss: 0.0636 - acc: 0.9975 - val_loss: 0.1687 - val_acc: 0.9470
Epoch 19/30

 10/810 [..............................] - ETA: 0s - loss: 0.0396 - acc: 1.0000
430/810 [==============>...............] - ETA: 0s - loss: 0.0573 - acc: 0.9977
810/810 [==============================] - 0s 157us/step - loss: 0.0593 - acc: 0.9975 - val_loss: 0.1670 - val_acc: 0.9483
Epoch 20/30

 10/810 [..............................] - ETA: 0s - loss: 0.0288 - acc: 1.0000
440/810 [===============>..............] - ETA: 0s - loss: 0.0501 - acc: 0.9955
810/810 [==============================] - 0s 155us/step - loss: 0.0556 - acc: 0.9951 - val_loss: 0.1640 - val_acc: 0.9495
Epoch 21/30

 10/810 [..............................] - ETA: 0s - loss: 0.0295 - acc: 1.0000
410/810 [==============>...............] - ETA: 0s - loss: 0.0521 - acc: 0.9976
810/810 [==============================] - 0s 154us/step - loss: 0.0519 - acc: 0.9963 - val_loss: 0.1633 - val_acc: 0.9495
Epoch 22/30

 10/810 [..............................] - ETA: 0s - loss: 0.0252 - acc: 1.0000
450/810 [===============>..............] - ETA: 0s - loss: 0.0473 - acc: 0.9978
810/810 [==============================] - 0s 148us/step - loss: 0.0485 - acc: 0.9975 - val_loss: 0.1620 - val_acc: 0.9483
Epoch 23/30

 10/810 [..............................] - ETA: 0s - loss: 0.1585 - acc: 0.9000
450/810 [===============>..............] - ETA: 0s - loss: 0.0498 - acc: 0.9978
810/810 [==============================] - 0s 149us/step - loss: 0.0455 - acc: 0.9975 - val_loss: 0.1613 - val_acc: 0.9470
Epoch 24/30

 10/810 [..............................] - ETA: 0s - loss: 0.0311 - acc: 1.0000
430/810 [==============>...............] - ETA: 0s - loss: 0.0426 - acc: 0.9977
810/810 [==============================] - 0s 156us/step - loss: 0.0425 - acc: 0.9975 - val_loss: 0.1603 - val_acc: 0.9483
Epoch 25/30

 10/810 [..............................] - ETA: 0s - loss: 0.0291 - acc: 1.0000
420/810 [==============>...............] - ETA: 0s - loss: 0.0390 - acc: 0.9976
810/810 [==============================] - 0s 157us/step - loss: 0.0400 - acc: 0.9975 - val_loss: 0.1600 - val_acc: 0.9470
Epoch 26/30

 10/810 [..............................] - ETA: 0s - loss: 0.0253 - acc: 1.0000
430/810 [==============>...............] - ETA: 0s - loss: 0.0329 - acc: 1.0000
810/810 [==============================] - 0s 156us/step - loss: 0.0374 - acc: 0.9975 - val_loss: 0.1591 - val_acc: 0.9470
Epoch 27/30

 10/810 [..............................] - ETA: 0s - loss: 0.0153 - acc: 1.0000
450/810 [===============>..............] - ETA: 0s - loss: 0.0312 - acc: 1.0000
810/810 [==============================] - 0s 149us/step - loss: 0.0352 - acc: 0.9975 - val_loss: 0.1581 - val_acc: 0.9470
Epoch 28/30

 10/810 [..............................] - ETA: 0s - loss: 0.0216 - acc: 1.0000
460/810 [================>.............] - ETA: 0s - loss: 0.0346 - acc: 0.9978
810/810 [==============================] - 0s 148us/step - loss: 0.0331 - acc: 0.9988 - val_loss: 0.1579 - val_acc: 0.9470
Epoch 29/30

 10/810 [..............................] - ETA: 0s - loss: 0.0185 - acc: 1.0000
450/810 [===============>..............] - ETA: 0s - loss: 0.0314 - acc: 1.0000
810/810 [==============================] - 0s 154us/step - loss: 0.0311 - acc: 0.9988 - val_loss: 0.1576 - val_acc: 0.9470
acc: 94.95%
Train on 812 samples, validate on 810 samples
Epoch 1/30

 10/812 [..............................] - ETA: 38s - loss: 0.6772 - acc: 0.7000
420/812 [==============>...............] - ETA: 0s - loss: 0.6324 - acc: 0.6810 
800/812 [============================>.] - ETA: 0s - loss: 0.6101 - acc: 0.7163
812/812 [==============================] - 1s 832us/step - loss: 0.6092 - acc: 0.7180 - val_loss: 0.5395 - val_acc: 0.8407
Epoch 2/30

 10/812 [..............................] - ETA: 0s - loss: 0.5702 - acc: 0.8000
400/812 [=============>................] - ETA: 0s - loss: 0.5041 - acc: 0.8675
780/812 [===========================>..] - ETA: 0s - loss: 0.4839 - acc: 0.8731
812/812 [==============================] - 0s 172us/step - loss: 0.4825 - acc: 0.8744 - val_loss: 0.4300 - val_acc: 0.9025
Epoch 3/30

 10/812 [..............................] - ETA: 0s - loss: 0.4826 - acc: 0.9000
400/812 [=============>................] - ETA: 0s - loss: 0.4146 - acc: 0.9200
810/812 [============================>.] - ETA: 0s - loss: 0.3926 - acc: 0.9247
812/812 [==============================] - 0s 163us/step - loss: 0.3923 - acc: 0.9249 - val_loss: 0.3609 - val_acc: 0.9370
Epoch 4/30

 10/812 [..............................] - ETA: 0s - loss: 0.2903 - acc: 1.0000
450/812 [===============>..............] - ETA: 0s - loss: 0.3297 - acc: 0.9578
812/812 [==============================] - 0s 151us/step - loss: 0.3290 - acc: 0.9495 - val_loss: 0.3109 - val_acc: 0.9556
Epoch 5/30

 10/812 [..............................] - ETA: 0s - loss: 0.1921 - acc: 1.0000
430/812 [==============>...............] - ETA: 0s - loss: 0.2918 - acc: 0.9605
812/812 [==============================] - 0s 154us/step - loss: 0.2816 - acc: 0.9631 - val_loss: 0.2722 - val_acc: 0.9667
Epoch 6/30

 10/812 [..............................] - ETA: 0s - loss: 0.2385 - acc: 1.0000
440/812 [===============>..............] - ETA: 0s - loss: 0.2447 - acc: 0.9773
812/812 [==============================] - 0s 160us/step - loss: 0.2438 - acc: 0.9692 - val_loss: 0.2418 - val_acc: 0.9741
Epoch 7/30

 10/812 [..............................] - ETA: 0s - loss: 0.1514 - acc: 1.0000
420/812 [==============>...............] - ETA: 0s - loss: 0.2249 - acc: 0.9667
812/812 [==============================] - 0s 162us/step - loss: 0.2145 - acc: 0.9704 - val_loss: 0.2188 - val_acc: 0.9741
Epoch 8/30

 10/812 [..............................] - ETA: 0s - loss: 0.1413 - acc: 1.0000
440/812 [===============>..............] - ETA: 0s - loss: 0.1943 - acc: 0.9682
812/812 [==============================] - 0s 158us/step - loss: 0.1909 - acc: 0.9729 - val_loss: 0.2010 - val_acc: 0.9765
Epoch 9/30

 10/812 [..............................] - ETA: 0s - loss: 0.2819 - acc: 1.0000
430/812 [==============>...............] - ETA: 0s - loss: 0.1758 - acc: 0.9791
812/812 [==============================] - 0s 156us/step - loss: 0.1710 - acc: 0.9815 - val_loss: 0.1875 - val_acc: 0.9741
Epoch 10/30

 10/812 [..............................] - ETA: 0s - loss: 0.1154 - acc: 1.0000
450/812 [===============>..............] - ETA: 0s - loss: 0.1622 - acc: 0.9800
812/812 [==============================] - 0s 153us/step - loss: 0.1543 - acc: 0.9815 - val_loss: 0.1749 - val_acc: 0.9765
Epoch 11/30

 10/812 [..............................] - ETA: 0s - loss: 0.0889 - acc: 1.0000
450/812 [===============>..............] - ETA: 0s - loss: 0.1391 - acc: 0.9867
812/812 [==============================] - 0s 155us/step - loss: 0.1397 - acc: 0.9840 - val_loss: 0.1646 - val_acc: 0.9728
Epoch 12/30

 10/812 [..............................] - ETA: 0s - loss: 0.0753 - acc: 1.0000
430/812 [==============>...............] - ETA: 0s - loss: 0.1271 - acc: 0.9884
812/812 [==============================] - 0s 159us/step - loss: 0.1277 - acc: 0.9852 - val_loss: 0.1558 - val_acc: 0.9753
Epoch 13/30

 10/812 [..............................] - ETA: 0s - loss: 0.1229 - acc: 1.0000
410/812 [==============>...............] - ETA: 0s - loss: 0.1177 - acc: 0.9878
812/812 [==============================] - 0s 162us/step - loss: 0.1160 - acc: 0.9889 - val_loss: 0.1471 - val_acc: 0.9716
Epoch 14/30

 10/812 [..............................] - ETA: 0s - loss: 0.0890 - acc: 1.0000
440/812 [===============>..............] - ETA: 0s - loss: 0.1058 - acc: 0.9886
812/812 [==============================] - 0s 156us/step - loss: 0.1066 - acc: 0.9889 - val_loss: 0.1397 - val_acc: 0.9741
Epoch 15/30

 10/812 [..............................] - ETA: 0s - loss: 0.0696 - acc: 1.0000
450/812 [===============>..............] - ETA: 0s - loss: 0.1004 - acc: 0.9867
812/812 [==============================] - 0s 152us/step - loss: 0.0976 - acc: 0.9889 - val_loss: 0.1333 - val_acc: 0.9728
Epoch 16/30

 10/812 [..............................] - ETA: 0s - loss: 0.0886 - acc: 1.0000
450/812 [===============>..............] - ETA: 0s - loss: 0.0873 - acc: 0.9933
812/812 [==============================] - 0s 151us/step - loss: 0.0895 - acc: 0.9926 - val_loss: 0.1272 - val_acc: 0.9765
Epoch 17/30

 10/812 [..............................] - ETA: 0s - loss: 0.0595 - acc: 1.0000
440/812 [===============>..............] - ETA: 0s - loss: 0.0854 - acc: 0.9932
812/812 [==============================] - 0s 157us/step - loss: 0.0821 - acc: 0.9938 - val_loss: 0.1209 - val_acc: 0.9753
Epoch 18/30

 10/812 [..............................] - ETA: 0s - loss: 0.0536 - acc: 1.0000
440/812 [===============>..............] - ETA: 0s - loss: 0.0783 - acc: 0.9932
812/812 [==============================] - 0s 158us/step - loss: 0.0762 - acc: 0.9938 - val_loss: 0.1156 - val_acc: 0.9778
Epoch 19/30

 10/812 [..............................] - ETA: 0s - loss: 0.1000 - acc: 1.0000
430/812 [==============>...............] - ETA: 0s - loss: 0.0675 - acc: 1.0000
812/812 [==============================] - 0s 161us/step - loss: 0.0710 - acc: 0.9963 - val_loss: 0.1115 - val_acc: 0.9778
Epoch 20/30

 10/812 [..............................] - ETA: 0s - loss: 0.0493 - acc: 1.0000
430/812 [==============>...............] - ETA: 0s - loss: 0.0627 - acc: 0.9977
812/812 [==============================] - 0s 154us/step - loss: 0.0661 - acc: 0.9963 - val_loss: 0.1084 - val_acc: 0.9765
Epoch 21/30

 10/812 [..............................] - ETA: 0s - loss: 0.0631 - acc: 1.0000
450/812 [===============>..............] - ETA: 0s - loss: 0.0609 - acc: 0.9956
812/812 [==============================] - 0s 152us/step - loss: 0.0617 - acc: 0.9963 - val_loss: 0.1050 - val_acc: 0.9778
Epoch 22/30

 10/812 [..............................] - ETA: 0s - loss: 0.0409 - acc: 1.0000
450/812 [===============>..............] - ETA: 0s - loss: 0.0580 - acc: 0.9978
812/812 [==============================] - 0s 153us/step - loss: 0.0578 - acc: 0.9963 - val_loss: 0.1024 - val_acc: 0.9802
Epoch 23/30

 10/812 [..............................] - ETA: 0s - loss: 0.0342 - acc: 1.0000
440/812 [===============>..............] - ETA: 0s - loss: 0.0554 - acc: 0.9932
812/812 [==============================] - 0s 158us/step - loss: 0.0540 - acc: 0.9963 - val_loss: 0.0992 - val_acc: 0.9802
Epoch 24/30

 10/812 [..............................] - ETA: 0s - loss: 0.0428 - acc: 1.0000
430/812 [==============>...............] - ETA: 0s - loss: 0.0511 - acc: 0.9977
812/812 [==============================] - 0s 159us/step - loss: 0.0508 - acc: 0.9963 - val_loss: 0.0969 - val_acc: 0.9802
Epoch 25/30

 10/812 [..............................] - ETA: 0s - loss: 0.0250 - acc: 1.0000
430/812 [==============>...............] - ETA: 0s - loss: 0.0486 - acc: 0.9953
812/812 [==============================] - 0s 157us/step - loss: 0.0476 - acc: 0.9963 - val_loss: 0.0951 - val_acc: 0.9802
Epoch 26/30

 10/812 [..............................] - ETA: 0s - loss: 0.0409 - acc: 1.0000
450/812 [===============>..............] - ETA: 0s - loss: 0.0434 - acc: 0.9978
812/812 [==============================] - 0s 151us/step - loss: 0.0449 - acc: 0.9963 - val_loss: 0.0929 - val_acc: 0.9802
Epoch 27/30

 10/812 [..............................] - ETA: 0s - loss: 0.0410 - acc: 1.0000
440/812 [===============>..............] - ETA: 0s - loss: 0.0422 - acc: 0.9977
812/812 [==============================] - 0s 152us/step - loss: 0.0424 - acc: 0.9975 - val_loss: 0.0921 - val_acc: 0.9778
Epoch 28/30

 10/812 [..............................] - ETA: 0s - loss: 0.0588 - acc: 1.0000
450/812 [===============>..............] - ETA: 0s - loss: 0.0435 - acc: 0.9956
812/812 [==============================] - 0s 158us/step - loss: 0.0398 - acc: 0.9975 - val_loss: 0.0900 - val_acc: 0.9765
Epoch 29/30

 10/812 [..............................] - ETA: 0s - loss: 0.0458 - acc: 1.0000
430/812 [==============>...............] - ETA: 0s - loss: 0.0405 - acc: 0.9953
812/812 [==============================] - 0s 156us/step - loss: 0.0377 - acc: 0.9975 - val_loss: 0.0893 - val_acc: 0.9778
Epoch 30/30

 10/812 [..............................] - ETA: 0s - loss: 0.0250 - acc: 1.0000
430/812 [==============>...............] - ETA: 0s - loss: 0.0341 - acc: 0.9977
812/812 [==============================] - 0s 157us/step - loss: 0.0356 - acc: 0.9975 - val_loss: 0.0883 - val_acc: 0.9790
acc: 98.02%
Accuracy: 96.49% (+/- 1.54%)
