Train on 1297 samples, validate on 325 samples
Epoch 1/30

  20/1297 [..............................] - ETA: 37s - loss: 0.7165 - acc: 0.4000
 620/1297 [=============>................] - ETA: 0s - loss: 0.6865 - acc: 0.5500 
1240/1297 [===========================>..] - ETA: 0s - loss: 0.6666 - acc: 0.6403
1297/1297 [==============================] - 1s 589us/step - loss: 0.6650 - acc: 0.6453 - val_loss: 0.6247 - val_acc: 0.7692
Epoch 2/30

  20/1297 [..............................] - ETA: 0s - loss: 0.6197 - acc: 0.7500
 600/1297 [============>.................] - ETA: 0s - loss: 0.5969 - acc: 0.8417
1180/1297 [==========================>...] - ETA: 0s - loss: 0.5760 - acc: 0.8653
1297/1297 [==============================] - 0s 103us/step - loss: 0.5715 - acc: 0.8720 - val_loss: 0.5322 - val_acc: 0.9046
Epoch 3/30

  20/1297 [..............................] - ETA: 0s - loss: 0.5341 - acc: 0.9000
 640/1297 [=============>................] - ETA: 0s - loss: 0.4981 - acc: 0.9406
1220/1297 [===========================>..] - ETA: 0s - loss: 0.4796 - acc: 0.9377
1297/1297 [==============================] - 0s 90us/step - loss: 0.4771 - acc: 0.9368 - val_loss: 0.4517 - val_acc: 0.9323
Epoch 4/30

  20/1297 [..............................] - ETA: 0s - loss: 0.4035 - acc: 1.0000
 600/1297 [============>.................] - ETA: 0s - loss: 0.4136 - acc: 0.9633
1200/1297 [==========================>...] - ETA: 0s - loss: 0.4040 - acc: 0.9617
1297/1297 [==============================] - 0s 94us/step - loss: 0.4023 - acc: 0.9576 - val_loss: 0.3945 - val_acc: 0.9385
Epoch 5/30

  20/1297 [..............................] - ETA: 0s - loss: 0.3088 - acc: 1.0000
 580/1297 [============>.................] - ETA: 0s - loss: 0.3576 - acc: 0.9672
1120/1297 [========================>.....] - ETA: 0s - loss: 0.3489 - acc: 0.9696
1297/1297 [==============================] - 0s 101us/step - loss: 0.3478 - acc: 0.9668 - val_loss: 0.3499 - val_acc: 0.9477
Epoch 6/30

  20/1297 [..............................] - ETA: 0s - loss: 0.3769 - acc: 0.9500
 540/1297 [===========>..................] - ETA: 0s - loss: 0.3226 - acc: 0.9667
1060/1297 [=======================>......] - ETA: 0s - loss: 0.3111 - acc: 0.9708
1297/1297 [==============================] - 0s 102us/step - loss: 0.3059 - acc: 0.9707 - val_loss: 0.3161 - val_acc: 0.9569
Epoch 7/30

  20/1297 [..............................] - ETA: 0s - loss: 0.2330 - acc: 1.0000
 480/1297 [==========>...................] - ETA: 0s - loss: 0.2768 - acc: 0.9792
1080/1297 [=======================>......] - ETA: 0s - loss: 0.2702 - acc: 0.9778
1297/1297 [==============================] - 0s 106us/step - loss: 0.2715 - acc: 0.9738 - val_loss: 0.2887 - val_acc: 0.9631
Epoch 8/30

  20/1297 [..............................] - ETA: 0s - loss: 0.3091 - acc: 0.9000
 600/1297 [============>.................] - ETA: 0s - loss: 0.2538 - acc: 0.9767
1160/1297 [=========================>....] - ETA: 0s - loss: 0.2449 - acc: 0.9750
1297/1297 [==============================] - 0s 95us/step - loss: 0.2436 - acc: 0.9761 - val_loss: 0.2638 - val_acc: 0.9631
Epoch 9/30

  20/1297 [..............................] - ETA: 0s - loss: 0.1893 - acc: 1.0000
 580/1297 [============>.................] - ETA: 0s - loss: 0.2257 - acc: 0.9759
1120/1297 [========================>.....] - ETA: 0s - loss: 0.2230 - acc: 0.9777
1297/1297 [==============================] - 0s 98us/step - loss: 0.2211 - acc: 0.9784 - val_loss: 0.2448 - val_acc: 0.9631
Epoch 10/30

  20/1297 [..............................] - ETA: 0s - loss: 0.2096 - acc: 1.0000
 620/1297 [=============>................] - ETA: 0s - loss: 0.2087 - acc: 0.9758
1120/1297 [========================>.....] - ETA: 0s - loss: 0.1981 - acc: 0.9804
1297/1297 [==============================] - 0s 102us/step - loss: 0.2009 - acc: 0.9800 - val_loss: 0.2302 - val_acc: 0.9631
Epoch 11/30

  20/1297 [..............................] - ETA: 0s - loss: 0.1340 - acc: 1.0000
 500/1297 [==========>...................] - ETA: 0s - loss: 0.1724 - acc: 0.9900
 820/1297 [=================>............] - ETA: 0s - loss: 0.1803 - acc: 0.9841
1297/1297 [==============================] - 0s 120us/step - loss: 0.1847 - acc: 0.9800 - val_loss: 0.2152 - val_acc: 0.9569
Epoch 12/30

  20/1297 [..............................] - ETA: 0s - loss: 0.1602 - acc: 1.0000
 600/1297 [============>.................] - ETA: 0s - loss: 0.1717 - acc: 0.9867
1120/1297 [========================>.....] - ETA: 0s - loss: 0.1683 - acc: 0.9839
1297/1297 [==============================] - 0s 98us/step - loss: 0.1704 - acc: 0.9823 - val_loss: 0.2044 - val_acc: 0.9631
Epoch 13/30

  20/1297 [..............................] - ETA: 0s - loss: 0.2023 - acc: 0.9500
 620/1297 [=============>................] - ETA: 0s - loss: 0.1552 - acc: 0.9855
1180/1297 [==========================>...] - ETA: 0s - loss: 0.1548 - acc: 0.9864
1297/1297 [==============================] - 0s 92us/step - loss: 0.1577 - acc: 0.9838 - val_loss: 0.1938 - val_acc: 0.9662
Epoch 14/30

  20/1297 [..............................] - ETA: 0s - loss: 0.1291 - acc: 1.0000
 540/1297 [===========>..................] - ETA: 0s - loss: 0.1384 - acc: 0.9926
1140/1297 [=========================>....] - ETA: 0s - loss: 0.1449 - acc: 0.9868
1297/1297 [==============================] - 0s 100us/step - loss: 0.1465 - acc: 0.9854 - val_loss: 0.1842 - val_acc: 0.9631
Epoch 15/30

  20/1297 [..............................] - ETA: 0s - loss: 0.1641 - acc: 0.9500
 580/1297 [============>.................] - ETA: 0s - loss: 0.1421 - acc: 0.9810
1120/1297 [========================>.....] - ETA: 0s - loss: 0.1372 - acc: 0.9839
1297/1297 [==============================] - 0s 98us/step - loss: 0.1364 - acc: 0.9846 - val_loss: 0.1773 - val_acc: 0.9569
Epoch 16/30

  20/1297 [..............................] - ETA: 0s - loss: 0.1058 - acc: 1.0000
 580/1297 [============>.................] - ETA: 0s - loss: 0.1321 - acc: 0.9776
1120/1297 [========================>.....] - ETA: 0s - loss: 0.1300 - acc: 0.9830
1297/1297 [==============================] - 0s 97us/step - loss: 0.1280 - acc: 0.9846 - val_loss: 0.1702 - val_acc: 0.9600
Epoch 17/30

  20/1297 [..............................] - ETA: 0s - loss: 0.0863 - acc: 1.0000
 580/1297 [============>.................] - ETA: 0s - loss: 0.1186 - acc: 0.9897
1160/1297 [=========================>....] - ETA: 0s - loss: 0.1200 - acc: 0.9862
1297/1297 [==============================] - 0s 97us/step - loss: 0.1199 - acc: 0.9854 - val_loss: 0.1631 - val_acc: 0.9569
Epoch 18/30

  20/1297 [..............................] - ETA: 0s - loss: 0.0778 - acc: 1.0000
 580/1297 [============>.................] - ETA: 0s - loss: 0.1213 - acc: 0.9810
1180/1297 [==========================>...] - ETA: 0s - loss: 0.1140 - acc: 0.9856
1297/1297 [==============================] - 0s 94us/step - loss: 0.1125 - acc: 0.9861 - val_loss: 0.1578 - val_acc: 0.9569
Epoch 19/30

  20/1297 [..............................] - ETA: 0s - loss: 0.1110 - acc: 1.0000
 520/1297 [===========>..................] - ETA: 0s - loss: 0.1039 - acc: 0.9904
1080/1297 [=======================>......] - ETA: 0s - loss: 0.1043 - acc: 0.9889
1297/1297 [==============================] - 0s 103us/step - loss: 0.1054 - acc: 0.9869 - val_loss: 0.1523 - val_acc: 0.9569
Epoch 20/30

  20/1297 [..............................] - ETA: 0s - loss: 0.1107 - acc: 0.9500
 580/1297 [============>.................] - ETA: 0s - loss: 0.1044 - acc: 0.9828
1160/1297 [=========================>....] - ETA: 0s - loss: 0.0992 - acc: 0.9871
1297/1297 [==============================] - 0s 94us/step - loss: 0.0996 - acc: 0.9869 - val_loss: 0.1490 - val_acc: 0.9569
Epoch 21/30

  20/1297 [..............................] - ETA: 0s - loss: 0.0675 - acc: 1.0000
 540/1297 [===========>..................] - ETA: 0s - loss: 0.1018 - acc: 0.9870
1140/1297 [=========================>....] - ETA: 0s - loss: 0.0953 - acc: 0.9877
1297/1297 [==============================] - 0s 98us/step - loss: 0.0934 - acc: 0.9884 - val_loss: 0.1447 - val_acc: 0.9569
Epoch 22/30

  20/1297 [..............................] - ETA: 0s - loss: 0.0877 - acc: 1.0000
 500/1297 [==========>...................] - ETA: 0s - loss: 0.0885 - acc: 0.9920
1040/1297 [=======================>......] - ETA: 0s - loss: 0.0884 - acc: 0.9885
1297/1297 [==============================] - 0s 104us/step - loss: 0.0886 - acc: 0.9884 - val_loss: 0.1408 - val_acc: 0.9569
Epoch 23/30

  20/1297 [..............................] - ETA: 0s - loss: 0.0755 - acc: 1.0000
 520/1297 [===========>..................] - ETA: 0s - loss: 0.0774 - acc: 0.9942
1100/1297 [========================>.....] - ETA: 0s - loss: 0.0846 - acc: 0.9900
1297/1297 [==============================] - 0s 102us/step - loss: 0.0837 - acc: 0.9892 - val_loss: 0.1376 - val_acc: 0.9600
Epoch 24/30

  20/1297 [..............................] - ETA: 0s - loss: 0.0685 - acc: 1.0000
 500/1297 [==========>...................] - ETA: 0s - loss: 0.0761 - acc: 0.9960
1100/1297 [========================>.....] - ETA: 0s - loss: 0.0791 - acc: 0.9927
1297/1297 [==============================] - 0s 100us/step - loss: 0.0793 - acc: 0.9907 - val_loss: 0.1334 - val_acc: 0.9631
Epoch 25/30

  20/1297 [..............................] - ETA: 0s - loss: 0.1029 - acc: 1.0000
 620/1297 [=============>................] - ETA: 0s - loss: 0.0750 - acc: 0.9903
1200/1297 [==========================>...] - ETA: 0s - loss: 0.0754 - acc: 0.9917
1297/1297 [==============================] - 0s 95us/step - loss: 0.0750 - acc: 0.9915 - val_loss: 0.1306 - val_acc: 0.9631
Epoch 26/30

  20/1297 [..............................] - ETA: 0s - loss: 0.1361 - acc: 0.9500
 560/1297 [===========>..................] - ETA: 0s - loss: 0.0678 - acc: 0.9946
1160/1297 [=========================>....] - ETA: 0s - loss: 0.0711 - acc: 0.9914
1297/1297 [==============================] - 0s 96us/step - loss: 0.0714 - acc: 0.9915 - val_loss: 0.1279 - val_acc: 0.9662
Epoch 27/30

  20/1297 [..............................] - ETA: 0s - loss: 0.0977 - acc: 0.9500
 560/1297 [===========>..................] - ETA: 0s - loss: 0.0670 - acc: 0.9929
1120/1297 [========================>.....] - ETA: 0s - loss: 0.0697 - acc: 0.9911
1297/1297 [==============================] - 0s 99us/step - loss: 0.0678 - acc: 0.9923 - val_loss: 0.1259 - val_acc: 0.9662
Epoch 28/30

  20/1297 [..............................] - ETA: 0s - loss: 0.1853 - acc: 0.9500
 580/1297 [============>.................] - ETA: 0s - loss: 0.0675 - acc: 0.9897
1120/1297 [========================>.....] - ETA: 0s - loss: 0.0661 - acc: 0.9911
1297/1297 [==============================] - 0s 100us/step - loss: 0.0646 - acc: 0.9923 - val_loss: 0.1239 - val_acc: 0.9631
Epoch 29/30

  20/1297 [..............................] - ETA: 0s - loss: 0.0695 - acc: 1.0000
 600/1297 [============>.................] - ETA: 0s - loss: 0.0615 - acc: 0.9933
1180/1297 [==========================>...] - ETA: 0s - loss: 0.0624 - acc: 0.9924
1297/1297 [==============================] - 0s 95us/step - loss: 0.0615 - acc: 0.9931 - val_loss: 0.1197 - val_acc: 0.9631
acc: 96.62%
Train on 1297 samples, validate on 325 samples
Epoch 1/30

  20/1297 [..............................] - ETA: 40s - loss: 0.6855 - acc: 0.6000
 780/1297 [=================>............] - ETA: 0s - loss: 0.6578 - acc: 0.6077 
1297/1297 [==============================] - 1s 633us/step - loss: 0.6327 - acc: 0.6561 - val_loss: 0.5642 - val_acc: 0.7785
Epoch 2/30

  20/1297 [..............................] - ETA: 0s - loss: 0.5929 - acc: 0.7500
 780/1297 [=================>............] - ETA: 0s - loss: 0.5167 - acc: 0.8551
1297/1297 [==============================] - 0s 71us/step - loss: 0.4971 - acc: 0.8697 - val_loss: 0.4510 - val_acc: 0.8923
Epoch 3/30

  20/1297 [..............................] - ETA: 0s - loss: 0.3953 - acc: 0.9500
 700/1297 [===============>..............] - ETA: 0s - loss: 0.4134 - acc: 0.9386
1297/1297 [==============================] - 0s 81us/step - loss: 0.3896 - acc: 0.9453 - val_loss: 0.3597 - val_acc: 0.9508
Epoch 4/30

  20/1297 [..............................] - ETA: 0s - loss: 0.3057 - acc: 1.0000
 820/1297 [=================>............] - ETA: 0s - loss: 0.3229 - acc: 0.9671
1297/1297 [==============================] - 0s 72us/step - loss: 0.3116 - acc: 0.9676 - val_loss: 0.2967 - val_acc: 0.9508
Epoch 5/30

  20/1297 [..............................] - ETA: 0s - loss: 0.2243 - acc: 1.0000
 760/1297 [================>.............] - ETA: 0s - loss: 0.2691 - acc: 0.9711
1297/1297 [==============================] - 0s 76us/step - loss: 0.2606 - acc: 0.9684 - val_loss: 0.2584 - val_acc: 0.9662
Epoch 6/30

  20/1297 [..............................] - ETA: 0s - loss: 0.2004 - acc: 1.0000
 560/1297 [===========>..................] - ETA: 0s - loss: 0.2324 - acc: 0.9714
1200/1297 [==========================>...] - ETA: 0s - loss: 0.2281 - acc: 0.9675
1297/1297 [==============================] - 0s 92us/step - loss: 0.2261 - acc: 0.9684 - val_loss: 0.2318 - val_acc: 0.9723
Epoch 7/30

  20/1297 [..............................] - ETA: 0s - loss: 0.1748 - acc: 1.0000
 700/1297 [===============>..............] - ETA: 0s - loss: 0.2063 - acc: 0.9743
1297/1297 [==============================] - 0s 82us/step - loss: 0.2012 - acc: 0.9730 - val_loss: 0.2118 - val_acc: 0.9692
Epoch 8/30

  20/1297 [..............................] - ETA: 0s - loss: 0.2016 - acc: 0.9500
 660/1297 [==============>...............] - ETA: 0s - loss: 0.1840 - acc: 0.9758
1180/1297 [==========================>...] - ETA: 0s - loss: 0.1802 - acc: 0.9763
1297/1297 [==============================] - 0s 93us/step - loss: 0.1814 - acc: 0.9746 - val_loss: 0.1928 - val_acc: 0.9785
Epoch 9/30

  20/1297 [..............................] - ETA: 0s - loss: 0.1239 - acc: 1.0000
 700/1297 [===============>..............] - ETA: 0s - loss: 0.1657 - acc: 0.9786
1297/1297 [==============================] - 0s 82us/step - loss: 0.1641 - acc: 0.9784 - val_loss: 0.1782 - val_acc: 0.9723
Epoch 10/30

  20/1297 [..............................] - ETA: 0s - loss: 0.1428 - acc: 1.0000
 640/1297 [=============>................] - ETA: 0s - loss: 0.1534 - acc: 0.9844
1160/1297 [=========================>....] - ETA: 0s - loss: 0.1523 - acc: 0.9819
1297/1297 [==============================] - 0s 97us/step - loss: 0.1498 - acc: 0.9807 - val_loss: 0.1669 - val_acc: 0.9754
Epoch 11/30

  20/1297 [..............................] - ETA: 0s - loss: 0.1321 - acc: 1.0000
 740/1297 [================>.............] - ETA: 0s - loss: 0.1400 - acc: 0.9824
1297/1297 [==============================] - 0s 78us/step - loss: 0.1371 - acc: 0.9830 - val_loss: 0.1571 - val_acc: 0.9754
Epoch 12/30

  20/1297 [..............................] - ETA: 0s - loss: 0.1625 - acc: 1.0000
 680/1297 [==============>...............] - ETA: 0s - loss: 0.1401 - acc: 0.9809
1297/1297 [==============================] - 0s 89us/step - loss: 0.1263 - acc: 0.9846 - val_loss: 0.1496 - val_acc: 0.9723
Epoch 13/30

  20/1297 [..............................] - ETA: 0s - loss: 0.1031 - acc: 1.0000
 420/1297 [========>.....................] - ETA: 0s - loss: 0.1245 - acc: 0.9881
1080/1297 [=======================>......] - ETA: 0s - loss: 0.1185 - acc: 0.9861
1297/1297 [==============================] - 0s 97us/step - loss: 0.1170 - acc: 0.9861 - val_loss: 0.1435 - val_acc: 0.9723
Epoch 14/30

  20/1297 [..............................] - ETA: 0s - loss: 0.0882 - acc: 1.0000
 680/1297 [==============>...............] - ETA: 0s - loss: 0.1042 - acc: 0.9897
1297/1297 [==============================] - 0s 89us/step - loss: 0.1085 - acc: 0.9869 - val_loss: 0.1379 - val_acc: 0.9723
Epoch 15/30

  20/1297 [..............................] - ETA: 0s - loss: 0.0967 - acc: 1.0000
 620/1297 [=============>................] - ETA: 0s - loss: 0.1017 - acc: 0.9887
1260/1297 [============================>.] - ETA: 0s - loss: 0.1015 - acc: 0.9881
1297/1297 [==============================] - 0s 88us/step - loss: 0.1012 - acc: 0.9884 - val_loss: 0.1330 - val_acc: 0.9754
Epoch 16/30

  20/1297 [..............................] - ETA: 0s - loss: 0.0711 - acc: 1.0000
 660/1297 [==============>...............] - ETA: 0s - loss: 0.0963 - acc: 0.9864
1297/1297 [==============================] - 0s 82us/step - loss: 0.0946 - acc: 0.9892 - val_loss: 0.1279 - val_acc: 0.9754
Epoch 17/30

  20/1297 [..............................] - ETA: 0s - loss: 0.0962 - acc: 0.9500
 480/1297 [==========>...................] - ETA: 0s - loss: 0.0909 - acc: 0.9875
1180/1297 [==========================>...] - ETA: 0s - loss: 0.0912 - acc: 0.9898
1297/1297 [==============================] - 0s 93us/step - loss: 0.0889 - acc: 0.9907 - val_loss: 0.1246 - val_acc: 0.9754
Epoch 18/30

  20/1297 [..............................] - ETA: 0s - loss: 0.2111 - acc: 0.9500
 760/1297 [================>.............] - ETA: 0s - loss: 0.0855 - acc: 0.9921
1297/1297 [==============================] - 0s 77us/step - loss: 0.0836 - acc: 0.9915 - val_loss: 0.1211 - val_acc: 0.9723
Epoch 19/30

  20/1297 [..............................] - ETA: 0s - loss: 0.0777 - acc: 1.0000
 720/1297 [===============>..............] - ETA: 0s - loss: 0.0748 - acc: 0.9958
1297/1297 [==============================] - 0s 86us/step - loss: 0.0791 - acc: 0.9915 - val_loss: 0.1184 - val_acc: 0.9723
Epoch 20/30

  20/1297 [..............................] - ETA: 0s - loss: 0.1472 - acc: 0.9500
 700/1297 [===============>..............] - ETA: 0s - loss: 0.0725 - acc: 0.9929
1297/1297 [==============================] - 0s 83us/step - loss: 0.0744 - acc: 0.9923 - val_loss: 0.1161 - val_acc: 0.9692
Epoch 21/30

  20/1297 [..............................] - ETA: 0s - loss: 0.0552 - acc: 1.0000
 600/1297 [============>.................] - ETA: 0s - loss: 0.0729 - acc: 0.9933
1180/1297 [==========================>...] - ETA: 0s - loss: 0.0715 - acc: 0.9924
1297/1297 [==============================] - 0s 95us/step - loss: 0.0706 - acc: 0.9923 - val_loss: 0.1141 - val_acc: 0.9723
Epoch 22/30

  20/1297 [..............................] - ETA: 0s - loss: 0.0524 - acc: 1.0000
 660/1297 [==============>...............] - ETA: 0s - loss: 0.0673 - acc: 0.9939
1297/1297 [==============================] - 0s 80us/step - loss: 0.0671 - acc: 0.9938 - val_loss: 0.1120 - val_acc: 0.9692
Epoch 23/30

  20/1297 [..............................] - ETA: 0s - loss: 0.0484 - acc: 1.0000
 760/1297 [================>.............] - ETA: 0s - loss: 0.0626 - acc: 0.9921
1297/1297 [==============================] - 0s 75us/step - loss: 0.0635 - acc: 0.9938 - val_loss: 0.1100 - val_acc: 0.9692
Epoch 24/30

  20/1297 [..............................] - ETA: 0s - loss: 0.0882 - acc: 1.0000
 520/1297 [===========>..................] - ETA: 0s - loss: 0.0662 - acc: 0.9923
1200/1297 [==========================>...] - ETA: 0s - loss: 0.0610 - acc: 0.9933
1297/1297 [==============================] - 0s 92us/step - loss: 0.0604 - acc: 0.9938 - val_loss: 0.1088 - val_acc: 0.9692
acc: 97.85%
Train on 1297 samples, validate on 325 samples
Epoch 1/30

  20/1297 [..............................] - ETA: 44s - loss: 0.6703 - acc: 0.6000
 680/1297 [==============>...............] - ETA: 0s - loss: 0.6731 - acc: 0.5574 
1220/1297 [===========================>..] - ETA: 0s - loss: 0.6539 - acc: 0.6467
1297/1297 [==============================] - 1s 688us/step - loss: 0.6507 - acc: 0.6546 - val_loss: 0.5953 - val_acc: 0.8277
Epoch 2/30

  20/1297 [..............................] - ETA: 0s - loss: 0.5931 - acc: 0.8000
 600/1297 [============>.................] - ETA: 0s - loss: 0.5640 - acc: 0.8733
1280/1297 [============================>.] - ETA: 0s - loss: 0.5395 - acc: 0.8898
1297/1297 [==============================] - 0s 86us/step - loss: 0.5391 - acc: 0.8913 - val_loss: 0.4879 - val_acc: 0.9323
Epoch 3/30

  20/1297 [..............................] - ETA: 0s - loss: 0.4912 - acc: 0.9500
 720/1297 [===============>..............] - ETA: 0s - loss: 0.4581 - acc: 0.9431
1297/1297 [==============================] - 0s 80us/step - loss: 0.4436 - acc: 0.9507 - val_loss: 0.4101 - val_acc: 0.9600
Epoch 4/30

  20/1297 [..............................] - ETA: 0s - loss: 0.4093 - acc: 1.0000
 480/1297 [==========>...................] - ETA: 0s - loss: 0.3869 - acc: 0.9708
1160/1297 [=========================>....] - ETA: 0s - loss: 0.3758 - acc: 0.9672
1297/1297 [==============================] - 0s 93us/step - loss: 0.3745 - acc: 0.9638 - val_loss: 0.3501 - val_acc: 0.9662
Epoch 5/30

  20/1297 [..............................] - ETA: 0s - loss: 0.2852 - acc: 1.0000
 700/1297 [===============>..............] - ETA: 0s - loss: 0.3298 - acc: 0.9671
1297/1297 [==============================] - 0s 82us/step - loss: 0.3218 - acc: 0.9661 - val_loss: 0.3078 - val_acc: 0.9723
Epoch 6/30

  20/1297 [..............................] - ETA: 0s - loss: 0.3880 - acc: 0.9000
 480/1297 [==========>...................] - ETA: 0s - loss: 0.2904 - acc: 0.9708
1060/1297 [=======================>......] - ETA: 0s - loss: 0.2877 - acc: 0.9679
1297/1297 [==============================] - 0s 104us/step - loss: 0.2829 - acc: 0.9699 - val_loss: 0.2746 - val_acc: 0.9723
Epoch 7/30

  20/1297 [..............................] - ETA: 0s - loss: 0.2627 - acc: 1.0000
 620/1297 [=============>................] - ETA: 0s - loss: 0.2662 - acc: 0.9629
1000/1297 [======================>.......] - ETA: 0s - loss: 0.2604 - acc: 0.9700
1297/1297 [==============================] - 0s 130us/step - loss: 0.2527 - acc: 0.9730 - val_loss: 0.2489 - val_acc: 0.9723
Epoch 8/30

  20/1297 [..............................] - ETA: 0s - loss: 0.2300 - acc: 1.0000
 360/1297 [=======>......................] - ETA: 0s - loss: 0.2416 - acc: 0.9750
 920/1297 [====================>.........] - ETA: 0s - loss: 0.2370 - acc: 0.9707
1297/1297 [==============================] - 0s 121us/step - loss: 0.2282 - acc: 0.9746 - val_loss: 0.2272 - val_acc: 0.9692
Epoch 9/30

  20/1297 [..............................] - ETA: 0s - loss: 0.2770 - acc: 0.9000
 680/1297 [==============>...............] - ETA: 0s - loss: 0.2138 - acc: 0.9750
 980/1297 [=====================>........] - ETA: 0s - loss: 0.2082 - acc: 0.9796
1297/1297 [==============================] - 0s 122us/step - loss: 0.2064 - acc: 0.9792 - val_loss: 0.2082 - val_acc: 0.9662
Epoch 10/30

  20/1297 [..............................] - ETA: 0s - loss: 0.1857 - acc: 1.0000
 480/1297 [==========>...................] - ETA: 0s - loss: 0.1845 - acc: 0.9875
1020/1297 [======================>.......] - ETA: 0s - loss: 0.1888 - acc: 0.9784
1297/1297 [==============================] - 0s 111us/step - loss: 0.1875 - acc: 0.9792 - val_loss: 0.1923 - val_acc: 0.9692
Epoch 11/30

  20/1297 [..............................] - ETA: 0s - loss: 0.1580 - acc: 1.0000
 400/1297 [========>.....................] - ETA: 0s - loss: 0.1757 - acc: 0.9875
1040/1297 [=======================>......] - ETA: 0s - loss: 0.1728 - acc: 0.9837
1297/1297 [==============================] - 0s 102us/step - loss: 0.1715 - acc: 0.9823 - val_loss: 0.1795 - val_acc: 0.9692
Epoch 12/30

  20/1297 [..............................] - ETA: 0s - loss: 0.1516 - acc: 1.0000
 640/1297 [=============>................] - ETA: 0s - loss: 0.1516 - acc: 0.9875
1240/1297 [===========================>..] - ETA: 0s - loss: 0.1576 - acc: 0.9815
1297/1297 [==============================] - 0s 90us/step - loss: 0.1576 - acc: 0.9815 - val_loss: 0.1678 - val_acc: 0.9692
Epoch 13/30

  20/1297 [..............................] - ETA: 0s - loss: 0.1176 - acc: 1.0000
 500/1297 [==========>...................] - ETA: 0s - loss: 0.1449 - acc: 0.9840
1100/1297 [========================>.....] - ETA: 0s - loss: 0.1475 - acc: 0.9827
1297/1297 [==============================] - 0s 99us/step - loss: 0.1460 - acc: 0.9815 - val_loss: 0.1576 - val_acc: 0.9662
Epoch 14/30

  20/1297 [..............................] - ETA: 0s - loss: 0.1235 - acc: 1.0000
 680/1297 [==============>...............] - ETA: 0s - loss: 0.1339 - acc: 0.9882
1297/1297 [==============================] - 0s 87us/step - loss: 0.1355 - acc: 0.9823 - val_loss: 0.1486 - val_acc: 0.9662
Epoch 15/30

  20/1297 [..............................] - ETA: 0s - loss: 0.1094 - acc: 1.0000
 540/1297 [===========>..................] - ETA: 0s - loss: 0.1243 - acc: 0.9833
1140/1297 [=========================>....] - ETA: 0s - loss: 0.1234 - acc: 0.9851
1297/1297 [==============================] - 0s 94us/step - loss: 0.1261 - acc: 0.9830 - val_loss: 0.1411 - val_acc: 0.9662
Epoch 16/30

  20/1297 [..............................] - ETA: 0s - loss: 0.1324 - acc: 1.0000
 740/1297 [================>.............] - ETA: 0s - loss: 0.1209 - acc: 0.9838
1297/1297 [==============================] - 0s 78us/step - loss: 0.1180 - acc: 0.9846 - val_loss: 0.1333 - val_acc: 0.9692
Epoch 17/30

  20/1297 [..............................] - ETA: 0s - loss: 0.0922 - acc: 1.0000
 560/1297 [===========>..................] - ETA: 0s - loss: 0.1134 - acc: 0.9804
1060/1297 [=======================>......] - ETA: 0s - loss: 0.1119 - acc: 0.9830
1297/1297 [==============================] - 0s 108us/step - loss: 0.1108 - acc: 0.9846 - val_loss: 0.1273 - val_acc: 0.9692
Epoch 18/30

  20/1297 [..............................] - ETA: 0s - loss: 0.0721 - acc: 1.0000
 680/1297 [==============>...............] - ETA: 0s - loss: 0.1074 - acc: 0.9868
1297/1297 [==============================] - 0s 86us/step - loss: 0.1043 - acc: 0.9838 - val_loss: 0.1207 - val_acc: 0.9692
Epoch 19/30

  20/1297 [..............................] - ETA: 0s - loss: 0.0693 - acc: 1.0000
 520/1297 [===========>..................] - ETA: 0s - loss: 0.1075 - acc: 0.9808
1020/1297 [======================>.......] - ETA: 0s - loss: 0.1026 - acc: 0.9843
1297/1297 [==============================] - 0s 105us/step - loss: 0.0984 - acc: 0.9869 - val_loss: 0.1156 - val_acc: 0.9692
Epoch 20/30

  20/1297 [..............................] - ETA: 0s - loss: 0.0982 - acc: 1.0000
 700/1297 [===============>..............] - ETA: 0s - loss: 0.0962 - acc: 0.9900
1297/1297 [==============================] - 0s 84us/step - loss: 0.0928 - acc: 0.9861 - val_loss: 0.1107 - val_acc: 0.9723
Epoch 21/30

  20/1297 [..............................] - ETA: 0s - loss: 0.0649 - acc: 1.0000
 540/1297 [===========>..................] - ETA: 0s - loss: 0.0924 - acc: 0.9815
1100/1297 [========================>.....] - ETA: 0s - loss: 0.0893 - acc: 0.9864
1297/1297 [==============================] - 0s 99us/step - loss: 0.0878 - acc: 0.9877 - val_loss: 0.1059 - val_acc: 0.9723
acc: 97.23%
Train on 1298 samples, validate on 324 samples
Epoch 1/30

  20/1298 [..............................] - ETA: 58s - loss: 0.6896 - acc: 0.5000
 660/1298 [==============>...............] - ETA: 0s - loss: 0.6729 - acc: 0.5788 
1220/1298 [===========================>..] - ETA: 0s - loss: 0.6522 - acc: 0.6287
1298/1298 [==============================] - 1s 872us/step - loss: 0.6487 - acc: 0.6425 - val_loss: 0.5938 - val_acc: 0.8272
Epoch 2/30

  20/1298 [..............................] - ETA: 0s - loss: 0.5995 - acc: 0.8000
 680/1298 [==============>...............] - ETA: 0s - loss: 0.5653 - acc: 0.8397
1298/1298 [==============================] - 0s 83us/step - loss: 0.5373 - acc: 0.8767 - val_loss: 0.4869 - val_acc: 0.9167
Epoch 3/30

  20/1298 [..............................] - ETA: 0s - loss: 0.4434 - acc: 1.0000
 720/1298 [===============>..............] - ETA: 0s - loss: 0.4622 - acc: 0.9292
1220/1298 [===========================>..] - ETA: 0s - loss: 0.4457 - acc: 0.9361
1298/1298 [==============================] - 0s 92us/step - loss: 0.4426 - acc: 0.9361 - val_loss: 0.4094 - val_acc: 0.9383
Epoch 4/30

  20/1298 [..............................] - ETA: 0s - loss: 0.4321 - acc: 0.9000
 500/1298 [==========>...................] - ETA: 0s - loss: 0.3947 - acc: 0.9520
1160/1298 [=========================>....] - ETA: 0s - loss: 0.3775 - acc: 0.9466
1298/1298 [==============================] - 0s 93us/step - loss: 0.3764 - acc: 0.9453 - val_loss: 0.3581 - val_acc: 0.9414
Epoch 5/30

  20/1298 [..............................] - ETA: 0s - loss: 0.3126 - acc: 1.0000
 660/1298 [==============>...............] - ETA: 0s - loss: 0.3371 - acc: 0.9455
1140/1298 [=========================>....] - ETA: 0s - loss: 0.3289 - acc: 0.9570
1298/1298 [==============================] - 0s 98us/step - loss: 0.3278 - acc: 0.9553 - val_loss: 0.3188 - val_acc: 0.9444
Epoch 6/30

  20/1298 [..............................] - ETA: 0s - loss: 0.3163 - acc: 0.9500
 680/1298 [==============>...............] - ETA: 0s - loss: 0.2910 - acc: 0.9632
1298/1298 [==============================] - 0s 84us/step - loss: 0.2892 - acc: 0.9607 - val_loss: 0.2903 - val_acc: 0.9444
Epoch 7/30

  20/1298 [..............................] - ETA: 0s - loss: 0.2328 - acc: 1.0000
 520/1298 [===========>..................] - ETA: 0s - loss: 0.2515 - acc: 0.9769
1040/1298 [=======================>......] - ETA: 0s - loss: 0.2589 - acc: 0.9683
1298/1298 [==============================] - 0s 110us/step - loss: 0.2567 - acc: 0.9692 - val_loss: 0.2653 - val_acc: 0.9475
Epoch 8/30

  20/1298 [..............................] - ETA: 0s - loss: 0.2181 - acc: 0.9500
 760/1298 [================>.............] - ETA: 0s - loss: 0.2348 - acc: 0.9724
1298/1298 [==============================] - 0s 79us/step - loss: 0.2306 - acc: 0.9707 - val_loss: 0.2464 - val_acc: 0.9444
Epoch 9/30

  20/1298 [..............................] - ETA: 0s - loss: 0.1808 - acc: 1.0000
 700/1298 [===============>..............] - ETA: 0s - loss: 0.2110 - acc: 0.9729
1280/1298 [============================>.] - ETA: 0s - loss: 0.2073 - acc: 0.9742
1298/1298 [==============================] - 0s 93us/step - loss: 0.2089 - acc: 0.9723 - val_loss: 0.2301 - val_acc: 0.9475
Epoch 10/30

  20/1298 [..............................] - ETA: 0s - loss: 0.2402 - acc: 1.0000
 680/1298 [==============>...............] - ETA: 0s - loss: 0.1953 - acc: 0.9750
1298/1298 [==============================] - 0s 82us/step - loss: 0.1900 - acc: 0.9761 - val_loss: 0.2162 - val_acc: 0.9475
Epoch 11/30

  20/1298 [..............................] - ETA: 0s - loss: 0.1547 - acc: 1.0000
 720/1298 [===============>..............] - ETA: 0s - loss: 0.1721 - acc: 0.9806
1298/1298 [==============================] - 0s 80us/step - loss: 0.1736 - acc: 0.9784 - val_loss: 0.2043 - val_acc: 0.9568
Epoch 12/30

  20/1298 [..............................] - ETA: 0s - loss: 0.1371 - acc: 1.0000
 480/1298 [==========>...................] - ETA: 0s - loss: 0.1514 - acc: 0.9896
1020/1298 [======================>.......] - ETA: 0s - loss: 0.1561 - acc: 0.9833
1298/1298 [==============================] - 0s 102us/step - loss: 0.1595 - acc: 0.9800 - val_loss: 0.1943 - val_acc: 0.9537
Epoch 13/30

  20/1298 [..............................] - ETA: 0s - loss: 0.1650 - acc: 0.9500
 700/1298 [===============>..............] - ETA: 0s - loss: 0.1449 - acc: 0.9829
1298/1298 [==============================] - 0s 82us/step - loss: 0.1469 - acc: 0.9807 - val_loss: 0.1850 - val_acc: 0.9537
Epoch 14/30

  20/1298 [..............................] - ETA: 0s - loss: 0.1312 - acc: 1.0000
 540/1298 [===========>..................] - ETA: 0s - loss: 0.1353 - acc: 0.9852
1200/1298 [==========================>...] - ETA: 0s - loss: 0.1367 - acc: 0.9833
1298/1298 [==============================] - 0s 92us/step - loss: 0.1360 - acc: 0.9846 - val_loss: 0.1769 - val_acc: 0.9568
Epoch 15/30

  20/1298 [..............................] - ETA: 0s - loss: 0.0831 - acc: 1.0000
 660/1298 [==============>...............] - ETA: 0s - loss: 0.1184 - acc: 0.9955
1260/1298 [============================>.] - ETA: 0s - loss: 0.1263 - acc: 0.9865
1298/1298 [==============================] - 0s 89us/step - loss: 0.1266 - acc: 0.9854 - val_loss: 0.1711 - val_acc: 0.9568
Epoch 16/30

  20/1298 [..............................] - ETA: 0s - loss: 0.0956 - acc: 1.0000
 580/1298 [============>.................] - ETA: 0s - loss: 0.1172 - acc: 0.9914
1080/1298 [=======================>......] - ETA: 0s - loss: 0.1189 - acc: 0.9843
1298/1298 [==============================] - 0s 101us/step - loss: 0.1182 - acc: 0.9854 - val_loss: 0.1653 - val_acc: 0.9568
Epoch 17/30

  20/1298 [..............................] - ETA: 0s - loss: 0.1174 - acc: 1.0000
 680/1298 [==============>...............] - ETA: 0s - loss: 0.1124 - acc: 0.9926
1280/1298 [============================>.] - ETA: 0s - loss: 0.1103 - acc: 0.9891
1298/1298 [==============================] - 0s 86us/step - loss: 0.1104 - acc: 0.9884 - val_loss: 0.1589 - val_acc: 0.9568
Epoch 18/30

  20/1298 [..............................] - ETA: 0s - loss: 0.0841 - acc: 1.0000
 620/1298 [=============>................] - ETA: 0s - loss: 0.0989 - acc: 0.9935
1140/1298 [=========================>....] - ETA: 0s - loss: 0.1043 - acc: 0.9904
1298/1298 [==============================] - 0s 94us/step - loss: 0.1041 - acc: 0.9900 - val_loss: 0.1560 - val_acc: 0.9537
Epoch 19/30

  20/1298 [..............................] - ETA: 0s - loss: 0.0767 - acc: 1.0000
 720/1298 [===============>..............] - ETA: 0s - loss: 0.0928 - acc: 0.9917
1298/1298 [==============================] - 0s 80us/step - loss: 0.0977 - acc: 0.9892 - val_loss: 0.1514 - val_acc: 0.9568
Epoch 20/30

  20/1298 [..............................] - ETA: 0s - loss: 0.0746 - acc: 1.0000
 640/1298 [=============>................] - ETA: 0s - loss: 0.0949 - acc: 0.9922
1160/1298 [=========================>....] - ETA: 0s - loss: 0.0927 - acc: 0.9905
1298/1298 [==============================] - 0s 99us/step - loss: 0.0921 - acc: 0.9908 - val_loss: 0.1486 - val_acc: 0.9537
Epoch 21/30

  20/1298 [..............................] - ETA: 0s - loss: 0.0784 - acc: 1.0000
 600/1298 [============>.................] - ETA: 0s - loss: 0.0867 - acc: 0.9917
1180/1298 [==========================>...] - ETA: 0s - loss: 0.0871 - acc: 0.9915
1298/1298 [==============================] - 0s 93us/step - loss: 0.0870 - acc: 0.9915 - val_loss: 0.1458 - val_acc: 0.9568
Epoch 22/30

  20/1298 [..............................] - ETA: 0s - loss: 0.0678 - acc: 1.0000
 640/1298 [=============>................] - ETA: 0s - loss: 0.0772 - acc: 0.9953
1140/1298 [=========================>....] - ETA: 0s - loss: 0.0811 - acc: 0.9947
1298/1298 [==============================] - 0s 97us/step - loss: 0.0823 - acc: 0.9931 - val_loss: 0.1425 - val_acc: 0.9537
Epoch 23/30

  20/1298 [..............................] - ETA: 0s - loss: 0.0645 - acc: 1.0000
 660/1298 [==============>...............] - ETA: 0s - loss: 0.0809 - acc: 0.9894
1260/1298 [============================>.] - ETA: 0s - loss: 0.0785 - acc: 0.9921
1298/1298 [==============================] - 0s 87us/step - loss: 0.0780 - acc: 0.9923 - val_loss: 0.1398 - val_acc: 0.9568
Epoch 24/30

  20/1298 [..............................] - ETA: 0s - loss: 0.1020 - acc: 1.0000
 600/1298 [============>.................] - ETA: 0s - loss: 0.0748 - acc: 0.9917
1280/1298 [============================>.] - ETA: 0s - loss: 0.0741 - acc: 0.9930
1298/1298 [==============================] - 0s 88us/step - loss: 0.0740 - acc: 0.9931 - val_loss: 0.1370 - val_acc: 0.9568
Epoch 25/30

  20/1298 [..............................] - ETA: 0s - loss: 0.0569 - acc: 1.0000
 680/1298 [==============>...............] - ETA: 0s - loss: 0.0708 - acc: 0.9926
1298/1298 [==============================] - 0s 83us/step - loss: 0.0703 - acc: 0.9931 - val_loss: 0.1353 - val_acc: 0.9568
Epoch 26/30

  20/1298 [..............................] - ETA: 0s - loss: 0.0503 - acc: 1.0000
 680/1298 [==============>...............] - ETA: 0s - loss: 0.0678 - acc: 0.9941
1298/1298 [==============================] - 0s 83us/step - loss: 0.0669 - acc: 0.9931 - val_loss: 0.1334 - val_acc: 0.9568
Epoch 27/30

  20/1298 [..............................] - ETA: 0s - loss: 0.0846 - acc: 1.0000
 640/1298 [=============>................] - ETA: 0s - loss: 0.0665 - acc: 0.9937
1298/1298 [==============================] - 0s 87us/step - loss: 0.0637 - acc: 0.9931 - val_loss: 0.1326 - val_acc: 0.9537
acc: 95.68%
Train on 1299 samples, validate on 323 samples
Epoch 1/30

  20/1299 [..............................] - ETA: 55s - loss: 0.6966 - acc: 0.5000
 800/1299 [=================>............] - ETA: 0s - loss: 0.6751 - acc: 0.5963 
1299/1299 [==============================] - 1s 806us/step - loss: 0.6431 - acc: 0.6574 - val_loss: 0.5725 - val_acc: 0.8080
Epoch 2/30

  20/1299 [..............................] - ETA: 0s - loss: 0.5423 - acc: 0.9500
 580/1299 [============>.................] - ETA: 0s - loss: 0.5390 - acc: 0.8414
1299/1299 [==============================] - 0s 86us/step - loss: 0.5021 - acc: 0.8676 - val_loss: 0.4499 - val_acc: 0.9164
Epoch 3/30

  20/1299 [..............................] - ETA: 0s - loss: 0.4506 - acc: 1.0000
 760/1299 [================>.............] - ETA: 0s - loss: 0.4123 - acc: 0.9211
1299/1299 [==============================] - 0s 81us/step - loss: 0.3965 - acc: 0.9299 - val_loss: 0.3710 - val_acc: 0.9381
Epoch 4/30

  20/1299 [..............................] - ETA: 0s - loss: 0.4109 - acc: 0.9500
 640/1299 [=============>................] - ETA: 0s - loss: 0.3422 - acc: 0.9500
1299/1299 [==============================] - 0s 85us/step - loss: 0.3294 - acc: 0.9500 - val_loss: 0.3175 - val_acc: 0.9567
Epoch 5/30

  20/1299 [..............................] - ETA: 0s - loss: 0.2741 - acc: 0.9500
 700/1299 [===============>..............] - ETA: 0s - loss: 0.2893 - acc: 0.9629
1299/1299 [==============================] - 0s 80us/step - loss: 0.2823 - acc: 0.9600 - val_loss: 0.2758 - val_acc: 0.9628
Epoch 6/30

  20/1299 [..............................] - ETA: 0s - loss: 0.2599 - acc: 1.0000
 520/1299 [===========>..................] - ETA: 0s - loss: 0.2464 - acc: 0.9692
 740/1299 [================>.............] - ETA: 0s - loss: 0.2509 - acc: 0.9662
1299/1299 [==============================] - 0s 118us/step - loss: 0.2455 - acc: 0.9669 - val_loss: 0.2431 - val_acc: 0.9598
Epoch 7/30

  20/1299 [..............................] - ETA: 0s - loss: 0.2202 - acc: 0.9500
 760/1299 [================>.............] - ETA: 0s - loss: 0.2317 - acc: 0.9658
1299/1299 [==============================] - 0s 75us/step - loss: 0.2166 - acc: 0.9738 - val_loss: 0.2173 - val_acc: 0.9690
Epoch 8/30

  20/1299 [..............................] - ETA: 0s - loss: 0.2083 - acc: 1.0000
 460/1299 [=========>....................] - ETA: 0s - loss: 0.1946 - acc: 0.9783
1160/1299 [=========================>....] - ETA: 0s - loss: 0.1952 - acc: 0.9759
1299/1299 [==============================] - 0s 94us/step - loss: 0.1937 - acc: 0.9761 - val_loss: 0.2008 - val_acc: 0.9598
Epoch 9/30

  20/1299 [..............................] - ETA: 0s - loss: 0.2026 - acc: 0.9000
 720/1299 [===============>..............] - ETA: 0s - loss: 0.1791 - acc: 0.9792
1299/1299 [==============================] - 0s 79us/step - loss: 0.1755 - acc: 0.9792 - val_loss: 0.1857 - val_acc: 0.9659
Epoch 10/30

  20/1299 [..............................] - ETA: 0s - loss: 0.1336 - acc: 1.0000
 700/1299 [===============>..............] - ETA: 0s - loss: 0.1643 - acc: 0.9814
1220/1299 [===========================>..] - ETA: 0s - loss: 0.1619 - acc: 0.9811
1299/1299 [==============================] - 0s 92us/step - loss: 0.1605 - acc: 0.9823 - val_loss: 0.1750 - val_acc: 0.9659
Epoch 11/30

  20/1299 [..............................] - ETA: 0s - loss: 0.2061 - acc: 0.9000
 640/1299 [=============>................] - ETA: 0s - loss: 0.1541 - acc: 0.9828
1299/1299 [==============================] - 0s 82us/step - loss: 0.1470 - acc: 0.9846 - val_loss: 0.1647 - val_acc: 0.9659
Epoch 12/30

  20/1299 [..............................] - ETA: 0s - loss: 0.1398 - acc: 1.0000
 740/1299 [================>.............] - ETA: 0s - loss: 0.1328 - acc: 0.9878
1299/1299 [==============================] - 0s 84us/step - loss: 0.1356 - acc: 0.9838 - val_loss: 0.1577 - val_acc: 0.9598
Epoch 13/30

  20/1299 [..............................] - ETA: 0s - loss: 0.1266 - acc: 0.9500
 720/1299 [===============>..............] - ETA: 0s - loss: 0.1265 - acc: 0.9889
1299/1299 [==============================] - 0s 80us/step - loss: 0.1255 - acc: 0.9869 - val_loss: 0.1491 - val_acc: 0.9690
Epoch 14/30

  20/1299 [..............................] - ETA: 0s - loss: 0.1083 - acc: 1.0000
 720/1299 [===============>..............] - ETA: 0s - loss: 0.1139 - acc: 0.9944
1299/1299 [==============================] - 0s 81us/step - loss: 0.1166 - acc: 0.9877 - val_loss: 0.1428 - val_acc: 0.9690
Epoch 15/30

  20/1299 [..............................] - ETA: 0s - loss: 0.0971 - acc: 1.0000
 440/1299 [=========>....................] - ETA: 0s - loss: 0.1177 - acc: 0.9864
1140/1299 [=========================>....] - ETA: 0s - loss: 0.1093 - acc: 0.9895
1299/1299 [==============================] - 0s 97us/step - loss: 0.1085 - acc: 0.9908 - val_loss: 0.1361 - val_acc: 0.9690
Epoch 16/30

  20/1299 [..............................] - ETA: 0s - loss: 0.1003 - acc: 1.0000
 740/1299 [================>.............] - ETA: 0s - loss: 0.1004 - acc: 0.9919
1299/1299 [==============================] - 0s 78us/step - loss: 0.1009 - acc: 0.9908 - val_loss: 0.1289 - val_acc: 0.9752
Epoch 17/30

  20/1299 [..............................] - ETA: 0s - loss: 0.1553 - acc: 0.9500
 500/1299 [==========>...................] - ETA: 0s - loss: 0.1028 - acc: 0.9860
1220/1299 [===========================>..] - ETA: 0s - loss: 0.0947 - acc: 0.9910
1299/1299 [==============================] - 0s 91us/step - loss: 0.0946 - acc: 0.9908 - val_loss: 0.1242 - val_acc: 0.9721
Epoch 18/30

  20/1299 [..............................] - ETA: 0s - loss: 0.1218 - acc: 0.9500
 700/1299 [===============>..............] - ETA: 0s - loss: 0.0903 - acc: 0.9886
1299/1299 [==============================] - 0s 78us/step - loss: 0.0886 - acc: 0.9908 - val_loss: 0.1188 - val_acc: 0.9752
Epoch 19/30

  20/1299 [..............................] - ETA: 0s - loss: 0.0955 - acc: 0.9500
 660/1299 [==============>...............] - ETA: 0s - loss: 0.0871 - acc: 0.9879
 960/1299 [=====================>........] - ETA: 0s - loss: 0.0854 - acc: 0.9896
1299/1299 [==============================] - 0s 111us/step - loss: 0.0832 - acc: 0.9915 - val_loss: 0.1158 - val_acc: 0.9752
Epoch 20/30

  20/1299 [..............................] - ETA: 0s - loss: 0.0685 - acc: 1.0000
 680/1299 [==============>...............] - ETA: 0s - loss: 0.0765 - acc: 0.9926
1299/1299 [==============================] - 0s 83us/step - loss: 0.0784 - acc: 0.9923 - val_loss: 0.1106 - val_acc: 0.9783
Epoch 21/30

  20/1299 [..............................] - ETA: 0s - loss: 0.0520 - acc: 1.0000
 620/1299 [=============>................] - ETA: 0s - loss: 0.0758 - acc: 0.9903
1160/1299 [=========================>....] - ETA: 0s - loss: 0.0741 - acc: 0.9922
1299/1299 [==============================] - 0s 94us/step - loss: 0.0739 - acc: 0.9923 - val_loss: 0.1073 - val_acc: 0.9783
Epoch 22/30

  20/1299 [..............................] - ETA: 0s - loss: 0.0592 - acc: 1.0000
 720/1299 [===============>..............] - ETA: 0s - loss: 0.0763 - acc: 0.9903
1299/1299 [==============================] - 0s 77us/step - loss: 0.0696 - acc: 0.9938 - val_loss: 0.1044 - val_acc: 0.9783
Epoch 23/30

  20/1299 [..............................] - ETA: 0s - loss: 0.0760 - acc: 1.0000
 740/1299 [================>.............] - ETA: 0s - loss: 0.0609 - acc: 0.9946
1299/1299 [==============================] - 0s 87us/step - loss: 0.0658 - acc: 0.9931 - val_loss: 0.1004 - val_acc: 0.9783
Epoch 24/30

  20/1299 [..............................] - ETA: 0s - loss: 0.0715 - acc: 1.0000
 780/1299 [=================>............] - ETA: 0s - loss: 0.0623 - acc: 0.9923
1299/1299 [==============================] - 0s 72us/step - loss: 0.0624 - acc: 0.9931 - val_loss: 0.0993 - val_acc: 0.9783
Epoch 25/30

  20/1299 [..............................] - ETA: 0s - loss: 0.0780 - acc: 1.0000
 600/1299 [============>.................] - ETA: 0s - loss: 0.0602 - acc: 0.9950
1180/1299 [==========================>...] - ETA: 0s - loss: 0.0598 - acc: 0.9932
1299/1299 [==============================] - 0s 96us/step - loss: 0.0589 - acc: 0.9938 - val_loss: 0.0962 - val_acc: 0.9814
Epoch 26/30

  20/1299 [..............................] - ETA: 0s - loss: 0.0452 - acc: 1.0000
 460/1299 [=========>....................] - ETA: 0s - loss: 0.0597 - acc: 0.9913
1080/1299 [=======================>......] - ETA: 0s - loss: 0.0572 - acc: 0.9935
1299/1299 [==============================] - 0s 99us/step - loss: 0.0555 - acc: 0.9946 - val_loss: 0.0937 - val_acc: 0.9814
Epoch 27/30

  20/1299 [..............................] - ETA: 0s - loss: 0.1247 - acc: 0.9500
 680/1299 [==============>...............] - ETA: 0s - loss: 0.0537 - acc: 0.9941
1299/1299 [==============================] - 0s 83us/step - loss: 0.0526 - acc: 0.9946 - val_loss: 0.0899 - val_acc: 0.9814
Epoch 28/30

  20/1299 [..............................] - ETA: 0s - loss: 0.0489 - acc: 1.0000
 640/1299 [=============>................] - ETA: 0s - loss: 0.0487 - acc: 0.9969
1299/1299 [==============================] - 0s 84us/step - loss: 0.0496 - acc: 0.9962 - val_loss: 0.0889 - val_acc: 0.9814
Epoch 29/30

  20/1299 [..............................] - ETA: 0s - loss: 0.0447 - acc: 1.0000
 720/1299 [===============>..............] - ETA: 0s - loss: 0.0497 - acc: 0.9958
1299/1299 [==============================] - 0s 78us/step - loss: 0.0470 - acc: 0.9969 - val_loss: 0.0856 - val_acc: 0.9814
Epoch 30/30

  20/1299 [..............................] - ETA: 0s - loss: 0.0812 - acc: 0.9500
 660/1299 [==============>...............] - ETA: 0s - loss: 0.0456 - acc: 0.9955
1060/1299 [=======================>......] - ETA: 0s - loss: 0.0444 - acc: 0.9972
1299/1299 [==============================] - 0s 102us/step - loss: 0.0443 - acc: 0.9977 - val_loss: 0.0842 - val_acc: 0.9814
acc: 98.14%
Accuracy: 97.10% (+/- 0.88%)
