Train on 810 samples, validate on 812 samples
Epoch 1/30

 10/810 [..............................] - ETA: 36s - loss: 0.7354 - acc: 0.5000
410/810 [==============>...............] - ETA: 0s - loss: 0.5078 - acc: 0.7732 
800/810 [============================>.] - ETA: 0s - loss: 0.3812 - acc: 0.8525
810/810 [==============================] - 1s 787us/step - loss: 0.3807 - acc: 0.8531 - val_loss: 0.2868 - val_acc: 0.8904
Epoch 2/30

 10/810 [..............................] - ETA: 0s - loss: 0.0783 - acc: 1.0000
400/810 [=============>................] - ETA: 0s - loss: 0.1848 - acc: 0.9300
800/810 [============================>.] - ETA: 0s - loss: 0.1912 - acc: 0.9300
810/810 [==============================] - 0s 163us/step - loss: 0.1893 - acc: 0.9309 - val_loss: 0.2241 - val_acc: 0.9175
Epoch 3/30

 10/810 [..............................] - ETA: 0s - loss: 0.0204 - acc: 1.0000
450/810 [===============>..............] - ETA: 0s - loss: 0.1378 - acc: 0.9578
810/810 [==============================] - 0s 159us/step - loss: 0.1328 - acc: 0.9543 - val_loss: 0.2087 - val_acc: 0.9310
Epoch 4/30

 10/810 [..............................] - ETA: 0s - loss: 0.2444 - acc: 0.9000
430/810 [==============>...............] - ETA: 0s - loss: 0.1351 - acc: 0.9558
810/810 [==============================] - 0s 164us/step - loss: 0.1627 - acc: 0.9420 - val_loss: 0.2180 - val_acc: 0.9273
Epoch 5/30

 10/810 [..............................] - ETA: 0s - loss: 0.0620 - acc: 1.0000
410/810 [==============>...............] - ETA: 0s - loss: 0.1039 - acc: 0.9585
770/810 [===========================>..] - ETA: 0s - loss: 0.1597 - acc: 0.9364
810/810 [==============================] - 0s 171us/step - loss: 0.1617 - acc: 0.9358 - val_loss: 0.2400 - val_acc: 0.9076
Epoch 6/30

 10/810 [..............................] - ETA: 0s - loss: 0.0794 - acc: 1.0000
410/810 [==============>...............] - ETA: 0s - loss: 0.1695 - acc: 0.9366
790/810 [============================>.] - ETA: 0s - loss: 0.1637 - acc: 0.9430
810/810 [==============================] - 0s 168us/step - loss: 0.1605 - acc: 0.9444 - val_loss: 0.2373 - val_acc: 0.9101
Epoch 7/30

 10/810 [..............................] - ETA: 0s - loss: 0.2437 - acc: 0.9000
390/810 [=============>................] - ETA: 0s - loss: 0.0915 - acc: 0.9641
750/810 [==========================>...] - ETA: 0s - loss: 0.1056 - acc: 0.9600
810/810 [==============================] - 0s 173us/step - loss: 0.1119 - acc: 0.9580 - val_loss: 0.2232 - val_acc: 0.9200
Epoch 8/30

 10/810 [..............................] - ETA: 0s - loss: 0.0407 - acc: 1.0000
430/810 [==============>...............] - ETA: 0s - loss: 0.1050 - acc: 0.9628
810/810 [==============================] - 0s 161us/step - loss: 0.1062 - acc: 0.9630 - val_loss: 0.2476 - val_acc: 0.9224
Epoch 9/30

 10/810 [..............................] - ETA: 0s - loss: 0.3135 - acc: 0.9000
430/810 [==============>...............] - ETA: 0s - loss: 0.1324 - acc: 0.9605
810/810 [==============================] - 0s 162us/step - loss: 0.1210 - acc: 0.9617 - val_loss: 0.2775 - val_acc: 0.8941
Epoch 10/30

 10/810 [..............................] - ETA: 0s - loss: 0.2145 - acc: 0.9000
420/810 [==============>...............] - ETA: 0s - loss: 0.1407 - acc: 0.9405
770/810 [===========================>..] - ETA: 0s - loss: 0.1447 - acc: 0.9455
810/810 [==============================] - 0s 170us/step - loss: 0.1434 - acc: 0.9469 - val_loss: 0.2855 - val_acc: 0.9101
Epoch 11/30

 10/810 [..............................] - ETA: 0s - loss: 0.0335 - acc: 1.0000
400/810 [=============>................] - ETA: 0s - loss: 0.1591 - acc: 0.9500
800/810 [============================>.] - ETA: 0s - loss: 0.1659 - acc: 0.9387
810/810 [==============================] - 0s 170us/step - loss: 0.1640 - acc: 0.9395 - val_loss: 0.2459 - val_acc: 0.9273
acc: 93.10%
Train on 812 samples, validate on 810 samples
Epoch 1/30

 10/812 [..............................] - ETA: 41s - loss: 0.7857 - acc: 0.3000
380/812 [=============>................] - ETA: 0s - loss: 0.5761 - acc: 0.6974 
770/812 [===========================>..] - ETA: 0s - loss: 0.4684 - acc: 0.7766
812/812 [==============================] - 1s 892us/step - loss: 0.4644 - acc: 0.7783 - val_loss: 0.2868 - val_acc: 0.9025
Epoch 2/30

 10/812 [..............................] - ETA: 0s - loss: 0.0999 - acc: 1.0000
420/812 [==============>...............] - ETA: 0s - loss: 0.2287 - acc: 0.9405
780/812 [===========================>..] - ETA: 0s - loss: 0.2716 - acc: 0.9218
812/812 [==============================] - 0s 170us/step - loss: 0.2717 - acc: 0.9212 - val_loss: 0.2897 - val_acc: 0.9136
Epoch 3/30

 10/812 [..............................] - ETA: 0s - loss: 0.1548 - acc: 1.0000
380/812 [=============>................] - ETA: 0s - loss: 0.2549 - acc: 0.9158
760/812 [===========================>..] - ETA: 0s - loss: 0.2319 - acc: 0.9211
812/812 [==============================] - 0s 182us/step - loss: 0.2340 - acc: 0.9212 - val_loss: 0.2113 - val_acc: 0.9333
Epoch 4/30

 10/812 [..............................] - ETA: 0s - loss: 0.1004 - acc: 1.0000
380/812 [=============>................] - ETA: 0s - loss: 0.2148 - acc: 0.9237
760/812 [===========================>..] - ETA: 0s - loss: 0.2143 - acc: 0.9224
812/812 [==============================] - 0s 181us/step - loss: 0.2100 - acc: 0.9273 - val_loss: 0.1926 - val_acc: 0.9593
Epoch 5/30

 10/812 [..............................] - ETA: 0s - loss: 0.0797 - acc: 1.0000
360/812 [============>.................] - ETA: 0s - loss: 0.1803 - acc: 0.9444
740/812 [==========================>...] - ETA: 0s - loss: 0.2067 - acc: 0.9351
812/812 [==============================] - 0s 183us/step - loss: 0.2098 - acc: 0.9347 - val_loss: 0.2505 - val_acc: 0.9321
Epoch 6/30

 10/812 [..............................] - ETA: 0s - loss: 0.0320 - acc: 1.0000
370/812 [============>.................] - ETA: 0s - loss: 0.2581 - acc: 0.9162
760/812 [===========================>..] - ETA: 0s - loss: 0.2307 - acc: 0.9211
812/812 [==============================] - 0s 174us/step - loss: 0.2260 - acc: 0.9236 - val_loss: 0.1925 - val_acc: 0.9432
Epoch 7/30

 10/812 [..............................] - ETA: 0s - loss: 0.1877 - acc: 1.0000
390/812 [=============>................] - ETA: 0s - loss: 0.1783 - acc: 0.9564
750/812 [==========================>...] - ETA: 0s - loss: 0.1826 - acc: 0.9467
812/812 [==============================] - 0s 181us/step - loss: 0.1783 - acc: 0.9483 - val_loss: 0.1806 - val_acc: 0.9506
Epoch 8/30

 10/812 [..............................] - ETA: 0s - loss: 0.2977 - acc: 0.9000
350/812 [===========>..................] - ETA: 0s - loss: 0.1903 - acc: 0.9286
670/812 [=======================>......] - ETA: 0s - loss: 0.1954 - acc: 0.9224
812/812 [==============================] - 0s 200us/step - loss: 0.1949 - acc: 0.9261 - val_loss: 0.2068 - val_acc: 0.9259
Epoch 9/30

 10/812 [..............................] - ETA: 0s - loss: 0.0181 - acc: 1.0000
350/812 [===========>..................] - ETA: 0s - loss: 0.1404 - acc: 0.9371
640/812 [======================>.......] - ETA: 0s - loss: 0.1493 - acc: 0.9406
812/812 [==============================] - 0s 203us/step - loss: 0.1590 - acc: 0.9397 - val_loss: 0.2332 - val_acc: 0.9284
Epoch 10/30

 10/812 [..............................] - ETA: 0s - loss: 0.0828 - acc: 1.0000
340/812 [===========>..................] - ETA: 0s - loss: 0.1943 - acc: 0.9412
640/812 [======================>.......] - ETA: 0s - loss: 0.2030 - acc: 0.9344
812/812 [==============================] - 0s 201us/step - loss: 0.2191 - acc: 0.9298 - val_loss: 0.2206 - val_acc: 0.9358
Epoch 11/30

 10/812 [..............................] - ETA: 0s - loss: 0.9711 - acc: 0.7000
370/812 [============>.................] - ETA: 0s - loss: 0.1974 - acc: 0.9378
700/812 [========================>.....] - ETA: 0s - loss: 0.1855 - acc: 0.9414
812/812 [==============================] - 0s 188us/step - loss: 0.1855 - acc: 0.9421 - val_loss: 0.2039 - val_acc: 0.9296
Epoch 12/30

 10/812 [..............................] - ETA: 0s - loss: 0.0251 - acc: 1.0000
350/812 [===========>..................] - ETA: 0s - loss: 0.1599 - acc: 0.9514
680/812 [========================>.....] - ETA: 0s - loss: 0.1971 - acc: 0.9441
812/812 [==============================] - 0s 193us/step - loss: 0.1804 - acc: 0.9483 - val_loss: 0.2029 - val_acc: 0.9185
acc: 95.93%
Accuracy: 94.51% (+/- 1.41%)
