Train on 810 samples, validate on 812 samples
Epoch 1/30

100/810 [==>...........................] - ETA: 2s - loss: 0.7073 - acc: 0.4800
810/810 [==============================] - 0s 580us/step - loss: 0.6934 - acc: 0.5605 - val_loss: 0.6763 - val_acc: 0.5961
Epoch 2/30

100/810 [==>...........................] - ETA: 0s - loss: 0.6695 - acc: 0.6000
810/810 [==============================] - 0s 19us/step - loss: 0.6514 - acc: 0.6679 - val_loss: 0.6433 - val_acc: 0.7081
Epoch 3/30

100/810 [==>...........................] - ETA: 0s - loss: 0.6175 - acc: 0.7500
810/810 [==============================] - 0s 18us/step - loss: 0.6142 - acc: 0.7691 - val_loss: 0.6117 - val_acc: 0.7623
Epoch 4/30

100/810 [==>...........................] - ETA: 0s - loss: 0.5857 - acc: 0.8400
810/810 [==============================] - 0s 18us/step - loss: 0.5786 - acc: 0.8481 - val_loss: 0.5794 - val_acc: 0.8177
Epoch 5/30

100/810 [==>...........................] - ETA: 0s - loss: 0.5362 - acc: 0.9000
810/810 [==============================] - 0s 18us/step - loss: 0.5429 - acc: 0.8938 - val_loss: 0.5476 - val_acc: 0.8571
Epoch 6/30

100/810 [==>...........................] - ETA: 0s - loss: 0.5111 - acc: 0.9500
810/810 [==============================] - 0s 19us/step - loss: 0.5082 - acc: 0.9210 - val_loss: 0.5153 - val_acc: 0.8929
Epoch 7/30

100/810 [==>...........................] - ETA: 0s - loss: 0.4903 - acc: 0.9300
810/810 [==============================] - 0s 19us/step - loss: 0.4742 - acc: 0.9370 - val_loss: 0.4863 - val_acc: 0.9126
Epoch 8/30

100/810 [==>...........................] - ETA: 0s - loss: 0.4517 - acc: 0.9600
810/810 [==============================] - 0s 19us/step - loss: 0.4438 - acc: 0.9519 - val_loss: 0.4604 - val_acc: 0.9224
Epoch 9/30

100/810 [==>...........................] - ETA: 0s - loss: 0.4302 - acc: 0.9700
810/810 [==============================] - 0s 18us/step - loss: 0.4158 - acc: 0.9580 - val_loss: 0.4365 - val_acc: 0.9310
Epoch 10/30

100/810 [==>...........................] - ETA: 0s - loss: 0.3935 - acc: 0.9700
810/810 [==============================] - 0s 20us/step - loss: 0.3912 - acc: 0.9630 - val_loss: 0.4164 - val_acc: 0.9397
Epoch 11/30

100/810 [==>...........................] - ETA: 0s - loss: 0.3670 - acc: 0.9900
810/810 [==============================] - 0s 20us/step - loss: 0.3706 - acc: 0.9691 - val_loss: 0.3994 - val_acc: 0.9409
Epoch 12/30

100/810 [==>...........................] - ETA: 0s - loss: 0.3674 - acc: 0.9800
810/810 [==============================] - 0s 21us/step - loss: 0.3527 - acc: 0.9704 - val_loss: 0.3853 - val_acc: 0.9433
Epoch 13/30

100/810 [==>...........................] - ETA: 0s - loss: 0.3328 - acc: 0.9900
810/810 [==============================] - 0s 20us/step - loss: 0.3373 - acc: 0.9753 - val_loss: 0.3720 - val_acc: 0.9446
Epoch 14/30

100/810 [==>...........................] - ETA: 0s - loss: 0.3293 - acc: 0.9900
810/810 [==============================] - 0s 18us/step - loss: 0.3231 - acc: 0.9765 - val_loss: 0.3603 - val_acc: 0.9470
Epoch 15/30

100/810 [==>...........................] - ETA: 0s - loss: 0.3206 - acc: 0.9900
810/810 [==============================] - 0s 22us/step - loss: 0.3105 - acc: 0.9790 - val_loss: 0.3494 - val_acc: 0.9458
Epoch 16/30

100/810 [==>...........................] - ETA: 0s - loss: 0.2813 - acc: 1.0000
810/810 [==============================] - 0s 20us/step - loss: 0.2992 - acc: 0.9802 - val_loss: 0.3398 - val_acc: 0.9483
Epoch 17/30

100/810 [==>...........................] - ETA: 0s - loss: 0.2959 - acc: 0.9900
810/810 [==============================] - 0s 19us/step - loss: 0.2889 - acc: 0.9815 - val_loss: 0.3309 - val_acc: 0.9483
Epoch 18/30

100/810 [==>...........................] - ETA: 0s - loss: 0.2898 - acc: 1.0000
810/810 [==============================] - 0s 19us/step - loss: 0.2794 - acc: 0.9815 - val_loss: 0.3228 - val_acc: 0.9483
acc: 94.83%
Train on 812 samples, validate on 810 samples
Epoch 1/30

100/812 [==>...........................] - ETA: 3s - loss: 0.7141 - acc: 0.4600
812/812 [==============================] - 1s 676us/step - loss: 0.6947 - acc: 0.5246 - val_loss: 0.6743 - val_acc: 0.5889
Epoch 2/30

100/812 [==>...........................] - ETA: 0s - loss: 0.6768 - acc: 0.5800
812/812 [==============================] - 0s 21us/step - loss: 0.6559 - acc: 0.6355 - val_loss: 0.6412 - val_acc: 0.7012
Epoch 3/30

100/812 [==>...........................] - ETA: 0s - loss: 0.6504 - acc: 0.6500
812/812 [==============================] - 0s 20us/step - loss: 0.6238 - acc: 0.7463 - val_loss: 0.6123 - val_acc: 0.7716
Epoch 4/30

100/812 [==>...........................] - ETA: 0s - loss: 0.5973 - acc: 0.8300
812/812 [==============================] - 0s 19us/step - loss: 0.5950 - acc: 0.8239 - val_loss: 0.5848 - val_acc: 0.8383
Epoch 5/30

100/812 [==>...........................] - ETA: 0s - loss: 0.5852 - acc: 0.8200
812/812 [==============================] - 0s 21us/step - loss: 0.5671 - acc: 0.8645 - val_loss: 0.5565 - val_acc: 0.8679
Epoch 6/30

100/812 [==>...........................] - ETA: 0s - loss: 0.5557 - acc: 0.8600
812/812 [==============================] - 0s 20us/step - loss: 0.5394 - acc: 0.8904 - val_loss: 0.5293 - val_acc: 0.8889
Epoch 7/30

100/812 [==>...........................] - ETA: 0s - loss: 0.5259 - acc: 0.8700
812/812 [==============================] - 0s 20us/step - loss: 0.5125 - acc: 0.9126 - val_loss: 0.5024 - val_acc: 0.9074
Epoch 8/30

100/812 [==>...........................] - ETA: 0s - loss: 0.4854 - acc: 0.9200
812/812 [==============================] - 0s 18us/step - loss: 0.4869 - acc: 0.9200 - val_loss: 0.4763 - val_acc: 0.9284
Epoch 9/30

100/812 [==>...........................] - ETA: 0s - loss: 0.4550 - acc: 0.9200
812/812 [==============================] - 0s 22us/step - loss: 0.4621 - acc: 0.9335 - val_loss: 0.4518 - val_acc: 0.9481
Epoch 10/30

100/812 [==>...........................] - ETA: 0s - loss: 0.4721 - acc: 0.9300
812/812 [==============================] - 0s 22us/step - loss: 0.4389 - acc: 0.9446 - val_loss: 0.4298 - val_acc: 0.9556
Epoch 11/30

100/812 [==>...........................] - ETA: 0s - loss: 0.4131 - acc: 0.9600
812/812 [==============================] - 0s 22us/step - loss: 0.4176 - acc: 0.9483 - val_loss: 0.4092 - val_acc: 0.9580
Epoch 12/30

100/812 [==>...........................] - ETA: 0s - loss: 0.3756 - acc: 0.9600
812/812 [==============================] - 0s 19us/step - loss: 0.3979 - acc: 0.9507 - val_loss: 0.3914 - val_acc: 0.9605
Epoch 13/30

100/812 [==>...........................] - ETA: 0s - loss: 0.3886 - acc: 0.9600
812/812 [==============================] - 0s 20us/step - loss: 0.3802 - acc: 0.9544 - val_loss: 0.3755 - val_acc: 0.9617
Epoch 14/30

100/812 [==>...........................] - ETA: 0s - loss: 0.3783 - acc: 0.9400
812/812 [==============================] - 0s 23us/step - loss: 0.3643 - acc: 0.9557 - val_loss: 0.3610 - val_acc: 0.9630
Epoch 15/30

100/812 [==>...........................] - ETA: 0s - loss: 0.3535 - acc: 0.9600
812/812 [==============================] - 0s 20us/step - loss: 0.3499 - acc: 0.9581 - val_loss: 0.3481 - val_acc: 0.9630
Epoch 16/30

100/812 [==>...........................] - ETA: 0s - loss: 0.3321 - acc: 0.9700
812/812 [==============================] - 0s 20us/step - loss: 0.3375 - acc: 0.9594 - val_loss: 0.3364 - val_acc: 0.9642
Epoch 17/30

100/812 [==>...........................] - ETA: 0s - loss: 0.3270 - acc: 0.9400
812/812 [==============================] - 0s 21us/step - loss: 0.3258 - acc: 0.9618 - val_loss: 0.3256 - val_acc: 0.9667
Epoch 18/30

100/812 [==>...........................] - ETA: 0s - loss: 0.3209 - acc: 0.9600
812/812 [==============================] - 0s 19us/step - loss: 0.3150 - acc: 0.9581 - val_loss: 0.3157 - val_acc: 0.9654
Epoch 19/30

100/812 [==>...........................] - ETA: 0s - loss: 0.3057 - acc: 0.9600
812/812 [==============================] - 0s 24us/step - loss: 0.3050 - acc: 0.9606 - val_loss: 0.3070 - val_acc: 0.9667
acc: 96.67%
Accuracy: 95.75% (+/- 0.92%)
