Train on 1297 samples, validate on 325 samples
Epoch 1/30

  20/1297 [..............................] - ETA: 31s - loss: 0.6881 - acc: 0.6000
 720/1297 [===============>..............] - ETA: 0s - loss: 0.4746 - acc: 0.7750 
1297/1297 [==============================] - 1s 495us/step - loss: 0.4398 - acc: 0.7903 - val_loss: 0.3835 - val_acc: 0.8369
Epoch 2/30

  20/1297 [..............................] - ETA: 0s - loss: 0.5882 - acc: 0.8500
 740/1297 [================>.............] - ETA: 0s - loss: 0.3340 - acc: 0.8649
1297/1297 [==============================] - 0s 76us/step - loss: 0.3185 - acc: 0.8797 - val_loss: 0.3380 - val_acc: 0.8615
Epoch 3/30

  20/1297 [..............................] - ETA: 0s - loss: 0.1614 - acc: 0.9000
 680/1297 [==============>...............] - ETA: 0s - loss: 0.2394 - acc: 0.9103
1297/1297 [==============================] - 0s 78us/step - loss: 0.2373 - acc: 0.9167 - val_loss: 0.2930 - val_acc: 0.9077
Epoch 4/30

  20/1297 [..............................] - ETA: 0s - loss: 0.1142 - acc: 0.9500
 740/1297 [================>.............] - ETA: 0s - loss: 0.1905 - acc: 0.9419
1297/1297 [==============================] - 0s 76us/step - loss: 0.2106 - acc: 0.9275 - val_loss: 0.3311 - val_acc: 0.8677
Epoch 5/30

  20/1297 [..............................] - ETA: 0s - loss: 0.2108 - acc: 0.8500
 780/1297 [=================>............] - ETA: 0s - loss: 0.2289 - acc: 0.9077
1297/1297 [==============================] - 0s 73us/step - loss: 0.2468 - acc: 0.9082 - val_loss: 0.4389 - val_acc: 0.8554
acc: 90.77%
Train on 1297 samples, validate on 325 samples
Epoch 1/30

  20/1297 [..............................] - ETA: 35s - loss: 0.7383 - acc: 0.4500
 740/1297 [================>.............] - ETA: 0s - loss: 0.5389 - acc: 0.7203 
1297/1297 [==============================] - 1s 548us/step - loss: 0.4772 - acc: 0.7679 - val_loss: 0.3088 - val_acc: 0.8769
Epoch 2/30

  20/1297 [..............................] - ETA: 0s - loss: 0.2322 - acc: 0.9500
 740/1297 [================>.............] - ETA: 0s - loss: 0.3775 - acc: 0.8595
1297/1297 [==============================] - 0s 76us/step - loss: 0.3701 - acc: 0.8666 - val_loss: 0.3198 - val_acc: 0.8800
Epoch 3/30

  20/1297 [..............................] - ETA: 0s - loss: 0.2924 - acc: 0.9000
 760/1297 [================>.............] - ETA: 0s - loss: 0.3114 - acc: 0.8908
1297/1297 [==============================] - 0s 79us/step - loss: 0.2950 - acc: 0.8813 - val_loss: 0.3192 - val_acc: 0.8769
Epoch 4/30

  20/1297 [..............................] - ETA: 0s - loss: 0.2707 - acc: 0.9000
 700/1297 [===============>..............] - ETA: 0s - loss: 0.2639 - acc: 0.8971
1297/1297 [==============================] - 0s 82us/step - loss: 0.2835 - acc: 0.8967 - val_loss: 0.2757 - val_acc: 0.8954
Epoch 5/30

  20/1297 [..............................] - ETA: 0s - loss: 0.1863 - acc: 0.9000
 720/1297 [===============>..............] - ETA: 0s - loss: 0.2264 - acc: 0.9194
1297/1297 [==============================] - 0s 76us/step - loss: 0.2342 - acc: 0.9090 - val_loss: 0.2682 - val_acc: 0.8831
Epoch 6/30

  20/1297 [..............................] - ETA: 0s - loss: 0.0442 - acc: 1.0000
 720/1297 [===============>..............] - ETA: 0s - loss: 0.1824 - acc: 0.9347
1297/1297 [==============================] - 0s 80us/step - loss: 0.1836 - acc: 0.9329 - val_loss: 0.1833 - val_acc: 0.9354
Epoch 7/30

  20/1297 [..............................] - ETA: 0s - loss: 0.0308 - acc: 1.0000
 700/1297 [===============>..............] - ETA: 0s - loss: 0.1543 - acc: 0.9500
1297/1297 [==============================] - 0s 85us/step - loss: 0.1598 - acc: 0.9468 - val_loss: 0.2034 - val_acc: 0.9292
Epoch 8/30

  20/1297 [..............................] - ETA: 0s - loss: 0.0630 - acc: 1.0000
 680/1297 [==============>...............] - ETA: 0s - loss: 0.1902 - acc: 0.9309
1297/1297 [==============================] - 0s 81us/step - loss: 0.1893 - acc: 0.9306 - val_loss: 0.2629 - val_acc: 0.9323
acc: 93.54%
Train on 1297 samples, validate on 325 samples
Epoch 1/30

  20/1297 [..............................] - ETA: 43s - loss: 0.6738 - acc: 0.6000
 740/1297 [================>.............] - ETA: 0s - loss: 0.5003 - acc: 0.7608 
1297/1297 [==============================] - 1s 659us/step - loss: 0.4315 - acc: 0.8150 - val_loss: 0.2632 - val_acc: 0.9200
Epoch 2/30

  20/1297 [..............................] - ETA: 0s - loss: 0.1841 - acc: 0.9500
 740/1297 [================>.............] - ETA: 0s - loss: 0.2212 - acc: 0.9243
1297/1297 [==============================] - 0s 81us/step - loss: 0.2305 - acc: 0.9206 - val_loss: 0.2342 - val_acc: 0.9292
Epoch 3/30

  20/1297 [..............................] - ETA: 0s - loss: 0.5487 - acc: 0.9000
 740/1297 [================>.............] - ETA: 0s - loss: 0.2450 - acc: 0.9162
1297/1297 [==============================] - 0s 78us/step - loss: 0.2617 - acc: 0.9106 - val_loss: 0.2453 - val_acc: 0.8985
Epoch 4/30

  20/1297 [..............................] - ETA: 0s - loss: 0.2802 - acc: 0.8500
 720/1297 [===============>..............] - ETA: 0s - loss: 0.2455 - acc: 0.9111
1297/1297 [==============================] - 0s 78us/step - loss: 0.2426 - acc: 0.9098 - val_loss: 0.2518 - val_acc: 0.9077
acc: 92.92%
Train on 1298 samples, validate on 324 samples
Epoch 1/30

  20/1298 [..............................] - ETA: 52s - loss: 0.7014 - acc: 0.4000
 660/1298 [==============>...............] - ETA: 0s - loss: 0.5706 - acc: 0.6848 
1280/1298 [============================>.] - ETA: 0s - loss: 0.5256 - acc: 0.7055
1298/1298 [==============================] - 1s 790us/step - loss: 0.5240 - acc: 0.7080 - val_loss: 0.3529 - val_acc: 0.8642
Epoch 2/30

  20/1298 [..............................] - ETA: 0s - loss: 0.2836 - acc: 0.9500
 640/1298 [=============>................] - ETA: 0s - loss: 0.3172 - acc: 0.9000
1220/1298 [===========================>..] - ETA: 0s - loss: 0.3300 - acc: 0.8795
1298/1298 [==============================] - 0s 90us/step - loss: 0.3317 - acc: 0.8752 - val_loss: 0.3087 - val_acc: 0.8951
Epoch 3/30

  20/1298 [..............................] - ETA: 0s - loss: 0.2615 - acc: 0.9000
 640/1298 [=============>................] - ETA: 0s - loss: 0.3216 - acc: 0.8891
1200/1298 [==========================>...] - ETA: 0s - loss: 0.3203 - acc: 0.8858
1298/1298 [==============================] - 0s 92us/step - loss: 0.3139 - acc: 0.8891 - val_loss: 0.2805 - val_acc: 0.9383
Epoch 4/30

  20/1298 [..............................] - ETA: 0s - loss: 0.4939 - acc: 0.8500
 620/1298 [=============>................] - ETA: 0s - loss: 0.2426 - acc: 0.9145
1220/1298 [===========================>..] - ETA: 0s - loss: 0.2694 - acc: 0.9107
1298/1298 [==============================] - 0s 91us/step - loss: 0.2661 - acc: 0.9114 - val_loss: 0.2849 - val_acc: 0.9352
Epoch 5/30

  20/1298 [..............................] - ETA: 0s - loss: 0.1334 - acc: 1.0000
 620/1298 [=============>................] - ETA: 0s - loss: 0.2612 - acc: 0.9210
1240/1298 [===========================>..] - ETA: 0s - loss: 0.2762 - acc: 0.9153
1298/1298 [==============================] - 0s 92us/step - loss: 0.2747 - acc: 0.9137 - val_loss: 0.2903 - val_acc: 0.8951
acc: 93.83%
Train on 1299 samples, validate on 323 samples
Epoch 1/30

  20/1299 [..............................] - ETA: 54s - loss: 0.6886 - acc: 0.7000
 660/1299 [==============>...............] - ETA: 0s - loss: 0.6001 - acc: 0.6561 
1240/1299 [===========================>..] - ETA: 0s - loss: 0.5136 - acc: 0.7339
1299/1299 [==============================] - 1s 823us/step - loss: 0.5053 - acc: 0.7413 - val_loss: 0.3121 - val_acc: 0.9009
Epoch 2/30

  20/1299 [..............................] - ETA: 0s - loss: 0.2158 - acc: 1.0000
 660/1299 [==============>...............] - ETA: 0s - loss: 0.3004 - acc: 0.8864
1299/1299 [==============================] - 0s 84us/step - loss: 0.3328 - acc: 0.8684 - val_loss: 0.3556 - val_acc: 0.8638
Epoch 3/30

  20/1299 [..............................] - ETA: 0s - loss: 0.1780 - acc: 0.9500
 660/1299 [==============>...............] - ETA: 0s - loss: 0.3106 - acc: 0.8864
1299/1299 [==============================] - 0s 82us/step - loss: 0.3227 - acc: 0.8761 - val_loss: 0.3484 - val_acc: 0.8545
acc: 90.09%
Accuracy: 92.23% (+/- 1.51%)
