Train on 1459 samples, validate on 163 samples
Epoch 1/30

  50/1459 [>.............................] - ETA: 12s - loss: 0.6988 - acc: 0.5000
1459/1459 [==============================] - 1s 370us/step - loss: 0.5227 - acc: 0.8184 - val_loss: 0.4029 - val_acc: 0.8957
Epoch 2/30

  50/1459 [>.............................] - ETA: 0s - loss: 0.3672 - acc: 0.9600
1459/1459 [==============================] - 0s 31us/step - loss: 0.3008 - acc: 0.9609 - val_loss: 0.3020 - val_acc: 0.9387
Epoch 3/30

  50/1459 [>.............................] - ETA: 0s - loss: 0.2381 - acc: 1.0000
1459/1459 [==============================] - 0s 32us/step - loss: 0.2207 - acc: 0.9719 - val_loss: 0.2526 - val_acc: 0.9387
Epoch 4/30

  50/1459 [>.............................] - ETA: 0s - loss: 0.1688 - acc: 0.9800
1459/1459 [==============================] - 0s 28us/step - loss: 0.1750 - acc: 0.9760 - val_loss: 0.2261 - val_acc: 0.9325
Epoch 5/30

  50/1459 [>.............................] - ETA: 0s - loss: 0.2052 - acc: 0.9600
1459/1459 [==============================] - 0s 28us/step - loss: 0.1435 - acc: 0.9829 - val_loss: 0.1895 - val_acc: 0.9509
Epoch 6/30

  50/1459 [>.............................] - ETA: 0s - loss: 0.0985 - acc: 1.0000
1459/1459 [==============================] - 0s 30us/step - loss: 0.1204 - acc: 0.9829 - val_loss: 0.1703 - val_acc: 0.9509
Epoch 7/30

  50/1459 [>.............................] - ETA: 0s - loss: 0.1012 - acc: 1.0000
1459/1459 [==============================] - 0s 30us/step - loss: 0.1020 - acc: 0.9883 - val_loss: 0.1627 - val_acc: 0.9571
Epoch 8/30

  50/1459 [>.............................] - ETA: 0s - loss: 0.1135 - acc: 0.9600
1459/1459 [==============================] - 0s 29us/step - loss: 0.0888 - acc: 0.9883 - val_loss: 0.1584 - val_acc: 0.9509
Epoch 9/30

  50/1459 [>.............................] - ETA: 0s - loss: 0.1373 - acc: 0.9600
1459/1459 [==============================] - 0s 30us/step - loss: 0.0789 - acc: 0.9883 - val_loss: 0.1461 - val_acc: 0.9571
Epoch 10/30

  50/1459 [>.............................] - ETA: 0s - loss: 0.0622 - acc: 1.0000
1459/1459 [==============================] - 0s 29us/step - loss: 0.0688 - acc: 0.9911 - val_loss: 0.1415 - val_acc: 0.9571
Epoch 11/30

  50/1459 [>.............................] - ETA: 0s - loss: 0.0598 - acc: 1.0000
1459/1459 [==============================] - 0s 29us/step - loss: 0.0617 - acc: 0.9918 - val_loss: 0.1404 - val_acc: 0.9509
Epoch 12/30

  50/1459 [>.............................] - ETA: 0s - loss: 0.0702 - acc: 1.0000
1459/1459 [==============================] - 0s 30us/step - loss: 0.0555 - acc: 0.9945 - val_loss: 0.1367 - val_acc: 0.9509
Epoch 13/30

  50/1459 [>.............................] - ETA: 0s - loss: 0.0377 - acc: 1.0000
1459/1459 [==============================] - 0s 28us/step - loss: 0.0504 - acc: 0.9952 - val_loss: 0.1330 - val_acc: 0.9509
Epoch 14/30

  50/1459 [>.............................] - ETA: 0s - loss: 0.0485 - acc: 1.0000
1459/1459 [==============================] - 0s 30us/step - loss: 0.0459 - acc: 0.9959 - val_loss: 0.1327 - val_acc: 0.9509
Epoch 15/30

  50/1459 [>.............................] - ETA: 0s - loss: 0.0309 - acc: 1.0000
1459/1459 [==============================] - 0s 28us/step - loss: 0.0413 - acc: 0.9973 - val_loss: 0.1359 - val_acc: 0.9509
acc: 95.71%
Train on 1459 samples, validate on 163 samples
Epoch 1/30

  50/1459 [>.............................] - ETA: 14s - loss: 0.6734 - acc: 0.5600
1459/1459 [==============================] - 1s 427us/step - loss: 0.5598 - acc: 0.7862 - val_loss: 0.4615 - val_acc: 0.9202
Epoch 2/30

  50/1459 [>.............................] - ETA: 0s - loss: 0.3910 - acc: 0.9200
1459/1459 [==============================] - 0s 29us/step - loss: 0.3626 - acc: 0.9383 - val_loss: 0.3385 - val_acc: 0.9325
Epoch 3/30

  50/1459 [>.............................] - ETA: 0s - loss: 0.2894 - acc: 0.9800
1459/1459 [==============================] - 0s 31us/step - loss: 0.2670 - acc: 0.9582 - val_loss: 0.2724 - val_acc: 0.9571
Epoch 4/30

  50/1459 [>.............................] - ETA: 0s - loss: 0.2042 - acc: 0.9800
1459/1459 [==============================] - 0s 32us/step - loss: 0.2118 - acc: 0.9719 - val_loss: 0.2320 - val_acc: 0.9509
Epoch 5/30

  50/1459 [>.............................] - ETA: 0s - loss: 0.1644 - acc: 1.0000
1459/1459 [==============================] - 0s 29us/step - loss: 0.1759 - acc: 0.9760 - val_loss: 0.2064 - val_acc: 0.9632
Epoch 6/30

  50/1459 [>.............................] - ETA: 0s - loss: 0.1168 - acc: 1.0000
1459/1459 [==============================] - 0s 28us/step - loss: 0.1450 - acc: 0.9815 - val_loss: 0.1906 - val_acc: 0.9632
Epoch 7/30

  50/1459 [>.............................] - ETA: 0s - loss: 0.1347 - acc: 0.9800
1459/1459 [==============================] - 0s 28us/step - loss: 0.1236 - acc: 0.9849 - val_loss: 0.1823 - val_acc: 0.9509
Epoch 8/30

  50/1459 [>.............................] - ETA: 0s - loss: 0.1111 - acc: 1.0000
1459/1459 [==============================] - 0s 28us/step - loss: 0.1069 - acc: 0.9883 - val_loss: 0.1719 - val_acc: 0.9571
Epoch 9/30

  50/1459 [>.............................] - ETA: 0s - loss: 0.0785 - acc: 1.0000
1459/1459 [==============================] - 0s 28us/step - loss: 0.0941 - acc: 0.9883 - val_loss: 0.1638 - val_acc: 0.9571
Epoch 10/30

  50/1459 [>.............................] - ETA: 0s - loss: 0.0671 - acc: 1.0000
1459/1459 [==============================] - 0s 28us/step - loss: 0.0838 - acc: 0.9883 - val_loss: 0.1578 - val_acc: 0.9448
Epoch 11/30

  50/1459 [>.............................] - ETA: 0s - loss: 0.0703 - acc: 1.0000
1459/1459 [==============================] - 0s 28us/step - loss: 0.0743 - acc: 0.9918 - val_loss: 0.1578 - val_acc: 0.9448
Epoch 12/30

  50/1459 [>.............................] - ETA: 0s - loss: 0.0689 - acc: 1.0000
1459/1459 [==============================] - 0s 29us/step - loss: 0.0667 - acc: 0.9938 - val_loss: 0.1557 - val_acc: 0.9448
Epoch 13/30

  50/1459 [>.............................] - ETA: 0s - loss: 0.0612 - acc: 1.0000
1459/1459 [==============================] - 0s 27us/step - loss: 0.0614 - acc: 0.9938 - val_loss: 0.1568 - val_acc: 0.9325
acc: 96.32%
Train on 1459 samples, validate on 163 samples
Epoch 1/30

  50/1459 [>.............................] - ETA: 17s - loss: 0.6851 - acc: 0.5800
1459/1459 [==============================] - 1s 494us/step - loss: 0.5384 - acc: 0.7882 - val_loss: 0.4071 - val_acc: 0.9325
Epoch 2/30

  50/1459 [>.............................] - ETA: 0s - loss: 0.3906 - acc: 0.9400
1459/1459 [==============================] - 0s 30us/step - loss: 0.3338 - acc: 0.9507 - val_loss: 0.3025 - val_acc: 0.9509
Epoch 3/30

  50/1459 [>.............................] - ETA: 0s - loss: 0.2544 - acc: 0.9800
1459/1459 [==============================] - 0s 27us/step - loss: 0.2469 - acc: 0.9623 - val_loss: 0.2503 - val_acc: 0.9571
Epoch 4/30

  50/1459 [>.............................] - ETA: 0s - loss: 0.2050 - acc: 0.9600
1459/1459 [==============================] - 0s 27us/step - loss: 0.1928 - acc: 0.9712 - val_loss: 0.2095 - val_acc: 0.9571
Epoch 5/30

  50/1459 [>.............................] - ETA: 0s - loss: 0.1451 - acc: 0.9800
1459/1459 [==============================] - 0s 30us/step - loss: 0.1581 - acc: 0.9740 - val_loss: 0.1870 - val_acc: 0.9448
Epoch 6/30

  50/1459 [>.............................] - ETA: 0s - loss: 0.1807 - acc: 0.9600
1459/1459 [==============================] - 0s 29us/step - loss: 0.1305 - acc: 0.9829 - val_loss: 0.1681 - val_acc: 0.9571
Epoch 7/30

  50/1459 [>.............................] - ETA: 0s - loss: 0.0908 - acc: 1.0000
1459/1459 [==============================] - 0s 29us/step - loss: 0.1115 - acc: 0.9829 - val_loss: 0.1540 - val_acc: 0.9632
Epoch 8/30

  50/1459 [>.............................] - ETA: 0s - loss: 0.0998 - acc: 0.9800
1459/1459 [==============================] - 0s 28us/step - loss: 0.0960 - acc: 0.9870 - val_loss: 0.1450 - val_acc: 0.9632
Epoch 9/30

  50/1459 [>.............................] - ETA: 0s - loss: 0.0661 - acc: 1.0000
1459/1459 [==============================] - 0s 29us/step - loss: 0.0814 - acc: 0.9877 - val_loss: 0.1353 - val_acc: 0.9693
Epoch 10/30

  50/1459 [>.............................] - ETA: 0s - loss: 0.0528 - acc: 1.0000
1459/1459 [==============================] - 0s 27us/step - loss: 0.0705 - acc: 0.9918 - val_loss: 0.1326 - val_acc: 0.9632
Epoch 11/30

  50/1459 [>.............................] - ETA: 0s - loss: 0.0737 - acc: 0.9800
1459/1459 [==============================] - 0s 29us/step - loss: 0.0618 - acc: 0.9945 - val_loss: 0.1254 - val_acc: 0.9755
Epoch 12/30

  50/1459 [>.............................] - ETA: 0s - loss: 0.0684 - acc: 1.0000
1459/1459 [==============================] - 0s 28us/step - loss: 0.0550 - acc: 0.9945 - val_loss: 0.1225 - val_acc: 0.9693
Epoch 13/30

  50/1459 [>.............................] - ETA: 0s - loss: 0.0318 - acc: 1.0000
1459/1459 [==============================] - 0s 29us/step - loss: 0.0499 - acc: 0.9938 - val_loss: 0.1231 - val_acc: 0.9632
Epoch 14/30

  50/1459 [>.............................] - ETA: 0s - loss: 0.0300 - acc: 1.0000
1459/1459 [==============================] - 0s 27us/step - loss: 0.0451 - acc: 0.9959 - val_loss: 0.1175 - val_acc: 0.9693
Epoch 15/30

  50/1459 [>.............................] - ETA: 0s - loss: 0.0321 - acc: 1.0000
1459/1459 [==============================] - 0s 27us/step - loss: 0.0403 - acc: 0.9959 - val_loss: 0.1179 - val_acc: 0.9693
Epoch 16/30

  50/1459 [>.............................] - ETA: 0s - loss: 0.0236 - acc: 1.0000
1459/1459 [==============================] - 0s 28us/step - loss: 0.0370 - acc: 0.9966 - val_loss: 0.1142 - val_acc: 0.9693
Epoch 17/30

  50/1459 [>.............................] - ETA: 0s - loss: 0.0449 - acc: 1.0000
1459/1459 [==============================] - 0s 28us/step - loss: 0.0343 - acc: 0.9973 - val_loss: 0.1169 - val_acc: 0.9693
Epoch 18/30

  50/1459 [>.............................] - ETA: 0s - loss: 0.0311 - acc: 1.0000
1459/1459 [==============================] - 0s 29us/step - loss: 0.0317 - acc: 0.9966 - val_loss: 0.1155 - val_acc: 0.9693
Epoch 19/30

  50/1459 [>.............................] - ETA: 0s - loss: 0.0289 - acc: 1.0000
1459/1459 [==============================] - 0s 28us/step - loss: 0.0297 - acc: 0.9979 - val_loss: 0.1149 - val_acc: 0.9693
acc: 97.55%
Train on 1460 samples, validate on 162 samples
Epoch 1/30

  50/1460 [>.............................] - ETA: 21s - loss: 0.7181 - acc: 0.5200
1460/1460 [==============================] - 1s 600us/step - loss: 0.5501 - acc: 0.8103 - val_loss: 0.4102 - val_acc: 0.9444
Epoch 2/30

  50/1460 [>.............................] - ETA: 0s - loss: 0.4008 - acc: 0.9600
1460/1460 [==============================] - 0s 29us/step - loss: 0.3463 - acc: 0.9507 - val_loss: 0.2969 - val_acc: 0.9753
Epoch 3/30

  50/1460 [>.............................] - ETA: 0s - loss: 0.2611 - acc: 0.9400
1460/1460 [==============================] - 0s 27us/step - loss: 0.2568 - acc: 0.9610 - val_loss: 0.2429 - val_acc: 0.9691
Epoch 4/30

  50/1460 [>.............................] - ETA: 0s - loss: 0.1747 - acc: 0.9800
1460/1460 [==============================] - 0s 27us/step - loss: 0.2032 - acc: 0.9699 - val_loss: 0.2046 - val_acc: 0.9691
Epoch 5/30

  50/1460 [>.............................] - ETA: 0s - loss: 0.1556 - acc: 0.9800
1460/1460 [==============================] - 0s 29us/step - loss: 0.1661 - acc: 0.9767 - val_loss: 0.1814 - val_acc: 0.9630
Epoch 6/30

  50/1460 [>.............................] - ETA: 0s - loss: 0.1248 - acc: 1.0000
1460/1460 [==============================] - 0s 28us/step - loss: 0.1399 - acc: 0.9767 - val_loss: 0.1595 - val_acc: 0.9630
Epoch 7/30

  50/1460 [>.............................] - ETA: 0s - loss: 0.1548 - acc: 0.9600
1460/1460 [==============================] - 0s 27us/step - loss: 0.1202 - acc: 0.9808 - val_loss: 0.1520 - val_acc: 0.9691
Epoch 8/30

  50/1460 [>.............................] - ETA: 0s - loss: 0.0965 - acc: 1.0000
1460/1460 [==============================] - 0s 29us/step - loss: 0.1039 - acc: 0.9815 - val_loss: 0.1431 - val_acc: 0.9691
Epoch 9/30

  50/1460 [>.............................] - ETA: 0s - loss: 0.1221 - acc: 0.9600
1460/1460 [==============================] - 0s 29us/step - loss: 0.0903 - acc: 0.9836 - val_loss: 0.1409 - val_acc: 0.9691
Epoch 10/30

  50/1460 [>.............................] - ETA: 0s - loss: 0.0688 - acc: 0.9800
1460/1460 [==============================] - 0s 30us/step - loss: 0.0787 - acc: 0.9897 - val_loss: 0.1295 - val_acc: 0.9691
acc: 97.53%
Train on 1460 samples, validate on 162 samples
Epoch 1/30

  50/1460 [>.............................] - ETA: 22s - loss: 0.6801 - acc: 0.5600
1460/1460 [==============================] - 1s 624us/step - loss: 0.6080 - acc: 0.7459 - val_loss: 0.5160 - val_acc: 0.8519
Epoch 2/30

  50/1460 [>.............................] - ETA: 0s - loss: 0.4870 - acc: 0.9000
1460/1460 [==============================] - 0s 29us/step - loss: 0.4539 - acc: 0.8781 - val_loss: 0.4073 - val_acc: 0.9259
Epoch 3/30

  50/1460 [>.............................] - ETA: 0s - loss: 0.3924 - acc: 0.9400
1460/1460 [==============================] - 0s 26us/step - loss: 0.3485 - acc: 0.9418 - val_loss: 0.3209 - val_acc: 0.9568
Epoch 4/30

  50/1460 [>.............................] - ETA: 0s - loss: 0.3150 - acc: 0.9600
1460/1460 [==============================] - 0s 30us/step - loss: 0.2735 - acc: 0.9575 - val_loss: 0.2623 - val_acc: 0.9691
Epoch 5/30

  50/1460 [>.............................] - ETA: 0s - loss: 0.2300 - acc: 0.9800
1460/1460 [==============================] - 0s 29us/step - loss: 0.2223 - acc: 0.9671 - val_loss: 0.2168 - val_acc: 0.9630
Epoch 6/30

  50/1460 [>.............................] - ETA: 0s - loss: 0.1997 - acc: 0.9800
1460/1460 [==============================] - 0s 30us/step - loss: 0.1836 - acc: 0.9712 - val_loss: 0.1992 - val_acc: 0.9630
Epoch 7/30

  50/1460 [>.............................] - ETA: 0s - loss: 0.1932 - acc: 0.9600
1460/1460 [==============================] - 0s 28us/step - loss: 0.1542 - acc: 0.9774 - val_loss: 0.1702 - val_acc: 0.9630
Epoch 8/30

  50/1460 [>.............................] - ETA: 0s - loss: 0.1451 - acc: 0.9600
1460/1460 [==============================] - 0s 27us/step - loss: 0.1315 - acc: 0.9829 - val_loss: 0.1541 - val_acc: 0.9753
Epoch 9/30

  50/1460 [>.............................] - ETA: 0s - loss: 0.1154 - acc: 1.0000
1460/1460 [==============================] - 0s 29us/step - loss: 0.1139 - acc: 0.9849 - val_loss: 0.1452 - val_acc: 0.9691
Epoch 10/30

  50/1460 [>.............................] - ETA: 0s - loss: 0.1300 - acc: 0.9600
1460/1460 [==============================] - 0s 29us/step - loss: 0.0994 - acc: 0.9877 - val_loss: 0.1319 - val_acc: 0.9691
Epoch 11/30

  50/1460 [>.............................] - ETA: 0s - loss: 0.0751 - acc: 1.0000
1460/1460 [==============================] - 0s 30us/step - loss: 0.0884 - acc: 0.9877 - val_loss: 0.1304 - val_acc: 0.9691
Epoch 12/30

  50/1460 [>.............................] - ETA: 0s - loss: 0.0685 - acc: 1.0000
1460/1460 [==============================] - 0s 30us/step - loss: 0.0788 - acc: 0.9890 - val_loss: 0.1265 - val_acc: 0.9753
Epoch 13/30

  50/1460 [>.............................] - ETA: 0s - loss: 0.0779 - acc: 1.0000
1460/1460 [==============================] - 0s 29us/step - loss: 0.0704 - acc: 0.9911 - val_loss: 0.1112 - val_acc: 0.9753
Epoch 14/30

  50/1460 [>.............................] - ETA: 0s - loss: 0.0784 - acc: 0.9800
1460/1460 [==============================] - 0s 28us/step - loss: 0.0639 - acc: 0.9911 - val_loss: 0.1160 - val_acc: 0.9753
Epoch 15/30

  50/1460 [>.............................] - ETA: 0s - loss: 0.0453 - acc: 1.0000
1460/1460 [==============================] - 0s 29us/step - loss: 0.0577 - acc: 0.9911 - val_loss: 0.0982 - val_acc: 0.9753
Epoch 16/30

  50/1460 [>.............................] - ETA: 0s - loss: 0.0374 - acc: 1.0000
1460/1460 [==============================] - 0s 28us/step - loss: 0.0521 - acc: 0.9911 - val_loss: 0.0976 - val_acc: 0.9753
acc: 97.53%
Train on 1460 samples, validate on 162 samples
Epoch 1/30

  50/1460 [>.............................] - ETA: 25s - loss: 0.6827 - acc: 0.5600
1460/1460 [==============================] - 1s 710us/step - loss: 0.5647 - acc: 0.7938 - val_loss: 0.4427 - val_acc: 0.9383
Epoch 2/30

  50/1460 [>.............................] - ETA: 0s - loss: 0.4250 - acc: 0.9600
1460/1460 [==============================] - 0s 29us/step - loss: 0.3703 - acc: 0.9534 - val_loss: 0.3064 - val_acc: 0.9753
Epoch 3/30

  50/1460 [>.............................] - ETA: 0s - loss: 0.2793 - acc: 0.9400
1460/1460 [==============================] - 0s 28us/step - loss: 0.2730 - acc: 0.9671 - val_loss: 0.2297 - val_acc: 0.9815
Epoch 4/30

  50/1460 [>.............................] - ETA: 0s - loss: 0.2673 - acc: 0.9200
1460/1460 [==============================] - 0s 27us/step - loss: 0.2139 - acc: 0.9740 - val_loss: 0.1883 - val_acc: 0.9815
Epoch 5/30

  50/1460 [>.............................] - ETA: 0s - loss: 0.1695 - acc: 0.9800
1460/1460 [==============================] - 0s 30us/step - loss: 0.1735 - acc: 0.9760 - val_loss: 0.1564 - val_acc: 0.9815
Epoch 6/30

  50/1460 [>.............................] - ETA: 0s - loss: 0.1282 - acc: 0.9800
1460/1460 [==============================] - 0s 30us/step - loss: 0.1433 - acc: 0.9808 - val_loss: 0.1356 - val_acc: 0.9815
Epoch 7/30

  50/1460 [>.............................] - ETA: 0s - loss: 0.1791 - acc: 0.9600
1460/1460 [==============================] - 0s 28us/step - loss: 0.1212 - acc: 0.9808 - val_loss: 0.1182 - val_acc: 0.9815
Epoch 8/30

  50/1460 [>.............................] - ETA: 0s - loss: 0.0934 - acc: 1.0000
1460/1460 [==============================] - 0s 30us/step - loss: 0.1036 - acc: 0.9863 - val_loss: 0.1116 - val_acc: 0.9691
Epoch 9/30

  50/1460 [>.............................] - ETA: 0s - loss: 0.0931 - acc: 1.0000
1460/1460 [==============================] - 0s 30us/step - loss: 0.0916 - acc: 0.9890 - val_loss: 0.1036 - val_acc: 0.9753
Epoch 10/30

  50/1460 [>.............................] - ETA: 0s - loss: 0.0943 - acc: 0.9800
1460/1460 [==============================] - 0s 29us/step - loss: 0.0785 - acc: 0.9897 - val_loss: 0.0949 - val_acc: 0.9691
Epoch 11/30

  50/1460 [>.............................] - ETA: 0s - loss: 0.0738 - acc: 1.0000
1460/1460 [==============================] - 0s 30us/step - loss: 0.0705 - acc: 0.9932 - val_loss: 0.0922 - val_acc: 0.9753
acc: 98.15%
Train on 1460 samples, validate on 162 samples
Epoch 1/30

  50/1460 [>.............................] - ETA: 27s - loss: 0.7115 - acc: 0.3400
1460/1460 [==============================] - 1s 775us/step - loss: 0.5968 - acc: 0.7938 - val_loss: 0.4830 - val_acc: 0.9321
Epoch 2/30

  50/1460 [>.............................] - ETA: 0s - loss: 0.5174 - acc: 0.8400
1460/1460 [==============================] - 0s 31us/step - loss: 0.4174 - acc: 0.9459 - val_loss: 0.3444 - val_acc: 0.9630
Epoch 3/30

  50/1460 [>.............................] - ETA: 0s - loss: 0.3366 - acc: 0.9600
1460/1460 [==============================] - 0s 29us/step - loss: 0.3017 - acc: 0.9644 - val_loss: 0.2727 - val_acc: 0.9568
Epoch 4/30

  50/1460 [>.............................] - ETA: 0s - loss: 0.2254 - acc: 0.9800
1460/1460 [==============================] - 0s 28us/step - loss: 0.2318 - acc: 0.9733 - val_loss: 0.2300 - val_acc: 0.9630
Epoch 5/30

  50/1460 [>.............................] - ETA: 0s - loss: 0.1718 - acc: 0.9600
1460/1460 [==============================] - 0s 29us/step - loss: 0.1874 - acc: 0.9747 - val_loss: 0.2037 - val_acc: 0.9630
Epoch 6/30

  50/1460 [>.............................] - ETA: 0s - loss: 0.1928 - acc: 0.9800
1460/1460 [==============================] - 0s 33us/step - loss: 0.1546 - acc: 0.9815 - val_loss: 0.1854 - val_acc: 0.9691
Epoch 7/30

  50/1460 [>.............................] - ETA: 0s - loss: 0.1339 - acc: 1.0000
1460/1460 [==============================] - 0s 27us/step - loss: 0.1302 - acc: 0.9849 - val_loss: 0.1737 - val_acc: 0.9691
Epoch 8/30

  50/1460 [>.............................] - ETA: 0s - loss: 0.1292 - acc: 0.9600
1460/1460 [==============================] - 0s 26us/step - loss: 0.1138 - acc: 0.9877 - val_loss: 0.1594 - val_acc: 0.9630
Epoch 9/30

  50/1460 [>.............................] - ETA: 0s - loss: 0.0871 - acc: 1.0000
1460/1460 [==============================] - 0s 27us/step - loss: 0.0980 - acc: 0.9904 - val_loss: 0.1556 - val_acc: 0.9691
Epoch 10/30

  50/1460 [>.............................] - ETA: 0s - loss: 0.0931 - acc: 0.9800
1460/1460 [==============================] - 0s 29us/step - loss: 0.0873 - acc: 0.9904 - val_loss: 0.1403 - val_acc: 0.9630
Epoch 11/30

  50/1460 [>.............................] - ETA: 0s - loss: 0.0848 - acc: 1.0000
1460/1460 [==============================] - 0s 31us/step - loss: 0.0772 - acc: 0.9918 - val_loss: 0.1399 - val_acc: 0.9630
Epoch 12/30

  50/1460 [>.............................] - ETA: 0s - loss: 0.0804 - acc: 1.0000
1460/1460 [==============================] - 0s 30us/step - loss: 0.0687 - acc: 0.9932 - val_loss: 0.1317 - val_acc: 0.9630
Epoch 13/30

  50/1460 [>.............................] - ETA: 0s - loss: 0.0494 - acc: 1.0000
1460/1460 [==============================] - 0s 29us/step - loss: 0.0621 - acc: 0.9952 - val_loss: 0.1362 - val_acc: 0.9630
Epoch 14/30

  50/1460 [>.............................] - ETA: 0s - loss: 0.0585 - acc: 1.0000
1460/1460 [==============================] - 0s 29us/step - loss: 0.0570 - acc: 0.9966 - val_loss: 0.1309 - val_acc: 0.9630
acc: 96.91%
Train on 1460 samples, validate on 162 samples
Epoch 1/30

  50/1460 [>.............................] - ETA: 30s - loss: 0.6953 - acc: 0.5000
1460/1460 [==============================] - 1s 872us/step - loss: 0.5455 - acc: 0.7685 - val_loss: 0.3792 - val_acc: 0.9259
Epoch 2/30

  50/1460 [>.............................] - ETA: 0s - loss: 0.3293 - acc: 0.9800
1460/1460 [==============================] - 0s 30us/step - loss: 0.3175 - acc: 0.9486 - val_loss: 0.2678 - val_acc: 0.9568
Epoch 3/30

  50/1460 [>.............................] - ETA: 0s - loss: 0.2640 - acc: 0.9600
1460/1460 [==============================] - 0s 29us/step - loss: 0.2311 - acc: 0.9740 - val_loss: 0.2194 - val_acc: 0.9444
Epoch 4/30

  50/1460 [>.............................] - ETA: 0s - loss: 0.2161 - acc: 0.9800
1460/1460 [==============================] - 0s 32us/step - loss: 0.1820 - acc: 0.9760 - val_loss: 0.1893 - val_acc: 0.9568
Epoch 5/30

  50/1460 [>.............................] - ETA: 0s - loss: 0.1742 - acc: 0.9800
1460/1460 [==============================] - 0s 29us/step - loss: 0.1490 - acc: 0.9801 - val_loss: 0.1684 - val_acc: 0.9506
Epoch 6/30

  50/1460 [>.............................] - ETA: 0s - loss: 0.1747 - acc: 0.9600
1460/1460 [==============================] - 0s 31us/step - loss: 0.1254 - acc: 0.9836 - val_loss: 0.1556 - val_acc: 0.9568
Epoch 7/30

  50/1460 [>.............................] - ETA: 0s - loss: 0.0997 - acc: 1.0000
1460/1460 [==============================] - 0s 28us/step - loss: 0.1084 - acc: 0.9849 - val_loss: 0.1363 - val_acc: 0.9568
Epoch 8/30

  50/1460 [>.............................] - ETA: 0s - loss: 0.1233 - acc: 0.9600
1460/1460 [==============================] - 0s 30us/step - loss: 0.0935 - acc: 0.9870 - val_loss: 0.1319 - val_acc: 0.9506
Epoch 9/30

  50/1460 [>.............................] - ETA: 0s - loss: 0.0957 - acc: 1.0000
1460/1460 [==============================] - 0s 29us/step - loss: 0.0817 - acc: 0.9884 - val_loss: 0.1216 - val_acc: 0.9568
Epoch 10/30

  50/1460 [>.............................] - ETA: 0s - loss: 0.0742 - acc: 1.0000
1460/1460 [==============================] - 0s 29us/step - loss: 0.0731 - acc: 0.9890 - val_loss: 0.1200 - val_acc: 0.9506
Epoch 11/30

  50/1460 [>.............................] - ETA: 0s - loss: 0.0618 - acc: 1.0000
1460/1460 [==============================] - 0s 30us/step - loss: 0.0669 - acc: 0.9890 - val_loss: 0.1130 - val_acc: 0.9506
Epoch 12/30

  50/1460 [>.............................] - ETA: 0s - loss: 0.0414 - acc: 1.0000
1460/1460 [==============================] - 0s 28us/step - loss: 0.0602 - acc: 0.9884 - val_loss: 0.1098 - val_acc: 0.9568
acc: 95.68%
Train on 1460 samples, validate on 162 samples
Epoch 1/30

  50/1460 [>.............................] - ETA: 33s - loss: 0.7161 - acc: 0.4000
1460/1460 [==============================] - 1s 934us/step - loss: 0.5669 - acc: 0.7788 - val_loss: 0.4097 - val_acc: 0.9691
Epoch 2/30

  50/1460 [>.............................] - ETA: 0s - loss: 0.4379 - acc: 0.9400
1460/1460 [==============================] - 0s 33us/step - loss: 0.3660 - acc: 0.9432 - val_loss: 0.2965 - val_acc: 0.9691
Epoch 3/30

  50/1460 [>.............................] - ETA: 0s - loss: 0.2848 - acc: 0.9600
1460/1460 [==============================] - 0s 30us/step - loss: 0.2616 - acc: 0.9623 - val_loss: 0.2360 - val_acc: 0.9568
Epoch 4/30

  50/1460 [>.............................] - ETA: 0s - loss: 0.1883 - acc: 1.0000
1460/1460 [==============================] - 0s 29us/step - loss: 0.1971 - acc: 0.9692 - val_loss: 0.1974 - val_acc: 0.9691
Epoch 5/30

  50/1460 [>.............................] - ETA: 0s - loss: 0.1438 - acc: 1.0000
1460/1460 [==============================] - 0s 31us/step - loss: 0.1578 - acc: 0.9815 - val_loss: 0.1753 - val_acc: 0.9691
Epoch 6/30

  50/1460 [>.............................] - ETA: 0s - loss: 0.1435 - acc: 0.9800
1460/1460 [==============================] - 0s 29us/step - loss: 0.1308 - acc: 0.9801 - val_loss: 0.1609 - val_acc: 0.9568
Epoch 7/30

  50/1460 [>.............................] - ETA: 0s - loss: 0.1257 - acc: 0.9800
1460/1460 [==============================] - 0s 29us/step - loss: 0.1097 - acc: 0.9863 - val_loss: 0.1453 - val_acc: 0.9691
Epoch 8/30

  50/1460 [>.............................] - ETA: 0s - loss: 0.0947 - acc: 0.9800
1460/1460 [==============================] - 0s 27us/step - loss: 0.0957 - acc: 0.9856 - val_loss: 0.1335 - val_acc: 0.9691
Epoch 9/30

  50/1460 [>.............................] - ETA: 0s - loss: 0.0884 - acc: 0.9800
1460/1460 [==============================] - 0s 28us/step - loss: 0.0843 - acc: 0.9884 - val_loss: 0.1331 - val_acc: 0.9630
acc: 96.91%
Train on 1461 samples, validate on 161 samples
Epoch 1/30

  50/1461 [>.............................] - ETA: 37s - loss: 0.7169 - acc: 0.4400
1461/1461 [==============================] - 2s 1ms/step - loss: 0.5875 - acc: 0.7556 - val_loss: 0.4242 - val_acc: 0.9441
Epoch 2/30

  50/1461 [>.............................] - ETA: 0s - loss: 0.4185 - acc: 0.9400
1461/1461 [==============================] - 0s 32us/step - loss: 0.3827 - acc: 0.9247 - val_loss: 0.2969 - val_acc: 0.9565
Epoch 3/30

  50/1461 [>.............................] - ETA: 0s - loss: 0.3514 - acc: 0.9400
1461/1461 [==============================] - 0s 32us/step - loss: 0.2853 - acc: 0.9555 - val_loss: 0.2253 - val_acc: 0.9752
Epoch 4/30

  50/1461 [>.............................] - ETA: 0s - loss: 0.2580 - acc: 0.9600
1461/1461 [==============================] - 0s 28us/step - loss: 0.2222 - acc: 0.9706 - val_loss: 0.1804 - val_acc: 0.9814
Epoch 5/30

  50/1461 [>.............................] - ETA: 0s - loss: 0.1601 - acc: 1.0000
1461/1461 [==============================] - 0s 31us/step - loss: 0.1798 - acc: 0.9767 - val_loss: 0.1558 - val_acc: 0.9752
Epoch 6/30

  50/1461 [>.............................] - ETA: 0s - loss: 0.1993 - acc: 0.9400
1461/1461 [==============================] - 0s 29us/step - loss: 0.1499 - acc: 0.9815 - val_loss: 0.1320 - val_acc: 0.9752
Epoch 7/30

  50/1461 [>.............................] - ETA: 0s - loss: 0.1633 - acc: 0.9800
1461/1461 [==============================] - 0s 29us/step - loss: 0.1261 - acc: 0.9822 - val_loss: 0.1212 - val_acc: 0.9752
Epoch 8/30

  50/1461 [>.............................] - ETA: 0s - loss: 0.1150 - acc: 0.9800
1461/1461 [==============================] - 0s 29us/step - loss: 0.1102 - acc: 0.9843 - val_loss: 0.1114 - val_acc: 0.9814
Epoch 9/30

  50/1461 [>.............................] - ETA: 0s - loss: 0.0718 - acc: 1.0000
1461/1461 [==============================] - 0s 30us/step - loss: 0.1000 - acc: 0.9849 - val_loss: 0.1086 - val_acc: 0.9752
Epoch 10/30

  50/1461 [>.............................] - ETA: 0s - loss: 0.1044 - acc: 1.0000
1461/1461 [==============================] - 0s 28us/step - loss: 0.0853 - acc: 0.9890 - val_loss: 0.1000 - val_acc: 0.9814
Epoch 11/30

  50/1461 [>.............................] - ETA: 0s - loss: 0.0746 - acc: 1.0000
1461/1461 [==============================] - 0s 29us/step - loss: 0.0732 - acc: 0.9904 - val_loss: 0.0944 - val_acc: 0.9689
Epoch 12/30

  50/1461 [>.............................] - ETA: 0s - loss: 0.0672 - acc: 1.0000
1461/1461 [==============================] - 0s 29us/step - loss: 0.0643 - acc: 0.9925 - val_loss: 0.0952 - val_acc: 0.9689
Epoch 13/30

  50/1461 [>.............................] - ETA: 0s - loss: 0.0458 - acc: 1.0000
1461/1461 [==============================] - 0s 30us/step - loss: 0.0589 - acc: 0.9938 - val_loss: 0.0864 - val_acc: 0.9752
Epoch 14/30

  50/1461 [>.............................] - ETA: 0s - loss: 0.0516 - acc: 1.0000
1461/1461 [==============================] - 0s 29us/step - loss: 0.0533 - acc: 0.9952 - val_loss: 0.0899 - val_acc: 0.9814
Epoch 15/30

  50/1461 [>.............................] - ETA: 0s - loss: 0.0447 - acc: 1.0000
1461/1461 [==============================] - 0s 29us/step - loss: 0.0467 - acc: 0.9959 - val_loss: 0.0882 - val_acc: 0.9814
Epoch 16/30

  50/1461 [>.............................] - ETA: 0s - loss: 0.0907 - acc: 0.9800
1461/1461 [==============================] - 0s 29us/step - loss: 0.0425 - acc: 0.9966 - val_loss: 0.0858 - val_acc: 0.9814
acc: 98.14%
Accuracy: 97.04% (+/- 0.86%)
