Train on 810 samples, validate on 812 samples
Epoch 1/30

100/810 [==>...........................] - ETA: 3s - loss: 0.7069 - acc: 0.5000
810/810 [==============================] - 0s 614us/step - loss: 0.5334 - acc: 0.7741 - val_loss: 0.3914 - val_acc: 0.8966
Epoch 2/30

100/810 [==>...........................] - ETA: 0s - loss: 0.3395 - acc: 0.9700
810/810 [==============================] - 0s 20us/step - loss: 0.2835 - acc: 0.9506 - val_loss: 0.2613 - val_acc: 0.9175
Epoch 3/30

100/810 [==>...........................] - ETA: 0s - loss: 0.1712 - acc: 0.9800
810/810 [==============================] - 0s 20us/step - loss: 0.1669 - acc: 0.9716 - val_loss: 0.2048 - val_acc: 0.9421
Epoch 4/30

100/810 [==>...........................] - ETA: 0s - loss: 0.1151 - acc: 0.9900
810/810 [==============================] - 0s 18us/step - loss: 0.1160 - acc: 0.9790 - val_loss: 0.1932 - val_acc: 0.9421
Epoch 5/30

100/810 [==>...........................] - ETA: 0s - loss: 0.1167 - acc: 0.9800
810/810 [==============================] - 0s 19us/step - loss: 0.0858 - acc: 0.9877 - val_loss: 0.1954 - val_acc: 0.9421
acc: 94.21%
Train on 812 samples, validate on 810 samples
Epoch 1/30

100/812 [==>...........................] - ETA: 3s - loss: 0.6902 - acc: 0.5400
812/812 [==============================] - 1s 703us/step - loss: 0.5626 - acc: 0.7229 - val_loss: 0.3803 - val_acc: 0.9222
Epoch 2/30

100/812 [==>...........................] - ETA: 0s - loss: 0.4005 - acc: 0.8900
812/812 [==============================] - 0s 22us/step - loss: 0.3073 - acc: 0.9298 - val_loss: 0.2508 - val_acc: 0.9506
Epoch 3/30

100/812 [==>...........................] - ETA: 0s - loss: 0.2179 - acc: 0.9600
812/812 [==============================] - 0s 23us/step - loss: 0.1967 - acc: 0.9569 - val_loss: 0.1921 - val_acc: 0.9580
Epoch 4/30

100/812 [==>...........................] - ETA: 0s - loss: 0.1325 - acc: 0.9700
812/812 [==============================] - 0s 21us/step - loss: 0.1425 - acc: 0.9643 - val_loss: 0.1732 - val_acc: 0.9543
Epoch 5/30

100/812 [==>...........................] - ETA: 0s - loss: 0.0854 - acc: 0.9800
812/812 [==============================] - 0s 21us/step - loss: 0.1122 - acc: 0.9754 - val_loss: 0.1500 - val_acc: 0.9580
acc: 95.80%
Accuracy: 95.01% (+/- 0.80%)
