Train on 1297 samples, validate on 325 samples
Epoch 1/30

  20/1297 [..............................] - ETA: 30s - loss: 0.6768 - acc: 0.6500
 760/1297 [================>.............] - ETA: 0s - loss: 0.5467 - acc: 0.7855 
1297/1297 [==============================] - 1s 480us/step - loss: 0.4667 - acc: 0.8574 - val_loss: 0.3209 - val_acc: 0.9446
Epoch 2/30

  20/1297 [..............................] - ETA: 0s - loss: 0.2915 - acc: 1.0000
 740/1297 [================>.............] - ETA: 0s - loss: 0.2520 - acc: 0.9703
1297/1297 [==============================] - 0s 75us/step - loss: 0.2364 - acc: 0.9715 - val_loss: 0.2313 - val_acc: 0.9385
Epoch 3/30

  20/1297 [..............................] - ETA: 0s - loss: 0.1640 - acc: 1.0000
 760/1297 [================>.............] - ETA: 0s - loss: 0.1584 - acc: 0.9816
1297/1297 [==============================] - 0s 75us/step - loss: 0.1523 - acc: 0.9838 - val_loss: 0.1895 - val_acc: 0.9415
Epoch 4/30

  20/1297 [..............................] - ETA: 0s - loss: 0.1157 - acc: 1.0000
 720/1297 [===============>..............] - ETA: 0s - loss: 0.1144 - acc: 0.9847
1297/1297 [==============================] - 0s 76us/step - loss: 0.1115 - acc: 0.9869 - val_loss: 0.1676 - val_acc: 0.9415
Epoch 5/30

  20/1297 [..............................] - ETA: 0s - loss: 0.0801 - acc: 1.0000
 720/1297 [===============>..............] - ETA: 0s - loss: 0.0917 - acc: 0.9875
1297/1297 [==============================] - 0s 77us/step - loss: 0.0830 - acc: 0.9892 - val_loss: 0.1460 - val_acc: 0.9446
Epoch 6/30

  20/1297 [..............................] - ETA: 0s - loss: 0.0963 - acc: 0.9500
 780/1297 [=================>............] - ETA: 0s - loss: 0.0708 - acc: 0.9885
1297/1297 [==============================] - 0s 72us/step - loss: 0.0686 - acc: 0.9900 - val_loss: 0.1328 - val_acc: 0.9477
Epoch 7/30

  20/1297 [..............................] - ETA: 0s - loss: 0.0511 - acc: 1.0000
 760/1297 [================>.............] - ETA: 0s - loss: 0.0569 - acc: 0.9934
1297/1297 [==============================] - 0s 75us/step - loss: 0.0563 - acc: 0.9915 - val_loss: 0.1279 - val_acc: 0.9538
Epoch 8/30

  20/1297 [..............................] - ETA: 0s - loss: 0.0478 - acc: 1.0000
 720/1297 [===============>..............] - ETA: 0s - loss: 0.0460 - acc: 0.9972
1297/1297 [==============================] - 0s 76us/step - loss: 0.0476 - acc: 0.9954 - val_loss: 0.1193 - val_acc: 0.9600
Epoch 9/30

  20/1297 [..............................] - ETA: 0s - loss: 0.0349 - acc: 1.0000
 720/1297 [===============>..............] - ETA: 0s - loss: 0.0385 - acc: 0.9972
1297/1297 [==============================] - 0s 77us/step - loss: 0.0399 - acc: 0.9954 - val_loss: 0.1130 - val_acc: 0.9538
Epoch 10/30

  20/1297 [..............................] - ETA: 0s - loss: 0.0335 - acc: 1.0000
 740/1297 [================>.............] - ETA: 0s - loss: 0.0319 - acc: 0.9946
1297/1297 [==============================] - 0s 76us/step - loss: 0.0346 - acc: 0.9946 - val_loss: 0.1157 - val_acc: 0.9538
Epoch 11/30

  20/1297 [..............................] - ETA: 0s - loss: 0.0203 - acc: 1.0000
 700/1297 [===============>..............] - ETA: 0s - loss: 0.0333 - acc: 0.9971
1297/1297 [==============================] - 0s 81us/step - loss: 0.0301 - acc: 0.9969 - val_loss: 0.1071 - val_acc: 0.9508
Epoch 12/30

  20/1297 [..............................] - ETA: 0s - loss: 0.0374 - acc: 1.0000
 740/1297 [================>.............] - ETA: 0s - loss: 0.0234 - acc: 0.9986
1297/1297 [==============================] - 0s 77us/step - loss: 0.0272 - acc: 0.9977 - val_loss: 0.1095 - val_acc: 0.9600
Epoch 13/30

  20/1297 [..............................] - ETA: 0s - loss: 0.0218 - acc: 1.0000
 720/1297 [===============>..............] - ETA: 0s - loss: 0.0225 - acc: 0.9972
1297/1297 [==============================] - 0s 78us/step - loss: 0.0243 - acc: 0.9977 - val_loss: 0.1060 - val_acc: 0.9600
Epoch 14/30

  20/1297 [..............................] - ETA: 0s - loss: 0.0123 - acc: 1.0000
 680/1297 [==============>...............] - ETA: 0s - loss: 0.0250 - acc: 0.9971
1297/1297 [==============================] - 0s 80us/step - loss: 0.0219 - acc: 0.9977 - val_loss: 0.1089 - val_acc: 0.9600
Epoch 15/30

  20/1297 [..............................] - ETA: 0s - loss: 0.0128 - acc: 1.0000
 720/1297 [===============>..............] - ETA: 0s - loss: 0.0160 - acc: 0.9986
1297/1297 [==============================] - 0s 79us/step - loss: 0.0196 - acc: 0.9977 - val_loss: 0.1043 - val_acc: 0.9569
Epoch 16/30

  20/1297 [..............................] - ETA: 0s - loss: 0.0146 - acc: 1.0000
 720/1297 [===============>..............] - ETA: 0s - loss: 0.0213 - acc: 0.9972
1297/1297 [==============================] - 0s 80us/step - loss: 0.0189 - acc: 0.9977 - val_loss: 0.1017 - val_acc: 0.9631
Epoch 17/30

  20/1297 [..............................] - ETA: 0s - loss: 0.0208 - acc: 1.0000
 700/1297 [===============>..............] - ETA: 0s - loss: 0.0141 - acc: 0.9986
1297/1297 [==============================] - 0s 81us/step - loss: 0.0169 - acc: 0.9985 - val_loss: 0.1043 - val_acc: 0.9662
Epoch 18/30

  20/1297 [..............................] - ETA: 0s - loss: 0.0109 - acc: 1.0000
 660/1297 [==============>...............] - ETA: 0s - loss: 0.0189 - acc: 0.9955
1297/1297 [==============================] - 0s 82us/step - loss: 0.0152 - acc: 0.9977 - val_loss: 0.1040 - val_acc: 0.9600
Epoch 19/30

  20/1297 [..............................] - ETA: 0s - loss: 0.0075 - acc: 1.0000
 680/1297 [==============>...............] - ETA: 0s - loss: 0.0155 - acc: 0.9985
1297/1297 [==============================] - 0s 80us/step - loss: 0.0137 - acc: 0.9977 - val_loss: 0.1036 - val_acc: 0.9600
Epoch 20/30

  20/1297 [..............................] - ETA: 0s - loss: 0.0090 - acc: 1.0000
 680/1297 [==============>...............] - ETA: 0s - loss: 0.0125 - acc: 0.9985
1297/1297 [==============================] - 0s 80us/step - loss: 0.0126 - acc: 0.9985 - val_loss: 0.1014 - val_acc: 0.9600
Epoch 21/30

  20/1297 [..............................] - ETA: 0s - loss: 0.0083 - acc: 1.0000
 660/1297 [==============>...............] - ETA: 0s - loss: 0.0134 - acc: 0.9985
1297/1297 [==============================] - 0s 84us/step - loss: 0.0116 - acc: 0.9985 - val_loss: 0.1007 - val_acc: 0.9600
Epoch 22/30

  20/1297 [..............................] - ETA: 0s - loss: 0.0096 - acc: 1.0000
 680/1297 [==============>...............] - ETA: 0s - loss: 0.0097 - acc: 0.9985
1297/1297 [==============================] - 0s 83us/step - loss: 0.0110 - acc: 0.9985 - val_loss: 0.1034 - val_acc: 0.9569
Epoch 23/30

  20/1297 [..............................] - ETA: 0s - loss: 0.0092 - acc: 1.0000
 700/1297 [===============>..............] - ETA: 0s - loss: 0.0084 - acc: 1.0000
1297/1297 [==============================] - 0s 79us/step - loss: 0.0105 - acc: 0.9985 - val_loss: 0.1036 - val_acc: 0.9569
Epoch 24/30

  20/1297 [..............................] - ETA: 0s - loss: 0.0071 - acc: 1.0000
 680/1297 [==============>...............] - ETA: 0s - loss: 0.0080 - acc: 1.0000
1297/1297 [==============================] - 0s 84us/step - loss: 0.0099 - acc: 0.9985 - val_loss: 0.1048 - val_acc: 0.9569
Epoch 25/30

  20/1297 [..............................] - ETA: 0s - loss: 0.0052 - acc: 1.0000
 680/1297 [==============>...............] - ETA: 0s - loss: 0.0108 - acc: 0.9985
1297/1297 [==============================] - 0s 86us/step - loss: 0.0094 - acc: 0.9985 - val_loss: 0.1071 - val_acc: 0.9538
Epoch 26/30

  20/1297 [..............................] - ETA: 0s - loss: 0.0022 - acc: 1.0000
 680/1297 [==============>...............] - ETA: 0s - loss: 0.0103 - acc: 0.9985
1297/1297 [==============================] - 0s 85us/step - loss: 0.0091 - acc: 0.9985 - val_loss: 0.1030 - val_acc: 0.9538
Epoch 27/30

  20/1297 [..............................] - ETA: 0s - loss: 0.0025 - acc: 1.0000
 660/1297 [==============>...............] - ETA: 0s - loss: 0.0057 - acc: 1.0000
1297/1297 [==============================] - 0s 86us/step - loss: 0.0086 - acc: 0.9992 - val_loss: 0.1021 - val_acc: 0.9600
Epoch 28/30

  20/1297 [..............................] - ETA: 0s - loss: 0.0038 - acc: 1.0000
 700/1297 [===============>..............] - ETA: 0s - loss: 0.0053 - acc: 1.0000
1297/1297 [==============================] - 0s 82us/step - loss: 0.0084 - acc: 0.9992 - val_loss: 0.1064 - val_acc: 0.9569
Epoch 29/30

  20/1297 [..............................] - ETA: 0s - loss: 0.0051 - acc: 1.0000
 700/1297 [===============>..............] - ETA: 0s - loss: 0.0111 - acc: 0.9986
1297/1297 [==============================] - 0s 81us/step - loss: 0.0079 - acc: 0.9992 - val_loss: 0.1061 - val_acc: 0.9538
Epoch 30/30

  20/1297 [..............................] - ETA: 0s - loss: 0.0062 - acc: 1.0000
 660/1297 [==============>...............] - ETA: 0s - loss: 0.0063 - acc: 1.0000
1297/1297 [==============================] - 0s 84us/step - loss: 0.0075 - acc: 0.9992 - val_loss: 0.1093 - val_acc: 0.9569
acc: 95.69%
Train on 1297 samples, validate on 325 samples
Epoch 1/30

  20/1297 [..............................] - ETA: 35s - loss: 0.6724 - acc: 0.6500
 700/1297 [===============>..............] - ETA: 0s - loss: 0.5720 - acc: 0.7429 
1297/1297 [==============================] - 1s 554us/step - loss: 0.4971 - acc: 0.8227 - val_loss: 0.3515 - val_acc: 0.9385
Epoch 2/30

  20/1297 [..............................] - ETA: 0s - loss: 0.3016 - acc: 1.0000
 740/1297 [================>.............] - ETA: 0s - loss: 0.2821 - acc: 0.9703
1297/1297 [==============================] - 0s 76us/step - loss: 0.2682 - acc: 0.9668 - val_loss: 0.2403 - val_acc: 0.9508
Epoch 3/30

  20/1297 [..............................] - ETA: 0s - loss: 0.1670 - acc: 1.0000
 720/1297 [===============>..............] - ETA: 0s - loss: 0.1827 - acc: 0.9792
1297/1297 [==============================] - 0s 78us/step - loss: 0.1770 - acc: 0.9761 - val_loss: 0.1890 - val_acc: 0.9477
Epoch 4/30

  20/1297 [..............................] - ETA: 0s - loss: 0.1650 - acc: 1.0000
 700/1297 [===============>..............] - ETA: 0s - loss: 0.1288 - acc: 0.9829
1297/1297 [==============================] - 0s 79us/step - loss: 0.1261 - acc: 0.9823 - val_loss: 0.1527 - val_acc: 0.9600
Epoch 5/30

  20/1297 [..............................] - ETA: 0s - loss: 0.0981 - acc: 1.0000
 700/1297 [===============>..............] - ETA: 0s - loss: 0.0932 - acc: 0.9900
1297/1297 [==============================] - 0s 77us/step - loss: 0.0938 - acc: 0.9900 - val_loss: 0.1410 - val_acc: 0.9538
Epoch 6/30

  20/1297 [..............................] - ETA: 0s - loss: 0.0780 - acc: 1.0000
 720/1297 [===============>..............] - ETA: 0s - loss: 0.0772 - acc: 0.9931
1297/1297 [==============================] - 0s 81us/step - loss: 0.0739 - acc: 0.9931 - val_loss: 0.1302 - val_acc: 0.9569
Epoch 7/30

  20/1297 [..............................] - ETA: 0s - loss: 0.0605 - acc: 1.0000
 660/1297 [==============>...............] - ETA: 0s - loss: 0.0586 - acc: 0.9970
1297/1297 [==============================] - 0s 85us/step - loss: 0.0601 - acc: 0.9961 - val_loss: 0.1200 - val_acc: 0.9600
Epoch 8/30

  20/1297 [..............................] - ETA: 0s - loss: 0.0528 - acc: 1.0000
 660/1297 [==============>...............] - ETA: 0s - loss: 0.0494 - acc: 0.9985
1280/1297 [============================>.] - ETA: 0s - loss: 0.0488 - acc: 0.9961
1297/1297 [==============================] - 0s 88us/step - loss: 0.0492 - acc: 0.9961 - val_loss: 0.1201 - val_acc: 0.9631
Epoch 9/30

  20/1297 [..............................] - ETA: 0s - loss: 0.0341 - acc: 1.0000
 620/1297 [=============>................] - ETA: 0s - loss: 0.0447 - acc: 0.9984
1280/1297 [============================>.] - ETA: 0s - loss: 0.0428 - acc: 0.9961
1297/1297 [==============================] - 0s 87us/step - loss: 0.0426 - acc: 0.9961 - val_loss: 0.1192 - val_acc: 0.9600
Epoch 10/30

  20/1297 [..............................] - ETA: 0s - loss: 0.0268 - acc: 1.0000
 680/1297 [==============>...............] - ETA: 0s - loss: 0.0336 - acc: 0.9985
1297/1297 [==============================] - 0s 83us/step - loss: 0.0360 - acc: 0.9977 - val_loss: 0.1173 - val_acc: 0.9600
Epoch 11/30

  20/1297 [..............................] - ETA: 0s - loss: 0.0213 - acc: 1.0000
 720/1297 [===============>..............] - ETA: 0s - loss: 0.0280 - acc: 0.9972
1297/1297 [==============================] - 0s 80us/step - loss: 0.0300 - acc: 0.9977 - val_loss: 0.1085 - val_acc: 0.9569
Epoch 12/30

  20/1297 [..............................] - ETA: 0s - loss: 0.0253 - acc: 1.0000
 680/1297 [==============>...............] - ETA: 0s - loss: 0.0268 - acc: 0.9985
1280/1297 [============================>.] - ETA: 0s - loss: 0.0254 - acc: 0.9992
1297/1297 [==============================] - 0s 86us/step - loss: 0.0263 - acc: 0.9985 - val_loss: 0.1151 - val_acc: 0.9569
Epoch 13/30

  20/1297 [..............................] - ETA: 0s - loss: 0.0128 - acc: 1.0000
 700/1297 [===============>..............] - ETA: 0s - loss: 0.0251 - acc: 0.9986
1297/1297 [==============================] - 0s 82us/step - loss: 0.0231 - acc: 0.9992 - val_loss: 0.1139 - val_acc: 0.9662
Epoch 14/30

  20/1297 [..............................] - ETA: 0s - loss: 0.0131 - acc: 1.0000
 700/1297 [===============>..............] - ETA: 0s - loss: 0.0178 - acc: 1.0000
1297/1297 [==============================] - 0s 82us/step - loss: 0.0206 - acc: 0.9985 - val_loss: 0.1103 - val_acc: 0.9600
Epoch 15/30

  20/1297 [..............................] - ETA: 0s - loss: 0.0151 - acc: 1.0000
 680/1297 [==============>...............] - ETA: 0s - loss: 0.0191 - acc: 0.9985
1297/1297 [==============================] - 0s 82us/step - loss: 0.0186 - acc: 0.9992 - val_loss: 0.1235 - val_acc: 0.9631
Epoch 16/30

  20/1297 [..............................] - ETA: 0s - loss: 0.0149 - acc: 1.0000
 700/1297 [===============>..............] - ETA: 0s - loss: 0.0159 - acc: 1.0000
1297/1297 [==============================] - 0s 82us/step - loss: 0.0170 - acc: 0.9992 - val_loss: 0.1166 - val_acc: 0.9538
Epoch 17/30

  20/1297 [..............................] - ETA: 0s - loss: 0.0088 - acc: 1.0000
 680/1297 [==============>...............] - ETA: 0s - loss: 0.0123 - acc: 1.0000
1297/1297 [==============================] - 0s 85us/step - loss: 0.0155 - acc: 0.9985 - val_loss: 0.1169 - val_acc: 0.9631
Epoch 18/30

  20/1297 [..............................] - ETA: 0s - loss: 0.0091 - acc: 1.0000
 680/1297 [==============>...............] - ETA: 0s - loss: 0.0150 - acc: 0.9985
1297/1297 [==============================] - 0s 82us/step - loss: 0.0147 - acc: 0.9992 - val_loss: 0.1229 - val_acc: 0.9600
Epoch 19/30

  20/1297 [..............................] - ETA: 0s - loss: 0.0194 - acc: 1.0000
 720/1297 [===============>..............] - ETA: 0s - loss: 0.0156 - acc: 0.9986
1297/1297 [==============================] - 0s 83us/step - loss: 0.0130 - acc: 0.9992 - val_loss: 0.1176 - val_acc: 0.9569
Epoch 20/30

  20/1297 [..............................] - ETA: 0s - loss: 0.0080 - acc: 1.0000
 700/1297 [===============>..............] - ETA: 0s - loss: 0.0130 - acc: 0.9986
1297/1297 [==============================] - 0s 82us/step - loss: 0.0121 - acc: 0.9985 - val_loss: 0.1206 - val_acc: 0.9600
Epoch 21/30

  20/1297 [..............................] - ETA: 0s - loss: 0.0053 - acc: 1.0000
 620/1297 [=============>................] - ETA: 0s - loss: 0.0109 - acc: 1.0000
1297/1297 [==============================] - 0s 84us/step - loss: 0.0118 - acc: 0.9992 - val_loss: 0.1177 - val_acc: 0.9631
Epoch 22/30

  20/1297 [..............................] - ETA: 0s - loss: 0.0060 - acc: 1.0000
 700/1297 [===============>..............] - ETA: 0s - loss: 0.0089 - acc: 1.0000
1297/1297 [==============================] - 0s 81us/step - loss: 0.0112 - acc: 0.9992 - val_loss: 0.1251 - val_acc: 0.9600
Epoch 23/30

  20/1297 [..............................] - ETA: 0s - loss: 0.0076 - acc: 1.0000
 680/1297 [==============>...............] - ETA: 0s - loss: 0.0080 - acc: 1.0000
1297/1297 [==============================] - 0s 82us/step - loss: 0.0106 - acc: 0.9992 - val_loss: 0.1216 - val_acc: 0.9662
Epoch 24/30

  20/1297 [..............................] - ETA: 0s - loss: 0.0045 - acc: 1.0000
 720/1297 [===============>..............] - ETA: 0s - loss: 0.0084 - acc: 1.0000
1297/1297 [==============================] - 0s 78us/step - loss: 0.0096 - acc: 0.9992 - val_loss: 0.1239 - val_acc: 0.9662
Epoch 25/30

  20/1297 [..............................] - ETA: 0s - loss: 0.0120 - acc: 1.0000
 720/1297 [===============>..............] - ETA: 0s - loss: 0.0100 - acc: 0.9986
1297/1297 [==============================] - 0s 79us/step - loss: 0.0092 - acc: 0.9992 - val_loss: 0.1236 - val_acc: 0.9631
Epoch 26/30

  20/1297 [..............................] - ETA: 0s - loss: 0.0044 - acc: 1.0000
 700/1297 [===============>..............] - ETA: 0s - loss: 0.0079 - acc: 1.0000
1297/1297 [==============================] - 0s 81us/step - loss: 0.0089 - acc: 0.9992 - val_loss: 0.1214 - val_acc: 0.9692
Epoch 27/30

  20/1297 [..............................] - ETA: 0s - loss: 0.0067 - acc: 1.0000
 660/1297 [==============>...............] - ETA: 0s - loss: 0.0101 - acc: 0.9985
1297/1297 [==============================] - 0s 84us/step - loss: 0.0086 - acc: 0.9992 - val_loss: 0.1271 - val_acc: 0.9631
Epoch 28/30

  20/1297 [..............................] - ETA: 0s - loss: 0.0017 - acc: 1.0000
 640/1297 [=============>................] - ETA: 0s - loss: 0.0085 - acc: 0.9984
1260/1297 [============================>.] - ETA: 0s - loss: 0.0080 - acc: 0.9992
1297/1297 [==============================] - 0s 88us/step - loss: 0.0080 - acc: 0.9992 - val_loss: 0.1275 - val_acc: 0.9662
Epoch 29/30

  20/1297 [..............................] - ETA: 0s - loss: 0.0054 - acc: 1.0000
 700/1297 [===============>..............] - ETA: 0s - loss: 0.0061 - acc: 1.0000
1297/1297 [==============================] - 0s 82us/step - loss: 0.0079 - acc: 0.9992 - val_loss: 0.1342 - val_acc: 0.9631
Epoch 30/30

  20/1297 [..............................] - ETA: 0s - loss: 0.0045 - acc: 1.0000
 680/1297 [==============>...............] - ETA: 0s - loss: 0.0057 - acc: 1.0000
1297/1297 [==============================] - 0s 83us/step - loss: 0.0077 - acc: 0.9992 - val_loss: 0.1296 - val_acc: 0.9662
acc: 96.62%
Train on 1297 samples, validate on 325 samples
Epoch 1/30

  20/1297 [..............................] - ETA: 40s - loss: 0.7100 - acc: 0.5000
 640/1297 [=============>................] - ETA: 0s - loss: 0.5657 - acc: 0.7719 
1297/1297 [==============================] - 1s 637us/step - loss: 0.4660 - acc: 0.8566 - val_loss: 0.2872 - val_acc: 0.9662
Epoch 2/30

  20/1297 [..............................] - ETA: 0s - loss: 0.3997 - acc: 0.9000
 720/1297 [===============>..............] - ETA: 0s - loss: 0.2564 - acc: 0.9722
1297/1297 [==============================] - 0s 79us/step - loss: 0.2357 - acc: 0.9715 - val_loss: 0.1832 - val_acc: 0.9723
Epoch 3/30

  20/1297 [..............................] - ETA: 0s - loss: 0.2161 - acc: 1.0000
 760/1297 [================>.............] - ETA: 0s - loss: 0.1579 - acc: 0.9882
1297/1297 [==============================] - 0s 77us/step - loss: 0.1568 - acc: 0.9792 - val_loss: 0.1429 - val_acc: 0.9723
Epoch 4/30

  20/1297 [..............................] - ETA: 0s - loss: 0.0726 - acc: 1.0000
 720/1297 [===============>..............] - ETA: 0s - loss: 0.1163 - acc: 0.9889
1297/1297 [==============================] - 0s 78us/step - loss: 0.1140 - acc: 0.9877 - val_loss: 0.1192 - val_acc: 0.9785
Epoch 5/30

  20/1297 [..............................] - ETA: 0s - loss: 0.1229 - acc: 0.9500
 740/1297 [================>.............] - ETA: 0s - loss: 0.0820 - acc: 0.9892
1297/1297 [==============================] - 0s 76us/step - loss: 0.0853 - acc: 0.9884 - val_loss: 0.1087 - val_acc: 0.9754
Epoch 6/30

  20/1297 [..............................] - ETA: 0s - loss: 0.0753 - acc: 1.0000
 720/1297 [===============>..............] - ETA: 0s - loss: 0.0705 - acc: 0.9917
1297/1297 [==============================] - 0s 79us/step - loss: 0.0687 - acc: 0.9907 - val_loss: 0.0971 - val_acc: 0.9754
Epoch 7/30

  20/1297 [..............................] - ETA: 0s - loss: 0.0468 - acc: 1.0000
 720/1297 [===============>..............] - ETA: 0s - loss: 0.0530 - acc: 0.9958
1297/1297 [==============================] - 0s 79us/step - loss: 0.0566 - acc: 0.9938 - val_loss: 0.0921 - val_acc: 0.9846
Epoch 8/30

  20/1297 [..............................] - ETA: 0s - loss: 0.0375 - acc: 1.0000
 720/1297 [===============>..............] - ETA: 0s - loss: 0.0423 - acc: 0.9958
1297/1297 [==============================] - 0s 78us/step - loss: 0.0469 - acc: 0.9938 - val_loss: 0.0884 - val_acc: 0.9723
Epoch 9/30

  20/1297 [..............................] - ETA: 0s - loss: 0.0152 - acc: 1.0000
 700/1297 [===============>..............] - ETA: 0s - loss: 0.0400 - acc: 0.9971
1297/1297 [==============================] - 0s 82us/step - loss: 0.0398 - acc: 0.9969 - val_loss: 0.0863 - val_acc: 0.9785
Epoch 10/30

  20/1297 [..............................] - ETA: 0s - loss: 0.0365 - acc: 1.0000
 720/1297 [===============>..............] - ETA: 0s - loss: 0.0335 - acc: 0.9972
1297/1297 [==============================] - 0s 81us/step - loss: 0.0327 - acc: 0.9969 - val_loss: 0.0832 - val_acc: 0.9815
Epoch 11/30

  20/1297 [..............................] - ETA: 0s - loss: 0.0294 - acc: 1.0000
 640/1297 [=============>................] - ETA: 0s - loss: 0.0326 - acc: 0.9969
1297/1297 [==============================] - 0s 85us/step - loss: 0.0283 - acc: 0.9969 - val_loss: 0.0801 - val_acc: 0.9785
Epoch 12/30

  20/1297 [..............................] - ETA: 0s - loss: 0.0123 - acc: 1.0000
 700/1297 [===============>..............] - ETA: 0s - loss: 0.0260 - acc: 0.9971
1297/1297 [==============================] - 0s 83us/step - loss: 0.0253 - acc: 0.9977 - val_loss: 0.0845 - val_acc: 0.9754
Epoch 13/30

  20/1297 [..............................] - ETA: 0s - loss: 0.0162 - acc: 1.0000
 700/1297 [===============>..............] - ETA: 0s - loss: 0.0227 - acc: 0.9971
1297/1297 [==============================] - 0s 82us/step - loss: 0.0225 - acc: 0.9977 - val_loss: 0.0829 - val_acc: 0.9785
Epoch 14/30

  20/1297 [..............................] - ETA: 0s - loss: 0.0081 - acc: 1.0000
 660/1297 [==============>...............] - ETA: 0s - loss: 0.0161 - acc: 0.9985
1297/1297 [==============================] - 0s 85us/step - loss: 0.0204 - acc: 0.9977 - val_loss: 0.0809 - val_acc: 0.9785
Epoch 15/30

  20/1297 [..............................] - ETA: 0s - loss: 0.0146 - acc: 1.0000
 700/1297 [===============>..............] - ETA: 0s - loss: 0.0149 - acc: 1.0000
1297/1297 [==============================] - 0s 83us/step - loss: 0.0192 - acc: 0.9977 - val_loss: 0.0789 - val_acc: 0.9723
Epoch 16/30

  20/1297 [..............................] - ETA: 0s - loss: 0.0245 - acc: 1.0000
 680/1297 [==============>...............] - ETA: 0s - loss: 0.0201 - acc: 0.9985
1297/1297 [==============================] - 0s 84us/step - loss: 0.0190 - acc: 0.9985 - val_loss: 0.0848 - val_acc: 0.9723
Epoch 17/30

  20/1297 [..............................] - ETA: 0s - loss: 0.0097 - acc: 1.0000
 620/1297 [=============>................] - ETA: 0s - loss: 0.0129 - acc: 1.0000
1160/1297 [=========================>....] - ETA: 0s - loss: 0.0149 - acc: 0.9983
1297/1297 [==============================] - 0s 95us/step - loss: 0.0148 - acc: 0.9985 - val_loss: 0.0828 - val_acc: 0.9723
Epoch 18/30

  20/1297 [..............................] - ETA: 0s - loss: 0.0112 - acc: 1.0000
 700/1297 [===============>..............] - ETA: 0s - loss: 0.0119 - acc: 0.9986
1297/1297 [==============================] - 0s 84us/step - loss: 0.0130 - acc: 0.9985 - val_loss: 0.0868 - val_acc: 0.9723
Epoch 19/30

  20/1297 [..............................] - ETA: 0s - loss: 0.0109 - acc: 1.0000
 720/1297 [===============>..............] - ETA: 0s - loss: 0.0099 - acc: 1.0000
1297/1297 [==============================] - 0s 82us/step - loss: 0.0121 - acc: 0.9985 - val_loss: 0.0844 - val_acc: 0.9754
Epoch 20/30

  20/1297 [..............................] - ETA: 0s - loss: 0.0110 - acc: 1.0000
 660/1297 [==============>...............] - ETA: 0s - loss: 0.0103 - acc: 0.9985
1240/1297 [===========================>..] - ETA: 0s - loss: 0.0108 - acc: 0.9984
1297/1297 [==============================] - 0s 92us/step - loss: 0.0108 - acc: 0.9985 - val_loss: 0.0834 - val_acc: 0.9754
Epoch 21/30

  20/1297 [..............................] - ETA: 0s - loss: 0.0053 - acc: 1.0000
 700/1297 [===============>..............] - ETA: 0s - loss: 0.0090 - acc: 1.0000
1297/1297 [==============================] - 0s 81us/step - loss: 0.0100 - acc: 0.9985 - val_loss: 0.0829 - val_acc: 0.9723
Epoch 22/30

  20/1297 [..............................] - ETA: 0s - loss: 0.0095 - acc: 1.0000
 740/1297 [================>.............] - ETA: 0s - loss: 0.0089 - acc: 0.9986
1297/1297 [==============================] - 0s 78us/step - loss: 0.0097 - acc: 0.9985 - val_loss: 0.0796 - val_acc: 0.9723
Epoch 23/30

  20/1297 [..............................] - ETA: 0s - loss: 0.0079 - acc: 1.0000
 700/1297 [===============>..............] - ETA: 0s - loss: 0.0076 - acc: 1.0000
1297/1297 [==============================] - 0s 85us/step - loss: 0.0086 - acc: 0.9985 - val_loss: 0.0805 - val_acc: 0.9754
acc: 98.46%
Train on 1298 samples, validate on 324 samples
Epoch 1/30

  20/1298 [..............................] - ETA: 56s - loss: 0.7264 - acc: 0.5500
 540/1298 [===========>..................] - ETA: 1s - loss: 0.5853 - acc: 0.7296 
1040/1298 [=======================>......] - ETA: 0s - loss: 0.5205 - acc: 0.7962
1298/1298 [==============================] - 1s 874us/step - loss: 0.4935 - acc: 0.8097 - val_loss: 0.3436 - val_acc: 0.9012
Epoch 2/30

  20/1298 [..............................] - ETA: 0s - loss: 0.3498 - acc: 0.9000
 300/1298 [=====>........................] - ETA: 0s - loss: 0.2944 - acc: 0.9433
 540/1298 [===========>..................] - ETA: 0s - loss: 0.2938 - acc: 0.9407
 880/1298 [===================>..........] - ETA: 0s - loss: 0.2714 - acc: 0.9511
1298/1298 [==============================] - 0s 162us/step - loss: 0.2684 - acc: 0.9445 - val_loss: 0.2225 - val_acc: 0.9630
Epoch 3/30

  20/1298 [..............................] - ETA: 0s - loss: 0.2364 - acc: 0.9500
 580/1298 [============>.................] - ETA: 0s - loss: 0.1987 - acc: 0.9672
1120/1298 [========================>.....] - ETA: 0s - loss: 0.1783 - acc: 0.9750
1298/1298 [==============================] - 0s 99us/step - loss: 0.1801 - acc: 0.9723 - val_loss: 0.1700 - val_acc: 0.9691
Epoch 4/30

  20/1298 [..............................] - ETA: 0s - loss: 0.1697 - acc: 0.9500
 560/1298 [===========>..................] - ETA: 0s - loss: 0.1324 - acc: 0.9839
1080/1298 [=======================>......] - ETA: 0s - loss: 0.1302 - acc: 0.9796
1298/1298 [==============================] - 0s 101us/step - loss: 0.1301 - acc: 0.9784 - val_loss: 0.1480 - val_acc: 0.9691
Epoch 5/30

  20/1298 [..............................] - ETA: 0s - loss: 0.1046 - acc: 1.0000
 620/1298 [=============>................] - ETA: 0s - loss: 0.1100 - acc: 0.9806
1180/1298 [==========================>...] - ETA: 0s - loss: 0.1043 - acc: 0.9831
1298/1298 [==============================] - 0s 94us/step - loss: 0.1040 - acc: 0.9838 - val_loss: 0.1253 - val_acc: 0.9722
Epoch 6/30

  20/1298 [..............................] - ETA: 0s - loss: 0.1258 - acc: 0.9500
 580/1298 [============>.................] - ETA: 0s - loss: 0.0934 - acc: 0.9828
1160/1298 [=========================>....] - ETA: 0s - loss: 0.0834 - acc: 0.9871
1298/1298 [==============================] - 0s 96us/step - loss: 0.0832 - acc: 0.9861 - val_loss: 0.1256 - val_acc: 0.9691
Epoch 7/30

  20/1298 [..............................] - ETA: 0s - loss: 0.0796 - acc: 0.9500
 620/1298 [=============>................] - ETA: 0s - loss: 0.0618 - acc: 0.9952
1220/1298 [===========================>..] - ETA: 0s - loss: 0.0658 - acc: 0.9902
1298/1298 [==============================] - 0s 91us/step - loss: 0.0649 - acc: 0.9908 - val_loss: 0.1199 - val_acc: 0.9691
Epoch 8/30

  20/1298 [..............................] - ETA: 0s - loss: 0.0765 - acc: 1.0000
 620/1298 [=============>................] - ETA: 0s - loss: 0.0515 - acc: 0.9919
1220/1298 [===========================>..] - ETA: 0s - loss: 0.0534 - acc: 0.9918
1298/1298 [==============================] - 0s 92us/step - loss: 0.0531 - acc: 0.9923 - val_loss: 0.1180 - val_acc: 0.9660
Epoch 9/30

  20/1298 [..............................] - ETA: 0s - loss: 0.0473 - acc: 1.0000
 640/1298 [=============>................] - ETA: 0s - loss: 0.0456 - acc: 0.9953
1200/1298 [==========================>...] - ETA: 0s - loss: 0.0449 - acc: 0.9950
1298/1298 [==============================] - 0s 93us/step - loss: 0.0456 - acc: 0.9938 - val_loss: 0.1173 - val_acc: 0.9660
Epoch 10/30

  20/1298 [..............................] - ETA: 0s - loss: 0.0160 - acc: 1.0000
 580/1298 [============>.................] - ETA: 0s - loss: 0.0365 - acc: 0.9948
1120/1298 [========================>.....] - ETA: 0s - loss: 0.0395 - acc: 0.9946
1298/1298 [==============================] - 0s 100us/step - loss: 0.0412 - acc: 0.9938 - val_loss: 0.1198 - val_acc: 0.9660
Epoch 11/30

  20/1298 [..............................] - ETA: 0s - loss: 0.0274 - acc: 1.0000
 620/1298 [=============>................] - ETA: 0s - loss: 0.0326 - acc: 0.9968
1180/1298 [==========================>...] - ETA: 0s - loss: 0.0339 - acc: 0.9949
1298/1298 [==============================] - 0s 95us/step - loss: 0.0346 - acc: 0.9938 - val_loss: 0.1187 - val_acc: 0.9599
Epoch 12/30

  20/1298 [..............................] - ETA: 0s - loss: 0.0204 - acc: 1.0000
 620/1298 [=============>................] - ETA: 0s - loss: 0.0249 - acc: 0.9968
1160/1298 [=========================>....] - ETA: 0s - loss: 0.0258 - acc: 0.9974
1298/1298 [==============================] - 0s 96us/step - loss: 0.0285 - acc: 0.9961 - val_loss: 0.1177 - val_acc: 0.9630
Epoch 13/30

  20/1298 [..............................] - ETA: 0s - loss: 0.0147 - acc: 1.0000
 620/1298 [=============>................] - ETA: 0s - loss: 0.0243 - acc: 0.9952
1220/1298 [===========================>..] - ETA: 0s - loss: 0.0246 - acc: 0.9967
1298/1298 [==============================] - 0s 92us/step - loss: 0.0253 - acc: 0.9961 - val_loss: 0.1181 - val_acc: 0.9630
Epoch 14/30

  20/1298 [..............................] - ETA: 0s - loss: 0.0128 - acc: 1.0000
 600/1298 [============>.................] - ETA: 0s - loss: 0.0219 - acc: 0.9967
1200/1298 [==========================>...] - ETA: 0s - loss: 0.0217 - acc: 0.9967
1298/1298 [==============================] - 0s 95us/step - loss: 0.0217 - acc: 0.9969 - val_loss: 0.1154 - val_acc: 0.9660
Epoch 15/30

  20/1298 [..............................] - ETA: 0s - loss: 0.0856 - acc: 0.9500
 580/1298 [============>.................] - ETA: 0s - loss: 0.0209 - acc: 0.9966
1140/1298 [=========================>....] - ETA: 0s - loss: 0.0198 - acc: 0.9965
1298/1298 [==============================] - 0s 97us/step - loss: 0.0199 - acc: 0.9961 - val_loss: 0.1147 - val_acc: 0.9630
Epoch 16/30

  20/1298 [..............................] - ETA: 0s - loss: 0.0073 - acc: 1.0000
 600/1298 [============>.................] - ETA: 0s - loss: 0.0169 - acc: 0.9983
1180/1298 [==========================>...] - ETA: 0s - loss: 0.0161 - acc: 0.9983
1298/1298 [==============================] - 0s 95us/step - loss: 0.0179 - acc: 0.9969 - val_loss: 0.1166 - val_acc: 0.9599
Epoch 17/30

  20/1298 [..............................] - ETA: 0s - loss: 0.0058 - acc: 1.0000
 620/1298 [=============>................] - ETA: 0s - loss: 0.0179 - acc: 0.9968
1240/1298 [===========================>..] - ETA: 0s - loss: 0.0176 - acc: 0.9968
1298/1298 [==============================] - 0s 91us/step - loss: 0.0176 - acc: 0.9969 - val_loss: 0.1201 - val_acc: 0.9630
Epoch 18/30

  20/1298 [..............................] - ETA: 0s - loss: 0.0084 - acc: 1.0000
 580/1298 [============>.................] - ETA: 0s - loss: 0.0160 - acc: 0.9966
1040/1298 [=======================>......] - ETA: 0s - loss: 0.0167 - acc: 0.9962
1298/1298 [==============================] - 0s 117us/step - loss: 0.0154 - acc: 0.9969 - val_loss: 0.1183 - val_acc: 0.9630
Epoch 19/30

  20/1298 [..............................] - ETA: 0s - loss: 0.0798 - acc: 0.9500
 420/1298 [========>.....................] - ETA: 0s - loss: 0.0205 - acc: 0.9905
 800/1298 [=================>............] - ETA: 0s - loss: 0.0161 - acc: 0.9950
1160/1298 [=========================>....] - ETA: 0s - loss: 0.0138 - acc: 0.9966
1298/1298 [==============================] - 0s 140us/step - loss: 0.0142 - acc: 0.9969 - val_loss: 0.1171 - val_acc: 0.9599
Epoch 20/30

  20/1298 [..............................] - ETA: 0s - loss: 0.0068 - acc: 1.0000
 540/1298 [===========>..................] - ETA: 0s - loss: 0.0144 - acc: 0.9963
 980/1298 [=====================>........] - ETA: 0s - loss: 0.0126 - acc: 0.9969
1298/1298 [==============================] - 0s 124us/step - loss: 0.0130 - acc: 0.9969 - val_loss: 0.1148 - val_acc: 0.9599
Epoch 21/30

  20/1298 [..............................] - ETA: 0s - loss: 0.0073 - acc: 1.0000
 380/1298 [=======>......................] - ETA: 0s - loss: 0.0150 - acc: 0.9921
 760/1298 [================>.............] - ETA: 0s - loss: 0.0123 - acc: 0.9961
1160/1298 [=========================>....] - ETA: 0s - loss: 0.0127 - acc: 0.9966
1298/1298 [==============================] - 0s 143us/step - loss: 0.0122 - acc: 0.9969 - val_loss: 0.1169 - val_acc: 0.9599
acc: 97.22%
Train on 1299 samples, validate on 323 samples
Epoch 1/30

  20/1299 [..............................] - ETA: 1:01 - loss: 0.6875 - acc: 0.5500
 600/1299 [============>.................] - ETA: 1s - loss: 0.5674 - acc: 0.7567  
1140/1299 [=========================>....] - ETA: 0s - loss: 0.4784 - acc: 0.8439
1299/1299 [==============================] - 1s 915us/step - loss: 0.4621 - acc: 0.8568 - val_loss: 0.2923 - val_acc: 0.9721
Epoch 2/30

  20/1299 [..............................] - ETA: 0s - loss: 0.3123 - acc: 0.9500
 540/1299 [===========>..................] - ETA: 0s - loss: 0.2712 - acc: 0.9611
1040/1299 [=======================>......] - ETA: 0s - loss: 0.2522 - acc: 0.9606
1299/1299 [==============================] - 0s 107us/step - loss: 0.2453 - acc: 0.9600 - val_loss: 0.1973 - val_acc: 0.9752
Epoch 3/30

  20/1299 [..............................] - ETA: 0s - loss: 0.1880 - acc: 0.9500
 520/1299 [===========>..................] - ETA: 0s - loss: 0.1802 - acc: 0.9712
 960/1299 [=====================>........] - ETA: 0s - loss: 0.1700 - acc: 0.9719
1299/1299 [==============================] - 0s 134us/step - loss: 0.1680 - acc: 0.9715 - val_loss: 0.1625 - val_acc: 0.9721
Epoch 4/30

  20/1299 [..............................] - ETA: 0s - loss: 0.1507 - acc: 1.0000
 420/1299 [========>.....................] - ETA: 0s - loss: 0.1289 - acc: 0.9881
 800/1299 [=================>............] - ETA: 0s - loss: 0.1274 - acc: 0.9850
1180/1299 [==========================>...] - ETA: 0s - loss: 0.1250 - acc: 0.9839
1299/1299 [==============================] - 0s 136us/step - loss: 0.1260 - acc: 0.9831 - val_loss: 0.1348 - val_acc: 0.9814
Epoch 5/30

  20/1299 [..............................] - ETA: 0s - loss: 0.1091 - acc: 1.0000
 600/1299 [============>.................] - ETA: 0s - loss: 0.1086 - acc: 0.9850
1140/1299 [=========================>....] - ETA: 0s - loss: 0.0967 - acc: 0.9886
1299/1299 [==============================] - 0s 105us/step - loss: 0.0980 - acc: 0.9885 - val_loss: 0.1240 - val_acc: 0.9783
Epoch 6/30

  20/1299 [..............................] - ETA: 0s - loss: 0.0625 - acc: 1.0000
 400/1299 [========>.....................] - ETA: 0s - loss: 0.0898 - acc: 0.9875
 760/1299 [================>.............] - ETA: 0s - loss: 0.0813 - acc: 0.9908
1120/1299 [========================>.....] - ETA: 0s - loss: 0.0799 - acc: 0.9911
1299/1299 [==============================] - 0s 157us/step - loss: 0.0799 - acc: 0.9915 - val_loss: 0.1131 - val_acc: 0.9814
Epoch 7/30

  20/1299 [..............................] - ETA: 0s - loss: 0.0444 - acc: 1.0000
 380/1299 [=======>......................] - ETA: 0s - loss: 0.0561 - acc: 0.9947
 720/1299 [===============>..............] - ETA: 0s - loss: 0.0668 - acc: 0.9903
1020/1299 [======================>.......] - ETA: 0s - loss: 0.0658 - acc: 0.9912
1299/1299 [==============================] - 0s 166us/step - loss: 0.0641 - acc: 0.9923 - val_loss: 0.1163 - val_acc: 0.9721
Epoch 8/30

  20/1299 [..............................] - ETA: 0s - loss: 0.0938 - acc: 0.9500
 380/1299 [=======>......................] - ETA: 0s - loss: 0.0553 - acc: 0.9895
 800/1299 [=================>............] - ETA: 0s - loss: 0.0550 - acc: 0.9912
1160/1299 [=========================>....] - ETA: 0s - loss: 0.0533 - acc: 0.9931
1299/1299 [==============================] - 0s 153us/step - loss: 0.0548 - acc: 0.9931 - val_loss: 0.1074 - val_acc: 0.9752
Epoch 9/30

  20/1299 [..............................] - ETA: 0s - loss: 0.0411 - acc: 1.0000
 420/1299 [========>.....................] - ETA: 0s - loss: 0.0438 - acc: 0.9929
 820/1299 [=================>............] - ETA: 0s - loss: 0.0454 - acc: 0.9939
1299/1299 [==============================] - 0s 127us/step - loss: 0.0466 - acc: 0.9938 - val_loss: 0.1039 - val_acc: 0.9783
Epoch 10/30

  20/1299 [..............................] - ETA: 0s - loss: 0.0293 - acc: 1.0000
 600/1299 [============>.................] - ETA: 0s - loss: 0.0408 - acc: 0.9933
1060/1299 [=======================>......] - ETA: 0s - loss: 0.0411 - acc: 0.9934
1299/1299 [==============================] - 0s 113us/step - loss: 0.0425 - acc: 0.9923 - val_loss: 0.1005 - val_acc: 0.9721
Epoch 11/30

  20/1299 [..............................] - ETA: 0s - loss: 0.0261 - acc: 1.0000
 200/1299 [===>..........................] - ETA: 0s - loss: 0.0309 - acc: 1.0000
 720/1299 [===============>..............] - ETA: 0s - loss: 0.0331 - acc: 0.9972
1240/1299 [===========================>..] - ETA: 0s - loss: 0.0335 - acc: 0.9968
1299/1299 [==============================] - 0s 136us/step - loss: 0.0338 - acc: 0.9962 - val_loss: 0.0941 - val_acc: 0.9783
Epoch 12/30

  20/1299 [..............................] - ETA: 0s - loss: 0.0312 - acc: 1.0000
 540/1299 [===========>..................] - ETA: 0s - loss: 0.0289 - acc: 0.9963
1020/1299 [======================>.......] - ETA: 0s - loss: 0.0302 - acc: 0.9961
1299/1299 [==============================] - 0s 106us/step - loss: 0.0288 - acc: 0.9969 - val_loss: 0.0907 - val_acc: 0.9783
Epoch 13/30

  20/1299 [..............................] - ETA: 0s - loss: 0.0192 - acc: 1.0000
 560/1299 [===========>..................] - ETA: 0s - loss: 0.0277 - acc: 0.9964
1120/1299 [========================>.....] - ETA: 0s - loss: 0.0269 - acc: 0.9973
1299/1299 [==============================] - 0s 99us/step - loss: 0.0271 - acc: 0.9969 - val_loss: 0.0957 - val_acc: 0.9783
Epoch 14/30

  20/1299 [..............................] - ETA: 0s - loss: 0.0311 - acc: 1.0000
 580/1299 [============>.................] - ETA: 0s - loss: 0.0180 - acc: 1.0000
1120/1299 [========================>.....] - ETA: 0s - loss: 0.0204 - acc: 0.9982
1299/1299 [==============================] - 0s 103us/step - loss: 0.0229 - acc: 0.9969 - val_loss: 0.0864 - val_acc: 0.9783
Epoch 15/30

  20/1299 [..............................] - ETA: 0s - loss: 0.0157 - acc: 1.0000
 540/1299 [===========>..................] - ETA: 0s - loss: 0.0198 - acc: 0.9963
1060/1299 [=======================>......] - ETA: 0s - loss: 0.0207 - acc: 0.9972
1299/1299 [==============================] - 0s 104us/step - loss: 0.0215 - acc: 0.9969 - val_loss: 0.0867 - val_acc: 0.9814
Epoch 16/30

  20/1299 [..............................] - ETA: 0s - loss: 0.0125 - acc: 1.0000
 540/1299 [===========>..................] - ETA: 0s - loss: 0.0196 - acc: 0.9963
1100/1299 [========================>.....] - ETA: 0s - loss: 0.0194 - acc: 0.9973
1299/1299 [==============================] - 0s 103us/step - loss: 0.0189 - acc: 0.9977 - val_loss: 0.0946 - val_acc: 0.9783
Epoch 17/30

  20/1299 [..............................] - ETA: 0s - loss: 0.0075 - acc: 1.0000
 560/1299 [===========>..................] - ETA: 0s - loss: 0.0186 - acc: 0.9964
1100/1299 [========================>.....] - ETA: 0s - loss: 0.0174 - acc: 0.9973
1299/1299 [==============================] - 0s 103us/step - loss: 0.0166 - acc: 0.9977 - val_loss: 0.0895 - val_acc: 0.9752
Epoch 18/30

  20/1299 [..............................] - ETA: 0s - loss: 0.0147 - acc: 1.0000
 560/1299 [===========>..................] - ETA: 0s - loss: 0.0132 - acc: 1.0000
1020/1299 [======================>.......] - ETA: 0s - loss: 0.0159 - acc: 0.9980
1299/1299 [==============================] - 0s 122us/step - loss: 0.0146 - acc: 0.9985 - val_loss: 0.0916 - val_acc: 0.9814
Epoch 19/30

  20/1299 [..............................] - ETA: 0s - loss: 0.0081 - acc: 1.0000
 440/1299 [=========>....................] - ETA: 0s - loss: 0.0175 - acc: 0.9977
 840/1299 [==================>...........] - ETA: 0s - loss: 0.0145 - acc: 0.9988
1299/1299 [==============================] - 0s 129us/step - loss: 0.0134 - acc: 0.9992 - val_loss: 0.0893 - val_acc: 0.9783
Epoch 20/30

  20/1299 [..............................] - ETA: 0s - loss: 0.0069 - acc: 1.0000
 560/1299 [===========>..................] - ETA: 0s - loss: 0.0116 - acc: 1.0000
1100/1299 [========================>.....] - ETA: 0s - loss: 0.0130 - acc: 0.9991
1299/1299 [==============================] - 0s 104us/step - loss: 0.0123 - acc: 0.9992 - val_loss: 0.0925 - val_acc: 0.9814
acc: 98.14%
Accuracy: 97.23% (+/- 1.01%)
