Train on 810 samples, validate on 812 samples
Epoch 1/30

 50/810 [>.............................] - ETA: 6s - loss: 0.7235 - acc: 0.4800
810/810 [==============================] - 1s 662us/step - loss: 0.5516 - acc: 0.7914 - val_loss: 0.3890 - val_acc: 0.9273
Epoch 2/30

 50/810 [>.............................] - ETA: 0s - loss: 0.3572 - acc: 0.9800
810/810 [==============================] - 0s 44us/step - loss: 0.3003 - acc: 0.9543 - val_loss: 0.2677 - val_acc: 0.9433
Epoch 3/30

 50/810 [>.............................] - ETA: 0s - loss: 0.2240 - acc: 0.9600
810/810 [==============================] - 0s 36us/step - loss: 0.1996 - acc: 0.9679 - val_loss: 0.2070 - val_acc: 0.9495
Epoch 4/30

 50/810 [>.............................] - ETA: 0s - loss: 0.1221 - acc: 1.0000
810/810 [==============================] - 0s 44us/step - loss: 0.1425 - acc: 0.9790 - val_loss: 0.1752 - val_acc: 0.9520
Epoch 5/30

 50/810 [>.............................] - ETA: 0s - loss: 0.1185 - acc: 1.0000
810/810 [==============================] - 0s 38us/step - loss: 0.1106 - acc: 0.9864 - val_loss: 0.1605 - val_acc: 0.9507
Epoch 6/30

 50/810 [>.............................] - ETA: 0s - loss: 0.0751 - acc: 1.0000
810/810 [==============================] - 0s 41us/step - loss: 0.0875 - acc: 0.9889 - val_loss: 0.1459 - val_acc: 0.9532
Epoch 7/30

 50/810 [>.............................] - ETA: 0s - loss: 0.0548 - acc: 1.0000
810/810 [==============================] - 0s 39us/step - loss: 0.0736 - acc: 0.9914 - val_loss: 0.1408 - val_acc: 0.9544
Epoch 8/30

 50/810 [>.............................] - ETA: 0s - loss: 0.0793 - acc: 1.0000
810/810 [==============================] - 0s 36us/step - loss: 0.0627 - acc: 0.9938 - val_loss: 0.1376 - val_acc: 0.9483
Epoch 9/30

 50/810 [>.............................] - ETA: 0s - loss: 0.0805 - acc: 0.9800
810/810 [==============================] - 0s 36us/step - loss: 0.0537 - acc: 0.9926 - val_loss: 0.1307 - val_acc: 0.9520
Epoch 10/30

 50/810 [>.............................] - ETA: 0s - loss: 0.0504 - acc: 1.0000
810/810 [==============================] - 0s 37us/step - loss: 0.0471 - acc: 0.9938 - val_loss: 0.1290 - val_acc: 0.9520
Epoch 11/30

 50/810 [>.............................] - ETA: 0s - loss: 0.0262 - acc: 1.0000
810/810 [==============================] - 0s 36us/step - loss: 0.0414 - acc: 0.9938 - val_loss: 0.1256 - val_acc: 0.9532
Epoch 12/30

 50/810 [>.............................] - ETA: 0s - loss: 0.0390 - acc: 1.0000
810/810 [==============================] - 0s 35us/step - loss: 0.0367 - acc: 0.9951 - val_loss: 0.1217 - val_acc: 0.9507
Epoch 13/30

 50/810 [>.............................] - ETA: 0s - loss: 0.0528 - acc: 0.9800
810/810 [==============================] - 0s 38us/step - loss: 0.0334 - acc: 0.9938 - val_loss: 0.1199 - val_acc: 0.9544
Epoch 14/30

 50/810 [>.............................] - ETA: 0s - loss: 0.0287 - acc: 1.0000
810/810 [==============================] - 0s 37us/step - loss: 0.0295 - acc: 0.9963 - val_loss: 0.1201 - val_acc: 0.9532
Epoch 15/30

 50/810 [>.............................] - ETA: 0s - loss: 0.0270 - acc: 1.0000
810/810 [==============================] - 0s 34us/step - loss: 0.0269 - acc: 0.9963 - val_loss: 0.1224 - val_acc: 0.9507
Epoch 16/30

 50/810 [>.............................] - ETA: 0s - loss: 0.0218 - acc: 1.0000
810/810 [==============================] - 0s 38us/step - loss: 0.0250 - acc: 0.9963 - val_loss: 0.1224 - val_acc: 0.9520
Epoch 17/30

 50/810 [>.............................] - ETA: 0s - loss: 0.0209 - acc: 1.0000
810/810 [==============================] - 0s 40us/step - loss: 0.0229 - acc: 0.9963 - val_loss: 0.1208 - val_acc: 0.9507
Epoch 18/30

 50/810 [>.............................] - ETA: 0s - loss: 0.0122 - acc: 1.0000
810/810 [==============================] - 0s 38us/step - loss: 0.0213 - acc: 0.9963 - val_loss: 0.1186 - val_acc: 0.9495
Epoch 19/30

 50/810 [>.............................] - ETA: 0s - loss: 0.0149 - acc: 1.0000
810/810 [==============================] - 0s 38us/step - loss: 0.0208 - acc: 0.9963 - val_loss: 0.1198 - val_acc: 0.9520
Epoch 20/30

 50/810 [>.............................] - ETA: 0s - loss: 0.0149 - acc: 1.0000
810/810 [==============================] - 0s 43us/step - loss: 0.0194 - acc: 0.9963 - val_loss: 0.1164 - val_acc: 0.9520
Epoch 21/30

 50/810 [>.............................] - ETA: 0s - loss: 0.0147 - acc: 1.0000
810/810 [==============================] - 0s 40us/step - loss: 0.0184 - acc: 0.9963 - val_loss: 0.1182 - val_acc: 0.9483
Epoch 22/30

 50/810 [>.............................] - ETA: 0s - loss: 0.0137 - acc: 1.0000
810/810 [==============================] - 0s 38us/step - loss: 0.0168 - acc: 0.9975 - val_loss: 0.1176 - val_acc: 0.9507
Epoch 23/30

 50/810 [>.............................] - ETA: 0s - loss: 0.0109 - acc: 1.0000
810/810 [==============================] - 0s 40us/step - loss: 0.0159 - acc: 0.9975 - val_loss: 0.1182 - val_acc: 0.9507
acc: 95.44%
Train on 812 samples, validate on 810 samples
Epoch 1/30

 50/812 [>.............................] - ETA: 8s - loss: 0.7103 - acc: 0.5000
812/812 [==============================] - 1s 806us/step - loss: 0.5366 - acc: 0.8005 - val_loss: 0.3751 - val_acc: 0.9494
Epoch 2/30

 50/812 [>.............................] - ETA: 0s - loss: 0.3461 - acc: 0.9800
812/812 [==============================] - 0s 39us/step - loss: 0.3144 - acc: 0.9520 - val_loss: 0.2666 - val_acc: 0.9593
Epoch 3/30

 50/812 [>.............................] - ETA: 0s - loss: 0.2522 - acc: 0.9400
812/812 [==============================] - 0s 38us/step - loss: 0.2231 - acc: 0.9655 - val_loss: 0.2112 - val_acc: 0.9580
Epoch 4/30

 50/812 [>.............................] - ETA: 0s - loss: 0.1964 - acc: 0.9200
812/812 [==============================] - 0s 35us/step - loss: 0.1679 - acc: 0.9754 - val_loss: 0.1815 - val_acc: 0.9568
Epoch 5/30

 50/812 [>.............................] - ETA: 0s - loss: 0.1225 - acc: 1.0000
812/812 [==============================] - 0s 37us/step - loss: 0.1305 - acc: 0.9815 - val_loss: 0.1618 - val_acc: 0.9605
Epoch 6/30

 50/812 [>.............................] - ETA: 0s - loss: 0.0966 - acc: 1.0000
812/812 [==============================] - 0s 38us/step - loss: 0.1051 - acc: 0.9877 - val_loss: 0.1475 - val_acc: 0.9630
Epoch 7/30

 50/812 [>.............................] - ETA: 0s - loss: 0.0738 - acc: 1.0000
812/812 [==============================] - 0s 37us/step - loss: 0.0862 - acc: 0.9901 - val_loss: 0.1338 - val_acc: 0.9617
Epoch 8/30

 50/812 [>.............................] - ETA: 0s - loss: 0.0897 - acc: 0.9800
812/812 [==============================] - 0s 39us/step - loss: 0.0732 - acc: 0.9951 - val_loss: 0.1279 - val_acc: 0.9568
Epoch 9/30

 50/812 [>.............................] - ETA: 0s - loss: 0.0510 - acc: 1.0000
812/812 [==============================] - 0s 38us/step - loss: 0.0636 - acc: 0.9926 - val_loss: 0.1250 - val_acc: 0.9568
Epoch 10/30

 50/812 [>.............................] - ETA: 0s - loss: 0.0446 - acc: 1.0000
812/812 [==============================] - 0s 40us/step - loss: 0.0551 - acc: 0.9951 - val_loss: 0.1186 - val_acc: 0.9617
Epoch 11/30

 50/812 [>.............................] - ETA: 0s - loss: 0.0485 - acc: 1.0000
812/812 [==============================] - 0s 44us/step - loss: 0.0486 - acc: 0.9951 - val_loss: 0.1151 - val_acc: 0.9630
Epoch 12/30

 50/812 [>.............................] - ETA: 0s - loss: 0.0439 - acc: 1.0000
812/812 [==============================] - 0s 41us/step - loss: 0.0435 - acc: 0.9951 - val_loss: 0.1143 - val_acc: 0.9617
Epoch 13/30

 50/812 [>.............................] - ETA: 0s - loss: 0.0276 - acc: 1.0000
812/812 [==============================] - 0s 40us/step - loss: 0.0399 - acc: 0.9951 - val_loss: 0.1143 - val_acc: 0.9617
Epoch 14/30

 50/812 [>.............................] - ETA: 0s - loss: 0.0335 - acc: 1.0000
812/812 [==============================] - 0s 40us/step - loss: 0.0363 - acc: 0.9951 - val_loss: 0.1109 - val_acc: 0.9630
Epoch 15/30

 50/812 [>.............................] - ETA: 0s - loss: 0.0243 - acc: 1.0000
812/812 [==============================] - 0s 41us/step - loss: 0.0331 - acc: 0.9951 - val_loss: 0.1087 - val_acc: 0.9630
Epoch 16/30

 50/812 [>.............................] - ETA: 0s - loss: 0.0295 - acc: 1.0000
812/812 [==============================] - 0s 41us/step - loss: 0.0309 - acc: 0.9951 - val_loss: 0.1064 - val_acc: 0.9617
Epoch 17/30

 50/812 [>.............................] - ETA: 0s - loss: 0.0439 - acc: 0.9800
812/812 [==============================] - 0s 43us/step - loss: 0.0286 - acc: 0.9951 - val_loss: 0.1074 - val_acc: 0.9642
Epoch 18/30

 50/812 [>.............................] - ETA: 0s - loss: 0.0203 - acc: 1.0000
812/812 [==============================] - 0s 42us/step - loss: 0.0271 - acc: 0.9951 - val_loss: 0.1075 - val_acc: 0.9605
Epoch 19/30

 50/812 [>.............................] - ETA: 0s - loss: 0.0671 - acc: 0.9800
812/812 [==============================] - 0s 41us/step - loss: 0.0260 - acc: 0.9951 - val_loss: 0.1075 - val_acc: 0.9617
Epoch 20/30

 50/812 [>.............................] - ETA: 0s - loss: 0.0135 - acc: 1.0000
812/812 [==============================] - 0s 40us/step - loss: 0.0249 - acc: 0.9951 - val_loss: 0.1079 - val_acc: 0.9605
Epoch 21/30

 50/812 [>.............................] - ETA: 0s - loss: 0.0208 - acc: 1.0000
812/812 [==============================] - 0s 39us/step - loss: 0.0237 - acc: 0.9963 - val_loss: 0.1070 - val_acc: 0.9617
Epoch 22/30

 50/812 [>.............................] - ETA: 0s - loss: 0.0231 - acc: 1.0000
812/812 [==============================] - 0s 39us/step - loss: 0.0227 - acc: 0.9963 - val_loss: 0.1075 - val_acc: 0.9630
Epoch 23/30

 50/812 [>.............................] - ETA: 0s - loss: 0.0201 - acc: 1.0000
812/812 [==============================] - 0s 41us/step - loss: 0.0218 - acc: 0.9963 - val_loss: 0.1075 - val_acc: 0.9630
Epoch 24/30

 50/812 [>.............................] - ETA: 0s - loss: 0.0098 - acc: 1.0000
812/812 [==============================] - 0s 39us/step - loss: 0.0213 - acc: 0.9963 - val_loss: 0.1072 - val_acc: 0.9630
Epoch 25/30

 50/812 [>.............................] - ETA: 0s - loss: 0.0129 - acc: 1.0000
812/812 [==============================] - 0s 38us/step - loss: 0.0206 - acc: 0.9963 - val_loss: 0.1081 - val_acc: 0.9617
Epoch 26/30

 50/812 [>.............................] - ETA: 0s - loss: 0.0077 - acc: 1.0000
812/812 [==============================] - 0s 41us/step - loss: 0.0197 - acc: 0.9963 - val_loss: 0.1103 - val_acc: 0.9630
Epoch 27/30

 50/812 [>.............................] - ETA: 0s - loss: 0.0097 - acc: 1.0000
812/812 [==============================] - 0s 37us/step - loss: 0.0190 - acc: 0.9963 - val_loss: 0.1096 - val_acc: 0.9630
Epoch 28/30

 50/812 [>.............................] - ETA: 0s - loss: 0.0153 - acc: 1.0000
812/812 [==============================] - 0s 39us/step - loss: 0.0184 - acc: 0.9963 - val_loss: 0.1082 - val_acc: 0.9642
Epoch 29/30

 50/812 [>.............................] - ETA: 0s - loss: 0.0226 - acc: 1.0000
812/812 [==============================] - 0s 37us/step - loss: 0.0194 - acc: 0.9975 - val_loss: 0.1071 - val_acc: 0.9667
Epoch 30/30

 50/812 [>.............................] - ETA: 0s - loss: 0.0130 - acc: 1.0000
812/812 [==============================] - 0s 37us/step - loss: 0.0176 - acc: 0.9975 - val_loss: 0.1077 - val_acc: 0.9642
acc: 96.42%
Accuracy: 95.93% (+/- 0.49%)
