Train on 1297 samples, validate on 325 samples
Epoch 1/30

 100/1297 [=>............................] - ETA: 5s - loss: 0.6838 - acc: 0.5600
1297/1297 [==============================] - 1s 400us/step - loss: 0.6369 - acc: 0.7440 - val_loss: 0.5785 - val_acc: 0.8554
Epoch 2/30

 100/1297 [=>............................] - ETA: 0s - loss: 0.5685 - acc: 0.8900
1297/1297 [==============================] - 0s 16us/step - loss: 0.5153 - acc: 0.9322 - val_loss: 0.4849 - val_acc: 0.9138
Epoch 3/30

 100/1297 [=>............................] - ETA: 0s - loss: 0.4490 - acc: 0.9400
1297/1297 [==============================] - 0s 14us/step - loss: 0.4289 - acc: 0.9607 - val_loss: 0.4256 - val_acc: 0.9292
Epoch 4/30

 100/1297 [=>............................] - ETA: 0s - loss: 0.3896 - acc: 0.9900
1297/1297 [==============================] - 0s 15us/step - loss: 0.3687 - acc: 0.9707 - val_loss: 0.3815 - val_acc: 0.9323
Epoch 5/30

 100/1297 [=>............................] - ETA: 0s - loss: 0.3323 - acc: 0.9900
1297/1297 [==============================] - 0s 14us/step - loss: 0.3223 - acc: 0.9753 - val_loss: 0.3460 - val_acc: 0.9323
Epoch 6/30

 100/1297 [=>............................] - ETA: 0s - loss: 0.3046 - acc: 0.9700
1297/1297 [==============================] - 0s 15us/step - loss: 0.2843 - acc: 0.9776 - val_loss: 0.3175 - val_acc: 0.9385
Epoch 7/30

 100/1297 [=>............................] - ETA: 0s - loss: 0.2571 - acc: 0.9900
1297/1297 [==============================] - 0s 14us/step - loss: 0.2523 - acc: 0.9830 - val_loss: 0.2933 - val_acc: 0.9385
Epoch 8/30

 100/1297 [=>............................] - ETA: 0s - loss: 0.2227 - acc: 0.9900
1297/1297 [==============================] - 0s 14us/step - loss: 0.2259 - acc: 0.9884 - val_loss: 0.2747 - val_acc: 0.9415
Epoch 9/30

 100/1297 [=>............................] - ETA: 0s - loss: 0.2051 - acc: 0.9800
1297/1297 [==============================] - 0s 15us/step - loss: 0.2037 - acc: 0.9892 - val_loss: 0.2582 - val_acc: 0.9385
Epoch 10/30

 100/1297 [=>............................] - ETA: 0s - loss: 0.2088 - acc: 0.9900
1297/1297 [==============================] - 0s 16us/step - loss: 0.1849 - acc: 0.9884 - val_loss: 0.2448 - val_acc: 0.9385
Epoch 11/30

 100/1297 [=>............................] - ETA: 0s - loss: 0.1783 - acc: 0.9900
1297/1297 [==============================] - 0s 16us/step - loss: 0.1682 - acc: 0.9907 - val_loss: 0.2341 - val_acc: 0.9385
Epoch 12/30

 100/1297 [=>............................] - ETA: 0s - loss: 0.1516 - acc: 1.0000
1297/1297 [==============================] - 0s 16us/step - loss: 0.1538 - acc: 0.9907 - val_loss: 0.2224 - val_acc: 0.9385
Epoch 13/30

 100/1297 [=>............................] - ETA: 0s - loss: 0.1377 - acc: 0.9900
1297/1297 [==============================] - 0s 15us/step - loss: 0.1417 - acc: 0.9931 - val_loss: 0.2136 - val_acc: 0.9415
Epoch 14/30

 100/1297 [=>............................] - ETA: 0s - loss: 0.1901 - acc: 0.9600
1297/1297 [==============================] - 0s 16us/step - loss: 0.1309 - acc: 0.9938 - val_loss: 0.2064 - val_acc: 0.9415
Epoch 15/30

 100/1297 [=>............................] - ETA: 0s - loss: 0.1187 - acc: 0.9900
1297/1297 [==============================] - 0s 16us/step - loss: 0.1206 - acc: 0.9946 - val_loss: 0.1994 - val_acc: 0.9415
Epoch 16/30

 100/1297 [=>............................] - ETA: 0s - loss: 0.1084 - acc: 1.0000
1297/1297 [==============================] - 0s 15us/step - loss: 0.1123 - acc: 0.9946 - val_loss: 0.1937 - val_acc: 0.9446
Epoch 17/30

 100/1297 [=>............................] - ETA: 0s - loss: 0.1007 - acc: 1.0000
1297/1297 [==============================] - 0s 15us/step - loss: 0.1044 - acc: 0.9946 - val_loss: 0.1881 - val_acc: 0.9446
Epoch 18/30

 100/1297 [=>............................] - ETA: 0s - loss: 0.1026 - acc: 0.9900
1297/1297 [==============================] - 0s 16us/step - loss: 0.0974 - acc: 0.9961 - val_loss: 0.1824 - val_acc: 0.9477
Epoch 19/30

 100/1297 [=>............................] - ETA: 0s - loss: 0.1028 - acc: 0.9800
1297/1297 [==============================] - 0s 16us/step - loss: 0.0908 - acc: 0.9969 - val_loss: 0.1782 - val_acc: 0.9477
Epoch 20/30

 100/1297 [=>............................] - ETA: 0s - loss: 0.0834 - acc: 0.9900
1297/1297 [==============================] - 0s 16us/step - loss: 0.0856 - acc: 0.9977 - val_loss: 0.1755 - val_acc: 0.9477
Epoch 21/30

 100/1297 [=>............................] - ETA: 0s - loss: 0.0794 - acc: 1.0000
1297/1297 [==============================] - 0s 15us/step - loss: 0.0802 - acc: 0.9985 - val_loss: 0.1721 - val_acc: 0.9477
Epoch 22/30

 100/1297 [=>............................] - ETA: 0s - loss: 0.0827 - acc: 1.0000
1297/1297 [==============================] - 0s 16us/step - loss: 0.0758 - acc: 0.9985 - val_loss: 0.1691 - val_acc: 0.9477
Epoch 23/30

 100/1297 [=>............................] - ETA: 0s - loss: 0.0781 - acc: 0.9900
1297/1297 [==============================] - 0s 16us/step - loss: 0.0715 - acc: 0.9985 - val_loss: 0.1675 - val_acc: 0.9477
Epoch 24/30

 100/1297 [=>............................] - ETA: 0s - loss: 0.0678 - acc: 1.0000
1297/1297 [==============================] - 0s 15us/step - loss: 0.0675 - acc: 0.9985 - val_loss: 0.1634 - val_acc: 0.9477
Epoch 25/30

 100/1297 [=>............................] - ETA: 0s - loss: 0.0553 - acc: 1.0000
1297/1297 [==============================] - 0s 16us/step - loss: 0.0641 - acc: 0.9985 - val_loss: 0.1621 - val_acc: 0.9477
Epoch 26/30

 100/1297 [=>............................] - ETA: 0s - loss: 0.0614 - acc: 1.0000
1297/1297 [==============================] - 0s 15us/step - loss: 0.0608 - acc: 0.9985 - val_loss: 0.1599 - val_acc: 0.9477
Epoch 27/30

 100/1297 [=>............................] - ETA: 0s - loss: 0.0578 - acc: 1.0000
1297/1297 [==============================] - 0s 16us/step - loss: 0.0578 - acc: 0.9985 - val_loss: 0.1589 - val_acc: 0.9477
Epoch 28/30

 100/1297 [=>............................] - ETA: 0s - loss: 0.0519 - acc: 1.0000
1297/1297 [==============================] - 0s 15us/step - loss: 0.0553 - acc: 0.9985 - val_loss: 0.1586 - val_acc: 0.9477
Epoch 29/30

 100/1297 [=>............................] - ETA: 0s - loss: 0.0496 - acc: 1.0000
1297/1297 [==============================] - 0s 15us/step - loss: 0.0526 - acc: 0.9985 - val_loss: 0.1556 - val_acc: 0.9477
Epoch 30/30

 100/1297 [=>............................] - ETA: 0s - loss: 0.0494 - acc: 1.0000
1297/1297 [==============================] - 0s 15us/step - loss: 0.0501 - acc: 0.9985 - val_loss: 0.1545 - val_acc: 0.9477
acc: 94.77%
Train on 1297 samples, validate on 325 samples
Epoch 1/30

 100/1297 [=>............................] - ETA: 7s - loss: 0.7280 - acc: 0.4600
1297/1297 [==============================] - 1s 538us/step - loss: 0.6047 - acc: 0.6877 - val_loss: 0.5143 - val_acc: 0.8185
Epoch 2/30

 100/1297 [=>............................] - ETA: 0s - loss: 0.5008 - acc: 0.8600
1297/1297 [==============================] - 0s 18us/step - loss: 0.4463 - acc: 0.9098 - val_loss: 0.3952 - val_acc: 0.9446
Epoch 3/30

 100/1297 [=>............................] - ETA: 0s - loss: 0.3971 - acc: 0.9600
1297/1297 [==============================] - 0s 17us/step - loss: 0.3460 - acc: 0.9607 - val_loss: 0.3255 - val_acc: 0.9446
Epoch 4/30

 100/1297 [=>............................] - ETA: 0s - loss: 0.2979 - acc: 0.9700
1297/1297 [==============================] - 0s 17us/step - loss: 0.2835 - acc: 0.9676 - val_loss: 0.2813 - val_acc: 0.9600
Epoch 5/30

 100/1297 [=>............................] - ETA: 0s - loss: 0.2515 - acc: 0.9800
1297/1297 [==============================] - 0s 20us/step - loss: 0.2391 - acc: 0.9730 - val_loss: 0.2489 - val_acc: 0.9600
Epoch 6/30

 100/1297 [=>............................] - ETA: 0s - loss: 0.2153 - acc: 0.9900
1297/1297 [==============================] - 0s 25us/step - loss: 0.2060 - acc: 0.9792 - val_loss: 0.2230 - val_acc: 0.9569
Epoch 7/30

 100/1297 [=>............................] - ETA: 0s - loss: 0.1825 - acc: 0.9800
1297/1297 [==============================] - 0s 16us/step - loss: 0.1803 - acc: 0.9838 - val_loss: 0.2042 - val_acc: 0.9631
Epoch 8/30

 100/1297 [=>............................] - ETA: 0s - loss: 0.1565 - acc: 1.0000
1297/1297 [==============================] - 0s 16us/step - loss: 0.1601 - acc: 0.9846 - val_loss: 0.1893 - val_acc: 0.9631
Epoch 9/30

 100/1297 [=>............................] - ETA: 0s - loss: 0.1431 - acc: 0.9800
1297/1297 [==============================] - 0s 20us/step - loss: 0.1433 - acc: 0.9884 - val_loss: 0.1773 - val_acc: 0.9631
Epoch 10/30

 100/1297 [=>............................] - ETA: 0s - loss: 0.1232 - acc: 1.0000
1297/1297 [==============================] - 0s 16us/step - loss: 0.1294 - acc: 0.9892 - val_loss: 0.1684 - val_acc: 0.9631
Epoch 11/30

 100/1297 [=>............................] - ETA: 0s - loss: 0.1279 - acc: 0.9800
1297/1297 [==============================] - 0s 15us/step - loss: 0.1179 - acc: 0.9931 - val_loss: 0.1603 - val_acc: 0.9631
Epoch 12/30

 100/1297 [=>............................] - ETA: 0s - loss: 0.1063 - acc: 1.0000
1297/1297 [==============================] - 0s 16us/step - loss: 0.1081 - acc: 0.9931 - val_loss: 0.1544 - val_acc: 0.9631
Epoch 13/30

 100/1297 [=>............................] - ETA: 0s - loss: 0.1235 - acc: 0.9900
1297/1297 [==============================] - 0s 21us/step - loss: 0.0983 - acc: 0.9931 - val_loss: 0.1510 - val_acc: 0.9631
Epoch 14/30

 100/1297 [=>............................] - ETA: 0s - loss: 0.0943 - acc: 0.9800
1297/1297 [==============================] - 0s 16us/step - loss: 0.0907 - acc: 0.9931 - val_loss: 0.1438 - val_acc: 0.9631
Epoch 15/30

 100/1297 [=>............................] - ETA: 0s - loss: 0.0790 - acc: 1.0000
1297/1297 [==============================] - 0s 17us/step - loss: 0.0836 - acc: 0.9931 - val_loss: 0.1391 - val_acc: 0.9631
Epoch 16/30

 100/1297 [=>............................] - ETA: 0s - loss: 0.0844 - acc: 1.0000
1297/1297 [==============================] - 0s 16us/step - loss: 0.0780 - acc: 0.9946 - val_loss: 0.1356 - val_acc: 0.9631
Epoch 17/30

 100/1297 [=>............................] - ETA: 0s - loss: 0.0753 - acc: 0.9900
1297/1297 [==============================] - 0s 18us/step - loss: 0.0725 - acc: 0.9946 - val_loss: 0.1323 - val_acc: 0.9631
Epoch 18/30

 100/1297 [=>............................] - ETA: 0s - loss: 0.0728 - acc: 0.9900
1297/1297 [==============================] - 0s 17us/step - loss: 0.0676 - acc: 0.9954 - val_loss: 0.1290 - val_acc: 0.9662
Epoch 19/30

 100/1297 [=>............................] - ETA: 0s - loss: 0.0539 - acc: 1.0000
1297/1297 [==============================] - 0s 16us/step - loss: 0.0633 - acc: 0.9954 - val_loss: 0.1270 - val_acc: 0.9631
Epoch 20/30

 100/1297 [=>............................] - ETA: 0s - loss: 0.0643 - acc: 0.9900
1297/1297 [==============================] - 0s 16us/step - loss: 0.0596 - acc: 0.9954 - val_loss: 0.1241 - val_acc: 0.9662
Epoch 21/30

 100/1297 [=>............................] - ETA: 0s - loss: 0.0524 - acc: 1.0000
1297/1297 [==============================] - 0s 16us/step - loss: 0.0557 - acc: 0.9961 - val_loss: 0.1233 - val_acc: 0.9662
Epoch 22/30

 100/1297 [=>............................] - ETA: 0s - loss: 0.0366 - acc: 1.0000
1297/1297 [==============================] - 0s 15us/step - loss: 0.0519 - acc: 0.9969 - val_loss: 0.1189 - val_acc: 0.9662
Epoch 23/30

 100/1297 [=>............................] - ETA: 0s - loss: 0.0497 - acc: 1.0000
1297/1297 [==============================] - 0s 16us/step - loss: 0.0489 - acc: 0.9969 - val_loss: 0.1169 - val_acc: 0.9692
Epoch 24/30

 100/1297 [=>............................] - ETA: 0s - loss: 0.0459 - acc: 1.0000
1297/1297 [==============================] - 0s 15us/step - loss: 0.0455 - acc: 0.9977 - val_loss: 0.1187 - val_acc: 0.9662
Epoch 25/30

 100/1297 [=>............................] - ETA: 0s - loss: 0.0501 - acc: 0.9900
1297/1297 [==============================] - 0s 15us/step - loss: 0.0431 - acc: 0.9977 - val_loss: 0.1160 - val_acc: 0.9662
Epoch 26/30

 100/1297 [=>............................] - ETA: 0s - loss: 0.0361 - acc: 1.0000
1297/1297 [==============================] - 0s 15us/step - loss: 0.0409 - acc: 0.9977 - val_loss: 0.1143 - val_acc: 0.9692
Epoch 27/30

 100/1297 [=>............................] - ETA: 0s - loss: 0.0384 - acc: 1.0000
1297/1297 [==============================] - 0s 15us/step - loss: 0.0387 - acc: 0.9977 - val_loss: 0.1146 - val_acc: 0.9692
Epoch 28/30

 100/1297 [=>............................] - ETA: 0s - loss: 0.0360 - acc: 1.0000
1297/1297 [==============================] - 0s 16us/step - loss: 0.0369 - acc: 0.9977 - val_loss: 0.1133 - val_acc: 0.9692
Epoch 29/30

 100/1297 [=>............................] - ETA: 0s - loss: 0.0307 - acc: 1.0000
1297/1297 [==============================] - 0s 15us/step - loss: 0.0351 - acc: 0.9977 - val_loss: 0.1136 - val_acc: 0.9692
Epoch 30/30

 100/1297 [=>............................] - ETA: 0s - loss: 0.0310 - acc: 1.0000
1297/1297 [==============================] - 0s 17us/step - loss: 0.0335 - acc: 0.9977 - val_loss: 0.1124 - val_acc: 0.9692
acc: 96.92%
Train on 1297 samples, validate on 325 samples
Epoch 1/30

 100/1297 [=>............................] - ETA: 8s - loss: 0.7149 - acc: 0.3800
1297/1297 [==============================] - 1s 603us/step - loss: 0.6249 - acc: 0.7024 - val_loss: 0.5316 - val_acc: 0.8769
Epoch 2/30

 100/1297 [=>............................] - ETA: 0s - loss: 0.5537 - acc: 0.8400
1297/1297 [==============================] - 0s 16us/step - loss: 0.4660 - acc: 0.9175 - val_loss: 0.4062 - val_acc: 0.9477
Epoch 3/30

 100/1297 [=>............................] - ETA: 0s - loss: 0.3839 - acc: 0.9700
1297/1297 [==============================] - 0s 17us/step - loss: 0.3656 - acc: 0.9553 - val_loss: 0.3353 - val_acc: 0.9723
Epoch 4/30

 100/1297 [=>............................] - ETA: 0s - loss: 0.3150 - acc: 0.9800
1297/1297 [==============================] - 0s 16us/step - loss: 0.3075 - acc: 0.9707 - val_loss: 0.2930 - val_acc: 0.9692
Epoch 5/30

 100/1297 [=>............................] - ETA: 0s - loss: 0.2822 - acc: 0.9500
1297/1297 [==============================] - 0s 15us/step - loss: 0.2666 - acc: 0.9753 - val_loss: 0.2602 - val_acc: 0.9754
Epoch 6/30

 100/1297 [=>............................] - ETA: 0s - loss: 0.2218 - acc: 0.9800
1297/1297 [==============================] - 0s 14us/step - loss: 0.2350 - acc: 0.9761 - val_loss: 0.2328 - val_acc: 0.9785
Epoch 7/30

 100/1297 [=>............................] - ETA: 0s - loss: 0.2350 - acc: 0.9800
1297/1297 [==============================] - 0s 16us/step - loss: 0.2099 - acc: 0.9815 - val_loss: 0.2117 - val_acc: 0.9754
Epoch 8/30

 100/1297 [=>............................] - ETA: 0s - loss: 0.1973 - acc: 0.9800
1297/1297 [==============================] - 0s 15us/step - loss: 0.1882 - acc: 0.9815 - val_loss: 0.1949 - val_acc: 0.9754
Epoch 9/30

 100/1297 [=>............................] - ETA: 0s - loss: 0.1473 - acc: 1.0000
1297/1297 [==============================] - 0s 16us/step - loss: 0.1697 - acc: 0.9838 - val_loss: 0.1787 - val_acc: 0.9815
Epoch 10/30

 100/1297 [=>............................] - ETA: 0s - loss: 0.1758 - acc: 0.9500
1297/1297 [==============================] - 0s 15us/step - loss: 0.1542 - acc: 0.9846 - val_loss: 0.1671 - val_acc: 0.9815
Epoch 11/30

 100/1297 [=>............................] - ETA: 0s - loss: 0.1353 - acc: 0.9800
1297/1297 [==============================] - 0s 14us/step - loss: 0.1406 - acc: 0.9854 - val_loss: 0.1566 - val_acc: 0.9846
Epoch 12/30

 100/1297 [=>............................] - ETA: 0s - loss: 0.1235 - acc: 0.9900
1297/1297 [==============================] - 0s 16us/step - loss: 0.1294 - acc: 0.9854 - val_loss: 0.1468 - val_acc: 0.9846
Epoch 13/30

 100/1297 [=>............................] - ETA: 0s - loss: 0.1200 - acc: 0.9800
1297/1297 [==============================] - 0s 17us/step - loss: 0.1191 - acc: 0.9861 - val_loss: 0.1395 - val_acc: 0.9846
Epoch 14/30

 100/1297 [=>............................] - ETA: 0s - loss: 0.1335 - acc: 0.9800
1297/1297 [==============================] - 0s 16us/step - loss: 0.1098 - acc: 0.9892 - val_loss: 0.1314 - val_acc: 0.9815
Epoch 15/30

 100/1297 [=>............................] - ETA: 0s - loss: 0.0955 - acc: 0.9900
1297/1297 [==============================] - 0s 16us/step - loss: 0.1025 - acc: 0.9900 - val_loss: 0.1244 - val_acc: 0.9815
Epoch 16/30

 100/1297 [=>............................] - ETA: 0s - loss: 0.0937 - acc: 0.9800
1297/1297 [==============================] - 0s 15us/step - loss: 0.0950 - acc: 0.9900 - val_loss: 0.1219 - val_acc: 0.9815
Epoch 17/30

 100/1297 [=>............................] - ETA: 0s - loss: 0.0909 - acc: 0.9900
1297/1297 [==============================] - 0s 15us/step - loss: 0.0889 - acc: 0.9900 - val_loss: 0.1130 - val_acc: 0.9815
Epoch 18/30

 100/1297 [=>............................] - ETA: 0s - loss: 0.0886 - acc: 0.9900
1297/1297 [==============================] - 0s 16us/step - loss: 0.0832 - acc: 0.9907 - val_loss: 0.1115 - val_acc: 0.9785
Epoch 19/30

 100/1297 [=>............................] - ETA: 0s - loss: 0.0809 - acc: 0.9900
1297/1297 [==============================] - 0s 15us/step - loss: 0.0782 - acc: 0.9923 - val_loss: 0.1059 - val_acc: 0.9785
Epoch 20/30

 100/1297 [=>............................] - ETA: 0s - loss: 0.0882 - acc: 0.9900
1297/1297 [==============================] - 0s 15us/step - loss: 0.0733 - acc: 0.9923 - val_loss: 0.1016 - val_acc: 0.9785
Epoch 21/30

 100/1297 [=>............................] - ETA: 0s - loss: 0.0905 - acc: 0.9700
1297/1297 [==============================] - 0s 15us/step - loss: 0.0692 - acc: 0.9923 - val_loss: 0.0992 - val_acc: 0.9785
Epoch 22/30

 100/1297 [=>............................] - ETA: 0s - loss: 0.0572 - acc: 1.0000
1297/1297 [==============================] - 0s 15us/step - loss: 0.0653 - acc: 0.9946 - val_loss: 0.0967 - val_acc: 0.9785
Epoch 23/30

 100/1297 [=>............................] - ETA: 0s - loss: 0.0672 - acc: 0.9900
1297/1297 [==============================] - 0s 15us/step - loss: 0.0621 - acc: 0.9946 - val_loss: 0.0919 - val_acc: 0.9785
Epoch 24/30

 100/1297 [=>............................] - ETA: 0s - loss: 0.0701 - acc: 0.9800
1297/1297 [==============================] - 0s 15us/step - loss: 0.0588 - acc: 0.9954 - val_loss: 0.0909 - val_acc: 0.9785
Epoch 25/30

 100/1297 [=>............................] - ETA: 0s - loss: 0.0555 - acc: 1.0000
1297/1297 [==============================] - 0s 15us/step - loss: 0.0558 - acc: 0.9961 - val_loss: 0.0880 - val_acc: 0.9785
Epoch 26/30

 100/1297 [=>............................] - ETA: 0s - loss: 0.0544 - acc: 1.0000
1297/1297 [==============================] - 0s 15us/step - loss: 0.0529 - acc: 0.9961 - val_loss: 0.0868 - val_acc: 0.9785
Epoch 27/30

 100/1297 [=>............................] - ETA: 0s - loss: 0.0433 - acc: 1.0000
1297/1297 [==============================] - 0s 16us/step - loss: 0.0502 - acc: 0.9969 - val_loss: 0.0840 - val_acc: 0.9785
acc: 98.46%
Train on 1298 samples, validate on 324 samples
Epoch 1/30

 100/1298 [=>............................] - ETA: 8s - loss: 0.6857 - acc: 0.5300
1298/1298 [==============================] - 1s 612us/step - loss: 0.6264 - acc: 0.7103 - val_loss: 0.5370 - val_acc: 0.8642
Epoch 2/30

 100/1298 [=>............................] - ETA: 0s - loss: 0.5401 - acc: 0.8200
1298/1298 [==============================] - 0s 16us/step - loss: 0.4749 - acc: 0.9052 - val_loss: 0.4084 - val_acc: 0.9506
Epoch 3/30

 100/1298 [=>............................] - ETA: 0s - loss: 0.3948 - acc: 0.9600
1298/1298 [==============================] - 0s 15us/step - loss: 0.3740 - acc: 0.9561 - val_loss: 0.3430 - val_acc: 0.9506
Epoch 4/30

 100/1298 [=>............................] - ETA: 0s - loss: 0.3229 - acc: 0.9600
1298/1298 [==============================] - 0s 16us/step - loss: 0.3146 - acc: 0.9653 - val_loss: 0.2988 - val_acc: 0.9506
Epoch 5/30

 100/1298 [=>............................] - ETA: 0s - loss: 0.3004 - acc: 0.9700
1298/1298 [==============================] - 0s 15us/step - loss: 0.2717 - acc: 0.9707 - val_loss: 0.2672 - val_acc: 0.9568
Epoch 6/30

 100/1298 [=>............................] - ETA: 0s - loss: 0.2308 - acc: 0.9700
1298/1298 [==============================] - 0s 14us/step - loss: 0.2393 - acc: 0.9738 - val_loss: 0.2427 - val_acc: 0.9568
Epoch 7/30

 100/1298 [=>............................] - ETA: 0s - loss: 0.2503 - acc: 0.9700
1298/1298 [==============================] - 0s 14us/step - loss: 0.2117 - acc: 0.9761 - val_loss: 0.2218 - val_acc: 0.9599
Epoch 8/30

 100/1298 [=>............................] - ETA: 0s - loss: 0.1925 - acc: 0.9900
1298/1298 [==============================] - 0s 15us/step - loss: 0.1894 - acc: 0.9792 - val_loss: 0.2064 - val_acc: 0.9568
Epoch 9/30

 100/1298 [=>............................] - ETA: 0s - loss: 0.1599 - acc: 0.9900
1298/1298 [==============================] - 0s 15us/step - loss: 0.1703 - acc: 0.9815 - val_loss: 0.1899 - val_acc: 0.9660
Epoch 10/30

 100/1298 [=>............................] - ETA: 0s - loss: 0.1760 - acc: 0.9700
1298/1298 [==============================] - 0s 15us/step - loss: 0.1542 - acc: 0.9831 - val_loss: 0.1807 - val_acc: 0.9691
Epoch 11/30

 100/1298 [=>............................] - ETA: 0s - loss: 0.1613 - acc: 0.9800
1298/1298 [==============================] - 0s 14us/step - loss: 0.1406 - acc: 0.9838 - val_loss: 0.1707 - val_acc: 0.9660
Epoch 12/30

 100/1298 [=>............................] - ETA: 0s - loss: 0.1345 - acc: 0.9800
1298/1298 [==============================] - 0s 16us/step - loss: 0.1292 - acc: 0.9846 - val_loss: 0.1643 - val_acc: 0.9660
Epoch 13/30

 100/1298 [=>............................] - ETA: 0s - loss: 0.1109 - acc: 1.0000
1298/1298 [==============================] - 0s 16us/step - loss: 0.1192 - acc: 0.9846 - val_loss: 0.1584 - val_acc: 0.9630
Epoch 14/30

 100/1298 [=>............................] - ETA: 0s - loss: 0.1098 - acc: 0.9900
1298/1298 [==============================] - 0s 15us/step - loss: 0.1101 - acc: 0.9877 - val_loss: 0.1518 - val_acc: 0.9691
Epoch 15/30

 100/1298 [=>............................] - ETA: 0s - loss: 0.1301 - acc: 0.9800
1298/1298 [==============================] - 0s 16us/step - loss: 0.1021 - acc: 0.9892 - val_loss: 0.1465 - val_acc: 0.9691
Epoch 16/30

 100/1298 [=>............................] - ETA: 0s - loss: 0.1129 - acc: 0.9800
1298/1298 [==============================] - 0s 16us/step - loss: 0.0949 - acc: 0.9892 - val_loss: 0.1431 - val_acc: 0.9660
Epoch 17/30

 100/1298 [=>............................] - ETA: 0s - loss: 0.1087 - acc: 0.9800
1298/1298 [==============================] - 0s 15us/step - loss: 0.0887 - acc: 0.9900 - val_loss: 0.1375 - val_acc: 0.9722
Epoch 18/30

 100/1298 [=>............................] - ETA: 0s - loss: 0.0817 - acc: 0.9900
1298/1298 [==============================] - 0s 17us/step - loss: 0.0829 - acc: 0.9923 - val_loss: 0.1345 - val_acc: 0.9722
Epoch 19/30

 100/1298 [=>............................] - ETA: 0s - loss: 0.0738 - acc: 1.0000
1298/1298 [==============================] - 0s 16us/step - loss: 0.0781 - acc: 0.9923 - val_loss: 0.1319 - val_acc: 0.9722
Epoch 20/30

 100/1298 [=>............................] - ETA: 0s - loss: 0.0670 - acc: 1.0000
1298/1298 [==============================] - 0s 16us/step - loss: 0.0734 - acc: 0.9938 - val_loss: 0.1282 - val_acc: 0.9691
Epoch 21/30

 100/1298 [=>............................] - ETA: 0s - loss: 0.0606 - acc: 1.0000
1298/1298 [==============================] - 0s 30us/step - loss: 0.0693 - acc: 0.9931 - val_loss: 0.1264 - val_acc: 0.9722
Epoch 22/30

 100/1298 [=>............................] - ETA: 0s - loss: 0.0583 - acc: 1.0000
1298/1298 [==============================] - 0s 20us/step - loss: 0.0654 - acc: 0.9938 - val_loss: 0.1243 - val_acc: 0.9722
Epoch 23/30

 100/1298 [=>............................] - ETA: 0s - loss: 0.0924 - acc: 0.9800
1298/1298 [==============================] - 0s 18us/step - loss: 0.0622 - acc: 0.9946 - val_loss: 0.1223 - val_acc: 0.9722
Epoch 24/30

 100/1298 [=>............................] - ETA: 0s - loss: 0.0605 - acc: 1.0000
1298/1298 [==============================] - 0s 19us/step - loss: 0.0592 - acc: 0.9946 - val_loss: 0.1209 - val_acc: 0.9722
Epoch 25/30

 100/1298 [=>............................] - ETA: 0s - loss: 0.0499 - acc: 1.0000
1298/1298 [==============================] - 0s 21us/step - loss: 0.0562 - acc: 0.9946 - val_loss: 0.1192 - val_acc: 0.9722
Epoch 26/30

 100/1298 [=>............................] - ETA: 0s - loss: 0.0471 - acc: 1.0000
1298/1298 [==============================] - 0s 20us/step - loss: 0.0536 - acc: 0.9969 - val_loss: 0.1181 - val_acc: 0.9722
Epoch 27/30

 100/1298 [=>............................] - ETA: 0s - loss: 0.0434 - acc: 1.0000
1298/1298 [==============================] - 0s 23us/step - loss: 0.0512 - acc: 0.9969 - val_loss: 0.1166 - val_acc: 0.9722
Epoch 28/30

 100/1298 [=>............................] - ETA: 0s - loss: 0.0786 - acc: 0.9900
1298/1298 [==============================] - 0s 17us/step - loss: 0.0491 - acc: 0.9969 - val_loss: 0.1158 - val_acc: 0.9722
Epoch 29/30

 100/1298 [=>............................] - ETA: 0s - loss: 0.0455 - acc: 0.9900
1298/1298 [==============================] - 0s 17us/step - loss: 0.0471 - acc: 0.9969 - val_loss: 0.1145 - val_acc: 0.9722
Epoch 30/30

 100/1298 [=>............................] - ETA: 0s - loss: 0.0431 - acc: 0.9900
1298/1298 [==============================] - 0s 16us/step - loss: 0.0447 - acc: 0.9969 - val_loss: 0.1138 - val_acc: 0.9722
acc: 97.22%
Train on 1299 samples, validate on 323 samples
Epoch 1/30

 100/1299 [=>............................] - ETA: 9s - loss: 0.7245 - acc: 0.3900
1299/1299 [==============================] - 1s 712us/step - loss: 0.6379 - acc: 0.6697 - val_loss: 0.5401 - val_acc: 0.8916
Epoch 2/30

 100/1299 [=>............................] - ETA: 0s - loss: 0.5518 - acc: 0.8500
1299/1299 [==============================] - 0s 17us/step - loss: 0.4732 - acc: 0.9284 - val_loss: 0.4085 - val_acc: 0.9443
Epoch 3/30

 100/1299 [=>............................] - ETA: 0s - loss: 0.4020 - acc: 0.9700
1299/1299 [==============================] - 0s 15us/step - loss: 0.3678 - acc: 0.9554 - val_loss: 0.3366 - val_acc: 0.9598
Epoch 4/30

 100/1299 [=>............................] - ETA: 0s - loss: 0.3392 - acc: 0.9600
1299/1299 [==============================] - 0s 15us/step - loss: 0.3067 - acc: 0.9646 - val_loss: 0.2929 - val_acc: 0.9659
Epoch 5/30

 100/1299 [=>............................] - ETA: 0s - loss: 0.2712 - acc: 0.9600
1299/1299 [==============================] - 0s 15us/step - loss: 0.2645 - acc: 0.9684 - val_loss: 0.2590 - val_acc: 0.9659
Epoch 6/30

 100/1299 [=>............................] - ETA: 0s - loss: 0.2807 - acc: 0.9300
1299/1299 [==============================] - 0s 15us/step - loss: 0.2323 - acc: 0.9715 - val_loss: 0.2350 - val_acc: 0.9659
Epoch 7/30

 100/1299 [=>............................] - ETA: 0s - loss: 0.2350 - acc: 0.9600
1299/1299 [==============================] - 0s 16us/step - loss: 0.2077 - acc: 0.9731 - val_loss: 0.2128 - val_acc: 0.9721
Epoch 8/30

 100/1299 [=>............................] - ETA: 0s - loss: 0.1929 - acc: 0.9900
1299/1299 [==============================] - 0s 16us/step - loss: 0.1869 - acc: 0.9792 - val_loss: 0.1942 - val_acc: 0.9721
Epoch 9/30

 100/1299 [=>............................] - ETA: 0s - loss: 0.1558 - acc: 0.9900
1299/1299 [==============================] - 0s 15us/step - loss: 0.1698 - acc: 0.9838 - val_loss: 0.1801 - val_acc: 0.9721
Epoch 10/30

 100/1299 [=>............................] - ETA: 0s - loss: 0.1396 - acc: 0.9800
1299/1299 [==============================] - 0s 15us/step - loss: 0.1543 - acc: 0.9838 - val_loss: 0.1678 - val_acc: 0.9721
Epoch 11/30

 100/1299 [=>............................] - ETA: 0s - loss: 0.1504 - acc: 0.9800
1299/1299 [==============================] - 0s 14us/step - loss: 0.1417 - acc: 0.9838 - val_loss: 0.1578 - val_acc: 0.9721
Epoch 12/30

 100/1299 [=>............................] - ETA: 0s - loss: 0.1461 - acc: 0.9800
1299/1299 [==============================] - 0s 14us/step - loss: 0.1299 - acc: 0.9854 - val_loss: 0.1484 - val_acc: 0.9721
Epoch 13/30

 100/1299 [=>............................] - ETA: 0s - loss: 0.1042 - acc: 0.9900
1299/1299 [==============================] - 0s 15us/step - loss: 0.1190 - acc: 0.9869 - val_loss: 0.1423 - val_acc: 0.9721
Epoch 14/30

 100/1299 [=>............................] - ETA: 0s - loss: 0.0900 - acc: 1.0000
1299/1299 [==============================] - 0s 16us/step - loss: 0.1103 - acc: 0.9869 - val_loss: 0.1356 - val_acc: 0.9752
Epoch 15/30

 100/1299 [=>............................] - ETA: 0s - loss: 0.0995 - acc: 0.9900
1299/1299 [==============================] - 0s 16us/step - loss: 0.1015 - acc: 0.9915 - val_loss: 0.1284 - val_acc: 0.9752
Epoch 16/30

 100/1299 [=>............................] - ETA: 0s - loss: 0.0836 - acc: 0.9900
1299/1299 [==============================] - 0s 16us/step - loss: 0.0954 - acc: 0.9931 - val_loss: 0.1272 - val_acc: 0.9690
Epoch 17/30

 100/1299 [=>............................] - ETA: 0s - loss: 0.0838 - acc: 1.0000
1299/1299 [==============================] - 0s 16us/step - loss: 0.0876 - acc: 0.9931 - val_loss: 0.1223 - val_acc: 0.9721
Epoch 18/30

 100/1299 [=>............................] - ETA: 0s - loss: 0.0811 - acc: 0.9900
1299/1299 [==============================] - 0s 16us/step - loss: 0.0817 - acc: 0.9931 - val_loss: 0.1170 - val_acc: 0.9752
Epoch 19/30

 100/1299 [=>............................] - ETA: 0s - loss: 0.0722 - acc: 1.0000
1299/1299 [==============================] - 0s 17us/step - loss: 0.0760 - acc: 0.9954 - val_loss: 0.1142 - val_acc: 0.9752
Epoch 20/30

 100/1299 [=>............................] - ETA: 0s - loss: 0.0750 - acc: 0.9900
1299/1299 [==============================] - 0s 16us/step - loss: 0.0710 - acc: 0.9946 - val_loss: 0.1122 - val_acc: 0.9752
Epoch 21/30

 100/1299 [=>............................] - ETA: 0s - loss: 0.0642 - acc: 1.0000
1299/1299 [==============================] - 0s 16us/step - loss: 0.0668 - acc: 0.9962 - val_loss: 0.1086 - val_acc: 0.9752
Epoch 22/30

 100/1299 [=>............................] - ETA: 0s - loss: 0.0532 - acc: 1.0000
1299/1299 [==============================] - 0s 16us/step - loss: 0.0628 - acc: 0.9954 - val_loss: 0.1094 - val_acc: 0.9752
Epoch 23/30

 100/1299 [=>............................] - ETA: 0s - loss: 0.0634 - acc: 1.0000
1299/1299 [==============================] - 0s 16us/step - loss: 0.0592 - acc: 0.9962 - val_loss: 0.1037 - val_acc: 0.9752
Epoch 24/30

 100/1299 [=>............................] - ETA: 0s - loss: 0.0527 - acc: 1.0000
1299/1299 [==============================] - 0s 16us/step - loss: 0.0559 - acc: 0.9969 - val_loss: 0.1011 - val_acc: 0.9752
Epoch 25/30

 100/1299 [=>............................] - ETA: 0s - loss: 0.0500 - acc: 0.9900
1299/1299 [==============================] - 0s 16us/step - loss: 0.0529 - acc: 0.9969 - val_loss: 0.0999 - val_acc: 0.9752
Epoch 26/30

 100/1299 [=>............................] - ETA: 0s - loss: 0.0446 - acc: 1.0000
1299/1299 [==============================] - 0s 17us/step - loss: 0.0500 - acc: 0.9977 - val_loss: 0.0969 - val_acc: 0.9783
Epoch 27/30

 100/1299 [=>............................] - ETA: 0s - loss: 0.0446 - acc: 1.0000
1299/1299 [==============================] - 0s 16us/step - loss: 0.0475 - acc: 0.9985 - val_loss: 0.0961 - val_acc: 0.9752
Epoch 28/30

 100/1299 [=>............................] - ETA: 0s - loss: 0.0466 - acc: 1.0000
1299/1299 [==============================] - 0s 17us/step - loss: 0.0449 - acc: 0.9985 - val_loss: 0.0930 - val_acc: 0.9783
Epoch 29/30

 100/1299 [=>............................] - ETA: 0s - loss: 0.0405 - acc: 1.0000
1299/1299 [==============================] - 0s 16us/step - loss: 0.0428 - acc: 0.9985 - val_loss: 0.0904 - val_acc: 0.9752
Epoch 30/30

 100/1299 [=>............................] - ETA: 0s - loss: 0.0335 - acc: 1.0000
1299/1299 [==============================] - 0s 17us/step - loss: 0.0405 - acc: 0.9985 - val_loss: 0.0904 - val_acc: 0.9783
acc: 97.83%
Accuracy: 97.04% (+/- 1.25%)
