Train on 1459 samples, validate on 163 samples
Epoch 1/30

  20/1459 [..............................] - ETA: 29s - loss: 0.8034 - acc: 0.4000
 760/1459 [==============>...............] - ETA: 0s - loss: 0.5451 - acc: 0.7816 
1459/1459 [==============================] - 1s 384us/step - loss: 0.4457 - acc: 0.8472 - val_loss: 0.2515 - val_acc: 0.9693
Epoch 2/30

  20/1459 [..............................] - ETA: 0s - loss: 0.2272 - acc: 1.0000
 800/1459 [===============>..............] - ETA: 0s - loss: 0.2360 - acc: 0.9512
1459/1459 [==============================] - 0s 68us/step - loss: 0.2120 - acc: 0.9575 - val_loss: 0.1663 - val_acc: 0.9632
Epoch 3/30

  20/1459 [..............................] - ETA: 0s - loss: 0.1252 - acc: 1.0000
 800/1459 [===============>..............] - ETA: 0s - loss: 0.1467 - acc: 0.9725
1459/1459 [==============================] - 0s 65us/step - loss: 0.1331 - acc: 0.9767 - val_loss: 0.1424 - val_acc: 0.9632
acc: 96.93%
Train on 1459 samples, validate on 163 samples
Epoch 1/30

  20/1459 [..............................] - ETA: 35s - loss: 0.7236 - acc: 0.3500
 780/1459 [===============>..............] - ETA: 0s - loss: 0.5536 - acc: 0.7872 
1459/1459 [==============================] - 1s 444us/step - loss: 0.4644 - acc: 0.8568 - val_loss: 0.3138 - val_acc: 0.9509
Epoch 2/30

  20/1459 [..............................] - ETA: 0s - loss: 0.2454 - acc: 1.0000
 800/1459 [===============>..............] - ETA: 0s - loss: 0.2472 - acc: 0.9650
1459/1459 [==============================] - 0s 67us/step - loss: 0.2222 - acc: 0.9685 - val_loss: 0.2138 - val_acc: 0.9571
Epoch 3/30

  20/1459 [..............................] - ETA: 0s - loss: 0.2183 - acc: 0.9500
 820/1459 [===============>..............] - ETA: 0s - loss: 0.1508 - acc: 0.9744
1459/1459 [==============================] - 0s 65us/step - loss: 0.1444 - acc: 0.9753 - val_loss: 0.1676 - val_acc: 0.9509
Epoch 4/30

  20/1459 [..............................] - ETA: 0s - loss: 0.0931 - acc: 1.0000
 880/1459 [=================>............] - ETA: 0s - loss: 0.0979 - acc: 0.9864
1459/1459 [==============================] - 0s 61us/step - loss: 0.1009 - acc: 0.9842 - val_loss: 0.1430 - val_acc: 0.9509
acc: 95.71%
Train on 1459 samples, validate on 163 samples
Epoch 1/30

  20/1459 [..............................] - ETA: 43s - loss: 0.6495 - acc: 0.5000
 820/1459 [===============>..............] - ETA: 0s - loss: 0.5647 - acc: 0.7951 
1459/1459 [==============================] - 1s 526us/step - loss: 0.4780 - acc: 0.8684 - val_loss: 0.3385 - val_acc: 0.9509
Epoch 2/30

  20/1459 [..............................] - ETA: 0s - loss: 0.2345 - acc: 1.0000
 820/1459 [===============>..............] - ETA: 0s - loss: 0.2775 - acc: 0.9585
1459/1459 [==============================] - 0s 70us/step - loss: 0.2518 - acc: 0.9678 - val_loss: 0.2218 - val_acc: 0.9632
Epoch 3/30

  20/1459 [..............................] - ETA: 0s - loss: 0.1738 - acc: 1.0000
 760/1459 [==============>...............] - ETA: 0s - loss: 0.1690 - acc: 0.9789
1459/1459 [==============================] - 0s 69us/step - loss: 0.1674 - acc: 0.9740 - val_loss: 0.1721 - val_acc: 0.9632
Epoch 4/30

  20/1459 [..............................] - ETA: 0s - loss: 0.0898 - acc: 1.0000
 860/1459 [================>.............] - ETA: 0s - loss: 0.1242 - acc: 0.9860
1459/1459 [==============================] - 0s 64us/step - loss: 0.1226 - acc: 0.9822 - val_loss: 0.1412 - val_acc: 0.9571
acc: 96.32%
Train on 1460 samples, validate on 162 samples
Epoch 1/30

  20/1460 [..............................] - ETA: 48s - loss: 0.6728 - acc: 0.6000
 800/1460 [===============>..............] - ETA: 0s - loss: 0.5408 - acc: 0.7987 
1460/1460 [==============================] - 1s 585us/step - loss: 0.4472 - acc: 0.8685 - val_loss: 0.2696 - val_acc: 0.9753
Epoch 2/30

  20/1460 [..............................] - ETA: 0s - loss: 0.2452 - acc: 1.0000
 760/1460 [==============>...............] - ETA: 0s - loss: 0.2260 - acc: 0.9724
1460/1460 [==============================] - 0s 71us/step - loss: 0.2126 - acc: 0.9671 - val_loss: 0.1728 - val_acc: 0.9630
Epoch 3/30

  20/1460 [..............................] - ETA: 0s - loss: 0.1876 - acc: 0.9500
 780/1460 [===============>..............] - ETA: 0s - loss: 0.1559 - acc: 0.9731
1460/1460 [==============================] - 0s 69us/step - loss: 0.1435 - acc: 0.9740 - val_loss: 0.1232 - val_acc: 0.9691
acc: 97.53%
Train on 1460 samples, validate on 162 samples
Epoch 1/30

  20/1460 [..............................] - ETA: 55s - loss: 0.6951 - acc: 0.5000
 840/1460 [================>.............] - ETA: 0s - loss: 0.5376 - acc: 0.8167 
1460/1460 [==============================] - 1s 652us/step - loss: 0.4586 - acc: 0.8712 - val_loss: 0.3051 - val_acc: 0.9444
Epoch 2/30

  20/1460 [..............................] - ETA: 0s - loss: 0.2224 - acc: 1.0000
 780/1460 [===============>..............] - ETA: 0s - loss: 0.2482 - acc: 0.9628
1460/1460 [==============================] - 0s 73us/step - loss: 0.2279 - acc: 0.9664 - val_loss: 0.1956 - val_acc: 0.9691
Epoch 3/30

  20/1460 [..............................] - ETA: 0s - loss: 0.1666 - acc: 1.0000
 720/1460 [=============>................] - ETA: 0s - loss: 0.1665 - acc: 0.9806
1460/1460 [==============================] - 0s 74us/step - loss: 0.1552 - acc: 0.9788 - val_loss: 0.1549 - val_acc: 0.9691
Epoch 4/30

  20/1460 [..............................] - ETA: 0s - loss: 0.1187 - acc: 1.0000
 860/1460 [================>.............] - ETA: 0s - loss: 0.1209 - acc: 0.9860
1460/1460 [==============================] - 0s 64us/step - loss: 0.1157 - acc: 0.9842 - val_loss: 0.1355 - val_acc: 0.9691
acc: 96.91%
Train on 1460 samples, validate on 162 samples
Epoch 1/30

  20/1460 [..............................] - ETA: 1:04 - loss: 0.6759 - acc: 0.6000
 760/1460 [==============>...............] - ETA: 0s - loss: 0.5714 - acc: 0.7763  
1460/1460 [==============================] - 1s 750us/step - loss: 0.4791 - acc: 0.8527 - val_loss: 0.2890 - val_acc: 0.9815
Epoch 2/30

  20/1460 [..............................] - ETA: 0s - loss: 0.2759 - acc: 0.9500
 780/1460 [===============>..............] - ETA: 0s - loss: 0.2596 - acc: 0.9667
1460/1460 [==============================] - 0s 69us/step - loss: 0.2321 - acc: 0.9692 - val_loss: 0.1762 - val_acc: 0.9753
Epoch 3/30

  20/1460 [..............................] - ETA: 0s - loss: 0.1336 - acc: 1.0000
 780/1460 [===============>..............] - ETA: 0s - loss: 0.1568 - acc: 0.9795
1460/1460 [==============================] - 0s 69us/step - loss: 0.1483 - acc: 0.9767 - val_loss: 0.1185 - val_acc: 0.9877
Epoch 4/30

  20/1460 [..............................] - ETA: 0s - loss: 0.1738 - acc: 0.9500
 840/1460 [================>.............] - ETA: 0s - loss: 0.1080 - acc: 0.9845
1460/1460 [==============================] - 0s 64us/step - loss: 0.1070 - acc: 0.9822 - val_loss: 0.0991 - val_acc: 0.9815
Epoch 5/30

  20/1460 [..............................] - ETA: 0s - loss: 0.1346 - acc: 0.9500
 820/1460 [===============>..............] - ETA: 0s - loss: 0.0825 - acc: 0.9890
1460/1460 [==============================] - 0s 65us/step - loss: 0.0832 - acc: 0.9856 - val_loss: 0.0836 - val_acc: 0.9877
acc: 98.77%
Train on 1460 samples, validate on 162 samples
Epoch 1/30

  20/1460 [..............................] - ETA: 1:09 - loss: 0.6896 - acc: 0.6000
 820/1460 [===============>..............] - ETA: 0s - loss: 0.5728 - acc: 0.8000  
1460/1460 [==============================] - 1s 805us/step - loss: 0.4912 - acc: 0.8616 - val_loss: 0.3254 - val_acc: 0.9630
Epoch 2/30

  20/1460 [..............................] - ETA: 0s - loss: 0.2920 - acc: 1.0000
 760/1460 [==============>...............] - ETA: 0s - loss: 0.2752 - acc: 0.9737
1460/1460 [==============================] - 0s 72us/step - loss: 0.2581 - acc: 0.9685 - val_loss: 0.2023 - val_acc: 0.9691
Epoch 3/30

  20/1460 [..............................] - ETA: 0s - loss: 0.1774 - acc: 1.0000
 740/1460 [==============>...............] - ETA: 0s - loss: 0.1777 - acc: 0.9730
1460/1460 [==============================] - 0s 73us/step - loss: 0.1706 - acc: 0.9740 - val_loss: 0.1786 - val_acc: 0.9506
Epoch 4/30

  20/1460 [..............................] - ETA: 0s - loss: 0.1625 - acc: 1.0000
 800/1460 [===============>..............] - ETA: 0s - loss: 0.1294 - acc: 0.9825
1460/1460 [==============================] - 0s 65us/step - loss: 0.1213 - acc: 0.9836 - val_loss: 0.1435 - val_acc: 0.9630
acc: 96.91%
Train on 1460 samples, validate on 162 samples
Epoch 1/30

  20/1460 [..............................] - ETA: 1:20 - loss: 0.6970 - acc: 0.5500
 800/1460 [===============>..............] - ETA: 0s - loss: 0.5590 - acc: 0.7975  
1460/1460 [==============================] - 1s 921us/step - loss: 0.4753 - acc: 0.8603 - val_loss: 0.3027 - val_acc: 0.9630
Epoch 2/30

  20/1460 [..............................] - ETA: 0s - loss: 0.3567 - acc: 0.9500
 740/1460 [==============>...............] - ETA: 0s - loss: 0.2731 - acc: 0.9500
1460/1460 [==============================] - 0s 72us/step - loss: 0.2476 - acc: 0.9521 - val_loss: 0.1896 - val_acc: 0.9753
Epoch 3/30

  20/1460 [..............................] - ETA: 0s - loss: 0.2877 - acc: 0.8000
 760/1460 [==============>...............] - ETA: 0s - loss: 0.1660 - acc: 0.9697
1460/1460 [==============================] - 0s 71us/step - loss: 0.1648 - acc: 0.9664 - val_loss: 0.1335 - val_acc: 0.9877
Epoch 4/30

  20/1460 [..............................] - ETA: 0s - loss: 0.1026 - acc: 1.0000
 840/1460 [================>.............] - ETA: 0s - loss: 0.1196 - acc: 0.9821
1460/1460 [==============================] - 0s 64us/step - loss: 0.1197 - acc: 0.9774 - val_loss: 0.1139 - val_acc: 0.9815
Epoch 5/30

  20/1460 [..............................] - ETA: 0s - loss: 0.1665 - acc: 0.9500
 860/1460 [================>.............] - ETA: 0s - loss: 0.0862 - acc: 0.9837
1460/1460 [==============================] - 0s 64us/step - loss: 0.0904 - acc: 0.9808 - val_loss: 0.0994 - val_acc: 0.9815
acc: 98.77%
Train on 1460 samples, validate on 162 samples
Epoch 1/30

  20/1460 [..............................] - ETA: 1:24 - loss: 0.6891 - acc: 0.6500
 740/1460 [==============>...............] - ETA: 1s - loss: 0.5574 - acc: 0.8041  
1460/1460 [==============================] - 1s 974us/step - loss: 0.4547 - acc: 0.8801 - val_loss: 0.2804 - val_acc: 0.9691
Epoch 2/30

  20/1460 [..............................] - ETA: 0s - loss: 0.3288 - acc: 0.9000
 700/1460 [=============>................] - ETA: 0s - loss: 0.2455 - acc: 0.9686
1460/1460 [==============================] - 0s 73us/step - loss: 0.2181 - acc: 0.9719 - val_loss: 0.1758 - val_acc: 0.9691
Epoch 3/30

  20/1460 [..............................] - ETA: 0s - loss: 0.1939 - acc: 0.9500
 800/1460 [===============>..............] - ETA: 0s - loss: 0.1568 - acc: 0.9750
1460/1460 [==============================] - 0s 68us/step - loss: 0.1411 - acc: 0.9801 - val_loss: 0.1337 - val_acc: 0.9753
Epoch 4/30

  20/1460 [..............................] - ETA: 0s - loss: 0.1295 - acc: 0.9500
 800/1460 [===============>..............] - ETA: 0s - loss: 0.1022 - acc: 0.9850
1460/1460 [==============================] - 0s 66us/step - loss: 0.1026 - acc: 0.9829 - val_loss: 0.1092 - val_acc: 0.9753
Epoch 5/30

  20/1460 [..............................] - ETA: 0s - loss: 0.0623 - acc: 1.0000
 840/1460 [================>.............] - ETA: 0s - loss: 0.0749 - acc: 0.9905
1460/1460 [==============================] - 0s 66us/step - loss: 0.0794 - acc: 0.9870 - val_loss: 0.1102 - val_acc: 0.9691
acc: 97.53%
Train on 1461 samples, validate on 161 samples
Epoch 1/30

  20/1461 [..............................] - ETA: 1:37 - loss: 0.7389 - acc: 0.5000
 780/1461 [===============>..............] - ETA: 1s - loss: 0.5671 - acc: 0.7718  
1461/1461 [==============================] - 2s 1ms/step - loss: 0.4714 - acc: 0.8515 - val_loss: 0.2988 - val_acc: 0.9752
Epoch 2/30

  20/1461 [..............................] - ETA: 0s - loss: 0.2749 - acc: 1.0000
 720/1461 [=============>................] - ETA: 0s - loss: 0.2712 - acc: 0.9556
1461/1461 [==============================] - 0s 73us/step - loss: 0.2474 - acc: 0.9610 - val_loss: 0.1847 - val_acc: 0.9876
Epoch 3/30

  20/1461 [..............................] - ETA: 0s - loss: 0.2443 - acc: 0.9500
 740/1461 [==============>...............] - ETA: 0s - loss: 0.1755 - acc: 0.9770
1461/1461 [==============================] - 0s 73us/step - loss: 0.1679 - acc: 0.9733 - val_loss: 0.1526 - val_acc: 0.9689
Epoch 4/30

  20/1461 [..............................] - ETA: 0s - loss: 0.1490 - acc: 1.0000
 780/1461 [===============>..............] - ETA: 0s - loss: 0.1223 - acc: 0.9821
1461/1461 [==============================] - 0s 68us/step - loss: 0.1248 - acc: 0.9788 - val_loss: 0.1298 - val_acc: 0.9627
acc: 98.76%
Accuracy: 97.41% (+/- 1.02%)
