Train on 1459 samples, validate on 163 samples
Epoch 1/30

  20/1459 [..............................] - ETA: 1:00 - loss: 0.6854 - acc: 0.5000
 340/1459 [=====>........................] - ETA: 2s - loss: 0.6684 - acc: 0.6029  
 640/1459 [============>.................] - ETA: 1s - loss: 0.6323 - acc: 0.7188
 980/1459 [===================>..........] - ETA: 0s - loss: 0.5908 - acc: 0.7939
1400/1459 [===========================>..] - ETA: 0s - loss: 0.5300 - acc: 0.8464
1459/1459 [==============================] - 1s 768us/step - loss: 0.5219 - acc: 0.8513 - val_loss: 0.3330 - val_acc: 0.9509
Epoch 2/30

  20/1459 [..............................] - ETA: 0s - loss: 0.2930 - acc: 1.0000
 480/1459 [========>.....................] - ETA: 0s - loss: 0.2438 - acc: 0.9729
 920/1459 [=================>............] - ETA: 0s - loss: 0.2153 - acc: 0.9772
1340/1459 [==========================>...] - ETA: 0s - loss: 0.1888 - acc: 0.9769
1459/1459 [==============================] - 0s 122us/step - loss: 0.1844 - acc: 0.9760 - val_loss: 0.1539 - val_acc: 0.9509
Epoch 3/30

  20/1459 [..............................] - ETA: 0s - loss: 0.0621 - acc: 1.0000
 420/1459 [=======>......................] - ETA: 0s - loss: 0.0935 - acc: 0.9881
 820/1459 [===============>..............] - ETA: 0s - loss: 0.0909 - acc: 0.9878
1200/1459 [=======================>......] - ETA: 0s - loss: 0.0927 - acc: 0.9842
1459/1459 [==============================] - 0s 134us/step - loss: 0.0913 - acc: 0.9829 - val_loss: 0.1256 - val_acc: 0.9509
Epoch 4/30

  20/1459 [..............................] - ETA: 0s - loss: 0.1203 - acc: 0.9500
 420/1459 [=======>......................] - ETA: 0s - loss: 0.0906 - acc: 0.9738
 820/1459 [===============>..............] - ETA: 0s - loss: 0.0730 - acc: 0.9829
1200/1459 [=======================>......] - ETA: 0s - loss: 0.0680 - acc: 0.9867
1459/1459 [==============================] - 0s 135us/step - loss: 0.0632 - acc: 0.9877 - val_loss: 0.1160 - val_acc: 0.9632
Epoch 5/30

  20/1459 [..............................] - ETA: 0s - loss: 0.0206 - acc: 1.0000
 400/1459 [=======>......................] - ETA: 0s - loss: 0.0348 - acc: 0.9975
 820/1459 [===============>..............] - ETA: 0s - loss: 0.0458 - acc: 0.9915
1240/1459 [========================>.....] - ETA: 0s - loss: 0.0473 - acc: 0.9911
1459/1459 [==============================] - 0s 130us/step - loss: 0.0479 - acc: 0.9904 - val_loss: 0.1123 - val_acc: 0.9632
Epoch 6/30

  20/1459 [..............................] - ETA: 0s - loss: 0.0403 - acc: 1.0000
 440/1459 [========>.....................] - ETA: 0s - loss: 0.0460 - acc: 0.9932
 800/1459 [===============>..............] - ETA: 0s - loss: 0.0405 - acc: 0.9925
1160/1459 [======================>.......] - ETA: 0s - loss: 0.0382 - acc: 0.9931
1459/1459 [==============================] - 0s 137us/step - loss: 0.0370 - acc: 0.9938 - val_loss: 0.1092 - val_acc: 0.9693
Epoch 7/30

  20/1459 [..............................] - ETA: 0s - loss: 0.0255 - acc: 1.0000
 440/1459 [========>.....................] - ETA: 0s - loss: 0.0303 - acc: 0.9977
 840/1459 [================>.............] - ETA: 0s - loss: 0.0279 - acc: 0.9988
1240/1459 [========================>.....] - ETA: 0s - loss: 0.0310 - acc: 0.9960
1459/1459 [==============================] - 0s 133us/step - loss: 0.0292 - acc: 0.9966 - val_loss: 0.1080 - val_acc: 0.9693
Epoch 8/30

  20/1459 [..............................] - ETA: 0s - loss: 0.0173 - acc: 1.0000
 380/1459 [======>.......................] - ETA: 0s - loss: 0.0251 - acc: 0.9974
 800/1459 [===============>..............] - ETA: 0s - loss: 0.0260 - acc: 0.9962
1200/1459 [=======================>......] - ETA: 0s - loss: 0.0234 - acc: 0.9975
1459/1459 [==============================] - 0s 134us/step - loss: 0.0234 - acc: 0.9973 - val_loss: 0.1044 - val_acc: 0.9693
Epoch 9/30

  20/1459 [..............................] - ETA: 0s - loss: 0.0078 - acc: 1.0000
 460/1459 [========>.....................] - ETA: 0s - loss: 0.0161 - acc: 1.0000
 840/1459 [================>.............] - ETA: 0s - loss: 0.0159 - acc: 1.0000
1260/1459 [========================>.....] - ETA: 0s - loss: 0.0184 - acc: 0.9984
1459/1459 [==============================] - 0s 133us/step - loss: 0.0191 - acc: 0.9979 - val_loss: 0.1039 - val_acc: 0.9693
Epoch 10/30

  20/1459 [..............................] - ETA: 0s - loss: 0.0342 - acc: 1.0000
 380/1459 [======>.......................] - ETA: 0s - loss: 0.0156 - acc: 1.0000
 800/1459 [===============>..............] - ETA: 0s - loss: 0.0146 - acc: 0.9987
1240/1459 [========================>.....] - ETA: 0s - loss: 0.0135 - acc: 0.9992
1459/1459 [==============================] - 0s 135us/step - loss: 0.0157 - acc: 0.9979 - val_loss: 0.1021 - val_acc: 0.9693
Epoch 11/30

  20/1459 [..............................] - ETA: 0s - loss: 0.0090 - acc: 1.0000
 420/1459 [=======>......................] - ETA: 0s - loss: 0.0136 - acc: 0.9976
 820/1459 [===============>..............] - ETA: 0s - loss: 0.0139 - acc: 0.9976
1200/1459 [=======================>......] - ETA: 0s - loss: 0.0133 - acc: 0.9983
1459/1459 [==============================] - 0s 138us/step - loss: 0.0129 - acc: 0.9986 - val_loss: 0.1022 - val_acc: 0.9693
Epoch 12/30

  20/1459 [..............................] - ETA: 0s - loss: 0.0117 - acc: 1.0000
 400/1459 [=======>......................] - ETA: 0s - loss: 0.0156 - acc: 0.9950
 820/1459 [===============>..............] - ETA: 0s - loss: 0.0118 - acc: 0.9976
1220/1459 [========================>.....] - ETA: 0s - loss: 0.0104 - acc: 0.9984
1459/1459 [==============================] - 0s 130us/step - loss: 0.0109 - acc: 0.9979 - val_loss: 0.1033 - val_acc: 0.9693
Epoch 13/30

  20/1459 [..............................] - ETA: 0s - loss: 0.0054 - acc: 1.0000
 400/1459 [=======>......................] - ETA: 0s - loss: 0.0071 - acc: 1.0000
 820/1459 [===============>..............] - ETA: 0s - loss: 0.0080 - acc: 1.0000
1220/1459 [========================>.....] - ETA: 0s - loss: 0.0088 - acc: 0.9992
1459/1459 [==============================] - 0s 130us/step - loss: 0.0092 - acc: 0.9986 - val_loss: 0.0992 - val_acc: 0.9755
Epoch 14/30

  20/1459 [..............................] - ETA: 0s - loss: 0.0154 - acc: 1.0000
 420/1459 [=======>......................] - ETA: 0s - loss: 0.0076 - acc: 1.0000
 840/1459 [================>.............] - ETA: 0s - loss: 0.0080 - acc: 1.0000
1240/1459 [========================>.....] - ETA: 0s - loss: 0.0080 - acc: 1.0000
1459/1459 [==============================] - 0s 139us/step - loss: 0.0079 - acc: 1.0000 - val_loss: 0.1005 - val_acc: 0.9755
Epoch 15/30

  20/1459 [..............................] - ETA: 0s - loss: 0.0096 - acc: 1.0000
 400/1459 [=======>......................] - ETA: 0s - loss: 0.0079 - acc: 1.0000
 780/1459 [===============>..............] - ETA: 0s - loss: 0.0070 - acc: 1.0000
1200/1459 [=======================>......] - ETA: 0s - loss: 0.0067 - acc: 1.0000
1459/1459 [==============================] - 0s 135us/step - loss: 0.0066 - acc: 1.0000 - val_loss: 0.1014 - val_acc: 0.9755
Epoch 16/30

  20/1459 [..............................] - ETA: 0s - loss: 0.0057 - acc: 1.0000
 440/1459 [========>.....................] - ETA: 0s - loss: 0.0055 - acc: 1.0000
 860/1459 [================>.............] - ETA: 0s - loss: 0.0056 - acc: 1.0000
1280/1459 [=========================>....] - ETA: 0s - loss: 0.0061 - acc: 1.0000
1459/1459 [==============================] - 0s 128us/step - loss: 0.0059 - acc: 1.0000 - val_loss: 0.1006 - val_acc: 0.9755
Epoch 17/30

  20/1459 [..............................] - ETA: 0s - loss: 0.0075 - acc: 1.0000
 400/1459 [=======>......................] - ETA: 0s - loss: 0.0053 - acc: 1.0000
 780/1459 [===============>..............] - ETA: 0s - loss: 0.0055 - acc: 1.0000
1180/1459 [=======================>......] - ETA: 0s - loss: 0.0054 - acc: 1.0000
1459/1459 [==============================] - 0s 137us/step - loss: 0.0051 - acc: 1.0000 - val_loss: 0.1003 - val_acc: 0.9755
Epoch 18/30

  20/1459 [..............................] - ETA: 0s - loss: 0.0054 - acc: 1.0000
 360/1459 [======>.......................] - ETA: 0s - loss: 0.0037 - acc: 1.0000
 740/1459 [==============>...............] - ETA: 0s - loss: 0.0046 - acc: 1.0000
1100/1459 [=====================>........] - ETA: 0s - loss: 0.0045 - acc: 1.0000
1459/1459 [==============================] - 0s 147us/step - loss: 0.0045 - acc: 1.0000 - val_loss: 0.1012 - val_acc: 0.9755
Epoch 19/30

  20/1459 [..............................] - ETA: 0s - loss: 0.0025 - acc: 1.0000
 400/1459 [=======>......................] - ETA: 0s - loss: 0.0029 - acc: 1.0000
 780/1459 [===============>..............] - ETA: 0s - loss: 0.0040 - acc: 1.0000
1180/1459 [=======================>......] - ETA: 0s - loss: 0.0038 - acc: 1.0000
1459/1459 [==============================] - 0s 138us/step - loss: 0.0039 - acc: 1.0000 - val_loss: 0.1004 - val_acc: 0.9755
Epoch 20/30

  20/1459 [..............................] - ETA: 0s - loss: 0.0114 - acc: 1.0000
 420/1459 [=======>......................] - ETA: 0s - loss: 0.0034 - acc: 1.0000
 800/1459 [===============>..............] - ETA: 0s - loss: 0.0034 - acc: 1.0000
1140/1459 [======================>.......] - ETA: 0s - loss: 0.0033 - acc: 1.0000
1459/1459 [==============================] - 0s 141us/step - loss: 0.0036 - acc: 1.0000 - val_loss: 0.1014 - val_acc: 0.9755
Epoch 21/30

  20/1459 [..............................] - ETA: 0s - loss: 0.0038 - acc: 1.0000
 440/1459 [========>.....................] - ETA: 0s - loss: 0.0040 - acc: 1.0000
 840/1459 [================>.............] - ETA: 0s - loss: 0.0033 - acc: 1.0000
1080/1459 [=====================>........] - ETA: 0s - loss: 0.0034 - acc: 1.0000
1200/1459 [=======================>......] - ETA: 0s - loss: 0.0033 - acc: 1.0000
1459/1459 [==============================] - 0s 188us/step - loss: 0.0032 - acc: 1.0000 - val_loss: 0.1025 - val_acc: 0.9755
Epoch 22/30

  20/1459 [..............................] - ETA: 0s - loss: 0.0020 - acc: 1.0000
 400/1459 [=======>......................] - ETA: 0s - loss: 0.0034 - acc: 1.0000
 800/1459 [===============>..............] - ETA: 0s - loss: 0.0030 - acc: 1.0000
1220/1459 [========================>.....] - ETA: 0s - loss: 0.0029 - acc: 1.0000
1459/1459 [==============================] - 0s 134us/step - loss: 0.0029 - acc: 1.0000 - val_loss: 0.1023 - val_acc: 0.9755
Epoch 23/30

  20/1459 [..............................] - ETA: 0s - loss: 0.0027 - acc: 1.0000
 380/1459 [======>.......................] - ETA: 0s - loss: 0.0023 - acc: 1.0000
 640/1459 [============>.................] - ETA: 0s - loss: 0.0027 - acc: 1.0000
1020/1459 [===================>..........] - ETA: 0s - loss: 0.0027 - acc: 1.0000
1400/1459 [===========================>..] - ETA: 0s - loss: 0.0026 - acc: 1.0000
1459/1459 [==============================] - 0s 154us/step - loss: 0.0026 - acc: 1.0000 - val_loss: 0.1031 - val_acc: 0.9755
acc: 97.55%
Train on 1459 samples, validate on 163 samples
Epoch 1/30

  20/1459 [..............................] - ETA: 51s - loss: 0.7082 - acc: 0.4500
 400/1459 [=======>......................] - ETA: 2s - loss: 0.6504 - acc: 0.6500 
 800/1459 [===============>..............] - ETA: 0s - loss: 0.5927 - acc: 0.7425
1220/1459 [========================>.....] - ETA: 0s - loss: 0.5334 - acc: 0.8098
1459/1459 [==============================] - 1s 693us/step - loss: 0.4997 - acc: 0.8341 - val_loss: 0.3166 - val_acc: 0.9509
Epoch 2/30

  20/1459 [..............................] - ETA: 0s - loss: 0.3235 - acc: 0.9500
 380/1459 [======>.......................] - ETA: 0s - loss: 0.2436 - acc: 0.9763
 740/1459 [==============>...............] - ETA: 0s - loss: 0.2091 - acc: 0.9784
1100/1459 [=====================>........] - ETA: 0s - loss: 0.1876 - acc: 0.9773
1459/1459 [==============================] - 0s 145us/step - loss: 0.1747 - acc: 0.9726 - val_loss: 0.1627 - val_acc: 0.9571
Epoch 3/30

  20/1459 [..............................] - ETA: 0s - loss: 0.0607 - acc: 1.0000
 380/1459 [======>.......................] - ETA: 0s - loss: 0.0953 - acc: 0.9842
 780/1459 [===============>..............] - ETA: 0s - loss: 0.0908 - acc: 0.9846
1160/1459 [======================>.......] - ETA: 0s - loss: 0.0872 - acc: 0.9845
1459/1459 [==============================] - 0s 144us/step - loss: 0.0897 - acc: 0.9822 - val_loss: 0.1266 - val_acc: 0.9693
Epoch 4/30

  20/1459 [..............................] - ETA: 0s - loss: 0.0622 - acc: 1.0000
 420/1459 [=======>......................] - ETA: 0s - loss: 0.0680 - acc: 0.9833
 780/1459 [===============>..............] - ETA: 0s - loss: 0.0633 - acc: 0.9846
1120/1459 [======================>.......] - ETA: 0s - loss: 0.0649 - acc: 0.9830
1459/1459 [==============================] - 0s 147us/step - loss: 0.0619 - acc: 0.9842 - val_loss: 0.1166 - val_acc: 0.9693
Epoch 5/30

  20/1459 [..............................] - ETA: 0s - loss: 0.0166 - acc: 1.0000
 340/1459 [=====>........................] - ETA: 0s - loss: 0.0482 - acc: 0.9941
 640/1459 [============>.................] - ETA: 0s - loss: 0.0509 - acc: 0.9922
 940/1459 [==================>...........] - ETA: 0s - loss: 0.0472 - acc: 0.9926
1200/1459 [=======================>......] - ETA: 0s - loss: 0.0456 - acc: 0.9933
1459/1459 [==============================] - 0s 187us/step - loss: 0.0462 - acc: 0.9925 - val_loss: 0.1043 - val_acc: 0.9693
Epoch 6/30

  20/1459 [..............................] - ETA: 0s - loss: 0.0166 - acc: 1.0000
 280/1459 [====>.........................] - ETA: 0s - loss: 0.0261 - acc: 0.9964
 540/1459 [==========>...................] - ETA: 0s - loss: 0.0309 - acc: 0.9963
 800/1459 [===============>..............] - ETA: 0s - loss: 0.0349 - acc: 0.9962
1120/1459 [======================>.......] - ETA: 0s - loss: 0.0349 - acc: 0.9955
1440/1459 [============================>.] - ETA: 0s - loss: 0.0353 - acc: 0.9958
1459/1459 [==============================] - 0s 190us/step - loss: 0.0350 - acc: 0.9959 - val_loss: 0.1005 - val_acc: 0.9755
Epoch 7/30

  20/1459 [..............................] - ETA: 0s - loss: 0.0151 - acc: 1.0000
 300/1459 [=====>........................] - ETA: 0s - loss: 0.0214 - acc: 1.0000
 500/1459 [=========>....................] - ETA: 0s - loss: 0.0252 - acc: 0.9980
 760/1459 [==============>...............] - ETA: 0s - loss: 0.0234 - acc: 0.9987
1000/1459 [===================>..........] - ETA: 0s - loss: 0.0250 - acc: 0.9980
1240/1459 [========================>.....] - ETA: 0s - loss: 0.0270 - acc: 0.9968
1459/1459 [==============================] - 0s 217us/step - loss: 0.0271 - acc: 0.9966 - val_loss: 0.0952 - val_acc: 0.9693
Epoch 8/30

  20/1459 [..............................] - ETA: 0s - loss: 0.0081 - acc: 1.0000
 240/1459 [===>..........................] - ETA: 0s - loss: 0.0171 - acc: 1.0000
 460/1459 [========>.....................] - ETA: 0s - loss: 0.0178 - acc: 1.0000
 740/1459 [==============>...............] - ETA: 0s - loss: 0.0168 - acc: 1.0000
1020/1459 [===================>..........] - ETA: 0s - loss: 0.0195 - acc: 0.9980
1260/1459 [========================>.....] - ETA: 0s - loss: 0.0198 - acc: 0.9984
1459/1459 [==============================] - 0s 216us/step - loss: 0.0223 - acc: 0.9973 - val_loss: 0.0928 - val_acc: 0.9755
Epoch 9/30

  20/1459 [..............................] - ETA: 0s - loss: 0.0122 - acc: 1.0000
 260/1459 [====>.........................] - ETA: 0s - loss: 0.0166 - acc: 0.9962
 500/1459 [=========>....................] - ETA: 0s - loss: 0.0159 - acc: 0.9980
 740/1459 [==============>...............] - ETA: 0s - loss: 0.0150 - acc: 0.9986
 980/1459 [===================>..........] - ETA: 0s - loss: 0.0147 - acc: 0.9990
1240/1459 [========================>.....] - ETA: 0s - loss: 0.0162 - acc: 0.9984
1459/1459 [==============================] - 0s 216us/step - loss: 0.0178 - acc: 0.9979 - val_loss: 0.0918 - val_acc: 0.9755
Epoch 10/30

  20/1459 [..............................] - ETA: 0s - loss: 0.0179 - acc: 1.0000
 280/1459 [====>.........................] - ETA: 0s - loss: 0.0175 - acc: 1.0000
 560/1459 [==========>...................] - ETA: 0s - loss: 0.0148 - acc: 1.0000
 860/1459 [================>.............] - ETA: 0s - loss: 0.0144 - acc: 0.9988
1120/1459 [======================>.......] - ETA: 0s - loss: 0.0155 - acc: 0.9973
1400/1459 [===========================>..] - ETA: 0s - loss: 0.0148 - acc: 0.9979
1459/1459 [==============================] - 0s 194us/step - loss: 0.0146 - acc: 0.9979 - val_loss: 0.0873 - val_acc: 0.9693
Epoch 11/30

  20/1459 [..............................] - ETA: 0s - loss: 0.0081 - acc: 1.0000
 320/1459 [=====>........................] - ETA: 0s - loss: 0.0123 - acc: 1.0000
 620/1459 [===========>..................] - ETA: 0s - loss: 0.0133 - acc: 1.0000
 920/1459 [=================>............] - ETA: 0s - loss: 0.0123 - acc: 1.0000
1220/1459 [========================>.....] - ETA: 0s - loss: 0.0126 - acc: 0.9992
1459/1459 [==============================] - 0s 178us/step - loss: 0.0122 - acc: 0.9993 - val_loss: 0.0881 - val_acc: 0.9755
Epoch 12/30

  20/1459 [..............................] - ETA: 0s - loss: 0.0055 - acc: 1.0000
 300/1459 [=====>........................] - ETA: 0s - loss: 0.0143 - acc: 1.0000
 580/1459 [==========>...................] - ETA: 0s - loss: 0.0120 - acc: 1.0000
 880/1459 [=================>............] - ETA: 0s - loss: 0.0109 - acc: 1.0000
1180/1459 [=======================>......] - ETA: 0s - loss: 0.0110 - acc: 0.9992
1420/1459 [============================>.] - ETA: 0s - loss: 0.0104 - acc: 0.9993
1459/1459 [==============================] - 0s 188us/step - loss: 0.0103 - acc: 0.9993 - val_loss: 0.0844 - val_acc: 0.9693
Epoch 13/30

  20/1459 [..............................] - ETA: 0s - loss: 0.0130 - acc: 1.0000
 320/1459 [=====>........................] - ETA: 0s - loss: 0.0102 - acc: 1.0000
 620/1459 [===========>..................] - ETA: 0s - loss: 0.0087 - acc: 1.0000
 880/1459 [=================>............] - ETA: 0s - loss: 0.0077 - acc: 1.0000
1160/1459 [======================>.......] - ETA: 0s - loss: 0.0077 - acc: 1.0000
1459/1459 [==============================] - 0s 185us/step - loss: 0.0088 - acc: 0.9986 - val_loss: 0.0850 - val_acc: 0.9693
Epoch 14/30

  20/1459 [..............................] - ETA: 0s - loss: 0.0024 - acc: 1.0000
 300/1459 [=====>........................] - ETA: 0s - loss: 0.0093 - acc: 1.0000
 580/1459 [==========>...................] - ETA: 0s - loss: 0.0088 - acc: 1.0000
 940/1459 [==================>...........] - ETA: 0s - loss: 0.0078 - acc: 1.0000
1260/1459 [========================>.....] - ETA: 0s - loss: 0.0074 - acc: 1.0000
1459/1459 [==============================] - 0s 188us/step - loss: 0.0076 - acc: 1.0000 - val_loss: 0.0850 - val_acc: 0.9693
Epoch 15/30

  20/1459 [..............................] - ETA: 0s - loss: 0.0076 - acc: 1.0000
 220/1459 [===>..........................] - ETA: 0s - loss: 0.0091 - acc: 1.0000
 580/1459 [==========>...................] - ETA: 0s - loss: 0.0073 - acc: 1.0000
 940/1459 [==================>...........] - ETA: 0s - loss: 0.0067 - acc: 1.0000
1320/1459 [==========================>...] - ETA: 0s - loss: 0.0068 - acc: 1.0000
1459/1459 [==============================] - 0s 160us/step - loss: 0.0066 - acc: 1.0000 - val_loss: 0.0850 - val_acc: 0.9755
Epoch 16/30

  20/1459 [..............................] - ETA: 0s - loss: 0.0035 - acc: 1.0000
 380/1459 [======>.......................] - ETA: 0s - loss: 0.0044 - acc: 1.0000
 760/1459 [==============>...............] - ETA: 0s - loss: 0.0043 - acc: 1.0000
1100/1459 [=====================>........] - ETA: 0s - loss: 0.0054 - acc: 1.0000
1459/1459 [==============================] - 0s 145us/step - loss: 0.0056 - acc: 1.0000 - val_loss: 0.0854 - val_acc: 0.9693
acc: 97.55%
Train on 1459 samples, validate on 163 samples
Epoch 1/30

  20/1459 [..............................] - ETA: 1:07 - loss: 0.6970 - acc: 0.5000
 320/1459 [=====>........................] - ETA: 3s - loss: 0.6524 - acc: 0.6469  
 620/1459 [===========>..................] - ETA: 1s - loss: 0.6040 - acc: 0.7306
 920/1459 [=================>............] - ETA: 0s - loss: 0.5624 - acc: 0.7902
1220/1459 [========================>.....] - ETA: 0s - loss: 0.5192 - acc: 0.8279
1459/1459 [==============================] - 1s 905us/step - loss: 0.4822 - acc: 0.8520 - val_loss: 0.2767 - val_acc: 0.9755
Epoch 2/30

  20/1459 [..............................] - ETA: 0s - loss: 0.2582 - acc: 1.0000
 340/1459 [=====>........................] - ETA: 0s - loss: 0.2227 - acc: 0.9765
 640/1459 [============>.................] - ETA: 0s - loss: 0.1989 - acc: 0.9766
 940/1459 [==================>...........] - ETA: 0s - loss: 0.1823 - acc: 0.9777
1240/1459 [========================>.....] - ETA: 0s - loss: 0.1684 - acc: 0.9782
1459/1459 [==============================] - 0s 177us/step - loss: 0.1613 - acc: 0.9774 - val_loss: 0.1243 - val_acc: 0.9693
Epoch 3/30

  20/1459 [..............................] - ETA: 0s - loss: 0.1092 - acc: 1.0000
 280/1459 [====>.........................] - ETA: 0s - loss: 0.0888 - acc: 0.9929
 560/1459 [==========>...................] - ETA: 0s - loss: 0.0948 - acc: 0.9839
 800/1459 [===============>..............] - ETA: 0s - loss: 0.0942 - acc: 0.9812
1080/1459 [=====================>........] - ETA: 0s - loss: 0.0917 - acc: 0.9796
1360/1459 [==========================>...] - ETA: 0s - loss: 0.0883 - acc: 0.9794
1459/1459 [==============================] - 0s 202us/step - loss: 0.0854 - acc: 0.9801 - val_loss: 0.0966 - val_acc: 0.9755
Epoch 4/30

  20/1459 [..............................] - ETA: 0s - loss: 0.0348 - acc: 1.0000
 300/1459 [=====>........................] - ETA: 0s - loss: 0.0562 - acc: 0.9900
 560/1459 [==========>...................] - ETA: 0s - loss: 0.0594 - acc: 0.9893
 820/1459 [===============>..............] - ETA: 0s - loss: 0.0598 - acc: 0.9878
1100/1459 [=====================>........] - ETA: 0s - loss: 0.0648 - acc: 0.9836
1380/1459 [===========================>..] - ETA: 0s - loss: 0.0599 - acc: 0.9855
1459/1459 [==============================] - 0s 193us/step - loss: 0.0589 - acc: 0.9863 - val_loss: 0.0846 - val_acc: 0.9755
Epoch 5/30

  20/1459 [..............................] - ETA: 0s - loss: 0.0314 - acc: 1.0000
 320/1459 [=====>........................] - ETA: 0s - loss: 0.0462 - acc: 0.9969
 600/1459 [===========>..................] - ETA: 0s - loss: 0.0409 - acc: 0.9983
 880/1459 [=================>............] - ETA: 0s - loss: 0.0437 - acc: 0.9943
1160/1459 [======================>.......] - ETA: 0s - loss: 0.0450 - acc: 0.9931
1440/1459 [============================>.] - ETA: 0s - loss: 0.0437 - acc: 0.9924
1459/1459 [==============================] - 0s 186us/step - loss: 0.0437 - acc: 0.9925 - val_loss: 0.0825 - val_acc: 0.9755
Epoch 6/30

  20/1459 [..............................] - ETA: 0s - loss: 0.0360 - acc: 1.0000
 280/1459 [====>.........................] - ETA: 0s - loss: 0.0250 - acc: 1.0000
 560/1459 [==========>...................] - ETA: 0s - loss: 0.0295 - acc: 0.9982
 820/1459 [===============>..............] - ETA: 0s - loss: 0.0327 - acc: 0.9963
1100/1459 [=====================>........] - ETA: 0s - loss: 0.0339 - acc: 0.9945
1340/1459 [==========================>...] - ETA: 0s - loss: 0.0338 - acc: 0.9948
1459/1459 [==============================] - 0s 207us/step - loss: 0.0332 - acc: 0.9952 - val_loss: 0.0741 - val_acc: 0.9755
Epoch 7/30

  20/1459 [..............................] - ETA: 0s - loss: 0.0146 - acc: 1.0000
 300/1459 [=====>........................] - ETA: 0s - loss: 0.0302 - acc: 0.9933
 580/1459 [==========>...................] - ETA: 0s - loss: 0.0257 - acc: 0.9966
 860/1459 [================>.............] - ETA: 0s - loss: 0.0245 - acc: 0.9977
1160/1459 [======================>.......] - ETA: 0s - loss: 0.0254 - acc: 0.9974
1420/1459 [============================>.] - ETA: 0s - loss: 0.0258 - acc: 0.9972
1459/1459 [==============================] - 0s 195us/step - loss: 0.0259 - acc: 0.9973 - val_loss: 0.0744 - val_acc: 0.9755
Epoch 8/30

  20/1459 [..............................] - ETA: 0s - loss: 0.0203 - acc: 1.0000
 320/1459 [=====>........................] - ETA: 0s - loss: 0.0168 - acc: 1.0000
 600/1459 [===========>..................] - ETA: 0s - loss: 0.0174 - acc: 1.0000
 920/1459 [=================>............] - ETA: 0s - loss: 0.0178 - acc: 1.0000
1260/1459 [========================>.....] - ETA: 0s - loss: 0.0206 - acc: 0.9984
1459/1459 [==============================] - 0s 169us/step - loss: 0.0206 - acc: 0.9986 - val_loss: 0.0703 - val_acc: 0.9755
Epoch 9/30

  20/1459 [..............................] - ETA: 0s - loss: 0.0132 - acc: 1.0000
 240/1459 [===>..........................] - ETA: 0s - loss: 0.0144 - acc: 1.0000
 460/1459 [========>.....................] - ETA: 0s - loss: 0.0173 - acc: 1.0000
 720/1459 [=============>................] - ETA: 0s - loss: 0.0173 - acc: 0.9986
1060/1459 [====================>.........] - ETA: 0s - loss: 0.0158 - acc: 0.9991
1400/1459 [===========================>..] - ETA: 0s - loss: 0.0166 - acc: 0.9986
1459/1459 [==============================] - 0s 191us/step - loss: 0.0164 - acc: 0.9986 - val_loss: 0.0698 - val_acc: 0.9816
Epoch 10/30

  20/1459 [..............................] - ETA: 0s - loss: 0.0087 - acc: 1.0000
 360/1459 [======>.......................] - ETA: 0s - loss: 0.0118 - acc: 1.0000
 680/1459 [============>.................] - ETA: 0s - loss: 0.0134 - acc: 1.0000
1000/1459 [===================>..........] - ETA: 0s - loss: 0.0146 - acc: 0.9980
1340/1459 [==========================>...] - ETA: 0s - loss: 0.0141 - acc: 0.9985
1459/1459 [==============================] - 0s 160us/step - loss: 0.0135 - acc: 0.9986 - val_loss: 0.0706 - val_acc: 0.9816
Epoch 11/30

  20/1459 [..............................] - ETA: 0s - loss: 0.0090 - acc: 1.0000
 380/1459 [======>.......................] - ETA: 0s - loss: 0.0126 - acc: 0.9974
 720/1459 [=============>................] - ETA: 0s - loss: 0.0113 - acc: 0.9986
1060/1459 [====================>.........] - ETA: 0s - loss: 0.0115 - acc: 0.9991
1400/1459 [===========================>..] - ETA: 0s - loss: 0.0109 - acc: 0.9993
1459/1459 [==============================] - 0s 152us/step - loss: 0.0109 - acc: 0.9993 - val_loss: 0.0707 - val_acc: 0.9816
Epoch 12/30

  20/1459 [..............................] - ETA: 0s - loss: 0.0052 - acc: 1.0000
 380/1459 [======>.......................] - ETA: 0s - loss: 0.0072 - acc: 1.0000
 720/1459 [=============>................] - ETA: 0s - loss: 0.0075 - acc: 1.0000
1020/1459 [===================>..........] - ETA: 0s - loss: 0.0084 - acc: 1.0000
1400/1459 [===========================>..] - ETA: 0s - loss: 0.0095 - acc: 0.9986
1459/1459 [==============================] - 0s 154us/step - loss: 0.0095 - acc: 0.9986 - val_loss: 0.0703 - val_acc: 0.9816
Epoch 13/30

  20/1459 [..............................] - ETA: 0s - loss: 0.0073 - acc: 1.0000
 360/1459 [======>.......................] - ETA: 0s - loss: 0.0090 - acc: 1.0000
 720/1459 [=============>................] - ETA: 0s - loss: 0.0075 - acc: 1.0000
1100/1459 [=====================>........] - ETA: 0s - loss: 0.0073 - acc: 1.0000
1459/1459 [==============================] - 0s 148us/step - loss: 0.0079 - acc: 0.9993 - val_loss: 0.0704 - val_acc: 0.9816
Epoch 14/30

  20/1459 [..............................] - ETA: 0s - loss: 0.0044 - acc: 1.0000
 380/1459 [======>.......................] - ETA: 0s - loss: 0.0068 - acc: 1.0000
 740/1459 [==============>...............] - ETA: 0s - loss: 0.0072 - acc: 1.0000
1080/1459 [=====================>........] - ETA: 0s - loss: 0.0067 - acc: 1.0000
1420/1459 [============================>.] - ETA: 0s - loss: 0.0069 - acc: 1.0000
1459/1459 [==============================] - 0s 153us/step - loss: 0.0068 - acc: 1.0000 - val_loss: 0.0703 - val_acc: 0.9816
Epoch 15/30

  20/1459 [..............................] - ETA: 0s - loss: 0.0047 - acc: 1.0000
 360/1459 [======>.......................] - ETA: 0s - loss: 0.0065 - acc: 1.0000
 680/1459 [============>.................] - ETA: 0s - loss: 0.0056 - acc: 1.0000
1020/1459 [===================>..........] - ETA: 0s - loss: 0.0053 - acc: 1.0000
1340/1459 [==========================>...] - ETA: 0s - loss: 0.0059 - acc: 0.9993
1459/1459 [==============================] - 0s 161us/step - loss: 0.0060 - acc: 0.9993 - val_loss: 0.0707 - val_acc: 0.9816
Epoch 16/30

  20/1459 [..............................] - ETA: 0s - loss: 0.0038 - acc: 1.0000
 380/1459 [======>.......................] - ETA: 0s - loss: 0.0052 - acc: 1.0000
 740/1459 [==============>...............] - ETA: 0s - loss: 0.0047 - acc: 1.0000
1100/1459 [=====================>........] - ETA: 0s - loss: 0.0055 - acc: 1.0000
1440/1459 [============================>.] - ETA: 0s - loss: 0.0053 - acc: 1.0000
1459/1459 [==============================] - 0s 151us/step - loss: 0.0053 - acc: 1.0000 - val_loss: 0.0716 - val_acc: 0.9816
Epoch 17/30

  20/1459 [..............................] - ETA: 0s - loss: 0.0055 - acc: 1.0000
 400/1459 [=======>......................] - ETA: 0s - loss: 0.0035 - acc: 1.0000
 760/1459 [==============>...............] - ETA: 0s - loss: 0.0037 - acc: 1.0000
1140/1459 [======================>.......] - ETA: 0s - loss: 0.0044 - acc: 1.0000
1459/1459 [==============================] - 0s 146us/step - loss: 0.0047 - acc: 1.0000 - val_loss: 0.0712 - val_acc: 0.9816
Epoch 18/30

  20/1459 [..............................] - ETA: 0s - loss: 0.0019 - acc: 1.0000
 400/1459 [=======>......................] - ETA: 0s - loss: 0.0043 - acc: 1.0000
 740/1459 [==============>...............] - ETA: 0s - loss: 0.0041 - acc: 1.0000
1060/1459 [====================>.........] - ETA: 0s - loss: 0.0040 - acc: 1.0000
1440/1459 [============================>.] - ETA: 0s - loss: 0.0041 - acc: 1.0000
1459/1459 [==============================] - 0s 149us/step - loss: 0.0041 - acc: 1.0000 - val_loss: 0.0720 - val_acc: 0.9816
Epoch 19/30

  20/1459 [..............................] - ETA: 0s - loss: 0.0029 - acc: 1.0000
 400/1459 [=======>......................] - ETA: 0s - loss: 0.0039 - acc: 1.0000
 800/1459 [===============>..............] - ETA: 0s - loss: 0.0037 - acc: 1.0000
1180/1459 [=======================>......] - ETA: 0s - loss: 0.0035 - acc: 1.0000
1459/1459 [==============================] - 0s 139us/step - loss: 0.0037 - acc: 1.0000 - val_loss: 0.0721 - val_acc: 0.9816
acc: 98.16%
Train on 1460 samples, validate on 162 samples
Epoch 1/30

  20/1460 [..............................] - ETA: 1:26 - loss: 0.6878 - acc: 0.4500
 400/1460 [=======>......................] - ETA: 3s - loss: 0.6349 - acc: 0.7250  
 740/1460 [==============>...............] - ETA: 1s - loss: 0.5971 - acc: 0.7581
1100/1460 [=====================>........] - ETA: 0s - loss: 0.5510 - acc: 0.8100
1440/1460 [============================>.] - ETA: 0s - loss: 0.5011 - acc: 0.8451
1460/1460 [==============================] - 2s 1ms/step - loss: 0.4982 - acc: 0.8466 - val_loss: 0.2827 - val_acc: 0.9691
Epoch 2/30

  20/1460 [..............................] - ETA: 0s - loss: 0.2052 - acc: 1.0000
 420/1460 [=======>......................] - ETA: 0s - loss: 0.2259 - acc: 0.9810
 780/1460 [===============>..............] - ETA: 0s - loss: 0.2062 - acc: 0.9756
1160/1460 [======================>.......] - ETA: 0s - loss: 0.1890 - acc: 0.9741
1460/1460 [==============================] - 0s 139us/step - loss: 0.1775 - acc: 0.9747 - val_loss: 0.1168 - val_acc: 0.9753
Epoch 3/30

  20/1460 [..............................] - ETA: 0s - loss: 0.0765 - acc: 1.0000
 380/1460 [======>.......................] - ETA: 0s - loss: 0.1061 - acc: 0.9842
 760/1460 [==============>...............] - ETA: 0s - loss: 0.0952 - acc: 0.9855
1160/1460 [======================>.......] - ETA: 0s - loss: 0.0915 - acc: 0.9845
1460/1460 [==============================] - 0s 139us/step - loss: 0.0924 - acc: 0.9822 - val_loss: 0.0890 - val_acc: 0.9753
Epoch 4/30

  20/1460 [..............................] - ETA: 0s - loss: 0.0720 - acc: 1.0000
 400/1460 [=======>......................] - ETA: 0s - loss: 0.0698 - acc: 0.9875
 780/1460 [===============>..............] - ETA: 0s - loss: 0.0730 - acc: 0.9872
1120/1460 [======================>.......] - ETA: 0s - loss: 0.0666 - acc: 0.9884
1460/1460 [==============================] - 0s 144us/step - loss: 0.0662 - acc: 0.9870 - val_loss: 0.0689 - val_acc: 0.9753
Epoch 5/30

  20/1460 [..............................] - ETA: 0s - loss: 0.0363 - acc: 1.0000
 400/1460 [=======>......................] - ETA: 0s - loss: 0.0473 - acc: 0.9925
 760/1460 [==============>...............] - ETA: 0s - loss: 0.0468 - acc: 0.9921
1140/1460 [======================>.......] - ETA: 0s - loss: 0.0514 - acc: 0.9895
1460/1460 [==============================] - 0s 145us/step - loss: 0.0492 - acc: 0.9911 - val_loss: 0.0616 - val_acc: 0.9753
Epoch 6/30

  20/1460 [..............................] - ETA: 0s - loss: 0.0205 - acc: 1.0000
 420/1460 [=======>......................] - ETA: 0s - loss: 0.0356 - acc: 0.9952
 820/1460 [===============>..............] - ETA: 0s - loss: 0.0339 - acc: 0.9963
1180/1460 [=======================>......] - ETA: 0s - loss: 0.0382 - acc: 0.9941
1460/1460 [==============================] - 0s 138us/step - loss: 0.0380 - acc: 0.9938 - val_loss: 0.0563 - val_acc: 0.9753
Epoch 7/30

  20/1460 [..............................] - ETA: 0s - loss: 0.0254 - acc: 1.0000
 420/1460 [=======>......................] - ETA: 0s - loss: 0.0313 - acc: 0.9952
 780/1460 [===============>..............] - ETA: 0s - loss: 0.0288 - acc: 0.9962
1160/1460 [======================>.......] - ETA: 0s - loss: 0.0311 - acc: 0.9957
1460/1460 [==============================] - 0s 139us/step - loss: 0.0296 - acc: 0.9959 - val_loss: 0.0545 - val_acc: 0.9753
Epoch 8/30

  20/1460 [..............................] - ETA: 0s - loss: 0.0110 - acc: 1.0000
 420/1460 [=======>......................] - ETA: 0s - loss: 0.0366 - acc: 0.9881
 780/1460 [===============>..............] - ETA: 0s - loss: 0.0279 - acc: 0.9936
1160/1460 [======================>.......] - ETA: 0s - loss: 0.0252 - acc: 0.9957
1460/1460 [==============================] - 0s 142us/step - loss: 0.0236 - acc: 0.9966 - val_loss: 0.0484 - val_acc: 0.9753
Epoch 9/30

  20/1460 [..............................] - ETA: 0s - loss: 0.0076 - acc: 1.0000
 380/1460 [======>.......................] - ETA: 0s - loss: 0.0153 - acc: 1.0000
 780/1460 [===============>..............] - ETA: 0s - loss: 0.0172 - acc: 0.9974
1180/1460 [=======================>......] - ETA: 0s - loss: 0.0182 - acc: 0.9975
1460/1460 [==============================] - 0s 141us/step - loss: 0.0193 - acc: 0.9973 - val_loss: 0.0482 - val_acc: 0.9753
Epoch 10/30

  20/1460 [..............................] - ETA: 0s - loss: 0.0182 - acc: 1.0000
 400/1460 [=======>......................] - ETA: 0s - loss: 0.0176 - acc: 1.0000
 780/1460 [===============>..............] - ETA: 0s - loss: 0.0165 - acc: 0.9987
1160/1460 [======================>.......] - ETA: 0s - loss: 0.0165 - acc: 0.9983
1460/1460 [==============================] - 0s 141us/step - loss: 0.0156 - acc: 0.9986 - val_loss: 0.0468 - val_acc: 0.9815
Epoch 11/30

  20/1460 [..............................] - ETA: 0s - loss: 0.0171 - acc: 1.0000
 380/1460 [======>.......................] - ETA: 0s - loss: 0.0134 - acc: 0.9974
 780/1460 [===============>..............] - ETA: 0s - loss: 0.0131 - acc: 0.9987
1160/1460 [======================>.......] - ETA: 0s - loss: 0.0123 - acc: 0.9991
1460/1460 [==============================] - 0s 139us/step - loss: 0.0131 - acc: 0.9986 - val_loss: 0.0443 - val_acc: 0.9815
Epoch 12/30

  20/1460 [..............................] - ETA: 0s - loss: 0.0052 - acc: 1.0000
 400/1460 [=======>......................] - ETA: 0s - loss: 0.0093 - acc: 1.0000
 820/1460 [===============>..............] - ETA: 0s - loss: 0.0091 - acc: 1.0000
1140/1460 [======================>.......] - ETA: 0s - loss: 0.0101 - acc: 0.9991
1420/1460 [============================>.] - ETA: 0s - loss: 0.0109 - acc: 0.9986
1460/1460 [==============================] - 0s 153us/step - loss: 0.0109 - acc: 0.9986 - val_loss: 0.0443 - val_acc: 0.9815
Epoch 13/30

  20/1460 [..............................] - ETA: 0s - loss: 0.0090 - acc: 1.0000
 340/1460 [=====>........................] - ETA: 0s - loss: 0.0090 - acc: 1.0000
 600/1460 [===========>..................] - ETA: 0s - loss: 0.0098 - acc: 1.0000
 920/1460 [=================>............] - ETA: 0s - loss: 0.0106 - acc: 1.0000
1240/1460 [========================>.....] - ETA: 0s - loss: 0.0095 - acc: 1.0000
1460/1460 [==============================] - 0s 170us/step - loss: 0.0091 - acc: 1.0000 - val_loss: 0.0415 - val_acc: 0.9815
Epoch 14/30

  20/1460 [..............................] - ETA: 0s - loss: 0.0045 - acc: 1.0000
 400/1460 [=======>......................] - ETA: 0s - loss: 0.0077 - acc: 1.0000
 800/1460 [===============>..............] - ETA: 0s - loss: 0.0084 - acc: 0.9987
1180/1460 [=======================>......] - ETA: 0s - loss: 0.0078 - acc: 0.9992
1440/1460 [============================>.] - ETA: 0s - loss: 0.0082 - acc: 0.9986
1460/1460 [==============================] - 0s 156us/step - loss: 0.0081 - acc: 0.9986 - val_loss: 0.0412 - val_acc: 0.9815
Epoch 15/30

  20/1460 [..............................] - ETA: 0s - loss: 0.0042 - acc: 1.0000
 340/1460 [=====>........................] - ETA: 0s - loss: 0.0071 - acc: 1.0000
 620/1460 [===========>..................] - ETA: 0s - loss: 0.0069 - acc: 1.0000
 920/1460 [=================>............] - ETA: 0s - loss: 0.0073 - acc: 1.0000
1220/1460 [========================>.....] - ETA: 0s - loss: 0.0069 - acc: 1.0000
1460/1460 [==============================] - 0s 180us/step - loss: 0.0069 - acc: 1.0000 - val_loss: 0.0414 - val_acc: 0.9815
Epoch 16/30

  20/1460 [..............................] - ETA: 0s - loss: 0.0024 - acc: 1.0000
 320/1460 [=====>........................] - ETA: 0s - loss: 0.0053 - acc: 1.0000
 620/1460 [===========>..................] - ETA: 0s - loss: 0.0058 - acc: 1.0000
 920/1460 [=================>............] - ETA: 0s - loss: 0.0064 - acc: 1.0000
1200/1460 [=======================>......] - ETA: 0s - loss: 0.0062 - acc: 1.0000
1460/1460 [==============================] - 0s 183us/step - loss: 0.0061 - acc: 1.0000 - val_loss: 0.0419 - val_acc: 0.9815
Epoch 17/30

  20/1460 [..............................] - ETA: 0s - loss: 0.0033 - acc: 1.0000
 340/1460 [=====>........................] - ETA: 0s - loss: 0.0045 - acc: 1.0000
 640/1460 [============>.................] - ETA: 0s - loss: 0.0052 - acc: 1.0000
 920/1460 [=================>............] - ETA: 0s - loss: 0.0050 - acc: 1.0000
1220/1460 [========================>.....] - ETA: 0s - loss: 0.0051 - acc: 1.0000
1460/1460 [==============================] - 0s 177us/step - loss: 0.0053 - acc: 1.0000 - val_loss: 0.0412 - val_acc: 0.9815
Epoch 18/30

  20/1460 [..............................] - ETA: 0s - loss: 0.0038 - acc: 1.0000
 340/1460 [=====>........................] - ETA: 0s - loss: 0.0057 - acc: 1.0000
 640/1460 [============>.................] - ETA: 0s - loss: 0.0051 - acc: 1.0000
 940/1460 [==================>...........] - ETA: 0s - loss: 0.0049 - acc: 1.0000
1240/1460 [========================>.....] - ETA: 0s - loss: 0.0049 - acc: 1.0000
1460/1460 [==============================] - 0s 177us/step - loss: 0.0047 - acc: 1.0000 - val_loss: 0.0395 - val_acc: 0.9815
Epoch 19/30

  20/1460 [..............................] - ETA: 0s - loss: 0.0018 - acc: 1.0000
 300/1460 [=====>........................] - ETA: 0s - loss: 0.0036 - acc: 1.0000
 580/1460 [==========>...................] - ETA: 0s - loss: 0.0040 - acc: 1.0000
 900/1460 [=================>............] - ETA: 0s - loss: 0.0039 - acc: 1.0000
1160/1460 [======================>.......] - ETA: 0s - loss: 0.0040 - acc: 1.0000
1440/1460 [============================>.] - ETA: 0s - loss: 0.0042 - acc: 1.0000
1460/1460 [==============================] - 0s 190us/step - loss: 0.0042 - acc: 1.0000 - val_loss: 0.0400 - val_acc: 0.9815
Epoch 20/30

  20/1460 [..............................] - ETA: 0s - loss: 0.0018 - acc: 1.0000
 300/1460 [=====>........................] - ETA: 0s - loss: 0.0040 - acc: 1.0000
 600/1460 [===========>..................] - ETA: 0s - loss: 0.0037 - acc: 1.0000
 900/1460 [=================>............] - ETA: 0s - loss: 0.0034 - acc: 1.0000
1220/1460 [========================>.....] - ETA: 0s - loss: 0.0035 - acc: 1.0000
1460/1460 [==============================] - 0s 177us/step - loss: 0.0038 - acc: 1.0000 - val_loss: 0.0388 - val_acc: 0.9815
acc: 98.15%
Train on 1460 samples, validate on 162 samples
Epoch 1/30

  20/1460 [..............................] - ETA: 1:11 - loss: 0.7046 - acc: 0.3500
 460/1460 [========>.....................] - ETA: 2s - loss: 0.6295 - acc: 0.7239  
 880/1460 [=================>............] - ETA: 0s - loss: 0.5721 - acc: 0.8114
1280/1460 [=========================>....] - ETA: 0s - loss: 0.5098 - acc: 0.8578
1460/1460 [==============================] - 1s 899us/step - loss: 0.4841 - acc: 0.8705 - val_loss: 0.2765 - val_acc: 0.9568
Epoch 2/30

  20/1460 [..............................] - ETA: 0s - loss: 0.2624 - acc: 1.0000
 440/1460 [========>.....................] - ETA: 0s - loss: 0.2225 - acc: 0.9659
 840/1460 [================>.............] - ETA: 0s - loss: 0.1988 - acc: 0.9655
1240/1460 [========================>.....] - ETA: 0s - loss: 0.1729 - acc: 0.9710
1460/1460 [==============================] - 0s 132us/step - loss: 0.1678 - acc: 0.9699 - val_loss: 0.1218 - val_acc: 0.9753
Epoch 3/30

  20/1460 [..............................] - ETA: 0s - loss: 0.0993 - acc: 1.0000
 360/1460 [======>.......................] - ETA: 0s - loss: 0.0881 - acc: 0.9889
 660/1460 [============>.................] - ETA: 0s - loss: 0.1007 - acc: 0.9727
 940/1460 [==================>...........] - ETA: 0s - loss: 0.0952 - acc: 0.9745
1220/1460 [========================>.....] - ETA: 0s - loss: 0.0904 - acc: 0.9779
1460/1460 [==============================] - 0s 181us/step - loss: 0.0893 - acc: 0.9788 - val_loss: 0.0876 - val_acc: 0.9753
Epoch 4/30

  20/1460 [..............................] - ETA: 0s - loss: 0.0370 - acc: 1.0000
 320/1460 [=====>........................] - ETA: 0s - loss: 0.0534 - acc: 0.9906
 700/1460 [=============>................] - ETA: 0s - loss: 0.0602 - acc: 0.9914
1080/1460 [=====================>........] - ETA: 0s - loss: 0.0655 - acc: 0.9889
1460/1460 [==============================] - 0s 144us/step - loss: 0.0631 - acc: 0.9877 - val_loss: 0.0718 - val_acc: 0.9753
Epoch 5/30

  20/1460 [..............................] - ETA: 0s - loss: 0.0321 - acc: 1.0000
 400/1460 [=======>......................] - ETA: 0s - loss: 0.0448 - acc: 0.9925
 760/1460 [==============>...............] - ETA: 0s - loss: 0.0456 - acc: 0.9921
1020/1460 [===================>..........] - ETA: 0s - loss: 0.0438 - acc: 0.9931
1320/1460 [==========================>...] - ETA: 0s - loss: 0.0453 - acc: 0.9917
1460/1460 [==============================] - 0s 166us/step - loss: 0.0461 - acc: 0.9911 - val_loss: 0.0645 - val_acc: 0.9815
Epoch 6/30

  20/1460 [..............................] - ETA: 0s - loss: 0.0659 - acc: 1.0000
 320/1460 [=====>........................] - ETA: 0s - loss: 0.0297 - acc: 1.0000
 620/1460 [===========>..................] - ETA: 0s - loss: 0.0322 - acc: 0.9968
 880/1460 [=================>............] - ETA: 0s - loss: 0.0312 - acc: 0.9966
1160/1460 [======================>.......] - ETA: 0s - loss: 0.0332 - acc: 0.9957
1440/1460 [============================>.] - ETA: 0s - loss: 0.0361 - acc: 0.9951
1460/1460 [==============================] - 0s 188us/step - loss: 0.0358 - acc: 0.9952 - val_loss: 0.0598 - val_acc: 0.9753
Epoch 7/30

  20/1460 [..............................] - ETA: 0s - loss: 0.0190 - acc: 1.0000
 300/1460 [=====>........................] - ETA: 0s - loss: 0.0207 - acc: 1.0000
 600/1460 [===========>..................] - ETA: 0s - loss: 0.0266 - acc: 0.9967
 900/1460 [=================>............] - ETA: 0s - loss: 0.0272 - acc: 0.9956
1180/1460 [=======================>......] - ETA: 0s - loss: 0.0263 - acc: 0.9966
1460/1460 [==============================] - 0s 183us/step - loss: 0.0274 - acc: 0.9966 - val_loss: 0.0560 - val_acc: 0.9815
Epoch 8/30

  20/1460 [..............................] - ETA: 0s - loss: 0.0152 - acc: 1.0000
 320/1460 [=====>........................] - ETA: 0s - loss: 0.0185 - acc: 1.0000
 600/1460 [===========>..................] - ETA: 0s - loss: 0.0206 - acc: 0.9983
 880/1460 [=================>............] - ETA: 0s - loss: 0.0212 - acc: 0.9977
1180/1460 [=======================>......] - ETA: 0s - loss: 0.0205 - acc: 0.9983
1460/1460 [==============================] - 0s 183us/step - loss: 0.0220 - acc: 0.9979 - val_loss: 0.0552 - val_acc: 0.9753
Epoch 9/30

  20/1460 [..............................] - ETA: 0s - loss: 0.0077 - acc: 1.0000
 300/1460 [=====>........................] - ETA: 0s - loss: 0.0191 - acc: 1.0000
 600/1460 [===========>..................] - ETA: 0s - loss: 0.0197 - acc: 0.9983
 900/1460 [=================>............] - ETA: 0s - loss: 0.0192 - acc: 0.9978
1200/1460 [=======================>......] - ETA: 0s - loss: 0.0184 - acc: 0.9975
1460/1460 [==============================] - 0s 188us/step - loss: 0.0176 - acc: 0.9979 - val_loss: 0.0537 - val_acc: 0.9815
Epoch 10/30

  20/1460 [..............................] - ETA: 0s - loss: 0.0092 - acc: 1.0000
 320/1460 [=====>........................] - ETA: 0s - loss: 0.0103 - acc: 1.0000
 560/1460 [==========>...................] - ETA: 0s - loss: 0.0121 - acc: 1.0000
 880/1460 [=================>............] - ETA: 0s - loss: 0.0122 - acc: 1.0000
1160/1460 [======================>.......] - ETA: 0s - loss: 0.0138 - acc: 0.9991
1460/1460 [==============================] - 0s 182us/step - loss: 0.0147 - acc: 0.9986 - val_loss: 0.0534 - val_acc: 0.9753
Epoch 11/30

  20/1460 [..............................] - ETA: 0s - loss: 0.0090 - acc: 1.0000
 300/1460 [=====>........................] - ETA: 0s - loss: 0.0104 - acc: 1.0000
 580/1460 [==========>...................] - ETA: 0s - loss: 0.0102 - acc: 1.0000
 840/1460 [================>.............] - ETA: 0s - loss: 0.0106 - acc: 1.0000
1140/1460 [======================>.......] - ETA: 0s - loss: 0.0106 - acc: 1.0000
1440/1460 [============================>.] - ETA: 0s - loss: 0.0124 - acc: 0.9986
1460/1460 [==============================] - 0s 186us/step - loss: 0.0123 - acc: 0.9986 - val_loss: 0.0504 - val_acc: 0.9815
Epoch 12/30

  20/1460 [..............................] - ETA: 0s - loss: 0.0047 - acc: 1.0000
 300/1460 [=====>........................] - ETA: 0s - loss: 0.0084 - acc: 1.0000
 600/1460 [===========>..................] - ETA: 0s - loss: 0.0109 - acc: 0.9983
 880/1460 [=================>............] - ETA: 0s - loss: 0.0110 - acc: 0.9989
1160/1460 [======================>.......] - ETA: 0s - loss: 0.0109 - acc: 0.9983
1460/1460 [==============================] - 0s 186us/step - loss: 0.0103 - acc: 0.9986 - val_loss: 0.0505 - val_acc: 0.9815
Epoch 13/30

  20/1460 [..............................] - ETA: 0s - loss: 0.0114 - acc: 1.0000
 320/1460 [=====>........................] - ETA: 0s - loss: 0.0087 - acc: 1.0000
 600/1460 [===========>..................] - ETA: 0s - loss: 0.0085 - acc: 1.0000
 880/1460 [=================>............] - ETA: 0s - loss: 0.0094 - acc: 0.9989
1160/1460 [======================>.......] - ETA: 0s - loss: 0.0091 - acc: 0.9991
1440/1460 [============================>.] - ETA: 0s - loss: 0.0089 - acc: 0.9993
1460/1460 [==============================] - 0s 192us/step - loss: 0.0089 - acc: 0.9993 - val_loss: 0.0497 - val_acc: 0.9815
Epoch 14/30

  20/1460 [..............................] - ETA: 0s - loss: 0.0070 - acc: 1.0000
 280/1460 [====>.........................] - ETA: 0s - loss: 0.0087 - acc: 1.0000
 540/1460 [==========>...................] - ETA: 0s - loss: 0.0078 - acc: 1.0000
 820/1460 [===============>..............] - ETA: 0s - loss: 0.0082 - acc: 0.9988
1060/1460 [====================>.........] - ETA: 0s - loss: 0.0084 - acc: 0.9991
1320/1460 [==========================>...] - ETA: 0s - loss: 0.0079 - acc: 0.9992
1460/1460 [==============================] - 0s 206us/step - loss: 0.0077 - acc: 0.9993 - val_loss: 0.0488 - val_acc: 0.9815
Epoch 15/30

  20/1460 [..............................] - ETA: 0s - loss: 0.0085 - acc: 1.0000
 260/1460 [====>.........................] - ETA: 0s - loss: 0.0089 - acc: 1.0000
 500/1460 [=========>....................] - ETA: 0s - loss: 0.0070 - acc: 1.0000
 780/1460 [===============>..............] - ETA: 0s - loss: 0.0069 - acc: 1.0000
1020/1460 [===================>..........] - ETA: 0s - loss: 0.0070 - acc: 1.0000
1240/1460 [========================>.....] - ETA: 0s - loss: 0.0066 - acc: 1.0000
1460/1460 [==============================] - 0s 228us/step - loss: 0.0065 - acc: 1.0000 - val_loss: 0.0460 - val_acc: 0.9815
acc: 98.15%
Train on 1460 samples, validate on 162 samples
Epoch 1/30

  20/1460 [..............................] - ETA: 1:22 - loss: 0.7493 - acc: 0.3000
 400/1460 [=======>......................] - ETA: 3s - loss: 0.6540 - acc: 0.6175  
 780/1460 [===============>..............] - ETA: 1s - loss: 0.6027 - acc: 0.7282
1140/1460 [======================>.......] - ETA: 0s - loss: 0.5484 - acc: 0.7982
1460/1460 [==============================] - 2s 1ms/step - loss: 0.5043 - acc: 0.8322 - val_loss: 0.2797 - val_acc: 0.9815
Epoch 2/30

  20/1460 [..............................] - ETA: 0s - loss: 0.2487 - acc: 1.0000
 400/1460 [=======>......................] - ETA: 0s - loss: 0.2497 - acc: 0.9725
 780/1460 [===============>..............] - ETA: 0s - loss: 0.2220 - acc: 0.9654
1160/1460 [======================>.......] - ETA: 0s - loss: 0.1989 - acc: 0.9690
1460/1460 [==============================] - 0s 141us/step - loss: 0.1838 - acc: 0.9692 - val_loss: 0.1052 - val_acc: 0.9815
Epoch 3/30

  20/1460 [..............................] - ETA: 0s - loss: 0.0882 - acc: 1.0000
 360/1460 [======>.......................] - ETA: 0s - loss: 0.1205 - acc: 0.9694
 700/1460 [=============>................] - ETA: 0s - loss: 0.1058 - acc: 0.9771
1000/1460 [===================>..........] - ETA: 0s - loss: 0.1006 - acc: 0.9770
1240/1460 [========================>.....] - ETA: 0s - loss: 0.0977 - acc: 0.9774
1460/1460 [==============================] - 0s 179us/step - loss: 0.0957 - acc: 0.9781 - val_loss: 0.0752 - val_acc: 0.9753
Epoch 4/30

  20/1460 [..............................] - ETA: 0s - loss: 0.0750 - acc: 1.0000
 280/1460 [====>.........................] - ETA: 0s - loss: 0.0695 - acc: 0.9857
 560/1460 [==========>...................] - ETA: 0s - loss: 0.0793 - acc: 0.9750
 840/1460 [================>.............] - ETA: 0s - loss: 0.0753 - acc: 0.9786
1160/1460 [======================>.......] - ETA: 0s - loss: 0.0705 - acc: 0.9819
1460/1460 [==============================] - 0s 181us/step - loss: 0.0673 - acc: 0.9836 - val_loss: 0.0627 - val_acc: 0.9753
Epoch 5/30

  20/1460 [..............................] - ETA: 0s - loss: 0.0261 - acc: 1.0000
 360/1460 [======>.......................] - ETA: 0s - loss: 0.0646 - acc: 0.9833
 720/1460 [=============>................] - ETA: 0s - loss: 0.0531 - acc: 0.9875
1040/1460 [====================>.........] - ETA: 0s - loss: 0.0524 - acc: 0.9885
1340/1460 [==========================>...] - ETA: 0s - loss: 0.0498 - acc: 0.9896
1460/1460 [==============================] - 0s 165us/step - loss: 0.0504 - acc: 0.9884 - val_loss: 0.0568 - val_acc: 0.9753
Epoch 6/30

  20/1460 [..............................] - ETA: 0s - loss: 0.0408 - acc: 1.0000
 320/1460 [=====>........................] - ETA: 0s - loss: 0.0404 - acc: 0.9937
 600/1460 [===========>..................] - ETA: 0s - loss: 0.0445 - acc: 0.9917
 840/1460 [================>.............] - ETA: 0s - loss: 0.0440 - acc: 0.9905
1100/1460 [=====================>........] - ETA: 0s - loss: 0.0421 - acc: 0.9909
1360/1460 [==========================>...] - ETA: 0s - loss: 0.0398 - acc: 0.9912
1460/1460 [==============================] - 0s 199us/step - loss: 0.0392 - acc: 0.9918 - val_loss: 0.0527 - val_acc: 0.9815
Epoch 7/30

  20/1460 [..............................] - ETA: 0s - loss: 0.0279 - acc: 1.0000
 300/1460 [=====>........................] - ETA: 0s - loss: 0.0235 - acc: 1.0000
 580/1460 [==========>...................] - ETA: 0s - loss: 0.0244 - acc: 1.0000
 880/1460 [=================>............] - ETA: 0s - loss: 0.0288 - acc: 0.9977
1120/1460 [======================>.......] - ETA: 0s - loss: 0.0297 - acc: 0.9973
1380/1460 [===========================>..] - ETA: 0s - loss: 0.0314 - acc: 0.9964
1460/1460 [==============================] - 0s 200us/step - loss: 0.0309 - acc: 0.9966 - val_loss: 0.0506 - val_acc: 0.9815
Epoch 8/30

  20/1460 [..............................] - ETA: 0s - loss: 0.0156 - acc: 1.0000
 280/1460 [====>.........................] - ETA: 0s - loss: 0.0240 - acc: 0.9964
 540/1460 [==========>...................] - ETA: 0s - loss: 0.0262 - acc: 0.9944
 820/1460 [===============>..............] - ETA: 0s - loss: 0.0256 - acc: 0.9963
1080/1460 [=====================>........] - ETA: 0s - loss: 0.0244 - acc: 0.9972
1340/1460 [==========================>...] - ETA: 0s - loss: 0.0248 - acc: 0.9970
1460/1460 [==============================] - 0s 206us/step - loss: 0.0242 - acc: 0.9973 - val_loss: 0.0529 - val_acc: 0.9815
Epoch 9/30

  20/1460 [..............................] - ETA: 0s - loss: 0.0197 - acc: 1.0000
 280/1460 [====>.........................] - ETA: 0s - loss: 0.0176 - acc: 0.9964
 580/1460 [==========>...................] - ETA: 0s - loss: 0.0198 - acc: 0.9966
 880/1460 [=================>............] - ETA: 0s - loss: 0.0220 - acc: 0.9955
1160/1460 [======================>.......] - ETA: 0s - loss: 0.0214 - acc: 0.9966
1440/1460 [============================>.] - ETA: 0s - loss: 0.0200 - acc: 0.9972
1460/1460 [==============================] - 0s 191us/step - loss: 0.0202 - acc: 0.9973 - val_loss: 0.0497 - val_acc: 0.9815
Epoch 10/30

  20/1460 [..............................] - ETA: 0s - loss: 0.0157 - acc: 1.0000
 320/1460 [=====>........................] - ETA: 0s - loss: 0.0108 - acc: 1.0000
 600/1460 [===========>..................] - ETA: 0s - loss: 0.0146 - acc: 0.9983
 900/1460 [=================>............] - ETA: 0s - loss: 0.0160 - acc: 0.9978
1180/1460 [=======================>......] - ETA: 0s - loss: 0.0174 - acc: 0.9975
1460/1460 [==============================] - 0s 187us/step - loss: 0.0163 - acc: 0.9979 - val_loss: 0.0522 - val_acc: 0.9815
Epoch 11/30

  20/1460 [..............................] - ETA: 0s - loss: 0.0275 - acc: 1.0000
 320/1460 [=====>........................] - ETA: 0s - loss: 0.0139 - acc: 1.0000
 580/1460 [==========>...................] - ETA: 0s - loss: 0.0155 - acc: 0.9983
 860/1460 [================>.............] - ETA: 0s - loss: 0.0153 - acc: 0.9977
1160/1460 [======================>.......] - ETA: 0s - loss: 0.0140 - acc: 0.9983
1400/1460 [===========================>..] - ETA: 0s - loss: 0.0138 - acc: 0.9979
1460/1460 [==============================] - 0s 195us/step - loss: 0.0138 - acc: 0.9979 - val_loss: 0.0471 - val_acc: 0.9815
acc: 98.15%
Train on 1460 samples, validate on 162 samples
Epoch 1/30

  20/1460 [..............................] - ETA: 1:28 - loss: 0.6906 - acc: 0.5000
 440/1460 [========>.....................] - ETA: 2s - loss: 0.6489 - acc: 0.6795  
 860/1460 [================>.............] - ETA: 0s - loss: 0.5931 - acc: 0.7895
1260/1460 [========================>.....] - ETA: 0s - loss: 0.5355 - acc: 0.8468
1460/1460 [==============================] - 2s 1ms/step - loss: 0.5079 - acc: 0.8630 - val_loss: 0.2942 - val_acc: 0.9630
Epoch 2/30

  20/1460 [..............................] - ETA: 0s - loss: 0.2664 - acc: 1.0000
 420/1460 [=======>......................] - ETA: 0s - loss: 0.2438 - acc: 0.9714
 800/1460 [===============>..............] - ETA: 0s - loss: 0.2115 - acc: 0.9762
1180/1460 [=======================>......] - ETA: 0s - loss: 0.1938 - acc: 0.9737
1460/1460 [==============================] - 0s 137us/step - loss: 0.1833 - acc: 0.9726 - val_loss: 0.1236 - val_acc: 0.9815
Epoch 3/30

  20/1460 [..............................] - ETA: 0s - loss: 0.1261 - acc: 0.9500
 400/1460 [=======>......................] - ETA: 0s - loss: 0.1000 - acc: 0.9850
 680/1460 [============>.................] - ETA: 0s - loss: 0.0943 - acc: 0.9838
 980/1460 [===================>..........] - ETA: 0s - loss: 0.0891 - acc: 0.9816
1240/1460 [========================>.....] - ETA: 0s - loss: 0.0907 - acc: 0.9823
1460/1460 [==============================] - 0s 174us/step - loss: 0.0933 - acc: 0.9815 - val_loss: 0.0914 - val_acc: 0.9753
Epoch 4/30

  20/1460 [..............................] - ETA: 0s - loss: 0.0309 - acc: 1.0000
 320/1460 [=====>........................] - ETA: 0s - loss: 0.0717 - acc: 0.9844
 640/1460 [============>.................] - ETA: 0s - loss: 0.0602 - acc: 0.9875
 980/1460 [===================>..........] - ETA: 0s - loss: 0.0583 - acc: 0.9888
1340/1460 [==========================>...] - ETA: 0s - loss: 0.0626 - acc: 0.9858
1460/1460 [==============================] - 0s 163us/step - loss: 0.0641 - acc: 0.9849 - val_loss: 0.0781 - val_acc: 0.9815
Epoch 5/30

  20/1460 [..............................] - ETA: 0s - loss: 0.0832 - acc: 0.9500
 340/1460 [=====>........................] - ETA: 0s - loss: 0.0461 - acc: 0.9912
 680/1460 [============>.................] - ETA: 0s - loss: 0.0441 - acc: 0.9941
1020/1460 [===================>..........] - ETA: 0s - loss: 0.0465 - acc: 0.9941
1280/1460 [=========================>....] - ETA: 0s - loss: 0.0466 - acc: 0.9922
1460/1460 [==============================] - 0s 181us/step - loss: 0.0478 - acc: 0.9911 - val_loss: 0.0724 - val_acc: 0.9877
Epoch 6/30

  20/1460 [..............................] - ETA: 0s - loss: 0.0162 - acc: 1.0000
 300/1460 [=====>........................] - ETA: 0s - loss: 0.0410 - acc: 0.9933
 560/1460 [==========>...................] - ETA: 0s - loss: 0.0383 - acc: 0.9946
 840/1460 [================>.............] - ETA: 0s - loss: 0.0341 - acc: 0.9964
1120/1460 [======================>.......] - ETA: 0s - loss: 0.0359 - acc: 0.9964
1360/1460 [==========================>...] - ETA: 0s - loss: 0.0366 - acc: 0.9949
1460/1460 [==============================] - 0s 201us/step - loss: 0.0362 - acc: 0.9952 - val_loss: 0.0691 - val_acc: 0.9877
Epoch 7/30

  20/1460 [..............................] - ETA: 0s - loss: 0.0118 - acc: 1.0000
 280/1460 [====>.........................] - ETA: 0s - loss: 0.0330 - acc: 0.9929
 520/1460 [=========>....................] - ETA: 0s - loss: 0.0333 - acc: 0.9942
 760/1460 [==============>...............] - ETA: 0s - loss: 0.0301 - acc: 0.9961
1040/1460 [====================>.........] - ETA: 0s - loss: 0.0284 - acc: 0.9971
1300/1460 [=========================>....] - ETA: 0s - loss: 0.0277 - acc: 0.9962
1460/1460 [==============================] - 0s 212us/step - loss: 0.0281 - acc: 0.9966 - val_loss: 0.0699 - val_acc: 0.9877
Epoch 8/30

  20/1460 [..............................] - ETA: 0s - loss: 0.0371 - acc: 1.0000
 280/1460 [====>.........................] - ETA: 0s - loss: 0.0221 - acc: 1.0000
 520/1460 [=========>....................] - ETA: 0s - loss: 0.0246 - acc: 0.9981
 760/1460 [==============>...............] - ETA: 0s - loss: 0.0239 - acc: 0.9987
1020/1460 [===================>..........] - ETA: 0s - loss: 0.0217 - acc: 0.9990
1300/1460 [=========================>....] - ETA: 0s - loss: 0.0217 - acc: 0.9992
1460/1460 [==============================] - 0s 216us/step - loss: 0.0221 - acc: 0.9986 - val_loss: 0.0658 - val_acc: 0.9877
Epoch 9/30

  20/1460 [..............................] - ETA: 0s - loss: 0.0156 - acc: 1.0000
 280/1460 [====>.........................] - ETA: 0s - loss: 0.0202 - acc: 0.9964
 500/1460 [=========>....................] - ETA: 0s - loss: 0.0202 - acc: 0.9960
 760/1460 [==============>...............] - ETA: 0s - loss: 0.0202 - acc: 0.9961
1020/1460 [===================>..........] - ETA: 0s - loss: 0.0198 - acc: 0.9971
1260/1460 [========================>.....] - ETA: 0s - loss: 0.0181 - acc: 0.9976
1460/1460 [==============================] - 0s 222us/step - loss: 0.0176 - acc: 0.9979 - val_loss: 0.0640 - val_acc: 0.9877
Epoch 10/30

  20/1460 [..............................] - ETA: 0s - loss: 0.0162 - acc: 1.0000
 260/1460 [====>.........................] - ETA: 0s - loss: 0.0113 - acc: 1.0000
 520/1460 [=========>....................] - ETA: 0s - loss: 0.0123 - acc: 1.0000
 800/1460 [===============>..............] - ETA: 0s - loss: 0.0147 - acc: 0.9975
1060/1460 [====================>.........] - ETA: 0s - loss: 0.0144 - acc: 0.9981
1300/1460 [=========================>....] - ETA: 0s - loss: 0.0144 - acc: 0.9985
1460/1460 [==============================] - 0s 211us/step - loss: 0.0144 - acc: 0.9986 - val_loss: 0.0662 - val_acc: 0.9877
Epoch 11/30

  20/1460 [..............................] - ETA: 0s - loss: 0.0087 - acc: 1.0000
 280/1460 [====>.........................] - ETA: 0s - loss: 0.0159 - acc: 0.9964
 560/1460 [==========>...................] - ETA: 0s - loss: 0.0144 - acc: 0.9982
 820/1460 [===============>..............] - ETA: 0s - loss: 0.0128 - acc: 0.9988
1100/1460 [=====================>........] - ETA: 0s - loss: 0.0122 - acc: 0.9991
1380/1460 [===========================>..] - ETA: 0s - loss: 0.0115 - acc: 0.9993
1460/1460 [==============================] - 0s 202us/step - loss: 0.0117 - acc: 0.9993 - val_loss: 0.0676 - val_acc: 0.9877
Epoch 12/30

  20/1460 [..............................] - ETA: 0s - loss: 0.0069 - acc: 1.0000
 300/1460 [=====>........................] - ETA: 0s - loss: 0.0099 - acc: 1.0000
 560/1460 [==========>...................] - ETA: 0s - loss: 0.0091 - acc: 1.0000
 840/1460 [================>.............] - ETA: 0s - loss: 0.0091 - acc: 1.0000
1120/1460 [======================>.......] - ETA: 0s - loss: 0.0098 - acc: 0.9991
1380/1460 [===========================>..] - ETA: 0s - loss: 0.0100 - acc: 0.9993
1460/1460 [==============================] - 0s 200us/step - loss: 0.0099 - acc: 0.9993 - val_loss: 0.0676 - val_acc: 0.9877
Epoch 13/30

  20/1460 [..............................] - ETA: 0s - loss: 0.0061 - acc: 1.0000
 280/1460 [====>.........................] - ETA: 0s - loss: 0.0062 - acc: 1.0000
 540/1460 [==========>...................] - ETA: 0s - loss: 0.0069 - acc: 1.0000
 800/1460 [===============>..............] - ETA: 0s - loss: 0.0081 - acc: 1.0000
1060/1460 [====================>.........] - ETA: 0s - loss: 0.0084 - acc: 1.0000
1340/1460 [==========================>...] - ETA: 0s - loss: 0.0085 - acc: 1.0000
1460/1460 [==============================] - 0s 201us/step - loss: 0.0084 - acc: 1.0000 - val_loss: 0.0686 - val_acc: 0.9877
Epoch 14/30

  20/1460 [..............................] - ETA: 0s - loss: 0.0087 - acc: 1.0000
 300/1460 [=====>........................] - ETA: 0s - loss: 0.0075 - acc: 1.0000
 560/1460 [==========>...................] - ETA: 0s - loss: 0.0071 - acc: 1.0000
 820/1460 [===============>..............] - ETA: 0s - loss: 0.0077 - acc: 0.9988
1060/1460 [====================>.........] - ETA: 0s - loss: 0.0075 - acc: 0.9991
1320/1460 [==========================>...] - ETA: 0s - loss: 0.0074 - acc: 0.9992
1460/1460 [==============================] - 0s 214us/step - loss: 0.0072 - acc: 0.9993 - val_loss: 0.0693 - val_acc: 0.9877
Epoch 15/30

  20/1460 [..............................] - ETA: 0s - loss: 0.0095 - acc: 1.0000
 240/1460 [===>..........................] - ETA: 0s - loss: 0.0053 - acc: 1.0000
 500/1460 [=========>....................] - ETA: 0s - loss: 0.0057 - acc: 1.0000
 780/1460 [===============>..............] - ETA: 0s - loss: 0.0066 - acc: 1.0000
1080/1460 [=====================>........] - ETA: 0s - loss: 0.0065 - acc: 1.0000
1360/1460 [==========================>...] - ETA: 0s - loss: 0.0062 - acc: 1.0000
1460/1460 [==============================] - 0s 205us/step - loss: 0.0061 - acc: 1.0000 - val_loss: 0.0706 - val_acc: 0.9877
acc: 98.77%
Train on 1460 samples, validate on 162 samples
Epoch 1/30

  20/1460 [..............................] - ETA: 1:39 - loss: 0.7061 - acc: 0.5000
 440/1460 [========>.....................] - ETA: 3s - loss: 0.6497 - acc: 0.6364  
 840/1460 [================>.............] - ETA: 1s - loss: 0.5918 - acc: 0.7619
1240/1460 [========================>.....] - ETA: 0s - loss: 0.5328 - acc: 0.8250
1460/1460 [==============================] - 2s 1ms/step - loss: 0.5008 - acc: 0.8452 - val_loss: 0.2739 - val_acc: 0.9815
Epoch 2/30

  20/1460 [..............................] - ETA: 0s - loss: 0.2733 - acc: 1.0000
 380/1460 [======>.......................] - ETA: 0s - loss: 0.2423 - acc: 0.9737
 760/1460 [==============>...............] - ETA: 0s - loss: 0.2143 - acc: 0.9697
1120/1460 [======================>.......] - ETA: 0s - loss: 0.1900 - acc: 0.9732
1460/1460 [==============================] - 0s 146us/step - loss: 0.1766 - acc: 0.9705 - val_loss: 0.1159 - val_acc: 0.9877
Epoch 3/30

  20/1460 [..............................] - ETA: 0s - loss: 0.0618 - acc: 1.0000
 400/1460 [=======>......................] - ETA: 0s - loss: 0.0993 - acc: 0.9825
 800/1460 [===============>..............] - ETA: 0s - loss: 0.0975 - acc: 0.9812
1160/1460 [======================>.......] - ETA: 0s - loss: 0.0908 - acc: 0.9828
1460/1460 [==============================] - 0s 139us/step - loss: 0.0909 - acc: 0.9808 - val_loss: 0.0867 - val_acc: 0.9815
Epoch 4/30

  20/1460 [..............................] - ETA: 0s - loss: 0.0916 - acc: 1.0000
 360/1460 [======>.......................] - ETA: 0s - loss: 0.0555 - acc: 0.9944
 620/1460 [===========>..................] - ETA: 0s - loss: 0.0594 - acc: 0.9903
 920/1460 [=================>............] - ETA: 0s - loss: 0.0631 - acc: 0.9891
1200/1460 [=======================>......] - ETA: 0s - loss: 0.0614 - acc: 0.9900
1460/1460 [==============================] - 0s 184us/step - loss: 0.0626 - acc: 0.9890 - val_loss: 0.0754 - val_acc: 0.9877
Epoch 5/30

  20/1460 [..............................] - ETA: 0s - loss: 0.0206 - acc: 1.0000
 300/1460 [=====>........................] - ETA: 0s - loss: 0.0419 - acc: 0.9967
 640/1460 [============>.................] - ETA: 0s - loss: 0.0519 - acc: 0.9922
1000/1460 [===================>..........] - ETA: 0s - loss: 0.0499 - acc: 0.9910
1400/1460 [===========================>..] - ETA: 0s - loss: 0.0465 - acc: 0.9921
1460/1460 [==============================] - 0s 154us/step - loss: 0.0463 - acc: 0.9918 - val_loss: 0.0682 - val_acc: 0.9877
Epoch 6/30

  20/1460 [..............................] - ETA: 0s - loss: 0.0133 - acc: 1.0000
 380/1460 [======>.......................] - ETA: 0s - loss: 0.0382 - acc: 0.9947
 760/1460 [==============>...............] - ETA: 0s - loss: 0.0378 - acc: 0.9934
1120/1460 [======================>.......] - ETA: 0s - loss: 0.0371 - acc: 0.9946
1400/1460 [===========================>..] - ETA: 0s - loss: 0.0347 - acc: 0.9957
1460/1460 [==============================] - 0s 155us/step - loss: 0.0358 - acc: 0.9952 - val_loss: 0.0650 - val_acc: 0.9877
Epoch 7/30

  20/1460 [..............................] - ETA: 0s - loss: 0.0193 - acc: 1.0000
 280/1460 [====>.........................] - ETA: 0s - loss: 0.0304 - acc: 0.9964
 540/1460 [==========>...................] - ETA: 0s - loss: 0.0321 - acc: 0.9944
 840/1460 [================>.............] - ETA: 0s - loss: 0.0289 - acc: 0.9952
1120/1460 [======================>.......] - ETA: 0s - loss: 0.0267 - acc: 0.9964
1380/1460 [===========================>..] - ETA: 0s - loss: 0.0285 - acc: 0.9957
1460/1460 [==============================] - 0s 205us/step - loss: 0.0281 - acc: 0.9959 - val_loss: 0.0624 - val_acc: 0.9877
Epoch 8/30

  20/1460 [..............................] - ETA: 0s - loss: 0.0381 - acc: 1.0000
 280/1460 [====>.........................] - ETA: 0s - loss: 0.0203 - acc: 1.0000
 540/1460 [==========>...................] - ETA: 0s - loss: 0.0204 - acc: 0.9981
 820/1460 [===============>..............] - ETA: 0s - loss: 0.0200 - acc: 0.9976
1100/1460 [=====================>........] - ETA: 0s - loss: 0.0206 - acc: 0.9973
1360/1460 [==========================>...] - ETA: 0s - loss: 0.0213 - acc: 0.9978
1460/1460 [==============================] - 0s 205us/step - loss: 0.0226 - acc: 0.9973 - val_loss: 0.0594 - val_acc: 0.9877
Epoch 9/30

  20/1460 [..............................] - ETA: 0s - loss: 0.0098 - acc: 1.0000
 300/1460 [=====>........................] - ETA: 0s - loss: 0.0241 - acc: 0.9933
 580/1460 [==========>...................] - ETA: 0s - loss: 0.0188 - acc: 0.9966
 840/1460 [================>.............] - ETA: 0s - loss: 0.0191 - acc: 0.9976
1100/1460 [=====================>........] - ETA: 0s - loss: 0.0177 - acc: 0.9982
1360/1460 [==========================>...] - ETA: 0s - loss: 0.0187 - acc: 0.9971
1460/1460 [==============================] - 0s 201us/step - loss: 0.0185 - acc: 0.9973 - val_loss: 0.0568 - val_acc: 0.9877
Epoch 10/30

  20/1460 [..............................] - ETA: 0s - loss: 0.0120 - acc: 1.0000
 280/1460 [====>.........................] - ETA: 0s - loss: 0.0123 - acc: 1.0000
 540/1460 [==========>...................] - ETA: 0s - loss: 0.0125 - acc: 1.0000
 780/1460 [===============>..............] - ETA: 0s - loss: 0.0125 - acc: 1.0000
1020/1460 [===================>..........] - ETA: 0s - loss: 0.0130 - acc: 1.0000
1300/1460 [=========================>....] - ETA: 0s - loss: 0.0129 - acc: 1.0000
1460/1460 [==============================] - 0s 208us/step - loss: 0.0154 - acc: 0.9986 - val_loss: 0.0568 - val_acc: 0.9877
Epoch 11/30

  20/1460 [..............................] - ETA: 0s - loss: 0.0108 - acc: 1.0000
 300/1460 [=====>........................] - ETA: 0s - loss: 0.0158 - acc: 0.9967
 560/1460 [==========>...................] - ETA: 0s - loss: 0.0138 - acc: 0.9982
 860/1460 [================>.............] - ETA: 0s - loss: 0.0120 - acc: 0.9988
1140/1460 [======================>.......] - ETA: 0s - loss: 0.0136 - acc: 0.9974
1420/1460 [============================>.] - ETA: 0s - loss: 0.0132 - acc: 0.9979
1460/1460 [==============================] - 0s 197us/step - loss: 0.0132 - acc: 0.9979 - val_loss: 0.0551 - val_acc: 0.9877
Epoch 12/30

  20/1460 [..............................] - ETA: 0s - loss: 0.0106 - acc: 1.0000
 280/1460 [====>.........................] - ETA: 0s - loss: 0.0112 - acc: 1.0000
 560/1460 [==========>...................] - ETA: 0s - loss: 0.0131 - acc: 0.9964
 800/1460 [===============>..............] - ETA: 0s - loss: 0.0122 - acc: 0.9975
1040/1460 [====================>.........] - ETA: 0s - loss: 0.0113 - acc: 0.9981
1320/1460 [==========================>...] - ETA: 0s - loss: 0.0107 - acc: 0.9985
1460/1460 [==============================] - 0s 204us/step - loss: 0.0106 - acc: 0.9986 - val_loss: 0.0537 - val_acc: 0.9877
acc: 98.77%
Train on 1460 samples, validate on 162 samples
Epoch 1/30

  20/1460 [..............................] - ETA: 1:43 - loss: 0.7085 - acc: 0.4000
 420/1460 [=======>......................] - ETA: 3s - loss: 0.6525 - acc: 0.6286  
 820/1460 [===============>..............] - ETA: 1s - loss: 0.6086 - acc: 0.7317
1200/1460 [=======================>......] - ETA: 0s - loss: 0.5594 - acc: 0.7950
1460/1460 [==============================] - 2s 1ms/step - loss: 0.5221 - acc: 0.8274 - val_loss: 0.3131 - val_acc: 0.9630
Epoch 2/30

  20/1460 [..............................] - ETA: 0s - loss: 0.2830 - acc: 1.0000
 420/1460 [=======>......................] - ETA: 0s - loss: 0.2422 - acc: 0.9857
 780/1460 [===============>..............] - ETA: 0s - loss: 0.2266 - acc: 0.9795
1160/1460 [======================>.......] - ETA: 0s - loss: 0.2068 - acc: 0.9741
1460/1460 [==============================] - 0s 142us/step - loss: 0.1911 - acc: 0.9767 - val_loss: 0.1265 - val_acc: 0.9630
Epoch 3/30

  20/1460 [..............................] - ETA: 0s - loss: 0.0816 - acc: 1.0000
 400/1460 [=======>......................] - ETA: 0s - loss: 0.1194 - acc: 0.9775
 760/1460 [==============>...............] - ETA: 0s - loss: 0.1130 - acc: 0.9803
1100/1460 [=====================>........] - ETA: 0s - loss: 0.1010 - acc: 0.9836
1460/1460 [==============================] - 0s 144us/step - loss: 0.0965 - acc: 0.9836 - val_loss: 0.0918 - val_acc: 0.9630
Epoch 4/30

  20/1460 [..............................] - ETA: 0s - loss: 0.0324 - acc: 1.0000
 400/1460 [=======>......................] - ETA: 0s - loss: 0.0689 - acc: 0.9900
 780/1460 [===============>..............] - ETA: 0s - loss: 0.0680 - acc: 0.9872
1120/1460 [======================>.......] - ETA: 0s - loss: 0.0715 - acc: 0.9839
1460/1460 [==============================] - 0s 146us/step - loss: 0.0675 - acc: 0.9856 - val_loss: 0.0792 - val_acc: 0.9630
Epoch 5/30

  20/1460 [..............................] - ETA: 0s - loss: 0.1120 - acc: 0.9500
 320/1460 [=====>........................] - ETA: 0s - loss: 0.0552 - acc: 0.9875
 580/1460 [==========>...................] - ETA: 0s - loss: 0.0509 - acc: 0.9897
 880/1460 [=================>............] - ETA: 0s - loss: 0.0533 - acc: 0.9886
1180/1460 [=======================>......] - ETA: 0s - loss: 0.0543 - acc: 0.9873
1460/1460 [==============================] - 0s 185us/step - loss: 0.0501 - acc: 0.9897 - val_loss: 0.0757 - val_acc: 0.9630
Epoch 6/30

  20/1460 [..............................] - ETA: 0s - loss: 0.0391 - acc: 1.0000
 340/1460 [=====>........................] - ETA: 0s - loss: 0.0323 - acc: 0.9971
 680/1460 [============>.................] - ETA: 0s - loss: 0.0403 - acc: 0.9926
1040/1460 [====================>.........] - ETA: 0s - loss: 0.0372 - acc: 0.9942
1380/1460 [===========================>..] - ETA: 0s - loss: 0.0381 - acc: 0.9935
1460/1460 [==============================] - 0s 155us/step - loss: 0.0398 - acc: 0.9932 - val_loss: 0.0721 - val_acc: 0.9691
Epoch 7/30

  20/1460 [..............................] - ETA: 0s - loss: 0.0138 - acc: 1.0000
 400/1460 [=======>......................] - ETA: 0s - loss: 0.0301 - acc: 0.9975
 800/1460 [===============>..............] - ETA: 0s - loss: 0.0304 - acc: 0.9962
1140/1460 [======================>.......] - ETA: 0s - loss: 0.0310 - acc: 0.9956
1460/1460 [==============================] - 0s 153us/step - loss: 0.0315 - acc: 0.9959 - val_loss: 0.0724 - val_acc: 0.9691
Epoch 8/30

  20/1460 [..............................] - ETA: 0s - loss: 0.0108 - acc: 1.0000
 300/1460 [=====>........................] - ETA: 0s - loss: 0.0224 - acc: 1.0000
 580/1460 [==========>...................] - ETA: 0s - loss: 0.0258 - acc: 0.9966
 860/1460 [================>.............] - ETA: 0s - loss: 0.0222 - acc: 0.9977
1160/1460 [======================>.......] - ETA: 0s - loss: 0.0254 - acc: 0.9966
1460/1460 [==============================] - 0s 184us/step - loss: 0.0253 - acc: 0.9966 - val_loss: 0.0691 - val_acc: 0.9691
Epoch 9/30

  20/1460 [..............................] - ETA: 0s - loss: 0.0124 - acc: 1.0000
 320/1460 [=====>........................] - ETA: 0s - loss: 0.0178 - acc: 0.9969
 600/1460 [===========>..................] - ETA: 0s - loss: 0.0171 - acc: 0.9983
 900/1460 [=================>............] - ETA: 0s - loss: 0.0195 - acc: 0.9967
1200/1460 [=======================>......] - ETA: 0s - loss: 0.0210 - acc: 0.9958
1460/1460 [==============================] - 0s 182us/step - loss: 0.0207 - acc: 0.9966 - val_loss: 0.0701 - val_acc: 0.9630
Epoch 10/30

  20/1460 [..............................] - ETA: 0s - loss: 0.0157 - acc: 1.0000
 300/1460 [=====>........................] - ETA: 0s - loss: 0.0134 - acc: 1.0000
 580/1460 [==========>...................] - ETA: 0s - loss: 0.0157 - acc: 0.9983
 900/1460 [=================>............] - ETA: 0s - loss: 0.0145 - acc: 0.9989
1200/1460 [=======================>......] - ETA: 0s - loss: 0.0160 - acc: 0.9975
1460/1460 [==============================] - 0s 186us/step - loss: 0.0174 - acc: 0.9966 - val_loss: 0.0691 - val_acc: 0.9691
Epoch 11/30

  20/1460 [..............................] - ETA: 0s - loss: 0.0124 - acc: 1.0000
 300/1460 [=====>........................] - ETA: 0s - loss: 0.0155 - acc: 1.0000
 580/1460 [==========>...................] - ETA: 0s - loss: 0.0150 - acc: 0.9983
 880/1460 [=================>............] - ETA: 0s - loss: 0.0147 - acc: 0.9977
1160/1460 [======================>.......] - ETA: 0s - loss: 0.0152 - acc: 0.9974
1460/1460 [==============================] - 0s 184us/step - loss: 0.0143 - acc: 0.9979 - val_loss: 0.0715 - val_acc: 0.9691
Epoch 12/30

  20/1460 [..............................] - ETA: 0s - loss: 0.0075 - acc: 1.0000
 300/1460 [=====>........................] - ETA: 0s - loss: 0.0136 - acc: 0.9967
 580/1460 [==========>...................] - ETA: 0s - loss: 0.0133 - acc: 0.9966
 860/1460 [================>.............] - ETA: 0s - loss: 0.0126 - acc: 0.9977
1140/1460 [======================>.......] - ETA: 0s - loss: 0.0125 - acc: 0.9974
1400/1460 [===========================>..] - ETA: 0s - loss: 0.0121 - acc: 0.9979
1460/1460 [==============================] - 0s 195us/step - loss: 0.0121 - acc: 0.9979 - val_loss: 0.0698 - val_acc: 0.9691
Epoch 13/30

  20/1460 [..............................] - ETA: 0s - loss: 0.0069 - acc: 1.0000
 300/1460 [=====>........................] - ETA: 0s - loss: 0.0113 - acc: 0.9967
 580/1460 [==========>...................] - ETA: 0s - loss: 0.0117 - acc: 0.9966
 840/1460 [================>.............] - ETA: 0s - loss: 0.0111 - acc: 0.9976
1120/1460 [======================>.......] - ETA: 0s - loss: 0.0110 - acc: 0.9982
1380/1460 [===========================>..] - ETA: 0s - loss: 0.0105 - acc: 0.9986
1460/1460 [==============================] - 0s 200us/step - loss: 0.0104 - acc: 0.9986 - val_loss: 0.0699 - val_acc: 0.9691
Epoch 14/30

  20/1460 [..............................] - ETA: 0s - loss: 0.0067 - acc: 1.0000
 280/1460 [====>.........................] - ETA: 0s - loss: 0.0117 - acc: 0.9929
 540/1460 [==========>...................] - ETA: 0s - loss: 0.0098 - acc: 0.9963
 780/1460 [===============>..............] - ETA: 0s - loss: 0.0099 - acc: 0.9974
1040/1460 [====================>.........] - ETA: 0s - loss: 0.0092 - acc: 0.9981
1320/1460 [==========================>...] - ETA: 0s - loss: 0.0090 - acc: 0.9985
1460/1460 [==============================] - 0s 208us/step - loss: 0.0089 - acc: 0.9986 - val_loss: 0.0692 - val_acc: 0.9691
Epoch 15/30

  20/1460 [..............................] - ETA: 0s - loss: 0.0108 - acc: 1.0000
 280/1460 [====>.........................] - ETA: 0s - loss: 0.0067 - acc: 1.0000
 540/1460 [==========>...................] - ETA: 0s - loss: 0.0068 - acc: 1.0000
 800/1460 [===============>..............] - ETA: 0s - loss: 0.0067 - acc: 1.0000
1100/1460 [=====================>........] - ETA: 0s - loss: 0.0065 - acc: 1.0000
1380/1460 [===========================>..] - ETA: 0s - loss: 0.0076 - acc: 0.9986
1460/1460 [==============================] - 0s 203us/step - loss: 0.0076 - acc: 0.9986 - val_loss: 0.0692 - val_acc: 0.9691
Epoch 16/30

  20/1460 [..............................] - ETA: 0s - loss: 0.0131 - acc: 1.0000
 280/1460 [====>.........................] - ETA: 0s - loss: 0.0061 - acc: 1.0000
 520/1460 [=========>....................] - ETA: 0s - loss: 0.0069 - acc: 1.0000
 780/1460 [===============>..............] - ETA: 0s - loss: 0.0069 - acc: 1.0000
1040/1460 [====================>.........] - ETA: 0s - loss: 0.0064 - acc: 1.0000
1300/1460 [=========================>....] - ETA: 0s - loss: 0.0065 - acc: 1.0000
1460/1460 [==============================] - 0s 208us/step - loss: 0.0066 - acc: 1.0000 - val_loss: 0.0707 - val_acc: 0.9691
acc: 96.91%
Train on 1461 samples, validate on 161 samples
Epoch 1/30

  20/1461 [..............................] - ETA: 1:57 - loss: 0.7257 - acc: 0.3500
 460/1461 [========>.....................] - ETA: 3s - loss: 0.6421 - acc: 0.6587  
 820/1461 [===============>..............] - ETA: 1s - loss: 0.5886 - acc: 0.7732
1220/1461 [========================>.....] - ETA: 0s - loss: 0.5267 - acc: 0.8311
1461/1461 [==============================] - 2s 1ms/step - loss: 0.4925 - acc: 0.8522 - val_loss: 0.2460 - val_acc: 0.9752
Epoch 2/30

  20/1461 [..............................] - ETA: 0s - loss: 0.3390 - acc: 0.8500
 400/1461 [=======>......................] - ETA: 0s - loss: 0.2239 - acc: 0.9650
 780/1461 [===============>..............] - ETA: 0s - loss: 0.1999 - acc: 0.9705
1140/1461 [======================>.......] - ETA: 0s - loss: 0.1853 - acc: 0.9684
1461/1461 [==============================] - 0s 143us/step - loss: 0.1706 - acc: 0.9726 - val_loss: 0.0926 - val_acc: 0.9752
Epoch 3/30

  20/1461 [..............................] - ETA: 0s - loss: 0.0717 - acc: 1.0000
 380/1461 [======>.......................] - ETA: 0s - loss: 0.0937 - acc: 0.9868
 760/1461 [==============>...............] - ETA: 0s - loss: 0.1020 - acc: 0.9816
1120/1461 [=====================>........] - ETA: 0s - loss: 0.0909 - acc: 0.9857
1420/1461 [============================>.] - ETA: 0s - loss: 0.0915 - acc: 0.9831
1461/1461 [==============================] - 0s 154us/step - loss: 0.0919 - acc: 0.9829 - val_loss: 0.0608 - val_acc: 0.9938
Epoch 4/30

  20/1461 [..............................] - ETA: 0s - loss: 0.0437 - acc: 1.0000
 300/1461 [=====>........................] - ETA: 0s - loss: 0.0640 - acc: 0.9900
 600/1461 [===========>..................] - ETA: 0s - loss: 0.0636 - acc: 0.9900
 880/1461 [=================>............] - ETA: 0s - loss: 0.0576 - acc: 0.9909
1180/1461 [=======================>......] - ETA: 0s - loss: 0.0589 - acc: 0.9898
1461/1461 [==============================] - 0s 190us/step - loss: 0.0647 - acc: 0.9884 - val_loss: 0.0481 - val_acc: 0.9938
Epoch 5/30

  20/1461 [..............................] - ETA: 0s - loss: 0.0368 - acc: 1.0000
 300/1461 [=====>........................] - ETA: 0s - loss: 0.0404 - acc: 0.9967
 600/1461 [===========>..................] - ETA: 0s - loss: 0.0451 - acc: 0.9933
 880/1461 [=================>............] - ETA: 0s - loss: 0.0436 - acc: 0.9932
1180/1461 [=======================>......] - ETA: 0s - loss: 0.0485 - acc: 0.9898
1461/1461 [==============================] - 0s 186us/step - loss: 0.0489 - acc: 0.9897 - val_loss: 0.0434 - val_acc: 0.9938
Epoch 6/30

  20/1461 [..............................] - ETA: 0s - loss: 0.0262 - acc: 1.0000
 300/1461 [=====>........................] - ETA: 0s - loss: 0.0408 - acc: 0.9933
 600/1461 [===========>..................] - ETA: 0s - loss: 0.0388 - acc: 0.9917
 880/1461 [=================>............] - ETA: 0s - loss: 0.0395 - acc: 0.9920
1180/1461 [=======================>......] - ETA: 0s - loss: 0.0393 - acc: 0.9915
1460/1461 [============================>.] - ETA: 0s - loss: 0.0373 - acc: 0.9932
1461/1461 [==============================] - 0s 189us/step - loss: 0.0373 - acc: 0.9932 - val_loss: 0.0404 - val_acc: 0.9938
Epoch 7/30

  20/1461 [..............................] - ETA: 0s - loss: 0.0503 - acc: 1.0000
 320/1461 [=====>........................] - ETA: 0s - loss: 0.0336 - acc: 0.9969
 620/1461 [===========>..................] - ETA: 0s - loss: 0.0279 - acc: 0.9984
 880/1461 [=================>............] - ETA: 0s - loss: 0.0277 - acc: 0.9989
1180/1461 [=======================>......] - ETA: 0s - loss: 0.0278 - acc: 0.9975
1461/1461 [==============================] - 0s 187us/step - loss: 0.0297 - acc: 0.9959 - val_loss: 0.0365 - val_acc: 0.9938
Epoch 8/30

  20/1461 [..............................] - ETA: 0s - loss: 0.0450 - acc: 0.9500
 300/1461 [=====>........................] - ETA: 0s - loss: 0.0261 - acc: 0.9967
 560/1461 [==========>...................] - ETA: 0s - loss: 0.0226 - acc: 0.9982
 860/1461 [================>.............] - ETA: 0s - loss: 0.0228 - acc: 0.9977
1140/1461 [======================>.......] - ETA: 0s - loss: 0.0211 - acc: 0.9974
1440/1461 [============================>.] - ETA: 0s - loss: 0.0237 - acc: 0.9965
1461/1461 [==============================] - 0s 188us/step - loss: 0.0235 - acc: 0.9966 - val_loss: 0.0345 - val_acc: 0.9938
Epoch 9/30

  20/1461 [..............................] - ETA: 0s - loss: 0.0258 - acc: 1.0000
 320/1461 [=====>........................] - ETA: 0s - loss: 0.0180 - acc: 0.9969
 600/1461 [===========>..................] - ETA: 0s - loss: 0.0189 - acc: 0.9967
 900/1461 [=================>............] - ETA: 0s - loss: 0.0181 - acc: 0.9978
1180/1461 [=======================>......] - ETA: 0s - loss: 0.0189 - acc: 0.9975
1440/1461 [============================>.] - ETA: 0s - loss: 0.0183 - acc: 0.9979
1461/1461 [==============================] - 0s 187us/step - loss: 0.0185 - acc: 0.9979 - val_loss: 0.0329 - val_acc: 0.9938
Epoch 10/30

  20/1461 [..............................] - ETA: 0s - loss: 0.0064 - acc: 1.0000
 260/1461 [====>.........................] - ETA: 0s - loss: 0.0113 - acc: 1.0000
 560/1461 [==========>...................] - ETA: 0s - loss: 0.0113 - acc: 1.0000
 840/1461 [================>.............] - ETA: 0s - loss: 0.0135 - acc: 0.9976
1160/1461 [======================>.......] - ETA: 0s - loss: 0.0145 - acc: 0.9983
1440/1461 [============================>.] - ETA: 0s - loss: 0.0157 - acc: 0.9979
1461/1461 [==============================] - 0s 192us/step - loss: 0.0157 - acc: 0.9979 - val_loss: 0.0314 - val_acc: 0.9938
Epoch 11/30

  20/1461 [..............................] - ETA: 0s - loss: 0.0091 - acc: 1.0000
 300/1461 [=====>........................] - ETA: 0s - loss: 0.0117 - acc: 1.0000
 640/1461 [============>.................] - ETA: 0s - loss: 0.0121 - acc: 1.0000
1000/1461 [===================>..........] - ETA: 0s - loss: 0.0118 - acc: 1.0000
1360/1461 [==========================>...] - ETA: 0s - loss: 0.0117 - acc: 1.0000
1461/1461 [==============================] - 0s 160us/step - loss: 0.0125 - acc: 0.9993 - val_loss: 0.0314 - val_acc: 0.9938
Epoch 12/30

  20/1461 [..............................] - ETA: 0s - loss: 0.0099 - acc: 1.0000
 360/1461 [======>.......................] - ETA: 0s - loss: 0.0095 - acc: 1.0000
 700/1461 [=============>................] - ETA: 0s - loss: 0.0108 - acc: 1.0000
1020/1461 [===================>..........] - ETA: 0s - loss: 0.0100 - acc: 1.0000
1380/1461 [===========================>..] - ETA: 0s - loss: 0.0107 - acc: 0.9993
1461/1461 [==============================] - 0s 157us/step - loss: 0.0105 - acc: 0.9993 - val_loss: 0.0294 - val_acc: 0.9938
Epoch 13/30

  20/1461 [..............................] - ETA: 0s - loss: 0.0070 - acc: 1.0000
 360/1461 [======>.......................] - ETA: 0s - loss: 0.0076 - acc: 1.0000
 700/1461 [=============>................] - ETA: 0s - loss: 0.0089 - acc: 1.0000
1060/1461 [====================>.........] - ETA: 0s - loss: 0.0090 - acc: 1.0000
1400/1461 [===========================>..] - ETA: 0s - loss: 0.0091 - acc: 0.9993
1461/1461 [==============================] - 0s 156us/step - loss: 0.0090 - acc: 0.9993 - val_loss: 0.0292 - val_acc: 0.9938
acc: 99.38%
Accuracy: 98.15% (+/- 0.67%)
