Train on 810 samples, validate on 812 samples
Epoch 1/30

100/810 [==>...........................] - ETA: 3s - loss: 0.6948 - acc: 0.5500
810/810 [==============================] - 1s 660us/step - loss: 0.4889 - acc: 0.7988 - val_loss: 0.1876 - val_acc: 0.9384
Epoch 2/30

100/810 [==>...........................] - ETA: 0s - loss: 0.1222 - acc: 0.9800
810/810 [==============================] - 0s 29us/step - loss: 0.0983 - acc: 0.9741 - val_loss: 0.1326 - val_acc: 0.9458
Epoch 3/30

100/810 [==>...........................] - ETA: 0s - loss: 0.0208 - acc: 1.0000
810/810 [==============================] - 0s 27us/step - loss: 0.0390 - acc: 0.9877 - val_loss: 0.1326 - val_acc: 0.9470
Epoch 4/30

100/810 [==>...........................] - ETA: 0s - loss: 0.0562 - acc: 0.9800
810/810 [==============================] - 0s 30us/step - loss: 0.0211 - acc: 0.9951 - val_loss: 0.1319 - val_acc: 0.9544
Epoch 5/30

100/810 [==>...........................] - ETA: 0s - loss: 0.0057 - acc: 1.0000
810/810 [==============================] - 0s 29us/step - loss: 0.0135 - acc: 0.9975 - val_loss: 0.1289 - val_acc: 0.9631
Epoch 6/30

100/810 [==>...........................] - ETA: 0s - loss: 0.0057 - acc: 1.0000
810/810 [==============================] - 0s 28us/step - loss: 0.0098 - acc: 0.9975 - val_loss: 0.1273 - val_acc: 0.9594
Epoch 7/30

100/810 [==>...........................] - ETA: 0s - loss: 0.0032 - acc: 1.0000
810/810 [==============================] - 0s 28us/step - loss: 0.0089 - acc: 0.9975 - val_loss: 0.1240 - val_acc: 0.9618
acc: 96.31%
Train on 812 samples, validate on 810 samples
Epoch 1/30

100/812 [==>...........................] - ETA: 3s - loss: 0.7037 - acc: 0.4900
812/812 [==============================] - 1s 718us/step - loss: 0.3982 - acc: 0.8116 - val_loss: 0.1029 - val_acc: 0.9716
Epoch 2/30

100/812 [==>...........................] - ETA: 0s - loss: 0.1190 - acc: 0.9500
812/812 [==============================] - 0s 28us/step - loss: 0.0821 - acc: 0.9680 - val_loss: 0.0821 - val_acc: 0.9765
Epoch 3/30

100/812 [==>...........................] - ETA: 0s - loss: 0.0158 - acc: 1.0000
812/812 [==============================] - 0s 28us/step - loss: 0.0303 - acc: 0.9914 - val_loss: 0.0839 - val_acc: 0.9765
Epoch 4/30

100/812 [==>...........................] - ETA: 0s - loss: 0.0103 - acc: 1.0000
812/812 [==============================] - 0s 27us/step - loss: 0.0175 - acc: 0.9975 - val_loss: 0.0776 - val_acc: 0.9790
Epoch 5/30

100/812 [==>...........................] - ETA: 0s - loss: 0.0099 - acc: 1.0000
812/812 [==============================] - 0s 27us/step - loss: 0.0076 - acc: 0.9988 - val_loss: 0.0727 - val_acc: 0.9802
Epoch 6/30

100/812 [==>...........................] - ETA: 0s - loss: 0.0047 - acc: 1.0000
812/812 [==============================] - 0s 27us/step - loss: 0.0064 - acc: 0.9988 - val_loss: 0.0794 - val_acc: 0.9778
Epoch 7/30

100/812 [==>...........................] - ETA: 0s - loss: 0.0034 - acc: 1.0000
812/812 [==============================] - 0s 27us/step - loss: 0.0035 - acc: 1.0000 - val_loss: 0.0854 - val_acc: 0.9753
acc: 98.02%
Accuracy: 97.17% (+/- 0.86%)
