Train on 1389 samples, validate on 233 samples
Epoch 1/30

  20/1389 [..............................] - ETA: 30s - loss: 0.7150 - acc: 0.4000
 560/1389 [===========>..................] - ETA: 0s - loss: 0.6382 - acc: 0.6607 
1140/1389 [=======================>......] - ETA: 0s - loss: 0.5551 - acc: 0.7868
1389/1389 [==============================] - 1s 447us/step - loss: 0.5169 - acc: 0.8200 - val_loss: 0.3238 - val_acc: 0.9485
Epoch 2/30

  20/1389 [..............................] - ETA: 0s - loss: 0.2705 - acc: 0.9500
 620/1389 [============>.................] - ETA: 0s - loss: 0.2334 - acc: 0.9710
1200/1389 [========================>.....] - ETA: 0s - loss: 0.1945 - acc: 0.9700
1389/1389 [==============================] - 0s 90us/step - loss: 0.1837 - acc: 0.9712 - val_loss: 0.1585 - val_acc: 0.9485
Epoch 3/30

  20/1389 [..............................] - ETA: 0s - loss: 0.0955 - acc: 1.0000
 600/1389 [===========>..................] - ETA: 0s - loss: 0.1005 - acc: 0.9800
1240/1389 [=========================>....] - ETA: 0s - loss: 0.0925 - acc: 0.9823
1389/1389 [==============================] - 0s 88us/step - loss: 0.0932 - acc: 0.9806 - val_loss: 0.1238 - val_acc: 0.9571
Epoch 4/30

  20/1389 [..............................] - ETA: 0s - loss: 0.0409 - acc: 1.0000
 600/1389 [===========>..................] - ETA: 0s - loss: 0.0575 - acc: 0.9967
1240/1389 [=========================>....] - ETA: 0s - loss: 0.0623 - acc: 0.9895
1389/1389 [==============================] - 0s 87us/step - loss: 0.0630 - acc: 0.9892 - val_loss: 0.1105 - val_acc: 0.9571
Epoch 5/30

  20/1389 [..............................] - ETA: 0s - loss: 0.0235 - acc: 1.0000
 640/1389 [============>.................] - ETA: 0s - loss: 0.0564 - acc: 0.9891
1240/1389 [=========================>....] - ETA: 0s - loss: 0.0478 - acc: 0.9919
1389/1389 [==============================] - 0s 88us/step - loss: 0.0467 - acc: 0.9928 - val_loss: 0.1033 - val_acc: 0.9571
acc: 95.71%
Train on 1389 samples, validate on 233 samples
Epoch 1/30

  20/1389 [..............................] - ETA: 34s - loss: 0.6761 - acc: 0.6000
 580/1389 [===========>..................] - ETA: 0s - loss: 0.6376 - acc: 0.6776 
1140/1389 [=======================>......] - ETA: 0s - loss: 0.5565 - acc: 0.8053
1389/1389 [==============================] - 1s 510us/step - loss: 0.5185 - acc: 0.8359 - val_loss: 0.3336 - val_acc: 0.9356
Epoch 2/30

  20/1389 [..............................] - ETA: 0s - loss: 0.3153 - acc: 0.9500
 580/1389 [===========>..................] - ETA: 0s - loss: 0.2469 - acc: 0.9724
1140/1389 [=======================>......] - ETA: 0s - loss: 0.2068 - acc: 0.9711
1389/1389 [==============================] - 0s 96us/step - loss: 0.1919 - acc: 0.9726 - val_loss: 0.1591 - val_acc: 0.9442
Epoch 3/30

  20/1389 [..............................] - ETA: 0s - loss: 0.0864 - acc: 1.0000
 560/1389 [===========>..................] - ETA: 0s - loss: 0.1010 - acc: 0.9857
1180/1389 [========================>.....] - ETA: 0s - loss: 0.1011 - acc: 0.9780
1389/1389 [==============================] - 0s 91us/step - loss: 0.0983 - acc: 0.9777 - val_loss: 0.1166 - val_acc: 0.9614
Epoch 4/30

  20/1389 [..............................] - ETA: 0s - loss: 0.0602 - acc: 1.0000
 620/1389 [============>.................] - ETA: 0s - loss: 0.0734 - acc: 0.9871
1200/1389 [========================>.....] - ETA: 0s - loss: 0.0706 - acc: 0.9842
1389/1389 [==============================] - 0s 90us/step - loss: 0.0684 - acc: 0.9842 - val_loss: 0.0990 - val_acc: 0.9657
Epoch 5/30

  20/1389 [..............................] - ETA: 0s - loss: 0.0256 - acc: 1.0000
 600/1389 [===========>..................] - ETA: 0s - loss: 0.0505 - acc: 0.9917
1160/1389 [========================>.....] - ETA: 0s - loss: 0.0493 - acc: 0.9914
1389/1389 [==============================] - 0s 96us/step - loss: 0.0508 - acc: 0.9906 - val_loss: 0.0869 - val_acc: 0.9742
Epoch 6/30

  20/1389 [..............................] - ETA: 0s - loss: 0.0314 - acc: 1.0000
 540/1389 [==========>...................] - ETA: 0s - loss: 0.0423 - acc: 0.9926
1060/1389 [=====================>........] - ETA: 0s - loss: 0.0412 - acc: 0.9934
1389/1389 [==============================] - 0s 103us/step - loss: 0.0391 - acc: 0.9935 - val_loss: 0.0806 - val_acc: 0.9742
Epoch 7/30

  20/1389 [..............................] - ETA: 0s - loss: 0.1490 - acc: 0.9500
 540/1389 [==========>...................] - ETA: 0s - loss: 0.0405 - acc: 0.9889
1160/1389 [========================>.....] - ETA: 0s - loss: 0.0321 - acc: 0.9948
1389/1389 [==============================] - 0s 95us/step - loss: 0.0307 - acc: 0.9957 - val_loss: 0.0740 - val_acc: 0.9785
Epoch 8/30

  20/1389 [..............................] - ETA: 0s - loss: 0.0106 - acc: 1.0000
 600/1389 [===========>..................] - ETA: 0s - loss: 0.0310 - acc: 0.9967
1200/1389 [========================>.....] - ETA: 0s - loss: 0.0265 - acc: 0.9967
1389/1389 [==============================] - 0s 90us/step - loss: 0.0255 - acc: 0.9971 - val_loss: 0.0694 - val_acc: 0.9871
Epoch 9/30

  20/1389 [..............................] - ETA: 0s - loss: 0.0117 - acc: 1.0000
 560/1389 [===========>..................] - ETA: 0s - loss: 0.0201 - acc: 0.9982
1140/1389 [=======================>......] - ETA: 0s - loss: 0.0222 - acc: 0.9974
1389/1389 [==============================] - 0s 94us/step - loss: 0.0211 - acc: 0.9978 - val_loss: 0.0654 - val_acc: 0.9871
Epoch 10/30

  20/1389 [..............................] - ETA: 0s - loss: 0.0068 - acc: 1.0000
 600/1389 [===========>..................] - ETA: 0s - loss: 0.0196 - acc: 0.9967
1200/1389 [========================>.....] - ETA: 0s - loss: 0.0180 - acc: 0.9975
1389/1389 [==============================] - 0s 92us/step - loss: 0.0175 - acc: 0.9978 - val_loss: 0.0632 - val_acc: 0.9871
acc: 98.71%
Train on 1390 samples, validate on 232 samples
Epoch 1/30

  20/1390 [..............................] - ETA: 42s - loss: 0.7156 - acc: 0.4000
 560/1390 [===========>..................] - ETA: 0s - loss: 0.6162 - acc: 0.7143 
1120/1390 [=======================>......] - ETA: 0s - loss: 0.5317 - acc: 0.8330
1390/1390 [==============================] - 1s 593us/step - loss: 0.4929 - acc: 0.8554 - val_loss: 0.2862 - val_acc: 0.9526
Epoch 2/30

  20/1390 [..............................] - ETA: 0s - loss: 0.2179 - acc: 1.0000
 620/1390 [============>.................] - ETA: 0s - loss: 0.2120 - acc: 0.9742
1200/1390 [========================>.....] - ETA: 0s - loss: 0.1771 - acc: 0.9758
1390/1390 [==============================] - 0s 91us/step - loss: 0.1700 - acc: 0.9748 - val_loss: 0.1379 - val_acc: 0.9569
Epoch 3/30

  20/1390 [..............................] - ETA: 0s - loss: 0.1665 - acc: 0.9000
 620/1390 [============>.................] - ETA: 0s - loss: 0.1005 - acc: 0.9823
1240/1390 [=========================>....] - ETA: 0s - loss: 0.0886 - acc: 0.9839
1390/1390 [==============================] - 0s 89us/step - loss: 0.0888 - acc: 0.9827 - val_loss: 0.1102 - val_acc: 0.9612
Epoch 4/30

  20/1390 [..............................] - ETA: 0s - loss: 0.0730 - acc: 1.0000
 600/1390 [===========>..................] - ETA: 0s - loss: 0.0701 - acc: 0.9833
1220/1390 [=========================>....] - ETA: 0s - loss: 0.0597 - acc: 0.9861
1390/1390 [==============================] - 0s 89us/step - loss: 0.0613 - acc: 0.9856 - val_loss: 0.1010 - val_acc: 0.9612
Epoch 5/30

  20/1390 [..............................] - ETA: 0s - loss: 0.0842 - acc: 1.0000
 600/1390 [===========>..................] - ETA: 0s - loss: 0.0435 - acc: 0.9917
1140/1390 [=======================>......] - ETA: 0s - loss: 0.0459 - acc: 0.9912
1390/1390 [==============================] - 0s 95us/step - loss: 0.0454 - acc: 0.9914 - val_loss: 0.0935 - val_acc: 0.9612
acc: 96.12%
Train on 1391 samples, validate on 231 samples
Epoch 1/30

  20/1391 [..............................] - ETA: 48s - loss: 0.6750 - acc: 0.6000
 580/1391 [===========>..................] - ETA: 1s - loss: 0.6191 - acc: 0.7052 
1180/1391 [========================>.....] - ETA: 0s - loss: 0.5382 - acc: 0.8008
1391/1391 [==============================] - 1s 656us/step - loss: 0.5091 - acc: 0.8231 - val_loss: 0.2930 - val_acc: 0.9827
Epoch 2/30

  20/1391 [..............................] - ETA: 0s - loss: 0.2530 - acc: 1.0000
 540/1391 [==========>...................] - ETA: 0s - loss: 0.2269 - acc: 0.9833
1060/1391 [=====================>........] - ETA: 0s - loss: 0.2012 - acc: 0.9717
1391/1391 [==============================] - 0s 101us/step - loss: 0.1876 - acc: 0.9698 - val_loss: 0.1139 - val_acc: 0.9913
Epoch 3/30

  20/1391 [..............................] - ETA: 0s - loss: 0.1115 - acc: 0.9500
 580/1391 [===========>..................] - ETA: 0s - loss: 0.1087 - acc: 0.9810
1140/1391 [=======================>......] - ETA: 0s - loss: 0.0976 - acc: 0.9816
1391/1391 [==============================] - 0s 95us/step - loss: 0.0981 - acc: 0.9806 - val_loss: 0.0742 - val_acc: 0.9870
Epoch 4/30

  20/1391 [..............................] - ETA: 0s - loss: 0.2450 - acc: 0.9000
 560/1391 [===========>..................] - ETA: 0s - loss: 0.0782 - acc: 0.9839
1020/1391 [====================>.........] - ETA: 0s - loss: 0.0703 - acc: 0.9843
1391/1391 [==============================] - 0s 105us/step - loss: 0.0673 - acc: 0.9863 - val_loss: 0.0581 - val_acc: 0.9827
acc: 99.13%
Train on 1391 samples, validate on 231 samples
Epoch 1/30

  20/1391 [..............................] - ETA: 59s - loss: 0.6912 - acc: 0.5000
 580/1391 [===========>..................] - ETA: 1s - loss: 0.6062 - acc: 0.6879 
1140/1391 [=======================>......] - ETA: 0s - loss: 0.5271 - acc: 0.8035
1391/1391 [==============================] - 1s 787us/step - loss: 0.4876 - acc: 0.8332 - val_loss: 0.2710 - val_acc: 0.9740
Epoch 2/30

  20/1391 [..............................] - ETA: 0s - loss: 0.2822 - acc: 1.0000
 600/1391 [===========>..................] - ETA: 0s - loss: 0.2140 - acc: 0.9683
1120/1391 [=======================>......] - ETA: 0s - loss: 0.1821 - acc: 0.9750
1391/1391 [==============================] - 0s 100us/step - loss: 0.1721 - acc: 0.9741 - val_loss: 0.1211 - val_acc: 0.9740
Epoch 3/30

  20/1391 [..............................] - ETA: 0s - loss: 0.1098 - acc: 1.0000
 520/1391 [==========>...................] - ETA: 0s - loss: 0.0988 - acc: 0.9827
 940/1391 [===================>..........] - ETA: 0s - loss: 0.0914 - acc: 0.9819
1391/1391 [==============================] - 0s 115us/step - loss: 0.0893 - acc: 0.9820 - val_loss: 0.0947 - val_acc: 0.9697
acc: 97.40%
Train on 1391 samples, validate on 231 samples
Epoch 1/30

  20/1391 [..............................] - ETA: 59s - loss: 0.6753 - acc: 0.6000
 600/1391 [===========>..................] - ETA: 1s - loss: 0.6208 - acc: 0.6850 
1180/1391 [========================>.....] - ETA: 0s - loss: 0.5376 - acc: 0.8000
1391/1391 [==============================] - 1s 790us/step - loss: 0.5109 - acc: 0.8203 - val_loss: 0.2884 - val_acc: 0.9697
Epoch 2/30

  20/1391 [..............................] - ETA: 0s - loss: 0.2687 - acc: 1.0000
 580/1391 [===========>..................] - ETA: 0s - loss: 0.2350 - acc: 0.9776
1160/1391 [========================>.....] - ETA: 0s - loss: 0.1954 - acc: 0.9793
1391/1391 [==============================] - 0s 95us/step - loss: 0.1854 - acc: 0.9784 - val_loss: 0.1209 - val_acc: 0.9740
Epoch 3/30

  20/1391 [..............................] - ETA: 0s - loss: 0.1322 - acc: 0.9500
 600/1391 [===========>..................] - ETA: 0s - loss: 0.1088 - acc: 0.9817
1180/1391 [========================>.....] - ETA: 0s - loss: 0.0992 - acc: 0.9797
1391/1391 [==============================] - 0s 93us/step - loss: 0.0953 - acc: 0.9820 - val_loss: 0.0883 - val_acc: 0.9697
Epoch 4/30

  20/1391 [..............................] - ETA: 0s - loss: 0.0919 - acc: 0.9500
 600/1391 [===========>..................] - ETA: 0s - loss: 0.0678 - acc: 0.9833
1180/1391 [========================>.....] - ETA: 0s - loss: 0.0655 - acc: 0.9864
1391/1391 [==============================] - 0s 92us/step - loss: 0.0649 - acc: 0.9863 - val_loss: 0.0760 - val_acc: 0.9784
Epoch 5/30

  20/1391 [..............................] - ETA: 0s - loss: 0.0491 - acc: 1.0000
 620/1391 [============>.................] - ETA: 0s - loss: 0.0438 - acc: 0.9919
1220/1391 [=========================>....] - ETA: 0s - loss: 0.0421 - acc: 0.9926
1391/1391 [==============================] - 0s 89us/step - loss: 0.0484 - acc: 0.9907 - val_loss: 0.0712 - val_acc: 0.9827
Epoch 6/30

  20/1391 [..............................] - ETA: 0s - loss: 0.0206 - acc: 1.0000
 620/1391 [============>.................] - ETA: 0s - loss: 0.0399 - acc: 0.9952
1200/1391 [========================>.....] - ETA: 0s - loss: 0.0356 - acc: 0.9958
1391/1391 [==============================] - 0s 91us/step - loss: 0.0363 - acc: 0.9957 - val_loss: 0.0672 - val_acc: 0.9827
Epoch 7/30

  20/1391 [..............................] - ETA: 0s - loss: 0.0264 - acc: 1.0000
 560/1391 [===========>..................] - ETA: 0s - loss: 0.0339 - acc: 0.9964
1140/1391 [=======================>......] - ETA: 0s - loss: 0.0300 - acc: 0.9974
1391/1391 [==============================] - 0s 95us/step - loss: 0.0291 - acc: 0.9971 - val_loss: 0.0634 - val_acc: 0.9870
Epoch 8/30

  20/1391 [..............................] - ETA: 0s - loss: 0.0101 - acc: 1.0000
 560/1391 [===========>..................] - ETA: 0s - loss: 0.0201 - acc: 0.9982
1140/1391 [=======================>......] - ETA: 0s - loss: 0.0201 - acc: 0.9991
1391/1391 [==============================] - 0s 95us/step - loss: 0.0234 - acc: 0.9978 - val_loss: 0.0616 - val_acc: 0.9870
Epoch 9/30

  20/1391 [..............................] - ETA: 0s - loss: 0.0366 - acc: 1.0000
 600/1391 [===========>..................] - ETA: 0s - loss: 0.0245 - acc: 0.9950
1200/1391 [========================>.....] - ETA: 0s - loss: 0.0203 - acc: 0.9975
1391/1391 [==============================] - 0s 91us/step - loss: 0.0196 - acc: 0.9978 - val_loss: 0.0585 - val_acc: 0.9870
acc: 98.70%
Train on 1391 samples, validate on 231 samples
Epoch 1/30

  20/1391 [..............................] - ETA: 1:12 - loss: 0.6972 - acc: 0.6000
 560/1391 [===========>..................] - ETA: 1s - loss: 0.6208 - acc: 0.7446  
1100/1391 [======================>.......] - ETA: 0s - loss: 0.5448 - acc: 0.8409
1391/1391 [==============================] - 1s 938us/step - loss: 0.5040 - acc: 0.8656 - val_loss: 0.2856 - val_acc: 0.9740
Epoch 2/30

  20/1391 [..............................] - ETA: 0s - loss: 0.2612 - acc: 1.0000
 560/1391 [===========>..................] - ETA: 0s - loss: 0.2393 - acc: 0.9750
1100/1391 [======================>.......] - ETA: 0s - loss: 0.1957 - acc: 0.9782
1391/1391 [==============================] - 0s 99us/step - loss: 0.1857 - acc: 0.9734 - val_loss: 0.1129 - val_acc: 0.9784
Epoch 3/30

  20/1391 [..............................] - ETA: 0s - loss: 0.1209 - acc: 0.9500
 580/1391 [===========>..................] - ETA: 0s - loss: 0.1096 - acc: 0.9793
1160/1391 [========================>.....] - ETA: 0s - loss: 0.1038 - acc: 0.9793
1391/1391 [==============================] - 0s 95us/step - loss: 0.0992 - acc: 0.9799 - val_loss: 0.0765 - val_acc: 0.9784
Epoch 4/30

  20/1391 [..............................] - ETA: 0s - loss: 0.1235 - acc: 0.9500
 580/1391 [===========>..................] - ETA: 0s - loss: 0.0726 - acc: 0.9862
1120/1391 [=======================>......] - ETA: 0s - loss: 0.0716 - acc: 0.9848
1391/1391 [==============================] - 0s 96us/step - loss: 0.0707 - acc: 0.9842 - val_loss: 0.0617 - val_acc: 0.9827
Epoch 5/30

  20/1391 [..............................] - ETA: 0s - loss: 0.0740 - acc: 1.0000
 580/1391 [===========>..................] - ETA: 0s - loss: 0.0491 - acc: 0.9914
1140/1391 [=======================>......] - ETA: 0s - loss: 0.0530 - acc: 0.9895
1391/1391 [==============================] - 0s 96us/step - loss: 0.0534 - acc: 0.9892 - val_loss: 0.0532 - val_acc: 0.9827
Epoch 6/30

  20/1391 [..............................] - ETA: 0s - loss: 0.0460 - acc: 1.0000
 600/1391 [===========>..................] - ETA: 0s - loss: 0.0434 - acc: 0.9933
1140/1391 [=======================>......] - ETA: 0s - loss: 0.0417 - acc: 0.9912
1391/1391 [==============================] - 0s 96us/step - loss: 0.0413 - acc: 0.9914 - val_loss: 0.0483 - val_acc: 0.9827
acc: 98.27%
Accuracy: 97.72% (+/- 1.25%)
