Train on 1297 samples, validate on 325 samples
Epoch 1/30

  10/1297 [..............................] - ETA: 55s - loss: 0.6876 - acc: 0.5000
 300/1297 [=====>........................] - ETA: 1s - loss: 0.6358 - acc: 0.6733 
 590/1297 [============>.................] - ETA: 0s - loss: 0.5772 - acc: 0.7746
 910/1297 [====================>.........] - ETA: 0s - loss: 0.4988 - acc: 0.8385
1230/1297 [===========================>..] - ETA: 0s - loss: 0.4269 - acc: 0.8707
1297/1297 [==============================] - 1s 547us/step - loss: 0.4129 - acc: 0.8759 - val_loss: 0.2104 - val_acc: 0.9385
Epoch 2/30

  10/1297 [..............................] - ETA: 0s - loss: 0.1253 - acc: 1.0000
 310/1297 [======>.......................] - ETA: 0s - loss: 0.1423 - acc: 0.9742
 610/1297 [=============>................] - ETA: 0s - loss: 0.1272 - acc: 0.9787
 910/1297 [====================>.........] - ETA: 0s - loss: 0.1138 - acc: 0.9813
1220/1297 [===========================>..] - ETA: 0s - loss: 0.1105 - acc: 0.9787
1297/1297 [==============================] - 0s 178us/step - loss: 0.1092 - acc: 0.9792 - val_loss: 0.1357 - val_acc: 0.9477
Epoch 3/30

  10/1297 [..............................] - ETA: 0s - loss: 0.0197 - acc: 1.0000
 280/1297 [=====>........................] - ETA: 0s - loss: 0.0498 - acc: 1.0000
 600/1297 [============>.................] - ETA: 0s - loss: 0.0587 - acc: 0.9933
 920/1297 [====================>.........] - ETA: 0s - loss: 0.0636 - acc: 0.9880
1240/1297 [===========================>..] - ETA: 0s - loss: 0.0661 - acc: 0.9863
1297/1297 [==============================] - 0s 175us/step - loss: 0.0643 - acc: 0.9869 - val_loss: 0.1255 - val_acc: 0.9477
Epoch 4/30

  10/1297 [..............................] - ETA: 0s - loss: 0.0782 - acc: 1.0000
 340/1297 [======>.......................] - ETA: 0s - loss: 0.0603 - acc: 0.9853
 660/1297 [==============>...............] - ETA: 0s - loss: 0.0476 - acc: 0.9909
 960/1297 [=====================>........] - ETA: 0s - loss: 0.0448 - acc: 0.9906
1250/1297 [===========================>..] - ETA: 0s - loss: 0.0412 - acc: 0.9920
1297/1297 [==============================] - 0s 176us/step - loss: 0.0416 - acc: 0.9923 - val_loss: 0.1233 - val_acc: 0.9446
acc: 94.77%
Train on 1297 samples, validate on 325 samples
Epoch 1/30

  10/1297 [..............................] - ETA: 1:05 - loss: 0.6707 - acc: 0.6000
 310/1297 [======>.......................] - ETA: 1s - loss: 0.6222 - acc: 0.6774  
 600/1297 [============>.................] - ETA: 0s - loss: 0.5628 - acc: 0.7750
 910/1297 [====================>.........] - ETA: 0s - loss: 0.4915 - acc: 0.8341
1210/1297 [==========================>...] - ETA: 0s - loss: 0.4277 - acc: 0.8678
1297/1297 [==============================] - 1s 620us/step - loss: 0.4117 - acc: 0.8743 - val_loss: 0.1890 - val_acc: 0.9692
Epoch 2/30

  10/1297 [..............................] - ETA: 0s - loss: 0.1306 - acc: 1.0000
 310/1297 [======>.......................] - ETA: 0s - loss: 0.1596 - acc: 0.9677
 600/1297 [============>.................] - ETA: 0s - loss: 0.1337 - acc: 0.9733
 890/1297 [===================>..........] - ETA: 0s - loss: 0.1261 - acc: 0.9719
1180/1297 [==========================>...] - ETA: 0s - loss: 0.1187 - acc: 0.9754
1297/1297 [==============================] - 0s 185us/step - loss: 0.1160 - acc: 0.9761 - val_loss: 0.1057 - val_acc: 0.9754
Epoch 3/30

  10/1297 [..............................] - ETA: 0s - loss: 0.0504 - acc: 1.0000
 310/1297 [======>.......................] - ETA: 0s - loss: 0.0554 - acc: 0.9903
 600/1297 [============>.................] - ETA: 0s - loss: 0.0613 - acc: 0.9867
 890/1297 [===================>..........] - ETA: 0s - loss: 0.0677 - acc: 0.9820
1190/1297 [==========================>...] - ETA: 0s - loss: 0.0656 - acc: 0.9840
1297/1297 [==============================] - 0s 184us/step - loss: 0.0657 - acc: 0.9838 - val_loss: 0.0896 - val_acc: 0.9785
Epoch 4/30

  10/1297 [..............................] - ETA: 0s - loss: 0.0204 - acc: 1.0000
 310/1297 [======>.......................] - ETA: 0s - loss: 0.0384 - acc: 0.9903
 610/1297 [=============>................] - ETA: 0s - loss: 0.0469 - acc: 0.9869
 900/1297 [===================>..........] - ETA: 0s - loss: 0.0456 - acc: 0.9900
1200/1297 [==========================>...] - ETA: 0s - loss: 0.0460 - acc: 0.9892
1297/1297 [==============================] - 0s 183us/step - loss: 0.0443 - acc: 0.9900 - val_loss: 0.0829 - val_acc: 0.9754
Epoch 5/30

  10/1297 [..............................] - ETA: 0s - loss: 0.0222 - acc: 1.0000
 300/1297 [=====>........................] - ETA: 0s - loss: 0.0287 - acc: 1.0000
 590/1297 [============>.................] - ETA: 0s - loss: 0.0271 - acc: 0.9983
 900/1297 [===================>..........] - ETA: 0s - loss: 0.0279 - acc: 0.9978
1210/1297 [==========================>...] - ETA: 0s - loss: 0.0303 - acc: 0.9959
1297/1297 [==============================] - 0s 178us/step - loss: 0.0305 - acc: 0.9961 - val_loss: 0.0772 - val_acc: 0.9785
acc: 97.85%
Train on 1297 samples, validate on 325 samples
Epoch 1/30

  10/1297 [..............................] - ETA: 1:17 - loss: 0.6993 - acc: 0.5000
 300/1297 [=====>........................] - ETA: 2s - loss: 0.6502 - acc: 0.6400  
 600/1297 [============>.................] - ETA: 0s - loss: 0.5762 - acc: 0.7700
 900/1297 [===================>..........] - ETA: 0s - loss: 0.5104 - acc: 0.8256
1200/1297 [==========================>...] - ETA: 0s - loss: 0.4456 - acc: 0.8583
1297/1297 [==============================] - 1s 700us/step - loss: 0.4281 - acc: 0.8674 - val_loss: 0.1788 - val_acc: 0.9754
Epoch 2/30

  10/1297 [..............................] - ETA: 0s - loss: 0.1628 - acc: 1.0000
 310/1297 [======>.......................] - ETA: 0s - loss: 0.1596 - acc: 0.9774
 620/1297 [=============>................] - ETA: 0s - loss: 0.1454 - acc: 0.9726
 930/1297 [====================>.........] - ETA: 0s - loss: 0.1427 - acc: 0.9677
1240/1297 [===========================>..] - ETA: 0s - loss: 0.1285 - acc: 0.9718
1297/1297 [==============================] - 0s 177us/step - loss: 0.1273 - acc: 0.9715 - val_loss: 0.0827 - val_acc: 0.9754
Epoch 3/30

  10/1297 [..............................] - ETA: 0s - loss: 0.0333 - acc: 1.0000
 300/1297 [=====>........................] - ETA: 0s - loss: 0.0595 - acc: 0.9933
 620/1297 [=============>................] - ETA: 0s - loss: 0.0653 - acc: 0.9855
 920/1297 [====================>.........] - ETA: 0s - loss: 0.0714 - acc: 0.9848
1190/1297 [==========================>...] - ETA: 0s - loss: 0.0741 - acc: 0.9815
1297/1297 [==============================] - 0s 186us/step - loss: 0.0733 - acc: 0.9815 - val_loss: 0.0681 - val_acc: 0.9785
Epoch 4/30

  10/1297 [..............................] - ETA: 0s - loss: 0.0587 - acc: 1.0000
 280/1297 [=====>........................] - ETA: 0s - loss: 0.0508 - acc: 0.9893
 550/1297 [===========>..................] - ETA: 0s - loss: 0.0472 - acc: 0.9909
 820/1297 [=================>............] - ETA: 0s - loss: 0.0448 - acc: 0.9902
1080/1297 [=======================>......] - ETA: 0s - loss: 0.0464 - acc: 0.9907
1297/1297 [==============================] - 0s 199us/step - loss: 0.0495 - acc: 0.9900 - val_loss: 0.0595 - val_acc: 0.9815
Epoch 5/30

  10/1297 [..............................] - ETA: 0s - loss: 0.0285 - acc: 1.0000
 310/1297 [======>.......................] - ETA: 0s - loss: 0.0366 - acc: 0.9935
 620/1297 [=============>................] - ETA: 0s - loss: 0.0344 - acc: 0.9952
 920/1297 [====================>.........] - ETA: 0s - loss: 0.0347 - acc: 0.9946
1230/1297 [===========================>..] - ETA: 0s - loss: 0.0357 - acc: 0.9927
1297/1297 [==============================] - 0s 182us/step - loss: 0.0354 - acc: 0.9931 - val_loss: 0.0536 - val_acc: 0.9785
Epoch 6/30

  10/1297 [..............................] - ETA: 0s - loss: 0.0162 - acc: 1.0000
 320/1297 [======>.......................] - ETA: 0s - loss: 0.0290 - acc: 0.9937
 620/1297 [=============>................] - ETA: 0s - loss: 0.0298 - acc: 0.9952
 910/1297 [====================>.........] - ETA: 0s - loss: 0.0269 - acc: 0.9956
1210/1297 [==========================>...] - ETA: 0s - loss: 0.0251 - acc: 0.9959
1297/1297 [==============================] - 0s 182us/step - loss: 0.0251 - acc: 0.9961 - val_loss: 0.0514 - val_acc: 0.9815
acc: 98.15%
Train on 1298 samples, validate on 324 samples
Epoch 1/30

  10/1298 [..............................] - ETA: 1:28 - loss: 0.6752 - acc: 0.7000
 310/1298 [======>.......................] - ETA: 2s - loss: 0.6383 - acc: 0.6839  
 630/1298 [=============>................] - ETA: 0s - loss: 0.5776 - acc: 0.7730
 940/1298 [====================>.........] - ETA: 0s - loss: 0.5029 - acc: 0.8362
1250/1298 [===========================>..] - ETA: 0s - loss: 0.4408 - acc: 0.8664
1298/1298 [==============================] - 1s 771us/step - loss: 0.4317 - acc: 0.8713 - val_loss: 0.1815 - val_acc: 0.9722
Epoch 2/30

  10/1298 [..............................] - ETA: 0s - loss: 0.1833 - acc: 1.0000
 310/1298 [======>.......................] - ETA: 0s - loss: 0.1634 - acc: 0.9742
 610/1298 [=============>................] - ETA: 0s - loss: 0.1503 - acc: 0.9738
 920/1298 [====================>.........] - ETA: 0s - loss: 0.1355 - acc: 0.9750
1180/1298 [==========================>...] - ETA: 0s - loss: 0.1238 - acc: 0.9771
1298/1298 [==============================] - 0s 187us/step - loss: 0.1228 - acc: 0.9753 - val_loss: 0.0982 - val_acc: 0.9753
Epoch 3/30

  10/1298 [..............................] - ETA: 0s - loss: 0.0346 - acc: 1.0000
 310/1298 [======>.......................] - ETA: 0s - loss: 0.0822 - acc: 0.9839
 600/1298 [============>.................] - ETA: 0s - loss: 0.0861 - acc: 0.9817
 910/1298 [====================>.........] - ETA: 0s - loss: 0.0763 - acc: 0.9835
1200/1298 [==========================>...] - ETA: 0s - loss: 0.0712 - acc: 0.9833
1298/1298 [==============================] - 0s 181us/step - loss: 0.0685 - acc: 0.9846 - val_loss: 0.0864 - val_acc: 0.9722
Epoch 4/30

  10/1298 [..............................] - ETA: 0s - loss: 0.0201 - acc: 1.0000
 310/1298 [======>.......................] - ETA: 0s - loss: 0.0460 - acc: 0.9935
 620/1298 [=============>................] - ETA: 0s - loss: 0.0469 - acc: 0.9919
 930/1298 [====================>.........] - ETA: 0s - loss: 0.0435 - acc: 0.9935
1220/1298 [===========================>..] - ETA: 0s - loss: 0.0451 - acc: 0.9926
1298/1298 [==============================] - 0s 180us/step - loss: 0.0450 - acc: 0.9923 - val_loss: 0.0831 - val_acc: 0.9784
Epoch 5/30

  10/1298 [..............................] - ETA: 0s - loss: 0.0292 - acc: 1.0000
 310/1298 [======>.......................] - ETA: 0s - loss: 0.0256 - acc: 1.0000
 610/1298 [=============>................] - ETA: 0s - loss: 0.0261 - acc: 1.0000
 900/1298 [===================>..........] - ETA: 0s - loss: 0.0266 - acc: 0.9978
1200/1298 [==========================>...] - ETA: 0s - loss: 0.0286 - acc: 0.9967
1298/1298 [==============================] - 0s 181us/step - loss: 0.0306 - acc: 0.9954 - val_loss: 0.0783 - val_acc: 0.9784
Epoch 6/30

  10/1298 [..............................] - ETA: 0s - loss: 0.0108 - acc: 1.0000
 300/1298 [=====>........................] - ETA: 0s - loss: 0.0245 - acc: 0.9967
 550/1298 [===========>..................] - ETA: 0s - loss: 0.0240 - acc: 0.9982
 860/1298 [==================>...........] - ETA: 0s - loss: 0.0222 - acc: 0.9988
1140/1298 [=========================>....] - ETA: 0s - loss: 0.0215 - acc: 0.9991
1298/1298 [==============================] - 0s 194us/step - loss: 0.0212 - acc: 0.9992 - val_loss: 0.0776 - val_acc: 0.9815
Epoch 7/30

  10/1298 [..............................] - ETA: 0s - loss: 0.0107 - acc: 1.0000
 290/1298 [=====>........................] - ETA: 0s - loss: 0.0123 - acc: 1.0000
 580/1298 [============>.................] - ETA: 0s - loss: 0.0143 - acc: 0.9983
 850/1298 [==================>...........] - ETA: 0s - loss: 0.0149 - acc: 0.9988
1100/1298 [========================>.....] - ETA: 0s - loss: 0.0167 - acc: 0.9982
1298/1298 [==============================] - 0s 202us/step - loss: 0.0162 - acc: 0.9985 - val_loss: 0.0768 - val_acc: 0.9815
Epoch 8/30

  10/1298 [..............................] - ETA: 0s - loss: 0.0037 - acc: 1.0000
 290/1298 [=====>........................] - ETA: 0s - loss: 0.0102 - acc: 1.0000
 570/1298 [============>.................] - ETA: 0s - loss: 0.0103 - acc: 1.0000
 870/1298 [===================>..........] - ETA: 0s - loss: 0.0125 - acc: 0.9989
1160/1298 [=========================>....] - ETA: 0s - loss: 0.0122 - acc: 0.9991
1298/1298 [==============================] - 0s 188us/step - loss: 0.0122 - acc: 0.9992 - val_loss: 0.0766 - val_acc: 0.9815
acc: 98.15%
Train on 1299 samples, validate on 323 samples
Epoch 1/30

  10/1299 [..............................] - ETA: 1:41 - loss: 0.6561 - acc: 0.8000
 300/1299 [=====>........................] - ETA: 2s - loss: 0.6449 - acc: 0.6533  
 580/1299 [============>.................] - ETA: 1s - loss: 0.5962 - acc: 0.7379
 880/1299 [===================>..........] - ETA: 0s - loss: 0.5290 - acc: 0.8034
1160/1299 [=========================>....] - ETA: 0s - loss: 0.4700 - acc: 0.8405
1299/1299 [==============================] - 1s 863us/step - loss: 0.4435 - acc: 0.8522 - val_loss: 0.1824 - val_acc: 0.9690
Epoch 2/30

  10/1299 [..............................] - ETA: 0s - loss: 0.1498 - acc: 1.0000
 300/1299 [=====>........................] - ETA: 0s - loss: 0.1492 - acc: 0.9833
 560/1299 [===========>..................] - ETA: 0s - loss: 0.1370 - acc: 0.9821
 870/1299 [===================>..........] - ETA: 0s - loss: 0.1366 - acc: 0.9747
1180/1299 [==========================>...] - ETA: 0s - loss: 0.1280 - acc: 0.9737
1299/1299 [==============================] - 0s 186us/step - loss: 0.1233 - acc: 0.9754 - val_loss: 0.0897 - val_acc: 0.9752
Epoch 3/30

  10/1299 [..............................] - ETA: 0s - loss: 0.0419 - acc: 1.0000
 320/1299 [======>.......................] - ETA: 0s - loss: 0.0708 - acc: 0.9844
 630/1299 [=============>................] - ETA: 0s - loss: 0.0659 - acc: 0.9873
 930/1299 [====================>.........] - ETA: 0s - loss: 0.0668 - acc: 0.9860
1210/1299 [==========================>...] - ETA: 0s - loss: 0.0713 - acc: 0.9835
1299/1299 [==============================] - 0s 181us/step - loss: 0.0699 - acc: 0.9838 - val_loss: 0.0707 - val_acc: 0.9783
Epoch 4/30

  10/1299 [..............................] - ETA: 0s - loss: 0.0376 - acc: 1.0000
 290/1299 [=====>........................] - ETA: 0s - loss: 0.0410 - acc: 0.9966
 560/1299 [===========>..................] - ETA: 0s - loss: 0.0444 - acc: 0.9929
 830/1299 [==================>...........] - ETA: 0s - loss: 0.0506 - acc: 0.9904
1130/1299 [=========================>....] - ETA: 0s - loss: 0.0472 - acc: 0.9920
1299/1299 [==============================] - 0s 192us/step - loss: 0.0465 - acc: 0.9915 - val_loss: 0.0637 - val_acc: 0.9783
Epoch 5/30

  10/1299 [..............................] - ETA: 0s - loss: 0.0159 - acc: 1.0000
 320/1299 [======>.......................] - ETA: 0s - loss: 0.0332 - acc: 0.9969
 630/1299 [=============>................] - ETA: 0s - loss: 0.0334 - acc: 0.9968
 940/1299 [====================>.........] - ETA: 0s - loss: 0.0318 - acc: 0.9968
1250/1299 [===========================>..] - ETA: 0s - loss: 0.0334 - acc: 0.9960
1299/1299 [==============================] - 0s 175us/step - loss: 0.0338 - acc: 0.9954 - val_loss: 0.0625 - val_acc: 0.9814
Epoch 6/30

  10/1299 [..............................] - ETA: 0s - loss: 0.0081 - acc: 1.0000
 320/1299 [======>.......................] - ETA: 0s - loss: 0.0195 - acc: 0.9969
 610/1299 [=============>................] - ETA: 0s - loss: 0.0200 - acc: 0.9984
 900/1299 [===================>..........] - ETA: 0s - loss: 0.0238 - acc: 0.9956
1190/1299 [==========================>...] - ETA: 0s - loss: 0.0240 - acc: 0.9966
1299/1299 [==============================] - 0s 185us/step - loss: 0.0244 - acc: 0.9962 - val_loss: 0.0609 - val_acc: 0.9814
Epoch 7/30

  10/1299 [..............................] - ETA: 0s - loss: 0.0067 - acc: 1.0000
 310/1299 [======>.......................] - ETA: 0s - loss: 0.0180 - acc: 0.9968
 600/1299 [============>.................] - ETA: 0s - loss: 0.0184 - acc: 0.9967
 900/1299 [===================>..........] - ETA: 0s - loss: 0.0169 - acc: 0.9978
1200/1299 [==========================>...] - ETA: 0s - loss: 0.0182 - acc: 0.9975
1299/1299 [==============================] - 0s 183us/step - loss: 0.0182 - acc: 0.9977 - val_loss: 0.0585 - val_acc: 0.9814
acc: 98.14%
Accuracy: 97.41% (+/- 1.33%)
