Train on 1459 samples, validate on 163 samples
Epoch 1/30

  50/1459 [>.............................] - ETA: 11s - loss: 0.6859 - acc: 0.5400
1459/1459 [==============================] - 1s 355us/step - loss: 0.2414 - acc: 0.9068 - val_loss: 0.1163 - val_acc: 0.9632
Epoch 2/30

  50/1459 [>.............................] - ETA: 0s - loss: 0.0450 - acc: 0.9800
1459/1459 [==============================] - 0s 38us/step - loss: 0.0492 - acc: 0.9856 - val_loss: 0.0974 - val_acc: 0.9632
Epoch 3/30

  50/1459 [>.............................] - ETA: 0s - loss: 0.0179 - acc: 1.0000
1459/1459 [==============================] - 0s 36us/step - loss: 0.0197 - acc: 0.9952 - val_loss: 0.0961 - val_acc: 0.9693
Epoch 4/30

  50/1459 [>.............................] - ETA: 0s - loss: 0.0057 - acc: 1.0000
1459/1459 [==============================] - 0s 36us/step - loss: 0.0113 - acc: 0.9979 - val_loss: 0.0965 - val_acc: 0.9693
Epoch 5/30

  50/1459 [>.............................] - ETA: 0s - loss: 0.0062 - acc: 1.0000
1459/1459 [==============================] - 0s 38us/step - loss: 0.0063 - acc: 0.9986 - val_loss: 0.0909 - val_acc: 0.9693
acc: 96.93%
Train on 1459 samples, validate on 163 samples
Epoch 1/30

  50/1459 [>.............................] - ETA: 13s - loss: 0.7236 - acc: 0.4600
1450/1459 [============================>.] - ETA: 0s - loss: 0.2465 - acc: 0.9000 
1459/1459 [==============================] - 1s 404us/step - loss: 0.2451 - acc: 0.9006 - val_loss: 0.1328 - val_acc: 0.9387
Epoch 2/30

  50/1459 [>.............................] - ETA: 0s - loss: 0.0395 - acc: 0.9800
1350/1459 [==========================>...] - ETA: 0s - loss: 0.0472 - acc: 0.9859
1459/1459 [==============================] - 0s 41us/step - loss: 0.0473 - acc: 0.9856 - val_loss: 0.1115 - val_acc: 0.9448
Epoch 3/30

  50/1459 [>.............................] - ETA: 0s - loss: 0.0246 - acc: 1.0000
1400/1459 [===========================>..] - ETA: 0s - loss: 0.0220 - acc: 0.9950
1459/1459 [==============================] - 0s 40us/step - loss: 0.0214 - acc: 0.9952 - val_loss: 0.0958 - val_acc: 0.9571
Epoch 4/30

  50/1459 [>.............................] - ETA: 0s - loss: 0.0066 - acc: 1.0000
1450/1459 [============================>.] - ETA: 0s - loss: 0.0124 - acc: 0.9979
1459/1459 [==============================] - 0s 38us/step - loss: 0.0123 - acc: 0.9979 - val_loss: 0.0959 - val_acc: 0.9693
Epoch 5/30

  50/1459 [>.............................] - ETA: 0s - loss: 0.0024 - acc: 1.0000
1450/1459 [============================>.] - ETA: 0s - loss: 0.0077 - acc: 0.9986
1459/1459 [==============================] - 0s 38us/step - loss: 0.0077 - acc: 0.9986 - val_loss: 0.0913 - val_acc: 0.9755
Epoch 6/30

  50/1459 [>.............................] - ETA: 0s - loss: 0.0034 - acc: 1.0000
1300/1459 [=========================>....] - ETA: 0s - loss: 0.0063 - acc: 0.9977
1459/1459 [==============================] - 0s 42us/step - loss: 0.0059 - acc: 0.9979 - val_loss: 0.0871 - val_acc: 0.9755
Epoch 7/30

  50/1459 [>.............................] - ETA: 0s - loss: 0.0048 - acc: 1.0000
1450/1459 [============================>.] - ETA: 0s - loss: 0.0024 - acc: 1.0000
1459/1459 [==============================] - 0s 39us/step - loss: 0.0024 - acc: 1.0000 - val_loss: 0.0873 - val_acc: 0.9816
Epoch 8/30

  50/1459 [>.............................] - ETA: 0s - loss: 0.0018 - acc: 1.0000
1350/1459 [==========================>...] - ETA: 0s - loss: 0.0018 - acc: 1.0000
1459/1459 [==============================] - 0s 42us/step - loss: 0.0020 - acc: 1.0000 - val_loss: 0.0878 - val_acc: 0.9816
Epoch 9/30

  50/1459 [>.............................] - ETA: 0s - loss: 0.0016 - acc: 1.0000
1350/1459 [==========================>...] - ETA: 0s - loss: 0.0014 - acc: 1.0000
1459/1459 [==============================] - 0s 42us/step - loss: 0.0014 - acc: 1.0000 - val_loss: 0.0884 - val_acc: 0.9816
acc: 98.16%
Train on 1459 samples, validate on 163 samples
Epoch 1/30

  50/1459 [>.............................] - ETA: 16s - loss: 0.6560 - acc: 0.6200
1400/1459 [===========================>..] - ETA: 0s - loss: 0.2746 - acc: 0.8914 
1459/1459 [==============================] - 1s 481us/step - loss: 0.2657 - acc: 0.8951 - val_loss: 0.1007 - val_acc: 0.9693
Epoch 2/30

  50/1459 [>.............................] - ETA: 0s - loss: 0.0432 - acc: 1.0000
1050/1459 [====================>.........] - ETA: 0s - loss: 0.0527 - acc: 0.9848
1459/1459 [==============================] - 0s 51us/step - loss: 0.0512 - acc: 0.9863 - val_loss: 0.0803 - val_acc: 0.9693
Epoch 3/30

  50/1459 [>.............................] - ETA: 0s - loss: 0.0149 - acc: 1.0000
1300/1459 [=========================>....] - ETA: 0s - loss: 0.0220 - acc: 0.9962
1459/1459 [==============================] - 0s 42us/step - loss: 0.0217 - acc: 0.9959 - val_loss: 0.0904 - val_acc: 0.9632
acc: 96.93%
Train on 1460 samples, validate on 162 samples
Epoch 1/30

  50/1460 [>.............................] - ETA: 20s - loss: 0.7039 - acc: 0.4800
1350/1460 [==========================>...] - ETA: 0s - loss: 0.2519 - acc: 0.8941 
1460/1460 [==============================] - 1s 603us/step - loss: 0.2377 - acc: 0.9000 - val_loss: 0.0764 - val_acc: 0.9753
Epoch 2/30

  50/1460 [>.............................] - ETA: 0s - loss: 0.0238 - acc: 1.0000
1300/1460 [=========================>....] - ETA: 0s - loss: 0.0495 - acc: 0.9862
1460/1460 [==============================] - 0s 44us/step - loss: 0.0509 - acc: 0.9849 - val_loss: 0.0537 - val_acc: 0.9877
Epoch 3/30

  50/1460 [>.............................] - ETA: 0s - loss: 0.0155 - acc: 1.0000
1450/1460 [============================>.] - ETA: 0s - loss: 0.0243 - acc: 0.9959
1460/1460 [==============================] - 0s 39us/step - loss: 0.0243 - acc: 0.9959 - val_loss: 0.0412 - val_acc: 0.9753
Epoch 4/30

  50/1460 [>.............................] - ETA: 0s - loss: 0.0043 - acc: 1.0000
1450/1460 [============================>.] - ETA: 0s - loss: 0.0136 - acc: 0.9979
1460/1460 [==============================] - 0s 39us/step - loss: 0.0136 - acc: 0.9979 - val_loss: 0.0362 - val_acc: 0.9877
acc: 98.77%
Train on 1460 samples, validate on 162 samples
Epoch 1/30

  50/1460 [>.............................] - ETA: 21s - loss: 0.6833 - acc: 0.5000
1460/1460 [==============================] - 1s 631us/step - loss: 0.2461 - acc: 0.8986 - val_loss: 0.0683 - val_acc: 0.9753
Epoch 2/30

  50/1460 [>.............................] - ETA: 0s - loss: 0.0616 - acc: 0.9600
1400/1460 [===========================>..] - ETA: 0s - loss: 0.0543 - acc: 0.9829
1460/1460 [==============================] - 0s 41us/step - loss: 0.0534 - acc: 0.9829 - val_loss: 0.0667 - val_acc: 0.9691
Epoch 3/30

  50/1460 [>.............................] - ETA: 0s - loss: 0.0113 - acc: 1.0000
1450/1460 [============================>.] - ETA: 0s - loss: 0.0218 - acc: 0.9959
1460/1460 [==============================] - 0s 39us/step - loss: 0.0217 - acc: 0.9959 - val_loss: 0.0623 - val_acc: 0.9753
acc: 97.53%
Train on 1460 samples, validate on 162 samples
Epoch 1/30

  50/1460 [>.............................] - ETA: 25s - loss: 0.7166 - acc: 0.4400
1400/1460 [===========================>..] - ETA: 0s - loss: 0.2487 - acc: 0.8936 
1460/1460 [==============================] - 1s 738us/step - loss: 0.2449 - acc: 0.8952 - val_loss: 0.0657 - val_acc: 0.9815
Epoch 2/30

  50/1460 [>.............................] - ETA: 0s - loss: 0.0650 - acc: 0.9800
1350/1460 [==========================>...] - ETA: 0s - loss: 0.0544 - acc: 0.9822
1460/1460 [==============================] - 0s 43us/step - loss: 0.0539 - acc: 0.9829 - val_loss: 0.0572 - val_acc: 0.9753
Epoch 3/30

  50/1460 [>.............................] - ETA: 0s - loss: 0.0243 - acc: 1.0000
1200/1460 [=======================>......] - ETA: 0s - loss: 0.0270 - acc: 0.9942
1460/1460 [==============================] - 0s 45us/step - loss: 0.0259 - acc: 0.9938 - val_loss: 0.0608 - val_acc: 0.9691
acc: 98.15%
Train on 1460 samples, validate on 162 samples
Epoch 1/30

  50/1460 [>.............................] - ETA: 29s - loss: 0.7013 - acc: 0.5200
 900/1460 [=================>............] - ETA: 0s - loss: 0.3377 - acc: 0.8678 
1460/1460 [==============================] - 1s 867us/step - loss: 0.2397 - acc: 0.9089 - val_loss: 0.0822 - val_acc: 0.9691
Epoch 2/30

  50/1460 [>.............................] - ETA: 0s - loss: 0.0241 - acc: 1.0000
1400/1460 [===========================>..] - ETA: 0s - loss: 0.0467 - acc: 0.9864
1460/1460 [==============================] - 0s 41us/step - loss: 0.0469 - acc: 0.9863 - val_loss: 0.0670 - val_acc: 0.9753
Epoch 3/30

  50/1460 [>.............................] - ETA: 0s - loss: 0.0227 - acc: 0.9800
1400/1460 [===========================>..] - ETA: 0s - loss: 0.0180 - acc: 0.9964
1460/1460 [==============================] - 0s 41us/step - loss: 0.0175 - acc: 0.9966 - val_loss: 0.0708 - val_acc: 0.9877
Epoch 4/30

  50/1460 [>.............................] - ETA: 0s - loss: 0.0122 - acc: 1.0000
1200/1460 [=======================>......] - ETA: 0s - loss: 0.0079 - acc: 0.9992
1460/1460 [==============================] - 0s 51us/step - loss: 0.0071 - acc: 0.9993 - val_loss: 0.0693 - val_acc: 0.9815
Epoch 5/30

  50/1460 [>.............................] - ETA: 0s - loss: 0.0054 - acc: 1.0000
1350/1460 [==========================>...] - ETA: 0s - loss: 0.0038 - acc: 1.0000
1460/1460 [==============================] - 0s 43us/step - loss: 0.0037 - acc: 1.0000 - val_loss: 0.0767 - val_acc: 0.9815
acc: 98.77%
Train on 1460 samples, validate on 162 samples
Epoch 1/30

  50/1460 [>.............................] - ETA: 33s - loss: 0.6929 - acc: 0.4800
1400/1460 [===========================>..] - ETA: 0s - loss: 0.2519 - acc: 0.9007 
1460/1460 [==============================] - 1s 940us/step - loss: 0.2450 - acc: 0.9034 - val_loss: 0.0718 - val_acc: 0.9815
Epoch 2/30

  50/1460 [>.............................] - ETA: 0s - loss: 0.0312 - acc: 1.0000
1350/1460 [==========================>...] - ETA: 0s - loss: 0.0436 - acc: 0.9867
1460/1460 [==============================] - 0s 43us/step - loss: 0.0463 - acc: 0.9849 - val_loss: 0.0631 - val_acc: 0.9938
Epoch 3/30

  50/1460 [>.............................] - ETA: 0s - loss: 0.0164 - acc: 1.0000
1350/1460 [==========================>...] - ETA: 0s - loss: 0.0250 - acc: 0.9948
1460/1460 [==============================] - 0s 42us/step - loss: 0.0251 - acc: 0.9952 - val_loss: 0.0527 - val_acc: 0.9938
Epoch 4/30

  50/1460 [>.............................] - ETA: 0s - loss: 0.0837 - acc: 0.9800
1450/1460 [============================>.] - ETA: 0s - loss: 0.0145 - acc: 0.9972
1460/1460 [==============================] - 0s 40us/step - loss: 0.0144 - acc: 0.9973 - val_loss: 0.0528 - val_acc: 0.9938
acc: 99.38%
Train on 1460 samples, validate on 162 samples
Epoch 1/30

  50/1460 [>.............................] - ETA: 33s - loss: 0.6690 - acc: 0.6800
1350/1460 [==========================>...] - ETA: 0s - loss: 0.2529 - acc: 0.9111 
1460/1460 [==============================] - 1s 944us/step - loss: 0.2387 - acc: 0.9158 - val_loss: 0.1166 - val_acc: 0.9568
Epoch 2/30

  50/1460 [>.............................] - ETA: 0s - loss: 0.1058 - acc: 0.9600
1350/1460 [==========================>...] - ETA: 0s - loss: 0.0535 - acc: 0.9830
1460/1460 [==============================] - 0s 42us/step - loss: 0.0514 - acc: 0.9836 - val_loss: 0.1248 - val_acc: 0.9630
Epoch 3/30

  50/1460 [>.............................] - ETA: 0s - loss: 0.0299 - acc: 0.9800
1350/1460 [==========================>...] - ETA: 0s - loss: 0.0217 - acc: 0.9948
1460/1460 [==============================] - 0s 41us/step - loss: 0.0230 - acc: 0.9945 - val_loss: 0.1129 - val_acc: 0.9691
Epoch 4/30

  50/1460 [>.............................] - ETA: 0s - loss: 0.0143 - acc: 1.0000
1350/1460 [==========================>...] - ETA: 0s - loss: 0.0124 - acc: 0.9970
1460/1460 [==============================] - 0s 41us/step - loss: 0.0119 - acc: 0.9973 - val_loss: 0.1160 - val_acc: 0.9568
Epoch 5/30

  50/1460 [>.............................] - ETA: 0s - loss: 0.0058 - acc: 1.0000
1400/1460 [===========================>..] - ETA: 0s - loss: 0.0055 - acc: 0.9993
1460/1460 [==============================] - 0s 41us/step - loss: 0.0054 - acc: 0.9993 - val_loss: 0.1122 - val_acc: 0.9630
acc: 96.91%
Train on 1461 samples, validate on 161 samples
Epoch 1/30

  50/1461 [>.............................] - ETA: 37s - loss: 0.7131 - acc: 0.4600
1350/1461 [==========================>...] - ETA: 0s - loss: 0.2440 - acc: 0.9044 
1461/1461 [==============================] - 2s 1ms/step - loss: 0.2288 - acc: 0.9103 - val_loss: 0.0418 - val_acc: 0.9876
Epoch 2/30

  50/1461 [>.............................] - ETA: 0s - loss: 0.0416 - acc: 0.9800
1300/1461 [=========================>....] - ETA: 0s - loss: 0.0386 - acc: 0.9877
1461/1461 [==============================] - 0s 44us/step - loss: 0.0491 - acc: 0.9849 - val_loss: 0.0465 - val_acc: 0.9814
Epoch 3/30

  50/1461 [>.............................] - ETA: 0s - loss: 0.0174 - acc: 1.0000
1400/1461 [===========================>..] - ETA: 0s - loss: 0.0232 - acc: 0.9957
1461/1461 [==============================] - 0s 41us/step - loss: 0.0229 - acc: 0.9959 - val_loss: 0.0349 - val_acc: 0.9814
acc: 98.76%
Accuracy: 98.03% (+/- 0.86%)
