Train on 1297 samples, validate on 325 samples
Epoch 1/30

  50/1297 [>.............................] - ETA: 11s - loss: 0.6796 - acc: 0.6000
1297/1297 [==============================] - 1s 429us/step - loss: 0.3501 - acc: 0.8936 - val_loss: 0.1495 - val_acc: 0.9538
Epoch 2/30

  50/1297 [>.............................] - ETA: 0s - loss: 0.1275 - acc: 0.9600
1297/1297 [==============================] - 0s 38us/step - loss: 0.0687 - acc: 0.9854 - val_loss: 0.1082 - val_acc: 0.9600
Epoch 3/30

  50/1297 [>.............................] - ETA: 0s - loss: 0.0277 - acc: 1.0000
1297/1297 [==============================] - 0s 38us/step - loss: 0.0346 - acc: 0.9961 - val_loss: 0.0975 - val_acc: 0.9631
Epoch 4/30

  50/1297 [>.............................] - ETA: 0s - loss: 0.0237 - acc: 1.0000
1297/1297 [==============================] - 0s 41us/step - loss: 0.0218 - acc: 0.9969 - val_loss: 0.0986 - val_acc: 0.9569
Epoch 5/30

  50/1297 [>.............................] - ETA: 0s - loss: 0.0129 - acc: 1.0000
1297/1297 [==============================] - 0s 42us/step - loss: 0.0145 - acc: 0.9977 - val_loss: 0.1023 - val_acc: 0.9508
Epoch 6/30

  50/1297 [>.............................] - ETA: 0s - loss: 0.0113 - acc: 1.0000
1100/1297 [========================>.....] - ETA: 0s - loss: 0.0098 - acc: 0.9991
1297/1297 [==============================] - 0s 50us/step - loss: 0.0102 - acc: 0.9985 - val_loss: 0.0971 - val_acc: 0.9600
Epoch 7/30

  50/1297 [>.............................] - ETA: 0s - loss: 0.0078 - acc: 1.0000
1297/1297 [==============================] - 0s 39us/step - loss: 0.0075 - acc: 0.9985 - val_loss: 0.1018 - val_acc: 0.9538
Epoch 8/30

  50/1297 [>.............................] - ETA: 0s - loss: 0.0141 - acc: 1.0000
1297/1297 [==============================] - 0s 39us/step - loss: 0.0051 - acc: 0.9992 - val_loss: 0.0992 - val_acc: 0.9569
Epoch 9/30

  50/1297 [>.............................] - ETA: 0s - loss: 0.0042 - acc: 1.0000
1297/1297 [==============================] - 0s 39us/step - loss: 0.0041 - acc: 1.0000 - val_loss: 0.0992 - val_acc: 0.9662
Epoch 10/30

  50/1297 [>.............................] - ETA: 0s - loss: 0.0025 - acc: 1.0000
1297/1297 [==============================] - 0s 39us/step - loss: 0.0033 - acc: 1.0000 - val_loss: 0.0989 - val_acc: 0.9631
Epoch 11/30

  50/1297 [>.............................] - ETA: 0s - loss: 0.0031 - acc: 1.0000
1297/1297 [==============================] - 0s 40us/step - loss: 0.0025 - acc: 1.0000 - val_loss: 0.1001 - val_acc: 0.9600
Epoch 12/30

  50/1297 [>.............................] - ETA: 0s - loss: 0.0022 - acc: 1.0000
1297/1297 [==============================] - 0s 43us/step - loss: 0.0022 - acc: 1.0000 - val_loss: 0.1002 - val_acc: 0.9631
Epoch 13/30

  50/1297 [>.............................] - ETA: 0s - loss: 0.0016 - acc: 1.0000
1297/1297 [==============================] - 0s 41us/step - loss: 0.0019 - acc: 1.0000 - val_loss: 0.0999 - val_acc: 0.9631
Epoch 14/30

  50/1297 [>.............................] - ETA: 0s - loss: 0.0015 - acc: 1.0000
1297/1297 [==============================] - 0s 45us/step - loss: 0.0016 - acc: 1.0000 - val_loss: 0.1004 - val_acc: 0.9631
Epoch 15/30

  50/1297 [>.............................] - ETA: 0s - loss: 0.0023 - acc: 1.0000
1297/1297 [==============================] - 0s 44us/step - loss: 0.0014 - acc: 1.0000 - val_loss: 0.1004 - val_acc: 0.9662
Epoch 16/30

  50/1297 [>.............................] - ETA: 0s - loss: 0.0012 - acc: 1.0000
1297/1297 [==============================] - 0s 43us/step - loss: 0.0013 - acc: 1.0000 - val_loss: 0.1004 - val_acc: 0.9662
Epoch 17/30

  50/1297 [>.............................] - ETA: 0s - loss: 0.0011 - acc: 1.0000
1297/1297 [==============================] - 0s 42us/step - loss: 0.0011 - acc: 1.0000 - val_loss: 0.1013 - val_acc: 0.9631
acc: 96.62%
Train on 1297 samples, validate on 325 samples
Epoch 1/30

  50/1297 [>.............................] - ETA: 13s - loss: 0.7083 - acc: 0.4400
1297/1297 [==============================] - 1s 507us/step - loss: 0.3789 - acc: 0.8543 - val_loss: 0.1428 - val_acc: 0.9692
Epoch 2/30

  50/1297 [>.............................] - ETA: 0s - loss: 0.1152 - acc: 0.9600
1200/1297 [==========================>...] - ETA: 0s - loss: 0.0856 - acc: 0.9775
1297/1297 [==============================] - 0s 49us/step - loss: 0.0828 - acc: 0.9776 - val_loss: 0.0887 - val_acc: 0.9754
Epoch 3/30

  50/1297 [>.............................] - ETA: 0s - loss: 0.1073 - acc: 0.9800
1150/1297 [=========================>....] - ETA: 0s - loss: 0.0420 - acc: 0.9904
1297/1297 [==============================] - 0s 52us/step - loss: 0.0403 - acc: 0.9907 - val_loss: 0.0800 - val_acc: 0.9723
Epoch 4/30

  50/1297 [>.............................] - ETA: 0s - loss: 0.0280 - acc: 1.0000
1050/1297 [=======================>......] - ETA: 0s - loss: 0.0209 - acc: 0.9971
1297/1297 [==============================] - 0s 58us/step - loss: 0.0228 - acc: 0.9969 - val_loss: 0.0736 - val_acc: 0.9723
Epoch 5/30

  50/1297 [>.............................] - ETA: 0s - loss: 0.0196 - acc: 1.0000
1000/1297 [======================>.......] - ETA: 0s - loss: 0.0152 - acc: 0.9980
1297/1297 [==============================] - 0s 60us/step - loss: 0.0146 - acc: 0.9977 - val_loss: 0.0688 - val_acc: 0.9785
Epoch 6/30

  50/1297 [>.............................] - ETA: 0s - loss: 0.0105 - acc: 1.0000
 950/1297 [====================>.........] - ETA: 0s - loss: 0.0099 - acc: 0.9989
1297/1297 [==============================] - 0s 62us/step - loss: 0.0103 - acc: 0.9985 - val_loss: 0.0692 - val_acc: 0.9785
Epoch 7/30

  50/1297 [>.............................] - ETA: 0s - loss: 0.0047 - acc: 1.0000
 950/1297 [====================>.........] - ETA: 0s - loss: 0.0066 - acc: 1.0000
1297/1297 [==============================] - 0s 65us/step - loss: 0.0079 - acc: 1.0000 - val_loss: 0.0692 - val_acc: 0.9785
Epoch 8/30

  50/1297 [>.............................] - ETA: 0s - loss: 0.0079 - acc: 1.0000
 900/1297 [===================>..........] - ETA: 0s - loss: 0.0051 - acc: 1.0000
1297/1297 [==============================] - 0s 66us/step - loss: 0.0052 - acc: 1.0000 - val_loss: 0.0679 - val_acc: 0.9785
Epoch 9/30

  50/1297 [>.............................] - ETA: 0s - loss: 0.0028 - acc: 1.0000
 800/1297 [=================>............] - ETA: 0s - loss: 0.0035 - acc: 1.0000
1297/1297 [==============================] - 0s 72us/step - loss: 0.0041 - acc: 1.0000 - val_loss: 0.0676 - val_acc: 0.9754
Epoch 10/30

  50/1297 [>.............................] - ETA: 0s - loss: 0.0031 - acc: 1.0000
 800/1297 [=================>............] - ETA: 0s - loss: 0.0031 - acc: 1.0000
1297/1297 [==============================] - 0s 76us/step - loss: 0.0032 - acc: 1.0000 - val_loss: 0.0674 - val_acc: 0.9785
Epoch 11/30

  50/1297 [>.............................] - ETA: 0s - loss: 0.0022 - acc: 1.0000
 800/1297 [=================>............] - ETA: 0s - loss: 0.0027 - acc: 1.0000
1297/1297 [==============================] - 0s 76us/step - loss: 0.0027 - acc: 1.0000 - val_loss: 0.0681 - val_acc: 0.9785
Epoch 12/30

  50/1297 [>.............................] - ETA: 0s - loss: 0.0029 - acc: 1.0000
 800/1297 [=================>............] - ETA: 0s - loss: 0.0024 - acc: 1.0000
1297/1297 [==============================] - 0s 79us/step - loss: 0.0022 - acc: 1.0000 - val_loss: 0.0678 - val_acc: 0.9785
Epoch 13/30

  50/1297 [>.............................] - ETA: 0s - loss: 0.0022 - acc: 1.0000
 750/1297 [================>.............] - ETA: 0s - loss: 0.0019 - acc: 1.0000
1297/1297 [==============================] - 0s 82us/step - loss: 0.0020 - acc: 1.0000 - val_loss: 0.0678 - val_acc: 0.9754
acc: 97.85%
Train on 1297 samples, validate on 325 samples
Epoch 1/30

  50/1297 [>.............................] - ETA: 19s - loss: 0.7193 - acc: 0.4400
1150/1297 [=========================>....] - ETA: 0s - loss: 0.3746 - acc: 0.8548 
1297/1297 [==============================] - 1s 724us/step - loss: 0.3460 - acc: 0.8682 - val_loss: 0.1081 - val_acc: 0.9754
Epoch 2/30

  50/1297 [>.............................] - ETA: 0s - loss: 0.0701 - acc: 0.9800
1100/1297 [========================>.....] - ETA: 0s - loss: 0.0775 - acc: 0.9791
1297/1297 [==============================] - 0s 55us/step - loss: 0.0786 - acc: 0.9776 - val_loss: 0.0636 - val_acc: 0.9815
Epoch 3/30

  50/1297 [>.............................] - ETA: 0s - loss: 0.0253 - acc: 1.0000
1000/1297 [======================>.......] - ETA: 0s - loss: 0.0345 - acc: 0.9940
1297/1297 [==============================] - 0s 58us/step - loss: 0.0384 - acc: 0.9931 - val_loss: 0.0620 - val_acc: 0.9815
Epoch 4/30

  50/1297 [>.............................] - ETA: 0s - loss: 0.0195 - acc: 1.0000
 950/1297 [====================>.........] - ETA: 0s - loss: 0.0210 - acc: 0.9968
1297/1297 [==============================] - 0s 63us/step - loss: 0.0231 - acc: 0.9961 - val_loss: 0.0572 - val_acc: 0.9785
Epoch 5/30

  50/1297 [>.............................] - ETA: 0s - loss: 0.0128 - acc: 1.0000
 900/1297 [===================>..........] - ETA: 0s - loss: 0.0141 - acc: 0.9978
1297/1297 [==============================] - 0s 67us/step - loss: 0.0151 - acc: 0.9977 - val_loss: 0.0542 - val_acc: 0.9785
Epoch 6/30

  50/1297 [>.............................] - ETA: 0s - loss: 0.0080 - acc: 1.0000
 950/1297 [====================>.........] - ETA: 0s - loss: 0.0121 - acc: 0.9979
1297/1297 [==============================] - 0s 63us/step - loss: 0.0110 - acc: 0.9985 - val_loss: 0.0541 - val_acc: 0.9785
Epoch 7/30

  50/1297 [>.............................] - ETA: 0s - loss: 0.0098 - acc: 1.0000
 900/1297 [===================>..........] - ETA: 0s - loss: 0.0094 - acc: 1.0000
1297/1297 [==============================] - 0s 67us/step - loss: 0.0081 - acc: 1.0000 - val_loss: 0.0532 - val_acc: 0.9815
Epoch 8/30

  50/1297 [>.............................] - ETA: 0s - loss: 0.0089 - acc: 1.0000
 850/1297 [==================>...........] - ETA: 0s - loss: 0.0068 - acc: 0.9988
1297/1297 [==============================] - 0s 69us/step - loss: 0.0069 - acc: 0.9985 - val_loss: 0.0501 - val_acc: 0.9785
Epoch 9/30

  50/1297 [>.............................] - ETA: 0s - loss: 0.0027 - acc: 1.0000
 800/1297 [=================>............] - ETA: 0s - loss: 0.0052 - acc: 1.0000
1297/1297 [==============================] - 0s 73us/step - loss: 0.0050 - acc: 1.0000 - val_loss: 0.0442 - val_acc: 0.9846
Epoch 10/30

  50/1297 [>.............................] - ETA: 0s - loss: 0.0036 - acc: 1.0000
 750/1297 [================>.............] - ETA: 0s - loss: 0.0036 - acc: 1.0000
1297/1297 [==============================] - 0s 78us/step - loss: 0.0041 - acc: 0.9992 - val_loss: 0.0457 - val_acc: 0.9785
Epoch 11/30

  50/1297 [>.............................] - ETA: 0s - loss: 0.0029 - acc: 1.0000
 800/1297 [=================>............] - ETA: 0s - loss: 0.0030 - acc: 1.0000
1297/1297 [==============================] - 0s 78us/step - loss: 0.0029 - acc: 1.0000 - val_loss: 0.0431 - val_acc: 0.9815
Epoch 12/30

  50/1297 [>.............................] - ETA: 0s - loss: 0.0018 - acc: 1.0000
 800/1297 [=================>............] - ETA: 0s - loss: 0.0022 - acc: 1.0000
1297/1297 [==============================] - 0s 74us/step - loss: 0.0022 - acc: 1.0000 - val_loss: 0.0443 - val_acc: 0.9785
Epoch 13/30

  50/1297 [>.............................] - ETA: 0s - loss: 0.0015 - acc: 1.0000
 800/1297 [=================>............] - ETA: 0s - loss: 0.0017 - acc: 1.0000
1297/1297 [==============================] - 0s 74us/step - loss: 0.0018 - acc: 1.0000 - val_loss: 0.0447 - val_acc: 0.9785
Epoch 14/30

  50/1297 [>.............................] - ETA: 0s - loss: 0.0012 - acc: 1.0000
 800/1297 [=================>............] - ETA: 0s - loss: 0.0016 - acc: 1.0000
1297/1297 [==============================] - 0s 76us/step - loss: 0.0016 - acc: 1.0000 - val_loss: 0.0439 - val_acc: 0.9785
Epoch 15/30

  50/1297 [>.............................] - ETA: 0s - loss: 0.0013 - acc: 1.0000
 750/1297 [================>.............] - ETA: 0s - loss: 0.0013 - acc: 1.0000
1297/1297 [==============================] - 0s 79us/step - loss: 0.0014 - acc: 1.0000 - val_loss: 0.0457 - val_acc: 0.9785
Epoch 16/30

  50/1297 [>.............................] - ETA: 0s - loss: 0.0018 - acc: 1.0000
 750/1297 [================>.............] - ETA: 0s - loss: 0.0013 - acc: 1.0000
1297/1297 [==============================] - 0s 80us/step - loss: 0.0012 - acc: 1.0000 - val_loss: 0.0446 - val_acc: 0.9785
Epoch 17/30

  50/1297 [>.............................] - ETA: 0s - loss: 0.0014 - acc: 1.0000
 750/1297 [================>.............] - ETA: 0s - loss: 0.0011 - acc: 1.0000
1297/1297 [==============================] - 0s 82us/step - loss: 0.0011 - acc: 1.0000 - val_loss: 0.0454 - val_acc: 0.9785
acc: 98.46%
Train on 1298 samples, validate on 324 samples
Epoch 1/30

  50/1298 [>.............................] - ETA: 19s - loss: 0.6878 - acc: 0.5200
1250/1298 [===========================>..] - ETA: 0s - loss: 0.3447 - acc: 0.8816 
1298/1298 [==============================] - 1s 708us/step - loss: 0.3389 - acc: 0.8837 - val_loss: 0.1137 - val_acc: 0.9753
Epoch 2/30

  50/1298 [>.............................] - ETA: 0s - loss: 0.1210 - acc: 0.9600
1200/1298 [==========================>...] - ETA: 0s - loss: 0.0737 - acc: 0.9808
1298/1298 [==============================] - 0s 48us/step - loss: 0.0708 - acc: 0.9815 - val_loss: 0.0784 - val_acc: 0.9691
Epoch 3/30

  50/1298 [>.............................] - ETA: 0s - loss: 0.0425 - acc: 1.0000
1150/1298 [=========================>....] - ETA: 0s - loss: 0.0339 - acc: 0.9948
1298/1298 [==============================] - 0s 50us/step - loss: 0.0335 - acc: 0.9954 - val_loss: 0.0749 - val_acc: 0.9753
Epoch 4/30

  50/1298 [>.............................] - ETA: 0s - loss: 0.0306 - acc: 1.0000
1150/1298 [=========================>....] - ETA: 0s - loss: 0.0188 - acc: 0.9991
1298/1298 [==============================] - 0s 53us/step - loss: 0.0182 - acc: 0.9992 - val_loss: 0.0714 - val_acc: 0.9753
Epoch 5/30

  50/1298 [>.............................] - ETA: 0s - loss: 0.0129 - acc: 1.0000
1050/1298 [=======================>......] - ETA: 0s - loss: 0.0119 - acc: 0.9981
1298/1298 [==============================] - 0s 55us/step - loss: 0.0112 - acc: 0.9985 - val_loss: 0.0761 - val_acc: 0.9722
Epoch 6/30

  50/1298 [>.............................] - ETA: 0s - loss: 0.0088 - acc: 1.0000
1050/1298 [=======================>......] - ETA: 0s - loss: 0.0077 - acc: 0.9990
1298/1298 [==============================] - 0s 57us/step - loss: 0.0077 - acc: 0.9992 - val_loss: 0.0774 - val_acc: 0.9753
Epoch 7/30

  50/1298 [>.............................] - ETA: 0s - loss: 0.0046 - acc: 1.0000
1000/1298 [======================>.......] - ETA: 0s - loss: 0.0052 - acc: 1.0000
1298/1298 [==============================] - 0s 60us/step - loss: 0.0055 - acc: 0.9992 - val_loss: 0.0782 - val_acc: 0.9753
Epoch 8/30

  50/1298 [>.............................] - ETA: 0s - loss: 0.0040 - acc: 1.0000
1000/1298 [======================>.......] - ETA: 0s - loss: 0.0042 - acc: 1.0000
1298/1298 [==============================] - 0s 60us/step - loss: 0.0043 - acc: 1.0000 - val_loss: 0.0789 - val_acc: 0.9753
Epoch 9/30

  50/1298 [>.............................] - ETA: 0s - loss: 0.0045 - acc: 1.0000
 950/1298 [====================>.........] - ETA: 0s - loss: 0.0029 - acc: 1.0000
1298/1298 [==============================] - 0s 61us/step - loss: 0.0033 - acc: 1.0000 - val_loss: 0.0813 - val_acc: 0.9753
acc: 97.53%
Train on 1299 samples, validate on 323 samples
Epoch 1/30

  50/1299 [>.............................] - ETA: 19s - loss: 0.6841 - acc: 0.6600
1299/1299 [==============================] - 1s 727us/step - loss: 0.3500 - acc: 0.8891 - val_loss: 0.1014 - val_acc: 0.9752
Epoch 2/30

  50/1299 [>.............................] - ETA: 0s - loss: 0.0580 - acc: 1.0000
1299/1299 [==============================] - 0s 43us/step - loss: 0.0779 - acc: 0.9784 - val_loss: 0.0666 - val_acc: 0.9783
Epoch 3/30

  50/1299 [>.............................] - ETA: 0s - loss: 0.0289 - acc: 1.0000
1299/1299 [==============================] - 0s 45us/step - loss: 0.0379 - acc: 0.9938 - val_loss: 0.0677 - val_acc: 0.9845
Epoch 4/30

  50/1299 [>.............................] - ETA: 0s - loss: 0.0472 - acc: 0.9800
1250/1299 [===========================>..] - ETA: 0s - loss: 0.0219 - acc: 0.9976
1299/1299 [==============================] - 0s 47us/step - loss: 0.0217 - acc: 0.9977 - val_loss: 0.0626 - val_acc: 0.9845
Epoch 5/30

  50/1299 [>.............................] - ETA: 0s - loss: 0.0152 - acc: 1.0000
1200/1299 [==========================>...] - ETA: 0s - loss: 0.0154 - acc: 0.9975
1299/1299 [==============================] - 0s 48us/step - loss: 0.0150 - acc: 0.9977 - val_loss: 0.0640 - val_acc: 0.9845
Epoch 6/30

  50/1299 [>.............................] - ETA: 0s - loss: 0.0078 - acc: 1.0000
1200/1299 [==========================>...] - ETA: 0s - loss: 0.0098 - acc: 0.9983
1299/1299 [==============================] - 0s 50us/step - loss: 0.0097 - acc: 0.9985 - val_loss: 0.0661 - val_acc: 0.9845
Epoch 7/30

  50/1299 [>.............................] - ETA: 0s - loss: 0.0180 - acc: 1.0000
1100/1299 [========================>.....] - ETA: 0s - loss: 0.0066 - acc: 1.0000
1299/1299 [==============================] - 0s 53us/step - loss: 0.0066 - acc: 1.0000 - val_loss: 0.0654 - val_acc: 0.9845
Epoch 8/30

  50/1299 [>.............................] - ETA: 0s - loss: 0.0058 - acc: 1.0000
1100/1299 [========================>.....] - ETA: 0s - loss: 0.0059 - acc: 0.9991
1299/1299 [==============================] - 0s 53us/step - loss: 0.0056 - acc: 0.9992 - val_loss: 0.0665 - val_acc: 0.9845
Epoch 9/30

  50/1299 [>.............................] - ETA: 0s - loss: 0.0020 - acc: 1.0000
1050/1299 [=======================>......] - ETA: 0s - loss: 0.0041 - acc: 1.0000
1299/1299 [==============================] - 0s 56us/step - loss: 0.0042 - acc: 1.0000 - val_loss: 0.0657 - val_acc: 0.9845
Epoch 10/30

  50/1299 [>.............................] - ETA: 0s - loss: 0.0044 - acc: 1.0000
1100/1299 [========================>.....] - ETA: 0s - loss: 0.0031 - acc: 1.0000
1299/1299 [==============================] - 0s 54us/step - loss: 0.0032 - acc: 1.0000 - val_loss: 0.0661 - val_acc: 0.9845
Epoch 11/30

  50/1299 [>.............................] - ETA: 0s - loss: 0.0029 - acc: 1.0000
1050/1299 [=======================>......] - ETA: 0s - loss: 0.0028 - acc: 1.0000
1299/1299 [==============================] - 0s 56us/step - loss: 0.0027 - acc: 1.0000 - val_loss: 0.0676 - val_acc: 0.9845
acc: 98.45%
Accuracy: 97.78% (+/- 0.68%)
