Train on 1459 samples, validate on 163 samples
Epoch 1/30

  20/1459 [..............................] - ETA: 32s - loss: 0.6892 - acc: 0.6500
 600/1459 [===========>..................] - ETA: 0s - loss: 0.3229 - acc: 0.8650 
1180/1459 [=======================>......] - ETA: 0s - loss: 0.2087 - acc: 0.9161
1459/1459 [==============================] - 1s 432us/step - loss: 0.1887 - acc: 0.9267 - val_loss: 0.1265 - val_acc: 0.9571
Epoch 2/30

  20/1459 [..............................] - ETA: 0s - loss: 0.3551 - acc: 0.9500
 600/1459 [===========>..................] - ETA: 0s - loss: 0.0804 - acc: 0.9833
1200/1459 [=======================>......] - ETA: 0s - loss: 0.0647 - acc: 0.9850
1459/1459 [==============================] - 0s 90us/step - loss: 0.0646 - acc: 0.9842 - val_loss: 0.1257 - val_acc: 0.9325
Epoch 3/30

  20/1459 [..............................] - ETA: 0s - loss: 0.0698 - acc: 0.9500
 640/1459 [============>.................] - ETA: 0s - loss: 0.0508 - acc: 0.9875
1220/1459 [========================>.....] - ETA: 0s - loss: 0.0693 - acc: 0.9787
1459/1459 [==============================] - 0s 89us/step - loss: 0.0632 - acc: 0.9801 - val_loss: 0.1247 - val_acc: 0.9571
Epoch 4/30

  20/1459 [..............................] - ETA: 0s - loss: 0.0044 - acc: 1.0000
 500/1459 [=========>....................] - ETA: 0s - loss: 0.0305 - acc: 0.9920
1080/1459 [=====================>........] - ETA: 0s - loss: 0.0453 - acc: 0.9861
1459/1459 [==============================] - 0s 97us/step - loss: 0.0466 - acc: 0.9870 - val_loss: 0.0875 - val_acc: 0.9755
Epoch 5/30

  20/1459 [..............................] - ETA: 0s - loss: 0.0029 - acc: 1.0000
 600/1459 [===========>..................] - ETA: 0s - loss: 0.0290 - acc: 0.9900
1140/1459 [======================>.......] - ETA: 0s - loss: 0.0434 - acc: 0.9886
1459/1459 [==============================] - 0s 98us/step - loss: 0.0451 - acc: 0.9877 - val_loss: 0.1163 - val_acc: 0.9632
Epoch 6/30

  20/1459 [..............................] - ETA: 0s - loss: 0.0076 - acc: 1.0000
 580/1459 [==========>...................] - ETA: 0s - loss: 0.0423 - acc: 0.9862
1120/1459 [======================>.......] - ETA: 0s - loss: 0.0400 - acc: 0.9848
1459/1459 [==============================] - 0s 96us/step - loss: 0.0433 - acc: 0.9842 - val_loss: 0.1290 - val_acc: 0.9693
Epoch 7/30

  20/1459 [..............................] - ETA: 0s - loss: 0.0043 - acc: 1.0000
 580/1459 [==========>...................] - ETA: 0s - loss: 0.0278 - acc: 0.9897
1060/1459 [====================>.........] - ETA: 0s - loss: 0.0349 - acc: 0.9858
1459/1459 [==============================] - 0s 102us/step - loss: 0.0413 - acc: 0.9849 - val_loss: 0.1383 - val_acc: 0.9387
Epoch 8/30

  20/1459 [..............................] - ETA: 0s - loss: 0.0073 - acc: 1.0000
 580/1459 [==========>...................] - ETA: 0s - loss: 0.0393 - acc: 0.9862
1140/1459 [======================>.......] - ETA: 0s - loss: 0.0356 - acc: 0.9877
1459/1459 [==============================] - 0s 93us/step - loss: 0.0440 - acc: 0.9842 - val_loss: 0.1415 - val_acc: 0.9509
Epoch 9/30

  20/1459 [..............................] - ETA: 0s - loss: 0.0024 - acc: 1.0000
 380/1459 [======>.......................] - ETA: 0s - loss: 0.0197 - acc: 0.9895
 900/1459 [=================>............] - ETA: 0s - loss: 0.0208 - acc: 0.9922
1459/1459 [==============================] - 0s 110us/step - loss: 0.0314 - acc: 0.9890 - val_loss: 0.1690 - val_acc: 0.9632
Epoch 10/30

  20/1459 [..............................] - ETA: 0s - loss: 0.0242 - acc: 1.0000
 600/1459 [===========>..................] - ETA: 0s - loss: 0.0264 - acc: 0.9917
1160/1459 [======================>.......] - ETA: 0s - loss: 0.0254 - acc: 0.9931
1459/1459 [==============================] - 0s 97us/step - loss: 0.0290 - acc: 0.9918 - val_loss: 0.1469 - val_acc: 0.9755
Epoch 11/30

  20/1459 [..............................] - ETA: 0s - loss: 0.0051 - acc: 1.0000
 520/1459 [=========>....................] - ETA: 0s - loss: 0.0168 - acc: 0.9962
1080/1459 [=====================>........] - ETA: 0s - loss: 0.0289 - acc: 0.9926
1459/1459 [==============================] - 0s 100us/step - loss: 0.0257 - acc: 0.9938 - val_loss: 0.1605 - val_acc: 0.9632
Epoch 12/30

  20/1459 [..............................] - ETA: 0s - loss: 9.7922e-04 - acc: 1.0000
 580/1459 [==========>...................] - ETA: 0s - loss: 0.0255 - acc: 0.9897    
1100/1459 [=====================>........] - ETA: 0s - loss: 0.0261 - acc: 0.9909
1459/1459 [==============================] - 0s 97us/step - loss: 0.0259 - acc: 0.9918 - val_loss: 0.1807 - val_acc: 0.9571
Epoch 13/30

  20/1459 [..............................] - ETA: 0s - loss: 0.2088 - acc: 0.9500
 600/1459 [===========>..................] - ETA: 0s - loss: 0.0260 - acc: 0.9917
 980/1459 [===================>..........] - ETA: 0s - loss: 0.0218 - acc: 0.9929
1459/1459 [==============================] - 0s 103us/step - loss: 0.0231 - acc: 0.9938 - val_loss: 0.1863 - val_acc: 0.9755
Epoch 14/30

  20/1459 [..............................] - ETA: 0s - loss: 0.0015 - acc: 1.0000
 600/1459 [===========>..................] - ETA: 0s - loss: 0.0306 - acc: 0.9900
1020/1459 [===================>..........] - ETA: 0s - loss: 0.0244 - acc: 0.9922
1459/1459 [==============================] - 0s 105us/step - loss: 0.0232 - acc: 0.9925 - val_loss: 0.1660 - val_acc: 0.9755
Epoch 15/30

  20/1459 [..............................] - ETA: 0s - loss: 0.0022 - acc: 1.0000
 560/1459 [==========>...................] - ETA: 0s - loss: 0.0252 - acc: 0.9946
1080/1459 [=====================>........] - ETA: 0s - loss: 0.0185 - acc: 0.9963
1459/1459 [==============================] - 0s 99us/step - loss: 0.0193 - acc: 0.9952 - val_loss: 0.1686 - val_acc: 0.9571
Epoch 16/30

  20/1459 [..............................] - ETA: 0s - loss: 0.0072 - acc: 1.0000
 520/1459 [=========>....................] - ETA: 0s - loss: 0.0133 - acc: 0.9942
1060/1459 [====================>.........] - ETA: 0s - loss: 0.0272 - acc: 0.9925
1459/1459 [==============================] - 0s 99us/step - loss: 0.0253 - acc: 0.9925 - val_loss: 0.1981 - val_acc: 0.9693
Epoch 17/30

  20/1459 [..............................] - ETA: 0s - loss: 0.0044 - acc: 1.0000
 580/1459 [==========>...................] - ETA: 0s - loss: 0.0291 - acc: 0.9897
1100/1459 [=====================>........] - ETA: 0s - loss: 0.0206 - acc: 0.9936
1459/1459 [==============================] - 0s 108us/step - loss: 0.0171 - acc: 0.9952 - val_loss: 0.2050 - val_acc: 0.9693
Epoch 18/30

  20/1459 [..............................] - ETA: 0s - loss: 0.0013 - acc: 1.0000
 600/1459 [===========>..................] - ETA: 0s - loss: 0.0310 - acc: 0.9883
1180/1459 [=======================>......] - ETA: 0s - loss: 0.0197 - acc: 0.9932
1459/1459 [==============================] - 0s 91us/step - loss: 0.0209 - acc: 0.9931 - val_loss: 0.1798 - val_acc: 0.9571
Epoch 19/30

  20/1459 [..............................] - ETA: 0s - loss: 0.0045 - acc: 1.0000
 600/1459 [===========>..................] - ETA: 0s - loss: 0.0198 - acc: 0.9933
1100/1459 [=====================>........] - ETA: 0s - loss: 0.0259 - acc: 0.9909
1459/1459 [==============================] - 0s 98us/step - loss: 0.0245 - acc: 0.9918 - val_loss: 0.1727 - val_acc: 0.9571
Epoch 20/30

  20/1459 [..............................] - ETA: 0s - loss: 0.0032 - acc: 1.0000
 560/1459 [==========>...................] - ETA: 0s - loss: 0.0158 - acc: 0.9964
1100/1459 [=====================>........] - ETA: 0s - loss: 0.0242 - acc: 0.9936
1459/1459 [==============================] - 0s 97us/step - loss: 0.0218 - acc: 0.9938 - val_loss: 0.1649 - val_acc: 0.9632
acc: 97.55%
Train on 1459 samples, validate on 163 samples
Epoch 1/30

  20/1459 [..............................] - ETA: 38s - loss: 0.6998 - acc: 0.5000
 620/1459 [===========>..................] - ETA: 0s - loss: 0.2835 - acc: 0.8823 
1180/1459 [=======================>......] - ETA: 0s - loss: 0.1960 - acc: 0.9246
1459/1459 [==============================] - 1s 495us/step - loss: 0.1885 - acc: 0.9301 - val_loss: 0.1872 - val_acc: 0.9448
Epoch 2/30

  20/1459 [..............................] - ETA: 0s - loss: 0.0810 - acc: 0.9500
 620/1459 [===========>..................] - ETA: 0s - loss: 0.0668 - acc: 0.9790
1220/1459 [========================>.....] - ETA: 0s - loss: 0.0694 - acc: 0.9787
1459/1459 [==============================] - 0s 88us/step - loss: 0.0705 - acc: 0.9774 - val_loss: 0.1365 - val_acc: 0.9509
Epoch 3/30

  20/1459 [..............................] - ETA: 0s - loss: 0.0114 - acc: 1.0000
 640/1459 [============>.................] - ETA: 0s - loss: 0.0587 - acc: 0.9812
1240/1459 [========================>.....] - ETA: 0s - loss: 0.0543 - acc: 0.9823
1459/1459 [==============================] - 0s 87us/step - loss: 0.0509 - acc: 0.9836 - val_loss: 0.1402 - val_acc: 0.9509
Epoch 4/30

  20/1459 [..............................] - ETA: 0s - loss: 0.0032 - acc: 1.0000
 580/1459 [==========>...................] - ETA: 0s - loss: 0.0375 - acc: 0.9897
1080/1459 [=====================>........] - ETA: 0s - loss: 0.0331 - acc: 0.9917
1459/1459 [==============================] - 0s 102us/step - loss: 0.0375 - acc: 0.9897 - val_loss: 0.0966 - val_acc: 0.9632
Epoch 5/30

  20/1459 [..............................] - ETA: 0s - loss: 0.0198 - acc: 1.0000
 540/1459 [==========>...................] - ETA: 0s - loss: 0.0188 - acc: 0.9944
1080/1459 [=====================>........] - ETA: 0s - loss: 0.0248 - acc: 0.9944
1459/1459 [==============================] - 0s 100us/step - loss: 0.0332 - acc: 0.9911 - val_loss: 0.1115 - val_acc: 0.9693
Epoch 6/30

  20/1459 [..............................] - ETA: 0s - loss: 0.0110 - acc: 1.0000
 560/1459 [==========>...................] - ETA: 0s - loss: 0.0324 - acc: 0.9911
1120/1459 [======================>.......] - ETA: 0s - loss: 0.0423 - acc: 0.9866
1459/1459 [==============================] - 0s 95us/step - loss: 0.0451 - acc: 0.9856 - val_loss: 0.1242 - val_acc: 0.9693
Epoch 7/30

  20/1459 [..............................] - ETA: 0s - loss: 0.0055 - acc: 1.0000
 600/1459 [===========>..................] - ETA: 0s - loss: 0.0326 - acc: 0.9917
1160/1459 [======================>.......] - ETA: 0s - loss: 0.0454 - acc: 0.9862
1459/1459 [==============================] - 0s 93us/step - loss: 0.0491 - acc: 0.9856 - val_loss: 0.1608 - val_acc: 0.9509
Epoch 8/30

  20/1459 [..............................] - ETA: 0s - loss: 0.0090 - acc: 1.0000
 500/1459 [=========>....................] - ETA: 0s - loss: 0.0352 - acc: 0.9900
1040/1459 [====================>.........] - ETA: 0s - loss: 0.0455 - acc: 0.9894
1459/1459 [==============================] - 0s 102us/step - loss: 0.0489 - acc: 0.9890 - val_loss: 0.1800 - val_acc: 0.9693
Epoch 9/30

  20/1459 [..............................] - ETA: 0s - loss: 0.0477 - acc: 0.9500
 560/1459 [==========>...................] - ETA: 0s - loss: 0.0624 - acc: 0.9821
1100/1459 [=====================>........] - ETA: 0s - loss: 0.0560 - acc: 0.9864
1459/1459 [==============================] - 0s 100us/step - loss: 0.0639 - acc: 0.9829 - val_loss: 0.1841 - val_acc: 0.9387
Epoch 10/30

  20/1459 [..............................] - ETA: 0s - loss: 0.0510 - acc: 0.9500
 580/1459 [==========>...................] - ETA: 0s - loss: 0.0735 - acc: 0.9793
1140/1459 [======================>.......] - ETA: 0s - loss: 0.0787 - acc: 0.9754
1459/1459 [==============================] - 0s 93us/step - loss: 0.0725 - acc: 0.9781 - val_loss: 0.1725 - val_acc: 0.9509
Epoch 11/30

  20/1459 [..............................] - ETA: 0s - loss: 0.0630 - acc: 0.9500
 600/1459 [===========>..................] - ETA: 0s - loss: 0.0448 - acc: 0.9900
1080/1459 [=====================>........] - ETA: 0s - loss: 0.0546 - acc: 0.9870
1459/1459 [==============================] - 0s 102us/step - loss: 0.0550 - acc: 0.9836 - val_loss: 0.1177 - val_acc: 0.9693
Epoch 12/30

  20/1459 [..............................] - ETA: 0s - loss: 0.0324 - acc: 1.0000
 560/1459 [==========>...................] - ETA: 0s - loss: 0.0517 - acc: 0.9893
1120/1459 [======================>.......] - ETA: 0s - loss: 0.0527 - acc: 0.9875
1459/1459 [==============================] - 0s 97us/step - loss: 0.0528 - acc: 0.9870 - val_loss: 0.1232 - val_acc: 0.9632
Epoch 13/30

  20/1459 [..............................] - ETA: 0s - loss: 0.0348 - acc: 1.0000
 520/1459 [=========>....................] - ETA: 0s - loss: 0.0372 - acc: 0.9904
1060/1459 [====================>.........] - ETA: 0s - loss: 0.0431 - acc: 0.9868
1459/1459 [==============================] - 0s 99us/step - loss: 0.0463 - acc: 0.9863 - val_loss: 0.1162 - val_acc: 0.9509
Epoch 14/30

  20/1459 [..............................] - ETA: 0s - loss: 0.0026 - acc: 1.0000
 560/1459 [==========>...................] - ETA: 0s - loss: 0.0481 - acc: 0.9893
1140/1459 [======================>.......] - ETA: 0s - loss: 0.0399 - acc: 0.9868
1459/1459 [==============================] - 0s 95us/step - loss: 0.0411 - acc: 0.9849 - val_loss: 0.1527 - val_acc: 0.9571
Epoch 15/30

  20/1459 [..............................] - ETA: 0s - loss: 0.1510 - acc: 0.9500
 500/1459 [=========>....................] - ETA: 0s - loss: 0.0426 - acc: 0.9840
1060/1459 [====================>.........] - ETA: 0s - loss: 0.0425 - acc: 0.9868
1459/1459 [==============================] - 0s 100us/step - loss: 0.0430 - acc: 0.9863 - val_loss: 0.1601 - val_acc: 0.9387
Epoch 16/30

  20/1459 [..............................] - ETA: 0s - loss: 5.3118e-04 - acc: 1.0000
 580/1459 [==========>...................] - ETA: 0s - loss: 0.0232 - acc: 0.9914    
1140/1459 [======================>.......] - ETA: 0s - loss: 0.0330 - acc: 0.9904
1459/1459 [==============================] - 0s 98us/step - loss: 0.0345 - acc: 0.9890 - val_loss: 0.1457 - val_acc: 0.9509
Epoch 17/30

  20/1459 [..............................] - ETA: 0s - loss: 0.0115 - acc: 1.0000
 580/1459 [==========>...................] - ETA: 0s - loss: 0.0564 - acc: 0.9862
1060/1459 [====================>.........] - ETA: 0s - loss: 0.0453 - acc: 0.9868
1459/1459 [==============================] - 0s 100us/step - loss: 0.0402 - acc: 0.9883 - val_loss: 0.1239 - val_acc: 0.9509
Epoch 18/30

  20/1459 [..............................] - ETA: 0s - loss: 0.0499 - acc: 0.9500
 600/1459 [===========>..................] - ETA: 0s - loss: 0.0371 - acc: 0.9900
1080/1459 [=====================>........] - ETA: 0s - loss: 0.0353 - acc: 0.9880
1459/1459 [==============================] - 0s 101us/step - loss: 0.0337 - acc: 0.9877 - val_loss: 0.2460 - val_acc: 0.9325
Epoch 19/30

  20/1459 [..............................] - ETA: 0s - loss: 0.0040 - acc: 1.0000
 560/1459 [==========>...................] - ETA: 0s - loss: 0.0553 - acc: 0.9893
1140/1459 [======================>.......] - ETA: 0s - loss: 0.0351 - acc: 0.9930
1459/1459 [==============================] - 0s 94us/step - loss: 0.0343 - acc: 0.9931 - val_loss: 0.1575 - val_acc: 0.9509
Epoch 20/30

  20/1459 [..............................] - ETA: 0s - loss: 0.0013 - acc: 1.0000
 560/1459 [==========>...................] - ETA: 0s - loss: 0.0453 - acc: 0.9857
1020/1459 [===================>..........] - ETA: 0s - loss: 0.0428 - acc: 0.9882
1459/1459 [==============================] - 0s 100us/step - loss: 0.0342 - acc: 0.9911 - val_loss: 0.1425 - val_acc: 0.9571
Epoch 21/30

  20/1459 [..............................] - ETA: 0s - loss: 0.0104 - acc: 1.0000
 580/1459 [==========>...................] - ETA: 0s - loss: 0.0202 - acc: 0.9931
1160/1459 [======================>.......] - ETA: 0s - loss: 0.0250 - acc: 0.9931
1459/1459 [==============================] - 0s 95us/step - loss: 0.0293 - acc: 0.9925 - val_loss: 0.1346 - val_acc: 0.9571
Epoch 22/30

  20/1459 [..............................] - ETA: 0s - loss: 0.0132 - acc: 1.0000
 500/1459 [=========>....................] - ETA: 0s - loss: 0.0238 - acc: 0.9920
1060/1459 [====================>.........] - ETA: 0s - loss: 0.0240 - acc: 0.9943
1459/1459 [==============================] - 0s 98us/step - loss: 0.0210 - acc: 0.9952 - val_loss: 0.1275 - val_acc: 0.9509
Epoch 23/30

  20/1459 [..............................] - ETA: 0s - loss: 0.0057 - acc: 1.0000
 600/1459 [===========>..................] - ETA: 0s - loss: 0.0154 - acc: 0.9933
1120/1459 [======================>.......] - ETA: 0s - loss: 0.0165 - acc: 0.9937
1459/1459 [==============================] - 0s 101us/step - loss: 0.0226 - acc: 0.9931 - val_loss: 0.1314 - val_acc: 0.9571
Epoch 24/30

  20/1459 [..............................] - ETA: 0s - loss: 4.5943e-04 - acc: 1.0000
 600/1459 [===========>..................] - ETA: 0s - loss: 0.0189 - acc: 0.9950    
1180/1459 [=======================>......] - ETA: 0s - loss: 0.0238 - acc: 0.9907
1459/1459 [==============================] - 0s 91us/step - loss: 0.0258 - acc: 0.9911 - val_loss: 0.1639 - val_acc: 0.9571
Epoch 25/30

  20/1459 [..............................] - ETA: 0s - loss: 0.0266 - acc: 1.0000
 600/1459 [===========>..................] - ETA: 0s - loss: 0.0145 - acc: 0.9983
1120/1459 [======================>.......] - ETA: 0s - loss: 0.0159 - acc: 0.9973
1459/1459 [==============================] - 0s 98us/step - loss: 0.0218 - acc: 0.9945 - val_loss: 0.2040 - val_acc: 0.9448
Epoch 26/30

  20/1459 [..............................] - ETA: 0s - loss: 0.0036 - acc: 1.0000
 580/1459 [==========>...................] - ETA: 0s - loss: 0.0149 - acc: 0.9948
1160/1459 [======================>.......] - ETA: 0s - loss: 0.0175 - acc: 0.9948
1459/1459 [==============================] - 0s 96us/step - loss: 0.0192 - acc: 0.9952 - val_loss: 0.1765 - val_acc: 0.9571
Epoch 27/30

  20/1459 [..............................] - ETA: 0s - loss: 0.0022 - acc: 1.0000
 560/1459 [==========>...................] - ETA: 0s - loss: 0.0182 - acc: 0.9946
1060/1459 [====================>.........] - ETA: 0s - loss: 0.0198 - acc: 0.9953
1459/1459 [==============================] - 0s 99us/step - loss: 0.0180 - acc: 0.9952 - val_loss: 0.1540 - val_acc: 0.9509
acc: 96.93%
Train on 1459 samples, validate on 163 samples
Epoch 1/30

  20/1459 [..............................] - ETA: 44s - loss: 0.6905 - acc: 0.5500
 640/1459 [============>.................] - ETA: 0s - loss: 0.4437 - acc: 0.8094 
1260/1459 [========================>.....] - ETA: 0s - loss: 0.2946 - acc: 0.8817
1459/1459 [==============================] - 1s 562us/step - loss: 0.2731 - acc: 0.8917 - val_loss: 0.1456 - val_acc: 0.9448
Epoch 2/30

  20/1459 [..............................] - ETA: 0s - loss: 0.1089 - acc: 0.9500
 600/1459 [===========>..................] - ETA: 0s - loss: 0.0882 - acc: 0.9683
1200/1459 [=======================>......] - ETA: 0s - loss: 0.0847 - acc: 0.9725
1459/1459 [==============================] - 0s 90us/step - loss: 0.0833 - acc: 0.9740 - val_loss: 0.1245 - val_acc: 0.9571
Epoch 3/30

  20/1459 [..............................] - ETA: 0s - loss: 0.1301 - acc: 1.0000
 520/1459 [=========>....................] - ETA: 0s - loss: 0.0652 - acc: 0.9846
1120/1459 [======================>.......] - ETA: 0s - loss: 0.0754 - acc: 0.9759
1459/1459 [==============================] - 0s 94us/step - loss: 0.0788 - acc: 0.9719 - val_loss: 0.1035 - val_acc: 0.9632
Epoch 4/30

  20/1459 [..............................] - ETA: 0s - loss: 0.1211 - acc: 0.9500
 560/1459 [==========>...................] - ETA: 0s - loss: 0.0727 - acc: 0.9768
1140/1459 [======================>.......] - ETA: 0s - loss: 0.0693 - acc: 0.9763
1459/1459 [==============================] - 0s 96us/step - loss: 0.0665 - acc: 0.9794 - val_loss: 0.0765 - val_acc: 0.9693
Epoch 5/30

  20/1459 [..............................] - ETA: 0s - loss: 0.0108 - acc: 1.0000
 600/1459 [===========>..................] - ETA: 0s - loss: 0.0481 - acc: 0.9883
1200/1459 [=======================>......] - ETA: 0s - loss: 0.0542 - acc: 0.9833
1459/1459 [==============================] - 0s 93us/step - loss: 0.0531 - acc: 0.9822 - val_loss: 0.1238 - val_acc: 0.9509
Epoch 6/30

  20/1459 [..............................] - ETA: 0s - loss: 0.0444 - acc: 1.0000
 600/1459 [===========>..................] - ETA: 0s - loss: 0.0453 - acc: 0.9850
1120/1459 [======================>.......] - ETA: 0s - loss: 0.0503 - acc: 0.9839
1459/1459 [==============================] - 0s 98us/step - loss: 0.0572 - acc: 0.9801 - val_loss: 0.1335 - val_acc: 0.9387
Epoch 7/30

  20/1459 [..............................] - ETA: 0s - loss: 0.0641 - acc: 0.9500
 580/1459 [==========>...................] - ETA: 0s - loss: 0.0325 - acc: 0.9914
1120/1459 [======================>.......] - ETA: 0s - loss: 0.0406 - acc: 0.9884
1459/1459 [==============================] - 0s 97us/step - loss: 0.0428 - acc: 0.9870 - val_loss: 0.0820 - val_acc: 0.9755
Epoch 8/30

  20/1459 [..............................] - ETA: 0s - loss: 0.0025 - acc: 1.0000
 580/1459 [==========>...................] - ETA: 0s - loss: 0.0347 - acc: 0.9879
1100/1459 [=====================>........] - ETA: 0s - loss: 0.0366 - acc: 0.9882
1459/1459 [==============================] - 0s 97us/step - loss: 0.0435 - acc: 0.9870 - val_loss: 0.0780 - val_acc: 0.9755
Epoch 9/30

  20/1459 [..............................] - ETA: 0s - loss: 0.2807 - acc: 0.9500
 560/1459 [==========>...................] - ETA: 0s - loss: 0.0487 - acc: 0.9821
1140/1459 [======================>.......] - ETA: 0s - loss: 0.0430 - acc: 0.9868
1459/1459 [==============================] - 0s 92us/step - loss: 0.0406 - acc: 0.9870 - val_loss: 0.1295 - val_acc: 0.9632
Epoch 10/30

  20/1459 [..............................] - ETA: 0s - loss: 0.0050 - acc: 1.0000
 540/1459 [==========>...................] - ETA: 0s - loss: 0.0214 - acc: 0.9926
1100/1459 [=====================>........] - ETA: 0s - loss: 0.0462 - acc: 0.9855
1459/1459 [==============================] - 0s 96us/step - loss: 0.0384 - acc: 0.9883 - val_loss: 0.1987 - val_acc: 0.9387
Epoch 11/30

  20/1459 [..............................] - ETA: 0s - loss: 0.0144 - acc: 1.0000
 600/1459 [===========>..................] - ETA: 0s - loss: 0.0362 - acc: 0.9900
1160/1459 [======================>.......] - ETA: 0s - loss: 0.0266 - acc: 0.9931
1459/1459 [==============================] - 0s 91us/step - loss: 0.0329 - acc: 0.9911 - val_loss: 0.1857 - val_acc: 0.9387
Epoch 12/30

  20/1459 [..............................] - ETA: 0s - loss: 0.0017 - acc: 1.0000
 500/1459 [=========>....................] - ETA: 0s - loss: 0.0298 - acc: 0.9900
1080/1459 [=====================>........] - ETA: 0s - loss: 0.0351 - acc: 0.9898
1459/1459 [==============================] - 0s 97us/step - loss: 0.0362 - acc: 0.9883 - val_loss: 0.1778 - val_acc: 0.9387
Epoch 13/30

  20/1459 [..............................] - ETA: 0s - loss: 0.0491 - acc: 0.9500
 600/1459 [===========>..................] - ETA: 0s - loss: 0.0350 - acc: 0.9917
1160/1459 [======================>.......] - ETA: 0s - loss: 0.0301 - acc: 0.9897
1459/1459 [==============================] - 0s 96us/step - loss: 0.0309 - acc: 0.9897 - val_loss: 0.1759 - val_acc: 0.9448
Epoch 14/30

  20/1459 [..............................] - ETA: 0s - loss: 0.0025 - acc: 1.0000
 580/1459 [==========>...................] - ETA: 0s - loss: 0.0427 - acc: 0.9862
1160/1459 [======================>.......] - ETA: 0s - loss: 0.0350 - acc: 0.9879
1459/1459 [==============================] - 0s 93us/step - loss: 0.0321 - acc: 0.9890 - val_loss: 0.1440 - val_acc: 0.9509
Epoch 15/30

  20/1459 [..............................] - ETA: 0s - loss: 0.0013 - acc: 1.0000
 600/1459 [===========>..................] - ETA: 0s - loss: 0.0214 - acc: 0.9933
1140/1459 [======================>.......] - ETA: 0s - loss: 0.0236 - acc: 0.9921
1459/1459 [==============================] - 0s 94us/step - loss: 0.0255 - acc: 0.9925 - val_loss: 0.1574 - val_acc: 0.9448
Epoch 16/30

  20/1459 [..............................] - ETA: 0s - loss: 0.0024 - acc: 1.0000
 620/1459 [===========>..................] - ETA: 0s - loss: 0.0198 - acc: 0.9935
1200/1459 [=======================>......] - ETA: 0s - loss: 0.0227 - acc: 0.9917
1459/1459 [==============================] - 0s 91us/step - loss: 0.0210 - acc: 0.9925 - val_loss: 0.2098 - val_acc: 0.9264
Epoch 17/30

  20/1459 [..............................] - ETA: 0s - loss: 0.0020 - acc: 1.0000
 600/1459 [===========>..................] - ETA: 0s - loss: 0.0148 - acc: 0.9983
1100/1459 [=====================>........] - ETA: 0s - loss: 0.0157 - acc: 0.9964
1459/1459 [==============================] - 0s 97us/step - loss: 0.0138 - acc: 0.9966 - val_loss: 0.2073 - val_acc: 0.9509
Epoch 18/30

  20/1459 [..............................] - ETA: 0s - loss: 0.0052 - acc: 1.0000
 580/1459 [==========>...................] - ETA: 0s - loss: 0.0078 - acc: 0.9983
1140/1459 [======================>.......] - ETA: 0s - loss: 0.0088 - acc: 0.9982
1459/1459 [==============================] - 0s 94us/step - loss: 0.0136 - acc: 0.9959 - val_loss: 0.2030 - val_acc: 0.9571
Epoch 19/30

  20/1459 [..............................] - ETA: 0s - loss: 0.0084 - acc: 1.0000
 560/1459 [==========>...................] - ETA: 0s - loss: 0.0135 - acc: 0.9964
1100/1459 [=====================>........] - ETA: 0s - loss: 0.0139 - acc: 0.9955
1459/1459 [==============================] - 0s 96us/step - loss: 0.0142 - acc: 0.9959 - val_loss: 0.1455 - val_acc: 0.9693
Epoch 20/30

  20/1459 [..............................] - ETA: 0s - loss: 0.0331 - acc: 1.0000
 580/1459 [==========>...................] - ETA: 0s - loss: 0.0235 - acc: 0.9914
1140/1459 [======================>.......] - ETA: 0s - loss: 0.0174 - acc: 0.9947
1459/1459 [==============================] - 0s 94us/step - loss: 0.0154 - acc: 0.9952 - val_loss: 0.1314 - val_acc: 0.9571
Epoch 21/30

  20/1459 [..............................] - ETA: 0s - loss: 0.2096 - acc: 0.9500
 560/1459 [==========>...................] - ETA: 0s - loss: 0.0148 - acc: 0.9946
1120/1459 [======================>.......] - ETA: 0s - loss: 0.0107 - acc: 0.9973
1459/1459 [==============================] - 0s 95us/step - loss: 0.0143 - acc: 0.9959 - val_loss: 0.1192 - val_acc: 0.9693
Epoch 22/30

  20/1459 [..............................] - ETA: 0s - loss: 0.0055 - acc: 1.0000
 560/1459 [==========>...................] - ETA: 0s - loss: 0.0158 - acc: 0.9982
1100/1459 [=====================>........] - ETA: 0s - loss: 0.0125 - acc: 0.9982
1459/1459 [==============================] - 0s 99us/step - loss: 0.0125 - acc: 0.9973 - val_loss: 0.1123 - val_acc: 0.9571
Epoch 23/30

  20/1459 [..............................] - ETA: 0s - loss: 1.7142e-04 - acc: 1.0000
 560/1459 [==========>...................] - ETA: 0s - loss: 0.0169 - acc: 0.9964    
1120/1459 [======================>.......] - ETA: 0s - loss: 0.0110 - acc: 0.9982
1459/1459 [==============================] - 0s 99us/step - loss: 0.0130 - acc: 0.9979 - val_loss: 0.1353 - val_acc: 0.9632
acc: 97.55%
Train on 1460 samples, validate on 162 samples
Epoch 1/30

  20/1460 [..............................] - ETA: 51s - loss: 0.6987 - acc: 0.5000
 620/1460 [===========>..................] - ETA: 1s - loss: 0.3288 - acc: 0.8629 
1180/1460 [=======================>......] - ETA: 0s - loss: 0.2203 - acc: 0.9136
1460/1460 [==============================] - 1s 640us/step - loss: 0.1911 - acc: 0.9260 - val_loss: 0.0809 - val_acc: 0.9691
Epoch 2/30

  20/1460 [..............................] - ETA: 0s - loss: 0.0212 - acc: 1.0000
 580/1460 [==========>...................] - ETA: 0s - loss: 0.0750 - acc: 0.9741
 820/1460 [===============>..............] - ETA: 0s - loss: 0.0709 - acc: 0.9744
1200/1460 [=======================>......] - ETA: 0s - loss: 0.0785 - acc: 0.9742
1460/1460 [==============================] - 0s 126us/step - loss: 0.0783 - acc: 0.9719 - val_loss: 0.0990 - val_acc: 0.9691
Epoch 3/30

  20/1460 [..............................] - ETA: 0s - loss: 0.0190 - acc: 1.0000
 620/1460 [===========>..................] - ETA: 0s - loss: 0.0485 - acc: 0.9806
1220/1460 [========================>.....] - ETA: 0s - loss: 0.0777 - acc: 0.9754
1460/1460 [==============================] - 0s 88us/step - loss: 0.0762 - acc: 0.9774 - val_loss: 0.0929 - val_acc: 0.9753
Epoch 4/30

  20/1460 [..............................] - ETA: 0s - loss: 0.0864 - acc: 0.9500
 560/1460 [==========>...................] - ETA: 0s - loss: 0.0642 - acc: 0.9786
1120/1460 [======================>.......] - ETA: 0s - loss: 0.0709 - acc: 0.9750
1460/1460 [==============================] - 0s 95us/step - loss: 0.0716 - acc: 0.9767 - val_loss: 0.1456 - val_acc: 0.9691
Epoch 5/30

  20/1460 [..............................] - ETA: 0s - loss: 0.0038 - acc: 1.0000
 560/1460 [==========>...................] - ETA: 0s - loss: 0.0749 - acc: 0.9786
1100/1460 [=====================>........] - ETA: 0s - loss: 0.0679 - acc: 0.9800
1460/1460 [==============================] - 0s 100us/step - loss: 0.0608 - acc: 0.9829 - val_loss: 0.1078 - val_acc: 0.9691
Epoch 6/30

  20/1460 [..............................] - ETA: 0s - loss: 0.0069 - acc: 1.0000
 520/1460 [=========>....................] - ETA: 0s - loss: 0.0360 - acc: 0.9865
1060/1460 [====================>.........] - ETA: 0s - loss: 0.0375 - acc: 0.9868
1460/1460 [==============================] - 0s 100us/step - loss: 0.0459 - acc: 0.9842 - val_loss: 0.0855 - val_acc: 0.9691
Epoch 7/30

  20/1460 [..............................] - ETA: 0s - loss: 0.0091 - acc: 1.0000
 560/1460 [==========>...................] - ETA: 0s - loss: 0.0266 - acc: 0.9893
1060/1460 [====================>.........] - ETA: 0s - loss: 0.0335 - acc: 0.9896
1460/1460 [==============================] - 0s 101us/step - loss: 0.0383 - acc: 0.9890 - val_loss: 0.0650 - val_acc: 0.9691
Epoch 8/30

  20/1460 [..............................] - ETA: 0s - loss: 0.0313 - acc: 1.0000
 580/1460 [==========>...................] - ETA: 0s - loss: 0.0458 - acc: 0.9845
1140/1460 [======================>.......] - ETA: 0s - loss: 0.0470 - acc: 0.9842
1460/1460 [==============================] - 0s 94us/step - loss: 0.0478 - acc: 0.9842 - val_loss: 0.0857 - val_acc: 0.9753
Epoch 9/30

  20/1460 [..............................] - ETA: 0s - loss: 0.0095 - acc: 1.0000
 560/1460 [==========>...................] - ETA: 0s - loss: 0.0324 - acc: 0.9911
1020/1460 [===================>..........] - ETA: 0s - loss: 0.0408 - acc: 0.9882
1460/1460 [==============================] - 0s 101us/step - loss: 0.0492 - acc: 0.9856 - val_loss: 0.0856 - val_acc: 0.9630
Epoch 10/30

  20/1460 [..............................] - ETA: 0s - loss: 0.0049 - acc: 1.0000
 560/1460 [==========>...................] - ETA: 0s - loss: 0.0387 - acc: 0.9893
1080/1460 [=====================>........] - ETA: 0s - loss: 0.0441 - acc: 0.9880
1460/1460 [==============================] - 0s 99us/step - loss: 0.0475 - acc: 0.9849 - val_loss: 0.0642 - val_acc: 0.9753
Epoch 11/30

  20/1460 [..............................] - ETA: 0s - loss: 0.0045 - acc: 1.0000
 520/1460 [=========>....................] - ETA: 0s - loss: 0.0427 - acc: 0.9846
1060/1460 [====================>.........] - ETA: 0s - loss: 0.0450 - acc: 0.9830
1460/1460 [==============================] - 0s 101us/step - loss: 0.0459 - acc: 0.9829 - val_loss: 0.0610 - val_acc: 0.9691
Epoch 12/30

  20/1460 [..............................] - ETA: 0s - loss: 0.0264 - acc: 1.0000
 560/1460 [==========>...................] - ETA: 0s - loss: 0.0314 - acc: 0.9893
1100/1460 [=====================>........] - ETA: 0s - loss: 0.0348 - acc: 0.9900
1460/1460 [==============================] - 0s 100us/step - loss: 0.0337 - acc: 0.9904 - val_loss: 0.0699 - val_acc: 0.9691
Epoch 13/30

  20/1460 [..............................] - ETA: 0s - loss: 3.1414e-04 - acc: 1.0000
 580/1460 [==========>...................] - ETA: 0s - loss: 0.0264 - acc: 0.9914    
1140/1460 [======================>.......] - ETA: 0s - loss: 0.0235 - acc: 0.9939
1460/1460 [==============================] - 0s 95us/step - loss: 0.0279 - acc: 0.9932 - val_loss: 0.1018 - val_acc: 0.9568
Epoch 14/30

  20/1460 [..............................] - ETA: 0s - loss: 0.0384 - acc: 1.0000
 580/1460 [==========>...................] - ETA: 0s - loss: 0.0114 - acc: 0.9966
1080/1460 [=====================>........] - ETA: 0s - loss: 0.0235 - acc: 0.9926
1460/1460 [==============================] - 0s 99us/step - loss: 0.0232 - acc: 0.9925 - val_loss: 0.0911 - val_acc: 0.9568
Epoch 15/30

  20/1460 [..............................] - ETA: 0s - loss: 0.1801 - acc: 0.9500
 560/1460 [==========>...................] - ETA: 0s - loss: 0.0238 - acc: 0.9911
1040/1460 [====================>.........] - ETA: 0s - loss: 0.0329 - acc: 0.9904
1460/1460 [==============================] - 0s 101us/step - loss: 0.0298 - acc: 0.9918 - val_loss: 0.1149 - val_acc: 0.9506
Epoch 16/30

  20/1460 [..............................] - ETA: 0s - loss: 0.0086 - acc: 1.0000
 500/1460 [=========>....................] - ETA: 0s - loss: 0.0141 - acc: 0.9980
1040/1460 [====================>.........] - ETA: 0s - loss: 0.0141 - acc: 0.9952
1460/1460 [==============================] - 0s 101us/step - loss: 0.0218 - acc: 0.9925 - val_loss: 0.1451 - val_acc: 0.9383
Epoch 17/30

  20/1460 [..............................] - ETA: 0s - loss: 0.0025 - acc: 1.0000
 560/1460 [==========>...................] - ETA: 0s - loss: 0.0298 - acc: 0.9911
1120/1460 [======================>.......] - ETA: 0s - loss: 0.0216 - acc: 0.9946
1460/1460 [==============================] - 0s 98us/step - loss: 0.0247 - acc: 0.9938 - val_loss: 0.1406 - val_acc: 0.9506
Epoch 18/30

  20/1460 [..............................] - ETA: 0s - loss: 2.7879e-04 - acc: 1.0000
 580/1460 [==========>...................] - ETA: 0s - loss: 0.0080 - acc: 0.9983    
1140/1460 [======================>.......] - ETA: 0s - loss: 0.0114 - acc: 0.9965
1460/1460 [==============================] - 0s 95us/step - loss: 0.0177 - acc: 0.9952 - val_loss: 0.1806 - val_acc: 0.9506
Epoch 19/30

  20/1460 [..............................] - ETA: 0s - loss: 0.0068 - acc: 1.0000
 580/1460 [==========>...................] - ETA: 0s - loss: 0.0251 - acc: 0.9948
1140/1460 [======================>.......] - ETA: 0s - loss: 0.0203 - acc: 0.9956
1460/1460 [==============================] - 0s 96us/step - loss: 0.0182 - acc: 0.9952 - val_loss: 0.1683 - val_acc: 0.9691
acc: 97.53%
Train on 1460 samples, validate on 162 samples
Epoch 1/30

  20/1460 [..............................] - ETA: 58s - loss: 0.7283 - acc: 0.3500
 580/1460 [==========>...................] - ETA: 1s - loss: 0.2867 - acc: 0.8672 
1160/1460 [======================>.......] - ETA: 0s - loss: 0.2035 - acc: 0.9121
1460/1460 [==============================] - 1s 713us/step - loss: 0.1906 - acc: 0.9212 - val_loss: 0.0985 - val_acc: 0.9691
Epoch 2/30

  20/1460 [..............................] - ETA: 0s - loss: 0.1224 - acc: 0.9500
 580/1460 [==========>...................] - ETA: 0s - loss: 0.0738 - acc: 0.9810
1160/1460 [======================>.......] - ETA: 0s - loss: 0.0613 - acc: 0.9802
1460/1460 [==============================] - 0s 91us/step - loss: 0.0678 - acc: 0.9753 - val_loss: 0.1194 - val_acc: 0.9568
Epoch 3/30

  20/1460 [..............................] - ETA: 0s - loss: 0.0284 - acc: 1.0000
 520/1460 [=========>....................] - ETA: 0s - loss: 0.0429 - acc: 0.9885
1080/1460 [=====================>........] - ETA: 0s - loss: 0.0540 - acc: 0.9833
1460/1460 [==============================] - 0s 98us/step - loss: 0.0707 - acc: 0.9781 - val_loss: 0.1217 - val_acc: 0.9506
Epoch 4/30

  20/1460 [..............................] - ETA: 0s - loss: 0.0906 - acc: 0.9500
 560/1460 [==========>...................] - ETA: 0s - loss: 0.0604 - acc: 0.9786
1100/1460 [=====================>........] - ETA: 0s - loss: 0.0555 - acc: 0.9800
1460/1460 [==============================] - 0s 98us/step - loss: 0.0562 - acc: 0.9795 - val_loss: 0.0748 - val_acc: 0.9630
Epoch 5/30

  20/1460 [..............................] - ETA: 0s - loss: 0.0222 - acc: 1.0000
 620/1460 [===========>..................] - ETA: 0s - loss: 0.0290 - acc: 0.9919
1200/1460 [=======================>......] - ETA: 0s - loss: 0.0506 - acc: 0.9825
1460/1460 [==============================] - 0s 89us/step - loss: 0.0526 - acc: 0.9829 - val_loss: 0.0755 - val_acc: 0.9877
Epoch 6/30

  20/1460 [..............................] - ETA: 0s - loss: 0.0125 - acc: 1.0000
 620/1460 [===========>..................] - ETA: 0s - loss: 0.0313 - acc: 0.9903
1160/1460 [======================>.......] - ETA: 0s - loss: 0.0431 - acc: 0.9862
1460/1460 [==============================] - 0s 98us/step - loss: 0.0439 - acc: 0.9849 - val_loss: 0.0978 - val_acc: 0.9691
Epoch 7/30

  20/1460 [..............................] - ETA: 0s - loss: 0.0762 - acc: 0.9500
 600/1460 [===========>..................] - ETA: 0s - loss: 0.0185 - acc: 0.9950
1160/1460 [======================>.......] - ETA: 0s - loss: 0.0270 - acc: 0.9922
1460/1460 [==============================] - 0s 94us/step - loss: 0.0282 - acc: 0.9918 - val_loss: 0.0638 - val_acc: 0.9815
Epoch 8/30

  20/1460 [..............................] - ETA: 0s - loss: 0.0076 - acc: 1.0000
 580/1460 [==========>...................] - ETA: 0s - loss: 0.0266 - acc: 0.9948
1060/1460 [====================>.........] - ETA: 0s - loss: 0.0307 - acc: 0.9934
1460/1460 [==============================] - 0s 100us/step - loss: 0.0274 - acc: 0.9932 - val_loss: 0.0529 - val_acc: 0.9753
Epoch 9/30

  20/1460 [..............................] - ETA: 0s - loss: 8.4900e-04 - acc: 1.0000
 560/1460 [==========>...................] - ETA: 0s - loss: 0.0137 - acc: 0.9929    
1120/1460 [======================>.......] - ETA: 0s - loss: 0.0222 - acc: 0.9911
1460/1460 [==============================] - 0s 96us/step - loss: 0.0309 - acc: 0.9890 - val_loss: 0.0620 - val_acc: 0.9815
Epoch 10/30

  20/1460 [..............................] - ETA: 0s - loss: 0.3033 - acc: 0.9500
 540/1460 [==========>...................] - ETA: 0s - loss: 0.0289 - acc: 0.9907
1060/1460 [====================>.........] - ETA: 0s - loss: 0.0216 - acc: 0.9925
1460/1460 [==============================] - 0s 99us/step - loss: 0.0217 - acc: 0.9925 - val_loss: 0.1133 - val_acc: 0.9568
Epoch 11/30

  20/1460 [..............................] - ETA: 0s - loss: 0.0030 - acc: 1.0000
 600/1460 [===========>..................] - ETA: 0s - loss: 0.0178 - acc: 0.9950
1180/1460 [=======================>......] - ETA: 0s - loss: 0.0212 - acc: 0.9941
1460/1460 [==============================] - 0s 91us/step - loss: 0.0239 - acc: 0.9925 - val_loss: 0.0852 - val_acc: 0.9691
Epoch 12/30

  20/1460 [..............................] - ETA: 0s - loss: 0.0073 - acc: 1.0000
 480/1460 [========>.....................] - ETA: 0s - loss: 0.0100 - acc: 0.9979
1020/1460 [===================>..........] - ETA: 0s - loss: 0.0189 - acc: 0.9931
1460/1460 [==============================] - 0s 102us/step - loss: 0.0254 - acc: 0.9904 - val_loss: 0.1023 - val_acc: 0.9630
Epoch 13/30

  20/1460 [..............................] - ETA: 0s - loss: 0.0112 - acc: 1.0000
 560/1460 [==========>...................] - ETA: 0s - loss: 0.0205 - acc: 0.9929
1120/1460 [======================>.......] - ETA: 0s - loss: 0.0397 - acc: 0.9884
1460/1460 [==============================] - 0s 103us/step - loss: 0.0426 - acc: 0.9870 - val_loss: 0.1504 - val_acc: 0.9568
Epoch 14/30

  20/1460 [..............................] - ETA: 0s - loss: 0.0428 - acc: 0.9500
 560/1460 [==========>...................] - ETA: 0s - loss: 0.0451 - acc: 0.9857
1100/1460 [=====================>........] - ETA: 0s - loss: 0.0488 - acc: 0.9855
1460/1460 [==============================] - 0s 97us/step - loss: 0.0512 - acc: 0.9836 - val_loss: 0.1556 - val_acc: 0.9506
Epoch 15/30

  20/1460 [..............................] - ETA: 0s - loss: 0.0983 - acc: 0.9500
 580/1460 [==========>...................] - ETA: 0s - loss: 0.0474 - acc: 0.9810
1100/1460 [=====================>........] - ETA: 0s - loss: 0.0451 - acc: 0.9818
1460/1460 [==============================] - 0s 95us/step - loss: 0.0418 - acc: 0.9829 - val_loss: 0.0769 - val_acc: 0.9815
Epoch 16/30

  20/1460 [..............................] - ETA: 0s - loss: 0.0104 - acc: 1.0000
 580/1460 [==========>...................] - ETA: 0s - loss: 0.0484 - acc: 0.9862
1160/1460 [======================>.......] - ETA: 0s - loss: 0.0400 - acc: 0.9862
1460/1460 [==============================] - 0s 93us/step - loss: 0.0359 - acc: 0.9877 - val_loss: 0.1199 - val_acc: 0.9691
Epoch 17/30

  20/1460 [..............................] - ETA: 0s - loss: 0.2501 - acc: 0.9500
 500/1460 [=========>....................] - ETA: 0s - loss: 0.0188 - acc: 0.9960
1000/1460 [===================>..........] - ETA: 0s - loss: 0.0343 - acc: 0.9900
1460/1460 [==============================] - 0s 102us/step - loss: 0.0374 - acc: 0.9890 - val_loss: 0.1267 - val_acc: 0.9630
Epoch 18/30

  20/1460 [..............................] - ETA: 0s - loss: 0.0070 - acc: 1.0000
 580/1460 [==========>...................] - ETA: 0s - loss: 0.0304 - acc: 0.9897
1140/1460 [======================>.......] - ETA: 0s - loss: 0.0354 - acc: 0.9877
1460/1460 [==============================] - 0s 96us/step - loss: 0.0382 - acc: 0.9877 - val_loss: 0.1100 - val_acc: 0.9691
Epoch 19/30

  20/1460 [..............................] - ETA: 0s - loss: 0.0046 - acc: 1.0000
 540/1460 [==========>...................] - ETA: 0s - loss: 0.0246 - acc: 0.9944
1020/1460 [===================>..........] - ETA: 0s - loss: 0.0296 - acc: 0.9922
1460/1460 [==============================] - 0s 102us/step - loss: 0.0308 - acc: 0.9911 - val_loss: 0.1489 - val_acc: 0.9753
Epoch 20/30

  20/1460 [..............................] - ETA: 0s - loss: 0.0091 - acc: 1.0000
 600/1460 [===========>..................] - ETA: 0s - loss: 0.0166 - acc: 0.9933
1140/1460 [======================>.......] - ETA: 0s - loss: 0.0289 - acc: 0.9895
1460/1460 [==============================] - 0s 98us/step - loss: 0.0347 - acc: 0.9884 - val_loss: 0.1664 - val_acc: 0.9568
Epoch 21/30

  20/1460 [..............................] - ETA: 0s - loss: 0.0098 - acc: 1.0000
 580/1460 [==========>...................] - ETA: 0s - loss: 0.0235 - acc: 0.9931
1160/1460 [======================>.......] - ETA: 0s - loss: 0.0327 - acc: 0.9897
1460/1460 [==============================] - 0s 94us/step - loss: 0.0302 - acc: 0.9911 - val_loss: 0.1857 - val_acc: 0.9691
acc: 98.77%
Train on 1460 samples, validate on 162 samples
Epoch 1/30

  20/1460 [..............................] - ETA: 1:05 - loss: 0.6877 - acc: 0.5000
 540/1460 [==========>...................] - ETA: 1s - loss: 0.2985 - acc: 0.8685  
1100/1460 [=====================>........] - ETA: 0s - loss: 0.2164 - acc: 0.9145
1460/1460 [==============================] - 1s 793us/step - loss: 0.2021 - acc: 0.9233 - val_loss: 0.0965 - val_acc: 0.9753
Epoch 2/30

  20/1460 [..............................] - ETA: 0s - loss: 0.1101 - acc: 0.9500
 580/1460 [==========>...................] - ETA: 0s - loss: 0.0776 - acc: 0.9793
1160/1460 [======================>.......] - ETA: 0s - loss: 0.0780 - acc: 0.9776
1460/1460 [==============================] - 0s 92us/step - loss: 0.0801 - acc: 0.9774 - val_loss: 0.0825 - val_acc: 0.9691
Epoch 3/30

  20/1460 [..............................] - ETA: 0s - loss: 0.0100 - acc: 1.0000
 600/1460 [===========>..................] - ETA: 0s - loss: 0.0627 - acc: 0.9817
1160/1460 [======================>.......] - ETA: 0s - loss: 0.0727 - acc: 0.9776
1460/1460 [==============================] - 0s 91us/step - loss: 0.0706 - acc: 0.9781 - val_loss: 0.1058 - val_acc: 0.9630
Epoch 4/30

  20/1460 [..............................] - ETA: 0s - loss: 0.1031 - acc: 0.9500
 620/1460 [===========>..................] - ETA: 0s - loss: 0.0561 - acc: 0.9806
1160/1460 [======================>.......] - ETA: 0s - loss: 0.0636 - acc: 0.9776
1460/1460 [==============================] - 0s 92us/step - loss: 0.0588 - acc: 0.9801 - val_loss: 0.1432 - val_acc: 0.9568
Epoch 5/30

  20/1460 [..............................] - ETA: 0s - loss: 0.0249 - acc: 1.0000
 580/1460 [==========>...................] - ETA: 0s - loss: 0.0425 - acc: 0.9897
1040/1460 [====================>.........] - ETA: 0s - loss: 0.0415 - acc: 0.9894
1460/1460 [==============================] - 0s 102us/step - loss: 0.0469 - acc: 0.9877 - val_loss: 0.0544 - val_acc: 0.9815
Epoch 6/30

  20/1460 [..............................] - ETA: 0s - loss: 0.0105 - acc: 1.0000
 560/1460 [==========>...................] - ETA: 0s - loss: 0.0342 - acc: 0.9893
1120/1460 [======================>.......] - ETA: 0s - loss: 0.0472 - acc: 0.9893
1460/1460 [==============================] - 0s 97us/step - loss: 0.0484 - acc: 0.9870 - val_loss: 0.0721 - val_acc: 0.9691
Epoch 7/30

  20/1460 [..............................] - ETA: 0s - loss: 0.0118 - acc: 1.0000
 500/1460 [=========>....................] - ETA: 0s - loss: 0.0250 - acc: 0.9940
1060/1460 [====================>.........] - ETA: 0s - loss: 0.0262 - acc: 0.9943
1460/1460 [==============================] - 0s 101us/step - loss: 0.0451 - acc: 0.9904 - val_loss: 0.0977 - val_acc: 0.9691
Epoch 8/30

  20/1460 [..............................] - ETA: 0s - loss: 0.0375 - acc: 1.0000
 580/1460 [==========>...................] - ETA: 0s - loss: 0.0384 - acc: 0.9897
1140/1460 [======================>.......] - ETA: 0s - loss: 0.0329 - acc: 0.9886
1460/1460 [==============================] - 0s 94us/step - loss: 0.0347 - acc: 0.9890 - val_loss: 0.0763 - val_acc: 0.9691
Epoch 9/30

  20/1460 [..............................] - ETA: 0s - loss: 0.0031 - acc: 1.0000
 560/1460 [==========>...................] - ETA: 0s - loss: 0.0259 - acc: 0.9911
1120/1460 [======================>.......] - ETA: 0s - loss: 0.0256 - acc: 0.9911
1460/1460 [==============================] - 0s 96us/step - loss: 0.0319 - acc: 0.9904 - val_loss: 0.0635 - val_acc: 0.9815
Epoch 10/30

  20/1460 [..............................] - ETA: 0s - loss: 0.0128 - acc: 1.0000
 580/1460 [==========>...................] - ETA: 0s - loss: 0.0388 - acc: 0.9828
1120/1460 [======================>.......] - ETA: 0s - loss: 0.0318 - acc: 0.9884
1460/1460 [==============================] - 0s 101us/step - loss: 0.0338 - acc: 0.9890 - val_loss: 0.0768 - val_acc: 0.9630
Epoch 11/30

  20/1460 [..............................] - ETA: 0s - loss: 0.1618 - acc: 0.9500
 560/1460 [==========>...................] - ETA: 0s - loss: 0.0392 - acc: 0.9875
1120/1460 [======================>.......] - ETA: 0s - loss: 0.0395 - acc: 0.9866
1460/1460 [==============================] - 0s 100us/step - loss: 0.0515 - acc: 0.9829 - val_loss: 0.0979 - val_acc: 0.9506
Epoch 12/30

  20/1460 [..............................] - ETA: 0s - loss: 0.0034 - acc: 1.0000
 560/1460 [==========>...................] - ETA: 0s - loss: 0.0347 - acc: 0.9839
1040/1460 [====================>.........] - ETA: 0s - loss: 0.0535 - acc: 0.9798
1460/1460 [==============================] - 0s 102us/step - loss: 0.0620 - acc: 0.9781 - val_loss: 0.1423 - val_acc: 0.9444
Epoch 13/30

  20/1460 [..............................] - ETA: 0s - loss: 0.0033 - acc: 1.0000
 580/1460 [==========>...................] - ETA: 0s - loss: 0.0571 - acc: 0.9845
1140/1460 [======================>.......] - ETA: 0s - loss: 0.0582 - acc: 0.9798
1460/1460 [==============================] - 0s 94us/step - loss: 0.0564 - acc: 0.9822 - val_loss: 0.1062 - val_acc: 0.9753
Epoch 14/30

  20/1460 [..............................] - ETA: 0s - loss: 0.0089 - acc: 1.0000
 500/1460 [=========>....................] - ETA: 0s - loss: 0.0293 - acc: 0.9900
1060/1460 [====================>.........] - ETA: 0s - loss: 0.0379 - acc: 0.9877
1460/1460 [==============================] - 0s 99us/step - loss: 0.0390 - acc: 0.9863 - val_loss: 0.1381 - val_acc: 0.9444
Epoch 15/30

  20/1460 [..............................] - ETA: 0s - loss: 0.0016 - acc: 1.0000
 540/1460 [==========>...................] - ETA: 0s - loss: 0.0152 - acc: 0.9944
1060/1460 [====================>.........] - ETA: 0s - loss: 0.0445 - acc: 0.9858
1460/1460 [==============================] - 0s 105us/step - loss: 0.0426 - acc: 0.9863 - val_loss: 0.1341 - val_acc: 0.9630
Epoch 16/30

  20/1460 [..............................] - ETA: 0s - loss: 0.0250 - acc: 1.0000
 520/1460 [=========>....................] - ETA: 0s - loss: 0.0690 - acc: 0.9769
1000/1460 [===================>..........] - ETA: 0s - loss: 0.0567 - acc: 0.9800
1460/1460 [==============================] - 0s 107us/step - loss: 0.0483 - acc: 0.9822 - val_loss: 0.1563 - val_acc: 0.9568
Epoch 17/30

  20/1460 [..............................] - ETA: 0s - loss: 0.1057 - acc: 0.9500
 560/1460 [==========>...................] - ETA: 0s - loss: 0.0209 - acc: 0.9911
1060/1460 [====================>.........] - ETA: 0s - loss: 0.0332 - acc: 0.9868
1460/1460 [==============================] - 0s 101us/step - loss: 0.0378 - acc: 0.9870 - val_loss: 0.1734 - val_acc: 0.9568
Epoch 18/30

  20/1460 [..............................] - ETA: 0s - loss: 0.0154 - acc: 1.0000
 580/1460 [==========>...................] - ETA: 0s - loss: 0.0368 - acc: 0.9879
1120/1460 [======================>.......] - ETA: 0s - loss: 0.0436 - acc: 0.9857
1460/1460 [==============================] - 0s 96us/step - loss: 0.0472 - acc: 0.9836 - val_loss: 0.1567 - val_acc: 0.9630
Epoch 19/30

  20/1460 [..............................] - ETA: 0s - loss: 0.0383 - acc: 1.0000
 520/1460 [=========>....................] - ETA: 0s - loss: 0.0276 - acc: 0.9923
1020/1460 [===================>..........] - ETA: 0s - loss: 0.0263 - acc: 0.9892
1460/1460 [==============================] - 0s 103us/step - loss: 0.0378 - acc: 0.9870 - val_loss: 0.2057 - val_acc: 0.9321
Epoch 20/30

  20/1460 [..............................] - ETA: 0s - loss: 0.0186 - acc: 1.0000
 560/1460 [==========>...................] - ETA: 0s - loss: 0.0695 - acc: 0.9821
1120/1460 [======================>.......] - ETA: 0s - loss: 0.0624 - acc: 0.9839
1460/1460 [==============================] - 0s 99us/step - loss: 0.0600 - acc: 0.9836 - val_loss: 0.1107 - val_acc: 0.9630
Epoch 21/30

  20/1460 [..............................] - ETA: 0s - loss: 0.0026 - acc: 1.0000
 540/1460 [==========>...................] - ETA: 0s - loss: 0.0450 - acc: 0.9852
1080/1460 [=====================>........] - ETA: 0s - loss: 0.0484 - acc: 0.9833
1460/1460 [==============================] - 0s 99us/step - loss: 0.0488 - acc: 0.9836 - val_loss: 0.0834 - val_acc: 0.9753
acc: 98.15%
Train on 1460 samples, validate on 162 samples
Epoch 1/30

  20/1460 [..............................] - ETA: 1:13 - loss: 0.6428 - acc: 0.7000
 580/1460 [==========>...................] - ETA: 1s - loss: 0.3340 - acc: 0.8586  
1140/1460 [======================>.......] - ETA: 0s - loss: 0.2168 - acc: 0.9114
1460/1460 [==============================] - 1s 872us/step - loss: 0.2013 - acc: 0.9233 - val_loss: 0.0986 - val_acc: 0.9691
Epoch 2/30

  20/1460 [..............................] - ETA: 0s - loss: 0.0519 - acc: 1.0000
 520/1460 [=========>....................] - ETA: 0s - loss: 0.0708 - acc: 0.9731
1080/1460 [=====================>........] - ETA: 0s - loss: 0.0698 - acc: 0.9787
1460/1460 [==============================] - 0s 99us/step - loss: 0.0829 - acc: 0.9726 - val_loss: 0.1171 - val_acc: 0.9691
Epoch 3/30

  20/1460 [..............................] - ETA: 0s - loss: 0.0801 - acc: 0.9500
 520/1460 [=========>....................] - ETA: 0s - loss: 0.0581 - acc: 0.9769
1080/1460 [=====================>........] - ETA: 0s - loss: 0.0539 - acc: 0.9815
1460/1460 [==============================] - 0s 98us/step - loss: 0.0563 - acc: 0.9822 - val_loss: 0.1186 - val_acc: 0.9568
Epoch 4/30

  20/1460 [..............................] - ETA: 0s - loss: 0.0632 - acc: 0.9500
 580/1460 [==========>...................] - ETA: 0s - loss: 0.0480 - acc: 0.9810
1140/1460 [======================>.......] - ETA: 0s - loss: 0.0472 - acc: 0.9825
1460/1460 [==============================] - 0s 99us/step - loss: 0.0442 - acc: 0.9829 - val_loss: 0.1274 - val_acc: 0.9630
Epoch 5/30

  20/1460 [..............................] - ETA: 0s - loss: 0.0572 - acc: 0.9500
 580/1460 [==========>...................] - ETA: 0s - loss: 0.0296 - acc: 0.9879
1140/1460 [======================>.......] - ETA: 0s - loss: 0.0395 - acc: 0.9842
1460/1460 [==============================] - 0s 93us/step - loss: 0.0501 - acc: 0.9822 - val_loss: 0.1200 - val_acc: 0.9630
Epoch 6/30

  20/1460 [..............................] - ETA: 0s - loss: 0.1494 - acc: 0.9500
 600/1460 [===========>..................] - ETA: 0s - loss: 0.0441 - acc: 0.9883
1160/1460 [======================>.......] - ETA: 0s - loss: 0.0356 - acc: 0.9888
1460/1460 [==============================] - 0s 96us/step - loss: 0.0378 - acc: 0.9870 - val_loss: 0.1135 - val_acc: 0.9691
Epoch 7/30

  20/1460 [..............................] - ETA: 0s - loss: 0.0043 - acc: 1.0000
 580/1460 [==========>...................] - ETA: 0s - loss: 0.0255 - acc: 0.9897
1120/1460 [======================>.......] - ETA: 0s - loss: 0.0352 - acc: 0.9875
1460/1460 [==============================] - 0s 96us/step - loss: 0.0359 - acc: 0.9884 - val_loss: 0.1452 - val_acc: 0.9630
Epoch 8/30

  20/1460 [..............................] - ETA: 0s - loss: 0.2501 - acc: 0.9500
 560/1460 [==========>...................] - ETA: 0s - loss: 0.0198 - acc: 0.9982
1060/1460 [====================>.........] - ETA: 0s - loss: 0.0248 - acc: 0.9943
1460/1460 [==============================] - 0s 100us/step - loss: 0.0260 - acc: 0.9932 - val_loss: 0.1320 - val_acc: 0.9691
Epoch 9/30

  20/1460 [..............................] - ETA: 0s - loss: 0.0025 - acc: 1.0000
 540/1460 [==========>...................] - ETA: 0s - loss: 0.0101 - acc: 1.0000
1100/1460 [=====================>........] - ETA: 0s - loss: 0.0124 - acc: 0.9973
1440/1460 [============================>.] - ETA: 0s - loss: 0.0146 - acc: 0.9965
1460/1460 [==============================] - 0s 112us/step - loss: 0.0157 - acc: 0.9959 - val_loss: 0.1162 - val_acc: 0.9630
Epoch 10/30

  20/1460 [..............................] - ETA: 0s - loss: 0.0018 - acc: 1.0000
 520/1460 [=========>....................] - ETA: 0s - loss: 0.0172 - acc: 0.9942
1080/1460 [=====================>........] - ETA: 0s - loss: 0.0123 - acc: 0.9963
1460/1460 [==============================] - 0s 98us/step - loss: 0.0150 - acc: 0.9952 - val_loss: 0.1136 - val_acc: 0.9815
Epoch 11/30

  20/1460 [..............................] - ETA: 0s - loss: 0.0013 - acc: 1.0000
 560/1460 [==========>...................] - ETA: 0s - loss: 0.0083 - acc: 0.9982
1080/1460 [=====================>........] - ETA: 0s - loss: 0.0061 - acc: 0.9981
1420/1460 [============================>.] - ETA: 0s - loss: 0.0115 - acc: 0.9958
1460/1460 [==============================] - 0s 112us/step - loss: 0.0113 - acc: 0.9959 - val_loss: 0.0917 - val_acc: 0.9815
Epoch 12/30

  20/1460 [..............................] - ETA: 0s - loss: 0.0033 - acc: 1.0000
 520/1460 [=========>....................] - ETA: 0s - loss: 0.0107 - acc: 0.9962
1000/1460 [===================>..........] - ETA: 0s - loss: 0.0127 - acc: 0.9960
1460/1460 [==============================] - 0s 109us/step - loss: 0.0096 - acc: 0.9973 - val_loss: 0.1156 - val_acc: 0.9753
Epoch 13/30

  20/1460 [..............................] - ETA: 0s - loss: 0.0011 - acc: 1.0000
 480/1460 [========>.....................] - ETA: 0s - loss: 0.0035 - acc: 0.9979
 960/1460 [==================>...........] - ETA: 0s - loss: 0.0075 - acc: 0.9958
1460/1460 [==============================] - 0s 109us/step - loss: 0.0069 - acc: 0.9966 - val_loss: 0.1093 - val_acc: 0.9753
Epoch 14/30

  20/1460 [..............................] - ETA: 0s - loss: 0.0024 - acc: 1.0000
 560/1460 [==========>...................] - ETA: 0s - loss: 0.0033 - acc: 0.9982
1100/1460 [=====================>........] - ETA: 0s - loss: 0.0043 - acc: 0.9982
1460/1460 [==============================] - 0s 106us/step - loss: 0.0055 - acc: 0.9979 - val_loss: 0.1194 - val_acc: 0.9753
Epoch 15/30

  20/1460 [..............................] - ETA: 0s - loss: 6.9637e-04 - acc: 1.0000
 560/1460 [==========>...................] - ETA: 0s - loss: 0.0015 - acc: 1.0000    
1060/1460 [====================>.........] - ETA: 0s - loss: 0.0026 - acc: 1.0000
1460/1460 [==============================] - 0s 100us/step - loss: 0.0043 - acc: 0.9979 - val_loss: 0.1212 - val_acc: 0.9753
Epoch 16/30

  20/1460 [..............................] - ETA: 0s - loss: 0.0028 - acc: 1.0000
 560/1460 [==========>...................] - ETA: 0s - loss: 0.0038 - acc: 0.9982
1060/1460 [====================>.........] - ETA: 0s - loss: 0.0055 - acc: 0.9981
1460/1460 [==============================] - 0s 101us/step - loss: 0.0049 - acc: 0.9979 - val_loss: 0.1148 - val_acc: 0.9753
Epoch 17/30

  20/1460 [..............................] - ETA: 0s - loss: 1.3926e-04 - acc: 1.0000
 540/1460 [==========>...................] - ETA: 0s - loss: 0.0018 - acc: 1.0000    
1060/1460 [====================>.........] - ETA: 0s - loss: 0.0026 - acc: 1.0000
1460/1460 [==============================] - 0s 100us/step - loss: 0.0036 - acc: 0.9993 - val_loss: 0.1202 - val_acc: 0.9753
Epoch 18/30

  20/1460 [..............................] - ETA: 0s - loss: 0.0053 - acc: 1.0000
 500/1460 [=========>....................] - ETA: 0s - loss: 0.0016 - acc: 1.0000
1000/1460 [===================>..........] - ETA: 0s - loss: 0.0039 - acc: 0.9980
1460/1460 [==============================] - 0s 103us/step - loss: 0.0039 - acc: 0.9986 - val_loss: 0.1145 - val_acc: 0.9815
Epoch 19/30

  20/1460 [..............................] - ETA: 0s - loss: 2.1809e-04 - acc: 1.0000
 560/1460 [==========>...................] - ETA: 0s - loss: 0.0014 - acc: 1.0000    
1100/1460 [=====================>........] - ETA: 0s - loss: 0.0029 - acc: 0.9991
1460/1460 [==============================] - 0s 100us/step - loss: 0.0027 - acc: 0.9993 - val_loss: 0.1224 - val_acc: 0.9815
Epoch 20/30

  20/1460 [..............................] - ETA: 0s - loss: 0.0233 - acc: 1.0000
 560/1460 [==========>...................] - ETA: 0s - loss: 0.0025 - acc: 1.0000
1080/1460 [=====================>........] - ETA: 0s - loss: 0.0020 - acc: 1.0000
1460/1460 [==============================] - 0s 98us/step - loss: 0.0022 - acc: 1.0000 - val_loss: 0.1231 - val_acc: 0.9815
Epoch 21/30

  20/1460 [..............................] - ETA: 0s - loss: 1.1613e-04 - acc: 1.0000
 560/1460 [==========>...................] - ETA: 0s - loss: 0.0023 - acc: 1.0000    
1040/1460 [====================>.........] - ETA: 0s - loss: 0.0030 - acc: 1.0000
1460/1460 [==============================] - 0s 104us/step - loss: 0.0044 - acc: 0.9993 - val_loss: 0.1475 - val_acc: 0.9691
Epoch 22/30

  20/1460 [..............................] - ETA: 0s - loss: 6.2274e-04 - acc: 1.0000
 560/1460 [==========>...................] - ETA: 0s - loss: 0.0045 - acc: 0.9982    
1100/1460 [=====================>........] - ETA: 0s - loss: 0.0041 - acc: 0.9982
1460/1460 [==============================] - 0s 98us/step - loss: 0.0036 - acc: 0.9986 - val_loss: 0.1553 - val_acc: 0.9630
Epoch 23/30

  20/1460 [..............................] - ETA: 0s - loss: 9.0010e-05 - acc: 1.0000
 520/1460 [=========>....................] - ETA: 0s - loss: 5.7607e-04 - acc: 1.0000
1060/1460 [====================>.........] - ETA: 0s - loss: 0.0010 - acc: 1.0000    
1460/1460 [==============================] - 0s 102us/step - loss: 0.0040 - acc: 0.9993 - val_loss: 0.1308 - val_acc: 0.9691
Epoch 24/30

  20/1460 [..............................] - ETA: 0s - loss: 2.0432e-04 - acc: 1.0000
 540/1460 [==========>...................] - ETA: 0s - loss: 0.0045 - acc: 0.9981    
1100/1460 [=====================>........] - ETA: 0s - loss: 0.0043 - acc: 0.9991
1460/1460 [==============================] - 0s 99us/step - loss: 0.0045 - acc: 0.9986 - val_loss: 0.1454 - val_acc: 0.9691
Epoch 25/30

  20/1460 [..............................] - ETA: 0s - loss: 3.4334e-04 - acc: 1.0000
 500/1460 [=========>....................] - ETA: 0s - loss: 0.0044 - acc: 0.9980    
1040/1460 [====================>.........] - ETA: 0s - loss: 0.0180 - acc: 0.9971
1460/1460 [==============================] - 0s 102us/step - loss: 0.0143 - acc: 0.9979 - val_loss: 0.1608 - val_acc: 0.9630
Epoch 26/30

  20/1460 [..............................] - ETA: 0s - loss: 0.0011 - acc: 1.0000
 560/1460 [==========>...................] - ETA: 0s - loss: 0.0139 - acc: 0.9964
1100/1460 [=====================>........] - ETA: 0s - loss: 0.0129 - acc: 0.9973
1460/1460 [==============================] - 0s 100us/step - loss: 0.0108 - acc: 0.9979 - val_loss: 0.1540 - val_acc: 0.9630
acc: 98.15%
Train on 1460 samples, validate on 162 samples
Epoch 1/30

  20/1460 [..............................] - ETA: 1:19 - loss: 0.6746 - acc: 0.4000
 580/1460 [==========>...................] - ETA: 1s - loss: 0.3234 - acc: 0.8638  
1160/1460 [======================>.......] - ETA: 0s - loss: 0.2080 - acc: 0.9164
1460/1460 [==============================] - 1s 950us/step - loss: 0.1937 - acc: 0.9267 - val_loss: 0.0995 - val_acc: 0.9753
Epoch 2/30

  20/1460 [..............................] - ETA: 0s - loss: 0.0489 - acc: 1.0000
 540/1460 [==========>...................] - ETA: 0s - loss: 0.1003 - acc: 0.9685
1100/1460 [=====================>........] - ETA: 0s - loss: 0.0938 - acc: 0.9718
1460/1460 [==============================] - 0s 97us/step - loss: 0.0863 - acc: 0.9726 - val_loss: 0.0592 - val_acc: 0.9877
Epoch 3/30

  20/1460 [..............................] - ETA: 0s - loss: 0.3478 - acc: 0.9500
 560/1460 [==========>...................] - ETA: 0s - loss: 0.0633 - acc: 0.9839
1080/1460 [=====================>........] - ETA: 0s - loss: 0.0657 - acc: 0.9824
1460/1460 [==============================] - 0s 101us/step - loss: 0.0610 - acc: 0.9822 - val_loss: 0.0926 - val_acc: 0.9568
Epoch 4/30

  20/1460 [..............................] - ETA: 0s - loss: 0.0419 - acc: 1.0000
 580/1460 [==========>...................] - ETA: 0s - loss: 0.0405 - acc: 0.9914
1120/1460 [======================>.......] - ETA: 0s - loss: 0.0394 - acc: 0.9920
1460/1460 [==============================] - 0s 96us/step - loss: 0.0449 - acc: 0.9884 - val_loss: 0.0878 - val_acc: 0.9753
Epoch 5/30

  20/1460 [..............................] - ETA: 0s - loss: 0.0146 - acc: 1.0000
 580/1460 [==========>...................] - ETA: 0s - loss: 0.0273 - acc: 0.9914
 980/1460 [===================>..........] - ETA: 0s - loss: 0.0343 - acc: 0.9888
1460/1460 [==============================] - 0s 103us/step - loss: 0.0400 - acc: 0.9870 - val_loss: 0.0677 - val_acc: 0.9691
Epoch 6/30

  20/1460 [..............................] - ETA: 0s - loss: 0.0082 - acc: 1.0000
 560/1460 [==========>...................] - ETA: 0s - loss: 0.0221 - acc: 0.9929
1140/1460 [======================>.......] - ETA: 0s - loss: 0.0302 - acc: 0.9930
1460/1460 [==============================] - 0s 93us/step - loss: 0.0387 - acc: 0.9911 - val_loss: 0.0914 - val_acc: 0.9753
Epoch 7/30

  20/1460 [..............................] - ETA: 0s - loss: 0.0042 - acc: 1.0000
 540/1460 [==========>...................] - ETA: 0s - loss: 0.0182 - acc: 0.9944
1100/1460 [=====================>........] - ETA: 0s - loss: 0.0280 - acc: 0.9918
1460/1460 [==============================] - 0s 98us/step - loss: 0.0312 - acc: 0.9911 - val_loss: 0.0686 - val_acc: 0.9753
Epoch 8/30

  20/1460 [..............................] - ETA: 0s - loss: 0.0401 - acc: 1.0000
 520/1460 [=========>....................] - ETA: 0s - loss: 0.0409 - acc: 0.9885
1040/1460 [====================>.........] - ETA: 0s - loss: 0.0473 - acc: 0.9875
1460/1460 [==============================] - 0s 108us/step - loss: 0.0442 - acc: 0.9877 - val_loss: 0.1437 - val_acc: 0.9630
Epoch 9/30

  20/1460 [..............................] - ETA: 0s - loss: 0.0106 - acc: 1.0000
 460/1460 [========>.....................] - ETA: 0s - loss: 0.0652 - acc: 0.9739
 980/1460 [===================>..........] - ETA: 0s - loss: 0.0528 - acc: 0.9806
1460/1460 [==============================] - 0s 106us/step - loss: 0.0573 - acc: 0.9760 - val_loss: 0.1079 - val_acc: 0.9815
Epoch 10/30

  20/1460 [..............................] - ETA: 0s - loss: 0.0018 - acc: 1.0000
 540/1460 [==========>...................] - ETA: 0s - loss: 0.0594 - acc: 0.9833
1040/1460 [====================>.........] - ETA: 0s - loss: 0.0707 - acc: 0.9769
1460/1460 [==============================] - 0s 103us/step - loss: 0.0687 - acc: 0.9774 - val_loss: 0.1697 - val_acc: 0.9630
Epoch 11/30

  20/1460 [..............................] - ETA: 0s - loss: 0.0019 - acc: 1.0000
 560/1460 [==========>...................] - ETA: 0s - loss: 0.0529 - acc: 0.9821
1100/1460 [=====================>........] - ETA: 0s - loss: 0.0505 - acc: 0.9809
1460/1460 [==============================] - 0s 97us/step - loss: 0.0504 - acc: 0.9829 - val_loss: 0.0942 - val_acc: 0.9815
Epoch 12/30

  20/1460 [..............................] - ETA: 0s - loss: 0.0181 - acc: 1.0000
 480/1460 [========>.....................] - ETA: 0s - loss: 0.0250 - acc: 0.9896
1000/1460 [===================>..........] - ETA: 0s - loss: 0.0280 - acc: 0.9920
1460/1460 [==============================] - 0s 104us/step - loss: 0.0398 - acc: 0.9870 - val_loss: 0.0875 - val_acc: 0.9753
Epoch 13/30

  20/1460 [..............................] - ETA: 0s - loss: 0.0030 - acc: 1.0000
 520/1460 [=========>....................] - ETA: 0s - loss: 0.0475 - acc: 0.9808
1020/1460 [===================>..........] - ETA: 0s - loss: 0.0368 - acc: 0.9873
1460/1460 [==============================] - 0s 108us/step - loss: 0.0397 - acc: 0.9856 - val_loss: 0.1038 - val_acc: 0.9630
Epoch 14/30

  20/1460 [..............................] - ETA: 0s - loss: 0.0015 - acc: 1.0000
 540/1460 [==========>...................] - ETA: 0s - loss: 0.0211 - acc: 0.9944
1060/1460 [====================>.........] - ETA: 0s - loss: 0.0379 - acc: 0.9887
1460/1460 [==============================] - 0s 102us/step - loss: 0.0384 - acc: 0.9870 - val_loss: 0.0879 - val_acc: 0.9877
Epoch 15/30

  20/1460 [..............................] - ETA: 0s - loss: 0.0046 - acc: 1.0000
 560/1460 [==========>...................] - ETA: 0s - loss: 0.0318 - acc: 0.9893
1020/1460 [===================>..........] - ETA: 0s - loss: 0.0270 - acc: 0.9922
1460/1460 [==============================] - 0s 104us/step - loss: 0.0328 - acc: 0.9897 - val_loss: 0.0776 - val_acc: 0.9815
Epoch 16/30

  20/1460 [..............................] - ETA: 0s - loss: 0.0055 - acc: 1.0000
 560/1460 [==========>...................] - ETA: 0s - loss: 0.0314 - acc: 0.9875
1100/1460 [=====================>........] - ETA: 0s - loss: 0.0286 - acc: 0.9891
1460/1460 [==============================] - 0s 98us/step - loss: 0.0366 - acc: 0.9877 - val_loss: 0.1179 - val_acc: 0.9568
Epoch 17/30

  20/1460 [..............................] - ETA: 0s - loss: 0.0217 - acc: 1.0000
 460/1460 [========>.....................] - ETA: 0s - loss: 0.0118 - acc: 0.9978
 960/1460 [==================>...........] - ETA: 0s - loss: 0.0198 - acc: 0.9937
1460/1460 [==============================] - 0s 110us/step - loss: 0.0408 - acc: 0.9890 - val_loss: 0.0961 - val_acc: 0.9753
Epoch 18/30

  20/1460 [..............................] - ETA: 0s - loss: 0.0049 - acc: 1.0000
 540/1460 [==========>...................] - ETA: 0s - loss: 0.0494 - acc: 0.9833
1060/1460 [====================>.........] - ETA: 0s - loss: 0.0386 - acc: 0.9877
1460/1460 [==============================] - 0s 106us/step - loss: 0.0450 - acc: 0.9856 - val_loss: 0.1146 - val_acc: 0.9691
Epoch 19/30

  20/1460 [..............................] - ETA: 0s - loss: 0.0082 - acc: 1.0000
 560/1460 [==========>...................] - ETA: 0s - loss: 0.0330 - acc: 0.9964
1060/1460 [====================>.........] - ETA: 0s - loss: 0.0315 - acc: 0.9953
1460/1460 [==============================] - 0s 101us/step - loss: 0.0323 - acc: 0.9918 - val_loss: 0.1173 - val_acc: 0.9691
Epoch 20/30

  20/1460 [..............................] - ETA: 0s - loss: 0.0101 - acc: 1.0000
 560/1460 [==========>...................] - ETA: 0s - loss: 0.0470 - acc: 0.9875
1020/1460 [===================>..........] - ETA: 0s - loss: 0.0359 - acc: 0.9873
1460/1460 [==============================] - 0s 103us/step - loss: 0.0335 - acc: 0.9877 - val_loss: 0.1151 - val_acc: 0.9691
Epoch 21/30

  20/1460 [..............................] - ETA: 0s - loss: 0.0063 - acc: 1.0000
 440/1460 [========>.....................] - ETA: 0s - loss: 0.0150 - acc: 0.9977
 980/1460 [===================>..........] - ETA: 0s - loss: 0.0331 - acc: 0.9908
1460/1460 [==============================] - 0s 108us/step - loss: 0.0296 - acc: 0.9911 - val_loss: 0.1000 - val_acc: 0.9630
Epoch 22/30

  20/1460 [..............................] - ETA: 0s - loss: 0.0241 - acc: 1.0000
 480/1460 [========>.....................] - ETA: 0s - loss: 0.0266 - acc: 0.9917
 960/1460 [==================>...........] - ETA: 0s - loss: 0.0253 - acc: 0.9917
1460/1460 [==============================] - 0s 109us/step - loss: 0.0331 - acc: 0.9890 - val_loss: 0.1168 - val_acc: 0.9630
Epoch 23/30

  20/1460 [..............................] - ETA: 0s - loss: 0.0092 - acc: 1.0000
 540/1460 [==========>...................] - ETA: 0s - loss: 0.0307 - acc: 0.9833
1020/1460 [===================>..........] - ETA: 0s - loss: 0.0470 - acc: 0.9794
1460/1460 [==============================] - 0s 109us/step - loss: 0.0476 - acc: 0.9788 - val_loss: 0.1278 - val_acc: 0.9630
Epoch 24/30

  20/1460 [..............................] - ETA: 0s - loss: 0.0123 - acc: 1.0000
 540/1460 [==========>...................] - ETA: 0s - loss: 0.0312 - acc: 0.9870
1080/1460 [=====================>........] - ETA: 0s - loss: 0.0455 - acc: 0.9889
1460/1460 [==============================] - 0s 99us/step - loss: 0.0434 - acc: 0.9863 - val_loss: 0.1299 - val_acc: 0.9753
Epoch 25/30

  20/1460 [..............................] - ETA: 0s - loss: 0.0029 - acc: 1.0000
 420/1460 [=======>......................] - ETA: 0s - loss: 0.0376 - acc: 0.9881
 920/1460 [=================>............] - ETA: 0s - loss: 0.0403 - acc: 0.9870
1460/1460 [==============================] - 0s 110us/step - loss: 0.0529 - acc: 0.9829 - val_loss: 0.1305 - val_acc: 0.9753
Epoch 26/30

  20/1460 [..............................] - ETA: 0s - loss: 0.1252 - acc: 0.9500
 540/1460 [==========>...................] - ETA: 0s - loss: 0.0500 - acc: 0.9870
1060/1460 [====================>.........] - ETA: 0s - loss: 0.0500 - acc: 0.9840
1460/1460 [==============================] - 0s 106us/step - loss: 0.0461 - acc: 0.9863 - val_loss: 0.0841 - val_acc: 0.9753
Epoch 27/30

  20/1460 [..............................] - ETA: 0s - loss: 0.0030 - acc: 1.0000
 500/1460 [=========>....................] - ETA: 0s - loss: 0.0170 - acc: 0.9980
1020/1460 [===================>..........] - ETA: 0s - loss: 0.0197 - acc: 0.9971
1460/1460 [==============================] - 0s 105us/step - loss: 0.0301 - acc: 0.9932 - val_loss: 0.1132 - val_acc: 0.9691
Epoch 28/30

  20/1460 [..............................] - ETA: 0s - loss: 0.0016 - acc: 1.0000
 520/1460 [=========>....................] - ETA: 0s - loss: 0.0282 - acc: 0.9904
 960/1460 [==================>...........] - ETA: 0s - loss: 0.0230 - acc: 0.9927
1460/1460 [==============================] - 0s 109us/step - loss: 0.0362 - acc: 0.9890 - val_loss: 0.1746 - val_acc: 0.9383
Epoch 29/30

  20/1460 [..............................] - ETA: 0s - loss: 3.0916e-04 - acc: 1.0000
 560/1460 [==========>...................] - ETA: 0s - loss: 0.0283 - acc: 0.9875    
1100/1460 [=====================>........] - ETA: 0s - loss: 0.0352 - acc: 0.9827
1460/1460 [==============================] - 0s 99us/step - loss: 0.0349 - acc: 0.9842 - val_loss: 0.1392 - val_acc: 0.9753
Epoch 30/30

  20/1460 [..............................] - ETA: 0s - loss: 3.3322e-04 - acc: 1.0000
 480/1460 [========>.....................] - ETA: 0s - loss: 0.0292 - acc: 0.9937    
 960/1460 [==================>...........] - ETA: 0s - loss: 0.0272 - acc: 0.9917
1460/1460 [==============================] - 0s 109us/step - loss: 0.0367 - acc: 0.9870 - val_loss: 0.1132 - val_acc: 0.9815
acc: 98.77%
Train on 1460 samples, validate on 162 samples
Epoch 1/30

  20/1460 [..............................] - ETA: 1:28 - loss: 0.7069 - acc: 0.5000
 560/1460 [==========>...................] - ETA: 2s - loss: 0.2868 - acc: 0.8857  
1100/1460 [=====================>........] - ETA: 0s - loss: 0.2115 - acc: 0.9182
1460/1460 [==============================] - 2s 1ms/step - loss: 0.1960 - acc: 0.9260 - val_loss: 0.1178 - val_acc: 0.9568
Epoch 2/30

  20/1460 [..............................] - ETA: 0s - loss: 0.1116 - acc: 0.9500
 540/1460 [==========>...................] - ETA: 0s - loss: 0.0655 - acc: 0.9741
1020/1460 [===================>..........] - ETA: 0s - loss: 0.0852 - acc: 0.9657
1460/1460 [==============================] - 0s 109us/step - loss: 0.0861 - acc: 0.9685 - val_loss: 0.0947 - val_acc: 0.9691
Epoch 3/30

  20/1460 [..............................] - ETA: 0s - loss: 0.0358 - acc: 1.0000
 560/1460 [==========>...................] - ETA: 0s - loss: 0.0707 - acc: 0.9732
1080/1460 [=====================>........] - ETA: 0s - loss: 0.0721 - acc: 0.9759
1460/1460 [==============================] - 0s 99us/step - loss: 0.0759 - acc: 0.9753 - val_loss: 0.0797 - val_acc: 0.9815
Epoch 4/30

  20/1460 [..............................] - ETA: 0s - loss: 0.0306 - acc: 1.0000
 540/1460 [==========>...................] - ETA: 0s - loss: 0.0578 - acc: 0.9796
1100/1460 [=====================>........] - ETA: 0s - loss: 0.0489 - acc: 0.9827
1460/1460 [==============================] - 0s 96us/step - loss: 0.0560 - acc: 0.9815 - val_loss: 0.1041 - val_acc: 0.9568
Epoch 5/30

  20/1460 [..............................] - ETA: 0s - loss: 0.0033 - acc: 1.0000
 580/1460 [==========>...................] - ETA: 0s - loss: 0.0377 - acc: 0.9879
1160/1460 [======================>.......] - ETA: 0s - loss: 0.0450 - acc: 0.9862
1460/1460 [==============================] - 0s 95us/step - loss: 0.0614 - acc: 0.9801 - val_loss: 0.1852 - val_acc: 0.9383
Epoch 6/30

  20/1460 [..............................] - ETA: 0s - loss: 0.0100 - acc: 1.0000
 540/1460 [==========>...................] - ETA: 0s - loss: 0.0482 - acc: 0.9833
1120/1460 [======================>.......] - ETA: 0s - loss: 0.0518 - acc: 0.9839
1460/1460 [==============================] - 0s 97us/step - loss: 0.0560 - acc: 0.9815 - val_loss: 0.0697 - val_acc: 0.9753
Epoch 7/30

  20/1460 [..............................] - ETA: 0s - loss: 0.1480 - acc: 0.9500
 560/1460 [==========>...................] - ETA: 0s - loss: 0.0232 - acc: 0.9946
1100/1460 [=====================>........] - ETA: 0s - loss: 0.0448 - acc: 0.9855
1460/1460 [==============================] - 0s 101us/step - loss: 0.0427 - acc: 0.9863 - val_loss: 0.1081 - val_acc: 0.9568
Epoch 8/30

  20/1460 [..............................] - ETA: 0s - loss: 0.0299 - acc: 1.0000
 560/1460 [==========>...................] - ETA: 0s - loss: 0.0361 - acc: 0.9839
1100/1460 [=====================>........] - ETA: 0s - loss: 0.0379 - acc: 0.9855
1460/1460 [==============================] - 0s 100us/step - loss: 0.0445 - acc: 0.9842 - val_loss: 0.1117 - val_acc: 0.9630
Epoch 9/30

  20/1460 [..............................] - ETA: 0s - loss: 0.0164 - acc: 1.0000
 540/1460 [==========>...................] - ETA: 0s - loss: 0.0487 - acc: 0.9870
1040/1460 [====================>.........] - ETA: 0s - loss: 0.0536 - acc: 0.9837
1460/1460 [==============================] - 0s 99us/step - loss: 0.0554 - acc: 0.9842 - val_loss: 0.1318 - val_acc: 0.9753
Epoch 10/30

  20/1460 [..............................] - ETA: 0s - loss: 0.0068 - acc: 1.0000
 600/1460 [===========>..................] - ETA: 0s - loss: 0.0317 - acc: 0.9900
1180/1460 [=======================>......] - ETA: 0s - loss: 0.0453 - acc: 0.9847
1460/1460 [==============================] - 0s 92us/step - loss: 0.0484 - acc: 0.9842 - val_loss: 0.1074 - val_acc: 0.9753
Epoch 11/30

  20/1460 [..............................] - ETA: 0s - loss: 0.0114 - acc: 1.0000
 580/1460 [==========>...................] - ETA: 0s - loss: 0.0399 - acc: 0.9879
1080/1460 [=====================>........] - ETA: 0s - loss: 0.0543 - acc: 0.9833
1460/1460 [==============================] - 0s 101us/step - loss: 0.0615 - acc: 0.9836 - val_loss: 0.1559 - val_acc: 0.9691
Epoch 12/30

  20/1460 [..............................] - ETA: 0s - loss: 0.0273 - acc: 1.0000
 580/1460 [==========>...................] - ETA: 0s - loss: 0.0516 - acc: 0.9897
1080/1460 [=====================>........] - ETA: 0s - loss: 0.0504 - acc: 0.9861
1460/1460 [==============================] - 0s 100us/step - loss: 0.0495 - acc: 0.9856 - val_loss: 0.1054 - val_acc: 0.9691
Epoch 13/30

  20/1460 [..............................] - ETA: 0s - loss: 0.0094 - acc: 1.0000
 440/1460 [========>.....................] - ETA: 0s - loss: 0.0387 - acc: 0.9886
 960/1460 [==================>...........] - ETA: 0s - loss: 0.0442 - acc: 0.9865
1460/1460 [==============================] - 0s 108us/step - loss: 0.0441 - acc: 0.9849 - val_loss: 0.0831 - val_acc: 0.9753
Epoch 14/30

  20/1460 [..............................] - ETA: 0s - loss: 0.0520 - acc: 0.9500
 520/1460 [=========>....................] - ETA: 0s - loss: 0.0187 - acc: 0.9923
1020/1460 [===================>..........] - ETA: 0s - loss: 0.0284 - acc: 0.9912
1460/1460 [==============================] - 0s 105us/step - loss: 0.0314 - acc: 0.9904 - val_loss: 0.1165 - val_acc: 0.9753
Epoch 15/30

  20/1460 [..............................] - ETA: 0s - loss: 0.1853 - acc: 0.9500
 540/1460 [==========>...................] - ETA: 0s - loss: 0.0258 - acc: 0.9926
1060/1460 [====================>.........] - ETA: 0s - loss: 0.0180 - acc: 0.9934
1460/1460 [==============================] - 0s 101us/step - loss: 0.0209 - acc: 0.9911 - val_loss: 0.1459 - val_acc: 0.9691
Epoch 16/30

  20/1460 [..............................] - ETA: 0s - loss: 0.0078 - acc: 1.0000
 560/1460 [==========>...................] - ETA: 0s - loss: 0.0269 - acc: 0.9893
 980/1460 [===================>..........] - ETA: 0s - loss: 0.0249 - acc: 0.9908
1460/1460 [==============================] - 0s 107us/step - loss: 0.0250 - acc: 0.9925 - val_loss: 0.1910 - val_acc: 0.9568
Epoch 17/30

  20/1460 [..............................] - ETA: 0s - loss: 0.0047 - acc: 1.0000
 540/1460 [==========>...................] - ETA: 0s - loss: 0.0188 - acc: 0.9926
1040/1460 [====================>.........] - ETA: 0s - loss: 0.0190 - acc: 0.9933
1460/1460 [==============================] - 0s 106us/step - loss: 0.0208 - acc: 0.9938 - val_loss: 0.1796 - val_acc: 0.9630
Epoch 18/30

  20/1460 [..............................] - ETA: 0s - loss: 0.0023 - acc: 1.0000
 540/1460 [==========>...................] - ETA: 0s - loss: 0.0269 - acc: 0.9907
1040/1460 [====================>.........] - ETA: 0s - loss: 0.0200 - acc: 0.9942
1460/1460 [==============================] - 0s 104us/step - loss: 0.0191 - acc: 0.9945 - val_loss: 0.2006 - val_acc: 0.9568
Epoch 19/30

  20/1460 [..............................] - ETA: 0s - loss: 0.0043 - acc: 1.0000
 520/1460 [=========>....................] - ETA: 0s - loss: 0.0162 - acc: 0.9942
 960/1460 [==================>...........] - ETA: 0s - loss: 0.0126 - acc: 0.9958
1460/1460 [==============================] - 0s 111us/step - loss: 0.0186 - acc: 0.9952 - val_loss: 0.2319 - val_acc: 0.9506
acc: 98.15%
Train on 1461 samples, validate on 161 samples
Epoch 1/30

  20/1461 [..............................] - ETA: 1:41 - loss: 0.7605 - acc: 0.2500
 560/1461 [==========>...................] - ETA: 2s - loss: 0.3876 - acc: 0.8232  
1120/1461 [=====================>........] - ETA: 0s - loss: 0.2514 - acc: 0.8884
1461/1461 [==============================] - 2s 1ms/step - loss: 0.2229 - acc: 0.9055 - val_loss: 0.0494 - val_acc: 0.9814
Epoch 2/30

  20/1461 [..............................] - ETA: 0s - loss: 0.0538 - acc: 1.0000
 500/1461 [=========>....................] - ETA: 0s - loss: 0.0865 - acc: 0.9680
1020/1461 [===================>..........] - ETA: 0s - loss: 0.0829 - acc: 0.9696
1461/1461 [==============================] - 0s 102us/step - loss: 0.0837 - acc: 0.9706 - val_loss: 0.0410 - val_acc: 0.9876
Epoch 3/30

  20/1461 [..............................] - ETA: 0s - loss: 0.0554 - acc: 0.9500
 560/1461 [==========>...................] - ETA: 0s - loss: 0.0672 - acc: 0.9804
1040/1461 [====================>.........] - ETA: 0s - loss: 0.0581 - acc: 0.9846
1461/1461 [==============================] - 0s 103us/step - loss: 0.0570 - acc: 0.9822 - val_loss: 0.0480 - val_acc: 0.9752
Epoch 4/30

  20/1461 [..............................] - ETA: 0s - loss: 0.0202 - acc: 1.0000
 540/1461 [==========>...................] - ETA: 0s - loss: 0.0310 - acc: 0.9889
1040/1461 [====================>.........] - ETA: 0s - loss: 0.0373 - acc: 0.9865
1461/1461 [==============================] - 0s 104us/step - loss: 0.0476 - acc: 0.9836 - val_loss: 0.0386 - val_acc: 0.9876
Epoch 5/30

  20/1461 [..............................] - ETA: 0s - loss: 0.0051 - acc: 1.0000
 440/1461 [========>.....................] - ETA: 0s - loss: 0.0618 - acc: 0.9773
 960/1461 [==================>...........] - ETA: 0s - loss: 0.0499 - acc: 0.9823
1461/1461 [==============================] - 0s 108us/step - loss: 0.0432 - acc: 0.9849 - val_loss: 0.0314 - val_acc: 0.9876
Epoch 6/30

  20/1461 [..............................] - ETA: 0s - loss: 0.0061 - acc: 1.0000
 580/1461 [==========>...................] - ETA: 0s - loss: 0.0730 - acc: 0.9793
1120/1461 [=====================>........] - ETA: 0s - loss: 0.0663 - acc: 0.9786
1461/1461 [==============================] - 0s 102us/step - loss: 0.0590 - acc: 0.9808 - val_loss: 0.0309 - val_acc: 0.9938
Epoch 7/30

  20/1461 [..............................] - ETA: 0s - loss: 0.0065 - acc: 1.0000
 560/1461 [==========>...................] - ETA: 0s - loss: 0.0732 - acc: 0.9786
1120/1461 [=====================>........] - ETA: 0s - loss: 0.0782 - acc: 0.9696
1461/1461 [==============================] - 0s 97us/step - loss: 0.0692 - acc: 0.9747 - val_loss: 0.0502 - val_acc: 0.9876
Epoch 8/30

  20/1461 [..............................] - ETA: 0s - loss: 0.0215 - acc: 1.0000
 560/1461 [==========>...................] - ETA: 0s - loss: 0.0460 - acc: 0.9839
1060/1461 [====================>.........] - ETA: 0s - loss: 0.0458 - acc: 0.9849
1461/1461 [==============================] - 0s 101us/step - loss: 0.0493 - acc: 0.9829 - val_loss: 0.0414 - val_acc: 0.9876
Epoch 9/30

  20/1461 [..............................] - ETA: 0s - loss: 0.0106 - acc: 1.0000
 520/1461 [=========>....................] - ETA: 0s - loss: 0.0592 - acc: 0.9846
1080/1461 [=====================>........] - ETA: 0s - loss: 0.0565 - acc: 0.9806
1461/1461 [==============================] - 0s 100us/step - loss: 0.0573 - acc: 0.9808 - val_loss: 0.0827 - val_acc: 0.9689
Epoch 10/30

  20/1461 [..............................] - ETA: 0s - loss: 0.0155 - acc: 1.0000
 520/1461 [=========>....................] - ETA: 0s - loss: 0.0403 - acc: 0.9885
1040/1461 [====================>.........] - ETA: 0s - loss: 0.0290 - acc: 0.9904
1461/1461 [==============================] - 0s 103us/step - loss: 0.0323 - acc: 0.9911 - val_loss: 0.1013 - val_acc: 0.9627
Epoch 11/30

  20/1461 [..............................] - ETA: 0s - loss: 0.0079 - acc: 1.0000
 540/1461 [==========>...................] - ETA: 0s - loss: 0.0445 - acc: 0.9852
1080/1461 [=====================>........] - ETA: 0s - loss: 0.0377 - acc: 0.9898
1461/1461 [==============================] - 0s 102us/step - loss: 0.0395 - acc: 0.9904 - val_loss: 0.0283 - val_acc: 0.9876
Epoch 12/30

  20/1461 [..............................] - ETA: 0s - loss: 0.0490 - acc: 0.9500
 500/1461 [=========>....................] - ETA: 0s - loss: 0.0483 - acc: 0.9820
1060/1461 [====================>.........] - ETA: 0s - loss: 0.0415 - acc: 0.9849
1461/1461 [==============================] - 0s 101us/step - loss: 0.0484 - acc: 0.9843 - val_loss: 0.0433 - val_acc: 0.9752
Epoch 13/30

  20/1461 [..............................] - ETA: 0s - loss: 0.0296 - acc: 1.0000
 600/1461 [===========>..................] - ETA: 0s - loss: 0.0551 - acc: 0.9833
1120/1461 [=====================>........] - ETA: 0s - loss: 0.0448 - acc: 0.9839
1461/1461 [==============================] - 0s 98us/step - loss: 0.0507 - acc: 0.9829 - val_loss: 0.0496 - val_acc: 0.9752
Epoch 14/30

  20/1461 [..............................] - ETA: 0s - loss: 0.0875 - acc: 0.9500
 580/1461 [==========>...................] - ETA: 0s - loss: 0.0309 - acc: 0.9862
1120/1461 [=====================>........] - ETA: 0s - loss: 0.0420 - acc: 0.9830
1461/1461 [==============================] - 0s 98us/step - loss: 0.0436 - acc: 0.9829 - val_loss: 0.0434 - val_acc: 0.9876
Epoch 15/30

  20/1461 [..............................] - ETA: 0s - loss: 0.0881 - acc: 0.9500
 540/1461 [==========>...................] - ETA: 0s - loss: 0.0274 - acc: 0.9926
1000/1461 [===================>..........] - ETA: 0s - loss: 0.0475 - acc: 0.9850
1461/1461 [==============================] - 0s 107us/step - loss: 0.0481 - acc: 0.9829 - val_loss: 0.0546 - val_acc: 0.9876
Epoch 16/30

  20/1461 [..............................] - ETA: 0s - loss: 0.0027 - acc: 1.0000
 520/1461 [=========>....................] - ETA: 0s - loss: 0.0152 - acc: 0.9962
1040/1461 [====================>.........] - ETA: 0s - loss: 0.0322 - acc: 0.9875
1461/1461 [==============================] - 0s 105us/step - loss: 0.0317 - acc: 0.9884 - val_loss: 0.0633 - val_acc: 0.9752
Epoch 17/30

  20/1461 [..............................] - ETA: 0s - loss: 0.0220 - acc: 1.0000
 560/1461 [==========>...................] - ETA: 0s - loss: 0.0326 - acc: 0.9929
1100/1461 [=====================>........] - ETA: 0s - loss: 0.0312 - acc: 0.9891
1461/1461 [==============================] - 0s 99us/step - loss: 0.0315 - acc: 0.9890 - val_loss: 0.0349 - val_acc: 0.9814
Epoch 18/30

  20/1461 [..............................] - ETA: 0s - loss: 0.0147 - acc: 1.0000
 560/1461 [==========>...................] - ETA: 0s - loss: 0.0318 - acc: 0.9911
1060/1461 [====================>.........] - ETA: 0s - loss: 0.0381 - acc: 0.9906
1461/1461 [==============================] - 0s 105us/step - loss: 0.0417 - acc: 0.9897 - val_loss: 0.0752 - val_acc: 0.9752
Epoch 19/30

  20/1461 [..............................] - ETA: 0s - loss: 0.0059 - acc: 1.0000
 560/1461 [==========>...................] - ETA: 0s - loss: 0.0255 - acc: 0.9911
1080/1461 [=====================>........] - ETA: 0s - loss: 0.0321 - acc: 0.9889
1461/1461 [==============================] - 0s 101us/step - loss: 0.0301 - acc: 0.9904 - val_loss: 0.1167 - val_acc: 0.9689
Epoch 20/30

  20/1461 [..............................] - ETA: 0s - loss: 0.1864 - acc: 0.9500
 500/1461 [=========>....................] - ETA: 0s - loss: 0.0238 - acc: 0.9920
 980/1461 [===================>..........] - ETA: 0s - loss: 0.0198 - acc: 0.9939
1461/1461 [==============================] - 0s 109us/step - loss: 0.0308 - acc: 0.9918 - val_loss: 0.0766 - val_acc: 0.9752
Epoch 21/30

  20/1461 [..............................] - ETA: 0s - loss: 0.0039 - acc: 1.0000
 540/1461 [==========>...................] - ETA: 0s - loss: 0.0244 - acc: 0.9926
1040/1461 [====================>.........] - ETA: 0s - loss: 0.0251 - acc: 0.9923
1461/1461 [==============================] - 0s 106us/step - loss: 0.0301 - acc: 0.9904 - val_loss: 0.0705 - val_acc: 0.9876
Epoch 22/30

  20/1461 [..............................] - ETA: 0s - loss: 0.0089 - acc: 1.0000
 540/1461 [==========>...................] - ETA: 0s - loss: 0.0307 - acc: 0.9870
1100/1461 [=====================>........] - ETA: 0s - loss: 0.0366 - acc: 0.9855
1461/1461 [==============================] - 0s 100us/step - loss: 0.0328 - acc: 0.9884 - val_loss: 0.0889 - val_acc: 0.9752
acc: 99.38%
Accuracy: 98.09% (+/- 0.69%)
