Train on 1505 samples, validate on 117 samples
Epoch 1/30

  20/1505 [..............................] - ETA: 50s - loss: 0.6822 - acc: 0.6000
 420/1505 [=======>......................] - ETA: 1s - loss: 0.4945 - acc: 0.7619 
 840/1505 [===============>..............] - ETA: 0s - loss: 0.3430 - acc: 0.8560
1240/1505 [=======================>......] - ETA: 0s - loss: 0.2642 - acc: 0.8935
1505/1505 [==============================] - 1s 629us/step - loss: 0.2310 - acc: 0.9090 - val_loss: 0.0892 - val_acc: 0.9487
Epoch 2/30

  20/1505 [..............................] - ETA: 0s - loss: 0.0230 - acc: 1.0000
 420/1505 [=======>......................] - ETA: 0s - loss: 0.0643 - acc: 0.9810
 840/1505 [===============>..............] - ETA: 0s - loss: 0.0548 - acc: 0.9857
1260/1505 [========================>.....] - ETA: 0s - loss: 0.0543 - acc: 0.9881
1505/1505 [==============================] - 0s 127us/step - loss: 0.0500 - acc: 0.9900 - val_loss: 0.0839 - val_acc: 0.9573
Epoch 3/30

  20/1505 [..............................] - ETA: 0s - loss: 0.0081 - acc: 1.0000
 440/1505 [=======>......................] - ETA: 0s - loss: 0.0200 - acc: 0.9977
 860/1505 [================>.............] - ETA: 0s - loss: 0.0281 - acc: 0.9942
1300/1505 [========================>.....] - ETA: 0s - loss: 0.0246 - acc: 0.9954
1505/1505 [==============================] - 0s 125us/step - loss: 0.0238 - acc: 0.9953 - val_loss: 0.0661 - val_acc: 0.9658
Epoch 4/30

  20/1505 [..............................] - ETA: 0s - loss: 0.0090 - acc: 1.0000
 460/1505 [========>.....................] - ETA: 0s - loss: 0.0177 - acc: 0.9957
 880/1505 [================>.............] - ETA: 0s - loss: 0.0149 - acc: 0.9977
1300/1505 [========================>.....] - ETA: 0s - loss: 0.0128 - acc: 0.9985
1505/1505 [==============================] - 0s 126us/step - loss: 0.0140 - acc: 0.9980 - val_loss: 0.0396 - val_acc: 0.9915
Epoch 5/30

  20/1505 [..............................] - ETA: 0s - loss: 0.0343 - acc: 1.0000
 440/1505 [=======>......................] - ETA: 0s - loss: 0.0063 - acc: 1.0000
 840/1505 [===============>..............] - ETA: 0s - loss: 0.0068 - acc: 0.9988
1240/1505 [=======================>......] - ETA: 0s - loss: 0.0062 - acc: 0.9992
1505/1505 [==============================] - 0s 130us/step - loss: 0.0078 - acc: 0.9980 - val_loss: 0.0554 - val_acc: 0.9658
Epoch 6/30

  20/1505 [..............................] - ETA: 0s - loss: 0.0051 - acc: 1.0000
 440/1505 [=======>......................] - ETA: 0s - loss: 0.0072 - acc: 1.0000
 860/1505 [================>.............] - ETA: 0s - loss: 0.0078 - acc: 0.9988
1280/1505 [========================>.....] - ETA: 0s - loss: 0.0065 - acc: 0.9992
1505/1505 [==============================] - 0s 124us/step - loss: 0.0067 - acc: 0.9987 - val_loss: 0.0546 - val_acc: 0.9658
Epoch 7/30

  20/1505 [..............................] - ETA: 0s - loss: 0.0027 - acc: 1.0000
 420/1505 [=======>......................] - ETA: 0s - loss: 0.0055 - acc: 0.9976
 840/1505 [===============>..............] - ETA: 0s - loss: 0.0041 - acc: 0.9988
1220/1505 [=======================>......] - ETA: 0s - loss: 0.0034 - acc: 0.9992
1505/1505 [==============================] - 0s 128us/step - loss: 0.0032 - acc: 0.9993 - val_loss: 0.0459 - val_acc: 0.9829
Epoch 8/30

  20/1505 [..............................] - ETA: 0s - loss: 0.0223 - acc: 1.0000
 560/1505 [==========>...................] - ETA: 0s - loss: 0.0025 - acc: 1.0000
1080/1505 [====================>.........] - ETA: 0s - loss: 0.0027 - acc: 1.0000
1505/1505 [==============================] - 0s 99us/step - loss: 0.0023 - acc: 1.0000 - val_loss: 0.0443 - val_acc: 0.9829
Epoch 9/30

  20/1505 [..............................] - ETA: 0s - loss: 6.3591e-04 - acc: 1.0000
 520/1505 [=========>....................] - ETA: 0s - loss: 0.0012 - acc: 1.0000    
1020/1505 [===================>..........] - ETA: 0s - loss: 0.0017 - acc: 1.0000
1505/1505 [==============================] - 0s 105us/step - loss: 0.0017 - acc: 1.0000 - val_loss: 0.0426 - val_acc: 0.9829
Epoch 10/30

  20/1505 [..............................] - ETA: 0s - loss: 0.0012 - acc: 1.0000
 500/1505 [========>.....................] - ETA: 0s - loss: 0.0010 - acc: 1.0000
1020/1505 [===================>..........] - ETA: 0s - loss: 0.0012 - acc: 1.0000
1505/1505 [==============================] - 0s 105us/step - loss: 0.0011 - acc: 1.0000 - val_loss: 0.0415 - val_acc: 0.9829
Epoch 11/30

  20/1505 [..............................] - ETA: 0s - loss: 4.5807e-04 - acc: 1.0000
 540/1505 [=========>....................] - ETA: 0s - loss: 9.9300e-04 - acc: 1.0000
1060/1505 [====================>.........] - ETA: 0s - loss: 9.3007e-04 - acc: 1.0000
1505/1505 [==============================] - 0s 100us/step - loss: 8.9799e-04 - acc: 1.0000 - val_loss: 0.0425 - val_acc: 0.9829
Epoch 12/30

  20/1505 [..............................] - ETA: 0s - loss: 7.0084e-04 - acc: 1.0000
 520/1505 [=========>....................] - ETA: 0s - loss: 6.8117e-04 - acc: 1.0000
1020/1505 [===================>..........] - ETA: 0s - loss: 7.2347e-04 - acc: 1.0000
1505/1505 [==============================] - 0s 103us/step - loss: 7.5809e-04 - acc: 1.0000 - val_loss: 0.0441 - val_acc: 0.9829
Epoch 13/30

  20/1505 [..............................] - ETA: 0s - loss: 0.0019 - acc: 1.0000
 540/1505 [=========>....................] - ETA: 0s - loss: 6.6065e-04 - acc: 1.0000
1040/1505 [===================>..........] - ETA: 0s - loss: 5.9606e-04 - acc: 1.0000
1505/1505 [==============================] - 0s 102us/step - loss: 6.3412e-04 - acc: 1.0000 - val_loss: 0.0455 - val_acc: 0.9829
Epoch 14/30

  20/1505 [..............................] - ETA: 0s - loss: 6.3578e-04 - acc: 1.0000
 480/1505 [========>.....................] - ETA: 0s - loss: 6.3048e-04 - acc: 1.0000
 860/1505 [================>.............] - ETA: 0s - loss: 5.6543e-04 - acc: 1.0000
1280/1505 [========================>.....] - ETA: 0s - loss: 5.5246e-04 - acc: 1.0000
1505/1505 [==============================] - 0s 121us/step - loss: 5.6228e-04 - acc: 1.0000 - val_loss: 0.0437 - val_acc: 0.9829
acc: 99.15%
Train on 1505 samples, validate on 117 samples
Epoch 1/30

  20/1505 [..............................] - ETA: 43s - loss: 0.7178 - acc: 0.6000
 540/1505 [=========>....................] - ETA: 1s - loss: 0.4031 - acc: 0.8333 
1040/1505 [===================>..........] - ETA: 0s - loss: 0.2697 - acc: 0.8971
1505/1505 [==============================] - 1s 533us/step - loss: 0.2174 - acc: 0.9183 - val_loss: 0.1029 - val_acc: 0.9658
Epoch 2/30

  20/1505 [..............................] - ETA: 0s - loss: 0.0231 - acc: 1.0000
 520/1505 [=========>....................] - ETA: 0s - loss: 0.0468 - acc: 0.9904
1020/1505 [===================>..........] - ETA: 0s - loss: 0.0437 - acc: 0.9892
1505/1505 [==============================] - 0s 106us/step - loss: 0.0449 - acc: 0.9880 - val_loss: 0.1130 - val_acc: 0.9658
Epoch 3/30

  20/1505 [..............................] - ETA: 0s - loss: 0.0194 - acc: 1.0000
 520/1505 [=========>....................] - ETA: 0s - loss: 0.0176 - acc: 0.9981
1020/1505 [===================>..........] - ETA: 0s - loss: 0.0186 - acc: 0.9980
1505/1505 [==============================] - 0s 102us/step - loss: 0.0204 - acc: 0.9967 - val_loss: 0.0923 - val_acc: 0.9744
Epoch 4/30

  20/1505 [..............................] - ETA: 0s - loss: 0.0057 - acc: 1.0000
 540/1505 [=========>....................] - ETA: 0s - loss: 0.0098 - acc: 0.9981
1080/1505 [====================>.........] - ETA: 0s - loss: 0.0122 - acc: 0.9972
1505/1505 [==============================] - 0s 99us/step - loss: 0.0125 - acc: 0.9973 - val_loss: 0.0931 - val_acc: 0.9658
Epoch 5/30

  20/1505 [..............................] - ETA: 0s - loss: 0.0017 - acc: 1.0000
 520/1505 [=========>....................] - ETA: 0s - loss: 0.0060 - acc: 1.0000
1000/1505 [==================>...........] - ETA: 0s - loss: 0.0045 - acc: 1.0000
1500/1505 [============================>.] - ETA: 0s - loss: 0.0066 - acc: 0.9987
1505/1505 [==============================] - 0s 106us/step - loss: 0.0065 - acc: 0.9987 - val_loss: 0.1011 - val_acc: 0.9658
Epoch 6/30

  20/1505 [..............................] - ETA: 0s - loss: 0.0021 - acc: 1.0000
 500/1505 [========>.....................] - ETA: 0s - loss: 0.0047 - acc: 1.0000
1000/1505 [==================>...........] - ETA: 0s - loss: 0.0047 - acc: 0.9990
1505/1505 [==============================] - 0s 105us/step - loss: 0.0058 - acc: 0.9987 - val_loss: 0.0992 - val_acc: 0.9658
Epoch 7/30

  20/1505 [..............................] - ETA: 0s - loss: 0.0024 - acc: 1.0000
 520/1505 [=========>....................] - ETA: 0s - loss: 0.0035 - acc: 1.0000
1020/1505 [===================>..........] - ETA: 0s - loss: 0.0030 - acc: 1.0000
1505/1505 [==============================] - 0s 105us/step - loss: 0.0027 - acc: 1.0000 - val_loss: 0.1070 - val_acc: 0.9658
Epoch 8/30

  20/1505 [..............................] - ETA: 0s - loss: 9.4236e-04 - acc: 1.0000
 520/1505 [=========>....................] - ETA: 0s - loss: 0.0016 - acc: 1.0000    
1040/1505 [===================>..........] - ETA: 0s - loss: 0.0014 - acc: 1.0000
1505/1505 [==============================] - 0s 102us/step - loss: 0.0019 - acc: 1.0000 - val_loss: 0.1071 - val_acc: 0.9658
Epoch 9/30

  20/1505 [..............................] - ETA: 0s - loss: 0.0015 - acc: 1.0000
 560/1505 [==========>...................] - ETA: 0s - loss: 0.0017 - acc: 1.0000
1080/1505 [====================>.........] - ETA: 0s - loss: 0.0015 - acc: 1.0000
1505/1505 [==============================] - 0s 100us/step - loss: 0.0015 - acc: 1.0000 - val_loss: 0.1115 - val_acc: 0.9658
Epoch 10/30

  20/1505 [..............................] - ETA: 0s - loss: 5.5948e-04 - acc: 1.0000
 540/1505 [=========>....................] - ETA: 0s - loss: 0.0012 - acc: 1.0000    
1060/1505 [====================>.........] - ETA: 0s - loss: 0.0011 - acc: 1.0000
1505/1505 [==============================] - 0s 102us/step - loss: 0.0011 - acc: 1.0000 - val_loss: 0.1123 - val_acc: 0.9658
Epoch 11/30

  20/1505 [..............................] - ETA: 0s - loss: 6.3609e-04 - acc: 1.0000
 500/1505 [========>.....................] - ETA: 0s - loss: 8.1237e-04 - acc: 1.0000
 980/1505 [==================>...........] - ETA: 0s - loss: 8.0302e-04 - acc: 1.0000
1460/1505 [============================>.] - ETA: 0s - loss: 8.0866e-04 - acc: 1.0000
1505/1505 [==============================] - 0s 108us/step - loss: 9.0268e-04 - acc: 1.0000 - val_loss: 0.1128 - val_acc: 0.9658
Epoch 12/30

  20/1505 [..............................] - ETA: 0s - loss: 5.1851e-04 - acc: 1.0000
 540/1505 [=========>....................] - ETA: 0s - loss: 6.5294e-04 - acc: 1.0000
1060/1505 [====================>.........] - ETA: 0s - loss: 7.2075e-04 - acc: 1.0000
1505/1505 [==============================] - 0s 100us/step - loss: 7.6530e-04 - acc: 1.0000 - val_loss: 0.1146 - val_acc: 0.9658
Epoch 13/30

  20/1505 [..............................] - ETA: 0s - loss: 2.1444e-04 - acc: 1.0000
 560/1505 [==========>...................] - ETA: 0s - loss: 5.7970e-04 - acc: 1.0000
1120/1505 [=====================>........] - ETA: 0s - loss: 5.8773e-04 - acc: 1.0000
1505/1505 [==============================] - 0s 99us/step - loss: 6.5047e-04 - acc: 1.0000 - val_loss: 0.1151 - val_acc: 0.9658
acc: 97.44%
Train on 1505 samples, validate on 117 samples
Epoch 1/30

  20/1505 [..............................] - ETA: 1:05 - loss: 0.6752 - acc: 0.5000
 420/1505 [=======>......................] - ETA: 2s - loss: 0.5165 - acc: 0.7548  
 840/1505 [===============>..............] - ETA: 0s - loss: 0.3486 - acc: 0.8583
1240/1505 [=======================>......] - ETA: 0s - loss: 0.2651 - acc: 0.8952
1505/1505 [==============================] - 1s 778us/step - loss: 0.2309 - acc: 0.9090 - val_loss: 0.0995 - val_acc: 0.9744
Epoch 2/30

  20/1505 [..............................] - ETA: 0s - loss: 0.0307 - acc: 1.0000
 400/1505 [======>.......................] - ETA: 0s - loss: 0.0542 - acc: 0.9850
 780/1505 [==============>...............] - ETA: 0s - loss: 0.0561 - acc: 0.9846
1160/1505 [======================>.......] - ETA: 0s - loss: 0.0579 - acc: 0.9828
1505/1505 [==============================] - 0s 138us/step - loss: 0.0600 - acc: 0.9827 - val_loss: 0.0843 - val_acc: 0.9658
Epoch 3/30

  20/1505 [..............................] - ETA: 0s - loss: 0.0130 - acc: 1.0000
 400/1505 [======>.......................] - ETA: 0s - loss: 0.0204 - acc: 0.9975
 800/1505 [==============>...............] - ETA: 0s - loss: 0.0225 - acc: 0.9975
1180/1505 [======================>.......] - ETA: 0s - loss: 0.0285 - acc: 0.9932
1505/1505 [==============================] - 0s 136us/step - loss: 0.0260 - acc: 0.9947 - val_loss: 0.0608 - val_acc: 0.9658
Epoch 4/30

  20/1505 [..............................] - ETA: 0s - loss: 0.0111 - acc: 1.0000
 420/1505 [=======>......................] - ETA: 0s - loss: 0.0091 - acc: 1.0000
 840/1505 [===============>..............] - ETA: 0s - loss: 0.0106 - acc: 0.9988
1260/1505 [========================>.....] - ETA: 0s - loss: 0.0112 - acc: 0.9984
1505/1505 [==============================] - 0s 130us/step - loss: 0.0122 - acc: 0.9973 - val_loss: 0.0818 - val_acc: 0.9658
Epoch 5/30

  20/1505 [..............................] - ETA: 0s - loss: 0.0113 - acc: 1.0000
 400/1505 [======>.......................] - ETA: 0s - loss: 0.0092 - acc: 0.9975
 780/1505 [==============>...............] - ETA: 0s - loss: 0.0084 - acc: 0.9974
1140/1505 [=====================>........] - ETA: 0s - loss: 0.0102 - acc: 0.9965
1505/1505 [==============================] - 0s 140us/step - loss: 0.0094 - acc: 0.9973 - val_loss: 0.0454 - val_acc: 0.9915
Epoch 6/30

  20/1505 [..............................] - ETA: 0s - loss: 0.0023 - acc: 1.0000
 400/1505 [======>.......................] - ETA: 0s - loss: 0.0089 - acc: 0.9950
 780/1505 [==============>...............] - ETA: 0s - loss: 0.0075 - acc: 0.9974
1180/1505 [======================>.......] - ETA: 0s - loss: 0.0061 - acc: 0.9983
1505/1505 [==============================] - 0s 138us/step - loss: 0.0055 - acc: 0.9987 - val_loss: 0.0528 - val_acc: 0.9829
Epoch 7/30

  20/1505 [..............................] - ETA: 0s - loss: 0.0013 - acc: 1.0000
 420/1505 [=======>......................] - ETA: 0s - loss: 0.0038 - acc: 0.9976
 820/1505 [===============>..............] - ETA: 0s - loss: 0.0035 - acc: 0.9988
1200/1505 [======================>.......] - ETA: 0s - loss: 0.0034 - acc: 0.9992
1505/1505 [==============================] - 0s 133us/step - loss: 0.0031 - acc: 0.9993 - val_loss: 0.0511 - val_acc: 0.9829
Epoch 8/30

  20/1505 [..............................] - ETA: 0s - loss: 0.0020 - acc: 1.0000
 420/1505 [=======>......................] - ETA: 0s - loss: 0.0016 - acc: 1.0000
 820/1505 [===============>..............] - ETA: 0s - loss: 0.0019 - acc: 1.0000
1200/1505 [======================>.......] - ETA: 0s - loss: 0.0018 - acc: 1.0000
1505/1505 [==============================] - 0s 136us/step - loss: 0.0018 - acc: 1.0000 - val_loss: 0.0471 - val_acc: 0.9829
Epoch 9/30

  20/1505 [..............................] - ETA: 0s - loss: 0.0018 - acc: 1.0000
 400/1505 [======>.......................] - ETA: 0s - loss: 0.0013 - acc: 1.0000
 820/1505 [===============>..............] - ETA: 0s - loss: 0.0013 - acc: 1.0000
1180/1505 [======================>.......] - ETA: 0s - loss: 0.0012 - acc: 1.0000
1505/1505 [==============================] - 0s 137us/step - loss: 0.0013 - acc: 1.0000 - val_loss: 0.0500 - val_acc: 0.9829
Epoch 10/30

  20/1505 [..............................] - ETA: 0s - loss: 9.5800e-04 - acc: 1.0000
 400/1505 [======>.......................] - ETA: 0s - loss: 0.0010 - acc: 1.0000    
 800/1505 [==============>...............] - ETA: 0s - loss: 0.0011 - acc: 1.0000
1200/1505 [======================>.......] - ETA: 0s - loss: 0.0011 - acc: 1.0000
1505/1505 [==============================] - 0s 134us/step - loss: 0.0010 - acc: 1.0000 - val_loss: 0.0516 - val_acc: 0.9829
Epoch 11/30

  20/1505 [..............................] - ETA: 0s - loss: 7.7549e-04 - acc: 1.0000
 440/1505 [=======>......................] - ETA: 0s - loss: 9.4249e-04 - acc: 1.0000
 840/1505 [===============>..............] - ETA: 0s - loss: 8.4449e-04 - acc: 1.0000
1220/1505 [=======================>......] - ETA: 0s - loss: 8.0658e-04 - acc: 1.0000
1505/1505 [==============================] - 0s 133us/step - loss: 8.4169e-04 - acc: 1.0000 - val_loss: 0.0520 - val_acc: 0.9829
Epoch 12/30

  20/1505 [..............................] - ETA: 0s - loss: 3.4176e-04 - acc: 1.0000
 400/1505 [======>.......................] - ETA: 0s - loss: 6.0044e-04 - acc: 1.0000
 820/1505 [===============>..............] - ETA: 0s - loss: 7.0384e-04 - acc: 1.0000
1200/1505 [======================>.......] - ETA: 0s - loss: 7.1923e-04 - acc: 1.0000
1505/1505 [==============================] - 0s 136us/step - loss: 7.0969e-04 - acc: 1.0000 - val_loss: 0.0520 - val_acc: 0.9829
Epoch 13/30

  20/1505 [..............................] - ETA: 0s - loss: 5.8125e-04 - acc: 1.0000
 420/1505 [=======>......................] - ETA: 0s - loss: 5.5736e-04 - acc: 1.0000
 820/1505 [===============>..............] - ETA: 0s - loss: 5.9818e-04 - acc: 1.0000
1220/1505 [=======================>......] - ETA: 0s - loss: 6.1191e-04 - acc: 1.0000
1505/1505 [==============================] - 0s 135us/step - loss: 6.1798e-04 - acc: 1.0000 - val_loss: 0.0535 - val_acc: 0.9829
Epoch 14/30

  20/1505 [..............................] - ETA: 0s - loss: 5.8551e-04 - acc: 1.0000
 420/1505 [=======>......................] - ETA: 0s - loss: 5.6022e-04 - acc: 1.0000
 820/1505 [===============>..............] - ETA: 0s - loss: 5.4750e-04 - acc: 1.0000
1220/1505 [=======================>......] - ETA: 0s - loss: 5.7444e-04 - acc: 1.0000
1505/1505 [==============================] - 0s 133us/step - loss: 5.3507e-04 - acc: 1.0000 - val_loss: 0.0533 - val_acc: 0.9829
Epoch 15/30

  20/1505 [..............................] - ETA: 0s - loss: 2.8820e-04 - acc: 1.0000
 420/1505 [=======>......................] - ETA: 0s - loss: 5.5386e-04 - acc: 1.0000
 800/1505 [==============>...............] - ETA: 0s - loss: 5.2870e-04 - acc: 1.0000
1200/1505 [======================>.......] - ETA: 0s - loss: 4.9248e-04 - acc: 1.0000
1505/1505 [==============================] - 0s 137us/step - loss: 4.6539e-04 - acc: 1.0000 - val_loss: 0.0541 - val_acc: 0.9829
acc: 99.15%
Train on 1506 samples, validate on 116 samples
Epoch 1/30

  20/1506 [..............................] - ETA: 1:17 - loss: 0.7052 - acc: 0.5500
 420/1506 [=======>......................] - ETA: 2s - loss: 0.4990 - acc: 0.7571  
 800/1506 [==============>...............] - ETA: 1s - loss: 0.3449 - acc: 0.8512
1200/1506 [======================>.......] - ETA: 0s - loss: 0.2581 - acc: 0.8925
1506/1506 [==============================] - 1s 903us/step - loss: 0.2272 - acc: 0.9064 - val_loss: 0.0728 - val_acc: 0.9828
Epoch 2/30

  20/1506 [..............................] - ETA: 0s - loss: 0.0780 - acc: 0.9500
 420/1506 [=======>......................] - ETA: 0s - loss: 0.0551 - acc: 0.9833
 800/1506 [==============>...............] - ETA: 0s - loss: 0.0528 - acc: 0.9837
1180/1506 [======================>.......] - ETA: 0s - loss: 0.0589 - acc: 0.9831
1506/1506 [==============================] - 0s 137us/step - loss: 0.0572 - acc: 0.9841 - val_loss: 0.0601 - val_acc: 0.9828
Epoch 3/30

  20/1506 [..............................] - ETA: 0s - loss: 0.0251 - acc: 1.0000
 400/1506 [======>.......................] - ETA: 0s - loss: 0.0236 - acc: 0.9950
 780/1506 [==============>...............] - ETA: 0s - loss: 0.0262 - acc: 0.9936
1180/1506 [======================>.......] - ETA: 0s - loss: 0.0258 - acc: 0.9949
1506/1506 [==============================] - 0s 136us/step - loss: 0.0243 - acc: 0.9954 - val_loss: 0.0493 - val_acc: 0.9914
Epoch 4/30

  20/1506 [..............................] - ETA: 0s - loss: 0.0193 - acc: 1.0000
 400/1506 [======>.......................] - ETA: 0s - loss: 0.0103 - acc: 1.0000
 780/1506 [==============>...............] - ETA: 0s - loss: 0.0129 - acc: 0.9987
1180/1506 [======================>.......] - ETA: 0s - loss: 0.0122 - acc: 0.9992
1506/1506 [==============================] - 0s 137us/step - loss: 0.0126 - acc: 0.9987 - val_loss: 0.0481 - val_acc: 0.9914
Epoch 5/30

  20/1506 [..............................] - ETA: 0s - loss: 0.0029 - acc: 1.0000
 420/1506 [=======>......................] - ETA: 0s - loss: 0.0103 - acc: 0.9976
 780/1506 [==============>...............] - ETA: 0s - loss: 0.0081 - acc: 0.9987
1160/1506 [======================>.......] - ETA: 0s - loss: 0.0066 - acc: 0.9991
1506/1506 [==============================] - 0s 141us/step - loss: 0.0090 - acc: 0.9980 - val_loss: 0.0517 - val_acc: 0.9914
Epoch 6/30

  20/1506 [..............................] - ETA: 0s - loss: 0.0038 - acc: 1.0000
 420/1506 [=======>......................] - ETA: 0s - loss: 0.0049 - acc: 1.0000
 800/1506 [==============>...............] - ETA: 0s - loss: 0.0082 - acc: 0.9975
1200/1506 [======================>.......] - ETA: 0s - loss: 0.0072 - acc: 0.9983
1506/1506 [==============================] - 0s 135us/step - loss: 0.0066 - acc: 0.9987 - val_loss: 0.0467 - val_acc: 0.9914
Epoch 7/30

  20/1506 [..............................] - ETA: 0s - loss: 7.8013e-04 - acc: 1.0000
 440/1506 [=======>......................] - ETA: 0s - loss: 0.0030 - acc: 1.0000    
 840/1506 [===============>..............] - ETA: 0s - loss: 0.0034 - acc: 1.0000
1220/1506 [=======================>......] - ETA: 0s - loss: 0.0040 - acc: 0.9992
1506/1506 [==============================] - 0s 133us/step - loss: 0.0039 - acc: 0.9993 - val_loss: 0.0471 - val_acc: 0.9914
Epoch 8/30

  20/1506 [..............................] - ETA: 0s - loss: 0.0013 - acc: 1.0000
 420/1506 [=======>......................] - ETA: 0s - loss: 0.0020 - acc: 1.0000
 800/1506 [==============>...............] - ETA: 0s - loss: 0.0028 - acc: 1.0000
1180/1506 [======================>.......] - ETA: 0s - loss: 0.0027 - acc: 1.0000
1506/1506 [==============================] - 0s 130us/step - loss: 0.0025 - acc: 1.0000 - val_loss: 0.0418 - val_acc: 0.9914
Epoch 9/30

  20/1506 [..............................] - ETA: 0s - loss: 0.0051 - acc: 1.0000
 520/1506 [=========>....................] - ETA: 0s - loss: 0.0016 - acc: 1.0000
1000/1506 [==================>...........] - ETA: 0s - loss: 0.0014 - acc: 1.0000
1480/1506 [============================>.] - ETA: 0s - loss: 0.0015 - acc: 1.0000
1506/1506 [==============================] - 0s 107us/step - loss: 0.0016 - acc: 1.0000 - val_loss: 0.0426 - val_acc: 0.9914
Epoch 10/30

  20/1506 [..............................] - ETA: 0s - loss: 0.0011 - acc: 1.0000
 500/1506 [========>.....................] - ETA: 0s - loss: 0.0011 - acc: 1.0000
1000/1506 [==================>...........] - ETA: 0s - loss: 0.0013 - acc: 1.0000
1480/1506 [============================>.] - ETA: 0s - loss: 0.0012 - acc: 1.0000
1506/1506 [==============================] - 0s 107us/step - loss: 0.0012 - acc: 1.0000 - val_loss: 0.0398 - val_acc: 0.9914
Epoch 11/30

  20/1506 [..............................] - ETA: 0s - loss: 0.0011 - acc: 1.0000
 520/1506 [=========>....................] - ETA: 0s - loss: 0.0011 - acc: 1.0000
1020/1506 [===================>..........] - ETA: 0s - loss: 9.3531e-04 - acc: 1.0000
1506/1506 [==============================] - 0s 105us/step - loss: 9.4999e-04 - acc: 1.0000 - val_loss: 0.0411 - val_acc: 0.9914
Epoch 12/30

  20/1506 [..............................] - ETA: 0s - loss: 8.8991e-04 - acc: 1.0000
 520/1506 [=========>....................] - ETA: 0s - loss: 7.8687e-04 - acc: 1.0000
1020/1506 [===================>..........] - ETA: 0s - loss: 7.6147e-04 - acc: 1.0000
1506/1506 [==============================] - 0s 105us/step - loss: 8.0179e-04 - acc: 1.0000 - val_loss: 0.0406 - val_acc: 0.9914
Epoch 13/30

  20/1506 [..............................] - ETA: 0s - loss: 5.2056e-04 - acc: 1.0000
 480/1506 [========>.....................] - ETA: 0s - loss: 7.3872e-04 - acc: 1.0000
 940/1506 [=================>............] - ETA: 0s - loss: 6.5262e-04 - acc: 1.0000
1420/1506 [===========================>..] - ETA: 0s - loss: 6.8426e-04 - acc: 1.0000
1506/1506 [==============================] - 0s 112us/step - loss: 6.7238e-04 - acc: 1.0000 - val_loss: 0.0409 - val_acc: 0.9914
acc: 99.14%
Train on 1506 samples, validate on 116 samples
Epoch 1/30

  20/1506 [..............................] - ETA: 1:05 - loss: 0.6733 - acc: 0.6000
 480/1506 [========>.....................] - ETA: 1s - loss: 0.4490 - acc: 0.8146  
 960/1506 [==================>...........] - ETA: 0s - loss: 0.2929 - acc: 0.8885
1460/1506 [============================>.] - ETA: 0s - loss: 0.2181 - acc: 0.9219
1506/1506 [==============================] - 1s 757us/step - loss: 0.2147 - acc: 0.9236 - val_loss: 0.1086 - val_acc: 0.9483
Epoch 2/30

  20/1506 [..............................] - ETA: 0s - loss: 0.0248 - acc: 1.0000
 520/1506 [=========>....................] - ETA: 0s - loss: 0.0446 - acc: 0.9808
1000/1506 [==================>...........] - ETA: 0s - loss: 0.0481 - acc: 0.9840
1480/1506 [============================>.] - ETA: 0s - loss: 0.0447 - acc: 0.9865
1506/1506 [==============================] - 0s 108us/step - loss: 0.0443 - acc: 0.9867 - val_loss: 0.1007 - val_acc: 0.9569
Epoch 3/30

  20/1506 [..............................] - ETA: 0s - loss: 0.0629 - acc: 1.0000
 520/1506 [=========>....................] - ETA: 0s - loss: 0.0191 - acc: 0.9981
1020/1506 [===================>..........] - ETA: 0s - loss: 0.0197 - acc: 0.9971
1500/1506 [============================>.] - ETA: 0s - loss: 0.0175 - acc: 0.9980
1506/1506 [==============================] - 0s 107us/step - loss: 0.0174 - acc: 0.9980 - val_loss: 0.0990 - val_acc: 0.9655
Epoch 4/30

  20/1506 [..............................] - ETA: 0s - loss: 0.0030 - acc: 1.0000
 520/1506 [=========>....................] - ETA: 0s - loss: 0.0062 - acc: 1.0000
 980/1506 [==================>...........] - ETA: 0s - loss: 0.0087 - acc: 0.9990
1460/1506 [============================>.] - ETA: 0s - loss: 0.0100 - acc: 0.9973
1506/1506 [==============================] - 0s 110us/step - loss: 0.0101 - acc: 0.9973 - val_loss: 0.1067 - val_acc: 0.9569
Epoch 5/30

  20/1506 [..............................] - ETA: 0s - loss: 0.0042 - acc: 1.0000
 520/1506 [=========>....................] - ETA: 0s - loss: 0.0047 - acc: 1.0000
1020/1506 [===================>..........] - ETA: 0s - loss: 0.0046 - acc: 1.0000
1506/1506 [==============================] - 0s 104us/step - loss: 0.0062 - acc: 0.9993 - val_loss: 0.0901 - val_acc: 0.9655
Epoch 6/30

  20/1506 [..............................] - ETA: 0s - loss: 9.1928e-04 - acc: 1.0000
 500/1506 [========>.....................] - ETA: 0s - loss: 0.0037 - acc: 1.0000    
 980/1506 [==================>...........] - ETA: 0s - loss: 0.0042 - acc: 0.9990
1480/1506 [============================>.] - ETA: 0s - loss: 0.0037 - acc: 0.9993
1506/1506 [==============================] - 0s 109us/step - loss: 0.0037 - acc: 0.9993 - val_loss: 0.0935 - val_acc: 0.9655
Epoch 7/30

  20/1506 [..............................] - ETA: 0s - loss: 0.0011 - acc: 1.0000
 520/1506 [=========>....................] - ETA: 0s - loss: 0.0017 - acc: 1.0000
1040/1506 [===================>..........] - ETA: 0s - loss: 0.0017 - acc: 1.0000
1506/1506 [==============================] - 0s 103us/step - loss: 0.0027 - acc: 0.9993 - val_loss: 0.0933 - val_acc: 0.9655
Epoch 8/30

  20/1506 [..............................] - ETA: 0s - loss: 8.3728e-04 - acc: 1.0000
 540/1506 [=========>....................] - ETA: 0s - loss: 0.0035 - acc: 1.0000    
1060/1506 [====================>.........] - ETA: 0s - loss: 0.0026 - acc: 1.0000
1506/1506 [==============================] - 0s 104us/step - loss: 0.0022 - acc: 1.0000 - val_loss: 0.0918 - val_acc: 0.9655
Epoch 9/30

  20/1506 [..............................] - ETA: 0s - loss: 0.0011 - acc: 1.0000
 500/1506 [========>.....................] - ETA: 0s - loss: 0.0011 - acc: 1.0000
 980/1506 [==================>...........] - ETA: 0s - loss: 0.0032 - acc: 0.9990
1480/1506 [============================>.] - ETA: 0s - loss: 0.0029 - acc: 0.9993
1506/1506 [==============================] - 0s 110us/step - loss: 0.0028 - acc: 0.9993 - val_loss: 0.0949 - val_acc: 0.9655
Epoch 10/30

  20/1506 [..............................] - ETA: 0s - loss: 9.3265e-04 - acc: 1.0000
 500/1506 [========>.....................] - ETA: 0s - loss: 0.0011 - acc: 1.0000    
 980/1506 [==================>...........] - ETA: 0s - loss: 0.0011 - acc: 1.0000
1480/1506 [============================>.] - ETA: 0s - loss: 0.0021 - acc: 0.9993
1506/1506 [==============================] - 0s 108us/step - loss: 0.0020 - acc: 0.9993 - val_loss: 0.0918 - val_acc: 0.9655
Epoch 11/30

  20/1506 [..............................] - ETA: 0s - loss: 0.0025 - acc: 1.0000
 520/1506 [=========>....................] - ETA: 0s - loss: 0.0017 - acc: 1.0000
1020/1506 [===================>..........] - ETA: 0s - loss: 0.0017 - acc: 1.0000
1506/1506 [==============================] - 0s 105us/step - loss: 0.0015 - acc: 1.0000 - val_loss: 0.1032 - val_acc: 0.9655
Epoch 12/30

  20/1506 [..............................] - ETA: 0s - loss: 0.0048 - acc: 1.0000
 520/1506 [=========>....................] - ETA: 0s - loss: 0.0010 - acc: 1.0000
1000/1506 [==================>...........] - ETA: 0s - loss: 8.5264e-04 - acc: 1.0000
1500/1506 [============================>.] - ETA: 0s - loss: 7.9872e-04 - acc: 1.0000
1506/1506 [==============================] - 0s 106us/step - loss: 7.9627e-04 - acc: 1.0000 - val_loss: 0.1040 - val_acc: 0.9655
Epoch 13/30

  20/1506 [..............................] - ETA: 0s - loss: 2.5617e-04 - acc: 1.0000
 440/1506 [=======>......................] - ETA: 0s - loss: 5.7540e-04 - acc: 1.0000
 820/1506 [===============>..............] - ETA: 0s - loss: 5.3486e-04 - acc: 1.0000
1220/1506 [=======================>......] - ETA: 0s - loss: 5.5149e-04 - acc: 1.0000
1506/1506 [==============================] - 0s 134us/step - loss: 6.3467e-04 - acc: 1.0000 - val_loss: 0.1032 - val_acc: 0.9655
acc: 96.55%
Train on 1506 samples, validate on 116 samples
Epoch 1/30

  20/1506 [..............................] - ETA: 1:44 - loss: 0.7456 - acc: 0.4000
 400/1506 [======>.......................] - ETA: 4s - loss: 0.4885 - acc: 0.7550  
 800/1506 [==============>...............] - ETA: 1s - loss: 0.3320 - acc: 0.8600
1200/1506 [======================>.......] - ETA: 0s - loss: 0.2478 - acc: 0.8975
1506/1506 [==============================] - 2s 1ms/step - loss: 0.2139 - acc: 0.9124 - val_loss: 0.0872 - val_acc: 0.9655
Epoch 2/30

  20/1506 [..............................] - ETA: 0s - loss: 0.0191 - acc: 1.0000
 400/1506 [======>.......................] - ETA: 0s - loss: 0.0675 - acc: 0.9775
 780/1506 [==============>...............] - ETA: 0s - loss: 0.0570 - acc: 0.9833
1160/1506 [======================>.......] - ETA: 0s - loss: 0.0509 - acc: 0.9879
1506/1506 [==============================] - 0s 140us/step - loss: 0.0501 - acc: 0.9880 - val_loss: 0.0763 - val_acc: 0.9741
Epoch 3/30

  20/1506 [..............................] - ETA: 0s - loss: 0.0187 - acc: 1.0000
 400/1506 [======>.......................] - ETA: 0s - loss: 0.0365 - acc: 0.9900
 760/1506 [==============>...............] - ETA: 0s - loss: 0.0298 - acc: 0.9934
1120/1506 [=====================>........] - ETA: 0s - loss: 0.0276 - acc: 0.9937
1500/1506 [============================>.] - ETA: 0s - loss: 0.0245 - acc: 0.9947
1506/1506 [==============================] - 0s 142us/step - loss: 0.0245 - acc: 0.9947 - val_loss: 0.0483 - val_acc: 0.9828
Epoch 4/30

  20/1506 [..............................] - ETA: 0s - loss: 0.0086 - acc: 1.0000
 420/1506 [=======>......................] - ETA: 0s - loss: 0.0092 - acc: 0.9976
 820/1506 [===============>..............] - ETA: 0s - loss: 0.0090 - acc: 0.9988
1200/1506 [======================>.......] - ETA: 0s - loss: 0.0157 - acc: 0.9958
1506/1506 [==============================] - 0s 135us/step - loss: 0.0156 - acc: 0.9967 - val_loss: 0.0529 - val_acc: 0.9914
Epoch 5/30

  20/1506 [..............................] - ETA: 0s - loss: 0.0052 - acc: 1.0000
 400/1506 [======>.......................] - ETA: 0s - loss: 0.0063 - acc: 1.0000
 800/1506 [==============>...............] - ETA: 0s - loss: 0.0051 - acc: 1.0000
1160/1506 [======================>.......] - ETA: 0s - loss: 0.0058 - acc: 0.9991
1506/1506 [==============================] - 0s 139us/step - loss: 0.0093 - acc: 0.9973 - val_loss: 0.0625 - val_acc: 0.9741
Epoch 6/30

  20/1506 [..............................] - ETA: 0s - loss: 0.0020 - acc: 1.0000
 400/1506 [======>.......................] - ETA: 0s - loss: 0.0055 - acc: 1.0000
 780/1506 [==============>...............] - ETA: 0s - loss: 0.0058 - acc: 1.0000
1160/1506 [======================>.......] - ETA: 0s - loss: 0.0064 - acc: 0.9991
1506/1506 [==============================] - 0s 137us/step - loss: 0.0062 - acc: 0.9993 - val_loss: 0.0383 - val_acc: 0.9828
Epoch 7/30

  20/1506 [..............................] - ETA: 0s - loss: 0.0015 - acc: 1.0000
 420/1506 [=======>......................] - ETA: 0s - loss: 0.0020 - acc: 1.0000
 820/1506 [===============>..............] - ETA: 0s - loss: 0.0038 - acc: 0.9988
1200/1506 [======================>.......] - ETA: 0s - loss: 0.0043 - acc: 0.9983
1506/1506 [==============================] - 0s 134us/step - loss: 0.0041 - acc: 0.9987 - val_loss: 0.0519 - val_acc: 0.9828
Epoch 8/30

  20/1506 [..............................] - ETA: 0s - loss: 0.0026 - acc: 1.0000
 380/1506 [======>.......................] - ETA: 0s - loss: 0.0022 - acc: 1.0000
 760/1506 [==============>...............] - ETA: 0s - loss: 0.0026 - acc: 1.0000
1120/1506 [=====================>........] - ETA: 0s - loss: 0.0023 - acc: 1.0000
1500/1506 [============================>.] - ETA: 0s - loss: 0.0023 - acc: 1.0000
1506/1506 [==============================] - 0s 143us/step - loss: 0.0023 - acc: 1.0000 - val_loss: 0.0435 - val_acc: 0.9828
Epoch 9/30

  20/1506 [..............................] - ETA: 0s - loss: 0.0061 - acc: 1.0000
 400/1506 [======>.......................] - ETA: 0s - loss: 0.0023 - acc: 1.0000
 800/1506 [==============>...............] - ETA: 0s - loss: 0.0016 - acc: 1.0000
1200/1506 [======================>.......] - ETA: 0s - loss: 0.0015 - acc: 1.0000
1506/1506 [==============================] - 0s 138us/step - loss: 0.0015 - acc: 1.0000 - val_loss: 0.0428 - val_acc: 0.9828
Epoch 10/30

  20/1506 [..............................] - ETA: 0s - loss: 0.0011 - acc: 1.0000
 400/1506 [======>.......................] - ETA: 0s - loss: 8.4816e-04 - acc: 1.0000
 760/1506 [==============>...............] - ETA: 0s - loss: 8.0440e-04 - acc: 1.0000
1160/1506 [======================>.......] - ETA: 0s - loss: 0.0011 - acc: 1.0000    
1506/1506 [==============================] - 0s 138us/step - loss: 0.0011 - acc: 1.0000 - val_loss: 0.0442 - val_acc: 0.9828
Epoch 11/30

  20/1506 [..............................] - ETA: 0s - loss: 0.0012 - acc: 1.0000
 400/1506 [======>.......................] - ETA: 0s - loss: 7.7703e-04 - acc: 1.0000
 760/1506 [==============>...............] - ETA: 0s - loss: 7.2450e-04 - acc: 1.0000
1140/1506 [=====================>........] - ETA: 0s - loss: 8.7641e-04 - acc: 1.0000
1506/1506 [==============================] - 0s 142us/step - loss: 8.5156e-04 - acc: 1.0000 - val_loss: 0.0444 - val_acc: 0.9914
Epoch 12/30

  20/1506 [..............................] - ETA: 0s - loss: 4.8292e-04 - acc: 1.0000
 380/1506 [======>.......................] - ETA: 0s - loss: 7.6878e-04 - acc: 1.0000
 780/1506 [==============>...............] - ETA: 0s - loss: 6.4989e-04 - acc: 1.0000
1140/1506 [=====================>........] - ETA: 0s - loss: 6.9398e-04 - acc: 1.0000
1506/1506 [==============================] - 0s 142us/step - loss: 6.9689e-04 - acc: 1.0000 - val_loss: 0.0439 - val_acc: 0.9914
Epoch 13/30

  20/1506 [..............................] - ETA: 0s - loss: 3.7614e-04 - acc: 1.0000
 420/1506 [=======>......................] - ETA: 0s - loss: 5.3016e-04 - acc: 1.0000
 800/1506 [==============>...............] - ETA: 0s - loss: 6.2465e-04 - acc: 1.0000
1180/1506 [======================>.......] - ETA: 0s - loss: 6.3180e-04 - acc: 1.0000
1506/1506 [==============================] - 0s 135us/step - loss: 6.0426e-04 - acc: 1.0000 - val_loss: 0.0431 - val_acc: 0.9914
Epoch 14/30

  20/1506 [..............................] - ETA: 0s - loss: 1.9928e-04 - acc: 1.0000
 420/1506 [=======>......................] - ETA: 0s - loss: 7.4346e-04 - acc: 1.0000
 800/1506 [==============>...............] - ETA: 0s - loss: 6.1964e-04 - acc: 1.0000
1180/1506 [======================>.......] - ETA: 0s - loss: 5.6007e-04 - acc: 1.0000
1506/1506 [==============================] - 0s 138us/step - loss: 5.1849e-04 - acc: 1.0000 - val_loss: 0.0426 - val_acc: 0.9914
acc: 99.14%
Train on 1506 samples, validate on 116 samples
Epoch 1/30

  20/1506 [..............................] - ETA: 1:22 - loss: 0.7066 - acc: 0.3500
 500/1506 [========>.....................] - ETA: 2s - loss: 0.4608 - acc: 0.8160  
1000/1506 [==================>...........] - ETA: 0s - loss: 0.3010 - acc: 0.8920
1500/1506 [============================>.] - ETA: 0s - loss: 0.2261 - acc: 0.9213
1506/1506 [==============================] - 1s 924us/step - loss: 0.2276 - acc: 0.9203 - val_loss: 0.0375 - val_acc: 0.9914
Epoch 2/30

  20/1506 [..............................] - ETA: 0s - loss: 0.0157 - acc: 1.0000
 500/1506 [========>.....................] - ETA: 0s - loss: 0.0746 - acc: 0.9820
 980/1506 [==================>...........] - ETA: 0s - loss: 0.0568 - acc: 0.9857
1460/1506 [============================>.] - ETA: 0s - loss: 0.0561 - acc: 0.9842
1506/1506 [==============================] - 0s 111us/step - loss: 0.0572 - acc: 0.9841 - val_loss: 0.0364 - val_acc: 0.9828
Epoch 3/30

  20/1506 [..............................] - ETA: 0s - loss: 0.0152 - acc: 1.0000
 500/1506 [========>.....................] - ETA: 0s - loss: 0.0246 - acc: 0.9960
 960/1506 [==================>...........] - ETA: 0s - loss: 0.0271 - acc: 0.9937
1440/1506 [===========================>..] - ETA: 0s - loss: 0.0296 - acc: 0.9931
1506/1506 [==============================] - 0s 110us/step - loss: 0.0286 - acc: 0.9934 - val_loss: 0.0290 - val_acc: 0.9828
Epoch 4/30

  20/1506 [..............................] - ETA: 0s - loss: 0.0098 - acc: 1.0000
 480/1506 [========>.....................] - ETA: 0s - loss: 0.0154 - acc: 0.9958
 960/1506 [==================>...........] - ETA: 0s - loss: 0.0134 - acc: 0.9979
1440/1506 [===========================>..] - ETA: 0s - loss: 0.0122 - acc: 0.9979
1506/1506 [==============================] - 0s 110us/step - loss: 0.0137 - acc: 0.9973 - val_loss: 0.0174 - val_acc: 0.9914
Epoch 5/30

  20/1506 [..............................] - ETA: 0s - loss: 0.0036 - acc: 1.0000
 500/1506 [========>.....................] - ETA: 0s - loss: 0.0062 - acc: 1.0000
1000/1506 [==================>...........] - ETA: 0s - loss: 0.0080 - acc: 0.9990
1500/1506 [============================>.] - ETA: 0s - loss: 0.0091 - acc: 0.9987
1506/1506 [==============================] - 0s 107us/step - loss: 0.0091 - acc: 0.9987 - val_loss: 0.0366 - val_acc: 0.9741
Epoch 6/30

  20/1506 [..............................] - ETA: 0s - loss: 0.0076 - acc: 1.0000
 480/1506 [========>.....................] - ETA: 0s - loss: 0.0067 - acc: 1.0000
 960/1506 [==================>...........] - ETA: 0s - loss: 0.0079 - acc: 0.9990
1420/1506 [===========================>..] - ETA: 0s - loss: 0.0084 - acc: 0.9986
1506/1506 [==============================] - 0s 114us/step - loss: 0.0082 - acc: 0.9987 - val_loss: 0.0333 - val_acc: 0.9828
Epoch 7/30

  20/1506 [..............................] - ETA: 0s - loss: 0.0015 - acc: 1.0000
 480/1506 [========>.....................] - ETA: 0s - loss: 0.0030 - acc: 1.0000
 960/1506 [==================>...........] - ETA: 0s - loss: 0.0048 - acc: 0.9990
1440/1506 [===========================>..] - ETA: 0s - loss: 0.0046 - acc: 0.9993
1506/1506 [==============================] - 0s 110us/step - loss: 0.0046 - acc: 0.9993 - val_loss: 0.0234 - val_acc: 0.9914
Epoch 8/30

  20/1506 [..............................] - ETA: 0s - loss: 0.0019 - acc: 1.0000
 520/1506 [=========>....................] - ETA: 0s - loss: 0.0021 - acc: 1.0000
1000/1506 [==================>...........] - ETA: 0s - loss: 0.0020 - acc: 1.0000
1500/1506 [============================>.] - ETA: 0s - loss: 0.0026 - acc: 0.9993
1506/1506 [==============================] - 0s 108us/step - loss: 0.0026 - acc: 0.9993 - val_loss: 0.0228 - val_acc: 0.9914
Epoch 9/30

  20/1506 [..............................] - ETA: 0s - loss: 0.0023 - acc: 1.0000
 500/1506 [========>.....................] - ETA: 0s - loss: 0.0034 - acc: 1.0000
1000/1506 [==================>...........] - ETA: 0s - loss: 0.0024 - acc: 1.0000
1500/1506 [============================>.] - ETA: 0s - loss: 0.0022 - acc: 1.0000
1506/1506 [==============================] - 0s 107us/step - loss: 0.0021 - acc: 1.0000 - val_loss: 0.0228 - val_acc: 0.9914
Epoch 10/30

  20/1506 [..............................] - ETA: 0s - loss: 8.8205e-04 - acc: 1.0000
 520/1506 [=========>....................] - ETA: 0s - loss: 0.0013 - acc: 1.0000    
1000/1506 [==================>...........] - ETA: 0s - loss: 0.0013 - acc: 1.0000
1500/1506 [============================>.] - ETA: 0s - loss: 0.0012 - acc: 1.0000
1506/1506 [==============================] - 0s 108us/step - loss: 0.0012 - acc: 1.0000 - val_loss: 0.0219 - val_acc: 0.9914
Epoch 11/30

  20/1506 [..............................] - ETA: 0s - loss: 4.3710e-04 - acc: 1.0000
 520/1506 [=========>....................] - ETA: 0s - loss: 0.0012 - acc: 1.0000    
1000/1506 [==================>...........] - ETA: 0s - loss: 0.0010 - acc: 1.0000
1460/1506 [============================>.] - ETA: 0s - loss: 9.6170e-04 - acc: 1.0000
1506/1506 [==============================] - 0s 110us/step - loss: 9.8481e-04 - acc: 1.0000 - val_loss: 0.0219 - val_acc: 0.9914
acc: 99.14%
Train on 1506 samples, validate on 116 samples
Epoch 1/30

  20/1506 [..............................] - ETA: 1:40 - loss: 0.7083 - acc: 0.6000
 400/1506 [======>.......................] - ETA: 3s - loss: 0.5073 - acc: 0.7900  
 780/1506 [==============>...............] - ETA: 1s - loss: 0.3503 - acc: 0.8744
1160/1506 [======================>.......] - ETA: 0s - loss: 0.2651 - acc: 0.9095
1506/1506 [==============================] - 2s 1ms/step - loss: 0.2271 - acc: 0.9216 - val_loss: 0.0504 - val_acc: 0.9741
Epoch 2/30

  20/1506 [..............................] - ETA: 0s - loss: 0.0117 - acc: 1.0000
 420/1506 [=======>......................] - ETA: 0s - loss: 0.0526 - acc: 0.9857
 780/1506 [==============>...............] - ETA: 0s - loss: 0.0558 - acc: 0.9821
1140/1506 [=====================>........] - ETA: 0s - loss: 0.0474 - acc: 0.9860
1500/1506 [============================>.] - ETA: 0s - loss: 0.0535 - acc: 0.9853
1506/1506 [==============================] - 0s 144us/step - loss: 0.0535 - acc: 0.9854 - val_loss: 0.0404 - val_acc: 0.9914
Epoch 3/30

  20/1506 [..............................] - ETA: 0s - loss: 0.0147 - acc: 1.0000
 400/1506 [======>.......................] - ETA: 0s - loss: 0.0169 - acc: 1.0000
 760/1506 [==============>...............] - ETA: 0s - loss: 0.0208 - acc: 0.9974
1120/1506 [=====================>........] - ETA: 0s - loss: 0.0189 - acc: 0.9982
1480/1506 [============================>.] - ETA: 0s - loss: 0.0218 - acc: 0.9973
1506/1506 [==============================] - 0s 144us/step - loss: 0.0215 - acc: 0.9973 - val_loss: 0.0383 - val_acc: 0.9828
Epoch 4/30

  20/1506 [..............................] - ETA: 0s - loss: 0.0376 - acc: 1.0000
 400/1506 [======>.......................] - ETA: 0s - loss: 0.0158 - acc: 0.9975
 760/1506 [==============>...............] - ETA: 0s - loss: 0.0122 - acc: 0.9987
1160/1506 [======================>.......] - ETA: 0s - loss: 0.0131 - acc: 0.9983
1506/1506 [==============================] - 0s 139us/step - loss: 0.0128 - acc: 0.9980 - val_loss: 0.0265 - val_acc: 0.9914
Epoch 5/30

  20/1506 [..............................] - ETA: 0s - loss: 0.0030 - acc: 1.0000
 400/1506 [======>.......................] - ETA: 0s - loss: 0.0059 - acc: 1.0000
 760/1506 [==============>...............] - ETA: 0s - loss: 0.0082 - acc: 0.9987
1100/1506 [====================>.........] - ETA: 0s - loss: 0.0077 - acc: 0.9991
1480/1506 [============================>.] - ETA: 0s - loss: 0.0084 - acc: 0.9986
1506/1506 [==============================] - 0s 145us/step - loss: 0.0084 - acc: 0.9987 - val_loss: 0.0390 - val_acc: 0.9828
Epoch 6/30

  20/1506 [..............................] - ETA: 0s - loss: 0.0017 - acc: 1.0000
 400/1506 [======>.......................] - ETA: 0s - loss: 0.0137 - acc: 0.9950
 760/1506 [==============>...............] - ETA: 0s - loss: 0.0100 - acc: 0.9974
1120/1506 [=====================>........] - ETA: 0s - loss: 0.0082 - acc: 0.9982
1480/1506 [============================>.] - ETA: 0s - loss: 0.0069 - acc: 0.9986
1506/1506 [==============================] - 0s 143us/step - loss: 0.0068 - acc: 0.9987 - val_loss: 0.0318 - val_acc: 0.9828
Epoch 7/30

  20/1506 [..............................] - ETA: 0s - loss: 0.0019 - acc: 1.0000
 400/1506 [======>.......................] - ETA: 0s - loss: 0.0024 - acc: 1.0000
 780/1506 [==============>...............] - ETA: 0s - loss: 0.0032 - acc: 0.9987
1160/1506 [======================>.......] - ETA: 0s - loss: 0.0058 - acc: 0.9974
1506/1506 [==============================] - 0s 140us/step - loss: 0.0051 - acc: 0.9980 - val_loss: 0.0329 - val_acc: 0.9914
Epoch 8/30

  20/1506 [..............................] - ETA: 0s - loss: 0.0048 - acc: 1.0000
 400/1506 [======>.......................] - ETA: 0s - loss: 0.0038 - acc: 1.0000
 780/1506 [==============>...............] - ETA: 0s - loss: 0.0027 - acc: 1.0000
1160/1506 [======================>.......] - ETA: 0s - loss: 0.0027 - acc: 1.0000
1506/1506 [==============================] - 0s 139us/step - loss: 0.0025 - acc: 1.0000 - val_loss: 0.0345 - val_acc: 0.9828
Epoch 9/30

  20/1506 [..............................] - ETA: 0s - loss: 0.0014 - acc: 1.0000
 400/1506 [======>.......................] - ETA: 0s - loss: 0.0013 - acc: 1.0000
 780/1506 [==============>...............] - ETA: 0s - loss: 0.0013 - acc: 1.0000
1160/1506 [======================>.......] - ETA: 0s - loss: 0.0019 - acc: 1.0000
1506/1506 [==============================] - 0s 142us/step - loss: 0.0019 - acc: 1.0000 - val_loss: 0.0397 - val_acc: 0.9828
Epoch 10/30

  20/1506 [..............................] - ETA: 0s - loss: 0.0014 - acc: 1.0000
 380/1506 [======>.......................] - ETA: 0s - loss: 0.0016 - acc: 1.0000
 760/1506 [==============>...............] - ETA: 0s - loss: 0.0016 - acc: 1.0000
1120/1506 [=====================>........] - ETA: 0s - loss: 0.0014 - acc: 1.0000
1500/1506 [============================>.] - ETA: 0s - loss: 0.0015 - acc: 1.0000
1506/1506 [==============================] - 0s 143us/step - loss: 0.0015 - acc: 1.0000 - val_loss: 0.0342 - val_acc: 0.9828
Epoch 11/30

  20/1506 [..............................] - ETA: 0s - loss: 6.1064e-04 - acc: 1.0000
 400/1506 [======>.......................] - ETA: 0s - loss: 7.5731e-04 - acc: 1.0000
 780/1506 [==============>...............] - ETA: 0s - loss: 8.7835e-04 - acc: 1.0000
1160/1506 [======================>.......] - ETA: 0s - loss: 9.4800e-04 - acc: 1.0000
1506/1506 [==============================] - 0s 139us/step - loss: 0.0010 - acc: 1.0000 - val_loss: 0.0337 - val_acc: 0.9828
Epoch 12/30

  20/1506 [..............................] - ETA: 0s - loss: 4.2100e-04 - acc: 1.0000
 400/1506 [======>.......................] - ETA: 0s - loss: 7.1371e-04 - acc: 1.0000
 760/1506 [==============>...............] - ETA: 0s - loss: 9.8561e-04 - acc: 1.0000
1140/1506 [=====================>........] - ETA: 0s - loss: 9.2882e-04 - acc: 1.0000
1500/1506 [============================>.] - ETA: 0s - loss: 8.3542e-04 - acc: 1.0000
1506/1506 [==============================] - 0s 144us/step - loss: 8.3252e-04 - acc: 1.0000 - val_loss: 0.0351 - val_acc: 0.9828
acc: 99.14%
Train on 1506 samples, validate on 116 samples
Epoch 1/30

  20/1506 [..............................] - ETA: 2:05 - loss: 0.7010 - acc: 0.6000
 400/1506 [======>.......................] - ETA: 4s - loss: 0.4926 - acc: 0.7775  
 760/1506 [==============>...............] - ETA: 1s - loss: 0.3433 - acc: 0.8645
1120/1506 [=====================>........] - ETA: 0s - loss: 0.2698 - acc: 0.8982
1480/1506 [============================>.] - ETA: 0s - loss: 0.2289 - acc: 0.9142
1506/1506 [==============================] - 2s 1ms/step - loss: 0.2270 - acc: 0.9150 - val_loss: 0.0652 - val_acc: 0.9914
Epoch 2/30

  20/1506 [..............................] - ETA: 0s - loss: 0.0664 - acc: 1.0000
 400/1506 [======>.......................] - ETA: 0s - loss: 0.0507 - acc: 0.9925
 780/1506 [==============>...............] - ETA: 0s - loss: 0.0454 - acc: 0.9897
1200/1506 [======================>.......] - ETA: 0s - loss: 0.0465 - acc: 0.9883
1506/1506 [==============================] - 0s 128us/step - loss: 0.0468 - acc: 0.9887 - val_loss: 0.0702 - val_acc: 0.9655
Epoch 3/30

  20/1506 [..............................] - ETA: 0s - loss: 0.0218 - acc: 1.0000
 500/1506 [========>.....................] - ETA: 0s - loss: 0.0233 - acc: 0.9960
 980/1506 [==================>...........] - ETA: 0s - loss: 0.0197 - acc: 0.9980
1440/1506 [===========================>..] - ETA: 0s - loss: 0.0212 - acc: 0.9972
1506/1506 [==============================] - 0s 111us/step - loss: 0.0213 - acc: 0.9973 - val_loss: 0.0662 - val_acc: 0.9828
Epoch 4/30

  20/1506 [..............................] - ETA: 0s - loss: 0.0080 - acc: 1.0000
 480/1506 [========>.....................] - ETA: 0s - loss: 0.0101 - acc: 0.9979
 940/1506 [=================>............] - ETA: 0s - loss: 0.0089 - acc: 0.9989
1400/1506 [==========================>...] - ETA: 0s - loss: 0.0100 - acc: 0.9986
1506/1506 [==============================] - 0s 115us/step - loss: 0.0099 - acc: 0.9987 - val_loss: 0.0576 - val_acc: 0.9828
Epoch 5/30

  20/1506 [..............................] - ETA: 0s - loss: 0.0088 - acc: 1.0000
 480/1506 [========>.....................] - ETA: 0s - loss: 0.0090 - acc: 0.9979
 960/1506 [==================>...........] - ETA: 0s - loss: 0.0077 - acc: 0.9979
1440/1506 [===========================>..] - ETA: 0s - loss: 0.0069 - acc: 0.9986
1506/1506 [==============================] - 0s 111us/step - loss: 0.0067 - acc: 0.9987 - val_loss: 0.0651 - val_acc: 0.9828
Epoch 6/30

  20/1506 [..............................] - ETA: 0s - loss: 0.0014 - acc: 1.0000
 500/1506 [========>.....................] - ETA: 0s - loss: 0.0051 - acc: 0.9980
 980/1506 [==================>...........] - ETA: 0s - loss: 0.0046 - acc: 0.9990
1460/1506 [============================>.] - ETA: 0s - loss: 0.0040 - acc: 0.9993
1506/1506 [==============================] - 0s 110us/step - loss: 0.0039 - acc: 0.9993 - val_loss: 0.0677 - val_acc: 0.9828
Epoch 7/30

  20/1506 [..............................] - ETA: 0s - loss: 6.7625e-04 - acc: 1.0000
 500/1506 [========>.....................] - ETA: 0s - loss: 0.0019 - acc: 1.0000    
 960/1506 [==================>...........] - ETA: 0s - loss: 0.0020 - acc: 1.0000
1420/1506 [===========================>..] - ETA: 0s - loss: 0.0019 - acc: 1.0000
1506/1506 [==============================] - 0s 113us/step - loss: 0.0025 - acc: 0.9993 - val_loss: 0.0734 - val_acc: 0.9828
Epoch 8/30

  20/1506 [..............................] - ETA: 0s - loss: 0.0013 - acc: 1.0000
 500/1506 [========>.....................] - ETA: 0s - loss: 0.0021 - acc: 1.0000
 920/1506 [=================>............] - ETA: 0s - loss: 0.0018 - acc: 1.0000
1400/1506 [==========================>...] - ETA: 0s - loss: 0.0020 - acc: 1.0000
1506/1506 [==============================] - 0s 113us/step - loss: 0.0019 - acc: 1.0000 - val_loss: 0.0765 - val_acc: 0.9828
Epoch 9/30

  20/1506 [..............................] - ETA: 0s - loss: 0.0011 - acc: 1.0000
 480/1506 [========>.....................] - ETA: 0s - loss: 0.0012 - acc: 1.0000
 920/1506 [=================>............] - ETA: 0s - loss: 0.0013 - acc: 1.0000
1320/1506 [=========================>....] - ETA: 0s - loss: 0.0013 - acc: 1.0000
1506/1506 [==============================] - 0s 122us/step - loss: 0.0013 - acc: 1.0000 - val_loss: 0.0777 - val_acc: 0.9828
Epoch 10/30

  20/1506 [..............................] - ETA: 0s - loss: 7.6380e-04 - acc: 1.0000
 320/1506 [=====>........................] - ETA: 0s - loss: 8.3584e-04 - acc: 1.0000
 600/1506 [==========>...................] - ETA: 0s - loss: 8.1639e-04 - acc: 1.0000
1080/1506 [====================>.........] - ETA: 0s - loss: 0.0010 - acc: 1.0000    
1506/1506 [==============================] - 0s 137us/step - loss: 0.0010 - acc: 1.0000 - val_loss: 0.0811 - val_acc: 0.9828
Epoch 11/30

  20/1506 [..............................] - ETA: 0s - loss: 5.9250e-04 - acc: 1.0000
 480/1506 [========>.....................] - ETA: 0s - loss: 8.2098e-04 - acc: 1.0000
 960/1506 [==================>...........] - ETA: 0s - loss: 8.5860e-04 - acc: 1.0000
1400/1506 [==========================>...] - ETA: 0s - loss: 8.0690e-04 - acc: 1.0000
1506/1506 [==============================] - 0s 115us/step - loss: 8.0728e-04 - acc: 1.0000 - val_loss: 0.0819 - val_acc: 0.9828
acc: 99.14%
Train on 1507 samples, validate on 115 samples
Epoch 1/30

  20/1507 [..............................] - ETA: 1:49 - loss: 0.6736 - acc: 0.7500
 480/1507 [========>.....................] - ETA: 3s - loss: 0.4654 - acc: 0.7875  
 940/1507 [=================>............] - ETA: 0s - loss: 0.3128 - acc: 0.8745
1420/1507 [===========================>..] - ETA: 0s - loss: 0.2372 - acc: 0.9070
1507/1507 [==============================] - 2s 1ms/step - loss: 0.2271 - acc: 0.9111 - val_loss: 0.0920 - val_acc: 0.9652
Epoch 2/30

  20/1507 [..............................] - ETA: 0s - loss: 0.0767 - acc: 0.9500
 480/1507 [========>.....................] - ETA: 0s - loss: 0.0405 - acc: 0.9875
 940/1507 [=================>............] - ETA: 0s - loss: 0.0457 - acc: 0.9840
1400/1507 [==========================>...] - ETA: 0s - loss: 0.0476 - acc: 0.9836
1507/1507 [==============================] - 0s 116us/step - loss: 0.0505 - acc: 0.9834 - val_loss: 0.0750 - val_acc: 0.9826
Epoch 3/30

  20/1507 [..............................] - ETA: 0s - loss: 0.0087 - acc: 1.0000
 380/1507 [======>.......................] - ETA: 0s - loss: 0.0322 - acc: 0.9947
 740/1507 [=============>................] - ETA: 0s - loss: 0.0240 - acc: 0.9973
1080/1507 [====================>.........] - ETA: 0s - loss: 0.0238 - acc: 0.9972
1440/1507 [===========================>..] - ETA: 0s - loss: 0.0204 - acc: 0.9979
1507/1507 [==============================] - 0s 149us/step - loss: 0.0222 - acc: 0.9973 - val_loss: 0.0888 - val_acc: 0.9739
Epoch 4/30

  20/1507 [..............................] - ETA: 0s - loss: 0.0044 - acc: 1.0000
 380/1507 [======>.......................] - ETA: 0s - loss: 0.0128 - acc: 0.9974
 740/1507 [=============>................] - ETA: 0s - loss: 0.0099 - acc: 0.9986
1100/1507 [====================>.........] - ETA: 0s - loss: 0.0111 - acc: 0.9973
1460/1507 [============================>.] - ETA: 0s - loss: 0.0104 - acc: 0.9979
1507/1507 [==============================] - 0s 146us/step - loss: 0.0103 - acc: 0.9980 - val_loss: 0.0805 - val_acc: 0.9826
Epoch 5/30

  20/1507 [..............................] - ETA: 0s - loss: 0.0032 - acc: 1.0000
 440/1507 [=======>......................] - ETA: 0s - loss: 0.0040 - acc: 1.0000
 920/1507 [=================>............] - ETA: 0s - loss: 0.0045 - acc: 1.0000
1380/1507 [==========================>...] - ETA: 0s - loss: 0.0053 - acc: 0.9993
1507/1507 [==============================] - 0s 115us/step - loss: 0.0051 - acc: 0.9993 - val_loss: 0.0806 - val_acc: 0.9826
Epoch 6/30

  20/1507 [..............................] - ETA: 0s - loss: 0.0043 - acc: 1.0000
 460/1507 [========>.....................] - ETA: 0s - loss: 0.0033 - acc: 1.0000
 920/1507 [=================>............] - ETA: 0s - loss: 0.0037 - acc: 1.0000
1380/1507 [==========================>...] - ETA: 0s - loss: 0.0034 - acc: 1.0000
1507/1507 [==============================] - 0s 116us/step - loss: 0.0034 - acc: 1.0000 - val_loss: 0.0866 - val_acc: 0.9739
Epoch 7/30

  20/1507 [..............................] - ETA: 0s - loss: 0.0012 - acc: 1.0000
 500/1507 [========>.....................] - ETA: 0s - loss: 0.0019 - acc: 1.0000
 940/1507 [=================>............] - ETA: 0s - loss: 0.0029 - acc: 0.9989
1380/1507 [==========================>...] - ETA: 0s - loss: 0.0026 - acc: 0.9993
1507/1507 [==============================] - 0s 115us/step - loss: 0.0025 - acc: 0.9993 - val_loss: 0.0909 - val_acc: 0.9739
Epoch 8/30

  20/1507 [..............................] - ETA: 0s - loss: 0.0013 - acc: 1.0000
 520/1507 [=========>....................] - ETA: 0s - loss: 0.0013 - acc: 1.0000
1000/1507 [==================>...........] - ETA: 0s - loss: 0.0015 - acc: 1.0000
1480/1507 [============================>.] - ETA: 0s - loss: 0.0015 - acc: 1.0000
1507/1507 [==============================] - 0s 109us/step - loss: 0.0015 - acc: 1.0000 - val_loss: 0.0944 - val_acc: 0.9739
Epoch 9/30

  20/1507 [..............................] - ETA: 0s - loss: 0.0036 - acc: 1.0000
 500/1507 [========>.....................] - ETA: 0s - loss: 0.0012 - acc: 1.0000
 940/1507 [=================>............] - ETA: 0s - loss: 0.0011 - acc: 1.0000
1320/1507 [=========================>....] - ETA: 0s - loss: 0.0012 - acc: 1.0000
1507/1507 [==============================] - 0s 128us/step - loss: 0.0012 - acc: 1.0000 - val_loss: 0.0957 - val_acc: 0.9739
Epoch 10/30

  20/1507 [..............................] - ETA: 0s - loss: 2.6408e-04 - acc: 1.0000
 380/1507 [======>.......................] - ETA: 0s - loss: 6.8543e-04 - acc: 1.0000
 760/1507 [==============>...............] - ETA: 0s - loss: 7.6251e-04 - acc: 1.0000
1140/1507 [=====================>........] - ETA: 0s - loss: 8.5146e-04 - acc: 1.0000
1480/1507 [============================>.] - ETA: 0s - loss: 9.4699e-04 - acc: 1.0000
1507/1507 [==============================] - 0s 146us/step - loss: 9.3825e-04 - acc: 1.0000 - val_loss: 0.0971 - val_acc: 0.9739
Epoch 11/30

  20/1507 [..............................] - ETA: 0s - loss: 7.1313e-04 - acc: 1.0000
 380/1507 [======>.......................] - ETA: 0s - loss: 8.0010e-04 - acc: 1.0000
 760/1507 [==============>...............] - ETA: 0s - loss: 8.5557e-04 - acc: 1.0000
1140/1507 [=====================>........] - ETA: 0s - loss: 7.8949e-04 - acc: 1.0000
1507/1507 [==============================] - 0s 143us/step - loss: 7.8922e-04 - acc: 1.0000 - val_loss: 0.0983 - val_acc: 0.9739
Epoch 12/30

  20/1507 [..............................] - ETA: 0s - loss: 4.5490e-04 - acc: 1.0000
 380/1507 [======>.......................] - ETA: 0s - loss: 5.8297e-04 - acc: 1.0000
 740/1507 [=============>................] - ETA: 0s - loss: 5.4939e-04 - acc: 1.0000
1120/1507 [=====================>........] - ETA: 0s - loss: 5.9084e-04 - acc: 1.0000
1500/1507 [============================>.] - ETA: 0s - loss: 6.7251e-04 - acc: 1.0000
1507/1507 [==============================] - 0s 142us/step - loss: 6.7332e-04 - acc: 1.0000 - val_loss: 0.1004 - val_acc: 0.9739
Epoch 13/30

  20/1507 [..............................] - ETA: 0s - loss: 8.4266e-04 - acc: 1.0000
 380/1507 [======>.......................] - ETA: 0s - loss: 5.4238e-04 - acc: 1.0000
 740/1507 [=============>................] - ETA: 0s - loss: 5.5139e-04 - acc: 1.0000
1120/1507 [=====================>........] - ETA: 0s - loss: 5.5889e-04 - acc: 1.0000
1500/1507 [============================>.] - ETA: 0s - loss: 5.7854e-04 - acc: 1.0000
1507/1507 [==============================] - 0s 144us/step - loss: 5.7740e-04 - acc: 1.0000 - val_loss: 0.1010 - val_acc: 0.9739
Epoch 14/30

  20/1507 [..............................] - ETA: 0s - loss: 7.9495e-04 - acc: 1.0000
 380/1507 [======>.......................] - ETA: 0s - loss: 4.4593e-04 - acc: 1.0000
 740/1507 [=============>................] - ETA: 0s - loss: 5.1283e-04 - acc: 1.0000
1100/1507 [====================>.........] - ETA: 0s - loss: 4.9037e-04 - acc: 1.0000
1460/1507 [============================>.] - ETA: 0s - loss: 4.9006e-04 - acc: 1.0000
1507/1507 [==============================] - 0s 148us/step - loss: 5.0319e-04 - acc: 1.0000 - val_loss: 0.1021 - val_acc: 0.9739
acc: 98.26%
Train on 1507 samples, validate on 115 samples
Epoch 1/30

  20/1507 [..............................] - ETA: 2:28 - loss: 0.7184 - acc: 0.4500
 400/1507 [======>.......................] - ETA: 5s - loss: 0.5312 - acc: 0.7425  
 760/1507 [==============>...............] - ETA: 2s - loss: 0.3713 - acc: 0.8474
1120/1507 [=====================>........] - ETA: 0s - loss: 0.2832 - acc: 0.8875
1480/1507 [============================>.] - ETA: 0s - loss: 0.2339 - acc: 0.9095
1507/1507 [==============================] - 2s 2ms/step - loss: 0.2312 - acc: 0.9104 - val_loss: 0.0846 - val_acc: 0.9739
Epoch 2/30

  20/1507 [..............................] - ETA: 0s - loss: 0.0152 - acc: 1.0000
 380/1507 [======>.......................] - ETA: 0s - loss: 0.0464 - acc: 0.9921
 760/1507 [==============>...............] - ETA: 0s - loss: 0.0517 - acc: 0.9868
1100/1507 [====================>.........] - ETA: 0s - loss: 0.0501 - acc: 0.9855
1440/1507 [===========================>..] - ETA: 0s - loss: 0.0487 - acc: 0.9854
1507/1507 [==============================] - 0s 149us/step - loss: 0.0481 - acc: 0.9854 - val_loss: 0.0884 - val_acc: 0.9739
Epoch 3/30

  20/1507 [..............................] - ETA: 0s - loss: 0.0570 - acc: 0.9500
 380/1507 [======>.......................] - ETA: 0s - loss: 0.0290 - acc: 0.9895
 760/1507 [==============>...............] - ETA: 0s - loss: 0.0245 - acc: 0.9934
1120/1507 [=====================>........] - ETA: 0s - loss: 0.0218 - acc: 0.9955
1480/1507 [============================>.] - ETA: 0s - loss: 0.0233 - acc: 0.9953
1507/1507 [==============================] - 0s 147us/step - loss: 0.0229 - acc: 0.9954 - val_loss: 0.0923 - val_acc: 0.9826
Epoch 4/30

  20/1507 [..............................] - ETA: 0s - loss: 0.0050 - acc: 1.0000
 380/1507 [======>.......................] - ETA: 0s - loss: 0.0111 - acc: 1.0000
 740/1507 [=============>................] - ETA: 0s - loss: 0.0124 - acc: 0.9973
1100/1507 [====================>.........] - ETA: 0s - loss: 0.0106 - acc: 0.9982
1480/1507 [============================>.] - ETA: 0s - loss: 0.0119 - acc: 0.9973
1507/1507 [==============================] - 0s 146us/step - loss: 0.0138 - acc: 0.9967 - val_loss: 0.0801 - val_acc: 0.9826
Epoch 5/30

  20/1507 [..............................] - ETA: 0s - loss: 0.0048 - acc: 1.0000
 400/1507 [======>.......................] - ETA: 0s - loss: 0.0082 - acc: 1.0000
 780/1507 [==============>...............] - ETA: 0s - loss: 0.0079 - acc: 0.9987
1140/1507 [=====================>........] - ETA: 0s - loss: 0.0085 - acc: 0.9982
1500/1507 [============================>.] - ETA: 0s - loss: 0.0085 - acc: 0.9980
1507/1507 [==============================] - 0s 143us/step - loss: 0.0084 - acc: 0.9980 - val_loss: 0.0852 - val_acc: 0.9826
Epoch 6/30

  20/1507 [..............................] - ETA: 0s - loss: 0.0029 - acc: 1.0000
 380/1507 [======>.......................] - ETA: 0s - loss: 0.0052 - acc: 1.0000
 740/1507 [=============>................] - ETA: 0s - loss: 0.0046 - acc: 1.0000
1120/1507 [=====================>........] - ETA: 0s - loss: 0.0040 - acc: 1.0000
1500/1507 [============================>.] - ETA: 0s - loss: 0.0043 - acc: 0.9993
1507/1507 [==============================] - 0s 143us/step - loss: 0.0042 - acc: 0.9993 - val_loss: 0.0824 - val_acc: 0.9826
Epoch 7/30

  20/1507 [..............................] - ETA: 0s - loss: 0.0027 - acc: 1.0000
 380/1507 [======>.......................] - ETA: 0s - loss: 0.0039 - acc: 1.0000
 740/1507 [=============>................] - ETA: 0s - loss: 0.0031 - acc: 1.0000
1100/1507 [====================>.........] - ETA: 0s - loss: 0.0030 - acc: 1.0000
1460/1507 [============================>.] - ETA: 0s - loss: 0.0028 - acc: 1.0000
1507/1507 [==============================] - 0s 145us/step - loss: 0.0028 - acc: 1.0000 - val_loss: 0.0847 - val_acc: 0.9826
Epoch 8/30

  20/1507 [..............................] - ETA: 0s - loss: 7.4169e-04 - acc: 1.0000
 400/1507 [======>.......................] - ETA: 0s - loss: 0.0014 - acc: 1.0000    
 760/1507 [==============>...............] - ETA: 0s - loss: 0.0016 - acc: 1.0000
1120/1507 [=====================>........] - ETA: 0s - loss: 0.0016 - acc: 1.0000
1480/1507 [============================>.] - ETA: 0s - loss: 0.0017 - acc: 1.0000
1507/1507 [==============================] - 0s 144us/step - loss: 0.0017 - acc: 1.0000 - val_loss: 0.0865 - val_acc: 0.9826
Epoch 9/30

  20/1507 [..............................] - ETA: 0s - loss: 0.0025 - acc: 1.0000
 380/1507 [======>.......................] - ETA: 0s - loss: 0.0017 - acc: 1.0000
 760/1507 [==============>...............] - ETA: 0s - loss: 0.0014 - acc: 1.0000
1120/1507 [=====================>........] - ETA: 0s - loss: 0.0014 - acc: 1.0000
1460/1507 [============================>.] - ETA: 0s - loss: 0.0014 - acc: 1.0000
1507/1507 [==============================] - 0s 149us/step - loss: 0.0014 - acc: 1.0000 - val_loss: 0.0873 - val_acc: 0.9826
Epoch 10/30

  20/1507 [..............................] - ETA: 0s - loss: 9.9478e-04 - acc: 1.0000
 380/1507 [======>.......................] - ETA: 0s - loss: 9.6102e-04 - acc: 1.0000
 740/1507 [=============>................] - ETA: 0s - loss: 0.0010 - acc: 1.0000    
1120/1507 [=====================>........] - ETA: 0s - loss: 0.0010 - acc: 1.0000
1460/1507 [============================>.] - ETA: 0s - loss: 0.0011 - acc: 1.0000
1507/1507 [==============================] - 0s 148us/step - loss: 0.0011 - acc: 1.0000 - val_loss: 0.0899 - val_acc: 0.9826
Epoch 11/30

  20/1507 [..............................] - ETA: 0s - loss: 5.6194e-04 - acc: 1.0000
 400/1507 [======>.......................] - ETA: 0s - loss: 9.8198e-04 - acc: 1.0000
 780/1507 [==============>...............] - ETA: 0s - loss: 9.8146e-04 - acc: 1.0000
1160/1507 [======================>.......] - ETA: 0s - loss: 9.7363e-04 - acc: 1.0000
1507/1507 [==============================] - 0s 140us/step - loss: 9.0600e-04 - acc: 1.0000 - val_loss: 0.0910 - val_acc: 0.9826
Epoch 12/30

  20/1507 [..............................] - ETA: 0s - loss: 5.6743e-04 - acc: 1.0000
 380/1507 [======>.......................] - ETA: 0s - loss: 9.4380e-04 - acc: 1.0000
 740/1507 [=============>................] - ETA: 0s - loss: 8.9299e-04 - acc: 1.0000
1100/1507 [====================>.........] - ETA: 0s - loss: 8.3751e-04 - acc: 1.0000
1460/1507 [============================>.] - ETA: 0s - loss: 7.8449e-04 - acc: 1.0000
1507/1507 [==============================] - 0s 147us/step - loss: 7.7611e-04 - acc: 1.0000 - val_loss: 0.0922 - val_acc: 0.9826
Epoch 13/30

  20/1507 [..............................] - ETA: 0s - loss: 6.6524e-04 - acc: 1.0000
 360/1507 [======>.......................] - ETA: 0s - loss: 5.2772e-04 - acc: 1.0000
 720/1507 [=============>................] - ETA: 0s - loss: 5.5313e-04 - acc: 1.0000
1060/1507 [====================>.........] - ETA: 0s - loss: 5.2694e-04 - acc: 1.0000
1420/1507 [===========================>..] - ETA: 0s - loss: 6.3772e-04 - acc: 1.0000
1507/1507 [==============================] - 0s 151us/step - loss: 6.6564e-04 - acc: 1.0000 - val_loss: 0.0932 - val_acc: 0.9826
acc: 98.26%
Train on 1507 samples, validate on 115 samples
Epoch 1/30

  20/1507 [..............................] - ETA: 2:06 - loss: 0.6935 - acc: 0.5000
 480/1507 [========>.....................] - ETA: 3s - loss: 0.4529 - acc: 0.8063  
 960/1507 [==================>...........] - ETA: 1s - loss: 0.2990 - acc: 0.8833
1440/1507 [===========================>..] - ETA: 0s - loss: 0.2323 - acc: 0.9111
1507/1507 [==============================] - 2s 1ms/step - loss: 0.2288 - acc: 0.9131 - val_loss: 0.0809 - val_acc: 0.9652
Epoch 2/30

  20/1507 [..............................] - ETA: 0s - loss: 0.0221 - acc: 1.0000
 480/1507 [========>.....................] - ETA: 0s - loss: 0.0643 - acc: 0.9833
 940/1507 [=================>............] - ETA: 0s - loss: 0.0588 - acc: 0.9840
1400/1507 [==========================>...] - ETA: 0s - loss: 0.0578 - acc: 0.9814
1507/1507 [==============================] - 0s 116us/step - loss: 0.0547 - acc: 0.9827 - val_loss: 0.0772 - val_acc: 0.9826
Epoch 3/30

  20/1507 [..............................] - ETA: 0s - loss: 0.0209 - acc: 1.0000
 460/1507 [========>.....................] - ETA: 0s - loss: 0.0184 - acc: 0.9978
 880/1507 [================>.............] - ETA: 0s - loss: 0.0251 - acc: 0.9943
1340/1507 [=========================>....] - ETA: 0s - loss: 0.0264 - acc: 0.9940
1507/1507 [==============================] - 0s 119us/step - loss: 0.0253 - acc: 0.9947 - val_loss: 0.0569 - val_acc: 0.9826
Epoch 4/30

  20/1507 [..............................] - ETA: 0s - loss: 0.0136 - acc: 1.0000
 480/1507 [========>.....................] - ETA: 0s - loss: 0.0160 - acc: 0.9979
 940/1507 [=================>............] - ETA: 0s - loss: 0.0114 - acc: 0.9989
1420/1507 [===========================>..] - ETA: 0s - loss: 0.0134 - acc: 0.9979
1507/1507 [==============================] - 0s 113us/step - loss: 0.0131 - acc: 0.9980 - val_loss: 0.0651 - val_acc: 0.9826
Epoch 5/30

  20/1507 [..............................] - ETA: 0s - loss: 0.0026 - acc: 1.0000
 480/1507 [========>.....................] - ETA: 0s - loss: 0.0082 - acc: 1.0000
 940/1507 [=================>............] - ETA: 0s - loss: 0.0060 - acc: 1.0000
1400/1507 [==========================>...] - ETA: 0s - loss: 0.0096 - acc: 0.9979
1507/1507 [==============================] - 0s 117us/step - loss: 0.0102 - acc: 0.9980 - val_loss: 0.0604 - val_acc: 0.9826
Epoch 6/30

  20/1507 [..............................] - ETA: 0s - loss: 0.0179 - acc: 1.0000
 460/1507 [========>.....................] - ETA: 0s - loss: 0.0076 - acc: 0.9978
 920/1507 [=================>............] - ETA: 0s - loss: 0.0086 - acc: 0.9978
1360/1507 [==========================>...] - ETA: 0s - loss: 0.0068 - acc: 0.9985
1507/1507 [==============================] - 0s 115us/step - loss: 0.0065 - acc: 0.9987 - val_loss: 0.0552 - val_acc: 0.9826
Epoch 7/30

  20/1507 [..............................] - ETA: 0s - loss: 0.0016 - acc: 1.0000
 460/1507 [========>.....................] - ETA: 0s - loss: 0.0058 - acc: 1.0000
 900/1507 [================>.............] - ETA: 0s - loss: 0.0043 - acc: 1.0000
1360/1507 [==========================>...] - ETA: 0s - loss: 0.0038 - acc: 1.0000
1507/1507 [==============================] - 0s 116us/step - loss: 0.0036 - acc: 1.0000 - val_loss: 0.0588 - val_acc: 0.9826
Epoch 8/30

  20/1507 [..............................] - ETA: 0s - loss: 0.0011 - acc: 1.0000
 500/1507 [========>.....................] - ETA: 0s - loss: 0.0030 - acc: 1.0000
 980/1507 [==================>...........] - ETA: 0s - loss: 0.0024 - acc: 1.0000
1440/1507 [===========================>..] - ETA: 0s - loss: 0.0022 - acc: 1.0000
1507/1507 [==============================] - 0s 112us/step - loss: 0.0021 - acc: 1.0000 - val_loss: 0.0613 - val_acc: 0.9826
Epoch 9/30

  20/1507 [..............................] - ETA: 0s - loss: 8.8786e-04 - acc: 1.0000
 480/1507 [========>.....................] - ETA: 0s - loss: 0.0014 - acc: 1.0000    
 960/1507 [==================>...........] - ETA: 0s - loss: 0.0016 - acc: 1.0000
1440/1507 [===========================>..] - ETA: 0s - loss: 0.0015 - acc: 1.0000
1507/1507 [==============================] - 0s 112us/step - loss: 0.0015 - acc: 1.0000 - val_loss: 0.0625 - val_acc: 0.9826
Epoch 10/30

  20/1507 [..............................] - ETA: 0s - loss: 9.8488e-04 - acc: 1.0000
 500/1507 [========>.....................] - ETA: 0s - loss: 0.0010 - acc: 1.0000    
 960/1507 [==================>...........] - ETA: 0s - loss: 0.0014 - acc: 1.0000
1440/1507 [===========================>..] - ETA: 0s - loss: 0.0012 - acc: 1.0000
1507/1507 [==============================] - 0s 112us/step - loss: 0.0012 - acc: 1.0000 - val_loss: 0.0626 - val_acc: 0.9826
Epoch 11/30

  20/1507 [..............................] - ETA: 0s - loss: 7.3532e-04 - acc: 1.0000
 500/1507 [========>.....................] - ETA: 0s - loss: 7.9126e-04 - acc: 1.0000
 980/1507 [==================>...........] - ETA: 0s - loss: 9.2587e-04 - acc: 1.0000
1460/1507 [============================>.] - ETA: 0s - loss: 9.2231e-04 - acc: 1.0000
1507/1507 [==============================] - 0s 111us/step - loss: 9.1779e-04 - acc: 1.0000 - val_loss: 0.0639 - val_acc: 0.9826
Epoch 12/30

  20/1507 [..............................] - ETA: 0s - loss: 7.4319e-04 - acc: 1.0000
 480/1507 [========>.....................] - ETA: 0s - loss: 7.3834e-04 - acc: 1.0000
 960/1507 [==================>...........] - ETA: 0s - loss: 7.7019e-04 - acc: 1.0000
1420/1507 [===========================>..] - ETA: 0s - loss: 7.9011e-04 - acc: 1.0000
1507/1507 [==============================] - 0s 111us/step - loss: 7.8136e-04 - acc: 1.0000 - val_loss: 0.0642 - val_acc: 0.9826
acc: 98.26%
Train on 1507 samples, validate on 115 samples
Epoch 1/30

  20/1507 [..............................] - ETA: 2:42 - loss: 0.7300 - acc: 0.3500
 340/1507 [=====>........................] - ETA: 7s - loss: 0.5517 - acc: 0.7000  
 700/1507 [============>.................] - ETA: 2s - loss: 0.3943 - acc: 0.8229
1060/1507 [====================>.........] - ETA: 0s - loss: 0.3019 - acc: 0.8726
1380/1507 [==========================>...] - ETA: 0s - loss: 0.2498 - acc: 0.8957
1507/1507 [==============================] - 3s 2ms/step - loss: 0.2385 - acc: 0.9005 - val_loss: 0.0691 - val_acc: 0.9826
Epoch 2/30

  20/1507 [..............................] - ETA: 0s - loss: 0.0200 - acc: 1.0000
 380/1507 [======>.......................] - ETA: 0s - loss: 0.0497 - acc: 0.9921
 740/1507 [=============>................] - ETA: 0s - loss: 0.0504 - acc: 0.9892
1100/1507 [====================>.........] - ETA: 0s - loss: 0.0513 - acc: 0.9882
1440/1507 [===========================>..] - ETA: 0s - loss: 0.0526 - acc: 0.9861
1507/1507 [==============================] - 0s 149us/step - loss: 0.0520 - acc: 0.9861 - val_loss: 0.0436 - val_acc: 0.9826
Epoch 3/30

  20/1507 [..............................] - ETA: 0s - loss: 0.0178 - acc: 1.0000
 380/1507 [======>.......................] - ETA: 0s - loss: 0.0210 - acc: 1.0000
 740/1507 [=============>................] - ETA: 0s - loss: 0.0198 - acc: 0.9986
1100/1507 [====================>.........] - ETA: 0s - loss: 0.0233 - acc: 0.9973
1460/1507 [============================>.] - ETA: 0s - loss: 0.0252 - acc: 0.9959
1507/1507 [==============================] - 0s 148us/step - loss: 0.0252 - acc: 0.9954 - val_loss: 0.0337 - val_acc: 0.9826
Epoch 4/30

  20/1507 [..............................] - ETA: 0s - loss: 0.0542 - acc: 0.9500
 380/1507 [======>.......................] - ETA: 0s - loss: 0.0157 - acc: 0.9974
 740/1507 [=============>................] - ETA: 0s - loss: 0.0190 - acc: 0.9959
1080/1507 [====================>.........] - ETA: 0s - loss: 0.0161 - acc: 0.9972
1460/1507 [============================>.] - ETA: 0s - loss: 0.0141 - acc: 0.9979
1507/1507 [==============================] - 0s 148us/step - loss: 0.0139 - acc: 0.9980 - val_loss: 0.0303 - val_acc: 0.9913
Epoch 5/30

  20/1507 [..............................] - ETA: 0s - loss: 0.0027 - acc: 1.0000
 380/1507 [======>.......................] - ETA: 0s - loss: 0.0044 - acc: 1.0000
 740/1507 [=============>................] - ETA: 0s - loss: 0.0099 - acc: 0.9973
1080/1507 [====================>.........] - ETA: 0s - loss: 0.0091 - acc: 0.9981
1420/1507 [===========================>..] - ETA: 0s - loss: 0.0080 - acc: 0.9986
1507/1507 [==============================] - 0s 153us/step - loss: 0.0082 - acc: 0.9987 - val_loss: 0.0317 - val_acc: 0.9826
Epoch 6/30

  20/1507 [..............................] - ETA: 0s - loss: 0.0017 - acc: 1.0000
 380/1507 [======>.......................] - ETA: 0s - loss: 0.0035 - acc: 1.0000
 760/1507 [==============>...............] - ETA: 0s - loss: 0.0034 - acc: 1.0000
1140/1507 [=====================>........] - ETA: 0s - loss: 0.0054 - acc: 0.9991
1500/1507 [============================>.] - ETA: 0s - loss: 0.0049 - acc: 0.9993
1507/1507 [==============================] - 0s 145us/step - loss: 0.0049 - acc: 0.9993 - val_loss: 0.0295 - val_acc: 0.9826
Epoch 7/30

  20/1507 [..............................] - ETA: 0s - loss: 0.0048 - acc: 1.0000
 400/1507 [======>.......................] - ETA: 0s - loss: 0.0032 - acc: 1.0000
 780/1507 [==============>...............] - ETA: 0s - loss: 0.0029 - acc: 1.0000
1140/1507 [=====================>........] - ETA: 0s - loss: 0.0032 - acc: 1.0000
1500/1507 [============================>.] - ETA: 0s - loss: 0.0029 - acc: 1.0000
1507/1507 [==============================] - 0s 147us/step - loss: 0.0029 - acc: 1.0000 - val_loss: 0.0329 - val_acc: 0.9913
Epoch 8/30

  20/1507 [..............................] - ETA: 0s - loss: 0.0023 - acc: 1.0000
 380/1507 [======>.......................] - ETA: 0s - loss: 0.0019 - acc: 1.0000
 740/1507 [=============>................] - ETA: 0s - loss: 0.0019 - acc: 1.0000
1100/1507 [====================>.........] - ETA: 0s - loss: 0.0022 - acc: 1.0000
1460/1507 [============================>.] - ETA: 0s - loss: 0.0020 - acc: 1.0000
1507/1507 [==============================] - 0s 149us/step - loss: 0.0020 - acc: 1.0000 - val_loss: 0.0286 - val_acc: 0.9826
Epoch 9/30

  20/1507 [..............................] - ETA: 0s - loss: 3.0898e-04 - acc: 1.0000
 380/1507 [======>.......................] - ETA: 0s - loss: 0.0014 - acc: 1.0000    
 700/1507 [============>.................] - ETA: 0s - loss: 0.0014 - acc: 1.0000
1060/1507 [====================>.........] - ETA: 0s - loss: 0.0013 - acc: 1.0000
1420/1507 [===========================>..] - ETA: 0s - loss: 0.0013 - acc: 1.0000
1507/1507 [==============================] - 0s 151us/step - loss: 0.0015 - acc: 1.0000 - val_loss: 0.0285 - val_acc: 0.9826
Epoch 10/30

  20/1507 [..............................] - ETA: 0s - loss: 3.6940e-04 - acc: 1.0000
 400/1507 [======>.......................] - ETA: 0s - loss: 0.0013 - acc: 1.0000    
 780/1507 [==============>...............] - ETA: 0s - loss: 0.0011 - acc: 1.0000
1140/1507 [=====================>........] - ETA: 0s - loss: 0.0012 - acc: 1.0000
1500/1507 [============================>.] - ETA: 0s - loss: 0.0011 - acc: 1.0000
1507/1507 [==============================] - 0s 144us/step - loss: 0.0011 - acc: 1.0000 - val_loss: 0.0288 - val_acc: 0.9826
Epoch 11/30

  20/1507 [..............................] - ETA: 0s - loss: 6.2779e-04 - acc: 1.0000
 380/1507 [======>.......................] - ETA: 0s - loss: 7.7295e-04 - acc: 1.0000
 760/1507 [==============>...............] - ETA: 0s - loss: 7.7502e-04 - acc: 1.0000
1120/1507 [=====================>........] - ETA: 0s - loss: 8.3714e-04 - acc: 1.0000
1460/1507 [============================>.] - ETA: 0s - loss: 9.3345e-04 - acc: 1.0000
1507/1507 [==============================] - 0s 148us/step - loss: 9.5572e-04 - acc: 1.0000 - val_loss: 0.0296 - val_acc: 0.9913
Epoch 12/30

  20/1507 [..............................] - ETA: 0s - loss: 3.7193e-04 - acc: 1.0000
 380/1507 [======>.......................] - ETA: 0s - loss: 7.9837e-04 - acc: 1.0000
 740/1507 [=============>................] - ETA: 0s - loss: 7.5848e-04 - acc: 1.0000
1080/1507 [====================>.........] - ETA: 0s - loss: 7.5625e-04 - acc: 1.0000
1440/1507 [===========================>..] - ETA: 0s - loss: 8.0593e-04 - acc: 1.0000
1507/1507 [==============================] - 0s 148us/step - loss: 8.0212e-04 - acc: 1.0000 - val_loss: 0.0300 - val_acc: 0.9826
Epoch 13/30

  20/1507 [..............................] - ETA: 0s - loss: 6.3073e-04 - acc: 1.0000
 380/1507 [======>.......................] - ETA: 0s - loss: 7.0967e-04 - acc: 1.0000
 740/1507 [=============>................] - ETA: 0s - loss: 7.6061e-04 - acc: 1.0000
1120/1507 [=====================>........] - ETA: 0s - loss: 6.7548e-04 - acc: 1.0000
1480/1507 [============================>.] - ETA: 0s - loss: 6.5212e-04 - acc: 1.0000
1507/1507 [==============================] - 0s 146us/step - loss: 7.0065e-04 - acc: 1.0000 - val_loss: 0.0300 - val_acc: 0.9826
Epoch 14/30

  20/1507 [..............................] - ETA: 0s - loss: 0.0015 - acc: 1.0000
 380/1507 [======>.......................] - ETA: 0s - loss: 6.0033e-04 - acc: 1.0000
 760/1507 [==============>...............] - ETA: 0s - loss: 7.1087e-04 - acc: 1.0000
1100/1507 [====================>.........] - ETA: 0s - loss: 7.2298e-04 - acc: 1.0000
1460/1507 [============================>.] - ETA: 0s - loss: 6.6581e-04 - acc: 1.0000
1507/1507 [==============================] - 0s 149us/step - loss: 6.6025e-04 - acc: 1.0000 - val_loss: 0.0301 - val_acc: 0.9826
acc: 99.13%
Train on 1507 samples, validate on 115 samples
Epoch 1/30

  20/1507 [..............................] - ETA: 2:33 - loss: 0.7086 - acc: 0.4000
 480/1507 [========>.....................] - ETA: 4s - loss: 0.4487 - acc: 0.8229  
 880/1507 [================>.............] - ETA: 1s - loss: 0.3072 - acc: 0.8852
1320/1507 [=========================>....] - ETA: 0s - loss: 0.2322 - acc: 0.9152
1507/1507 [==============================] - 2s 2ms/step - loss: 0.2142 - acc: 0.9230 - val_loss: 0.0509 - val_acc: 0.9826
Epoch 2/30

  20/1507 [..............................] - ETA: 0s - loss: 0.0275 - acc: 1.0000
 480/1507 [========>.....................] - ETA: 0s - loss: 0.0517 - acc: 0.9896
 940/1507 [=================>............] - ETA: 0s - loss: 0.0468 - acc: 0.9904
1400/1507 [==========================>...] - ETA: 0s - loss: 0.0473 - acc: 0.9893
1507/1507 [==============================] - 0s 117us/step - loss: 0.0460 - acc: 0.9900 - val_loss: 0.0478 - val_acc: 0.9913
Epoch 3/30

  20/1507 [..............................] - ETA: 0s - loss: 0.0176 - acc: 1.0000
 480/1507 [========>.....................] - ETA: 0s - loss: 0.0155 - acc: 1.0000
 940/1507 [=================>............] - ETA: 0s - loss: 0.0186 - acc: 0.9979
1400/1507 [==========================>...] - ETA: 0s - loss: 0.0220 - acc: 0.9964
1507/1507 [==============================] - 0s 115us/step - loss: 0.0212 - acc: 0.9967 - val_loss: 0.0350 - val_acc: 0.9913
Epoch 4/30

  20/1507 [..............................] - ETA: 0s - loss: 0.0061 - acc: 1.0000
 480/1507 [========>.....................] - ETA: 0s - loss: 0.0075 - acc: 1.0000
 900/1507 [================>.............] - ETA: 0s - loss: 0.0122 - acc: 0.9978
1320/1507 [=========================>....] - ETA: 0s - loss: 0.0111 - acc: 0.9985
1507/1507 [==============================] - 0s 123us/step - loss: 0.0104 - acc: 0.9987 - val_loss: 0.0351 - val_acc: 0.9913
Epoch 5/30

  20/1507 [..............................] - ETA: 0s - loss: 0.0025 - acc: 1.0000
 460/1507 [========>.....................] - ETA: 0s - loss: 0.0042 - acc: 1.0000
 920/1507 [=================>............] - ETA: 0s - loss: 0.0087 - acc: 0.9989
1400/1507 [==========================>...] - ETA: 0s - loss: 0.0087 - acc: 0.9986
1507/1507 [==============================] - 0s 114us/step - loss: 0.0087 - acc: 0.9987 - val_loss: 0.0339 - val_acc: 0.9913
Epoch 6/30

  20/1507 [..............................] - ETA: 0s - loss: 0.0069 - acc: 1.0000
 480/1507 [========>.....................] - ETA: 0s - loss: 0.0060 - acc: 0.9979
 940/1507 [=================>............] - ETA: 0s - loss: 0.0054 - acc: 0.9989
1400/1507 [==========================>...] - ETA: 0s - loss: 0.0045 - acc: 0.9993
1507/1507 [==============================] - 0s 115us/step - loss: 0.0047 - acc: 0.9993 - val_loss: 0.0369 - val_acc: 0.9913
Epoch 7/30

  20/1507 [..............................] - ETA: 0s - loss: 0.0017 - acc: 1.0000
 480/1507 [========>.....................] - ETA: 0s - loss: 0.0024 - acc: 1.0000
 920/1507 [=================>............] - ETA: 0s - loss: 0.0023 - acc: 1.0000
1380/1507 [==========================>...] - ETA: 0s - loss: 0.0028 - acc: 0.9993
1507/1507 [==============================] - 0s 118us/step - loss: 0.0028 - acc: 0.9993 - val_loss: 0.0381 - val_acc: 0.9913
Epoch 8/30

  20/1507 [..............................] - ETA: 0s - loss: 0.0018 - acc: 1.0000
 460/1507 [========>.....................] - ETA: 0s - loss: 0.0024 - acc: 1.0000
 920/1507 [=================>............] - ETA: 0s - loss: 0.0022 - acc: 1.0000
1340/1507 [=========================>....] - ETA: 0s - loss: 0.0019 - acc: 1.0000
1507/1507 [==============================] - 0s 120us/step - loss: 0.0019 - acc: 1.0000 - val_loss: 0.0327 - val_acc: 0.9913
Epoch 9/30

  20/1507 [..............................] - ETA: 0s - loss: 9.7178e-04 - acc: 1.0000
 480/1507 [========>.....................] - ETA: 0s - loss: 9.4057e-04 - acc: 1.0000
 920/1507 [=================>............] - ETA: 0s - loss: 0.0015 - acc: 1.0000    
1360/1507 [==========================>...] - ETA: 0s - loss: 0.0016 - acc: 1.0000
1507/1507 [==============================] - 0s 120us/step - loss: 0.0016 - acc: 1.0000 - val_loss: 0.0334 - val_acc: 0.9913
Epoch 10/30

  20/1507 [..............................] - ETA: 0s - loss: 6.7034e-04 - acc: 1.0000
 480/1507 [========>.....................] - ETA: 0s - loss: 8.2816e-04 - acc: 1.0000
 960/1507 [==================>...........] - ETA: 0s - loss: 9.0521e-04 - acc: 1.0000
1420/1507 [===========================>..] - ETA: 0s - loss: 0.0013 - acc: 1.0000    
1507/1507 [==============================] - 0s 114us/step - loss: 0.0013 - acc: 1.0000 - val_loss: 0.0374 - val_acc: 0.9913
Epoch 11/30

  20/1507 [..............................] - ETA: 0s - loss: 0.0019 - acc: 1.0000
 480/1507 [========>.....................] - ETA: 0s - loss: 0.0027 - acc: 1.0000
 920/1507 [=================>............] - ETA: 0s - loss: 0.0018 - acc: 1.0000
1360/1507 [==========================>...] - ETA: 0s - loss: 0.0016 - acc: 1.0000
1507/1507 [==============================] - 0s 119us/step - loss: 0.0039 - acc: 0.9993 - val_loss: 0.0323 - val_acc: 0.9913
Epoch 12/30

  20/1507 [..............................] - ETA: 0s - loss: 0.0050 - acc: 1.0000
 440/1507 [=======>......................] - ETA: 0s - loss: 0.0021 - acc: 1.0000
 880/1507 [================>.............] - ETA: 0s - loss: 0.0014 - acc: 1.0000
1340/1507 [=========================>....] - ETA: 0s - loss: 0.0012 - acc: 1.0000
1507/1507 [==============================] - 0s 121us/step - loss: 0.0014 - acc: 1.0000 - val_loss: 0.0324 - val_acc: 0.9913
acc: 99.13%
Accuracy: 98.64% (+/- 0.78%)
