Train on 810 samples, validate on 812 samples
Epoch 1/30

 50/810 [>.............................] - ETA: 7s - loss: 0.6939 - acc: 0.5800
810/810 [==============================] - 1s 771us/step - loss: 0.3581 - acc: 0.8420 - val_loss: 0.1380 - val_acc: 0.9631
Epoch 2/30

 50/810 [>.............................] - ETA: 0s - loss: 0.0720 - acc: 1.0000
810/810 [==============================] - 0s 54us/step - loss: 0.0703 - acc: 0.9778 - val_loss: 0.1122 - val_acc: 0.9569
Epoch 3/30

 50/810 [>.............................] - ETA: 0s - loss: 0.0182 - acc: 1.0000
810/810 [==============================] - 0s 53us/step - loss: 0.0289 - acc: 0.9938 - val_loss: 0.1160 - val_acc: 0.9594
acc: 96.31%
Train on 812 samples, validate on 810 samples
Epoch 1/30

 50/812 [>.............................] - ETA: 9s - loss: 0.7103 - acc: 0.4200
812/812 [==============================] - 1s 886us/step - loss: 0.3763 - acc: 0.8424 - val_loss: 0.1075 - val_acc: 0.9753
Epoch 2/30

 50/812 [>.............................] - ETA: 0s - loss: 0.0878 - acc: 1.0000
812/812 [==============================] - 0s 57us/step - loss: 0.0810 - acc: 0.9778 - val_loss: 0.0683 - val_acc: 0.9765
Epoch 3/30

 50/812 [>.............................] - ETA: 0s - loss: 0.0177 - acc: 1.0000
812/812 [==============================] - 0s 53us/step - loss: 0.0302 - acc: 0.9926 - val_loss: 0.0624 - val_acc: 0.9778
Epoch 4/30

 50/812 [>.............................] - ETA: 0s - loss: 0.0409 - acc: 0.9800
812/812 [==============================] - 0s 55us/step - loss: 0.0152 - acc: 0.9963 - val_loss: 0.0583 - val_acc: 0.9790
Epoch 5/30

 50/812 [>.............................] - ETA: 0s - loss: 0.0043 - acc: 1.0000
812/812 [==============================] - 0s 55us/step - loss: 0.0073 - acc: 0.9988 - val_loss: 0.0612 - val_acc: 0.9753
Epoch 6/30

 50/812 [>.............................] - ETA: 0s - loss: 0.0122 - acc: 1.0000
812/812 [==============================] - 0s 63us/step - loss: 0.0046 - acc: 1.0000 - val_loss: 0.0620 - val_acc: 0.9765
acc: 97.90%
Accuracy: 97.10% (+/- 0.80%)
