Train on 1297 samples, validate on 325 samples
Epoch 1/30

  50/1297 [>.............................] - ETA: 12s - loss: 0.6646 - acc: 0.5800
1297/1297 [==============================] - 1s 456us/step - loss: 0.6026 - acc: 0.7733 - val_loss: 0.5161 - val_acc: 0.8923
Epoch 2/30

  50/1297 [>.............................] - ETA: 0s - loss: 0.4877 - acc: 1.0000
1297/1297 [==============================] - 0s 44us/step - loss: 0.3960 - acc: 0.9614 - val_loss: 0.3281 - val_acc: 0.9415
Epoch 3/30

  50/1297 [>.............................] - ETA: 0s - loss: 0.2787 - acc: 1.0000
1297/1297 [==============================] - 0s 44us/step - loss: 0.2258 - acc: 0.9769 - val_loss: 0.2137 - val_acc: 0.9446
Epoch 4/30

  50/1297 [>.............................] - ETA: 0s - loss: 0.1781 - acc: 0.9800
1297/1297 [==============================] - 0s 42us/step - loss: 0.1386 - acc: 0.9807 - val_loss: 0.1630 - val_acc: 0.9446
Epoch 5/30

  50/1297 [>.............................] - ETA: 0s - loss: 0.0870 - acc: 1.0000
1297/1297 [==============================] - 0s 45us/step - loss: 0.0986 - acc: 0.9823 - val_loss: 0.1408 - val_acc: 0.9477
Epoch 6/30

  50/1297 [>.............................] - ETA: 0s - loss: 0.0826 - acc: 1.0000
1297/1297 [==============================] - 0s 42us/step - loss: 0.0766 - acc: 0.9877 - val_loss: 0.1278 - val_acc: 0.9508
Epoch 7/30

  50/1297 [>.............................] - ETA: 0s - loss: 0.0593 - acc: 0.9800
1250/1297 [===========================>..] - ETA: 0s - loss: 0.0635 - acc: 0.9896
1297/1297 [==============================] - 0s 45us/step - loss: 0.0627 - acc: 0.9900 - val_loss: 0.1206 - val_acc: 0.9569
Epoch 8/30

  50/1297 [>.............................] - ETA: 0s - loss: 0.0496 - acc: 1.0000
1297/1297 [==============================] - 0s 45us/step - loss: 0.0525 - acc: 0.9931 - val_loss: 0.1147 - val_acc: 0.9569
Epoch 9/30

  50/1297 [>.............................] - ETA: 0s - loss: 0.0332 - acc: 1.0000
1297/1297 [==============================] - 0s 42us/step - loss: 0.0450 - acc: 0.9946 - val_loss: 0.1122 - val_acc: 0.9538
Epoch 10/30

  50/1297 [>.............................] - ETA: 0s - loss: 0.0259 - acc: 1.0000
1297/1297 [==============================] - 0s 42us/step - loss: 0.0392 - acc: 0.9954 - val_loss: 0.1100 - val_acc: 0.9569
Epoch 11/30

  50/1297 [>.............................] - ETA: 0s - loss: 0.0489 - acc: 0.9800
1297/1297 [==============================] - 0s 40us/step - loss: 0.0339 - acc: 0.9969 - val_loss: 0.1066 - val_acc: 0.9600
Epoch 12/30

  50/1297 [>.............................] - ETA: 0s - loss: 0.0282 - acc: 1.0000
1297/1297 [==============================] - 0s 41us/step - loss: 0.0298 - acc: 0.9969 - val_loss: 0.1060 - val_acc: 0.9569
Epoch 13/30

  50/1297 [>.............................] - ETA: 0s - loss: 0.0259 - acc: 1.0000
1297/1297 [==============================] - 0s 43us/step - loss: 0.0267 - acc: 0.9969 - val_loss: 0.1053 - val_acc: 0.9569
Epoch 14/30

  50/1297 [>.............................] - ETA: 0s - loss: 0.0176 - acc: 1.0000
1297/1297 [==============================] - 0s 41us/step - loss: 0.0237 - acc: 0.9969 - val_loss: 0.1045 - val_acc: 0.9569
Epoch 15/30

  50/1297 [>.............................] - ETA: 0s - loss: 0.0132 - acc: 1.0000
1297/1297 [==============================] - 0s 42us/step - loss: 0.0211 - acc: 0.9977 - val_loss: 0.1041 - val_acc: 0.9600
Epoch 16/30

  50/1297 [>.............................] - ETA: 0s - loss: 0.0126 - acc: 1.0000
1297/1297 [==============================] - 0s 44us/step - loss: 0.0190 - acc: 0.9977 - val_loss: 0.1046 - val_acc: 0.9538
Epoch 17/30

  50/1297 [>.............................] - ETA: 0s - loss: 0.0118 - acc: 1.0000
1297/1297 [==============================] - 0s 42us/step - loss: 0.0169 - acc: 0.9985 - val_loss: 0.1031 - val_acc: 0.9600
Epoch 18/30

  50/1297 [>.............................] - ETA: 0s - loss: 0.0213 - acc: 1.0000
1297/1297 [==============================] - 0s 43us/step - loss: 0.0157 - acc: 0.9985 - val_loss: 0.1026 - val_acc: 0.9569
Epoch 19/30

  50/1297 [>.............................] - ETA: 0s - loss: 0.0109 - acc: 1.0000
1297/1297 [==============================] - 0s 42us/step - loss: 0.0138 - acc: 0.9985 - val_loss: 0.1022 - val_acc: 0.9600
acc: 96.00%
Train on 1297 samples, validate on 325 samples
Epoch 1/30

  50/1297 [>.............................] - ETA: 13s - loss: 0.7087 - acc: 0.4600
1250/1297 [===========================>..] - ETA: 0s - loss: 0.6007 - acc: 0.7696 
1297/1297 [==============================] - 1s 519us/step - loss: 0.5973 - acc: 0.7741 - val_loss: 0.4955 - val_acc: 0.9169
Epoch 2/30

  50/1297 [>.............................] - ETA: 0s - loss: 0.4881 - acc: 0.9000
1250/1297 [===========================>..] - ETA: 0s - loss: 0.3788 - acc: 0.9624
1297/1297 [==============================] - 0s 46us/step - loss: 0.3748 - acc: 0.9622 - val_loss: 0.2878 - val_acc: 0.9692
Epoch 3/30

  50/1297 [>.............................] - ETA: 0s - loss: 0.2728 - acc: 0.9600
1250/1297 [===========================>..] - ETA: 0s - loss: 0.2108 - acc: 0.9704
1297/1297 [==============================] - 0s 47us/step - loss: 0.2098 - acc: 0.9699 - val_loss: 0.1768 - val_acc: 0.9723
Epoch 4/30

  50/1297 [>.............................] - ETA: 0s - loss: 0.1890 - acc: 0.9400
1250/1297 [===========================>..] - ETA: 0s - loss: 0.1346 - acc: 0.9744
1297/1297 [==============================] - 0s 46us/step - loss: 0.1329 - acc: 0.9746 - val_loss: 0.1333 - val_acc: 0.9723
Epoch 5/30

  50/1297 [>.............................] - ETA: 0s - loss: 0.0663 - acc: 1.0000
1150/1297 [=========================>....] - ETA: 0s - loss: 0.0983 - acc: 0.9835
1297/1297 [==============================] - 0s 49us/step - loss: 0.0979 - acc: 0.9823 - val_loss: 0.1138 - val_acc: 0.9723
Epoch 6/30

  50/1297 [>.............................] - ETA: 0s - loss: 0.0911 - acc: 0.9800
1200/1297 [==========================>...] - ETA: 0s - loss: 0.0782 - acc: 0.9850
1297/1297 [==============================] - 0s 47us/step - loss: 0.0779 - acc: 0.9846 - val_loss: 0.1015 - val_acc: 0.9723
Epoch 7/30

  50/1297 [>.............................] - ETA: 0s - loss: 0.0421 - acc: 1.0000
1250/1297 [===========================>..] - ETA: 0s - loss: 0.0651 - acc: 0.9864
1297/1297 [==============================] - 0s 48us/step - loss: 0.0649 - acc: 0.9869 - val_loss: 0.0953 - val_acc: 0.9723
Epoch 8/30

  50/1297 [>.............................] - ETA: 0s - loss: 0.0806 - acc: 0.9800
1200/1297 [==========================>...] - ETA: 0s - loss: 0.0565 - acc: 0.9900
1297/1297 [==============================] - 0s 48us/step - loss: 0.0553 - acc: 0.9907 - val_loss: 0.0914 - val_acc: 0.9723
Epoch 9/30

  50/1297 [>.............................] - ETA: 0s - loss: 0.0708 - acc: 1.0000
1200/1297 [==========================>...] - ETA: 0s - loss: 0.0470 - acc: 0.9917
1297/1297 [==============================] - 0s 48us/step - loss: 0.0472 - acc: 0.9907 - val_loss: 0.0862 - val_acc: 0.9754
Epoch 10/30

  50/1297 [>.............................] - ETA: 0s - loss: 0.0628 - acc: 0.9600
1200/1297 [==========================>...] - ETA: 0s - loss: 0.0406 - acc: 0.9925
1297/1297 [==============================] - 0s 48us/step - loss: 0.0409 - acc: 0.9931 - val_loss: 0.0840 - val_acc: 0.9754
Epoch 11/30

  50/1297 [>.............................] - ETA: 0s - loss: 0.0233 - acc: 1.0000
1200/1297 [==========================>...] - ETA: 0s - loss: 0.0360 - acc: 0.9950
1297/1297 [==============================] - 0s 49us/step - loss: 0.0362 - acc: 0.9946 - val_loss: 0.0821 - val_acc: 0.9785
Epoch 12/30

  50/1297 [>.............................] - ETA: 0s - loss: 0.0237 - acc: 1.0000
1297/1297 [==============================] - 0s 45us/step - loss: 0.0314 - acc: 0.9961 - val_loss: 0.0813 - val_acc: 0.9785
Epoch 13/30

  50/1297 [>.............................] - ETA: 0s - loss: 0.0178 - acc: 1.0000
1250/1297 [===========================>..] - ETA: 0s - loss: 0.0277 - acc: 0.9976
1297/1297 [==============================] - 0s 45us/step - loss: 0.0276 - acc: 0.9977 - val_loss: 0.0794 - val_acc: 0.9754
Epoch 14/30

  50/1297 [>.............................] - ETA: 0s - loss: 0.0185 - acc: 1.0000
1297/1297 [==============================] - 0s 42us/step - loss: 0.0244 - acc: 0.9969 - val_loss: 0.0787 - val_acc: 0.9785
Epoch 15/30

  50/1297 [>.............................] - ETA: 0s - loss: 0.0219 - acc: 1.0000
1297/1297 [==============================] - 0s 41us/step - loss: 0.0215 - acc: 0.9985 - val_loss: 0.0774 - val_acc: 0.9785
Epoch 16/30

  50/1297 [>.............................] - ETA: 0s - loss: 0.0285 - acc: 1.0000
1297/1297 [==============================] - 0s 42us/step - loss: 0.0194 - acc: 0.9985 - val_loss: 0.0772 - val_acc: 0.9785
Epoch 17/30

  50/1297 [>.............................] - ETA: 0s - loss: 0.0260 - acc: 1.0000
1297/1297 [==============================] - 0s 44us/step - loss: 0.0175 - acc: 0.9992 - val_loss: 0.0761 - val_acc: 0.9785
Epoch 18/30

  50/1297 [>.............................] - ETA: 0s - loss: 0.0125 - acc: 1.0000
1297/1297 [==============================] - 0s 43us/step - loss: 0.0157 - acc: 0.9992 - val_loss: 0.0759 - val_acc: 0.9785
Epoch 19/30

  50/1297 [>.............................] - ETA: 0s - loss: 0.0068 - acc: 1.0000
1297/1297 [==============================] - 0s 44us/step - loss: 0.0142 - acc: 0.9992 - val_loss: 0.0749 - val_acc: 0.9785
acc: 97.85%
Train on 1297 samples, validate on 325 samples
Epoch 1/30

  50/1297 [>.............................] - ETA: 16s - loss: 0.6829 - acc: 0.5000
1297/1297 [==============================] - 1s 617us/step - loss: 0.6212 - acc: 0.7340 - val_loss: 0.5252 - val_acc: 0.8954
Epoch 2/30

  50/1297 [>.............................] - ETA: 0s - loss: 0.5371 - acc: 0.8600
1297/1297 [==============================] - 0s 43us/step - loss: 0.4164 - acc: 0.9599 - val_loss: 0.3139 - val_acc: 0.9754
Epoch 3/30

  50/1297 [>.............................] - ETA: 0s - loss: 0.2789 - acc: 0.9800
1297/1297 [==============================] - 0s 42us/step - loss: 0.2335 - acc: 0.9769 - val_loss: 0.1740 - val_acc: 0.9754
Epoch 4/30

  50/1297 [>.............................] - ETA: 0s - loss: 0.1736 - acc: 0.9800
1297/1297 [==============================] - 0s 42us/step - loss: 0.1427 - acc: 0.9800 - val_loss: 0.1159 - val_acc: 0.9785
Epoch 5/30

  50/1297 [>.............................] - ETA: 0s - loss: 0.1337 - acc: 0.9800
1297/1297 [==============================] - 0s 42us/step - loss: 0.1024 - acc: 0.9830 - val_loss: 0.0917 - val_acc: 0.9785
Epoch 6/30

  50/1297 [>.............................] - ETA: 0s - loss: 0.1015 - acc: 0.9600
1297/1297 [==============================] - 0s 42us/step - loss: 0.0812 - acc: 0.9854 - val_loss: 0.0794 - val_acc: 0.9785
Epoch 7/30

  50/1297 [>.............................] - ETA: 0s - loss: 0.0569 - acc: 1.0000
1297/1297 [==============================] - 0s 45us/step - loss: 0.0670 - acc: 0.9869 - val_loss: 0.0715 - val_acc: 0.9785
Epoch 8/30

  50/1297 [>.............................] - ETA: 0s - loss: 0.1242 - acc: 0.9600
1297/1297 [==============================] - 0s 43us/step - loss: 0.0568 - acc: 0.9923 - val_loss: 0.0665 - val_acc: 0.9785
Epoch 9/30

  50/1297 [>.............................] - ETA: 0s - loss: 0.0987 - acc: 0.9600
1297/1297 [==============================] - 0s 43us/step - loss: 0.0486 - acc: 0.9931 - val_loss: 0.0616 - val_acc: 0.9785
Epoch 10/30

  50/1297 [>.............................] - ETA: 0s - loss: 0.0383 - acc: 1.0000
1297/1297 [==============================] - 0s 44us/step - loss: 0.0424 - acc: 0.9938 - val_loss: 0.0578 - val_acc: 0.9815
Epoch 11/30

  50/1297 [>.............................] - ETA: 0s - loss: 0.0360 - acc: 1.0000
1297/1297 [==============================] - 0s 43us/step - loss: 0.0370 - acc: 0.9946 - val_loss: 0.0572 - val_acc: 0.9754
Epoch 12/30

  50/1297 [>.............................] - ETA: 0s - loss: 0.0234 - acc: 1.0000
1297/1297 [==============================] - 0s 44us/step - loss: 0.0327 - acc: 0.9954 - val_loss: 0.0557 - val_acc: 0.9754
Epoch 13/30

  50/1297 [>.............................] - ETA: 0s - loss: 0.0259 - acc: 1.0000
1297/1297 [==============================] - 0s 42us/step - loss: 0.0290 - acc: 0.9954 - val_loss: 0.0516 - val_acc: 0.9785
Epoch 14/30

  50/1297 [>.............................] - ETA: 0s - loss: 0.0155 - acc: 1.0000
1297/1297 [==============================] - 0s 44us/step - loss: 0.0258 - acc: 0.9961 - val_loss: 0.0525 - val_acc: 0.9785
Epoch 15/30

  50/1297 [>.............................] - ETA: 0s - loss: 0.0136 - acc: 1.0000
1150/1297 [=========================>....] - ETA: 0s - loss: 0.0232 - acc: 0.9974
1297/1297 [==============================] - 0s 49us/step - loss: 0.0232 - acc: 0.9969 - val_loss: 0.0509 - val_acc: 0.9785
Epoch 16/30

  50/1297 [>.............................] - ETA: 0s - loss: 0.0183 - acc: 1.0000
1250/1297 [===========================>..] - ETA: 0s - loss: 0.0208 - acc: 0.9976
1297/1297 [==============================] - 0s 47us/step - loss: 0.0207 - acc: 0.9977 - val_loss: 0.0510 - val_acc: 0.9785
Epoch 17/30

  50/1297 [>.............................] - ETA: 0s - loss: 0.0135 - acc: 1.0000
1297/1297 [==============================] - 0s 42us/step - loss: 0.0189 - acc: 0.9977 - val_loss: 0.0505 - val_acc: 0.9785
Epoch 18/30

  50/1297 [>.............................] - ETA: 0s - loss: 0.0219 - acc: 1.0000
1297/1297 [==============================] - 0s 44us/step - loss: 0.0172 - acc: 0.9977 - val_loss: 0.0491 - val_acc: 0.9785
acc: 98.15%
Train on 1298 samples, validate on 324 samples
Epoch 1/30

  50/1298 [>.............................] - ETA: 20s - loss: 0.7079 - acc: 0.4000
1298/1298 [==============================] - 1s 732us/step - loss: 0.6060 - acc: 0.7573 - val_loss: 0.4966 - val_acc: 0.9198
Epoch 2/30

  50/1298 [>.............................] - ETA: 0s - loss: 0.4811 - acc: 0.9600
1100/1298 [========================>.....] - ETA: 0s - loss: 0.4057 - acc: 0.9664
1298/1298 [==============================] - 0s 52us/step - loss: 0.3931 - acc: 0.9661 - val_loss: 0.2939 - val_acc: 0.9660
Epoch 3/30

  50/1298 [>.............................] - ETA: 0s - loss: 0.2767 - acc: 1.0000
1298/1298 [==============================] - 0s 42us/step - loss: 0.2257 - acc: 0.9746 - val_loss: 0.1760 - val_acc: 0.9691
Epoch 4/30

  50/1298 [>.............................] - ETA: 0s - loss: 0.1751 - acc: 1.0000
1298/1298 [==============================] - 0s 44us/step - loss: 0.1413 - acc: 0.9784 - val_loss: 0.1300 - val_acc: 0.9691
Epoch 5/30

  50/1298 [>.............................] - ETA: 0s - loss: 0.1216 - acc: 0.9800
1250/1298 [===========================>..] - ETA: 0s - loss: 0.1026 - acc: 0.9808
1298/1298 [==============================] - 0s 45us/step - loss: 0.1020 - acc: 0.9807 - val_loss: 0.1088 - val_acc: 0.9722
Epoch 6/30

  50/1298 [>.............................] - ETA: 0s - loss: 0.1041 - acc: 0.9600
1250/1298 [===========================>..] - ETA: 0s - loss: 0.0803 - acc: 0.9832
1298/1298 [==============================] - 0s 45us/step - loss: 0.0797 - acc: 0.9831 - val_loss: 0.0976 - val_acc: 0.9691
Epoch 7/30

  50/1298 [>.............................] - ETA: 0s - loss: 0.0647 - acc: 0.9800
1298/1298 [==============================] - 0s 43us/step - loss: 0.0649 - acc: 0.9869 - val_loss: 0.0916 - val_acc: 0.9722
Epoch 8/30

  50/1298 [>.............................] - ETA: 0s - loss: 0.0924 - acc: 0.9600
1298/1298 [==============================] - 0s 45us/step - loss: 0.0535 - acc: 0.9915 - val_loss: 0.0877 - val_acc: 0.9722
Epoch 9/30

  50/1298 [>.............................] - ETA: 0s - loss: 0.0702 - acc: 0.9800
1250/1298 [===========================>..] - ETA: 0s - loss: 0.0463 - acc: 0.9936
1298/1298 [==============================] - 0s 45us/step - loss: 0.0458 - acc: 0.9938 - val_loss: 0.0845 - val_acc: 0.9722
Epoch 10/30

  50/1298 [>.............................] - ETA: 0s - loss: 0.0442 - acc: 1.0000
1298/1298 [==============================] - 0s 42us/step - loss: 0.0388 - acc: 0.9961 - val_loss: 0.0819 - val_acc: 0.9722
Epoch 11/30

  50/1298 [>.............................] - ETA: 0s - loss: 0.0251 - acc: 1.0000
1298/1298 [==============================] - 0s 43us/step - loss: 0.0336 - acc: 0.9969 - val_loss: 0.0810 - val_acc: 0.9722
Epoch 12/30

  50/1298 [>.............................] - ETA: 0s - loss: 0.0323 - acc: 1.0000
1298/1298 [==============================] - 0s 43us/step - loss: 0.0294 - acc: 0.9977 - val_loss: 0.0801 - val_acc: 0.9722
Epoch 13/30

  50/1298 [>.............................] - ETA: 0s - loss: 0.0180 - acc: 1.0000
1298/1298 [==============================] - 0s 41us/step - loss: 0.0255 - acc: 0.9977 - val_loss: 0.0789 - val_acc: 0.9722
acc: 97.22%
Train on 1299 samples, validate on 323 samples
Epoch 1/30

  50/1299 [>.............................] - ETA: 20s - loss: 0.7000 - acc: 0.5400
1299/1299 [==============================] - 1s 762us/step - loss: 0.6121 - acc: 0.7267 - val_loss: 0.5030 - val_acc: 0.9040
Epoch 2/30

  50/1299 [>.............................] - ETA: 0s - loss: 0.5036 - acc: 0.9000
1299/1299 [==============================] - 0s 47us/step - loss: 0.4077 - acc: 0.9523 - val_loss: 0.3013 - val_acc: 0.9690
Epoch 3/30

  50/1299 [>.............................] - ETA: 0s - loss: 0.2720 - acc: 0.9800
1299/1299 [==============================] - 0s 45us/step - loss: 0.2397 - acc: 0.9692 - val_loss: 0.1769 - val_acc: 0.9752
Epoch 4/30

  50/1299 [>.............................] - ETA: 0s - loss: 0.1262 - acc: 1.0000
1299/1299 [==============================] - 0s 44us/step - loss: 0.1519 - acc: 0.9761 - val_loss: 0.1239 - val_acc: 0.9721
Epoch 5/30

  50/1299 [>.............................] - ETA: 0s - loss: 0.1452 - acc: 0.9600
1299/1299 [==============================] - 0s 44us/step - loss: 0.1100 - acc: 0.9815 - val_loss: 0.1004 - val_acc: 0.9721
Epoch 6/30

  50/1299 [>.............................] - ETA: 0s - loss: 0.0826 - acc: 1.0000
1250/1299 [===========================>..] - ETA: 0s - loss: 0.0881 - acc: 0.9840
1299/1299 [==============================] - 0s 46us/step - loss: 0.0867 - acc: 0.9846 - val_loss: 0.0871 - val_acc: 0.9752
Epoch 7/30

  50/1299 [>.............................] - ETA: 0s - loss: 0.1207 - acc: 0.9600
1200/1299 [==========================>...] - ETA: 0s - loss: 0.0729 - acc: 0.9867
1299/1299 [==============================] - 0s 48us/step - loss: 0.0718 - acc: 0.9869 - val_loss: 0.0782 - val_acc: 0.9752
Epoch 8/30

  50/1299 [>.............................] - ETA: 0s - loss: 0.0681 - acc: 0.9800
1299/1299 [==============================] - 0s 45us/step - loss: 0.0608 - acc: 0.9908 - val_loss: 0.0718 - val_acc: 0.9752
Epoch 9/30

  50/1299 [>.............................] - ETA: 0s - loss: 0.0609 - acc: 0.9800
1299/1299 [==============================] - 0s 42us/step - loss: 0.0521 - acc: 0.9908 - val_loss: 0.0682 - val_acc: 0.9752
Epoch 10/30

  50/1299 [>.............................] - ETA: 0s - loss: 0.0305 - acc: 1.0000
1299/1299 [==============================] - 0s 44us/step - loss: 0.0458 - acc: 0.9923 - val_loss: 0.0647 - val_acc: 0.9783
Epoch 11/30

  50/1299 [>.............................] - ETA: 0s - loss: 0.0252 - acc: 1.0000
1299/1299 [==============================] - 0s 43us/step - loss: 0.0399 - acc: 0.9938 - val_loss: 0.0624 - val_acc: 0.9783
Epoch 12/30

  50/1299 [>.............................] - ETA: 0s - loss: 0.0280 - acc: 1.0000
1299/1299 [==============================] - 0s 43us/step - loss: 0.0356 - acc: 0.9946 - val_loss: 0.0614 - val_acc: 0.9783
Epoch 13/30

  50/1299 [>.............................] - ETA: 0s - loss: 0.0411 - acc: 1.0000
1299/1299 [==============================] - 0s 42us/step - loss: 0.0317 - acc: 0.9969 - val_loss: 0.0594 - val_acc: 0.9783
Epoch 14/30

  50/1299 [>.............................] - ETA: 0s - loss: 0.0194 - acc: 1.0000
1299/1299 [==============================] - 0s 44us/step - loss: 0.0282 - acc: 0.9969 - val_loss: 0.0581 - val_acc: 0.9783
Epoch 15/30

  50/1299 [>.............................] - ETA: 0s - loss: 0.0381 - acc: 0.9800
1299/1299 [==============================] - 0s 43us/step - loss: 0.0253 - acc: 0.9969 - val_loss: 0.0577 - val_acc: 0.9783
Epoch 16/30

  50/1299 [>.............................] - ETA: 0s - loss: 0.0248 - acc: 1.0000
1299/1299 [==============================] - 0s 44us/step - loss: 0.0230 - acc: 0.9969 - val_loss: 0.0566 - val_acc: 0.9783
Epoch 17/30

  50/1299 [>.............................] - ETA: 0s - loss: 0.0300 - acc: 1.0000
1250/1299 [===========================>..] - ETA: 0s - loss: 0.0209 - acc: 0.9968
1299/1299 [==============================] - 0s 45us/step - loss: 0.0208 - acc: 0.9969 - val_loss: 0.0557 - val_acc: 0.9814
Epoch 18/30

  50/1299 [>.............................] - ETA: 0s - loss: 0.0118 - acc: 1.0000
1250/1299 [===========================>..] - ETA: 0s - loss: 0.0179 - acc: 0.9984
1299/1299 [==============================] - 0s 45us/step - loss: 0.0188 - acc: 0.9977 - val_loss: 0.0548 - val_acc: 0.9783
Epoch 19/30

  50/1299 [>.............................] - ETA: 0s - loss: 0.0139 - acc: 1.0000
1299/1299 [==============================] - 0s 44us/step - loss: 0.0173 - acc: 0.9977 - val_loss: 0.0555 - val_acc: 0.9814
Epoch 20/30

  50/1299 [>.............................] - ETA: 0s - loss: 0.0082 - acc: 1.0000
1150/1299 [=========================>....] - ETA: 0s - loss: 0.0158 - acc: 0.9983
1299/1299 [==============================] - 0s 50us/step - loss: 0.0156 - acc: 0.9985 - val_loss: 0.0542 - val_acc: 0.9845
Epoch 21/30

  50/1299 [>.............................] - ETA: 0s - loss: 0.0126 - acc: 1.0000
1250/1299 [===========================>..] - ETA: 0s - loss: 0.0145 - acc: 0.9984
1299/1299 [==============================] - 0s 45us/step - loss: 0.0143 - acc: 0.9985 - val_loss: 0.0537 - val_acc: 0.9845
Epoch 22/30

  50/1299 [>.............................] - ETA: 0s - loss: 0.0148 - acc: 1.0000
1100/1299 [========================>.....] - ETA: 0s - loss: 0.0134 - acc: 0.9991
1299/1299 [==============================] - 0s 50us/step - loss: 0.0132 - acc: 0.9992 - val_loss: 0.0532 - val_acc: 0.9845
Epoch 23/30

  50/1299 [>.............................] - ETA: 0s - loss: 0.0081 - acc: 1.0000
1299/1299 [==============================] - 0s 47us/step - loss: 0.0122 - acc: 0.9985 - val_loss: 0.0530 - val_acc: 0.9845
Epoch 24/30

  50/1299 [>.............................] - ETA: 0s - loss: 0.0097 - acc: 1.0000
1299/1299 [==============================] - 0s 45us/step - loss: 0.0113 - acc: 0.9992 - val_loss: 0.0532 - val_acc: 0.9845
Epoch 25/30

  50/1299 [>.............................] - ETA: 0s - loss: 0.0110 - acc: 1.0000
1299/1299 [==============================] - 0s 43us/step - loss: 0.0103 - acc: 1.0000 - val_loss: 0.0523 - val_acc: 0.9845
Epoch 26/30

  50/1299 [>.............................] - ETA: 0s - loss: 0.0060 - acc: 1.0000
1299/1299 [==============================] - 0s 44us/step - loss: 0.0096 - acc: 1.0000 - val_loss: 0.0526 - val_acc: 0.9845
Epoch 27/30

  50/1299 [>.............................] - ETA: 0s - loss: 0.0063 - acc: 1.0000
1299/1299 [==============================] - 0s 43us/step - loss: 0.0089 - acc: 1.0000 - val_loss: 0.0518 - val_acc: 0.9845
Epoch 28/30

  50/1299 [>.............................] - ETA: 0s - loss: 0.0046 - acc: 1.0000
1250/1299 [===========================>..] - ETA: 0s - loss: 0.0083 - acc: 1.0000
1299/1299 [==============================] - 0s 47us/step - loss: 0.0083 - acc: 1.0000 - val_loss: 0.0521 - val_acc: 0.9845
acc: 98.45%
Accuracy: 97.53% (+/- 0.87%)
