Train on 1389 samples, validate on 233 samples
Epoch 1/30

  20/1389 [..............................] - ETA: 30s - loss: 0.6994 - acc: 0.5000
 640/1389 [============>.................] - ETA: 0s - loss: 0.3600 - acc: 0.8750 
1260/1389 [==========================>...] - ETA: 0s - loss: 0.2290 - acc: 0.9206
1389/1389 [==============================] - 1s 443us/step - loss: 0.2158 - acc: 0.9258 - val_loss: 0.1059 - val_acc: 0.9528
Epoch 2/30

  20/1389 [..............................] - ETA: 0s - loss: 0.0358 - acc: 1.0000
 620/1389 [============>.................] - ETA: 0s - loss: 0.0553 - acc: 0.9790
1200/1389 [========================>.....] - ETA: 0s - loss: 0.0474 - acc: 0.9842
1389/1389 [==============================] - 0s 91us/step - loss: 0.0483 - acc: 0.9834 - val_loss: 0.0863 - val_acc: 0.9614
Epoch 3/30

  20/1389 [..............................] - ETA: 0s - loss: 0.0071 - acc: 1.0000
 620/1389 [============>.................] - ETA: 0s - loss: 0.0252 - acc: 0.9952
1220/1389 [=========================>....] - ETA: 0s - loss: 0.0213 - acc: 0.9959
1389/1389 [==============================] - 0s 89us/step - loss: 0.0198 - acc: 0.9964 - val_loss: 0.0988 - val_acc: 0.9614
Epoch 4/30

  20/1389 [..............................] - ETA: 0s - loss: 0.0036 - acc: 1.0000
 620/1389 [============>.................] - ETA: 0s - loss: 0.0168 - acc: 0.9952
1220/1389 [=========================>....] - ETA: 0s - loss: 0.0136 - acc: 0.9975
1389/1389 [==============================] - 0s 88us/step - loss: 0.0127 - acc: 0.9978 - val_loss: 0.0969 - val_acc: 0.9657
Epoch 5/30

  20/1389 [..............................] - ETA: 0s - loss: 0.0015 - acc: 1.0000
 640/1389 [============>.................] - ETA: 0s - loss: 0.0074 - acc: 0.9984
1260/1389 [==========================>...] - ETA: 0s - loss: 0.0097 - acc: 0.9976
1389/1389 [==============================] - 0s 86us/step - loss: 0.0091 - acc: 0.9978 - val_loss: 0.0937 - val_acc: 0.9614
Epoch 6/30

  20/1389 [..............................] - ETA: 0s - loss: 0.0063 - acc: 1.0000
 640/1389 [============>.................] - ETA: 0s - loss: 0.0034 - acc: 1.0000
1220/1389 [=========================>....] - ETA: 0s - loss: 0.0047 - acc: 0.9984
1389/1389 [==============================] - 0s 89us/step - loss: 0.0046 - acc: 0.9986 - val_loss: 0.0902 - val_acc: 0.9742
Epoch 7/30

  20/1389 [..............................] - ETA: 0s - loss: 0.0037 - acc: 1.0000
 580/1389 [===========>..................] - ETA: 0s - loss: 0.0073 - acc: 0.9966
1160/1389 [========================>.....] - ETA: 0s - loss: 0.0056 - acc: 0.9974
1389/1389 [==============================] - 0s 93us/step - loss: 0.0050 - acc: 0.9978 - val_loss: 0.0889 - val_acc: 0.9614
Epoch 8/30

  20/1389 [..............................] - ETA: 0s - loss: 0.0014 - acc: 1.0000
 600/1389 [===========>..................] - ETA: 0s - loss: 0.0021 - acc: 1.0000
1180/1389 [========================>.....] - ETA: 0s - loss: 0.0020 - acc: 1.0000
1389/1389 [==============================] - 0s 93us/step - loss: 0.0020 - acc: 1.0000 - val_loss: 0.0933 - val_acc: 0.9614
Epoch 9/30

  20/1389 [..............................] - ETA: 0s - loss: 4.9347e-04 - acc: 1.0000
 600/1389 [===========>..................] - ETA: 0s - loss: 0.0012 - acc: 1.0000    
1180/1389 [========================>.....] - ETA: 0s - loss: 0.0011 - acc: 1.0000
1389/1389 [==============================] - 0s 94us/step - loss: 0.0014 - acc: 1.0000 - val_loss: 0.0918 - val_acc: 0.9614
Epoch 10/30

  20/1389 [..............................] - ETA: 0s - loss: 0.0011 - acc: 1.0000
 600/1389 [===========>..................] - ETA: 0s - loss: 0.0010 - acc: 1.0000
1200/1389 [========================>.....] - ETA: 0s - loss: 0.0012 - acc: 1.0000
1389/1389 [==============================] - 0s 89us/step - loss: 0.0011 - acc: 1.0000 - val_loss: 0.0939 - val_acc: 0.9614
Epoch 11/30

  20/1389 [..............................] - ETA: 0s - loss: 0.0012 - acc: 1.0000
 640/1389 [============>.................] - ETA: 0s - loss: 8.2531e-04 - acc: 1.0000
1240/1389 [=========================>....] - ETA: 0s - loss: 9.1450e-04 - acc: 1.0000
1389/1389 [==============================] - 0s 88us/step - loss: 9.0001e-04 - acc: 1.0000 - val_loss: 0.0933 - val_acc: 0.9614
Epoch 12/30

  20/1389 [..............................] - ETA: 0s - loss: 4.6425e-04 - acc: 1.0000
 620/1389 [============>.................] - ETA: 0s - loss: 5.6290e-04 - acc: 1.0000
1220/1389 [=========================>....] - ETA: 0s - loss: 6.6278e-04 - acc: 1.0000
1389/1389 [==============================] - 0s 90us/step - loss: 7.6143e-04 - acc: 1.0000 - val_loss: 0.0942 - val_acc: 0.9614
Epoch 13/30

  20/1389 [..............................] - ETA: 0s - loss: 7.7225e-04 - acc: 1.0000
 580/1389 [===========>..................] - ETA: 0s - loss: 6.1952e-04 - acc: 1.0000
1160/1389 [========================>.....] - ETA: 0s - loss: 6.7659e-04 - acc: 1.0000
1389/1389 [==============================] - 0s 94us/step - loss: 6.5678e-04 - acc: 1.0000 - val_loss: 0.0957 - val_acc: 0.9614
Epoch 14/30

  20/1389 [..............................] - ETA: 0s - loss: 3.1846e-04 - acc: 1.0000
 580/1389 [===========>..................] - ETA: 0s - loss: 6.4250e-04 - acc: 1.0000
1160/1389 [========================>.....] - ETA: 0s - loss: 5.6874e-04 - acc: 1.0000
1389/1389 [==============================] - 0s 95us/step - loss: 5.5818e-04 - acc: 1.0000 - val_loss: 0.0961 - val_acc: 0.9614
Epoch 15/30

  20/1389 [..............................] - ETA: 0s - loss: 3.2716e-04 - acc: 1.0000
 600/1389 [===========>..................] - ETA: 0s - loss: 4.1294e-04 - acc: 1.0000
1180/1389 [========================>.....] - ETA: 0s - loss: 4.8658e-04 - acc: 1.0000
1389/1389 [==============================] - 0s 92us/step - loss: 4.9405e-04 - acc: 1.0000 - val_loss: 0.0960 - val_acc: 0.9657
Epoch 16/30

  20/1389 [..............................] - ETA: 0s - loss: 3.0503e-04 - acc: 1.0000
 600/1389 [===========>..................] - ETA: 0s - loss: 3.6575e-04 - acc: 1.0000
1200/1389 [========================>.....] - ETA: 0s - loss: 4.0331e-04 - acc: 1.0000
1389/1389 [==============================] - 0s 90us/step - loss: 4.3196e-04 - acc: 1.0000 - val_loss: 0.0969 - val_acc: 0.9657
acc: 97.42%
Train on 1389 samples, validate on 233 samples
Epoch 1/30

  20/1389 [..............................] - ETA: 35s - loss: 0.6861 - acc: 0.6500
 640/1389 [============>.................] - ETA: 0s - loss: 0.3951 - acc: 0.8500 
1260/1389 [==========================>...] - ETA: 0s - loss: 0.2540 - acc: 0.9071
1389/1389 [==============================] - 1s 501us/step - loss: 0.2357 - acc: 0.9136 - val_loss: 0.0999 - val_acc: 0.9700
Epoch 2/30

  20/1389 [..............................] - ETA: 0s - loss: 0.0393 - acc: 1.0000
 560/1389 [===========>..................] - ETA: 0s - loss: 0.0478 - acc: 0.9893
1140/1389 [=======================>......] - ETA: 0s - loss: 0.0542 - acc: 0.9842
1389/1389 [==============================] - 0s 95us/step - loss: 0.0538 - acc: 0.9827 - val_loss: 0.0849 - val_acc: 0.9657
Epoch 3/30

  20/1389 [..............................] - ETA: 0s - loss: 0.0149 - acc: 1.0000
 620/1389 [============>.................] - ETA: 0s - loss: 0.0338 - acc: 0.9887
1200/1389 [========================>.....] - ETA: 0s - loss: 0.0275 - acc: 0.9925
1389/1389 [==============================] - 0s 92us/step - loss: 0.0258 - acc: 0.9935 - val_loss: 0.0534 - val_acc: 0.9700
Epoch 4/30

  20/1389 [..............................] - ETA: 0s - loss: 0.0098 - acc: 1.0000
 620/1389 [============>.................] - ETA: 0s - loss: 0.0245 - acc: 0.9919
1220/1389 [=========================>....] - ETA: 0s - loss: 0.0169 - acc: 0.9951
1389/1389 [==============================] - 0s 89us/step - loss: 0.0165 - acc: 0.9950 - val_loss: 0.0505 - val_acc: 0.9785
Epoch 5/30

  20/1389 [..............................] - ETA: 0s - loss: 0.0022 - acc: 1.0000
 620/1389 [============>.................] - ETA: 0s - loss: 0.0095 - acc: 0.9984
1220/1389 [=========================>....] - ETA: 0s - loss: 0.0100 - acc: 0.9975
1389/1389 [==============================] - 0s 89us/step - loss: 0.0094 - acc: 0.9978 - val_loss: 0.0552 - val_acc: 0.9828
Epoch 6/30

  20/1389 [..............................] - ETA: 0s - loss: 0.0093 - acc: 1.0000
 620/1389 [============>.................] - ETA: 0s - loss: 0.0069 - acc: 0.9984
1220/1389 [=========================>....] - ETA: 0s - loss: 0.0062 - acc: 0.9992
1389/1389 [==============================] - 0s 91us/step - loss: 0.0059 - acc: 0.9993 - val_loss: 0.0443 - val_acc: 0.9828
Epoch 7/30

  20/1389 [..............................] - ETA: 0s - loss: 0.0027 - acc: 1.0000
 600/1389 [===========>..................] - ETA: 0s - loss: 0.0033 - acc: 1.0000
1160/1389 [========================>.....] - ETA: 0s - loss: 0.0035 - acc: 0.9991
1389/1389 [==============================] - 0s 93us/step - loss: 0.0034 - acc: 0.9993 - val_loss: 0.0400 - val_acc: 0.9828
Epoch 8/30

  20/1389 [..............................] - ETA: 0s - loss: 0.0011 - acc: 1.0000
 600/1389 [===========>..................] - ETA: 0s - loss: 0.0029 - acc: 1.0000
1160/1389 [========================>.....] - ETA: 0s - loss: 0.0024 - acc: 1.0000
1389/1389 [==============================] - 0s 94us/step - loss: 0.0023 - acc: 1.0000 - val_loss: 0.0424 - val_acc: 0.9828
Epoch 9/30

  20/1389 [..............................] - ETA: 0s - loss: 0.0038 - acc: 1.0000
 600/1389 [===========>..................] - ETA: 0s - loss: 0.0016 - acc: 1.0000
1180/1389 [========================>.....] - ETA: 0s - loss: 0.0017 - acc: 1.0000
1389/1389 [==============================] - 0s 95us/step - loss: 0.0017 - acc: 1.0000 - val_loss: 0.0393 - val_acc: 0.9828
Epoch 10/30

  20/1389 [..............................] - ETA: 0s - loss: 9.3226e-04 - acc: 1.0000
 600/1389 [===========>..................] - ETA: 0s - loss: 0.0014 - acc: 1.0000    
1200/1389 [========================>.....] - ETA: 0s - loss: 0.0013 - acc: 1.0000
1389/1389 [==============================] - 0s 91us/step - loss: 0.0013 - acc: 1.0000 - val_loss: 0.0378 - val_acc: 0.9871
Epoch 11/30

  20/1389 [..............................] - ETA: 0s - loss: 5.2364e-04 - acc: 1.0000
 620/1389 [============>.................] - ETA: 0s - loss: 0.0010 - acc: 1.0000    
1220/1389 [=========================>....] - ETA: 0s - loss: 0.0010 - acc: 1.0000
1389/1389 [==============================] - 0s 90us/step - loss: 9.9929e-04 - acc: 1.0000 - val_loss: 0.0391 - val_acc: 0.9828
Epoch 12/30

  20/1389 [..............................] - ETA: 0s - loss: 0.0035 - acc: 1.0000
 600/1389 [===========>..................] - ETA: 0s - loss: 8.2429e-04 - acc: 1.0000
1160/1389 [========================>.....] - ETA: 0s - loss: 8.3631e-04 - acc: 1.0000
1389/1389 [==============================] - 0s 94us/step - loss: 8.6497e-04 - acc: 1.0000 - val_loss: 0.0384 - val_acc: 0.9828
Epoch 13/30

  20/1389 [..............................] - ETA: 0s - loss: 4.0041e-04 - acc: 1.0000
 580/1389 [===========>..................] - ETA: 0s - loss: 6.2961e-04 - acc: 1.0000
1160/1389 [========================>.....] - ETA: 0s - loss: 6.1583e-04 - acc: 1.0000
1389/1389 [==============================] - 0s 94us/step - loss: 7.4380e-04 - acc: 1.0000 - val_loss: 0.0382 - val_acc: 0.9828
Epoch 14/30

  20/1389 [..............................] - ETA: 0s - loss: 0.0011 - acc: 1.0000
 580/1389 [===========>..................] - ETA: 0s - loss: 6.9387e-04 - acc: 1.0000
1160/1389 [========================>.....] - ETA: 0s - loss: 6.3769e-04 - acc: 1.0000
1389/1389 [==============================] - 0s 93us/step - loss: 6.3457e-04 - acc: 1.0000 - val_loss: 0.0381 - val_acc: 0.9914
Epoch 15/30

  20/1389 [..............................] - ETA: 0s - loss: 4.7258e-04 - acc: 1.0000
 600/1389 [===========>..................] - ETA: 0s - loss: 5.2601e-04 - acc: 1.0000
1160/1389 [========================>.....] - ETA: 0s - loss: 5.0700e-04 - acc: 1.0000
1389/1389 [==============================] - 0s 94us/step - loss: 5.6586e-04 - acc: 1.0000 - val_loss: 0.0383 - val_acc: 0.9914
Epoch 16/30

  20/1389 [..............................] - ETA: 0s - loss: 6.3805e-04 - acc: 1.0000
 600/1389 [===========>..................] - ETA: 0s - loss: 5.2150e-04 - acc: 1.0000
1160/1389 [========================>.....] - ETA: 0s - loss: 5.1183e-04 - acc: 1.0000
1389/1389 [==============================] - 0s 93us/step - loss: 5.0308e-04 - acc: 1.0000 - val_loss: 0.0382 - val_acc: 0.9914
Epoch 17/30

  20/1389 [..............................] - ETA: 0s - loss: 5.6715e-04 - acc: 1.0000
 580/1389 [===========>..................] - ETA: 0s - loss: 4.4943e-04 - acc: 1.0000
1120/1389 [=======================>......] - ETA: 0s - loss: 4.6088e-04 - acc: 1.0000
1389/1389 [==============================] - 0s 99us/step - loss: 4.4023e-04 - acc: 1.0000 - val_loss: 0.0377 - val_acc: 0.9914
Epoch 18/30

  20/1389 [..............................] - ETA: 0s - loss: 2.8179e-04 - acc: 1.0000
 600/1389 [===========>..................] - ETA: 0s - loss: 4.5923e-04 - acc: 1.0000
1140/1389 [=======================>......] - ETA: 0s - loss: 4.1412e-04 - acc: 1.0000
1389/1389 [==============================] - 0s 95us/step - loss: 3.9275e-04 - acc: 1.0000 - val_loss: 0.0372 - val_acc: 0.9914
Epoch 19/30

  20/1389 [..............................] - ETA: 0s - loss: 4.7224e-04 - acc: 1.0000
 580/1389 [===========>..................] - ETA: 0s - loss: 3.9620e-04 - acc: 1.0000
1160/1389 [========================>.....] - ETA: 0s - loss: 3.5299e-04 - acc: 1.0000
1389/1389 [==============================] - 0s 96us/step - loss: 3.5288e-04 - acc: 1.0000 - val_loss: 0.0378 - val_acc: 0.9914
Epoch 20/30

  20/1389 [..............................] - ETA: 0s - loss: 2.5041e-04 - acc: 1.0000
 580/1389 [===========>..................] - ETA: 0s - loss: 2.9264e-04 - acc: 1.0000
1160/1389 [========================>.....] - ETA: 0s - loss: 3.2488e-04 - acc: 1.0000
1389/1389 [==============================] - 0s 94us/step - loss: 3.2425e-04 - acc: 1.0000 - val_loss: 0.0377 - val_acc: 0.9914
Epoch 21/30

  20/1389 [..............................] - ETA: 0s - loss: 4.7118e-04 - acc: 1.0000
 600/1389 [===========>..................] - ETA: 0s - loss: 2.3619e-04 - acc: 1.0000
1180/1389 [========================>.....] - ETA: 0s - loss: 2.8694e-04 - acc: 1.0000
1389/1389 [==============================] - 0s 92us/step - loss: 2.9430e-04 - acc: 1.0000 - val_loss: 0.0372 - val_acc: 0.9914
Epoch 22/30

  20/1389 [..............................] - ETA: 0s - loss: 2.6503e-04 - acc: 1.0000
 620/1389 [============>.................] - ETA: 0s - loss: 2.6557e-04 - acc: 1.0000
1220/1389 [=========================>....] - ETA: 0s - loss: 2.7031e-04 - acc: 1.0000
1389/1389 [==============================] - 0s 89us/step - loss: 2.6558e-04 - acc: 1.0000 - val_loss: 0.0375 - val_acc: 0.9914
Epoch 23/30

  20/1389 [..............................] - ETA: 0s - loss: 0.0011 - acc: 1.0000
 600/1389 [===========>..................] - ETA: 0s - loss: 3.0502e-04 - acc: 1.0000
1180/1389 [========================>.....] - ETA: 0s - loss: 2.5306e-04 - acc: 1.0000
1389/1389 [==============================] - 0s 94us/step - loss: 2.4436e-04 - acc: 1.0000 - val_loss: 0.0381 - val_acc: 0.9914
Epoch 24/30

  20/1389 [..............................] - ETA: 0s - loss: 0.0014 - acc: 1.0000
 560/1389 [===========>..................] - ETA: 0s - loss: 2.2285e-04 - acc: 1.0000
1140/1389 [=======================>......] - ETA: 0s - loss: 2.2534e-04 - acc: 1.0000
1389/1389 [==============================] - 0s 95us/step - loss: 2.2802e-04 - acc: 1.0000 - val_loss: 0.0375 - val_acc: 0.9914
acc: 99.14%
Train on 1390 samples, validate on 232 samples
Epoch 1/30

  20/1390 [..............................] - ETA: 41s - loss: 0.6999 - acc: 0.5000
 600/1390 [===========>..................] - ETA: 0s - loss: 0.4133 - acc: 0.8183 
1200/1390 [========================>.....] - ETA: 0s - loss: 0.2573 - acc: 0.8925
1390/1390 [==============================] - 1s 574us/step - loss: 0.2383 - acc: 0.9014 - val_loss: 0.1219 - val_acc: 0.9526
Epoch 2/30

  20/1390 [..............................] - ETA: 0s - loss: 0.1826 - acc: 0.9500
 620/1390 [============>.................] - ETA: 0s - loss: 0.0625 - acc: 0.9806
1220/1390 [=========================>....] - ETA: 0s - loss: 0.0515 - acc: 0.9828
1390/1390 [==============================] - 0s 89us/step - loss: 0.0533 - acc: 0.9820 - val_loss: 0.0912 - val_acc: 0.9612
Epoch 3/30

  20/1390 [..............................] - ETA: 0s - loss: 0.0226 - acc: 1.0000
 620/1390 [============>.................] - ETA: 0s - loss: 0.0266 - acc: 0.9968
1220/1390 [=========================>....] - ETA: 0s - loss: 0.0242 - acc: 0.9967
1390/1390 [==============================] - 0s 90us/step - loss: 0.0237 - acc: 0.9971 - val_loss: 0.0848 - val_acc: 0.9741
Epoch 4/30

  20/1390 [..............................] - ETA: 0s - loss: 0.0052 - acc: 1.0000
 520/1390 [==========>...................] - ETA: 0s - loss: 0.0152 - acc: 0.9981
1000/1390 [====================>.........] - ETA: 0s - loss: 0.0116 - acc: 0.9990
1390/1390 [==============================] - 0s 112us/step - loss: 0.0114 - acc: 0.9978 - val_loss: 0.0710 - val_acc: 0.9698
Epoch 5/30

  20/1390 [..............................] - ETA: 0s - loss: 0.0096 - acc: 1.0000
 520/1390 [==========>...................] - ETA: 0s - loss: 0.0085 - acc: 0.9981
1040/1390 [=====================>........] - ETA: 0s - loss: 0.0066 - acc: 0.9990
1390/1390 [==============================] - 0s 107us/step - loss: 0.0059 - acc: 0.9993 - val_loss: 0.0688 - val_acc: 0.9741
Epoch 6/30

  20/1390 [..............................] - ETA: 0s - loss: 0.0019 - acc: 1.0000
 520/1390 [==========>...................] - ETA: 0s - loss: 0.0027 - acc: 1.0000
1040/1390 [=====================>........] - ETA: 0s - loss: 0.0031 - acc: 1.0000
1390/1390 [==============================] - 0s 104us/step - loss: 0.0039 - acc: 1.0000 - val_loss: 0.0737 - val_acc: 0.9784
Epoch 7/30

  20/1390 [..............................] - ETA: 0s - loss: 0.0019 - acc: 1.0000
 520/1390 [==========>...................] - ETA: 0s - loss: 0.0022 - acc: 1.0000
1040/1390 [=====================>........] - ETA: 0s - loss: 0.0021 - acc: 1.0000
1390/1390 [==============================] - 0s 104us/step - loss: 0.0022 - acc: 1.0000 - val_loss: 0.0699 - val_acc: 0.9784
Epoch 8/30

  20/1390 [..............................] - ETA: 0s - loss: 9.6178e-04 - acc: 1.0000
 480/1390 [=========>....................] - ETA: 0s - loss: 0.0014 - acc: 1.0000    
 980/1390 [====================>.........] - ETA: 0s - loss: 0.0014 - acc: 1.0000
1390/1390 [==============================] - 0s 106us/step - loss: 0.0015 - acc: 1.0000 - val_loss: 0.0695 - val_acc: 0.9784
Epoch 9/30

  20/1390 [..............................] - ETA: 0s - loss: 6.8264e-04 - acc: 1.0000
 580/1390 [===========>..................] - ETA: 0s - loss: 0.0013 - acc: 1.0000    
1120/1390 [=======================>......] - ETA: 0s - loss: 0.0012 - acc: 1.0000
1390/1390 [==============================] - 0s 98us/step - loss: 0.0012 - acc: 1.0000 - val_loss: 0.0685 - val_acc: 0.9784
Epoch 10/30

  20/1390 [..............................] - ETA: 0s - loss: 0.0015 - acc: 1.0000
 560/1390 [===========>..................] - ETA: 0s - loss: 0.0011 - acc: 1.0000
1100/1390 [======================>.......] - ETA: 0s - loss: 0.0010 - acc: 1.0000
1390/1390 [==============================] - 0s 99us/step - loss: 9.8599e-04 - acc: 1.0000 - val_loss: 0.0688 - val_acc: 0.9784
Epoch 11/30

  20/1390 [..............................] - ETA: 0s - loss: 3.3024e-04 - acc: 1.0000
 560/1390 [===========>..................] - ETA: 0s - loss: 9.1875e-04 - acc: 1.0000
1040/1390 [=====================>........] - ETA: 0s - loss: 8.2744e-04 - acc: 1.0000
1390/1390 [==============================] - 0s 104us/step - loss: 8.2691e-04 - acc: 1.0000 - val_loss: 0.0690 - val_acc: 0.9784
Epoch 12/30

  20/1390 [..............................] - ETA: 0s - loss: 6.1206e-04 - acc: 1.0000
 520/1390 [==========>...................] - ETA: 0s - loss: 6.5557e-04 - acc: 1.0000
1000/1390 [====================>.........] - ETA: 0s - loss: 6.4561e-04 - acc: 1.0000
1390/1390 [==============================] - 0s 111us/step - loss: 7.1082e-04 - acc: 1.0000 - val_loss: 0.0691 - val_acc: 0.9784
Epoch 13/30

  20/1390 [..............................] - ETA: 0s - loss: 3.4779e-04 - acc: 1.0000
 540/1390 [==========>...................] - ETA: 0s - loss: 6.1925e-04 - acc: 1.0000
1080/1390 [======================>.......] - ETA: 0s - loss: 6.6349e-04 - acc: 1.0000
1390/1390 [==============================] - 0s 101us/step - loss: 6.1549e-04 - acc: 1.0000 - val_loss: 0.0691 - val_acc: 0.9784
Epoch 14/30

  20/1390 [..............................] - ETA: 0s - loss: 2.7319e-04 - acc: 1.0000
 540/1390 [==========>...................] - ETA: 0s - loss: 4.8551e-04 - acc: 1.0000
1080/1390 [======================>.......] - ETA: 0s - loss: 5.0127e-04 - acc: 1.0000
1390/1390 [==============================] - 0s 100us/step - loss: 5.4072e-04 - acc: 1.0000 - val_loss: 0.0694 - val_acc: 0.9784
Epoch 15/30

  20/1390 [..............................] - ETA: 0s - loss: 6.0880e-04 - acc: 1.0000
 560/1390 [===========>..................] - ETA: 0s - loss: 4.4143e-04 - acc: 1.0000
1100/1390 [======================>.......] - ETA: 0s - loss: 4.6904e-04 - acc: 1.0000
1390/1390 [==============================] - 0s 100us/step - loss: 4.7683e-04 - acc: 1.0000 - val_loss: 0.0696 - val_acc: 0.9784
Epoch 16/30

  20/1390 [..............................] - ETA: 0s - loss: 1.2062e-04 - acc: 1.0000
 560/1390 [===========>..................] - ETA: 0s - loss: 4.6036e-04 - acc: 1.0000
1100/1390 [======================>.......] - ETA: 0s - loss: 4.4801e-04 - acc: 1.0000
1390/1390 [==============================] - 0s 101us/step - loss: 4.2389e-04 - acc: 1.0000 - val_loss: 0.0700 - val_acc: 0.9784
acc: 97.84%
Train on 1391 samples, validate on 231 samples
Epoch 1/30

  20/1391 [..............................] - ETA: 49s - loss: 0.6782 - acc: 0.5500
 620/1391 [============>.................] - ETA: 0s - loss: 0.3952 - acc: 0.8452 
1220/1391 [=========================>....] - ETA: 0s - loss: 0.2617 - acc: 0.9025
1391/1391 [==============================] - 1s 664us/step - loss: 0.2433 - acc: 0.9080 - val_loss: 0.0620 - val_acc: 0.9870
Epoch 2/30

  20/1391 [..............................] - ETA: 0s - loss: 0.0596 - acc: 1.0000
 580/1391 [===========>..................] - ETA: 0s - loss: 0.0611 - acc: 0.9793
1160/1391 [========================>.....] - ETA: 0s - loss: 0.0658 - acc: 0.9819
1391/1391 [==============================] - 0s 93us/step - loss: 0.0603 - acc: 0.9842 - val_loss: 0.0467 - val_acc: 0.9913
Epoch 3/30

  20/1391 [..............................] - ETA: 0s - loss: 0.0205 - acc: 1.0000
 600/1391 [===========>..................] - ETA: 0s - loss: 0.0299 - acc: 0.9950
1200/1391 [========================>.....] - ETA: 0s - loss: 0.0318 - acc: 0.9900
1391/1391 [==============================] - 0s 91us/step - loss: 0.0289 - acc: 0.9914 - val_loss: 0.0426 - val_acc: 0.9870
Epoch 4/30

  20/1391 [..............................] - ETA: 0s - loss: 0.0036 - acc: 1.0000
 580/1391 [===========>..................] - ETA: 0s - loss: 0.0100 - acc: 0.9983
1160/1391 [========================>.....] - ETA: 0s - loss: 0.0147 - acc: 0.9966
1391/1391 [==============================] - 0s 95us/step - loss: 0.0151 - acc: 0.9964 - val_loss: 0.0377 - val_acc: 0.9913
Epoch 5/30

  20/1391 [..............................] - ETA: 0s - loss: 0.0062 - acc: 1.0000
 580/1391 [===========>..................] - ETA: 0s - loss: 0.0090 - acc: 0.9983
1140/1391 [=======================>......] - ETA: 0s - loss: 0.0084 - acc: 0.9982
1391/1391 [==============================] - 0s 97us/step - loss: 0.0085 - acc: 0.9978 - val_loss: 0.0365 - val_acc: 0.9827
Epoch 6/30

  20/1391 [..............................] - ETA: 0s - loss: 0.0351 - acc: 1.0000
 520/1391 [==========>...................] - ETA: 0s - loss: 0.0054 - acc: 1.0000
1040/1391 [=====================>........] - ETA: 0s - loss: 0.0048 - acc: 1.0000
1391/1391 [==============================] - 0s 104us/step - loss: 0.0044 - acc: 1.0000 - val_loss: 0.0338 - val_acc: 0.9870
Epoch 7/30

  20/1391 [..............................] - ETA: 0s - loss: 0.0023 - acc: 1.0000
 580/1391 [===========>..................] - ETA: 0s - loss: 0.0031 - acc: 1.0000
1120/1391 [=======================>......] - ETA: 0s - loss: 0.0032 - acc: 1.0000
1391/1391 [==============================] - 0s 98us/step - loss: 0.0031 - acc: 1.0000 - val_loss: 0.0348 - val_acc: 0.9870
Epoch 8/30

  20/1391 [..............................] - ETA: 0s - loss: 6.4502e-04 - acc: 1.0000
 560/1391 [===========>..................] - ETA: 0s - loss: 0.0021 - acc: 1.0000    
1120/1391 [=======================>......] - ETA: 0s - loss: 0.0022 - acc: 1.0000
1391/1391 [==============================] - 0s 97us/step - loss: 0.0021 - acc: 1.0000 - val_loss: 0.0361 - val_acc: 0.9870
Epoch 9/30

  20/1391 [..............................] - ETA: 0s - loss: 8.7143e-04 - acc: 1.0000
 560/1391 [===========>..................] - ETA: 0s - loss: 0.0017 - acc: 1.0000    
1100/1391 [======================>.......] - ETA: 0s - loss: 0.0016 - acc: 1.0000
1391/1391 [==============================] - 0s 98us/step - loss: 0.0016 - acc: 1.0000 - val_loss: 0.0364 - val_acc: 0.9870
Epoch 10/30

  20/1391 [..............................] - ETA: 0s - loss: 0.0018 - acc: 1.0000
 600/1391 [===========>..................] - ETA: 0s - loss: 0.0016 - acc: 1.0000
1180/1391 [========================>.....] - ETA: 0s - loss: 0.0013 - acc: 1.0000
1391/1391 [==============================] - 0s 92us/step - loss: 0.0013 - acc: 1.0000 - val_loss: 0.0372 - val_acc: 0.9870
Epoch 11/30

  20/1391 [..............................] - ETA: 0s - loss: 6.8662e-04 - acc: 1.0000
 540/1391 [==========>...................] - ETA: 0s - loss: 0.0010 - acc: 1.0000    
1100/1391 [======================>.......] - ETA: 0s - loss: 0.0011 - acc: 1.0000
1391/1391 [==============================] - 0s 97us/step - loss: 0.0011 - acc: 1.0000 - val_loss: 0.0365 - val_acc: 0.9870
Epoch 12/30

  20/1391 [..............................] - ETA: 0s - loss: 6.0902e-04 - acc: 1.0000
 580/1391 [===========>..................] - ETA: 0s - loss: 9.9401e-04 - acc: 1.0000
1160/1391 [========================>.....] - ETA: 0s - loss: 9.0105e-04 - acc: 1.0000
1391/1391 [==============================] - 0s 93us/step - loss: 8.9631e-04 - acc: 1.0000 - val_loss: 0.0380 - val_acc: 0.9870
acc: 99.13%
Train on 1391 samples, validate on 231 samples
Epoch 1/30

  20/1391 [..............................] - ETA: 53s - loss: 0.7021 - acc: 0.6000
 540/1391 [==========>...................] - ETA: 1s - loss: 0.4259 - acc: 0.7981 
1100/1391 [======================>.......] - ETA: 0s - loss: 0.2791 - acc: 0.8773
1391/1391 [==============================] - 1s 723us/step - loss: 0.2398 - acc: 0.8965 - val_loss: 0.0832 - val_acc: 0.9697
Epoch 2/30

  20/1391 [..............................] - ETA: 0s - loss: 0.0385 - acc: 1.0000
 580/1391 [===========>..................] - ETA: 0s - loss: 0.0527 - acc: 0.9897
1140/1391 [=======================>......] - ETA: 0s - loss: 0.0512 - acc: 0.9904
1391/1391 [==============================] - 0s 95us/step - loss: 0.0499 - acc: 0.9899 - val_loss: 0.0687 - val_acc: 0.9827
Epoch 3/30

  20/1391 [..............................] - ETA: 0s - loss: 0.0249 - acc: 1.0000
 600/1391 [===========>..................] - ETA: 0s - loss: 0.0263 - acc: 0.9950
1180/1391 [========================>.....] - ETA: 0s - loss: 0.0230 - acc: 0.9958
1391/1391 [==============================] - 0s 92us/step - loss: 0.0217 - acc: 0.9964 - val_loss: 0.0735 - val_acc: 0.9784
Epoch 4/30

  20/1391 [..............................] - ETA: 0s - loss: 0.0036 - acc: 1.0000
 620/1391 [============>.................] - ETA: 0s - loss: 0.0089 - acc: 0.9984
1220/1391 [=========================>....] - ETA: 0s - loss: 0.0086 - acc: 0.9984
1391/1391 [==============================] - 0s 90us/step - loss: 0.0098 - acc: 0.9971 - val_loss: 0.0786 - val_acc: 0.9740
Epoch 5/30

  20/1391 [..............................] - ETA: 0s - loss: 0.0019 - acc: 1.0000
 620/1391 [============>.................] - ETA: 0s - loss: 0.0061 - acc: 1.0000
1220/1391 [=========================>....] - ETA: 0s - loss: 0.0053 - acc: 1.0000
1391/1391 [==============================] - 0s 89us/step - loss: 0.0053 - acc: 1.0000 - val_loss: 0.0800 - val_acc: 0.9740
Epoch 6/30

  20/1391 [..............................] - ETA: 0s - loss: 0.0040 - acc: 1.0000
 580/1391 [===========>..................] - ETA: 0s - loss: 0.0026 - acc: 1.0000
1140/1391 [=======================>......] - ETA: 0s - loss: 0.0030 - acc: 1.0000
1320/1391 [===========================>..] - ETA: 0s - loss: 0.0029 - acc: 1.0000
1391/1391 [==============================] - 0s 122us/step - loss: 0.0030 - acc: 1.0000 - val_loss: 0.0827 - val_acc: 0.9740
Epoch 7/30

  20/1391 [..............................] - ETA: 0s - loss: 0.0019 - acc: 1.0000
 480/1391 [=========>....................] - ETA: 0s - loss: 0.0018 - acc: 1.0000
1040/1391 [=====================>........] - ETA: 0s - loss: 0.0021 - acc: 1.0000
1391/1391 [==============================] - 0s 105us/step - loss: 0.0020 - acc: 1.0000 - val_loss: 0.0868 - val_acc: 0.9740
Epoch 8/30

  20/1391 [..............................] - ETA: 0s - loss: 0.0031 - acc: 1.0000
 560/1391 [===========>..................] - ETA: 0s - loss: 0.0016 - acc: 1.0000
1100/1391 [======================>.......] - ETA: 0s - loss: 0.0015 - acc: 1.0000
1391/1391 [==============================] - 0s 99us/step - loss: 0.0015 - acc: 1.0000 - val_loss: 0.0881 - val_acc: 0.9740
Epoch 9/30

  20/1391 [..............................] - ETA: 0s - loss: 0.0019 - acc: 1.0000
 580/1391 [===========>..................] - ETA: 0s - loss: 0.0013 - acc: 1.0000
1140/1391 [=======================>......] - ETA: 0s - loss: 0.0012 - acc: 1.0000
1391/1391 [==============================] - 0s 95us/step - loss: 0.0012 - acc: 1.0000 - val_loss: 0.0902 - val_acc: 0.9740
Epoch 10/30

  20/1391 [..............................] - ETA: 0s - loss: 7.9706e-04 - acc: 1.0000
 580/1391 [===========>..................] - ETA: 0s - loss: 8.6760e-04 - acc: 1.0000
1140/1391 [=======================>......] - ETA: 0s - loss: 9.9009e-04 - acc: 1.0000
1391/1391 [==============================] - 0s 95us/step - loss: 9.9022e-04 - acc: 1.0000 - val_loss: 0.0926 - val_acc: 0.9740
Epoch 11/30

  20/1391 [..............................] - ETA: 0s - loss: 8.1330e-04 - acc: 1.0000
 580/1391 [===========>..................] - ETA: 0s - loss: 8.3070e-04 - acc: 1.0000
1120/1391 [=======================>......] - ETA: 0s - loss: 8.4531e-04 - acc: 1.0000
1391/1391 [==============================] - 0s 99us/step - loss: 8.2824e-04 - acc: 1.0000 - val_loss: 0.0944 - val_acc: 0.9740
Epoch 12/30

  20/1391 [..............................] - ETA: 0s - loss: 3.5217e-04 - acc: 1.0000
 580/1391 [===========>..................] - ETA: 0s - loss: 6.8584e-04 - acc: 1.0000
1140/1391 [=======================>......] - ETA: 0s - loss: 7.0228e-04 - acc: 1.0000
1391/1391 [==============================] - 0s 98us/step - loss: 7.0589e-04 - acc: 1.0000 - val_loss: 0.0953 - val_acc: 0.9740
acc: 98.27%
Train on 1391 samples, validate on 231 samples
Epoch 1/30

  20/1391 [..............................] - ETA: 1:03 - loss: 0.6832 - acc: 0.6500
 580/1391 [===========>..................] - ETA: 1s - loss: 0.4146 - acc: 0.8431  
1160/1391 [========================>.....] - ETA: 0s - loss: 0.2466 - acc: 0.9147
1391/1391 [==============================] - 1s 838us/step - loss: 0.2276 - acc: 0.9216 - val_loss: 0.0848 - val_acc: 0.9740
Epoch 2/30

  20/1391 [..............................] - ETA: 0s - loss: 0.0352 - acc: 1.0000
 580/1391 [===========>..................] - ETA: 0s - loss: 0.0468 - acc: 0.9879
1160/1391 [========================>.....] - ETA: 0s - loss: 0.0525 - acc: 0.9836
1391/1391 [==============================] - 0s 95us/step - loss: 0.0508 - acc: 0.9835 - val_loss: 0.0645 - val_acc: 0.9784
Epoch 3/30

  20/1391 [..............................] - ETA: 0s - loss: 0.0161 - acc: 1.0000
 580/1391 [===========>..................] - ETA: 0s - loss: 0.0171 - acc: 0.9983
1120/1391 [=======================>......] - ETA: 0s - loss: 0.0218 - acc: 0.9973
1391/1391 [==============================] - 0s 98us/step - loss: 0.0249 - acc: 0.9957 - val_loss: 0.0589 - val_acc: 0.9827
Epoch 4/30

  20/1391 [..............................] - ETA: 0s - loss: 0.0122 - acc: 1.0000
 540/1391 [==========>...................] - ETA: 0s - loss: 0.0166 - acc: 0.9944
1060/1391 [=====================>........] - ETA: 0s - loss: 0.0188 - acc: 0.9953
1391/1391 [==============================] - 0s 105us/step - loss: 0.0162 - acc: 0.9964 - val_loss: 0.0461 - val_acc: 0.9913
Epoch 5/30

  20/1391 [..............................] - ETA: 0s - loss: 0.0020 - acc: 1.0000
 540/1391 [==========>...................] - ETA: 0s - loss: 0.0076 - acc: 0.9981
1060/1391 [=====================>........] - ETA: 0s - loss: 0.0074 - acc: 0.9981
1391/1391 [==============================] - 0s 104us/step - loss: 0.0075 - acc: 0.9986 - val_loss: 0.0461 - val_acc: 0.9913
Epoch 6/30

  20/1391 [..............................] - ETA: 0s - loss: 0.0012 - acc: 1.0000
 520/1391 [==========>...................] - ETA: 0s - loss: 0.0030 - acc: 1.0000
1040/1391 [=====================>........] - ETA: 0s - loss: 0.0065 - acc: 0.9990
1391/1391 [==============================] - 0s 105us/step - loss: 0.0071 - acc: 0.9986 - val_loss: 0.0516 - val_acc: 0.9913
Epoch 7/30

  20/1391 [..............................] - ETA: 0s - loss: 0.0031 - acc: 1.0000
 540/1391 [==========>...................] - ETA: 0s - loss: 0.0035 - acc: 1.0000
1060/1391 [=====================>........] - ETA: 0s - loss: 0.0028 - acc: 1.0000
1391/1391 [==============================] - 0s 104us/step - loss: 0.0047 - acc: 0.9993 - val_loss: 0.0511 - val_acc: 0.9870
Epoch 8/30

  20/1391 [..............................] - ETA: 0s - loss: 0.0022 - acc: 1.0000
 540/1391 [==========>...................] - ETA: 0s - loss: 0.0031 - acc: 1.0000
1060/1391 [=====================>........] - ETA: 0s - loss: 0.0026 - acc: 1.0000
1391/1391 [==============================] - 0s 104us/step - loss: 0.0027 - acc: 1.0000 - val_loss: 0.0486 - val_acc: 0.9913
Epoch 9/30

  20/1391 [..............................] - ETA: 0s - loss: 6.4564e-04 - acc: 1.0000
 520/1391 [==========>...................] - ETA: 0s - loss: 0.0022 - acc: 1.0000    
1020/1391 [====================>.........] - ETA: 0s - loss: 0.0018 - acc: 1.0000
1391/1391 [==============================] - 0s 106us/step - loss: 0.0018 - acc: 1.0000 - val_loss: 0.0507 - val_acc: 0.9913
Epoch 10/30

  20/1391 [..............................] - ETA: 0s - loss: 6.2596e-04 - acc: 1.0000
 540/1391 [==========>...................] - ETA: 0s - loss: 0.0015 - acc: 1.0000    
1060/1391 [=====================>........] - ETA: 0s - loss: 0.0012 - acc: 1.0000
1391/1391 [==============================] - 0s 104us/step - loss: 0.0012 - acc: 1.0000 - val_loss: 0.0505 - val_acc: 0.9913
Epoch 11/30

  20/1391 [..............................] - ETA: 0s - loss: 8.7707e-04 - acc: 1.0000
 540/1391 [==========>...................] - ETA: 0s - loss: 0.0011 - acc: 1.0000    
1060/1391 [=====================>........] - ETA: 0s - loss: 0.0010 - acc: 1.0000
1391/1391 [==============================] - 0s 103us/step - loss: 9.7256e-04 - acc: 1.0000 - val_loss: 0.0506 - val_acc: 0.9913
Epoch 12/30

  20/1391 [..............................] - ETA: 0s - loss: 2.9560e-04 - acc: 1.0000
 560/1391 [===========>..................] - ETA: 0s - loss: 7.8493e-04 - acc: 1.0000
1100/1391 [======================>.......] - ETA: 0s - loss: 8.3445e-04 - acc: 1.0000
1391/1391 [==============================] - 0s 100us/step - loss: 7.9200e-04 - acc: 1.0000 - val_loss: 0.0508 - val_acc: 0.9913
Epoch 13/30

  20/1391 [..............................] - ETA: 0s - loss: 6.7547e-04 - acc: 1.0000
 560/1391 [===========>..................] - ETA: 0s - loss: 7.0716e-04 - acc: 1.0000
1140/1391 [=======================>......] - ETA: 0s - loss: 6.3484e-04 - acc: 1.0000
1391/1391 [==============================] - 0s 95us/step - loss: 6.9297e-04 - acc: 1.0000 - val_loss: 0.0515 - val_acc: 0.9913
Epoch 14/30

  20/1391 [..............................] - ETA: 0s - loss: 2.1401e-04 - acc: 1.0000
 580/1391 [===========>..................] - ETA: 0s - loss: 5.5919e-04 - acc: 1.0000
1100/1391 [======================>.......] - ETA: 0s - loss: 5.4878e-04 - acc: 1.0000
1391/1391 [==============================] - 0s 98us/step - loss: 5.9528e-04 - acc: 1.0000 - val_loss: 0.0516 - val_acc: 0.9913
acc: 99.13%
Train on 1391 samples, validate on 231 samples
Epoch 1/30

  20/1391 [..............................] - ETA: 1:09 - loss: 0.7064 - acc: 0.5500
 540/1391 [==========>...................] - ETA: 1s - loss: 0.4262 - acc: 0.8259  
1100/1391 [======================>.......] - ETA: 0s - loss: 0.2734 - acc: 0.8982
1391/1391 [==============================] - 1s 904us/step - loss: 0.2346 - acc: 0.9130 - val_loss: 0.0592 - val_acc: 0.9870
Epoch 2/30

  20/1391 [..............................] - ETA: 0s - loss: 0.0338 - acc: 1.0000
 580/1391 [===========>..................] - ETA: 0s - loss: 0.0646 - acc: 0.9828
1160/1391 [========================>.....] - ETA: 0s - loss: 0.0632 - acc: 0.9828
1391/1391 [==============================] - 0s 94us/step - loss: 0.0576 - acc: 0.9849 - val_loss: 0.0471 - val_acc: 0.9870
Epoch 3/30

  20/1391 [..............................] - ETA: 0s - loss: 0.0204 - acc: 1.0000
 600/1391 [===========>..................] - ETA: 0s - loss: 0.0241 - acc: 0.9983
1160/1391 [========================>.....] - ETA: 0s - loss: 0.0265 - acc: 0.9957
1391/1391 [==============================] - 0s 94us/step - loss: 0.0270 - acc: 0.9957 - val_loss: 0.0306 - val_acc: 0.9957
Epoch 4/30

  20/1391 [..............................] - ETA: 0s - loss: 0.0141 - acc: 1.0000
 580/1391 [===========>..................] - ETA: 0s - loss: 0.0144 - acc: 0.9966
1140/1391 [=======================>......] - ETA: 0s - loss: 0.0143 - acc: 0.9965
1391/1391 [==============================] - 0s 96us/step - loss: 0.0134 - acc: 0.9971 - val_loss: 0.0262 - val_acc: 0.9870
Epoch 5/30

  20/1391 [..............................] - ETA: 0s - loss: 0.0032 - acc: 1.0000
 580/1391 [===========>..................] - ETA: 0s - loss: 0.0073 - acc: 0.9983
1140/1391 [=======================>......] - ETA: 0s - loss: 0.0074 - acc: 0.9982
1391/1391 [==============================] - 0s 96us/step - loss: 0.0068 - acc: 0.9986 - val_loss: 0.0241 - val_acc: 0.9913
Epoch 6/30

  20/1391 [..............................] - ETA: 0s - loss: 0.0039 - acc: 1.0000
 580/1391 [===========>..................] - ETA: 0s - loss: 0.0044 - acc: 0.9983
1140/1391 [=======================>......] - ETA: 0s - loss: 0.0042 - acc: 0.9991
1391/1391 [==============================] - 0s 96us/step - loss: 0.0040 - acc: 0.9993 - val_loss: 0.0259 - val_acc: 0.9913
Epoch 7/30

  20/1391 [..............................] - ETA: 0s - loss: 0.0054 - acc: 1.0000
 600/1391 [===========>..................] - ETA: 0s - loss: 0.0027 - acc: 1.0000
1140/1391 [=======================>......] - ETA: 0s - loss: 0.0027 - acc: 1.0000
1391/1391 [==============================] - 0s 95us/step - loss: 0.0027 - acc: 1.0000 - val_loss: 0.0231 - val_acc: 0.9870
Epoch 8/30

  20/1391 [..............................] - ETA: 0s - loss: 0.0014 - acc: 1.0000
 600/1391 [===========>..................] - ETA: 0s - loss: 0.0022 - acc: 1.0000
1160/1391 [========================>.....] - ETA: 0s - loss: 0.0021 - acc: 1.0000
1391/1391 [==============================] - 0s 95us/step - loss: 0.0020 - acc: 1.0000 - val_loss: 0.0254 - val_acc: 0.9913
Epoch 9/30

  20/1391 [..............................] - ETA: 0s - loss: 9.1982e-04 - acc: 1.0000
 580/1391 [===========>..................] - ETA: 0s - loss: 0.0021 - acc: 1.0000    
1140/1391 [=======================>......] - ETA: 0s - loss: 0.0017 - acc: 1.0000
1391/1391 [==============================] - 0s 97us/step - loss: 0.0017 - acc: 1.0000 - val_loss: 0.0234 - val_acc: 0.9913
Epoch 10/30

  20/1391 [..............................] - ETA: 0s - loss: 8.6674e-04 - acc: 1.0000
 580/1391 [===========>..................] - ETA: 0s - loss: 0.0013 - acc: 1.0000    
1120/1391 [=======================>......] - ETA: 0s - loss: 0.0011 - acc: 1.0000
1391/1391 [==============================] - 0s 98us/step - loss: 0.0013 - acc: 1.0000 - val_loss: 0.0237 - val_acc: 0.9913
Epoch 11/30

  20/1391 [..............................] - ETA: 0s - loss: 5.0010e-04 - acc: 1.0000
 580/1391 [===========>..................] - ETA: 0s - loss: 9.0979e-04 - acc: 1.0000
1140/1391 [=======================>......] - ETA: 0s - loss: 9.1949e-04 - acc: 1.0000
1391/1391 [==============================] - 0s 98us/step - loss: 0.0010 - acc: 1.0000 - val_loss: 0.0245 - val_acc: 0.9870
Epoch 12/30

  20/1391 [..............................] - ETA: 0s - loss: 5.1534e-04 - acc: 1.0000
 580/1391 [===========>..................] - ETA: 0s - loss: 8.1231e-04 - acc: 1.0000
1160/1391 [========================>.....] - ETA: 0s - loss: 8.4266e-04 - acc: 1.0000
1391/1391 [==============================] - 0s 94us/step - loss: 8.4990e-04 - acc: 1.0000 - val_loss: 0.0246 - val_acc: 0.9870
Epoch 13/30

  20/1391 [..............................] - ETA: 0s - loss: 9.8917e-04 - acc: 1.0000
 580/1391 [===========>..................] - ETA: 0s - loss: 6.2091e-04 - acc: 1.0000
1120/1391 [=======================>......] - ETA: 0s - loss: 7.5226e-04 - acc: 1.0000
1391/1391 [==============================] - 0s 96us/step - loss: 7.2513e-04 - acc: 1.0000 - val_loss: 0.0251 - val_acc: 0.9870
acc: 99.57%
Accuracy: 98.65% (+/- 0.74%)
