Train on 1297 samples, validate on 325 samples
Epoch 1/30

 100/1297 [=>............................] - ETA: 5s - loss: 0.6893 - acc: 0.5200
1297/1297 [==============================] - 0s 385us/step - loss: 0.4676 - acc: 0.8527 - val_loss: 0.2422 - val_acc: 0.9569
Epoch 2/30

 100/1297 [=>............................] - ETA: 0s - loss: 0.1800 - acc: 0.9900
1297/1297 [==============================] - 0s 22us/step - loss: 0.1320 - acc: 0.9722 - val_loss: 0.1305 - val_acc: 0.9538
Epoch 3/30

 100/1297 [=>............................] - ETA: 0s - loss: 0.0988 - acc: 0.9600
1297/1297 [==============================] - 0s 22us/step - loss: 0.0615 - acc: 0.9830 - val_loss: 0.1136 - val_acc: 0.9631
Epoch 4/30

 100/1297 [=>............................] - ETA: 0s - loss: 0.0685 - acc: 0.9700
1297/1297 [==============================] - 0s 24us/step - loss: 0.0369 - acc: 0.9946 - val_loss: 0.1159 - val_acc: 0.9600
Epoch 5/30

 100/1297 [=>............................] - ETA: 0s - loss: 0.0591 - acc: 0.9900
1297/1297 [==============================] - 0s 22us/step - loss: 0.0259 - acc: 0.9961 - val_loss: 0.1129 - val_acc: 0.9600
Epoch 6/30

 100/1297 [=>............................] - ETA: 0s - loss: 0.0176 - acc: 1.0000
1297/1297 [==============================] - 0s 21us/step - loss: 0.0183 - acc: 0.9969 - val_loss: 0.1113 - val_acc: 0.9569
Epoch 7/30

 100/1297 [=>............................] - ETA: 0s - loss: 0.0130 - acc: 1.0000
1297/1297 [==============================] - 0s 23us/step - loss: 0.0137 - acc: 0.9985 - val_loss: 0.1104 - val_acc: 0.9569
Epoch 8/30

 100/1297 [=>............................] - ETA: 0s - loss: 0.0115 - acc: 1.0000
1297/1297 [==============================] - 0s 21us/step - loss: 0.0104 - acc: 0.9985 - val_loss: 0.1064 - val_acc: 0.9600
Epoch 9/30

 100/1297 [=>............................] - ETA: 0s - loss: 0.0067 - acc: 1.0000
1297/1297 [==============================] - 0s 21us/step - loss: 0.0085 - acc: 0.9992 - val_loss: 0.1071 - val_acc: 0.9569
Epoch 10/30

 100/1297 [=>............................] - ETA: 0s - loss: 0.0053 - acc: 1.0000
1297/1297 [==============================] - 0s 22us/step - loss: 0.0069 - acc: 1.0000 - val_loss: 0.1100 - val_acc: 0.9569
Epoch 11/30

 100/1297 [=>............................] - ETA: 0s - loss: 0.0053 - acc: 1.0000
1297/1297 [==============================] - 0s 21us/step - loss: 0.0058 - acc: 1.0000 - val_loss: 0.1074 - val_acc: 0.9631
Epoch 12/30

 100/1297 [=>............................] - ETA: 0s - loss: 0.0031 - acc: 1.0000
1297/1297 [==============================] - 0s 21us/step - loss: 0.0050 - acc: 1.0000 - val_loss: 0.1059 - val_acc: 0.9631
Epoch 13/30

 100/1297 [=>............................] - ETA: 0s - loss: 0.0050 - acc: 1.0000
1297/1297 [==============================] - 0s 21us/step - loss: 0.0041 - acc: 1.0000 - val_loss: 0.1081 - val_acc: 0.9631
Epoch 14/30

 100/1297 [=>............................] - ETA: 0s - loss: 0.0027 - acc: 1.0000
1297/1297 [==============================] - 0s 21us/step - loss: 0.0037 - acc: 1.0000 - val_loss: 0.1077 - val_acc: 0.9631
Epoch 15/30

 100/1297 [=>............................] - ETA: 0s - loss: 0.0036 - acc: 1.0000
1297/1297 [==============================] - 0s 21us/step - loss: 0.0032 - acc: 1.0000 - val_loss: 0.1073 - val_acc: 0.9662
Epoch 16/30

 100/1297 [=>............................] - ETA: 0s - loss: 0.0024 - acc: 1.0000
1297/1297 [==============================] - 0s 21us/step - loss: 0.0029 - acc: 1.0000 - val_loss: 0.1081 - val_acc: 0.9631
Epoch 17/30

 100/1297 [=>............................] - ETA: 0s - loss: 0.0018 - acc: 1.0000
1297/1297 [==============================] - 0s 21us/step - loss: 0.0026 - acc: 1.0000 - val_loss: 0.1086 - val_acc: 0.9662
Epoch 18/30

 100/1297 [=>............................] - ETA: 0s - loss: 0.0013 - acc: 1.0000
1297/1297 [==============================] - 0s 22us/step - loss: 0.0023 - acc: 1.0000 - val_loss: 0.1094 - val_acc: 0.9600
Epoch 19/30

 100/1297 [=>............................] - ETA: 0s - loss: 0.0020 - acc: 1.0000
1297/1297 [==============================] - 0s 21us/step - loss: 0.0021 - acc: 1.0000 - val_loss: 0.1096 - val_acc: 0.9662
Epoch 20/30

 100/1297 [=>............................] - ETA: 0s - loss: 0.0017 - acc: 1.0000
1297/1297 [==============================] - 0s 21us/step - loss: 0.0019 - acc: 1.0000 - val_loss: 0.1100 - val_acc: 0.9662
Epoch 21/30

 100/1297 [=>............................] - ETA: 0s - loss: 0.0015 - acc: 1.0000
1297/1297 [==============================] - 0s 21us/step - loss: 0.0018 - acc: 1.0000 - val_loss: 0.1101 - val_acc: 0.9662
Epoch 22/30

 100/1297 [=>............................] - ETA: 0s - loss: 0.0018 - acc: 1.0000
1297/1297 [==============================] - 0s 22us/step - loss: 0.0016 - acc: 1.0000 - val_loss: 0.1103 - val_acc: 0.9662
Epoch 23/30

 100/1297 [=>............................] - ETA: 0s - loss: 0.0017 - acc: 1.0000
1297/1297 [==============================] - 0s 22us/step - loss: 0.0015 - acc: 1.0000 - val_loss: 0.1109 - val_acc: 0.9662
Epoch 24/30

 100/1297 [=>............................] - ETA: 0s - loss: 0.0011 - acc: 1.0000
1297/1297 [==============================] - 0s 22us/step - loss: 0.0014 - acc: 1.0000 - val_loss: 0.1109 - val_acc: 0.9662
Epoch 25/30

 100/1297 [=>............................] - ETA: 0s - loss: 0.0019 - acc: 1.0000
1297/1297 [==============================] - 0s 22us/step - loss: 0.0013 - acc: 1.0000 - val_loss: 0.1108 - val_acc: 0.9662
Epoch 26/30

 100/1297 [=>............................] - ETA: 0s - loss: 0.0012 - acc: 1.0000
1297/1297 [==============================] - 0s 21us/step - loss: 0.0012 - acc: 1.0000 - val_loss: 0.1118 - val_acc: 0.9662
Epoch 27/30

 100/1297 [=>............................] - ETA: 0s - loss: 0.0015 - acc: 1.0000
1297/1297 [==============================] - 0s 23us/step - loss: 0.0011 - acc: 1.0000 - val_loss: 0.1122 - val_acc: 0.9662
Epoch 28/30

 100/1297 [=>............................] - ETA: 0s - loss: 0.0013 - acc: 1.0000
1297/1297 [==============================] - 0s 21us/step - loss: 0.0011 - acc: 1.0000 - val_loss: 0.1127 - val_acc: 0.9662
Epoch 29/30

 100/1297 [=>............................] - ETA: 0s - loss: 9.2170e-04 - acc: 1.0000
1297/1297 [==============================] - 0s 22us/step - loss: 0.0010 - acc: 1.0000 - val_loss: 0.1129 - val_acc: 0.9662
Epoch 30/30

 100/1297 [=>............................] - ETA: 0s - loss: 7.6563e-04 - acc: 1.0000
1297/1297 [==============================] - 0s 22us/step - loss: 9.5832e-04 - acc: 1.0000 - val_loss: 0.1129 - val_acc: 0.9662
acc: 96.62%
Train on 1297 samples, validate on 325 samples
Epoch 1/30

 100/1297 [=>............................] - ETA: 6s - loss: 0.6864 - acc: 0.5700
1297/1297 [==============================] - 1s 453us/step - loss: 0.4625 - acc: 0.8466 - val_loss: 0.2301 - val_acc: 0.9754
Epoch 2/30

 100/1297 [=>............................] - ETA: 0s - loss: 0.1967 - acc: 0.9800
1297/1297 [==============================] - 0s 23us/step - loss: 0.1347 - acc: 0.9715 - val_loss: 0.1070 - val_acc: 0.9662
Epoch 3/30

 100/1297 [=>............................] - ETA: 0s - loss: 0.0641 - acc: 0.9900
1297/1297 [==============================] - 0s 22us/step - loss: 0.0637 - acc: 0.9861 - val_loss: 0.0878 - val_acc: 0.9754
Epoch 4/30

 100/1297 [=>............................] - ETA: 0s - loss: 0.0505 - acc: 0.9900
1297/1297 [==============================] - 0s 23us/step - loss: 0.0408 - acc: 0.9900 - val_loss: 0.0810 - val_acc: 0.9754
Epoch 5/30

 100/1297 [=>............................] - ETA: 0s - loss: 0.0236 - acc: 1.0000
1297/1297 [==============================] - 0s 21us/step - loss: 0.0267 - acc: 0.9961 - val_loss: 0.0760 - val_acc: 0.9754
Epoch 6/30

 100/1297 [=>............................] - ETA: 0s - loss: 0.0145 - acc: 1.0000
1297/1297 [==============================] - 0s 21us/step - loss: 0.0189 - acc: 0.9969 - val_loss: 0.0729 - val_acc: 0.9754
Epoch 7/30

 100/1297 [=>............................] - ETA: 0s - loss: 0.0137 - acc: 1.0000
1297/1297 [==============================] - 0s 21us/step - loss: 0.0143 - acc: 0.9985 - val_loss: 0.0712 - val_acc: 0.9785
Epoch 8/30

 100/1297 [=>............................] - ETA: 0s - loss: 0.0161 - acc: 1.0000
1297/1297 [==============================] - 0s 21us/step - loss: 0.0109 - acc: 0.9992 - val_loss: 0.0699 - val_acc: 0.9785
Epoch 9/30

 100/1297 [=>............................] - ETA: 0s - loss: 0.0074 - acc: 1.0000
1297/1297 [==============================] - 0s 21us/step - loss: 0.0088 - acc: 0.9992 - val_loss: 0.0692 - val_acc: 0.9785
Epoch 10/30

 100/1297 [=>............................] - ETA: 0s - loss: 0.0052 - acc: 1.0000
1297/1297 [==============================] - 0s 21us/step - loss: 0.0071 - acc: 1.0000 - val_loss: 0.0682 - val_acc: 0.9785
Epoch 11/30

 100/1297 [=>............................] - ETA: 0s - loss: 0.0041 - acc: 1.0000
1297/1297 [==============================] - 0s 21us/step - loss: 0.0059 - acc: 1.0000 - val_loss: 0.0683 - val_acc: 0.9785
Epoch 12/30

 100/1297 [=>............................] - ETA: 0s - loss: 0.0054 - acc: 1.0000
1297/1297 [==============================] - 0s 21us/step - loss: 0.0050 - acc: 1.0000 - val_loss: 0.0668 - val_acc: 0.9785
Epoch 13/30

 100/1297 [=>............................] - ETA: 0s - loss: 0.0066 - acc: 1.0000
1297/1297 [==============================] - 0s 21us/step - loss: 0.0042 - acc: 1.0000 - val_loss: 0.0665 - val_acc: 0.9785
Epoch 14/30

 100/1297 [=>............................] - ETA: 0s - loss: 0.0053 - acc: 1.0000
1297/1297 [==============================] - 0s 21us/step - loss: 0.0038 - acc: 1.0000 - val_loss: 0.0658 - val_acc: 0.9785
Epoch 15/30

 100/1297 [=>............................] - ETA: 0s - loss: 0.0032 - acc: 1.0000
1297/1297 [==============================] - 0s 21us/step - loss: 0.0033 - acc: 1.0000 - val_loss: 0.0654 - val_acc: 0.9785
Epoch 16/30

 100/1297 [=>............................] - ETA: 0s - loss: 0.0033 - acc: 1.0000
1297/1297 [==============================] - 0s 22us/step - loss: 0.0029 - acc: 1.0000 - val_loss: 0.0650 - val_acc: 0.9785
Epoch 17/30

 100/1297 [=>............................] - ETA: 0s - loss: 0.0021 - acc: 1.0000
1297/1297 [==============================] - 0s 21us/step - loss: 0.0026 - acc: 1.0000 - val_loss: 0.0646 - val_acc: 0.9785
Epoch 18/30

 100/1297 [=>............................] - ETA: 0s - loss: 0.0017 - acc: 1.0000
1297/1297 [==============================] - 0s 22us/step - loss: 0.0023 - acc: 1.0000 - val_loss: 0.0648 - val_acc: 0.9785
Epoch 19/30

 100/1297 [=>............................] - ETA: 0s - loss: 0.0028 - acc: 1.0000
1297/1297 [==============================] - 0s 23us/step - loss: 0.0021 - acc: 1.0000 - val_loss: 0.0643 - val_acc: 0.9785
Epoch 20/30

 100/1297 [=>............................] - ETA: 0s - loss: 0.0018 - acc: 1.0000
1297/1297 [==============================] - 0s 23us/step - loss: 0.0019 - acc: 1.0000 - val_loss: 0.0639 - val_acc: 0.9785
Epoch 21/30

 100/1297 [=>............................] - ETA: 0s - loss: 0.0015 - acc: 1.0000
1297/1297 [==============================] - 0s 23us/step - loss: 0.0018 - acc: 1.0000 - val_loss: 0.0642 - val_acc: 0.9785
Epoch 22/30

 100/1297 [=>............................] - ETA: 0s - loss: 0.0015 - acc: 1.0000
1297/1297 [==============================] - 0s 22us/step - loss: 0.0016 - acc: 1.0000 - val_loss: 0.0638 - val_acc: 0.9785
Epoch 23/30

 100/1297 [=>............................] - ETA: 0s - loss: 0.0021 - acc: 1.0000
1297/1297 [==============================] - 0s 23us/step - loss: 0.0015 - acc: 1.0000 - val_loss: 0.0635 - val_acc: 0.9785
acc: 97.85%
Train on 1297 samples, validate on 325 samples
Epoch 1/30

 100/1297 [=>............................] - ETA: 7s - loss: 0.7184 - acc: 0.4200
1297/1297 [==============================] - 1s 567us/step - loss: 0.4861 - acc: 0.8003 - val_loss: 0.2458 - val_acc: 0.9723
Epoch 2/30

 100/1297 [=>............................] - ETA: 0s - loss: 0.2142 - acc: 0.9900
1297/1297 [==============================] - 0s 23us/step - loss: 0.1511 - acc: 0.9722 - val_loss: 0.0901 - val_acc: 0.9815
Epoch 3/30

 100/1297 [=>............................] - ETA: 0s - loss: 0.1213 - acc: 0.9600
1297/1297 [==============================] - 0s 22us/step - loss: 0.0718 - acc: 0.9792 - val_loss: 0.0661 - val_acc: 0.9815
Epoch 4/30

 100/1297 [=>............................] - ETA: 0s - loss: 0.0309 - acc: 1.0000
1297/1297 [==============================] - 0s 22us/step - loss: 0.0435 - acc: 0.9900 - val_loss: 0.0563 - val_acc: 0.9846
Epoch 5/30

 100/1297 [=>............................] - ETA: 0s - loss: 0.0261 - acc: 0.9900
1297/1297 [==============================] - 0s 22us/step - loss: 0.0299 - acc: 0.9954 - val_loss: 0.0533 - val_acc: 0.9846
Epoch 6/30

 100/1297 [=>............................] - ETA: 0s - loss: 0.0203 - acc: 1.0000
1297/1297 [==============================] - 0s 21us/step - loss: 0.0218 - acc: 0.9977 - val_loss: 0.0529 - val_acc: 0.9846
Epoch 7/30

 100/1297 [=>............................] - ETA: 0s - loss: 0.0174 - acc: 1.0000
1297/1297 [==============================] - 0s 22us/step - loss: 0.0161 - acc: 0.9977 - val_loss: 0.0489 - val_acc: 0.9846
Epoch 8/30

 100/1297 [=>............................] - ETA: 0s - loss: 0.0099 - acc: 1.0000
1297/1297 [==============================] - 0s 21us/step - loss: 0.0127 - acc: 0.9977 - val_loss: 0.0479 - val_acc: 0.9846
Epoch 9/30

 100/1297 [=>............................] - ETA: 0s - loss: 0.0093 - acc: 1.0000
1297/1297 [==============================] - 0s 21us/step - loss: 0.0099 - acc: 1.0000 - val_loss: 0.0466 - val_acc: 0.9846
Epoch 10/30

 100/1297 [=>............................] - ETA: 0s - loss: 0.0079 - acc: 1.0000
1297/1297 [==============================] - 0s 22us/step - loss: 0.0078 - acc: 1.0000 - val_loss: 0.0458 - val_acc: 0.9846
Epoch 11/30

 100/1297 [=>............................] - ETA: 0s - loss: 0.0080 - acc: 1.0000
1297/1297 [==============================] - 0s 23us/step - loss: 0.0066 - acc: 1.0000 - val_loss: 0.0458 - val_acc: 0.9846
Epoch 12/30

 100/1297 [=>............................] - ETA: 0s - loss: 0.0060 - acc: 1.0000
1297/1297 [==============================] - 0s 23us/step - loss: 0.0054 - acc: 1.0000 - val_loss: 0.0443 - val_acc: 0.9846
Epoch 13/30

 100/1297 [=>............................] - ETA: 0s - loss: 0.0033 - acc: 1.0000
1297/1297 [==============================] - 0s 24us/step - loss: 0.0048 - acc: 1.0000 - val_loss: 0.0446 - val_acc: 0.9846
Epoch 14/30

 100/1297 [=>............................] - ETA: 0s - loss: 0.0073 - acc: 1.0000
1297/1297 [==============================] - 0s 22us/step - loss: 0.0043 - acc: 1.0000 - val_loss: 0.0446 - val_acc: 0.9846
Epoch 15/30

 100/1297 [=>............................] - ETA: 0s - loss: 0.0040 - acc: 1.0000
1297/1297 [==============================] - 0s 23us/step - loss: 0.0036 - acc: 1.0000 - val_loss: 0.0432 - val_acc: 0.9846
Epoch 16/30

 100/1297 [=>............................] - ETA: 0s - loss: 0.0029 - acc: 1.0000
1297/1297 [==============================] - 0s 22us/step - loss: 0.0032 - acc: 1.0000 - val_loss: 0.0440 - val_acc: 0.9846
Epoch 17/30

 100/1297 [=>............................] - ETA: 0s - loss: 0.0033 - acc: 1.0000
1297/1297 [==============================] - 0s 23us/step - loss: 0.0029 - acc: 1.0000 - val_loss: 0.0441 - val_acc: 0.9846
Epoch 18/30

 100/1297 [=>............................] - ETA: 0s - loss: 0.0016 - acc: 1.0000
1297/1297 [==============================] - 0s 22us/step - loss: 0.0025 - acc: 1.0000 - val_loss: 0.0449 - val_acc: 0.9846
Epoch 19/30

 100/1297 [=>............................] - ETA: 0s - loss: 0.0033 - acc: 1.0000
1297/1297 [==============================] - 0s 25us/step - loss: 0.0023 - acc: 1.0000 - val_loss: 0.0449 - val_acc: 0.9846
Epoch 20/30

 100/1297 [=>............................] - ETA: 0s - loss: 0.0021 - acc: 1.0000
1297/1297 [==============================] - 0s 23us/step - loss: 0.0021 - acc: 1.0000 - val_loss: 0.0451 - val_acc: 0.9815
acc: 98.46%
Train on 1298 samples, validate on 324 samples
Epoch 1/30

 100/1298 [=>............................] - ETA: 8s - loss: 0.7033 - acc: 0.5000
1298/1298 [==============================] - 1s 619us/step - loss: 0.4532 - acc: 0.8713 - val_loss: 0.2095 - val_acc: 0.9660
Epoch 2/30

 100/1298 [=>............................] - ETA: 0s - loss: 0.2077 - acc: 0.9800
1298/1298 [==============================] - 0s 23us/step - loss: 0.1339 - acc: 0.9738 - val_loss: 0.0963 - val_acc: 0.9722
Epoch 3/30

 100/1298 [=>............................] - ETA: 0s - loss: 0.0536 - acc: 0.9900
1298/1298 [==============================] - 0s 22us/step - loss: 0.0614 - acc: 0.9846 - val_loss: 0.0814 - val_acc: 0.9691
Epoch 4/30

 100/1298 [=>............................] - ETA: 0s - loss: 0.0434 - acc: 1.0000
1298/1298 [==============================] - 0s 23us/step - loss: 0.0369 - acc: 0.9931 - val_loss: 0.0773 - val_acc: 0.9753
Epoch 5/30

 100/1298 [=>............................] - ETA: 0s - loss: 0.0155 - acc: 1.0000
1298/1298 [==============================] - 0s 24us/step - loss: 0.0223 - acc: 0.9985 - val_loss: 0.0755 - val_acc: 0.9784
Epoch 6/30

 100/1298 [=>............................] - ETA: 0s - loss: 0.0134 - acc: 1.0000
1298/1298 [==============================] - 0s 23us/step - loss: 0.0158 - acc: 0.9992 - val_loss: 0.0743 - val_acc: 0.9784
Epoch 7/30

 100/1298 [=>............................] - ETA: 0s - loss: 0.0142 - acc: 1.0000
1298/1298 [==============================] - 0s 22us/step - loss: 0.0119 - acc: 0.9992 - val_loss: 0.0737 - val_acc: 0.9784
Epoch 8/30

 100/1298 [=>............................] - ETA: 0s - loss: 0.0080 - acc: 1.0000
1298/1298 [==============================] - 0s 25us/step - loss: 0.0091 - acc: 0.9992 - val_loss: 0.0750 - val_acc: 0.9815
Epoch 9/30

 100/1298 [=>............................] - ETA: 0s - loss: 0.0056 - acc: 1.0000
1298/1298 [==============================] - 0s 22us/step - loss: 0.0073 - acc: 1.0000 - val_loss: 0.0752 - val_acc: 0.9815
Epoch 10/30

 100/1298 [=>............................] - ETA: 0s - loss: 0.0083 - acc: 1.0000
1298/1298 [==============================] - 0s 25us/step - loss: 0.0061 - acc: 1.0000 - val_loss: 0.0753 - val_acc: 0.9815
Epoch 11/30

 100/1298 [=>............................] - ETA: 0s - loss: 0.0055 - acc: 1.0000
1298/1298 [==============================] - 0s 22us/step - loss: 0.0051 - acc: 1.0000 - val_loss: 0.0768 - val_acc: 0.9815
Epoch 12/30

 100/1298 [=>............................] - ETA: 0s - loss: 0.0037 - acc: 1.0000
1298/1298 [==============================] - 0s 23us/step - loss: 0.0044 - acc: 1.0000 - val_loss: 0.0775 - val_acc: 0.9784
Epoch 13/30

 100/1298 [=>............................] - ETA: 0s - loss: 0.0030 - acc: 1.0000
1298/1298 [==============================] - 0s 22us/step - loss: 0.0038 - acc: 1.0000 - val_loss: 0.0778 - val_acc: 0.9815
Epoch 14/30

 100/1298 [=>............................] - ETA: 0s - loss: 0.0039 - acc: 1.0000
1298/1298 [==============================] - 0s 22us/step - loss: 0.0034 - acc: 1.0000 - val_loss: 0.0777 - val_acc: 0.9815
Epoch 15/30

 100/1298 [=>............................] - ETA: 0s - loss: 0.0029 - acc: 1.0000
1298/1298 [==============================] - 0s 22us/step - loss: 0.0030 - acc: 1.0000 - val_loss: 0.0788 - val_acc: 0.9784
Epoch 16/30

 100/1298 [=>............................] - ETA: 0s - loss: 0.0031 - acc: 1.0000
1298/1298 [==============================] - 0s 22us/step - loss: 0.0027 - acc: 1.0000 - val_loss: 0.0793 - val_acc: 0.9784
Epoch 17/30

 100/1298 [=>............................] - ETA: 0s - loss: 0.0027 - acc: 1.0000
1298/1298 [==============================] - 0s 22us/step - loss: 0.0024 - acc: 1.0000 - val_loss: 0.0799 - val_acc: 0.9784
Epoch 18/30

 100/1298 [=>............................] - ETA: 0s - loss: 0.0018 - acc: 1.0000
1298/1298 [==============================] - 0s 21us/step - loss: 0.0022 - acc: 1.0000 - val_loss: 0.0805 - val_acc: 0.9784
Epoch 19/30

 100/1298 [=>............................] - ETA: 0s - loss: 0.0021 - acc: 1.0000
1298/1298 [==============================] - 0s 21us/step - loss: 0.0020 - acc: 1.0000 - val_loss: 0.0803 - val_acc: 0.9784
Epoch 20/30

 100/1298 [=>............................] - ETA: 0s - loss: 0.0013 - acc: 1.0000
1298/1298 [==============================] - 0s 22us/step - loss: 0.0018 - acc: 1.0000 - val_loss: 0.0807 - val_acc: 0.9784
Epoch 21/30

 100/1298 [=>............................] - ETA: 0s - loss: 0.0012 - acc: 1.0000
1298/1298 [==============================] - 0s 22us/step - loss: 0.0017 - acc: 1.0000 - val_loss: 0.0815 - val_acc: 0.9784
Epoch 22/30

 100/1298 [=>............................] - ETA: 0s - loss: 0.0026 - acc: 1.0000
1298/1298 [==============================] - 0s 22us/step - loss: 0.0016 - acc: 1.0000 - val_loss: 0.0815 - val_acc: 0.9784
Epoch 23/30

 100/1298 [=>............................] - ETA: 0s - loss: 0.0013 - acc: 1.0000
1298/1298 [==============================] - 0s 22us/step - loss: 0.0014 - acc: 1.0000 - val_loss: 0.0822 - val_acc: 0.9784
Epoch 24/30

 100/1298 [=>............................] - ETA: 0s - loss: 0.0013 - acc: 1.0000
1298/1298 [==============================] - 0s 22us/step - loss: 0.0013 - acc: 1.0000 - val_loss: 0.0829 - val_acc: 0.9784
acc: 98.15%
Train on 1299 samples, validate on 323 samples
Epoch 1/30

 100/1299 [=>............................] - ETA: 9s - loss: 0.6919 - acc: 0.5700
1299/1299 [==============================] - 1s 685us/step - loss: 0.4782 - acc: 0.8345 - val_loss: 0.2265 - val_acc: 0.9783
Epoch 2/30

 100/1299 [=>............................] - ETA: 0s - loss: 0.2581 - acc: 0.9600
1299/1299 [==============================] - 0s 23us/step - loss: 0.1448 - acc: 0.9769 - val_loss: 0.0847 - val_acc: 0.9814
Epoch 3/30

 100/1299 [=>............................] - ETA: 0s - loss: 0.1009 - acc: 0.9600
1299/1299 [==============================] - 0s 22us/step - loss: 0.0696 - acc: 0.9831 - val_loss: 0.0636 - val_acc: 0.9783
Epoch 4/30

 100/1299 [=>............................] - ETA: 0s - loss: 0.0195 - acc: 1.0000
1299/1299 [==============================] - 0s 21us/step - loss: 0.0418 - acc: 0.9915 - val_loss: 0.0596 - val_acc: 0.9783
Epoch 5/30

 100/1299 [=>............................] - ETA: 0s - loss: 0.0412 - acc: 0.9900
1299/1299 [==============================] - 0s 22us/step - loss: 0.0294 - acc: 0.9954 - val_loss: 0.0527 - val_acc: 0.9845
Epoch 6/30

 100/1299 [=>............................] - ETA: 0s - loss: 0.0173 - acc: 1.0000
1299/1299 [==============================] - 0s 21us/step - loss: 0.0208 - acc: 0.9962 - val_loss: 0.0510 - val_acc: 0.9845
Epoch 7/30

 100/1299 [=>............................] - ETA: 0s - loss: 0.0152 - acc: 1.0000
1299/1299 [==============================] - 0s 22us/step - loss: 0.0153 - acc: 0.9977 - val_loss: 0.0484 - val_acc: 0.9845
Epoch 8/30

 100/1299 [=>............................] - ETA: 0s - loss: 0.0107 - acc: 1.0000
1299/1299 [==============================] - 0s 22us/step - loss: 0.0119 - acc: 0.9985 - val_loss: 0.0473 - val_acc: 0.9845
Epoch 9/30

 100/1299 [=>............................] - ETA: 0s - loss: 0.0080 - acc: 1.0000
1299/1299 [==============================] - 0s 22us/step - loss: 0.0095 - acc: 0.9992 - val_loss: 0.0474 - val_acc: 0.9845
Epoch 10/30

 100/1299 [=>............................] - ETA: 0s - loss: 0.0081 - acc: 1.0000
1299/1299 [==============================] - 0s 24us/step - loss: 0.0076 - acc: 0.9992 - val_loss: 0.0464 - val_acc: 0.9814
Epoch 11/30

 100/1299 [=>............................] - ETA: 0s - loss: 0.0087 - acc: 1.0000
1299/1299 [==============================] - 0s 21us/step - loss: 0.0063 - acc: 1.0000 - val_loss: 0.0455 - val_acc: 0.9814
Epoch 12/30

 100/1299 [=>............................] - ETA: 0s - loss: 0.0044 - acc: 1.0000
1299/1299 [==============================] - 0s 23us/step - loss: 0.0052 - acc: 1.0000 - val_loss: 0.0442 - val_acc: 0.9814
Epoch 13/30

 100/1299 [=>............................] - ETA: 0s - loss: 0.0034 - acc: 1.0000
1299/1299 [==============================] - 0s 22us/step - loss: 0.0045 - acc: 1.0000 - val_loss: 0.0452 - val_acc: 0.9845
Epoch 14/30

 100/1299 [=>............................] - ETA: 0s - loss: 0.0048 - acc: 1.0000
1299/1299 [==============================] - 0s 22us/step - loss: 0.0039 - acc: 1.0000 - val_loss: 0.0458 - val_acc: 0.9814
Epoch 15/30

 100/1299 [=>............................] - ETA: 0s - loss: 0.0022 - acc: 1.0000
1299/1299 [==============================] - 0s 22us/step - loss: 0.0034 - acc: 1.0000 - val_loss: 0.0439 - val_acc: 0.9814
Epoch 16/30

 100/1299 [=>............................] - ETA: 0s - loss: 0.0018 - acc: 1.0000
1299/1299 [==============================] - 0s 22us/step - loss: 0.0030 - acc: 1.0000 - val_loss: 0.0445 - val_acc: 0.9814
Epoch 17/30

 100/1299 [=>............................] - ETA: 0s - loss: 0.0024 - acc: 1.0000
1299/1299 [==============================] - 0s 23us/step - loss: 0.0027 - acc: 1.0000 - val_loss: 0.0447 - val_acc: 0.9814
Epoch 18/30

 100/1299 [=>............................] - ETA: 0s - loss: 0.0018 - acc: 1.0000
1299/1299 [==============================] - 0s 22us/step - loss: 0.0024 - acc: 1.0000 - val_loss: 0.0443 - val_acc: 0.9814
Epoch 19/30

 100/1299 [=>............................] - ETA: 0s - loss: 0.0027 - acc: 1.0000
1299/1299 [==============================] - 0s 23us/step - loss: 0.0022 - acc: 1.0000 - val_loss: 0.0439 - val_acc: 0.9814
Epoch 20/30

 100/1299 [=>............................] - ETA: 0s - loss: 0.0020 - acc: 1.0000
1299/1299 [==============================] - 0s 24us/step - loss: 0.0020 - acc: 1.0000 - val_loss: 0.0435 - val_acc: 0.9814
Epoch 21/30

 100/1299 [=>............................] - ETA: 0s - loss: 0.0014 - acc: 1.0000
1299/1299 [==============================] - 0s 23us/step - loss: 0.0018 - acc: 1.0000 - val_loss: 0.0438 - val_acc: 0.9814
acc: 98.45%
Accuracy: 97.90% (+/- 0.68%)
