Train on 1389 samples, validate on 233 samples
Epoch 1/30

  10/1389 [..............................] - ETA: 1:01 - loss: 0.6629 - acc: 0.7000
 310/1389 [=====>........................] - ETA: 1s - loss: 0.3480 - acc: 0.8548  
 610/1389 [============>.................] - ETA: 0s - loss: 0.2351 - acc: 0.9033
 910/1389 [==================>...........] - ETA: 0s - loss: 0.2088 - acc: 0.9154
1200/1389 [========================>.....] - ETA: 0s - loss: 0.1997 - acc: 0.9200
1389/1389 [==============================] - 1s 529us/step - loss: 0.1951 - acc: 0.9237 - val_loss: 0.1833 - val_acc: 0.9442
Epoch 2/30

  10/1389 [..............................] - ETA: 0s - loss: 0.2554 - acc: 0.9000
 330/1389 [======>.......................] - ETA: 0s - loss: 0.0971 - acc: 0.9636
 640/1389 [============>.................] - ETA: 0s - loss: 0.0907 - acc: 0.9719
 960/1389 [===================>..........] - ETA: 0s - loss: 0.0917 - acc: 0.9740
1270/1389 [==========================>...] - ETA: 0s - loss: 0.1033 - acc: 0.9693
1389/1389 [==============================] - 0s 169us/step - loss: 0.1078 - acc: 0.9669 - val_loss: 0.1338 - val_acc: 0.9614
Epoch 3/30

  10/1389 [..............................] - ETA: 0s - loss: 0.0637 - acc: 1.0000
 320/1389 [=====>........................] - ETA: 0s - loss: 0.0619 - acc: 0.9781
 620/1389 [============>.................] - ETA: 0s - loss: 0.0783 - acc: 0.9742
 860/1389 [=================>............] - ETA: 0s - loss: 0.0752 - acc: 0.9767
1110/1389 [======================>.......] - ETA: 0s - loss: 0.0711 - acc: 0.9775
1350/1389 [============================>.] - ETA: 0s - loss: 0.0736 - acc: 0.9748
1389/1389 [==============================] - 0s 198us/step - loss: 0.0733 - acc: 0.9748 - val_loss: 0.1338 - val_acc: 0.9614
Epoch 4/30

  10/1389 [..............................] - ETA: 0s - loss: 0.0101 - acc: 1.0000
 300/1389 [=====>........................] - ETA: 0s - loss: 0.0558 - acc: 0.9900
 570/1389 [===========>..................] - ETA: 0s - loss: 0.0467 - acc: 0.9895
 850/1389 [=================>............] - ETA: 0s - loss: 0.0430 - acc: 0.9894
1110/1389 [======================>.......] - ETA: 0s - loss: 0.0506 - acc: 0.9838
1389/1389 [==============================] - 0s 187us/step - loss: 0.0556 - acc: 0.9813 - val_loss: 0.2226 - val_acc: 0.9399
Epoch 5/30

  10/1389 [..............................] - ETA: 0s - loss: 0.0100 - acc: 1.0000
 310/1389 [=====>........................] - ETA: 0s - loss: 0.0398 - acc: 0.9806
 610/1389 [============>.................] - ETA: 0s - loss: 0.0444 - acc: 0.9820
 910/1389 [==================>...........] - ETA: 0s - loss: 0.0537 - acc: 0.9769
1210/1389 [=========================>....] - ETA: 0s - loss: 0.0800 - acc: 0.9711
1389/1389 [==============================] - 0s 182us/step - loss: 0.0824 - acc: 0.9698 - val_loss: 0.2061 - val_acc: 0.9485
Epoch 6/30

  10/1389 [..............................] - ETA: 0s - loss: 0.0043 - acc: 1.0000
 290/1389 [=====>........................] - ETA: 0s - loss: 0.0350 - acc: 0.9897
 590/1389 [===========>..................] - ETA: 0s - loss: 0.0623 - acc: 0.9831
 860/1389 [=================>............] - ETA: 0s - loss: 0.0646 - acc: 0.9860
1170/1389 [========================>.....] - ETA: 0s - loss: 0.0756 - acc: 0.9838
1389/1389 [==============================] - 0s 183us/step - loss: 0.0766 - acc: 0.9798 - val_loss: 0.2492 - val_acc: 0.9571
Epoch 7/30

  10/1389 [..............................] - ETA: 0s - loss: 0.0209 - acc: 1.0000
 310/1389 [=====>........................] - ETA: 0s - loss: 0.0780 - acc: 0.9645
 620/1389 [============>.................] - ETA: 0s - loss: 0.0894 - acc: 0.9694
 930/1389 [===================>..........] - ETA: 0s - loss: 0.0797 - acc: 0.9720
1230/1389 [=========================>....] - ETA: 0s - loss: 0.0807 - acc: 0.9715
1389/1389 [==============================] - 0s 176us/step - loss: 0.0817 - acc: 0.9705 - val_loss: 0.1830 - val_acc: 0.9614
Epoch 8/30

  10/1389 [..............................] - ETA: 0s - loss: 0.1562 - acc: 0.9000
 310/1389 [=====>........................] - ETA: 0s - loss: 0.0556 - acc: 0.9806
 610/1389 [============>.................] - ETA: 0s - loss: 0.0523 - acc: 0.9836
 910/1389 [==================>...........] - ETA: 0s - loss: 0.0525 - acc: 0.9835
1210/1389 [=========================>....] - ETA: 0s - loss: 0.0707 - acc: 0.9802
1389/1389 [==============================] - 0s 176us/step - loss: 0.0673 - acc: 0.9806 - val_loss: 0.1415 - val_acc: 0.9571
Epoch 9/30

  10/1389 [..............................] - ETA: 0s - loss: 0.0326 - acc: 1.0000
 300/1389 [=====>........................] - ETA: 0s - loss: 0.0263 - acc: 0.9900
 590/1389 [===========>..................] - ETA: 0s - loss: 0.0460 - acc: 0.9814
 890/1389 [==================>...........] - ETA: 0s - loss: 0.0589 - acc: 0.9809
1190/1389 [========================>.....] - ETA: 0s - loss: 0.0496 - acc: 0.9849
1389/1389 [==============================] - 0s 179us/step - loss: 0.0485 - acc: 0.9863 - val_loss: 0.1207 - val_acc: 0.9528
acc: 96.14%
Train on 1389 samples, validate on 233 samples
Epoch 1/30

  10/1389 [..............................] - ETA: 1:11 - loss: 0.6506 - acc: 0.7000
 330/1389 [======>.......................] - ETA: 1s - loss: 0.4658 - acc: 0.8152  
 650/1389 [=============>................] - ETA: 0s - loss: 0.3198 - acc: 0.8846
 960/1389 [===================>..........] - ETA: 0s - loss: 0.2689 - acc: 0.9031
1280/1389 [==========================>...] - ETA: 0s - loss: 0.2268 - acc: 0.9180
1389/1389 [==============================] - 1s 582us/step - loss: 0.2190 - acc: 0.9208 - val_loss: 0.1356 - val_acc: 0.9442
Epoch 2/30

  10/1389 [..............................] - ETA: 0s - loss: 0.0602 - acc: 1.0000
 300/1389 [=====>........................] - ETA: 0s - loss: 0.1309 - acc: 0.9533
 600/1389 [===========>..................] - ETA: 0s - loss: 0.1105 - acc: 0.9650
 900/1389 [==================>...........] - ETA: 0s - loss: 0.1027 - acc: 0.9656
1190/1389 [========================>.....] - ETA: 0s - loss: 0.1018 - acc: 0.9672
1389/1389 [==============================] - 0s 178us/step - loss: 0.0936 - acc: 0.9705 - val_loss: 0.0884 - val_acc: 0.9742
Epoch 3/30

  10/1389 [..............................] - ETA: 0s - loss: 0.0274 - acc: 1.0000
 300/1389 [=====>........................] - ETA: 0s - loss: 0.0704 - acc: 0.9800
 570/1389 [===========>..................] - ETA: 0s - loss: 0.0702 - acc: 0.9789
 880/1389 [==================>...........] - ETA: 0s - loss: 0.0743 - acc: 0.9784
1180/1389 [========================>.....] - ETA: 0s - loss: 0.0749 - acc: 0.9780
1389/1389 [==============================] - 0s 181us/step - loss: 0.0794 - acc: 0.9755 - val_loss: 0.1587 - val_acc: 0.9399
Epoch 4/30

  10/1389 [..............................] - ETA: 0s - loss: 0.0049 - acc: 1.0000
 330/1389 [======>.......................] - ETA: 0s - loss: 0.0869 - acc: 0.9667
 640/1389 [============>.................] - ETA: 0s - loss: 0.0710 - acc: 0.9734
 950/1389 [===================>..........] - ETA: 0s - loss: 0.0729 - acc: 0.9747
1250/1389 [=========================>....] - ETA: 0s - loss: 0.0753 - acc: 0.9752
1389/1389 [==============================] - 0s 175us/step - loss: 0.0783 - acc: 0.9748 - val_loss: 0.1675 - val_acc: 0.9442
Epoch 5/30

  10/1389 [..............................] - ETA: 0s - loss: 0.0765 - acc: 1.0000
 310/1389 [=====>........................] - ETA: 0s - loss: 0.1216 - acc: 0.9516
 620/1389 [============>.................] - ETA: 0s - loss: 0.0946 - acc: 0.9597
 890/1389 [==================>...........] - ETA: 0s - loss: 0.0855 - acc: 0.9640
1190/1389 [========================>.....] - ETA: 0s - loss: 0.0944 - acc: 0.9664
1389/1389 [==============================] - 0s 179us/step - loss: 0.0951 - acc: 0.9676 - val_loss: 0.1851 - val_acc: 0.9399
Epoch 6/30

  10/1389 [..............................] - ETA: 0s - loss: 0.0169 - acc: 1.0000
 310/1389 [=====>........................] - ETA: 0s - loss: 0.0283 - acc: 0.9935
 620/1389 [============>.................] - ETA: 0s - loss: 0.0456 - acc: 0.9871
 940/1389 [===================>..........] - ETA: 0s - loss: 0.0707 - acc: 0.9777
1250/1389 [=========================>....] - ETA: 0s - loss: 0.0810 - acc: 0.9728
1389/1389 [==============================] - 0s 171us/step - loss: 0.0815 - acc: 0.9712 - val_loss: 0.1701 - val_acc: 0.9356
Epoch 7/30

  10/1389 [..............................] - ETA: 0s - loss: 0.1474 - acc: 0.9000
 300/1389 [=====>........................] - ETA: 0s - loss: 0.0565 - acc: 0.9800
 580/1389 [===========>..................] - ETA: 0s - loss: 0.0698 - acc: 0.9741
 880/1389 [==================>...........] - ETA: 0s - loss: 0.0713 - acc: 0.9750
1190/1389 [========================>.....] - ETA: 0s - loss: 0.0769 - acc: 0.9739
1389/1389 [==============================] - 0s 180us/step - loss: 0.0877 - acc: 0.9719 - val_loss: 0.1522 - val_acc: 0.9614
Epoch 8/30

  10/1389 [..............................] - ETA: 0s - loss: 0.0101 - acc: 1.0000
 300/1389 [=====>........................] - ETA: 0s - loss: 0.0412 - acc: 0.9800
 600/1389 [===========>..................] - ETA: 0s - loss: 0.0597 - acc: 0.9750
 880/1389 [==================>...........] - ETA: 0s - loss: 0.0537 - acc: 0.9784
1170/1389 [========================>.....] - ETA: 0s - loss: 0.0680 - acc: 0.9761
1389/1389 [==============================] - 0s 182us/step - loss: 0.0805 - acc: 0.9719 - val_loss: 0.2191 - val_acc: 0.9185
Epoch 9/30

  10/1389 [..............................] - ETA: 0s - loss: 0.0533 - acc: 1.0000
 310/1389 [=====>........................] - ETA: 0s - loss: 0.0789 - acc: 0.9677
 620/1389 [============>.................] - ETA: 0s - loss: 0.0679 - acc: 0.9742
 930/1389 [===================>..........] - ETA: 0s - loss: 0.0690 - acc: 0.9742
1240/1389 [=========================>....] - ETA: 0s - loss: 0.0883 - acc: 0.9710
1389/1389 [==============================] - 0s 171us/step - loss: 0.0885 - acc: 0.9705 - val_loss: 0.2160 - val_acc: 0.9313
acc: 97.42%
Train on 1390 samples, validate on 232 samples
Epoch 1/30

  10/1390 [..............................] - ETA: 1:23 - loss: 0.6759 - acc: 0.5000
 300/1390 [=====>........................] - ETA: 2s - loss: 0.4146 - acc: 0.8200  
 610/1390 [============>.................] - ETA: 0s - loss: 0.2906 - acc: 0.8820
 910/1390 [==================>...........] - ETA: 0s - loss: 0.2326 - acc: 0.9055
1210/1390 [=========================>....] - ETA: 0s - loss: 0.1932 - acc: 0.9215
1390/1390 [==============================] - 1s 656us/step - loss: 0.1804 - acc: 0.9273 - val_loss: 0.1406 - val_acc: 0.9655
Epoch 2/30

  10/1390 [..............................] - ETA: 0s - loss: 0.4891 - acc: 0.9000
 300/1390 [=====>........................] - ETA: 0s - loss: 0.0851 - acc: 0.9667
 600/1390 [===========>..................] - ETA: 0s - loss: 0.0715 - acc: 0.9717
 910/1390 [==================>...........] - ETA: 0s - loss: 0.0808 - acc: 0.9692
1220/1390 [=========================>....] - ETA: 0s - loss: 0.0842 - acc: 0.9689
1390/1390 [==============================] - 0s 175us/step - loss: 0.0881 - acc: 0.9676 - val_loss: 0.2007 - val_acc: 0.9353
Epoch 3/30

  10/1390 [..............................] - ETA: 0s - loss: 0.0584 - acc: 1.0000
 320/1390 [=====>........................] - ETA: 0s - loss: 0.1343 - acc: 0.9625
 640/1390 [============>.................] - ETA: 0s - loss: 0.1084 - acc: 0.9687
 940/1390 [===================>..........] - ETA: 0s - loss: 0.0964 - acc: 0.9713
1250/1390 [=========================>....] - ETA: 0s - loss: 0.1033 - acc: 0.9632
1390/1390 [==============================] - 0s 176us/step - loss: 0.1025 - acc: 0.9633 - val_loss: 0.2345 - val_acc: 0.9353
Epoch 4/30

  10/1390 [..............................] - ETA: 0s - loss: 0.0116 - acc: 1.0000
 300/1390 [=====>........................] - ETA: 0s - loss: 0.0610 - acc: 0.9800
 600/1390 [===========>..................] - ETA: 0s - loss: 0.0862 - acc: 0.9700
 890/1390 [==================>...........] - ETA: 0s - loss: 0.0809 - acc: 0.9697
1190/1390 [========================>.....] - ETA: 0s - loss: 0.0815 - acc: 0.9681
1390/1390 [==============================] - 0s 180us/step - loss: 0.0906 - acc: 0.9655 - val_loss: 0.2326 - val_acc: 0.9353
Epoch 5/30

  10/1390 [..............................] - ETA: 0s - loss: 0.0016 - acc: 1.0000
 300/1390 [=====>........................] - ETA: 0s - loss: 0.0731 - acc: 0.9700
 610/1390 [============>.................] - ETA: 0s - loss: 0.0842 - acc: 0.9689
 900/1390 [==================>...........] - ETA: 0s - loss: 0.0874 - acc: 0.9689
1210/1390 [=========================>....] - ETA: 0s - loss: 0.0879 - acc: 0.9694
1390/1390 [==============================] - 0s 176us/step - loss: 0.0883 - acc: 0.9691 - val_loss: 0.2644 - val_acc: 0.9181
Epoch 6/30

  10/1390 [..............................] - ETA: 0s - loss: 0.1424 - acc: 0.9000
 320/1390 [=====>........................] - ETA: 0s - loss: 0.1101 - acc: 0.9687
 630/1390 [============>.................] - ETA: 0s - loss: 0.1002 - acc: 0.9683
 930/1390 [===================>..........] - ETA: 0s - loss: 0.0998 - acc: 0.9710
1230/1390 [=========================>....] - ETA: 0s - loss: 0.1088 - acc: 0.9650
1390/1390 [==============================] - 0s 176us/step - loss: 0.1055 - acc: 0.9655 - val_loss: 0.2505 - val_acc: 0.9310
Epoch 7/30

  10/1390 [..............................] - ETA: 0s - loss: 0.2395 - acc: 0.9000
 260/1390 [====>.........................] - ETA: 0s - loss: 0.0721 - acc: 0.9769
 540/1390 [==========>...................] - ETA: 0s - loss: 0.0713 - acc: 0.9815
 840/1390 [=================>............] - ETA: 0s - loss: 0.0675 - acc: 0.9762
1130/1390 [=======================>......] - ETA: 0s - loss: 0.0830 - acc: 0.9735
1390/1390 [==============================] - 0s 187us/step - loss: 0.0775 - acc: 0.9748 - val_loss: 0.2478 - val_acc: 0.9440
Epoch 8/30

  10/1390 [..............................] - ETA: 0s - loss: 0.0031 - acc: 1.0000
 300/1390 [=====>........................] - ETA: 0s - loss: 0.0935 - acc: 0.9633
 590/1390 [===========>..................] - ETA: 0s - loss: 0.0717 - acc: 0.9712
 880/1390 [=================>............] - ETA: 0s - loss: 0.0794 - acc: 0.9682
1180/1390 [========================>.....] - ETA: 0s - loss: 0.0756 - acc: 0.9720
1390/1390 [==============================] - 0s 180us/step - loss: 0.0852 - acc: 0.9676 - val_loss: 0.2338 - val_acc: 0.9267
acc: 96.55%
Train on 1391 samples, validate on 231 samples
Epoch 1/30

  10/1391 [..............................] - ETA: 1:39 - loss: 0.6396 - acc: 0.6000
 270/1391 [====>.........................] - ETA: 3s - loss: 0.4735 - acc: 0.7704  
 550/1391 [==========>...................] - ETA: 1s - loss: 0.3494 - acc: 0.8400
 820/1391 [================>.............] - ETA: 0s - loss: 0.2800 - acc: 0.8756
1110/1391 [======================>.......] - ETA: 0s - loss: 0.2363 - acc: 0.8973
1391/1391 [==============================] - 1s 772us/step - loss: 0.2178 - acc: 0.9080 - val_loss: 0.0796 - val_acc: 0.9697
Epoch 2/30

  10/1391 [..............................] - ETA: 0s - loss: 0.0951 - acc: 0.9000
 280/1391 [=====>........................] - ETA: 0s - loss: 0.1017 - acc: 0.9571
 510/1391 [=========>....................] - ETA: 0s - loss: 0.1124 - acc: 0.9529
 780/1391 [===============>..............] - ETA: 0s - loss: 0.1018 - acc: 0.9590
1050/1391 [=====================>........] - ETA: 0s - loss: 0.1146 - acc: 0.9581
1340/1391 [===========================>..] - ETA: 0s - loss: 0.1085 - acc: 0.9604
1391/1391 [==============================] - 0s 200us/step - loss: 0.1102 - acc: 0.9612 - val_loss: 0.1376 - val_acc: 0.9437
Epoch 3/30

  10/1391 [..............................] - ETA: 0s - loss: 0.0368 - acc: 1.0000
 280/1391 [=====>........................] - ETA: 0s - loss: 0.0777 - acc: 0.9679
 560/1391 [===========>..................] - ETA: 0s - loss: 0.0779 - acc: 0.9661
 850/1391 [=================>............] - ETA: 0s - loss: 0.0732 - acc: 0.9694
1150/1391 [=======================>......] - ETA: 0s - loss: 0.0849 - acc: 0.9678
1391/1391 [==============================] - 0s 187us/step - loss: 0.0932 - acc: 0.9655 - val_loss: 0.0640 - val_acc: 0.9697
Epoch 4/30

  10/1391 [..............................] - ETA: 0s - loss: 0.0014 - acc: 1.0000
 310/1391 [=====>........................] - ETA: 0s - loss: 0.0632 - acc: 0.9806
 620/1391 [============>.................] - ETA: 0s - loss: 0.0617 - acc: 0.9790
 910/1391 [==================>...........] - ETA: 0s - loss: 0.0538 - acc: 0.9835
1210/1391 [=========================>....] - ETA: 0s - loss: 0.0683 - acc: 0.9785
1391/1391 [==============================] - 0s 184us/step - loss: 0.0707 - acc: 0.9784 - val_loss: 0.0548 - val_acc: 0.9784
Epoch 5/30

  10/1391 [..............................] - ETA: 0s - loss: 0.0071 - acc: 1.0000
 190/1391 [===>..........................] - ETA: 0s - loss: 0.0917 - acc: 0.9737
 430/1391 [========>.....................] - ETA: 0s - loss: 0.0676 - acc: 0.9744
 660/1391 [=============>................] - ETA: 0s - loss: 0.0632 - acc: 0.9773
 940/1391 [===================>..........] - ETA: 0s - loss: 0.0657 - acc: 0.9745
1170/1391 [========================>.....] - ETA: 0s - loss: 0.0626 - acc: 0.9769
1391/1391 [==============================] - 0s 236us/step - loss: 0.0622 - acc: 0.9784 - val_loss: 0.0938 - val_acc: 0.9697
Epoch 6/30

  10/1391 [..............................] - ETA: 0s - loss: 0.0990 - acc: 0.9000
 270/1391 [====>.........................] - ETA: 0s - loss: 0.0403 - acc: 0.9815
 540/1391 [==========>...................] - ETA: 0s - loss: 0.0397 - acc: 0.9852
 810/1391 [================>.............] - ETA: 0s - loss: 0.0373 - acc: 0.9864
1070/1391 [======================>.......] - ETA: 0s - loss: 0.0426 - acc: 0.9850
1340/1391 [===========================>..] - ETA: 0s - loss: 0.0533 - acc: 0.9813
1391/1391 [==============================] - 0s 200us/step - loss: 0.0538 - acc: 0.9813 - val_loss: 0.1861 - val_acc: 0.9481
Epoch 7/30

  10/1391 [..............................] - ETA: 0s - loss: 0.0169 - acc: 1.0000
 310/1391 [=====>........................] - ETA: 0s - loss: 0.0407 - acc: 0.9839
 580/1391 [===========>..................] - ETA: 0s - loss: 0.0704 - acc: 0.9741
 810/1391 [================>.............] - ETA: 0s - loss: 0.0667 - acc: 0.9753
1070/1391 [======================>.......] - ETA: 0s - loss: 0.0671 - acc: 0.9757
1330/1391 [===========================>..] - ETA: 0s - loss: 0.0744 - acc: 0.9729
1391/1391 [==============================] - 0s 203us/step - loss: 0.0728 - acc: 0.9734 - val_loss: 0.1308 - val_acc: 0.9524
Epoch 8/30

  10/1391 [..............................] - ETA: 0s - loss: 0.0833 - acc: 0.9000
 280/1391 [=====>........................] - ETA: 0s - loss: 0.0439 - acc: 0.9821
 510/1391 [=========>....................] - ETA: 0s - loss: 0.0521 - acc: 0.9824
 720/1391 [==============>...............] - ETA: 0s - loss: 0.0586 - acc: 0.9833
 950/1391 [===================>..........] - ETA: 0s - loss: 0.0639 - acc: 0.9789
1200/1391 [========================>.....] - ETA: 0s - loss: 0.0627 - acc: 0.9792
1391/1391 [==============================] - 0s 219us/step - loss: 0.0636 - acc: 0.9792 - val_loss: 0.0899 - val_acc: 0.9697
Epoch 9/30

  10/1391 [..............................] - ETA: 0s - loss: 0.5598 - acc: 0.9000
 280/1391 [=====>........................] - ETA: 0s - loss: 0.0602 - acc: 0.9893
 550/1391 [==========>...................] - ETA: 0s - loss: 0.0598 - acc: 0.9891
 800/1391 [================>.............] - ETA: 0s - loss: 0.0648 - acc: 0.9850
1060/1391 [=====================>........] - ETA: 0s - loss: 0.0588 - acc: 0.9858
1270/1391 [==========================>...] - ETA: 0s - loss: 0.0526 - acc: 0.9874
1391/1391 [==============================] - 0s 211us/step - loss: 0.0553 - acc: 0.9863 - val_loss: 0.0997 - val_acc: 0.9654
Epoch 10/30

  10/1391 [..............................] - ETA: 0s - loss: 0.0045 - acc: 1.0000
 270/1391 [====>.........................] - ETA: 0s - loss: 0.0809 - acc: 0.9778
 550/1391 [==========>...................] - ETA: 0s - loss: 0.0626 - acc: 0.9800
 820/1391 [================>.............] - ETA: 0s - loss: 0.0677 - acc: 0.9793
1080/1391 [======================>.......] - ETA: 0s - loss: 0.0716 - acc: 0.9741
1350/1391 [============================>.] - ETA: 0s - loss: 0.0794 - acc: 0.9733
1391/1391 [==============================] - 0s 199us/step - loss: 0.0813 - acc: 0.9734 - val_loss: 0.0826 - val_acc: 0.9567
Epoch 11/30

  10/1391 [..............................] - ETA: 0s - loss: 0.0034 - acc: 1.0000
 300/1391 [=====>........................] - ETA: 0s - loss: 0.0526 - acc: 0.9767
 570/1391 [===========>..................] - ETA: 0s - loss: 0.0653 - acc: 0.9754
 850/1391 [=================>............] - ETA: 0s - loss: 0.0641 - acc: 0.9753
1130/1391 [=======================>......] - ETA: 0s - loss: 0.0632 - acc: 0.9761
1391/1391 [==============================] - 0s 191us/step - loss: 0.0582 - acc: 0.9770 - val_loss: 0.1322 - val_acc: 0.9524
acc: 97.84%
Train on 1391 samples, validate on 231 samples
Epoch 1/30

  10/1391 [..............................] - ETA: 1:51 - loss: 0.6289 - acc: 0.8000
 300/1391 [=====>........................] - ETA: 3s - loss: 0.4841 - acc: 0.7767  
 530/1391 [==========>...................] - ETA: 1s - loss: 0.3899 - acc: 0.8302
 690/1391 [=============>................] - ETA: 0s - loss: 0.3469 - acc: 0.8536
 910/1391 [==================>...........] - ETA: 0s - loss: 0.2986 - acc: 0.8780
1120/1391 [=======================>......] - ETA: 0s - loss: 0.2694 - acc: 0.8911
1340/1391 [===========================>..] - ETA: 0s - loss: 0.2361 - acc: 0.9052
1391/1391 [==============================] - 1s 891us/step - loss: 0.2306 - acc: 0.9073 - val_loss: 0.0907 - val_acc: 0.9654
Epoch 2/30

  10/1391 [..............................] - ETA: 0s - loss: 0.0238 - acc: 1.0000
 300/1391 [=====>........................] - ETA: 0s - loss: 0.0633 - acc: 0.9733
 580/1391 [===========>..................] - ETA: 0s - loss: 0.0754 - acc: 0.9759
 860/1391 [=================>............] - ETA: 0s - loss: 0.0865 - acc: 0.9698
1150/1391 [=======================>......] - ETA: 0s - loss: 0.1040 - acc: 0.9626
1391/1391 [==============================] - 0s 188us/step - loss: 0.1069 - acc: 0.9605 - val_loss: 0.1016 - val_acc: 0.9740
Epoch 3/30

  10/1391 [..............................] - ETA: 0s - loss: 0.3709 - acc: 0.8000
 290/1391 [=====>........................] - ETA: 0s - loss: 0.0993 - acc: 0.9621
 590/1391 [===========>..................] - ETA: 0s - loss: 0.0919 - acc: 0.9695
 880/1391 [=================>............] - ETA: 0s - loss: 0.0923 - acc: 0.9716
1180/1391 [========================>.....] - ETA: 0s - loss: 0.0908 - acc: 0.9695
1391/1391 [==============================] - 0s 198us/step - loss: 0.0872 - acc: 0.9705 - val_loss: 0.0856 - val_acc: 0.9784
Epoch 4/30

  10/1391 [..............................] - ETA: 0s - loss: 0.0665 - acc: 1.0000
 230/1391 [===>..........................] - ETA: 0s - loss: 0.0725 - acc: 0.9783
 440/1391 [========>.....................] - ETA: 0s - loss: 0.0822 - acc: 0.9705
 660/1391 [=============>................] - ETA: 0s - loss: 0.0946 - acc: 0.9636
 870/1391 [=================>............] - ETA: 0s - loss: 0.1045 - acc: 0.9575
1080/1391 [======================>.......] - ETA: 0s - loss: 0.1212 - acc: 0.9537
1340/1391 [===========================>..] - ETA: 0s - loss: 0.1163 - acc: 0.9575
1391/1391 [==============================] - 0s 239us/step - loss: 0.1138 - acc: 0.9583 - val_loss: 0.0997 - val_acc: 0.9740
Epoch 5/30

  10/1391 [..............................] - ETA: 0s - loss: 0.2708 - acc: 0.8000
 310/1391 [=====>........................] - ETA: 0s - loss: 0.1023 - acc: 0.9581
 580/1391 [===========>..................] - ETA: 0s - loss: 0.0840 - acc: 0.9672
 870/1391 [=================>............] - ETA: 0s - loss: 0.0879 - acc: 0.9655
1170/1391 [========================>.....] - ETA: 0s - loss: 0.0899 - acc: 0.9658
1391/1391 [==============================] - 0s 184us/step - loss: 0.0945 - acc: 0.9648 - val_loss: 0.1617 - val_acc: 0.9567
Epoch 6/30

  10/1391 [..............................] - ETA: 0s - loss: 0.0232 - acc: 1.0000
 310/1391 [=====>........................] - ETA: 0s - loss: 0.0418 - acc: 0.9871
 610/1391 [============>.................] - ETA: 0s - loss: 0.0577 - acc: 0.9820
 900/1391 [==================>...........] - ETA: 0s - loss: 0.0740 - acc: 0.9756
1180/1391 [========================>.....] - ETA: 0s - loss: 0.0753 - acc: 0.9737
1391/1391 [==============================] - 0s 183us/step - loss: 0.0776 - acc: 0.9748 - val_loss: 0.1635 - val_acc: 0.9610
Epoch 7/30

  10/1391 [..............................] - ETA: 0s - loss: 0.0018 - acc: 1.0000
 300/1391 [=====>........................] - ETA: 0s - loss: 0.0614 - acc: 0.9867
 590/1391 [===========>..................] - ETA: 0s - loss: 0.0671 - acc: 0.9831
 840/1391 [=================>............] - ETA: 0s - loss: 0.0636 - acc: 0.9845
1120/1391 [=======================>......] - ETA: 0s - loss: 0.0698 - acc: 0.9804
1370/1391 [============================>.] - ETA: 0s - loss: 0.0645 - acc: 0.9825
1391/1391 [==============================] - 0s 200us/step - loss: 0.0661 - acc: 0.9820 - val_loss: 0.1272 - val_acc: 0.9654
Epoch 8/30

  10/1391 [..............................] - ETA: 0s - loss: 0.0362 - acc: 1.0000
 260/1391 [====>.........................] - ETA: 0s - loss: 0.1057 - acc: 0.9692
 520/1391 [==========>...................] - ETA: 0s - loss: 0.0694 - acc: 0.9788
 780/1391 [===============>..............] - ETA: 0s - loss: 0.0633 - acc: 0.9795
1040/1391 [=====================>........] - ETA: 0s - loss: 0.0602 - acc: 0.9798
1300/1391 [===========================>..] - ETA: 0s - loss: 0.0608 - acc: 0.9808
1391/1391 [==============================] - 0s 206us/step - loss: 0.0589 - acc: 0.9813 - val_loss: 0.1245 - val_acc: 0.9697
Epoch 9/30

  10/1391 [..............................] - ETA: 0s - loss: 0.1080 - acc: 1.0000
 260/1391 [====>.........................] - ETA: 0s - loss: 0.0539 - acc: 0.9808
 510/1391 [=========>....................] - ETA: 0s - loss: 0.0503 - acc: 0.9863
 760/1391 [===============>..............] - ETA: 0s - loss: 0.0544 - acc: 0.9803
1020/1391 [====================>.........] - ETA: 0s - loss: 0.0654 - acc: 0.9755
1280/1391 [==========================>...] - ETA: 0s - loss: 0.0853 - acc: 0.9695
1391/1391 [==============================] - 0s 210us/step - loss: 0.0886 - acc: 0.9705 - val_loss: 0.1524 - val_acc: 0.9437
Epoch 10/30

  10/1391 [..............................] - ETA: 0s - loss: 0.0315 - acc: 1.0000
 260/1391 [====>.........................] - ETA: 0s - loss: 0.1027 - acc: 0.9654
 510/1391 [=========>....................] - ETA: 0s - loss: 0.1019 - acc: 0.9686
 800/1391 [================>.............] - ETA: 0s - loss: 0.0979 - acc: 0.9687
1090/1391 [======================>.......] - ETA: 0s - loss: 0.0863 - acc: 0.9725
1380/1391 [============================>.] - ETA: 0s - loss: 0.0899 - acc: 0.9710
1391/1391 [==============================] - 0s 193us/step - loss: 0.0903 - acc: 0.9705 - val_loss: 0.1735 - val_acc: 0.9697
acc: 97.84%
Train on 1391 samples, validate on 231 samples
Epoch 1/30

  10/1391 [..............................] - ETA: 2:09 - loss: 0.7012 - acc: 0.5000
 300/1391 [=====>........................] - ETA: 3s - loss: 0.4498 - acc: 0.7867  
 580/1391 [===========>..................] - ETA: 1s - loss: 0.2885 - acc: 0.8759
 870/1391 [=================>............] - ETA: 0s - loss: 0.2440 - acc: 0.9000
1170/1391 [========================>.....] - ETA: 0s - loss: 0.2141 - acc: 0.9162
1391/1391 [==============================] - 1s 944us/step - loss: 0.2024 - acc: 0.9224 - val_loss: 0.0995 - val_acc: 0.9740
Epoch 2/30

  10/1391 [..............................] - ETA: 0s - loss: 0.0101 - acc: 1.0000
 220/1391 [===>..........................] - ETA: 0s - loss: 0.0843 - acc: 0.9682
 440/1391 [========>.....................] - ETA: 0s - loss: 0.1183 - acc: 0.9545
 660/1391 [=============>................] - ETA: 0s - loss: 0.1240 - acc: 0.9500
 900/1391 [==================>...........] - ETA: 0s - loss: 0.1092 - acc: 0.9578
1140/1391 [=======================>......] - ETA: 0s - loss: 0.1054 - acc: 0.9614
1391/1391 [==============================] - 0s 227us/step - loss: 0.1074 - acc: 0.9619 - val_loss: 0.0720 - val_acc: 0.9697
Epoch 3/30

  10/1391 [..............................] - ETA: 0s - loss: 0.1108 - acc: 1.0000
 310/1391 [=====>........................] - ETA: 0s - loss: 0.0632 - acc: 0.9871
 600/1391 [===========>..................] - ETA: 0s - loss: 0.0784 - acc: 0.9800
 890/1391 [==================>...........] - ETA: 0s - loss: 0.0873 - acc: 0.9730
1170/1391 [========================>.....] - ETA: 0s - loss: 0.0839 - acc: 0.9744
1391/1391 [==============================] - 0s 187us/step - loss: 0.0872 - acc: 0.9734 - val_loss: 0.0855 - val_acc: 0.9740
Epoch 4/30

  10/1391 [..............................] - ETA: 0s - loss: 0.0759 - acc: 1.0000
 270/1391 [====>.........................] - ETA: 0s - loss: 0.1059 - acc: 0.9630
 550/1391 [==========>...................] - ETA: 0s - loss: 0.0895 - acc: 0.9709
 820/1391 [================>.............] - ETA: 0s - loss: 0.0949 - acc: 0.9671
1100/1391 [======================>.......] - ETA: 0s - loss: 0.0856 - acc: 0.9709
1380/1391 [============================>.] - ETA: 0s - loss: 0.0844 - acc: 0.9717
1391/1391 [==============================] - 0s 194us/step - loss: 0.0839 - acc: 0.9720 - val_loss: 0.1198 - val_acc: 0.9654
Epoch 5/30

  10/1391 [..............................] - ETA: 0s - loss: 0.4489 - acc: 0.7000
 300/1391 [=====>........................] - ETA: 0s - loss: 0.0800 - acc: 0.9700
 590/1391 [===========>..................] - ETA: 0s - loss: 0.0574 - acc: 0.9797
 890/1391 [==================>...........] - ETA: 0s - loss: 0.0763 - acc: 0.9742
1170/1391 [========================>.....] - ETA: 0s - loss: 0.0763 - acc: 0.9752
1391/1391 [==============================] - 0s 185us/step - loss: 0.0761 - acc: 0.9748 - val_loss: 0.1372 - val_acc: 0.9654
Epoch 6/30

  10/1391 [..............................] - ETA: 0s - loss: 0.0049 - acc: 1.0000
 300/1391 [=====>........................] - ETA: 0s - loss: 0.0596 - acc: 0.9867
 580/1391 [===========>..................] - ETA: 0s - loss: 0.0625 - acc: 0.9828
 860/1391 [=================>............] - ETA: 0s - loss: 0.0552 - acc: 0.9837
1150/1391 [=======================>......] - ETA: 0s - loss: 0.0535 - acc: 0.9826
1391/1391 [==============================] - 0s 198us/step - loss: 0.0566 - acc: 0.9799 - val_loss: 0.1359 - val_acc: 0.9524
Epoch 7/30

  10/1391 [..............................] - ETA: 0s - loss: 0.0060 - acc: 1.0000
 210/1391 [===>..........................] - ETA: 0s - loss: 0.0352 - acc: 0.9857
 450/1391 [========>.....................] - ETA: 0s - loss: 0.0280 - acc: 0.9889
 680/1391 [=============>................] - ETA: 0s - loss: 0.0498 - acc: 0.9779
 890/1391 [==================>...........] - ETA: 0s - loss: 0.0488 - acc: 0.9798
1100/1391 [======================>.......] - ETA: 0s - loss: 0.0548 - acc: 0.9773
1330/1391 [===========================>..] - ETA: 0s - loss: 0.0581 - acc: 0.9782
1391/1391 [==============================] - 0s 244us/step - loss: 0.0604 - acc: 0.9770 - val_loss: 0.2094 - val_acc: 0.9394
Epoch 8/30

  10/1391 [..............................] - ETA: 0s - loss: 0.0017 - acc: 1.0000
 290/1391 [=====>........................] - ETA: 0s - loss: 0.0464 - acc: 0.9828
 570/1391 [===========>..................] - ETA: 0s - loss: 0.0569 - acc: 0.9789
 850/1391 [=================>............] - ETA: 0s - loss: 0.0648 - acc: 0.9776
1120/1391 [=======================>......] - ETA: 0s - loss: 0.0737 - acc: 0.9768
1380/1391 [============================>.] - ETA: 0s - loss: 0.0822 - acc: 0.9746
1391/1391 [==============================] - 0s 197us/step - loss: 0.0817 - acc: 0.9748 - val_loss: 0.1672 - val_acc: 0.9654
acc: 97.40%
Train on 1391 samples, validate on 231 samples
Epoch 1/30

  10/1391 [..............................] - ETA: 2:24 - loss: 0.7143 - acc: 0.4000
 290/1391 [=====>........................] - ETA: 4s - loss: 0.3577 - acc: 0.8414  
 580/1391 [===========>..................] - ETA: 1s - loss: 0.2711 - acc: 0.8879
 880/1391 [=================>............] - ETA: 0s - loss: 0.2270 - acc: 0.9102
1170/1391 [========================>.....] - ETA: 0s - loss: 0.2028 - acc: 0.9162
1391/1391 [==============================] - 1s 1ms/step - loss: 0.2030 - acc: 0.9195 - val_loss: 0.0717 - val_acc: 0.9870
Epoch 2/30

  10/1391 [..............................] - ETA: 0s - loss: 0.0277 - acc: 1.0000
 280/1391 [=====>........................] - ETA: 0s - loss: 0.1172 - acc: 0.9643
 560/1391 [===========>..................] - ETA: 0s - loss: 0.1070 - acc: 0.9607
 840/1391 [=================>............] - ETA: 0s - loss: 0.1077 - acc: 0.9607
1080/1391 [======================>.......] - ETA: 0s - loss: 0.1127 - acc: 0.9593
1250/1391 [=========================>....] - ETA: 0s - loss: 0.1051 - acc: 0.9624
1391/1391 [==============================] - 0s 212us/step - loss: 0.1067 - acc: 0.9626 - val_loss: 0.0857 - val_acc: 0.9740
Epoch 3/30

  10/1391 [..............................] - ETA: 0s - loss: 0.0244 - acc: 1.0000
 290/1391 [=====>........................] - ETA: 0s - loss: 0.0694 - acc: 0.9759
 560/1391 [===========>..................] - ETA: 0s - loss: 0.0879 - acc: 0.9696
 840/1391 [=================>............] - ETA: 0s - loss: 0.0836 - acc: 0.9726
1110/1391 [======================>.......] - ETA: 0s - loss: 0.0898 - acc: 0.9730
1391/1391 [==============================] - 0s 191us/step - loss: 0.0880 - acc: 0.9727 - val_loss: 0.0649 - val_acc: 0.9957
Epoch 4/30

  10/1391 [..............................] - ETA: 0s - loss: 0.2662 - acc: 0.9000
 300/1391 [=====>........................] - ETA: 0s - loss: 0.0925 - acc: 0.9733
 590/1391 [===========>..................] - ETA: 0s - loss: 0.0965 - acc: 0.9729
 880/1391 [=================>............] - ETA: 0s - loss: 0.0925 - acc: 0.9750
1170/1391 [========================>.....] - ETA: 0s - loss: 0.0858 - acc: 0.9726
1391/1391 [==============================] - 0s 184us/step - loss: 0.0814 - acc: 0.9734 - val_loss: 0.1069 - val_acc: 0.9567
Epoch 5/30

  10/1391 [..............................] - ETA: 0s - loss: 0.1290 - acc: 0.9000
 290/1391 [=====>........................] - ETA: 0s - loss: 0.0652 - acc: 0.9759
 570/1391 [===========>..................] - ETA: 0s - loss: 0.0778 - acc: 0.9789
 860/1391 [=================>............] - ETA: 0s - loss: 0.0838 - acc: 0.9767
1130/1391 [=======================>......] - ETA: 0s - loss: 0.0868 - acc: 0.9717
1391/1391 [==============================] - 0s 190us/step - loss: 0.0891 - acc: 0.9691 - val_loss: 0.0638 - val_acc: 0.9913
Epoch 6/30

  10/1391 [..............................] - ETA: 0s - loss: 0.0057 - acc: 1.0000
 290/1391 [=====>........................] - ETA: 0s - loss: 0.0881 - acc: 0.9690
 570/1391 [===========>..................] - ETA: 0s - loss: 0.0829 - acc: 0.9684
 850/1391 [=================>............] - ETA: 0s - loss: 0.0669 - acc: 0.9741
1140/1391 [=======================>......] - ETA: 0s - loss: 0.0611 - acc: 0.9763
1391/1391 [==============================] - 0s 190us/step - loss: 0.0658 - acc: 0.9748 - val_loss: 0.0801 - val_acc: 0.9740
Epoch 7/30

  10/1391 [..............................] - ETA: 0s - loss: 0.0089 - acc: 1.0000
 300/1391 [=====>........................] - ETA: 0s - loss: 0.0380 - acc: 0.9800
 540/1391 [==========>...................] - ETA: 0s - loss: 0.0544 - acc: 0.9759
 730/1391 [==============>...............] - ETA: 0s - loss: 0.0678 - acc: 0.9740
 960/1391 [===================>..........] - ETA: 0s - loss: 0.0812 - acc: 0.9687
1180/1391 [========================>.....] - ETA: 0s - loss: 0.0798 - acc: 0.9703
1391/1391 [==============================] - 0s 225us/step - loss: 0.0725 - acc: 0.9727 - val_loss: 0.0776 - val_acc: 0.9784
Epoch 8/30

  10/1391 [..............................] - ETA: 0s - loss: 0.0401 - acc: 1.0000
 220/1391 [===>..........................] - ETA: 0s - loss: 0.0605 - acc: 0.9864
 460/1391 [========>.....................] - ETA: 0s - loss: 0.0859 - acc: 0.9804
 740/1391 [==============>...............] - ETA: 0s - loss: 0.0789 - acc: 0.9784
1010/1391 [====================>.........] - ETA: 0s - loss: 0.0727 - acc: 0.9792
1280/1391 [==========================>...] - ETA: 0s - loss: 0.0689 - acc: 0.9797
1391/1391 [==============================] - 0s 210us/step - loss: 0.0693 - acc: 0.9799 - val_loss: 0.0781 - val_acc: 0.9784
Epoch 9/30

  10/1391 [..............................] - ETA: 0s - loss: 0.0012 - acc: 1.0000
 280/1391 [=====>........................] - ETA: 0s - loss: 0.0614 - acc: 0.9857
 570/1391 [===========>..................] - ETA: 0s - loss: 0.0372 - acc: 0.9912
 850/1391 [=================>............] - ETA: 0s - loss: 0.0495 - acc: 0.9847
1140/1391 [=======================>......] - ETA: 0s - loss: 0.0512 - acc: 0.9851
1391/1391 [==============================] - 0s 191us/step - loss: 0.0572 - acc: 0.9813 - val_loss: 0.0949 - val_acc: 0.9740
Epoch 10/30

  10/1391 [..............................] - ETA: 0s - loss: 0.0261 - acc: 1.0000
 280/1391 [=====>........................] - ETA: 0s - loss: 0.0291 - acc: 0.9893
 550/1391 [==========>...................] - ETA: 0s - loss: 0.0470 - acc: 0.9836
 830/1391 [================>.............] - ETA: 0s - loss: 0.0409 - acc: 0.9855
1110/1391 [======================>.......] - ETA: 0s - loss: 0.0397 - acc: 0.9874
1380/1391 [============================>.] - ETA: 0s - loss: 0.0541 - acc: 0.9797
1391/1391 [==============================] - 0s 197us/step - loss: 0.0536 - acc: 0.9799 - val_loss: 0.1267 - val_acc: 0.9697
acc: 99.57%
Accuracy: 97.54% (+/- 1.02%)
