Train on 1297 samples, validate on 325 samples
Epoch 1/30

 100/1297 [=>............................] - ETA: 5s - loss: 0.6961 - acc: 0.5400
1297/1297 [==============================] - 0s 384us/step - loss: 0.3379 - acc: 0.8581 - val_loss: 0.1438 - val_acc: 0.9477
Epoch 2/30

 100/1297 [=>............................] - ETA: 0s - loss: 0.0386 - acc: 1.0000
1297/1297 [==============================] - 0s 22us/step - loss: 0.0526 - acc: 0.9830 - val_loss: 0.1533 - val_acc: 0.9508
Epoch 3/30

 100/1297 [=>............................] - ETA: 0s - loss: 0.0320 - acc: 0.9900
1297/1297 [==============================] - 0s 21us/step - loss: 0.0253 - acc: 0.9946 - val_loss: 0.1472 - val_acc: 0.9446
Epoch 4/30

 100/1297 [=>............................] - ETA: 0s - loss: 0.0251 - acc: 0.9900
1297/1297 [==============================] - 0s 22us/step - loss: 0.0151 - acc: 0.9954 - val_loss: 0.1377 - val_acc: 0.9538
Epoch 5/30

 100/1297 [=>............................] - ETA: 0s - loss: 0.0027 - acc: 1.0000
1297/1297 [==============================] - 0s 22us/step - loss: 0.0116 - acc: 0.9969 - val_loss: 0.1507 - val_acc: 0.9538
Epoch 6/30

 100/1297 [=>............................] - ETA: 0s - loss: 0.0198 - acc: 0.9800
1297/1297 [==============================] - 0s 21us/step - loss: 0.0089 - acc: 0.9969 - val_loss: 0.1639 - val_acc: 0.9477
Epoch 7/30

 100/1297 [=>............................] - ETA: 0s - loss: 0.0100 - acc: 1.0000
1297/1297 [==============================] - 0s 21us/step - loss: 0.0098 - acc: 0.9977 - val_loss: 0.1618 - val_acc: 0.9477
Epoch 8/30

 100/1297 [=>............................] - ETA: 0s - loss: 0.0010 - acc: 1.0000
1297/1297 [==============================] - 0s 21us/step - loss: 0.0073 - acc: 0.9985 - val_loss: 0.1645 - val_acc: 0.9477
Epoch 9/30

 100/1297 [=>............................] - ETA: 0s - loss: 0.0019 - acc: 1.0000
1297/1297 [==============================] - 0s 21us/step - loss: 0.0052 - acc: 0.9992 - val_loss: 0.1690 - val_acc: 0.9477
Epoch 10/30

 100/1297 [=>............................] - ETA: 0s - loss: 0.0015 - acc: 1.0000
1297/1297 [==============================] - 0s 21us/step - loss: 0.0045 - acc: 0.9992 - val_loss: 0.1711 - val_acc: 0.9477
Epoch 11/30

 100/1297 [=>............................] - ETA: 0s - loss: 0.0016 - acc: 1.0000
1297/1297 [==============================] - 0s 20us/step - loss: 0.0035 - acc: 0.9992 - val_loss: 0.1712 - val_acc: 0.9446
Epoch 12/30

 100/1297 [=>............................] - ETA: 0s - loss: 0.0167 - acc: 0.9900
1297/1297 [==============================] - 0s 21us/step - loss: 0.0031 - acc: 0.9992 - val_loss: 0.1802 - val_acc: 0.9415
Epoch 13/30

 100/1297 [=>............................] - ETA: 0s - loss: 9.2015e-04 - acc: 1.0000
1297/1297 [==============================] - 0s 20us/step - loss: 0.0048 - acc: 0.9992 - val_loss: 0.1833 - val_acc: 0.9415
Epoch 14/30

 100/1297 [=>............................] - ETA: 0s - loss: 0.0025 - acc: 1.0000
1297/1297 [==============================] - 0s 21us/step - loss: 0.0035 - acc: 0.9992 - val_loss: 0.1795 - val_acc: 0.9446
Epoch 15/30

 100/1297 [=>............................] - ETA: 0s - loss: 0.0025 - acc: 1.0000
1297/1297 [==============================] - 0s 21us/step - loss: 0.0039 - acc: 0.9992 - val_loss: 0.1806 - val_acc: 0.9446
Epoch 16/30

 100/1297 [=>............................] - ETA: 0s - loss: 0.0038 - acc: 1.0000
1297/1297 [==============================] - 0s 22us/step - loss: 0.0035 - acc: 0.9992 - val_loss: 0.1853 - val_acc: 0.9354
Epoch 17/30

 100/1297 [=>............................] - ETA: 0s - loss: 0.0021 - acc: 1.0000
1297/1297 [==============================] - 0s 22us/step - loss: 0.0035 - acc: 0.9992 - val_loss: 0.1873 - val_acc: 0.9354
Epoch 18/30

 100/1297 [=>............................] - ETA: 0s - loss: 0.0012 - acc: 1.0000
1297/1297 [==============================] - 0s 22us/step - loss: 0.0033 - acc: 0.9992 - val_loss: 0.1861 - val_acc: 0.9385
Epoch 19/30

 100/1297 [=>............................] - ETA: 0s - loss: 6.5323e-04 - acc: 1.0000
1297/1297 [==============================] - 0s 22us/step - loss: 0.0045 - acc: 0.9992 - val_loss: 0.1929 - val_acc: 0.9354
Epoch 20/30

 100/1297 [=>............................] - ETA: 0s - loss: 0.0014 - acc: 1.0000
1297/1297 [==============================] - 0s 22us/step - loss: 0.0041 - acc: 0.9992 - val_loss: 0.1925 - val_acc: 0.9415
acc: 95.38%
Train on 1297 samples, validate on 325 samples
Epoch 1/30

 100/1297 [=>............................] - ETA: 6s - loss: 0.6809 - acc: 0.5900
1297/1297 [==============================] - 1s 462us/step - loss: 0.2581 - acc: 0.8951 - val_loss: 0.0924 - val_acc: 0.9569
Epoch 2/30

 100/1297 [=>............................] - ETA: 0s - loss: 0.0551 - acc: 0.9900
1297/1297 [==============================] - 0s 25us/step - loss: 0.0482 - acc: 0.9838 - val_loss: 0.1060 - val_acc: 0.9600
Epoch 3/30

 100/1297 [=>............................] - ETA: 0s - loss: 0.0322 - acc: 0.9900
1297/1297 [==============================] - 0s 22us/step - loss: 0.0239 - acc: 0.9938 - val_loss: 0.0848 - val_acc: 0.9785
Epoch 4/30

 100/1297 [=>............................] - ETA: 0s - loss: 0.0064 - acc: 1.0000
1297/1297 [==============================] - 0s 23us/step - loss: 0.0122 - acc: 0.9969 - val_loss: 0.0822 - val_acc: 0.9692
Epoch 5/30

 100/1297 [=>............................] - ETA: 0s - loss: 0.0098 - acc: 1.0000
1297/1297 [==============================] - 0s 21us/step - loss: 0.0083 - acc: 0.9985 - val_loss: 0.0933 - val_acc: 0.9723
Epoch 6/30

 100/1297 [=>............................] - ETA: 0s - loss: 0.0034 - acc: 1.0000
1297/1297 [==============================] - 0s 22us/step - loss: 0.0059 - acc: 0.9985 - val_loss: 0.0962 - val_acc: 0.9692
Epoch 7/30

 100/1297 [=>............................] - ETA: 0s - loss: 0.0015 - acc: 1.0000
1297/1297 [==============================] - 0s 23us/step - loss: 0.0041 - acc: 0.9992 - val_loss: 0.0897 - val_acc: 0.9754
Epoch 8/30

 100/1297 [=>............................] - ETA: 0s - loss: 0.0011 - acc: 1.0000
1297/1297 [==============================] - 0s 21us/step - loss: 0.0034 - acc: 0.9992 - val_loss: 0.0926 - val_acc: 0.9723
Epoch 9/30

 100/1297 [=>............................] - ETA: 0s - loss: 0.0017 - acc: 1.0000
1297/1297 [==============================] - 0s 21us/step - loss: 0.0029 - acc: 0.9992 - val_loss: 0.0954 - val_acc: 0.9723
Epoch 10/30

 100/1297 [=>............................] - ETA: 0s - loss: 0.0021 - acc: 1.0000
1297/1297 [==============================] - 0s 21us/step - loss: 0.0032 - acc: 0.9992 - val_loss: 0.0905 - val_acc: 0.9723
Epoch 11/30

 100/1297 [=>............................] - ETA: 0s - loss: 9.4287e-04 - acc: 1.0000
1297/1297 [==============================] - 0s 21us/step - loss: 0.0034 - acc: 0.9992 - val_loss: 0.0899 - val_acc: 0.9723
Epoch 12/30

 100/1297 [=>............................] - ETA: 0s - loss: 7.1897e-04 - acc: 1.0000
1297/1297 [==============================] - 0s 21us/step - loss: 0.0023 - acc: 0.9992 - val_loss: 0.0875 - val_acc: 0.9692
Epoch 13/30

 100/1297 [=>............................] - ETA: 0s - loss: 6.9847e-04 - acc: 1.0000
1297/1297 [==============================] - 0s 22us/step - loss: 0.0026 - acc: 0.9992 - val_loss: 0.0894 - val_acc: 0.9723
Epoch 14/30

 100/1297 [=>............................] - ETA: 0s - loss: 3.0947e-04 - acc: 1.0000
1297/1297 [==============================] - 0s 21us/step - loss: 0.0020 - acc: 0.9992 - val_loss: 0.0927 - val_acc: 0.9754
Epoch 15/30

 100/1297 [=>............................] - ETA: 0s - loss: 3.8905e-04 - acc: 1.0000
1297/1297 [==============================] - 0s 21us/step - loss: 0.0023 - acc: 0.9992 - val_loss: 0.0891 - val_acc: 0.9754
Epoch 16/30

 100/1297 [=>............................] - ETA: 0s - loss: 4.3865e-04 - acc: 1.0000
1297/1297 [==============================] - 0s 21us/step - loss: 0.0019 - acc: 0.9992 - val_loss: 0.0845 - val_acc: 0.9754
Epoch 17/30

 100/1297 [=>............................] - ETA: 0s - loss: 6.9392e-04 - acc: 1.0000
1297/1297 [==============================] - 0s 21us/step - loss: 0.0032 - acc: 0.9992 - val_loss: 0.0877 - val_acc: 0.9754
Epoch 18/30

 100/1297 [=>............................] - ETA: 0s - loss: 7.4329e-04 - acc: 1.0000
1297/1297 [==============================] - 0s 21us/step - loss: 0.0028 - acc: 0.9992 - val_loss: 0.0907 - val_acc: 0.9692
Epoch 19/30

 100/1297 [=>............................] - ETA: 0s - loss: 5.9958e-04 - acc: 1.0000
1297/1297 [==============================] - 0s 22us/step - loss: 0.0021 - acc: 0.9992 - val_loss: 0.0892 - val_acc: 0.9692
acc: 97.85%
Train on 1297 samples, validate on 325 samples
Epoch 1/30

 100/1297 [=>............................] - ETA: 6s - loss: 0.6982 - acc: 0.4600
1297/1297 [==============================] - 1s 522us/step - loss: 0.2711 - acc: 0.8797 - val_loss: 0.0571 - val_acc: 0.9815
Epoch 2/30

 100/1297 [=>............................] - ETA: 0s - loss: 0.0259 - acc: 1.0000
1297/1297 [==============================] - 0s 24us/step - loss: 0.0584 - acc: 0.9784 - val_loss: 0.0614 - val_acc: 0.9785
Epoch 3/30

 100/1297 [=>............................] - ETA: 0s - loss: 0.0114 - acc: 1.0000
1297/1297 [==============================] - 0s 22us/step - loss: 0.0269 - acc: 0.9907 - val_loss: 0.0741 - val_acc: 0.9692
Epoch 4/30

 100/1297 [=>............................] - ETA: 0s - loss: 0.0084 - acc: 1.0000
1297/1297 [==============================] - 0s 23us/step - loss: 0.0173 - acc: 0.9946 - val_loss: 0.0548 - val_acc: 0.9815
Epoch 5/30

 100/1297 [=>............................] - ETA: 0s - loss: 0.0137 - acc: 1.0000
1297/1297 [==============================] - 0s 21us/step - loss: 0.0082 - acc: 0.9992 - val_loss: 0.0529 - val_acc: 0.9815
Epoch 6/30

 100/1297 [=>............................] - ETA: 0s - loss: 0.0060 - acc: 1.0000
1297/1297 [==============================] - 0s 23us/step - loss: 0.0089 - acc: 0.9985 - val_loss: 0.0527 - val_acc: 0.9785
Epoch 7/30

 100/1297 [=>............................] - ETA: 0s - loss: 0.0015 - acc: 1.0000
1297/1297 [==============================] - 0s 21us/step - loss: 0.0083 - acc: 0.9977 - val_loss: 0.0600 - val_acc: 0.9723
Epoch 8/30

 100/1297 [=>............................] - ETA: 0s - loss: 0.0012 - acc: 1.0000
1297/1297 [==============================] - 0s 23us/step - loss: 0.0062 - acc: 0.9985 - val_loss: 0.0566 - val_acc: 0.9754
Epoch 9/30

 100/1297 [=>............................] - ETA: 0s - loss: 0.0017 - acc: 1.0000
1297/1297 [==============================] - 0s 22us/step - loss: 0.0053 - acc: 0.9977 - val_loss: 0.0555 - val_acc: 0.9723
Epoch 10/30

 100/1297 [=>............................] - ETA: 0s - loss: 8.0270e-04 - acc: 1.0000
1297/1297 [==============================] - 0s 21us/step - loss: 0.0045 - acc: 0.9985 - val_loss: 0.0592 - val_acc: 0.9723
Epoch 11/30

 100/1297 [=>............................] - ETA: 0s - loss: 0.0014 - acc: 1.0000
1297/1297 [==============================] - 0s 22us/step - loss: 0.0039 - acc: 0.9992 - val_loss: 0.0634 - val_acc: 0.9692
Epoch 12/30

 100/1297 [=>............................] - ETA: 0s - loss: 0.0025 - acc: 1.0000
1297/1297 [==============================] - 0s 21us/step - loss: 0.0036 - acc: 0.9985 - val_loss: 0.0599 - val_acc: 0.9723
Epoch 13/30

 100/1297 [=>............................] - ETA: 0s - loss: 0.0147 - acc: 0.9900
1297/1297 [==============================] - 0s 21us/step - loss: 0.0028 - acc: 0.9992 - val_loss: 0.0611 - val_acc: 0.9723
Epoch 14/30

 100/1297 [=>............................] - ETA: 0s - loss: 0.0022 - acc: 1.0000
1297/1297 [==============================] - 0s 21us/step - loss: 0.0026 - acc: 0.9992 - val_loss: 0.0582 - val_acc: 0.9723
Epoch 15/30

 100/1297 [=>............................] - ETA: 0s - loss: 0.0015 - acc: 1.0000
1297/1297 [==============================] - 0s 21us/step - loss: 0.0023 - acc: 0.9992 - val_loss: 0.0601 - val_acc: 0.9754
Epoch 16/30

 100/1297 [=>............................] - ETA: 0s - loss: 5.1851e-04 - acc: 1.0000
1297/1297 [==============================] - 0s 21us/step - loss: 0.0022 - acc: 0.9992 - val_loss: 0.0611 - val_acc: 0.9754
Epoch 17/30

 100/1297 [=>............................] - ETA: 0s - loss: 5.0263e-04 - acc: 1.0000
1297/1297 [==============================] - 0s 22us/step - loss: 0.0028 - acc: 0.9992 - val_loss: 0.0585 - val_acc: 0.9785
Epoch 18/30

 100/1297 [=>............................] - ETA: 0s - loss: 4.0775e-04 - acc: 1.0000
1297/1297 [==============================] - 0s 21us/step - loss: 0.0044 - acc: 0.9985 - val_loss: 0.0479 - val_acc: 0.9785
Epoch 19/30

 100/1297 [=>............................] - ETA: 0s - loss: 7.8968e-04 - acc: 1.0000
1297/1297 [==============================] - 0s 21us/step - loss: 0.0034 - acc: 0.9992 - val_loss: 0.0541 - val_acc: 0.9723
Epoch 20/30

 100/1297 [=>............................] - ETA: 0s - loss: 7.3350e-04 - acc: 1.0000
1297/1297 [==============================] - 0s 22us/step - loss: 0.0049 - acc: 0.9985 - val_loss: 0.0525 - val_acc: 0.9723
acc: 98.15%
Train on 1298 samples, validate on 324 samples
Epoch 1/30

 100/1298 [=>............................] - ETA: 8s - loss: 0.6973 - acc: 0.4900
1298/1298 [==============================] - 1s 611us/step - loss: 0.2900 - acc: 0.8683 - val_loss: 0.0882 - val_acc: 0.9784
Epoch 2/30

 100/1298 [=>............................] - ETA: 0s - loss: 0.0386 - acc: 0.9900
1298/1298 [==============================] - 0s 22us/step - loss: 0.0416 - acc: 0.9877 - val_loss: 0.0945 - val_acc: 0.9784
Epoch 3/30

 100/1298 [=>............................] - ETA: 0s - loss: 0.0092 - acc: 1.0000
1298/1298 [==============================] - 0s 22us/step - loss: 0.0158 - acc: 0.9954 - val_loss: 0.0959 - val_acc: 0.9753
Epoch 4/30

 100/1298 [=>............................] - ETA: 0s - loss: 0.0053 - acc: 1.0000
1298/1298 [==============================] - 0s 21us/step - loss: 0.0086 - acc: 0.9985 - val_loss: 0.0919 - val_acc: 0.9784
Epoch 5/30

 100/1298 [=>............................] - ETA: 0s - loss: 0.0022 - acc: 1.0000
1298/1298 [==============================] - 0s 21us/step - loss: 0.0044 - acc: 0.9992 - val_loss: 0.0956 - val_acc: 0.9722
Epoch 6/30

 100/1298 [=>............................] - ETA: 0s - loss: 0.0015 - acc: 1.0000
1298/1298 [==============================] - 0s 22us/step - loss: 0.0030 - acc: 0.9992 - val_loss: 0.1024 - val_acc: 0.9753
Epoch 7/30

 100/1298 [=>............................] - ETA: 0s - loss: 0.0098 - acc: 0.9900
1298/1298 [==============================] - 0s 21us/step - loss: 0.0023 - acc: 0.9992 - val_loss: 0.1042 - val_acc: 0.9753
Epoch 8/30

 100/1298 [=>............................] - ETA: 0s - loss: 9.8495e-04 - acc: 1.0000
1298/1298 [==============================] - 0s 22us/step - loss: 0.0019 - acc: 0.9992 - val_loss: 0.1064 - val_acc: 0.9753
Epoch 9/30

 100/1298 [=>............................] - ETA: 0s - loss: 6.7210e-04 - acc: 1.0000
1298/1298 [==============================] - 0s 21us/step - loss: 0.0019 - acc: 0.9992 - val_loss: 0.1129 - val_acc: 0.9753
Epoch 10/30

 100/1298 [=>............................] - ETA: 0s - loss: 4.5672e-04 - acc: 1.0000
1298/1298 [==============================] - 0s 22us/step - loss: 0.0014 - acc: 1.0000 - val_loss: 0.1109 - val_acc: 0.9753
Epoch 11/30

 100/1298 [=>............................] - ETA: 0s - loss: 8.9903e-04 - acc: 1.0000
1298/1298 [==============================] - 0s 21us/step - loss: 0.0016 - acc: 0.9992 - val_loss: 0.1121 - val_acc: 0.9753
Epoch 12/30

 100/1298 [=>............................] - ETA: 0s - loss: 3.7399e-04 - acc: 1.0000
1298/1298 [==============================] - 0s 21us/step - loss: 0.0020 - acc: 0.9992 - val_loss: 0.1123 - val_acc: 0.9753
Epoch 13/30

 100/1298 [=>............................] - ETA: 0s - loss: 4.7994e-04 - acc: 1.0000
1298/1298 [==============================] - 0s 23us/step - loss: 0.0016 - acc: 0.9992 - val_loss: 0.1131 - val_acc: 0.9753
Epoch 14/30

 100/1298 [=>............................] - ETA: 0s - loss: 3.0853e-04 - acc: 1.0000
1298/1298 [==============================] - 0s 22us/step - loss: 0.0012 - acc: 1.0000 - val_loss: 0.1135 - val_acc: 0.9753
Epoch 15/30

 100/1298 [=>............................] - ETA: 0s - loss: 9.5171e-04 - acc: 1.0000
1298/1298 [==============================] - 0s 22us/step - loss: 9.6214e-04 - acc: 1.0000 - val_loss: 0.1159 - val_acc: 0.9784
Epoch 16/30

 100/1298 [=>............................] - ETA: 0s - loss: 3.9013e-04 - acc: 1.0000
1298/1298 [==============================] - 0s 22us/step - loss: 8.2111e-04 - acc: 1.0000 - val_loss: 0.1173 - val_acc: 0.9784
Epoch 17/30

 100/1298 [=>............................] - ETA: 0s - loss: 0.0041 - acc: 1.0000
1298/1298 [==============================] - 0s 23us/step - loss: 7.3082e-04 - acc: 1.0000 - val_loss: 0.1176 - val_acc: 0.9784
Epoch 18/30

 100/1298 [=>............................] - ETA: 0s - loss: 0.0010 - acc: 1.0000
1298/1298 [==============================] - 0s 22us/step - loss: 6.4319e-04 - acc: 1.0000 - val_loss: 0.1171 - val_acc: 0.9784
acc: 97.84%
Train on 1299 samples, validate on 323 samples
Epoch 1/30

 100/1299 [=>............................] - ETA: 9s - loss: 0.7075 - acc: 0.5100
1299/1299 [==============================] - 1s 683us/step - loss: 0.2686 - acc: 0.8861 - val_loss: 0.0839 - val_acc: 0.9721
Epoch 2/30

 100/1299 [=>............................] - ETA: 0s - loss: 0.0581 - acc: 0.9800
1299/1299 [==============================] - 0s 23us/step - loss: 0.0521 - acc: 0.9831 - val_loss: 0.0506 - val_acc: 0.9814
Epoch 3/30

 100/1299 [=>............................] - ETA: 0s - loss: 0.0085 - acc: 1.0000
1299/1299 [==============================] - 0s 22us/step - loss: 0.0220 - acc: 0.9946 - val_loss: 0.0550 - val_acc: 0.9721
Epoch 4/30

 100/1299 [=>............................] - ETA: 0s - loss: 0.0097 - acc: 1.0000
1299/1299 [==============================] - 0s 22us/step - loss: 0.0161 - acc: 0.9954 - val_loss: 0.0508 - val_acc: 0.9783
Epoch 5/30

 100/1299 [=>............................] - ETA: 0s - loss: 0.0032 - acc: 1.0000
1299/1299 [==============================] - 0s 24us/step - loss: 0.0092 - acc: 0.9977 - val_loss: 0.0528 - val_acc: 0.9814
Epoch 6/30

 100/1299 [=>............................] - ETA: 0s - loss: 0.0104 - acc: 0.9900
1299/1299 [==============================] - 0s 21us/step - loss: 0.0057 - acc: 0.9977 - val_loss: 0.0577 - val_acc: 0.9814
Epoch 7/30

 100/1299 [=>............................] - ETA: 0s - loss: 0.0361 - acc: 0.9800
1299/1299 [==============================] - 0s 23us/step - loss: 0.0056 - acc: 0.9985 - val_loss: 0.0560 - val_acc: 0.9814
Epoch 8/30

 100/1299 [=>............................] - ETA: 0s - loss: 0.0012 - acc: 1.0000
1299/1299 [==============================] - 0s 22us/step - loss: 0.0059 - acc: 0.9985 - val_loss: 0.0566 - val_acc: 0.9814
Epoch 9/30

 100/1299 [=>............................] - ETA: 0s - loss: 0.0092 - acc: 0.9900
1299/1299 [==============================] - 0s 23us/step - loss: 0.0039 - acc: 0.9985 - val_loss: 0.0617 - val_acc: 0.9783
Epoch 10/30

 100/1299 [=>............................] - ETA: 0s - loss: 8.2795e-04 - acc: 1.0000
1299/1299 [==============================] - 0s 22us/step - loss: 0.0049 - acc: 0.9977 - val_loss: 0.0637 - val_acc: 0.9752
Epoch 11/30

 100/1299 [=>............................] - ETA: 0s - loss: 7.9731e-04 - acc: 1.0000
1299/1299 [==============================] - 0s 23us/step - loss: 0.0038 - acc: 0.9992 - val_loss: 0.0671 - val_acc: 0.9752
Epoch 12/30

 100/1299 [=>............................] - ETA: 0s - loss: 6.3671e-04 - acc: 1.0000
1299/1299 [==============================] - 0s 23us/step - loss: 0.0044 - acc: 0.9992 - val_loss: 0.0658 - val_acc: 0.9752
Epoch 13/30

 100/1299 [=>............................] - ETA: 0s - loss: 0.0033 - acc: 1.0000
1299/1299 [==============================] - 0s 22us/step - loss: 0.0041 - acc: 0.9985 - val_loss: 0.0671 - val_acc: 0.9752
Epoch 14/30

 100/1299 [=>............................] - ETA: 0s - loss: 5.9467e-04 - acc: 1.0000
1299/1299 [==============================] - 0s 23us/step - loss: 0.0021 - acc: 0.9992 - val_loss: 0.0654 - val_acc: 0.9783
Epoch 15/30

 100/1299 [=>............................] - ETA: 0s - loss: 4.8876e-04 - acc: 1.0000
1299/1299 [==============================] - 0s 22us/step - loss: 0.0028 - acc: 1.0000 - val_loss: 0.0579 - val_acc: 0.9814
Epoch 16/30

 100/1299 [=>............................] - ETA: 0s - loss: 0.0018 - acc: 1.0000
1299/1299 [==============================] - 0s 22us/step - loss: 0.0042 - acc: 0.9992 - val_loss: 0.0564 - val_acc: 0.9814
Epoch 17/30

 100/1299 [=>............................] - ETA: 0s - loss: 4.2357e-04 - acc: 1.0000
1299/1299 [==============================] - 0s 22us/step - loss: 0.0036 - acc: 0.9992 - val_loss: 0.0538 - val_acc: 0.9845
Epoch 18/30

 100/1299 [=>............................] - ETA: 0s - loss: 8.4666e-04 - acc: 1.0000
1299/1299 [==============================] - 0s 31us/step - loss: 0.0034 - acc: 0.9992 - val_loss: 0.0541 - val_acc: 0.9845
Epoch 19/30

 100/1299 [=>............................] - ETA: 0s - loss: 4.2936e-04 - acc: 1.0000
1299/1299 [==============================] - 0s 27us/step - loss: 0.0028 - acc: 0.9992 - val_loss: 0.0557 - val_acc: 0.9845
Epoch 20/30

 100/1299 [=>............................] - ETA: 0s - loss: 0.0015 - acc: 1.0000
1299/1299 [==============================] - 0s 29us/step - loss: 0.0036 - acc: 0.9992 - val_loss: 0.0560 - val_acc: 0.9845
Epoch 21/30

 100/1299 [=>............................] - ETA: 0s - loss: 4.6002e-04 - acc: 1.0000
1299/1299 [==============================] - 0s 27us/step - loss: 0.0035 - acc: 0.9992 - val_loss: 0.0571 - val_acc: 0.9845
Epoch 22/30

 100/1299 [=>............................] - ETA: 0s - loss: 8.7370e-04 - acc: 1.0000
1299/1299 [==============================] - 0s 24us/step - loss: 0.0047 - acc: 0.9992 - val_loss: 0.0507 - val_acc: 0.9845
Epoch 23/30

 100/1299 [=>............................] - ETA: 0s - loss: 4.6524e-04 - acc: 1.0000
1299/1299 [==============================] - 0s 25us/step - loss: 0.0040 - acc: 0.9992 - val_loss: 0.0547 - val_acc: 0.9845
Epoch 24/30

 100/1299 [=>............................] - ETA: 0s - loss: 0.0013 - acc: 1.0000
1299/1299 [==============================] - 0s 25us/step - loss: 0.0028 - acc: 0.9992 - val_loss: 0.0557 - val_acc: 0.9814
Epoch 25/30

 100/1299 [=>............................] - ETA: 0s - loss: 0.0014 - acc: 1.0000
1299/1299 [==============================] - 0s 25us/step - loss: 0.0030 - acc: 0.9992 - val_loss: 0.0560 - val_acc: 0.9814
Epoch 26/30

 100/1299 [=>............................] - ETA: 0s - loss: 7.0487e-04 - acc: 1.0000
1299/1299 [==============================] - 0s 24us/step - loss: 0.0028 - acc: 0.9992 - val_loss: 0.0584 - val_acc: 0.9814
Epoch 27/30

 100/1299 [=>............................] - ETA: 0s - loss: 4.5910e-04 - acc: 1.0000
1299/1299 [==============================] - 0s 27us/step - loss: 0.0035 - acc: 0.9992 - val_loss: 0.0562 - val_acc: 0.9814
Epoch 28/30

 100/1299 [=>............................] - ETA: 0s - loss: 0.0017 - acc: 1.0000
1299/1299 [==============================] - 0s 24us/step - loss: 0.0026 - acc: 0.9992 - val_loss: 0.0617 - val_acc: 0.9783
Epoch 29/30

 100/1299 [=>............................] - ETA: 0s - loss: 8.3879e-04 - acc: 1.0000
1299/1299 [==============================] - 0s 22us/step - loss: 0.0022 - acc: 0.9992 - val_loss: 0.0660 - val_acc: 0.9783
Epoch 30/30

 100/1299 [=>............................] - ETA: 0s - loss: 9.2541e-04 - acc: 1.0000
1299/1299 [==============================] - 0s 28us/step - loss: 0.0027 - acc: 0.9992 - val_loss: 0.0660 - val_acc: 0.9783
acc: 97.83%
Accuracy: 97.41% (+/- 1.02%)
