Train on 1459 samples, validate on 163 samples
Epoch 1/30

  10/1459 [..............................] - ETA: 1:10 - loss: 0.7076 - acc: 0.5000
 310/1459 [=====>........................] - ETA: 1s - loss: 0.4175 - acc: 0.8065  
 600/1459 [===========>..................] - ETA: 0s - loss: 0.2582 - acc: 0.8917
 870/1459 [================>.............] - ETA: 0s - loss: 0.2014 - acc: 0.9184
1130/1459 [======================>.......] - ETA: 0s - loss: 0.1796 - acc: 0.9310
1390/1459 [===========================>..] - ETA: 0s - loss: 0.1569 - acc: 0.9388
1459/1459 [==============================] - 1s 561us/step - loss: 0.1606 - acc: 0.9390 - val_loss: 0.1347 - val_acc: 0.9571
Epoch 2/30

  10/1459 [..............................] - ETA: 0s - loss: 0.0221 - acc: 1.0000
 270/1459 [====>.........................] - ETA: 0s - loss: 0.0439 - acc: 0.9889
 550/1459 [==========>...................] - ETA: 0s - loss: 0.0457 - acc: 0.9873
 820/1459 [===============>..............] - ETA: 0s - loss: 0.0393 - acc: 0.9902
1040/1459 [====================>.........] - ETA: 0s - loss: 0.0448 - acc: 0.9904
1300/1459 [=========================>....] - ETA: 0s - loss: 0.0454 - acc: 0.9885
1459/1459 [==============================] - 0s 203us/step - loss: 0.0462 - acc: 0.9883 - val_loss: 0.1179 - val_acc: 0.9693
Epoch 3/30

  10/1459 [..............................] - ETA: 0s - loss: 0.0305 - acc: 1.0000
 250/1459 [====>.........................] - ETA: 0s - loss: 0.0402 - acc: 0.9840
 520/1459 [=========>....................] - ETA: 0s - loss: 0.0277 - acc: 0.9923
 790/1459 [===============>..............] - ETA: 0s - loss: 0.0274 - acc: 0.9924
1030/1459 [====================>.........] - ETA: 0s - loss: 0.0288 - acc: 0.9922
1280/1459 [=========================>....] - ETA: 0s - loss: 0.0259 - acc: 0.9930
1459/1459 [==============================] - 0s 205us/step - loss: 0.0268 - acc: 0.9925 - val_loss: 0.1191 - val_acc: 0.9693
Epoch 4/30

  10/1459 [..............................] - ETA: 0s - loss: 0.0061 - acc: 1.0000
 290/1459 [====>.........................] - ETA: 0s - loss: 0.0245 - acc: 0.9931
 550/1459 [==========>...................] - ETA: 0s - loss: 0.0204 - acc: 0.9945
 820/1459 [===============>..............] - ETA: 0s - loss: 0.0195 - acc: 0.9951
1090/1459 [=====================>........] - ETA: 0s - loss: 0.0174 - acc: 0.9954
1360/1459 [==========================>...] - ETA: 0s - loss: 0.0150 - acc: 0.9963
1459/1459 [==============================] - 0s 195us/step - loss: 0.0142 - acc: 0.9966 - val_loss: 0.1097 - val_acc: 0.9693
Epoch 5/30

  10/1459 [..............................] - ETA: 0s - loss: 9.7699e-04 - acc: 1.0000
 270/1459 [====>.........................] - ETA: 0s - loss: 0.0026 - acc: 1.0000    
 510/1459 [=========>....................] - ETA: 0s - loss: 0.0053 - acc: 0.9980
 780/1459 [===============>..............] - ETA: 0s - loss: 0.0091 - acc: 0.9962
1020/1459 [===================>..........] - ETA: 0s - loss: 0.0087 - acc: 0.9971
1280/1459 [=========================>....] - ETA: 0s - loss: 0.0106 - acc: 0.9969
1459/1459 [==============================] - 0s 207us/step - loss: 0.0099 - acc: 0.9973 - val_loss: 0.1225 - val_acc: 0.9755
Epoch 6/30

  10/1459 [..............................] - ETA: 0s - loss: 0.0038 - acc: 1.0000
 270/1459 [====>.........................] - ETA: 0s - loss: 0.0025 - acc: 1.0000
 550/1459 [==========>...................] - ETA: 0s - loss: 0.0022 - acc: 1.0000
 810/1459 [===============>..............] - ETA: 0s - loss: 0.0072 - acc: 0.9975
1080/1459 [=====================>........] - ETA: 0s - loss: 0.0061 - acc: 0.9981
1350/1459 [==========================>...] - ETA: 0s - loss: 0.0053 - acc: 0.9985
1459/1459 [==============================] - 0s 195us/step - loss: 0.0066 - acc: 0.9979 - val_loss: 0.1183 - val_acc: 0.9755
Epoch 7/30

  10/1459 [..............................] - ETA: 0s - loss: 4.4928e-04 - acc: 1.0000
 260/1459 [====>.........................] - ETA: 0s - loss: 0.0089 - acc: 0.9962    
 540/1459 [==========>...................] - ETA: 0s - loss: 0.0063 - acc: 0.9981
 830/1459 [================>.............] - ETA: 0s - loss: 0.0065 - acc: 0.9976
1080/1459 [=====================>........] - ETA: 0s - loss: 0.0065 - acc: 0.9972
1360/1459 [==========================>...] - ETA: 0s - loss: 0.0054 - acc: 0.9978
1459/1459 [==============================] - 0s 192us/step - loss: 0.0052 - acc: 0.9979 - val_loss: 0.0977 - val_acc: 0.9755
Epoch 8/30

  10/1459 [..............................] - ETA: 0s - loss: 5.5333e-04 - acc: 1.0000
 260/1459 [====>.........................] - ETA: 0s - loss: 8.9521e-04 - acc: 1.0000
 530/1459 [=========>....................] - ETA: 0s - loss: 0.0030 - acc: 1.0000    
 790/1459 [===============>..............] - ETA: 0s - loss: 0.0024 - acc: 1.0000
1050/1459 [====================>.........] - ETA: 0s - loss: 0.0021 - acc: 1.0000
1300/1459 [=========================>....] - ETA: 0s - loss: 0.0052 - acc: 0.9992
1459/1459 [==============================] - 0s 201us/step - loss: 0.0062 - acc: 0.9986 - val_loss: 0.1060 - val_acc: 0.9755
Epoch 9/30

  10/1459 [..............................] - ETA: 0s - loss: 0.0067 - acc: 1.0000
 290/1459 [====>.........................] - ETA: 0s - loss: 0.0056 - acc: 0.9966
 560/1459 [==========>...................] - ETA: 0s - loss: 0.0104 - acc: 0.9964
 830/1459 [================>.............] - ETA: 0s - loss: 0.0077 - acc: 0.9976
1100/1459 [=====================>........] - ETA: 0s - loss: 0.0084 - acc: 0.9973
1370/1459 [===========================>..] - ETA: 0s - loss: 0.0073 - acc: 0.9978
1459/1459 [==============================] - 0s 193us/step - loss: 0.0070 - acc: 0.9979 - val_loss: 0.1107 - val_acc: 0.9755
Epoch 10/30

  10/1459 [..............................] - ETA: 0s - loss: 0.0012 - acc: 1.0000
 260/1459 [====>.........................] - ETA: 0s - loss: 9.1733e-04 - acc: 1.0000
 510/1459 [=========>....................] - ETA: 0s - loss: 0.0011 - acc: 1.0000    
 780/1459 [===============>..............] - ETA: 0s - loss: 0.0034 - acc: 0.9987
1040/1459 [====================>.........] - ETA: 0s - loss: 0.0029 - acc: 0.9990
1340/1459 [==========================>...] - ETA: 0s - loss: 0.0059 - acc: 0.9978
1459/1459 [==============================] - 0s 197us/step - loss: 0.0057 - acc: 0.9979 - val_loss: 0.1080 - val_acc: 0.9755
Epoch 11/30

  10/1459 [..............................] - ETA: 0s - loss: 0.0062 - acc: 1.0000
 300/1459 [=====>........................] - ETA: 0s - loss: 0.0088 - acc: 0.9967
 590/1459 [===========>..................] - ETA: 0s - loss: 0.0093 - acc: 0.9949
 870/1459 [================>.............] - ETA: 0s - loss: 0.0087 - acc: 0.9954
1160/1459 [======================>.......] - ETA: 0s - loss: 0.0072 - acc: 0.9966
1430/1459 [============================>.] - ETA: 0s - loss: 0.0061 - acc: 0.9972
1459/1459 [==============================] - 0s 184us/step - loss: 0.0060 - acc: 0.9973 - val_loss: 0.1097 - val_acc: 0.9755
Epoch 12/30

  10/1459 [..............................] - ETA: 0s - loss: 2.0373e-04 - acc: 1.0000
 280/1459 [====>.........................] - ETA: 0s - loss: 0.0216 - acc: 0.9929    
 550/1459 [==========>...................] - ETA: 0s - loss: 0.0123 - acc: 0.9964
 820/1459 [===============>..............] - ETA: 0s - loss: 0.0089 - acc: 0.9976
1070/1459 [=====================>........] - ETA: 0s - loss: 0.0087 - acc: 0.9972
1320/1459 [==========================>...] - ETA: 0s - loss: 0.0073 - acc: 0.9977
1459/1459 [==============================] - 0s 204us/step - loss: 0.0067 - acc: 0.9979 - val_loss: 0.1237 - val_acc: 0.9693
Epoch 13/30

  10/1459 [..............................] - ETA: 0s - loss: 3.9823e-04 - acc: 1.0000
 290/1459 [====>.........................] - ETA: 0s - loss: 0.0025 - acc: 1.0000    
 550/1459 [==========>...................] - ETA: 0s - loss: 0.0038 - acc: 0.9982
 800/1459 [===============>..............] - ETA: 0s - loss: 0.0029 - acc: 0.9987
1060/1459 [====================>.........] - ETA: 0s - loss: 0.0051 - acc: 0.9981
1340/1459 [==========================>...] - ETA: 0s - loss: 0.0044 - acc: 0.9985
1459/1459 [==============================] - 0s 198us/step - loss: 0.0047 - acc: 0.9979 - val_loss: 0.1128 - val_acc: 0.9755
acc: 97.55%
Train on 1459 samples, validate on 163 samples
Epoch 1/30

  10/1459 [..............................] - ETA: 1:29 - loss: 0.7019 - acc: 0.4000
 300/1459 [=====>........................] - ETA: 2s - loss: 0.4305 - acc: 0.7800  
 570/1459 [==========>...................] - ETA: 1s - loss: 0.2759 - acc: 0.8702
 860/1459 [================>.............] - ETA: 0s - loss: 0.2096 - acc: 0.9047
1110/1459 [=====================>........] - ETA: 0s - loss: 0.1963 - acc: 0.9153
1380/1459 [===========================>..] - ETA: 0s - loss: 0.1783 - acc: 0.9275
1459/1459 [==============================] - 1s 663us/step - loss: 0.1718 - acc: 0.9301 - val_loss: 0.0928 - val_acc: 0.9632
Epoch 2/30

  10/1459 [..............................] - ETA: 0s - loss: 0.0094 - acc: 1.0000
 270/1459 [====>.........................] - ETA: 0s - loss: 0.0433 - acc: 0.9815
 570/1459 [==========>...................] - ETA: 0s - loss: 0.0488 - acc: 0.9825
 870/1459 [================>.............] - ETA: 0s - loss: 0.0469 - acc: 0.9874
1160/1459 [======================>.......] - ETA: 0s - loss: 0.0447 - acc: 0.9879
1459/1459 [==============================] - 0s 181us/step - loss: 0.0423 - acc: 0.9877 - val_loss: 0.1006 - val_acc: 0.9693
Epoch 3/30

  10/1459 [..............................] - ETA: 0s - loss: 0.0060 - acc: 1.0000
 290/1459 [====>.........................] - ETA: 0s - loss: 0.0371 - acc: 0.9897
 580/1459 [==========>...................] - ETA: 0s - loss: 0.0401 - acc: 0.9879
 830/1459 [================>.............] - ETA: 0s - loss: 0.0383 - acc: 0.9892
1100/1459 [=====================>........] - ETA: 0s - loss: 0.0322 - acc: 0.9909
1380/1459 [===========================>..] - ETA: 0s - loss: 0.0286 - acc: 0.9920
1459/1459 [==============================] - 0s 190us/step - loss: 0.0276 - acc: 0.9925 - val_loss: 0.1103 - val_acc: 0.9755
Epoch 4/30

  10/1459 [..............................] - ETA: 0s - loss: 0.0011 - acc: 1.0000
 300/1459 [=====>........................] - ETA: 0s - loss: 0.0072 - acc: 1.0000
 560/1459 [==========>...................] - ETA: 0s - loss: 0.0137 - acc: 0.9982
 850/1459 [================>.............] - ETA: 0s - loss: 0.0158 - acc: 0.9965
1130/1459 [======================>.......] - ETA: 0s - loss: 0.0215 - acc: 0.9938
1420/1459 [============================>.] - ETA: 0s - loss: 0.0213 - acc: 0.9944
1459/1459 [==============================] - 0s 186us/step - loss: 0.0208 - acc: 0.9945 - val_loss: 0.1285 - val_acc: 0.9632
Epoch 5/30

  10/1459 [..............................] - ETA: 0s - loss: 0.0038 - acc: 1.0000
 270/1459 [====>.........................] - ETA: 0s - loss: 0.0260 - acc: 0.9889
 570/1459 [==========>...................] - ETA: 0s - loss: 0.0148 - acc: 0.9947
 880/1459 [=================>............] - ETA: 0s - loss: 0.0113 - acc: 0.9966
1140/1459 [======================>.......] - ETA: 0s - loss: 0.0133 - acc: 0.9956
1420/1459 [============================>.] - ETA: 0s - loss: 0.0149 - acc: 0.9951
1459/1459 [==============================] - 0s 186us/step - loss: 0.0146 - acc: 0.9952 - val_loss: 0.1013 - val_acc: 0.9755
Epoch 6/30

  10/1459 [..............................] - ETA: 0s - loss: 0.0036 - acc: 1.0000
 270/1459 [====>.........................] - ETA: 0s - loss: 0.0023 - acc: 1.0000
 550/1459 [==========>...................] - ETA: 0s - loss: 0.0029 - acc: 1.0000
 820/1459 [===============>..............] - ETA: 0s - loss: 0.0031 - acc: 1.0000
1090/1459 [=====================>........] - ETA: 0s - loss: 0.0126 - acc: 0.9963
1370/1459 [===========================>..] - ETA: 0s - loss: 0.0113 - acc: 0.9971
1459/1459 [==============================] - 0s 192us/step - loss: 0.0111 - acc: 0.9973 - val_loss: 0.1242 - val_acc: 0.9632
Epoch 7/30

  10/1459 [..............................] - ETA: 0s - loss: 0.0026 - acc: 1.0000
 290/1459 [====>.........................] - ETA: 0s - loss: 0.0129 - acc: 0.9966
 590/1459 [===========>..................] - ETA: 0s - loss: 0.0138 - acc: 0.9966
 870/1459 [================>.............] - ETA: 0s - loss: 0.0104 - acc: 0.9977
1180/1459 [=======================>......] - ETA: 0s - loss: 0.0089 - acc: 0.9983
1459/1459 [==============================] - 0s 182us/step - loss: 0.0076 - acc: 0.9986 - val_loss: 0.1199 - val_acc: 0.9632
Epoch 8/30

  10/1459 [..............................] - ETA: 0s - loss: 0.0051 - acc: 1.0000
 310/1459 [=====>........................] - ETA: 0s - loss: 0.0053 - acc: 0.9968
 620/1459 [===========>..................] - ETA: 0s - loss: 0.0049 - acc: 0.9968
 900/1459 [=================>............] - ETA: 0s - loss: 0.0037 - acc: 0.9978
1160/1459 [======================>.......] - ETA: 0s - loss: 0.0036 - acc: 0.9983
1450/1459 [============================>.] - ETA: 0s - loss: 0.0032 - acc: 0.9986
1459/1459 [==============================] - 0s 183us/step - loss: 0.0058 - acc: 0.9979 - val_loss: 0.1219 - val_acc: 0.9632
Epoch 9/30

  10/1459 [..............................] - ETA: 0s - loss: 4.9376e-04 - acc: 1.0000
 300/1459 [=====>........................] - ETA: 0s - loss: 0.0091 - acc: 0.9967    
 580/1459 [==========>...................] - ETA: 0s - loss: 0.0054 - acc: 0.9983
 880/1459 [=================>............] - ETA: 0s - loss: 0.0044 - acc: 0.9989
1150/1459 [======================>.......] - ETA: 0s - loss: 0.0040 - acc: 0.9991
1440/1459 [============================>.] - ETA: 0s - loss: 0.0039 - acc: 0.9993
1459/1459 [==============================] - 0s 185us/step - loss: 0.0039 - acc: 0.9993 - val_loss: 0.1267 - val_acc: 0.9632
Epoch 10/30

  10/1459 [..............................] - ETA: 0s - loss: 1.5988e-04 - acc: 1.0000
 320/1459 [=====>........................] - ETA: 0s - loss: 0.0015 - acc: 1.0000    
 590/1459 [===========>..................] - ETA: 0s - loss: 0.0014 - acc: 1.0000
 890/1459 [=================>............] - ETA: 0s - loss: 0.0014 - acc: 1.0000
1170/1459 [=======================>......] - ETA: 0s - loss: 0.0054 - acc: 0.9991
1450/1459 [============================>.] - ETA: 0s - loss: 0.0048 - acc: 0.9993
1459/1459 [==============================] - 0s 181us/step - loss: 0.0048 - acc: 0.9993 - val_loss: 0.1257 - val_acc: 0.9632
Epoch 11/30

  10/1459 [..............................] - ETA: 0s - loss: 0.0035 - acc: 1.0000
 290/1459 [====>.........................] - ETA: 0s - loss: 7.6316e-04 - acc: 1.0000
 570/1459 [==========>...................] - ETA: 0s - loss: 0.0058 - acc: 0.9982    
 860/1459 [================>.............] - ETA: 0s - loss: 0.0048 - acc: 0.9988
1130/1459 [======================>.......] - ETA: 0s - loss: 0.0038 - acc: 0.9991
1410/1459 [===========================>..] - ETA: 0s - loss: 0.0033 - acc: 0.9993
1459/1459 [==============================] - 0s 186us/step - loss: 0.0032 - acc: 0.9993 - val_loss: 0.1268 - val_acc: 0.9632
Epoch 12/30

  10/1459 [..............................] - ETA: 0s - loss: 3.9590e-04 - acc: 1.0000
 300/1459 [=====>........................] - ETA: 0s - loss: 5.0452e-04 - acc: 1.0000
 580/1459 [==========>...................] - ETA: 0s - loss: 0.0055 - acc: 0.9983    
 850/1459 [================>.............] - ETA: 0s - loss: 0.0041 - acc: 0.9988
1150/1459 [======================>.......] - ETA: 0s - loss: 0.0033 - acc: 0.9991
1440/1459 [============================>.] - ETA: 0s - loss: 0.0031 - acc: 0.9993
1459/1459 [==============================] - 0s 182us/step - loss: 0.0030 - acc: 0.9993 - val_loss: 0.1282 - val_acc: 0.9632
Epoch 13/30

  10/1459 [..............................] - ETA: 0s - loss: 1.2172e-04 - acc: 1.0000
 310/1459 [=====>........................] - ETA: 0s - loss: 4.7744e-04 - acc: 1.0000
 580/1459 [==========>...................] - ETA: 0s - loss: 0.0050 - acc: 0.9983    
 860/1459 [================>.............] - ETA: 0s - loss: 0.0038 - acc: 0.9988
1140/1459 [======================>.......] - ETA: 0s - loss: 0.0031 - acc: 0.9991
1420/1459 [============================>.] - ETA: 0s - loss: 0.0026 - acc: 0.9993
1459/1459 [==============================] - 0s 184us/step - loss: 0.0026 - acc: 0.9993 - val_loss: 0.1292 - val_acc: 0.9571
acc: 97.55%
Train on 1459 samples, validate on 163 samples
Epoch 1/30

  10/1459 [..............................] - ETA: 1:28 - loss: 0.7357 - acc: 0.4000
 290/1459 [====>.........................] - ETA: 2s - loss: 0.4209 - acc: 0.7897  
 570/1459 [==========>...................] - ETA: 1s - loss: 0.2771 - acc: 0.8772
 860/1459 [================>.............] - ETA: 0s - loss: 0.2170 - acc: 0.9058
1150/1459 [======================>.......] - ETA: 0s - loss: 0.1793 - acc: 0.9243
1430/1459 [============================>.] - ETA: 0s - loss: 0.1631 - acc: 0.9329
1459/1459 [==============================] - 1s 650us/step - loss: 0.1608 - acc: 0.9342 - val_loss: 0.1162 - val_acc: 0.9693
Epoch 2/30

  10/1459 [..............................] - ETA: 0s - loss: 0.0560 - acc: 1.0000
 320/1459 [=====>........................] - ETA: 0s - loss: 0.0780 - acc: 0.9656
 600/1459 [===========>..................] - ETA: 0s - loss: 0.0582 - acc: 0.9750
 910/1459 [=================>............] - ETA: 0s - loss: 0.0503 - acc: 0.9802
1210/1459 [=======================>......] - ETA: 0s - loss: 0.0461 - acc: 0.9826
1459/1459 [==============================] - 0s 174us/step - loss: 0.0420 - acc: 0.9849 - val_loss: 0.0909 - val_acc: 0.9755
Epoch 3/30

  10/1459 [..............................] - ETA: 0s - loss: 0.0021 - acc: 1.0000
 310/1459 [=====>........................] - ETA: 0s - loss: 0.0074 - acc: 1.0000
 580/1459 [==========>...................] - ETA: 0s - loss: 0.0153 - acc: 0.9948
 870/1459 [================>.............] - ETA: 0s - loss: 0.0154 - acc: 0.9954
1160/1459 [======================>.......] - ETA: 0s - loss: 0.0187 - acc: 0.9948
1430/1459 [============================>.] - ETA: 0s - loss: 0.0184 - acc: 0.9951
1459/1459 [==============================] - 0s 185us/step - loss: 0.0181 - acc: 0.9952 - val_loss: 0.0833 - val_acc: 0.9816
Epoch 4/30

  10/1459 [..............................] - ETA: 0s - loss: 0.0026 - acc: 1.0000
 300/1459 [=====>........................] - ETA: 0s - loss: 0.0054 - acc: 1.0000
 600/1459 [===========>..................] - ETA: 0s - loss: 0.0109 - acc: 0.9983
 880/1459 [=================>............] - ETA: 0s - loss: 0.0090 - acc: 0.9989
1190/1459 [=======================>......] - ETA: 0s - loss: 0.0073 - acc: 0.9992
1459/1459 [==============================] - 0s 180us/step - loss: 0.0073 - acc: 0.9986 - val_loss: 0.0810 - val_acc: 0.9755
Epoch 5/30

  10/1459 [..............................] - ETA: 0s - loss: 0.0010 - acc: 1.0000
 310/1459 [=====>........................] - ETA: 0s - loss: 0.0103 - acc: 0.9968
 590/1459 [===========>..................] - ETA: 0s - loss: 0.0081 - acc: 0.9966
 880/1459 [=================>............] - ETA: 0s - loss: 0.0064 - acc: 0.9977
1160/1459 [======================>.......] - ETA: 0s - loss: 0.0053 - acc: 0.9983
1450/1459 [============================>.] - ETA: 0s - loss: 0.0047 - acc: 0.9986
1459/1459 [==============================] - 0s 181us/step - loss: 0.0047 - acc: 0.9986 - val_loss: 0.0764 - val_acc: 0.9816
Epoch 6/30

  10/1459 [..............................] - ETA: 0s - loss: 0.0012 - acc: 1.0000
 300/1459 [=====>........................] - ETA: 0s - loss: 9.6744e-04 - acc: 1.0000
 590/1459 [===========>..................] - ETA: 0s - loss: 0.0017 - acc: 1.0000    
 870/1459 [================>.............] - ETA: 0s - loss: 0.0016 - acc: 1.0000
1170/1459 [=======================>......] - ETA: 0s - loss: 0.0056 - acc: 0.9991
1459/1459 [==============================] - 0s 184us/step - loss: 0.0048 - acc: 0.9993 - val_loss: 0.0874 - val_acc: 0.9755
Epoch 7/30

  10/1459 [..............................] - ETA: 0s - loss: 4.5331e-04 - acc: 1.0000
 310/1459 [=====>........................] - ETA: 0s - loss: 9.0161e-04 - acc: 1.0000
 600/1459 [===========>..................] - ETA: 0s - loss: 8.1925e-04 - acc: 1.0000
 890/1459 [=================>............] - ETA: 0s - loss: 0.0053 - acc: 0.9989    
1200/1459 [=======================>......] - ETA: 0s - loss: 0.0049 - acc: 0.9992
1459/1459 [==============================] - 0s 178us/step - loss: 0.0042 - acc: 0.9993 - val_loss: 0.0722 - val_acc: 0.9755
Epoch 8/30

  10/1459 [..............................] - ETA: 0s - loss: 4.9473e-04 - acc: 1.0000
 300/1459 [=====>........................] - ETA: 0s - loss: 0.0017 - acc: 1.0000    
 580/1459 [==========>...................] - ETA: 0s - loss: 0.0057 - acc: 0.9983
 870/1459 [================>.............] - ETA: 0s - loss: 0.0043 - acc: 0.9989
1160/1459 [======================>.......] - ETA: 0s - loss: 0.0035 - acc: 0.9991
1450/1459 [============================>.] - ETA: 0s - loss: 0.0029 - acc: 0.9993
1459/1459 [==============================] - 0s 181us/step - loss: 0.0029 - acc: 0.9993 - val_loss: 0.0702 - val_acc: 0.9816
Epoch 9/30

  10/1459 [..............................] - ETA: 0s - loss: 2.8793e-04 - acc: 1.0000
 290/1459 [====>.........................] - ETA: 0s - loss: 4.0551e-04 - acc: 1.0000
 580/1459 [==========>...................] - ETA: 0s - loss: 7.9624e-04 - acc: 1.0000
 880/1459 [=================>............] - ETA: 0s - loss: 7.8971e-04 - acc: 1.0000
1190/1459 [=======================>......] - ETA: 0s - loss: 0.0038 - acc: 0.9992    
1459/1459 [==============================] - 0s 176us/step - loss: 0.0035 - acc: 0.9993 - val_loss: 0.0752 - val_acc: 0.9816
Epoch 10/30

  10/1459 [..............................] - ETA: 0s - loss: 3.3647e-04 - acc: 1.0000
 320/1459 [=====>........................] - ETA: 0s - loss: 4.6282e-04 - acc: 1.0000
 610/1459 [===========>..................] - ETA: 0s - loss: 0.0061 - acc: 0.9984    
 920/1459 [=================>............] - ETA: 0s - loss: 0.0044 - acc: 0.9989
1210/1459 [=======================>......] - ETA: 0s - loss: 0.0036 - acc: 0.9992
1459/1459 [==============================] - 0s 175us/step - loss: 0.0031 - acc: 0.9993 - val_loss: 0.0717 - val_acc: 0.9816
Epoch 11/30

  10/1459 [..............................] - ETA: 0s - loss: 5.2148e-04 - acc: 1.0000
 300/1459 [=====>........................] - ETA: 0s - loss: 0.0145 - acc: 0.9967    
 590/1459 [===========>..................] - ETA: 0s - loss: 0.0082 - acc: 0.9983
 880/1459 [=================>............] - ETA: 0s - loss: 0.0058 - acc: 0.9989
1180/1459 [=======================>......] - ETA: 0s - loss: 0.0044 - acc: 0.9992
1450/1459 [============================>.] - ETA: 0s - loss: 0.0037 - acc: 0.9993
1459/1459 [==============================] - 0s 182us/step - loss: 0.0037 - acc: 0.9993 - val_loss: 0.0744 - val_acc: 0.9816
acc: 98.16%
Train on 1460 samples, validate on 162 samples
Epoch 1/30

  10/1460 [..............................] - ETA: 1:44 - loss: 0.7178 - acc: 0.4000
 300/1460 [=====>........................] - ETA: 2s - loss: 0.3857 - acc: 0.8333  
 590/1460 [===========>..................] - ETA: 1s - loss: 0.2602 - acc: 0.8949
 890/1460 [=================>............] - ETA: 0s - loss: 0.1915 - acc: 0.9247
1140/1460 [======================>.......] - ETA: 0s - loss: 0.1815 - acc: 0.9289
1440/1460 [============================>.] - ETA: 0s - loss: 0.1655 - acc: 0.9361
1460/1460 [==============================] - 1s 732us/step - loss: 0.1636 - acc: 0.9370 - val_loss: 0.0739 - val_acc: 0.9877
Epoch 2/30

  10/1460 [..............................] - ETA: 0s - loss: 0.0138 - acc: 1.0000
 280/1460 [====>.........................] - ETA: 0s - loss: 0.0447 - acc: 0.9893
 530/1460 [=========>....................] - ETA: 0s - loss: 0.0439 - acc: 0.9887
 820/1460 [===============>..............] - ETA: 0s - loss: 0.0431 - acc: 0.9890
1100/1460 [=====================>........] - ETA: 0s - loss: 0.0429 - acc: 0.9882
1400/1460 [===========================>..] - ETA: 0s - loss: 0.0444 - acc: 0.9879
1460/1460 [==============================] - 0s 189us/step - loss: 0.0438 - acc: 0.9884 - val_loss: 0.0792 - val_acc: 0.9753
Epoch 3/30

  10/1460 [..............................] - ETA: 0s - loss: 0.0099 - acc: 1.0000
 310/1460 [=====>........................] - ETA: 0s - loss: 0.0212 - acc: 0.9968
 580/1460 [==========>...................] - ETA: 0s - loss: 0.0276 - acc: 0.9931
 870/1460 [================>.............] - ETA: 0s - loss: 0.0263 - acc: 0.9931
1160/1460 [======================>.......] - ETA: 0s - loss: 0.0228 - acc: 0.9940
1400/1460 [===========================>..] - ETA: 0s - loss: 0.0218 - acc: 0.9943
1460/1460 [==============================] - 0s 188us/step - loss: 0.0221 - acc: 0.9938 - val_loss: 0.0540 - val_acc: 0.9753
Epoch 4/30

  10/1460 [..............................] - ETA: 0s - loss: 0.0065 - acc: 1.0000
 300/1460 [=====>........................] - ETA: 0s - loss: 0.0094 - acc: 1.0000
 580/1460 [==========>...................] - ETA: 0s - loss: 0.0156 - acc: 0.9983
 840/1460 [================>.............] - ETA: 0s - loss: 0.0197 - acc: 0.9964
1110/1460 [=====================>........] - ETA: 0s - loss: 0.0182 - acc: 0.9964
1400/1460 [===========================>..] - ETA: 0s - loss: 0.0159 - acc: 0.9971
1460/1460 [==============================] - 0s 190us/step - loss: 0.0157 - acc: 0.9973 - val_loss: 0.0424 - val_acc: 0.9877
Epoch 5/30

  10/1460 [..............................] - ETA: 0s - loss: 0.0021 - acc: 1.0000
 270/1460 [====>.........................] - ETA: 0s - loss: 0.0170 - acc: 0.9963
 560/1460 [==========>...................] - ETA: 0s - loss: 0.0109 - acc: 0.9982
 840/1460 [================>.............] - ETA: 0s - loss: 0.0089 - acc: 0.9976
1110/1460 [=====================>........] - ETA: 0s - loss: 0.0073 - acc: 0.9982
1400/1460 [===========================>..] - ETA: 0s - loss: 0.0084 - acc: 0.9979
1460/1460 [==============================] - 0s 187us/step - loss: 0.0082 - acc: 0.9979 - val_loss: 0.0311 - val_acc: 0.9877
Epoch 6/30

  10/1460 [..............................] - ETA: 0s - loss: 0.0033 - acc: 1.0000
 290/1460 [====>.........................] - ETA: 0s - loss: 0.0032 - acc: 1.0000
 550/1460 [==========>...................] - ETA: 0s - loss: 0.0074 - acc: 0.9982
 830/1460 [================>.............] - ETA: 0s - loss: 0.0086 - acc: 0.9976
1120/1460 [======================>.......] - ETA: 0s - loss: 0.0077 - acc: 0.9982
1380/1460 [===========================>..] - ETA: 0s - loss: 0.0066 - acc: 0.9986
1460/1460 [==============================] - 0s 191us/step - loss: 0.0066 - acc: 0.9986 - val_loss: 0.0281 - val_acc: 0.9877
Epoch 7/30

  10/1460 [..............................] - ETA: 0s - loss: 3.3882e-04 - acc: 1.0000
 300/1460 [=====>........................] - ETA: 0s - loss: 0.0045 - acc: 1.0000    
 590/1460 [===========>..................] - ETA: 0s - loss: 0.0032 - acc: 1.0000
 870/1460 [================>.............] - ETA: 0s - loss: 0.0025 - acc: 1.0000
1170/1460 [=======================>......] - ETA: 0s - loss: 0.0048 - acc: 0.9991
1460/1460 [==============================] - 0s 180us/step - loss: 0.0043 - acc: 0.9993 - val_loss: 0.0334 - val_acc: 0.9877
Epoch 8/30

  10/1460 [..............................] - ETA: 0s - loss: 2.0584e-04 - acc: 1.0000
 300/1460 [=====>........................] - ETA: 0s - loss: 0.0036 - acc: 0.9967    
 600/1460 [===========>..................] - ETA: 0s - loss: 0.0025 - acc: 0.9983
 900/1460 [=================>............] - ETA: 0s - loss: 0.0023 - acc: 0.9989
1150/1460 [======================>.......] - ETA: 0s - loss: 0.0020 - acc: 0.9991
1440/1460 [============================>.] - ETA: 0s - loss: 0.0037 - acc: 0.9986
1460/1460 [==============================] - 0s 184us/step - loss: 0.0037 - acc: 0.9986 - val_loss: 0.0267 - val_acc: 0.9877
Epoch 9/30

  10/1460 [..............................] - ETA: 0s - loss: 5.9259e-04 - acc: 1.0000
 270/1460 [====>.........................] - ETA: 0s - loss: 0.0020 - acc: 1.0000    
 520/1460 [=========>....................] - ETA: 0s - loss: 0.0017 - acc: 1.0000
 790/1460 [===============>..............] - ETA: 0s - loss: 0.0014 - acc: 1.0000
1060/1460 [====================>.........] - ETA: 0s - loss: 0.0029 - acc: 0.9991
1350/1460 [==========================>...] - ETA: 0s - loss: 0.0029 - acc: 0.9993
1460/1460 [==============================] - 0s 194us/step - loss: 0.0028 - acc: 0.9993 - val_loss: 0.0275 - val_acc: 0.9877
acc: 98.77%
Train on 1460 samples, validate on 162 samples
Epoch 1/30

  10/1460 [..............................] - ETA: 1:55 - loss: 0.7434 - acc: 0.3000
 290/1460 [====>.........................] - ETA: 3s - loss: 0.4929 - acc: 0.7586  
 580/1460 [==========>...................] - ETA: 1s - loss: 0.3227 - acc: 0.8603
 870/1460 [================>.............] - ETA: 0s - loss: 0.2670 - acc: 0.8862
1150/1460 [======================>.......] - ETA: 0s - loss: 0.2270 - acc: 0.9078
1440/1460 [============================>.] - ETA: 0s - loss: 0.1940 - acc: 0.9222
1460/1460 [==============================] - 1s 810us/step - loss: 0.1916 - acc: 0.9233 - val_loss: 0.0729 - val_acc: 0.9630
Epoch 2/30

  10/1460 [..............................] - ETA: 0s - loss: 0.0116 - acc: 1.0000
 290/1460 [====>.........................] - ETA: 0s - loss: 0.0285 - acc: 0.9966
 590/1460 [===========>..................] - ETA: 0s - loss: 0.0422 - acc: 0.9898
 890/1460 [=================>............] - ETA: 0s - loss: 0.0501 - acc: 0.9876
1170/1460 [=======================>......] - ETA: 0s - loss: 0.0483 - acc: 0.9872
1440/1460 [============================>.] - ETA: 0s - loss: 0.0486 - acc: 0.9875
1460/1460 [==============================] - 0s 184us/step - loss: 0.0486 - acc: 0.9877 - val_loss: 0.0402 - val_acc: 0.9938
Epoch 3/30

  10/1460 [..............................] - ETA: 0s - loss: 0.0116 - acc: 1.0000
 290/1460 [====>.........................] - ETA: 0s - loss: 0.0278 - acc: 0.9966
 580/1460 [==========>...................] - ETA: 0s - loss: 0.0302 - acc: 0.9931
 850/1460 [================>.............] - ETA: 0s - loss: 0.0237 - acc: 0.9953
1110/1460 [=====================>........] - ETA: 0s - loss: 0.0230 - acc: 0.9946
1400/1460 [===========================>..] - ETA: 0s - loss: 0.0234 - acc: 0.9943
1460/1460 [==============================] - 0s 189us/step - loss: 0.0230 - acc: 0.9945 - val_loss: 0.0547 - val_acc: 0.9753
Epoch 4/30

  10/1460 [..............................] - ETA: 0s - loss: 0.0073 - acc: 1.0000
 270/1460 [====>.........................] - ETA: 0s - loss: 0.0097 - acc: 1.0000
 570/1460 [==========>...................] - ETA: 0s - loss: 0.0074 - acc: 1.0000
 830/1460 [================>.............] - ETA: 0s - loss: 0.0134 - acc: 0.9976
1130/1460 [======================>.......] - ETA: 0s - loss: 0.0116 - acc: 0.9982
1410/1460 [===========================>..] - ETA: 0s - loss: 0.0119 - acc: 0.9979
1460/1460 [==============================] - 0s 187us/step - loss: 0.0117 - acc: 0.9979 - val_loss: 0.0434 - val_acc: 0.9753
Epoch 5/30

  10/1460 [..............................] - ETA: 0s - loss: 9.8993e-04 - acc: 1.0000
 280/1460 [====>.........................] - ETA: 0s - loss: 0.0066 - acc: 0.9964    
 560/1460 [==========>...................] - ETA: 0s - loss: 0.0045 - acc: 0.9982
 840/1460 [================>.............] - ETA: 0s - loss: 0.0069 - acc: 0.9976
1090/1460 [=====================>........] - ETA: 0s - loss: 0.0090 - acc: 0.9972
1360/1460 [==========================>...] - ETA: 0s - loss: 0.0083 - acc: 0.9978
1460/1460 [==============================] - 0s 194us/step - loss: 0.0080 - acc: 0.9979 - val_loss: 0.0292 - val_acc: 0.9877
Epoch 6/30

  10/1460 [..............................] - ETA: 0s - loss: 6.0332e-04 - acc: 1.0000
 300/1460 [=====>........................] - ETA: 0s - loss: 0.0016 - acc: 1.0000    
 560/1460 [==========>...................] - ETA: 0s - loss: 0.0014 - acc: 1.0000
 840/1460 [================>.............] - ETA: 0s - loss: 0.0015 - acc: 1.0000
1100/1460 [=====================>........] - ETA: 0s - loss: 0.0015 - acc: 1.0000
1360/1460 [==========================>...] - ETA: 0s - loss: 0.0084 - acc: 0.9978
1460/1460 [==============================] - 0s 194us/step - loss: 0.0081 - acc: 0.9979 - val_loss: 0.0265 - val_acc: 0.9815
Epoch 7/30

  10/1460 [..............................] - ETA: 0s - loss: 0.0033 - acc: 1.0000
 280/1460 [====>.........................] - ETA: 0s - loss: 0.0124 - acc: 0.9964
 560/1460 [==========>...................] - ETA: 0s - loss: 0.0168 - acc: 0.9946
 860/1460 [================>.............] - ETA: 0s - loss: 0.0117 - acc: 0.9965
1140/1460 [======================>.......] - ETA: 0s - loss: 0.0092 - acc: 0.9974
1430/1460 [============================>.] - ETA: 0s - loss: 0.0079 - acc: 0.9979
1460/1460 [==============================] - 0s 186us/step - loss: 0.0078 - acc: 0.9979 - val_loss: 0.0306 - val_acc: 0.9877
Epoch 8/30

  10/1460 [..............................] - ETA: 0s - loss: 0.0016 - acc: 1.0000
 240/1460 [===>..........................] - ETA: 0s - loss: 0.0098 - acc: 0.9958
 520/1460 [=========>....................] - ETA: 0s - loss: 0.0054 - acc: 0.9981
 790/1460 [===============>..............] - ETA: 0s - loss: 0.0100 - acc: 0.9975
1060/1460 [====================>.........] - ETA: 0s - loss: 0.0082 - acc: 0.9981
1340/1460 [==========================>...] - ETA: 0s - loss: 0.0069 - acc: 0.9985
1460/1460 [==============================] - 0s 198us/step - loss: 0.0073 - acc: 0.9979 - val_loss: 0.0397 - val_acc: 0.9877
Epoch 9/30

  10/1460 [..............................] - ETA: 0s - loss: 8.7832e-04 - acc: 1.0000
 300/1460 [=====>........................] - ETA: 0s - loss: 0.0037 - acc: 1.0000    
 590/1460 [===========>..................] - ETA: 0s - loss: 0.0025 - acc: 1.0000
 880/1460 [=================>............] - ETA: 0s - loss: 0.0053 - acc: 0.9989
1180/1460 [=======================>......] - ETA: 0s - loss: 0.0046 - acc: 0.9992
1460/1460 [==============================] - 0s 179us/step - loss: 0.0073 - acc: 0.9979 - val_loss: 0.0422 - val_acc: 0.9877
Epoch 10/30

  10/1460 [..............................] - ETA: 0s - loss: 4.6303e-04 - acc: 1.0000
 300/1460 [=====>........................] - ETA: 0s - loss: 0.0022 - acc: 1.0000    
 580/1460 [==========>...................] - ETA: 0s - loss: 0.0116 - acc: 0.9966
 860/1460 [================>.............] - ETA: 0s - loss: 0.0083 - acc: 0.9977
1150/1460 [======================>.......] - ETA: 0s - loss: 0.0068 - acc: 0.9983
1420/1460 [============================>.] - ETA: 0s - loss: 0.0070 - acc: 0.9979
1460/1460 [==============================] - 0s 185us/step - loss: 0.0069 - acc: 0.9979 - val_loss: 0.0429 - val_acc: 0.9877
acc: 99.38%
Train on 1460 samples, validate on 162 samples
Epoch 1/30

  10/1460 [..............................] - ETA: 2:11 - loss: 0.6898 - acc: 0.6000
 260/1460 [====>.........................] - ETA: 4s - loss: 0.4318 - acc: 0.8000  
 560/1460 [==========>...................] - ETA: 1s - loss: 0.2885 - acc: 0.8821
 830/1460 [================>.............] - ETA: 0s - loss: 0.2354 - acc: 0.9084
1120/1460 [======================>.......] - ETA: 0s - loss: 0.2005 - acc: 0.9232
1380/1460 [===========================>..] - ETA: 0s - loss: 0.1773 - acc: 0.9319
1460/1460 [==============================] - 1s 886us/step - loss: 0.1721 - acc: 0.9342 - val_loss: 0.0754 - val_acc: 0.9753
Epoch 2/30

  10/1460 [..............................] - ETA: 0s - loss: 0.0169 - acc: 1.0000
 290/1460 [====>.........................] - ETA: 0s - loss: 0.0513 - acc: 0.9862
 580/1460 [==========>...................] - ETA: 0s - loss: 0.0447 - acc: 0.9879
 850/1460 [================>.............] - ETA: 0s - loss: 0.0467 - acc: 0.9894
1130/1460 [======================>.......] - ETA: 0s - loss: 0.0472 - acc: 0.9876
1410/1460 [===========================>..] - ETA: 0s - loss: 0.0455 - acc: 0.9887
1460/1460 [==============================] - 0s 191us/step - loss: 0.0449 - acc: 0.9890 - val_loss: 0.0501 - val_acc: 0.9877
Epoch 3/30

  10/1460 [..............................] - ETA: 0s - loss: 0.0017 - acc: 1.0000
 270/1460 [====>.........................] - ETA: 0s - loss: 0.0314 - acc: 0.9926
 530/1460 [=========>....................] - ETA: 0s - loss: 0.0207 - acc: 0.9962
 800/1460 [===============>..............] - ETA: 0s - loss: 0.0207 - acc: 0.9962
1080/1460 [=====================>........] - ETA: 0s - loss: 0.0182 - acc: 0.9963
1350/1460 [==========================>...] - ETA: 0s - loss: 0.0194 - acc: 0.9956
1460/1460 [==============================] - 0s 196us/step - loss: 0.0195 - acc: 0.9959 - val_loss: 0.0391 - val_acc: 0.9877
Epoch 4/30

  10/1460 [..............................] - ETA: 0s - loss: 0.0035 - acc: 1.0000
 270/1460 [====>.........................] - ETA: 0s - loss: 0.0085 - acc: 0.9963
 560/1460 [==========>...................] - ETA: 0s - loss: 0.0075 - acc: 0.9982
 810/1460 [===============>..............] - ETA: 0s - loss: 0.0062 - acc: 0.9988
1100/1460 [=====================>........] - ETA: 0s - loss: 0.0066 - acc: 0.9991
1400/1460 [===========================>..] - ETA: 0s - loss: 0.0077 - acc: 0.9986
1460/1460 [==============================] - 0s 190us/step - loss: 0.0126 - acc: 0.9973 - val_loss: 0.0536 - val_acc: 0.9753
Epoch 5/30

  10/1460 [..............................] - ETA: 0s - loss: 0.0132 - acc: 1.0000
 290/1460 [====>.........................] - ETA: 0s - loss: 0.0069 - acc: 1.0000
 560/1460 [==========>...................] - ETA: 0s - loss: 0.0101 - acc: 0.9982
 840/1460 [================>.............] - ETA: 0s - loss: 0.0095 - acc: 0.9988
1120/1460 [======================>.......] - ETA: 0s - loss: 0.0132 - acc: 0.9973
1370/1460 [===========================>..] - ETA: 0s - loss: 0.0120 - acc: 0.9978
1460/1460 [==============================] - 0s 192us/step - loss: 0.0122 - acc: 0.9979 - val_loss: 0.0411 - val_acc: 0.9815
Epoch 6/30

  10/1460 [..............................] - ETA: 0s - loss: 0.0138 - acc: 1.0000
 300/1460 [=====>........................] - ETA: 0s - loss: 0.0070 - acc: 0.9967
 570/1460 [==========>...................] - ETA: 0s - loss: 0.0097 - acc: 0.9965
 810/1460 [===============>..............] - ETA: 0s - loss: 0.0121 - acc: 0.9963
1100/1460 [=====================>........] - ETA: 0s - loss: 0.0101 - acc: 0.9973
1380/1460 [===========================>..] - ETA: 0s - loss: 0.0086 - acc: 0.9978
1460/1460 [==============================] - 0s 193us/step - loss: 0.0083 - acc: 0.9979 - val_loss: 0.0514 - val_acc: 0.9815
Epoch 7/30

  10/1460 [..............................] - ETA: 0s - loss: 2.4518e-04 - acc: 1.0000
 310/1460 [=====>........................] - ETA: 0s - loss: 0.0091 - acc: 0.9968    
 600/1460 [===========>..................] - ETA: 0s - loss: 0.0097 - acc: 0.9967
 860/1460 [================>.............] - ETA: 0s - loss: 0.0082 - acc: 0.9977
1130/1460 [======================>.......] - ETA: 0s - loss: 0.0069 - acc: 0.9982
1400/1460 [===========================>..] - ETA: 0s - loss: 0.0077 - acc: 0.9979
1460/1460 [==============================] - 0s 191us/step - loss: 0.0075 - acc: 0.9979 - val_loss: 0.0532 - val_acc: 0.9815
Epoch 8/30

  10/1460 [..............................] - ETA: 0s - loss: 0.0035 - acc: 1.0000
 270/1460 [====>.........................] - ETA: 0s - loss: 0.0015 - acc: 1.0000
 540/1460 [==========>...................] - ETA: 0s - loss: 0.0091 - acc: 0.9963
 800/1460 [===============>..............] - ETA: 0s - loss: 0.0071 - acc: 0.9975
1080/1460 [=====================>........] - ETA: 0s - loss: 0.0083 - acc: 0.9972
1350/1460 [==========================>...] - ETA: 0s - loss: 0.0079 - acc: 0.9978
1460/1460 [==============================] - 0s 195us/step - loss: 0.0074 - acc: 0.9979 - val_loss: 0.0435 - val_acc: 0.9815
Epoch 9/30

  10/1460 [..............................] - ETA: 0s - loss: 3.4180e-04 - acc: 1.0000
 290/1460 [====>.........................] - ETA: 0s - loss: 0.0089 - acc: 0.9966    
 550/1460 [==========>...................] - ETA: 0s - loss: 0.0114 - acc: 0.9964
 840/1460 [================>.............] - ETA: 0s - loss: 0.0127 - acc: 0.9964
1130/1460 [======================>.......] - ETA: 0s - loss: 0.0114 - acc: 0.9965
1410/1460 [===========================>..] - ETA: 0s - loss: 0.0098 - acc: 0.9972
1460/1460 [==============================] - 0s 187us/step - loss: 0.0096 - acc: 0.9973 - val_loss: 0.0460 - val_acc: 0.9815
Epoch 10/30

  10/1460 [..............................] - ETA: 0s - loss: 0.0024 - acc: 1.0000
 300/1460 [=====>........................] - ETA: 0s - loss: 0.0090 - acc: 0.9967
 580/1460 [==========>...................] - ETA: 0s - loss: 0.0052 - acc: 0.9983
 850/1460 [================>.............] - ETA: 0s - loss: 0.0089 - acc: 0.9976
1130/1460 [======================>.......] - ETA: 0s - loss: 0.0083 - acc: 0.9982
1420/1460 [============================>.] - ETA: 0s - loss: 0.0090 - acc: 0.9979
1460/1460 [==============================] - 0s 186us/step - loss: 0.0089 - acc: 0.9979 - val_loss: 0.0464 - val_acc: 0.9815
acc: 98.77%
Train on 1460 samples, validate on 162 samples
Epoch 1/30

  10/1460 [..............................] - ETA: 2:31 - loss: 0.6671 - acc: 0.6000
 260/1460 [====>.........................] - ETA: 5s - loss: 0.4956 - acc: 0.7385  
 530/1460 [=========>....................] - ETA: 2s - loss: 0.3328 - acc: 0.8509
 770/1460 [==============>...............] - ETA: 1s - loss: 0.2617 - acc: 0.8844
1060/1460 [====================>.........] - ETA: 0s - loss: 0.2214 - acc: 0.9047
1360/1460 [==========================>...] - ETA: 0s - loss: 0.1873 - acc: 0.9228
1460/1460 [==============================] - 1s 988us/step - loss: 0.1804 - acc: 0.9260 - val_loss: 0.1035 - val_acc: 0.9691
Epoch 2/30

  10/1460 [..............................] - ETA: 0s - loss: 0.0238 - acc: 1.0000
 280/1460 [====>.........................] - ETA: 0s - loss: 0.0508 - acc: 0.9786
 540/1460 [==========>...................] - ETA: 0s - loss: 0.0432 - acc: 0.9833
 810/1460 [===============>..............] - ETA: 0s - loss: 0.0475 - acc: 0.9827
1080/1460 [=====================>........] - ETA: 0s - loss: 0.0411 - acc: 0.9870
1360/1460 [==========================>...] - ETA: 0s - loss: 0.0428 - acc: 0.9868
1460/1460 [==============================] - 0s 196us/step - loss: 0.0431 - acc: 0.9856 - val_loss: 0.0705 - val_acc: 0.9691
Epoch 3/30

  10/1460 [..............................] - ETA: 0s - loss: 0.0030 - acc: 1.0000
 290/1460 [====>.........................] - ETA: 0s - loss: 0.0077 - acc: 1.0000
 540/1460 [==========>...................] - ETA: 0s - loss: 0.0097 - acc: 1.0000
 830/1460 [================>.............] - ETA: 0s - loss: 0.0149 - acc: 0.9988
1090/1460 [=====================>........] - ETA: 0s - loss: 0.0169 - acc: 0.9982
1340/1460 [==========================>...] - ETA: 0s - loss: 0.0198 - acc: 0.9970
1460/1460 [==============================] - 0s 215us/step - loss: 0.0202 - acc: 0.9966 - val_loss: 0.0690 - val_acc: 0.9877
Epoch 4/30

  10/1460 [..............................] - ETA: 0s - loss: 0.0094 - acc: 1.0000
 240/1460 [===>..........................] - ETA: 0s - loss: 0.0108 - acc: 1.0000
 490/1460 [=========>....................] - ETA: 0s - loss: 0.0093 - acc: 1.0000
 770/1460 [==============>...............] - ETA: 0s - loss: 0.0080 - acc: 1.0000
1050/1460 [====================>.........] - ETA: 0s - loss: 0.0082 - acc: 1.0000
1280/1460 [=========================>....] - ETA: 0s - loss: 0.0077 - acc: 1.0000
1460/1460 [==============================] - 0s 204us/step - loss: 0.0087 - acc: 0.9993 - val_loss: 0.0695 - val_acc: 0.9815
Epoch 5/30

  10/1460 [..............................] - ETA: 0s - loss: 0.0015 - acc: 1.0000
 290/1460 [====>.........................] - ETA: 0s - loss: 0.0048 - acc: 1.0000
 570/1460 [==========>...................] - ETA: 0s - loss: 0.0042 - acc: 1.0000
 820/1460 [===============>..............] - ETA: 0s - loss: 0.0040 - acc: 1.0000
1110/1460 [=====================>........] - ETA: 0s - loss: 0.0048 - acc: 0.9991
1390/1460 [===========================>..] - ETA: 0s - loss: 0.0049 - acc: 0.9993
1460/1460 [==============================] - 0s 192us/step - loss: 0.0049 - acc: 0.9993 - val_loss: 0.0784 - val_acc: 0.9877
Epoch 6/30

  10/1460 [..............................] - ETA: 0s - loss: 0.0031 - acc: 1.0000
 280/1460 [====>.........................] - ETA: 0s - loss: 0.0080 - acc: 0.9964
 570/1460 [==========>...................] - ETA: 0s - loss: 0.0053 - acc: 0.9982
 840/1460 [================>.............] - ETA: 0s - loss: 0.0043 - acc: 0.9988
1120/1460 [======================>.......] - ETA: 0s - loss: 0.0037 - acc: 0.9991
1380/1460 [===========================>..] - ETA: 0s - loss: 0.0033 - acc: 0.9993
1460/1460 [==============================] - 0s 197us/step - loss: 0.0032 - acc: 0.9993 - val_loss: 0.0827 - val_acc: 0.9815
Epoch 7/30

  10/1460 [..............................] - ETA: 0s - loss: 2.5519e-04 - acc: 1.0000
 290/1460 [====>.........................] - ETA: 0s - loss: 7.9446e-04 - acc: 1.0000
 570/1460 [==========>...................] - ETA: 0s - loss: 0.0041 - acc: 0.9982    
 830/1460 [================>.............] - ETA: 0s - loss: 0.0036 - acc: 0.9988
1100/1460 [=====================>........] - ETA: 0s - loss: 0.0029 - acc: 0.9991
1380/1460 [===========================>..] - ETA: 0s - loss: 0.0025 - acc: 0.9993
1460/1460 [==============================] - 0s 192us/step - loss: 0.0025 - acc: 0.9993 - val_loss: 0.0800 - val_acc: 0.9877
Epoch 8/30

  10/1460 [..............................] - ETA: 0s - loss: 5.7243e-04 - acc: 1.0000
 250/1460 [====>.........................] - ETA: 0s - loss: 6.7538e-04 - acc: 1.0000
 530/1460 [=========>....................] - ETA: 0s - loss: 6.8197e-04 - acc: 1.0000
 810/1460 [===============>..............] - ETA: 0s - loss: 7.1515e-04 - acc: 1.0000
1060/1460 [====================>.........] - ETA: 0s - loss: 6.9295e-04 - acc: 1.0000
1330/1460 [==========================>...] - ETA: 0s - loss: 0.0018 - acc: 0.9992    
1460/1460 [==============================] - 0s 198us/step - loss: 0.0018 - acc: 0.9993 - val_loss: 0.0706 - val_acc: 0.9877
Epoch 9/30

  10/1460 [..............................] - ETA: 0s - loss: 4.6865e-04 - acc: 1.0000
 280/1460 [====>.........................] - ETA: 0s - loss: 0.0012 - acc: 1.0000    
 540/1460 [==========>...................] - ETA: 0s - loss: 9.3335e-04 - acc: 1.0000
 800/1460 [===============>..............] - ETA: 0s - loss: 8.6458e-04 - acc: 1.0000
1070/1460 [====================>.........] - ETA: 0s - loss: 7.9664e-04 - acc: 1.0000
1310/1460 [=========================>....] - ETA: 0s - loss: 0.0020 - acc: 0.9992    
1460/1460 [==============================] - 0s 203us/step - loss: 0.0019 - acc: 0.9993 - val_loss: 0.0862 - val_acc: 0.9877
Epoch 10/30

  10/1460 [..............................] - ETA: 0s - loss: 6.2529e-04 - acc: 1.0000
 280/1460 [====>.........................] - ETA: 0s - loss: 0.0030 - acc: 1.0000    
 540/1460 [==========>...................] - ETA: 0s - loss: 0.0019 - acc: 1.0000
 770/1460 [==============>...............] - ETA: 0s - loss: 0.0016 - acc: 1.0000
1050/1460 [====================>.........] - ETA: 0s - loss: 0.0013 - acc: 1.0000
1320/1460 [==========================>...] - ETA: 0s - loss: 0.0011 - acc: 1.0000
1460/1460 [==============================] - 0s 200us/step - loss: 0.0010 - acc: 1.0000 - val_loss: 0.0929 - val_acc: 0.9815
Epoch 11/30

  10/1460 [..............................] - ETA: 0s - loss: 5.2773e-04 - acc: 1.0000
 260/1460 [====>.........................] - ETA: 0s - loss: 0.0025 - acc: 1.0000    
 540/1460 [==========>...................] - ETA: 0s - loss: 0.0015 - acc: 1.0000
 800/1460 [===============>..............] - ETA: 0s - loss: 0.0011 - acc: 1.0000
1050/1460 [====================>.........] - ETA: 0s - loss: 9.8897e-04 - acc: 1.0000
1310/1460 [=========================>....] - ETA: 0s - loss: 8.7244e-04 - acc: 1.0000
1460/1460 [==============================] - 0s 209us/step - loss: 8.2976e-04 - acc: 1.0000 - val_loss: 0.0940 - val_acc: 0.9877
acc: 98.77%
Train on 1460 samples, validate on 162 samples
Epoch 1/30

  10/1460 [..............................] - ETA: 3:07 - loss: 0.7287 - acc: 0.5000
 260/1460 [====>.........................] - ETA: 6s - loss: 0.4762 - acc: 0.7731  
 450/1460 [========>.....................] - ETA: 3s - loss: 0.3397 - acc: 0.8511
 610/1460 [===========>..................] - ETA: 2s - loss: 0.2789 - acc: 0.8820
 780/1460 [===============>..............] - ETA: 1s - loss: 0.2461 - acc: 0.8974
 970/1460 [==================>...........] - ETA: 0s - loss: 0.2165 - acc: 0.9113
1190/1460 [=======================>......] - ETA: 0s - loss: 0.1959 - acc: 0.9218
1400/1460 [===========================>..] - ETA: 0s - loss: 0.1772 - acc: 0.9300
1460/1460 [==============================] - 2s 1ms/step - loss: 0.1794 - acc: 0.9301 - val_loss: 0.0943 - val_acc: 0.9691
Epoch 2/30

  10/1460 [..............................] - ETA: 0s - loss: 0.0178 - acc: 1.0000
 230/1460 [===>..........................] - ETA: 0s - loss: 0.0444 - acc: 0.9957
 470/1460 [========>.....................] - ETA: 0s - loss: 0.0339 - acc: 0.9979
 680/1460 [============>.................] - ETA: 0s - loss: 0.0473 - acc: 0.9926
 920/1460 [=================>............] - ETA: 0s - loss: 0.0454 - acc: 0.9913
1060/1460 [====================>.........] - ETA: 0s - loss: 0.0421 - acc: 0.9925
1280/1460 [=========================>....] - ETA: 0s - loss: 0.0443 - acc: 0.9898
1460/1460 [==============================] - 0s 246us/step - loss: 0.0434 - acc: 0.9897 - val_loss: 0.0749 - val_acc: 0.9938
Epoch 3/30

  10/1460 [..............................] - ETA: 0s - loss: 0.0102 - acc: 1.0000
 250/1460 [====>.........................] - ETA: 0s - loss: 0.0291 - acc: 0.9880
 480/1460 [========>.....................] - ETA: 0s - loss: 0.0241 - acc: 0.9917
 700/1460 [=============>................] - ETA: 0s - loss: 0.0246 - acc: 0.9914
 940/1460 [==================>...........] - ETA: 0s - loss: 0.0291 - acc: 0.9904
1190/1460 [=======================>......] - ETA: 0s - loss: 0.0279 - acc: 0.9916
1330/1460 [==========================>...] - ETA: 0s - loss: 0.0262 - acc: 0.9925
1460/1460 [==============================] - 0s 249us/step - loss: 0.0254 - acc: 0.9925 - val_loss: 0.0665 - val_acc: 0.9815
Epoch 4/30

  10/1460 [..............................] - ETA: 0s - loss: 0.0039 - acc: 1.0000
 180/1460 [==>...........................] - ETA: 0s - loss: 0.0082 - acc: 1.0000
 380/1460 [======>.......................] - ETA: 0s - loss: 0.0123 - acc: 0.9974
 590/1460 [===========>..................] - ETA: 0s - loss: 0.0115 - acc: 0.9983
 780/1460 [===============>..............] - ETA: 0s - loss: 0.0097 - acc: 0.9987
 960/1460 [==================>...........] - ETA: 0s - loss: 0.0147 - acc: 0.9969
1160/1460 [======================>.......] - ETA: 0s - loss: 0.0150 - acc: 0.9957
1370/1460 [===========================>..] - ETA: 0s - loss: 0.0147 - acc: 0.9956
1460/1460 [==============================] - 0s 269us/step - loss: 0.0142 - acc: 0.9959 - val_loss: 0.0639 - val_acc: 0.9877
Epoch 5/30

  10/1460 [..............................] - ETA: 0s - loss: 0.0013 - acc: 1.0000
 230/1460 [===>..........................] - ETA: 0s - loss: 0.0114 - acc: 0.9957
 450/1460 [========>.....................] - ETA: 0s - loss: 0.0149 - acc: 0.9933
 680/1460 [============>.................] - ETA: 0s - loss: 0.0149 - acc: 0.9941
 920/1460 [=================>............] - ETA: 0s - loss: 0.0129 - acc: 0.9946
1160/1460 [======================>.......] - ETA: 0s - loss: 0.0109 - acc: 0.9957
1410/1460 [===========================>..] - ETA: 0s - loss: 0.0119 - acc: 0.9957
1460/1460 [==============================] - 0s 228us/step - loss: 0.0117 - acc: 0.9959 - val_loss: 0.0775 - val_acc: 0.9815
Epoch 6/30

  10/1460 [..............................] - ETA: 0s - loss: 0.0029 - acc: 1.0000
 260/1460 [====>.........................] - ETA: 0s - loss: 0.0171 - acc: 0.9962
 480/1460 [========>.....................] - ETA: 0s - loss: 0.0139 - acc: 0.9958
 730/1460 [==============>...............] - ETA: 0s - loss: 0.0147 - acc: 0.9959
 970/1460 [==================>...........] - ETA: 0s - loss: 0.0119 - acc: 0.9969
1220/1460 [========================>.....] - ETA: 0s - loss: 0.0121 - acc: 0.9967
1460/1460 [==============================] - 0s 221us/step - loss: 0.0110 - acc: 0.9973 - val_loss: 0.0741 - val_acc: 0.9815
Epoch 7/30

  10/1460 [..............................] - ETA: 0s - loss: 0.0029 - acc: 1.0000
 250/1460 [====>.........................] - ETA: 0s - loss: 0.0103 - acc: 0.9960
 490/1460 [=========>....................] - ETA: 0s - loss: 0.0060 - acc: 0.9980
 720/1460 [=============>................] - ETA: 0s - loss: 0.0051 - acc: 0.9986
 960/1460 [==================>...........] - ETA: 0s - loss: 0.0081 - acc: 0.9979
1180/1460 [=======================>......] - ETA: 0s - loss: 0.0068 - acc: 0.9983
1420/1460 [============================>.] - ETA: 0s - loss: 0.0080 - acc: 0.9979
1460/1460 [==============================] - 0s 226us/step - loss: 0.0078 - acc: 0.9979 - val_loss: 0.0888 - val_acc: 0.9753
Epoch 8/30

  10/1460 [..............................] - ETA: 0s - loss: 0.0017 - acc: 1.0000
 240/1460 [===>..........................] - ETA: 0s - loss: 0.0060 - acc: 0.9958
 490/1460 [=========>....................] - ETA: 0s - loss: 0.0061 - acc: 0.9959
 710/1460 [=============>................] - ETA: 0s - loss: 0.0050 - acc: 0.9972
 960/1460 [==================>...........] - ETA: 0s - loss: 0.0074 - acc: 0.9969
1210/1460 [=======================>......] - ETA: 0s - loss: 0.0073 - acc: 0.9967
1430/1460 [============================>.] - ETA: 0s - loss: 0.0064 - acc: 0.9972
1460/1460 [==============================] - 0s 220us/step - loss: 0.0063 - acc: 0.9973 - val_loss: 0.0973 - val_acc: 0.9815
Epoch 9/30

  10/1460 [..............................] - ETA: 0s - loss: 1.8245e-04 - acc: 1.0000
 250/1460 [====>.........................] - ETA: 0s - loss: 0.0012 - acc: 1.0000    
 500/1460 [=========>....................] - ETA: 0s - loss: 0.0012 - acc: 1.0000
 720/1460 [=============>................] - ETA: 0s - loss: 0.0051 - acc: 0.9986
 970/1460 [==================>...........] - ETA: 0s - loss: 0.0076 - acc: 0.9969
1190/1460 [=======================>......] - ETA: 0s - loss: 0.0067 - acc: 0.9975
1430/1460 [============================>.] - ETA: 0s - loss: 0.0060 - acc: 0.9979
1460/1460 [==============================] - 0s 225us/step - loss: 0.0059 - acc: 0.9979 - val_loss: 0.0942 - val_acc: 0.9815
Epoch 10/30

  10/1460 [..............................] - ETA: 0s - loss: 0.0122 - acc: 1.0000
 240/1460 [===>..........................] - ETA: 0s - loss: 0.0023 - acc: 1.0000
 470/1460 [========>.....................] - ETA: 0s - loss: 0.0016 - acc: 1.0000
 710/1460 [=============>................] - ETA: 0s - loss: 0.0013 - acc: 1.0000
 950/1460 [==================>...........] - ETA: 0s - loss: 0.0034 - acc: 0.9989
1200/1460 [=======================>......] - ETA: 0s - loss: 0.0052 - acc: 0.9983
1420/1460 [============================>.] - ETA: 0s - loss: 0.0052 - acc: 0.9986
1460/1460 [==============================] - 0s 225us/step - loss: 0.0053 - acc: 0.9986 - val_loss: 0.0826 - val_acc: 0.9815
acc: 99.38%
Train on 1460 samples, validate on 162 samples
Epoch 1/30

  10/1460 [..............................] - ETA: 3:17 - loss: 0.6569 - acc: 0.7000
 230/1460 [===>..........................] - ETA: 7s - loss: 0.5022 - acc: 0.7652  
 460/1460 [========>.....................] - ETA: 3s - loss: 0.3407 - acc: 0.8630
 690/1460 [=============>................] - ETA: 1s - loss: 0.2668 - acc: 0.8913
 940/1460 [==================>...........] - ETA: 0s - loss: 0.2318 - acc: 0.9096
1180/1460 [=======================>......] - ETA: 0s - loss: 0.2080 - acc: 0.9178
1400/1460 [===========================>..] - ETA: 0s - loss: 0.1858 - acc: 0.9286
1460/1460 [==============================] - 2s 1ms/step - loss: 0.1834 - acc: 0.9308 - val_loss: 0.0959 - val_acc: 0.9691
Epoch 2/30

  10/1460 [..............................] - ETA: 0s - loss: 0.0141 - acc: 1.0000
 240/1460 [===>..........................] - ETA: 0s - loss: 0.0517 - acc: 0.9833
 500/1460 [=========>....................] - ETA: 0s - loss: 0.0442 - acc: 0.9880
 740/1460 [==============>...............] - ETA: 0s - loss: 0.0425 - acc: 0.9878
 980/1460 [===================>..........] - ETA: 0s - loss: 0.0396 - acc: 0.9878
1230/1460 [========================>.....] - ETA: 0s - loss: 0.0351 - acc: 0.9894
1460/1460 [==============================] - 0s 214us/step - loss: 0.0409 - acc: 0.9884 - val_loss: 0.1293 - val_acc: 0.9506
Epoch 3/30

  10/1460 [..............................] - ETA: 0s - loss: 0.0084 - acc: 1.0000
 230/1460 [===>..........................] - ETA: 0s - loss: 0.0177 - acc: 0.9957
 450/1460 [========>.....................] - ETA: 0s - loss: 0.0192 - acc: 0.9956
 670/1460 [============>.................] - ETA: 0s - loss: 0.0177 - acc: 0.9970
 910/1460 [=================>............] - ETA: 0s - loss: 0.0162 - acc: 0.9978
1130/1460 [======================>.......] - ETA: 0s - loss: 0.0188 - acc: 0.9973
1370/1460 [===========================>..] - ETA: 0s - loss: 0.0199 - acc: 0.9971
1460/1460 [==============================] - 0s 230us/step - loss: 0.0195 - acc: 0.9973 - val_loss: 0.0910 - val_acc: 0.9691
Epoch 4/30

  10/1460 [..............................] - ETA: 0s - loss: 0.0152 - acc: 1.0000
 230/1460 [===>..........................] - ETA: 0s - loss: 0.0213 - acc: 0.9957
 470/1460 [========>.....................] - ETA: 0s - loss: 0.0245 - acc: 0.9936
 700/1460 [=============>................] - ETA: 0s - loss: 0.0199 - acc: 0.9957
 940/1460 [==================>...........] - ETA: 0s - loss: 0.0161 - acc: 0.9968
1200/1460 [=======================>......] - ETA: 0s - loss: 0.0136 - acc: 0.9975
1430/1460 [============================>.] - ETA: 0s - loss: 0.0123 - acc: 0.9979
1460/1460 [==============================] - 0s 224us/step - loss: 0.0121 - acc: 0.9979 - val_loss: 0.0950 - val_acc: 0.9691
Epoch 5/30

  10/1460 [..............................] - ETA: 0s - loss: 9.8538e-04 - acc: 1.0000
 230/1460 [===>..........................] - ETA: 0s - loss: 0.0264 - acc: 0.9913    
 470/1460 [========>.....................] - ETA: 0s - loss: 0.0158 - acc: 0.9957
 700/1460 [=============>................] - ETA: 0s - loss: 0.0143 - acc: 0.9957
 940/1460 [==================>...........] - ETA: 0s - loss: 0.0164 - acc: 0.9947
1140/1460 [======================>.......] - ETA: 0s - loss: 0.0149 - acc: 0.9947
1380/1460 [===========================>..] - ETA: 0s - loss: 0.0129 - acc: 0.9957
1460/1460 [==============================] - 0s 231us/step - loss: 0.0131 - acc: 0.9952 - val_loss: 0.0898 - val_acc: 0.9691
Epoch 6/30

  10/1460 [..............................] - ETA: 0s - loss: 0.0054 - acc: 1.0000
 240/1460 [===>..........................] - ETA: 0s - loss: 0.0139 - acc: 0.9958
 480/1460 [========>.....................] - ETA: 0s - loss: 0.0200 - acc: 0.9958
 720/1460 [=============>................] - ETA: 0s - loss: 0.0149 - acc: 0.9972
 960/1460 [==================>...........] - ETA: 0s - loss: 0.0121 - acc: 0.9979
1190/1460 [=======================>......] - ETA: 0s - loss: 0.0103 - acc: 0.9983
1440/1460 [============================>.] - ETA: 0s - loss: 0.0101 - acc: 0.9979
1460/1460 [==============================] - 0s 225us/step - loss: 0.0100 - acc: 0.9979 - val_loss: 0.1023 - val_acc: 0.9691
Epoch 7/30

  10/1460 [..............................] - ETA: 0s - loss: 0.3063 - acc: 0.9000
 250/1460 [====>.........................] - ETA: 0s - loss: 0.0158 - acc: 0.9960
 490/1460 [=========>....................] - ETA: 0s - loss: 0.0099 - acc: 0.9980
 730/1460 [==============>...............] - ETA: 0s - loss: 0.0073 - acc: 0.9986
 950/1460 [==================>...........] - ETA: 0s - loss: 0.0059 - acc: 0.9989
1180/1460 [=======================>......] - ETA: 0s - loss: 0.0052 - acc: 0.9992
1420/1460 [============================>.] - ETA: 0s - loss: 0.0059 - acc: 0.9986
1460/1460 [==============================] - 0s 226us/step - loss: 0.0058 - acc: 0.9986 - val_loss: 0.1077 - val_acc: 0.9691
Epoch 8/30

  10/1460 [..............................] - ETA: 0s - loss: 0.0026 - acc: 1.0000
 230/1460 [===>..........................] - ETA: 0s - loss: 0.0039 - acc: 1.0000
 470/1460 [========>.....................] - ETA: 0s - loss: 0.0071 - acc: 0.9957
 710/1460 [=============>................] - ETA: 0s - loss: 0.0054 - acc: 0.9972
 940/1460 [==================>...........] - ETA: 0s - loss: 0.0064 - acc: 0.9968
1180/1460 [=======================>......] - ETA: 0s - loss: 0.0063 - acc: 0.9966
1420/1460 [============================>.] - ETA: 0s - loss: 0.0055 - acc: 0.9972
1460/1460 [==============================] - 0s 224us/step - loss: 0.0055 - acc: 0.9973 - val_loss: 0.0963 - val_acc: 0.9691
Epoch 9/30

  10/1460 [..............................] - ETA: 0s - loss: 7.5425e-04 - acc: 1.0000
 240/1460 [===>..........................] - ETA: 0s - loss: 0.0078 - acc: 0.9958    
 480/1460 [========>.....................] - ETA: 0s - loss: 0.0052 - acc: 0.9979
 710/1460 [=============>................] - ETA: 0s - loss: 0.0043 - acc: 0.9986
 920/1460 [=================>............] - ETA: 0s - loss: 0.0037 - acc: 0.9989
1110/1460 [=====================>........] - ETA: 0s - loss: 0.0032 - acc: 0.9991
1320/1460 [==========================>...] - ETA: 0s - loss: 0.0038 - acc: 0.9985
1460/1460 [==============================] - 0s 240us/step - loss: 0.0044 - acc: 0.9979 - val_loss: 0.1021 - val_acc: 0.9691
acc: 96.91%
Train on 1461 samples, validate on 161 samples
Epoch 1/30

  10/1461 [..............................] - ETA: 3:31 - loss: 0.7110 - acc: 0.4000
 240/1461 [===>..........................] - ETA: 7s - loss: 0.4845 - acc: 0.7667  
 480/1461 [========>.....................] - ETA: 3s - loss: 0.3192 - acc: 0.8646
 740/1461 [==============>...............] - ETA: 1s - loss: 0.2381 - acc: 0.9014
 980/1461 [===================>..........] - ETA: 0s - loss: 0.2085 - acc: 0.9143
1210/1461 [=======================>......] - ETA: 0s - loss: 0.1927 - acc: 0.9248
1450/1461 [============================>.] - ETA: 0s - loss: 0.1769 - acc: 0.9303
1461/1461 [==============================] - 2s 1ms/step - loss: 0.1757 - acc: 0.9309 - val_loss: 0.0423 - val_acc: 0.9938
Epoch 2/30

  10/1461 [..............................] - ETA: 0s - loss: 0.0180 - acc: 1.0000
 240/1461 [===>..........................] - ETA: 0s - loss: 0.0371 - acc: 0.9875
 480/1461 [========>.....................] - ETA: 0s - loss: 0.0361 - acc: 0.9896
 720/1461 [=============>................] - ETA: 0s - loss: 0.0369 - acc: 0.9917
 970/1461 [==================>...........] - ETA: 0s - loss: 0.0408 - acc: 0.9887
1230/1461 [========================>.....] - ETA: 0s - loss: 0.0418 - acc: 0.9886
1460/1461 [============================>.] - ETA: 0s - loss: 0.0431 - acc: 0.9884
1461/1461 [==============================] - 0s 221us/step - loss: 0.0431 - acc: 0.9884 - val_loss: 0.0262 - val_acc: 0.9938
Epoch 3/30

  10/1461 [..............................] - ETA: 0s - loss: 0.0560 - acc: 1.0000
 250/1461 [====>.........................] - ETA: 0s - loss: 0.0217 - acc: 0.9960
 490/1461 [=========>....................] - ETA: 0s - loss: 0.0167 - acc: 0.9959
 720/1461 [=============>................] - ETA: 0s - loss: 0.0142 - acc: 0.9972
 970/1461 [==================>...........] - ETA: 0s - loss: 0.0126 - acc: 0.9979
1190/1461 [=======================>......] - ETA: 0s - loss: 0.0173 - acc: 0.9958
1440/1461 [============================>.] - ETA: 0s - loss: 0.0183 - acc: 0.9944
1461/1461 [==============================] - 0s 225us/step - loss: 0.0180 - acc: 0.9945 - val_loss: 0.0132 - val_acc: 1.0000
Epoch 4/30

  10/1461 [..............................] - ETA: 0s - loss: 0.0024 - acc: 1.0000
 240/1461 [===>..........................] - ETA: 0s - loss: 0.0060 - acc: 1.0000
 460/1461 [========>.....................] - ETA: 0s - loss: 0.0082 - acc: 1.0000
 700/1461 [=============>................] - ETA: 0s - loss: 0.0114 - acc: 0.9986
 920/1461 [=================>............] - ETA: 0s - loss: 0.0109 - acc: 0.9978
1160/1461 [======================>.......] - ETA: 0s - loss: 0.0119 - acc: 0.9974
1410/1461 [===========================>..] - ETA: 0s - loss: 0.0118 - acc: 0.9972
1461/1461 [==============================] - 0s 229us/step - loss: 0.0145 - acc: 0.9966 - val_loss: 0.0111 - val_acc: 1.0000
Epoch 5/30

  10/1461 [..............................] - ETA: 0s - loss: 6.2335e-04 - acc: 1.0000
 260/1461 [====>.........................] - ETA: 0s - loss: 0.0075 - acc: 1.0000    
 500/1461 [=========>....................] - ETA: 0s - loss: 0.0167 - acc: 0.9940
 730/1461 [=============>................] - ETA: 0s - loss: 0.0127 - acc: 0.9959
 960/1461 [==================>...........] - ETA: 0s - loss: 0.0107 - acc: 0.9969
1200/1461 [=======================>......] - ETA: 0s - loss: 0.0140 - acc: 0.9958
1430/1461 [============================>.] - ETA: 0s - loss: 0.0128 - acc: 0.9965
1461/1461 [==============================] - 0s 230us/step - loss: 0.0127 - acc: 0.9966 - val_loss: 0.0089 - val_acc: 0.9938
Epoch 6/30

  10/1461 [..............................] - ETA: 0s - loss: 0.0027 - acc: 1.0000
 250/1461 [====>.........................] - ETA: 0s - loss: 0.0062 - acc: 0.9960
 490/1461 [=========>....................] - ETA: 0s - loss: 0.0055 - acc: 0.9980
 670/1461 [============>.................] - ETA: 0s - loss: 0.0046 - acc: 0.9985
 880/1461 [=================>............] - ETA: 0s - loss: 0.0086 - acc: 0.9966
1100/1461 [=====================>........] - ETA: 0s - loss: 0.0074 - acc: 0.9973
1330/1461 [==========================>...] - ETA: 0s - loss: 0.0085 - acc: 0.9970
1461/1461 [==============================] - 0s 240us/step - loss: 0.0092 - acc: 0.9966 - val_loss: 0.0172 - val_acc: 0.9938
Epoch 7/30

  10/1461 [..............................] - ETA: 0s - loss: 0.0019 - acc: 1.0000
 260/1461 [====>.........................] - ETA: 0s - loss: 0.0105 - acc: 0.9962
 470/1461 [========>.....................] - ETA: 0s - loss: 0.0139 - acc: 0.9957
 700/1461 [=============>................] - ETA: 0s - loss: 0.0102 - acc: 0.9971
 940/1461 [==================>...........] - ETA: 0s - loss: 0.0080 - acc: 0.9979
1170/1461 [=======================>......] - ETA: 0s - loss: 0.0068 - acc: 0.9983
1410/1461 [===========================>..] - ETA: 0s - loss: 0.0084 - acc: 0.9979
1461/1461 [==============================] - 0s 225us/step - loss: 0.0083 - acc: 0.9979 - val_loss: 0.0165 - val_acc: 0.9938
Epoch 8/30

  10/1461 [..............................] - ETA: 0s - loss: 0.0030 - acc: 1.0000
 230/1461 [===>..........................] - ETA: 0s - loss: 0.0039 - acc: 1.0000
 470/1461 [========>.....................] - ETA: 0s - loss: 0.0077 - acc: 0.9979
 700/1461 [=============>................] - ETA: 0s - loss: 0.0092 - acc: 0.9971
 940/1461 [==================>...........] - ETA: 0s - loss: 0.0081 - acc: 0.9968
1170/1461 [=======================>......] - ETA: 0s - loss: 0.0072 - acc: 0.9974
1410/1461 [===========================>..] - ETA: 0s - loss: 0.0064 - acc: 0.9979
1461/1461 [==============================] - 0s 227us/step - loss: 0.0062 - acc: 0.9979 - val_loss: 0.0309 - val_acc: 0.9938
Epoch 9/30

  10/1461 [..............................] - ETA: 0s - loss: 1.4832e-04 - acc: 1.0000
 240/1461 [===>..........................] - ETA: 0s - loss: 0.0032 - acc: 1.0000    
 490/1461 [=========>....................] - ETA: 0s - loss: 0.0152 - acc: 0.9959
 730/1461 [=============>................] - ETA: 0s - loss: 0.0122 - acc: 0.9973
 970/1461 [==================>...........] - ETA: 0s - loss: 0.0098 - acc: 0.9979
1200/1461 [=======================>......] - ETA: 0s - loss: 0.0082 - acc: 0.9983
1440/1461 [============================>.] - ETA: 0s - loss: 0.0070 - acc: 0.9986
1461/1461 [==============================] - 0s 221us/step - loss: 0.0069 - acc: 0.9986 - val_loss: 0.0326 - val_acc: 0.9938
Epoch 10/30

  10/1461 [..............................] - ETA: 0s - loss: 0.0011 - acc: 1.0000
 230/1461 [===>..........................] - ETA: 0s - loss: 0.0158 - acc: 0.9957
 480/1461 [========>.....................] - ETA: 0s - loss: 0.0082 - acc: 0.9979
 700/1461 [=============>................] - ETA: 0s - loss: 0.0059 - acc: 0.9986
 910/1461 [=================>............] - ETA: 0s - loss: 0.0047 - acc: 0.9989
1150/1461 [======================>.......] - ETA: 0s - loss: 0.0039 - acc: 0.9991
1380/1461 [===========================>..] - ETA: 0s - loss: 0.0058 - acc: 0.9986
1461/1461 [==============================] - 0s 236us/step - loss: 0.0056 - acc: 0.9986 - val_loss: 0.0224 - val_acc: 0.9938
Epoch 11/30

  10/1461 [..............................] - ETA: 0s - loss: 0.0039 - acc: 1.0000
 260/1461 [====>.........................] - ETA: 0s - loss: 0.0023 - acc: 1.0000
 490/1461 [=========>....................] - ETA: 0s - loss: 0.0038 - acc: 0.9980
 730/1461 [=============>................] - ETA: 0s - loss: 0.0053 - acc: 0.9973
 960/1461 [==================>...........] - ETA: 0s - loss: 0.0045 - acc: 0.9979
1200/1461 [=======================>......] - ETA: 0s - loss: 0.0038 - acc: 0.9983
1400/1461 [===========================>..] - ETA: 0s - loss: 0.0035 - acc: 0.9986
1461/1461 [==============================] - 0s 227us/step - loss: 0.0034 - acc: 0.9986 - val_loss: 0.0203 - val_acc: 0.9938
acc: 100.00%
Accuracy: 98.52% (+/- 0.92%)
