Train on 810 samples, validate on 812 samples
Epoch 1/30

 50/810 [>.............................] - ETA: 6s - loss: 0.7023 - acc: 0.4400
810/810 [==============================] - 1s 659us/step - loss: 0.6437 - acc: 0.6716 - val_loss: 0.5793 - val_acc: 0.8116
Epoch 2/30

 50/810 [>.............................] - ETA: 0s - loss: 0.5611 - acc: 0.8800
810/810 [==============================] - 0s 47us/step - loss: 0.5017 - acc: 0.9333 - val_loss: 0.4544 - val_acc: 0.9261
Epoch 3/30

 50/810 [>.............................] - ETA: 0s - loss: 0.4393 - acc: 1.0000
810/810 [==============================] - 0s 47us/step - loss: 0.3581 - acc: 0.9753 - val_loss: 0.3293 - val_acc: 0.9532
Epoch 4/30

 50/810 [>.............................] - ETA: 0s - loss: 0.2727 - acc: 0.9800
810/810 [==============================] - 0s 48us/step - loss: 0.2390 - acc: 0.9802 - val_loss: 0.2423 - val_acc: 0.9606
Epoch 5/30

 50/810 [>.............................] - ETA: 0s - loss: 0.1805 - acc: 1.0000
810/810 [==============================] - 0s 46us/step - loss: 0.1657 - acc: 0.9802 - val_loss: 0.1905 - val_acc: 0.9655
Epoch 6/30

 50/810 [>.............................] - ETA: 0s - loss: 0.1647 - acc: 0.9800
810/810 [==============================] - 0s 46us/step - loss: 0.1230 - acc: 0.9864 - val_loss: 0.1602 - val_acc: 0.9667
Epoch 7/30

 50/810 [>.............................] - ETA: 0s - loss: 0.0922 - acc: 1.0000
810/810 [==============================] - 0s 47us/step - loss: 0.0969 - acc: 0.9914 - val_loss: 0.1414 - val_acc: 0.9643
Epoch 8/30

 50/810 [>.............................] - ETA: 0s - loss: 0.0942 - acc: 1.0000
810/810 [==============================] - 0s 49us/step - loss: 0.0798 - acc: 0.9914 - val_loss: 0.1298 - val_acc: 0.9618
acc: 96.67%
Train on 812 samples, validate on 810 samples
Epoch 1/30

 50/812 [>.............................] - ETA: 8s - loss: 0.7083 - acc: 0.4000
812/812 [==============================] - 1s 773us/step - loss: 0.6527 - acc: 0.6638 - val_loss: 0.5771 - val_acc: 0.8617
Epoch 2/30

 50/812 [>.............................] - ETA: 0s - loss: 0.5689 - acc: 0.8400
812/812 [==============================] - 0s 48us/step - loss: 0.5145 - acc: 0.9138 - val_loss: 0.4510 - val_acc: 0.9432
Epoch 3/30

 50/812 [>.............................] - ETA: 0s - loss: 0.4780 - acc: 0.9000
812/812 [==============================] - 0s 48us/step - loss: 0.3809 - acc: 0.9606 - val_loss: 0.3231 - val_acc: 0.9691
Epoch 4/30

 50/812 [>.............................] - ETA: 0s - loss: 0.3343 - acc: 0.9600
812/812 [==============================] - 0s 47us/step - loss: 0.2695 - acc: 0.9704 - val_loss: 0.2286 - val_acc: 0.9790
Epoch 5/30

 50/812 [>.............................] - ETA: 0s - loss: 0.2778 - acc: 0.9200
812/812 [==============================] - 0s 47us/step - loss: 0.1944 - acc: 0.9766 - val_loss: 0.1717 - val_acc: 0.9790
Epoch 6/30

 50/812 [>.............................] - ETA: 0s - loss: 0.1704 - acc: 0.9600
812/812 [==============================] - 0s 49us/step - loss: 0.1480 - acc: 0.9778 - val_loss: 0.1395 - val_acc: 0.9778
acc: 97.90%
Accuracy: 97.29% (+/- 0.61%)
