Train on 1459 samples, validate on 163 samples
Epoch 1/30

 100/1459 [=>............................] - ETA: 5s - loss: 0.7082 - acc: 0.4700
1459/1459 [==============================] - 1s 348us/step - loss: 0.4190 - acc: 0.8561 - val_loss: 0.1886 - val_acc: 0.9509
Epoch 2/30

 100/1459 [=>............................] - ETA: 0s - loss: 0.1788 - acc: 0.9500
1459/1459 [==============================] - 0s 20us/step - loss: 0.0961 - acc: 0.9801 - val_loss: 0.1063 - val_acc: 0.9632
Epoch 3/30

 100/1459 [=>............................] - ETA: 0s - loss: 0.0329 - acc: 1.0000
1459/1459 [==============================] - 0s 20us/step - loss: 0.0503 - acc: 0.9877 - val_loss: 0.0949 - val_acc: 0.9693
Epoch 4/30

 100/1459 [=>............................] - ETA: 0s - loss: 0.0224 - acc: 1.0000
1459/1459 [==============================] - 0s 20us/step - loss: 0.0324 - acc: 0.9952 - val_loss: 0.0910 - val_acc: 0.9693
Epoch 5/30

 100/1459 [=>............................] - ETA: 0s - loss: 0.0167 - acc: 1.0000
1459/1459 [==============================] - 0s 20us/step - loss: 0.0208 - acc: 0.9973 - val_loss: 0.0922 - val_acc: 0.9693
Epoch 6/30

 100/1459 [=>............................] - ETA: 0s - loss: 0.0301 - acc: 0.9800
1459/1459 [==============================] - 0s 20us/step - loss: 0.0150 - acc: 0.9973 - val_loss: 0.0919 - val_acc: 0.9632
Epoch 7/30

 100/1459 [=>............................] - ETA: 0s - loss: 0.0089 - acc: 1.0000
1459/1459 [==============================] - 0s 21us/step - loss: 0.0113 - acc: 0.9986 - val_loss: 0.0906 - val_acc: 0.9632
Epoch 8/30

 100/1459 [=>............................] - ETA: 0s - loss: 0.0072 - acc: 1.0000
1459/1459 [==============================] - 0s 20us/step - loss: 0.0088 - acc: 0.9993 - val_loss: 0.0923 - val_acc: 0.9693
Epoch 9/30

 100/1459 [=>............................] - ETA: 0s - loss: 0.0071 - acc: 1.0000
1459/1459 [==============================] - 0s 22us/step - loss: 0.0068 - acc: 1.0000 - val_loss: 0.0920 - val_acc: 0.9693
Epoch 10/30

 100/1459 [=>............................] - ETA: 0s - loss: 0.0079 - acc: 1.0000
1459/1459 [==============================] - 0s 23us/step - loss: 0.0057 - acc: 1.0000 - val_loss: 0.0929 - val_acc: 0.9693
Epoch 11/30

 100/1459 [=>............................] - ETA: 0s - loss: 0.0043 - acc: 1.0000
1459/1459 [==============================] - 0s 22us/step - loss: 0.0049 - acc: 1.0000 - val_loss: 0.0930 - val_acc: 0.9693
acc: 96.93%
Train on 1459 samples, validate on 163 samples
Epoch 1/30

 100/1459 [=>............................] - ETA: 6s - loss: 0.6872 - acc: 0.5600
1459/1459 [==============================] - 1s 414us/step - loss: 0.4490 - acc: 0.8602 - val_loss: 0.2358 - val_acc: 0.9325
Epoch 2/30

 100/1459 [=>............................] - ETA: 0s - loss: 0.1922 - acc: 0.9700
1459/1459 [==============================] - 0s 22us/step - loss: 0.1234 - acc: 0.9712 - val_loss: 0.1169 - val_acc: 0.9571
Epoch 3/30

 100/1459 [=>............................] - ETA: 0s - loss: 0.0668 - acc: 0.9800
1459/1459 [==============================] - 0s 21us/step - loss: 0.0617 - acc: 0.9836 - val_loss: 0.1008 - val_acc: 0.9693
Epoch 4/30

 100/1459 [=>............................] - ETA: 0s - loss: 0.0804 - acc: 0.9800
1459/1459 [==============================] - 0s 21us/step - loss: 0.0371 - acc: 0.9952 - val_loss: 0.0872 - val_acc: 0.9632
Epoch 5/30

 100/1459 [=>............................] - ETA: 0s - loss: 0.0406 - acc: 0.9900
1459/1459 [==============================] - 0s 22us/step - loss: 0.0255 - acc: 0.9952 - val_loss: 0.0852 - val_acc: 0.9632
Epoch 6/30

 100/1459 [=>............................] - ETA: 0s - loss: 0.0141 - acc: 1.0000
1459/1459 [==============================] - 0s 21us/step - loss: 0.0192 - acc: 0.9966 - val_loss: 0.0791 - val_acc: 0.9693
Epoch 7/30

 100/1459 [=>............................] - ETA: 0s - loss: 0.0079 - acc: 1.0000
1459/1459 [==============================] - 0s 21us/step - loss: 0.0140 - acc: 0.9979 - val_loss: 0.0733 - val_acc: 0.9693
Epoch 8/30

 100/1459 [=>............................] - ETA: 0s - loss: 0.0151 - acc: 1.0000
1459/1459 [==============================] - 0s 21us/step - loss: 0.0106 - acc: 0.9993 - val_loss: 0.0714 - val_acc: 0.9693
Epoch 9/30

 100/1459 [=>............................] - ETA: 0s - loss: 0.0056 - acc: 1.0000
1459/1459 [==============================] - 0s 21us/step - loss: 0.0086 - acc: 1.0000 - val_loss: 0.0688 - val_acc: 0.9693
Epoch 10/30

 100/1459 [=>............................] - ETA: 0s - loss: 0.0060 - acc: 1.0000
1459/1459 [==============================] - 0s 21us/step - loss: 0.0071 - acc: 0.9993 - val_loss: 0.0697 - val_acc: 0.9693
Epoch 11/30

 100/1459 [=>............................] - ETA: 0s - loss: 0.0037 - acc: 1.0000
1459/1459 [==============================] - 0s 21us/step - loss: 0.0059 - acc: 1.0000 - val_loss: 0.0664 - val_acc: 0.9693
Epoch 12/30

 100/1459 [=>............................] - ETA: 0s - loss: 0.0032 - acc: 1.0000
1459/1459 [==============================] - 0s 21us/step - loss: 0.0048 - acc: 1.0000 - val_loss: 0.0646 - val_acc: 0.9693
Epoch 13/30

 100/1459 [=>............................] - ETA: 0s - loss: 0.0028 - acc: 1.0000
1459/1459 [==============================] - 0s 21us/step - loss: 0.0040 - acc: 1.0000 - val_loss: 0.0635 - val_acc: 0.9693
Epoch 14/30

 100/1459 [=>............................] - ETA: 0s - loss: 0.0047 - acc: 1.0000
1459/1459 [==============================] - 0s 21us/step - loss: 0.0035 - acc: 1.0000 - val_loss: 0.0628 - val_acc: 0.9693
acc: 96.93%
Train on 1459 samples, validate on 163 samples
Epoch 1/30

 100/1459 [=>............................] - ETA: 7s - loss: 0.7064 - acc: 0.4600
1459/1459 [==============================] - 1s 469us/step - loss: 0.4383 - acc: 0.8300 - val_loss: 0.2034 - val_acc: 0.9509
Epoch 2/30

 100/1459 [=>............................] - ETA: 0s - loss: 0.1621 - acc: 0.9800
1459/1459 [==============================] - 0s 22us/step - loss: 0.1109 - acc: 0.9746 - val_loss: 0.1062 - val_acc: 0.9571
Epoch 3/30

 100/1459 [=>............................] - ETA: 0s - loss: 0.0512 - acc: 0.9900
1459/1459 [==============================] - 0s 23us/step - loss: 0.0553 - acc: 0.9836 - val_loss: 0.0928 - val_acc: 0.9693
Epoch 4/30

 100/1459 [=>............................] - ETA: 0s - loss: 0.0133 - acc: 1.0000
1459/1459 [==============================] - 0s 22us/step - loss: 0.0352 - acc: 0.9931 - val_loss: 0.0856 - val_acc: 0.9755
Epoch 5/30

 100/1459 [=>............................] - ETA: 0s - loss: 0.0474 - acc: 0.9900
1459/1459 [==============================] - 0s 22us/step - loss: 0.0240 - acc: 0.9966 - val_loss: 0.0826 - val_acc: 0.9816
Epoch 6/30

 100/1459 [=>............................] - ETA: 0s - loss: 0.0101 - acc: 1.0000
1459/1459 [==============================] - 0s 22us/step - loss: 0.0162 - acc: 0.9973 - val_loss: 0.0764 - val_acc: 0.9877
Epoch 7/30

 100/1459 [=>............................] - ETA: 0s - loss: 0.0105 - acc: 1.0000
1459/1459 [==============================] - 0s 22us/step - loss: 0.0122 - acc: 0.9993 - val_loss: 0.0776 - val_acc: 0.9877
Epoch 8/30

 100/1459 [=>............................] - ETA: 0s - loss: 0.0086 - acc: 1.0000
1459/1459 [==============================] - 0s 21us/step - loss: 0.0092 - acc: 1.0000 - val_loss: 0.0793 - val_acc: 0.9755
Epoch 9/30

 100/1459 [=>............................] - ETA: 0s - loss: 0.0135 - acc: 1.0000
1459/1459 [==============================] - 0s 21us/step - loss: 0.0072 - acc: 1.0000 - val_loss: 0.0809 - val_acc: 0.9816
Epoch 10/30

 100/1459 [=>............................] - ETA: 0s - loss: 0.0044 - acc: 1.0000
1459/1459 [==============================] - 0s 23us/step - loss: 0.0058 - acc: 1.0000 - val_loss: 0.0793 - val_acc: 0.9816
Epoch 11/30

 100/1459 [=>............................] - ETA: 0s - loss: 0.0047 - acc: 1.0000
1459/1459 [==============================] - 0s 22us/step - loss: 0.0047 - acc: 1.0000 - val_loss: 0.0794 - val_acc: 0.9816
Epoch 12/30

 100/1459 [=>............................] - ETA: 0s - loss: 0.0066 - acc: 1.0000
1459/1459 [==============================] - 0s 23us/step - loss: 0.0040 - acc: 1.0000 - val_loss: 0.0803 - val_acc: 0.9816
Epoch 13/30

 100/1459 [=>............................] - ETA: 0s - loss: 0.0039 - acc: 1.0000
1459/1459 [==============================] - 0s 21us/step - loss: 0.0035 - acc: 1.0000 - val_loss: 0.0811 - val_acc: 0.9816
Epoch 14/30

 100/1459 [=>............................] - ETA: 0s - loss: 0.0018 - acc: 1.0000
1459/1459 [==============================] - 0s 22us/step - loss: 0.0030 - acc: 1.0000 - val_loss: 0.0815 - val_acc: 0.9816
acc: 98.77%
Train on 1460 samples, validate on 162 samples
Epoch 1/30

 100/1460 [=>............................] - ETA: 9s - loss: 0.6910 - acc: 0.5300
1460/1460 [==============================] - 1s 562us/step - loss: 0.4501 - acc: 0.8315 - val_loss: 0.1925 - val_acc: 0.9691
Epoch 2/30

 100/1460 [=>............................] - ETA: 0s - loss: 0.1925 - acc: 0.9800
1460/1460 [==============================] - 0s 23us/step - loss: 0.1267 - acc: 0.9733 - val_loss: 0.1037 - val_acc: 0.9630
Epoch 3/30

 100/1460 [=>............................] - ETA: 0s - loss: 0.0460 - acc: 0.9800
1460/1460 [==============================] - 0s 24us/step - loss: 0.0636 - acc: 0.9836 - val_loss: 0.0846 - val_acc: 0.9630
Epoch 4/30

 100/1460 [=>............................] - ETA: 0s - loss: 0.0599 - acc: 0.9900
1460/1460 [==============================] - 0s 22us/step - loss: 0.0391 - acc: 0.9932 - val_loss: 0.0779 - val_acc: 0.9630
Epoch 5/30

 100/1460 [=>............................] - ETA: 0s - loss: 0.0419 - acc: 0.9900
1460/1460 [==============================] - 0s 21us/step - loss: 0.0268 - acc: 0.9952 - val_loss: 0.0717 - val_acc: 0.9630
Epoch 6/30

 100/1460 [=>............................] - ETA: 0s - loss: 0.0155 - acc: 1.0000
1460/1460 [==============================] - 0s 23us/step - loss: 0.0185 - acc: 0.9973 - val_loss: 0.0677 - val_acc: 0.9630
Epoch 7/30

 100/1460 [=>............................] - ETA: 0s - loss: 0.0234 - acc: 0.9900
1460/1460 [==============================] - 0s 21us/step - loss: 0.0141 - acc: 0.9979 - val_loss: 0.0633 - val_acc: 0.9630
Epoch 8/30

 100/1460 [=>............................] - ETA: 0s - loss: 0.0125 - acc: 1.0000
1460/1460 [==============================] - 0s 23us/step - loss: 0.0108 - acc: 0.9986 - val_loss: 0.0646 - val_acc: 0.9630
Epoch 9/30

 100/1460 [=>............................] - ETA: 0s - loss: 0.0070 - acc: 1.0000
1460/1460 [==============================] - 0s 21us/step - loss: 0.0087 - acc: 1.0000 - val_loss: 0.0614 - val_acc: 0.9630
acc: 96.91%
Train on 1460 samples, validate on 162 samples
Epoch 1/30

 100/1460 [=>............................] - ETA: 10s - loss: 0.7030 - acc: 0.5200
1460/1460 [==============================] - 1s 621us/step - loss: 0.4205 - acc: 0.8774 - val_loss: 0.1691 - val_acc: 0.9815
Epoch 2/30

 100/1460 [=>............................] - ETA: 0s - loss: 0.1472 - acc: 0.9700
1460/1460 [==============================] - 0s 23us/step - loss: 0.1131 - acc: 0.9712 - val_loss: 0.0824 - val_acc: 0.9877
Epoch 3/30

 100/1460 [=>............................] - ETA: 0s - loss: 0.0731 - acc: 0.9900
1460/1460 [==============================] - 0s 25us/step - loss: 0.0582 - acc: 0.9870 - val_loss: 0.0654 - val_acc: 0.9877
Epoch 4/30

 100/1460 [=>............................] - ETA: 0s - loss: 0.0540 - acc: 0.9900
1460/1460 [==============================] - 0s 27us/step - loss: 0.0374 - acc: 0.9925 - val_loss: 0.0625 - val_acc: 0.9877
Epoch 5/30

 100/1460 [=>............................] - ETA: 0s - loss: 0.0207 - acc: 1.0000
1460/1460 [==============================] - 0s 25us/step - loss: 0.0249 - acc: 0.9959 - val_loss: 0.0630 - val_acc: 0.9877
Epoch 6/30

 100/1460 [=>............................] - ETA: 0s - loss: 0.0263 - acc: 0.9900
1460/1460 [==============================] - 0s 23us/step - loss: 0.0178 - acc: 0.9973 - val_loss: 0.0562 - val_acc: 0.9877
Epoch 7/30

 100/1460 [=>............................] - ETA: 0s - loss: 0.0066 - acc: 1.0000
1460/1460 [==============================] - 0s 22us/step - loss: 0.0130 - acc: 0.9986 - val_loss: 0.0585 - val_acc: 0.9815
Epoch 8/30

 100/1460 [=>............................] - ETA: 0s - loss: 0.0115 - acc: 1.0000
1460/1460 [==============================] - 0s 23us/step - loss: 0.0102 - acc: 0.9993 - val_loss: 0.0556 - val_acc: 0.9877
Epoch 9/30

 100/1460 [=>............................] - ETA: 0s - loss: 0.0051 - acc: 1.0000
1460/1460 [==============================] - 0s 23us/step - loss: 0.0082 - acc: 0.9993 - val_loss: 0.0583 - val_acc: 0.9815
Epoch 10/30

 100/1460 [=>............................] - ETA: 0s - loss: 0.0066 - acc: 1.0000
1460/1460 [==============================] - 0s 23us/step - loss: 0.0066 - acc: 1.0000 - val_loss: 0.0556 - val_acc: 0.9815
acc: 98.77%
Train on 1460 samples, validate on 162 samples
Epoch 1/30

 100/1460 [=>............................] - ETA: 12s - loss: 0.7027 - acc: 0.4400
1460/1460 [==============================] - 1s 711us/step - loss: 0.4454 - acc: 0.8349 - val_loss: 0.1793 - val_acc: 0.9753
Epoch 2/30

 100/1460 [=>............................] - ETA: 0s - loss: 0.1617 - acc: 0.9800
1460/1460 [==============================] - 0s 23us/step - loss: 0.1185 - acc: 0.9719 - val_loss: 0.0679 - val_acc: 0.9815
Epoch 3/30

 100/1460 [=>............................] - ETA: 0s - loss: 0.0619 - acc: 0.9900
1460/1460 [==============================] - 0s 22us/step - loss: 0.0591 - acc: 0.9849 - val_loss: 0.0592 - val_acc: 0.9815
Epoch 4/30

 100/1460 [=>............................] - ETA: 0s - loss: 0.0352 - acc: 0.9900
1460/1460 [==============================] - 0s 23us/step - loss: 0.0355 - acc: 0.9938 - val_loss: 0.0520 - val_acc: 0.9815
Epoch 5/30

 100/1460 [=>............................] - ETA: 0s - loss: 0.0170 - acc: 1.0000
1460/1460 [==============================] - 0s 22us/step - loss: 0.0243 - acc: 0.9959 - val_loss: 0.0589 - val_acc: 0.9815
Epoch 6/30

 100/1460 [=>............................] - ETA: 0s - loss: 0.0183 - acc: 1.0000
1460/1460 [==============================] - 0s 22us/step - loss: 0.0172 - acc: 0.9986 - val_loss: 0.0547 - val_acc: 0.9815
Epoch 7/30

 100/1460 [=>............................] - ETA: 0s - loss: 0.0099 - acc: 1.0000
1460/1460 [==============================] - 0s 22us/step - loss: 0.0132 - acc: 0.9993 - val_loss: 0.0606 - val_acc: 0.9815
Epoch 8/30

 100/1460 [=>............................] - ETA: 0s - loss: 0.0170 - acc: 1.0000
1460/1460 [==============================] - 0s 22us/step - loss: 0.0105 - acc: 0.9993 - val_loss: 0.0540 - val_acc: 0.9815
Epoch 9/30

 100/1460 [=>............................] - ETA: 0s - loss: 0.0091 - acc: 1.0000
1460/1460 [==============================] - 0s 23us/step - loss: 0.0084 - acc: 0.9986 - val_loss: 0.0548 - val_acc: 0.9815
Epoch 10/30

 100/1460 [=>............................] - ETA: 0s - loss: 0.0081 - acc: 1.0000
1460/1460 [==============================] - 0s 23us/step - loss: 0.0066 - acc: 1.0000 - val_loss: 0.0600 - val_acc: 0.9815
acc: 98.15%
Train on 1460 samples, validate on 162 samples
Epoch 1/30

 100/1460 [=>............................] - ETA: 13s - loss: 0.7085 - acc: 0.4600
1460/1460 [==============================] - 1s 780us/step - loss: 0.4479 - acc: 0.8404 - val_loss: 0.1939 - val_acc: 0.9753
Epoch 2/30

 100/1460 [=>............................] - ETA: 0s - loss: 0.1725 - acc: 0.9800
1460/1460 [==============================] - 0s 24us/step - loss: 0.1174 - acc: 0.9740 - val_loss: 0.0879 - val_acc: 0.9815
Epoch 3/30

 100/1460 [=>............................] - ETA: 0s - loss: 0.0681 - acc: 0.9900
1460/1460 [==============================] - 0s 23us/step - loss: 0.0571 - acc: 0.9842 - val_loss: 0.0757 - val_acc: 0.9815
Epoch 4/30

 100/1460 [=>............................] - ETA: 0s - loss: 0.0277 - acc: 0.9900
1460/1460 [==============================] - 0s 22us/step - loss: 0.0341 - acc: 0.9938 - val_loss: 0.0738 - val_acc: 0.9815
Epoch 5/30

 100/1460 [=>............................] - ETA: 0s - loss: 0.0286 - acc: 1.0000
1460/1460 [==============================] - 0s 22us/step - loss: 0.0223 - acc: 0.9979 - val_loss: 0.0705 - val_acc: 0.9877
Epoch 6/30

 100/1460 [=>............................] - ETA: 0s - loss: 0.0150 - acc: 1.0000
1460/1460 [==============================] - 0s 22us/step - loss: 0.0156 - acc: 0.9979 - val_loss: 0.0746 - val_acc: 0.9815
Epoch 7/30

 100/1460 [=>............................] - ETA: 0s - loss: 0.0167 - acc: 0.9900
1460/1460 [==============================] - 0s 21us/step - loss: 0.0114 - acc: 0.9986 - val_loss: 0.0753 - val_acc: 0.9815
Epoch 8/30

 100/1460 [=>............................] - ETA: 0s - loss: 0.0087 - acc: 1.0000
1460/1460 [==============================] - 0s 21us/step - loss: 0.0088 - acc: 1.0000 - val_loss: 0.0786 - val_acc: 0.9753
Epoch 9/30

 100/1460 [=>............................] - ETA: 0s - loss: 0.0064 - acc: 1.0000
1460/1460 [==============================] - 0s 21us/step - loss: 0.0069 - acc: 1.0000 - val_loss: 0.0823 - val_acc: 0.9753
Epoch 10/30

 100/1460 [=>............................] - ETA: 0s - loss: 0.0037 - acc: 1.0000
1460/1460 [==============================] - 0s 21us/step - loss: 0.0056 - acc: 1.0000 - val_loss: 0.0793 - val_acc: 0.9815
Epoch 11/30

 100/1460 [=>............................] - ETA: 0s - loss: 0.0047 - acc: 1.0000
1460/1460 [==============================] - 0s 21us/step - loss: 0.0046 - acc: 1.0000 - val_loss: 0.0819 - val_acc: 0.9815
Epoch 12/30

 100/1460 [=>............................] - ETA: 0s - loss: 0.0032 - acc: 1.0000
1460/1460 [==============================] - 0s 23us/step - loss: 0.0039 - acc: 1.0000 - val_loss: 0.0825 - val_acc: 0.9753
Epoch 13/30

 100/1460 [=>............................] - ETA: 0s - loss: 0.0035 - acc: 1.0000
1460/1460 [==============================] - 0s 22us/step - loss: 0.0034 - acc: 1.0000 - val_loss: 0.0833 - val_acc: 0.9753
acc: 98.77%
Train on 1460 samples, validate on 162 samples
Epoch 1/30

 100/1460 [=>............................] - ETA: 15s - loss: 0.6919 - acc: 0.4900
1460/1460 [==============================] - 1s 901us/step - loss: 0.4442 - acc: 0.8479 - val_loss: 0.1877 - val_acc: 0.9691
Epoch 2/30

 100/1460 [=>............................] - ETA: 0s - loss: 0.1635 - acc: 1.0000
1460/1460 [==============================] - 0s 23us/step - loss: 0.1215 - acc: 0.9753 - val_loss: 0.0922 - val_acc: 0.9630
Epoch 3/30

 100/1460 [=>............................] - ETA: 0s - loss: 0.0732 - acc: 0.9900
1460/1460 [==============================] - 0s 22us/step - loss: 0.0572 - acc: 0.9842 - val_loss: 0.0939 - val_acc: 0.9691
Epoch 4/30

 100/1460 [=>............................] - ETA: 0s - loss: 0.0310 - acc: 1.0000
1460/1460 [==============================] - 0s 22us/step - loss: 0.0364 - acc: 0.9890 - val_loss: 0.0877 - val_acc: 0.9691
Epoch 5/30

 100/1460 [=>............................] - ETA: 0s - loss: 0.0181 - acc: 1.0000
1460/1460 [==============================] - 0s 23us/step - loss: 0.0237 - acc: 0.9973 - val_loss: 0.0732 - val_acc: 0.9753
Epoch 6/30

 100/1460 [=>............................] - ETA: 0s - loss: 0.0144 - acc: 1.0000
1460/1460 [==============================] - 0s 23us/step - loss: 0.0171 - acc: 0.9986 - val_loss: 0.0752 - val_acc: 0.9753
Epoch 7/30

 100/1460 [=>............................] - ETA: 0s - loss: 0.0368 - acc: 0.9900
1460/1460 [==============================] - 0s 22us/step - loss: 0.0135 - acc: 0.9986 - val_loss: 0.0749 - val_acc: 0.9753
Epoch 8/30

 100/1460 [=>............................] - ETA: 0s - loss: 0.0060 - acc: 1.0000
1460/1460 [==============================] - 0s 23us/step - loss: 0.0102 - acc: 0.9986 - val_loss: 0.0765 - val_acc: 0.9753
Epoch 9/30

 100/1460 [=>............................] - ETA: 0s - loss: 0.0135 - acc: 1.0000
1460/1460 [==============================] - 0s 24us/step - loss: 0.0084 - acc: 0.9993 - val_loss: 0.0774 - val_acc: 0.9753
Epoch 10/30

 100/1460 [=>............................] - ETA: 0s - loss: 0.0050 - acc: 1.0000
1460/1460 [==============================] - 0s 22us/step - loss: 0.0067 - acc: 0.9993 - val_loss: 0.0767 - val_acc: 0.9753
Epoch 11/30

 100/1460 [=>............................] - ETA: 0s - loss: 0.0056 - acc: 1.0000
1460/1460 [==============================] - 0s 22us/step - loss: 0.0057 - acc: 0.9993 - val_loss: 0.0784 - val_acc: 0.9753
Epoch 12/30

 100/1460 [=>............................] - ETA: 0s - loss: 0.0058 - acc: 1.0000
1460/1460 [==============================] - 0s 24us/step - loss: 0.0047 - acc: 0.9993 - val_loss: 0.0798 - val_acc: 0.9753
Epoch 13/30

 100/1460 [=>............................] - ETA: 0s - loss: 0.0042 - acc: 1.0000
1460/1460 [==============================] - 0s 23us/step - loss: 0.0040 - acc: 1.0000 - val_loss: 0.0811 - val_acc: 0.9753
acc: 97.53%
Train on 1460 samples, validate on 162 samples
Epoch 1/30

 100/1460 [=>............................] - ETA: 16s - loss: 0.6662 - acc: 0.6100
1460/1460 [==============================] - 1s 968us/step - loss: 0.4227 - acc: 0.8589 - val_loss: 0.1704 - val_acc: 0.9815
Epoch 2/30

 100/1460 [=>............................] - ETA: 0s - loss: 0.1758 - acc: 0.9700
1460/1460 [==============================] - 0s 25us/step - loss: 0.1093 - acc: 0.9747 - val_loss: 0.0900 - val_acc: 0.9691
Epoch 3/30

 100/1460 [=>............................] - ETA: 0s - loss: 0.0500 - acc: 0.9900
1460/1460 [==============================] - 0s 24us/step - loss: 0.0549 - acc: 0.9849 - val_loss: 0.0805 - val_acc: 0.9691
Epoch 4/30

 100/1460 [=>............................] - ETA: 0s - loss: 0.0324 - acc: 0.9900
1460/1460 [==============================] - 0s 25us/step - loss: 0.0341 - acc: 0.9918 - val_loss: 0.0687 - val_acc: 0.9630
Epoch 5/30

 100/1460 [=>............................] - ETA: 0s - loss: 0.0200 - acc: 1.0000
1460/1460 [==============================] - 0s 27us/step - loss: 0.0234 - acc: 0.9979 - val_loss: 0.0681 - val_acc: 0.9691
Epoch 6/30

 100/1460 [=>............................] - ETA: 0s - loss: 0.0129 - acc: 1.0000
1460/1460 [==============================] - 0s 25us/step - loss: 0.0171 - acc: 0.9973 - val_loss: 0.0640 - val_acc: 0.9691
Epoch 7/30

 100/1460 [=>............................] - ETA: 0s - loss: 0.0090 - acc: 1.0000
1460/1460 [==============================] - 0s 24us/step - loss: 0.0124 - acc: 0.9979 - val_loss: 0.0670 - val_acc: 0.9691
Epoch 8/30

 100/1460 [=>............................] - ETA: 0s - loss: 0.0070 - acc: 1.0000
1460/1460 [==============================] - 0s 26us/step - loss: 0.0094 - acc: 0.9993 - val_loss: 0.0671 - val_acc: 0.9691
Epoch 9/30

 100/1460 [=>............................] - ETA: 0s - loss: 0.0165 - acc: 1.0000
1460/1460 [==============================] - 0s 25us/step - loss: 0.0074 - acc: 1.0000 - val_loss: 0.0618 - val_acc: 0.9691
acc: 98.15%
Train on 1461 samples, validate on 161 samples
Epoch 1/30

 100/1461 [=>............................] - ETA: 18s - loss: 0.6874 - acc: 0.5100
1461/1461 [==============================] - 2s 1ms/step - loss: 0.4355 - acc: 0.8528 - val_loss: 0.1641 - val_acc: 0.9876
Epoch 2/30

 100/1461 [=>............................] - ETA: 0s - loss: 0.1613 - acc: 0.9900
1461/1461 [==============================] - 0s 24us/step - loss: 0.1215 - acc: 0.9719 - val_loss: 0.0619 - val_acc: 0.9876
Epoch 3/30

 100/1461 [=>............................] - ETA: 0s - loss: 0.0634 - acc: 0.9800
1461/1461 [==============================] - 0s 23us/step - loss: 0.0588 - acc: 0.9843 - val_loss: 0.0448 - val_acc: 0.9876
Epoch 4/30

 100/1461 [=>............................] - ETA: 0s - loss: 0.0408 - acc: 1.0000
1461/1461 [==============================] - 0s 22us/step - loss: 0.0369 - acc: 0.9938 - val_loss: 0.0429 - val_acc: 0.9938
Epoch 5/30

 100/1461 [=>............................] - ETA: 0s - loss: 0.0387 - acc: 0.9900
1461/1461 [==============================] - 0s 25us/step - loss: 0.0250 - acc: 0.9959 - val_loss: 0.0361 - val_acc: 0.9938
Epoch 6/30

 100/1461 [=>............................] - ETA: 0s - loss: 0.0113 - acc: 1.0000
1461/1461 [==============================] - 0s 22us/step - loss: 0.0180 - acc: 0.9973 - val_loss: 0.0353 - val_acc: 0.9938
Epoch 7/30

 100/1461 [=>............................] - ETA: 0s - loss: 0.0160 - acc: 1.0000
1461/1461 [==============================] - 0s 22us/step - loss: 0.0137 - acc: 0.9986 - val_loss: 0.0352 - val_acc: 0.9938
Epoch 8/30

 100/1461 [=>............................] - ETA: 0s - loss: 0.0074 - acc: 1.0000
1461/1461 [==============================] - 0s 24us/step - loss: 0.0099 - acc: 0.9986 - val_loss: 0.0320 - val_acc: 0.9938
Epoch 9/30

 100/1461 [=>............................] - ETA: 0s - loss: 0.0063 - acc: 1.0000
1461/1461 [==============================] - 0s 22us/step - loss: 0.0081 - acc: 0.9986 - val_loss: 0.0320 - val_acc: 0.9938
Epoch 10/30

 100/1461 [=>............................] - ETA: 0s - loss: 0.0064 - acc: 1.0000
1461/1461 [==============================] - 0s 26us/step - loss: 0.0062 - acc: 1.0000 - val_loss: 0.0306 - val_acc: 0.9938
Epoch 11/30

 100/1461 [=>............................] - ETA: 0s - loss: 0.0114 - acc: 1.0000
1461/1461 [==============================] - 0s 23us/step - loss: 0.0053 - acc: 1.0000 - val_loss: 0.0304 - val_acc: 0.9938
Epoch 12/30

 100/1461 [=>............................] - ETA: 0s - loss: 0.0040 - acc: 1.0000
1461/1461 [==============================] - 0s 24us/step - loss: 0.0044 - acc: 1.0000 - val_loss: 0.0295 - val_acc: 0.9938
acc: 99.38%
Accuracy: 98.03% (+/- 0.86%)
