Train on 810 samples, validate on 812 samples
Epoch 1/30

 10/810 [..............................] - ETA: 34s - loss: 0.7279 - acc: 0.4000
310/810 [==========>...................] - ETA: 0s - loss: 0.6457 - acc: 0.6419 
620/810 [=====================>........] - ETA: 0s - loss: 0.5680 - acc: 0.7839
810/810 [==============================] - 1s 801us/step - loss: 0.5279 - acc: 0.8272 - val_loss: 0.3534 - val_acc: 0.9470
Epoch 2/30

 10/810 [..............................] - ETA: 0s - loss: 0.2767 - acc: 1.0000
310/810 [==========>...................] - ETA: 0s - loss: 0.2470 - acc: 0.9871
610/810 [=====================>........] - ETA: 0s - loss: 0.2205 - acc: 0.9803
810/810 [==============================] - 0s 208us/step - loss: 0.2009 - acc: 0.9790 - val_loss: 0.1660 - val_acc: 0.9581
Epoch 3/30

 10/810 [..............................] - ETA: 0s - loss: 0.2508 - acc: 0.9000
330/810 [===========>..................] - ETA: 0s - loss: 0.1047 - acc: 0.9879
650/810 [=======================>......] - ETA: 0s - loss: 0.0963 - acc: 0.9892
810/810 [==============================] - 0s 199us/step - loss: 0.0944 - acc: 0.9864 - val_loss: 0.1240 - val_acc: 0.9594
Epoch 4/30

 10/810 [..............................] - ETA: 0s - loss: 0.0460 - acc: 1.0000
330/810 [===========>..................] - ETA: 0s - loss: 0.0669 - acc: 0.9939
640/810 [======================>.......] - ETA: 0s - loss: 0.0595 - acc: 0.9969
810/810 [==============================] - 0s 207us/step - loss: 0.0610 - acc: 0.9951 - val_loss: 0.1088 - val_acc: 0.9631
Epoch 5/30

 10/810 [..............................] - ETA: 0s - loss: 0.0409 - acc: 1.0000
310/810 [==========>...................] - ETA: 0s - loss: 0.0326 - acc: 1.0000
610/810 [=====================>........] - ETA: 0s - loss: 0.0402 - acc: 0.9967
810/810 [==============================] - 0s 209us/step - loss: 0.0429 - acc: 0.9938 - val_loss: 0.1014 - val_acc: 0.9631
Epoch 6/30

 10/810 [..............................] - ETA: 0s - loss: 0.0350 - acc: 1.0000
320/810 [==========>...................] - ETA: 0s - loss: 0.0236 - acc: 1.0000
620/810 [=====================>........] - ETA: 0s - loss: 0.0245 - acc: 1.0000
810/810 [==============================] - 0s 206us/step - loss: 0.0315 - acc: 0.9963 - val_loss: 0.0985 - val_acc: 0.9643
Epoch 7/30

 10/810 [..............................] - ETA: 0s - loss: 0.0143 - acc: 1.0000
320/810 [==========>...................] - ETA: 0s - loss: 0.0252 - acc: 1.0000
640/810 [======================>.......] - ETA: 0s - loss: 0.0232 - acc: 1.0000
810/810 [==============================] - 0s 201us/step - loss: 0.0239 - acc: 0.9988 - val_loss: 0.0944 - val_acc: 0.9643
Epoch 8/30

 10/810 [..............................] - ETA: 0s - loss: 0.0138 - acc: 1.0000
320/810 [==========>...................] - ETA: 0s - loss: 0.0146 - acc: 1.0000
610/810 [=====================>........] - ETA: 0s - loss: 0.0191 - acc: 0.9967
810/810 [==============================] - 0s 216us/step - loss: 0.0187 - acc: 0.9975 - val_loss: 0.0937 - val_acc: 0.9643
Epoch 9/30

 10/810 [..............................] - ETA: 0s - loss: 0.0139 - acc: 1.0000
300/810 [==========>...................] - ETA: 0s - loss: 0.0117 - acc: 1.0000
600/810 [=====================>........] - ETA: 0s - loss: 0.0144 - acc: 0.9983
810/810 [==============================] - 0s 212us/step - loss: 0.0147 - acc: 0.9988 - val_loss: 0.0935 - val_acc: 0.9643
Epoch 10/30

 10/810 [..............................] - ETA: 0s - loss: 0.0034 - acc: 1.0000
310/810 [==========>...................] - ETA: 0s - loss: 0.0119 - acc: 1.0000
610/810 [=====================>........] - ETA: 0s - loss: 0.0118 - acc: 0.9984
810/810 [==============================] - 0s 209us/step - loss: 0.0119 - acc: 0.9988 - val_loss: 0.0940 - val_acc: 0.9643
Epoch 11/30

 10/810 [..............................] - ETA: 0s - loss: 0.0059 - acc: 1.0000
320/810 [==========>...................] - ETA: 0s - loss: 0.0097 - acc: 1.0000
630/810 [======================>.......] - ETA: 0s - loss: 0.0097 - acc: 0.9984
810/810 [==============================] - 0s 204us/step - loss: 0.0099 - acc: 0.9988 - val_loss: 0.0930 - val_acc: 0.9655
Epoch 12/30

 10/810 [..............................] - ETA: 0s - loss: 0.0059 - acc: 1.0000
320/810 [==========>...................] - ETA: 0s - loss: 0.0072 - acc: 1.0000
630/810 [======================>.......] - ETA: 0s - loss: 0.0084 - acc: 1.0000
810/810 [==============================] - 0s 208us/step - loss: 0.0083 - acc: 1.0000 - val_loss: 0.0933 - val_acc: 0.9655
Epoch 13/30

 10/810 [..............................] - ETA: 0s - loss: 0.0038 - acc: 1.0000
300/810 [==========>...................] - ETA: 0s - loss: 0.0056 - acc: 1.0000
590/810 [====================>.........] - ETA: 0s - loss: 0.0069 - acc: 1.0000
810/810 [==============================] - 0s 215us/step - loss: 0.0069 - acc: 1.0000 - val_loss: 0.0933 - val_acc: 0.9643
Epoch 14/30

 10/810 [..............................] - ETA: 0s - loss: 0.0037 - acc: 1.0000
310/810 [==========>...................] - ETA: 0s - loss: 0.0050 - acc: 1.0000
600/810 [=====================>........] - ETA: 0s - loss: 0.0064 - acc: 1.0000
810/810 [==============================] - 0s 212us/step - loss: 0.0060 - acc: 1.0000 - val_loss: 0.0936 - val_acc: 0.9655
Epoch 15/30

 10/810 [..............................] - ETA: 0s - loss: 0.0116 - acc: 1.0000
320/810 [==========>...................] - ETA: 0s - loss: 0.0059 - acc: 1.0000
630/810 [======================>.......] - ETA: 0s - loss: 0.0050 - acc: 1.0000
810/810 [==============================] - 0s 204us/step - loss: 0.0050 - acc: 1.0000 - val_loss: 0.0937 - val_acc: 0.9643
Epoch 16/30

 10/810 [..............................] - ETA: 0s - loss: 0.0015 - acc: 1.0000
320/810 [==========>...................] - ETA: 0s - loss: 0.0053 - acc: 1.0000
630/810 [======================>.......] - ETA: 0s - loss: 0.0047 - acc: 1.0000
810/810 [==============================] - 0s 206us/step - loss: 0.0045 - acc: 1.0000 - val_loss: 0.0933 - val_acc: 0.9655
Epoch 17/30

 10/810 [..............................] - ETA: 0s - loss: 0.0052 - acc: 1.0000
300/810 [==========>...................] - ETA: 0s - loss: 0.0046 - acc: 1.0000
600/810 [=====================>........] - ETA: 0s - loss: 0.0042 - acc: 1.0000
810/810 [==============================] - 0s 214us/step - loss: 0.0039 - acc: 1.0000 - val_loss: 0.0946 - val_acc: 0.9655
Epoch 18/30

 10/810 [..............................] - ETA: 0s - loss: 0.0065 - acc: 1.0000
310/810 [==========>...................] - ETA: 0s - loss: 0.0033 - acc: 1.0000
610/810 [=====================>........] - ETA: 0s - loss: 0.0034 - acc: 1.0000
810/810 [==============================] - 0s 210us/step - loss: 0.0035 - acc: 1.0000 - val_loss: 0.0943 - val_acc: 0.9655
Epoch 19/30

 10/810 [..............................] - ETA: 0s - loss: 0.0018 - acc: 1.0000
310/810 [==========>...................] - ETA: 0s - loss: 0.0030 - acc: 1.0000
620/810 [=====================>........] - ETA: 0s - loss: 0.0029 - acc: 1.0000
810/810 [==============================] - 0s 204us/step - loss: 0.0030 - acc: 1.0000 - val_loss: 0.0946 - val_acc: 0.9655
Epoch 20/30

 10/810 [..............................] - ETA: 0s - loss: 0.0014 - acc: 1.0000
320/810 [==========>...................] - ETA: 0s - loss: 0.0031 - acc: 1.0000
620/810 [=====================>........] - ETA: 0s - loss: 0.0027 - acc: 1.0000
810/810 [==============================] - 0s 208us/step - loss: 0.0027 - acc: 1.0000 - val_loss: 0.0950 - val_acc: 0.9643
Epoch 21/30

 10/810 [..............................] - ETA: 0s - loss: 9.3527e-04 - acc: 1.0000
320/810 [==========>...................] - ETA: 0s - loss: 0.0027 - acc: 1.0000    
610/810 [=====================>........] - ETA: 0s - loss: 0.0027 - acc: 1.0000
810/810 [==============================] - 0s 213us/step - loss: 0.0025 - acc: 1.0000 - val_loss: 0.0953 - val_acc: 0.9655
Epoch 22/30

 10/810 [..............................] - ETA: 0s - loss: 0.0012 - acc: 1.0000
270/810 [=========>....................] - ETA: 0s - loss: 0.0025 - acc: 1.0000
570/810 [====================>.........] - ETA: 0s - loss: 0.0021 - acc: 1.0000
810/810 [==============================] - 0s 221us/step - loss: 0.0022 - acc: 1.0000 - val_loss: 0.0957 - val_acc: 0.9655
Epoch 23/30

 10/810 [..............................] - ETA: 0s - loss: 0.0016 - acc: 1.0000
310/810 [==========>...................] - ETA: 0s - loss: 0.0019 - acc: 1.0000
620/810 [=====================>........] - ETA: 0s - loss: 0.0019 - acc: 1.0000
810/810 [==============================] - 0s 204us/step - loss: 0.0020 - acc: 1.0000 - val_loss: 0.0959 - val_acc: 0.9655
Epoch 24/30

 10/810 [..............................] - ETA: 0s - loss: 9.9556e-04 - acc: 1.0000
320/810 [==========>...................] - ETA: 0s - loss: 0.0020 - acc: 1.0000    
630/810 [======================>.......] - ETA: 0s - loss: 0.0019 - acc: 1.0000
810/810 [==============================] - 0s 204us/step - loss: 0.0018 - acc: 1.0000 - val_loss: 0.0964 - val_acc: 0.9655
Epoch 25/30

 10/810 [..............................] - ETA: 0s - loss: 0.0032 - acc: 1.0000
310/810 [==========>...................] - ETA: 0s - loss: 0.0018 - acc: 1.0000
600/810 [=====================>........] - ETA: 0s - loss: 0.0016 - acc: 1.0000
810/810 [==============================] - 0s 216us/step - loss: 0.0017 - acc: 1.0000 - val_loss: 0.0966 - val_acc: 0.9655
Epoch 26/30

 10/810 [..............................] - ETA: 0s - loss: 0.0032 - acc: 1.0000
310/810 [==========>...................] - ETA: 0s - loss: 0.0014 - acc: 1.0000
600/810 [=====================>........] - ETA: 0s - loss: 0.0016 - acc: 1.0000
810/810 [==============================] - 0s 213us/step - loss: 0.0016 - acc: 1.0000 - val_loss: 0.0974 - val_acc: 0.9655
Epoch 27/30

 10/810 [..............................] - ETA: 0s - loss: 0.0010 - acc: 1.0000
290/810 [=========>....................] - ETA: 0s - loss: 0.0012 - acc: 1.0000
600/810 [=====================>........] - ETA: 0s - loss: 0.0013 - acc: 1.0000
810/810 [==============================] - 0s 209us/step - loss: 0.0014 - acc: 1.0000 - val_loss: 0.0975 - val_acc: 0.9643
acc: 96.55%
Train on 812 samples, validate on 810 samples
Epoch 1/30

 10/812 [..............................] - ETA: 39s - loss: 0.6853 - acc: 0.7000
330/812 [===========>..................] - ETA: 0s - loss: 0.6448 - acc: 0.6879 
650/812 [=======================>......] - ETA: 0s - loss: 0.5737 - acc: 0.7985
812/812 [==============================] - 1s 887us/step - loss: 0.5390 - acc: 0.8313 - val_loss: 0.3420 - val_acc: 0.9679
Epoch 2/30

 10/812 [..............................] - ETA: 0s - loss: 0.2901 - acc: 1.0000
300/812 [==========>...................] - ETA: 0s - loss: 0.2774 - acc: 0.9800
590/812 [====================>.........] - ETA: 0s - loss: 0.2459 - acc: 0.9763
812/812 [==============================] - 0s 214us/step - loss: 0.2285 - acc: 0.9741 - val_loss: 0.1448 - val_acc: 0.9753
Epoch 3/30

 10/812 [..............................] - ETA: 0s - loss: 0.0914 - acc: 1.0000
320/812 [==========>...................] - ETA: 0s - loss: 0.1127 - acc: 0.9844
620/812 [=====================>........] - ETA: 0s - loss: 0.1127 - acc: 0.9806
812/812 [==============================] - 0s 213us/step - loss: 0.1123 - acc: 0.9766 - val_loss: 0.0989 - val_acc: 0.9765
Epoch 4/30

 10/812 [..............................] - ETA: 0s - loss: 0.0722 - acc: 1.0000
320/812 [==========>...................] - ETA: 0s - loss: 0.0630 - acc: 0.9937
640/812 [======================>.......] - ETA: 0s - loss: 0.0704 - acc: 0.9859
812/812 [==============================] - 0s 202us/step - loss: 0.0708 - acc: 0.9840 - val_loss: 0.0804 - val_acc: 0.9778
Epoch 5/30

 10/812 [..............................] - ETA: 0s - loss: 0.0284 - acc: 1.0000
330/812 [===========>..................] - ETA: 0s - loss: 0.0543 - acc: 0.9970
640/812 [======================>.......] - ETA: 0s - loss: 0.0517 - acc: 0.9937
812/812 [==============================] - 0s 206us/step - loss: 0.0505 - acc: 0.9926 - val_loss: 0.0729 - val_acc: 0.9790
Epoch 6/30

 10/812 [..............................] - ETA: 0s - loss: 0.0220 - acc: 1.0000
300/812 [==========>...................] - ETA: 0s - loss: 0.0332 - acc: 1.0000
600/812 [=====================>........] - ETA: 0s - loss: 0.0390 - acc: 0.9967
812/812 [==============================] - 0s 215us/step - loss: 0.0365 - acc: 0.9975 - val_loss: 0.0693 - val_acc: 0.9790
Epoch 7/30

 10/812 [..............................] - ETA: 0s - loss: 0.0743 - acc: 1.0000
300/812 [==========>...................] - ETA: 0s - loss: 0.0334 - acc: 0.9967
600/812 [=====================>........] - ETA: 0s - loss: 0.0281 - acc: 0.9983
812/812 [==============================] - 0s 218us/step - loss: 0.0269 - acc: 0.9988 - val_loss: 0.0651 - val_acc: 0.9790
Epoch 8/30

 10/812 [..............................] - ETA: 0s - loss: 0.0322 - acc: 1.0000
310/812 [==========>...................] - ETA: 0s - loss: 0.0210 - acc: 1.0000
610/812 [=====================>........] - ETA: 0s - loss: 0.0193 - acc: 1.0000
812/812 [==============================] - 0s 211us/step - loss: 0.0212 - acc: 0.9988 - val_loss: 0.0642 - val_acc: 0.9790
Epoch 9/30

 10/812 [..............................] - ETA: 0s - loss: 0.0089 - acc: 1.0000
320/812 [==========>...................] - ETA: 0s - loss: 0.0169 - acc: 0.9969
630/812 [======================>.......] - ETA: 0s - loss: 0.0159 - acc: 0.9984
812/812 [==============================] - 0s 208us/step - loss: 0.0168 - acc: 0.9988 - val_loss: 0.0634 - val_acc: 0.9790
Epoch 10/30

 10/812 [..............................] - ETA: 0s - loss: 0.0229 - acc: 1.0000
310/812 [==========>...................] - ETA: 0s - loss: 0.0114 - acc: 1.0000
610/812 [=====================>........] - ETA: 0s - loss: 0.0142 - acc: 0.9984
812/812 [==============================] - 0s 212us/step - loss: 0.0139 - acc: 0.9988 - val_loss: 0.0629 - val_acc: 0.9790
Epoch 11/30

 10/812 [..............................] - ETA: 0s - loss: 0.0084 - acc: 1.0000
290/812 [=========>....................] - ETA: 0s - loss: 0.0105 - acc: 1.0000
590/812 [====================>.........] - ETA: 0s - loss: 0.0121 - acc: 0.9983
812/812 [==============================] - 0s 219us/step - loss: 0.0113 - acc: 0.9988 - val_loss: 0.0621 - val_acc: 0.9790
Epoch 12/30

 10/812 [..............................] - ETA: 0s - loss: 0.0113 - acc: 1.0000
310/812 [==========>...................] - ETA: 0s - loss: 0.0086 - acc: 1.0000
620/812 [=====================>........] - ETA: 0s - loss: 0.0095 - acc: 1.0000
812/812 [==============================] - 0s 208us/step - loss: 0.0094 - acc: 1.0000 - val_loss: 0.0618 - val_acc: 0.9790
Epoch 13/30

 10/812 [..............................] - ETA: 0s - loss: 0.0023 - acc: 1.0000
320/812 [==========>...................] - ETA: 0s - loss: 0.0079 - acc: 1.0000
630/812 [======================>.......] - ETA: 0s - loss: 0.0083 - acc: 1.0000
812/812 [==============================] - 0s 208us/step - loss: 0.0079 - acc: 1.0000 - val_loss: 0.0615 - val_acc: 0.9790
Epoch 14/30

 10/812 [..............................] - ETA: 0s - loss: 0.0062 - acc: 1.0000
310/812 [==========>...................] - ETA: 0s - loss: 0.0067 - acc: 1.0000
600/812 [=====================>........] - ETA: 0s - loss: 0.0070 - acc: 1.0000
812/812 [==============================] - 0s 218us/step - loss: 0.0069 - acc: 1.0000 - val_loss: 0.0615 - val_acc: 0.9790
Epoch 15/30

 10/812 [..............................] - ETA: 0s - loss: 0.0050 - acc: 1.0000
300/812 [==========>...................] - ETA: 0s - loss: 0.0050 - acc: 1.0000
590/812 [====================>.........] - ETA: 0s - loss: 0.0058 - acc: 1.0000
812/812 [==============================] - 0s 219us/step - loss: 0.0059 - acc: 1.0000 - val_loss: 0.0614 - val_acc: 0.9790
Epoch 16/30

 10/812 [..............................] - ETA: 0s - loss: 0.0085 - acc: 1.0000
310/812 [==========>...................] - ETA: 0s - loss: 0.0053 - acc: 1.0000
610/812 [=====================>........] - ETA: 0s - loss: 0.0054 - acc: 1.0000
812/812 [==============================] - 0s 211us/step - loss: 0.0052 - acc: 1.0000 - val_loss: 0.0615 - val_acc: 0.9790
Epoch 17/30

 10/812 [..............................] - ETA: 0s - loss: 0.0031 - acc: 1.0000
320/812 [==========>...................] - ETA: 0s - loss: 0.0041 - acc: 1.0000
630/812 [======================>.......] - ETA: 0s - loss: 0.0046 - acc: 1.0000
812/812 [==============================] - 0s 206us/step - loss: 0.0045 - acc: 1.0000 - val_loss: 0.0614 - val_acc: 0.9790
Epoch 18/30

 10/812 [..............................] - ETA: 0s - loss: 0.0033 - acc: 1.0000
300/812 [==========>...................] - ETA: 0s - loss: 0.0037 - acc: 1.0000
590/812 [====================>.........] - ETA: 0s - loss: 0.0041 - acc: 1.0000
812/812 [==============================] - 0s 219us/step - loss: 0.0040 - acc: 1.0000 - val_loss: 0.0619 - val_acc: 0.9790
Epoch 19/30

 10/812 [..............................] - ETA: 0s - loss: 0.0039 - acc: 1.0000
300/812 [==========>...................] - ETA: 0s - loss: 0.0039 - acc: 1.0000
600/812 [=====================>........] - ETA: 0s - loss: 0.0036 - acc: 1.0000
812/812 [==============================] - 0s 219us/step - loss: 0.0035 - acc: 1.0000 - val_loss: 0.0619 - val_acc: 0.9790
Epoch 20/30

 10/812 [..............................] - ETA: 0s - loss: 0.0019 - acc: 1.0000
300/812 [==========>...................] - ETA: 0s - loss: 0.0034 - acc: 1.0000
600/812 [=====================>........] - ETA: 0s - loss: 0.0033 - acc: 1.0000
812/812 [==============================] - 0s 213us/step - loss: 0.0032 - acc: 1.0000 - val_loss: 0.0622 - val_acc: 0.9790
Epoch 21/30

 10/812 [..............................] - ETA: 0s - loss: 0.0028 - acc: 1.0000
320/812 [==========>...................] - ETA: 0s - loss: 0.0030 - acc: 1.0000
630/812 [======================>.......] - ETA: 0s - loss: 0.0028 - acc: 1.0000
812/812 [==============================] - 0s 207us/step - loss: 0.0029 - acc: 1.0000 - val_loss: 0.0625 - val_acc: 0.9790
acc: 97.90%
Accuracy: 97.23% (+/- 0.67%)
