Train on 1459 samples, validate on 163 samples
Epoch 1/30

  50/1459 [>.............................] - ETA: 13s - loss: 0.7043 - acc: 0.5000
1450/1459 [============================>.] - ETA: 0s - loss: 0.2121 - acc: 0.9117 
1459/1459 [==============================] - 1s 396us/step - loss: 0.2108 - acc: 0.9123 - val_loss: 0.1630 - val_acc: 0.9448
Epoch 2/30

  50/1459 [>.............................] - ETA: 0s - loss: 0.0085 - acc: 1.0000
1400/1459 [===========================>..] - ETA: 0s - loss: 0.0606 - acc: 0.9829
1459/1459 [==============================] - 0s 40us/step - loss: 0.0595 - acc: 0.9836 - val_loss: 0.1104 - val_acc: 0.9509
Epoch 3/30

  50/1459 [>.............................] - ETA: 0s - loss: 0.0079 - acc: 1.0000
1250/1459 [========================>.....] - ETA: 0s - loss: 0.0300 - acc: 0.9936
1459/1459 [==============================] - 0s 44us/step - loss: 0.0338 - acc: 0.9918 - val_loss: 0.1218 - val_acc: 0.9509
Epoch 4/30

  50/1459 [>.............................] - ETA: 0s - loss: 0.0754 - acc: 0.9800
1400/1459 [===========================>..] - ETA: 0s - loss: 0.0304 - acc: 0.9886
1459/1459 [==============================] - 0s 40us/step - loss: 0.0316 - acc: 0.9877 - val_loss: 0.1229 - val_acc: 0.9571
Epoch 5/30

  50/1459 [>.............................] - ETA: 0s - loss: 0.0089 - acc: 1.0000
1459/1459 [==============================] - 0s 38us/step - loss: 0.0251 - acc: 0.9966 - val_loss: 0.0847 - val_acc: 0.9571
Epoch 6/30

  50/1459 [>.............................] - ETA: 0s - loss: 0.0119 - acc: 1.0000
1450/1459 [============================>.] - ETA: 0s - loss: 0.0211 - acc: 0.9966
1459/1459 [==============================] - 0s 39us/step - loss: 0.0211 - acc: 0.9966 - val_loss: 0.1274 - val_acc: 0.9571
Epoch 7/30

  50/1459 [>.............................] - ETA: 0s - loss: 0.0034 - acc: 1.0000
1459/1459 [==============================] - 0s 37us/step - loss: 0.0140 - acc: 0.9973 - val_loss: 0.1461 - val_acc: 0.9509
Epoch 8/30

  50/1459 [>.............................] - ETA: 0s - loss: 0.0021 - acc: 1.0000
1400/1459 [===========================>..] - ETA: 0s - loss: 0.0126 - acc: 0.9964
1459/1459 [==============================] - 0s 40us/step - loss: 0.0123 - acc: 0.9966 - val_loss: 0.1724 - val_acc: 0.9509
Epoch 9/30

  50/1459 [>.............................] - ETA: 0s - loss: 0.0041 - acc: 1.0000
1459/1459 [==============================] - 0s 37us/step - loss: 0.0109 - acc: 0.9966 - val_loss: 0.2157 - val_acc: 0.9448
Epoch 10/30

  50/1459 [>.............................] - ETA: 0s - loss: 0.0016 - acc: 1.0000
1400/1459 [===========================>..] - ETA: 0s - loss: 0.0131 - acc: 0.9979
1459/1459 [==============================] - 0s 40us/step - loss: 0.0128 - acc: 0.9979 - val_loss: 0.2382 - val_acc: 0.9387
Epoch 11/30

  50/1459 [>.............................] - ETA: 0s - loss: 0.0014 - acc: 1.0000
1450/1459 [============================>.] - ETA: 0s - loss: 0.0128 - acc: 0.9979
1459/1459 [==============================] - 0s 39us/step - loss: 0.0127 - acc: 0.9979 - val_loss: 0.1851 - val_acc: 0.9571
Epoch 12/30

  50/1459 [>.............................] - ETA: 0s - loss: 0.0054 - acc: 1.0000
1400/1459 [===========================>..] - ETA: 0s - loss: 0.0130 - acc: 0.9979
1459/1459 [==============================] - 0s 40us/step - loss: 0.0154 - acc: 0.9973 - val_loss: 0.1421 - val_acc: 0.9571
Epoch 13/30

  50/1459 [>.............................] - ETA: 0s - loss: 0.0258 - acc: 0.9800
1400/1459 [===========================>..] - ETA: 0s - loss: 0.0162 - acc: 0.9957
1459/1459 [==============================] - 0s 41us/step - loss: 0.0167 - acc: 0.9952 - val_loss: 0.1602 - val_acc: 0.9448
Epoch 14/30

  50/1459 [>.............................] - ETA: 0s - loss: 8.7180e-04 - acc: 1.0000
1200/1459 [=======================>......] - ETA: 0s - loss: 0.0216 - acc: 0.9958    
1459/1459 [==============================] - 0s 47us/step - loss: 0.0186 - acc: 0.9966 - val_loss: 0.1332 - val_acc: 0.9571
Epoch 15/30

  50/1459 [>.............................] - ETA: 0s - loss: 0.0031 - acc: 1.0000
1300/1459 [=========================>....] - ETA: 0s - loss: 0.0090 - acc: 0.9969
1459/1459 [==============================] - 0s 45us/step - loss: 0.0116 - acc: 0.9959 - val_loss: 0.1160 - val_acc: 0.9632
Epoch 16/30

  50/1459 [>.............................] - ETA: 0s - loss: 0.0580 - acc: 0.9800
1300/1459 [=========================>....] - ETA: 0s - loss: 0.0160 - acc: 0.9969
1459/1459 [==============================] - 0s 44us/step - loss: 0.0145 - acc: 0.9973 - val_loss: 0.0937 - val_acc: 0.9693
Epoch 17/30

  50/1459 [>.............................] - ETA: 0s - loss: 7.9038e-04 - acc: 1.0000
1300/1459 [=========================>....] - ETA: 0s - loss: 0.0129 - acc: 0.9969    
1459/1459 [==============================] - 0s 42us/step - loss: 0.0120 - acc: 0.9973 - val_loss: 0.0924 - val_acc: 0.9693
Epoch 18/30

  50/1459 [>.............................] - ETA: 0s - loss: 0.0100 - acc: 1.0000
1459/1459 [==============================] - 0s 38us/step - loss: 0.0116 - acc: 0.9973 - val_loss: 0.1040 - val_acc: 0.9632
Epoch 19/30

  50/1459 [>.............................] - ETA: 0s - loss: 0.0016 - acc: 1.0000
1459/1459 [==============================] - 0s 38us/step - loss: 0.0105 - acc: 0.9979 - val_loss: 0.0967 - val_acc: 0.9632
Epoch 20/30

  50/1459 [>.............................] - ETA: 0s - loss: 0.0018 - acc: 1.0000
1400/1459 [===========================>..] - ETA: 0s - loss: 0.0118 - acc: 0.9979
1459/1459 [==============================] - 0s 40us/step - loss: 0.0118 - acc: 0.9979 - val_loss: 0.0874 - val_acc: 0.9693
Epoch 21/30

  50/1459 [>.............................] - ETA: 0s - loss: 0.0237 - acc: 0.9800
1400/1459 [===========================>..] - ETA: 0s - loss: 0.0114 - acc: 0.9971
1459/1459 [==============================] - 0s 40us/step - loss: 0.0110 - acc: 0.9973 - val_loss: 0.1049 - val_acc: 0.9755
Epoch 22/30

  50/1459 [>.............................] - ETA: 0s - loss: 0.0017 - acc: 1.0000
1400/1459 [===========================>..] - ETA: 0s - loss: 0.0095 - acc: 0.9979
1459/1459 [==============================] - 0s 41us/step - loss: 0.0095 - acc: 0.9979 - val_loss: 0.1207 - val_acc: 0.9755
Epoch 23/30

  50/1459 [>.............................] - ETA: 0s - loss: 7.2844e-04 - acc: 1.0000
1100/1459 [=====================>........] - ETA: 0s - loss: 0.0093 - acc: 0.9964    
1459/1459 [==============================] - 0s 52us/step - loss: 0.0098 - acc: 0.9966 - val_loss: 0.0913 - val_acc: 0.9816
Epoch 24/30

  50/1459 [>.............................] - ETA: 0s - loss: 0.0969 - acc: 0.9800
1250/1459 [========================>.....] - ETA: 0s - loss: 0.0132 - acc: 0.9968
1459/1459 [==============================] - 0s 47us/step - loss: 0.0117 - acc: 0.9973 - val_loss: 0.1027 - val_acc: 0.9693
Epoch 25/30

  50/1459 [>.............................] - ETA: 0s - loss: 0.0055 - acc: 1.0000
1400/1459 [===========================>..] - ETA: 0s - loss: 0.0103 - acc: 0.9971
1459/1459 [==============================] - 0s 41us/step - loss: 0.0102 - acc: 0.9973 - val_loss: 0.1226 - val_acc: 0.9632
Epoch 26/30

  50/1459 [>.............................] - ETA: 0s - loss: 0.0272 - acc: 0.9800
1400/1459 [===========================>..] - ETA: 0s - loss: 0.0100 - acc: 0.9971
1459/1459 [==============================] - 0s 40us/step - loss: 0.0097 - acc: 0.9973 - val_loss: 0.1106 - val_acc: 0.9693
Epoch 27/30

  50/1459 [>.............................] - ETA: 0s - loss: 0.0016 - acc: 1.0000
1400/1459 [===========================>..] - ETA: 0s - loss: 0.0119 - acc: 0.9957
1459/1459 [==============================] - 0s 40us/step - loss: 0.0116 - acc: 0.9959 - val_loss: 0.0920 - val_acc: 0.9693
Epoch 28/30

  50/1459 [>.............................] - ETA: 0s - loss: 0.0032 - acc: 1.0000
1400/1459 [===========================>..] - ETA: 0s - loss: 0.0152 - acc: 0.9957
1459/1459 [==============================] - 0s 40us/step - loss: 0.0151 - acc: 0.9959 - val_loss: 0.0655 - val_acc: 0.9877
Epoch 29/30

  50/1459 [>.............................] - ETA: 0s - loss: 0.0011 - acc: 1.0000
1450/1459 [============================>.] - ETA: 0s - loss: 0.0157 - acc: 0.9959
1459/1459 [==============================] - 0s 39us/step - loss: 0.0158 - acc: 0.9959 - val_loss: 0.0586 - val_acc: 0.9816
Epoch 30/30

  50/1459 [>.............................] - ETA: 0s - loss: 0.0492 - acc: 0.9800
1400/1459 [===========================>..] - ETA: 0s - loss: 0.0173 - acc: 0.9936
1459/1459 [==============================] - 0s 40us/step - loss: 0.0229 - acc: 0.9931 - val_loss: 0.0925 - val_acc: 0.9755
acc: 97.55%
Train on 1459 samples, validate on 163 samples
Epoch 1/30

  50/1459 [>.............................] - ETA: 15s - loss: 0.6883 - acc: 0.5800
1450/1459 [============================>.] - ETA: 0s - loss: 0.2376 - acc: 0.9041 
1459/1459 [==============================] - 1s 451us/step - loss: 0.2384 - acc: 0.9040 - val_loss: 0.1304 - val_acc: 0.9632
Epoch 2/30

  50/1459 [>.............................] - ETA: 0s - loss: 0.0499 - acc: 0.9600
1450/1459 [============================>.] - ETA: 0s - loss: 0.0511 - acc: 0.9848
1459/1459 [==============================] - 0s 39us/step - loss: 0.0523 - acc: 0.9842 - val_loss: 0.1095 - val_acc: 0.9632
Epoch 3/30

  50/1459 [>.............................] - ETA: 0s - loss: 0.0255 - acc: 0.9800
1459/1459 [==============================] - 0s 38us/step - loss: 0.0382 - acc: 0.9883 - val_loss: 0.0984 - val_acc: 0.9693
Epoch 4/30

  50/1459 [>.............................] - ETA: 0s - loss: 0.0266 - acc: 0.9800
1459/1459 [==============================] - 0s 38us/step - loss: 0.0223 - acc: 0.9931 - val_loss: 0.1101 - val_acc: 0.9632
Epoch 5/30

  50/1459 [>.............................] - ETA: 0s - loss: 0.0243 - acc: 0.9800
1459/1459 [==============================] - 0s 37us/step - loss: 0.0204 - acc: 0.9945 - val_loss: 0.1001 - val_acc: 0.9755
Epoch 6/30

  50/1459 [>.............................] - ETA: 0s - loss: 0.0065 - acc: 1.0000
1450/1459 [============================>.] - ETA: 0s - loss: 0.0177 - acc: 0.9945
1459/1459 [==============================] - 0s 39us/step - loss: 0.0176 - acc: 0.9945 - val_loss: 0.0787 - val_acc: 0.9632
Epoch 7/30

  50/1459 [>.............................] - ETA: 0s - loss: 0.0039 - acc: 1.0000
1459/1459 [==============================] - 0s 37us/step - loss: 0.0203 - acc: 0.9945 - val_loss: 0.1142 - val_acc: 0.9632
Epoch 8/30

  50/1459 [>.............................] - ETA: 0s - loss: 0.0026 - acc: 1.0000
1450/1459 [============================>.] - ETA: 0s - loss: 0.0165 - acc: 0.9938
1459/1459 [==============================] - 0s 39us/step - loss: 0.0164 - acc: 0.9938 - val_loss: 0.1091 - val_acc: 0.9632
Epoch 9/30

  50/1459 [>.............................] - ETA: 0s - loss: 0.0130 - acc: 1.0000
1459/1459 [==============================] - 0s 38us/step - loss: 0.0120 - acc: 0.9959 - val_loss: 0.0955 - val_acc: 0.9632
Epoch 10/30

  50/1459 [>.............................] - ETA: 0s - loss: 0.0016 - acc: 1.0000
1450/1459 [============================>.] - ETA: 0s - loss: 0.0133 - acc: 0.9979
1459/1459 [==============================] - 0s 39us/step - loss: 0.0132 - acc: 0.9979 - val_loss: 0.0929 - val_acc: 0.9693
Epoch 11/30

  50/1459 [>.............................] - ETA: 0s - loss: 0.0247 - acc: 0.9800
1450/1459 [============================>.] - ETA: 0s - loss: 0.0078 - acc: 0.9972
1459/1459 [==============================] - 0s 39us/step - loss: 0.0077 - acc: 0.9973 - val_loss: 0.1007 - val_acc: 0.9693
Epoch 12/30

  50/1459 [>.............................] - ETA: 0s - loss: 0.0128 - acc: 1.0000
1459/1459 [==============================] - 0s 38us/step - loss: 0.0070 - acc: 0.9979 - val_loss: 0.1036 - val_acc: 0.9693
Epoch 13/30

  50/1459 [>.............................] - ETA: 0s - loss: 0.0022 - acc: 1.0000
1450/1459 [============================>.] - ETA: 0s - loss: 0.0069 - acc: 0.9979
1459/1459 [==============================] - 0s 40us/step - loss: 0.0069 - acc: 0.9979 - val_loss: 0.1107 - val_acc: 0.9693
Epoch 14/30

  50/1459 [>.............................] - ETA: 0s - loss: 0.0025 - acc: 1.0000
1450/1459 [============================>.] - ETA: 0s - loss: 0.0077 - acc: 0.9979
1459/1459 [==============================] - 0s 41us/step - loss: 0.0077 - acc: 0.9979 - val_loss: 0.1194 - val_acc: 0.9693
Epoch 15/30

  50/1459 [>.............................] - ETA: 0s - loss: 0.0040 - acc: 1.0000
1400/1459 [===========================>..] - ETA: 0s - loss: 0.0071 - acc: 0.9979
1459/1459 [==============================] - 0s 40us/step - loss: 0.0070 - acc: 0.9979 - val_loss: 0.1212 - val_acc: 0.9632
Epoch 16/30

  50/1459 [>.............................] - ETA: 0s - loss: 7.4540e-04 - acc: 1.0000
1450/1459 [============================>.] - ETA: 0s - loss: 0.0071 - acc: 0.9972    
1459/1459 [==============================] - 0s 40us/step - loss: 0.0071 - acc: 0.9973 - val_loss: 0.1152 - val_acc: 0.9632
Epoch 17/30

  50/1459 [>.............................] - ETA: 0s - loss: 0.0725 - acc: 0.9800
1450/1459 [============================>.] - ETA: 0s - loss: 0.0079 - acc: 0.9979
1459/1459 [==============================] - 0s 39us/step - loss: 0.0079 - acc: 0.9979 - val_loss: 0.1118 - val_acc: 0.9632
Epoch 18/30

  50/1459 [>.............................] - ETA: 0s - loss: 3.8006e-04 - acc: 1.0000
1400/1459 [===========================>..] - ETA: 0s - loss: 0.0083 - acc: 0.9979    
1459/1459 [==============================] - 0s 41us/step - loss: 0.0080 - acc: 0.9979 - val_loss: 0.1068 - val_acc: 0.9632
Epoch 19/30

  50/1459 [>.............................] - ETA: 0s - loss: 0.0011 - acc: 1.0000
1400/1459 [===========================>..] - ETA: 0s - loss: 0.0080 - acc: 0.9979
1459/1459 [==============================] - 0s 40us/step - loss: 0.0077 - acc: 0.9979 - val_loss: 0.1110 - val_acc: 0.9693
Epoch 20/30

  50/1459 [>.............................] - ETA: 0s - loss: 0.0016 - acc: 1.0000
1450/1459 [============================>.] - ETA: 0s - loss: 0.0083 - acc: 0.9959
1459/1459 [==============================] - 0s 39us/step - loss: 0.0083 - acc: 0.9959 - val_loss: 0.1421 - val_acc: 0.9632
Epoch 21/30

  50/1459 [>.............................] - ETA: 0s - loss: 0.0044 - acc: 1.0000
1450/1459 [============================>.] - ETA: 0s - loss: 0.0069 - acc: 0.9979
1459/1459 [==============================] - 0s 38us/step - loss: 0.0069 - acc: 0.9979 - val_loss: 0.1557 - val_acc: 0.9571
acc: 97.55%
Train on 1459 samples, validate on 163 samples
Epoch 1/30

  50/1459 [>.............................] - ETA: 16s - loss: 0.6939 - acc: 0.4600
1450/1459 [============================>.] - ETA: 0s - loss: 0.2230 - acc: 0.9034 
1459/1459 [==============================] - 1s 497us/step - loss: 0.2222 - acc: 0.9040 - val_loss: 0.1292 - val_acc: 0.9509
Epoch 2/30

  50/1459 [>.............................] - ETA: 0s - loss: 0.0369 - acc: 1.0000
1100/1459 [=====================>........] - ETA: 0s - loss: 0.0421 - acc: 0.9864
1459/1459 [==============================] - 0s 49us/step - loss: 0.0520 - acc: 0.9822 - val_loss: 0.0887 - val_acc: 0.9755
Epoch 3/30

  50/1459 [>.............................] - ETA: 0s - loss: 0.0494 - acc: 0.9800
1300/1459 [=========================>....] - ETA: 0s - loss: 0.0366 - acc: 0.9877
1459/1459 [==============================] - 0s 42us/step - loss: 0.0384 - acc: 0.9870 - val_loss: 0.1174 - val_acc: 0.9693
Epoch 4/30

  50/1459 [>.............................] - ETA: 0s - loss: 0.0484 - acc: 0.9800
1450/1459 [============================>.] - ETA: 0s - loss: 0.0311 - acc: 0.9910
1459/1459 [==============================] - 0s 39us/step - loss: 0.0311 - acc: 0.9911 - val_loss: 0.1408 - val_acc: 0.9448
Epoch 5/30

  50/1459 [>.............................] - ETA: 0s - loss: 0.0120 - acc: 1.0000
1450/1459 [============================>.] - ETA: 0s - loss: 0.0185 - acc: 0.9959
1459/1459 [==============================] - 0s 39us/step - loss: 0.0186 - acc: 0.9959 - val_loss: 0.1311 - val_acc: 0.9571
Epoch 6/30

  50/1459 [>.............................] - ETA: 0s - loss: 0.0032 - acc: 1.0000
1450/1459 [============================>.] - ETA: 0s - loss: 0.0101 - acc: 0.9972
1459/1459 [==============================] - 0s 38us/step - loss: 0.0100 - acc: 0.9973 - val_loss: 0.1158 - val_acc: 0.9755
Epoch 7/30

  50/1459 [>.............................] - ETA: 0s - loss: 0.0052 - acc: 1.0000
1459/1459 [==============================] - 0s 38us/step - loss: 0.0096 - acc: 0.9979 - val_loss: 0.0923 - val_acc: 0.9755
Epoch 8/30

  50/1459 [>.............................] - ETA: 0s - loss: 7.7409e-04 - acc: 1.0000
1459/1459 [==============================] - 0s 38us/step - loss: 0.0069 - acc: 0.9986 - val_loss: 0.1041 - val_acc: 0.9755
Epoch 9/30

  50/1459 [>.............................] - ETA: 0s - loss: 0.0018 - acc: 1.0000
1450/1459 [============================>.] - ETA: 0s - loss: 0.0058 - acc: 0.9993
1459/1459 [==============================] - 0s 38us/step - loss: 0.0059 - acc: 0.9993 - val_loss: 0.0946 - val_acc: 0.9816
Epoch 10/30

  50/1459 [>.............................] - ETA: 0s - loss: 0.0021 - acc: 1.0000
1450/1459 [============================>.] - ETA: 0s - loss: 0.0048 - acc: 0.9993
1459/1459 [==============================] - 0s 40us/step - loss: 0.0048 - acc: 0.9993 - val_loss: 0.0916 - val_acc: 0.9816
Epoch 11/30

  50/1459 [>.............................] - ETA: 0s - loss: 8.9848e-04 - acc: 1.0000
1400/1459 [===========================>..] - ETA: 0s - loss: 0.0061 - acc: 0.9979    
1459/1459 [==============================] - 0s 40us/step - loss: 0.0059 - acc: 0.9979 - val_loss: 0.0993 - val_acc: 0.9755
Epoch 12/30

  50/1459 [>.............................] - ETA: 0s - loss: 0.0010 - acc: 1.0000
1400/1459 [===========================>..] - ETA: 0s - loss: 0.0060 - acc: 0.9993
1459/1459 [==============================] - 0s 41us/step - loss: 0.0058 - acc: 0.9993 - val_loss: 0.1091 - val_acc: 0.9693
Epoch 13/30

  50/1459 [>.............................] - ETA: 0s - loss: 8.2264e-04 - acc: 1.0000
1350/1459 [==========================>...] - ETA: 0s - loss: 0.0051 - acc: 0.9993    
1459/1459 [==============================] - 0s 43us/step - loss: 0.0049 - acc: 0.9993 - val_loss: 0.1041 - val_acc: 0.9693
Epoch 14/30

  50/1459 [>.............................] - ETA: 0s - loss: 8.7979e-04 - acc: 1.0000
1200/1459 [=======================>......] - ETA: 0s - loss: 0.0071 - acc: 0.9975    
1459/1459 [==============================] - 0s 48us/step - loss: 0.0063 - acc: 0.9979 - val_loss: 0.0881 - val_acc: 0.9755
Epoch 15/30

  50/1459 [>.............................] - ETA: 0s - loss: 0.0015 - acc: 1.0000
1300/1459 [=========================>....] - ETA: 0s - loss: 0.0060 - acc: 0.9992
1459/1459 [==============================] - 0s 45us/step - loss: 0.0060 - acc: 0.9993 - val_loss: 0.0908 - val_acc: 0.9755
Epoch 16/30

  50/1459 [>.............................] - ETA: 0s - loss: 0.0051 - acc: 1.0000
1250/1459 [========================>.....] - ETA: 0s - loss: 0.0052 - acc: 0.9992
1459/1459 [==============================] - 0s 45us/step - loss: 0.0049 - acc: 0.9993 - val_loss: 0.0941 - val_acc: 0.9632
Epoch 17/30

  50/1459 [>.............................] - ETA: 0s - loss: 0.0011 - acc: 1.0000
1400/1459 [===========================>..] - ETA: 0s - loss: 0.0062 - acc: 0.9993
1459/1459 [==============================] - 0s 41us/step - loss: 0.0060 - acc: 0.9993 - val_loss: 0.1165 - val_acc: 0.9632
Epoch 18/30

  50/1459 [>.............................] - ETA: 0s - loss: 8.0827e-04 - acc: 1.0000
1350/1459 [==========================>...] - ETA: 0s - loss: 0.0057 - acc: 0.9993    
1459/1459 [==============================] - 0s 42us/step - loss: 0.0054 - acc: 0.9993 - val_loss: 0.1102 - val_acc: 0.9693
Epoch 19/30

  50/1459 [>.............................] - ETA: 0s - loss: 0.0013 - acc: 1.0000
1350/1459 [==========================>...] - ETA: 0s - loss: 0.0053 - acc: 0.9993
1459/1459 [==============================] - 0s 42us/step - loss: 0.0051 - acc: 0.9993 - val_loss: 0.1045 - val_acc: 0.9632
Epoch 20/30

  50/1459 [>.............................] - ETA: 0s - loss: 9.3749e-04 - acc: 1.0000
1350/1459 [==========================>...] - ETA: 0s - loss: 0.0013 - acc: 1.0000    
1459/1459 [==============================] - 0s 41us/step - loss: 0.0047 - acc: 0.9993 - val_loss: 0.1099 - val_acc: 0.9632
Epoch 21/30

  50/1459 [>.............................] - ETA: 0s - loss: 8.4882e-04 - acc: 1.0000
1350/1459 [==========================>...] - ETA: 0s - loss: 0.0044 - acc: 0.9993    
1459/1459 [==============================] - 0s 42us/step - loss: 0.0045 - acc: 0.9993 - val_loss: 0.1042 - val_acc: 0.9632
Epoch 22/30

  50/1459 [>.............................] - ETA: 0s - loss: 0.0013 - acc: 1.0000
1350/1459 [==========================>...] - ETA: 0s - loss: 0.0044 - acc: 0.9993
1459/1459 [==============================] - 0s 42us/step - loss: 0.0042 - acc: 0.9993 - val_loss: 0.1066 - val_acc: 0.9632
Epoch 23/30

  50/1459 [>.............................] - ETA: 0s - loss: 0.0018 - acc: 1.0000
1350/1459 [==========================>...] - ETA: 0s - loss: 0.0041 - acc: 0.9993
1459/1459 [==============================] - 0s 41us/step - loss: 0.0039 - acc: 0.9993 - val_loss: 0.1032 - val_acc: 0.9632
Epoch 24/30

  50/1459 [>.............................] - ETA: 0s - loss: 7.6413e-04 - acc: 1.0000
1350/1459 [==========================>...] - ETA: 0s - loss: 0.0044 - acc: 0.9993    
1459/1459 [==============================] - 0s 42us/step - loss: 0.0042 - acc: 0.9993 - val_loss: 0.1086 - val_acc: 0.9693
Epoch 25/30

  50/1459 [>.............................] - ETA: 0s - loss: 3.8916e-04 - acc: 1.0000
1350/1459 [==========================>...] - ETA: 0s - loss: 0.0051 - acc: 0.9993    
1459/1459 [==============================] - 0s 43us/step - loss: 0.0047 - acc: 0.9993 - val_loss: 0.1108 - val_acc: 0.9693
acc: 98.16%
Train on 1460 samples, validate on 162 samples
Epoch 1/30

  50/1460 [>.............................] - ETA: 19s - loss: 0.7141 - acc: 0.4400
1100/1460 [=====================>........] - ETA: 0s - loss: 0.2737 - acc: 0.8764 
1460/1460 [==============================] - 1s 591us/step - loss: 0.2273 - acc: 0.8966 - val_loss: 0.0837 - val_acc: 0.9630
Epoch 2/30

  50/1460 [>.............................] - ETA: 0s - loss: 0.0360 - acc: 1.0000
1250/1460 [========================>.....] - ETA: 0s - loss: 0.0571 - acc: 0.9816
1460/1460 [==============================] - 0s 47us/step - loss: 0.0541 - acc: 0.9829 - val_loss: 0.0700 - val_acc: 0.9815
Epoch 3/30

  50/1460 [>.............................] - ETA: 0s - loss: 0.0168 - acc: 1.0000
1250/1460 [========================>.....] - ETA: 0s - loss: 0.0244 - acc: 0.9936
1460/1460 [==============================] - 0s 45us/step - loss: 0.0327 - acc: 0.9904 - val_loss: 0.0689 - val_acc: 0.9753
Epoch 4/30

  50/1460 [>.............................] - ETA: 0s - loss: 0.0484 - acc: 0.9800
1250/1460 [========================>.....] - ETA: 0s - loss: 0.0282 - acc: 0.9936
1460/1460 [==============================] - 0s 44us/step - loss: 0.0310 - acc: 0.9918 - val_loss: 0.0660 - val_acc: 0.9815
Epoch 5/30

  50/1460 [>.............................] - ETA: 0s - loss: 0.0403 - acc: 0.9800
1400/1460 [===========================>..] - ETA: 0s - loss: 0.0231 - acc: 0.9936
1460/1460 [==============================] - 0s 40us/step - loss: 0.0241 - acc: 0.9925 - val_loss: 0.0683 - val_acc: 0.9691
Epoch 6/30

  50/1460 [>.............................] - ETA: 0s - loss: 0.0160 - acc: 1.0000
1400/1460 [===========================>..] - ETA: 0s - loss: 0.0183 - acc: 0.9979
1460/1460 [==============================] - 0s 40us/step - loss: 0.0213 - acc: 0.9966 - val_loss: 0.0731 - val_acc: 0.9815
Epoch 7/30

  50/1460 [>.............................] - ETA: 0s - loss: 0.0065 - acc: 1.0000
1450/1460 [============================>.] - ETA: 0s - loss: 0.0172 - acc: 0.9959
1460/1460 [==============================] - 0s 40us/step - loss: 0.0175 - acc: 0.9959 - val_loss: 0.0542 - val_acc: 0.9753
Epoch 8/30

  50/1460 [>.............................] - ETA: 0s - loss: 0.0075 - acc: 1.0000
1450/1460 [============================>.] - ETA: 0s - loss: 0.0218 - acc: 0.9959
1460/1460 [==============================] - 0s 39us/step - loss: 0.0218 - acc: 0.9959 - val_loss: 0.0551 - val_acc: 0.9753
Epoch 9/30

  50/1460 [>.............................] - ETA: 0s - loss: 0.0023 - acc: 1.0000
1450/1460 [============================>.] - ETA: 0s - loss: 0.0165 - acc: 0.9959
1460/1460 [==============================] - 0s 39us/step - loss: 0.0164 - acc: 0.9959 - val_loss: 0.0754 - val_acc: 0.9753
Epoch 10/30

  50/1460 [>.............................] - ETA: 0s - loss: 0.0038 - acc: 1.0000
1450/1460 [============================>.] - ETA: 0s - loss: 0.0157 - acc: 0.9959
1460/1460 [==============================] - 0s 39us/step - loss: 0.0157 - acc: 0.9959 - val_loss: 0.0661 - val_acc: 0.9815
Epoch 11/30

  50/1460 [>.............................] - ETA: 0s - loss: 0.0063 - acc: 1.0000
1450/1460 [============================>.] - ETA: 0s - loss: 0.0167 - acc: 0.9959
1460/1460 [==============================] - 0s 39us/step - loss: 0.0167 - acc: 0.9959 - val_loss: 0.0465 - val_acc: 0.9815
Epoch 12/30

  50/1460 [>.............................] - ETA: 0s - loss: 0.0061 - acc: 1.0000
1400/1460 [===========================>..] - ETA: 0s - loss: 0.0221 - acc: 0.9936
1460/1460 [==============================] - 0s 40us/step - loss: 0.0213 - acc: 0.9938 - val_loss: 0.0554 - val_acc: 0.9753
Epoch 13/30

  50/1460 [>.............................] - ETA: 0s - loss: 0.0161 - acc: 1.0000
1400/1460 [===========================>..] - ETA: 0s - loss: 0.0180 - acc: 0.9943
1460/1460 [==============================] - 0s 40us/step - loss: 0.0174 - acc: 0.9945 - val_loss: 0.0732 - val_acc: 0.9691
Epoch 14/30

  50/1460 [>.............................] - ETA: 0s - loss: 0.0039 - acc: 1.0000
1350/1460 [==========================>...] - ETA: 0s - loss: 0.0125 - acc: 0.9978
1460/1460 [==============================] - 0s 41us/step - loss: 0.0130 - acc: 0.9973 - val_loss: 0.0775 - val_acc: 0.9753
Epoch 15/30

  50/1460 [>.............................] - ETA: 0s - loss: 0.0051 - acc: 1.0000
1400/1460 [===========================>..] - ETA: 0s - loss: 0.0122 - acc: 0.9964
1460/1460 [==============================] - 0s 40us/step - loss: 0.0118 - acc: 0.9966 - val_loss: 0.0508 - val_acc: 0.9815
Epoch 16/30

  50/1460 [>.............................] - ETA: 0s - loss: 0.0022 - acc: 1.0000
1400/1460 [===========================>..] - ETA: 0s - loss: 0.0090 - acc: 0.9979
1460/1460 [==============================] - 0s 40us/step - loss: 0.0092 - acc: 0.9979 - val_loss: 0.0649 - val_acc: 0.9815
Epoch 17/30

  50/1460 [>.............................] - ETA: 0s - loss: 0.0013 - acc: 1.0000
1450/1460 [============================>.] - ETA: 0s - loss: 0.0074 - acc: 0.9979
1460/1460 [==============================] - 0s 39us/step - loss: 0.0073 - acc: 0.9979 - val_loss: 0.0539 - val_acc: 0.9815
Epoch 18/30

  50/1460 [>.............................] - ETA: 0s - loss: 0.0018 - acc: 1.0000
1400/1460 [===========================>..] - ETA: 0s - loss: 0.0069 - acc: 0.9979
1460/1460 [==============================] - 0s 41us/step - loss: 0.0067 - acc: 0.9979 - val_loss: 0.0591 - val_acc: 0.9753
Epoch 19/30

  50/1460 [>.............................] - ETA: 0s - loss: 0.0013 - acc: 1.0000
1450/1460 [============================>.] - ETA: 0s - loss: 0.0090 - acc: 0.9979
1460/1460 [==============================] - 0s 39us/step - loss: 0.0089 - acc: 0.9979 - val_loss: 0.0823 - val_acc: 0.9815
Epoch 20/30

  50/1460 [>.............................] - ETA: 0s - loss: 3.9562e-04 - acc: 1.0000
1400/1460 [===========================>..] - ETA: 0s - loss: 0.0099 - acc: 0.9979    
1460/1460 [==============================] - 0s 40us/step - loss: 0.0096 - acc: 0.9979 - val_loss: 0.0674 - val_acc: 0.9753
Epoch 21/30

  50/1460 [>.............................] - ETA: 0s - loss: 0.0013 - acc: 1.0000
1400/1460 [===========================>..] - ETA: 0s - loss: 0.0114 - acc: 0.9964
1460/1460 [==============================] - 0s 40us/step - loss: 0.0110 - acc: 0.9966 - val_loss: 0.0605 - val_acc: 0.9815
Epoch 22/30

  50/1460 [>.............................] - ETA: 0s - loss: 0.0015 - acc: 1.0000
1450/1460 [============================>.] - ETA: 0s - loss: 0.0132 - acc: 0.9972
1460/1460 [==============================] - 0s 40us/step - loss: 0.0131 - acc: 0.9973 - val_loss: 0.0764 - val_acc: 0.9753
acc: 98.15%
Train on 1460 samples, validate on 162 samples
Epoch 1/30

  50/1460 [>.............................] - ETA: 21s - loss: 0.7101 - acc: 0.3600
1450/1460 [============================>.] - ETA: 0s - loss: 0.2544 - acc: 0.9076 
1460/1460 [==============================] - 1s 631us/step - loss: 0.2549 - acc: 0.9075 - val_loss: 0.0878 - val_acc: 0.9815
Epoch 2/30

  50/1460 [>.............................] - ETA: 0s - loss: 0.0264 - acc: 1.0000
1450/1460 [============================>.] - ETA: 0s - loss: 0.0628 - acc: 0.9807
1460/1460 [==============================] - 0s 40us/step - loss: 0.0630 - acc: 0.9808 - val_loss: 0.0768 - val_acc: 0.9691
Epoch 3/30

  50/1460 [>.............................] - ETA: 0s - loss: 0.0229 - acc: 1.0000
1460/1460 [==============================] - 0s 38us/step - loss: 0.0364 - acc: 0.9918 - val_loss: 0.0574 - val_acc: 0.9877
Epoch 4/30

  50/1460 [>.............................] - ETA: 0s - loss: 0.0224 - acc: 1.0000
1460/1460 [==============================] - 0s 38us/step - loss: 0.0221 - acc: 0.9952 - val_loss: 0.0628 - val_acc: 0.9753
Epoch 5/30

  50/1460 [>.............................] - ETA: 0s - loss: 0.0036 - acc: 1.0000
1460/1460 [==============================] - 0s 38us/step - loss: 0.0213 - acc: 0.9925 - val_loss: 0.0620 - val_acc: 0.9753
Epoch 6/30

  50/1460 [>.............................] - ETA: 0s - loss: 0.0051 - acc: 1.0000
1460/1460 [==============================] - 0s 38us/step - loss: 0.0340 - acc: 0.9884 - val_loss: 0.0967 - val_acc: 0.9753
Epoch 7/30

  50/1460 [>.............................] - ETA: 0s - loss: 0.0297 - acc: 1.0000
1450/1460 [============================>.] - ETA: 0s - loss: 0.0260 - acc: 0.9931
1460/1460 [==============================] - 0s 39us/step - loss: 0.0259 - acc: 0.9932 - val_loss: 0.0881 - val_acc: 0.9815
Epoch 8/30

  50/1460 [>.............................] - ETA: 0s - loss: 0.0021 - acc: 1.0000
1400/1460 [===========================>..] - ETA: 0s - loss: 0.0190 - acc: 0.9957
1460/1460 [==============================] - 0s 40us/step - loss: 0.0184 - acc: 0.9959 - val_loss: 0.0868 - val_acc: 0.9753
Epoch 9/30

  50/1460 [>.............................] - ETA: 0s - loss: 0.0056 - acc: 1.0000
1350/1460 [==========================>...] - ETA: 0s - loss: 0.0161 - acc: 0.9948
1460/1460 [==============================] - 0s 42us/step - loss: 0.0155 - acc: 0.9952 - val_loss: 0.0637 - val_acc: 0.9815
Epoch 10/30

  50/1460 [>.............................] - ETA: 0s - loss: 0.0199 - acc: 1.0000
1450/1460 [============================>.] - ETA: 0s - loss: 0.0103 - acc: 0.9979
1460/1460 [==============================] - 0s 39us/step - loss: 0.0102 - acc: 0.9979 - val_loss: 0.0862 - val_acc: 0.9753
Epoch 11/30

  50/1460 [>.............................] - ETA: 0s - loss: 0.0024 - acc: 1.0000
1450/1460 [============================>.] - ETA: 0s - loss: 0.0103 - acc: 0.9972
1460/1460 [==============================] - 0s 40us/step - loss: 0.0103 - acc: 0.9973 - val_loss: 0.0850 - val_acc: 0.9753
Epoch 12/30

  50/1460 [>.............................] - ETA: 0s - loss: 0.0020 - acc: 1.0000
1400/1460 [===========================>..] - ETA: 0s - loss: 0.0088 - acc: 0.9979
1460/1460 [==============================] - 0s 41us/step - loss: 0.0086 - acc: 0.9979 - val_loss: 0.0762 - val_acc: 0.9815
Epoch 13/30

  50/1460 [>.............................] - ETA: 0s - loss: 0.0033 - acc: 1.0000
1400/1460 [===========================>..] - ETA: 0s - loss: 0.0070 - acc: 0.9979
1460/1460 [==============================] - 0s 40us/step - loss: 0.0068 - acc: 0.9979 - val_loss: 0.0779 - val_acc: 0.9815
Epoch 14/30

  50/1460 [>.............................] - ETA: 0s - loss: 6.5330e-04 - acc: 1.0000
1450/1460 [============================>.] - ETA: 0s - loss: 0.0070 - acc: 0.9972    
1460/1460 [==============================] - 0s 39us/step - loss: 0.0069 - acc: 0.9973 - val_loss: 0.0760 - val_acc: 0.9753
Epoch 15/30

  50/1460 [>.............................] - ETA: 0s - loss: 5.9047e-04 - acc: 1.0000
1250/1460 [========================>.....] - ETA: 0s - loss: 0.0062 - acc: 0.9992    
1460/1460 [==============================] - 0s 44us/step - loss: 0.0063 - acc: 0.9986 - val_loss: 0.0687 - val_acc: 0.9815
Epoch 16/30

  50/1460 [>.............................] - ETA: 0s - loss: 0.0023 - acc: 1.0000
1450/1460 [============================>.] - ETA: 0s - loss: 0.0051 - acc: 0.9986
1460/1460 [==============================] - 0s 39us/step - loss: 0.0051 - acc: 0.9986 - val_loss: 0.0782 - val_acc: 0.9815
Epoch 17/30

  50/1460 [>.............................] - ETA: 0s - loss: 9.5645e-04 - acc: 1.0000
1450/1460 [============================>.] - ETA: 0s - loss: 0.0053 - acc: 0.9993    
1460/1460 [==============================] - 0s 39us/step - loss: 0.0052 - acc: 0.9993 - val_loss: 0.0762 - val_acc: 0.9815
Epoch 18/30

  50/1460 [>.............................] - ETA: 0s - loss: 0.0011 - acc: 1.0000
1450/1460 [============================>.] - ETA: 0s - loss: 0.0043 - acc: 0.9993
1460/1460 [==============================] - 0s 39us/step - loss: 0.0043 - acc: 0.9993 - val_loss: 0.0764 - val_acc: 0.9815
Epoch 19/30

  50/1460 [>.............................] - ETA: 0s - loss: 0.0014 - acc: 1.0000
1400/1460 [===========================>..] - ETA: 0s - loss: 0.0055 - acc: 0.9993
1460/1460 [==============================] - 0s 41us/step - loss: 0.0053 - acc: 0.9993 - val_loss: 0.0743 - val_acc: 0.9815
acc: 98.77%
Train on 1460 samples, validate on 162 samples
Epoch 1/30

  50/1460 [>.............................] - ETA: 25s - loss: 0.6920 - acc: 0.4800
1450/1460 [============================>.] - ETA: 0s - loss: 0.2389 - acc: 0.9090 
1460/1460 [==============================] - 1s 719us/step - loss: 0.2376 - acc: 0.9096 - val_loss: 0.0675 - val_acc: 0.9691
Epoch 2/30

  50/1460 [>.............................] - ETA: 0s - loss: 0.0304 - acc: 1.0000
1350/1460 [==========================>...] - ETA: 0s - loss: 0.0558 - acc: 0.9837
1460/1460 [==============================] - 0s 43us/step - loss: 0.0558 - acc: 0.9842 - val_loss: 0.0587 - val_acc: 0.9691
Epoch 3/30

  50/1460 [>.............................] - ETA: 0s - loss: 0.0526 - acc: 0.9800
1400/1460 [===========================>..] - ETA: 0s - loss: 0.0387 - acc: 0.9879
1460/1460 [==============================] - 0s 41us/step - loss: 0.0382 - acc: 0.9877 - val_loss: 0.0393 - val_acc: 0.9753
Epoch 4/30

  50/1460 [>.............................] - ETA: 0s - loss: 0.0086 - acc: 1.0000
1350/1460 [==========================>...] - ETA: 0s - loss: 0.0237 - acc: 0.9948
1460/1460 [==============================] - 0s 41us/step - loss: 0.0230 - acc: 0.9952 - val_loss: 0.0582 - val_acc: 0.9753
Epoch 5/30

  50/1460 [>.............................] - ETA: 0s - loss: 0.0160 - acc: 1.0000
1350/1460 [==========================>...] - ETA: 0s - loss: 0.0190 - acc: 0.9956
1460/1460 [==============================] - 0s 41us/step - loss: 0.0186 - acc: 0.9959 - val_loss: 0.0644 - val_acc: 0.9753
Epoch 6/30

  50/1460 [>.............................] - ETA: 0s - loss: 0.0027 - acc: 1.0000
1450/1460 [============================>.] - ETA: 0s - loss: 0.0153 - acc: 0.9966
1460/1460 [==============================] - 0s 39us/step - loss: 0.0152 - acc: 0.9966 - val_loss: 0.0618 - val_acc: 0.9815
Epoch 7/30

  50/1460 [>.............................] - ETA: 0s - loss: 0.0051 - acc: 1.0000
1460/1460 [==============================] - 0s 38us/step - loss: 0.0110 - acc: 0.9979 - val_loss: 0.0549 - val_acc: 0.9815
Epoch 8/30

  50/1460 [>.............................] - ETA: 0s - loss: 0.0062 - acc: 1.0000
1450/1460 [============================>.] - ETA: 0s - loss: 0.0116 - acc: 0.9972
1460/1460 [==============================] - 0s 38us/step - loss: 0.0116 - acc: 0.9973 - val_loss: 0.0665 - val_acc: 0.9691
Epoch 9/30

  50/1460 [>.............................] - ETA: 0s - loss: 0.0037 - acc: 1.0000
1460/1460 [==============================] - 0s 38us/step - loss: 0.0114 - acc: 0.9979 - val_loss: 0.0406 - val_acc: 0.9877
Epoch 10/30

  50/1460 [>.............................] - ETA: 0s - loss: 0.0615 - acc: 0.9800
1460/1460 [==============================] - 0s 38us/step - loss: 0.0106 - acc: 0.9973 - val_loss: 0.0316 - val_acc: 0.9877
Epoch 11/30

  50/1460 [>.............................] - ETA: 0s - loss: 0.0026 - acc: 1.0000
1400/1460 [===========================>..] - ETA: 0s - loss: 0.0114 - acc: 0.9971
1460/1460 [==============================] - 0s 40us/step - loss: 0.0111 - acc: 0.9973 - val_loss: 0.0571 - val_acc: 0.9815
Epoch 12/30

  50/1460 [>.............................] - ETA: 0s - loss: 0.0022 - acc: 1.0000
1400/1460 [===========================>..] - ETA: 0s - loss: 0.0067 - acc: 0.9979
1460/1460 [==============================] - 0s 40us/step - loss: 0.0088 - acc: 0.9973 - val_loss: 0.0566 - val_acc: 0.9815
Epoch 13/30

  50/1460 [>.............................] - ETA: 0s - loss: 0.0018 - acc: 1.0000
1450/1460 [============================>.] - ETA: 0s - loss: 0.0058 - acc: 0.9979
1460/1460 [==============================] - 0s 39us/step - loss: 0.0058 - acc: 0.9979 - val_loss: 0.0439 - val_acc: 0.9815
Epoch 14/30

  50/1460 [>.............................] - ETA: 0s - loss: 4.0971e-04 - acc: 1.0000
1350/1460 [==========================>...] - ETA: 0s - loss: 0.0081 - acc: 0.9963    
1460/1460 [==============================] - 0s 42us/step - loss: 0.0076 - acc: 0.9966 - val_loss: 0.0394 - val_acc: 0.9877
Epoch 15/30

  50/1460 [>.............................] - ETA: 0s - loss: 0.0015 - acc: 1.0000
1400/1460 [===========================>..] - ETA: 0s - loss: 0.0089 - acc: 0.9986
1460/1460 [==============================] - 0s 41us/step - loss: 0.0087 - acc: 0.9986 - val_loss: 0.0262 - val_acc: 0.9877
Epoch 16/30

  50/1460 [>.............................] - ETA: 0s - loss: 0.0016 - acc: 1.0000
1400/1460 [===========================>..] - ETA: 0s - loss: 0.0094 - acc: 0.9971
1460/1460 [==============================] - 0s 41us/step - loss: 0.0092 - acc: 0.9973 - val_loss: 0.0356 - val_acc: 0.9815
Epoch 17/30

  50/1460 [>.............................] - ETA: 0s - loss: 8.7511e-04 - acc: 1.0000
1300/1460 [=========================>....] - ETA: 0s - loss: 0.0063 - acc: 0.9985    
1460/1460 [==============================] - 0s 43us/step - loss: 0.0067 - acc: 0.9986 - val_loss: 0.0377 - val_acc: 0.9753
Epoch 18/30

  50/1460 [>.............................] - ETA: 0s - loss: 0.0023 - acc: 1.0000
1400/1460 [===========================>..] - ETA: 0s - loss: 0.0140 - acc: 0.9964
1460/1460 [==============================] - 0s 40us/step - loss: 0.0135 - acc: 0.9966 - val_loss: 0.0627 - val_acc: 0.9815
Epoch 19/30

  50/1460 [>.............................] - ETA: 0s - loss: 0.0022 - acc: 1.0000
1400/1460 [===========================>..] - ETA: 0s - loss: 0.0116 - acc: 0.9971
1460/1460 [==============================] - 0s 41us/step - loss: 0.0111 - acc: 0.9973 - val_loss: 0.0669 - val_acc: 0.9815
Epoch 20/30

  50/1460 [>.............................] - ETA: 0s - loss: 0.0018 - acc: 1.0000
1400/1460 [===========================>..] - ETA: 0s - loss: 0.0098 - acc: 0.9979
1460/1460 [==============================] - 0s 40us/step - loss: 0.0097 - acc: 0.9979 - val_loss: 0.0547 - val_acc: 0.9815
Epoch 21/30

  50/1460 [>.............................] - ETA: 0s - loss: 0.0589 - acc: 0.9800
1350/1460 [==========================>...] - ETA: 0s - loss: 0.0147 - acc: 0.9970
1460/1460 [==============================] - 0s 42us/step - loss: 0.0157 - acc: 0.9959 - val_loss: 0.0706 - val_acc: 0.9691
Epoch 22/30

  50/1460 [>.............................] - ETA: 0s - loss: 0.0015 - acc: 1.0000
1350/1460 [==========================>...] - ETA: 0s - loss: 0.0154 - acc: 0.9978
1460/1460 [==============================] - 0s 42us/step - loss: 0.0143 - acc: 0.9979 - val_loss: 0.0487 - val_acc: 0.9877
Epoch 23/30

  50/1460 [>.............................] - ETA: 0s - loss: 0.0023 - acc: 1.0000
1400/1460 [===========================>..] - ETA: 0s - loss: 0.0161 - acc: 0.9971
1460/1460 [==============================] - 0s 41us/step - loss: 0.0156 - acc: 0.9973 - val_loss: 0.0652 - val_acc: 0.9753
Epoch 24/30

  50/1460 [>.............................] - ETA: 0s - loss: 0.0140 - acc: 1.0000
1350/1460 [==========================>...] - ETA: 0s - loss: 0.0127 - acc: 0.9985
1460/1460 [==============================] - 0s 42us/step - loss: 0.0155 - acc: 0.9979 - val_loss: 0.0499 - val_acc: 0.9753
Epoch 25/30

  50/1460 [>.............................] - ETA: 0s - loss: 0.0040 - acc: 1.0000
1300/1460 [=========================>....] - ETA: 0s - loss: 0.0173 - acc: 0.9969
1460/1460 [==============================] - 0s 43us/step - loss: 0.0238 - acc: 0.9938 - val_loss: 0.1221 - val_acc: 0.9568
Epoch 26/30

  50/1460 [>.............................] - ETA: 0s - loss: 0.0397 - acc: 1.0000
1300/1460 [=========================>....] - ETA: 0s - loss: 0.0461 - acc: 0.9854
1460/1460 [==============================] - 0s 43us/step - loss: 0.0479 - acc: 0.9842 - val_loss: 0.1168 - val_acc: 0.9444
acc: 98.77%
Train on 1460 samples, validate on 162 samples
Epoch 1/30

  50/1460 [>.............................] - ETA: 28s - loss: 0.6928 - acc: 0.4800
1350/1460 [==========================>...] - ETA: 0s - loss: 0.2442 - acc: 0.8948 
1460/1460 [==============================] - 1s 804us/step - loss: 0.2346 - acc: 0.8986 - val_loss: 0.0889 - val_acc: 0.9630
Epoch 2/30

  50/1460 [>.............................] - ETA: 0s - loss: 0.0252 - acc: 0.9800
1400/1460 [===========================>..] - ETA: 0s - loss: 0.0568 - acc: 0.9836
1460/1460 [==============================] - 0s 41us/step - loss: 0.0550 - acc: 0.9842 - val_loss: 0.0750 - val_acc: 0.9753
Epoch 3/30

  50/1460 [>.............................] - ETA: 0s - loss: 0.0118 - acc: 1.0000
1450/1460 [============================>.] - ETA: 0s - loss: 0.0314 - acc: 0.9917
1460/1460 [==============================] - 0s 39us/step - loss: 0.0312 - acc: 0.9918 - val_loss: 0.0696 - val_acc: 0.9753
Epoch 4/30

  50/1460 [>.............................] - ETA: 0s - loss: 0.0043 - acc: 1.0000
1450/1460 [============================>.] - ETA: 0s - loss: 0.0213 - acc: 0.9952
1460/1460 [==============================] - 0s 39us/step - loss: 0.0212 - acc: 0.9952 - val_loss: 0.0645 - val_acc: 0.9753
Epoch 5/30

  50/1460 [>.............................] - ETA: 0s - loss: 0.0065 - acc: 1.0000
1450/1460 [============================>.] - ETA: 0s - loss: 0.0190 - acc: 0.9959
1460/1460 [==============================] - 0s 39us/step - loss: 0.0189 - acc: 0.9959 - val_loss: 0.0589 - val_acc: 0.9753
Epoch 6/30

  50/1460 [>.............................] - ETA: 0s - loss: 0.0029 - acc: 1.0000
1450/1460 [============================>.] - ETA: 0s - loss: 0.0163 - acc: 0.9959
1460/1460 [==============================] - 0s 39us/step - loss: 0.0162 - acc: 0.9959 - val_loss: 0.0608 - val_acc: 0.9630
Epoch 7/30

  50/1460 [>.............................] - ETA: 0s - loss: 0.0211 - acc: 1.0000
1450/1460 [============================>.] - ETA: 0s - loss: 0.0144 - acc: 0.9959
1460/1460 [==============================] - 0s 39us/step - loss: 0.0147 - acc: 0.9959 - val_loss: 0.0535 - val_acc: 0.9815
Epoch 8/30

  50/1460 [>.............................] - ETA: 0s - loss: 0.0051 - acc: 1.0000
1350/1460 [==========================>...] - ETA: 0s - loss: 0.0121 - acc: 0.9963
1460/1460 [==============================] - 0s 41us/step - loss: 0.0115 - acc: 0.9966 - val_loss: 0.0573 - val_acc: 0.9815
Epoch 9/30

  50/1460 [>.............................] - ETA: 0s - loss: 0.0016 - acc: 1.0000
1400/1460 [===========================>..] - ETA: 0s - loss: 0.0089 - acc: 0.9979
1460/1460 [==============================] - 0s 41us/step - loss: 0.0087 - acc: 0.9979 - val_loss: 0.0498 - val_acc: 0.9815
Epoch 10/30

  50/1460 [>.............................] - ETA: 0s - loss: 0.0023 - acc: 1.0000
1350/1460 [==========================>...] - ETA: 0s - loss: 0.0071 - acc: 0.9993
1460/1460 [==============================] - 0s 41us/step - loss: 0.0091 - acc: 0.9986 - val_loss: 0.0628 - val_acc: 0.9815
Epoch 11/30

  50/1460 [>.............................] - ETA: 0s - loss: 0.0017 - acc: 1.0000
1400/1460 [===========================>..] - ETA: 0s - loss: 0.0083 - acc: 0.9971
1460/1460 [==============================] - 0s 41us/step - loss: 0.0085 - acc: 0.9973 - val_loss: 0.0848 - val_acc: 0.9815
Epoch 12/30

  50/1460 [>.............................] - ETA: 0s - loss: 0.0032 - acc: 1.0000
1450/1460 [============================>.] - ETA: 0s - loss: 0.0066 - acc: 0.9986
1460/1460 [==============================] - 0s 40us/step - loss: 0.0070 - acc: 0.9986 - val_loss: 0.0841 - val_acc: 0.9815
Epoch 13/30

  50/1460 [>.............................] - ETA: 0s - loss: 0.0021 - acc: 1.0000
1450/1460 [============================>.] - ETA: 0s - loss: 0.0102 - acc: 0.9972
1460/1460 [==============================] - 0s 39us/step - loss: 0.0101 - acc: 0.9973 - val_loss: 0.0726 - val_acc: 0.9815
Epoch 14/30

  50/1460 [>.............................] - ETA: 0s - loss: 0.0014 - acc: 1.0000
1450/1460 [============================>.] - ETA: 0s - loss: 0.0054 - acc: 0.9986
1460/1460 [==============================] - 0s 39us/step - loss: 0.0054 - acc: 0.9986 - val_loss: 0.0677 - val_acc: 0.9815
Epoch 15/30

  50/1460 [>.............................] - ETA: 0s - loss: 0.0023 - acc: 1.0000
1450/1460 [============================>.] - ETA: 0s - loss: 0.0043 - acc: 0.9993
1460/1460 [==============================] - 0s 39us/step - loss: 0.0043 - acc: 0.9993 - val_loss: 0.0646 - val_acc: 0.9753
Epoch 16/30

  50/1460 [>.............................] - ETA: 0s - loss: 6.1551e-04 - acc: 1.0000
1450/1460 [============================>.] - ETA: 0s - loss: 0.0051 - acc: 0.9993    
1460/1460 [==============================] - 0s 40us/step - loss: 0.0050 - acc: 0.9993 - val_loss: 0.0930 - val_acc: 0.9691
Epoch 17/30

  50/1460 [>.............................] - ETA: 0s - loss: 0.0018 - acc: 1.0000
1400/1460 [===========================>..] - ETA: 0s - loss: 0.0073 - acc: 0.9979
1460/1460 [==============================] - 0s 40us/step - loss: 0.0072 - acc: 0.9979 - val_loss: 0.1006 - val_acc: 0.9815
Epoch 18/30

  50/1460 [>.............................] - ETA: 0s - loss: 0.0026 - acc: 1.0000
1300/1460 [=========================>....] - ETA: 0s - loss: 0.0100 - acc: 0.9969
1460/1460 [==============================] - 0s 43us/step - loss: 0.0091 - acc: 0.9973 - val_loss: 0.1096 - val_acc: 0.9753
Epoch 19/30

  50/1460 [>.............................] - ETA: 0s - loss: 0.0039 - acc: 1.0000
1350/1460 [==========================>...] - ETA: 0s - loss: 0.0103 - acc: 0.9970
1460/1460 [==============================] - 0s 42us/step - loss: 0.0099 - acc: 0.9973 - val_loss: 0.1115 - val_acc: 0.9753
Epoch 20/30

  50/1460 [>.............................] - ETA: 0s - loss: 0.0014 - acc: 1.0000
1350/1460 [==========================>...] - ETA: 0s - loss: 0.0099 - acc: 0.9985
1460/1460 [==============================] - 0s 42us/step - loss: 0.0095 - acc: 0.9986 - val_loss: 0.1451 - val_acc: 0.9568
Epoch 21/30

  50/1460 [>.............................] - ETA: 0s - loss: 0.0056 - acc: 1.0000
1350/1460 [==========================>...] - ETA: 0s - loss: 0.0120 - acc: 0.9963
1460/1460 [==============================] - 0s 42us/step - loss: 0.0114 - acc: 0.9966 - val_loss: 0.1099 - val_acc: 0.9815
Epoch 22/30

  50/1460 [>.............................] - ETA: 0s - loss: 0.0246 - acc: 0.9800
1350/1460 [==========================>...] - ETA: 0s - loss: 0.0167 - acc: 0.9956
1460/1460 [==============================] - 0s 41us/step - loss: 0.0161 - acc: 0.9959 - val_loss: 0.1270 - val_acc: 0.9753
Epoch 23/30

  50/1460 [>.............................] - ETA: 0s - loss: 0.0960 - acc: 0.9800
1350/1460 [==========================>...] - ETA: 0s - loss: 0.0159 - acc: 0.9970
1460/1460 [==============================] - 0s 42us/step - loss: 0.0172 - acc: 0.9966 - val_loss: 0.1069 - val_acc: 0.9753
acc: 98.15%
Train on 1460 samples, validate on 162 samples
Epoch 1/30

  50/1460 [>.............................] - ETA: 31s - loss: 0.6877 - acc: 0.5000
1250/1460 [========================>.....] - ETA: 0s - loss: 0.2486 - acc: 0.8920 
1460/1460 [==============================] - 1s 901us/step - loss: 0.2244 - acc: 0.9027 - val_loss: 0.0789 - val_acc: 0.9753
Epoch 2/30

  50/1460 [>.............................] - ETA: 0s - loss: 0.0411 - acc: 0.9800
1350/1460 [==========================>...] - ETA: 0s - loss: 0.0591 - acc: 0.9815
1460/1460 [==============================] - 0s 42us/step - loss: 0.0577 - acc: 0.9822 - val_loss: 0.0805 - val_acc: 0.9877
Epoch 3/30

  50/1460 [>.............................] - ETA: 0s - loss: 0.0225 - acc: 1.0000
1250/1460 [========================>.....] - ETA: 0s - loss: 0.0335 - acc: 0.9904
1460/1460 [==============================] - 0s 44us/step - loss: 0.0356 - acc: 0.9890 - val_loss: 0.0958 - val_acc: 0.9753
Epoch 4/30

  50/1460 [>.............................] - ETA: 0s - loss: 0.0500 - acc: 0.9600
1450/1460 [============================>.] - ETA: 0s - loss: 0.0315 - acc: 0.9897
1460/1460 [==============================] - 0s 40us/step - loss: 0.0314 - acc: 0.9897 - val_loss: 0.0964 - val_acc: 0.9691
Epoch 5/30

  50/1460 [>.............................] - ETA: 0s - loss: 0.0030 - acc: 1.0000
1350/1460 [==========================>...] - ETA: 0s - loss: 0.0240 - acc: 0.9926
1460/1460 [==============================] - 0s 41us/step - loss: 0.0237 - acc: 0.9925 - val_loss: 0.0865 - val_acc: 0.9753
Epoch 6/30

  50/1460 [>.............................] - ETA: 0s - loss: 0.0057 - acc: 1.0000
1400/1460 [===========================>..] - ETA: 0s - loss: 0.0228 - acc: 0.9914
1460/1460 [==============================] - 0s 40us/step - loss: 0.0224 - acc: 0.9918 - val_loss: 0.0971 - val_acc: 0.9815
Epoch 7/30

  50/1460 [>.............................] - ETA: 0s - loss: 0.0049 - acc: 1.0000
1400/1460 [===========================>..] - ETA: 0s - loss: 0.0182 - acc: 0.9964
1460/1460 [==============================] - 0s 40us/step - loss: 0.0176 - acc: 0.9966 - val_loss: 0.1036 - val_acc: 0.9753
Epoch 8/30

  50/1460 [>.............................] - ETA: 0s - loss: 0.0227 - acc: 0.9800
1450/1460 [============================>.] - ETA: 0s - loss: 0.0157 - acc: 0.9952
1460/1460 [==============================] - 0s 39us/step - loss: 0.0157 - acc: 0.9952 - val_loss: 0.1440 - val_acc: 0.9691
Epoch 9/30

  50/1460 [>.............................] - ETA: 0s - loss: 0.0040 - acc: 1.0000
1400/1460 [===========================>..] - ETA: 0s - loss: 0.0205 - acc: 0.9929
1460/1460 [==============================] - 0s 40us/step - loss: 0.0199 - acc: 0.9932 - val_loss: 0.1258 - val_acc: 0.9630
Epoch 10/30

  50/1460 [>.............................] - ETA: 0s - loss: 0.0025 - acc: 1.0000
1450/1460 [============================>.] - ETA: 0s - loss: 0.0146 - acc: 0.9972
1460/1460 [==============================] - 0s 40us/step - loss: 0.0146 - acc: 0.9973 - val_loss: 0.1250 - val_acc: 0.9691
Epoch 11/30

  50/1460 [>.............................] - ETA: 0s - loss: 0.0020 - acc: 1.0000
1400/1460 [===========================>..] - ETA: 0s - loss: 0.0158 - acc: 0.9943
1460/1460 [==============================] - 0s 40us/step - loss: 0.0153 - acc: 0.9945 - val_loss: 0.1229 - val_acc: 0.9815
Epoch 12/30

  50/1460 [>.............................] - ETA: 0s - loss: 0.0023 - acc: 1.0000
1400/1460 [===========================>..] - ETA: 0s - loss: 0.0125 - acc: 0.9979
1460/1460 [==============================] - 0s 42us/step - loss: 0.0124 - acc: 0.9979 - val_loss: 0.1037 - val_acc: 0.9815
Epoch 13/30

  50/1460 [>.............................] - ETA: 0s - loss: 0.0019 - acc: 1.0000
1400/1460 [===========================>..] - ETA: 0s - loss: 0.0150 - acc: 0.9964
1460/1460 [==============================] - 0s 41us/step - loss: 0.0147 - acc: 0.9966 - val_loss: 0.1229 - val_acc: 0.9691
Epoch 14/30

  50/1460 [>.............................] - ETA: 0s - loss: 0.0422 - acc: 0.9800
1400/1460 [===========================>..] - ETA: 0s - loss: 0.0132 - acc: 0.9971
1460/1460 [==============================] - 0s 40us/step - loss: 0.0131 - acc: 0.9973 - val_loss: 0.0945 - val_acc: 0.9815
Epoch 15/30

  50/1460 [>.............................] - ETA: 0s - loss: 7.7755e-04 - acc: 1.0000
1400/1460 [===========================>..] - ETA: 0s - loss: 0.0163 - acc: 0.9950    
1460/1460 [==============================] - 0s 40us/step - loss: 0.0162 - acc: 0.9952 - val_loss: 0.1050 - val_acc: 0.9753
Epoch 16/30

  50/1460 [>.............................] - ETA: 0s - loss: 0.0777 - acc: 0.9800
1400/1460 [===========================>..] - ETA: 0s - loss: 0.0123 - acc: 0.9964
1460/1460 [==============================] - 0s 41us/step - loss: 0.0133 - acc: 0.9959 - val_loss: 0.1001 - val_acc: 0.9691
Epoch 17/30

  50/1460 [>.............................] - ETA: 0s - loss: 0.0019 - acc: 1.0000
1450/1460 [============================>.] - ETA: 0s - loss: 0.0172 - acc: 0.9966
1460/1460 [==============================] - 0s 40us/step - loss: 0.0171 - acc: 0.9966 - val_loss: 0.0976 - val_acc: 0.9753
Epoch 18/30

  50/1460 [>.............................] - ETA: 0s - loss: 0.0931 - acc: 0.9800
1400/1460 [===========================>..] - ETA: 0s - loss: 0.0186 - acc: 0.9929
1460/1460 [==============================] - 0s 41us/step - loss: 0.0180 - acc: 0.9932 - val_loss: 0.1043 - val_acc: 0.9691
acc: 98.77%
Train on 1460 samples, validate on 162 samples
Epoch 1/30

  50/1460 [>.............................] - ETA: 34s - loss: 0.6945 - acc: 0.5600
1350/1460 [==========================>...] - ETA: 0s - loss: 0.1787 - acc: 0.9333 
1460/1460 [==============================] - 1s 971us/step - loss: 0.1813 - acc: 0.9336 - val_loss: 0.1013 - val_acc: 0.9691
Epoch 2/30

  50/1460 [>.............................] - ETA: 0s - loss: 0.0196 - acc: 1.0000
1300/1460 [=========================>....] - ETA: 0s - loss: 0.0637 - acc: 0.9777
1460/1460 [==============================] - 0s 43us/step - loss: 0.0597 - acc: 0.9795 - val_loss: 0.0496 - val_acc: 0.9753
Epoch 3/30

  50/1460 [>.............................] - ETA: 0s - loss: 0.0121 - acc: 1.0000
1350/1460 [==========================>...] - ETA: 0s - loss: 0.0405 - acc: 0.9889
1460/1460 [==============================] - 0s 42us/step - loss: 0.0397 - acc: 0.9890 - val_loss: 0.0843 - val_acc: 0.9815
Epoch 4/30

  50/1460 [>.............................] - ETA: 0s - loss: 0.1353 - acc: 0.9400
1400/1460 [===========================>..] - ETA: 0s - loss: 0.0288 - acc: 0.9900
1460/1460 [==============================] - 0s 40us/step - loss: 0.0282 - acc: 0.9904 - val_loss: 0.0600 - val_acc: 0.9877
Epoch 5/30

  50/1460 [>.............................] - ETA: 0s - loss: 0.0093 - acc: 1.0000
1350/1460 [==========================>...] - ETA: 0s - loss: 0.0254 - acc: 0.9926
1460/1460 [==============================] - 0s 43us/step - loss: 0.0243 - acc: 0.9932 - val_loss: 0.0743 - val_acc: 0.9753
Epoch 6/30

  50/1460 [>.............................] - ETA: 0s - loss: 0.0081 - acc: 1.0000
1400/1460 [===========================>..] - ETA: 0s - loss: 0.0156 - acc: 0.9957
1460/1460 [==============================] - 0s 41us/step - loss: 0.0154 - acc: 0.9959 - val_loss: 0.0592 - val_acc: 0.9753
Epoch 7/30

  50/1460 [>.............................] - ETA: 0s - loss: 0.0077 - acc: 1.0000
1400/1460 [===========================>..] - ETA: 0s - loss: 0.0122 - acc: 0.9964
1460/1460 [==============================] - 0s 40us/step - loss: 0.0118 - acc: 0.9966 - val_loss: 0.0527 - val_acc: 0.9753
Epoch 8/30

  50/1460 [>.............................] - ETA: 0s - loss: 0.0342 - acc: 0.9800
1450/1460 [============================>.] - ETA: 0s - loss: 0.0083 - acc: 0.9972
1460/1460 [==============================] - 0s 40us/step - loss: 0.0083 - acc: 0.9973 - val_loss: 0.0704 - val_acc: 0.9753
Epoch 9/30

  50/1460 [>.............................] - ETA: 0s - loss: 0.0021 - acc: 1.0000
1450/1460 [============================>.] - ETA: 0s - loss: 0.0127 - acc: 0.9972
1460/1460 [==============================] - 0s 40us/step - loss: 0.0127 - acc: 0.9973 - val_loss: 0.0678 - val_acc: 0.9753
Epoch 10/30

  50/1460 [>.............................] - ETA: 0s - loss: 0.0068 - acc: 1.0000
1450/1460 [============================>.] - ETA: 0s - loss: 0.0139 - acc: 0.9972
1460/1460 [==============================] - 0s 39us/step - loss: 0.0138 - acc: 0.9973 - val_loss: 0.0710 - val_acc: 0.9753
Epoch 11/30

  50/1460 [>.............................] - ETA: 0s - loss: 0.0043 - acc: 1.0000
1450/1460 [============================>.] - ETA: 0s - loss: 0.0087 - acc: 0.9979
1460/1460 [==============================] - 0s 39us/step - loss: 0.0086 - acc: 0.9979 - val_loss: 0.0737 - val_acc: 0.9753
Epoch 12/30

  50/1460 [>.............................] - ETA: 0s - loss: 0.0026 - acc: 1.0000
1400/1460 [===========================>..] - ETA: 0s - loss: 0.0076 - acc: 0.9971
1460/1460 [==============================] - 0s 40us/step - loss: 0.0074 - acc: 0.9973 - val_loss: 0.0657 - val_acc: 0.9815
Epoch 13/30

  50/1460 [>.............................] - ETA: 0s - loss: 5.1765e-04 - acc: 1.0000
1400/1460 [===========================>..] - ETA: 0s - loss: 0.0076 - acc: 0.9979    
1460/1460 [==============================] - 0s 40us/step - loss: 0.0073 - acc: 0.9979 - val_loss: 0.0457 - val_acc: 0.9815
Epoch 14/30

  50/1460 [>.............................] - ETA: 0s - loss: 5.3328e-04 - acc: 1.0000
1300/1460 [=========================>....] - ETA: 0s - loss: 0.0100 - acc: 0.9969    
1460/1460 [==============================] - 0s 43us/step - loss: 0.0092 - acc: 0.9973 - val_loss: 0.0695 - val_acc: 0.9753
Epoch 15/30

  50/1460 [>.............................] - ETA: 0s - loss: 0.0112 - acc: 1.0000
1300/1460 [=========================>....] - ETA: 0s - loss: 0.0102 - acc: 0.9985
1460/1460 [==============================] - 0s 44us/step - loss: 0.0105 - acc: 0.9979 - val_loss: 0.0914 - val_acc: 0.9691
Epoch 16/30

  50/1460 [>.............................] - ETA: 0s - loss: 0.0024 - acc: 1.0000
1350/1460 [==========================>...] - ETA: 0s - loss: 0.0123 - acc: 0.9970
1460/1460 [==============================] - 0s 42us/step - loss: 0.0114 - acc: 0.9973 - val_loss: 0.1164 - val_acc: 0.9630
Epoch 17/30

  50/1460 [>.............................] - ETA: 0s - loss: 0.0011 - acc: 1.0000
1350/1460 [==========================>...] - ETA: 0s - loss: 0.0088 - acc: 0.9985
1460/1460 [==============================] - 0s 41us/step - loss: 0.0105 - acc: 0.9979 - val_loss: 0.0932 - val_acc: 0.9630
Epoch 18/30

  50/1460 [>.............................] - ETA: 0s - loss: 0.0588 - acc: 0.9800
1400/1460 [===========================>..] - ETA: 0s - loss: 0.0125 - acc: 0.9964
1460/1460 [==============================] - 0s 41us/step - loss: 0.0126 - acc: 0.9959 - val_loss: 0.0637 - val_acc: 0.9691
Epoch 19/30

  50/1460 [>.............................] - ETA: 0s - loss: 0.0035 - acc: 1.0000
1350/1460 [==========================>...] - ETA: 0s - loss: 0.0103 - acc: 0.9985
1460/1460 [==============================] - 0s 42us/step - loss: 0.0123 - acc: 0.9979 - val_loss: 0.0922 - val_acc: 0.9630
Epoch 20/30

  50/1460 [>.............................] - ETA: 0s - loss: 0.0019 - acc: 1.0000
1400/1460 [===========================>..] - ETA: 0s - loss: 0.0088 - acc: 0.9964
1460/1460 [==============================] - 0s 40us/step - loss: 0.0107 - acc: 0.9959 - val_loss: 0.0778 - val_acc: 0.9691
acc: 98.77%
Train on 1461 samples, validate on 161 samples
Epoch 1/30

  50/1461 [>.............................] - ETA: 37s - loss: 0.7103 - acc: 0.3600
1250/1461 [========================>.....] - ETA: 0s - loss: 0.2351 - acc: 0.9024 
1461/1461 [==============================] - 2s 1ms/step - loss: 0.2166 - acc: 0.9110 - val_loss: 0.0568 - val_acc: 0.9814
Epoch 2/30

  50/1461 [>.............................] - ETA: 0s - loss: 0.0267 - acc: 1.0000
1350/1461 [==========================>...] - ETA: 0s - loss: 0.0692 - acc: 0.9763
1461/1461 [==============================] - 0s 43us/step - loss: 0.0705 - acc: 0.9760 - val_loss: 0.0358 - val_acc: 0.9876
Epoch 3/30

  50/1461 [>.............................] - ETA: 0s - loss: 0.0789 - acc: 0.9600
1350/1461 [==========================>...] - ETA: 0s - loss: 0.0378 - acc: 0.9859
1461/1461 [==============================] - 0s 42us/step - loss: 0.0357 - acc: 0.9870 - val_loss: 0.0398 - val_acc: 0.9814
Epoch 4/30

  50/1461 [>.............................] - ETA: 0s - loss: 0.0136 - acc: 1.0000
1250/1461 [========================>.....] - ETA: 0s - loss: 0.0329 - acc: 0.9880
1461/1461 [==============================] - 0s 45us/step - loss: 0.0303 - acc: 0.9897 - val_loss: 0.0579 - val_acc: 0.9814
Epoch 5/30

  50/1461 [>.............................] - ETA: 0s - loss: 0.0050 - acc: 1.0000
1350/1461 [==========================>...] - ETA: 0s - loss: 0.0253 - acc: 0.9919
1461/1461 [==============================] - 0s 42us/step - loss: 0.0238 - acc: 0.9925 - val_loss: 0.0512 - val_acc: 0.9814
Epoch 6/30

  50/1461 [>.............................] - ETA: 0s - loss: 0.0046 - acc: 1.0000
1250/1461 [========================>.....] - ETA: 0s - loss: 0.0215 - acc: 0.9920
1461/1461 [==============================] - 0s 45us/step - loss: 0.0198 - acc: 0.9932 - val_loss: 0.0682 - val_acc: 0.9814
Epoch 7/30

  50/1461 [>.............................] - ETA: 0s - loss: 0.0085 - acc: 1.0000
1350/1461 [==========================>...] - ETA: 0s - loss: 0.0175 - acc: 0.9963
1461/1461 [==============================] - 0s 42us/step - loss: 0.0185 - acc: 0.9959 - val_loss: 0.0544 - val_acc: 0.9876
Epoch 8/30

  50/1461 [>.............................] - ETA: 0s - loss: 0.0213 - acc: 1.0000
1350/1461 [==========================>...] - ETA: 0s - loss: 0.0114 - acc: 0.9978
1461/1461 [==============================] - 0s 42us/step - loss: 0.0124 - acc: 0.9973 - val_loss: 0.0662 - val_acc: 0.9876
Epoch 9/30

  50/1461 [>.............................] - ETA: 0s - loss: 0.0016 - acc: 1.0000
1350/1461 [==========================>...] - ETA: 0s - loss: 0.0140 - acc: 0.9963
1461/1461 [==============================] - 0s 42us/step - loss: 0.0131 - acc: 0.9966 - val_loss: 0.0389 - val_acc: 0.9876
Epoch 10/30

  50/1461 [>.............................] - ETA: 0s - loss: 0.0015 - acc: 1.0000
1400/1461 [===========================>..] - ETA: 0s - loss: 0.0102 - acc: 0.9971
1461/1461 [==============================] - 0s 40us/step - loss: 0.0103 - acc: 0.9973 - val_loss: 0.0412 - val_acc: 0.9814
Epoch 11/30

  50/1461 [>.............................] - ETA: 0s - loss: 0.0021 - acc: 1.0000
1400/1461 [===========================>..] - ETA: 0s - loss: 0.0075 - acc: 0.9979
1461/1461 [==============================] - 0s 41us/step - loss: 0.0072 - acc: 0.9979 - val_loss: 0.0401 - val_acc: 0.9876
Epoch 12/30

  50/1461 [>.............................] - ETA: 0s - loss: 6.3471e-04 - acc: 1.0000
1400/1461 [===========================>..] - ETA: 0s - loss: 0.0071 - acc: 0.9971    
1461/1461 [==============================] - 0s 41us/step - loss: 0.0068 - acc: 0.9973 - val_loss: 0.0491 - val_acc: 0.9876
Epoch 13/30

  50/1461 [>.............................] - ETA: 0s - loss: 8.2895e-04 - acc: 1.0000
1350/1461 [==========================>...] - ETA: 0s - loss: 0.0068 - acc: 0.9970    
1461/1461 [==============================] - 0s 42us/step - loss: 0.0070 - acc: 0.9973 - val_loss: 0.0520 - val_acc: 0.9814
Epoch 14/30

  50/1461 [>.............................] - ETA: 0s - loss: 6.5822e-04 - acc: 1.0000
1350/1461 [==========================>...] - ETA: 0s - loss: 0.0054 - acc: 0.9985    
1461/1461 [==============================] - 0s 42us/step - loss: 0.0052 - acc: 0.9986 - val_loss: 0.0549 - val_acc: 0.9752
Epoch 15/30

  50/1461 [>.............................] - ETA: 0s - loss: 0.0011 - acc: 1.0000
1350/1461 [==========================>...] - ETA: 0s - loss: 0.0040 - acc: 0.9985
1461/1461 [==============================] - 0s 42us/step - loss: 0.0038 - acc: 0.9986 - val_loss: 0.0472 - val_acc: 0.9814
Epoch 16/30

  50/1461 [>.............................] - ETA: 0s - loss: 0.0025 - acc: 1.0000
1350/1461 [==========================>...] - ETA: 0s - loss: 0.0034 - acc: 0.9985
1461/1461 [==============================] - 0s 42us/step - loss: 0.0034 - acc: 0.9986 - val_loss: 0.0445 - val_acc: 0.9876
Epoch 17/30

  50/1461 [>.............................] - ETA: 0s - loss: 8.8960e-04 - acc: 1.0000
1350/1461 [==========================>...] - ETA: 0s - loss: 0.0032 - acc: 0.9985    
1461/1461 [==============================] - 0s 42us/step - loss: 0.0031 - acc: 0.9986 - val_loss: 0.0431 - val_acc: 0.9876
Epoch 18/30

  50/1461 [>.............................] - ETA: 0s - loss: 0.0017 - acc: 1.0000
1350/1461 [==========================>...] - ETA: 0s - loss: 0.0029 - acc: 0.9985
1461/1461 [==============================] - 0s 42us/step - loss: 0.0027 - acc: 0.9986 - val_loss: 0.0423 - val_acc: 0.9876
acc: 98.76%
Accuracy: 98.34% (+/- 0.48%)
