Train on 1297 samples, validate on 325 samples
Epoch 1/30

 100/1297 [=>............................] - ETA: 5s - loss: 0.6885 - acc: 0.5300
1297/1297 [==============================] - 1s 440us/step - loss: 0.3133 - acc: 0.8512 - val_loss: 0.1617 - val_acc: 0.9477
Epoch 2/30

 100/1297 [=>............................] - ETA: 0s - loss: 0.1096 - acc: 0.9600
1297/1297 [==============================] - 0s 26us/step - loss: 0.0684 - acc: 0.9761 - val_loss: 0.1607 - val_acc: 0.9569
Epoch 3/30

 100/1297 [=>............................] - ETA: 0s - loss: 0.0117 - acc: 1.0000
1297/1297 [==============================] - 0s 26us/step - loss: 0.0449 - acc: 0.9915 - val_loss: 0.1632 - val_acc: 0.9508
Epoch 4/30

 100/1297 [=>............................] - ETA: 0s - loss: 0.0419 - acc: 0.9900
1297/1297 [==============================] - 0s 22us/step - loss: 0.0294 - acc: 0.9923 - val_loss: 0.1250 - val_acc: 0.9508
acc: 95.69%
Train on 1297 samples, validate on 325 samples
Epoch 1/30

 100/1297 [=>............................] - ETA: 6s - loss: 0.6989 - acc: 0.5100
1297/1297 [==============================] - 1s 495us/step - loss: 0.3106 - acc: 0.8643 - val_loss: 0.1065 - val_acc: 0.9723
Epoch 2/30

 100/1297 [=>............................] - ETA: 0s - loss: 0.0303 - acc: 0.9900
1297/1297 [==============================] - 0s 26us/step - loss: 0.0610 - acc: 0.9776 - val_loss: 0.1253 - val_acc: 0.9662
Epoch 3/30

 100/1297 [=>............................] - ETA: 0s - loss: 0.0250 - acc: 1.0000
1297/1297 [==============================] - 0s 29us/step - loss: 0.0347 - acc: 0.9907 - val_loss: 0.1171 - val_acc: 0.9692
acc: 97.23%
Train on 1297 samples, validate on 325 samples
Epoch 1/30

 100/1297 [=>............................] - ETA: 8s - loss: 0.7065 - acc: 0.3900
1297/1297 [==============================] - 1s 642us/step - loss: 0.3613 - acc: 0.8319 - val_loss: 0.1135 - val_acc: 0.9631
Epoch 2/30

 100/1297 [=>............................] - ETA: 0s - loss: 0.0710 - acc: 0.9900
1297/1297 [==============================] - 0s 25us/step - loss: 0.0826 - acc: 0.9684 - val_loss: 0.0756 - val_acc: 0.9692
Epoch 3/30

 100/1297 [=>............................] - ETA: 0s - loss: 0.0311 - acc: 0.9900
1297/1297 [==============================] - 0s 26us/step - loss: 0.0446 - acc: 0.9892 - val_loss: 0.0923 - val_acc: 0.9754
Epoch 4/30

 100/1297 [=>............................] - ETA: 0s - loss: 0.0685 - acc: 0.9700
1297/1297 [==============================] - 0s 25us/step - loss: 0.0398 - acc: 0.9869 - val_loss: 0.1066 - val_acc: 0.9569
Epoch 5/30

 100/1297 [=>............................] - ETA: 0s - loss: 0.0462 - acc: 0.9800
1297/1297 [==============================] - 0s 25us/step - loss: 0.0314 - acc: 0.9923 - val_loss: 0.0994 - val_acc: 0.9631
acc: 97.54%
Train on 1298 samples, validate on 324 samples
Epoch 1/30

 100/1298 [=>............................] - ETA: 9s - loss: 0.7009 - acc: 0.4500
1298/1298 [==============================] - 1s 695us/step - loss: 0.3077 - acc: 0.8667 - val_loss: 0.1109 - val_acc: 0.9630
Epoch 2/30

 100/1298 [=>............................] - ETA: 0s - loss: 0.0963 - acc: 0.9500
1298/1298 [==============================] - 0s 26us/step - loss: 0.0598 - acc: 0.9746 - val_loss: 0.1431 - val_acc: 0.9599
Epoch 3/30

 100/1298 [=>............................] - ETA: 0s - loss: 0.0163 - acc: 1.0000
1298/1298 [==============================] - 0s 24us/step - loss: 0.0357 - acc: 0.9892 - val_loss: 0.1055 - val_acc: 0.9660
Epoch 4/30

 100/1298 [=>............................] - ETA: 0s - loss: 0.0114 - acc: 1.0000
1298/1298 [==============================] - 0s 26us/step - loss: 0.0235 - acc: 0.9946 - val_loss: 0.1177 - val_acc: 0.9691
Epoch 5/30

 100/1298 [=>............................] - ETA: 0s - loss: 0.0034 - acc: 1.0000
1298/1298 [==============================] - 0s 25us/step - loss: 0.0149 - acc: 0.9969 - val_loss: 0.1154 - val_acc: 0.9630
Epoch 6/30

 100/1298 [=>............................] - ETA: 0s - loss: 0.0274 - acc: 0.9900
1298/1298 [==============================] - 0s 26us/step - loss: 0.0108 - acc: 0.9969 - val_loss: 0.1141 - val_acc: 0.9660
acc: 96.91%
Train on 1299 samples, validate on 323 samples
Epoch 1/30

 100/1299 [=>............................] - ETA: 10s - loss: 0.7043 - acc: 0.4700
1299/1299 [==============================] - 1s 802us/step - loss: 0.2925 - acc: 0.8676 - val_loss: 0.0469 - val_acc: 0.9845
Epoch 2/30

 100/1299 [=>............................] - ETA: 0s - loss: 0.1064 - acc: 0.9600
1299/1299 [==============================] - 0s 25us/step - loss: 0.0642 - acc: 0.9784 - val_loss: 0.0466 - val_acc: 0.9845
Epoch 3/30

 100/1299 [=>............................] - ETA: 0s - loss: 0.0260 - acc: 0.9900
1299/1299 [==============================] - 0s 28us/step - loss: 0.0452 - acc: 0.9854 - val_loss: 0.0568 - val_acc: 0.9907
Epoch 4/30

 100/1299 [=>............................] - ETA: 0s - loss: 0.0478 - acc: 0.9800
1299/1299 [==============================] - 0s 25us/step - loss: 0.0341 - acc: 0.9915 - val_loss: 0.0772 - val_acc: 0.9721
Epoch 5/30

 100/1299 [=>............................] - ETA: 0s - loss: 0.0164 - acc: 0.9900
1299/1299 [==============================] - 0s 27us/step - loss: 0.0291 - acc: 0.9900 - val_loss: 0.0832 - val_acc: 0.9814
acc: 99.07%
Accuracy: 97.29% (+/- 1.09%)
