Train on 1389 samples, validate on 233 samples
Epoch 1/30

 100/1389 [=>............................] - ETA: 5s - loss: 0.6907 - acc: 0.5300
1389/1389 [==============================] - 1s 387us/step - loss: 0.3313 - acc: 0.8675 - val_loss: 0.1330 - val_acc: 0.9442
Epoch 2/30

 100/1389 [=>............................] - ETA: 0s - loss: 0.0874 - acc: 0.9700
1389/1389 [==============================] - 0s 21us/step - loss: 0.0663 - acc: 0.9806 - val_loss: 0.1073 - val_acc: 0.9571
Epoch 3/30

 100/1389 [=>............................] - ETA: 0s - loss: 0.0227 - acc: 1.0000
1389/1389 [==============================] - 0s 21us/step - loss: 0.0283 - acc: 0.9957 - val_loss: 0.1055 - val_acc: 0.9657
Epoch 4/30

 100/1389 [=>............................] - ETA: 0s - loss: 0.0155 - acc: 1.0000
1389/1389 [==============================] - 0s 20us/step - loss: 0.0143 - acc: 0.9971 - val_loss: 0.0991 - val_acc: 0.9571
Epoch 5/30

 100/1389 [=>............................] - ETA: 0s - loss: 0.0114 - acc: 1.0000
1389/1389 [==============================] - 0s 20us/step - loss: 0.0088 - acc: 0.9986 - val_loss: 0.1003 - val_acc: 0.9528
Epoch 6/30

 100/1389 [=>............................] - ETA: 0s - loss: 0.0133 - acc: 1.0000
1389/1389 [==============================] - 0s 20us/step - loss: 0.0059 - acc: 1.0000 - val_loss: 0.1044 - val_acc: 0.9528
Epoch 7/30

 100/1389 [=>............................] - ETA: 0s - loss: 0.0033 - acc: 1.0000
1389/1389 [==============================] - 0s 21us/step - loss: 0.0040 - acc: 1.0000 - val_loss: 0.1064 - val_acc: 0.9528
Epoch 8/30

 100/1389 [=>............................] - ETA: 0s - loss: 0.0043 - acc: 1.0000
1389/1389 [==============================] - 0s 20us/step - loss: 0.0030 - acc: 1.0000 - val_loss: 0.1038 - val_acc: 0.9528
Epoch 9/30

 100/1389 [=>............................] - ETA: 0s - loss: 0.0023 - acc: 1.0000
1389/1389 [==============================] - 0s 21us/step - loss: 0.0023 - acc: 1.0000 - val_loss: 0.1063 - val_acc: 0.9528
Epoch 10/30

 100/1389 [=>............................] - ETA: 0s - loss: 0.0033 - acc: 1.0000
1389/1389 [==============================] - 0s 20us/step - loss: 0.0019 - acc: 1.0000 - val_loss: 0.1049 - val_acc: 0.9485
acc: 96.57%
Train on 1389 samples, validate on 233 samples
Epoch 1/30

 100/1389 [=>............................] - ETA: 6s - loss: 0.6930 - acc: 0.5200
1389/1389 [==============================] - 1s 423us/step - loss: 0.3161 - acc: 0.8870 - val_loss: 0.1108 - val_acc: 0.9614
Epoch 2/30

 100/1389 [=>............................] - ETA: 0s - loss: 0.0781 - acc: 0.9800
1389/1389 [==============================] - 0s 22us/step - loss: 0.0657 - acc: 0.9777 - val_loss: 0.0763 - val_acc: 0.9742
Epoch 3/30

 100/1389 [=>............................] - ETA: 0s - loss: 0.0247 - acc: 1.0000
1389/1389 [==============================] - 0s 22us/step - loss: 0.0307 - acc: 0.9928 - val_loss: 0.0712 - val_acc: 0.9785
Epoch 4/30

 100/1389 [=>............................] - ETA: 0s - loss: 0.0383 - acc: 0.9900
1389/1389 [==============================] - 0s 21us/step - loss: 0.0156 - acc: 0.9978 - val_loss: 0.0638 - val_acc: 0.9742
Epoch 5/30

 100/1389 [=>............................] - ETA: 0s - loss: 0.0282 - acc: 0.9900
1389/1389 [==============================] - 0s 22us/step - loss: 0.0095 - acc: 0.9986 - val_loss: 0.0627 - val_acc: 0.9742
Epoch 6/30

 100/1389 [=>............................] - ETA: 0s - loss: 0.0064 - acc: 1.0000
1389/1389 [==============================] - 0s 21us/step - loss: 0.0063 - acc: 0.9993 - val_loss: 0.0617 - val_acc: 0.9785
Epoch 7/30

 100/1389 [=>............................] - ETA: 0s - loss: 0.0040 - acc: 1.0000
1389/1389 [==============================] - 0s 21us/step - loss: 0.0047 - acc: 0.9993 - val_loss: 0.0590 - val_acc: 0.9871
Epoch 8/30

 100/1389 [=>............................] - ETA: 0s - loss: 0.0022 - acc: 1.0000
1389/1389 [==============================] - 0s 21us/step - loss: 0.0037 - acc: 0.9993 - val_loss: 0.0581 - val_acc: 0.9871
Epoch 9/30

 100/1389 [=>............................] - ETA: 0s - loss: 0.0023 - acc: 1.0000
1389/1389 [==============================] - 0s 21us/step - loss: 0.0030 - acc: 0.9993 - val_loss: 0.0571 - val_acc: 0.9871
Epoch 10/30

 100/1389 [=>............................] - ETA: 0s - loss: 0.0019 - acc: 1.0000
1389/1389 [==============================] - 0s 22us/step - loss: 0.0025 - acc: 0.9993 - val_loss: 0.0573 - val_acc: 0.9871
Epoch 11/30

 100/1389 [=>............................] - ETA: 0s - loss: 0.0087 - acc: 1.0000
1389/1389 [==============================] - 0s 21us/step - loss: 0.0022 - acc: 1.0000 - val_loss: 0.0566 - val_acc: 0.9871
Epoch 12/30

 100/1389 [=>............................] - ETA: 0s - loss: 0.0019 - acc: 1.0000
1389/1389 [==============================] - 0s 24us/step - loss: 0.0019 - acc: 1.0000 - val_loss: 0.0561 - val_acc: 0.9871
Epoch 13/30

 100/1389 [=>............................] - ETA: 0s - loss: 0.0012 - acc: 1.0000
1389/1389 [==============================] - 0s 21us/step - loss: 0.0016 - acc: 1.0000 - val_loss: 0.0570 - val_acc: 0.9871
Epoch 14/30

 100/1389 [=>............................] - ETA: 0s - loss: 0.0012 - acc: 1.0000
1389/1389 [==============================] - 0s 21us/step - loss: 0.0014 - acc: 1.0000 - val_loss: 0.0566 - val_acc: 0.9871
acc: 98.71%
Train on 1390 samples, validate on 232 samples
Epoch 1/30

 100/1390 [=>............................] - ETA: 8s - loss: 0.7159 - acc: 0.4400
1390/1390 [==============================] - 1s 556us/step - loss: 0.3291 - acc: 0.8727 - val_loss: 0.1279 - val_acc: 0.9569
Epoch 2/30

 100/1390 [=>............................] - ETA: 0s - loss: 0.0974 - acc: 0.9700
1390/1390 [==============================] - 0s 24us/step - loss: 0.0655 - acc: 0.9827 - val_loss: 0.1128 - val_acc: 0.9569
Epoch 3/30

 100/1390 [=>............................] - ETA: 0s - loss: 0.0103 - acc: 1.0000
1390/1390 [==============================] - 0s 27us/step - loss: 0.0286 - acc: 0.9928 - val_loss: 0.0987 - val_acc: 0.9655
Epoch 4/30

 100/1390 [=>............................] - ETA: 0s - loss: 0.0129 - acc: 1.0000
1390/1390 [==============================] - 0s 32us/step - loss: 0.0145 - acc: 0.9986 - val_loss: 0.0984 - val_acc: 0.9655
Epoch 5/30

 100/1390 [=>............................] - ETA: 0s - loss: 0.0069 - acc: 1.0000
1390/1390 [==============================] - 0s 26us/step - loss: 0.0074 - acc: 1.0000 - val_loss: 0.0980 - val_acc: 0.9655
Epoch 6/30

 100/1390 [=>............................] - ETA: 0s - loss: 0.0039 - acc: 1.0000
1390/1390 [==============================] - 0s 27us/step - loss: 0.0047 - acc: 1.0000 - val_loss: 0.0947 - val_acc: 0.9655
Epoch 7/30

 100/1390 [=>............................] - ETA: 0s - loss: 0.0044 - acc: 1.0000
1390/1390 [==============================] - 0s 26us/step - loss: 0.0033 - acc: 1.0000 - val_loss: 0.0924 - val_acc: 0.9655
Epoch 8/30

 100/1390 [=>............................] - ETA: 0s - loss: 0.0032 - acc: 1.0000
1390/1390 [==============================] - 0s 28us/step - loss: 0.0027 - acc: 1.0000 - val_loss: 0.0938 - val_acc: 0.9655
Epoch 9/30

 100/1390 [=>............................] - ETA: 0s - loss: 0.0016 - acc: 1.0000
1390/1390 [==============================] - 0s 23us/step - loss: 0.0022 - acc: 1.0000 - val_loss: 0.0928 - val_acc: 0.9655
Epoch 10/30

 100/1390 [=>............................] - ETA: 0s - loss: 0.0018 - acc: 1.0000
1390/1390 [==============================] - 0s 23us/step - loss: 0.0017 - acc: 1.0000 - val_loss: 0.0913 - val_acc: 0.9655
acc: 96.55%
Train on 1391 samples, validate on 231 samples
Epoch 1/30

 100/1391 [=>............................] - ETA: 9s - loss: 0.7127 - acc: 0.4700
1391/1391 [==============================] - 1s 643us/step - loss: 0.3409 - acc: 0.8735 - val_loss: 0.0896 - val_acc: 0.9827
Epoch 2/30

 100/1391 [=>............................] - ETA: 0s - loss: 0.1303 - acc: 0.9400
1391/1391 [==============================] - 0s 23us/step - loss: 0.0742 - acc: 0.9748 - val_loss: 0.0439 - val_acc: 0.9870
Epoch 3/30

 100/1391 [=>............................] - ETA: 0s - loss: 0.0249 - acc: 0.9900
1391/1391 [==============================] - 0s 22us/step - loss: 0.0359 - acc: 0.9914 - val_loss: 0.0414 - val_acc: 0.9870
Epoch 4/30

 100/1391 [=>............................] - ETA: 0s - loss: 0.0232 - acc: 1.0000
1391/1391 [==============================] - 0s 22us/step - loss: 0.0183 - acc: 0.9971 - val_loss: 0.0321 - val_acc: 0.9913
Epoch 5/30

 100/1391 [=>............................] - ETA: 0s - loss: 0.0226 - acc: 0.9900
1391/1391 [==============================] - 0s 23us/step - loss: 0.0111 - acc: 0.9986 - val_loss: 0.0317 - val_acc: 0.9913
Epoch 6/30

 100/1391 [=>............................] - ETA: 0s - loss: 0.0057 - acc: 1.0000
1391/1391 [==============================] - 0s 23us/step - loss: 0.0069 - acc: 0.9993 - val_loss: 0.0292 - val_acc: 0.9913
Epoch 7/30

 100/1391 [=>............................] - ETA: 0s - loss: 0.0051 - acc: 1.0000
1391/1391 [==============================] - 0s 22us/step - loss: 0.0047 - acc: 1.0000 - val_loss: 0.0256 - val_acc: 0.9870
Epoch 8/30

 100/1391 [=>............................] - ETA: 0s - loss: 0.0033 - acc: 1.0000
1391/1391 [==============================] - 0s 23us/step - loss: 0.0034 - acc: 1.0000 - val_loss: 0.0267 - val_acc: 0.9870
Epoch 9/30

 100/1391 [=>............................] - ETA: 0s - loss: 0.0041 - acc: 1.0000
1391/1391 [==============================] - 0s 22us/step - loss: 0.0026 - acc: 1.0000 - val_loss: 0.0266 - val_acc: 0.9870
Epoch 10/30

 100/1391 [=>............................] - ETA: 0s - loss: 0.0017 - acc: 1.0000
1391/1391 [==============================] - 0s 22us/step - loss: 0.0021 - acc: 1.0000 - val_loss: 0.0258 - val_acc: 0.9870
Epoch 11/30

 100/1391 [=>............................] - ETA: 0s - loss: 0.0020 - acc: 1.0000
1391/1391 [==============================] - 0s 22us/step - loss: 0.0018 - acc: 1.0000 - val_loss: 0.0255 - val_acc: 0.9870
acc: 99.13%
Train on 1391 samples, validate on 231 samples
Epoch 1/30

 100/1391 [=>............................] - ETA: 10s - loss: 0.6940 - acc: 0.5400
1391/1391 [==============================] - 1s 695us/step - loss: 0.3509 - acc: 0.8663 - val_loss: 0.1159 - val_acc: 0.9740
Epoch 2/30

 100/1391 [=>............................] - ETA: 0s - loss: 0.0842 - acc: 0.9900
1391/1391 [==============================] - 0s 23us/step - loss: 0.0770 - acc: 0.9770 - val_loss: 0.0743 - val_acc: 0.9740
Epoch 3/30

 100/1391 [=>............................] - ETA: 0s - loss: 0.0296 - acc: 0.9900
1391/1391 [==============================] - 0s 24us/step - loss: 0.0325 - acc: 0.9935 - val_loss: 0.0723 - val_acc: 0.9740
Epoch 4/30

 100/1391 [=>............................] - ETA: 0s - loss: 0.0115 - acc: 1.0000
1391/1391 [==============================] - 0s 23us/step - loss: 0.0142 - acc: 0.9986 - val_loss: 0.0825 - val_acc: 0.9740
Epoch 5/30

 100/1391 [=>............................] - ETA: 0s - loss: 0.0175 - acc: 0.9900
1391/1391 [==============================] - 0s 23us/step - loss: 0.0087 - acc: 0.9986 - val_loss: 0.0771 - val_acc: 0.9740
Epoch 6/30

 100/1391 [=>............................] - ETA: 0s - loss: 0.0050 - acc: 1.0000
1391/1391 [==============================] - 0s 23us/step - loss: 0.0055 - acc: 0.9993 - val_loss: 0.0771 - val_acc: 0.9740
Epoch 7/30

 100/1391 [=>............................] - ETA: 0s - loss: 0.0044 - acc: 1.0000
1391/1391 [==============================] - 0s 24us/step - loss: 0.0042 - acc: 1.0000 - val_loss: 0.0770 - val_acc: 0.9740
Epoch 8/30

 100/1391 [=>............................] - ETA: 0s - loss: 0.0036 - acc: 1.0000
1391/1391 [==============================] - 0s 22us/step - loss: 0.0031 - acc: 1.0000 - val_loss: 0.0801 - val_acc: 0.9740
acc: 97.40%
Train on 1391 samples, validate on 231 samples
Epoch 1/30

 100/1391 [=>............................] - ETA: 12s - loss: 0.6951 - acc: 0.5300
1391/1391 [==============================] - 1s 812us/step - loss: 0.3560 - acc: 0.8541 - val_loss: 0.1059 - val_acc: 0.9740
Epoch 2/30

 100/1391 [=>............................] - ETA: 0s - loss: 0.0966 - acc: 0.9700
1391/1391 [==============================] - 0s 23us/step - loss: 0.0709 - acc: 0.9777 - val_loss: 0.0761 - val_acc: 0.9740
Epoch 3/30

 100/1391 [=>............................] - ETA: 0s - loss: 0.0699 - acc: 0.9900
1391/1391 [==============================] - 0s 22us/step - loss: 0.0318 - acc: 0.9942 - val_loss: 0.0746 - val_acc: 0.9827
Epoch 4/30

 100/1391 [=>............................] - ETA: 0s - loss: 0.0163 - acc: 1.0000
1391/1391 [==============================] - 0s 22us/step - loss: 0.0166 - acc: 0.9978 - val_loss: 0.0643 - val_acc: 0.9913
Epoch 5/30

 100/1391 [=>............................] - ETA: 0s - loss: 0.0065 - acc: 1.0000
1391/1391 [==============================] - 0s 22us/step - loss: 0.0094 - acc: 0.9986 - val_loss: 0.0622 - val_acc: 0.9827
Epoch 6/30

 100/1391 [=>............................] - ETA: 0s - loss: 0.0041 - acc: 1.0000
1391/1391 [==============================] - 0s 21us/step - loss: 0.0064 - acc: 0.9993 - val_loss: 0.0626 - val_acc: 0.9827
Epoch 7/30

 100/1391 [=>............................] - ETA: 0s - loss: 0.0030 - acc: 1.0000
1391/1391 [==============================] - 0s 21us/step - loss: 0.0049 - acc: 0.9993 - val_loss: 0.0658 - val_acc: 0.9827
Epoch 8/30

 100/1391 [=>............................] - ETA: 0s - loss: 0.0095 - acc: 1.0000
1391/1391 [==============================] - 0s 22us/step - loss: 0.0034 - acc: 1.0000 - val_loss: 0.0629 - val_acc: 0.9870
Epoch 9/30

 100/1391 [=>............................] - ETA: 0s - loss: 0.0047 - acc: 1.0000
1391/1391 [==============================] - 0s 22us/step - loss: 0.0034 - acc: 0.9993 - val_loss: 0.0676 - val_acc: 0.9827
Epoch 10/30

 100/1391 [=>............................] - ETA: 0s - loss: 0.0020 - acc: 1.0000
1391/1391 [==============================] - 0s 22us/step - loss: 0.0025 - acc: 1.0000 - val_loss: 0.0656 - val_acc: 0.9827
Epoch 11/30

 100/1391 [=>............................] - ETA: 0s - loss: 0.0033 - acc: 1.0000
1391/1391 [==============================] - 0s 22us/step - loss: 0.0020 - acc: 1.0000 - val_loss: 0.0663 - val_acc: 0.9827
acc: 99.13%
Train on 1391 samples, validate on 231 samples
Epoch 1/30

 100/1391 [=>............................] - ETA: 12s - loss: 0.7053 - acc: 0.4800
1391/1391 [==============================] - 1s 820us/step - loss: 0.3252 - acc: 0.8871 - val_loss: 0.0802 - val_acc: 0.9740
Epoch 2/30

 100/1391 [=>............................] - ETA: 0s - loss: 0.0633 - acc: 1.0000
1391/1391 [==============================] - 0s 24us/step - loss: 0.0729 - acc: 0.9770 - val_loss: 0.0376 - val_acc: 0.9784
Epoch 3/30

 100/1391 [=>............................] - ETA: 0s - loss: 0.0302 - acc: 0.9900
1391/1391 [==============================] - 0s 23us/step - loss: 0.0315 - acc: 0.9907 - val_loss: 0.0393 - val_acc: 0.9870
Epoch 4/30

 100/1391 [=>............................] - ETA: 0s - loss: 0.0089 - acc: 1.0000
1391/1391 [==============================] - 0s 24us/step - loss: 0.0162 - acc: 0.9978 - val_loss: 0.0358 - val_acc: 0.9870
Epoch 5/30

 100/1391 [=>............................] - ETA: 0s - loss: 0.0111 - acc: 1.0000
1391/1391 [==============================] - 0s 23us/step - loss: 0.0096 - acc: 0.9986 - val_loss: 0.0338 - val_acc: 0.9870
Epoch 6/30

 100/1391 [=>............................] - ETA: 0s - loss: 0.0054 - acc: 1.0000
1391/1391 [==============================] - 0s 22us/step - loss: 0.0057 - acc: 1.0000 - val_loss: 0.0320 - val_acc: 0.9870
Epoch 7/30

 100/1391 [=>............................] - ETA: 0s - loss: 0.0028 - acc: 1.0000
1391/1391 [==============================] - 0s 22us/step - loss: 0.0040 - acc: 1.0000 - val_loss: 0.0293 - val_acc: 0.9913
Epoch 8/30

 100/1391 [=>............................] - ETA: 0s - loss: 0.0034 - acc: 1.0000
1391/1391 [==============================] - 0s 22us/step - loss: 0.0031 - acc: 1.0000 - val_loss: 0.0285 - val_acc: 0.9913
Epoch 9/30

 100/1391 [=>............................] - ETA: 0s - loss: 0.0020 - acc: 1.0000
1391/1391 [==============================] - 0s 22us/step - loss: 0.0025 - acc: 1.0000 - val_loss: 0.0280 - val_acc: 0.9913
Epoch 10/30

 100/1391 [=>............................] - ETA: 0s - loss: 0.0029 - acc: 1.0000
1391/1391 [==============================] - 0s 23us/step - loss: 0.0021 - acc: 1.0000 - val_loss: 0.0277 - val_acc: 0.9957
Epoch 11/30

 100/1391 [=>............................] - ETA: 0s - loss: 0.0019 - acc: 1.0000
1391/1391 [==============================] - 0s 22us/step - loss: 0.0017 - acc: 1.0000 - val_loss: 0.0272 - val_acc: 0.9957
Epoch 12/30

 100/1391 [=>............................] - ETA: 0s - loss: 9.1045e-04 - acc: 1.0000
1391/1391 [==============================] - 0s 22us/step - loss: 0.0015 - acc: 1.0000 - val_loss: 0.0282 - val_acc: 0.9957
Epoch 13/30

 100/1391 [=>............................] - ETA: 0s - loss: 0.0013 - acc: 1.0000
1391/1391 [==============================] - 0s 23us/step - loss: 0.0013 - acc: 1.0000 - val_loss: 0.0277 - val_acc: 0.9957
Epoch 14/30

 100/1391 [=>............................] - ETA: 0s - loss: 0.0013 - acc: 1.0000
1391/1391 [==============================] - 0s 23us/step - loss: 0.0012 - acc: 1.0000 - val_loss: 0.0272 - val_acc: 0.9957
Epoch 15/30

 100/1391 [=>............................] - ETA: 0s - loss: 6.8336e-04 - acc: 1.0000
1391/1391 [==============================] - 0s 23us/step - loss: 0.0010 - acc: 1.0000 - val_loss: 0.0277 - val_acc: 0.9957
Epoch 16/30

 100/1391 [=>............................] - ETA: 0s - loss: 0.0011 - acc: 1.0000
1391/1391 [==============================] - 0s 24us/step - loss: 9.1502e-04 - acc: 1.0000 - val_loss: 0.0271 - val_acc: 0.9957
Epoch 17/30

 100/1391 [=>............................] - ETA: 0s - loss: 8.7020e-04 - acc: 1.0000
1391/1391 [==============================] - 0s 23us/step - loss: 8.2850e-04 - acc: 1.0000 - val_loss: 0.0272 - val_acc: 0.9957
acc: 99.57%
Accuracy: 98.15% (+/- 1.19%)
