Train on 1459 samples, validate on 163 samples
Epoch 1/30

  20/1459 [..............................] - ETA: 32s - loss: 0.6938 - acc: 0.4500
 540/1459 [==========>...................] - ETA: 0s - loss: 0.6127 - acc: 0.7167 
1100/1459 [=====================>........] - ETA: 0s - loss: 0.5321 - acc: 0.8136
1459/1459 [==============================] - 1s 435us/step - loss: 0.4812 - acc: 0.8485 - val_loss: 0.2893 - val_acc: 0.9632
Epoch 2/30

  20/1459 [..............................] - ETA: 0s - loss: 0.2415 - acc: 1.0000
 600/1459 [===========>..................] - ETA: 0s - loss: 0.2081 - acc: 0.9800
1140/1459 [======================>.......] - ETA: 0s - loss: 0.1748 - acc: 0.9798
1459/1459 [==============================] - 0s 92us/step - loss: 0.1650 - acc: 0.9781 - val_loss: 0.1474 - val_acc: 0.9571
Epoch 3/30

  20/1459 [..............................] - ETA: 0s - loss: 0.1077 - acc: 1.0000
 600/1459 [===========>..................] - ETA: 0s - loss: 0.0894 - acc: 0.9867
1220/1459 [========================>.....] - ETA: 0s - loss: 0.0884 - acc: 0.9844
1459/1459 [==============================] - 0s 88us/step - loss: 0.0851 - acc: 0.9863 - val_loss: 0.1157 - val_acc: 0.9632
Epoch 4/30

  20/1459 [..............................] - ETA: 0s - loss: 0.0568 - acc: 1.0000
 600/1459 [===========>..................] - ETA: 0s - loss: 0.0660 - acc: 0.9867
1100/1459 [=====================>........] - ETA: 0s - loss: 0.0585 - acc: 0.9909
1459/1459 [==============================] - 0s 94us/step - loss: 0.0591 - acc: 0.9897 - val_loss: 0.1060 - val_acc: 0.9632
Epoch 5/30

  20/1459 [..............................] - ETA: 0s - loss: 0.0476 - acc: 1.0000
 620/1459 [===========>..................] - ETA: 0s - loss: 0.0436 - acc: 0.9968
1180/1459 [=======================>......] - ETA: 0s - loss: 0.0429 - acc: 0.9941
1459/1459 [==============================] - 0s 91us/step - loss: 0.0441 - acc: 0.9931 - val_loss: 0.1013 - val_acc: 0.9632
Epoch 6/30

  20/1459 [..............................] - ETA: 0s - loss: 0.0173 - acc: 1.0000
 540/1459 [==========>...................] - ETA: 0s - loss: 0.0332 - acc: 0.9981
1120/1459 [======================>.......] - ETA: 0s - loss: 0.0334 - acc: 0.9955
1459/1459 [==============================] - 0s 95us/step - loss: 0.0337 - acc: 0.9959 - val_loss: 0.0974 - val_acc: 0.9693
Epoch 7/30

  20/1459 [..............................] - ETA: 0s - loss: 0.0894 - acc: 0.9500
 600/1459 [===========>..................] - ETA: 0s - loss: 0.0285 - acc: 0.9967
1160/1459 [======================>.......] - ETA: 0s - loss: 0.0250 - acc: 0.9974
1459/1459 [==============================] - 0s 91us/step - loss: 0.0271 - acc: 0.9966 - val_loss: 0.0960 - val_acc: 0.9693
Epoch 8/30

  20/1459 [..............................] - ETA: 0s - loss: 0.0397 - acc: 1.0000
 480/1459 [========>.....................] - ETA: 0s - loss: 0.0231 - acc: 0.9958
1020/1459 [===================>..........] - ETA: 0s - loss: 0.0208 - acc: 0.9971
1459/1459 [==============================] - 0s 100us/step - loss: 0.0217 - acc: 0.9973 - val_loss: 0.0955 - val_acc: 0.9693
Epoch 9/30

  20/1459 [..............................] - ETA: 0s - loss: 0.0176 - acc: 1.0000
 580/1459 [==========>...................] - ETA: 0s - loss: 0.0160 - acc: 0.9966
1160/1459 [======================>.......] - ETA: 0s - loss: 0.0162 - acc: 0.9974
1459/1459 [==============================] - 0s 92us/step - loss: 0.0175 - acc: 0.9973 - val_loss: 0.0934 - val_acc: 0.9755
Epoch 10/30

  20/1459 [..............................] - ETA: 0s - loss: 0.0124 - acc: 1.0000
 600/1459 [===========>..................] - ETA: 0s - loss: 0.0126 - acc: 0.9983
1180/1459 [=======================>......] - ETA: 0s - loss: 0.0135 - acc: 0.9983
1459/1459 [==============================] - 0s 92us/step - loss: 0.0142 - acc: 0.9979 - val_loss: 0.0971 - val_acc: 0.9693
Epoch 11/30

  20/1459 [..............................] - ETA: 0s - loss: 0.0101 - acc: 1.0000
 580/1459 [==========>...................] - ETA: 0s - loss: 0.0135 - acc: 0.9983
1100/1459 [=====================>........] - ETA: 0s - loss: 0.0113 - acc: 0.9991
1459/1459 [==============================] - 0s 102us/step - loss: 0.0122 - acc: 0.9986 - val_loss: 0.0967 - val_acc: 0.9693
Epoch 12/30

  20/1459 [..............................] - ETA: 0s - loss: 0.0081 - acc: 1.0000
 340/1459 [=====>........................] - ETA: 0s - loss: 0.0099 - acc: 1.0000
 820/1459 [===============>..............] - ETA: 0s - loss: 0.0092 - acc: 1.0000
1200/1459 [=======================>......] - ETA: 0s - loss: 0.0094 - acc: 0.9992
1459/1459 [==============================] - 0s 134us/step - loss: 0.0102 - acc: 0.9986 - val_loss: 0.0972 - val_acc: 0.9693
Epoch 13/30

  20/1459 [..............................] - ETA: 0s - loss: 0.0076 - acc: 1.0000
 440/1459 [========>.....................] - ETA: 0s - loss: 0.0086 - acc: 1.0000
 900/1459 [=================>............] - ETA: 0s - loss: 0.0083 - acc: 1.0000
1459/1459 [==============================] - 0s 108us/step - loss: 0.0088 - acc: 0.9993 - val_loss: 0.0968 - val_acc: 0.9755
Epoch 14/30

  20/1459 [..............................] - ETA: 0s - loss: 0.0060 - acc: 1.0000
 580/1459 [==========>...................] - ETA: 0s - loss: 0.0061 - acc: 1.0000
1120/1459 [======================>.......] - ETA: 0s - loss: 0.0065 - acc: 1.0000
1459/1459 [==============================] - 0s 101us/step - loss: 0.0074 - acc: 0.9993 - val_loss: 0.0978 - val_acc: 0.9693
Epoch 15/30

  20/1459 [..............................] - ETA: 0s - loss: 0.0040 - acc: 1.0000
 500/1459 [=========>....................] - ETA: 0s - loss: 0.0049 - acc: 1.0000
 940/1459 [==================>...........] - ETA: 0s - loss: 0.0059 - acc: 1.0000
1420/1459 [============================>.] - ETA: 0s - loss: 0.0061 - acc: 1.0000
1459/1459 [==============================] - 0s 112us/step - loss: 0.0062 - acc: 1.0000 - val_loss: 0.0961 - val_acc: 0.9755
Epoch 16/30

  20/1459 [..............................] - ETA: 0s - loss: 0.0043 - acc: 1.0000
 480/1459 [========>.....................] - ETA: 0s - loss: 0.0050 - acc: 1.0000
 920/1459 [=================>............] - ETA: 0s - loss: 0.0056 - acc: 1.0000
1459/1459 [==============================] - 0s 110us/step - loss: 0.0055 - acc: 1.0000 - val_loss: 0.0967 - val_acc: 0.9693
Epoch 17/30

  20/1459 [..............................] - ETA: 0s - loss: 0.0018 - acc: 1.0000
 540/1459 [==========>...................] - ETA: 0s - loss: 0.0039 - acc: 1.0000
1080/1459 [=====================>........] - ETA: 0s - loss: 0.0049 - acc: 1.0000
1459/1459 [==============================] - 0s 99us/step - loss: 0.0048 - acc: 1.0000 - val_loss: 0.0970 - val_acc: 0.9755
acc: 97.55%
Train on 1459 samples, validate on 163 samples
Epoch 1/30

  20/1459 [..............................] - ETA: 37s - loss: 0.7128 - acc: 0.5500
 640/1459 [============>.................] - ETA: 0s - loss: 0.6226 - acc: 0.7156 
1240/1459 [========================>.....] - ETA: 0s - loss: 0.5331 - acc: 0.8185
1459/1459 [==============================] - 1s 482us/step - loss: 0.5004 - acc: 0.8410 - val_loss: 0.3133 - val_acc: 0.9509
Epoch 2/30

  20/1459 [..............................] - ETA: 0s - loss: 0.3505 - acc: 0.9500
 620/1459 [===========>..................] - ETA: 0s - loss: 0.2174 - acc: 0.9694
1200/1459 [=======================>......] - ETA: 0s - loss: 0.1816 - acc: 0.9700
1459/1459 [==============================] - 0s 93us/step - loss: 0.1696 - acc: 0.9726 - val_loss: 0.1525 - val_acc: 0.9632
Epoch 3/30

  20/1459 [..............................] - ETA: 0s - loss: 0.0625 - acc: 1.0000
 640/1459 [============>.................] - ETA: 0s - loss: 0.0942 - acc: 0.9844
1220/1459 [========================>.....] - ETA: 0s - loss: 0.0902 - acc: 0.9836
1459/1459 [==============================] - 0s 89us/step - loss: 0.0882 - acc: 0.9829 - val_loss: 0.1183 - val_acc: 0.9693
Epoch 4/30

  20/1459 [..............................] - ETA: 0s - loss: 0.0246 - acc: 1.0000
 560/1459 [==========>...................] - ETA: 0s - loss: 0.0555 - acc: 0.9911
1080/1459 [=====================>........] - ETA: 0s - loss: 0.0649 - acc: 0.9870
1459/1459 [==============================] - 0s 98us/step - loss: 0.0609 - acc: 0.9877 - val_loss: 0.1022 - val_acc: 0.9693
Epoch 5/30

  20/1459 [..............................] - ETA: 0s - loss: 0.0243 - acc: 1.0000
 600/1459 [===========>..................] - ETA: 0s - loss: 0.0456 - acc: 0.9917
1180/1459 [=======================>......] - ETA: 0s - loss: 0.0449 - acc: 0.9898
1459/1459 [==============================] - 0s 90us/step - loss: 0.0448 - acc: 0.9904 - val_loss: 0.0903 - val_acc: 0.9693
Epoch 6/30

  20/1459 [..............................] - ETA: 0s - loss: 0.0180 - acc: 1.0000
 620/1459 [===========>..................] - ETA: 0s - loss: 0.0332 - acc: 0.9968
1100/1459 [=====================>........] - ETA: 0s - loss: 0.0319 - acc: 0.9973
1459/1459 [==============================] - 0s 95us/step - loss: 0.0345 - acc: 0.9959 - val_loss: 0.0845 - val_acc: 0.9693
Epoch 7/30

  20/1459 [..............................] - ETA: 0s - loss: 0.0437 - acc: 1.0000
 600/1459 [===========>..................] - ETA: 0s - loss: 0.0244 - acc: 1.0000
1160/1459 [======================>.......] - ETA: 0s - loss: 0.0231 - acc: 0.9983
1459/1459 [==============================] - 0s 93us/step - loss: 0.0269 - acc: 0.9966 - val_loss: 0.0796 - val_acc: 0.9632
Epoch 8/30

  20/1459 [..............................] - ETA: 0s - loss: 0.0199 - acc: 1.0000
 500/1459 [=========>....................] - ETA: 0s - loss: 0.0255 - acc: 0.9960
1080/1459 [=====================>........] - ETA: 0s - loss: 0.0233 - acc: 0.9972
1459/1459 [==============================] - 0s 98us/step - loss: 0.0218 - acc: 0.9979 - val_loss: 0.0738 - val_acc: 0.9755
Epoch 9/30

  20/1459 [..............................] - ETA: 0s - loss: 0.0124 - acc: 1.0000
 580/1459 [==========>...................] - ETA: 0s - loss: 0.0164 - acc: 0.9983
1160/1459 [======================>.......] - ETA: 0s - loss: 0.0185 - acc: 0.9966
1459/1459 [==============================] - 0s 94us/step - loss: 0.0176 - acc: 0.9973 - val_loss: 0.0734 - val_acc: 0.9632
Epoch 10/30

  20/1459 [..............................] - ETA: 0s - loss: 0.0262 - acc: 1.0000
 520/1459 [=========>....................] - ETA: 0s - loss: 0.0143 - acc: 0.9981
1120/1459 [======================>.......] - ETA: 0s - loss: 0.0139 - acc: 0.9982
1459/1459 [==============================] - 0s 94us/step - loss: 0.0144 - acc: 0.9979 - val_loss: 0.0728 - val_acc: 0.9632
Epoch 11/30

  20/1459 [..............................] - ETA: 0s - loss: 0.0044 - acc: 1.0000
 520/1459 [=========>....................] - ETA: 0s - loss: 0.0097 - acc: 1.0000
1060/1459 [====================>.........] - ETA: 0s - loss: 0.0108 - acc: 0.9991
1459/1459 [==============================] - 0s 107us/step - loss: 0.0120 - acc: 0.9979 - val_loss: 0.0686 - val_acc: 0.9755
Epoch 12/30

  20/1459 [..............................] - ETA: 0s - loss: 0.0067 - acc: 1.0000
 480/1459 [========>.....................] - ETA: 0s - loss: 0.0102 - acc: 1.0000
 940/1459 [==================>...........] - ETA: 0s - loss: 0.0109 - acc: 0.9989
1440/1459 [============================>.] - ETA: 0s - loss: 0.0100 - acc: 0.9993
1459/1459 [==============================] - 0s 112us/step - loss: 0.0100 - acc: 0.9993 - val_loss: 0.0692 - val_acc: 0.9693
Epoch 13/30

  20/1459 [..............................] - ETA: 0s - loss: 0.0087 - acc: 1.0000
 560/1459 [==========>...................] - ETA: 0s - loss: 0.0096 - acc: 1.0000
1000/1459 [===================>..........] - ETA: 0s - loss: 0.0091 - acc: 1.0000
1459/1459 [==============================] - 0s 103us/step - loss: 0.0085 - acc: 1.0000 - val_loss: 0.0681 - val_acc: 0.9755
Epoch 14/30

  20/1459 [..............................] - ETA: 0s - loss: 0.0028 - acc: 1.0000
 440/1459 [========>.....................] - ETA: 0s - loss: 0.0069 - acc: 1.0000
 800/1459 [===============>..............] - ETA: 0s - loss: 0.0075 - acc: 1.0000
1200/1459 [=======================>......] - ETA: 0s - loss: 0.0077 - acc: 0.9992
1459/1459 [==============================] - 0s 134us/step - loss: 0.0073 - acc: 0.9993 - val_loss: 0.0689 - val_acc: 0.9755
Epoch 15/30

  20/1459 [..............................] - ETA: 0s - loss: 0.0037 - acc: 1.0000
 460/1459 [========>.....................] - ETA: 0s - loss: 0.0050 - acc: 1.0000
 900/1459 [=================>............] - ETA: 0s - loss: 0.0070 - acc: 1.0000
1360/1459 [==========================>...] - ETA: 0s - loss: 0.0060 - acc: 1.0000
1459/1459 [==============================] - 0s 115us/step - loss: 0.0064 - acc: 1.0000 - val_loss: 0.0681 - val_acc: 0.9755
Epoch 16/30

  20/1459 [..............................] - ETA: 0s - loss: 0.0038 - acc: 1.0000
 540/1459 [==========>...................] - ETA: 0s - loss: 0.0050 - acc: 1.0000
1100/1459 [=====================>........] - ETA: 0s - loss: 0.0050 - acc: 1.0000
1459/1459 [==============================] - 0s 97us/step - loss: 0.0055 - acc: 1.0000 - val_loss: 0.0674 - val_acc: 0.9755
acc: 97.55%
Train on 1459 samples, validate on 163 samples
Epoch 1/30

  20/1459 [..............................] - ETA: 45s - loss: 0.7408 - acc: 0.4000
 440/1459 [========>.....................] - ETA: 1s - loss: 0.6528 - acc: 0.6386 
 940/1459 [==================>...........] - ETA: 0s - loss: 0.5863 - acc: 0.7755
1459/1459 [==============================] - 1s 582us/step - loss: 0.5058 - acc: 0.8451 - val_loss: 0.2915 - val_acc: 0.9632
Epoch 2/30

  20/1459 [..............................] - ETA: 0s - loss: 0.2539 - acc: 1.0000
 640/1459 [============>.................] - ETA: 0s - loss: 0.2240 - acc: 0.9766
1240/1459 [========================>.....] - ETA: 0s - loss: 0.1886 - acc: 0.9710
1459/1459 [==============================] - 0s 87us/step - loss: 0.1742 - acc: 0.9733 - val_loss: 0.1350 - val_acc: 0.9693
Epoch 3/30

  20/1459 [..............................] - ETA: 0s - loss: 0.0746 - acc: 1.0000
 640/1459 [============>.................] - ETA: 0s - loss: 0.0925 - acc: 0.9812
1240/1459 [========================>.....] - ETA: 0s - loss: 0.0936 - acc: 0.9766
1459/1459 [==============================] - 0s 87us/step - loss: 0.0906 - acc: 0.9774 - val_loss: 0.1054 - val_acc: 0.9693
Epoch 4/30

  20/1459 [..............................] - ETA: 0s - loss: 0.0402 - acc: 1.0000
 400/1459 [=======>......................] - ETA: 0s - loss: 0.0661 - acc: 0.9850
 780/1459 [===============>..............] - ETA: 0s - loss: 0.0681 - acc: 0.9821
1220/1459 [========================>.....] - ETA: 0s - loss: 0.0643 - acc: 0.9852
1459/1459 [==============================] - 0s 131us/step - loss: 0.0624 - acc: 0.9856 - val_loss: 0.0969 - val_acc: 0.9693
Epoch 5/30

  20/1459 [..............................] - ETA: 0s - loss: 0.0722 - acc: 0.9500
 440/1459 [========>.....................] - ETA: 0s - loss: 0.0418 - acc: 0.9932
 860/1459 [================>.............] - ETA: 0s - loss: 0.0395 - acc: 0.9953
1280/1459 [=========================>....] - ETA: 0s - loss: 0.0474 - acc: 0.9898
1459/1459 [==============================] - 0s 122us/step - loss: 0.0461 - acc: 0.9911 - val_loss: 0.0901 - val_acc: 0.9693
Epoch 6/30

  20/1459 [..............................] - ETA: 0s - loss: 0.0157 - acc: 1.0000
 580/1459 [==========>...................] - ETA: 0s - loss: 0.0340 - acc: 0.9948
1100/1459 [=====================>........] - ETA: 0s - loss: 0.0384 - acc: 0.9936
1459/1459 [==============================] - 0s 96us/step - loss: 0.0354 - acc: 0.9952 - val_loss: 0.0863 - val_acc: 0.9755
Epoch 7/30

  20/1459 [..............................] - ETA: 0s - loss: 0.0190 - acc: 1.0000
 580/1459 [==========>...................] - ETA: 0s - loss: 0.0266 - acc: 0.9983
1140/1459 [======================>.......] - ETA: 0s - loss: 0.0293 - acc: 0.9956
1459/1459 [==============================] - 0s 94us/step - loss: 0.0277 - acc: 0.9959 - val_loss: 0.0839 - val_acc: 0.9755
Epoch 8/30

  20/1459 [..............................] - ETA: 0s - loss: 0.0191 - acc: 1.0000
 620/1459 [===========>..................] - ETA: 0s - loss: 0.0215 - acc: 0.9984
1160/1459 [======================>.......] - ETA: 0s - loss: 0.0207 - acc: 0.9983
1459/1459 [==============================] - 0s 93us/step - loss: 0.0225 - acc: 0.9973 - val_loss: 0.0829 - val_acc: 0.9755
Epoch 9/30

  20/1459 [..............................] - ETA: 0s - loss: 0.0160 - acc: 1.0000
 560/1459 [==========>...................] - ETA: 0s - loss: 0.0154 - acc: 1.0000
1120/1459 [======================>.......] - ETA: 0s - loss: 0.0178 - acc: 0.9982
1459/1459 [==============================] - 0s 98us/step - loss: 0.0179 - acc: 0.9979 - val_loss: 0.0790 - val_acc: 0.9755
Epoch 10/30

  20/1459 [..............................] - ETA: 0s - loss: 0.0124 - acc: 1.0000
 480/1459 [========>.....................] - ETA: 0s - loss: 0.0122 - acc: 1.0000
 880/1459 [=================>............] - ETA: 0s - loss: 0.0148 - acc: 0.9977
1300/1459 [=========================>....] - ETA: 0s - loss: 0.0149 - acc: 0.9985
1459/1459 [==============================] - 0s 121us/step - loss: 0.0151 - acc: 0.9979 - val_loss: 0.0802 - val_acc: 0.9755
Epoch 11/30

  20/1459 [..............................] - ETA: 0s - loss: 0.0055 - acc: 1.0000
 500/1459 [=========>....................] - ETA: 0s - loss: 0.0144 - acc: 0.9980
1020/1459 [===================>..........] - ETA: 0s - loss: 0.0131 - acc: 0.9990
1459/1459 [==============================] - 0s 104us/step - loss: 0.0123 - acc: 0.9993 - val_loss: 0.0810 - val_acc: 0.9755
Epoch 12/30

  20/1459 [..............................] - ETA: 0s - loss: 0.0064 - acc: 1.0000
 560/1459 [==========>...................] - ETA: 0s - loss: 0.0088 - acc: 1.0000
1000/1459 [===================>..........] - ETA: 0s - loss: 0.0094 - acc: 0.9990
1459/1459 [==============================] - 0s 102us/step - loss: 0.0104 - acc: 0.9986 - val_loss: 0.0804 - val_acc: 0.9755
Epoch 13/30

  20/1459 [..............................] - ETA: 0s - loss: 0.0130 - acc: 1.0000
 600/1459 [===========>..................] - ETA: 0s - loss: 0.0090 - acc: 1.0000
1160/1459 [======================>.......] - ETA: 0s - loss: 0.0086 - acc: 1.0000
1459/1459 [==============================] - 0s 92us/step - loss: 0.0089 - acc: 0.9993 - val_loss: 0.0815 - val_acc: 0.9755
Epoch 14/30

  20/1459 [..............................] - ETA: 0s - loss: 0.0090 - acc: 1.0000
 480/1459 [========>.....................] - ETA: 0s - loss: 0.0064 - acc: 1.0000
1040/1459 [====================>.........] - ETA: 0s - loss: 0.0074 - acc: 1.0000
1459/1459 [==============================] - 0s 100us/step - loss: 0.0077 - acc: 1.0000 - val_loss: 0.0814 - val_acc: 0.9755
acc: 97.55%
Train on 1460 samples, validate on 162 samples
Epoch 1/30

  20/1460 [..............................] - ETA: 54s - loss: 0.7060 - acc: 0.5000
 580/1460 [==========>...................] - ETA: 1s - loss: 0.6205 - acc: 0.7328 
1140/1460 [======================>.......] - ETA: 0s - loss: 0.5350 - acc: 0.8404
1460/1460 [==============================] - 1s 666us/step - loss: 0.4904 - acc: 0.8616 - val_loss: 0.2715 - val_acc: 0.9630
Epoch 2/30

  20/1460 [..............................] - ETA: 0s - loss: 0.2297 - acc: 1.0000
 560/1460 [==========>...................] - ETA: 0s - loss: 0.2149 - acc: 0.9696
1140/1460 [======================>.......] - ETA: 0s - loss: 0.1814 - acc: 0.9693
1460/1460 [==============================] - 0s 93us/step - loss: 0.1698 - acc: 0.9705 - val_loss: 0.1304 - val_acc: 0.9691
Epoch 3/30

  20/1460 [..............................] - ETA: 0s - loss: 0.0590 - acc: 1.0000
 560/1460 [==========>...................] - ETA: 0s - loss: 0.0905 - acc: 0.9804
1120/1460 [======================>.......] - ETA: 0s - loss: 0.0885 - acc: 0.9830
1460/1460 [==============================] - 0s 96us/step - loss: 0.0887 - acc: 0.9815 - val_loss: 0.0960 - val_acc: 0.9691
Epoch 4/30

  20/1460 [..............................] - ETA: 0s - loss: 0.0764 - acc: 1.0000
 560/1460 [==========>...................] - ETA: 0s - loss: 0.0669 - acc: 0.9911
1160/1460 [======================>.......] - ETA: 0s - loss: 0.0598 - acc: 0.9931
1460/1460 [==============================] - 0s 92us/step - loss: 0.0611 - acc: 0.9890 - val_loss: 0.0881 - val_acc: 0.9691
Epoch 5/30

  20/1460 [..............................] - ETA: 0s - loss: 0.0198 - acc: 1.0000
 620/1460 [===========>..................] - ETA: 0s - loss: 0.0424 - acc: 0.9952
1200/1460 [=======================>......] - ETA: 0s - loss: 0.0473 - acc: 0.9942
1460/1460 [==============================] - 0s 93us/step - loss: 0.0463 - acc: 0.9938 - val_loss: 0.0823 - val_acc: 0.9691
Epoch 6/30

  20/1460 [..............................] - ETA: 0s - loss: 0.0381 - acc: 1.0000
 500/1460 [=========>....................] - ETA: 0s - loss: 0.0336 - acc: 0.9960
1040/1460 [====================>.........] - ETA: 0s - loss: 0.0351 - acc: 0.9952
1460/1460 [==============================] - 0s 102us/step - loss: 0.0359 - acc: 0.9945 - val_loss: 0.0773 - val_acc: 0.9691
Epoch 7/30

  20/1460 [..............................] - ETA: 0s - loss: 0.0402 - acc: 1.0000
 560/1460 [==========>...................] - ETA: 0s - loss: 0.0314 - acc: 0.9946
1040/1460 [====================>.........] - ETA: 0s - loss: 0.0285 - acc: 0.9962
1460/1460 [==============================] - 0s 102us/step - loss: 0.0292 - acc: 0.9959 - val_loss: 0.0726 - val_acc: 0.9691
Epoch 8/30

  20/1460 [..............................] - ETA: 0s - loss: 0.0231 - acc: 1.0000
 560/1460 [==========>...................] - ETA: 0s - loss: 0.0232 - acc: 0.9946
1100/1460 [=====================>........] - ETA: 0s - loss: 0.0236 - acc: 0.9964
1460/1460 [==============================] - 0s 99us/step - loss: 0.0231 - acc: 0.9966 - val_loss: 0.0694 - val_acc: 0.9691
Epoch 9/30

  20/1460 [..............................] - ETA: 0s - loss: 0.0169 - acc: 1.0000
 540/1460 [==========>...................] - ETA: 0s - loss: 0.0176 - acc: 0.9963
1100/1460 [=====================>........] - ETA: 0s - loss: 0.0188 - acc: 0.9964
1460/1460 [==============================] - 0s 97us/step - loss: 0.0190 - acc: 0.9966 - val_loss: 0.0682 - val_acc: 0.9691
Epoch 10/30

  20/1460 [..............................] - ETA: 0s - loss: 0.0179 - acc: 1.0000
 580/1460 [==========>...................] - ETA: 0s - loss: 0.0162 - acc: 0.9983
1120/1460 [======================>.......] - ETA: 0s - loss: 0.0161 - acc: 0.9982
1460/1460 [==============================] - 0s 95us/step - loss: 0.0155 - acc: 0.9979 - val_loss: 0.0653 - val_acc: 0.9691
acc: 96.91%
Train on 1460 samples, validate on 162 samples
Epoch 1/30

  20/1460 [..............................] - ETA: 57s - loss: 0.6752 - acc: 0.6000
 600/1460 [===========>..................] - ETA: 1s - loss: 0.6221 - acc: 0.7400 
1220/1460 [========================>.....] - ETA: 0s - loss: 0.5338 - acc: 0.8369
1460/1460 [==============================] - 1s 700us/step - loss: 0.4988 - acc: 0.8555 - val_loss: 0.2880 - val_acc: 0.9815
Epoch 2/30

  20/1460 [..............................] - ETA: 0s - loss: 0.2451 - acc: 1.0000
 600/1460 [===========>..................] - ETA: 0s - loss: 0.2291 - acc: 0.9650
1160/1460 [======================>.......] - ETA: 0s - loss: 0.1896 - acc: 0.9707
1460/1460 [==============================] - 0s 91us/step - loss: 0.1796 - acc: 0.9719 - val_loss: 0.1257 - val_acc: 0.9815
Epoch 3/30

  20/1460 [..............................] - ETA: 0s - loss: 0.1208 - acc: 1.0000
 600/1460 [===========>..................] - ETA: 0s - loss: 0.0990 - acc: 0.9800
1080/1460 [=====================>........] - ETA: 0s - loss: 0.0982 - acc: 0.9796
1460/1460 [==============================] - 0s 98us/step - loss: 0.0956 - acc: 0.9788 - val_loss: 0.0891 - val_acc: 0.9815
Epoch 4/30

  20/1460 [..............................] - ETA: 0s - loss: 0.1526 - acc: 0.9500
 620/1460 [===========>..................] - ETA: 0s - loss: 0.0722 - acc: 0.9871
1140/1460 [======================>.......] - ETA: 0s - loss: 0.0727 - acc: 0.9851
1460/1460 [==============================] - 0s 94us/step - loss: 0.0667 - acc: 0.9877 - val_loss: 0.0757 - val_acc: 0.9815
Epoch 5/30

  20/1460 [..............................] - ETA: 0s - loss: 0.0453 - acc: 1.0000
 500/1460 [=========>....................] - ETA: 0s - loss: 0.0495 - acc: 0.9920
1040/1460 [====================>.........] - ETA: 0s - loss: 0.0518 - acc: 0.9913
1460/1460 [==============================] - 0s 100us/step - loss: 0.0494 - acc: 0.9911 - val_loss: 0.0694 - val_acc: 0.9815
Epoch 6/30

  20/1460 [..............................] - ETA: 0s - loss: 0.0588 - acc: 1.0000
 580/1460 [==========>...................] - ETA: 0s - loss: 0.0431 - acc: 0.9931
1160/1460 [======================>.......] - ETA: 0s - loss: 0.0408 - acc: 0.9922
1460/1460 [==============================] - 0s 92us/step - loss: 0.0382 - acc: 0.9938 - val_loss: 0.0648 - val_acc: 0.9815
Epoch 7/30

  20/1460 [..............................] - ETA: 0s - loss: 0.0185 - acc: 1.0000
 540/1460 [==========>...................] - ETA: 0s - loss: 0.0296 - acc: 0.9944
1080/1460 [=====================>........] - ETA: 0s - loss: 0.0349 - acc: 0.9944
1460/1460 [==============================] - 0s 98us/step - loss: 0.0308 - acc: 0.9959 - val_loss: 0.0596 - val_acc: 0.9815
Epoch 8/30

  20/1460 [..............................] - ETA: 0s - loss: 0.0344 - acc: 1.0000
 560/1460 [==========>...................] - ETA: 0s - loss: 0.0291 - acc: 0.9929
1080/1460 [=====================>........] - ETA: 0s - loss: 0.0270 - acc: 0.9954
1460/1460 [==============================] - 0s 109us/step - loss: 0.0247 - acc: 0.9966 - val_loss: 0.0569 - val_acc: 0.9815
Epoch 9/30

  20/1460 [..............................] - ETA: 0s - loss: 0.0168 - acc: 1.0000
 580/1460 [==========>...................] - ETA: 0s - loss: 0.0154 - acc: 1.0000
1100/1460 [=====================>........] - ETA: 0s - loss: 0.0175 - acc: 0.9991
1460/1460 [==============================] - 0s 97us/step - loss: 0.0205 - acc: 0.9966 - val_loss: 0.0569 - val_acc: 0.9815
acc: 98.15%
Train on 1460 samples, validate on 162 samples
Epoch 1/30

  20/1460 [..............................] - ETA: 1:05 - loss: 0.6822 - acc: 0.6000
 540/1460 [==========>...................] - ETA: 1s - loss: 0.6410 - acc: 0.6870  
1100/1460 [=====================>........] - ETA: 0s - loss: 0.5627 - acc: 0.7945
1460/1460 [==============================] - 1s 787us/step - loss: 0.5098 - acc: 0.8390 - val_loss: 0.2871 - val_acc: 0.9753
Epoch 2/30

  20/1460 [..............................] - ETA: 0s - loss: 0.2801 - acc: 1.0000
 600/1460 [===========>..................] - ETA: 0s - loss: 0.2503 - acc: 0.9567
1180/1460 [=======================>......] - ETA: 0s - loss: 0.1981 - acc: 0.9669
1460/1460 [==============================] - 0s 92us/step - loss: 0.1828 - acc: 0.9699 - val_loss: 0.1164 - val_acc: 0.9815
Epoch 3/30

  20/1460 [..............................] - ETA: 0s - loss: 0.1113 - acc: 1.0000
 620/1460 [===========>..................] - ETA: 0s - loss: 0.1038 - acc: 0.9790
1140/1460 [======================>.......] - ETA: 0s - loss: 0.0964 - acc: 0.9816
1460/1460 [==============================] - 0s 95us/step - loss: 0.0960 - acc: 0.9795 - val_loss: 0.0799 - val_acc: 0.9815
Epoch 4/30

  20/1460 [..............................] - ETA: 0s - loss: 0.0674 - acc: 1.0000
 600/1460 [===========>..................] - ETA: 0s - loss: 0.0752 - acc: 0.9867
1160/1460 [======================>.......] - ETA: 0s - loss: 0.0623 - acc: 0.9914
1460/1460 [==============================] - 0s 94us/step - loss: 0.0665 - acc: 0.9877 - val_loss: 0.0624 - val_acc: 0.9815
Epoch 5/30

  20/1460 [..............................] - ETA: 0s - loss: 0.0635 - acc: 0.9500
 580/1460 [==========>...................] - ETA: 0s - loss: 0.0455 - acc: 0.9948
1080/1460 [=====================>........] - ETA: 0s - loss: 0.0517 - acc: 0.9907
1460/1460 [==============================] - 0s 98us/step - loss: 0.0496 - acc: 0.9897 - val_loss: 0.0575 - val_acc: 0.9877
Epoch 6/30

  20/1460 [..............................] - ETA: 0s - loss: 0.0211 - acc: 1.0000
 620/1460 [===========>..................] - ETA: 0s - loss: 0.0395 - acc: 0.9935
1200/1460 [=======================>......] - ETA: 0s - loss: 0.0370 - acc: 0.9942
1460/1460 [==============================] - 0s 89us/step - loss: 0.0384 - acc: 0.9945 - val_loss: 0.0564 - val_acc: 0.9815
Epoch 7/30

  20/1460 [..............................] - ETA: 0s - loss: 0.0775 - acc: 0.9500
 580/1460 [==========>...................] - ETA: 0s - loss: 0.0322 - acc: 0.9948
1160/1460 [======================>.......] - ETA: 0s - loss: 0.0332 - acc: 0.9957
1460/1460 [==============================] - 0s 93us/step - loss: 0.0302 - acc: 0.9966 - val_loss: 0.0525 - val_acc: 0.9877
Epoch 8/30

  20/1460 [..............................] - ETA: 0s - loss: 0.0278 - acc: 1.0000
 600/1460 [===========>..................] - ETA: 0s - loss: 0.0214 - acc: 0.9983
1140/1460 [======================>.......] - ETA: 0s - loss: 0.0270 - acc: 0.9956
1460/1460 [==============================] - 0s 96us/step - loss: 0.0248 - acc: 0.9966 - val_loss: 0.0515 - val_acc: 0.9877
Epoch 9/30

  20/1460 [..............................] - ETA: 0s - loss: 0.0144 - acc: 1.0000
 540/1460 [==========>...................] - ETA: 0s - loss: 0.0171 - acc: 1.0000
1080/1460 [=====================>........] - ETA: 0s - loss: 0.0185 - acc: 0.9972
1460/1460 [==============================] - 0s 98us/step - loss: 0.0200 - acc: 0.9973 - val_loss: 0.0520 - val_acc: 0.9877
Epoch 10/30

  20/1460 [..............................] - ETA: 0s - loss: 0.0143 - acc: 1.0000
 560/1460 [==========>...................] - ETA: 0s - loss: 0.0179 - acc: 0.9964
1100/1460 [=====================>........] - ETA: 0s - loss: 0.0154 - acc: 0.9982
1460/1460 [==============================] - 0s 96us/step - loss: 0.0160 - acc: 0.9979 - val_loss: 0.0454 - val_acc: 0.9877
Epoch 11/30

  20/1460 [..............................] - ETA: 0s - loss: 0.0331 - acc: 1.0000
 580/1460 [==========>...................] - ETA: 0s - loss: 0.0124 - acc: 0.9983
1140/1460 [======================>.......] - ETA: 0s - loss: 0.0127 - acc: 0.9982
1460/1460 [==============================] - 0s 95us/step - loss: 0.0139 - acc: 0.9973 - val_loss: 0.0454 - val_acc: 0.9877
Epoch 12/30

  20/1460 [..............................] - ETA: 0s - loss: 0.0048 - acc: 1.0000
 580/1460 [==========>...................] - ETA: 0s - loss: 0.0124 - acc: 0.9983
1120/1460 [======================>.......] - ETA: 0s - loss: 0.0114 - acc: 0.9991
1460/1460 [==============================] - 0s 101us/step - loss: 0.0114 - acc: 0.9986 - val_loss: 0.0454 - val_acc: 0.9877
Epoch 13/30

  20/1460 [..............................] - ETA: 0s - loss: 0.0056 - acc: 1.0000
 560/1460 [==========>...................] - ETA: 0s - loss: 0.0082 - acc: 1.0000
1120/1460 [======================>.......] - ETA: 0s - loss: 0.0082 - acc: 1.0000
1460/1460 [==============================] - 0s 97us/step - loss: 0.0097 - acc: 0.9986 - val_loss: 0.0478 - val_acc: 0.9877
acc: 98.77%
Train on 1460 samples, validate on 162 samples
Epoch 1/30

  20/1460 [..............................] - ETA: 1:13 - loss: 0.6631 - acc: 0.7000
 580/1460 [==========>...................] - ETA: 1s - loss: 0.6142 - acc: 0.7362  
1160/1460 [======================>.......] - ETA: 0s - loss: 0.5217 - acc: 0.8422
1460/1460 [==============================] - 1s 867us/step - loss: 0.4738 - acc: 0.8699 - val_loss: 0.2527 - val_acc: 0.9630
Epoch 2/30

  20/1460 [..............................] - ETA: 0s - loss: 0.2265 - acc: 1.0000
 560/1460 [==========>...................] - ETA: 0s - loss: 0.2010 - acc: 0.9714
1140/1460 [======================>.......] - ETA: 0s - loss: 0.1770 - acc: 0.9719
1460/1460 [==============================] - 0s 94us/step - loss: 0.1616 - acc: 0.9726 - val_loss: 0.1185 - val_acc: 0.9753
Epoch 3/30

  20/1460 [..............................] - ETA: 0s - loss: 0.0580 - acc: 1.0000
 600/1460 [===========>..................] - ETA: 0s - loss: 0.0943 - acc: 0.9817
1180/1460 [=======================>......] - ETA: 0s - loss: 0.0864 - acc: 0.9814
1460/1460 [==============================] - 0s 91us/step - loss: 0.0868 - acc: 0.9808 - val_loss: 0.0929 - val_acc: 0.9815
Epoch 4/30

  20/1460 [..............................] - ETA: 0s - loss: 0.0457 - acc: 1.0000
 600/1460 [===========>..................] - ETA: 0s - loss: 0.0551 - acc: 0.9917
1160/1460 [======================>.......] - ETA: 0s - loss: 0.0571 - acc: 0.9879
1460/1460 [==============================] - 0s 98us/step - loss: 0.0603 - acc: 0.9870 - val_loss: 0.0864 - val_acc: 0.9815
Epoch 5/30

  20/1460 [..............................] - ETA: 0s - loss: 0.0465 - acc: 1.0000
 540/1460 [==========>...................] - ETA: 0s - loss: 0.0438 - acc: 0.9926
1080/1460 [=====================>........] - ETA: 0s - loss: 0.0464 - acc: 0.9907
1460/1460 [==============================] - 0s 101us/step - loss: 0.0432 - acc: 0.9925 - val_loss: 0.0795 - val_acc: 0.9815
Epoch 6/30

  20/1460 [..............................] - ETA: 0s - loss: 0.0368 - acc: 1.0000
 540/1460 [==========>...................] - ETA: 0s - loss: 0.0334 - acc: 0.9963
1000/1460 [===================>..........] - ETA: 0s - loss: 0.0316 - acc: 0.9960
1460/1460 [==============================] - 0s 104us/step - loss: 0.0332 - acc: 0.9945 - val_loss: 0.0760 - val_acc: 0.9815
Epoch 7/30

  20/1460 [..............................] - ETA: 0s - loss: 0.0086 - acc: 1.0000
 560/1460 [==========>...................] - ETA: 0s - loss: 0.0259 - acc: 0.9982
1100/1460 [=====================>........] - ETA: 0s - loss: 0.0250 - acc: 0.9982
1460/1460 [==============================] - 0s 98us/step - loss: 0.0251 - acc: 0.9979 - val_loss: 0.0761 - val_acc: 0.9815
Epoch 8/30

  20/1460 [..............................] - ETA: 0s - loss: 0.0161 - acc: 1.0000
 500/1460 [=========>....................] - ETA: 0s - loss: 0.0189 - acc: 1.0000
1000/1460 [===================>..........] - ETA: 0s - loss: 0.0193 - acc: 0.9990
1460/1460 [==============================] - 0s 106us/step - loss: 0.0198 - acc: 0.9986 - val_loss: 0.0757 - val_acc: 0.9815
Epoch 9/30

  20/1460 [..............................] - ETA: 0s - loss: 0.0180 - acc: 1.0000
 540/1460 [==========>...................] - ETA: 0s - loss: 0.0187 - acc: 0.9981
1020/1460 [===================>..........] - ETA: 0s - loss: 0.0174 - acc: 0.9990
1440/1460 [============================>.] - ETA: 0s - loss: 0.0159 - acc: 0.9993
1460/1460 [==============================] - 0s 112us/step - loss: 0.0159 - acc: 0.9993 - val_loss: 0.0766 - val_acc: 0.9815
Epoch 10/30

  20/1460 [..............................] - ETA: 0s - loss: 0.0071 - acc: 1.0000
 520/1460 [=========>....................] - ETA: 0s - loss: 0.0105 - acc: 1.0000
1040/1460 [====================>.........] - ETA: 0s - loss: 0.0120 - acc: 1.0000
1460/1460 [==============================] - 0s 103us/step - loss: 0.0132 - acc: 0.9993 - val_loss: 0.0774 - val_acc: 0.9815
Epoch 11/30

  20/1460 [..............................] - ETA: 0s - loss: 0.0031 - acc: 1.0000
 520/1460 [=========>....................] - ETA: 0s - loss: 0.0105 - acc: 1.0000
 960/1460 [==================>...........] - ETA: 0s - loss: 0.0108 - acc: 1.0000
1460/1460 [==============================] - 0s 108us/step - loss: 0.0106 - acc: 1.0000 - val_loss: 0.0772 - val_acc: 0.9815
acc: 98.15%
Train on 1460 samples, validate on 162 samples
Epoch 1/30

  20/1460 [..............................] - ETA: 1:24 - loss: 0.6961 - acc: 0.5500
 520/1460 [=========>....................] - ETA: 2s - loss: 0.6354 - acc: 0.6788  
1060/1460 [====================>.........] - ETA: 0s - loss: 0.5559 - acc: 0.7934
1460/1460 [==============================] - 1s 991us/step - loss: 0.4962 - acc: 0.8411 - val_loss: 0.2650 - val_acc: 0.9815
Epoch 2/30

  20/1460 [..............................] - ETA: 0s - loss: 0.2765 - acc: 0.9500
 520/1460 [=========>....................] - ETA: 0s - loss: 0.2161 - acc: 0.9808
1060/1460 [====================>.........] - ETA: 0s - loss: 0.1942 - acc: 0.9708
1460/1460 [==============================] - 0s 102us/step - loss: 0.1747 - acc: 0.9726 - val_loss: 0.1159 - val_acc: 0.9630
Epoch 3/30

  20/1460 [..............................] - ETA: 0s - loss: 0.1035 - acc: 1.0000
 520/1460 [=========>....................] - ETA: 0s - loss: 0.0954 - acc: 0.9827
1080/1460 [=====================>........] - ETA: 0s - loss: 0.0967 - acc: 0.9787
1460/1460 [==============================] - 0s 96us/step - loss: 0.0909 - acc: 0.9795 - val_loss: 0.0907 - val_acc: 0.9630
Epoch 4/30

  20/1460 [..............................] - ETA: 0s - loss: 0.0339 - acc: 1.0000
 580/1460 [==========>...................] - ETA: 0s - loss: 0.0546 - acc: 0.9897
1100/1460 [=====================>........] - ETA: 0s - loss: 0.0553 - acc: 0.9882
1460/1460 [==============================] - 0s 97us/step - loss: 0.0631 - acc: 0.9842 - val_loss: 0.0828 - val_acc: 0.9630
Epoch 5/30

  20/1460 [..............................] - ETA: 0s - loss: 0.0277 - acc: 1.0000
 580/1460 [==========>...................] - ETA: 0s - loss: 0.0391 - acc: 0.9983
1140/1460 [======================>.......] - ETA: 0s - loss: 0.0471 - acc: 0.9930
1460/1460 [==============================] - 0s 96us/step - loss: 0.0469 - acc: 0.9932 - val_loss: 0.0765 - val_acc: 0.9691
Epoch 6/30

  20/1460 [..............................] - ETA: 0s - loss: 0.0303 - acc: 1.0000
 500/1460 [=========>....................] - ETA: 0s - loss: 0.0349 - acc: 0.9980
1000/1460 [===================>..........] - ETA: 0s - loss: 0.0395 - acc: 0.9950
1400/1460 [===========================>..] - ETA: 0s - loss: 0.0365 - acc: 0.9943
1460/1460 [==============================] - 0s 114us/step - loss: 0.0359 - acc: 0.9945 - val_loss: 0.0723 - val_acc: 0.9630
Epoch 7/30

  20/1460 [..............................] - ETA: 0s - loss: 0.0160 - acc: 1.0000
 480/1460 [========>.....................] - ETA: 0s - loss: 0.0307 - acc: 0.9979
 980/1460 [===================>..........] - ETA: 0s - loss: 0.0298 - acc: 0.9980
1460/1460 [==============================] - 0s 109us/step - loss: 0.0280 - acc: 0.9979 - val_loss: 0.0700 - val_acc: 0.9691
Epoch 8/30

  20/1460 [..............................] - ETA: 0s - loss: 0.0219 - acc: 1.0000
 560/1460 [==========>...................] - ETA: 0s - loss: 0.0263 - acc: 0.9982
1120/1460 [======================>.......] - ETA: 0s - loss: 0.0231 - acc: 0.9982
1460/1460 [==============================] - 0s 97us/step - loss: 0.0225 - acc: 0.9979 - val_loss: 0.0698 - val_acc: 0.9691
Epoch 9/30

  20/1460 [..............................] - ETA: 0s - loss: 0.0198 - acc: 1.0000
 560/1460 [==========>...................] - ETA: 0s - loss: 0.0193 - acc: 0.9964
1080/1460 [=====================>........] - ETA: 0s - loss: 0.0207 - acc: 0.9972
1460/1460 [==============================] - 0s 103us/step - loss: 0.0187 - acc: 0.9979 - val_loss: 0.0649 - val_acc: 0.9815
acc: 98.15%
Train on 1460 samples, validate on 162 samples
Epoch 1/30

  20/1460 [..............................] - ETA: 1:32 - loss: 0.7136 - acc: 0.3500
 580/1460 [==========>...................] - ETA: 2s - loss: 0.6315 - acc: 0.6603  
1120/1460 [======================>.......] - ETA: 0s - loss: 0.5506 - acc: 0.7973
1460/1460 [==============================] - 2s 1ms/step - loss: 0.4996 - acc: 0.8336 - val_loss: 0.2800 - val_acc: 0.9753
Epoch 2/30

  20/1460 [..............................] - ETA: 0s - loss: 0.2803 - acc: 1.0000
 500/1460 [=========>....................] - ETA: 0s - loss: 0.2327 - acc: 0.9720
 960/1460 [==================>...........] - ETA: 0s - loss: 0.1983 - acc: 0.9792
1460/1460 [==============================] - 0s 107us/step - loss: 0.1779 - acc: 0.9733 - val_loss: 0.1165 - val_acc: 0.9753
Epoch 3/30

  20/1460 [..............................] - ETA: 0s - loss: 0.0607 - acc: 1.0000
 580/1460 [==========>...................] - ETA: 0s - loss: 0.0966 - acc: 0.9862
1120/1460 [======================>.......] - ETA: 0s - loss: 0.0985 - acc: 0.9795
1460/1460 [==============================] - 0s 94us/step - loss: 0.0925 - acc: 0.9808 - val_loss: 0.0840 - val_acc: 0.9753
Epoch 4/30

  20/1460 [..............................] - ETA: 0s - loss: 0.0353 - acc: 1.0000
 500/1460 [=========>....................] - ETA: 0s - loss: 0.0792 - acc: 0.9800
1060/1460 [====================>.........] - ETA: 0s - loss: 0.0658 - acc: 0.9849
1460/1460 [==============================] - 0s 105us/step - loss: 0.0642 - acc: 0.9842 - val_loss: 0.0749 - val_acc: 0.9753
Epoch 5/30

  20/1460 [..............................] - ETA: 0s - loss: 0.0489 - acc: 1.0000
 480/1460 [========>.....................] - ETA: 0s - loss: 0.0492 - acc: 0.9896
1000/1460 [===================>..........] - ETA: 0s - loss: 0.0447 - acc: 0.9940
1460/1460 [==============================] - 0s 109us/step - loss: 0.0480 - acc: 0.9911 - val_loss: 0.0678 - val_acc: 0.9691
Epoch 6/30

  20/1460 [..............................] - ETA: 0s - loss: 0.0138 - acc: 1.0000
 540/1460 [==========>...................] - ETA: 0s - loss: 0.0358 - acc: 0.9963
1080/1460 [=====================>........] - ETA: 0s - loss: 0.0382 - acc: 0.9954
1460/1460 [==============================] - 0s 100us/step - loss: 0.0371 - acc: 0.9945 - val_loss: 0.0678 - val_acc: 0.9691
Epoch 7/30

  20/1460 [..............................] - ETA: 0s - loss: 0.0293 - acc: 1.0000
 580/1460 [==========>...................] - ETA: 0s - loss: 0.0259 - acc: 0.9983
1080/1460 [=====================>........] - ETA: 0s - loss: 0.0265 - acc: 0.9981
1460/1460 [==============================] - 0s 103us/step - loss: 0.0290 - acc: 0.9966 - val_loss: 0.0643 - val_acc: 0.9691
Epoch 8/30

  20/1460 [..............................] - ETA: 0s - loss: 0.0072 - acc: 1.0000
 480/1460 [========>.....................] - ETA: 0s - loss: 0.0216 - acc: 0.9979
 940/1460 [==================>...........] - ETA: 0s - loss: 0.0193 - acc: 0.9989
1440/1460 [============================>.] - ETA: 0s - loss: 0.0233 - acc: 0.9972
1460/1460 [==============================] - 0s 114us/step - loss: 0.0232 - acc: 0.9973 - val_loss: 0.0612 - val_acc: 0.9691
Epoch 9/30

  20/1460 [..............................] - ETA: 0s - loss: 0.0088 - acc: 1.0000
 460/1460 [========>.....................] - ETA: 0s - loss: 0.0207 - acc: 0.9957
 960/1460 [==================>...........] - ETA: 0s - loss: 0.0178 - acc: 0.9979
1440/1460 [============================>.] - ETA: 0s - loss: 0.0196 - acc: 0.9979
1460/1460 [==============================] - 0s 114us/step - loss: 0.0194 - acc: 0.9979 - val_loss: 0.0600 - val_acc: 0.9691
acc: 97.53%
Train on 1461 samples, validate on 161 samples
Epoch 1/30

  20/1461 [..............................] - ETA: 1:42 - loss: 0.7043 - acc: 0.4500
 360/1461 [======>.......................] - ETA: 4s - loss: 0.6633 - acc: 0.5639  
 580/1461 [==========>...................] - ETA: 2s - loss: 0.6364 - acc: 0.6379
 760/1461 [==============>...............] - ETA: 1s - loss: 0.6132 - acc: 0.7013
1060/1461 [====================>.........] - ETA: 0s - loss: 0.5726 - acc: 0.7613
1400/1461 [===========================>..] - ETA: 0s - loss: 0.5216 - acc: 0.8150
1461/1461 [==============================] - 2s 1ms/step - loss: 0.5123 - acc: 0.8220 - val_loss: 0.2763 - val_acc: 0.9876
Epoch 2/30

  20/1461 [..............................] - ETA: 0s - loss: 0.2788 - acc: 1.0000
 520/1461 [=========>....................] - ETA: 0s - loss: 0.2321 - acc: 0.9731
 980/1461 [===================>..........] - ETA: 0s - loss: 0.2039 - acc: 0.9704
1420/1461 [============================>.] - ETA: 0s - loss: 0.1846 - acc: 0.9690
1461/1461 [==============================] - 0s 116us/step - loss: 0.1832 - acc: 0.9692 - val_loss: 0.1007 - val_acc: 0.9876
Epoch 3/30

  20/1461 [..............................] - ETA: 0s - loss: 0.1498 - acc: 1.0000
 440/1461 [========>.....................] - ETA: 0s - loss: 0.1205 - acc: 0.9727
 860/1461 [================>.............] - ETA: 0s - loss: 0.1022 - acc: 0.9791
1180/1461 [=======================>......] - ETA: 0s - loss: 0.0963 - acc: 0.9797
1461/1461 [==============================] - 0s 135us/step - loss: 0.0975 - acc: 0.9760 - val_loss: 0.0634 - val_acc: 0.9876
Epoch 4/30

  20/1461 [..............................] - ETA: 0s - loss: 0.0796 - acc: 1.0000
 480/1461 [========>.....................] - ETA: 0s - loss: 0.0754 - acc: 0.9833
1000/1461 [===================>..........] - ETA: 0s - loss: 0.0680 - acc: 0.9860
1460/1461 [============================>.] - ETA: 0s - loss: 0.0672 - acc: 0.9856
1461/1461 [==============================] - 0s 112us/step - loss: 0.0672 - acc: 0.9856 - val_loss: 0.0494 - val_acc: 0.9938
Epoch 5/30

  20/1461 [..............................] - ETA: 0s - loss: 0.0629 - acc: 0.9500
 480/1461 [========>.....................] - ETA: 0s - loss: 0.0621 - acc: 0.9854
 880/1461 [=================>............] - ETA: 0s - loss: 0.0547 - acc: 0.9898
1280/1461 [=========================>....] - ETA: 0s - loss: 0.0536 - acc: 0.9898
1461/1461 [==============================] - 0s 126us/step - loss: 0.0513 - acc: 0.9904 - val_loss: 0.0422 - val_acc: 0.9938
Epoch 6/30

  20/1461 [..............................] - ETA: 0s - loss: 0.0386 - acc: 1.0000
 480/1461 [========>.....................] - ETA: 0s - loss: 0.0485 - acc: 0.9875
 980/1461 [===================>..........] - ETA: 0s - loss: 0.0390 - acc: 0.9939
1440/1461 [============================>.] - ETA: 0s - loss: 0.0397 - acc: 0.9931
1461/1461 [==============================] - 0s 115us/step - loss: 0.0394 - acc: 0.9932 - val_loss: 0.0361 - val_acc: 0.9938
Epoch 7/30

  20/1461 [..............................] - ETA: 0s - loss: 0.0393 - acc: 1.0000
 520/1461 [=========>....................] - ETA: 0s - loss: 0.0347 - acc: 0.9942
1000/1461 [===================>..........] - ETA: 0s - loss: 0.0318 - acc: 0.9960
1461/1461 [==============================] - 0s 106us/step - loss: 0.0309 - acc: 0.9959 - val_loss: 0.0345 - val_acc: 0.9938
Epoch 8/30

  20/1461 [..............................] - ETA: 0s - loss: 0.0334 - acc: 1.0000
 580/1461 [==========>...................] - ETA: 0s - loss: 0.0227 - acc: 0.9983
1100/1461 [=====================>........] - ETA: 0s - loss: 0.0242 - acc: 0.9973
1461/1461 [==============================] - 0s 98us/step - loss: 0.0248 - acc: 0.9966 - val_loss: 0.0328 - val_acc: 0.9938
Epoch 9/30

  20/1461 [..............................] - ETA: 0s - loss: 0.0097 - acc: 1.0000
 580/1461 [==========>...................] - ETA: 0s - loss: 0.0222 - acc: 0.9966
1120/1461 [=====================>........] - ETA: 0s - loss: 0.0217 - acc: 0.9973
1461/1461 [==============================] - 0s 106us/step - loss: 0.0202 - acc: 0.9973 - val_loss: 0.0315 - val_acc: 0.9938
Epoch 10/30

  20/1461 [..............................] - ETA: 0s - loss: 0.0067 - acc: 1.0000
 420/1461 [=======>......................] - ETA: 0s - loss: 0.0177 - acc: 1.0000
 860/1461 [================>.............] - ETA: 0s - loss: 0.0172 - acc: 0.9988
1320/1461 [==========================>...] - ETA: 0s - loss: 0.0173 - acc: 0.9977
1461/1461 [==============================] - 0s 119us/step - loss: 0.0166 - acc: 0.9979 - val_loss: 0.0323 - val_acc: 0.9938
Epoch 11/30

  20/1461 [..............................] - ETA: 0s - loss: 0.0256 - acc: 1.0000
 360/1461 [======>.......................] - ETA: 0s - loss: 0.0139 - acc: 1.0000
 720/1461 [=============>................] - ETA: 0s - loss: 0.0148 - acc: 0.9972
1080/1461 [=====================>........] - ETA: 0s - loss: 0.0138 - acc: 0.9981
1460/1461 [============================>.] - ETA: 0s - loss: 0.0136 - acc: 0.9986
1461/1461 [==============================] - 0s 148us/step - loss: 0.0136 - acc: 0.9986 - val_loss: 0.0283 - val_acc: 0.9938
Epoch 12/30

  20/1461 [..............................] - ETA: 0s - loss: 0.0129 - acc: 1.0000
 500/1461 [=========>....................] - ETA: 0s - loss: 0.0152 - acc: 0.9940
 840/1461 [================>.............] - ETA: 0s - loss: 0.0129 - acc: 0.9964
1120/1461 [=====================>........] - ETA: 0s - loss: 0.0119 - acc: 0.9973
1461/1461 [==============================] - 0s 140us/step - loss: 0.0114 - acc: 0.9979 - val_loss: 0.0279 - val_acc: 0.9938
acc: 99.38%
Accuracy: 97.97% (+/- 0.68%)
