Train on 1297 samples, validate on 325 samples
Epoch 1/30

  10/1297 [..............................] - ETA: 56s - loss: 0.7081 - acc: 0.5000
 310/1297 [======>.......................] - ETA: 1s - loss: 0.4839 - acc: 0.7710 
 620/1297 [=============>................] - ETA: 0s - loss: 0.3224 - acc: 0.8597
 930/1297 [====================>.........] - ETA: 0s - loss: 0.2516 - acc: 0.8946
1230/1297 [===========================>..] - ETA: 0s - loss: 0.2072 - acc: 0.9154
1297/1297 [==============================] - 1s 556us/step - loss: 0.2029 - acc: 0.9167 - val_loss: 0.1187 - val_acc: 0.9631
Epoch 2/30

  10/1297 [..............................] - ETA: 0s - loss: 0.1020 - acc: 0.9000
 330/1297 [======>.......................] - ETA: 0s - loss: 0.0409 - acc: 0.9939
 650/1297 [==============>...............] - ETA: 0s - loss: 0.0418 - acc: 0.9938
 960/1297 [=====================>........] - ETA: 0s - loss: 0.0435 - acc: 0.9917
1280/1297 [============================>.] - ETA: 0s - loss: 0.0449 - acc: 0.9891
1297/1297 [==============================] - 0s 170us/step - loss: 0.0450 - acc: 0.9892 - val_loss: 0.1034 - val_acc: 0.9600
Epoch 3/30

  10/1297 [..............................] - ETA: 0s - loss: 0.0075 - acc: 1.0000
 330/1297 [======>.......................] - ETA: 0s - loss: 0.0250 - acc: 0.9970
 620/1297 [=============>................] - ETA: 0s - loss: 0.0192 - acc: 0.9984
 920/1297 [====================>.........] - ETA: 0s - loss: 0.0173 - acc: 0.9978
1210/1297 [==========================>...] - ETA: 0s - loss: 0.0181 - acc: 0.9975
1297/1297 [==============================] - 0s 181us/step - loss: 0.0187 - acc: 0.9969 - val_loss: 0.1035 - val_acc: 0.9600
Epoch 4/30

  10/1297 [..............................] - ETA: 0s - loss: 0.0012 - acc: 1.0000
 310/1297 [======>.......................] - ETA: 0s - loss: 0.0093 - acc: 1.0000
 610/1297 [=============>................] - ETA: 0s - loss: 0.0067 - acc: 1.0000
 910/1297 [====================>.........] - ETA: 0s - loss: 0.0102 - acc: 0.9967
1200/1297 [==========================>...] - ETA: 0s - loss: 0.0100 - acc: 0.9975
1297/1297 [==============================] - 0s 182us/step - loss: 0.0097 - acc: 0.9977 - val_loss: 0.1049 - val_acc: 0.9662
Epoch 5/30

  10/1297 [..............................] - ETA: 0s - loss: 0.0171 - acc: 1.0000
 320/1297 [======>.......................] - ETA: 0s - loss: 0.0048 - acc: 1.0000
 630/1297 [=============>................] - ETA: 0s - loss: 0.0037 - acc: 1.0000
 940/1297 [====================>.........] - ETA: 0s - loss: 0.0032 - acc: 1.0000
1250/1297 [===========================>..] - ETA: 0s - loss: 0.0051 - acc: 0.9984
1297/1297 [==============================] - 0s 176us/step - loss: 0.0051 - acc: 0.9985 - val_loss: 0.1073 - val_acc: 0.9662
Epoch 6/30

  10/1297 [..............................] - ETA: 0s - loss: 0.0011 - acc: 1.0000
 300/1297 [=====>........................] - ETA: 0s - loss: 0.0068 - acc: 1.0000
 580/1297 [============>.................] - ETA: 0s - loss: 0.0058 - acc: 1.0000
 880/1297 [===================>..........] - ETA: 0s - loss: 0.0101 - acc: 0.9977
1180/1297 [==========================>...] - ETA: 0s - loss: 0.0084 - acc: 0.9983
1297/1297 [==============================] - 0s 186us/step - loss: 0.0079 - acc: 0.9985 - val_loss: 0.1064 - val_acc: 0.9662
Epoch 7/30

  10/1297 [..............................] - ETA: 0s - loss: 0.0016 - acc: 1.0000
 310/1297 [======>.......................] - ETA: 0s - loss: 0.0039 - acc: 1.0000
 610/1297 [=============>................] - ETA: 0s - loss: 0.0035 - acc: 1.0000
 900/1297 [===================>..........] - ETA: 0s - loss: 0.0032 - acc: 1.0000
1190/1297 [==========================>...] - ETA: 0s - loss: 0.0034 - acc: 0.9992
1297/1297 [==============================] - 0s 182us/step - loss: 0.0040 - acc: 0.9985 - val_loss: 0.1064 - val_acc: 0.9662
Epoch 8/30

  10/1297 [..............................] - ETA: 0s - loss: 7.4153e-04 - acc: 1.0000
 320/1297 [======>.......................] - ETA: 0s - loss: 0.0019 - acc: 1.0000    
 630/1297 [=============>................] - ETA: 0s - loss: 0.0029 - acc: 1.0000
 940/1297 [====================>.........] - ETA: 0s - loss: 0.0031 - acc: 1.0000
1250/1297 [===========================>..] - ETA: 0s - loss: 0.0030 - acc: 1.0000
1297/1297 [==============================] - 0s 176us/step - loss: 0.0029 - acc: 1.0000 - val_loss: 0.1038 - val_acc: 0.9692
Epoch 9/30

  10/1297 [..............................] - ETA: 0s - loss: 7.1993e-04 - acc: 1.0000
 320/1297 [======>.......................] - ETA: 0s - loss: 8.8699e-04 - acc: 1.0000
 610/1297 [=============>................] - ETA: 0s - loss: 0.0012 - acc: 1.0000    
 910/1297 [====================>.........] - ETA: 0s - loss: 0.0013 - acc: 1.0000
1200/1297 [==========================>...] - ETA: 0s - loss: 0.0014 - acc: 1.0000
1297/1297 [==============================] - 0s 183us/step - loss: 0.0014 - acc: 1.0000 - val_loss: 0.1041 - val_acc: 0.9662
Epoch 10/30

  10/1297 [..............................] - ETA: 0s - loss: 7.7073e-04 - acc: 1.0000
 310/1297 [======>.......................] - ETA: 0s - loss: 6.5895e-04 - acc: 1.0000
 580/1297 [============>.................] - ETA: 0s - loss: 9.3859e-04 - acc: 1.0000
 880/1297 [===================>..........] - ETA: 0s - loss: 8.3425e-04 - acc: 1.0000
1170/1297 [==========================>...] - ETA: 0s - loss: 8.4858e-04 - acc: 1.0000
1297/1297 [==============================] - 0s 185us/step - loss: 8.3853e-04 - acc: 1.0000 - val_loss: 0.1047 - val_acc: 0.9662
Epoch 11/30

  10/1297 [..............................] - ETA: 0s - loss: 7.6331e-04 - acc: 1.0000
 320/1297 [======>.......................] - ETA: 0s - loss: 4.9211e-04 - acc: 1.0000
 630/1297 [=============>................] - ETA: 0s - loss: 6.0096e-04 - acc: 1.0000
 940/1297 [====================>.........] - ETA: 0s - loss: 6.2860e-04 - acc: 1.0000
1250/1297 [===========================>..] - ETA: 0s - loss: 6.5617e-04 - acc: 1.0000
1297/1297 [==============================] - 0s 175us/step - loss: 6.5018e-04 - acc: 1.0000 - val_loss: 0.1054 - val_acc: 0.9662
Epoch 12/30

  10/1297 [..............................] - ETA: 0s - loss: 2.2541e-04 - acc: 1.0000
 310/1297 [======>.......................] - ETA: 0s - loss: 3.4006e-04 - acc: 1.0000
 610/1297 [=============>................] - ETA: 0s - loss: 4.2608e-04 - acc: 1.0000
 900/1297 [===================>..........] - ETA: 0s - loss: 5.1081e-04 - acc: 1.0000
1200/1297 [==========================>...] - ETA: 0s - loss: 5.3913e-04 - acc: 1.0000
1297/1297 [==============================] - 0s 183us/step - loss: 5.3484e-04 - acc: 1.0000 - val_loss: 0.1058 - val_acc: 0.9662
Epoch 13/30

  10/1297 [..............................] - ETA: 0s - loss: 1.2201e-04 - acc: 1.0000
 300/1297 [=====>........................] - ETA: 0s - loss: 2.8965e-04 - acc: 1.0000
 600/1297 [============>.................] - ETA: 0s - loss: 4.1523e-04 - acc: 1.0000
 900/1297 [===================>..........] - ETA: 0s - loss: 4.0251e-04 - acc: 1.0000
1200/1297 [==========================>...] - ETA: 0s - loss: 4.5603e-04 - acc: 1.0000
1297/1297 [==============================] - 0s 182us/step - loss: 4.4874e-04 - acc: 1.0000 - val_loss: 0.1065 - val_acc: 0.9662
Epoch 14/30

  10/1297 [..............................] - ETA: 0s - loss: 2.2366e-04 - acc: 1.0000
 320/1297 [======>.......................] - ETA: 0s - loss: 5.5642e-04 - acc: 1.0000
 630/1297 [=============>................] - ETA: 0s - loss: 4.2436e-04 - acc: 1.0000
 930/1297 [====================>.........] - ETA: 0s - loss: 3.7962e-04 - acc: 1.0000
1210/1297 [==========================>...] - ETA: 0s - loss: 3.9715e-04 - acc: 1.0000
1297/1297 [==============================] - 0s 180us/step - loss: 3.8376e-04 - acc: 1.0000 - val_loss: 0.1066 - val_acc: 0.9662
Epoch 15/30

  10/1297 [..............................] - ETA: 0s - loss: 4.7695e-04 - acc: 1.0000
 310/1297 [======>.......................] - ETA: 0s - loss: 2.5204e-04 - acc: 1.0000
 610/1297 [=============>................] - ETA: 0s - loss: 2.5701e-04 - acc: 1.0000
 890/1297 [===================>..........] - ETA: 0s - loss: 2.4099e-04 - acc: 1.0000
1190/1297 [==========================>...] - ETA: 0s - loss: 3.3862e-04 - acc: 1.0000
1297/1297 [==============================] - 0s 185us/step - loss: 3.2967e-04 - acc: 1.0000 - val_loss: 0.1071 - val_acc: 0.9662
Epoch 16/30

  10/1297 [..............................] - ETA: 0s - loss: 1.0755e-04 - acc: 1.0000
 300/1297 [=====>........................] - ETA: 0s - loss: 2.2545e-04 - acc: 1.0000
 600/1297 [============>.................] - ETA: 0s - loss: 2.5334e-04 - acc: 1.0000
 890/1297 [===================>..........] - ETA: 0s - loss: 2.9881e-04 - acc: 1.0000
1190/1297 [==========================>...] - ETA: 0s - loss: 2.8299e-04 - acc: 1.0000
1297/1297 [==============================] - 0s 183us/step - loss: 2.8732e-04 - acc: 1.0000 - val_loss: 0.1081 - val_acc: 0.9662
acc: 96.92%
Train on 1297 samples, validate on 325 samples
Epoch 1/30

  10/1297 [..............................] - ETA: 1:05 - loss: 0.6742 - acc: 0.5000
 310/1297 [======>.......................] - ETA: 1s - loss: 0.4434 - acc: 0.8065  
 620/1297 [=============>................] - ETA: 0s - loss: 0.3089 - acc: 0.8774
 930/1297 [====================>.........] - ETA: 0s - loss: 0.2364 - acc: 0.9108
1250/1297 [===========================>..] - ETA: 0s - loss: 0.1994 - acc: 0.9272
1297/1297 [==============================] - 1s 612us/step - loss: 0.1955 - acc: 0.9283 - val_loss: 0.0946 - val_acc: 0.9631
Epoch 2/30

  10/1297 [..............................] - ETA: 0s - loss: 0.0111 - acc: 1.0000
 310/1297 [======>.......................] - ETA: 0s - loss: 0.0484 - acc: 0.9871
 620/1297 [=============>................] - ETA: 0s - loss: 0.0435 - acc: 0.9871
 930/1297 [====================>.........] - ETA: 0s - loss: 0.0473 - acc: 0.9860
1230/1297 [===========================>..] - ETA: 0s - loss: 0.0459 - acc: 0.9870
1297/1297 [==============================] - 0s 179us/step - loss: 0.0450 - acc: 0.9869 - val_loss: 0.0782 - val_acc: 0.9785
Epoch 3/30

  10/1297 [..............................] - ETA: 0s - loss: 0.0071 - acc: 1.0000
 310/1297 [======>.......................] - ETA: 0s - loss: 0.0198 - acc: 0.9935
 610/1297 [=============>................] - ETA: 0s - loss: 0.0148 - acc: 0.9967
 900/1297 [===================>..........] - ETA: 0s - loss: 0.0187 - acc: 0.9956
1160/1297 [=========================>....] - ETA: 0s - loss: 0.0169 - acc: 0.9966
1297/1297 [==============================] - 0s 190us/step - loss: 0.0176 - acc: 0.9961 - val_loss: 0.0772 - val_acc: 0.9754
Epoch 4/30

  10/1297 [..............................] - ETA: 0s - loss: 0.0087 - acc: 1.0000
 300/1297 [=====>........................] - ETA: 0s - loss: 0.0066 - acc: 1.0000
 590/1297 [============>.................] - ETA: 0s - loss: 0.0060 - acc: 1.0000
 880/1297 [===================>..........] - ETA: 0s - loss: 0.0085 - acc: 0.9977
1160/1297 [=========================>....] - ETA: 0s - loss: 0.0085 - acc: 0.9974
1297/1297 [==============================] - 0s 187us/step - loss: 0.0079 - acc: 0.9977 - val_loss: 0.0776 - val_acc: 0.9815
Epoch 5/30

  10/1297 [..............................] - ETA: 0s - loss: 0.0015 - acc: 1.0000
 270/1297 [=====>........................] - ETA: 0s - loss: 0.0029 - acc: 1.0000
 550/1297 [===========>..................] - ETA: 0s - loss: 0.0028 - acc: 1.0000
 830/1297 [==================>...........] - ETA: 0s - loss: 0.0029 - acc: 1.0000
1120/1297 [========================>.....] - ETA: 0s - loss: 0.0054 - acc: 0.9982
1297/1297 [==============================] - 0s 196us/step - loss: 0.0054 - acc: 0.9985 - val_loss: 0.0780 - val_acc: 0.9754
Epoch 6/30

  10/1297 [..............................] - ETA: 0s - loss: 0.0022 - acc: 1.0000
 300/1297 [=====>........................] - ETA: 0s - loss: 0.0029 - acc: 1.0000
 590/1297 [============>.................] - ETA: 0s - loss: 0.0027 - acc: 1.0000
 890/1297 [===================>..........] - ETA: 0s - loss: 0.0024 - acc: 1.0000
1180/1297 [==========================>...] - ETA: 0s - loss: 0.0047 - acc: 0.9992
1297/1297 [==============================] - 0s 186us/step - loss: 0.0046 - acc: 0.9992 - val_loss: 0.0735 - val_acc: 0.9815
Epoch 7/30

  10/1297 [..............................] - ETA: 0s - loss: 0.0073 - acc: 1.0000
 300/1297 [=====>........................] - ETA: 0s - loss: 0.0017 - acc: 1.0000
 590/1297 [============>.................] - ETA: 0s - loss: 0.0016 - acc: 1.0000
 870/1297 [===================>..........] - ETA: 0s - loss: 0.0025 - acc: 0.9989
1160/1297 [=========================>....] - ETA: 0s - loss: 0.0026 - acc: 0.9991
1297/1297 [==============================] - 0s 190us/step - loss: 0.0025 - acc: 0.9992 - val_loss: 0.0781 - val_acc: 0.9785
Epoch 8/30

  10/1297 [..............................] - ETA: 0s - loss: 4.9900e-04 - acc: 1.0000
 290/1297 [=====>........................] - ETA: 0s - loss: 0.0012 - acc: 1.0000    
 570/1297 [============>.................] - ETA: 0s - loss: 0.0032 - acc: 0.9982
 850/1297 [==================>...........] - ETA: 0s - loss: 0.0024 - acc: 0.9988
1140/1297 [=========================>....] - ETA: 0s - loss: 0.0020 - acc: 0.9991
1297/1297 [==============================] - 0s 191us/step - loss: 0.0019 - acc: 0.9992 - val_loss: 0.0749 - val_acc: 0.9815
Epoch 9/30

  10/1297 [..............................] - ETA: 0s - loss: 0.0475 - acc: 1.0000
 280/1297 [=====>........................] - ETA: 0s - loss: 0.0027 - acc: 1.0000
 570/1297 [============>.................] - ETA: 0s - loss: 0.0017 - acc: 1.0000
 860/1297 [==================>...........] - ETA: 0s - loss: 0.0014 - acc: 1.0000
1150/1297 [=========================>....] - ETA: 0s - loss: 0.0013 - acc: 1.0000
1297/1297 [==============================] - 0s 188us/step - loss: 0.0012 - acc: 1.0000 - val_loss: 0.0759 - val_acc: 0.9815
Epoch 10/30

  10/1297 [..............................] - ETA: 0s - loss: 2.7207e-04 - acc: 1.0000
 300/1297 [=====>........................] - ETA: 0s - loss: 5.7699e-04 - acc: 1.0000
 580/1297 [============>.................] - ETA: 0s - loss: 0.0010 - acc: 1.0000    
 860/1297 [==================>...........] - ETA: 0s - loss: 8.9143e-04 - acc: 1.0000
1140/1297 [=========================>....] - ETA: 0s - loss: 8.4296e-04 - acc: 1.0000
1297/1297 [==============================] - 0s 194us/step - loss: 8.0553e-04 - acc: 1.0000 - val_loss: 0.0760 - val_acc: 0.9815
Epoch 11/30

  10/1297 [..............................] - ETA: 0s - loss: 0.0020 - acc: 1.0000
 300/1297 [=====>........................] - ETA: 0s - loss: 6.7200e-04 - acc: 1.0000
 580/1297 [============>.................] - ETA: 0s - loss: 6.2328e-04 - acc: 1.0000
 860/1297 [==================>...........] - ETA: 0s - loss: 6.9356e-04 - acc: 1.0000
1150/1297 [=========================>....] - ETA: 0s - loss: 6.1075e-04 - acc: 1.0000
1297/1297 [==============================] - 0s 192us/step - loss: 6.0293e-04 - acc: 1.0000 - val_loss: 0.0756 - val_acc: 0.9815
Epoch 12/30

  10/1297 [..............................] - ETA: 0s - loss: 2.2286e-04 - acc: 1.0000
 300/1297 [=====>........................] - ETA: 0s - loss: 5.9893e-04 - acc: 1.0000
 590/1297 [============>.................] - ETA: 0s - loss: 6.5228e-04 - acc: 1.0000
 890/1297 [===================>..........] - ETA: 0s - loss: 5.7931e-04 - acc: 1.0000
1180/1297 [==========================>...] - ETA: 0s - loss: 5.3142e-04 - acc: 1.0000
1297/1297 [==============================] - 0s 185us/step - loss: 5.1548e-04 - acc: 1.0000 - val_loss: 0.0768 - val_acc: 0.9815
acc: 98.15%
Train on 1297 samples, validate on 325 samples
Epoch 1/30

  10/1297 [..............................] - ETA: 1:16 - loss: 0.6944 - acc: 0.4000
 300/1297 [=====>........................] - ETA: 2s - loss: 0.4707 - acc: 0.7767  
 560/1297 [===========>..................] - ETA: 0s - loss: 0.3389 - acc: 0.8464
 850/1297 [==================>...........] - ETA: 0s - loss: 0.2735 - acc: 0.8859
1140/1297 [=========================>....] - ETA: 0s - loss: 0.2241 - acc: 0.9088
1297/1297 [==============================] - 1s 704us/step - loss: 0.2123 - acc: 0.9144 - val_loss: 0.0598 - val_acc: 0.9815
Epoch 2/30

  10/1297 [..............................] - ETA: 0s - loss: 0.1400 - acc: 0.9000
 290/1297 [=====>........................] - ETA: 0s - loss: 0.0542 - acc: 0.9862
 600/1297 [============>.................] - ETA: 0s - loss: 0.0521 - acc: 0.9883
 900/1297 [===================>..........] - ETA: 0s - loss: 0.0502 - acc: 0.9878
1190/1297 [==========================>...] - ETA: 0s - loss: 0.0469 - acc: 0.9874
1297/1297 [==============================] - 0s 184us/step - loss: 0.0474 - acc: 0.9869 - val_loss: 0.0480 - val_acc: 0.9877
Epoch 3/30

  10/1297 [..............................] - ETA: 0s - loss: 0.0040 - acc: 1.0000
 310/1297 [======>.......................] - ETA: 0s - loss: 0.0128 - acc: 1.0000
 590/1297 [============>.................] - ETA: 0s - loss: 0.0179 - acc: 0.9966
 840/1297 [==================>...........] - ETA: 0s - loss: 0.0197 - acc: 0.9952
1110/1297 [========================>.....] - ETA: 0s - loss: 0.0227 - acc: 0.9937
1297/1297 [==============================] - 0s 198us/step - loss: 0.0219 - acc: 0.9946 - val_loss: 0.0502 - val_acc: 0.9815
Epoch 4/30

  10/1297 [..............................] - ETA: 0s - loss: 0.0048 - acc: 1.0000
 290/1297 [=====>........................] - ETA: 0s - loss: 0.0202 - acc: 0.9966
 570/1297 [============>.................] - ETA: 0s - loss: 0.0138 - acc: 0.9982
 850/1297 [==================>...........] - ETA: 0s - loss: 0.0121 - acc: 0.9988
1140/1297 [=========================>....] - ETA: 0s - loss: 0.0123 - acc: 0.9982
1297/1297 [==============================] - 0s 193us/step - loss: 0.0115 - acc: 0.9985 - val_loss: 0.0524 - val_acc: 0.9815
Epoch 5/30

  10/1297 [..............................] - ETA: 0s - loss: 0.0208 - acc: 1.0000
 300/1297 [=====>........................] - ETA: 0s - loss: 0.0046 - acc: 1.0000
 590/1297 [============>.................] - ETA: 0s - loss: 0.0081 - acc: 0.9983
 890/1297 [===================>..........] - ETA: 0s - loss: 0.0071 - acc: 0.9989
1180/1297 [==========================>...] - ETA: 0s - loss: 0.0063 - acc: 0.9992
1297/1297 [==============================] - 0s 186us/step - loss: 0.0060 - acc: 0.9992 - val_loss: 0.0475 - val_acc: 0.9815
Epoch 6/30

  10/1297 [..............................] - ETA: 0s - loss: 0.0032 - acc: 1.0000
 310/1297 [======>.......................] - ETA: 0s - loss: 0.0028 - acc: 1.0000
 600/1297 [============>.................] - ETA: 0s - loss: 0.0023 - acc: 1.0000
 890/1297 [===================>..........] - ETA: 0s - loss: 0.0020 - acc: 1.0000
1180/1297 [==========================>...] - ETA: 0s - loss: 0.0026 - acc: 1.0000
1297/1297 [==============================] - 0s 186us/step - loss: 0.0025 - acc: 1.0000 - val_loss: 0.0513 - val_acc: 0.9815
Epoch 7/30

  10/1297 [..............................] - ETA: 0s - loss: 0.0015 - acc: 1.0000
 300/1297 [=====>........................] - ETA: 0s - loss: 0.0015 - acc: 1.0000
 590/1297 [============>.................] - ETA: 0s - loss: 0.0014 - acc: 1.0000
 890/1297 [===================>..........] - ETA: 0s - loss: 0.0016 - acc: 1.0000
1180/1297 [==========================>...] - ETA: 0s - loss: 0.0016 - acc: 1.0000
1297/1297 [==============================] - 0s 186us/step - loss: 0.0016 - acc: 1.0000 - val_loss: 0.0510 - val_acc: 0.9815
Epoch 8/30

  10/1297 [..............................] - ETA: 0s - loss: 0.0024 - acc: 1.0000
 300/1297 [=====>........................] - ETA: 0s - loss: 0.0018 - acc: 1.0000
 590/1297 [============>.................] - ETA: 0s - loss: 0.0014 - acc: 1.0000
 880/1297 [===================>..........] - ETA: 0s - loss: 0.0012 - acc: 1.0000
1170/1297 [==========================>...] - ETA: 0s - loss: 0.0011 - acc: 1.0000
1297/1297 [==============================] - 0s 187us/step - loss: 0.0011 - acc: 1.0000 - val_loss: 0.0512 - val_acc: 0.9815
Epoch 9/30

  10/1297 [..............................] - ETA: 0s - loss: 1.9738e-04 - acc: 1.0000
 310/1297 [======>.......................] - ETA: 0s - loss: 6.8969e-04 - acc: 1.0000
 600/1297 [============>.................] - ETA: 0s - loss: 9.1487e-04 - acc: 1.0000
 890/1297 [===================>..........] - ETA: 0s - loss: 9.1569e-04 - acc: 1.0000
1190/1297 [==========================>...] - ETA: 0s - loss: 9.0136e-04 - acc: 1.0000
1297/1297 [==============================] - 0s 184us/step - loss: 9.3553e-04 - acc: 1.0000 - val_loss: 0.0517 - val_acc: 0.9815
Epoch 10/30

  10/1297 [..............................] - ETA: 0s - loss: 3.0891e-04 - acc: 1.0000
 300/1297 [=====>........................] - ETA: 0s - loss: 8.0175e-04 - acc: 1.0000
 590/1297 [============>.................] - ETA: 0s - loss: 8.0724e-04 - acc: 1.0000
 880/1297 [===================>..........] - ETA: 0s - loss: 7.5983e-04 - acc: 1.0000
1170/1297 [==========================>...] - ETA: 0s - loss: 7.3249e-04 - acc: 1.0000
1297/1297 [==============================] - 0s 188us/step - loss: 7.1960e-04 - acc: 1.0000 - val_loss: 0.0535 - val_acc: 0.9815
acc: 98.77%
Train on 1298 samples, validate on 324 samples
Epoch 1/30

  10/1298 [..............................] - ETA: 1:29 - loss: 0.7544 - acc: 0.4000
 300/1298 [=====>........................] - ETA: 2s - loss: 0.5117 - acc: 0.7267  
 600/1298 [============>.................] - ETA: 0s - loss: 0.3396 - acc: 0.8483
 900/1298 [===================>..........] - ETA: 0s - loss: 0.2671 - acc: 0.8856
1200/1298 [==========================>...] - ETA: 0s - loss: 0.2267 - acc: 0.9058
1298/1298 [==============================] - 1s 780us/step - loss: 0.2139 - acc: 0.9114 - val_loss: 0.0804 - val_acc: 0.9753
Epoch 2/30

  10/1298 [..............................] - ETA: 0s - loss: 0.1003 - acc: 0.9000
 300/1298 [=====>........................] - ETA: 0s - loss: 0.0394 - acc: 0.9867
 600/1298 [============>.................] - ETA: 0s - loss: 0.0462 - acc: 0.9867
 890/1298 [===================>..........] - ETA: 0s - loss: 0.0459 - acc: 0.9865
1190/1298 [==========================>...] - ETA: 0s - loss: 0.0434 - acc: 0.9857
1298/1298 [==============================] - 0s 184us/step - loss: 0.0419 - acc: 0.9869 - val_loss: 0.0749 - val_acc: 0.9815
Epoch 3/30

  10/1298 [..............................] - ETA: 0s - loss: 0.0056 - acc: 1.0000
 310/1298 [======>.......................] - ETA: 0s - loss: 0.0187 - acc: 0.9968
 610/1298 [=============>................] - ETA: 0s - loss: 0.0165 - acc: 0.9984
 910/1298 [====================>.........] - ETA: 0s - loss: 0.0138 - acc: 0.9989
1200/1298 [==========================>...] - ETA: 0s - loss: 0.0115 - acc: 0.9992
1298/1298 [==============================] - 0s 183us/step - loss: 0.0139 - acc: 0.9985 - val_loss: 0.0719 - val_acc: 0.9846
Epoch 4/30

  10/1298 [..............................] - ETA: 0s - loss: 0.0024 - acc: 1.0000
 290/1298 [=====>........................] - ETA: 0s - loss: 0.0072 - acc: 1.0000
 580/1298 [============>.................] - ETA: 0s - loss: 0.0061 - acc: 1.0000
 880/1298 [===================>..........] - ETA: 0s - loss: 0.0062 - acc: 1.0000
1160/1298 [=========================>....] - ETA: 0s - loss: 0.0057 - acc: 1.0000
1298/1298 [==============================] - 0s 188us/step - loss: 0.0056 - acc: 1.0000 - val_loss: 0.0760 - val_acc: 0.9846
Epoch 5/30

  10/1298 [..............................] - ETA: 0s - loss: 0.0082 - acc: 1.0000
 280/1298 [=====>........................] - ETA: 0s - loss: 0.0030 - acc: 1.0000
 540/1298 [===========>..................] - ETA: 0s - loss: 0.0026 - acc: 1.0000
 830/1298 [==================>...........] - ETA: 0s - loss: 0.0023 - acc: 1.0000
1120/1298 [========================>.....] - ETA: 0s - loss: 0.0045 - acc: 0.9991
1298/1298 [==============================] - 0s 194us/step - loss: 0.0043 - acc: 0.9992 - val_loss: 0.0742 - val_acc: 0.9877
Epoch 6/30

  10/1298 [..............................] - ETA: 0s - loss: 0.0029 - acc: 1.0000
 280/1298 [=====>........................] - ETA: 0s - loss: 0.0060 - acc: 0.9964
 560/1298 [===========>..................] - ETA: 0s - loss: 0.0042 - acc: 0.9982
 850/1298 [==================>...........] - ETA: 0s - loss: 0.0035 - acc: 0.9988
1140/1298 [=========================>....] - ETA: 0s - loss: 0.0032 - acc: 0.9991
1298/1298 [==============================] - 0s 190us/step - loss: 0.0031 - acc: 0.9992 - val_loss: 0.0776 - val_acc: 0.9877
Epoch 7/30

  10/1298 [..............................] - ETA: 0s - loss: 0.0025 - acc: 1.0000
 300/1298 [=====>........................] - ETA: 0s - loss: 0.0015 - acc: 1.0000
 590/1298 [============>.................] - ETA: 0s - loss: 0.0022 - acc: 1.0000
 880/1298 [===================>..........] - ETA: 0s - loss: 0.0018 - acc: 1.0000
1170/1298 [==========================>...] - ETA: 0s - loss: 0.0017 - acc: 1.0000
1298/1298 [==============================] - 0s 187us/step - loss: 0.0017 - acc: 1.0000 - val_loss: 0.0792 - val_acc: 0.9907
Epoch 8/30

  10/1298 [..............................] - ETA: 0s - loss: 2.1626e-04 - acc: 1.0000
 310/1298 [======>.......................] - ETA: 0s - loss: 8.7825e-04 - acc: 1.0000
 590/1298 [============>.................] - ETA: 0s - loss: 8.5070e-04 - acc: 1.0000
 880/1298 [===================>..........] - ETA: 0s - loss: 0.0010 - acc: 1.0000    
1160/1298 [=========================>....] - ETA: 0s - loss: 0.0010 - acc: 1.0000
1298/1298 [==============================] - 0s 189us/step - loss: 0.0010 - acc: 1.0000 - val_loss: 0.0819 - val_acc: 0.9907
Epoch 9/30

  10/1298 [..............................] - ETA: 0s - loss: 9.3026e-04 - acc: 1.0000
 300/1298 [=====>........................] - ETA: 0s - loss: 8.7538e-04 - acc: 1.0000
 590/1298 [============>.................] - ETA: 0s - loss: 8.3412e-04 - acc: 1.0000
 880/1298 [===================>..........] - ETA: 0s - loss: 7.6532e-04 - acc: 1.0000
1170/1298 [==========================>...] - ETA: 0s - loss: 7.5747e-04 - acc: 1.0000
1298/1298 [==============================] - 0s 187us/step - loss: 7.6109e-04 - acc: 1.0000 - val_loss: 0.0844 - val_acc: 0.9907
Epoch 10/30

  10/1298 [..............................] - ETA: 0s - loss: 4.4743e-04 - acc: 1.0000
 280/1298 [=====>........................] - ETA: 0s - loss: 4.4628e-04 - acc: 1.0000
 580/1298 [============>.................] - ETA: 0s - loss: 6.0707e-04 - acc: 1.0000
 870/1298 [===================>..........] - ETA: 0s - loss: 6.0057e-04 - acc: 1.0000
1170/1298 [==========================>...] - ETA: 0s - loss: 6.1442e-04 - acc: 1.0000
1298/1298 [==============================] - 0s 190us/step - loss: 6.1990e-04 - acc: 1.0000 - val_loss: 0.0854 - val_acc: 0.9907
Epoch 11/30

  10/1298 [..............................] - ETA: 0s - loss: 5.3016e-04 - acc: 1.0000
 310/1298 [======>.......................] - ETA: 0s - loss: 5.1618e-04 - acc: 1.0000
 600/1298 [============>.................] - ETA: 0s - loss: 4.7177e-04 - acc: 1.0000
 880/1298 [===================>..........] - ETA: 0s - loss: 4.4280e-04 - acc: 1.0000
1170/1298 [==========================>...] - ETA: 0s - loss: 5.0287e-04 - acc: 1.0000
1298/1298 [==============================] - 0s 188us/step - loss: 5.0980e-04 - acc: 1.0000 - val_loss: 0.0862 - val_acc: 0.9907
Epoch 12/30

  10/1298 [..............................] - ETA: 0s - loss: 2.7264e-04 - acc: 1.0000
 290/1298 [=====>........................] - ETA: 0s - loss: 3.7058e-04 - acc: 1.0000
 570/1298 [============>.................] - ETA: 0s - loss: 3.6969e-04 - acc: 1.0000
 860/1298 [==================>...........] - ETA: 0s - loss: 3.9012e-04 - acc: 1.0000
1160/1298 [=========================>....] - ETA: 0s - loss: 4.3127e-04 - acc: 1.0000
1298/1298 [==============================] - 0s 188us/step - loss: 4.2598e-04 - acc: 1.0000 - val_loss: 0.0871 - val_acc: 0.9907
Epoch 13/30

  10/1298 [..............................] - ETA: 0s - loss: 2.3878e-04 - acc: 1.0000
 310/1298 [======>.......................] - ETA: 0s - loss: 3.6144e-04 - acc: 1.0000
 610/1298 [=============>................] - ETA: 0s - loss: 3.6157e-04 - acc: 1.0000
 910/1298 [====================>.........] - ETA: 0s - loss: 3.9084e-04 - acc: 1.0000
1190/1298 [==========================>...] - ETA: 0s - loss: 3.7752e-04 - acc: 1.0000
1298/1298 [==============================] - 0s 184us/step - loss: 3.6152e-04 - acc: 1.0000 - val_loss: 0.0882 - val_acc: 0.9877
Epoch 14/30

  10/1298 [..............................] - ETA: 0s - loss: 2.2616e-04 - acc: 1.0000
 300/1298 [=====>........................] - ETA: 0s - loss: 2.4533e-04 - acc: 1.0000
 590/1298 [============>.................] - ETA: 0s - loss: 3.0068e-04 - acc: 1.0000
 880/1298 [===================>..........] - ETA: 0s - loss: 2.9996e-04 - acc: 1.0000
1170/1298 [==========================>...] - ETA: 0s - loss: 3.0003e-04 - acc: 1.0000
1298/1298 [==============================] - 0s 190us/step - loss: 3.1000e-04 - acc: 1.0000 - val_loss: 0.0894 - val_acc: 0.9877
Epoch 15/30

  10/1298 [..............................] - ETA: 0s - loss: 6.1091e-04 - acc: 1.0000
 300/1298 [=====>........................] - ETA: 0s - loss: 2.5630e-04 - acc: 1.0000
 590/1298 [============>.................] - ETA: 0s - loss: 2.4178e-04 - acc: 1.0000
 890/1298 [===================>..........] - ETA: 0s - loss: 2.5430e-04 - acc: 1.0000
1190/1298 [==========================>...] - ETA: 0s - loss: 2.7474e-04 - acc: 1.0000
1298/1298 [==============================] - 0s 185us/step - loss: 2.7056e-04 - acc: 1.0000 - val_loss: 0.0898 - val_acc: 0.9877
acc: 99.07%
Train on 1299 samples, validate on 323 samples
Epoch 1/30

  10/1299 [..............................] - ETA: 1:44 - loss: 0.7110 - acc: 0.4000
 290/1299 [=====>........................] - ETA: 2s - loss: 0.4997 - acc: 0.7552  
 580/1299 [============>.................] - ETA: 1s - loss: 0.3367 - acc: 0.8552
 880/1299 [===================>..........] - ETA: 0s - loss: 0.2535 - acc: 0.8966
1170/1299 [==========================>...] - ETA: 0s - loss: 0.2107 - acc: 0.9162
1299/1299 [==============================] - 1s 880us/step - loss: 0.2050 - acc: 0.9215 - val_loss: 0.0742 - val_acc: 0.9783
Epoch 2/30

  10/1299 [..............................] - ETA: 0s - loss: 0.0437 - acc: 1.0000
 300/1299 [=====>........................] - ETA: 0s - loss: 0.0525 - acc: 0.9900
 600/1299 [============>.................] - ETA: 0s - loss: 0.0478 - acc: 0.9900
 900/1299 [===================>..........] - ETA: 0s - loss: 0.0474 - acc: 0.9878
1190/1299 [==========================>...] - ETA: 0s - loss: 0.0492 - acc: 0.9874
1299/1299 [==============================] - 0s 184us/step - loss: 0.0487 - acc: 0.9877 - val_loss: 0.0561 - val_acc: 0.9814
Epoch 3/30

  10/1299 [..............................] - ETA: 0s - loss: 0.0135 - acc: 1.0000
 300/1299 [=====>........................] - ETA: 0s - loss: 0.0187 - acc: 1.0000
 580/1299 [============>.................] - ETA: 0s - loss: 0.0230 - acc: 0.9948
 700/1299 [===============>..............] - ETA: 0s - loss: 0.0214 - acc: 0.9957
 900/1299 [===================>..........] - ETA: 0s - loss: 0.0244 - acc: 0.9944
1160/1299 [=========================>....] - ETA: 0s - loss: 0.0229 - acc: 0.9948
1299/1299 [==============================] - 0s 235us/step - loss: 0.0219 - acc: 0.9954 - val_loss: 0.0609 - val_acc: 0.9783
Epoch 4/30

  10/1299 [..............................] - ETA: 0s - loss: 0.0037 - acc: 1.0000
 290/1299 [=====>........................] - ETA: 0s - loss: 0.0151 - acc: 0.9966
 570/1299 [============>.................] - ETA: 0s - loss: 0.0113 - acc: 0.9982
 850/1299 [==================>...........] - ETA: 0s - loss: 0.0096 - acc: 0.9988
1120/1299 [========================>.....] - ETA: 0s - loss: 0.0084 - acc: 0.9991
1299/1299 [==============================] - 0s 196us/step - loss: 0.0077 - acc: 0.9992 - val_loss: 0.0501 - val_acc: 0.9845
Epoch 5/30

  10/1299 [..............................] - ETA: 0s - loss: 0.0029 - acc: 1.0000
 270/1299 [=====>........................] - ETA: 0s - loss: 0.0022 - acc: 1.0000
 540/1299 [===========>..................] - ETA: 0s - loss: 0.0024 - acc: 1.0000
 800/1299 [=================>............] - ETA: 0s - loss: 0.0047 - acc: 0.9987
1060/1299 [=======================>......] - ETA: 0s - loss: 0.0046 - acc: 0.9991
1299/1299 [==============================] - 0s 204us/step - loss: 0.0053 - acc: 0.9985 - val_loss: 0.0652 - val_acc: 0.9752
Epoch 6/30

  10/1299 [..............................] - ETA: 0s - loss: 0.0040 - acc: 1.0000
 280/1299 [=====>........................] - ETA: 0s - loss: 0.0159 - acc: 0.9929
 550/1299 [===========>..................] - ETA: 0s - loss: 0.0098 - acc: 0.9964
 820/1299 [=================>............] - ETA: 0s - loss: 0.0090 - acc: 0.9963
1090/1299 [========================>.....] - ETA: 0s - loss: 0.0093 - acc: 0.9963
1299/1299 [==============================] - 0s 199us/step - loss: 0.0082 - acc: 0.9969 - val_loss: 0.0639 - val_acc: 0.9752
Epoch 7/30

  10/1299 [..............................] - ETA: 0s - loss: 3.9570e-04 - acc: 1.0000
 290/1299 [=====>........................] - ETA: 0s - loss: 0.0036 - acc: 1.0000    
 540/1299 [===========>..................] - ETA: 0s - loss: 0.0030 - acc: 1.0000
 810/1299 [=================>............] - ETA: 0s - loss: 0.0046 - acc: 0.9988
1080/1299 [=======================>......] - ETA: 0s - loss: 0.0049 - acc: 0.9981
1299/1299 [==============================] - 0s 203us/step - loss: 0.0046 - acc: 0.9985 - val_loss: 0.0569 - val_acc: 0.9814
Epoch 8/30

  10/1299 [..............................] - ETA: 0s - loss: 0.0029 - acc: 1.0000
 280/1299 [=====>........................] - ETA: 0s - loss: 0.0020 - acc: 1.0000
 540/1299 [===========>..................] - ETA: 0s - loss: 0.0020 - acc: 1.0000
 790/1299 [=================>............] - ETA: 0s - loss: 0.0018 - acc: 1.0000
1040/1299 [=======================>......] - ETA: 0s - loss: 0.0017 - acc: 1.0000
1260/1299 [============================>.] - ETA: 0s - loss: 0.0016 - acc: 1.0000
1299/1299 [==============================] - 0s 220us/step - loss: 0.0016 - acc: 1.0000 - val_loss: 0.0549 - val_acc: 0.9814
Epoch 9/30

  10/1299 [..............................] - ETA: 0s - loss: 0.0010 - acc: 1.0000
 270/1299 [=====>........................] - ETA: 0s - loss: 0.0018 - acc: 1.0000
 530/1299 [===========>..................] - ETA: 0s - loss: 0.0012 - acc: 1.0000
 790/1299 [=================>............] - ETA: 0s - loss: 0.0011 - acc: 1.0000
1040/1299 [=======================>......] - ETA: 0s - loss: 0.0010 - acc: 1.0000
1260/1299 [============================>.] - ETA: 0s - loss: 0.0010 - acc: 1.0000
1299/1299 [==============================] - 0s 218us/step - loss: 0.0010 - acc: 1.0000 - val_loss: 0.0552 - val_acc: 0.9845
Epoch 10/30

  10/1299 [..............................] - ETA: 0s - loss: 0.0022 - acc: 1.0000
 250/1299 [====>.........................] - ETA: 0s - loss: 7.1972e-04 - acc: 1.0000
 500/1299 [==========>...................] - ETA: 0s - loss: 8.1274e-04 - acc: 1.0000
 760/1299 [================>.............] - ETA: 0s - loss: 8.8027e-04 - acc: 1.0000
 990/1299 [=====================>........] - ETA: 0s - loss: 8.0251e-04 - acc: 1.0000
1240/1299 [===========================>..] - ETA: 0s - loss: 7.4046e-04 - acc: 1.0000
1299/1299 [==============================] - 0s 219us/step - loss: 7.3678e-04 - acc: 1.0000 - val_loss: 0.0558 - val_acc: 0.9845
Epoch 11/30

  10/1299 [..............................] - ETA: 0s - loss: 6.0048e-04 - acc: 1.0000
 280/1299 [=====>........................] - ETA: 0s - loss: 5.0159e-04 - acc: 1.0000
 550/1299 [===========>..................] - ETA: 0s - loss: 5.5312e-04 - acc: 1.0000
 820/1299 [=================>............] - ETA: 0s - loss: 5.6709e-04 - acc: 1.0000
1090/1299 [========================>.....] - ETA: 0s - loss: 5.8949e-04 - acc: 1.0000
1299/1299 [==============================] - 0s 208us/step - loss: 5.9192e-04 - acc: 1.0000 - val_loss: 0.0563 - val_acc: 0.9845
Epoch 12/30

  10/1299 [..............................] - ETA: 0s - loss: 7.6940e-04 - acc: 1.0000
 260/1299 [=====>........................] - ETA: 0s - loss: 5.2149e-04 - acc: 1.0000
 530/1299 [===========>..................] - ETA: 0s - loss: 4.3453e-04 - acc: 1.0000
 800/1299 [=================>............] - ETA: 0s - loss: 4.8623e-04 - acc: 1.0000
1070/1299 [=======================>......] - ETA: 0s - loss: 4.5792e-04 - acc: 1.0000
1299/1299 [==============================] - 0s 205us/step - loss: 4.9015e-04 - acc: 1.0000 - val_loss: 0.0572 - val_acc: 0.9845
acc: 98.45%
Accuracy: 98.27% (+/- 0.74%)
