Train on 810 samples, validate on 812 samples
Epoch 1/30

100/810 [==>...........................] - ETA: 3s - loss: 0.6899 - acc: 0.5900
810/810 [==============================] - 1s 641us/step - loss: 0.6664 - acc: 0.6173 - val_loss: 0.6246 - val_acc: 0.7414
Epoch 2/30

100/810 [==>...........................] - ETA: 0s - loss: 0.6237 - acc: 0.7500
810/810 [==============================] - 0s 27us/step - loss: 0.5805 - acc: 0.8444 - val_loss: 0.5582 - val_acc: 0.8805
Epoch 3/30

100/810 [==>...........................] - ETA: 0s - loss: 0.5349 - acc: 0.9100
810/810 [==============================] - 0s 27us/step - loss: 0.5010 - acc: 0.9556 - val_loss: 0.4858 - val_acc: 0.9495
Epoch 4/30

100/810 [==>...........................] - ETA: 0s - loss: 0.4626 - acc: 0.9600
810/810 [==============================] - 0s 27us/step - loss: 0.4218 - acc: 0.9667 - val_loss: 0.4124 - val_acc: 0.9594
Epoch 5/30

100/810 [==>...........................] - ETA: 0s - loss: 0.3638 - acc: 0.9800
810/810 [==============================] - 0s 27us/step - loss: 0.3434 - acc: 0.9741 - val_loss: 0.3434 - val_acc: 0.9594
Epoch 6/30

100/810 [==>...........................] - ETA: 0s - loss: 0.3157 - acc: 0.9900
810/810 [==============================] - 0s 26us/step - loss: 0.2755 - acc: 0.9753 - val_loss: 0.2862 - val_acc: 0.9581
Epoch 7/30

100/810 [==>...........................] - ETA: 0s - loss: 0.2319 - acc: 0.9900
810/810 [==============================] - 0s 27us/step - loss: 0.2208 - acc: 0.9753 - val_loss: 0.2402 - val_acc: 0.9618
Epoch 8/30

100/810 [==>...........................] - ETA: 0s - loss: 0.1759 - acc: 0.9900
810/810 [==============================] - 0s 27us/step - loss: 0.1790 - acc: 0.9815 - val_loss: 0.2064 - val_acc: 0.9618
Epoch 9/30

100/810 [==>...........................] - ETA: 0s - loss: 0.1670 - acc: 1.0000
810/810 [==============================] - 0s 28us/step - loss: 0.1502 - acc: 0.9852 - val_loss: 0.1825 - val_acc: 0.9631
Epoch 10/30

100/810 [==>...........................] - ETA: 0s - loss: 0.1288 - acc: 1.0000
810/810 [==============================] - 0s 31us/step - loss: 0.1279 - acc: 0.9852 - val_loss: 0.1639 - val_acc: 0.9631
Epoch 11/30

100/810 [==>...........................] - ETA: 0s - loss: 0.0939 - acc: 0.9900
810/810 [==============================] - 0s 27us/step - loss: 0.1108 - acc: 0.9852 - val_loss: 0.1502 - val_acc: 0.9618
Epoch 12/30

100/810 [==>...........................] - ETA: 0s - loss: 0.0894 - acc: 0.9900
810/810 [==============================] - 0s 28us/step - loss: 0.0978 - acc: 0.9864 - val_loss: 0.1406 - val_acc: 0.9631
Epoch 13/30

100/810 [==>...........................] - ETA: 0s - loss: 0.0973 - acc: 0.9900
810/810 [==============================] - 0s 29us/step - loss: 0.0874 - acc: 0.9889 - val_loss: 0.1327 - val_acc: 0.9643
Epoch 14/30

100/810 [==>...........................] - ETA: 0s - loss: 0.0743 - acc: 1.0000
810/810 [==============================] - 0s 28us/step - loss: 0.0785 - acc: 0.9901 - val_loss: 0.1268 - val_acc: 0.9643
Epoch 15/30

100/810 [==>...........................] - ETA: 0s - loss: 0.0910 - acc: 0.9900
810/810 [==============================] - 0s 29us/step - loss: 0.0714 - acc: 0.9914 - val_loss: 0.1220 - val_acc: 0.9667
Epoch 16/30

100/810 [==>...........................] - ETA: 0s - loss: 0.0887 - acc: 0.9800
810/810 [==============================] - 0s 28us/step - loss: 0.0654 - acc: 0.9914 - val_loss: 0.1204 - val_acc: 0.9643
Epoch 17/30

100/810 [==>...........................] - ETA: 0s - loss: 0.0609 - acc: 1.0000
810/810 [==============================] - 0s 27us/step - loss: 0.0601 - acc: 0.9926 - val_loss: 0.1175 - val_acc: 0.9643
Epoch 18/30

100/810 [==>...........................] - ETA: 0s - loss: 0.0492 - acc: 0.9900
810/810 [==============================] - 0s 28us/step - loss: 0.0556 - acc: 0.9938 - val_loss: 0.1142 - val_acc: 0.9655
Epoch 19/30

100/810 [==>...........................] - ETA: 0s - loss: 0.0457 - acc: 1.0000
810/810 [==============================] - 0s 28us/step - loss: 0.0513 - acc: 0.9951 - val_loss: 0.1112 - val_acc: 0.9655
Epoch 20/30

100/810 [==>...........................] - ETA: 0s - loss: 0.0498 - acc: 1.0000
810/810 [==============================] - 0s 29us/step - loss: 0.0475 - acc: 0.9963 - val_loss: 0.1082 - val_acc: 0.9655
Epoch 21/30

100/810 [==>...........................] - ETA: 0s - loss: 0.0524 - acc: 0.9900
810/810 [==============================] - 0s 29us/step - loss: 0.0439 - acc: 0.9963 - val_loss: 0.1058 - val_acc: 0.9655
Epoch 22/30

100/810 [==>...........................] - ETA: 0s - loss: 0.0319 - acc: 1.0000
810/810 [==============================] - 0s 30us/step - loss: 0.0409 - acc: 0.9963 - val_loss: 0.1037 - val_acc: 0.9680
Epoch 23/30

100/810 [==>...........................] - ETA: 0s - loss: 0.0475 - acc: 0.9900
810/810 [==============================] - 0s 36us/step - loss: 0.0384 - acc: 0.9963 - val_loss: 0.1024 - val_acc: 0.9667
Epoch 24/30

100/810 [==>...........................] - ETA: 0s - loss: 0.0395 - acc: 1.0000
810/810 [==============================] - 0s 31us/step - loss: 0.0361 - acc: 0.9963 - val_loss: 0.1012 - val_acc: 0.9655
Epoch 25/30

100/810 [==>...........................] - ETA: 0s - loss: 0.0270 - acc: 1.0000
810/810 [==============================] - 0s 30us/step - loss: 0.0338 - acc: 0.9963 - val_loss: 0.1001 - val_acc: 0.9667
Epoch 26/30

100/810 [==>...........................] - ETA: 0s - loss: 0.0282 - acc: 1.0000
810/810 [==============================] - 0s 28us/step - loss: 0.0318 - acc: 0.9963 - val_loss: 0.0990 - val_acc: 0.9667
Epoch 27/30

100/810 [==>...........................] - ETA: 0s - loss: 0.0350 - acc: 0.9900
810/810 [==============================] - 0s 28us/step - loss: 0.0299 - acc: 0.9963 - val_loss: 0.0984 - val_acc: 0.9667
Epoch 28/30

100/810 [==>...........................] - ETA: 0s - loss: 0.0290 - acc: 1.0000
810/810 [==============================] - 0s 28us/step - loss: 0.0282 - acc: 0.9963 - val_loss: 0.0976 - val_acc: 0.9655
Epoch 29/30

100/810 [==>...........................] - ETA: 0s - loss: 0.0183 - acc: 1.0000
810/810 [==============================] - 0s 28us/step - loss: 0.0266 - acc: 0.9963 - val_loss: 0.0973 - val_acc: 0.9655
Epoch 30/30

100/810 [==>...........................] - ETA: 0s - loss: 0.0152 - acc: 1.0000
810/810 [==============================] - 0s 28us/step - loss: 0.0252 - acc: 0.9975 - val_loss: 0.0966 - val_acc: 0.9655
acc: 96.80%
Train on 812 samples, validate on 810 samples
Epoch 1/30

100/812 [==>...........................] - ETA: 3s - loss: 0.6977 - acc: 0.5100
812/812 [==============================] - 1s 753us/step - loss: 0.6646 - acc: 0.6441 - val_loss: 0.6110 - val_acc: 0.7827
Epoch 2/30

100/812 [==>...........................] - ETA: 0s - loss: 0.6041 - acc: 0.8500
812/812 [==============================] - 0s 31us/step - loss: 0.5752 - acc: 0.8473 - val_loss: 0.5379 - val_acc: 0.8815
Epoch 3/30

100/812 [==>...........................] - ETA: 0s - loss: 0.5312 - acc: 0.8500
812/812 [==============================] - 0s 28us/step - loss: 0.4953 - acc: 0.9138 - val_loss: 0.4612 - val_acc: 0.9407
Epoch 4/30

100/812 [==>...........................] - ETA: 0s - loss: 0.4282 - acc: 0.9700
812/812 [==============================] - 0s 42us/step - loss: 0.4166 - acc: 0.9507 - val_loss: 0.3849 - val_acc: 0.9593
Epoch 5/30

100/812 [==>...........................] - ETA: 0s - loss: 0.3940 - acc: 0.9400
812/812 [==============================] - 0s 29us/step - loss: 0.3424 - acc: 0.9704 - val_loss: 0.3136 - val_acc: 0.9765
Epoch 6/30

100/812 [==>...........................] - ETA: 0s - loss: 0.3028 - acc: 0.9700
812/812 [==============================] - 0s 28us/step - loss: 0.2776 - acc: 0.9754 - val_loss: 0.2538 - val_acc: 0.9765
Epoch 7/30

100/812 [==>...........................] - ETA: 0s - loss: 0.2255 - acc: 1.0000
812/812 [==============================] - 0s 27us/step - loss: 0.2255 - acc: 0.9741 - val_loss: 0.2082 - val_acc: 0.9790
Epoch 8/30

100/812 [==>...........................] - ETA: 0s - loss: 0.2022 - acc: 0.9800
812/812 [==============================] - 0s 33us/step - loss: 0.1858 - acc: 0.9778 - val_loss: 0.1753 - val_acc: 0.9765
Epoch 9/30

100/812 [==>...........................] - ETA: 0s - loss: 0.1617 - acc: 0.9900
812/812 [==============================] - 0s 29us/step - loss: 0.1561 - acc: 0.9815 - val_loss: 0.1510 - val_acc: 0.9778
Epoch 10/30

100/812 [==>...........................] - ETA: 0s - loss: 0.1642 - acc: 0.9600
812/812 [==============================] - 0s 27us/step - loss: 0.1344 - acc: 0.9828 - val_loss: 0.1339 - val_acc: 0.9802
Epoch 11/30

100/812 [==>...........................] - ETA: 0s - loss: 0.1187 - acc: 0.9900
812/812 [==============================] - 0s 28us/step - loss: 0.1171 - acc: 0.9865 - val_loss: 0.1210 - val_acc: 0.9790
Epoch 12/30

100/812 [==>...........................] - ETA: 0s - loss: 0.0816 - acc: 1.0000
812/812 [==============================] - 0s 28us/step - loss: 0.1035 - acc: 0.9877 - val_loss: 0.1105 - val_acc: 0.9802
Epoch 13/30

100/812 [==>...........................] - ETA: 0s - loss: 0.1101 - acc: 0.9900
812/812 [==============================] - 0s 29us/step - loss: 0.0926 - acc: 0.9889 - val_loss: 0.1026 - val_acc: 0.9790
Epoch 14/30

100/812 [==>...........................] - ETA: 0s - loss: 0.0811 - acc: 1.0000
812/812 [==============================] - 0s 28us/step - loss: 0.0835 - acc: 0.9889 - val_loss: 0.0967 - val_acc: 0.9802
Epoch 15/30

100/812 [==>...........................] - ETA: 0s - loss: 0.0797 - acc: 0.9900
812/812 [==============================] - 0s 29us/step - loss: 0.0754 - acc: 0.9901 - val_loss: 0.0920 - val_acc: 0.9802
Epoch 16/30

100/812 [==>...........................] - ETA: 0s - loss: 0.0722 - acc: 0.9900
812/812 [==============================] - 0s 28us/step - loss: 0.0691 - acc: 0.9926 - val_loss: 0.0878 - val_acc: 0.9802
Epoch 17/30

100/812 [==>...........................] - ETA: 0s - loss: 0.0583 - acc: 0.9900
812/812 [==============================] - 0s 28us/step - loss: 0.0630 - acc: 0.9938 - val_loss: 0.0842 - val_acc: 0.9802
Epoch 18/30

100/812 [==>...........................] - ETA: 0s - loss: 0.0745 - acc: 0.9800
812/812 [==============================] - 0s 29us/step - loss: 0.0583 - acc: 0.9938 - val_loss: 0.0814 - val_acc: 0.9815
Epoch 19/30

100/812 [==>...........................] - ETA: 0s - loss: 0.0689 - acc: 0.9900
812/812 [==============================] - 0s 33us/step - loss: 0.0537 - acc: 0.9938 - val_loss: 0.0783 - val_acc: 0.9790
Epoch 20/30

100/812 [==>...........................] - ETA: 0s - loss: 0.0395 - acc: 1.0000
812/812 [==============================] - 0s 32us/step - loss: 0.0498 - acc: 0.9938 - val_loss: 0.0755 - val_acc: 0.9802
Epoch 21/30

100/812 [==>...........................] - ETA: 0s - loss: 0.0457 - acc: 0.9900
812/812 [==============================] - 0s 31us/step - loss: 0.0464 - acc: 0.9951 - val_loss: 0.0725 - val_acc: 0.9790
Epoch 22/30

100/812 [==>...........................] - ETA: 0s - loss: 0.0360 - acc: 1.0000
812/812 [==============================] - 0s 30us/step - loss: 0.0434 - acc: 0.9975 - val_loss: 0.0707 - val_acc: 0.9790
Epoch 23/30

100/812 [==>...........................] - ETA: 0s - loss: 0.0391 - acc: 1.0000
812/812 [==============================] - 0s 29us/step - loss: 0.0406 - acc: 0.9975 - val_loss: 0.0694 - val_acc: 0.9790
Epoch 24/30

100/812 [==>...........................] - ETA: 0s - loss: 0.0289 - acc: 1.0000
812/812 [==============================] - 0s 28us/step - loss: 0.0379 - acc: 0.9975 - val_loss: 0.0684 - val_acc: 0.9802
Epoch 25/30

100/812 [==>...........................] - ETA: 0s - loss: 0.0261 - acc: 1.0000
812/812 [==============================] - 0s 30us/step - loss: 0.0356 - acc: 0.9988 - val_loss: 0.0674 - val_acc: 0.9790
Epoch 26/30

100/812 [==>...........................] - ETA: 0s - loss: 0.0424 - acc: 1.0000
812/812 [==============================] - 0s 29us/step - loss: 0.0337 - acc: 0.9988 - val_loss: 0.0666 - val_acc: 0.9790
acc: 98.15%
Accuracy: 97.47% (+/- 0.68%)
