Train on 810 samples, validate on 812 samples
Epoch 1/30

 20/810 [..............................] - ETA: 17s - loss: 0.7074 - acc: 0.4500
640/810 [======================>.......] - ETA: 0s - loss: 0.2652 - acc: 0.8797 
810/810 [==============================] - 1s 721us/step - loss: 0.2324 - acc: 0.8963 - val_loss: 0.1068 - val_acc: 0.9618
Epoch 2/30

 20/810 [..............................] - ETA: 0s - loss: 0.0101 - acc: 1.0000
620/810 [=====================>........] - ETA: 0s - loss: 0.0416 - acc: 0.9919
810/810 [==============================] - 0s 109us/step - loss: 0.0435 - acc: 0.9901 - val_loss: 0.1085 - val_acc: 0.9594
Epoch 3/30

 20/810 [..............................] - ETA: 0s - loss: 0.0255 - acc: 1.0000
620/810 [=====================>........] - ETA: 0s - loss: 0.0192 - acc: 0.9968
810/810 [==============================] - 0s 106us/step - loss: 0.0167 - acc: 0.9975 - val_loss: 0.0977 - val_acc: 0.9606
Epoch 4/30

 20/810 [..............................] - ETA: 0s - loss: 0.0057 - acc: 1.0000
600/810 [=====================>........] - ETA: 0s - loss: 0.0122 - acc: 0.9967
810/810 [==============================] - 0s 110us/step - loss: 0.0106 - acc: 0.9975 - val_loss: 0.1035 - val_acc: 0.9631
Epoch 5/30

 20/810 [..............................] - ETA: 0s - loss: 0.0015 - acc: 1.0000
580/810 [====================>.........] - ETA: 0s - loss: 0.0074 - acc: 0.9983
810/810 [==============================] - 0s 123us/step - loss: 0.0101 - acc: 0.9975 - val_loss: 0.1095 - val_acc: 0.9606
Epoch 6/30

 20/810 [..............................] - ETA: 0s - loss: 0.0060 - acc: 1.0000
480/810 [================>.............] - ETA: 0s - loss: 0.0080 - acc: 1.0000
810/810 [==============================] - 0s 123us/step - loss: 0.0056 - acc: 1.0000 - val_loss: 0.0973 - val_acc: 0.9606
Epoch 7/30

 20/810 [..............................] - ETA: 0s - loss: 0.0024 - acc: 1.0000
600/810 [=====================>........] - ETA: 0s - loss: 0.0032 - acc: 1.0000
810/810 [==============================] - 0s 110us/step - loss: 0.0028 - acc: 1.0000 - val_loss: 0.1015 - val_acc: 0.9631
Epoch 8/30

 20/810 [..............................] - ETA: 0s - loss: 0.0013 - acc: 1.0000
620/810 [=====================>........] - ETA: 0s - loss: 0.0023 - acc: 1.0000
810/810 [==============================] - 0s 106us/step - loss: 0.0021 - acc: 1.0000 - val_loss: 0.1044 - val_acc: 0.9643
Epoch 9/30

 20/810 [..............................] - ETA: 0s - loss: 6.4536e-04 - acc: 1.0000
620/810 [=====================>........] - ETA: 0s - loss: 0.0012 - acc: 1.0000    
810/810 [==============================] - 0s 106us/step - loss: 0.0011 - acc: 1.0000 - val_loss: 0.1052 - val_acc: 0.9631
Epoch 10/30

 20/810 [..............................] - ETA: 0s - loss: 9.2967e-04 - acc: 1.0000
580/810 [====================>.........] - ETA: 0s - loss: 8.7483e-04 - acc: 1.0000
810/810 [==============================] - 0s 113us/step - loss: 9.0072e-04 - acc: 1.0000 - val_loss: 0.1071 - val_acc: 0.9631
Epoch 11/30

 20/810 [..............................] - ETA: 0s - loss: 7.3121e-04 - acc: 1.0000
600/810 [=====================>........] - ETA: 0s - loss: 7.8060e-04 - acc: 1.0000
810/810 [==============================] - 0s 111us/step - loss: 7.2757e-04 - acc: 1.0000 - val_loss: 0.1076 - val_acc: 0.9631
Epoch 12/30

 20/810 [..............................] - ETA: 0s - loss: 2.7424e-04 - acc: 1.0000
600/810 [=====================>........] - ETA: 0s - loss: 6.5289e-04 - acc: 1.0000
810/810 [==============================] - 0s 110us/step - loss: 6.0095e-04 - acc: 1.0000 - val_loss: 0.1092 - val_acc: 0.9631
Epoch 13/30

 20/810 [..............................] - ETA: 0s - loss: 1.8595e-04 - acc: 1.0000
560/810 [===================>..........] - ETA: 0s - loss: 5.4650e-04 - acc: 1.0000
810/810 [==============================] - 0s 115us/step - loss: 5.1729e-04 - acc: 1.0000 - val_loss: 0.1107 - val_acc: 0.9618
Epoch 14/30

 20/810 [..............................] - ETA: 0s - loss: 3.7497e-04 - acc: 1.0000
600/810 [=====================>........] - ETA: 0s - loss: 3.5860e-04 - acc: 1.0000
810/810 [==============================] - 0s 112us/step - loss: 4.4907e-04 - acc: 1.0000 - val_loss: 0.1111 - val_acc: 0.9631
Epoch 15/30

 20/810 [..............................] - ETA: 0s - loss: 3.0664e-04 - acc: 1.0000
600/810 [=====================>........] - ETA: 0s - loss: 3.2687e-04 - acc: 1.0000
810/810 [==============================] - 0s 113us/step - loss: 3.9832e-04 - acc: 1.0000 - val_loss: 0.1120 - val_acc: 0.9618
Epoch 16/30

 20/810 [..............................] - ETA: 0s - loss: 2.9148e-04 - acc: 1.0000
560/810 [===================>..........] - ETA: 0s - loss: 3.4998e-04 - acc: 1.0000
810/810 [==============================] - 0s 115us/step - loss: 3.5619e-04 - acc: 1.0000 - val_loss: 0.1130 - val_acc: 0.9631
Epoch 17/30

 20/810 [..............................] - ETA: 0s - loss: 2.8448e-04 - acc: 1.0000
600/810 [=====================>........] - ETA: 0s - loss: 3.4919e-04 - acc: 1.0000
810/810 [==============================] - 0s 111us/step - loss: 3.2287e-04 - acc: 1.0000 - val_loss: 0.1138 - val_acc: 0.9618
Epoch 18/30

 20/810 [..............................] - ETA: 0s - loss: 3.5509e-04 - acc: 1.0000
620/810 [=====================>........] - ETA: 0s - loss: 2.9180e-04 - acc: 1.0000
810/810 [==============================] - 0s 107us/step - loss: 2.9367e-04 - acc: 1.0000 - val_loss: 0.1142 - val_acc: 0.9643
Epoch 19/30

 20/810 [..............................] - ETA: 0s - loss: 2.0210e-04 - acc: 1.0000
600/810 [=====================>........] - ETA: 0s - loss: 2.0779e-04 - acc: 1.0000
810/810 [==============================] - 0s 108us/step - loss: 2.6786e-04 - acc: 1.0000 - val_loss: 0.1149 - val_acc: 0.9631
Epoch 20/30

 20/810 [..............................] - ETA: 0s - loss: 1.3752e-04 - acc: 1.0000
620/810 [=====================>........] - ETA: 0s - loss: 2.5351e-04 - acc: 1.0000
810/810 [==============================] - 0s 109us/step - loss: 2.4543e-04 - acc: 1.0000 - val_loss: 0.1153 - val_acc: 0.9643
Epoch 21/30

 20/810 [..............................] - ETA: 0s - loss: 1.4901e-04 - acc: 1.0000
620/810 [=====================>........] - ETA: 0s - loss: 2.3429e-04 - acc: 1.0000
810/810 [==============================] - 0s 109us/step - loss: 2.2386e-04 - acc: 1.0000 - val_loss: 0.1159 - val_acc: 0.9643
Epoch 22/30

 20/810 [..............................] - ETA: 0s - loss: 1.9706e-04 - acc: 1.0000
620/810 [=====================>........] - ETA: 0s - loss: 2.3692e-04 - acc: 1.0000
810/810 [==============================] - 0s 108us/step - loss: 2.0724e-04 - acc: 1.0000 - val_loss: 0.1166 - val_acc: 0.9631
Epoch 23/30

 20/810 [..............................] - ETA: 0s - loss: 1.7994e-04 - acc: 1.0000
620/810 [=====================>........] - ETA: 0s - loss: 1.8164e-04 - acc: 1.0000
810/810 [==============================] - 0s 108us/step - loss: 1.9039e-04 - acc: 1.0000 - val_loss: 0.1171 - val_acc: 0.9643
Epoch 24/30

 20/810 [..............................] - ETA: 0s - loss: 1.0371e-04 - acc: 1.0000
580/810 [====================>.........] - ETA: 0s - loss: 1.5492e-04 - acc: 1.0000
810/810 [==============================] - 0s 113us/step - loss: 1.7665e-04 - acc: 1.0000 - val_loss: 0.1175 - val_acc: 0.9631
acc: 96.43%
Train on 812 samples, validate on 810 samples
Epoch 1/30

 20/812 [..............................] - ETA: 20s - loss: 0.6820 - acc: 0.5000
640/812 [======================>.......] - ETA: 0s - loss: 0.3337 - acc: 0.8422 
812/812 [==============================] - 1s 809us/step - loss: 0.2925 - acc: 0.8670 - val_loss: 0.0854 - val_acc: 0.9716
Epoch 2/30

 20/812 [..............................] - ETA: 0s - loss: 0.0210 - acc: 1.0000
600/812 [=====================>........] - ETA: 0s - loss: 0.0550 - acc: 0.9867
812/812 [==============================] - 0s 110us/step - loss: 0.0574 - acc: 0.9840 - val_loss: 0.0754 - val_acc: 0.9753
Epoch 3/30

 20/812 [..............................] - ETA: 0s - loss: 0.0520 - acc: 1.0000
620/812 [=====================>........] - ETA: 0s - loss: 0.0179 - acc: 1.0000
812/812 [==============================] - 0s 108us/step - loss: 0.0212 - acc: 0.9975 - val_loss: 0.0645 - val_acc: 0.9802
Epoch 4/30

 20/812 [..............................] - ETA: 0s - loss: 0.0058 - acc: 1.0000
600/812 [=====================>........] - ETA: 0s - loss: 0.0090 - acc: 0.9983
812/812 [==============================] - 0s 109us/step - loss: 0.0103 - acc: 0.9975 - val_loss: 0.0623 - val_acc: 0.9802
Epoch 5/30

 20/812 [..............................] - ETA: 0s - loss: 0.0026 - acc: 1.0000
600/812 [=====================>........] - ETA: 0s - loss: 0.0062 - acc: 0.9967
812/812 [==============================] - 0s 112us/step - loss: 0.0061 - acc: 0.9975 - val_loss: 0.0645 - val_acc: 0.9815
Epoch 6/30

 20/812 [..............................] - ETA: 0s - loss: 0.0046 - acc: 1.0000
620/812 [=====================>........] - ETA: 0s - loss: 0.0037 - acc: 1.0000
812/812 [==============================] - 0s 110us/step - loss: 0.0035 - acc: 1.0000 - val_loss: 0.0638 - val_acc: 0.9802
Epoch 7/30

 20/812 [..............................] - ETA: 0s - loss: 0.0015 - acc: 1.0000
640/812 [======================>.......] - ETA: 0s - loss: 0.0024 - acc: 1.0000
812/812 [==============================] - 0s 107us/step - loss: 0.0022 - acc: 1.0000 - val_loss: 0.0652 - val_acc: 0.9802
Epoch 8/30

 20/812 [..............................] - ETA: 0s - loss: 0.0013 - acc: 1.0000
600/812 [=====================>........] - ETA: 0s - loss: 0.0019 - acc: 1.0000
812/812 [==============================] - 0s 110us/step - loss: 0.0017 - acc: 1.0000 - val_loss: 0.0669 - val_acc: 0.9802
Epoch 9/30

 20/812 [..............................] - ETA: 0s - loss: 0.0033 - acc: 1.0000
600/812 [=====================>........] - ETA: 0s - loss: 0.0013 - acc: 1.0000
812/812 [==============================] - 0s 112us/step - loss: 0.0013 - acc: 1.0000 - val_loss: 0.0671 - val_acc: 0.9815
Epoch 10/30

 20/812 [..............................] - ETA: 0s - loss: 0.0013 - acc: 1.0000
420/812 [==============>...............] - ETA: 0s - loss: 0.0013 - acc: 1.0000
812/812 [==============================] - 0s 158us/step - loss: 0.0011 - acc: 1.0000 - val_loss: 0.0680 - val_acc: 0.9815
Epoch 11/30

 20/812 [..............................] - ETA: 0s - loss: 8.5687e-04 - acc: 1.0000
420/812 [==============>...............] - ETA: 0s - loss: 7.6219e-04 - acc: 1.0000
812/812 [==============================] - 0s 142us/step - loss: 8.9909e-04 - acc: 1.0000 - val_loss: 0.0687 - val_acc: 0.9815
Epoch 12/30

 20/812 [..............................] - ETA: 0s - loss: 9.6772e-04 - acc: 1.0000
520/812 [==================>...........] - ETA: 0s - loss: 6.4104e-04 - acc: 1.0000
812/812 [==============================] - 0s 120us/step - loss: 7.4129e-04 - acc: 1.0000 - val_loss: 0.0692 - val_acc: 0.9815
Epoch 13/30

 20/812 [..............................] - ETA: 0s - loss: 7.4294e-04 - acc: 1.0000
580/812 [====================>.........] - ETA: 0s - loss: 7.0253e-04 - acc: 1.0000
812/812 [==============================] - 0s 126us/step - loss: 6.4199e-04 - acc: 1.0000 - val_loss: 0.0698 - val_acc: 0.9815
Epoch 14/30

 20/812 [..............................] - ETA: 0s - loss: 3.7785e-04 - acc: 1.0000
560/812 [===================>..........] - ETA: 0s - loss: 4.8791e-04 - acc: 1.0000
812/812 [==============================] - 0s 122us/step - loss: 5.7260e-04 - acc: 1.0000 - val_loss: 0.0702 - val_acc: 0.9815
Epoch 15/30

 20/812 [..............................] - ETA: 0s - loss: 3.6918e-04 - acc: 1.0000
560/812 [===================>..........] - ETA: 0s - loss: 5.6673e-04 - acc: 1.0000
812/812 [==============================] - 0s 116us/step - loss: 5.1420e-04 - acc: 1.0000 - val_loss: 0.0709 - val_acc: 0.9815
Epoch 16/30

 20/812 [..............................] - ETA: 0s - loss: 4.8783e-04 - acc: 1.0000
580/812 [====================>.........] - ETA: 0s - loss: 5.0046e-04 - acc: 1.0000
812/812 [==============================] - 0s 119us/step - loss: 4.5634e-04 - acc: 1.0000 - val_loss: 0.0714 - val_acc: 0.9815
Epoch 17/30

 20/812 [..............................] - ETA: 0s - loss: 2.6286e-04 - acc: 1.0000
580/812 [====================>.........] - ETA: 0s - loss: 4.3642e-04 - acc: 1.0000
812/812 [==============================] - 0s 116us/step - loss: 4.0654e-04 - acc: 1.0000 - val_loss: 0.0720 - val_acc: 0.9815
Epoch 18/30

 20/812 [..............................] - ETA: 0s - loss: 3.5921e-04 - acc: 1.0000
560/812 [===================>..........] - ETA: 0s - loss: 3.1778e-04 - acc: 1.0000
812/812 [==============================] - 0s 118us/step - loss: 3.7399e-04 - acc: 1.0000 - val_loss: 0.0725 - val_acc: 0.9815
Epoch 19/30

 20/812 [..............................] - ETA: 0s - loss: 4.6309e-04 - acc: 1.0000
600/812 [=====================>........] - ETA: 0s - loss: 3.6639e-04 - acc: 1.0000
812/812 [==============================] - 0s 112us/step - loss: 3.3608e-04 - acc: 1.0000 - val_loss: 0.0728 - val_acc: 0.9815
Epoch 20/30

 20/812 [..............................] - ETA: 0s - loss: 2.9090e-04 - acc: 1.0000
580/812 [====================>.........] - ETA: 0s - loss: 3.2579e-04 - acc: 1.0000
812/812 [==============================] - 0s 112us/step - loss: 3.0490e-04 - acc: 1.0000 - val_loss: 0.0733 - val_acc: 0.9815
Epoch 21/30

 20/812 [..............................] - ETA: 0s - loss: 4.9664e-04 - acc: 1.0000
620/812 [=====================>........] - ETA: 0s - loss: 3.0388e-04 - acc: 1.0000
812/812 [==============================] - 0s 107us/step - loss: 2.7937e-04 - acc: 1.0000 - val_loss: 0.0738 - val_acc: 0.9815
acc: 98.15%
Accuracy: 97.29% (+/- 0.86%)
