Train on 1297 samples, validate on 325 samples
Epoch 1/30

  10/1297 [..............................] - ETA: 57s - loss: 0.6812 - acc: 0.8000
 310/1297 [======>.......................] - ETA: 1s - loss: 0.4091 - acc: 0.8226 
 630/1297 [=============>................] - ETA: 0s - loss: 0.2609 - acc: 0.8952
 940/1297 [====================>.........] - ETA: 0s - loss: 0.1956 - acc: 0.9234
1260/1297 [============================>.] - ETA: 0s - loss: 0.1734 - acc: 0.9325
1297/1297 [==============================] - 1s 554us/step - loss: 0.1708 - acc: 0.9337 - val_loss: 0.1168 - val_acc: 0.9508
Epoch 2/30

  10/1297 [..............................] - ETA: 0s - loss: 0.0136 - acc: 1.0000
 300/1297 [=====>........................] - ETA: 0s - loss: 0.0314 - acc: 0.9967
 610/1297 [=============>................] - ETA: 0s - loss: 0.0286 - acc: 0.9934
 910/1297 [====================>.........] - ETA: 0s - loss: 0.0319 - acc: 0.9912
1200/1297 [==========================>...] - ETA: 0s - loss: 0.0419 - acc: 0.9883
1297/1297 [==============================] - 0s 180us/step - loss: 0.0436 - acc: 0.9877 - val_loss: 0.1070 - val_acc: 0.9692
Epoch 3/30

  10/1297 [..............................] - ETA: 0s - loss: 0.0126 - acc: 1.0000
 300/1297 [=====>........................] - ETA: 0s - loss: 0.0212 - acc: 1.0000
 600/1297 [============>.................] - ETA: 0s - loss: 0.0264 - acc: 0.9967
 910/1297 [====================>.........] - ETA: 0s - loss: 0.0272 - acc: 0.9967
1220/1297 [===========================>..] - ETA: 0s - loss: 0.0230 - acc: 0.9967
1297/1297 [==============================] - 0s 177us/step - loss: 0.0220 - acc: 0.9969 - val_loss: 0.0939 - val_acc: 0.9723
Epoch 4/30

  10/1297 [..............................] - ETA: 0s - loss: 0.0020 - acc: 1.0000
 330/1297 [======>.......................] - ETA: 0s - loss: 0.0046 - acc: 1.0000
 640/1297 [=============>................] - ETA: 0s - loss: 0.0102 - acc: 0.9984
 960/1297 [=====================>........] - ETA: 0s - loss: 0.0088 - acc: 0.9990
1260/1297 [============================>.] - ETA: 0s - loss: 0.0114 - acc: 0.9984
1297/1297 [==============================] - 0s 172us/step - loss: 0.0112 - acc: 0.9985 - val_loss: 0.0904 - val_acc: 0.9754
Epoch 5/30

  10/1297 [..............................] - ETA: 0s - loss: 6.3515e-04 - acc: 1.0000
 310/1297 [======>.......................] - ETA: 0s - loss: 0.0163 - acc: 0.9968    
 610/1297 [=============>................] - ETA: 0s - loss: 0.0141 - acc: 0.9967
 920/1297 [====================>.........] - ETA: 0s - loss: 0.0112 - acc: 0.9978
1230/1297 [===========================>..] - ETA: 0s - loss: 0.0089 - acc: 0.9984
1297/1297 [==============================] - 0s 181us/step - loss: 0.0087 - acc: 0.9985 - val_loss: 0.1002 - val_acc: 0.9631
Epoch 6/30

  10/1297 [..............................] - ETA: 0s - loss: 4.3166e-04 - acc: 1.0000
 320/1297 [======>.......................] - ETA: 0s - loss: 0.0017 - acc: 1.0000    
 620/1297 [=============>................] - ETA: 0s - loss: 0.0117 - acc: 0.9968
 910/1297 [====================>.........] - ETA: 0s - loss: 0.0088 - acc: 0.9978
1210/1297 [==========================>...] - ETA: 0s - loss: 0.0072 - acc: 0.9983
1297/1297 [==============================] - 0s 179us/step - loss: 0.0068 - acc: 0.9985 - val_loss: 0.0959 - val_acc: 0.9662
Epoch 7/30

  10/1297 [..............................] - ETA: 0s - loss: 0.0015 - acc: 1.0000
 330/1297 [======>.......................] - ETA: 0s - loss: 0.0011 - acc: 1.0000
 650/1297 [==============>...............] - ETA: 0s - loss: 0.0060 - acc: 0.9985
 970/1297 [=====================>........] - ETA: 0s - loss: 0.0056 - acc: 0.9990
1290/1297 [============================>.] - ETA: 0s - loss: 0.0049 - acc: 0.9992
1297/1297 [==============================] - 0s 168us/step - loss: 0.0048 - acc: 0.9992 - val_loss: 0.0997 - val_acc: 0.9662
Epoch 8/30

  10/1297 [..............................] - ETA: 0s - loss: 2.6716e-04 - acc: 1.0000
 330/1297 [======>.......................] - ETA: 0s - loss: 0.0085 - acc: 0.9970    
 640/1297 [=============>................] - ETA: 0s - loss: 0.0066 - acc: 0.9969
 940/1297 [====================>.........] - ETA: 0s - loss: 0.0051 - acc: 0.9979
1250/1297 [===========================>..] - ETA: 0s - loss: 0.0041 - acc: 0.9984
1297/1297 [==============================] - 0s 173us/step - loss: 0.0040 - acc: 0.9985 - val_loss: 0.1013 - val_acc: 0.9662
Epoch 9/30

  10/1297 [..............................] - ETA: 0s - loss: 6.8462e-04 - acc: 1.0000
 310/1297 [======>.......................] - ETA: 0s - loss: 6.6754e-04 - acc: 1.0000
 620/1297 [=============>................] - ETA: 0s - loss: 0.0048 - acc: 0.9984    
 920/1297 [====================>.........] - ETA: 0s - loss: 0.0039 - acc: 0.9989
1230/1297 [===========================>..] - ETA: 0s - loss: 0.0033 - acc: 0.9992
1297/1297 [==============================] - 0s 177us/step - loss: 0.0033 - acc: 0.9992 - val_loss: 0.1011 - val_acc: 0.9631
Epoch 10/30

  10/1297 [..............................] - ETA: 0s - loss: 3.5004e-04 - acc: 1.0000
 330/1297 [======>.......................] - ETA: 0s - loss: 0.0121 - acc: 0.9970    
 650/1297 [==============>...............] - ETA: 0s - loss: 0.0068 - acc: 0.9985
 970/1297 [=====================>........] - ETA: 0s - loss: 0.0048 - acc: 0.9990
1290/1297 [============================>.] - ETA: 0s - loss: 0.0038 - acc: 0.9992
1297/1297 [==============================] - 0s 169us/step - loss: 0.0038 - acc: 0.9992 - val_loss: 0.1105 - val_acc: 0.9692
Epoch 11/30

  10/1297 [..............................] - ETA: 0s - loss: 2.3523e-04 - acc: 1.0000
 330/1297 [======>.......................] - ETA: 0s - loss: 3.9951e-04 - acc: 1.0000
 640/1297 [=============>................] - ETA: 0s - loss: 5.4133e-04 - acc: 1.0000
 950/1297 [====================>.........] - ETA: 0s - loss: 0.0047 - acc: 0.9989    
1260/1297 [============================>.] - ETA: 0s - loss: 0.0038 - acc: 0.9992
1297/1297 [==============================] - 0s 173us/step - loss: 0.0037 - acc: 0.9992 - val_loss: 0.1057 - val_acc: 0.9692
Epoch 12/30

  10/1297 [..............................] - ETA: 0s - loss: 5.0692e-05 - acc: 1.0000
 320/1297 [======>.......................] - ETA: 0s - loss: 5.7767e-04 - acc: 1.0000
 630/1297 [=============>................] - ETA: 0s - loss: 5.4055e-04 - acc: 1.0000
 930/1297 [====================>.........] - ETA: 0s - loss: 5.2044e-04 - acc: 1.0000
1230/1297 [===========================>..] - ETA: 0s - loss: 0.0040 - acc: 0.9992    
1297/1297 [==============================] - 0s 178us/step - loss: 0.0038 - acc: 0.9992 - val_loss: 0.1029 - val_acc: 0.9662
Epoch 13/30

  10/1297 [..............................] - ETA: 0s - loss: 2.9287e-04 - acc: 1.0000
 330/1297 [======>.......................] - ETA: 0s - loss: 0.0016 - acc: 1.0000    
 650/1297 [==============>...............] - ETA: 0s - loss: 0.0013 - acc: 1.0000
 970/1297 [=====================>........] - ETA: 0s - loss: 0.0048 - acc: 0.9990
1280/1297 [============================>.] - ETA: 0s - loss: 0.0040 - acc: 0.9992
1297/1297 [==============================] - 0s 169us/step - loss: 0.0039 - acc: 0.9992 - val_loss: 0.1040 - val_acc: 0.9631
Epoch 14/30

  10/1297 [..............................] - ETA: 0s - loss: 3.4033e-04 - acc: 1.0000
 330/1297 [======>.......................] - ETA: 0s - loss: 5.1374e-04 - acc: 1.0000
 650/1297 [==============>...............] - ETA: 0s - loss: 6.6176e-04 - acc: 1.0000
 960/1297 [=====================>........] - ETA: 0s - loss: 5.5016e-04 - acc: 1.0000
1270/1297 [============================>.] - ETA: 0s - loss: 0.0028 - acc: 0.9992    
1297/1297 [==============================] - 0s 174us/step - loss: 0.0028 - acc: 0.9992 - val_loss: 0.1084 - val_acc: 0.9631
Epoch 15/30

  10/1297 [..............................] - ETA: 0s - loss: 1.3090e-04 - acc: 1.0000
 320/1297 [======>.......................] - ETA: 0s - loss: 6.4420e-04 - acc: 1.0000
 630/1297 [=============>................] - ETA: 0s - loss: 0.0036 - acc: 0.9984    
 940/1297 [====================>.........] - ETA: 0s - loss: 0.0030 - acc: 0.9989
1250/1297 [===========================>..] - ETA: 0s - loss: 0.0024 - acc: 0.9992
1297/1297 [==============================] - 0s 174us/step - loss: 0.0024 - acc: 0.9992 - val_loss: 0.1162 - val_acc: 0.9600
Epoch 16/30

  10/1297 [..............................] - ETA: 0s - loss: 5.5080e-04 - acc: 1.0000
 320/1297 [======>.......................] - ETA: 0s - loss: 4.7228e-04 - acc: 1.0000
 640/1297 [=============>................] - ETA: 0s - loss: 5.0899e-04 - acc: 1.0000
 960/1297 [=====================>........] - ETA: 0s - loss: 4.2411e-04 - acc: 1.0000
1280/1297 [============================>.] - ETA: 0s - loss: 0.0035 - acc: 0.9992    
1297/1297 [==============================] - 0s 171us/step - loss: 0.0035 - acc: 0.9992 - val_loss: 0.1117 - val_acc: 0.9631
Epoch 17/30

  10/1297 [..............................] - ETA: 0s - loss: 2.4262e-04 - acc: 1.0000
 330/1297 [======>.......................] - ETA: 0s - loss: 8.4603e-04 - acc: 1.0000
 650/1297 [==============>...............] - ETA: 0s - loss: 8.3633e-04 - acc: 1.0000
 960/1297 [=====================>........] - ETA: 0s - loss: 7.2379e-04 - acc: 1.0000
1270/1297 [============================>.] - ETA: 0s - loss: 0.0033 - acc: 0.9992    
1297/1297 [==============================] - 0s 173us/step - loss: 0.0032 - acc: 0.9992 - val_loss: 0.1163 - val_acc: 0.9631
Epoch 18/30

  10/1297 [..............................] - ETA: 0s - loss: 1.6133e-04 - acc: 1.0000
 330/1297 [======>.......................] - ETA: 0s - loss: 0.0013 - acc: 1.0000    
 640/1297 [=============>................] - ETA: 0s - loss: 0.0013 - acc: 1.0000
 930/1297 [====================>.........] - ETA: 0s - loss: 0.0010 - acc: 1.0000
1240/1297 [===========================>..] - ETA: 0s - loss: 0.0029 - acc: 0.9992
1297/1297 [==============================] - 0s 176us/step - loss: 0.0029 - acc: 0.9992 - val_loss: 0.1172 - val_acc: 0.9662
Epoch 19/30

  10/1297 [..............................] - ETA: 0s - loss: 0.0013 - acc: 1.0000
 320/1297 [======>.......................] - ETA: 0s - loss: 0.0070 - acc: 0.9969
 640/1297 [=============>................] - ETA: 0s - loss: 0.0043 - acc: 0.9984
 960/1297 [=====================>........] - ETA: 0s - loss: 0.0031 - acc: 0.9990
1280/1297 [============================>.] - ETA: 0s - loss: 0.0025 - acc: 0.9992
1297/1297 [==============================] - 0s 171us/step - loss: 0.0025 - acc: 0.9992 - val_loss: 0.1234 - val_acc: 0.9600
Epoch 20/30

  10/1297 [..............................] - ETA: 0s - loss: 1.2322e-04 - acc: 1.0000
 330/1297 [======>.......................] - ETA: 0s - loss: 3.6995e-04 - acc: 1.0000
 660/1297 [==============>...............] - ETA: 0s - loss: 3.7011e-04 - acc: 1.0000
 980/1297 [=====================>........] - ETA: 0s - loss: 0.0039 - acc: 0.9990    
1290/1297 [============================>.] - ETA: 0s - loss: 0.0032 - acc: 0.9992
1297/1297 [==============================] - 0s 169us/step - loss: 0.0032 - acc: 0.9992 - val_loss: 0.1212 - val_acc: 0.9600
acc: 97.54%
Train on 1297 samples, validate on 325 samples
Epoch 1/30

  10/1297 [..............................] - ETA: 1:03 - loss: 0.7040 - acc: 0.4000
 320/1297 [======>.......................] - ETA: 1s - loss: 0.4187 - acc: 0.7844  
 630/1297 [=============>................] - ETA: 0s - loss: 0.2796 - acc: 0.8683
 900/1297 [===================>..........] - ETA: 0s - loss: 0.2237 - acc: 0.9011
1200/1297 [==========================>...] - ETA: 0s - loss: 0.2020 - acc: 0.9133
1297/1297 [==============================] - 1s 612us/step - loss: 0.1905 - acc: 0.9198 - val_loss: 0.0957 - val_acc: 0.9692
Epoch 2/30

  10/1297 [..............................] - ETA: 0s - loss: 0.0191 - acc: 1.0000
 290/1297 [=====>........................] - ETA: 0s - loss: 0.0313 - acc: 0.9931
 600/1297 [============>.................] - ETA: 0s - loss: 0.0405 - acc: 0.9900
 910/1297 [====================>.........] - ETA: 0s - loss: 0.0445 - acc: 0.9879
1210/1297 [==========================>...] - ETA: 0s - loss: 0.0414 - acc: 0.9876
1297/1297 [==============================] - 0s 180us/step - loss: 0.0436 - acc: 0.9854 - val_loss: 0.0796 - val_acc: 0.9754
Epoch 3/30

  10/1297 [..............................] - ETA: 0s - loss: 0.0236 - acc: 1.0000
 320/1297 [======>.......................] - ETA: 0s - loss: 0.0194 - acc: 0.9969
 610/1297 [=============>................] - ETA: 0s - loss: 0.0199 - acc: 0.9967
 890/1297 [===================>..........] - ETA: 0s - loss: 0.0163 - acc: 0.9978
1190/1297 [==========================>...] - ETA: 0s - loss: 0.0191 - acc: 0.9966
1297/1297 [==============================] - 0s 181us/step - loss: 0.0180 - acc: 0.9969 - val_loss: 0.0901 - val_acc: 0.9723
Epoch 4/30

  10/1297 [..............................] - ETA: 0s - loss: 0.0015 - acc: 1.0000
 300/1297 [=====>........................] - ETA: 0s - loss: 0.0065 - acc: 1.0000
 600/1297 [============>.................] - ETA: 0s - loss: 0.0081 - acc: 0.9983
 910/1297 [====================>.........] - ETA: 0s - loss: 0.0072 - acc: 0.9989
1200/1297 [==========================>...] - ETA: 0s - loss: 0.0065 - acc: 0.9992
1297/1297 [==============================] - 0s 180us/step - loss: 0.0098 - acc: 0.9985 - val_loss: 0.0603 - val_acc: 0.9785
Epoch 5/30

  10/1297 [..............................] - ETA: 0s - loss: 0.0019 - acc: 1.0000
 310/1297 [======>.......................] - ETA: 0s - loss: 0.0032 - acc: 1.0000
 620/1297 [=============>................] - ETA: 0s - loss: 0.0028 - acc: 1.0000
 940/1297 [====================>.........] - ETA: 0s - loss: 0.0051 - acc: 0.9989
1260/1297 [============================>.] - ETA: 0s - loss: 0.0047 - acc: 0.9992
1297/1297 [==============================] - 0s 173us/step - loss: 0.0046 - acc: 0.9992 - val_loss: 0.0631 - val_acc: 0.9785
Epoch 6/30

  10/1297 [..............................] - ETA: 0s - loss: 9.6006e-04 - acc: 1.0000
 310/1297 [======>.......................] - ETA: 0s - loss: 0.0012 - acc: 1.0000    
 620/1297 [=============>................] - ETA: 0s - loss: 0.0013 - acc: 1.0000
 930/1297 [====================>.........] - ETA: 0s - loss: 0.0061 - acc: 0.9989
1230/1297 [===========================>..] - ETA: 0s - loss: 0.0049 - acc: 0.9992
1297/1297 [==============================] - 0s 179us/step - loss: 0.0047 - acc: 0.9992 - val_loss: 0.0649 - val_acc: 0.9815
Epoch 7/30

  10/1297 [..............................] - ETA: 0s - loss: 0.0012 - acc: 1.0000
 320/1297 [======>.......................] - ETA: 0s - loss: 8.2136e-04 - acc: 1.0000
 630/1297 [=============>................] - ETA: 0s - loss: 7.6729e-04 - acc: 1.0000
 930/1297 [====================>.........] - ETA: 0s - loss: 8.6086e-04 - acc: 1.0000
1240/1297 [===========================>..] - ETA: 0s - loss: 0.0032 - acc: 0.9992    
1297/1297 [==============================] - 0s 178us/step - loss: 0.0031 - acc: 0.9992 - val_loss: 0.0646 - val_acc: 0.9785
Epoch 8/30

  10/1297 [..............................] - ETA: 0s - loss: 8.8667e-04 - acc: 1.0000
 310/1297 [======>.......................] - ETA: 0s - loss: 0.0046 - acc: 0.9968    
 610/1297 [=============>................] - ETA: 0s - loss: 0.0029 - acc: 0.9984
 900/1297 [===================>..........] - ETA: 0s - loss: 0.0022 - acc: 0.9989
1200/1297 [==========================>...] - ETA: 0s - loss: 0.0019 - acc: 0.9992
1297/1297 [==============================] - 0s 179us/step - loss: 0.0017 - acc: 0.9992 - val_loss: 0.0663 - val_acc: 0.9785
Epoch 9/30

  10/1297 [..............................] - ETA: 0s - loss: 2.0130e-04 - acc: 1.0000
 320/1297 [======>.......................] - ETA: 0s - loss: 4.3503e-04 - acc: 1.0000
 630/1297 [=============>................] - ETA: 0s - loss: 5.0051e-04 - acc: 1.0000
 930/1297 [====================>.........] - ETA: 0s - loss: 5.0554e-04 - acc: 1.0000
1210/1297 [==========================>...] - ETA: 0s - loss: 0.0027 - acc: 0.9992    
1297/1297 [==============================] - 0s 180us/step - loss: 0.0036 - acc: 0.9992 - val_loss: 0.0681 - val_acc: 0.9785
Epoch 10/30

  10/1297 [..............................] - ETA: 0s - loss: 5.8521e-04 - acc: 1.0000
 320/1297 [======>.......................] - ETA: 0s - loss: 0.0018 - acc: 1.0000    
 600/1297 [============>.................] - ETA: 0s - loss: 0.0015 - acc: 1.0000
 890/1297 [===================>..........] - ETA: 0s - loss: 0.0013 - acc: 1.0000
1190/1297 [==========================>...] - ETA: 0s - loss: 0.0011 - acc: 1.0000
1297/1297 [==============================] - 0s 183us/step - loss: 0.0055 - acc: 0.9992 - val_loss: 0.0669 - val_acc: 0.9785
Epoch 11/30

  10/1297 [..............................] - ETA: 0s - loss: 2.4530e-04 - acc: 1.0000
 290/1297 [=====>........................] - ETA: 0s - loss: 7.9319e-04 - acc: 1.0000
 520/1297 [===========>..................] - ETA: 0s - loss: 0.0012 - acc: 1.0000    
 780/1297 [=================>............] - ETA: 0s - loss: 0.0011 - acc: 1.0000
1080/1297 [=======================>......] - ETA: 0s - loss: 0.0047 - acc: 0.9991
1297/1297 [==============================] - 0s 197us/step - loss: 0.0040 - acc: 0.9992 - val_loss: 0.0742 - val_acc: 0.9785
Epoch 12/30

  10/1297 [..............................] - ETA: 0s - loss: 0.0046 - acc: 1.0000
 310/1297 [======>.......................] - ETA: 0s - loss: 0.0117 - acc: 0.9968
 620/1297 [=============>................] - ETA: 0s - loss: 0.0065 - acc: 0.9984
 910/1297 [====================>.........] - ETA: 0s - loss: 0.0047 - acc: 0.9989
1190/1297 [==========================>...] - ETA: 0s - loss: 0.0038 - acc: 0.9992
1297/1297 [==============================] - 0s 182us/step - loss: 0.0035 - acc: 0.9992 - val_loss: 0.0747 - val_acc: 0.9785
Epoch 13/30

  10/1297 [..............................] - ETA: 0s - loss: 2.7663e-04 - acc: 1.0000
 310/1297 [======>.......................] - ETA: 0s - loss: 0.0123 - acc: 0.9968    
 600/1297 [============>.................] - ETA: 0s - loss: 0.0069 - acc: 0.9983
 900/1297 [===================>..........] - ETA: 0s - loss: 0.0048 - acc: 0.9989
1180/1297 [==========================>...] - ETA: 0s - loss: 0.0039 - acc: 0.9992
1297/1297 [==============================] - 0s 186us/step - loss: 0.0036 - acc: 0.9992 - val_loss: 0.0718 - val_acc: 0.9785
Epoch 14/30

  10/1297 [..............................] - ETA: 0s - loss: 1.5472e-04 - acc: 1.0000
 310/1297 [======>.......................] - ETA: 0s - loss: 6.1680e-04 - acc: 1.0000
 620/1297 [=============>................] - ETA: 0s - loss: 5.1193e-04 - acc: 1.0000
 930/1297 [====================>.........] - ETA: 0s - loss: 0.0060 - acc: 0.9989    
1230/1297 [===========================>..] - ETA: 0s - loss: 0.0048 - acc: 0.9992
1297/1297 [==============================] - 0s 179us/step - loss: 0.0046 - acc: 0.9992 - val_loss: 0.0753 - val_acc: 0.9785
Epoch 15/30

  10/1297 [..............................] - ETA: 0s - loss: 0.0017 - acc: 1.0000
 300/1297 [=====>........................] - ETA: 0s - loss: 0.0142 - acc: 0.9967
 600/1297 [============>.................] - ETA: 0s - loss: 0.0077 - acc: 0.9983
 900/1297 [===================>..........] - ETA: 0s - loss: 0.0055 - acc: 0.9989
1190/1297 [==========================>...] - ETA: 0s - loss: 0.0044 - acc: 0.9992
1297/1297 [==============================] - 0s 183us/step - loss: 0.0040 - acc: 0.9992 - val_loss: 0.0762 - val_acc: 0.9785
Epoch 16/30

  10/1297 [..............................] - ETA: 0s - loss: 4.0843e-04 - acc: 1.0000
 300/1297 [=====>........................] - ETA: 0s - loss: 5.6623e-04 - acc: 1.0000
 590/1297 [============>.................] - ETA: 0s - loss: 4.8089e-04 - acc: 1.0000
 890/1297 [===================>..........] - ETA: 0s - loss: 0.0064 - acc: 0.9989    
1190/1297 [==========================>...] - ETA: 0s - loss: 0.0052 - acc: 0.9992
1297/1297 [==============================] - 0s 184us/step - loss: 0.0048 - acc: 0.9992 - val_loss: 0.0793 - val_acc: 0.9785
Epoch 17/30

  10/1297 [..............................] - ETA: 0s - loss: 2.4238e-04 - acc: 1.0000
 310/1297 [======>.......................] - ETA: 0s - loss: 6.0536e-04 - acc: 1.0000
 620/1297 [=============>................] - ETA: 0s - loss: 0.0070 - acc: 0.9984    
 920/1297 [====================>.........] - ETA: 0s - loss: 0.0051 - acc: 0.9989
1210/1297 [==========================>...] - ETA: 0s - loss: 0.0041 - acc: 0.9992
1297/1297 [==============================] - 0s 183us/step - loss: 0.0039 - acc: 0.9992 - val_loss: 0.0812 - val_acc: 0.9785
Epoch 18/30

  10/1297 [..............................] - ETA: 0s - loss: 3.0399e-04 - acc: 1.0000
 250/1297 [====>.........................] - ETA: 0s - loss: 5.2986e-04 - acc: 1.0000
 530/1297 [===========>..................] - ETA: 0s - loss: 4.7030e-04 - acc: 1.0000
 810/1297 [=================>............] - ETA: 0s - loss: 0.0067 - acc: 0.9988    
1070/1297 [=======================>......] - ETA: 0s - loss: 0.0052 - acc: 0.9991
1297/1297 [==============================] - 0s 205us/step - loss: 0.0044 - acc: 0.9992 - val_loss: 0.0734 - val_acc: 0.9785
Epoch 19/30

  10/1297 [..............................] - ETA: 0s - loss: 9.2414e-05 - acc: 1.0000
 280/1297 [=====>........................] - ETA: 0s - loss: 0.0116 - acc: 0.9964    
 560/1297 [===========>..................] - ETA: 0s - loss: 0.0061 - acc: 0.9982
 840/1297 [==================>...........] - ETA: 0s - loss: 0.0044 - acc: 0.9988
1100/1297 [========================>.....] - ETA: 0s - loss: 0.0035 - acc: 0.9991
1297/1297 [==============================] - 0s 202us/step - loss: 0.0034 - acc: 0.9992 - val_loss: 0.0775 - val_acc: 0.9815
Epoch 20/30

  10/1297 [..............................] - ETA: 0s - loss: 9.0439e-05 - acc: 1.0000
 310/1297 [======>.......................] - ETA: 0s - loss: 0.0158 - acc: 0.9968    
 610/1297 [=============>................] - ETA: 0s - loss: 0.0085 - acc: 0.9984
 910/1297 [====================>.........] - ETA: 0s - loss: 0.0062 - acc: 0.9989
1210/1297 [==========================>...] - ETA: 0s - loss: 0.0048 - acc: 0.9992
1297/1297 [==============================] - 0s 181us/step - loss: 0.0045 - acc: 0.9992 - val_loss: 0.0794 - val_acc: 0.9785
Epoch 21/30

  10/1297 [..............................] - ETA: 0s - loss: 7.7964e-05 - acc: 1.0000
 320/1297 [======>.......................] - ETA: 0s - loss: 6.4135e-04 - acc: 1.0000
 620/1297 [=============>................] - ETA: 0s - loss: 0.0090 - acc: 0.9984    
 920/1297 [====================>.........] - ETA: 0s - loss: 0.0063 - acc: 0.9989
1220/1297 [===========================>..] - ETA: 0s - loss: 0.0050 - acc: 0.9992
1297/1297 [==============================] - 0s 179us/step - loss: 0.0047 - acc: 0.9992 - val_loss: 0.0753 - val_acc: 0.9785
Epoch 22/30

  10/1297 [..............................] - ETA: 0s - loss: 4.7636e-05 - acc: 1.0000
 310/1297 [======>.......................] - ETA: 0s - loss: 3.6418e-04 - acc: 1.0000
 600/1297 [============>.................] - ETA: 0s - loss: 3.0461e-04 - acc: 1.0000
 900/1297 [===================>..........] - ETA: 0s - loss: 0.0054 - acc: 0.9989    
1200/1297 [==========================>...] - ETA: 0s - loss: 0.0047 - acc: 0.9992
1297/1297 [==============================] - 0s 181us/step - loss: 0.0044 - acc: 0.9992 - val_loss: 0.0683 - val_acc: 0.9785
Epoch 23/30

  10/1297 [..............................] - ETA: 0s - loss: 6.2771e-04 - acc: 1.0000
 310/1297 [======>.......................] - ETA: 0s - loss: 6.7915e-04 - acc: 1.0000
 620/1297 [=============>................] - ETA: 0s - loss: 5.8519e-04 - acc: 1.0000
 910/1297 [====================>.........] - ETA: 0s - loss: 5.6422e-04 - acc: 1.0000
1200/1297 [==========================>...] - ETA: 0s - loss: 5.0683e-04 - acc: 1.0000
1297/1297 [==============================] - 0s 183us/step - loss: 0.0047 - acc: 0.9992 - val_loss: 0.0691 - val_acc: 0.9785
Epoch 24/30

  10/1297 [..............................] - ETA: 0s - loss: 4.9129e-04 - acc: 1.0000
 310/1297 [======>.......................] - ETA: 0s - loss: 8.3207e-04 - acc: 1.0000
 620/1297 [=============>................] - ETA: 0s - loss: 6.3266e-04 - acc: 1.0000
 910/1297 [====================>.........] - ETA: 0s - loss: 0.0055 - acc: 0.9989    
1200/1297 [==========================>...] - ETA: 0s - loss: 0.0045 - acc: 0.9992
1297/1297 [==============================] - 0s 182us/step - loss: 0.0043 - acc: 0.9992 - val_loss: 0.0724 - val_acc: 0.9785
Epoch 25/30

  10/1297 [..............................] - ETA: 0s - loss: 0.0012 - acc: 1.0000
 300/1297 [=====>........................] - ETA: 0s - loss: 0.0010 - acc: 1.0000
 590/1297 [============>.................] - ETA: 0s - loss: 7.8494e-04 - acc: 1.0000
 900/1297 [===================>..........] - ETA: 0s - loss: 6.6747e-04 - acc: 1.0000
1200/1297 [==========================>...] - ETA: 0s - loss: 5.7501e-04 - acc: 1.0000
1297/1297 [==============================] - 0s 183us/step - loss: 0.0058 - acc: 0.9992 - val_loss: 0.0701 - val_acc: 0.9754
Epoch 26/30

  10/1297 [..............................] - ETA: 0s - loss: 0.0016 - acc: 1.0000
 310/1297 [======>.......................] - ETA: 0s - loss: 0.0137 - acc: 0.9968
 620/1297 [=============>................] - ETA: 0s - loss: 0.0078 - acc: 0.9984
 930/1297 [====================>.........] - ETA: 0s - loss: 0.0054 - acc: 0.9989
1240/1297 [===========================>..] - ETA: 0s - loss: 0.0042 - acc: 0.9992
1297/1297 [==============================] - 0s 176us/step - loss: 0.0040 - acc: 0.9992 - val_loss: 0.0736 - val_acc: 0.9754
Epoch 27/30

  10/1297 [..............................] - ETA: 0s - loss: 2.3966e-04 - acc: 1.0000
 320/1297 [======>.......................] - ETA: 0s - loss: 0.0159 - acc: 0.9969    
 610/1297 [=============>................] - ETA: 0s - loss: 0.0088 - acc: 0.9984
 910/1297 [====================>.........] - ETA: 0s - loss: 0.0063 - acc: 0.9989
1210/1297 [==========================>...] - ETA: 0s - loss: 0.0049 - acc: 0.9992
1297/1297 [==============================] - 0s 180us/step - loss: 0.0046 - acc: 0.9992 - val_loss: 0.0726 - val_acc: 0.9754
Epoch 28/30

  10/1297 [..............................] - ETA: 0s - loss: 1.8221e-04 - acc: 1.0000
 300/1297 [=====>........................] - ETA: 0s - loss: 0.0151 - acc: 0.9967    
 600/1297 [============>.................] - ETA: 0s - loss: 0.0084 - acc: 0.9983
 900/1297 [===================>..........] - ETA: 0s - loss: 0.0061 - acc: 0.9989
1200/1297 [==========================>...] - ETA: 0s - loss: 0.0047 - acc: 0.9992
1297/1297 [==============================] - 0s 184us/step - loss: 0.0044 - acc: 0.9992 - val_loss: 0.0646 - val_acc: 0.9785
Epoch 29/30

  10/1297 [..............................] - ETA: 0s - loss: 3.4608e-04 - acc: 1.0000
 310/1297 [======>.......................] - ETA: 0s - loss: 3.8996e-04 - acc: 1.0000
 620/1297 [=============>................] - ETA: 0s - loss: 3.1905e-04 - acc: 1.0000
 930/1297 [====================>.........] - ETA: 0s - loss: 3.0800e-04 - acc: 1.0000
1240/1297 [===========================>..] - ETA: 0s - loss: 0.0049 - acc: 0.9992    
1297/1297 [==============================] - 0s 176us/step - loss: 0.0047 - acc: 0.9992 - val_loss: 0.0695 - val_acc: 0.9754
Epoch 30/30

  10/1297 [..............................] - ETA: 0s - loss: 1.8499e-04 - acc: 1.0000
 310/1297 [======>.......................] - ETA: 0s - loss: 0.0117 - acc: 0.9968    
 610/1297 [=============>................] - ETA: 0s - loss: 0.0068 - acc: 0.9984
 900/1297 [===================>..........] - ETA: 0s - loss: 0.0048 - acc: 0.9989
1190/1297 [==========================>...] - ETA: 0s - loss: 0.0037 - acc: 0.9992
1297/1297 [==============================] - 0s 181us/step - loss: 0.0035 - acc: 0.9992 - val_loss: 0.0709 - val_acc: 0.9785
acc: 97.85%
Train on 1297 samples, validate on 325 samples
Epoch 1/30

  10/1297 [..............................] - ETA: 1:14 - loss: 0.7083 - acc: 0.3000
 310/1297 [======>.......................] - ETA: 1s - loss: 0.5233 - acc: 0.7290  
 610/1297 [=============>................] - ETA: 0s - loss: 0.3630 - acc: 0.8344
 920/1297 [====================>.........] - ETA: 0s - loss: 0.2791 - acc: 0.8815
1230/1297 [===========================>..] - ETA: 0s - loss: 0.2325 - acc: 0.9041
1297/1297 [==============================] - 1s 680us/step - loss: 0.2229 - acc: 0.9082 - val_loss: 0.0846 - val_acc: 0.9754
Epoch 2/30

  10/1297 [..............................] - ETA: 0s - loss: 0.0128 - acc: 1.0000
 320/1297 [======>.......................] - ETA: 0s - loss: 0.0708 - acc: 0.9812
 640/1297 [=============>................] - ETA: 0s - loss: 0.0734 - acc: 0.9766
 920/1297 [====================>.........] - ETA: 0s - loss: 0.0679 - acc: 0.9783
1230/1297 [===========================>..] - ETA: 0s - loss: 0.0563 - acc: 0.9829
1297/1297 [==============================] - 0s 178us/step - loss: 0.0578 - acc: 0.9830 - val_loss: 0.0669 - val_acc: 0.9692
Epoch 3/30

  10/1297 [..............................] - ETA: 0s - loss: 0.0060 - acc: 1.0000
 320/1297 [======>.......................] - ETA: 0s - loss: 0.0160 - acc: 0.9969
 620/1297 [=============>................] - ETA: 0s - loss: 0.0213 - acc: 0.9968
 920/1297 [====================>.........] - ETA: 0s - loss: 0.0246 - acc: 0.9946
1220/1297 [===========================>..] - ETA: 0s - loss: 0.0222 - acc: 0.9959
1297/1297 [==============================] - 0s 178us/step - loss: 0.0242 - acc: 0.9954 - val_loss: 0.0683 - val_acc: 0.9785
Epoch 4/30

  10/1297 [..............................] - ETA: 0s - loss: 0.0044 - acc: 1.0000
 300/1297 [=====>........................] - ETA: 0s - loss: 0.0139 - acc: 0.9967
 600/1297 [============>.................] - ETA: 0s - loss: 0.0201 - acc: 0.9950
 900/1297 [===================>..........] - ETA: 0s - loss: 0.0171 - acc: 0.9967
1210/1297 [==========================>...] - ETA: 0s - loss: 0.0169 - acc: 0.9967
1297/1297 [==============================] - 0s 179us/step - loss: 0.0161 - acc: 0.9969 - val_loss: 0.0629 - val_acc: 0.9723
Epoch 5/30

  10/1297 [..............................] - ETA: 0s - loss: 0.0047 - acc: 1.0000
 330/1297 [======>.......................] - ETA: 0s - loss: 0.0271 - acc: 0.9909
 650/1297 [==============>...............] - ETA: 0s - loss: 0.0267 - acc: 0.9923
 970/1297 [=====================>........] - ETA: 0s - loss: 0.0198 - acc: 0.9948
1280/1297 [============================>.] - ETA: 0s - loss: 0.0161 - acc: 0.9961
1297/1297 [==============================] - 0s 171us/step - loss: 0.0159 - acc: 0.9961 - val_loss: 0.0689 - val_acc: 0.9785
Epoch 6/30

  10/1297 [..............................] - ETA: 0s - loss: 0.0014 - acc: 1.0000
 320/1297 [======>.......................] - ETA: 0s - loss: 0.0145 - acc: 0.9937
 600/1297 [============>.................] - ETA: 0s - loss: 0.0100 - acc: 0.9967
 900/1297 [===================>..........] - ETA: 0s - loss: 0.0108 - acc: 0.9967
1200/1297 [==========================>...] - ETA: 0s - loss: 0.0110 - acc: 0.9967
1297/1297 [==============================] - 0s 180us/step - loss: 0.0105 - acc: 0.9969 - val_loss: 0.0777 - val_acc: 0.9723
Epoch 7/30

  10/1297 [..............................] - ETA: 0s - loss: 0.0018 - acc: 1.0000
 310/1297 [======>.......................] - ETA: 0s - loss: 0.0172 - acc: 0.9935
 620/1297 [=============>................] - ETA: 0s - loss: 0.0126 - acc: 0.9952
 920/1297 [====================>.........] - ETA: 0s - loss: 0.0095 - acc: 0.9967
1220/1297 [===========================>..] - ETA: 0s - loss: 0.0097 - acc: 0.9967
1297/1297 [==============================] - 0s 179us/step - loss: 0.0093 - acc: 0.9969 - val_loss: 0.0717 - val_acc: 0.9723
Epoch 8/30

  10/1297 [..............................] - ETA: 0s - loss: 4.3702e-04 - acc: 1.0000
 330/1297 [======>.......................] - ETA: 0s - loss: 0.0052 - acc: 0.9970    
 640/1297 [=============>................] - ETA: 0s - loss: 0.0046 - acc: 0.9984
 960/1297 [=====================>........] - ETA: 0s - loss: 0.0131 - acc: 0.9948
1280/1297 [============================>.] - ETA: 0s - loss: 0.0106 - acc: 0.9961
1297/1297 [==============================] - 0s 170us/step - loss: 0.0105 - acc: 0.9961 - val_loss: 0.0653 - val_acc: 0.9754
Epoch 9/30

  10/1297 [..............................] - ETA: 0s - loss: 0.0017 - acc: 1.0000
 330/1297 [======>.......................] - ETA: 0s - loss: 0.0238 - acc: 0.9939
 630/1297 [=============>................] - ETA: 0s - loss: 0.0139 - acc: 0.9968
 940/1297 [====================>.........] - ETA: 0s - loss: 0.0122 - acc: 0.9968
1240/1297 [===========================>..] - ETA: 0s - loss: 0.0101 - acc: 0.9976
1297/1297 [==============================] - 0s 178us/step - loss: 0.0098 - acc: 0.9977 - val_loss: 0.0703 - val_acc: 0.9785
Epoch 10/30

  10/1297 [..............................] - ETA: 0s - loss: 0.0042 - acc: 1.0000
 310/1297 [======>.......................] - ETA: 0s - loss: 0.0012 - acc: 1.0000
 610/1297 [=============>................] - ETA: 0s - loss: 0.0074 - acc: 0.9984
 910/1297 [====================>.........] - ETA: 0s - loss: 0.0053 - acc: 0.9989
1220/1297 [===========================>..] - ETA: 0s - loss: 0.0086 - acc: 0.9975
1297/1297 [==============================] - 0s 178us/step - loss: 0.0086 - acc: 0.9977 - val_loss: 0.0881 - val_acc: 0.9785
Epoch 11/30

  10/1297 [..............................] - ETA: 0s - loss: 0.0045 - acc: 1.0000
 320/1297 [======>.......................] - ETA: 0s - loss: 0.0193 - acc: 0.9969
 640/1297 [=============>................] - ETA: 0s - loss: 0.0186 - acc: 0.9953
 950/1297 [====================>.........] - ETA: 0s - loss: 0.0132 - acc: 0.9968
1260/1297 [============================>.] - ETA: 0s - loss: 0.0105 - acc: 0.9976
1297/1297 [==============================] - 0s 173us/step - loss: 0.0102 - acc: 0.9977 - val_loss: 0.0725 - val_acc: 0.9723
Epoch 12/30

  10/1297 [..............................] - ETA: 0s - loss: 0.0017 - acc: 1.0000
 320/1297 [======>.......................] - ETA: 0s - loss: 8.7200e-04 - acc: 1.0000
 620/1297 [=============>................] - ETA: 0s - loss: 0.0112 - acc: 0.9968    
 930/1297 [====================>.........] - ETA: 0s - loss: 0.0083 - acc: 0.9978
1220/1297 [===========================>..] - ETA: 0s - loss: 0.0069 - acc: 0.9984
1297/1297 [==============================] - 0s 178us/step - loss: 0.0088 - acc: 0.9977 - val_loss: 0.0686 - val_acc: 0.9785
Epoch 13/30

  10/1297 [..............................] - ETA: 0s - loss: 0.0015 - acc: 1.0000
 310/1297 [======>.......................] - ETA: 0s - loss: 0.0119 - acc: 0.9968
 610/1297 [=============>................] - ETA: 0s - loss: 0.0139 - acc: 0.9967
 900/1297 [===================>..........] - ETA: 0s - loss: 0.0104 - acc: 0.9978
1210/1297 [==========================>...] - ETA: 0s - loss: 0.0081 - acc: 0.9983
1297/1297 [==============================] - 0s 181us/step - loss: 0.0076 - acc: 0.9985 - val_loss: 0.0725 - val_acc: 0.9754
Epoch 14/30

  10/1297 [..............................] - ETA: 0s - loss: 8.6881e-04 - acc: 1.0000
 320/1297 [======>.......................] - ETA: 0s - loss: 0.0148 - acc: 0.9969    
 640/1297 [=============>................] - ETA: 0s - loss: 0.0085 - acc: 0.9984
 950/1297 [====================>.........] - ETA: 0s - loss: 0.0079 - acc: 0.9979
1270/1297 [============================>.] - ETA: 0s - loss: 0.0064 - acc: 0.9984
1297/1297 [==============================] - 0s 172us/step - loss: 0.0082 - acc: 0.9977 - val_loss: 0.0745 - val_acc: 0.9754
Epoch 15/30

  10/1297 [..............................] - ETA: 0s - loss: 1.6604e-04 - acc: 1.0000
 330/1297 [======>.......................] - ETA: 0s - loss: 0.0012 - acc: 1.0000    
 640/1297 [=============>................] - ETA: 0s - loss: 0.0010 - acc: 1.0000
 940/1297 [====================>.........] - ETA: 0s - loss: 0.0022 - acc: 0.9989
1250/1297 [===========================>..] - ETA: 0s - loss: 0.0069 - acc: 0.9976
1297/1297 [==============================] - 0s 176us/step - loss: 0.0068 - acc: 0.9977 - val_loss: 0.0773 - val_acc: 0.9723
Epoch 16/30

  10/1297 [..............................] - ETA: 0s - loss: 4.9905e-04 - acc: 1.0000
 310/1297 [======>.......................] - ETA: 0s - loss: 0.0124 - acc: 0.9968    
 610/1297 [=============>................] - ETA: 0s - loss: 0.0075 - acc: 0.9984
 910/1297 [====================>.........] - ETA: 0s - loss: 0.0055 - acc: 0.9989
1210/1297 [==========================>...] - ETA: 0s - loss: 0.0052 - acc: 0.9983
1297/1297 [==============================] - 0s 180us/step - loss: 0.0055 - acc: 0.9977 - val_loss: 0.0836 - val_acc: 0.9754
Epoch 17/30

  10/1297 [..............................] - ETA: 0s - loss: 0.0277 - acc: 1.0000
 300/1297 [=====>........................] - ETA: 0s - loss: 0.0035 - acc: 1.0000
 610/1297 [=============>................] - ETA: 0s - loss: 0.0031 - acc: 1.0000
 930/1297 [====================>.........] - ETA: 0s - loss: 0.0040 - acc: 0.9989
1250/1297 [===========================>..] - ETA: 0s - loss: 0.0083 - acc: 0.9984
1297/1297 [==============================] - 0s 175us/step - loss: 0.0080 - acc: 0.9985 - val_loss: 0.0697 - val_acc: 0.9785
Epoch 18/30

  10/1297 [..............................] - ETA: 0s - loss: 3.4608e-04 - acc: 1.0000
 330/1297 [======>.......................] - ETA: 0s - loss: 0.0013 - acc: 1.0000    
 650/1297 [==============>...............] - ETA: 0s - loss: 0.0013 - acc: 1.0000
 960/1297 [=====================>........] - ETA: 0s - loss: 0.0019 - acc: 1.0000
1270/1297 [============================>.] - ETA: 0s - loss: 0.0070 - acc: 0.9984
1297/1297 [==============================] - 0s 174us/step - loss: 0.0069 - acc: 0.9985 - val_loss: 0.0728 - val_acc: 0.9785
Epoch 19/30

  10/1297 [..............................] - ETA: 0s - loss: 0.0029 - acc: 1.0000
 320/1297 [======>.......................] - ETA: 0s - loss: 0.0017 - acc: 1.0000
 630/1297 [=============>................] - ETA: 0s - loss: 0.0024 - acc: 1.0000
 930/1297 [====================>.........] - ETA: 0s - loss: 0.0022 - acc: 1.0000
1240/1297 [===========================>..] - ETA: 0s - loss: 0.0057 - acc: 0.9992
1297/1297 [==============================] - 0s 178us/step - loss: 0.0064 - acc: 0.9985 - val_loss: 0.0702 - val_acc: 0.9846
Epoch 20/30

  10/1297 [..............................] - ETA: 0s - loss: 0.0028 - acc: 1.0000
 320/1297 [======>.......................] - ETA: 0s - loss: 0.0071 - acc: 1.0000
 630/1297 [=============>................] - ETA: 0s - loss: 0.0056 - acc: 1.0000
 940/1297 [====================>.........] - ETA: 0s - loss: 0.0082 - acc: 0.9989
1250/1297 [===========================>..] - ETA: 0s - loss: 0.0076 - acc: 0.9992
1297/1297 [==============================] - 0s 176us/step - loss: 0.0074 - acc: 0.9992 - val_loss: 0.0752 - val_acc: 0.9785
Epoch 21/30

  10/1297 [..............................] - ETA: 0s - loss: 0.0015 - acc: 1.0000
 320/1297 [======>.......................] - ETA: 0s - loss: 0.0020 - acc: 1.0000
 630/1297 [=============>................] - ETA: 0s - loss: 0.0061 - acc: 0.9984
 940/1297 [====================>.........] - ETA: 0s - loss: 0.0051 - acc: 0.9989
1230/1297 [===========================>..] - ETA: 0s - loss: 0.0094 - acc: 0.9967
1297/1297 [==============================] - 0s 176us/step - loss: 0.0107 - acc: 0.9961 - val_loss: 0.0939 - val_acc: 0.9723
Epoch 22/30

  10/1297 [..............................] - ETA: 0s - loss: 0.0438 - acc: 1.0000
 310/1297 [======>.......................] - ETA: 0s - loss: 0.0102 - acc: 0.9968
 610/1297 [=============>................] - ETA: 0s - loss: 0.0143 - acc: 0.9951
 900/1297 [===================>..........] - ETA: 0s - loss: 0.0210 - acc: 0.9944
1200/1297 [==========================>...] - ETA: 0s - loss: 0.0261 - acc: 0.9933
1297/1297 [==============================] - 0s 183us/step - loss: 0.0254 - acc: 0.9938 - val_loss: 0.1116 - val_acc: 0.9631
Epoch 23/30

  10/1297 [..............................] - ETA: 0s - loss: 0.0068 - acc: 1.0000
 300/1297 [=====>........................] - ETA: 0s - loss: 0.0149 - acc: 0.9933
 600/1297 [============>.................] - ETA: 0s - loss: 0.0396 - acc: 0.9833
 900/1297 [===================>..........] - ETA: 0s - loss: 0.0386 - acc: 0.9833
1200/1297 [==========================>...] - ETA: 0s - loss: 0.0398 - acc: 0.9825
1297/1297 [==============================] - 0s 183us/step - loss: 0.0416 - acc: 0.9823 - val_loss: 0.0908 - val_acc: 0.9692
Epoch 24/30

  10/1297 [..............................] - ETA: 0s - loss: 6.1103e-04 - acc: 1.0000
 310/1297 [======>.......................] - ETA: 0s - loss: 0.0302 - acc: 0.9903    
 610/1297 [=============>................] - ETA: 0s - loss: 0.0300 - acc: 0.9918
 910/1297 [====================>.........] - ETA: 0s - loss: 0.0379 - acc: 0.9879
1200/1297 [==========================>...] - ETA: 0s - loss: 0.0352 - acc: 0.9867
1297/1297 [==============================] - 0s 182us/step - loss: 0.0337 - acc: 0.9877 - val_loss: 0.1074 - val_acc: 0.9723
Epoch 25/30

  10/1297 [..............................] - ETA: 0s - loss: 0.0028 - acc: 1.0000
 310/1297 [======>.......................] - ETA: 0s - loss: 0.0221 - acc: 0.9871
 610/1297 [=============>................] - ETA: 0s - loss: 0.0222 - acc: 0.9902
 910/1297 [====================>.........] - ETA: 0s - loss: 0.0214 - acc: 0.9912
1210/1297 [==========================>...] - ETA: 0s - loss: 0.0235 - acc: 0.9901
1297/1297 [==============================] - 0s 182us/step - loss: 0.0226 - acc: 0.9907 - val_loss: 0.1140 - val_acc: 0.9692
Epoch 26/30

  10/1297 [..............................] - ETA: 0s - loss: 6.4064e-04 - acc: 1.0000
 310/1297 [======>.......................] - ETA: 0s - loss: 0.0076 - acc: 1.0000    
 620/1297 [=============>................] - ETA: 0s - loss: 0.0124 - acc: 0.9968
 920/1297 [====================>.........] - ETA: 0s - loss: 0.0114 - acc: 0.9967
1220/1297 [===========================>..] - ETA: 0s - loss: 0.0108 - acc: 0.9967
1297/1297 [==============================] - 0s 182us/step - loss: 0.0102 - acc: 0.9969 - val_loss: 0.0946 - val_acc: 0.9754
Epoch 27/30

  10/1297 [..............................] - ETA: 0s - loss: 0.0031 - acc: 1.0000
 320/1297 [======>.......................] - ETA: 0s - loss: 0.0022 - acc: 1.0000
 620/1297 [=============>................] - ETA: 0s - loss: 0.0057 - acc: 0.9984
 920/1297 [====================>.........] - ETA: 0s - loss: 0.0050 - acc: 0.9989
1220/1297 [===========================>..] - ETA: 0s - loss: 0.0058 - acc: 0.9984
1297/1297 [==============================] - 0s 179us/step - loss: 0.0056 - acc: 0.9985 - val_loss: 0.0972 - val_acc: 0.9754
Epoch 28/30

  10/1297 [..............................] - ETA: 0s - loss: 5.4639e-04 - acc: 1.0000
 310/1297 [======>.......................] - ETA: 0s - loss: 0.0062 - acc: 0.9968    
 610/1297 [=============>................] - ETA: 0s - loss: 0.0044 - acc: 0.9984
 910/1297 [====================>.........] - ETA: 0s - loss: 0.0037 - acc: 0.9989
1180/1297 [==========================>...] - ETA: 0s - loss: 0.0034 - acc: 0.9992
1297/1297 [==============================] - 0s 186us/step - loss: 0.0035 - acc: 0.9992 - val_loss: 0.0902 - val_acc: 0.9754
Epoch 29/30

  10/1297 [..............................] - ETA: 0s - loss: 0.0029 - acc: 1.0000
 310/1297 [======>.......................] - ETA: 0s - loss: 0.0013 - acc: 1.0000
 610/1297 [=============>................] - ETA: 0s - loss: 0.0012 - acc: 1.0000
 920/1297 [====================>.........] - ETA: 0s - loss: 0.0021 - acc: 0.9989
1220/1297 [===========================>..] - ETA: 0s - loss: 0.0020 - acc: 0.9992
1297/1297 [==============================] - 0s 181us/step - loss: 0.0019 - acc: 0.9992 - val_loss: 0.0918 - val_acc: 0.9785
Epoch 30/30

  10/1297 [..............................] - ETA: 0s - loss: 3.5305e-04 - acc: 1.0000
 310/1297 [======>.......................] - ETA: 0s - loss: 0.0011 - acc: 1.0000    
 610/1297 [=============>................] - ETA: 0s - loss: 9.7047e-04 - acc: 1.0000
 920/1297 [====================>.........] - ETA: 0s - loss: 0.0011 - acc: 1.0000    
1220/1297 [===========================>..] - ETA: 0s - loss: 0.0016 - acc: 1.0000
1297/1297 [==============================] - 0s 181us/step - loss: 0.0015 - acc: 1.0000 - val_loss: 0.0922 - val_acc: 0.9785
acc: 97.85%
Train on 1298 samples, validate on 324 samples
Epoch 1/30

  10/1298 [..............................] - ETA: 1:26 - loss: 0.7235 - acc: 0.4000
 310/1298 [======>.......................] - ETA: 2s - loss: 0.4489 - acc: 0.7710  
 610/1298 [=============>................] - ETA: 0s - loss: 0.3005 - acc: 0.8590
 910/1298 [====================>.........] - ETA: 0s - loss: 0.2294 - acc: 0.8956
1210/1298 [==========================>...] - ETA: 0s - loss: 0.1958 - acc: 0.9132
1298/1298 [==============================] - 1s 756us/step - loss: 0.1851 - acc: 0.9191 - val_loss: 0.0884 - val_acc: 0.9784
Epoch 2/30

  10/1298 [..............................] - ETA: 0s - loss: 0.0232 - acc: 1.0000
 300/1298 [=====>........................] - ETA: 0s - loss: 0.0448 - acc: 0.9900
 610/1298 [=============>................] - ETA: 0s - loss: 0.0492 - acc: 0.9836
 920/1298 [====================>.........] - ETA: 0s - loss: 0.0448 - acc: 0.9880
1230/1298 [===========================>..] - ETA: 0s - loss: 0.0385 - acc: 0.9902
1298/1298 [==============================] - 0s 178us/step - loss: 0.0377 - acc: 0.9908 - val_loss: 0.0621 - val_acc: 0.9877
Epoch 3/30

  10/1298 [..............................] - ETA: 0s - loss: 0.0081 - acc: 1.0000
 320/1298 [======>.......................] - ETA: 0s - loss: 0.0140 - acc: 0.9969
 630/1298 [=============>................] - ETA: 0s - loss: 0.0110 - acc: 0.9984
 930/1298 [====================>.........] - ETA: 0s - loss: 0.0098 - acc: 0.9989
1230/1298 [===========================>..] - ETA: 0s - loss: 0.0122 - acc: 0.9984
1298/1298 [==============================] - 0s 178us/step - loss: 0.0122 - acc: 0.9985 - val_loss: 0.0713 - val_acc: 0.9846
Epoch 4/30

  10/1298 [..............................] - ETA: 0s - loss: 0.0152 - acc: 1.0000
 310/1298 [======>.......................] - ETA: 0s - loss: 0.0140 - acc: 0.9968
 610/1298 [=============>................] - ETA: 0s - loss: 0.0100 - acc: 0.9984
 910/1298 [====================>.........] - ETA: 0s - loss: 0.0077 - acc: 0.9989
1200/1298 [==========================>...] - ETA: 0s - loss: 0.0065 - acc: 0.9992
1298/1298 [==============================] - 0s 181us/step - loss: 0.0063 - acc: 0.9992 - val_loss: 0.0687 - val_acc: 0.9846
Epoch 5/30

  10/1298 [..............................] - ETA: 0s - loss: 0.0026 - acc: 1.0000
 300/1298 [=====>........................] - ETA: 0s - loss: 0.0021 - acc: 1.0000
 610/1298 [=============>................] - ETA: 0s - loss: 0.0017 - acc: 1.0000
 920/1298 [====================>.........] - ETA: 0s - loss: 0.0015 - acc: 1.0000
1230/1298 [===========================>..] - ETA: 0s - loss: 0.0014 - acc: 1.0000
1298/1298 [==============================] - 0s 176us/step - loss: 0.0029 - acc: 0.9992 - val_loss: 0.0721 - val_acc: 0.9846
Epoch 6/30

  10/1298 [..............................] - ETA: 0s - loss: 6.3109e-04 - acc: 1.0000
 320/1298 [======>.......................] - ETA: 0s - loss: 0.0017 - acc: 1.0000    
 630/1298 [=============>................] - ETA: 0s - loss: 0.0015 - acc: 1.0000
 930/1298 [====================>.........] - ETA: 0s - loss: 0.0013 - acc: 1.0000
1240/1298 [===========================>..] - ETA: 0s - loss: 0.0022 - acc: 0.9992
1298/1298 [==============================] - 0s 177us/step - loss: 0.0025 - acc: 0.9992 - val_loss: 0.0677 - val_acc: 0.9846
Epoch 7/30

  10/1298 [..............................] - ETA: 0s - loss: 9.6879e-04 - acc: 1.0000
 320/1298 [======>.......................] - ETA: 0s - loss: 9.4051e-04 - acc: 1.0000
 610/1298 [=============>................] - ETA: 0s - loss: 0.0060 - acc: 0.9984    
 910/1298 [====================>.........] - ETA: 0s - loss: 0.0050 - acc: 0.9989
1210/1298 [==========================>...] - ETA: 0s - loss: 0.0041 - acc: 0.9992
1298/1298 [==============================] - 0s 182us/step - loss: 0.0039 - acc: 0.9992 - val_loss: 0.0690 - val_acc: 0.9877
Epoch 8/30

  10/1298 [..............................] - ETA: 0s - loss: 1.0104e-04 - acc: 1.0000
 300/1298 [=====>........................] - ETA: 0s - loss: 7.1538e-04 - acc: 1.0000
 600/1298 [============>.................] - ETA: 0s - loss: 9.1358e-04 - acc: 1.0000
 900/1298 [===================>..........] - ETA: 0s - loss: 8.3344e-04 - acc: 1.0000
1200/1298 [==========================>...] - ETA: 0s - loss: 7.6252e-04 - acc: 1.0000
1298/1298 [==============================] - 0s 183us/step - loss: 0.0036 - acc: 0.9992 - val_loss: 0.0735 - val_acc: 0.9877
Epoch 9/30

  10/1298 [..............................] - ETA: 0s - loss: 0.1303 - acc: 0.9000
 320/1298 [======>.......................] - ETA: 0s - loss: 0.0071 - acc: 0.9969
 630/1298 [=============>................] - ETA: 0s - loss: 0.0044 - acc: 0.9984
 930/1298 [====================>.........] - ETA: 0s - loss: 0.0032 - acc: 0.9989
1230/1298 [===========================>..] - ETA: 0s - loss: 0.0026 - acc: 0.9992
1298/1298 [==============================] - 0s 179us/step - loss: 0.0025 - acc: 0.9992 - val_loss: 0.0723 - val_acc: 0.9877
Epoch 10/30

  10/1298 [..............................] - ETA: 0s - loss: 5.1946e-04 - acc: 1.0000
 310/1298 [======>.......................] - ETA: 0s - loss: 5.8959e-04 - acc: 1.0000
 600/1298 [============>.................] - ETA: 0s - loss: 5.4195e-04 - acc: 1.0000
 900/1298 [===================>..........] - ETA: 0s - loss: 5.0937e-04 - acc: 1.0000
1190/1298 [==========================>...] - ETA: 0s - loss: 0.0040 - acc: 0.9992    
1298/1298 [==============================] - 0s 184us/step - loss: 0.0039 - acc: 0.9992 - val_loss: 0.0698 - val_acc: 0.9846
Epoch 11/30

  10/1298 [..............................] - ETA: 0s - loss: 8.7317e-04 - acc: 1.0000
 290/1298 [=====>........................] - ETA: 0s - loss: 0.0013 - acc: 1.0000    
 590/1298 [============>.................] - ETA: 0s - loss: 0.0012 - acc: 1.0000
 890/1298 [===================>..........] - ETA: 0s - loss: 0.0011 - acc: 1.0000
1190/1298 [==========================>...] - ETA: 0s - loss: 0.0039 - acc: 0.9992
1298/1298 [==============================] - 0s 183us/step - loss: 0.0037 - acc: 0.9992 - val_loss: 0.0719 - val_acc: 0.9846
Epoch 12/30

  10/1298 [..............................] - ETA: 0s - loss: 4.0869e-04 - acc: 1.0000
 320/1298 [======>.......................] - ETA: 0s - loss: 0.0014 - acc: 1.0000    
 630/1298 [=============>................] - ETA: 0s - loss: 0.0011 - acc: 1.0000
 920/1298 [====================>.........] - ETA: 0s - loss: 0.0031 - acc: 0.9989
1230/1298 [===========================>..] - ETA: 0s - loss: 0.0027 - acc: 0.9992
1298/1298 [==============================] - 0s 178us/step - loss: 0.0026 - acc: 0.9992 - val_loss: 0.0702 - val_acc: 0.9877
Epoch 13/30

  10/1298 [..............................] - ETA: 0s - loss: 0.0013 - acc: 1.0000
 310/1298 [======>.......................] - ETA: 0s - loss: 4.2252e-04 - acc: 1.0000
 610/1298 [=============>................] - ETA: 0s - loss: 3.6642e-04 - acc: 1.0000
 910/1298 [====================>.........] - ETA: 0s - loss: 0.0040 - acc: 0.9989    
1200/1298 [==========================>...] - ETA: 0s - loss: 0.0033 - acc: 0.9992
1298/1298 [==============================] - 0s 182us/step - loss: 0.0031 - acc: 0.9992 - val_loss: 0.0709 - val_acc: 0.9877
Epoch 14/30

  10/1298 [..............................] - ETA: 0s - loss: 2.1005e-04 - acc: 1.0000
 310/1298 [======>.......................] - ETA: 0s - loss: 4.4707e-04 - acc: 1.0000
 620/1298 [=============>................] - ETA: 0s - loss: 0.0037 - acc: 0.9984    
 930/1298 [====================>.........] - ETA: 0s - loss: 0.0028 - acc: 0.9989
1240/1298 [===========================>..] - ETA: 0s - loss: 0.0025 - acc: 0.9992
1298/1298 [==============================] - 0s 175us/step - loss: 0.0024 - acc: 0.9992 - val_loss: 0.0730 - val_acc: 0.9877
Epoch 15/30

  10/1298 [..............................] - ETA: 0s - loss: 2.0421e-04 - acc: 1.0000
 320/1298 [======>.......................] - ETA: 0s - loss: 0.0087 - acc: 0.9969    
 630/1298 [=============>................] - ETA: 0s - loss: 0.0048 - acc: 0.9984
 930/1298 [====================>.........] - ETA: 0s - loss: 0.0036 - acc: 0.9989
1240/1298 [===========================>..] - ETA: 0s - loss: 0.0028 - acc: 0.9992
1298/1298 [==============================] - 0s 177us/step - loss: 0.0027 - acc: 0.9992 - val_loss: 0.0767 - val_acc: 0.9846
Epoch 16/30

  10/1298 [..............................] - ETA: 0s - loss: 5.7601e-05 - acc: 1.0000
 300/1298 [=====>........................] - ETA: 0s - loss: 3.1027e-04 - acc: 1.0000
 600/1298 [============>.................] - ETA: 0s - loss: 0.0041 - acc: 0.9983    
 890/1298 [===================>..........] - ETA: 0s - loss: 0.0034 - acc: 0.9989
1190/1298 [==========================>...] - ETA: 0s - loss: 0.0027 - acc: 0.9992
1298/1298 [==============================] - 0s 184us/step - loss: 0.0025 - acc: 0.9992 - val_loss: 0.0778 - val_acc: 0.9877
Epoch 17/30

  10/1298 [..............................] - ETA: 0s - loss: 3.0700e-04 - acc: 1.0000
 300/1298 [=====>........................] - ETA: 0s - loss: 5.6009e-04 - acc: 1.0000
 600/1298 [============>.................] - ETA: 0s - loss: 4.6520e-04 - acc: 1.0000
 880/1298 [===================>..........] - ETA: 0s - loss: 4.2090e-04 - acc: 1.0000
1180/1298 [==========================>...] - ETA: 0s - loss: 0.0029 - acc: 0.9992    
1298/1298 [==============================] - 0s 184us/step - loss: 0.0027 - acc: 0.9992 - val_loss: 0.0810 - val_acc: 0.9815
Epoch 18/30

  10/1298 [..............................] - ETA: 0s - loss: 2.4550e-04 - acc: 1.0000
 310/1298 [======>.......................] - ETA: 0s - loss: 4.5168e-04 - acc: 1.0000
 610/1298 [=============>................] - ETA: 0s - loss: 4.6014e-04 - acc: 1.0000
 910/1298 [====================>.........] - ETA: 0s - loss: 0.0026 - acc: 0.9989    
1200/1298 [==========================>...] - ETA: 0s - loss: 0.0021 - acc: 0.9992
1298/1298 [==============================] - 0s 182us/step - loss: 0.0021 - acc: 0.9992 - val_loss: 0.0853 - val_acc: 0.9877
acc: 98.77%
Train on 1299 samples, validate on 323 samples
Epoch 1/30

  10/1299 [..............................] - ETA: 1:40 - loss: 0.6541 - acc: 0.6000
 310/1299 [======>.......................] - ETA: 2s - loss: 0.4499 - acc: 0.8097  
 620/1299 [=============>................] - ETA: 0s - loss: 0.2923 - acc: 0.8903
 930/1299 [====================>.........] - ETA: 0s - loss: 0.2397 - acc: 0.9097
1240/1299 [===========================>..] - ETA: 0s - loss: 0.2039 - acc: 0.9234
1299/1299 [==============================] - 1s 845us/step - loss: 0.1984 - acc: 0.9246 - val_loss: 0.0617 - val_acc: 0.9783
Epoch 2/30

  10/1299 [..............................] - ETA: 0s - loss: 0.0205 - acc: 1.0000
 300/1299 [=====>........................] - ETA: 0s - loss: 0.0320 - acc: 0.9933
 600/1299 [============>.................] - ETA: 0s - loss: 0.0477 - acc: 0.9867
 900/1299 [===================>..........] - ETA: 0s - loss: 0.0476 - acc: 0.9867
1200/1299 [==========================>...] - ETA: 0s - loss: 0.0448 - acc: 0.9875
1299/1299 [==============================] - 0s 183us/step - loss: 0.0464 - acc: 0.9869 - val_loss: 0.0670 - val_acc: 0.9783
Epoch 3/30

  10/1299 [..............................] - ETA: 0s - loss: 0.0073 - acc: 1.0000
 310/1299 [======>.......................] - ETA: 0s - loss: 0.0135 - acc: 1.0000
 610/1299 [=============>................] - ETA: 0s - loss: 0.0179 - acc: 0.9984
 920/1299 [====================>.........] - ETA: 0s - loss: 0.0202 - acc: 0.9967
1230/1299 [===========================>..] - ETA: 0s - loss: 0.0243 - acc: 0.9959
1299/1299 [==============================] - 0s 178us/step - loss: 0.0247 - acc: 0.9954 - val_loss: 0.0625 - val_acc: 0.9752
Epoch 4/30

  10/1299 [..............................] - ETA: 0s - loss: 0.0021 - acc: 1.0000
 320/1299 [======>.......................] - ETA: 0s - loss: 0.0209 - acc: 0.9969
 620/1299 [=============>................] - ETA: 0s - loss: 0.0155 - acc: 0.9984
 930/1299 [====================>.........] - ETA: 0s - loss: 0.0148 - acc: 0.9978
1220/1299 [===========================>..] - ETA: 0s - loss: 0.0172 - acc: 0.9967
1299/1299 [==============================] - 0s 180us/step - loss: 0.0180 - acc: 0.9962 - val_loss: 0.0595 - val_acc: 0.9783
Epoch 5/30

  10/1299 [..............................] - ETA: 0s - loss: 0.0050 - acc: 1.0000
 300/1299 [=====>........................] - ETA: 0s - loss: 0.0149 - acc: 0.9933
 590/1299 [============>.................] - ETA: 0s - loss: 0.0139 - acc: 0.9949
 890/1299 [===================>..........] - ETA: 0s - loss: 0.0130 - acc: 0.9966
1180/1299 [==========================>...] - ETA: 0s - loss: 0.0107 - acc: 0.9975
1299/1299 [==============================] - 0s 185us/step - loss: 0.0100 - acc: 0.9977 - val_loss: 0.0664 - val_acc: 0.9814
Epoch 6/30

  10/1299 [..............................] - ETA: 0s - loss: 0.0026 - acc: 1.0000
 310/1299 [======>.......................] - ETA: 0s - loss: 0.0189 - acc: 0.9935
 610/1299 [=============>................] - ETA: 0s - loss: 0.0118 - acc: 0.9967
 910/1299 [====================>.........] - ETA: 0s - loss: 0.0109 - acc: 0.9967
1220/1299 [===========================>..] - ETA: 0s - loss: 0.0091 - acc: 0.9975
1299/1299 [==============================] - 0s 178us/step - loss: 0.0086 - acc: 0.9977 - val_loss: 0.0578 - val_acc: 0.9814
Epoch 7/30

  10/1299 [..............................] - ETA: 0s - loss: 0.0022 - acc: 1.0000
 320/1299 [======>.......................] - ETA: 0s - loss: 0.0144 - acc: 0.9937
 630/1299 [=============>................] - ETA: 0s - loss: 0.0100 - acc: 0.9968
 930/1299 [====================>.........] - ETA: 0s - loss: 0.0088 - acc: 0.9968
1230/1299 [===========================>..] - ETA: 0s - loss: 0.0071 - acc: 0.9976
1299/1299 [==============================] - 0s 179us/step - loss: 0.0068 - acc: 0.9977 - val_loss: 0.0615 - val_acc: 0.9814
Epoch 8/30

  10/1299 [..............................] - ETA: 0s - loss: 0.0054 - acc: 1.0000
 310/1299 [======>.......................] - ETA: 0s - loss: 0.0010 - acc: 1.0000
 610/1299 [=============>................] - ETA: 0s - loss: 0.0014 - acc: 1.0000
 880/1299 [===================>..........] - ETA: 0s - loss: 0.0041 - acc: 0.9989
1170/1299 [==========================>...] - ETA: 0s - loss: 0.0054 - acc: 0.9974
1299/1299 [==============================] - 0s 188us/step - loss: 0.0053 - acc: 0.9977 - val_loss: 0.0640 - val_acc: 0.9814
Epoch 9/30

  10/1299 [..............................] - ETA: 0s - loss: 0.0103 - acc: 1.0000
 300/1299 [=====>........................] - ETA: 0s - loss: 0.0026 - acc: 1.0000
 600/1299 [============>.................] - ETA: 0s - loss: 0.0018 - acc: 1.0000
 900/1299 [===================>..........] - ETA: 0s - loss: 0.0043 - acc: 0.9989
1200/1299 [==========================>...] - ETA: 0s - loss: 0.0062 - acc: 0.9983
1299/1299 [==============================] - 0s 183us/step - loss: 0.0059 - acc: 0.9985 - val_loss: 0.0555 - val_acc: 0.9845
Epoch 10/30

  10/1299 [..............................] - ETA: 0s - loss: 0.0010 - acc: 1.0000
 280/1299 [=====>........................] - ETA: 0s - loss: 0.0014 - acc: 1.0000
 580/1299 [============>.................] - ETA: 0s - loss: 0.0095 - acc: 0.9966
 870/1299 [===================>..........] - ETA: 0s - loss: 0.0069 - acc: 0.9977
1170/1299 [==========================>...] - ETA: 0s - loss: 0.0056 - acc: 0.9983
1299/1299 [==============================] - 0s 189us/step - loss: 0.0053 - acc: 0.9985 - val_loss: 0.0557 - val_acc: 0.9845
Epoch 11/30

  10/1299 [..............................] - ETA: 0s - loss: 4.9178e-04 - acc: 1.0000
 290/1299 [=====>........................] - ETA: 0s - loss: 0.0102 - acc: 0.9966    
 580/1299 [============>.................] - ETA: 0s - loss: 0.0071 - acc: 0.9983
 870/1299 [===================>..........] - ETA: 0s - loss: 0.0075 - acc: 0.9977
1160/1299 [=========================>....] - ETA: 0s - loss: 0.0061 - acc: 0.9983
1299/1299 [==============================] - 0s 188us/step - loss: 0.0057 - acc: 0.9985 - val_loss: 0.0606 - val_acc: 0.9814
Epoch 12/30

  10/1299 [..............................] - ETA: 0s - loss: 6.4527e-04 - acc: 1.0000
 300/1299 [=====>........................] - ETA: 0s - loss: 0.0053 - acc: 0.9967    
 600/1299 [============>.................] - ETA: 0s - loss: 0.0032 - acc: 0.9983
 900/1299 [===================>..........] - ETA: 0s - loss: 0.0023 - acc: 0.9989
1200/1299 [==========================>...] - ETA: 0s - loss: 0.0057 - acc: 0.9983
1299/1299 [==============================] - 0s 182us/step - loss: 0.0054 - acc: 0.9985 - val_loss: 0.0633 - val_acc: 0.9814
Epoch 13/30

  10/1299 [..............................] - ETA: 0s - loss: 3.5600e-04 - acc: 1.0000
 310/1299 [======>.......................] - ETA: 0s - loss: 0.0018 - acc: 1.0000    
 610/1299 [=============>................] - ETA: 0s - loss: 0.0014 - acc: 1.0000
 900/1299 [===================>..........] - ETA: 0s - loss: 0.0063 - acc: 0.9978
1190/1299 [==========================>...] - ETA: 0s - loss: 0.0053 - acc: 0.9983
1299/1299 [==============================] - 0s 184us/step - loss: 0.0050 - acc: 0.9985 - val_loss: 0.0629 - val_acc: 0.9814
Epoch 14/30

  10/1299 [..............................] - ETA: 0s - loss: 2.4651e-04 - acc: 1.0000
 300/1299 [=====>........................] - ETA: 0s - loss: 8.0641e-04 - acc: 1.0000
 590/1299 [============>.................] - ETA: 0s - loss: 0.0019 - acc: 1.0000    
 880/1299 [===================>..........] - ETA: 0s - loss: 0.0055 - acc: 0.9989
1160/1299 [=========================>....] - ETA: 0s - loss: 0.0047 - acc: 0.9991
1299/1299 [==============================] - 0s 188us/step - loss: 0.0042 - acc: 0.9992 - val_loss: 0.0589 - val_acc: 0.9814
Epoch 15/30

  10/1299 [..............................] - ETA: 0s - loss: 2.4910e-04 - acc: 1.0000
 300/1299 [=====>........................] - ETA: 0s - loss: 8.0203e-04 - acc: 1.0000
 600/1299 [============>.................] - ETA: 0s - loss: 7.1653e-04 - acc: 1.0000
 900/1299 [===================>..........] - ETA: 0s - loss: 0.0053 - acc: 0.9989    
1200/1299 [==========================>...] - ETA: 0s - loss: 0.0045 - acc: 0.9992
1299/1299 [==============================] - 0s 182us/step - loss: 0.0043 - acc: 0.9992 - val_loss: 0.0603 - val_acc: 0.9814
Epoch 16/30

  10/1299 [..............................] - ETA: 0s - loss: 4.8400e-04 - acc: 1.0000
 310/1299 [======>.......................] - ETA: 0s - loss: 0.0076 - acc: 0.9968    
 600/1299 [============>.................] - ETA: 0s - loss: 0.0044 - acc: 0.9983
 890/1299 [===================>..........] - ETA: 0s - loss: 0.0032 - acc: 0.9989
1170/1299 [==========================>...] - ETA: 0s - loss: 0.0031 - acc: 0.9991
1299/1299 [==============================] - 0s 189us/step - loss: 0.0029 - acc: 0.9992 - val_loss: 0.0605 - val_acc: 0.9814
Epoch 17/30

  10/1299 [..............................] - ETA: 0s - loss: 2.1145e-04 - acc: 1.0000
 300/1299 [=====>........................] - ETA: 0s - loss: 0.0082 - acc: 0.9967    
 580/1299 [============>.................] - ETA: 0s - loss: 0.0053 - acc: 0.9983
 870/1299 [===================>..........] - ETA: 0s - loss: 0.0039 - acc: 0.9989
1170/1299 [==========================>...] - ETA: 0s - loss: 0.0030 - acc: 0.9991
1299/1299 [==============================] - 0s 187us/step - loss: 0.0027 - acc: 0.9992 - val_loss: 0.0588 - val_acc: 0.9814
Epoch 18/30

  10/1299 [..............................] - ETA: 0s - loss: 4.2387e-04 - acc: 1.0000
 310/1299 [======>.......................] - ETA: 0s - loss: 3.5233e-04 - acc: 1.0000
 610/1299 [=============>................] - ETA: 0s - loss: 3.6283e-04 - acc: 1.0000
 910/1299 [====================>.........] - ETA: 0s - loss: 3.9567e-04 - acc: 1.0000
1210/1299 [==========================>...] - ETA: 0s - loss: 0.0020 - acc: 0.9992    
1299/1299 [==============================] - 0s 181us/step - loss: 0.0019 - acc: 0.9992 - val_loss: 0.0638 - val_acc: 0.9783
Epoch 19/30

  10/1299 [..............................] - ETA: 0s - loss: 3.8639e-04 - acc: 1.0000
 310/1299 [======>.......................] - ETA: 0s - loss: 9.1449e-04 - acc: 1.0000
 590/1299 [============>.................] - ETA: 0s - loss: 0.0013 - acc: 1.0000    
 870/1299 [===================>..........] - ETA: 0s - loss: 0.0010 - acc: 1.0000
1160/1299 [=========================>....] - ETA: 0s - loss: 0.0015 - acc: 0.9991
1299/1299 [==============================] - 0s 188us/step - loss: 0.0014 - acc: 0.9992 - val_loss: 0.0605 - val_acc: 0.9814
Epoch 20/30

  10/1299 [..............................] - ETA: 0s - loss: 1.1846e-04 - acc: 1.0000
 300/1299 [=====>........................] - ETA: 0s - loss: 0.0019 - acc: 1.0000    
 590/1299 [============>.................] - ETA: 0s - loss: 0.0012 - acc: 1.0000
 870/1299 [===================>..........] - ETA: 0s - loss: 0.0010 - acc: 1.0000
1150/1299 [=========================>....] - ETA: 0s - loss: 0.0011 - acc: 1.0000
1299/1299 [==============================] - 0s 189us/step - loss: 0.0010 - acc: 1.0000 - val_loss: 0.0624 - val_acc: 0.9814
Epoch 21/30

  10/1299 [..............................] - ETA: 0s - loss: 3.4676e-05 - acc: 1.0000
 290/1299 [=====>........................] - ETA: 0s - loss: 3.4131e-04 - acc: 1.0000
 560/1299 [===========>..................] - ETA: 0s - loss: 2.8811e-04 - acc: 1.0000
 860/1299 [==================>...........] - ETA: 0s - loss: 0.0014 - acc: 0.9988    
1160/1299 [=========================>....] - ETA: 0s - loss: 0.0014 - acc: 0.9991
1299/1299 [==============================] - 0s 187us/step - loss: 0.0013 - acc: 0.9992 - val_loss: 0.0662 - val_acc: 0.9814
Epoch 22/30

  10/1299 [..............................] - ETA: 0s - loss: 0.0014 - acc: 1.0000
 300/1299 [=====>........................] - ETA: 0s - loss: 0.0108 - acc: 0.9967
 480/1299 [==========>...................] - ETA: 0s - loss: 0.0079 - acc: 0.9979
 710/1299 [===============>..............] - ETA: 0s - loss: 0.0057 - acc: 0.9986
1000/1299 [======================>.......] - ETA: 0s - loss: 0.0043 - acc: 0.9990
1280/1299 [============================>.] - ETA: 0s - loss: 0.0037 - acc: 0.9992
1299/1299 [==============================] - 0s 211us/step - loss: 0.0036 - acc: 0.9992 - val_loss: 0.0648 - val_acc: 0.9845
Epoch 23/30

  10/1299 [..............................] - ETA: 0s - loss: 1.0501e-04 - acc: 1.0000
 300/1299 [=====>........................] - ETA: 0s - loss: 4.9176e-04 - acc: 1.0000
 580/1299 [============>.................] - ETA: 0s - loss: 0.0045 - acc: 0.9983    
 860/1299 [==================>...........] - ETA: 0s - loss: 0.0035 - acc: 0.9988
1160/1299 [=========================>....] - ETA: 0s - loss: 0.0028 - acc: 0.9991
1299/1299 [==============================] - 0s 186us/step - loss: 0.0025 - acc: 0.9992 - val_loss: 0.0677 - val_acc: 0.9814
Epoch 24/30

  10/1299 [..............................] - ETA: 0s - loss: 1.3428e-04 - acc: 1.0000
 310/1299 [======>.......................] - ETA: 0s - loss: 5.0946e-04 - acc: 1.0000
 610/1299 [=============>................] - ETA: 0s - loss: 4.0219e-04 - acc: 1.0000
 910/1299 [====================>.........] - ETA: 0s - loss: 0.0021 - acc: 0.9989    
1210/1299 [==========================>...] - ETA: 0s - loss: 0.0019 - acc: 0.9992
1299/1299 [==============================] - 0s 181us/step - loss: 0.0018 - acc: 0.9992 - val_loss: 0.0653 - val_acc: 0.9845
Epoch 25/30

  10/1299 [..............................] - ETA: 0s - loss: 3.3381e-05 - acc: 1.0000
 290/1299 [=====>........................] - ETA: 0s - loss: 3.7953e-04 - acc: 1.0000
 580/1299 [============>.................] - ETA: 0s - loss: 5.8492e-04 - acc: 1.0000
 850/1299 [==================>...........] - ETA: 0s - loss: 0.0015 - acc: 0.9988    
1140/1299 [=========================>....] - ETA: 0s - loss: 0.0013 - acc: 0.9991
1299/1299 [==============================] - 0s 193us/step - loss: 0.0012 - acc: 0.9992 - val_loss: 0.0702 - val_acc: 0.9783
acc: 98.45%
Accuracy: 98.09% (+/- 0.45%)
