Train on 1389 samples, validate on 233 samples
Epoch 1/30

  20/1389 [..............................] - ETA: 34s - loss: 0.6848 - acc: 0.4500
 540/1389 [==========>...................] - ETA: 0s - loss: 0.3145 - acc: 0.8630 
1060/1389 [=====================>........] - ETA: 0s - loss: 0.2017 - acc: 0.9160
1389/1389 [==============================] - 1s 507us/step - loss: 0.1775 - acc: 0.9266 - val_loss: 0.1456 - val_acc: 0.9528
Epoch 2/30

  20/1389 [..............................] - ETA: 0s - loss: 0.2029 - acc: 0.9500
 500/1389 [=========>....................] - ETA: 0s - loss: 0.0912 - acc: 0.9720
 980/1389 [====================>.........] - ETA: 0s - loss: 0.0866 - acc: 0.9694
1389/1389 [==============================] - 0s 108us/step - loss: 0.0738 - acc: 0.9762 - val_loss: 0.1399 - val_acc: 0.9528
Epoch 3/30

  20/1389 [..............................] - ETA: 0s - loss: 0.0382 - acc: 1.0000
 520/1389 [==========>...................] - ETA: 0s - loss: 0.0468 - acc: 0.9885
1040/1389 [=====================>........] - ETA: 0s - loss: 0.0529 - acc: 0.9865
1389/1389 [==============================] - 0s 104us/step - loss: 0.0610 - acc: 0.9834 - val_loss: 0.1432 - val_acc: 0.9528
Epoch 4/30

  20/1389 [..............................] - ETA: 0s - loss: 0.0168 - acc: 1.0000
 540/1389 [==========>...................] - ETA: 0s - loss: 0.0490 - acc: 0.9815
1040/1389 [=====================>........] - ETA: 0s - loss: 0.0569 - acc: 0.9788
1389/1389 [==============================] - 0s 106us/step - loss: 0.0500 - acc: 0.9827 - val_loss: 0.1232 - val_acc: 0.9700
Epoch 5/30

  20/1389 [..............................] - ETA: 0s - loss: 0.0317 - acc: 1.0000
 540/1389 [==========>...................] - ETA: 0s - loss: 0.0432 - acc: 0.9907
1040/1389 [=====================>........] - ETA: 0s - loss: 0.0451 - acc: 0.9894
1389/1389 [==============================] - 0s 104us/step - loss: 0.0441 - acc: 0.9892 - val_loss: 0.2053 - val_acc: 0.9700
Epoch 6/30

  20/1389 [..............................] - ETA: 0s - loss: 0.0051 - acc: 1.0000
 560/1389 [===========>..................] - ETA: 0s - loss: 0.0363 - acc: 0.9875
1060/1389 [=====================>........] - ETA: 0s - loss: 0.0362 - acc: 0.9877
1389/1389 [==============================] - 0s 105us/step - loss: 0.0432 - acc: 0.9878 - val_loss: 0.1847 - val_acc: 0.9657
Epoch 7/30

  20/1389 [..............................] - ETA: 0s - loss: 0.0096 - acc: 1.0000
 540/1389 [==========>...................] - ETA: 0s - loss: 0.0444 - acc: 0.9889
1020/1389 [=====================>........] - ETA: 0s - loss: 0.0414 - acc: 0.9902
1389/1389 [==============================] - 0s 107us/step - loss: 0.0417 - acc: 0.9899 - val_loss: 0.1894 - val_acc: 0.9485
Epoch 8/30

  20/1389 [..............................] - ETA: 0s - loss: 0.0122 - acc: 1.0000
 520/1389 [==========>...................] - ETA: 0s - loss: 0.0212 - acc: 0.9942
1020/1389 [=====================>........] - ETA: 0s - loss: 0.0298 - acc: 0.9912
1389/1389 [==============================] - 0s 109us/step - loss: 0.0294 - acc: 0.9906 - val_loss: 0.1723 - val_acc: 0.9614
Epoch 9/30

  20/1389 [..............................] - ETA: 0s - loss: 0.0032 - acc: 1.0000
 540/1389 [==========>...................] - ETA: 0s - loss: 0.0350 - acc: 0.9926
1000/1389 [====================>.........] - ETA: 0s - loss: 0.0246 - acc: 0.9950
1389/1389 [==============================] - 0s 119us/step - loss: 0.0234 - acc: 0.9935 - val_loss: 0.1815 - val_acc: 0.9485
Epoch 10/30

  20/1389 [..............................] - ETA: 0s - loss: 5.2441e-04 - acc: 1.0000
 380/1389 [=======>......................] - ETA: 0s - loss: 0.0122 - acc: 0.9974    
 800/1389 [================>.............] - ETA: 0s - loss: 0.0170 - acc: 0.9937
1220/1389 [=========================>....] - ETA: 0s - loss: 0.0180 - acc: 0.9951
1389/1389 [==============================] - 0s 133us/step - loss: 0.0257 - acc: 0.9928 - val_loss: 0.2181 - val_acc: 0.9571
Epoch 11/30

  20/1389 [..............................] - ETA: 0s - loss: 0.0345 - acc: 1.0000
 540/1389 [==========>...................] - ETA: 0s - loss: 0.0209 - acc: 0.9926
1060/1389 [=====================>........] - ETA: 0s - loss: 0.0248 - acc: 0.9915
1389/1389 [==============================] - 0s 105us/step - loss: 0.0269 - acc: 0.9914 - val_loss: 0.2400 - val_acc: 0.9485
acc: 97.00%
Train on 1389 samples, validate on 233 samples
Epoch 1/30

  20/1389 [..............................] - ETA: 54s - loss: 0.7148 - acc: 0.5000
 400/1389 [=======>......................] - ETA: 2s - loss: 0.4170 - acc: 0.8175 
 820/1389 [================>.............] - ETA: 0s - loss: 0.2970 - acc: 0.8805
1180/1389 [========================>.....] - ETA: 0s - loss: 0.2321 - acc: 0.9119
1389/1389 [==============================] - 1s 768us/step - loss: 0.2125 - acc: 0.9186 - val_loss: 0.1190 - val_acc: 0.9485
Epoch 2/30

  20/1389 [..............................] - ETA: 0s - loss: 0.0316 - acc: 1.0000
 400/1389 [=======>......................] - ETA: 0s - loss: 0.0578 - acc: 0.9825
 780/1389 [===============>..............] - ETA: 0s - loss: 0.0725 - acc: 0.9795
1160/1389 [========================>.....] - ETA: 0s - loss: 0.0796 - acc: 0.9741
1389/1389 [==============================] - 0s 139us/step - loss: 0.0776 - acc: 0.9762 - val_loss: 0.0916 - val_acc: 0.9657
Epoch 3/30

  20/1389 [..............................] - ETA: 0s - loss: 0.0099 - acc: 1.0000
 440/1389 [========>.....................] - ETA: 0s - loss: 0.0397 - acc: 0.9864
 840/1389 [=================>............] - ETA: 0s - loss: 0.0583 - acc: 0.9821
1240/1389 [=========================>....] - ETA: 0s - loss: 0.0598 - acc: 0.9823
1389/1389 [==============================] - 0s 134us/step - loss: 0.0609 - acc: 0.9806 - val_loss: 0.1116 - val_acc: 0.9571
Epoch 4/30

  20/1389 [..............................] - ETA: 0s - loss: 0.0090 - acc: 1.0000
 420/1389 [========>.....................] - ETA: 0s - loss: 0.0306 - acc: 0.9905
 800/1389 [================>.............] - ETA: 0s - loss: 0.0372 - acc: 0.9875
1220/1389 [=========================>....] - ETA: 0s - loss: 0.0381 - acc: 0.9885
1389/1389 [==============================] - 0s 136us/step - loss: 0.0450 - acc: 0.9870 - val_loss: 0.1255 - val_acc: 0.9614
Epoch 5/30

  20/1389 [..............................] - ETA: 0s - loss: 0.0302 - acc: 1.0000
 440/1389 [========>.....................] - ETA: 0s - loss: 0.0387 - acc: 0.9955
 860/1389 [=================>............] - ETA: 0s - loss: 0.0341 - acc: 0.9930
1260/1389 [==========================>...] - ETA: 0s - loss: 0.0324 - acc: 0.9937
1389/1389 [==============================] - 0s 133us/step - loss: 0.0361 - acc: 0.9921 - val_loss: 0.0949 - val_acc: 0.9657
Epoch 6/30

  20/1389 [..............................] - ETA: 0s - loss: 0.0061 - acc: 1.0000
 420/1389 [========>.....................] - ETA: 0s - loss: 0.0198 - acc: 0.9952
 820/1389 [================>.............] - ETA: 0s - loss: 0.0295 - acc: 0.9927
1220/1389 [=========================>....] - ETA: 0s - loss: 0.0312 - acc: 0.9910
1389/1389 [==============================] - 0s 136us/step - loss: 0.0383 - acc: 0.9885 - val_loss: 0.0827 - val_acc: 0.9742
Epoch 7/30

  20/1389 [..............................] - ETA: 0s - loss: 0.0038 - acc: 1.0000
 440/1389 [========>.....................] - ETA: 0s - loss: 0.0369 - acc: 0.9818
 860/1389 [=================>............] - ETA: 0s - loss: 0.0354 - acc: 0.9849
1260/1389 [==========================>...] - ETA: 0s - loss: 0.0488 - acc: 0.9841
1389/1389 [==============================] - 0s 134us/step - loss: 0.0467 - acc: 0.9842 - val_loss: 0.0983 - val_acc: 0.9571
Epoch 8/30

  20/1389 [..............................] - ETA: 0s - loss: 0.0512 - acc: 1.0000
 420/1389 [========>.....................] - ETA: 0s - loss: 0.0389 - acc: 0.9881
 820/1389 [================>.............] - ETA: 0s - loss: 0.0530 - acc: 0.9805
1220/1389 [=========================>....] - ETA: 0s - loss: 0.0554 - acc: 0.9828
1389/1389 [==============================] - 0s 134us/step - loss: 0.0499 - acc: 0.9842 - val_loss: 0.1242 - val_acc: 0.9528
Epoch 9/30

  20/1389 [..............................] - ETA: 0s - loss: 0.0089 - acc: 1.0000
 420/1389 [========>.....................] - ETA: 0s - loss: 0.0640 - acc: 0.9810
 820/1389 [================>.............] - ETA: 0s - loss: 0.0630 - acc: 0.9780
1200/1389 [========================>.....] - ETA: 0s - loss: 0.0557 - acc: 0.9808
1389/1389 [==============================] - 0s 138us/step - loss: 0.0583 - acc: 0.9806 - val_loss: 0.1387 - val_acc: 0.9571
Epoch 10/30

  20/1389 [..............................] - ETA: 0s - loss: 0.0158 - acc: 1.0000
 460/1389 [========>.....................] - ETA: 0s - loss: 0.0348 - acc: 0.9891
 840/1389 [=================>............] - ETA: 0s - loss: 0.0358 - acc: 0.9869
1240/1389 [=========================>....] - ETA: 0s - loss: 0.0339 - acc: 0.9887
1389/1389 [==============================] - 0s 133us/step - loss: 0.0512 - acc: 0.9849 - val_loss: 0.1260 - val_acc: 0.9399
Epoch 11/30

  20/1389 [..............................] - ETA: 0s - loss: 0.0161 - acc: 1.0000
 420/1389 [========>.....................] - ETA: 0s - loss: 0.0674 - acc: 0.9786
 820/1389 [================>.............] - ETA: 0s - loss: 0.0532 - acc: 0.9841
1220/1389 [=========================>....] - ETA: 0s - loss: 0.0479 - acc: 0.9852
1389/1389 [==============================] - 0s 134us/step - loss: 0.0455 - acc: 0.9863 - val_loss: 0.1679 - val_acc: 0.9528
Epoch 12/30

  20/1389 [..............................] - ETA: 0s - loss: 0.0312 - acc: 1.0000
 400/1389 [=======>......................] - ETA: 0s - loss: 0.0285 - acc: 0.9950
 780/1389 [===============>..............] - ETA: 0s - loss: 0.0401 - acc: 0.9923
1180/1389 [========================>.....] - ETA: 0s - loss: 0.0456 - acc: 0.9898
1389/1389 [==============================] - 0s 140us/step - loss: 0.0457 - acc: 0.9892 - val_loss: 0.2014 - val_acc: 0.9313
Epoch 13/30

  20/1389 [..............................] - ETA: 0s - loss: 0.0941 - acc: 0.9500
 400/1389 [=======>......................] - ETA: 0s - loss: 0.0509 - acc: 0.9850
 820/1389 [================>.............] - ETA: 0s - loss: 0.0437 - acc: 0.9866
1220/1389 [=========================>....] - ETA: 0s - loss: 0.0465 - acc: 0.9861
1389/1389 [==============================] - 0s 135us/step - loss: 0.0491 - acc: 0.9863 - val_loss: 0.1667 - val_acc: 0.9442
acc: 97.42%
Train on 1390 samples, validate on 232 samples
Epoch 1/30

  20/1390 [..............................] - ETA: 1:02 - loss: 0.6870 - acc: 0.5000
 400/1390 [=======>......................] - ETA: 2s - loss: 0.3820 - acc: 0.8350  
 780/1390 [===============>..............] - ETA: 0s - loss: 0.2461 - acc: 0.8987
1200/1390 [========================>.....] - ETA: 0s - loss: 0.1893 - acc: 0.9242
1390/1390 [==============================] - 1s 863us/step - loss: 0.1843 - acc: 0.9266 - val_loss: 0.1188 - val_acc: 0.9612
Epoch 2/30

  20/1390 [..............................] - ETA: 0s - loss: 0.0171 - acc: 1.0000
 280/1390 [=====>........................] - ETA: 0s - loss: 0.0763 - acc: 0.9750
 640/1390 [============>.................] - ETA: 0s - loss: 0.0734 - acc: 0.9734
1140/1390 [=======================>......] - ETA: 0s - loss: 0.0701 - acc: 0.9754
1390/1390 [==============================] - 0s 135us/step - loss: 0.0728 - acc: 0.9755 - val_loss: 0.1175 - val_acc: 0.9655
Epoch 3/30

  20/1390 [..............................] - ETA: 0s - loss: 0.0236 - acc: 1.0000
 500/1390 [=========>....................] - ETA: 0s - loss: 0.0365 - acc: 0.9900
 960/1390 [===================>..........] - ETA: 0s - loss: 0.0507 - acc: 0.9833
1390/1390 [==============================] - 0s 112us/step - loss: 0.0597 - acc: 0.9799 - val_loss: 0.1382 - val_acc: 0.9569
Epoch 4/30

  20/1390 [..............................] - ETA: 0s - loss: 0.0037 - acc: 1.0000
 520/1390 [==========>...................] - ETA: 0s - loss: 0.0375 - acc: 0.9865
1040/1390 [=====================>........] - ETA: 0s - loss: 0.0384 - acc: 0.9865
1390/1390 [==============================] - 0s 106us/step - loss: 0.0496 - acc: 0.9842 - val_loss: 0.0960 - val_acc: 0.9741
Epoch 5/30

  20/1390 [..............................] - ETA: 0s - loss: 0.0317 - acc: 1.0000
 520/1390 [==========>...................] - ETA: 0s - loss: 0.0492 - acc: 0.9885
1020/1390 [=====================>........] - ETA: 0s - loss: 0.0379 - acc: 0.9912
1390/1390 [==============================] - 0s 106us/step - loss: 0.0443 - acc: 0.9892 - val_loss: 0.0997 - val_acc: 0.9741
Epoch 6/30

  20/1390 [..............................] - ETA: 0s - loss: 0.0014 - acc: 1.0000
 520/1390 [==========>...................] - ETA: 0s - loss: 0.0305 - acc: 0.9904
1020/1390 [=====================>........] - ETA: 0s - loss: 0.0426 - acc: 0.9853
1390/1390 [==============================] - 0s 112us/step - loss: 0.0420 - acc: 0.9849 - val_loss: 0.1362 - val_acc: 0.9698
Epoch 7/30

  20/1390 [..............................] - ETA: 0s - loss: 0.0026 - acc: 1.0000
 440/1390 [========>.....................] - ETA: 0s - loss: 0.0217 - acc: 0.9932
 880/1390 [=================>............] - ETA: 0s - loss: 0.0412 - acc: 0.9875
1340/1390 [===========================>..] - ETA: 0s - loss: 0.0370 - acc: 0.9881
1390/1390 [==============================] - 0s 120us/step - loss: 0.0390 - acc: 0.9878 - val_loss: 0.1508 - val_acc: 0.9526
Epoch 8/30

  20/1390 [..............................] - ETA: 0s - loss: 0.0230 - acc: 1.0000
 520/1390 [==========>...................] - ETA: 0s - loss: 0.0551 - acc: 0.9827
1020/1390 [=====================>........] - ETA: 0s - loss: 0.0508 - acc: 0.9814
1390/1390 [==============================] - 0s 109us/step - loss: 0.0441 - acc: 0.9835 - val_loss: 0.1309 - val_acc: 0.9655
Epoch 9/30

  20/1390 [..............................] - ETA: 0s - loss: 0.3157 - acc: 0.9500
 520/1390 [==========>...................] - ETA: 0s - loss: 0.0277 - acc: 0.9942
1040/1390 [=====================>........] - ETA: 0s - loss: 0.0386 - acc: 0.9885
1390/1390 [==============================] - 0s 106us/step - loss: 0.0406 - acc: 0.9863 - val_loss: 0.1310 - val_acc: 0.9612
Epoch 10/30

  20/1390 [..............................] - ETA: 0s - loss: 0.0016 - acc: 1.0000
 500/1390 [=========>....................] - ETA: 0s - loss: 0.0224 - acc: 0.9920
 980/1390 [====================>.........] - ETA: 0s - loss: 0.0299 - acc: 0.9918
1390/1390 [==============================] - 0s 109us/step - loss: 0.0303 - acc: 0.9928 - val_loss: 0.1062 - val_acc: 0.9741
Epoch 11/30

  20/1390 [..............................] - ETA: 0s - loss: 0.0017 - acc: 1.0000
 520/1390 [==========>...................] - ETA: 0s - loss: 0.0371 - acc: 0.9904
1000/1390 [====================>.........] - ETA: 0s - loss: 0.0279 - acc: 0.9930
1390/1390 [==============================] - 0s 108us/step - loss: 0.0271 - acc: 0.9935 - val_loss: 0.1078 - val_acc: 0.9784
Epoch 12/30

  20/1390 [..............................] - ETA: 0s - loss: 0.0017 - acc: 1.0000
 540/1390 [==========>...................] - ETA: 0s - loss: 0.0112 - acc: 0.9981
1060/1390 [=====================>........] - ETA: 0s - loss: 0.0187 - acc: 0.9953
1390/1390 [==============================] - 0s 109us/step - loss: 0.0195 - acc: 0.9935 - val_loss: 0.0934 - val_acc: 0.9784
Epoch 13/30

  20/1390 [..............................] - ETA: 0s - loss: 0.0039 - acc: 1.0000
 440/1390 [========>.....................] - ETA: 0s - loss: 0.0065 - acc: 0.9977
 840/1390 [=================>............] - ETA: 0s - loss: 0.0109 - acc: 0.9964
1320/1390 [===========================>..] - ETA: 0s - loss: 0.0136 - acc: 0.9955
1390/1390 [==============================] - 0s 124us/step - loss: 0.0142 - acc: 0.9950 - val_loss: 0.0855 - val_acc: 0.9828
Epoch 14/30

  20/1390 [..............................] - ETA: 0s - loss: 0.0041 - acc: 1.0000
 480/1390 [=========>....................] - ETA: 0s - loss: 0.0053 - acc: 1.0000
 900/1390 [==================>...........] - ETA: 0s - loss: 0.0054 - acc: 1.0000
1340/1390 [===========================>..] - ETA: 0s - loss: 0.0113 - acc: 0.9970
1390/1390 [==============================] - 0s 121us/step - loss: 0.0110 - acc: 0.9971 - val_loss: 0.1242 - val_acc: 0.9655
Epoch 15/30

  20/1390 [..............................] - ETA: 0s - loss: 3.6260e-04 - acc: 1.0000
 520/1390 [==========>...................] - ETA: 0s - loss: 0.0062 - acc: 0.9962    
 980/1390 [====================>.........] - ETA: 0s - loss: 0.0115 - acc: 0.9959
1390/1390 [==============================] - 0s 110us/step - loss: 0.0134 - acc: 0.9950 - val_loss: 0.1385 - val_acc: 0.9526
Epoch 16/30

  20/1390 [..............................] - ETA: 0s - loss: 8.5367e-04 - acc: 1.0000
 480/1390 [=========>....................] - ETA: 0s - loss: 0.0240 - acc: 0.9958    
 960/1390 [===================>..........] - ETA: 0s - loss: 0.0204 - acc: 0.9937
1390/1390 [==============================] - 0s 111us/step - loss: 0.0180 - acc: 0.9935 - val_loss: 0.1350 - val_acc: 0.9569
Epoch 17/30

  20/1390 [..............................] - ETA: 0s - loss: 0.0036 - acc: 1.0000
 420/1390 [========>.....................] - ETA: 0s - loss: 0.0072 - acc: 1.0000
 860/1390 [=================>............] - ETA: 0s - loss: 0.0145 - acc: 0.9953
1240/1390 [=========================>....] - ETA: 0s - loss: 0.0157 - acc: 0.9952
1390/1390 [==============================] - 0s 135us/step - loss: 0.0144 - acc: 0.9957 - val_loss: 0.1229 - val_acc: 0.9569
Epoch 18/30

  20/1390 [..............................] - ETA: 0s - loss: 0.0012 - acc: 1.0000
 400/1390 [=======>......................] - ETA: 0s - loss: 0.0203 - acc: 0.9925
 840/1390 [=================>............] - ETA: 0s - loss: 0.0129 - acc: 0.9964
1320/1390 [===========================>..] - ETA: 0s - loss: 0.0138 - acc: 0.9955
1390/1390 [==============================] - 0s 127us/step - loss: 0.0132 - acc: 0.9957 - val_loss: 0.1228 - val_acc: 0.9569
Epoch 19/30

  20/1390 [..............................] - ETA: 0s - loss: 0.0023 - acc: 1.0000
 460/1390 [========>.....................] - ETA: 0s - loss: 0.0060 - acc: 1.0000
 900/1390 [==================>...........] - ETA: 0s - loss: 0.0200 - acc: 0.9956
1340/1390 [===========================>..] - ETA: 0s - loss: 0.0187 - acc: 0.9940
1390/1390 [==============================] - 0s 124us/step - loss: 0.0194 - acc: 0.9928 - val_loss: 0.1244 - val_acc: 0.9698
Epoch 20/30

  20/1390 [..............................] - ETA: 0s - loss: 0.0053 - acc: 1.0000
 480/1390 [=========>....................] - ETA: 0s - loss: 0.0155 - acc: 0.9958
 940/1390 [===================>..........] - ETA: 0s - loss: 0.0250 - acc: 0.9926
1390/1390 [==============================] - 0s 113us/step - loss: 0.0196 - acc: 0.9950 - val_loss: 0.1571 - val_acc: 0.9569
acc: 98.28%
Train on 1391 samples, validate on 231 samples
Epoch 1/30

  20/1391 [..............................] - ETA: 54s - loss: 0.7190 - acc: 0.4500
 520/1391 [==========>...................] - ETA: 1s - loss: 0.3368 - acc: 0.8269 
1020/1391 [====================>.........] - ETA: 0s - loss: 0.2196 - acc: 0.8961
1391/1391 [==============================] - 1s 742us/step - loss: 0.1971 - acc: 0.9130 - val_loss: 0.0922 - val_acc: 0.9610
Epoch 2/30

  20/1391 [..............................] - ETA: 0s - loss: 0.0495 - acc: 1.0000
 460/1391 [========>.....................] - ETA: 0s - loss: 0.0952 - acc: 0.9630
 920/1391 [==================>...........] - ETA: 0s - loss: 0.0925 - acc: 0.9674
1380/1391 [============================>.] - ETA: 0s - loss: 0.0841 - acc: 0.9703
1391/1391 [==============================] - 0s 122us/step - loss: 0.0839 - acc: 0.9705 - val_loss: 0.0888 - val_acc: 0.9697
Epoch 3/30

  20/1391 [..............................] - ETA: 0s - loss: 0.4010 - acc: 0.9500
 360/1391 [======>.......................] - ETA: 0s - loss: 0.0574 - acc: 0.9861
 740/1391 [==============>...............] - ETA: 0s - loss: 0.0598 - acc: 0.9811
1140/1391 [=======================>......] - ETA: 0s - loss: 0.0627 - acc: 0.9807
1391/1391 [==============================] - 0s 142us/step - loss: 0.0592 - acc: 0.9835 - val_loss: 0.0797 - val_acc: 0.9697
Epoch 4/30

  20/1391 [..............................] - ETA: 0s - loss: 0.0173 - acc: 1.0000
 440/1391 [========>.....................] - ETA: 0s - loss: 0.0536 - acc: 0.9818
 960/1391 [===================>..........] - ETA: 0s - loss: 0.0541 - acc: 0.9833
1391/1391 [==============================] - 0s 112us/step - loss: 0.0506 - acc: 0.9856 - val_loss: 0.0610 - val_acc: 0.9784
Epoch 5/30

  20/1391 [..............................] - ETA: 0s - loss: 0.0028 - acc: 1.0000
 540/1391 [==========>...................] - ETA: 0s - loss: 0.0402 - acc: 0.9852
1040/1391 [=====================>........] - ETA: 0s - loss: 0.0506 - acc: 0.9837
1391/1391 [==============================] - 0s 108us/step - loss: 0.0516 - acc: 0.9842 - val_loss: 0.0352 - val_acc: 0.9870
Epoch 6/30

  20/1391 [..............................] - ETA: 0s - loss: 0.0167 - acc: 1.0000
 460/1391 [========>.....................] - ETA: 0s - loss: 0.0428 - acc: 0.9913
 900/1391 [==================>...........] - ETA: 0s - loss: 0.0454 - acc: 0.9856
1360/1391 [============================>.] - ETA: 0s - loss: 0.0486 - acc: 0.9868
1391/1391 [==============================] - 0s 118us/step - loss: 0.0485 - acc: 0.9863 - val_loss: 0.0650 - val_acc: 0.9740
Epoch 7/30

  20/1391 [..............................] - ETA: 0s - loss: 0.0186 - acc: 1.0000
 500/1391 [=========>....................] - ETA: 0s - loss: 0.0641 - acc: 0.9800
 940/1391 [===================>..........] - ETA: 0s - loss: 0.0585 - acc: 0.9809
1391/1391 [==============================] - 0s 115us/step - loss: 0.0518 - acc: 0.9813 - val_loss: 0.0313 - val_acc: 0.9957
Epoch 8/30

  20/1391 [..............................] - ETA: 0s - loss: 0.0060 - acc: 1.0000
 540/1391 [==========>...................] - ETA: 0s - loss: 0.0308 - acc: 0.9889
1040/1391 [=====================>........] - ETA: 0s - loss: 0.0408 - acc: 0.9865
1391/1391 [==============================] - 0s 106us/step - loss: 0.0469 - acc: 0.9856 - val_loss: 0.0467 - val_acc: 0.9870
Epoch 9/30

  20/1391 [..............................] - ETA: 0s - loss: 0.0216 - acc: 1.0000
 520/1391 [==========>...................] - ETA: 0s - loss: 0.0413 - acc: 0.9904
1020/1391 [====================>.........] - ETA: 0s - loss: 0.0452 - acc: 0.9892
1391/1391 [==============================] - 0s 113us/step - loss: 0.0372 - acc: 0.9907 - val_loss: 0.0252 - val_acc: 0.9913
Epoch 10/30

  20/1391 [..............................] - ETA: 0s - loss: 0.0045 - acc: 1.0000
 380/1391 [=======>......................] - ETA: 0s - loss: 0.0217 - acc: 0.9947
 780/1391 [===============>..............] - ETA: 0s - loss: 0.0251 - acc: 0.9936
1160/1391 [========================>.....] - ETA: 0s - loss: 0.0389 - acc: 0.9888
1391/1391 [==============================] - 0s 142us/step - loss: 0.0348 - acc: 0.9907 - val_loss: 0.0498 - val_acc: 0.9827
Epoch 11/30

  20/1391 [..............................] - ETA: 0s - loss: 0.0157 - acc: 1.0000
 420/1391 [========>.....................] - ETA: 0s - loss: 0.0198 - acc: 0.9976
 800/1391 [================>.............] - ETA: 0s - loss: 0.0220 - acc: 0.9962
1200/1391 [========================>.....] - ETA: 0s - loss: 0.0182 - acc: 0.9967
1391/1391 [==============================] - 0s 139us/step - loss: 0.0249 - acc: 0.9942 - val_loss: 0.0534 - val_acc: 0.9870
Epoch 12/30

  20/1391 [..............................] - ETA: 0s - loss: 0.0027 - acc: 1.0000
 400/1391 [=======>......................] - ETA: 0s - loss: 0.0121 - acc: 0.9975
 740/1391 [==============>...............] - ETA: 0s - loss: 0.0126 - acc: 0.9959
1120/1391 [=======================>......] - ETA: 0s - loss: 0.0167 - acc: 0.9946
1391/1391 [==============================] - 0s 147us/step - loss: 0.0162 - acc: 0.9950 - val_loss: 0.0708 - val_acc: 0.9784
Epoch 13/30

  20/1391 [..............................] - ETA: 0s - loss: 0.0086 - acc: 1.0000
 400/1391 [=======>......................] - ETA: 0s - loss: 0.0147 - acc: 0.9950
 800/1391 [================>.............] - ETA: 0s - loss: 0.0183 - acc: 0.9950
1200/1391 [========================>.....] - ETA: 0s - loss: 0.0206 - acc: 0.9950
1391/1391 [==============================] - 0s 137us/step - loss: 0.0188 - acc: 0.9957 - val_loss: 0.0806 - val_acc: 0.9784
Epoch 14/30

  20/1391 [..............................] - ETA: 0s - loss: 0.0305 - acc: 1.0000
 400/1391 [=======>......................] - ETA: 0s - loss: 0.0231 - acc: 0.9925
 800/1391 [================>.............] - ETA: 0s - loss: 0.0237 - acc: 0.9925
1200/1391 [========================>.....] - ETA: 0s - loss: 0.0217 - acc: 0.9933
1391/1391 [==============================] - 0s 141us/step - loss: 0.0195 - acc: 0.9942 - val_loss: 0.0641 - val_acc: 0.9827
acc: 99.57%
Train on 1391 samples, validate on 231 samples
Epoch 1/30

  20/1391 [..............................] - ETA: 1:19 - loss: 0.6877 - acc: 0.4500
 400/1391 [=======>......................] - ETA: 2s - loss: 0.3670 - acc: 0.8600  
 800/1391 [================>.............] - ETA: 0s - loss: 0.2119 - acc: 0.9212
1220/1391 [=========================>....] - ETA: 0s - loss: 0.1752 - acc: 0.9344
1391/1391 [==============================] - 1s 1ms/step - loss: 0.1598 - acc: 0.9418 - val_loss: 0.0734 - val_acc: 0.9784
Epoch 2/30

  20/1391 [..............................] - ETA: 0s - loss: 0.0289 - acc: 1.0000
 400/1391 [=======>......................] - ETA: 0s - loss: 0.0385 - acc: 0.9900
 780/1391 [===============>..............] - ETA: 0s - loss: 0.0432 - acc: 0.9872
1140/1391 [=======================>......] - ETA: 0s - loss: 0.0541 - acc: 0.9798
1391/1391 [==============================] - 0s 154us/step - loss: 0.0602 - acc: 0.9784 - val_loss: 0.0694 - val_acc: 0.9784
Epoch 3/30

  20/1391 [..............................] - ETA: 0s - loss: 0.0085 - acc: 1.0000
 340/1391 [======>.......................] - ETA: 0s - loss: 0.0445 - acc: 0.9824
 720/1391 [==============>...............] - ETA: 0s - loss: 0.0459 - acc: 0.9833
1100/1391 [======================>.......] - ETA: 0s - loss: 0.0554 - acc: 0.9800
1391/1391 [==============================] - 0s 148us/step - loss: 0.0609 - acc: 0.9792 - val_loss: 0.1094 - val_acc: 0.9654
Epoch 4/30

  20/1391 [..............................] - ETA: 0s - loss: 0.0781 - acc: 1.0000
 400/1391 [=======>......................] - ETA: 0s - loss: 0.0331 - acc: 0.9900
 760/1391 [===============>..............] - ETA: 0s - loss: 0.0385 - acc: 0.9842
1140/1391 [=======================>......] - ETA: 0s - loss: 0.0529 - acc: 0.9807
1391/1391 [==============================] - 0s 142us/step - loss: 0.0538 - acc: 0.9813 - val_loss: 0.1031 - val_acc: 0.9610
Epoch 5/30

  20/1391 [..............................] - ETA: 0s - loss: 0.0885 - acc: 0.9500
 360/1391 [======>.......................] - ETA: 0s - loss: 0.0407 - acc: 0.9833
 740/1391 [==============>...............] - ETA: 0s - loss: 0.0375 - acc: 0.9878
1120/1391 [=======================>......] - ETA: 0s - loss: 0.0365 - acc: 0.9893
1391/1391 [==============================] - 0s 144us/step - loss: 0.0349 - acc: 0.9907 - val_loss: 0.0774 - val_acc: 0.9697
Epoch 6/30

  20/1391 [..............................] - ETA: 0s - loss: 0.1185 - acc: 0.9500
 400/1391 [=======>......................] - ETA: 0s - loss: 0.0162 - acc: 0.9950
 780/1391 [===============>..............] - ETA: 0s - loss: 0.0255 - acc: 0.9923
1160/1391 [========================>.....] - ETA: 0s - loss: 0.0288 - acc: 0.9922
1391/1391 [==============================] - 0s 144us/step - loss: 0.0271 - acc: 0.9921 - val_loss: 0.1129 - val_acc: 0.9784
Epoch 7/30

  20/1391 [..............................] - ETA: 0s - loss: 0.0017 - acc: 1.0000
 360/1391 [======>.......................] - ETA: 0s - loss: 0.0247 - acc: 0.9917
 720/1391 [==============>...............] - ETA: 0s - loss: 0.0222 - acc: 0.9917
1120/1391 [=======================>......] - ETA: 0s - loss: 0.0267 - acc: 0.9911
1391/1391 [==============================] - 0s 144us/step - loss: 0.0241 - acc: 0.9921 - val_loss: 0.0999 - val_acc: 0.9827
Epoch 8/30

  20/1391 [..............................] - ETA: 0s - loss: 0.0172 - acc: 1.0000
 420/1391 [========>.....................] - ETA: 0s - loss: 0.0049 - acc: 1.0000
 800/1391 [================>.............] - ETA: 0s - loss: 0.0095 - acc: 0.9975
1180/1391 [========================>.....] - ETA: 0s - loss: 0.0139 - acc: 0.9958
1391/1391 [==============================] - 0s 141us/step - loss: 0.0149 - acc: 0.9957 - val_loss: 0.1166 - val_acc: 0.9697
Epoch 9/30

  20/1391 [..............................] - ETA: 0s - loss: 0.0010 - acc: 1.0000
 400/1391 [=======>......................] - ETA: 0s - loss: 0.0160 - acc: 0.9950
 780/1391 [===============>..............] - ETA: 0s - loss: 0.0113 - acc: 0.9962
1140/1391 [=======================>......] - ETA: 0s - loss: 0.0106 - acc: 0.9965
1391/1391 [==============================] - 0s 142us/step - loss: 0.0097 - acc: 0.9971 - val_loss: 0.1168 - val_acc: 0.9654
Epoch 10/30

  20/1391 [..............................] - ETA: 0s - loss: 0.0011 - acc: 1.0000
 420/1391 [========>.....................] - ETA: 0s - loss: 0.0141 - acc: 0.9976
 800/1391 [================>.............] - ETA: 0s - loss: 0.0145 - acc: 0.9962
1180/1391 [========================>.....] - ETA: 0s - loss: 0.0108 - acc: 0.9975
1391/1391 [==============================] - 0s 141us/step - loss: 0.0096 - acc: 0.9978 - val_loss: 0.1346 - val_acc: 0.9697
Epoch 11/30

  20/1391 [..............................] - ETA: 0s - loss: 0.0015 - acc: 1.0000
 380/1391 [=======>......................] - ETA: 0s - loss: 0.0119 - acc: 0.9974
 700/1391 [==============>...............] - ETA: 0s - loss: 0.0070 - acc: 0.9986
1040/1391 [=====================>........] - ETA: 0s - loss: 0.0066 - acc: 0.9990
1360/1391 [============================>.] - ETA: 0s - loss: 0.0064 - acc: 0.9985
1391/1391 [==============================] - 0s 161us/step - loss: 0.0062 - acc: 0.9986 - val_loss: 0.1359 - val_acc: 0.9697
Epoch 12/30

  20/1391 [..............................] - ETA: 0s - loss: 6.0603e-04 - acc: 1.0000
 380/1391 [=======>......................] - ETA: 0s - loss: 0.0030 - acc: 1.0000    
 760/1391 [===============>..............] - ETA: 0s - loss: 0.0090 - acc: 0.9987
1100/1391 [======================>.......] - ETA: 0s - loss: 0.0069 - acc: 0.9991
1391/1391 [==============================] - 0s 147us/step - loss: 0.0059 - acc: 0.9993 - val_loss: 0.1366 - val_acc: 0.9697
Epoch 13/30

  20/1391 [..............................] - ETA: 0s - loss: 4.3330e-04 - acc: 1.0000
 400/1391 [=======>......................] - ETA: 0s - loss: 0.0022 - acc: 1.0000    
 740/1391 [==============>...............] - ETA: 0s - loss: 0.0025 - acc: 1.0000
1100/1391 [======================>.......] - ETA: 0s - loss: 0.0066 - acc: 0.9991
1391/1391 [==============================] - 0s 147us/step - loss: 0.0059 - acc: 0.9993 - val_loss: 0.1135 - val_acc: 0.9740
Epoch 14/30

  20/1391 [..............................] - ETA: 0s - loss: 0.0022 - acc: 1.0000
 420/1391 [========>.....................] - ETA: 0s - loss: 0.0107 - acc: 0.9976
 780/1391 [===============>..............] - ETA: 0s - loss: 0.0069 - acc: 0.9987
1160/1391 [========================>.....] - ETA: 0s - loss: 0.0064 - acc: 0.9991
1391/1391 [==============================] - 0s 139us/step - loss: 0.0114 - acc: 0.9986 - val_loss: 0.1228 - val_acc: 0.9827
acc: 98.27%
Train on 1391 samples, validate on 231 samples
Epoch 1/30

  20/1391 [..............................] - ETA: 1:10 - loss: 0.6654 - acc: 0.5500
 500/1391 [=========>....................] - ETA: 1s - loss: 0.3302 - acc: 0.8660  
1000/1391 [====================>.........] - ETA: 0s - loss: 0.2156 - acc: 0.9190
1391/1391 [==============================] - 1s 943us/step - loss: 0.1982 - acc: 0.9252 - val_loss: 0.1131 - val_acc: 0.9567
Epoch 2/30

  20/1391 [..............................] - ETA: 0s - loss: 0.4934 - acc: 0.8000
 440/1391 [========>.....................] - ETA: 0s - loss: 0.0696 - acc: 0.9864
 840/1391 [=================>............] - ETA: 0s - loss: 0.0711 - acc: 0.9810
1300/1391 [===========================>..] - ETA: 0s - loss: 0.0645 - acc: 0.9800
1391/1391 [==============================] - 0s 123us/step - loss: 0.0664 - acc: 0.9806 - val_loss: 0.1347 - val_acc: 0.9524
Epoch 3/30

  20/1391 [..............................] - ETA: 0s - loss: 0.0149 - acc: 1.0000
 420/1391 [========>.....................] - ETA: 0s - loss: 0.0469 - acc: 0.9857
 840/1391 [=================>............] - ETA: 0s - loss: 0.0601 - acc: 0.9798
1260/1391 [==========================>...] - ETA: 0s - loss: 0.0566 - acc: 0.9817
1391/1391 [==============================] - 0s 133us/step - loss: 0.0588 - acc: 0.9799 - val_loss: 0.1520 - val_acc: 0.9567
Epoch 4/30

  20/1391 [..............................] - ETA: 0s - loss: 0.0222 - acc: 1.0000
 400/1391 [=======>......................] - ETA: 0s - loss: 0.0498 - acc: 0.9875
 860/1391 [=================>............] - ETA: 0s - loss: 0.0464 - acc: 0.9860
1280/1391 [==========================>...] - ETA: 0s - loss: 0.0410 - acc: 0.9867
1391/1391 [==============================] - 0s 131us/step - loss: 0.0410 - acc: 0.9856 - val_loss: 0.1103 - val_acc: 0.9610
Epoch 5/30

  20/1391 [..............................] - ETA: 0s - loss: 0.0024 - acc: 1.0000
 440/1391 [========>.....................] - ETA: 0s - loss: 0.0387 - acc: 0.9909
 840/1391 [=================>............] - ETA: 0s - loss: 0.0402 - acc: 0.9881
1200/1391 [========================>.....] - ETA: 0s - loss: 0.0394 - acc: 0.9883
1391/1391 [==============================] - 0s 136us/step - loss: 0.0378 - acc: 0.9885 - val_loss: 0.1393 - val_acc: 0.9567
Epoch 6/30

  20/1391 [..............................] - ETA: 0s - loss: 0.0155 - acc: 1.0000
 480/1391 [=========>....................] - ETA: 0s - loss: 0.0413 - acc: 0.9917
 940/1391 [===================>..........] - ETA: 0s - loss: 0.0367 - acc: 0.9904
1391/1391 [==============================] - 0s 115us/step - loss: 0.0366 - acc: 0.9892 - val_loss: 0.1378 - val_acc: 0.9610
Epoch 7/30

  20/1391 [..............................] - ETA: 0s - loss: 0.0115 - acc: 1.0000
 500/1391 [=========>....................] - ETA: 0s - loss: 0.0183 - acc: 0.9960
 940/1391 [===================>..........] - ETA: 0s - loss: 0.0198 - acc: 0.9957
1391/1391 [==============================] - 0s 116us/step - loss: 0.0351 - acc: 0.9899 - val_loss: 0.1026 - val_acc: 0.9697
Epoch 8/30

  20/1391 [..............................] - ETA: 0s - loss: 0.0106 - acc: 1.0000
 500/1391 [=========>....................] - ETA: 0s - loss: 0.0332 - acc: 0.9920
 940/1391 [===================>..........] - ETA: 0s - loss: 0.0320 - acc: 0.9894
1360/1391 [============================>.] - ETA: 0s - loss: 0.0403 - acc: 0.9875
1391/1391 [==============================] - 0s 120us/step - loss: 0.0403 - acc: 0.9871 - val_loss: 0.1508 - val_acc: 0.9610
Epoch 9/30

  20/1391 [..............................] - ETA: 0s - loss: 0.1671 - acc: 0.9500
 380/1391 [=======>......................] - ETA: 0s - loss: 0.0309 - acc: 0.9868
 780/1391 [===============>..............] - ETA: 0s - loss: 0.0456 - acc: 0.9833
1140/1391 [=======================>......] - ETA: 0s - loss: 0.0471 - acc: 0.9798
1391/1391 [==============================] - 0s 140us/step - loss: 0.0558 - acc: 0.9763 - val_loss: 0.2482 - val_acc: 0.9394
Epoch 10/30

  20/1391 [..............................] - ETA: 0s - loss: 0.1648 - acc: 0.9500
 460/1391 [========>.....................] - ETA: 0s - loss: 0.0525 - acc: 0.9804
 840/1391 [=================>............] - ETA: 0s - loss: 0.0658 - acc: 0.9774
1300/1391 [===========================>..] - ETA: 0s - loss: 0.0618 - acc: 0.9785
1391/1391 [==============================] - 0s 122us/step - loss: 0.0615 - acc: 0.9792 - val_loss: 0.0957 - val_acc: 0.9784
Epoch 11/30

  20/1391 [..............................] - ETA: 0s - loss: 0.0150 - acc: 1.0000
 460/1391 [========>.....................] - ETA: 0s - loss: 0.0395 - acc: 0.9848
 900/1391 [==================>...........] - ETA: 0s - loss: 0.0386 - acc: 0.9844
1300/1391 [===========================>..] - ETA: 0s - loss: 0.0409 - acc: 0.9838
1391/1391 [==============================] - 0s 128us/step - loss: 0.0402 - acc: 0.9842 - val_loss: 0.0922 - val_acc: 0.9740
Epoch 12/30

  20/1391 [..............................] - ETA: 0s - loss: 0.0102 - acc: 1.0000
 420/1391 [========>.....................] - ETA: 0s - loss: 0.0507 - acc: 0.9833
 800/1391 [================>.............] - ETA: 0s - loss: 0.0382 - acc: 0.9875
1160/1391 [========================>.....] - ETA: 0s - loss: 0.0351 - acc: 0.9897
1391/1391 [==============================] - 0s 147us/step - loss: 0.0324 - acc: 0.9907 - val_loss: 0.1003 - val_acc: 0.9697
Epoch 13/30

  20/1391 [..............................] - ETA: 0s - loss: 0.0593 - acc: 0.9500
 440/1391 [========>.....................] - ETA: 0s - loss: 0.0273 - acc: 0.9932
 820/1391 [================>.............] - ETA: 0s - loss: 0.0229 - acc: 0.9951
1240/1391 [=========================>....] - ETA: 0s - loss: 0.0206 - acc: 0.9944
1391/1391 [==============================] - 0s 135us/step - loss: 0.0291 - acc: 0.9928 - val_loss: 0.1089 - val_acc: 0.9740
Epoch 14/30

  20/1391 [..............................] - ETA: 0s - loss: 0.0033 - acc: 1.0000
 440/1391 [========>.....................] - ETA: 0s - loss: 0.0197 - acc: 0.9977
 880/1391 [=================>............] - ETA: 0s - loss: 0.0179 - acc: 0.9966
1260/1391 [==========================>...] - ETA: 0s - loss: 0.0187 - acc: 0.9952
1391/1391 [==============================] - 0s 129us/step - loss: 0.0194 - acc: 0.9950 - val_loss: 0.0967 - val_acc: 0.9784
Epoch 15/30

  20/1391 [..............................] - ETA: 0s - loss: 0.0085 - acc: 1.0000
 480/1391 [=========>....................] - ETA: 0s - loss: 0.0216 - acc: 0.9958
 900/1391 [==================>...........] - ETA: 0s - loss: 0.0158 - acc: 0.9978
1340/1391 [===========================>..] - ETA: 0s - loss: 0.0195 - acc: 0.9955
1391/1391 [==============================] - 0s 123us/step - loss: 0.0194 - acc: 0.9957 - val_loss: 0.1148 - val_acc: 0.9784
Epoch 16/30

  20/1391 [..............................] - ETA: 0s - loss: 5.0643e-04 - acc: 1.0000
 400/1391 [=======>......................] - ETA: 0s - loss: 0.0093 - acc: 0.9975    
 820/1391 [================>.............] - ETA: 0s - loss: 0.0219 - acc: 0.9951
1240/1391 [=========================>....] - ETA: 0s - loss: 0.0231 - acc: 0.9944
1391/1391 [==============================] - 0s 129us/step - loss: 0.0222 - acc: 0.9942 - val_loss: 0.0914 - val_acc: 0.9827
Epoch 17/30

  20/1391 [..............................] - ETA: 0s - loss: 0.0058 - acc: 1.0000
 520/1391 [==========>...................] - ETA: 0s - loss: 0.0113 - acc: 0.9981
1020/1391 [====================>.........] - ETA: 0s - loss: 0.0238 - acc: 0.9951
1391/1391 [==============================] - 0s 109us/step - loss: 0.0248 - acc: 0.9950 - val_loss: 0.1181 - val_acc: 0.9784
Epoch 18/30

  20/1391 [..............................] - ETA: 0s - loss: 0.1104 - acc: 0.9500
 480/1391 [=========>....................] - ETA: 0s - loss: 0.0089 - acc: 0.9979
 880/1391 [=================>............] - ETA: 0s - loss: 0.0141 - acc: 0.9977
1300/1391 [===========================>..] - ETA: 0s - loss: 0.0189 - acc: 0.9969
1391/1391 [==============================] - 0s 125us/step - loss: 0.0181 - acc: 0.9971 - val_loss: 0.1089 - val_acc: 0.9697
Epoch 19/30

  20/1391 [..............................] - ETA: 0s - loss: 0.0048 - acc: 1.0000
 520/1391 [==========>...................] - ETA: 0s - loss: 0.0242 - acc: 0.9923
1000/1391 [====================>.........] - ETA: 0s - loss: 0.0171 - acc: 0.9960
1360/1391 [============================>.] - ETA: 0s - loss: 0.0133 - acc: 0.9971
1391/1391 [==============================] - 0s 122us/step - loss: 0.0130 - acc: 0.9971 - val_loss: 0.1045 - val_acc: 0.9740
Epoch 20/30

  20/1391 [..............................] - ETA: 0s - loss: 0.0033 - acc: 1.0000
 420/1391 [========>.....................] - ETA: 0s - loss: 0.0120 - acc: 0.9976
 800/1391 [================>.............] - ETA: 0s - loss: 0.0128 - acc: 0.9975
1160/1391 [========================>.....] - ETA: 0s - loss: 0.0136 - acc: 0.9966
1391/1391 [==============================] - 0s 143us/step - loss: 0.0120 - acc: 0.9971 - val_loss: 0.1091 - val_acc: 0.9740
Epoch 21/30

  20/1391 [..............................] - ETA: 0s - loss: 0.0022 - acc: 1.0000
 500/1391 [=========>....................] - ETA: 0s - loss: 0.0161 - acc: 0.9960
1000/1391 [====================>.........] - ETA: 0s - loss: 0.0124 - acc: 0.9970
1391/1391 [==============================] - 0s 110us/step - loss: 0.0109 - acc: 0.9971 - val_loss: 0.1032 - val_acc: 0.9740
Epoch 22/30

  20/1391 [..............................] - ETA: 0s - loss: 0.0028 - acc: 1.0000
 520/1391 [==========>...................] - ETA: 0s - loss: 0.0114 - acc: 0.9962
1000/1391 [====================>.........] - ETA: 0s - loss: 0.0143 - acc: 0.9970
1391/1391 [==============================] - 0s 113us/step - loss: 0.0113 - acc: 0.9978 - val_loss: 0.0913 - val_acc: 0.9784
Epoch 23/30

  20/1391 [..............................] - ETA: 0s - loss: 0.0019 - acc: 1.0000
 500/1391 [=========>....................] - ETA: 0s - loss: 0.0015 - acc: 1.0000
 940/1391 [===================>..........] - ETA: 0s - loss: 0.0038 - acc: 0.9989
1391/1391 [==============================] - 0s 117us/step - loss: 0.0124 - acc: 0.9957 - val_loss: 0.1253 - val_acc: 0.9697
acc: 98.27%
Train on 1391 samples, validate on 231 samples
Epoch 1/30

  20/1391 [..............................] - ETA: 1:37 - loss: 0.6839 - acc: 0.5000
 400/1391 [=======>......................] - ETA: 3s - loss: 0.3529 - acc: 0.8300  
 800/1391 [================>.............] - ETA: 1s - loss: 0.2435 - acc: 0.8887
1180/1391 [========================>.....] - ETA: 0s - loss: 0.1993 - acc: 0.9127
1391/1391 [==============================] - 2s 1ms/step - loss: 0.1913 - acc: 0.9152 - val_loss: 0.0720 - val_acc: 0.9827
Epoch 2/30

  20/1391 [..............................] - ETA: 0s - loss: 0.0360 - acc: 1.0000
 400/1391 [=======>......................] - ETA: 0s - loss: 0.0719 - acc: 0.9750
 780/1391 [===============>..............] - ETA: 0s - loss: 0.0710 - acc: 0.9769
1180/1391 [========================>.....] - ETA: 0s - loss: 0.0783 - acc: 0.9754
1391/1391 [==============================] - 0s 144us/step - loss: 0.0758 - acc: 0.9770 - val_loss: 0.0540 - val_acc: 0.9913
Epoch 3/30

  20/1391 [..............................] - ETA: 0s - loss: 0.0088 - acc: 1.0000
 400/1391 [=======>......................] - ETA: 0s - loss: 0.0570 - acc: 0.9825
 780/1391 [===============>..............] - ETA: 0s - loss: 0.0526 - acc: 0.9846
1140/1391 [=======================>......] - ETA: 0s - loss: 0.0602 - acc: 0.9798
1391/1391 [==============================] - 0s 144us/step - loss: 0.0616 - acc: 0.9792 - val_loss: 0.0578 - val_acc: 0.9784
Epoch 4/30

  20/1391 [..............................] - ETA: 0s - loss: 0.0220 - acc: 1.0000
 380/1391 [=======>......................] - ETA: 0s - loss: 0.0706 - acc: 0.9737
 740/1391 [==============>...............] - ETA: 0s - loss: 0.0669 - acc: 0.9770
1140/1391 [=======================>......] - ETA: 0s - loss: 0.0652 - acc: 0.9789
1391/1391 [==============================] - 0s 145us/step - loss: 0.0637 - acc: 0.9806 - val_loss: 0.0418 - val_acc: 0.9827
Epoch 5/30

  20/1391 [..............................] - ETA: 0s - loss: 0.0538 - acc: 0.9500
 380/1391 [=======>......................] - ETA: 0s - loss: 0.0607 - acc: 0.9816
 760/1391 [===============>..............] - ETA: 0s - loss: 0.0793 - acc: 0.9737
1120/1391 [=======================>......] - ETA: 0s - loss: 0.0678 - acc: 0.9777
1391/1391 [==============================] - 0s 149us/step - loss: 0.0615 - acc: 0.9799 - val_loss: 0.0553 - val_acc: 0.9870
Epoch 6/30

  20/1391 [..............................] - ETA: 0s - loss: 0.0037 - acc: 1.0000
 360/1391 [======>.......................] - ETA: 0s - loss: 0.0351 - acc: 0.9806
 700/1391 [==============>...............] - ETA: 0s - loss: 0.0473 - acc: 0.9843
1080/1391 [======================>.......] - ETA: 0s - loss: 0.0506 - acc: 0.9833
1391/1391 [==============================] - 0s 149us/step - loss: 0.0574 - acc: 0.9806 - val_loss: 0.0543 - val_acc: 0.9827
Epoch 7/30

  20/1391 [..............................] - ETA: 0s - loss: 0.0120 - acc: 1.0000
 420/1391 [========>.....................] - ETA: 0s - loss: 0.0354 - acc: 0.9905
 800/1391 [================>.............] - ETA: 0s - loss: 0.0375 - acc: 0.9912
1160/1391 [========================>.....] - ETA: 0s - loss: 0.0410 - acc: 0.9888
1391/1391 [==============================] - 0s 150us/step - loss: 0.0391 - acc: 0.9892 - val_loss: 0.0878 - val_acc: 0.9654
Epoch 8/30

  20/1391 [..............................] - ETA: 0s - loss: 0.0281 - acc: 1.0000
 320/1391 [=====>........................] - ETA: 0s - loss: 0.0318 - acc: 0.9937
 720/1391 [==============>...............] - ETA: 0s - loss: 0.0318 - acc: 0.9931
1100/1391 [======================>.......] - ETA: 0s - loss: 0.0317 - acc: 0.9918
1391/1391 [==============================] - 0s 148us/step - loss: 0.0317 - acc: 0.9899 - val_loss: 0.0425 - val_acc: 0.9784
Epoch 9/30

  20/1391 [..............................] - ETA: 0s - loss: 0.0033 - acc: 1.0000
 400/1391 [=======>......................] - ETA: 0s - loss: 0.0134 - acc: 0.9975
 780/1391 [===============>..............] - ETA: 0s - loss: 0.0211 - acc: 0.9949
1180/1391 [========================>.....] - ETA: 0s - loss: 0.0211 - acc: 0.9949
1391/1391 [==============================] - 0s 141us/step - loss: 0.0217 - acc: 0.9942 - val_loss: 0.0379 - val_acc: 0.9870
acc: 99.13%
Accuracy: 98.28% (+/- 0.83%)
