Train on 1459 samples, validate on 163 samples
Epoch 1/30

  10/1459 [..............................] - ETA: 1:20 - loss: 0.6953 - acc: 0.7000
 280/1459 [====>.........................] - ETA: 2s - loss: 0.4980 - acc: 0.7821  
 550/1459 [==========>...................] - ETA: 1s - loss: 0.3597 - acc: 0.8582
 780/1459 [===============>..............] - ETA: 0s - loss: 0.3003 - acc: 0.8808
1010/1459 [===================>..........] - ETA: 0s - loss: 0.2584 - acc: 0.8970
1210/1459 [=======================>......] - ETA: 0s - loss: 0.2392 - acc: 0.9083
1430/1459 [============================>.] - ETA: 0s - loss: 0.2203 - acc: 0.9147
1459/1459 [==============================] - 1s 647us/step - loss: 0.2179 - acc: 0.9157 - val_loss: 0.1852 - val_acc: 0.9509
Epoch 2/30

  10/1459 [..............................] - ETA: 0s - loss: 0.0210 - acc: 1.0000
 230/1459 [===>..........................] - ETA: 0s - loss: 0.0826 - acc: 0.9783
 440/1459 [========>.....................] - ETA: 0s - loss: 0.0878 - acc: 0.9773
 660/1459 [============>.................] - ETA: 0s - loss: 0.1030 - acc: 0.9682
 870/1459 [================>.............] - ETA: 0s - loss: 0.1115 - acc: 0.9644
1090/1459 [=====================>........] - ETA: 0s - loss: 0.1052 - acc: 0.9670
1310/1459 [=========================>....] - ETA: 0s - loss: 0.1037 - acc: 0.9679
1459/1459 [==============================] - 0s 243us/step - loss: 0.1062 - acc: 0.9657 - val_loss: 0.1348 - val_acc: 0.9448
Epoch 3/30

  10/1459 [..............................] - ETA: 0s - loss: 0.0127 - acc: 1.0000
 230/1459 [===>..........................] - ETA: 0s - loss: 0.1225 - acc: 0.9652
 440/1459 [========>.....................] - ETA: 0s - loss: 0.0963 - acc: 0.9750
 660/1459 [============>.................] - ETA: 0s - loss: 0.1108 - acc: 0.9682
 890/1459 [=================>............] - ETA: 0s - loss: 0.1101 - acc: 0.9652
1090/1459 [=====================>........] - ETA: 0s - loss: 0.1055 - acc: 0.9651
1300/1459 [=========================>....] - ETA: 0s - loss: 0.0997 - acc: 0.9654
1459/1459 [==============================] - 0s 243us/step - loss: 0.0962 - acc: 0.9657 - val_loss: 0.1527 - val_acc: 0.9387
Epoch 4/30

  10/1459 [..............................] - ETA: 0s - loss: 0.0417 - acc: 1.0000
 220/1459 [===>..........................] - ETA: 0s - loss: 0.0567 - acc: 0.9818
 440/1459 [========>.....................] - ETA: 0s - loss: 0.0726 - acc: 0.9795
 650/1459 [============>.................] - ETA: 0s - loss: 0.0732 - acc: 0.9785
 850/1459 [================>.............] - ETA: 0s - loss: 0.0673 - acc: 0.9800
1060/1459 [====================>.........] - ETA: 0s - loss: 0.0645 - acc: 0.9792
1270/1459 [=========================>....] - ETA: 0s - loss: 0.0676 - acc: 0.9772
1459/1459 [==============================] - 0s 247us/step - loss: 0.0728 - acc: 0.9753 - val_loss: 0.1332 - val_acc: 0.9632
Epoch 5/30

  10/1459 [..............................] - ETA: 0s - loss: 0.0189 - acc: 1.0000
 230/1459 [===>..........................] - ETA: 0s - loss: 0.0561 - acc: 0.9870
 450/1459 [========>.....................] - ETA: 0s - loss: 0.0396 - acc: 0.9889
 670/1459 [============>.................] - ETA: 0s - loss: 0.0531 - acc: 0.9851
 900/1459 [=================>............] - ETA: 0s - loss: 0.0514 - acc: 0.9856
1130/1459 [======================>.......] - ETA: 0s - loss: 0.0513 - acc: 0.9850
1360/1459 [==========================>...] - ETA: 0s - loss: 0.0557 - acc: 0.9816
1459/1459 [==============================] - 0s 237us/step - loss: 0.0545 - acc: 0.9822 - val_loss: 0.1183 - val_acc: 0.9632
Epoch 6/30

  10/1459 [..............................] - ETA: 0s - loss: 0.0046 - acc: 1.0000
 220/1459 [===>..........................] - ETA: 0s - loss: 0.0817 - acc: 0.9773
 440/1459 [========>.....................] - ETA: 0s - loss: 0.0607 - acc: 0.9864
 650/1459 [============>.................] - ETA: 0s - loss: 0.0463 - acc: 0.9892
 860/1459 [================>.............] - ETA: 0s - loss: 0.0611 - acc: 0.9814
1080/1459 [=====================>........] - ETA: 0s - loss: 0.0642 - acc: 0.9796
1300/1459 [=========================>....] - ETA: 0s - loss: 0.0598 - acc: 0.9808
1459/1459 [==============================] - 0s 246us/step - loss: 0.0638 - acc: 0.9801 - val_loss: 0.1768 - val_acc: 0.9325
Epoch 7/30

  10/1459 [..............................] - ETA: 0s - loss: 0.0631 - acc: 1.0000
 230/1459 [===>..........................] - ETA: 0s - loss: 0.0534 - acc: 0.9783
 450/1459 [========>.....................] - ETA: 0s - loss: 0.0364 - acc: 0.9889
 660/1459 [============>.................] - ETA: 0s - loss: 0.0523 - acc: 0.9803
 870/1459 [================>.............] - ETA: 0s - loss: 0.0662 - acc: 0.9793
1080/1459 [=====================>........] - ETA: 0s - loss: 0.0737 - acc: 0.9759
1290/1459 [=========================>....] - ETA: 0s - loss: 0.0675 - acc: 0.9767
1459/1459 [==============================] - 0s 244us/step - loss: 0.0681 - acc: 0.9767 - val_loss: 0.1460 - val_acc: 0.9509
Epoch 8/30

  10/1459 [..............................] - ETA: 0s - loss: 0.0682 - acc: 1.0000
 230/1459 [===>..........................] - ETA: 0s - loss: 0.0908 - acc: 0.9696
 430/1459 [=======>......................] - ETA: 0s - loss: 0.0754 - acc: 0.9744
 650/1459 [============>.................] - ETA: 0s - loss: 0.0884 - acc: 0.9692
 860/1459 [================>.............] - ETA: 0s - loss: 0.0814 - acc: 0.9721
1080/1459 [=====================>........] - ETA: 0s - loss: 0.0785 - acc: 0.9750
1290/1459 [=========================>....] - ETA: 0s - loss: 0.0747 - acc: 0.9760
1459/1459 [==============================] - 0s 246us/step - loss: 0.0766 - acc: 0.9760 - val_loss: 0.2700 - val_acc: 0.9080
Epoch 9/30

  10/1459 [..............................] - ETA: 0s - loss: 0.1232 - acc: 1.0000
 230/1459 [===>..........................] - ETA: 0s - loss: 0.0989 - acc: 0.9696
 450/1459 [========>.....................] - ETA: 0s - loss: 0.0784 - acc: 0.9756
 670/1459 [============>.................] - ETA: 0s - loss: 0.0843 - acc: 0.9716
 890/1459 [=================>............] - ETA: 0s - loss: 0.0854 - acc: 0.9685
1110/1459 [=====================>........] - ETA: 0s - loss: 0.0811 - acc: 0.9667
1320/1459 [==========================>...] - ETA: 0s - loss: 0.0931 - acc: 0.9636
1459/1459 [==============================] - 0s 242us/step - loss: 0.0888 - acc: 0.9657 - val_loss: 0.1252 - val_acc: 0.9632
Epoch 10/30

  10/1459 [..............................] - ETA: 0s - loss: 0.0924 - acc: 0.9000
 210/1459 [===>..........................] - ETA: 0s - loss: 0.0306 - acc: 0.9952
 420/1459 [=======>......................] - ETA: 0s - loss: 0.0677 - acc: 0.9810
 630/1459 [===========>..................] - ETA: 0s - loss: 0.0716 - acc: 0.9762
 840/1459 [================>.............] - ETA: 0s - loss: 0.0686 - acc: 0.9774
1050/1459 [====================>.........] - ETA: 0s - loss: 0.0699 - acc: 0.9762
1270/1459 [=========================>....] - ETA: 0s - loss: 0.0728 - acc: 0.9732
1459/1459 [==============================] - 0s 249us/step - loss: 0.0723 - acc: 0.9746 - val_loss: 0.2167 - val_acc: 0.9448
Epoch 11/30

  10/1459 [..............................] - ETA: 0s - loss: 0.0113 - acc: 1.0000
 220/1459 [===>..........................] - ETA: 0s - loss: 0.0521 - acc: 0.9818
 450/1459 [========>.....................] - ETA: 0s - loss: 0.0580 - acc: 0.9800
 650/1459 [============>.................] - ETA: 0s - loss: 0.0549 - acc: 0.9831
 880/1459 [=================>............] - ETA: 0s - loss: 0.0576 - acc: 0.9807
1090/1459 [=====================>........] - ETA: 0s - loss: 0.0699 - acc: 0.9771
1310/1459 [=========================>....] - ETA: 0s - loss: 0.0703 - acc: 0.9771
1459/1459 [==============================] - 0s 245us/step - loss: 0.0729 - acc: 0.9760 - val_loss: 0.2813 - val_acc: 0.9264
acc: 96.32%
Train on 1459 samples, validate on 163 samples
Epoch 1/30

  10/1459 [..............................] - ETA: 1:56 - loss: 0.6744 - acc: 0.5000
 220/1459 [===>..........................] - ETA: 4s - loss: 0.4182 - acc: 0.8045  
 430/1459 [=======>......................] - ETA: 2s - loss: 0.3142 - acc: 0.8721
 650/1459 [============>.................] - ETA: 1s - loss: 0.2374 - acc: 0.9092
 880/1459 [=================>............] - ETA: 0s - loss: 0.1956 - acc: 0.9273
1100/1459 [=====================>........] - ETA: 0s - loss: 0.1883 - acc: 0.9273
1320/1459 [==========================>...] - ETA: 0s - loss: 0.1780 - acc: 0.9318
1459/1459 [==============================] - 1s 850us/step - loss: 0.1764 - acc: 0.9356 - val_loss: 0.1593 - val_acc: 0.9509
Epoch 2/30

  10/1459 [..............................] - ETA: 0s - loss: 0.0162 - acc: 1.0000
 230/1459 [===>..........................] - ETA: 0s - loss: 0.0782 - acc: 0.9870
 430/1459 [=======>......................] - ETA: 0s - loss: 0.0722 - acc: 0.9814
 640/1459 [============>.................] - ETA: 0s - loss: 0.1018 - acc: 0.9703
 850/1459 [================>.............] - ETA: 0s - loss: 0.0999 - acc: 0.9706
1060/1459 [====================>.........] - ETA: 0s - loss: 0.0959 - acc: 0.9717
1270/1459 [=========================>....] - ETA: 0s - loss: 0.0939 - acc: 0.9701
1459/1459 [==============================] - 0s 254us/step - loss: 0.0979 - acc: 0.9678 - val_loss: 0.1677 - val_acc: 0.9632
Epoch 3/30

  10/1459 [..............................] - ETA: 0s - loss: 0.0241 - acc: 1.0000
 220/1459 [===>..........................] - ETA: 0s - loss: 0.0754 - acc: 0.9864
 430/1459 [=======>......................] - ETA: 0s - loss: 0.0647 - acc: 0.9814
 650/1459 [============>.................] - ETA: 0s - loss: 0.0720 - acc: 0.9754
 880/1459 [=================>............] - ETA: 0s - loss: 0.0774 - acc: 0.9705
1150/1459 [======================>.......] - ETA: 0s - loss: 0.0810 - acc: 0.9696
1410/1459 [===========================>..] - ETA: 0s - loss: 0.0966 - acc: 0.9652
1459/1459 [==============================] - 0s 224us/step - loss: 0.0983 - acc: 0.9657 - val_loss: 0.1599 - val_acc: 0.9448
Epoch 4/30

  10/1459 [..............................] - ETA: 0s - loss: 0.0819 - acc: 1.0000
 280/1459 [====>.........................] - ETA: 0s - loss: 0.1505 - acc: 0.9571
 530/1459 [=========>....................] - ETA: 0s - loss: 0.1386 - acc: 0.9547
 790/1459 [===============>..............] - ETA: 0s - loss: 0.1169 - acc: 0.9633
1040/1459 [====================>.........] - ETA: 0s - loss: 0.1033 - acc: 0.9673
1300/1459 [=========================>....] - ETA: 0s - loss: 0.0995 - acc: 0.9669
1459/1459 [==============================] - 0s 203us/step - loss: 0.0957 - acc: 0.9685 - val_loss: 0.2676 - val_acc: 0.9387
Epoch 5/30

  10/1459 [..............................] - ETA: 0s - loss: 0.0036 - acc: 1.0000
 260/1459 [====>.........................] - ETA: 0s - loss: 0.0453 - acc: 0.9885
 510/1459 [=========>....................] - ETA: 0s - loss: 0.0672 - acc: 0.9804
 750/1459 [==============>...............] - ETA: 0s - loss: 0.0711 - acc: 0.9760
1010/1459 [===================>..........] - ETA: 0s - loss: 0.0717 - acc: 0.9772
1270/1459 [=========================>....] - ETA: 0s - loss: 0.0717 - acc: 0.9772
1459/1459 [==============================] - 0s 208us/step - loss: 0.0757 - acc: 0.9753 - val_loss: 0.2887 - val_acc: 0.9080
Epoch 6/30

  10/1459 [..............................] - ETA: 0s - loss: 0.6266 - acc: 0.9000
 270/1459 [====>.........................] - ETA: 0s - loss: 0.1345 - acc: 0.9630
 540/1459 [==========>...................] - ETA: 0s - loss: 0.0990 - acc: 0.9722
 800/1459 [===============>..............] - ETA: 0s - loss: 0.0909 - acc: 0.9687
1050/1459 [====================>.........] - ETA: 0s - loss: 0.0826 - acc: 0.9695
1300/1459 [=========================>....] - ETA: 0s - loss: 0.0851 - acc: 0.9700
1459/1459 [==============================] - 0s 205us/step - loss: 0.0870 - acc: 0.9705 - val_loss: 0.1781 - val_acc: 0.9264
Epoch 7/30

  10/1459 [..............................] - ETA: 0s - loss: 0.0335 - acc: 1.0000
 270/1459 [====>.........................] - ETA: 0s - loss: 0.0422 - acc: 0.9926
 510/1459 [=========>....................] - ETA: 0s - loss: 0.0515 - acc: 0.9843
 750/1459 [==============>...............] - ETA: 0s - loss: 0.0753 - acc: 0.9720
1000/1459 [===================>..........] - ETA: 0s - loss: 0.0820 - acc: 0.9690
1260/1459 [========================>.....] - ETA: 0s - loss: 0.0747 - acc: 0.9714
1459/1459 [==============================] - 0s 209us/step - loss: 0.0729 - acc: 0.9733 - val_loss: 0.1880 - val_acc: 0.9387
Epoch 8/30

  10/1459 [..............................] - ETA: 0s - loss: 0.2769 - acc: 0.9000
 270/1459 [====>.........................] - ETA: 0s - loss: 0.0505 - acc: 0.9852
 530/1459 [=========>....................] - ETA: 0s - loss: 0.0583 - acc: 0.9792
 790/1459 [===============>..............] - ETA: 0s - loss: 0.0661 - acc: 0.9772
1030/1459 [====================>.........] - ETA: 0s - loss: 0.0772 - acc: 0.9709
1300/1459 [=========================>....] - ETA: 0s - loss: 0.0908 - acc: 0.9662
1459/1459 [==============================] - 0s 206us/step - loss: 0.0909 - acc: 0.9664 - val_loss: 0.1484 - val_acc: 0.9693
Epoch 9/30

  10/1459 [..............................] - ETA: 0s - loss: 0.2307 - acc: 0.9000
 260/1459 [====>.........................] - ETA: 0s - loss: 0.0897 - acc: 0.9615
 510/1459 [=========>....................] - ETA: 0s - loss: 0.1009 - acc: 0.9608
 750/1459 [==============>...............] - ETA: 0s - loss: 0.1021 - acc: 0.9640
1010/1459 [===================>..........] - ETA: 0s - loss: 0.1057 - acc: 0.9614
1260/1459 [========================>.....] - ETA: 0s - loss: 0.0963 - acc: 0.9635
1459/1459 [==============================] - 0s 208us/step - loss: 0.0939 - acc: 0.9650 - val_loss: 0.2722 - val_acc: 0.9448
Epoch 10/30

  10/1459 [..............................] - ETA: 0s - loss: 8.4953e-04 - acc: 1.0000
 280/1459 [====>.........................] - ETA: 0s - loss: 0.0507 - acc: 0.9929    
 530/1459 [=========>....................] - ETA: 0s - loss: 0.0582 - acc: 0.9868
 800/1459 [===============>..............] - ETA: 0s - loss: 0.0644 - acc: 0.9825
1060/1459 [====================>.........] - ETA: 0s - loss: 0.0707 - acc: 0.9821
1330/1459 [==========================>...] - ETA: 0s - loss: 0.0683 - acc: 0.9812
1459/1459 [==============================] - 0s 198us/step - loss: 0.0670 - acc: 0.9808 - val_loss: 0.1450 - val_acc: 0.9693
Epoch 11/30

  10/1459 [..............................] - ETA: 0s - loss: 0.0310 - acc: 1.0000
 280/1459 [====>.........................] - ETA: 0s - loss: 0.0561 - acc: 0.9786
 540/1459 [==========>...................] - ETA: 0s - loss: 0.0551 - acc: 0.9833
 800/1459 [===============>..............] - ETA: 0s - loss: 0.0599 - acc: 0.9825
1060/1459 [====================>.........] - ETA: 0s - loss: 0.0689 - acc: 0.9783
1310/1459 [=========================>....] - ETA: 0s - loss: 0.0700 - acc: 0.9763
1459/1459 [==============================] - 0s 202us/step - loss: 0.0690 - acc: 0.9767 - val_loss: 0.1482 - val_acc: 0.9509
Epoch 12/30

  10/1459 [..............................] - ETA: 0s - loss: 0.4546 - acc: 0.9000
 270/1459 [====>.........................] - ETA: 0s - loss: 0.0401 - acc: 0.9852
 510/1459 [=========>....................] - ETA: 0s - loss: 0.0498 - acc: 0.9843
 760/1459 [==============>...............] - ETA: 0s - loss: 0.0553 - acc: 0.9829
1020/1459 [===================>..........] - ETA: 0s - loss: 0.0504 - acc: 0.9843
1280/1459 [=========================>....] - ETA: 0s - loss: 0.0680 - acc: 0.9766
1459/1459 [==============================] - 0s 205us/step - loss: 0.0652 - acc: 0.9781 - val_loss: 0.1698 - val_acc: 0.9448
Epoch 13/30

  10/1459 [..............................] - ETA: 0s - loss: 0.0032 - acc: 1.0000
 280/1459 [====>.........................] - ETA: 0s - loss: 0.0343 - acc: 0.9893
 540/1459 [==========>...................] - ETA: 0s - loss: 0.0303 - acc: 0.9889
 760/1459 [==============>...............] - ETA: 0s - loss: 0.0296 - acc: 0.9895
 980/1459 [===================>..........] - ETA: 0s - loss: 0.0445 - acc: 0.9837
1190/1459 [=======================>......] - ETA: 0s - loss: 0.0470 - acc: 0.9849
1400/1459 [===========================>..] - ETA: 0s - loss: 0.0479 - acc: 0.9829
1459/1459 [==============================] - 0s 229us/step - loss: 0.0519 - acc: 0.9822 - val_loss: 0.1611 - val_acc: 0.9632
Epoch 14/30

  10/1459 [..............................] - ETA: 0s - loss: 0.0076 - acc: 1.0000
 230/1459 [===>..........................] - ETA: 0s - loss: 0.0399 - acc: 0.9870
 430/1459 [=======>......................] - ETA: 0s - loss: 0.0539 - acc: 0.9860
 670/1459 [============>.................] - ETA: 0s - loss: 0.0493 - acc: 0.9881
 920/1459 [=================>............] - ETA: 0s - loss: 0.0512 - acc: 0.9870
1170/1459 [=======================>......] - ETA: 0s - loss: 0.0541 - acc: 0.9855
1410/1459 [===========================>..] - ETA: 0s - loss: 0.0703 - acc: 0.9801
1459/1459 [==============================] - 0s 222us/step - loss: 0.0688 - acc: 0.9801 - val_loss: 0.1492 - val_acc: 0.9693
Epoch 15/30

  10/1459 [..............................] - ETA: 0s - loss: 0.0224 - acc: 1.0000
 290/1459 [====>.........................] - ETA: 0s - loss: 0.0496 - acc: 0.9759
 530/1459 [=========>....................] - ETA: 0s - loss: 0.0611 - acc: 0.9811
 750/1459 [==============>...............] - ETA: 0s - loss: 0.0631 - acc: 0.9787
 970/1459 [==================>...........] - ETA: 0s - loss: 0.0555 - acc: 0.9804
1160/1459 [======================>.......] - ETA: 0s - loss: 0.0505 - acc: 0.9819
1370/1459 [===========================>..] - ETA: 0s - loss: 0.0485 - acc: 0.9839
1459/1459 [==============================] - 0s 233us/step - loss: 0.0474 - acc: 0.9842 - val_loss: 0.1485 - val_acc: 0.9571
acc: 96.93%
Train on 1459 samples, validate on 163 samples
Epoch 1/30

  10/1459 [..............................] - ETA: 2:07 - loss: 0.6578 - acc: 0.6000
 220/1459 [===>..........................] - ETA: 5s - loss: 0.4818 - acc: 0.7909  
 430/1459 [=======>......................] - ETA: 2s - loss: 0.3339 - acc: 0.8605
 630/1459 [===========>..................] - ETA: 1s - loss: 0.2642 - acc: 0.8889
 860/1459 [================>.............] - ETA: 0s - loss: 0.2350 - acc: 0.9000
1070/1459 [=====================>........] - ETA: 0s - loss: 0.2170 - acc: 0.9121
1280/1459 [=========================>....] - ETA: 0s - loss: 0.2090 - acc: 0.9164
1459/1459 [==============================] - 1s 917us/step - loss: 0.1953 - acc: 0.9225 - val_loss: 0.1700 - val_acc: 0.9387
Epoch 2/30

  10/1459 [..............................] - ETA: 0s - loss: 0.1136 - acc: 0.9000
 230/1459 [===>..........................] - ETA: 0s - loss: 0.1013 - acc: 0.9565
 450/1459 [========>.....................] - ETA: 0s - loss: 0.1141 - acc: 0.9578
 660/1459 [============>.................] - ETA: 0s - loss: 0.0985 - acc: 0.9636
 870/1459 [================>.............] - ETA: 0s - loss: 0.0966 - acc: 0.9667
1080/1459 [=====================>........] - ETA: 0s - loss: 0.1049 - acc: 0.9657
1270/1459 [=========================>....] - ETA: 0s - loss: 0.1039 - acc: 0.9622
1459/1459 [==============================] - 0s 251us/step - loss: 0.1056 - acc: 0.9609 - val_loss: 0.2172 - val_acc: 0.9448
Epoch 3/30

  10/1459 [..............................] - ETA: 0s - loss: 0.1295 - acc: 0.9000
 220/1459 [===>..........................] - ETA: 0s - loss: 0.1033 - acc: 0.9591
 440/1459 [========>.....................] - ETA: 0s - loss: 0.1200 - acc: 0.9568
 650/1459 [============>.................] - ETA: 0s - loss: 0.1166 - acc: 0.9569
 860/1459 [================>.............] - ETA: 0s - loss: 0.1125 - acc: 0.9616
1080/1459 [=====================>........] - ETA: 0s - loss: 0.1060 - acc: 0.9630
1280/1459 [=========================>....] - ETA: 0s - loss: 0.1098 - acc: 0.9617
1459/1459 [==============================] - 0s 250us/step - loss: 0.0992 - acc: 0.9664 - val_loss: 0.1698 - val_acc: 0.9448
Epoch 4/30

  10/1459 [..............................] - ETA: 0s - loss: 0.0019 - acc: 1.0000
 220/1459 [===>..........................] - ETA: 0s - loss: 0.0393 - acc: 0.9864
 430/1459 [=======>......................] - ETA: 0s - loss: 0.0632 - acc: 0.9837
 640/1459 [============>.................] - ETA: 0s - loss: 0.0659 - acc: 0.9812
 850/1459 [================>.............] - ETA: 0s - loss: 0.0623 - acc: 0.9800
1050/1459 [====================>.........] - ETA: 0s - loss: 0.0565 - acc: 0.9829
1260/1459 [========================>.....] - ETA: 0s - loss: 0.0621 - acc: 0.9786
1450/1459 [============================>.] - ETA: 0s - loss: 0.0690 - acc: 0.9759
1459/1459 [==============================] - 0s 258us/step - loss: 0.0697 - acc: 0.9753 - val_loss: 0.1527 - val_acc: 0.9448
Epoch 5/30

  10/1459 [..............................] - ETA: 0s - loss: 0.2222 - acc: 0.9000
 220/1459 [===>..........................] - ETA: 0s - loss: 0.0415 - acc: 0.9864
 420/1459 [=======>......................] - ETA: 0s - loss: 0.0472 - acc: 0.9833
 630/1459 [===========>..................] - ETA: 0s - loss: 0.0452 - acc: 0.9825
 840/1459 [================>.............] - ETA: 0s - loss: 0.0497 - acc: 0.9833
1050/1459 [====================>.........] - ETA: 0s - loss: 0.0566 - acc: 0.9800
1260/1459 [========================>.....] - ETA: 0s - loss: 0.0653 - acc: 0.9754
1459/1459 [==============================] - 0s 252us/step - loss: 0.0666 - acc: 0.9746 - val_loss: 0.1165 - val_acc: 0.9448
Epoch 6/30

  10/1459 [..............................] - ETA: 0s - loss: 0.0070 - acc: 1.0000
 220/1459 [===>..........................] - ETA: 0s - loss: 0.0317 - acc: 0.9955
 420/1459 [=======>......................] - ETA: 0s - loss: 0.0628 - acc: 0.9833
 620/1459 [===========>..................] - ETA: 0s - loss: 0.0521 - acc: 0.9839
 820/1459 [===============>..............] - ETA: 0s - loss: 0.0501 - acc: 0.9841
1040/1459 [====================>.........] - ETA: 0s - loss: 0.0679 - acc: 0.9779
1250/1459 [========================>.....] - ETA: 0s - loss: 0.0676 - acc: 0.9784
1459/1459 [==============================] - 0s 254us/step - loss: 0.0733 - acc: 0.9760 - val_loss: 0.1698 - val_acc: 0.9509
Epoch 7/30

  10/1459 [..............................] - ETA: 0s - loss: 9.4807e-04 - acc: 1.0000
 210/1459 [===>..........................] - ETA: 0s - loss: 0.0849 - acc: 0.9714    
 420/1459 [=======>......................] - ETA: 0s - loss: 0.1045 - acc: 0.9595
 630/1459 [===========>..................] - ETA: 0s - loss: 0.0884 - acc: 0.9667
 840/1459 [================>.............] - ETA: 0s - loss: 0.0794 - acc: 0.9679
1040/1459 [====================>.........] - ETA: 0s - loss: 0.0889 - acc: 0.9702
1250/1459 [========================>.....] - ETA: 0s - loss: 0.0821 - acc: 0.9712
1459/1459 [==============================] - 0s 253us/step - loss: 0.0883 - acc: 0.9671 - val_loss: 0.1148 - val_acc: 0.9693
Epoch 8/30

  10/1459 [..............................] - ETA: 0s - loss: 0.0247 - acc: 1.0000
 220/1459 [===>..........................] - ETA: 0s - loss: 0.1174 - acc: 0.9727
 420/1459 [=======>......................] - ETA: 0s - loss: 0.0912 - acc: 0.9690
 630/1459 [===========>..................] - ETA: 0s - loss: 0.0925 - acc: 0.9714
 820/1459 [===============>..............] - ETA: 0s - loss: 0.0920 - acc: 0.9695
1030/1459 [====================>.........] - ETA: 0s - loss: 0.0840 - acc: 0.9718
1240/1459 [========================>.....] - ETA: 0s - loss: 0.0838 - acc: 0.9702
1440/1459 [============================>.] - ETA: 0s - loss: 0.0800 - acc: 0.9715
1459/1459 [==============================] - 0s 257us/step - loss: 0.0800 - acc: 0.9712 - val_loss: 0.1396 - val_acc: 0.9571
Epoch 9/30

  10/1459 [..............................] - ETA: 0s - loss: 0.0205 - acc: 1.0000
 230/1459 [===>..........................] - ETA: 0s - loss: 0.0416 - acc: 0.9870
 440/1459 [========>.....................] - ETA: 0s - loss: 0.0468 - acc: 0.9864
 650/1459 [============>.................] - ETA: 0s - loss: 0.0407 - acc: 0.9877
 870/1459 [================>.............] - ETA: 0s - loss: 0.0462 - acc: 0.9862
1080/1459 [=====================>........] - ETA: 0s - loss: 0.0571 - acc: 0.9833
1300/1459 [=========================>....] - ETA: 0s - loss: 0.0596 - acc: 0.9808
1459/1459 [==============================] - 0s 245us/step - loss: 0.0605 - acc: 0.9788 - val_loss: 0.1319 - val_acc: 0.9693
Epoch 10/30

  10/1459 [..............................] - ETA: 0s - loss: 2.7039e-04 - acc: 1.0000
 220/1459 [===>..........................] - ETA: 0s - loss: 0.0616 - acc: 0.9773    
 430/1459 [=======>......................] - ETA: 0s - loss: 0.0431 - acc: 0.9814
 640/1459 [============>.................] - ETA: 0s - loss: 0.0429 - acc: 0.9828
 840/1459 [================>.............] - ETA: 0s - loss: 0.0423 - acc: 0.9857
1050/1459 [====================>.........] - ETA: 0s - loss: 0.0558 - acc: 0.9838
1250/1459 [========================>.....] - ETA: 0s - loss: 0.0536 - acc: 0.9848
1450/1459 [============================>.] - ETA: 0s - loss: 0.0612 - acc: 0.9821
1459/1459 [==============================] - 0s 254us/step - loss: 0.0622 - acc: 0.9815 - val_loss: 0.1825 - val_acc: 0.9448
Epoch 11/30

  10/1459 [..............................] - ETA: 0s - loss: 0.0031 - acc: 1.0000
 220/1459 [===>..........................] - ETA: 0s - loss: 0.0887 - acc: 0.9682
 430/1459 [=======>......................] - ETA: 0s - loss: 0.0966 - acc: 0.9651
 650/1459 [============>.................] - ETA: 0s - loss: 0.0702 - acc: 0.9754
 860/1459 [================>.............] - ETA: 0s - loss: 0.0629 - acc: 0.9779
1070/1459 [=====================>........] - ETA: 0s - loss: 0.0637 - acc: 0.9766
1290/1459 [=========================>....] - ETA: 0s - loss: 0.0660 - acc: 0.9783
1459/1459 [==============================] - 0s 247us/step - loss: 0.0772 - acc: 0.9781 - val_loss: 0.2313 - val_acc: 0.9387
Epoch 12/30

  10/1459 [..............................] - ETA: 0s - loss: 0.0018 - acc: 1.0000
 230/1459 [===>..........................] - ETA: 0s - loss: 0.1082 - acc: 0.9696
 420/1459 [=======>......................] - ETA: 0s - loss: 0.0789 - acc: 0.9786
 630/1459 [===========>..................] - ETA: 0s - loss: 0.0668 - acc: 0.9810
 840/1459 [================>.............] - ETA: 0s - loss: 0.0712 - acc: 0.9798
1040/1459 [====================>.........] - ETA: 0s - loss: 0.0680 - acc: 0.9788
1240/1459 [========================>.....] - ETA: 0s - loss: 0.0769 - acc: 0.9782
1450/1459 [============================>.] - ETA: 0s - loss: 0.0740 - acc: 0.9807
1459/1459 [==============================] - 0s 256us/step - loss: 0.0736 - acc: 0.9808 - val_loss: 0.2174 - val_acc: 0.9387
Epoch 13/30

  10/1459 [..............................] - ETA: 0s - loss: 0.0032 - acc: 1.0000
 220/1459 [===>..........................] - ETA: 0s - loss: 0.0672 - acc: 0.9727
 440/1459 [========>.....................] - ETA: 0s - loss: 0.0730 - acc: 0.9750
 650/1459 [============>.................] - ETA: 0s - loss: 0.0581 - acc: 0.9785
 850/1459 [================>.............] - ETA: 0s - loss: 0.0574 - acc: 0.9800
1070/1459 [=====================>........] - ETA: 0s - loss: 0.0600 - acc: 0.9804
1280/1459 [=========================>....] - ETA: 0s - loss: 0.0684 - acc: 0.9773
1459/1459 [==============================] - 0s 253us/step - loss: 0.0820 - acc: 0.9753 - val_loss: 0.1745 - val_acc: 0.9387
Epoch 14/30

  10/1459 [..............................] - ETA: 0s - loss: 0.0104 - acc: 1.0000
 230/1459 [===>..........................] - ETA: 0s - loss: 0.0905 - acc: 0.9609
 430/1459 [=======>......................] - ETA: 0s - loss: 0.0978 - acc: 0.9581
 640/1459 [============>.................] - ETA: 0s - loss: 0.0933 - acc: 0.9594
 860/1459 [================>.............] - ETA: 0s - loss: 0.0914 - acc: 0.9640
1070/1459 [=====================>........] - ETA: 0s - loss: 0.0987 - acc: 0.9664
1270/1459 [=========================>....] - ETA: 0s - loss: 0.0928 - acc: 0.9669
1459/1459 [==============================] - 0s 253us/step - loss: 0.0836 - acc: 0.9698 - val_loss: 0.2430 - val_acc: 0.9325
Epoch 15/30

  10/1459 [..............................] - ETA: 0s - loss: 0.0106 - acc: 1.0000
 230/1459 [===>..........................] - ETA: 0s - loss: 0.0245 - acc: 0.9957
 440/1459 [========>.....................] - ETA: 0s - loss: 0.0328 - acc: 0.9886
 650/1459 [============>.................] - ETA: 0s - loss: 0.0446 - acc: 0.9846
 870/1459 [================>.............] - ETA: 0s - loss: 0.0644 - acc: 0.9816
1070/1459 [=====================>........] - ETA: 0s - loss: 0.0667 - acc: 0.9813
1280/1459 [=========================>....] - ETA: 0s - loss: 0.0646 - acc: 0.9797
1459/1459 [==============================] - 0s 251us/step - loss: 0.0634 - acc: 0.9801 - val_loss: 0.2154 - val_acc: 0.9141
Epoch 16/30

  10/1459 [..............................] - ETA: 0s - loss: 0.0020 - acc: 1.0000
 230/1459 [===>..........................] - ETA: 0s - loss: 0.0606 - acc: 0.9870
 490/1459 [=========>....................] - ETA: 0s - loss: 0.0414 - acc: 0.9898
 740/1459 [==============>...............] - ETA: 0s - loss: 0.0481 - acc: 0.9851
 990/1459 [===================>..........] - ETA: 0s - loss: 0.0543 - acc: 0.9838
1240/1459 [========================>.....] - ETA: 0s - loss: 0.0619 - acc: 0.9815
1459/1459 [==============================] - 0s 211us/step - loss: 0.0627 - acc: 0.9794 - val_loss: 0.1651 - val_acc: 0.9509
acc: 96.93%
Train on 1460 samples, validate on 162 samples
Epoch 1/30

  10/1460 [..............................] - ETA: 1:52 - loss: 0.7246 - acc: 0.4000
 250/1460 [====>.........................] - ETA: 3s - loss: 0.5784 - acc: 0.6920  
 500/1460 [=========>....................] - ETA: 1s - loss: 0.3815 - acc: 0.8140
 750/1460 [==============>...............] - ETA: 0s - loss: 0.3164 - acc: 0.8547
 990/1460 [===================>..........] - ETA: 0s - loss: 0.2915 - acc: 0.8727
1240/1460 [========================>.....] - ETA: 0s - loss: 0.2556 - acc: 0.8919
1460/1460 [==============================] - 1s 799us/step - loss: 0.2351 - acc: 0.9021 - val_loss: 0.1167 - val_acc: 0.9568
Epoch 2/30

  10/1460 [..............................] - ETA: 0s - loss: 0.0172 - acc: 1.0000
 250/1460 [====>.........................] - ETA: 0s - loss: 0.0805 - acc: 0.9760
 500/1460 [=========>....................] - ETA: 0s - loss: 0.0937 - acc: 0.9720
 750/1460 [==============>...............] - ETA: 0s - loss: 0.1013 - acc: 0.9707
 990/1460 [===================>..........] - ETA: 0s - loss: 0.0969 - acc: 0.9727
1220/1460 [========================>.....] - ETA: 0s - loss: 0.0950 - acc: 0.9721
1420/1460 [============================>.] - ETA: 0s - loss: 0.0972 - acc: 0.9725
1460/1460 [==============================] - 0s 226us/step - loss: 0.0956 - acc: 0.9733 - val_loss: 0.0676 - val_acc: 0.9630
Epoch 3/30

  10/1460 [..............................] - ETA: 0s - loss: 0.0081 - acc: 1.0000
 220/1460 [===>..........................] - ETA: 0s - loss: 0.0344 - acc: 0.9864
 430/1460 [=======>......................] - ETA: 0s - loss: 0.0310 - acc: 0.9884
 630/1460 [===========>..................] - ETA: 0s - loss: 0.0401 - acc: 0.9857
 840/1460 [================>.............] - ETA: 0s - loss: 0.0508 - acc: 0.9798
1040/1460 [====================>.........] - ETA: 0s - loss: 0.0501 - acc: 0.9817
1300/1460 [=========================>....] - ETA: 0s - loss: 0.0617 - acc: 0.9785
1460/1460 [==============================] - 0s 240us/step - loss: 0.0656 - acc: 0.9781 - val_loss: 0.0785 - val_acc: 0.9753
Epoch 4/30

  10/1460 [..............................] - ETA: 0s - loss: 0.3325 - acc: 0.9000
 280/1460 [====>.........................] - ETA: 0s - loss: 0.0381 - acc: 0.9857
 520/1460 [=========>....................] - ETA: 0s - loss: 0.0448 - acc: 0.9827
 790/1460 [===============>..............] - ETA: 0s - loss: 0.0601 - acc: 0.9772
1040/1460 [====================>.........] - ETA: 0s - loss: 0.0606 - acc: 0.9788
1250/1460 [========================>.....] - ETA: 0s - loss: 0.0662 - acc: 0.9768
1460/1460 [==============================] - 0s 220us/step - loss: 0.0718 - acc: 0.9747 - val_loss: 0.1266 - val_acc: 0.9630
Epoch 5/30

  10/1460 [..............................] - ETA: 0s - loss: 0.0146 - acc: 1.0000
 220/1460 [===>..........................] - ETA: 0s - loss: 0.1309 - acc: 0.9500
 430/1460 [=======>......................] - ETA: 0s - loss: 0.0923 - acc: 0.9651
 640/1460 [============>.................] - ETA: 0s - loss: 0.0768 - acc: 0.9719
 850/1460 [================>.............] - ETA: 0s - loss: 0.0753 - acc: 0.9718
1060/1460 [====================>.........] - ETA: 0s - loss: 0.0788 - acc: 0.9698
1280/1460 [=========================>....] - ETA: 0s - loss: 0.0925 - acc: 0.9664
1460/1460 [==============================] - 0s 252us/step - loss: 0.0919 - acc: 0.9671 - val_loss: 0.1483 - val_acc: 0.9444
Epoch 6/30

  10/1460 [..............................] - ETA: 0s - loss: 0.2493 - acc: 0.9000
 220/1460 [===>..........................] - ETA: 0s - loss: 0.1036 - acc: 0.9591
 430/1460 [=======>......................] - ETA: 0s - loss: 0.1016 - acc: 0.9535
 640/1460 [============>.................] - ETA: 0s - loss: 0.0935 - acc: 0.9578
 840/1460 [================>.............] - ETA: 0s - loss: 0.0994 - acc: 0.9583
1040/1460 [====================>.........] - ETA: 0s - loss: 0.0996 - acc: 0.9596
1250/1460 [========================>.....] - ETA: 0s - loss: 0.1085 - acc: 0.9560
1460/1460 [==============================] - 0s 253us/step - loss: 0.1077 - acc: 0.9548 - val_loss: 0.1909 - val_acc: 0.9383
Epoch 7/30

  10/1460 [..............................] - ETA: 0s - loss: 0.0242 - acc: 1.0000
 210/1460 [===>..........................] - ETA: 0s - loss: 0.1552 - acc: 0.9429
 420/1460 [=======>......................] - ETA: 0s - loss: 0.1305 - acc: 0.9429
 610/1460 [===========>..................] - ETA: 0s - loss: 0.1367 - acc: 0.9426
 820/1460 [===============>..............] - ETA: 0s - loss: 0.1168 - acc: 0.9524
1030/1460 [====================>.........] - ETA: 0s - loss: 0.1115 - acc: 0.9553
1250/1460 [========================>.....] - ETA: 0s - loss: 0.1049 - acc: 0.9592
1460/1460 [==============================] - 0s 254us/step - loss: 0.1056 - acc: 0.9596 - val_loss: 0.1444 - val_acc: 0.9444
Epoch 8/30

  10/1460 [..............................] - ETA: 0s - loss: 0.3245 - acc: 0.9000
 220/1460 [===>..........................] - ETA: 0s - loss: 0.0674 - acc: 0.9727
 430/1460 [=======>......................] - ETA: 0s - loss: 0.0910 - acc: 0.9581
 630/1460 [===========>..................] - ETA: 0s - loss: 0.0975 - acc: 0.9556
 830/1460 [================>.............] - ETA: 0s - loss: 0.0984 - acc: 0.9554
1040/1460 [====================>.........] - ETA: 0s - loss: 0.0939 - acc: 0.9606
1250/1460 [========================>.....] - ETA: 0s - loss: 0.0911 - acc: 0.9592
1460/1460 [==============================] - 0s 255us/step - loss: 0.0957 - acc: 0.9603 - val_loss: 0.1494 - val_acc: 0.9568
Epoch 9/30

  10/1460 [..............................] - ETA: 0s - loss: 0.0490 - acc: 1.0000
 200/1460 [===>..........................] - ETA: 0s - loss: 0.0784 - acc: 0.9700
 400/1460 [=======>......................] - ETA: 0s - loss: 0.0772 - acc: 0.9750
 590/1460 [===========>..................] - ETA: 0s - loss: 0.0678 - acc: 0.9780
 790/1460 [===============>..............] - ETA: 0s - loss: 0.0892 - acc: 0.9722
1010/1460 [===================>..........] - ETA: 0s - loss: 0.0850 - acc: 0.9713
1220/1460 [========================>.....] - ETA: 0s - loss: 0.0892 - acc: 0.9697
1430/1460 [============================>.] - ETA: 0s - loss: 0.0870 - acc: 0.9692
1460/1460 [==============================] - 0s 259us/step - loss: 0.0880 - acc: 0.9692 - val_loss: 0.1639 - val_acc: 0.9321
Epoch 10/30

  10/1460 [..............................] - ETA: 0s - loss: 0.0167 - acc: 1.0000
 220/1460 [===>..........................] - ETA: 0s - loss: 0.0422 - acc: 0.9818
 430/1460 [=======>......................] - ETA: 0s - loss: 0.0336 - acc: 0.9884
 630/1460 [===========>..................] - ETA: 0s - loss: 0.0493 - acc: 0.9857
 840/1460 [================>.............] - ETA: 0s - loss: 0.0568 - acc: 0.9821
1040/1460 [====================>.........] - ETA: 0s - loss: 0.0593 - acc: 0.9808
1230/1460 [========================>.....] - ETA: 0s - loss: 0.0609 - acc: 0.9805
1440/1460 [============================>.] - ETA: 0s - loss: 0.0663 - acc: 0.9806
1460/1460 [==============================] - 0s 259us/step - loss: 0.0667 - acc: 0.9801 - val_loss: 0.1769 - val_acc: 0.9444
acc: 97.53%
Train on 1460 samples, validate on 162 samples
Epoch 1/30

  10/1460 [..............................] - ETA: 2:28 - loss: 0.6728 - acc: 0.7000
 260/1460 [====>.........................] - ETA: 4s - loss: 0.5620 - acc: 0.7423  
 510/1460 [=========>....................] - ETA: 2s - loss: 0.3995 - acc: 0.8314
 750/1460 [==============>...............] - ETA: 1s - loss: 0.3382 - acc: 0.8680
1000/1460 [===================>..........] - ETA: 0s - loss: 0.2872 - acc: 0.8940
1240/1460 [========================>.....] - ETA: 0s - loss: 0.2577 - acc: 0.9056
1460/1460 [==============================] - 1s 982us/step - loss: 0.2343 - acc: 0.9123 - val_loss: 0.0989 - val_acc: 0.9630
Epoch 2/30

  10/1460 [..............................] - ETA: 0s - loss: 0.2234 - acc: 0.9000
 260/1460 [====>.........................] - ETA: 0s - loss: 0.0909 - acc: 0.9731
 510/1460 [=========>....................] - ETA: 0s - loss: 0.1149 - acc: 0.9608
 750/1460 [==============>...............] - ETA: 0s - loss: 0.0954 - acc: 0.9693
1000/1460 [===================>..........] - ETA: 0s - loss: 0.0850 - acc: 0.9750
1260/1460 [========================>.....] - ETA: 0s - loss: 0.0924 - acc: 0.9722
1460/1460 [==============================] - 0s 208us/step - loss: 0.0930 - acc: 0.9712 - val_loss: 0.0961 - val_acc: 0.9630
Epoch 3/30

  10/1460 [..............................] - ETA: 0s - loss: 0.0139 - acc: 1.0000
 270/1460 [====>.........................] - ETA: 0s - loss: 0.1169 - acc: 0.9556
 520/1460 [=========>....................] - ETA: 0s - loss: 0.1177 - acc: 0.9519
 770/1460 [==============>...............] - ETA: 0s - loss: 0.1035 - acc: 0.9610
1020/1460 [===================>..........] - ETA: 0s - loss: 0.1183 - acc: 0.9549
1260/1460 [========================>.....] - ETA: 0s - loss: 0.1143 - acc: 0.9556
1460/1460 [==============================] - 0s 211us/step - loss: 0.1041 - acc: 0.9603 - val_loss: 0.1526 - val_acc: 0.9506
Epoch 4/30

  10/1460 [..............................] - ETA: 0s - loss: 0.0055 - acc: 1.0000
 260/1460 [====>.........................] - ETA: 0s - loss: 0.0626 - acc: 0.9769
 510/1460 [=========>....................] - ETA: 0s - loss: 0.0525 - acc: 0.9804
 760/1460 [==============>...............] - ETA: 0s - loss: 0.0556 - acc: 0.9829
1010/1460 [===================>..........] - ETA: 0s - loss: 0.0664 - acc: 0.9772
1270/1460 [=========================>....] - ETA: 0s - loss: 0.0783 - acc: 0.9732
1460/1460 [==============================] - 0s 209us/step - loss: 0.0776 - acc: 0.9733 - val_loss: 0.1162 - val_acc: 0.9630
Epoch 5/30

  10/1460 [..............................] - ETA: 0s - loss: 0.0158 - acc: 1.0000
 260/1460 [====>.........................] - ETA: 0s - loss: 0.0408 - acc: 0.9846
 510/1460 [=========>....................] - ETA: 0s - loss: 0.0789 - acc: 0.9745
 760/1460 [==============>...............] - ETA: 0s - loss: 0.0707 - acc: 0.9776
1010/1460 [===================>..........] - ETA: 0s - loss: 0.0787 - acc: 0.9733
1250/1460 [========================>.....] - ETA: 0s - loss: 0.0823 - acc: 0.9720
1460/1460 [==============================] - 0s 213us/step - loss: 0.0824 - acc: 0.9712 - val_loss: 0.1445 - val_acc: 0.9444
Epoch 6/30

  10/1460 [..............................] - ETA: 0s - loss: 0.0818 - acc: 1.0000
 260/1460 [====>.........................] - ETA: 0s - loss: 0.0728 - acc: 0.9846
 510/1460 [=========>....................] - ETA: 0s - loss: 0.0746 - acc: 0.9804
 770/1460 [==============>...............] - ETA: 0s - loss: 0.0681 - acc: 0.9779
1020/1460 [===================>..........] - ETA: 0s - loss: 0.0656 - acc: 0.9784
1250/1460 [========================>.....] - ETA: 0s - loss: 0.0610 - acc: 0.9800
1460/1460 [==============================] - 0s 210us/step - loss: 0.0660 - acc: 0.9788 - val_loss: 0.1594 - val_acc: 0.9383
Epoch 7/30

  10/1460 [..............................] - ETA: 0s - loss: 0.0490 - acc: 1.0000
 270/1460 [====>.........................] - ETA: 0s - loss: 0.0179 - acc: 0.9963
 540/1460 [==========>...................] - ETA: 0s - loss: 0.0452 - acc: 0.9907
 800/1460 [===============>..............] - ETA: 0s - loss: 0.0547 - acc: 0.9850
1060/1460 [====================>.........] - ETA: 0s - loss: 0.0632 - acc: 0.9821
1310/1460 [=========================>....] - ETA: 0s - loss: 0.0581 - acc: 0.9840
1460/1460 [==============================] - 0s 207us/step - loss: 0.0558 - acc: 0.9849 - val_loss: 0.1280 - val_acc: 0.9506
Epoch 8/30

  10/1460 [..............................] - ETA: 0s - loss: 0.0306 - acc: 1.0000
 250/1460 [====>.........................] - ETA: 0s - loss: 0.0553 - acc: 0.9800
 490/1460 [=========>....................] - ETA: 0s - loss: 0.0547 - acc: 0.9837
 730/1460 [==============>...............] - ETA: 0s - loss: 0.0559 - acc: 0.9836
 980/1460 [===================>..........] - ETA: 0s - loss: 0.0581 - acc: 0.9837
1230/1460 [========================>.....] - ETA: 0s - loss: 0.0609 - acc: 0.9829
1460/1460 [==============================] - 0s 218us/step - loss: 0.0572 - acc: 0.9829 - val_loss: 0.1090 - val_acc: 0.9568
acc: 96.30%
Train on 1460 samples, validate on 162 samples
Epoch 1/30

  10/1460 [..............................] - ETA: 2:59 - loss: 0.6989 - acc: 0.4000
 220/1460 [===>..........................] - ETA: 7s - loss: 0.4899 - acc: 0.7455  
 430/1460 [=======>......................] - ETA: 3s - loss: 0.3433 - acc: 0.8372
 630/1460 [===========>..................] - ETA: 1s - loss: 0.2815 - acc: 0.8730
 830/1460 [================>.............] - ETA: 1s - loss: 0.2464 - acc: 0.8928
1030/1460 [====================>.........] - ETA: 0s - loss: 0.2206 - acc: 0.9068
1240/1460 [========================>.....] - ETA: 0s - loss: 0.2063 - acc: 0.9161
1450/1460 [============================>.] - ETA: 0s - loss: 0.1969 - acc: 0.9214
1460/1460 [==============================] - 2s 1ms/step - loss: 0.1973 - acc: 0.9205 - val_loss: 0.0922 - val_acc: 0.9691
Epoch 2/30

  10/1460 [..............................] - ETA: 0s - loss: 0.0817 - acc: 1.0000
 210/1460 [===>..........................] - ETA: 0s - loss: 0.1118 - acc: 0.9714
 410/1460 [=======>......................] - ETA: 0s - loss: 0.1081 - acc: 0.9707
 620/1460 [===========>..................] - ETA: 0s - loss: 0.0993 - acc: 0.9661
 830/1460 [================>.............] - ETA: 0s - loss: 0.1013 - acc: 0.9663
1040/1460 [====================>.........] - ETA: 0s - loss: 0.1294 - acc: 0.9615
1230/1460 [========================>.....] - ETA: 0s - loss: 0.1273 - acc: 0.9610
1430/1460 [============================>.] - ETA: 0s - loss: 0.1245 - acc: 0.9594
1460/1460 [==============================] - 0s 262us/step - loss: 0.1238 - acc: 0.9596 - val_loss: 0.0514 - val_acc: 0.9815
Epoch 3/30

  10/1460 [..............................] - ETA: 0s - loss: 0.0126 - acc: 1.0000
 210/1460 [===>..........................] - ETA: 0s - loss: 0.1372 - acc: 0.9524
 420/1460 [=======>......................] - ETA: 0s - loss: 0.1140 - acc: 0.9619
 630/1460 [===========>..................] - ETA: 0s - loss: 0.0866 - acc: 0.9714
 840/1460 [================>.............] - ETA: 0s - loss: 0.0804 - acc: 0.9714
1040/1460 [====================>.........] - ETA: 0s - loss: 0.0886 - acc: 0.9692
1240/1460 [========================>.....] - ETA: 0s - loss: 0.0950 - acc: 0.9669
1440/1460 [============================>.] - ETA: 0s - loss: 0.0958 - acc: 0.9674
1460/1460 [==============================] - 0s 258us/step - loss: 0.0947 - acc: 0.9678 - val_loss: 0.0370 - val_acc: 0.9877
Epoch 4/30

  10/1460 [..............................] - ETA: 0s - loss: 0.0058 - acc: 1.0000
 210/1460 [===>..........................] - ETA: 0s - loss: 0.0181 - acc: 0.9952
 410/1460 [=======>......................] - ETA: 0s - loss: 0.0415 - acc: 0.9878
 610/1460 [===========>..................] - ETA: 0s - loss: 0.0549 - acc: 0.9803
 810/1460 [===============>..............] - ETA: 0s - loss: 0.0697 - acc: 0.9778
1010/1460 [===================>..........] - ETA: 0s - loss: 0.0802 - acc: 0.9743
1200/1460 [=======================>......] - ETA: 0s - loss: 0.0845 - acc: 0.9733
1400/1460 [===========================>..] - ETA: 0s - loss: 0.0798 - acc: 0.9750
1460/1460 [==============================] - 0s 265us/step - loss: 0.0784 - acc: 0.9753 - val_loss: 0.1078 - val_acc: 0.9815
Epoch 5/30

  10/1460 [..............................] - ETA: 0s - loss: 0.1717 - acc: 0.9000
 210/1460 [===>..........................] - ETA: 0s - loss: 0.0512 - acc: 0.9857
 430/1460 [=======>......................] - ETA: 0s - loss: 0.0503 - acc: 0.9837
 630/1460 [===========>..................] - ETA: 0s - loss: 0.0712 - acc: 0.9730
 830/1460 [================>.............] - ETA: 0s - loss: 0.0736 - acc: 0.9747
1020/1460 [===================>..........] - ETA: 0s - loss: 0.0716 - acc: 0.9755
1230/1460 [========================>.....] - ETA: 0s - loss: 0.0766 - acc: 0.9764
1440/1460 [============================>.] - ETA: 0s - loss: 0.0841 - acc: 0.9736
1460/1460 [==============================] - 0s 260us/step - loss: 0.0832 - acc: 0.9740 - val_loss: 0.1177 - val_acc: 0.9753
Epoch 6/30

  10/1460 [..............................] - ETA: 0s - loss: 0.0248 - acc: 1.0000
 210/1460 [===>..........................] - ETA: 0s - loss: 0.1327 - acc: 0.9667
 410/1460 [=======>......................] - ETA: 0s - loss: 0.0943 - acc: 0.9756
 610/1460 [===========>..................] - ETA: 0s - loss: 0.0853 - acc: 0.9770
 810/1460 [===============>..............] - ETA: 0s - loss: 0.0759 - acc: 0.9778
1020/1460 [===================>..........] - ETA: 0s - loss: 0.0744 - acc: 0.9745
1220/1460 [========================>.....] - ETA: 0s - loss: 0.0757 - acc: 0.9762
1430/1460 [============================>.] - ETA: 0s - loss: 0.0766 - acc: 0.9741
1460/1460 [==============================] - 0s 261us/step - loss: 0.0764 - acc: 0.9740 - val_loss: 0.1073 - val_acc: 0.9630
Epoch 7/30

  10/1460 [..............................] - ETA: 0s - loss: 0.1436 - acc: 0.9000
 220/1460 [===>..........................] - ETA: 0s - loss: 0.0612 - acc: 0.9773
 430/1460 [=======>......................] - ETA: 0s - loss: 0.0521 - acc: 0.9814
 620/1460 [===========>..................] - ETA: 0s - loss: 0.0728 - acc: 0.9790
 810/1460 [===============>..............] - ETA: 0s - loss: 0.0732 - acc: 0.9778
1010/1460 [===================>..........] - ETA: 0s - loss: 0.0673 - acc: 0.9772
1220/1460 [========================>.....] - ETA: 0s - loss: 0.0691 - acc: 0.9779
1430/1460 [============================>.] - ETA: 0s - loss: 0.0627 - acc: 0.9790
1460/1460 [==============================] - 0s 261us/step - loss: 0.0627 - acc: 0.9788 - val_loss: 0.1375 - val_acc: 0.9691
Epoch 8/30

  10/1460 [..............................] - ETA: 0s - loss: 0.0010 - acc: 1.0000
 210/1460 [===>..........................] - ETA: 0s - loss: 0.0950 - acc: 0.9810
 410/1460 [=======>......................] - ETA: 0s - loss: 0.0859 - acc: 0.9780
 600/1460 [===========>..................] - ETA: 0s - loss: 0.0696 - acc: 0.9833
 810/1460 [===============>..............] - ETA: 0s - loss: 0.0837 - acc: 0.9790
1010/1460 [===================>..........] - ETA: 0s - loss: 0.0756 - acc: 0.9802
1220/1460 [========================>.....] - ETA: 0s - loss: 0.0672 - acc: 0.9820
1420/1460 [============================>.] - ETA: 0s - loss: 0.0668 - acc: 0.9824
1460/1460 [==============================] - 0s 261us/step - loss: 0.0710 - acc: 0.9822 - val_loss: 0.1211 - val_acc: 0.9630
Epoch 9/30

  10/1460 [..............................] - ETA: 0s - loss: 0.0621 - acc: 1.0000
 220/1460 [===>..........................] - ETA: 0s - loss: 0.0476 - acc: 0.9864
 450/1460 [========>.....................] - ETA: 0s - loss: 0.0819 - acc: 0.9756
 690/1460 [=============>................] - ETA: 0s - loss: 0.0635 - acc: 0.9826
 940/1460 [==================>...........] - ETA: 0s - loss: 0.0648 - acc: 0.9809
1170/1460 [=======================>......] - ETA: 0s - loss: 0.0646 - acc: 0.9829
1410/1460 [===========================>..] - ETA: 0s - loss: 0.0673 - acc: 0.9823
1460/1460 [==============================] - 0s 225us/step - loss: 0.0736 - acc: 0.9808 - val_loss: 0.1152 - val_acc: 0.9630
Epoch 10/30

  10/1460 [..............................] - ETA: 0s - loss: 0.0109 - acc: 1.0000
 250/1460 [====>.........................] - ETA: 0s - loss: 0.0733 - acc: 0.9680
 490/1460 [=========>....................] - ETA: 0s - loss: 0.0705 - acc: 0.9694
 740/1460 [==============>...............] - ETA: 0s - loss: 0.0772 - acc: 0.9716
 990/1460 [===================>..........] - ETA: 0s - loss: 0.0663 - acc: 0.9747
1220/1460 [========================>.....] - ETA: 0s - loss: 0.0617 - acc: 0.9762
1460/1460 [==============================] - 0s 216us/step - loss: 0.0740 - acc: 0.9712 - val_loss: 0.0999 - val_acc: 0.9753
acc: 98.77%
Train on 1460 samples, validate on 162 samples
Epoch 1/30

  10/1460 [..............................] - ETA: 2:38 - loss: 0.6271 - acc: 0.9000
 250/1460 [====>.........................] - ETA: 5s - loss: 0.5872 - acc: 0.7120  
 480/1460 [========>.....................] - ETA: 2s - loss: 0.4725 - acc: 0.7875
 710/1460 [=============>................] - ETA: 1s - loss: 0.3823 - acc: 0.8324
 920/1460 [=================>............] - ETA: 0s - loss: 0.3322 - acc: 0.8630
1110/1460 [=====================>........] - ETA: 0s - loss: 0.2999 - acc: 0.8802
1310/1460 [=========================>....] - ETA: 0s - loss: 0.2735 - acc: 0.8931
1460/1460 [==============================] - 2s 1ms/step - loss: 0.2610 - acc: 0.8993 - val_loss: 0.1146 - val_acc: 0.9630
Epoch 2/30

  10/1460 [..............................] - ETA: 0s - loss: 0.0682 - acc: 1.0000
 250/1460 [====>.........................] - ETA: 0s - loss: 0.1020 - acc: 0.9720
 490/1460 [=========>....................] - ETA: 0s - loss: 0.1210 - acc: 0.9571
 730/1460 [==============>...............] - ETA: 0s - loss: 0.1056 - acc: 0.9658
 970/1460 [==================>...........] - ETA: 0s - loss: 0.0945 - acc: 0.9701
1210/1460 [=======================>......] - ETA: 0s - loss: 0.0935 - acc: 0.9694
1400/1460 [===========================>..] - ETA: 0s - loss: 0.0972 - acc: 0.9671
1460/1460 [==============================] - 0s 230us/step - loss: 0.0984 - acc: 0.9671 - val_loss: 0.1151 - val_acc: 0.9753
Epoch 3/30

  10/1460 [..............................] - ETA: 0s - loss: 0.0128 - acc: 1.0000
 200/1460 [===>..........................] - ETA: 0s - loss: 0.0843 - acc: 0.9650
 400/1460 [=======>......................] - ETA: 0s - loss: 0.0912 - acc: 0.9700
 600/1460 [===========>..................] - ETA: 0s - loss: 0.0914 - acc: 0.9700
 800/1460 [===============>..............] - ETA: 0s - loss: 0.0892 - acc: 0.9700
1020/1460 [===================>..........] - ETA: 0s - loss: 0.0882 - acc: 0.9696
1230/1460 [========================>.....] - ETA: 0s - loss: 0.0861 - acc: 0.9707
1430/1460 [============================>.] - ETA: 0s - loss: 0.0807 - acc: 0.9720
1460/1460 [==============================] - 0s 260us/step - loss: 0.0802 - acc: 0.9719 - val_loss: 0.1200 - val_acc: 0.9630
Epoch 4/30

  10/1460 [..............................] - ETA: 0s - loss: 0.1011 - acc: 0.9000
 220/1460 [===>..........................] - ETA: 0s - loss: 0.1449 - acc: 0.9591
 430/1460 [=======>......................] - ETA: 0s - loss: 0.1148 - acc: 0.9674
 630/1460 [===========>..................] - ETA: 0s - loss: 0.1028 - acc: 0.9683
 840/1460 [================>.............] - ETA: 0s - loss: 0.0919 - acc: 0.9714
1040/1460 [====================>.........] - ETA: 0s - loss: 0.0882 - acc: 0.9712
1240/1460 [========================>.....] - ETA: 0s - loss: 0.0899 - acc: 0.9710
1440/1460 [============================>.] - ETA: 0s - loss: 0.0886 - acc: 0.9694
1460/1460 [==============================] - 0s 257us/step - loss: 0.0888 - acc: 0.9692 - val_loss: 0.1890 - val_acc: 0.9753
Epoch 5/30

  10/1460 [..............................] - ETA: 0s - loss: 0.1499 - acc: 0.9000
 210/1460 [===>..........................] - ETA: 0s - loss: 0.1075 - acc: 0.9619
 410/1460 [=======>......................] - ETA: 0s - loss: 0.1194 - acc: 0.9634
 610/1460 [===========>..................] - ETA: 0s - loss: 0.0938 - acc: 0.9705
 810/1460 [===============>..............] - ETA: 0s - loss: 0.0859 - acc: 0.9741
1010/1460 [===================>..........] - ETA: 0s - loss: 0.0979 - acc: 0.9723
1200/1460 [=======================>......] - ETA: 0s - loss: 0.0968 - acc: 0.9733
1400/1460 [===========================>..] - ETA: 0s - loss: 0.0946 - acc: 0.9736
1460/1460 [==============================] - 0s 264us/step - loss: 0.1018 - acc: 0.9705 - val_loss: 0.1305 - val_acc: 0.9753
Epoch 6/30

  10/1460 [..............................] - ETA: 0s - loss: 0.0085 - acc: 1.0000
 190/1460 [==>...........................] - ETA: 0s - loss: 0.0608 - acc: 0.9895
 390/1460 [=======>......................] - ETA: 0s - loss: 0.0803 - acc: 0.9769
 590/1460 [===========>..................] - ETA: 0s - loss: 0.0831 - acc: 0.9712
 780/1460 [===============>..............] - ETA: 0s - loss: 0.0745 - acc: 0.9769
 980/1460 [===================>..........] - ETA: 0s - loss: 0.0708 - acc: 0.9786
1180/1460 [=======================>......] - ETA: 0s - loss: 0.0699 - acc: 0.9754
1380/1460 [===========================>..] - ETA: 0s - loss: 0.0718 - acc: 0.9746
1460/1460 [==============================] - 0s 273us/step - loss: 0.0831 - acc: 0.9719 - val_loss: 0.1722 - val_acc: 0.9444
Epoch 7/30

  10/1460 [..............................] - ETA: 0s - loss: 0.0070 - acc: 1.0000
 220/1460 [===>..........................] - ETA: 0s - loss: 0.0501 - acc: 0.9773
 420/1460 [=======>......................] - ETA: 0s - loss: 0.0548 - acc: 0.9762
 620/1460 [===========>..................] - ETA: 0s - loss: 0.0572 - acc: 0.9726
 820/1460 [===============>..............] - ETA: 0s - loss: 0.0619 - acc: 0.9744
1040/1460 [====================>.........] - ETA: 0s - loss: 0.0653 - acc: 0.9702
1250/1460 [========================>.....] - ETA: 0s - loss: 0.0840 - acc: 0.9624
1460/1460 [==============================] - 0s 259us/step - loss: 0.0913 - acc: 0.9603 - val_loss: 0.1115 - val_acc: 0.9568
Epoch 8/30

  10/1460 [..............................] - ETA: 0s - loss: 0.0408 - acc: 1.0000
 220/1460 [===>..........................] - ETA: 0s - loss: 0.0550 - acc: 0.9773
 420/1460 [=======>......................] - ETA: 0s - loss: 0.0516 - acc: 0.9810
 620/1460 [===========>..................] - ETA: 0s - loss: 0.0561 - acc: 0.9742
 810/1460 [===============>..............] - ETA: 0s - loss: 0.0586 - acc: 0.9728
1020/1460 [===================>..........] - ETA: 0s - loss: 0.0646 - acc: 0.9745
1220/1460 [========================>.....] - ETA: 0s - loss: 0.0704 - acc: 0.9738
1420/1460 [============================>.] - ETA: 0s - loss: 0.0705 - acc: 0.9739
1460/1460 [==============================] - 0s 263us/step - loss: 0.0701 - acc: 0.9740 - val_loss: 0.1026 - val_acc: 0.9753
Epoch 9/30

  10/1460 [..............................] - ETA: 0s - loss: 0.0037 - acc: 1.0000
 210/1460 [===>..........................] - ETA: 0s - loss: 0.0320 - acc: 0.9857
 420/1460 [=======>......................] - ETA: 0s - loss: 0.0402 - acc: 0.9857
 630/1460 [===========>..................] - ETA: 0s - loss: 0.0425 - acc: 0.9841
 830/1460 [================>.............] - ETA: 0s - loss: 0.0396 - acc: 0.9855
1040/1460 [====================>.........] - ETA: 0s - loss: 0.0393 - acc: 0.9865
1250/1460 [========================>.....] - ETA: 0s - loss: 0.0419 - acc: 0.9856
1440/1460 [============================>.] - ETA: 0s - loss: 0.0427 - acc: 0.9847
1460/1460 [==============================] - 0s 258us/step - loss: 0.0432 - acc: 0.9842 - val_loss: 0.0804 - val_acc: 0.9815
Epoch 10/30

  10/1460 [..............................] - ETA: 0s - loss: 0.2089 - acc: 0.9000
 210/1460 [===>..........................] - ETA: 0s - loss: 0.0507 - acc: 0.9762
 420/1460 [=======>......................] - ETA: 0s - loss: 0.0355 - acc: 0.9881
 630/1460 [===========>..................] - ETA: 0s - loss: 0.0342 - acc: 0.9889
 830/1460 [================>.............] - ETA: 0s - loss: 0.0358 - acc: 0.9892
1030/1460 [====================>.........] - ETA: 0s - loss: 0.0320 - acc: 0.9913
1240/1460 [========================>.....] - ETA: 0s - loss: 0.0383 - acc: 0.9887
1450/1460 [============================>.] - ETA: 0s - loss: 0.0393 - acc: 0.9876
1460/1460 [==============================] - 0s 258us/step - loss: 0.0391 - acc: 0.9877 - val_loss: 0.0766 - val_acc: 0.9877
Epoch 11/30

  10/1460 [..............................] - ETA: 0s - loss: 0.0025 - acc: 1.0000
 220/1460 [===>..........................] - ETA: 0s - loss: 0.0269 - acc: 0.9864
 420/1460 [=======>......................] - ETA: 0s - loss: 0.0248 - acc: 0.9905
 620/1460 [===========>..................] - ETA: 0s - loss: 0.0254 - acc: 0.9871
 820/1460 [===============>..............] - ETA: 0s - loss: 0.0251 - acc: 0.9866
1030/1460 [====================>.........] - ETA: 0s - loss: 0.0269 - acc: 0.9854
1210/1460 [=======================>......] - ETA: 0s - loss: 0.0293 - acc: 0.9843
1410/1460 [===========================>..] - ETA: 0s - loss: 0.0318 - acc: 0.9844
1460/1460 [==============================] - 0s 263us/step - loss: 0.0339 - acc: 0.9836 - val_loss: 0.0985 - val_acc: 0.9691
Epoch 12/30

  10/1460 [..............................] - ETA: 0s - loss: 0.0017 - acc: 1.0000
 210/1460 [===>..........................] - ETA: 0s - loss: 0.0280 - acc: 0.9952
 410/1460 [=======>......................] - ETA: 0s - loss: 0.0167 - acc: 0.9976
 620/1460 [===========>..................] - ETA: 0s - loss: 0.0206 - acc: 0.9935
 820/1460 [===============>..............] - ETA: 0s - loss: 0.0208 - acc: 0.9902
1040/1460 [====================>.........] - ETA: 0s - loss: 0.0197 - acc: 0.9913
1250/1460 [========================>.....] - ETA: 0s - loss: 0.0199 - acc: 0.9912
1450/1460 [============================>.] - ETA: 0s - loss: 0.0211 - acc: 0.9910
1460/1460 [==============================] - 0s 260us/step - loss: 0.0209 - acc: 0.9911 - val_loss: 0.0860 - val_acc: 0.9877
Epoch 13/30

  10/1460 [..............................] - ETA: 0s - loss: 0.0110 - acc: 1.0000
 220/1460 [===>..........................] - ETA: 0s - loss: 0.0134 - acc: 0.9955
 430/1460 [=======>......................] - ETA: 0s - loss: 0.0181 - acc: 0.9930
 630/1460 [===========>..................] - ETA: 0s - loss: 0.0237 - acc: 0.9889
 830/1460 [================>.............] - ETA: 0s - loss: 0.0282 - acc: 0.9892
1040/1460 [====================>.........] - ETA: 0s - loss: 0.0248 - acc: 0.9913
1230/1460 [========================>.....] - ETA: 0s - loss: 0.0240 - acc: 0.9919
1440/1460 [============================>.] - ETA: 0s - loss: 0.0236 - acc: 0.9910
1460/1460 [==============================] - 0s 259us/step - loss: 0.0233 - acc: 0.9911 - val_loss: 0.0855 - val_acc: 0.9877
Epoch 14/30

  10/1460 [..............................] - ETA: 0s - loss: 8.2506e-04 - acc: 1.0000
 210/1460 [===>..........................] - ETA: 0s - loss: 0.0069 - acc: 0.9952    
 410/1460 [=======>......................] - ETA: 0s - loss: 0.0069 - acc: 0.9976
 620/1460 [===========>..................] - ETA: 0s - loss: 0.0102 - acc: 0.9968
 820/1460 [===============>..............] - ETA: 0s - loss: 0.0098 - acc: 0.9976
1020/1460 [===================>..........] - ETA: 0s - loss: 0.0157 - acc: 0.9961
1230/1460 [========================>.....] - ETA: 0s - loss: 0.0166 - acc: 0.9951
1430/1460 [============================>.] - ETA: 0s - loss: 0.0171 - acc: 0.9944
1460/1460 [==============================] - 0s 260us/step - loss: 0.0168 - acc: 0.9945 - val_loss: 0.0762 - val_acc: 0.9815
Epoch 15/30

  10/1460 [..............................] - ETA: 0s - loss: 0.0043 - acc: 1.0000
 210/1460 [===>..........................] - ETA: 0s - loss: 0.0066 - acc: 1.0000
 420/1460 [=======>......................] - ETA: 0s - loss: 0.0135 - acc: 0.9976
 620/1460 [===========>..................] - ETA: 0s - loss: 0.0145 - acc: 0.9952
 810/1460 [===============>..............] - ETA: 0s - loss: 0.0125 - acc: 0.9963
1030/1460 [====================>.........] - ETA: 0s - loss: 0.0114 - acc: 0.9971
1220/1460 [========================>.....] - ETA: 0s - loss: 0.0160 - acc: 0.9951
1420/1460 [============================>.] - ETA: 0s - loss: 0.0153 - acc: 0.9951
1460/1460 [==============================] - 0s 265us/step - loss: 0.0151 - acc: 0.9952 - val_loss: 0.0773 - val_acc: 0.9815
Epoch 16/30

  10/1460 [..............................] - ETA: 0s - loss: 3.1582e-04 - acc: 1.0000
 190/1460 [==>...........................] - ETA: 0s - loss: 0.0024 - acc: 1.0000    
 400/1460 [=======>......................] - ETA: 0s - loss: 0.0018 - acc: 1.0000
 610/1460 [===========>..................] - ETA: 0s - loss: 0.0056 - acc: 0.9984
 820/1460 [===============>..............] - ETA: 0s - loss: 0.0068 - acc: 0.9988
1030/1460 [====================>.........] - ETA: 0s - loss: 0.0112 - acc: 0.9971
1230/1460 [========================>.....] - ETA: 0s - loss: 0.0098 - acc: 0.9976
1430/1460 [============================>.] - ETA: 0s - loss: 0.0092 - acc: 0.9979
1460/1460 [==============================] - 0s 259us/step - loss: 0.0091 - acc: 0.9979 - val_loss: 0.1346 - val_acc: 0.9815
Epoch 17/30

  10/1460 [..............................] - ETA: 0s - loss: 4.5703e-04 - acc: 1.0000
 220/1460 [===>..........................] - ETA: 0s - loss: 0.0115 - acc: 0.9909    
 410/1460 [=======>......................] - ETA: 0s - loss: 0.0089 - acc: 0.9951
 600/1460 [===========>..................] - ETA: 0s - loss: 0.0082 - acc: 0.9967
 790/1460 [===============>..............] - ETA: 0s - loss: 0.0112 - acc: 0.9949
 990/1460 [===================>..........] - ETA: 0s - loss: 0.0102 - acc: 0.9960
1190/1460 [=======================>......] - ETA: 0s - loss: 0.0090 - acc: 0.9966
1380/1460 [===========================>..] - ETA: 0s - loss: 0.0106 - acc: 0.9964
1460/1460 [==============================] - 0s 269us/step - loss: 0.0100 - acc: 0.9966 - val_loss: 0.1187 - val_acc: 0.9815
acc: 98.77%
Train on 1460 samples, validate on 162 samples
Epoch 1/30

  10/1460 [..............................] - ETA: 2:53 - loss: 0.6691 - acc: 0.6000
 240/1460 [===>..........................] - ETA: 6s - loss: 0.4984 - acc: 0.7708  
 480/1460 [========>.....................] - ETA: 2s - loss: 0.3712 - acc: 0.8458
 710/1460 [=============>................] - ETA: 1s - loss: 0.3014 - acc: 0.8817
 940/1460 [==================>...........] - ETA: 0s - loss: 0.2655 - acc: 0.8968
1170/1460 [=======================>......] - ETA: 0s - loss: 0.2410 - acc: 0.9077
1400/1460 [===========================>..] - ETA: 0s - loss: 0.2149 - acc: 0.9179
1460/1460 [==============================] - 2s 1ms/step - loss: 0.2115 - acc: 0.9199 - val_loss: 0.1095 - val_acc: 0.9568
Epoch 2/30

  10/1460 [..............................] - ETA: 0s - loss: 0.2622 - acc: 0.9000
 250/1460 [====>.........................] - ETA: 0s - loss: 0.1116 - acc: 0.9600
 470/1460 [========>.....................] - ETA: 0s - loss: 0.0890 - acc: 0.9723
 710/1460 [=============>................] - ETA: 0s - loss: 0.0946 - acc: 0.9662
 940/1460 [==================>...........] - ETA: 0s - loss: 0.1057 - acc: 0.9628
1180/1460 [=======================>......] - ETA: 0s - loss: 0.1114 - acc: 0.9644
1410/1460 [===========================>..] - ETA: 0s - loss: 0.1130 - acc: 0.9631
1460/1460 [==============================] - 0s 226us/step - loss: 0.1124 - acc: 0.9630 - val_loss: 0.1328 - val_acc: 0.9568
Epoch 3/30

  10/1460 [..............................] - ETA: 0s - loss: 0.0855 - acc: 1.0000
 200/1460 [===>..........................] - ETA: 0s - loss: 0.0997 - acc: 0.9500
 400/1460 [=======>......................] - ETA: 0s - loss: 0.0788 - acc: 0.9700
 600/1460 [===========>..................] - ETA: 0s - loss: 0.1128 - acc: 0.9583
 810/1460 [===============>..............] - ETA: 0s - loss: 0.1074 - acc: 0.9605
1020/1460 [===================>..........] - ETA: 0s - loss: 0.1051 - acc: 0.9647
1220/1460 [========================>.....] - ETA: 0s - loss: 0.1010 - acc: 0.9664
1450/1460 [============================>.] - ETA: 0s - loss: 0.0915 - acc: 0.9690
1460/1460 [==============================] - 0s 254us/step - loss: 0.0930 - acc: 0.9685 - val_loss: 0.1153 - val_acc: 0.9753
Epoch 4/30

  10/1460 [..............................] - ETA: 0s - loss: 0.0039 - acc: 1.0000
 270/1460 [====>.........................] - ETA: 0s - loss: 0.0674 - acc: 0.9778
 510/1460 [=========>....................] - ETA: 0s - loss: 0.0715 - acc: 0.9725
 760/1460 [==============>...............] - ETA: 0s - loss: 0.0910 - acc: 0.9684
 990/1460 [===================>..........] - ETA: 0s - loss: 0.0868 - acc: 0.9697
1230/1460 [========================>.....] - ETA: 0s - loss: 0.0875 - acc: 0.9691
1460/1460 [==============================] - 0s 214us/step - loss: 0.0868 - acc: 0.9705 - val_loss: 0.1080 - val_acc: 0.9815
Epoch 5/30

  10/1460 [..............................] - ETA: 0s - loss: 0.0123 - acc: 1.0000
 230/1460 [===>..........................] - ETA: 0s - loss: 0.0839 - acc: 0.9739
 430/1460 [=======>......................] - ETA: 0s - loss: 0.0724 - acc: 0.9767
 630/1460 [===========>..................] - ETA: 0s - loss: 0.0633 - acc: 0.9794
 840/1460 [================>.............] - ETA: 0s - loss: 0.0667 - acc: 0.9798
1050/1460 [====================>.........] - ETA: 0s - loss: 0.0611 - acc: 0.9800
1250/1460 [========================>.....] - ETA: 0s - loss: 0.0634 - acc: 0.9784
1460/1460 [==============================] - 0s 254us/step - loss: 0.0640 - acc: 0.9788 - val_loss: 0.1275 - val_acc: 0.9815
Epoch 6/30

  10/1460 [..............................] - ETA: 0s - loss: 0.0061 - acc: 1.0000
 220/1460 [===>..........................] - ETA: 0s - loss: 0.0171 - acc: 0.9955
 410/1460 [=======>......................] - ETA: 0s - loss: 0.0243 - acc: 0.9951
 620/1460 [===========>..................] - ETA: 0s - loss: 0.0425 - acc: 0.9871
 830/1460 [================>.............] - ETA: 0s - loss: 0.0426 - acc: 0.9867
1020/1460 [===================>..........] - ETA: 0s - loss: 0.0472 - acc: 0.9863
1230/1460 [========================>.....] - ETA: 0s - loss: 0.0526 - acc: 0.9837
1430/1460 [============================>.] - ETA: 0s - loss: 0.0729 - acc: 0.9755
1460/1460 [==============================] - 0s 262us/step - loss: 0.0792 - acc: 0.9733 - val_loss: 0.1711 - val_acc: 0.9630
Epoch 7/30

  10/1460 [..............................] - ETA: 0s - loss: 0.0049 - acc: 1.0000
 210/1460 [===>..........................] - ETA: 0s - loss: 0.0639 - acc: 0.9762
 410/1460 [=======>......................] - ETA: 0s - loss: 0.0789 - acc: 0.9707
 610/1460 [===========>..................] - ETA: 0s - loss: 0.0814 - acc: 0.9705
 810/1460 [===============>..............] - ETA: 0s - loss: 0.0825 - acc: 0.9691
1020/1460 [===================>..........] - ETA: 0s - loss: 0.0835 - acc: 0.9706
1210/1460 [=======================>......] - ETA: 0s - loss: 0.0791 - acc: 0.9702
1420/1460 [============================>.] - ETA: 0s - loss: 0.0742 - acc: 0.9711
1460/1460 [==============================] - 0s 261us/step - loss: 0.0725 - acc: 0.9719 - val_loss: 0.1790 - val_acc: 0.9630
Epoch 8/30

  10/1460 [..............................] - ETA: 0s - loss: 0.0785 - acc: 1.0000
 210/1460 [===>..........................] - ETA: 0s - loss: 0.0365 - acc: 0.9952
 420/1460 [=======>......................] - ETA: 0s - loss: 0.0392 - acc: 0.9952
 610/1460 [===========>..................] - ETA: 0s - loss: 0.0413 - acc: 0.9902
 810/1460 [===============>..............] - ETA: 0s - loss: 0.0414 - acc: 0.9901
1000/1460 [===================>..........] - ETA: 0s - loss: 0.0411 - acc: 0.9880
1200/1460 [=======================>......] - ETA: 0s - loss: 0.0455 - acc: 0.9858
1400/1460 [===========================>..] - ETA: 0s - loss: 0.0526 - acc: 0.9836
1460/1460 [==============================] - 0s 267us/step - loss: 0.0543 - acc: 0.9829 - val_loss: 0.1379 - val_acc: 0.9753
Epoch 9/30

  10/1460 [..............................] - ETA: 0s - loss: 0.0359 - acc: 1.0000
 220/1460 [===>..........................] - ETA: 0s - loss: 0.0292 - acc: 0.9909
 430/1460 [=======>......................] - ETA: 0s - loss: 0.0492 - acc: 0.9814
 630/1460 [===========>..................] - ETA: 0s - loss: 0.0557 - acc: 0.9825
 850/1460 [================>.............] - ETA: 0s - loss: 0.0493 - acc: 0.9847
1060/1460 [====================>.........] - ETA: 0s - loss: 0.0451 - acc: 0.9858
1260/1460 [========================>.....] - ETA: 0s - loss: 0.0490 - acc: 0.9833
1460/1460 [==============================] - 0s 257us/step - loss: 0.0453 - acc: 0.9849 - val_loss: 0.1518 - val_acc: 0.9691
Epoch 10/30

  10/1460 [..............................] - ETA: 0s - loss: 1.7247e-04 - acc: 1.0000
 210/1460 [===>..........................] - ETA: 0s - loss: 0.0286 - acc: 0.9905    
 410/1460 [=======>......................] - ETA: 0s - loss: 0.0635 - acc: 0.9780
 590/1460 [===========>..................] - ETA: 0s - loss: 0.0585 - acc: 0.9814
 800/1460 [===============>..............] - ETA: 0s - loss: 0.0519 - acc: 0.9825
1010/1460 [===================>..........] - ETA: 0s - loss: 0.0634 - acc: 0.9782
1210/1460 [=======================>......] - ETA: 0s - loss: 0.0676 - acc: 0.9760
1420/1460 [============================>.] - ETA: 0s - loss: 0.0729 - acc: 0.9732
1460/1460 [==============================] - 0s 265us/step - loss: 0.0727 - acc: 0.9733 - val_loss: 0.1301 - val_acc: 0.9753
Epoch 11/30

  10/1460 [..............................] - ETA: 0s - loss: 0.0384 - acc: 1.0000
 210/1460 [===>..........................] - ETA: 0s - loss: 0.0780 - acc: 0.9667
 420/1460 [=======>......................] - ETA: 0s - loss: 0.0795 - acc: 0.9714
 620/1460 [===========>..................] - ETA: 0s - loss: 0.0725 - acc: 0.9726
 830/1460 [================>.............] - ETA: 0s - loss: 0.0874 - acc: 0.9687
1040/1460 [====================>.........] - ETA: 0s - loss: 0.1014 - acc: 0.9663
1240/1460 [========================>.....] - ETA: 0s - loss: 0.0939 - acc: 0.9669
1440/1460 [============================>.] - ETA: 0s - loss: 0.0945 - acc: 0.9681
1460/1460 [==============================] - 0s 260us/step - loss: 0.0943 - acc: 0.9678 - val_loss: 0.0747 - val_acc: 0.9753
acc: 98.15%
Train on 1460 samples, validate on 162 samples
Epoch 1/30

  10/1460 [..............................] - ETA: 3:53 - loss: 0.6727 - acc: 0.6000
 210/1460 [===>..........................] - ETA: 9s - loss: 0.6392 - acc: 0.7190  
 410/1460 [=======>......................] - ETA: 4s - loss: 0.4464 - acc: 0.8293
 620/1460 [===========>..................] - ETA: 2s - loss: 0.3490 - acc: 0.8661
 820/1460 [===============>..............] - ETA: 1s - loss: 0.2988 - acc: 0.8902
1030/1460 [====================>.........] - ETA: 0s - loss: 0.2638 - acc: 0.9049
1240/1460 [========================>.....] - ETA: 0s - loss: 0.2474 - acc: 0.9113
1460/1460 [==============================] - 2s 1ms/step - loss: 0.2333 - acc: 0.9158 - val_loss: 0.1441 - val_acc: 0.9568
Epoch 2/30

  10/1460 [..............................] - ETA: 0s - loss: 0.0552 - acc: 1.0000
 240/1460 [===>..........................] - ETA: 0s - loss: 0.0815 - acc: 0.9708
 490/1460 [=========>....................] - ETA: 0s - loss: 0.0661 - acc: 0.9796
 730/1460 [==============>...............] - ETA: 0s - loss: 0.0872 - acc: 0.9699
 970/1460 [==================>...........] - ETA: 0s - loss: 0.0958 - acc: 0.9649
1210/1460 [=======================>......] - ETA: 0s - loss: 0.1063 - acc: 0.9612
1440/1460 [============================>.] - ETA: 0s - loss: 0.1098 - acc: 0.9625
1460/1460 [==============================] - 0s 222us/step - loss: 0.1116 - acc: 0.9616 - val_loss: 0.1807 - val_acc: 0.9506
Epoch 3/30

  10/1460 [..............................] - ETA: 0s - loss: 0.0465 - acc: 1.0000
 240/1460 [===>..........................] - ETA: 0s - loss: 0.0770 - acc: 0.9750
 480/1460 [========>.....................] - ETA: 0s - loss: 0.0946 - acc: 0.9667
 710/1460 [=============>................] - ETA: 0s - loss: 0.0930 - acc: 0.9718
 940/1460 [==================>...........] - ETA: 0s - loss: 0.0944 - acc: 0.9723
1170/1460 [=======================>......] - ETA: 0s - loss: 0.1076 - acc: 0.9667
1400/1460 [===========================>..] - ETA: 0s - loss: 0.1030 - acc: 0.9686
1460/1460 [==============================] - 0s 227us/step - loss: 0.1038 - acc: 0.9685 - val_loss: 0.1467 - val_acc: 0.9444
Epoch 4/30

  10/1460 [..............................] - ETA: 0s - loss: 0.0581 - acc: 1.0000
 240/1460 [===>..........................] - ETA: 0s - loss: 0.0426 - acc: 0.9917
 480/1460 [========>.....................] - ETA: 0s - loss: 0.0555 - acc: 0.9875
 720/1460 [=============>................] - ETA: 0s - loss: 0.0611 - acc: 0.9792
 970/1460 [==================>...........] - ETA: 0s - loss: 0.0686 - acc: 0.9753
1210/1460 [=======================>......] - ETA: 0s - loss: 0.0652 - acc: 0.9777
1460/1460 [==============================] - 0s 217us/step - loss: 0.0694 - acc: 0.9747 - val_loss: 0.1665 - val_acc: 0.9568
Epoch 5/30

  10/1460 [..............................] - ETA: 0s - loss: 0.0068 - acc: 1.0000
 240/1460 [===>..........................] - ETA: 0s - loss: 0.0642 - acc: 0.9833
 480/1460 [========>.....................] - ETA: 0s - loss: 0.0660 - acc: 0.9812
 720/1460 [=============>................] - ETA: 0s - loss: 0.0647 - acc: 0.9833
 960/1460 [==================>...........] - ETA: 0s - loss: 0.0725 - acc: 0.9792
1180/1460 [=======================>......] - ETA: 0s - loss: 0.0721 - acc: 0.9780
1430/1460 [============================>.] - ETA: 0s - loss: 0.0714 - acc: 0.9776
1460/1460 [==============================] - 0s 223us/step - loss: 0.0713 - acc: 0.9781 - val_loss: 0.1482 - val_acc: 0.9506
Epoch 6/30

  10/1460 [..............................] - ETA: 0s - loss: 0.0022 - acc: 1.0000
 240/1460 [===>..........................] - ETA: 0s - loss: 0.0459 - acc: 0.9833
 470/1460 [========>.....................] - ETA: 0s - loss: 0.0716 - acc: 0.9787
 710/1460 [=============>................] - ETA: 0s - loss: 0.0874 - acc: 0.9690
 960/1460 [==================>...........] - ETA: 0s - loss: 0.0776 - acc: 0.9740
1190/1460 [=======================>......] - ETA: 0s - loss: 0.0755 - acc: 0.9748
1430/1460 [============================>.] - ETA: 0s - loss: 0.0739 - acc: 0.9727
1460/1460 [==============================] - 0s 220us/step - loss: 0.0726 - acc: 0.9733 - val_loss: 0.1476 - val_acc: 0.9568
Epoch 7/30

  10/1460 [..............................] - ETA: 0s - loss: 0.0045 - acc: 1.0000
 250/1460 [====>.........................] - ETA: 0s - loss: 0.0567 - acc: 0.9840
 480/1460 [========>.....................] - ETA: 0s - loss: 0.0550 - acc: 0.9875
 710/1460 [=============>................] - ETA: 0s - loss: 0.0553 - acc: 0.9873
 950/1460 [==================>...........] - ETA: 0s - loss: 0.0578 - acc: 0.9821
1190/1460 [=======================>......] - ETA: 0s - loss: 0.0636 - acc: 0.9798
1430/1460 [============================>.] - ETA: 0s - loss: 0.0591 - acc: 0.9818
1460/1460 [==============================] - 0s 224us/step - loss: 0.0583 - acc: 0.9822 - val_loss: 0.2060 - val_acc: 0.9321
Epoch 8/30

  10/1460 [..............................] - ETA: 0s - loss: 0.0624 - acc: 1.0000
 250/1460 [====>.........................] - ETA: 0s - loss: 0.0355 - acc: 0.9880
 490/1460 [=========>....................] - ETA: 0s - loss: 0.0411 - acc: 0.9857
 720/1460 [=============>................] - ETA: 0s - loss: 0.0415 - acc: 0.9861
 950/1460 [==================>...........] - ETA: 0s - loss: 0.0474 - acc: 0.9832
1190/1460 [=======================>......] - ETA: 0s - loss: 0.0475 - acc: 0.9824
1440/1460 [============================>.] - ETA: 0s - loss: 0.0513 - acc: 0.9792
1460/1460 [==============================] - 0s 221us/step - loss: 0.0506 - acc: 0.9795 - val_loss: 0.1571 - val_acc: 0.9568
acc: 95.68%
Train on 1461 samples, validate on 161 samples
Epoch 1/30

  10/1461 [..............................] - ETA: 4:17 - loss: 0.6554 - acc: 0.6000
 210/1461 [===>..........................] - ETA: 10s - loss: 0.6110 - acc: 0.7095 
 420/1461 [=======>......................] - ETA: 4s - loss: 0.4144 - acc: 0.8167 
 620/1461 [===========>..................] - ETA: 2s - loss: 0.3262 - acc: 0.8629
 830/1461 [================>.............] - ETA: 1s - loss: 0.3071 - acc: 0.8747
1030/1461 [====================>.........] - ETA: 0s - loss: 0.2837 - acc: 0.8845
1230/1461 [========================>.....] - ETA: 0s - loss: 0.2594 - acc: 0.8984
1430/1461 [============================>.] - ETA: 0s - loss: 0.2383 - acc: 0.9077
1461/1461 [==============================] - 2s 2ms/step - loss: 0.2348 - acc: 0.9090 - val_loss: 0.0618 - val_acc: 0.9752
Epoch 2/30

  10/1461 [..............................] - ETA: 0s - loss: 0.0045 - acc: 1.0000
 200/1461 [===>..........................] - ETA: 0s - loss: 0.1519 - acc: 0.9300
 400/1461 [=======>......................] - ETA: 0s - loss: 0.1199 - acc: 0.9500
 590/1461 [===========>..................] - ETA: 0s - loss: 0.1066 - acc: 0.9627
 790/1461 [===============>..............] - ETA: 0s - loss: 0.1100 - acc: 0.9658
1000/1461 [===================>..........] - ETA: 0s - loss: 0.1074 - acc: 0.9680
1190/1461 [=======================>......] - ETA: 0s - loss: 0.1016 - acc: 0.9689
1390/1461 [===========================>..] - ETA: 0s - loss: 0.1052 - acc: 0.9676
1461/1461 [==============================] - 0s 270us/step - loss: 0.1050 - acc: 0.9671 - val_loss: 0.0804 - val_acc: 0.9814
Epoch 3/30

  10/1461 [..............................] - ETA: 0s - loss: 0.0300 - acc: 1.0000
 200/1461 [===>..........................] - ETA: 0s - loss: 0.1280 - acc: 0.9600
 400/1461 [=======>......................] - ETA: 0s - loss: 0.0880 - acc: 0.9675
 600/1461 [===========>..................] - ETA: 0s - loss: 0.1060 - acc: 0.9617
 800/1461 [===============>..............] - ETA: 0s - loss: 0.0966 - acc: 0.9625
 980/1461 [===================>..........] - ETA: 0s - loss: 0.0910 - acc: 0.9643
1190/1461 [=======================>......] - ETA: 0s - loss: 0.0840 - acc: 0.9672
1400/1461 [===========================>..] - ETA: 0s - loss: 0.0988 - acc: 0.9607
1461/1461 [==============================] - 0s 266us/step - loss: 0.0989 - acc: 0.9589 - val_loss: 0.1083 - val_acc: 0.9689
Epoch 4/30

  10/1461 [..............................] - ETA: 0s - loss: 0.0037 - acc: 1.0000
 210/1461 [===>..........................] - ETA: 0s - loss: 0.0759 - acc: 0.9857
 410/1461 [=======>......................] - ETA: 0s - loss: 0.0987 - acc: 0.9707
 610/1461 [===========>..................] - ETA: 0s - loss: 0.0997 - acc: 0.9623
 810/1461 [===============>..............] - ETA: 0s - loss: 0.0971 - acc: 0.9617
1000/1461 [===================>..........] - ETA: 0s - loss: 0.0907 - acc: 0.9630
1200/1461 [=======================>......] - ETA: 0s - loss: 0.0906 - acc: 0.9658
1400/1461 [===========================>..] - ETA: 0s - loss: 0.0910 - acc: 0.9657
1461/1461 [==============================] - 0s 269us/step - loss: 0.0945 - acc: 0.9658 - val_loss: 0.0882 - val_acc: 0.9814
Epoch 5/30

  10/1461 [..............................] - ETA: 0s - loss: 0.0512 - acc: 1.0000
 210/1461 [===>..........................] - ETA: 0s - loss: 0.0441 - acc: 0.9857
 410/1461 [=======>......................] - ETA: 0s - loss: 0.0747 - acc: 0.9707
 610/1461 [===========>..................] - ETA: 0s - loss: 0.0645 - acc: 0.9738
 820/1461 [===============>..............] - ETA: 0s - loss: 0.0652 - acc: 0.9744
1010/1461 [===================>..........] - ETA: 0s - loss: 0.0711 - acc: 0.9733
1210/1461 [=======================>......] - ETA: 0s - loss: 0.0782 - acc: 0.9711
1420/1461 [============================>.] - ETA: 0s - loss: 0.0790 - acc: 0.9711
1461/1461 [==============================] - 0s 264us/step - loss: 0.0828 - acc: 0.9678 - val_loss: 0.0625 - val_acc: 0.9814
Epoch 6/30

  10/1461 [..............................] - ETA: 0s - loss: 0.0332 - acc: 1.0000
 210/1461 [===>..........................] - ETA: 0s - loss: 0.0778 - acc: 0.9810
 410/1461 [=======>......................] - ETA: 0s - loss: 0.0529 - acc: 0.9902
 610/1461 [===========>..................] - ETA: 0s - loss: 0.0467 - acc: 0.9918
 810/1461 [===============>..............] - ETA: 0s - loss: 0.0469 - acc: 0.9901
1000/1461 [===================>..........] - ETA: 0s - loss: 0.0514 - acc: 0.9890
1200/1461 [=======================>......] - ETA: 0s - loss: 0.0608 - acc: 0.9867
1400/1461 [===========================>..] - ETA: 0s - loss: 0.0699 - acc: 0.9821
1461/1461 [==============================] - 0s 267us/step - loss: 0.0680 - acc: 0.9829 - val_loss: 0.0941 - val_acc: 0.9627
Epoch 7/30

  10/1461 [..............................] - ETA: 0s - loss: 0.0864 - acc: 0.9000
 190/1461 [==>...........................] - ETA: 0s - loss: 0.0536 - acc: 0.9842
 380/1461 [======>.......................] - ETA: 0s - loss: 0.0541 - acc: 0.9816
 580/1461 [==========>...................] - ETA: 0s - loss: 0.0729 - acc: 0.9776
 790/1461 [===============>..............] - ETA: 0s - loss: 0.0781 - acc: 0.9734
 990/1461 [===================>..........] - ETA: 0s - loss: 0.0898 - acc: 0.9687
1190/1461 [=======================>......] - ETA: 0s - loss: 0.0857 - acc: 0.9689
1390/1461 [===========================>..] - ETA: 0s - loss: 0.0893 - acc: 0.9683
1461/1461 [==============================] - 0s 269us/step - loss: 0.0924 - acc: 0.9671 - val_loss: 0.0988 - val_acc: 0.9627
Epoch 8/30

  10/1461 [..............................] - ETA: 0s - loss: 0.0049 - acc: 1.0000
 210/1461 [===>..........................] - ETA: 0s - loss: 0.0567 - acc: 0.9905
 410/1461 [=======>......................] - ETA: 0s - loss: 0.0408 - acc: 0.9927
 610/1461 [===========>..................] - ETA: 0s - loss: 0.0666 - acc: 0.9836
 810/1461 [===============>..............] - ETA: 0s - loss: 0.0545 - acc: 0.9852
1000/1461 [===================>..........] - ETA: 0s - loss: 0.0669 - acc: 0.9830
1200/1461 [=======================>......] - ETA: 0s - loss: 0.0586 - acc: 0.9858
1390/1461 [===========================>..] - ETA: 0s - loss: 0.0599 - acc: 0.9856
1461/1461 [==============================] - 0s 270us/step - loss: 0.0579 - acc: 0.9856 - val_loss: 0.0387 - val_acc: 0.9814
Epoch 9/30

  10/1461 [..............................] - ETA: 0s - loss: 0.0172 - acc: 1.0000
 200/1461 [===>..........................] - ETA: 0s - loss: 0.0314 - acc: 0.9800
 410/1461 [=======>......................] - ETA: 0s - loss: 0.0298 - acc: 0.9878
 620/1461 [===========>..................] - ETA: 0s - loss: 0.0365 - acc: 0.9855
 830/1461 [================>.............] - ETA: 0s - loss: 0.0417 - acc: 0.9855
1030/1461 [====================>.........] - ETA: 0s - loss: 0.0431 - acc: 0.9864
1230/1461 [========================>.....] - ETA: 0s - loss: 0.0581 - acc: 0.9854
1430/1461 [============================>.] - ETA: 0s - loss: 0.0541 - acc: 0.9860
1461/1461 [==============================] - 0s 264us/step - loss: 0.0531 - acc: 0.9863 - val_loss: 0.0368 - val_acc: 0.9814
acc: 98.14%
Accuracy: 97.35% (+/- 1.03%)
