Train on 1297 samples, validate on 325 samples
Epoch 1/30

  50/1297 [>.............................] - ETA: 11s - loss: 0.6818 - acc: 0.6000
1297/1297 [==============================] - 1s 429us/step - loss: 0.2349 - acc: 0.9106 - val_loss: 0.1543 - val_acc: 0.9415
Epoch 2/30

  50/1297 [>.............................] - ETA: 0s - loss: 0.0444 - acc: 1.0000
1297/1297 [==============================] - 0s 37us/step - loss: 0.0482 - acc: 0.9807 - val_loss: 0.1429 - val_acc: 0.9508
Epoch 3/30

  50/1297 [>.............................] - ETA: 0s - loss: 0.0338 - acc: 0.9800
1250/1297 [===========================>..] - ETA: 0s - loss: 0.0316 - acc: 0.9904
1297/1297 [==============================] - 0s 45us/step - loss: 0.0316 - acc: 0.9900 - val_loss: 0.1424 - val_acc: 0.9415
Epoch 4/30

  50/1297 [>.............................] - ETA: 0s - loss: 0.0104 - acc: 1.0000
1297/1297 [==============================] - 0s 37us/step - loss: 0.0203 - acc: 0.9961 - val_loss: 0.1394 - val_acc: 0.9538
Epoch 5/30

  50/1297 [>.............................] - ETA: 0s - loss: 0.0083 - acc: 1.0000
1297/1297 [==============================] - 0s 42us/step - loss: 0.0164 - acc: 0.9977 - val_loss: 0.1385 - val_acc: 0.9631
Epoch 6/30

  50/1297 [>.............................] - ETA: 0s - loss: 0.0078 - acc: 1.0000
1297/1297 [==============================] - 0s 42us/step - loss: 0.0159 - acc: 0.9969 - val_loss: 0.1609 - val_acc: 0.9538
Epoch 7/30

  50/1297 [>.............................] - ETA: 0s - loss: 0.0048 - acc: 1.0000
1297/1297 [==============================] - 0s 45us/step - loss: 0.0157 - acc: 0.9969 - val_loss: 0.1567 - val_acc: 0.9477
acc: 96.31%
Train on 1297 samples, validate on 325 samples
Epoch 1/30

  50/1297 [>.............................] - ETA: 13s - loss: 0.6803 - acc: 0.5600
1297/1297 [==============================] - 1s 497us/step - loss: 0.2253 - acc: 0.9098 - val_loss: 0.1481 - val_acc: 0.9600
Epoch 2/30

  50/1297 [>.............................] - ETA: 0s - loss: 0.0436 - acc: 1.0000
1297/1297 [==============================] - 0s 39us/step - loss: 0.0509 - acc: 0.9815 - val_loss: 0.1235 - val_acc: 0.9631
Epoch 3/30

  50/1297 [>.............................] - ETA: 0s - loss: 0.0487 - acc: 0.9800
1297/1297 [==============================] - 0s 40us/step - loss: 0.0300 - acc: 0.9938 - val_loss: 0.1187 - val_acc: 0.9600
Epoch 4/30

  50/1297 [>.............................] - ETA: 0s - loss: 0.0062 - acc: 1.0000
1297/1297 [==============================] - 0s 42us/step - loss: 0.0189 - acc: 0.9946 - val_loss: 0.1054 - val_acc: 0.9662
Epoch 5/30

  50/1297 [>.............................] - ETA: 0s - loss: 0.0081 - acc: 1.0000
1297/1297 [==============================] - 0s 39us/step - loss: 0.0165 - acc: 0.9969 - val_loss: 0.1187 - val_acc: 0.9692
Epoch 6/30

  50/1297 [>.............................] - ETA: 0s - loss: 0.0102 - acc: 1.0000
1297/1297 [==============================] - 0s 42us/step - loss: 0.0159 - acc: 0.9961 - val_loss: 0.1077 - val_acc: 0.9754
Epoch 7/30

  50/1297 [>.............................] - ETA: 0s - loss: 0.0061 - acc: 1.0000
1297/1297 [==============================] - 0s 40us/step - loss: 0.0139 - acc: 0.9969 - val_loss: 0.1047 - val_acc: 0.9723
Epoch 8/30

  50/1297 [>.............................] - ETA: 0s - loss: 0.0019 - acc: 1.0000
1297/1297 [==============================] - 0s 40us/step - loss: 0.0139 - acc: 0.9977 - val_loss: 0.1048 - val_acc: 0.9785
Epoch 9/30

  50/1297 [>.............................] - ETA: 0s - loss: 0.0012 - acc: 1.0000
1297/1297 [==============================] - 0s 43us/step - loss: 0.0109 - acc: 0.9977 - val_loss: 0.0975 - val_acc: 0.9754
Epoch 10/30

  50/1297 [>.............................] - ETA: 0s - loss: 0.0028 - acc: 1.0000
1297/1297 [==============================] - 0s 41us/step - loss: 0.0113 - acc: 0.9969 - val_loss: 0.1035 - val_acc: 0.9723
acc: 97.85%
Train on 1297 samples, validate on 325 samples
Epoch 1/30

  50/1297 [>.............................] - ETA: 15s - loss: 0.7161 - acc: 0.4400
1297/1297 [==============================] - 1s 575us/step - loss: 0.2345 - acc: 0.8944 - val_loss: 0.0787 - val_acc: 0.9754
Epoch 2/30

  50/1297 [>.............................] - ETA: 0s - loss: 0.1385 - acc: 0.9600
1297/1297 [==============================] - 0s 40us/step - loss: 0.0586 - acc: 0.9776 - val_loss: 0.0804 - val_acc: 0.9815
Epoch 3/30

  50/1297 [>.............................] - ETA: 0s - loss: 0.0614 - acc: 0.9800
1297/1297 [==============================] - 0s 38us/step - loss: 0.0405 - acc: 0.9877 - val_loss: 0.0639 - val_acc: 0.9815
Epoch 4/30

  50/1297 [>.............................] - ETA: 0s - loss: 0.0105 - acc: 1.0000
1297/1297 [==============================] - 0s 42us/step - loss: 0.0246 - acc: 0.9931 - val_loss: 0.0731 - val_acc: 0.9754
acc: 98.15%
Train on 1298 samples, validate on 324 samples
Epoch 1/30

  50/1298 [>.............................] - ETA: 21s - loss: 0.6876 - acc: 0.5200
1050/1298 [=======================>......] - ETA: 0s - loss: 0.2999 - acc: 0.8714 
1298/1298 [==============================] - 1s 785us/step - loss: 0.2678 - acc: 0.8883 - val_loss: 0.0884 - val_acc: 0.9722
Epoch 2/30

  50/1298 [>.............................] - ETA: 0s - loss: 0.0616 - acc: 0.9800
1000/1298 [======================>.......] - ETA: 0s - loss: 0.0494 - acc: 0.9810
1298/1298 [==============================] - 0s 58us/step - loss: 0.0518 - acc: 0.9800 - val_loss: 0.0847 - val_acc: 0.9784
Epoch 3/30

  50/1298 [>.............................] - ETA: 0s - loss: 0.0136 - acc: 1.0000
 900/1298 [===================>..........] - ETA: 0s - loss: 0.0242 - acc: 0.9944
1298/1298 [==============================] - 0s 61us/step - loss: 0.0239 - acc: 0.9946 - val_loss: 0.0996 - val_acc: 0.9815
Epoch 4/30

  50/1298 [>.............................] - ETA: 0s - loss: 0.0040 - acc: 1.0000
 950/1298 [====================>.........] - ETA: 0s - loss: 0.0232 - acc: 0.9937
1298/1298 [==============================] - 0s 65us/step - loss: 0.0195 - acc: 0.9954 - val_loss: 0.0888 - val_acc: 0.9784
Epoch 5/30

  50/1298 [>.............................] - ETA: 0s - loss: 0.0026 - acc: 1.0000
1200/1298 [==========================>...] - ETA: 0s - loss: 0.0141 - acc: 0.9958
1298/1298 [==============================] - 0s 50us/step - loss: 0.0135 - acc: 0.9961 - val_loss: 0.1034 - val_acc: 0.9815
acc: 98.15%
Train on 1299 samples, validate on 323 samples
Epoch 1/30

  50/1299 [>.............................] - ETA: 19s - loss: 0.7066 - acc: 0.5400
1299/1299 [==============================] - 1s 724us/step - loss: 0.2365 - acc: 0.9045 - val_loss: 0.0820 - val_acc: 0.9752
Epoch 2/30

  50/1299 [>.............................] - ETA: 0s - loss: 0.0127 - acc: 1.0000
1299/1299 [==============================] - 0s 42us/step - loss: 0.0575 - acc: 0.9815 - val_loss: 0.0970 - val_acc: 0.9690
Epoch 3/30

  50/1299 [>.............................] - ETA: 0s - loss: 0.1083 - acc: 0.9800
1299/1299 [==============================] - 0s 39us/step - loss: 0.0464 - acc: 0.9877 - val_loss: 0.0844 - val_acc: 0.9814
Epoch 4/30

  50/1299 [>.............................] - ETA: 0s - loss: 0.0121 - acc: 1.0000
1299/1299 [==============================] - 0s 39us/step - loss: 0.0286 - acc: 0.9923 - val_loss: 0.0787 - val_acc: 0.9845
Epoch 5/30

  50/1299 [>.............................] - ETA: 0s - loss: 0.0085 - acc: 1.0000
1299/1299 [==============================] - 0s 40us/step - loss: 0.0224 - acc: 0.9931 - val_loss: 0.0744 - val_acc: 0.9814
Epoch 6/30

  50/1299 [>.............................] - ETA: 0s - loss: 0.0074 - acc: 1.0000
1299/1299 [==============================] - 0s 39us/step - loss: 0.0155 - acc: 0.9954 - val_loss: 0.0750 - val_acc: 0.9814
acc: 98.45%
Accuracy: 97.78% (+/- 0.76%)
