Train on 1505 samples, validate on 117 samples
Epoch 1/30

  10/1505 [..............................] - ETA: 1:06 - loss: 0.7372 - acc: 0.3000
 270/1505 [====>.........................] - ETA: 2s - loss: 0.5017 - acc: 0.7259  
 520/1505 [=========>....................] - ETA: 1s - loss: 0.3485 - acc: 0.8308
 810/1505 [===============>..............] - ETA: 0s - loss: 0.2485 - acc: 0.8852
1070/1505 [====================>.........] - ETA: 0s - loss: 0.2281 - acc: 0.9000
1360/1505 [==========================>...] - ETA: 0s - loss: 0.2035 - acc: 0.9125
1505/1505 [==============================] - 1s 524us/step - loss: 0.2000 - acc: 0.9156 - val_loss: 0.1173 - val_acc: 0.9573
Epoch 2/30

  10/1505 [..............................] - ETA: 0s - loss: 0.0719 - acc: 1.0000
 290/1505 [====>.........................] - ETA: 0s - loss: 0.0819 - acc: 0.9793
 570/1505 [==========>...................] - ETA: 0s - loss: 0.0678 - acc: 0.9860
 830/1505 [===============>..............] - ETA: 0s - loss: 0.0587 - acc: 0.9880
1090/1505 [====================>.........] - ETA: 0s - loss: 0.0534 - acc: 0.9881
1350/1505 [=========================>....] - ETA: 0s - loss: 0.0582 - acc: 0.9867
1505/1505 [==============================] - 0s 192us/step - loss: 0.0574 - acc: 0.9874 - val_loss: 0.0930 - val_acc: 0.9744
Epoch 3/30

  10/1505 [..............................] - ETA: 0s - loss: 0.0606 - acc: 1.0000
 310/1505 [=====>........................] - ETA: 0s - loss: 0.0228 - acc: 0.9935
 610/1505 [===========>..................] - ETA: 0s - loss: 0.0249 - acc: 0.9918
 900/1505 [================>.............] - ETA: 0s - loss: 0.0249 - acc: 0.9933
1180/1505 [======================>.......] - ETA: 0s - loss: 0.0231 - acc: 0.9941
1480/1505 [============================>.] - ETA: 0s - loss: 0.0282 - acc: 0.9939
1505/1505 [==============================] - 0s 178us/step - loss: 0.0280 - acc: 0.9940 - val_loss: 0.0863 - val_acc: 0.9658
Epoch 4/30

  10/1505 [..............................] - ETA: 0s - loss: 0.0048 - acc: 1.0000
 310/1505 [=====>........................] - ETA: 0s - loss: 0.0103 - acc: 0.9968
 610/1505 [===========>..................] - ETA: 0s - loss: 0.0083 - acc: 0.9984
 920/1505 [=================>............] - ETA: 0s - loss: 0.0151 - acc: 0.9957
1230/1505 [=======================>......] - ETA: 0s - loss: 0.0140 - acc: 0.9959
1505/1505 [==============================] - 0s 171us/step - loss: 0.0160 - acc: 0.9953 - val_loss: 0.0846 - val_acc: 0.9744
acc: 97.44%
Train on 1505 samples, validate on 117 samples
Epoch 1/30

  10/1505 [..............................] - ETA: 1:22 - loss: 0.6853 - acc: 0.4000
 320/1505 [=====>........................] - ETA: 2s - loss: 0.3967 - acc: 0.8125  
 620/1505 [===========>..................] - ETA: 0s - loss: 0.2601 - acc: 0.8839
 890/1505 [================>.............] - ETA: 0s - loss: 0.2195 - acc: 0.9045
1120/1505 [=====================>........] - ETA: 0s - loss: 0.1869 - acc: 0.9205
1360/1505 [==========================>...] - ETA: 0s - loss: 0.1674 - acc: 0.9301
1505/1505 [==============================] - 1s 605us/step - loss: 0.1635 - acc: 0.9336 - val_loss: 0.1277 - val_acc: 0.9658
Epoch 2/30

  10/1505 [..............................] - ETA: 0s - loss: 0.1521 - acc: 1.0000
 250/1505 [===>..........................] - ETA: 0s - loss: 0.0374 - acc: 0.9960
 500/1505 [========>.....................] - ETA: 0s - loss: 0.0371 - acc: 0.9940
 740/1505 [=============>................] - ETA: 0s - loss: 0.0430 - acc: 0.9905
 980/1505 [==================>...........] - ETA: 0s - loss: 0.0425 - acc: 0.9908
1250/1505 [=======================>......] - ETA: 0s - loss: 0.0431 - acc: 0.9904
1505/1505 [==============================] - 0s 206us/step - loss: 0.0404 - acc: 0.9900 - val_loss: 0.0600 - val_acc: 0.9744
Epoch 3/30

  10/1505 [..............................] - ETA: 0s - loss: 0.0067 - acc: 1.0000
 280/1505 [====>.........................] - ETA: 0s - loss: 0.0284 - acc: 0.9929
 570/1505 [==========>...................] - ETA: 0s - loss: 0.0188 - acc: 0.9965
 860/1505 [================>.............] - ETA: 0s - loss: 0.0171 - acc: 0.9965
1160/1505 [======================>.......] - ETA: 0s - loss: 0.0191 - acc: 0.9966
1450/1505 [===========================>..] - ETA: 0s - loss: 0.0170 - acc: 0.9972
1505/1505 [==============================] - 0s 180us/step - loss: 0.0165 - acc: 0.9973 - val_loss: 0.0746 - val_acc: 0.9658
Epoch 4/30

  10/1505 [..............................] - ETA: 0s - loss: 0.0147 - acc: 1.0000
 300/1505 [====>.........................] - ETA: 0s - loss: 0.0036 - acc: 1.0000
 600/1505 [==========>...................] - ETA: 0s - loss: 0.0030 - acc: 1.0000
 880/1505 [================>.............] - ETA: 0s - loss: 0.0031 - acc: 1.0000
1170/1505 [======================>.......] - ETA: 0s - loss: 0.0057 - acc: 0.9991
1450/1505 [===========================>..] - ETA: 0s - loss: 0.0065 - acc: 0.9986
1505/1505 [==============================] - 0s 180us/step - loss: 0.0077 - acc: 0.9980 - val_loss: 0.0855 - val_acc: 0.9744
Epoch 5/30

  10/1505 [..............................] - ETA: 0s - loss: 0.0465 - acc: 1.0000
 310/1505 [=====>........................] - ETA: 0s - loss: 0.0195 - acc: 0.9968
 610/1505 [===========>..................] - ETA: 0s - loss: 0.0121 - acc: 0.9984
 910/1505 [=================>............] - ETA: 0s - loss: 0.0132 - acc: 0.9967
1200/1505 [======================>.......] - ETA: 0s - loss: 0.0110 - acc: 0.9975
1470/1505 [============================>.] - ETA: 0s - loss: 0.0120 - acc: 0.9973
1505/1505 [==============================] - 0s 179us/step - loss: 0.0118 - acc: 0.9973 - val_loss: 0.0686 - val_acc: 0.9744
Epoch 6/30

  10/1505 [..............................] - ETA: 0s - loss: 9.8255e-04 - acc: 1.0000
 280/1505 [====>.........................] - ETA: 0s - loss: 0.0115 - acc: 0.9964    
 570/1505 [==========>...................] - ETA: 0s - loss: 0.0073 - acc: 0.9982
 830/1505 [===============>..............] - ETA: 0s - loss: 0.0077 - acc: 0.9976
1100/1505 [====================>.........] - ETA: 0s - loss: 0.0083 - acc: 0.9973
1370/1505 [==========================>...] - ETA: 0s - loss: 0.0072 - acc: 0.9978
1505/1505 [==============================] - 0s 191us/step - loss: 0.0068 - acc: 0.9980 - val_loss: 0.0644 - val_acc: 0.9744
acc: 97.44%
Train on 1505 samples, validate on 117 samples
Epoch 1/30

  10/1505 [..............................] - ETA: 1:33 - loss: 0.6740 - acc: 0.6000
 220/1505 [===>..........................] - ETA: 3s - loss: 0.5800 - acc: 0.7182  
 490/1505 [========>.....................] - ETA: 1s - loss: 0.3861 - acc: 0.8469
 740/1505 [=============>................] - ETA: 0s - loss: 0.3005 - acc: 0.8797
 940/1505 [=================>............] - ETA: 0s - loss: 0.2564 - acc: 0.9000
1180/1505 [======================>.......] - ETA: 0s - loss: 0.2271 - acc: 0.9110
1410/1505 [===========================>..] - ETA: 0s - loss: 0.1990 - acc: 0.9234
1505/1505 [==============================] - 1s 699us/step - loss: 0.1931 - acc: 0.9262 - val_loss: 0.1444 - val_acc: 0.9316
Epoch 2/30

  10/1505 [..............................] - ETA: 0s - loss: 0.0359 - acc: 1.0000
 260/1505 [====>.........................] - ETA: 0s - loss: 0.0559 - acc: 0.9808
 500/1505 [========>.....................] - ETA: 0s - loss: 0.0447 - acc: 0.9860
 750/1505 [=============>................] - ETA: 0s - loss: 0.0404 - acc: 0.9880
 990/1505 [==================>...........] - ETA: 0s - loss: 0.0506 - acc: 0.9859
1290/1505 [========================>.....] - ETA: 0s - loss: 0.0491 - acc: 0.9837
1505/1505 [==============================] - 0s 200us/step - loss: 0.0444 - acc: 0.9860 - val_loss: 0.0941 - val_acc: 0.9573
Epoch 3/30

  10/1505 [..............................] - ETA: 0s - loss: 0.0076 - acc: 1.0000
 310/1505 [=====>........................] - ETA: 0s - loss: 0.0334 - acc: 0.9871
 610/1505 [===========>..................] - ETA: 0s - loss: 0.0320 - acc: 0.9902
 890/1505 [================>.............] - ETA: 0s - loss: 0.0255 - acc: 0.9933
1190/1505 [======================>.......] - ETA: 0s - loss: 0.0245 - acc: 0.9941
1480/1505 [============================>.] - ETA: 0s - loss: 0.0251 - acc: 0.9939
1505/1505 [==============================] - 0s 177us/step - loss: 0.0249 - acc: 0.9940 - val_loss: 0.0898 - val_acc: 0.9829
Epoch 4/30

  10/1505 [..............................] - ETA: 0s - loss: 0.0051 - acc: 1.0000
 300/1505 [====>.........................] - ETA: 0s - loss: 0.0119 - acc: 0.9967
 570/1505 [==========>...................] - ETA: 0s - loss: 0.0167 - acc: 0.9947
 820/1505 [===============>..............] - ETA: 0s - loss: 0.0139 - acc: 0.9963
1080/1505 [====================>.........] - ETA: 0s - loss: 0.0116 - acc: 0.9972
1330/1505 [=========================>....] - ETA: 0s - loss: 0.0110 - acc: 0.9977
1505/1505 [==============================] - 0s 198us/step - loss: 0.0134 - acc: 0.9973 - val_loss: 0.0777 - val_acc: 0.9744
Epoch 5/30

  10/1505 [..............................] - ETA: 0s - loss: 0.0028 - acc: 1.0000
 270/1505 [====>.........................] - ETA: 0s - loss: 0.0036 - acc: 1.0000
 540/1505 [=========>....................] - ETA: 0s - loss: 0.0035 - acc: 1.0000
 810/1505 [===============>..............] - ETA: 0s - loss: 0.0069 - acc: 0.9988
1110/1505 [=====================>........] - ETA: 0s - loss: 0.0090 - acc: 0.9982
1410/1505 [===========================>..] - ETA: 0s - loss: 0.0103 - acc: 0.9972
1505/1505 [==============================] - 0s 185us/step - loss: 0.0100 - acc: 0.9973 - val_loss: 0.0835 - val_acc: 0.9573
acc: 98.29%
Train on 1506 samples, validate on 116 samples
Epoch 1/30

  10/1506 [..............................] - ETA: 1:49 - loss: 0.6699 - acc: 0.6000
 280/1506 [====>.........................] - ETA: 3s - loss: 0.4881 - acc: 0.7571  
 500/1506 [========>.....................] - ETA: 1s - loss: 0.3477 - acc: 0.8460
 720/1506 [=============>................] - ETA: 0s - loss: 0.2748 - acc: 0.8806
 960/1506 [==================>...........] - ETA: 0s - loss: 0.2421 - acc: 0.8937
1180/1506 [======================>.......] - ETA: 0s - loss: 0.2101 - acc: 0.9110
1410/1506 [===========================>..] - ETA: 0s - loss: 0.1950 - acc: 0.9163
1506/1506 [==============================] - 1s 764us/step - loss: 0.1882 - acc: 0.9203 - val_loss: 0.0706 - val_acc: 0.9655
Epoch 2/30

  10/1506 [..............................] - ETA: 0s - loss: 0.0895 - acc: 1.0000
 290/1506 [====>.........................] - ETA: 0s - loss: 0.0621 - acc: 0.9862
 580/1506 [==========>...................] - ETA: 0s - loss: 0.0410 - acc: 0.9931
 860/1506 [================>.............] - ETA: 0s - loss: 0.0463 - acc: 0.9872
1120/1506 [=====================>........] - ETA: 0s - loss: 0.0559 - acc: 0.9839
1400/1506 [==========================>...] - ETA: 0s - loss: 0.0538 - acc: 0.9836
1506/1506 [==============================] - 0s 186us/step - loss: 0.0521 - acc: 0.9841 - val_loss: 0.0251 - val_acc: 1.0000
Epoch 3/30

  10/1506 [..............................] - ETA: 0s - loss: 0.0212 - acc: 1.0000
 290/1506 [====>.........................] - ETA: 0s - loss: 0.0322 - acc: 0.9931
 580/1506 [==========>...................] - ETA: 0s - loss: 0.0364 - acc: 0.9879
 850/1506 [===============>..............] - ETA: 0s - loss: 0.0310 - acc: 0.9906
1120/1506 [=====================>........] - ETA: 0s - loss: 0.0269 - acc: 0.9920
1410/1506 [===========================>..] - ETA: 0s - loss: 0.0240 - acc: 0.9929
1506/1506 [==============================] - 0s 187us/step - loss: 0.0268 - acc: 0.9927 - val_loss: 0.0133 - val_acc: 1.0000
Epoch 4/30

  10/1506 [..............................] - ETA: 0s - loss: 0.0063 - acc: 1.0000
 280/1506 [====>.........................] - ETA: 0s - loss: 0.0057 - acc: 1.0000
 550/1506 [=========>....................] - ETA: 0s - loss: 0.0053 - acc: 1.0000
 840/1506 [===============>..............] - ETA: 0s - loss: 0.0106 - acc: 0.9976
1130/1506 [=====================>........] - ETA: 0s - loss: 0.0129 - acc: 0.9965
1410/1506 [===========================>..] - ETA: 0s - loss: 0.0131 - acc: 0.9965
1506/1506 [==============================] - 0s 188us/step - loss: 0.0126 - acc: 0.9967 - val_loss: 0.0173 - val_acc: 1.0000
acc: 100.00%
Train on 1506 samples, validate on 116 samples
Epoch 1/30

  10/1506 [..............................] - ETA: 2:10 - loss: 0.7143 - acc: 0.4000
 300/1506 [====>.........................] - ETA: 3s - loss: 0.4357 - acc: 0.8100  
 590/1506 [==========>...................] - ETA: 1s - loss: 0.2656 - acc: 0.8915
 880/1506 [================>.............] - ETA: 0s - loss: 0.2209 - acc: 0.9125
1160/1506 [======================>.......] - ETA: 0s - loss: 0.1851 - acc: 0.9250
1440/1506 [===========================>..] - ETA: 0s - loss: 0.1587 - acc: 0.9375
1506/1506 [==============================] - 1s 821us/step - loss: 0.1581 - acc: 0.9376 - val_loss: 0.1480 - val_acc: 0.9310
Epoch 2/30

  10/1506 [..............................] - ETA: 0s - loss: 0.0103 - acc: 1.0000
 240/1506 [===>..........................] - ETA: 0s - loss: 0.0427 - acc: 0.9792
 480/1506 [========>.....................] - ETA: 0s - loss: 0.0554 - acc: 0.9771
 730/1506 [=============>................] - ETA: 0s - loss: 0.0527 - acc: 0.9795
 980/1506 [==================>...........] - ETA: 0s - loss: 0.0476 - acc: 0.9816
1250/1506 [=======================>......] - ETA: 0s - loss: 0.0502 - acc: 0.9824
1506/1506 [==============================] - 0s 208us/step - loss: 0.0498 - acc: 0.9834 - val_loss: 0.1194 - val_acc: 0.9483
Epoch 3/30

  10/1506 [..............................] - ETA: 0s - loss: 0.0090 - acc: 1.0000
 270/1506 [====>.........................] - ETA: 0s - loss: 0.0330 - acc: 0.9926
 530/1506 [=========>....................] - ETA: 0s - loss: 0.0323 - acc: 0.9925
 790/1506 [==============>...............] - ETA: 0s - loss: 0.0248 - acc: 0.9949
1040/1506 [===================>..........] - ETA: 0s - loss: 0.0227 - acc: 0.9942
1300/1506 [========================>.....] - ETA: 0s - loss: 0.0197 - acc: 0.9954
1506/1506 [==============================] - 0s 200us/step - loss: 0.0194 - acc: 0.9954 - val_loss: 0.1436 - val_acc: 0.9569
Epoch 4/30

  10/1506 [..............................] - ETA: 0s - loss: 0.0048 - acc: 1.0000
 290/1506 [====>.........................] - ETA: 0s - loss: 0.0132 - acc: 0.9966
 580/1506 [==========>...................] - ETA: 0s - loss: 0.0092 - acc: 0.9983
 880/1506 [================>.............] - ETA: 0s - loss: 0.0100 - acc: 0.9977
1180/1506 [======================>.......] - ETA: 0s - loss: 0.0114 - acc: 0.9966
1480/1506 [============================>.] - ETA: 0s - loss: 0.0134 - acc: 0.9966
1506/1506 [==============================] - 0s 177us/step - loss: 0.0133 - acc: 0.9967 - val_loss: 0.1322 - val_acc: 0.9569
Epoch 5/30

  10/1506 [..............................] - ETA: 0s - loss: 0.0014 - acc: 1.0000
 310/1506 [=====>........................] - ETA: 0s - loss: 0.0065 - acc: 1.0000
 600/1506 [==========>...................] - ETA: 0s - loss: 0.0093 - acc: 0.9983
 890/1506 [================>.............] - ETA: 0s - loss: 0.0074 - acc: 0.9989
1180/1506 [======================>.......] - ETA: 0s - loss: 0.0088 - acc: 0.9983
1440/1506 [===========================>..] - ETA: 0s - loss: 0.0096 - acc: 0.9979
1506/1506 [==============================] - 0s 181us/step - loss: 0.0093 - acc: 0.9980 - val_loss: 0.1301 - val_acc: 0.9569
acc: 95.69%
Train on 1506 samples, validate on 116 samples
Epoch 1/30

  10/1506 [..............................] - ETA: 2:16 - loss: 0.6601 - acc: 0.6000
 300/1506 [====>.........................] - ETA: 3s - loss: 0.4280 - acc: 0.7967  
 600/1506 [==========>...................] - ETA: 1s - loss: 0.2730 - acc: 0.8733
 880/1506 [================>.............] - ETA: 0s - loss: 0.2251 - acc: 0.9000
1160/1506 [======================>.......] - ETA: 0s - loss: 0.1882 - acc: 0.9190
1440/1506 [===========================>..] - ETA: 0s - loss: 0.1717 - acc: 0.9271
1506/1506 [==============================] - 1s 860us/step - loss: 0.1679 - acc: 0.9290 - val_loss: 0.0866 - val_acc: 0.9741
Epoch 2/30

  10/1506 [..............................] - ETA: 0s - loss: 0.0403 - acc: 1.0000
 290/1506 [====>.........................] - ETA: 0s - loss: 0.0773 - acc: 0.9828
 580/1506 [==========>...................] - ETA: 0s - loss: 0.0567 - acc: 0.9845
 870/1506 [================>.............] - ETA: 0s - loss: 0.0449 - acc: 0.9885
1160/1506 [======================>.......] - ETA: 0s - loss: 0.0454 - acc: 0.9879
1460/1506 [============================>.] - ETA: 0s - loss: 0.0441 - acc: 0.9884
1506/1506 [==============================] - 0s 180us/step - loss: 0.0436 - acc: 0.9887 - val_loss: 0.0819 - val_acc: 0.9655
Epoch 3/30

  10/1506 [..............................] - ETA: 0s - loss: 0.0078 - acc: 1.0000
 290/1506 [====>.........................] - ETA: 0s - loss: 0.0143 - acc: 0.9966
 590/1506 [==========>...................] - ETA: 0s - loss: 0.0264 - acc: 0.9932
 860/1506 [================>.............] - ETA: 0s - loss: 0.0226 - acc: 0.9953
1150/1506 [=====================>........] - ETA: 0s - loss: 0.0227 - acc: 0.9948
1440/1506 [===========================>..] - ETA: 0s - loss: 0.0230 - acc: 0.9951
1506/1506 [==============================] - 0s 183us/step - loss: 0.0222 - acc: 0.9954 - val_loss: 0.0753 - val_acc: 0.9741
acc: 97.41%
Train on 1506 samples, validate on 116 samples
Epoch 1/30

  10/1506 [..............................] - ETA: 2:29 - loss: 0.6498 - acc: 0.7000
 300/1506 [====>.........................] - ETA: 4s - loss: 0.4271 - acc: 0.8267  
 570/1506 [==========>...................] - ETA: 1s - loss: 0.2766 - acc: 0.8947
 850/1506 [===============>..............] - ETA: 0s - loss: 0.2159 - acc: 0.9188
1120/1506 [=====================>........] - ETA: 0s - loss: 0.1916 - acc: 0.9277
1410/1506 [===========================>..] - ETA: 0s - loss: 0.1774 - acc: 0.9333
1506/1506 [==============================] - 1s 929us/step - loss: 0.1720 - acc: 0.9363 - val_loss: 0.0501 - val_acc: 0.9828
Epoch 2/30

  10/1506 [..............................] - ETA: 0s - loss: 0.0420 - acc: 1.0000
 300/1506 [====>.........................] - ETA: 0s - loss: 0.0423 - acc: 0.9867
 590/1506 [==========>...................] - ETA: 0s - loss: 0.0432 - acc: 0.9881
 860/1506 [================>.............] - ETA: 0s - loss: 0.0489 - acc: 0.9860
1150/1506 [=====================>........] - ETA: 0s - loss: 0.0502 - acc: 0.9852
1430/1506 [===========================>..] - ETA: 0s - loss: 0.0478 - acc: 0.9867
1506/1506 [==============================] - 0s 183us/step - loss: 0.0475 - acc: 0.9861 - val_loss: 0.0215 - val_acc: 0.9914
Epoch 3/30

  10/1506 [..............................] - ETA: 0s - loss: 0.0588 - acc: 1.0000
 280/1506 [====>.........................] - ETA: 0s - loss: 0.0329 - acc: 0.9929
 560/1506 [==========>...................] - ETA: 0s - loss: 0.0309 - acc: 0.9946
 830/1506 [===============>..............] - ETA: 0s - loss: 0.0258 - acc: 0.9952
1100/1506 [====================>.........] - ETA: 0s - loss: 0.0213 - acc: 0.9964
1380/1506 [==========================>...] - ETA: 0s - loss: 0.0203 - acc: 0.9971
1506/1506 [==============================] - 0s 189us/step - loss: 0.0193 - acc: 0.9973 - val_loss: 0.0198 - val_acc: 0.9914
Epoch 4/30

  10/1506 [..............................] - ETA: 0s - loss: 0.0117 - acc: 1.0000
 300/1506 [====>.........................] - ETA: 0s - loss: 0.0072 - acc: 0.9967
 590/1506 [==========>...................] - ETA: 0s - loss: 0.0119 - acc: 0.9966
 880/1506 [================>.............] - ETA: 0s - loss: 0.0099 - acc: 0.9977
1170/1506 [======================>.......] - ETA: 0s - loss: 0.0115 - acc: 0.9974
1450/1506 [===========================>..] - ETA: 0s - loss: 0.0120 - acc: 0.9972
1506/1506 [==============================] - 0s 182us/step - loss: 0.0117 - acc: 0.9973 - val_loss: 0.0265 - val_acc: 0.9914
acc: 99.14%
Train on 1506 samples, validate on 116 samples
Epoch 1/30

  10/1506 [..............................] - ETA: 2:44 - loss: 0.7602 - acc: 0.2000
 290/1506 [====>.........................] - ETA: 4s - loss: 0.4925 - acc: 0.7655  
 580/1506 [==========>...................] - ETA: 1s - loss: 0.3159 - acc: 0.8621
 850/1506 [===============>..............] - ETA: 0s - loss: 0.2512 - acc: 0.8929
1120/1506 [=====================>........] - ETA: 0s - loss: 0.2060 - acc: 0.9161
1400/1506 [==========================>...] - ETA: 0s - loss: 0.1847 - acc: 0.9250
1506/1506 [==============================] - 2s 1ms/step - loss: 0.1766 - acc: 0.9290 - val_loss: 0.0665 - val_acc: 0.9741
Epoch 2/30

  10/1506 [..............................] - ETA: 0s - loss: 0.1006 - acc: 0.9000
 280/1506 [====>.........................] - ETA: 0s - loss: 0.0400 - acc: 0.9893
 560/1506 [==========>...................] - ETA: 0s - loss: 0.0392 - acc: 0.9893
 840/1506 [===============>..............] - ETA: 0s - loss: 0.0409 - acc: 0.9881
1120/1506 [=====================>........] - ETA: 0s - loss: 0.0502 - acc: 0.9866
1410/1506 [===========================>..] - ETA: 0s - loss: 0.0454 - acc: 0.9872
1506/1506 [==============================] - 0s 187us/step - loss: 0.0448 - acc: 0.9874 - val_loss: 0.0430 - val_acc: 0.9914
Epoch 3/30

  10/1506 [..............................] - ETA: 0s - loss: 0.0174 - acc: 1.0000
 300/1506 [====>.........................] - ETA: 0s - loss: 0.0109 - acc: 1.0000
 590/1506 [==========>...................] - ETA: 0s - loss: 0.0195 - acc: 0.9966
 850/1506 [===============>..............] - ETA: 0s - loss: 0.0168 - acc: 0.9976
1130/1506 [=====================>........] - ETA: 0s - loss: 0.0184 - acc: 0.9973
1420/1506 [===========================>..] - ETA: 0s - loss: 0.0215 - acc: 0.9965
1506/1506 [==============================] - 0s 185us/step - loss: 0.0222 - acc: 0.9960 - val_loss: 0.0507 - val_acc: 0.9914
Epoch 4/30

  10/1506 [..............................] - ETA: 0s - loss: 0.0127 - acc: 1.0000
 290/1506 [====>.........................] - ETA: 0s - loss: 0.0114 - acc: 0.9966
 580/1506 [==========>...................] - ETA: 0s - loss: 0.0085 - acc: 0.9983
 850/1506 [===============>..............] - ETA: 0s - loss: 0.0132 - acc: 0.9965
1130/1506 [=====================>........] - ETA: 0s - loss: 0.0143 - acc: 0.9947
1400/1506 [==========================>...] - ETA: 0s - loss: 0.0125 - acc: 0.9957
1506/1506 [==============================] - 0s 189us/step - loss: 0.0143 - acc: 0.9954 - val_loss: 0.0625 - val_acc: 0.9741
acc: 99.14%
Train on 1506 samples, validate on 116 samples
Epoch 1/30

  10/1506 [..............................] - ETA: 2:58 - loss: 0.7118 - acc: 0.4000
 290/1506 [====>.........................] - ETA: 5s - loss: 0.5001 - acc: 0.7483  
 580/1506 [==========>...................] - ETA: 2s - loss: 0.3390 - acc: 0.8517
 880/1506 [================>.............] - ETA: 0s - loss: 0.2565 - acc: 0.8932
1170/1506 [======================>.......] - ETA: 0s - loss: 0.2177 - acc: 0.9094
1460/1506 [============================>.] - ETA: 0s - loss: 0.1985 - acc: 0.9212
1506/1506 [==============================] - 2s 1ms/step - loss: 0.1943 - acc: 0.9223 - val_loss: 0.0782 - val_acc: 0.9741
Epoch 2/30

  10/1506 [..............................] - ETA: 0s - loss: 0.0373 - acc: 1.0000
 270/1506 [====>.........................] - ETA: 0s - loss: 0.0548 - acc: 0.9852
 540/1506 [=========>....................] - ETA: 0s - loss: 0.0583 - acc: 0.9833
 820/1506 [===============>..............] - ETA: 0s - loss: 0.0478 - acc: 0.9878
1110/1506 [=====================>........] - ETA: 0s - loss: 0.0458 - acc: 0.9865
1400/1506 [==========================>...] - ETA: 0s - loss: 0.0443 - acc: 0.9879
1506/1506 [==============================] - 0s 186us/step - loss: 0.0428 - acc: 0.9880 - val_loss: 0.0648 - val_acc: 0.9828
Epoch 3/30

  10/1506 [..............................] - ETA: 0s - loss: 0.0153 - acc: 1.0000
 310/1506 [=====>........................] - ETA: 0s - loss: 0.0122 - acc: 1.0000
 590/1506 [==========>...................] - ETA: 0s - loss: 0.0186 - acc: 0.9983
 880/1506 [================>.............] - ETA: 0s - loss: 0.0193 - acc: 0.9977
1160/1506 [======================>.......] - ETA: 0s - loss: 0.0226 - acc: 0.9974
1430/1506 [===========================>..] - ETA: 0s - loss: 0.0208 - acc: 0.9972
1506/1506 [==============================] - 0s 184us/step - loss: 0.0202 - acc: 0.9973 - val_loss: 0.1055 - val_acc: 0.9655
Epoch 4/30

  10/1506 [..............................] - ETA: 0s - loss: 0.0053 - acc: 1.0000
 290/1506 [====>.........................] - ETA: 0s - loss: 0.0067 - acc: 1.0000
 570/1506 [==========>...................] - ETA: 0s - loss: 0.0152 - acc: 0.9965
 850/1506 [===============>..............] - ETA: 0s - loss: 0.0166 - acc: 0.9965
1120/1506 [=====================>........] - ETA: 0s - loss: 0.0140 - acc: 0.9973
1400/1506 [==========================>...] - ETA: 0s - loss: 0.0122 - acc: 0.9979
1506/1506 [==============================] - 0s 188us/step - loss: 0.0117 - acc: 0.9980 - val_loss: 0.0642 - val_acc: 0.9828
acc: 98.28%
Train on 1507 samples, validate on 115 samples
Epoch 1/30

  10/1507 [..............................] - ETA: 3:21 - loss: 0.7035 - acc: 0.4000
 280/1507 [====>.........................] - ETA: 6s - loss: 0.4526 - acc: 0.7821  
 560/1507 [==========>...................] - ETA: 2s - loss: 0.3011 - acc: 0.8661
 840/1507 [===============>..............] - ETA: 1s - loss: 0.2341 - acc: 0.9000
1120/1507 [=====================>........] - ETA: 0s - loss: 0.2108 - acc: 0.9107
1410/1507 [===========================>..] - ETA: 0s - loss: 0.1901 - acc: 0.9206
1507/1507 [==============================] - 2s 1ms/step - loss: 0.1814 - acc: 0.9250 - val_loss: 0.0987 - val_acc: 0.9739
Epoch 2/30

  10/1507 [..............................] - ETA: 0s - loss: 0.0258 - acc: 1.0000
 270/1507 [====>.........................] - ETA: 0s - loss: 0.0548 - acc: 0.9889
 550/1507 [=========>....................] - ETA: 0s - loss: 0.0427 - acc: 0.9909
 840/1507 [===============>..............] - ETA: 0s - loss: 0.0396 - acc: 0.9905
1120/1507 [=====================>........] - ETA: 0s - loss: 0.0365 - acc: 0.9902
1380/1507 [==========================>...] - ETA: 0s - loss: 0.0354 - acc: 0.9899
1507/1507 [==============================] - 0s 190us/step - loss: 0.0366 - acc: 0.9887 - val_loss: 0.0859 - val_acc: 0.9652
Epoch 3/30

  10/1507 [..............................] - ETA: 0s - loss: 0.0029 - acc: 1.0000
 270/1507 [====>.........................] - ETA: 0s - loss: 0.0192 - acc: 0.9963
 530/1507 [=========>....................] - ETA: 0s - loss: 0.0202 - acc: 0.9962
 800/1507 [==============>...............] - ETA: 0s - loss: 0.0166 - acc: 0.9975
1060/1507 [====================>.........] - ETA: 0s - loss: 0.0166 - acc: 0.9972
1310/1507 [=========================>....] - ETA: 0s - loss: 0.0156 - acc: 0.9977
1507/1507 [==============================] - 0s 203us/step - loss: 0.0145 - acc: 0.9980 - val_loss: 0.0785 - val_acc: 0.9652
acc: 97.39%
Train on 1507 samples, validate on 115 samples
Epoch 1/30

  10/1507 [..............................] - ETA: 3:41 - loss: 0.6950 - acc: 0.4000
 250/1507 [===>..........................] - ETA: 7s - loss: 0.4554 - acc: 0.8040  
 520/1507 [=========>....................] - ETA: 2s - loss: 0.2932 - acc: 0.8865
 790/1507 [==============>...............] - ETA: 1s - loss: 0.2139 - acc: 0.9190
1070/1507 [====================>.........] - ETA: 0s - loss: 0.1886 - acc: 0.9299
1330/1507 [=========================>....] - ETA: 0s - loss: 0.1716 - acc: 0.9383
1507/1507 [==============================] - 2s 1ms/step - loss: 0.1606 - acc: 0.9423 - val_loss: 0.0887 - val_acc: 0.9739
Epoch 2/30

  10/1507 [..............................] - ETA: 0s - loss: 0.0213 - acc: 1.0000
 230/1507 [===>..........................] - ETA: 0s - loss: 0.0508 - acc: 0.9913
 460/1507 [========>.....................] - ETA: 0s - loss: 0.0378 - acc: 0.9957
 670/1507 [============>.................] - ETA: 0s - loss: 0.0371 - acc: 0.9925
 910/1507 [=================>............] - ETA: 0s - loss: 0.0439 - acc: 0.9912
1130/1507 [=====================>........] - ETA: 0s - loss: 0.0413 - acc: 0.9912
1400/1507 [==========================>...] - ETA: 0s - loss: 0.0432 - acc: 0.9900
1507/1507 [==============================] - 0s 221us/step - loss: 0.0440 - acc: 0.9894 - val_loss: 0.0878 - val_acc: 0.9913
Epoch 3/30

  10/1507 [..............................] - ETA: 0s - loss: 0.0149 - acc: 1.0000
 280/1507 [====>.........................] - ETA: 0s - loss: 0.0382 - acc: 0.9929
 560/1507 [==========>...................] - ETA: 0s - loss: 0.0287 - acc: 0.9929
 840/1507 [===============>..............] - ETA: 0s - loss: 0.0288 - acc: 0.9940
1110/1507 [=====================>........] - ETA: 0s - loss: 0.0250 - acc: 0.9955
1380/1507 [==========================>...] - ETA: 0s - loss: 0.0225 - acc: 0.9964
1507/1507 [==============================] - 0s 190us/step - loss: 0.0219 - acc: 0.9960 - val_loss: 0.0622 - val_acc: 0.9913
Epoch 4/30

  10/1507 [..............................] - ETA: 0s - loss: 0.0045 - acc: 1.0000
 290/1507 [====>.........................] - ETA: 0s - loss: 0.0081 - acc: 1.0000
 560/1507 [==========>...................] - ETA: 0s - loss: 0.0059 - acc: 1.0000
 840/1507 [===============>..............] - ETA: 0s - loss: 0.0097 - acc: 0.9988
1120/1507 [=====================>........] - ETA: 0s - loss: 0.0083 - acc: 0.9991
1390/1507 [==========================>...] - ETA: 0s - loss: 0.0112 - acc: 0.9978
1507/1507 [==============================] - 0s 189us/step - loss: 0.0115 - acc: 0.9980 - val_loss: 0.0808 - val_acc: 0.9913
acc: 99.13%
Train on 1507 samples, validate on 115 samples
Epoch 1/30

  10/1507 [..............................] - ETA: 3:52 - loss: 0.7131 - acc: 0.4000
 290/1507 [====>.........................] - ETA: 6s - loss: 0.4480 - acc: 0.7793  
 570/1507 [==========>...................] - ETA: 2s - loss: 0.3199 - acc: 0.8544
 850/1507 [===============>..............] - ETA: 1s - loss: 0.2410 - acc: 0.8953
1130/1507 [=====================>........] - ETA: 0s - loss: 0.1992 - acc: 0.9142
1420/1507 [===========================>..] - ETA: 0s - loss: 0.1864 - acc: 0.9211
1507/1507 [==============================] - 2s 1ms/step - loss: 0.1797 - acc: 0.9244 - val_loss: 0.0886 - val_acc: 0.9739
Epoch 2/30

  10/1507 [..............................] - ETA: 0s - loss: 0.0353 - acc: 1.0000
 270/1507 [====>.........................] - ETA: 0s - loss: 0.0622 - acc: 0.9815
 540/1507 [=========>....................] - ETA: 0s - loss: 0.0568 - acc: 0.9833
 820/1507 [===============>..............] - ETA: 0s - loss: 0.0506 - acc: 0.9854
1100/1507 [====================>.........] - ETA: 0s - loss: 0.0477 - acc: 0.9864
1390/1507 [==========================>...] - ETA: 0s - loss: 0.0472 - acc: 0.9871
1507/1507 [==============================] - 0s 190us/step - loss: 0.0448 - acc: 0.9881 - val_loss: 0.0376 - val_acc: 0.9913
Epoch 3/30

  10/1507 [..............................] - ETA: 0s - loss: 0.0986 - acc: 1.0000
 290/1507 [====>.........................] - ETA: 0s - loss: 0.0174 - acc: 0.9931
 560/1507 [==========>...................] - ETA: 0s - loss: 0.0206 - acc: 0.9946
 830/1507 [===============>..............] - ETA: 0s - loss: 0.0198 - acc: 0.9952
1100/1507 [====================>.........] - ETA: 0s - loss: 0.0208 - acc: 0.9945
1360/1507 [==========================>...] - ETA: 0s - loss: 0.0224 - acc: 0.9949
1507/1507 [==============================] - 0s 194us/step - loss: 0.0233 - acc: 0.9947 - val_loss: 0.0261 - val_acc: 0.9913
Epoch 4/30

  10/1507 [..............................] - ETA: 0s - loss: 0.0027 - acc: 1.0000
 270/1507 [====>.........................] - ETA: 0s - loss: 0.0111 - acc: 0.9963
 510/1507 [=========>....................] - ETA: 0s - loss: 0.0094 - acc: 0.9980
 770/1507 [==============>...............] - ETA: 0s - loss: 0.0099 - acc: 0.9987
1040/1507 [===================>..........] - ETA: 0s - loss: 0.0117 - acc: 0.9981
1310/1507 [=========================>....] - ETA: 0s - loss: 0.0135 - acc: 0.9969
1507/1507 [==============================] - 0s 199us/step - loss: 0.0127 - acc: 0.9973 - val_loss: 0.0241 - val_acc: 0.9913
acc: 99.13%
Train on 1507 samples, validate on 115 samples
Epoch 1/30

  10/1507 [..............................] - ETA: 4:12 - loss: 0.6584 - acc: 0.5000
 270/1507 [====>.........................] - ETA: 7s - loss: 0.4494 - acc: 0.7889  
 540/1507 [=========>....................] - ETA: 3s - loss: 0.2982 - acc: 0.8741
 810/1507 [===============>..............] - ETA: 1s - loss: 0.2284 - acc: 0.9099
1080/1507 [====================>.........] - ETA: 0s - loss: 0.2139 - acc: 0.9167
1350/1507 [=========================>....] - ETA: 0s - loss: 0.1859 - acc: 0.9296
1507/1507 [==============================] - 2s 1ms/step - loss: 0.1758 - acc: 0.9343 - val_loss: 0.0468 - val_acc: 0.9913
Epoch 2/30

  10/1507 [..............................] - ETA: 0s - loss: 0.2086 - acc: 0.8000
 260/1507 [====>.........................] - ETA: 0s - loss: 0.0592 - acc: 0.9731
 520/1507 [=========>....................] - ETA: 0s - loss: 0.0460 - acc: 0.9808
 770/1507 [==============>...............] - ETA: 0s - loss: 0.0386 - acc: 0.9857
1040/1507 [===================>..........] - ETA: 0s - loss: 0.0390 - acc: 0.9865
1310/1507 [=========================>....] - ETA: 0s - loss: 0.0443 - acc: 0.9855
1507/1507 [==============================] - 0s 200us/step - loss: 0.0426 - acc: 0.9861 - val_loss: 0.0368 - val_acc: 0.9913
Epoch 3/30

  10/1507 [..............................] - ETA: 0s - loss: 0.0107 - acc: 1.0000
 280/1507 [====>.........................] - ETA: 0s - loss: 0.0130 - acc: 1.0000
 530/1507 [=========>....................] - ETA: 0s - loss: 0.0130 - acc: 0.9981
 760/1507 [==============>...............] - ETA: 0s - loss: 0.0229 - acc: 0.9934
1030/1507 [===================>..........] - ETA: 0s - loss: 0.0241 - acc: 0.9942
1290/1507 [========================>.....] - ETA: 0s - loss: 0.0219 - acc: 0.9953
1507/1507 [==============================] - 0s 202us/step - loss: 0.0215 - acc: 0.9947 - val_loss: 0.0280 - val_acc: 0.9913
acc: 99.13%
Train on 1507 samples, validate on 115 samples
Epoch 1/30

  10/1507 [..............................] - ETA: 4:57 - loss: 0.7164 - acc: 0.5000
 260/1507 [====>.........................] - ETA: 9s - loss: 0.4023 - acc: 0.8115  
 530/1507 [=========>....................] - ETA: 3s - loss: 0.2674 - acc: 0.8943
 810/1507 [===============>..............] - ETA: 1s - loss: 0.2133 - acc: 0.9198
1090/1507 [====================>.........] - ETA: 0s - loss: 0.1861 - acc: 0.9294
1360/1507 [==========================>...] - ETA: 0s - loss: 0.1643 - acc: 0.9390
1507/1507 [==============================] - 2s 2ms/step - loss: 0.1595 - acc: 0.9416 - val_loss: 0.0639 - val_acc: 0.9739
Epoch 2/30

  10/1507 [..............................] - ETA: 0s - loss: 0.0176 - acc: 1.0000
 270/1507 [====>.........................] - ETA: 0s - loss: 0.0508 - acc: 0.9852
 510/1507 [=========>....................] - ETA: 0s - loss: 0.0698 - acc: 0.9765
 780/1507 [==============>...............] - ETA: 0s - loss: 0.0579 - acc: 0.9821
1050/1507 [===================>..........] - ETA: 0s - loss: 0.0511 - acc: 0.9857
1320/1507 [=========================>....] - ETA: 0s - loss: 0.0479 - acc: 0.9864
1507/1507 [==============================] - 0s 199us/step - loss: 0.0444 - acc: 0.9881 - val_loss: 0.0342 - val_acc: 0.9913
Epoch 3/30

  10/1507 [..............................] - ETA: 0s - loss: 0.0181 - acc: 1.0000
 290/1507 [====>.........................] - ETA: 0s - loss: 0.0184 - acc: 0.9966
 540/1507 [=========>....................] - ETA: 0s - loss: 0.0173 - acc: 0.9963
 790/1507 [==============>...............] - ETA: 0s - loss: 0.0155 - acc: 0.9962
1060/1507 [====================>.........] - ETA: 0s - loss: 0.0131 - acc: 0.9972
1330/1507 [=========================>....] - ETA: 0s - loss: 0.0181 - acc: 0.9955
1507/1507 [==============================] - 0s 199us/step - loss: 0.0173 - acc: 0.9960 - val_loss: 0.0184 - val_acc: 0.9913
Epoch 4/30

  10/1507 [..............................] - ETA: 0s - loss: 0.0109 - acc: 1.0000
 280/1507 [====>.........................] - ETA: 0s - loss: 0.0057 - acc: 1.0000
 540/1507 [=========>....................] - ETA: 0s - loss: 0.0055 - acc: 1.0000
 800/1507 [==============>...............] - ETA: 0s - loss: 0.0049 - acc: 1.0000
1070/1507 [====================>.........] - ETA: 0s - loss: 0.0065 - acc: 0.9991
1340/1507 [=========================>....] - ETA: 0s - loss: 0.0087 - acc: 0.9985
1507/1507 [==============================] - 0s 196us/step - loss: 0.0095 - acc: 0.9980 - val_loss: 0.0379 - val_acc: 0.9826
acc: 99.13%
Accuracy: 98.34% (+/- 1.10%)
