Train on 810 samples, validate on 812 samples
Epoch 1/30

 20/810 [..............................] - ETA: 17s - loss: 0.7043 - acc: 0.4000
620/810 [=====================>........] - ETA: 0s - loss: 0.2701 - acc: 0.8887 
810/810 [==============================] - 1s 705us/step - loss: 0.2403 - acc: 0.9012 - val_loss: 0.1722 - val_acc: 0.9310
Epoch 2/30

 20/810 [..............................] - ETA: 0s - loss: 0.1543 - acc: 0.9000
640/810 [======================>.......] - ETA: 0s - loss: 0.0533 - acc: 0.9844
810/810 [==============================] - 0s 104us/step - loss: 0.0635 - acc: 0.9827 - val_loss: 0.1429 - val_acc: 0.9495
Epoch 3/30

 20/810 [..............................] - ETA: 0s - loss: 0.0231 - acc: 1.0000
660/810 [=======================>......] - ETA: 0s - loss: 0.0473 - acc: 0.9818
810/810 [==============================] - 0s 99us/step - loss: 0.0481 - acc: 0.9802 - val_loss: 0.1622 - val_acc: 0.9495
Epoch 4/30

 20/810 [..............................] - ETA: 0s - loss: 0.0080 - acc: 1.0000
620/810 [=====================>........] - ETA: 0s - loss: 0.0318 - acc: 0.9919
810/810 [==============================] - 0s 104us/step - loss: 0.0308 - acc: 0.9926 - val_loss: 0.1384 - val_acc: 0.9520
Epoch 5/30

 20/810 [..............................] - ETA: 0s - loss: 0.1056 - acc: 0.9500
640/810 [======================>.......] - ETA: 0s - loss: 0.0202 - acc: 0.9953
810/810 [==============================] - 0s 101us/step - loss: 0.0236 - acc: 0.9926 - val_loss: 0.1489 - val_acc: 0.9520
Epoch 6/30

 20/810 [..............................] - ETA: 0s - loss: 0.0074 - acc: 1.0000
620/810 [=====================>........] - ETA: 0s - loss: 0.0185 - acc: 0.9968
810/810 [==============================] - 0s 106us/step - loss: 0.0267 - acc: 0.9951 - val_loss: 0.1545 - val_acc: 0.9433
Epoch 7/30

 20/810 [..............................] - ETA: 0s - loss: 8.4968e-04 - acc: 1.0000
560/810 [===================>..........] - ETA: 0s - loss: 0.0259 - acc: 0.9946    
810/810 [==============================] - 0s 113us/step - loss: 0.0204 - acc: 0.9963 - val_loss: 0.1511 - val_acc: 0.9507
Epoch 8/30

 20/810 [..............................] - ETA: 0s - loss: 0.0062 - acc: 1.0000
640/810 [======================>.......] - ETA: 0s - loss: 0.0251 - acc: 0.9937
810/810 [==============================] - 0s 104us/step - loss: 0.0212 - acc: 0.9951 - val_loss: 0.1369 - val_acc: 0.9483
Epoch 9/30

 20/810 [..............................] - ETA: 0s - loss: 0.0081 - acc: 1.0000
640/810 [======================>.......] - ETA: 0s - loss: 0.0182 - acc: 0.9953
810/810 [==============================] - 0s 104us/step - loss: 0.0176 - acc: 0.9951 - val_loss: 0.1305 - val_acc: 0.9544
Epoch 10/30

 20/810 [..............................] - ETA: 0s - loss: 0.0026 - acc: 1.0000
560/810 [===================>..........] - ETA: 0s - loss: 0.0078 - acc: 0.9964
810/810 [==============================] - 0s 109us/step - loss: 0.0135 - acc: 0.9963 - val_loss: 0.1281 - val_acc: 0.9618
Epoch 11/30

 20/810 [..............................] - ETA: 0s - loss: 0.0063 - acc: 1.0000
660/810 [=======================>......] - ETA: 0s - loss: 0.0055 - acc: 1.0000
810/810 [==============================] - 0s 103us/step - loss: 0.0115 - acc: 0.9975 - val_loss: 0.1276 - val_acc: 0.9618
Epoch 12/30

 20/810 [..............................] - ETA: 0s - loss: 0.0018 - acc: 1.0000
620/810 [=====================>........] - ETA: 0s - loss: 0.0112 - acc: 0.9968
810/810 [==============================] - 0s 104us/step - loss: 0.0094 - acc: 0.9975 - val_loss: 0.1419 - val_acc: 0.9606
Epoch 13/30

 20/810 [..............................] - ETA: 0s - loss: 0.0059 - acc: 1.0000
520/810 [==================>...........] - ETA: 0s - loss: 0.0064 - acc: 0.9981
810/810 [==============================] - 0s 118us/step - loss: 0.0089 - acc: 0.9975 - val_loss: 0.1405 - val_acc: 0.9544
Epoch 14/30

 20/810 [..............................] - ETA: 0s - loss: 0.0022 - acc: 1.0000
620/810 [=====================>........] - ETA: 0s - loss: 0.0086 - acc: 0.9968
810/810 [==============================] - 0s 106us/step - loss: 0.0075 - acc: 0.9975 - val_loss: 0.1406 - val_acc: 0.9569
Epoch 15/30

 20/810 [..............................] - ETA: 0s - loss: 0.0048 - acc: 1.0000
620/810 [=====================>........] - ETA: 0s - loss: 0.0057 - acc: 0.9968
810/810 [==============================] - 0s 112us/step - loss: 0.0048 - acc: 0.9975 - val_loss: 0.1493 - val_acc: 0.9532
Epoch 16/30

 20/810 [..............................] - ETA: 0s - loss: 0.0366 - acc: 0.9500
620/810 [=====================>........] - ETA: 0s - loss: 0.0052 - acc: 0.9984
810/810 [==============================] - 0s 109us/step - loss: 0.0042 - acc: 0.9988 - val_loss: 0.1485 - val_acc: 0.9594
Epoch 17/30

 20/810 [..............................] - ETA: 0s - loss: 0.0013 - acc: 1.0000
620/810 [=====================>........] - ETA: 0s - loss: 0.0041 - acc: 0.9968
810/810 [==============================] - 0s 111us/step - loss: 0.0034 - acc: 0.9975 - val_loss: 0.1468 - val_acc: 0.9594
Epoch 18/30

 20/810 [..............................] - ETA: 0s - loss: 0.0266 - acc: 1.0000
600/810 [=====================>........] - ETA: 0s - loss: 0.0037 - acc: 1.0000
810/810 [==============================] - 0s 118us/step - loss: 0.0031 - acc: 1.0000 - val_loss: 0.1472 - val_acc: 0.9581
Epoch 19/30

 20/810 [..............................] - ETA: 0s - loss: 2.3327e-04 - acc: 1.0000
640/810 [======================>.......] - ETA: 0s - loss: 0.0018 - acc: 1.0000    
810/810 [==============================] - 0s 103us/step - loss: 0.0022 - acc: 1.0000 - val_loss: 0.1507 - val_acc: 0.9581
acc: 96.18%
Train on 812 samples, validate on 810 samples
Epoch 1/30

 20/812 [..............................] - ETA: 19s - loss: 0.6839 - acc: 0.6500
640/812 [======================>.......] - ETA: 0s - loss: 0.3123 - acc: 0.8719 
812/812 [==============================] - 1s 788us/step - loss: 0.2641 - acc: 0.8916 - val_loss: 0.1135 - val_acc: 0.9593
Epoch 2/30

 20/812 [..............................] - ETA: 0s - loss: 0.1321 - acc: 0.9500
600/812 [=====================>........] - ETA: 0s - loss: 0.0853 - acc: 0.9667
812/812 [==============================] - 0s 110us/step - loss: 0.0866 - acc: 0.9680 - val_loss: 0.0951 - val_acc: 0.9679
Epoch 3/30

 20/812 [..............................] - ETA: 0s - loss: 0.0234 - acc: 1.0000
620/812 [=====================>........] - ETA: 0s - loss: 0.0531 - acc: 0.9806
812/812 [==============================] - 0s 106us/step - loss: 0.0597 - acc: 0.9754 - val_loss: 0.1004 - val_acc: 0.9728
Epoch 4/30

 20/812 [..............................] - ETA: 0s - loss: 0.0720 - acc: 1.0000
640/812 [======================>.......] - ETA: 0s - loss: 0.0407 - acc: 0.9875
812/812 [==============================] - 0s 106us/step - loss: 0.0440 - acc: 0.9865 - val_loss: 0.0859 - val_acc: 0.9741
Epoch 5/30

 20/812 [..............................] - ETA: 0s - loss: 0.0081 - acc: 1.0000
620/812 [=====================>........] - ETA: 0s - loss: 0.0325 - acc: 0.9919
812/812 [==============================] - 0s 107us/step - loss: 0.0332 - acc: 0.9914 - val_loss: 0.0749 - val_acc: 0.9815
Epoch 6/30

 20/812 [..............................] - ETA: 0s - loss: 0.0187 - acc: 1.0000
600/812 [=====================>........] - ETA: 0s - loss: 0.0318 - acc: 0.9933
812/812 [==============================] - 0s 107us/step - loss: 0.0373 - acc: 0.9914 - val_loss: 0.0814 - val_acc: 0.9728
Epoch 7/30

 20/812 [..............................] - ETA: 0s - loss: 0.0048 - acc: 1.0000
660/812 [=======================>......] - ETA: 0s - loss: 0.0361 - acc: 0.9894
812/812 [==============================] - 0s 101us/step - loss: 0.0383 - acc: 0.9865 - val_loss: 0.0783 - val_acc: 0.9765
Epoch 8/30

 20/812 [..............................] - ETA: 0s - loss: 0.0028 - acc: 1.0000
660/812 [=======================>......] - ETA: 0s - loss: 0.0327 - acc: 0.9924
812/812 [==============================] - 0s 102us/step - loss: 0.0338 - acc: 0.9926 - val_loss: 0.0933 - val_acc: 0.9728
Epoch 9/30

 20/812 [..............................] - ETA: 0s - loss: 0.0077 - acc: 1.0000
660/812 [=======================>......] - ETA: 0s - loss: 0.0333 - acc: 0.9939
812/812 [==============================] - 0s 103us/step - loss: 0.0312 - acc: 0.9938 - val_loss: 0.1029 - val_acc: 0.9728
Epoch 10/30

 20/812 [..............................] - ETA: 0s - loss: 0.0037 - acc: 1.0000
600/812 [=====================>........] - ETA: 0s - loss: 0.0216 - acc: 0.9950
812/812 [==============================] - 0s 108us/step - loss: 0.0193 - acc: 0.9951 - val_loss: 0.0889 - val_acc: 0.9728
Epoch 11/30

 20/812 [..............................] - ETA: 0s - loss: 0.0051 - acc: 1.0000
580/812 [====================>.........] - ETA: 0s - loss: 0.0091 - acc: 0.9966
812/812 [==============================] - 0s 111us/step - loss: 0.0135 - acc: 0.9951 - val_loss: 0.1038 - val_acc: 0.9728
Epoch 12/30

 20/812 [..............................] - ETA: 0s - loss: 0.0074 - acc: 1.0000
640/812 [======================>.......] - ETA: 0s - loss: 0.0111 - acc: 0.9953
812/812 [==============================] - 0s 108us/step - loss: 0.0144 - acc: 0.9951 - val_loss: 0.1143 - val_acc: 0.9716
Epoch 13/30

 20/812 [..............................] - ETA: 0s - loss: 0.0024 - acc: 1.0000
620/812 [=====================>........] - ETA: 0s - loss: 0.0139 - acc: 0.9968
812/812 [==============================] - 0s 108us/step - loss: 0.0118 - acc: 0.9975 - val_loss: 0.1170 - val_acc: 0.9654
acc: 98.15%
Accuracy: 97.17% (+/- 0.98%)
